0
Empty
Error
Error
Error
True
Error
False
Error
Error
1837
2
2
1837 9548 3131
False
1837 9548 3131 7197
Error
5
Error
5
Error
False
Error
8890 7197 3131 9548 1837
Error
Error
3131
Error
Error
Error
6
False
Error
3372 1837 9548 3131 7197 8890
Error
Error
6
Error
False
Error
False
Error
3131
3131
7
4187 8890 7197 3131 9548 1837 3372 7621
Error
Error
4187 8890 7197 3131 9548 1837 3372 7621
Error
Error
7621 3372 1837 9548 3131 7197 8890 4187
8
Error
8
False
9548
9548
Error
9548
7621 3372 1837 9548 3131 7197 8890 4187 9954
Error
Error
False
False
Error
9
Error
3131
Error
Error
10
False
Error
Error
Error
False
Error
7621 3372 1837 9548 3131 7197 8890 4187 9954 6075
Error
Error
7197
Error
Error
False
14
14
Error
7621 3372 1837 9548 3131 7197 8890 4187 9954 6075 6396 4216 6122 4115
8890
8890
Error
False
False
18
Error
Error
5934 7788 7621 3372 1837 9548 3131 7197 8890 4187 9954 6075 6396 4216 6122 4115 5344 8404
Error
False
Error
5934 7788 7621 3372 1837 9548 3131 7197 8890 4187 9954 6075 6396 4216 6122 4115 5344 8404 1211 7413
Error
9954
Error
Error
22
22
Error
23
4971 6587 7498 7413 1211 8404 5344 4115 6122 4216 6396 6075 9954 4187 8890 7197 3131 9548 1837 3372 7621 7788 5934
6075
False
23
Error
23
Error
Error
Error
Error
Error
25
Error
26
False
Error
Error
False
5172 2056 8892 5934 7788 7621 3372 1837 9548 3131 7197 8890 4187 9954 6075 6396 4216 6122 4115 5344 8404 1211 7413 7498 6587 4971
False
False
Error
5172 2056 8892 5934 7788 7621 3372 1837 9548 3131 7197 8890 4187 9954 6075 6396 4216 6122 4115 5344 8404 1211 7413 7498 6587 4971 5727 5974 166 7555
Error
False
5172 2056 8892 5934 7788 7621 3372 1837 9548 3131 7197 8890 4187 9954 6075 6396 4216 6122 4115 5344 8404 1211 7413 7498 6587 4971 5727 5974 166 7555
5172 2056 8892 5934 7788 7621 3372 1837 9548 3131 7197 8890 4187 9954 6075 6396 4216 6122 4115 5344 8404 1211 7413 7498 6587 4971 5727 5974 166 7555
False
False
False
5172 2056 8892 5934 7788 7621 3372 1837 9548 3131 7197 8890 4187 9954 6075 6396 4216 6122 4115 5344 8404 1211 7413 7498 6587 4971 5727 5974 166 7555 8810 4863
Error
Error
32
False
5172 2056 8892 5934 7788 7621 3372 1837 9548 3131 7197 8890 4187 9954 6075 6396 4216 6122 4115 5344 8404 1211 7413 7498 6587 4971 5727 5974 166 7555 8810 4863 7891
5172 2056 8892 5934 7788 7621 3372 1837 9548 3131 7197 8890 4187 9954 6075 6396 4216 6122 4115 5344 8404 1211 7413 7498 6587 4971 5727 5974 166 7555 8810 4863 7891
4216
6122
Error
Error
Error
35
Error
Error
Error
Error
Error
Error
False
Error
Error
Error
42
Error
Error
Error
False
Error
43
7606 5303 4975 9756 8802 3002 8469 8125 2858 6912 7891 4863 8810 7555 166 5974 5727 4971 6587 7498 7413 1211 8404 5344 4115 6122 4216 6396 6075 9954 4187 8890 7197 3131 9548 1837 3372 7621 7788 5934 8892 2056 5172
43
Error
1211
43
False
7606 5303 4975 9756 8802 3002 8469 8125 2858 6912 7891 4863 8810 7555 166 5974 5727 4971 6587 7498 7413 1211 8404 5344 4115 6122 4216 6396 6075 9954 4187 8890 7197 3131 9548 1837 3372 7621 7788 5934 8892 2056 5172 4487
Error
Error
7606 5303 4975 9756 8802 3002 8469 8125 2858 6912 7891 4863 8810 7555 166 5974 5727 4971 6587 7498 7413 1211 8404 5344 4115 6122 4216 6396 6075 9954 4187 8890 7197 3131 9548 1837 3372 7621 7788 5934 8892 2056 5172 4487
Error
1211
Error
7606 5303 4975 9756 8802 3002 8469 8125 2858 6912 7891 4863 8810 7555 166 5974 5727 4971 6587 7498 7413 1211 8404 5344 4115 6122 4216 6396 6075 9954 4187 8890 7197 3131 9548 1837 3372 7621 7788 5934 8892 2056 5172 4487
Error
44
Error
Error
Error
Error
Error
Error
7606 5303 4975 9756 8802 3002 8469 8125 2858 6912 7891 4863 8810 7555 166 5974 5727 4971 6587 7498 7413 1211 8404 5344 4115 6122 4216 6396 6075 9954 4187 8890 7197 3131 9548 1837 3372 7621 7788 5934 8892 2056 5172 4487 6434
Error
False
Error
Error
8404
8404
Error
46
False
False
Error
7606 5303 4975 9756 8802 3002 8469 8125 2858 6912 7891 4863 8810 7555 166 5974 5727 4971 6587 7498 7413 1211 8404 5344 4115 6122 4216 6396 6075 9954 4187 8890 7197 3131 9548 1837 3372 7621 7788 5934 8892 2056 5172 4487 6434 1035 3189
7606 5303 4975 9756 8802 3002 8469 8125 2858 6912 7891 4863 8810 7555 166 5974 5727 4971 6587 7498 7413 1211 8404 5344 4115 6122 4216 6396 6075 9954 4187 8890 7197 3131 9548 1837 3372 7621 7788 5934 8892 2056 5172 4487 6434 1035 3189
Error
Error
49
7606 5303 4975 9756 8802 3002 8469 8125 2858 6912 7891 4863 8810 7555 166 5974 5727 4971 6587 7498 7413 1211 8404 5344 4115 6122 4216 6396 6075 9954 4187 8890 7197 3131 9548 1837 3372 7621 7788 5934 8892 2056 5172 4487 6434 1035 3189 3073 7415
Error
50
50
False
2236 7415 3073 3189 1035 6434 4487 5172 2056 8892 5934 7788 7621 3372 1837 9548 3131 7197 8890 4187 9954 6075 6396 4216 6122 4115 5344 8404 1211 7413 7498 6587 4971 5727 5974 166 7555 8810 4863 7891 6912 2858 8125 8469 3002 8802 9756 4975 5303 7606
Error
Error
7606 5303 4975 9756 8802 3002 8469 8125 2858 6912 7891 4863 8810 7555 166 5974 5727 4971 6587 7498 7413 1211 8404 5344 4115 6122 4216 6396 6075 9954 4187 8890 7197 3131 9548 1837 3372 7621 7788 5934 8892 2056 5172 4487 6434 1035 3189 3073 7415 2236
False
4115
Error
Error
Error
51
Error
51
Error
Error
Error
Error
4115
Error
Error
4115
Error
Error
False
52
Error
Error
52
Error
False
Error
5658 2236 7415 3073 3189 1035 6434 4487 5172 2056 8892 5934 7788 7621 3372 1837 9548 3131 7197 8890 4187 9954 6075 6396 4216 6122 4115 5344 8404 1211 7413 7498 6587 4971 5727 5974 166 7555 8810 4863 7891 6912 2858 8125 8469 3002 8802 9756 4975 5303 7606 725 2654
9211 2654 725 7606 5303 4975 9756 8802 3002 8469 8125 2858 6912 7891 4863 8810 7555 166 5974 5727 4971 6587 7498 7413 1211 8404 5344 4115 6122 4216 6396 6075 9954 4187 8890 7197 3131 9548 1837 3372 7621 7788 5934 8892 2056 5172 4487 6434 1035 3189 3073 7415 2236 5658
Error
4115
Error
Error
55
7453 5658 2236 7415 3073 3189 1035 6434 4487 5172 2056 8892 5934 7788 7621 3372 1837 9548 3131 7197 8890 4187 9954 6075 6396 4216 6122 4115 5344 8404 1211 7413 7498 6587 4971 5727 5974 166 7555 8810 4863 7891 6912 2858 8125 8469 3002 8802 9756 4975 5303 7606 725 2654 9211
False
Error
7453 5658 2236 7415 3073 3189 1035 6434 4487 5172 2056 8892 5934 7788 7621 3372 1837 9548 3131 7197 8890 4187 9954 6075 6396 4216 6122 4115 5344 8404 1211 7413 7498 6587 4971 5727 5974 166 7555 8810 4863 7891 6912 2858 8125 8469 3002 8802 9756 4975 5303 7606 725 2654 9211
7453 5658 2236 7415 3073 3189 1035 6434 4487 5172 2056 8892 5934 7788 7621 3372 1837 9548 3131 7197 8890 4187 9954 6075 6396 4216 6122 4115 5344 8404 1211 7413 7498 6587 4971 5727 5974 166 7555 8810 4863 7891 6912 2858 8125 8469 3002 8802 9756 4975 5303 7606 725 2654 9211 3803
Error
7453 5658 2236 7415 3073 3189 1035 6434 4487 5172 2056 8892 5934 7788 7621 3372 1837 9548 3131 7197 8890 4187 9954 6075 6396 4216 6122 4115 5344 8404 1211 7413 7498 6587 4971 5727 5974 166 7555 8810 4863 7891 6912 2858 8125 8469 3002 8802 9756 4975 5303 7606 725 2654 9211 3803
Error
Error
Error
False
58
58
Error
False
False
Error
Error
59
Error
5952 3766 9597 3803 9211 2654 725 7606 5303 4975 9756 8802 3002 8469 8125 2858 6912 7891 4863 8810 7555 166 5974 5727 4971 6587 7498 7413 1211 8404 5344 4115 6122 4216 6396 6075 9954 4187 8890 7197 3131 9548 1837 3372 7621 7788 5934 8892 2056 5172 4487 6434 1035 3189 3073 7415 2236 5658 7453
8404
Error
False
False
Error
False
5952 3766 9597 3803 9211 2654 725 7606 5303 4975 9756 8802 3002 8469 8125 2858 6912 7891 4863 8810 7555 166 5974 5727 4971 6587 7498 7413 1211 8404 5344 4115 6122 4216 6396 6075 9954 4187 8890 7197 3131 9548 1837 3372 7621 7788 5934 8892 2056 5172 4487 6434 1035 3189 3073 7415 2236 5658 7453 3141 4716
Error
Error
Error
Error
Error
Error
Error
5344
64
2846 7138 4716 3141 7453 5658 2236 7415 3073 3189 1035 6434 4487 5172 2056 8892 5934 7788 7621 3372 1837 9548 3131 7197 8890 4187 9954 6075 6396 4216 6122 4115 5344 8404 1211 7413 7498 6587 4971 5727 5974 166 7555 8810 4863 7891 6912 2858 8125 8469 3002 8802 9756 4975 5303 7606 725 2654 9211 3803 9597 3766 5952 5798
Error
Error
Error
2846 7138 4716 3141 7453 5658 2236 7415 3073 3189 1035 6434 4487 5172 2056 8892 5934 7788 7621 3372 1837 9548 3131 7197 8890 4187 9954 6075 6396 4216 6122 4115 5344 8404 1211 7413 7498 6587 4971 5727 5974 166 7555 8810 4863 7891 6912 2858 8125 8469 3002 8802 9756 4975 5303 7606 725 2654 9211 3803 9597 3766 5952 5798
2846 7138 4716 3141 7453 5658 2236 7415 3073 3189 1035 6434 4487 5172 2056 8892 5934 7788 7621 3372 1837 9548 3131 7197 8890 4187 9954 6075 6396 4216 6122 4115 5344 8404 1211 7413 7498 6587 4971 5727 5974 166 7555 8810 4863 7891 6912 2858 8125 8469 3002 8802 9756 4975 5303 7606 725 2654 9211 3803 9597 3766 5952 5798
Error
2846 7138 4716 3141 7453 5658 2236 7415 3073 3189 1035 6434 4487 5172 2056 8892 5934 7788 7621 3372 1837 9548 3131 7197 8890 4187 9954 6075 6396 4216 6122 4115 5344 8404 1211 7413 7498 6587 4971 5727 5974 166 7555 8810 4863 7891 6912 2858 8125 8469 3002 8802 9756 4975 5303 7606 725 2654 9211 3803 9597 3766 5952 5798 7482 4362 504
67
Error
Error
67
Error
Error
Error
Error
False
7413
70
False
Error
7413
Error
Error
Error
Error
Error
False
73
Error
Error
False
False
Error
8404
8404
80
False
Error
Error
5344
5344
9714 4887 6228 2650 1799 504 4362 7482 5798 5952 3766 9597 3803 9211 2654 725 7606 5303 4975 9756 8802 3002 8469 8125 2858 6912 7891 4863 8810 7555 166 5974 5727 4971 6587 7498 7413 1211 8404 5344 4115 6122 4216 6396 6075 9954 4187 8890 7197 3131 9548 1837 3372 7621 7788 5934 8892 2056 5172 4487 6434 1035 3189 3073 7415 2236 5658 7453 3141 4716 7138 2846 829 9807 2717 9357 4387 1827 5201 2547
Error
False
4115
2547 5201 1827 4387 9357 2717 9807 829 2846 7138 4716 3141 7453 5658 2236 7415 3073 3189 1035 6434 4487 5172 2056 8892 5934 7788 7621 3372 1837 9548 3131 7197 8890 4187 9954 6075 6396 4216 6122 4115 5344 8404 1211 7413 7498 6587 4971 5727 5974 166 7555 8810 4863 7891 6912 2858 8125 8469 3002 8802 9756 4975 5303 7606 725 2654 9211 3803 9597 3766 5952 5798 7482 4362 504 1799 2650 6228 4887 9714 4121
False
Error
Error
5344
81
5344
False
Error
82
Error
807 9966 5913 2547 5201 1827 4387 9357 2717 9807 829 2846 7138 4716 3141 7453 5658 2236 7415 3073 3189 1035 6434 4487 5172 2056 8892 5934 7788 7621 3372 1837 9548 3131 7197 8890 4187 9954 6075 6396 4216 6122 4115 5344 8404 1211 7413 7498 6587 4971 5727 5974 166 7555 8810 4863 7891 6912 2858 8125 8469 3002 8802 9756 4975 5303 7606 725 2654 9211 3803 9597 3766 5952 5798 7482 4362 504 1799 2650 6228 4887 9714 4121
Error
807 9966 5913 2547 5201 1827 4387 9357 2717 9807 829 2846 7138 4716 3141 7453 5658 2236 7415 3073 3189 1035 6434 4487 5172 2056 8892 5934 7788 7621 3372 1837 9548 3131 7197 8890 4187 9954 6075 6396 4216 6122 4115 5344 8404 1211 7413 7498 6587 4971 5727 5974 166 7555 8810 4863 7891 6912 2858 8125 8469 3002 8802 9756 4975 5303 7606 725 2654 9211 3803 9597 3766 5952 5798 7482 4362 504 1799 2650 6228 4887 9714 4121
Error
Error
False
807 9966 5913 2547 5201 1827 4387 9357 2717 9807 829 2846 7138 4716 3141 7453 5658 2236 7415 3073 3189 1035 6434 4487 5172 5705 2056 8892 5934 7788 7621 3372 1837 9548 3131 7197 8890 4187 9954 6075 6396 4216 6122 4115 5344 8404 1211 7413 7498 6587 4971 5727 5974 166 7555 8810 4863 7891 6912 2858 8125 8469 3002 8802 9756 4975 5303 7606 725 2654 9211 3803 9597 3766 5952 5798 7482 4362 504 1799 2650 6228 4887 9714 4121 4342 8705
Error
5344
807 9966 5913 2547 5201 1827 4387 9357 2717 9807 829 2846 7138 4716 3141 7453 5658 2236 7415 3073 3189 1035 6434 4487 5172 5705 2056 8892 5934 7788 7621 3372 1837 9548 3131 7197 8890 4187 9954 6075 6396 4216 6122 4115 5344 8404 1211 7413 7498 6587 4971 5727 5974 166 7555 8810 4863 7891 6912 2858 8125 8469 3002 8802 9756 4975 5303 7606 725 2654 9211 3803 9597 3766 5952 5798 7482 4362 504 1799 2650 6228 4887 9714 4121 4342 8705 3103 1110 9769
Error
False
807 9966 5913 2547 5201 1827 4387 9357 2717 9807 829 2846 7138 4716 3141 7453 5658 2236 7415 3073 3189 1035 6434 4487 5172 5705 2056 8892 5934 7788 7621 3372 1837 9548 3131 7197 8890 4187 9954 6075 6396 4216 6122 4115 5344 8404 1211 7413 7498 6587 4971 5727 5974 166 7555 8810 4863 7891 6912 2858 8125 8469 3002 8802 9756 4975 5303 7606 725 2654 9211 3803 9597 3766 5952 5798 7482 4362 504 1799 2650 6228 4887 9714 4121 4342 8705 3103 1110 9769
Error
91
Error
Error
Error
92
False
92
Error
Error
Error
Error
95
False
Error
95
Error
8404
8404
Error
Error
782 807 9966 5913 2547 5201 1827 4387 9357 2717 9807 829 2846 7138 4716 3141 4070 7453 5658 2236 7415 3073 3189 1035 6434 4487 5172 5705 2056 8892 5934 7788 7621 3372 1837 9548 3131 7197 8890 4187 9954 6075 6396 4216 6122 4115 5344 8404 1211 7413 7498 6587 4971 5727 5974 166 7555 8810 4863 7891 6912 2858 8125 8469 3002 8802 9756 4975 5303 7606 725 2654 9211 3803 9597 3766 5952 5798 7482 4362 504 1799 2650 6228 4887 9714 4121 4342 8705 3103 1110 9769 828 8408 9847 2305
Error
96
Error
98
98
1211
782 807 9966 5913 2547 5201 1827 4387 9357 2717 9807 829 2846 7138 4716 3141 4070 7453 5658 2236 7415 3073 3189 1035 6434 4487 5172 5705 2056 8892 5934 7788 7621 3372 1837 9548 3131 7197 8890 4187 9954 6075 6396 4216 6122 4115 5344 8404 1211 7413 7498 6587 4971 5727 5974 166 7555 8810 4863 7891 6912 2858 8125 8469 3002 8802 9756 4975 5303 7606 725 2654 9211 3803 9597 3766 5952 5798 7482 4362 504 1799 2650 6228 4887 9714 4121 4342 8705 3103 1110 9769 828 8408 9847 2305 2143 6745 8230
False
Error
100
Error
Error
False
3701 3809 5443 8230 6745 2143 2305 9847 8408 828 9769 1110 3103 8705 4342 4121 9714 4887 6228 2650 1799 504 4362 7482 5798 5952 3766 9597 3803 9211 2654 725 7606 5303 4975 9756 8802 3002 8469 8125 2858 6912 7891 4863 8810 7555 166 5974 5727 4971 6587 7498 7413 1211 8404 5344 4115 6122 4216 6396 6075 9954 4187 8890 7197 3131 9548 1837 3372 7621 7788 5934 8892 2056 5705 5172 4487 6434 1035 3189 3073 7415 2236 5658 7453 4070 3141 4716 7138 2846 829 9807 2717 9357 4387 1827 5201 2547 5913 9966 807 782 6561 8262 9767
Error
9767 8262 6561 782 807 9966 5913 2547 5201 1827 4387 9357 2717 9807 829 2846 7138 4716 3141 4070 7453 5658 2236 7415 3073 3189 1035 6434 4487 5172 5705 2056 8892 5934 7788 7621 3372 1837 9548 3131 7197 8890 4187 9954 6075 6396 4216 6122 4115 5344 8404 1211 7413 7498 6587 4971 5727 5974 166 7555 8810 4863 7891 6912 2858 8125 8469 3002 8802 9756 4975 5303 7606 725 2654 9211 3803 9597 3766 5952 5798 7482 4362 504 1799 2650 6228 4887 9714 4121 4342 8705 3103 1110 9769 828 8408 9847 2305 2143 6745 8230 5443 3809 3701
107
Error
107
107
Error
7498
Error
111
Error
Error
Error
False
Error
Error
1999 7837 6957 9510 8831 8201 3701 3809 5443 8230 6745 2143 2305 9847 8408 828 9769 1110 3103 8705 4342 4121 9714 4887 6228 2650 1799 504 4362 7482 5798 5952 3766 9597 3803 9211 2654 725 7606 5303 4975 9756 8802 3002 8469 8125 2858 6912 7891 4863 8810 7555 166 5974 5727 4971 6587 7498 7413 1211 8404 5344 4115 6122 4216 6396 6075 9954 4187 8890 7197 3131 9548 1837 3372 7621 7788 5934 8892 2056 5705 5172 4487 6434 1035 3189 3073 7415 2236 5658 7453 4070 3141 4716 7138 2846 829 9807 2717 9357 4387 1827 5201 2547 5913 2482 9966 807 782 6561 8262 9767
4971
False
4971
4971
Error
Error
False
Error
False
False
116
Error
Error
118
Error
Error
7280 9767 8262 6561 782 807 9966 2482 5913 2547 5201 1827 4387 9357 2717 9807 829 2846 7138 4716 3141 4070 7453 5658 2236 7415 3073 3189 1035 6434 4487 5172 5705 2056 8892 5934 7788 7621 3372 1837 9548 3131 7197 8890 4187 9954 6075 6396 4216 6122 4115 5344 8404 1211 7413 7498 6587 4971 5727 5974 166 7555 8810 4863 7891 6912 2858 8125 8469 3002 8802 9756 4975 5303 7606 725 2654 9211 3803 9597 3766 5952 5798 7482 4362 504 1799 2650 6228 4887 9714 4121 4342 8705 3103 1110 9769 828 8408 9847 2305 2143 6745 8230 5443 3809 3701 8201 8831 9510 6957 7837 1999 6727 5918 2332 5212 9271
5727
Error
7280 9767 8262 6561 782 807 9966 2482 5913 2547 5201 1827 4387 9357 2717 9807 829 2846 7138 4716 3141 4070 7453 5658 2236 7415 3073 3189 1035 6434 4487 5172 5705 2056 8892 5934 7788 7621 3372 1837 9548 3131 7197 8890 4187 9954 6075 6396 4216 6122 4115 5344 8404 1211 7413 7498 6587 4971 5727 5974 166 7555 8810 4863 7891 6912 2858 8125 8469 3002 8802 9756 4975 5303 7606 725 2654 9211 3803 9597 3766 5952 5798 7482 4362 504 1799 2650 6228 4887 9714 4121 4342 8705 3103 1110 9769 828 8408 9847 2305 2143 6745 8230 5443 3809 3701 8201 8831 9510 6957 7837 1999 6727 5918 2332 5212 9271
Error
118
False
9271 5212 2332 5918 6727 1999 7837 6957 9510 8831 8201 3701 3809 5443 8230 6745 2143 2305 9847 8408 828 9769 1110 3103 8705 4342 4121 9714 4887 6228 2650 1799 504 4362 7482 5798 5952 3766 9597 3803 9211 2654 725 7606 5303 4975 9756 8802 3002 8469 8125 2858 6912 7891 4863 8810 7555 166 5974 5727 4971 6587 7498 7413 1211 8404 5344 4115 6122 4216 6396 6075 9954 4187 8890 7197 3131 9548 1837 3372 7621 7788 5934 8892 2056 5705 5172 4487 6434 1035 3189 3073 7415 2236 5658 7453 4070 3141 4716 7138 2846 829 9807 2717 9357 4387 1827 5201 2547 5913 2482 9966 807 782 6561 8262 9767 7280
9271 5212 2332 5918 6727 1999 7837 6957 9510 8831 8201 3701 3809 5443 8230 6745 2143 2305 9847 8408 828 9769 1110 3103 8705 4342 4121 9714 4887 6228 2650 1799 504 4362 7482 5798 5952 3766 9597 3803 9211 2654 725 7606 5303 4975 9756 8802 3002 8469 8125 2858 6912 7891 4863 8810 7555 166 5974 5727 4971 6587 7498 7413 1211 8404 5344 4115 6122 4216 6396 6075 9954 4187 8890 7197 3131 9548 1837 3372 7621 7788 5934 8892 2056 5705 5172 4487 6434 1035 3189 3073 7415 2236 5658 7453 4070 3141 4716 7138 2846 829 9807 2717 9357 4387 1827 5201 2547 5913 2482 9966 807 782 6561 8262 9767 7280
9271 5212 2332 5918 6727 1999 7837 6957 9510 8831 8201 3701 3809 5443 8230 6745 2143 2305 9847 8408 828 9769 1110 3103 8705 4342 4121 9714 4887 6228 2650 1799 504 4362 7482 5798 5952 3766 9597 3803 9211 2654 725 7606 5303 4975 9756 8802 3002 8469 8125 2858 6912 7891 4863 8810 7555 166 5974 5727 4971 6587 7498 7413 1211 8404 5344 4115 6122 4216 6396 6075 9954 4187 8890 7197 3131 9548 1837 3372 7621 7788 5934 8892 2056 5705 5172 4487 6434 1035 3189 3073 7415 2236 5658 7453 4070 3141 4716 7138 2846 829 9807 2717 9357 4387 1827 5201 2547 5913 2482 9966 807 782 6561 8262 9767 7280
118
Error
Error
Error
Error
False
118
Error
Error
Error
False
Error
5974
False
7280 9767 8262 6561 782 807 9966 2482 5913 2547 5201 1827 4387 9357 2717 9807 829 2846 7138 4716 3141 4070 7453 5658 2236 7415 3073 3189 1035 6434 4487 5172 5705 2056 8892 5934 7788 7621 3372 1837 9548 3131 7197 8890 4187 9954 6075 6396 4216 6122 4115 5344 8404 1211 7413 7498 6587 4971 5727 5974 166 7555 8810 4863 7891 6912 2858 8125 8469 3002 8802 9756 4975 5303 7606 725 2654 9211 3803 9597 3766 5952 5798 7482 4362 504 1799 2650 6228 4887 9714 4121 4342 8705 3103 1110 9769 828 8408 9847 2305 2143 6745 8230 5443 3809 3701 8201 8831 9510 6957 7837 1999 6727 5918 2332 5212 9271 8251
Error
Error
5974
False
166
Error
166
Error
7280 9767 8262 6561 782 807 9966 2482 5913 2547 5201 1827 4387 9357 2717 9807 829 2846 7138 4716 3141 4070 7453 5658 2236 7415 3073 3189 1035 6434 4487 5172 5705 2056 8892 5934 7788 7621 3372 1837 9548 3131 7197 8890 4187 9954 6075 6396 4216 6122 4115 5344 8404 1211 7413 7498 6587 4971 5727 5974 166 7555 8810 4863 7891 6912 2858 8125 8469 3002 8802 9756 4975 5303 7606 725 2654 9211 3803 9597 3766 5952 5798 7482 4362 504 1799 2650 6228 4887 9714 4121 4342 8705 3103 1110 9769 828 8408 9847 2305 2143 6745 8230 5443 3809 3701 8201 8831 9510 6957 7837 1999 6727 5918 2332 5212 9271 8251 4533 8929
166
False
7280 9767 8262 6561 782 807 9966 2482 5913 2547 5201 1827 4387 9357 2717 9807 829 2846 7138 4716 3141 4070 7453 5658 2236 7415 3073 3189 1035 6434 4487 5172 5705 2056 8892 5934 7788 7621 3372 1837 9548 3131 7197 8890 4187 9954 6075 6396 4216 6122 4115 5344 8404 1211 7413 7498 6587 4971 5727 5974 166 7555 8810 4863 7891 6912 2858 8125 8469 3002 8802 9756 4975 5303 7606 725 2654 9211 3803 9597 3766 5952 5798 7482 4362 504 1799 2650 6228 4887 9714 4121 4342 8705 3103 1110 9769 828 8408 9847 2305 2143 6745 8230 5443 3809 3701 8201 8831 9510 6957 7837 1999 6727 5918 2332 5212 9271 8251 4533 8929
166
Error
Error
False
Error
Error
7280 9767 8262 6561 782 807 9966 2482 5913 2547 5201 1827 4387 9357 2717 9807 829 2846 7138 4716 3141 4070 7453 5658 2236 7415 3073 3189 1035 6434 4487 5172 5705 2056 8892 5934 7788 7621 3372 1837 9548 3131 7197 8890 4187 9954 6075 6396 4216 6122 4115 5344 8404 1211 7413 7498 6587 4971 5727 5974 166 7555 8810 4863 7891 6912 2858 8125 8469 3002 8802 9756 4975 5303 7606 725 2654 9211 3803 9597 3766 5952 5798 7482 4362 504 1799 2650 6228 4887 9714 4121 4342 8705 3103 1110 9769 828 8408 9847 2305 2143 6745 8230 5443 3809 3701 8201 8831 9510 6957 7837 1999 6727 5918 2332 5212 9271 8251 4533 8929
7280 9767 8262 6561 782 807 9966 2482 5913 2547 5201 1827 4387 9357 2717 9807 829 2846 7138 4716 3141 4070 7453 5658 2236 7415 3073 3189 1035 6434 4487 5172 5705 2056 8892 5934 7788 7621 3372 1837 9548 3131 7197 8890 4187 9954 6075 6396 4216 6122 4115 5344 8404 1211 7413 7498 6587 4971 5727 5974 166 7555 8810 4863 7891 6912 2858 8125 8469 3002 8802 9756 4975 5303 7606 725 2654 9211 3803 9597 3766 5952 5798 7482 4362 504 1799 2650 6228 4887 9714 4121 4342 8705 3103 1110 9769 828 8408 9847 2305 2143 6745 8230 5443 3809 3701 8201 8831 9510 6957 7837 1999 6727 5918 2332 5212 9271 8251 4533 8929
Error
121
121
Error
False
123
123
Error
Error
Error
Error
False
124
Error
5974
124
124
Error
9753 5090 7280 9767 8262 6561 782 807 9966 2482 5913 2547 5201 1827 4387 9357 2717 9807 829 2846 7138 4716 3141 4070 7453 5658 2236 7415 3073 3189 1035 6434 4487 5172 5705 2056 8892 5934 7788 7621 3372 1837 9548 3131 7197 8890 4187 9954 6075 6396 4216 6122 4115 5344 8404 1211 7413 7498 6587 4971 5727 5974 166 7555 8810 4863 7891 6912 2858 8125 8469 3002 8802 9756 4975 5303 7606 725 2654 9211 3803 9597 3766 5952 5798 7482 4362 504 1799 2650 6228 4887 9714 4121 4342 8705 3103 1110 9769 828 8408 9847 2305 2143 6745 8230 5443 3809 3701 8201 8831 9510 6957 7837 1999 6727 5918 2332 5212 9271 8251 4533 8929 2083
9753 5090 7280 9767 8262 6561 782 807 9966 2482 5913 2547 5201 1827 4387 9357 2717 9807 829 2846 7138 4716 3141 4070 7453 5658 2236 7415 3073 3189 1035 6434 4487 5172 5705 2056 8892 5934 7788 7621 3372 1837 9548 3131 7197 8890 4187 9954 6075 6396 4216 6122 4115 5344 8404 1211 7413 7498 6587 4971 5727 5974 166 7555 8810 4863 7891 6912 2858 8125 8469 3002 8802 9756 4975 5303 7606 725 2654 9211 3803 9597 3766 5952 5798 7482 4362 504 1799 2650 6228 4887 9714 4121 4342 8705 3103 1110 9769 828 8408 9847 2305 2143 6745 8230 5443 3809 3701 8201 8831 9510 6957 7837 1999 6727 5918 2332 5212 9271 8251 4533 8929 2083 8847
Error
Error
126
False
Error
Error
Error
False
False
166
6477 8847 2083 8929 4533 8251 9271 5212 2332 5918 6727 1999 7837 6957 9510 8831 8201 3701 3809 5443 8230 6745 2143 2305 9847 8408 828 9769 1110 3103 8705 4342 4121 9714 4887 6228 2650 1799 504 4362 7482 5798 5952 3766 9597 3803 9211 2654 725 7606 5303 4975 9756 8802 3002 8469 8125 2858 6912 7891 4863 8810 7555 166 5974 5727 4971 6587 7498 7413 1211 8404 5344 4115 6122 4216 6396 6075 9954 4187 8890 7197 3131 9548 1837 3372 7621 7788 5934 8892 2056 5705 5172 4487 6434 1035 3189 3073 7415 2236 5658 7453 4070 3141 4716 7138 2846 829 9807 2717 9357 4387 1827 5201 2547 5913 2482 9966 807 782 6561 8262 9767 7280 5090 9753 2312
127
127
Error
166
166
6477 8847 2083 8929 4533 8251 9271 5212 2332 5918 6727 1999 7837 6957 9510 8831 8201 3701 3809 5443 8230 6745 2143 2305 9847 8408 828 9769 1110 3103 8705 4342 4121 9714 4887 6228 2650 1799 504 4362 7482 5798 5952 3766 9597 3803 9211 2654 725 7606 5303 4975 9756 8802 3002 8469 8125 2858 6912 7891 4863 8810 7555 166 5974 5727 4971 6587 7498 7413 1211 8404 5344 4115 6122 4216 6396 6075 9954 4187 8890 7197 3131 9548 1837 3372 7621 7788 5934 8892 2056 5705 5172 4487 6434 1035 3189 3073 7415 2236 5658 7453 4070 3141 4716 7138 2846 829 9807 2717 9357 4387 1827 5201 2547 5913 2482 9966 807 782 6561 8262 9767 7280 5090 9753 2312
130
Error
Error
6477 8847 2083 8929 4533 8251 9271 5212 2332 5918 6727 1999 7837 6957 9510 8831 8201 3701 3809 5443 8230 6745 2143 2305 9847 8408 828 9769 1110 3103 8705 4342 4121 9714 4887 6228 2650 1799 504 4362 7482 5798 5952 3766 9597 3803 9211 2654 725 7606 5303 4975 9756 8802 3002 8469 8125 2858 6912 7891 4863 8810 7555 166 5974 5727 4971 6587 7498 7413 1211 8404 5344 4115 6122 4216 6396 6075 9954 4187 8890 7197 3131 9548 1837 3372 7621 7788 5934 8892 2056 5705 5172 4487 6434 1035 3189 3073 7415 2236 5658 7453 4070 3141 4716 7138 2846 829 9807 2717 9357 4387 1827 5201 2547 5913 2482 9966 807 782 6561 8262 9767 7280 5090 9753 2312 8630 8568 6053 1091
5727
5727
Error
4249 1091 6053 8568 8630 2312 9753 5090 7280 9767 8262 6561 782 807 9966 2482 5913 2547 5201 1827 4387 9357 2717 9807 829 2846 7138 4716 3141 4070 7453 5658 2236 7415 3073 3189 1035 6434 4487 5172 5705 2056 8892 5934 7788 7621 3372 1837 9548 3131 7197 8890 4187 9954 6075 6396 4216 6122 4115 5344 8404 1211 7413 7498 6587 4971 5727 5974 166 7555 8810 4863 7891 6912 2858 8125 8469 3002 8802 9756 4975 5303 7606 725 2654 9211 3803 9597 3766 5952 5798 7482 4362 504 1799 2650 6228 4887 9714 4121 4342 8705 3103 1110 9769 828 8408 9847 2305 2143 6745 8230 5443 3809 3701 8201 8831 9510 6957 7837 1999 6727 5918 2332 5212 9271 8251 4533 8929 2083 8847 6477
5727
Error
5727
False
5727
133
133
Error
Error
Error
5727
Error
Error
Error
9235 6477 8847 2083 8929 4533 8251 9271 5212 2332 5918 6727 1999 7837 6957 9510 8831 8201 3701 3809 5443 8230 6745 2143 2305 9847 8408 828 9769 1110 3103 8705 4342 4121 9714 4887 6228 2650 1799 504 4362 7482 5798 5952 3766 9597 3803 9211 2654 725 7606 5303 4975 9756 8802 3002 8469 8125 2858 6912 7891 4863 8810 7555 166 5974 5727 4971 6587 7498 7413 1211 8404 5344 4115 6122 4216 6396 6075 9954 4187 8890 7197 3131 9548 1837 3372 7621 7788 5934 8892 2056 5705 5172 4487 6434 1035 3189 3073 7415 2236 5658 7453 4070 3141 4716 7138 2846 829 9807 2717 9357 4387 1827 5201 2547 5913 2482 9966 807 782 6561 8262 9767 7280 5090 9753 2312 8630 8568 6053 1091 4249
133
Error
134
5727
False
5727
Error
False
Error
Error
Error
Error
134
Error
5727
5727
5727
False
False
Error
6315 4249 1091 6053 8568 8630 2312 9753 5090 7280 9767 8262 6561 782 807 9966 2482 5913 2547 5201 1827 4387 9357 2717 9807 829 2846 7138 4716 3141 4070 7453 5658 2236 7415 3073 3189 1035 6434 4487 5172 5705 2056 8892 5934 7788 7621 3372 1837 9548 3131 7197 8890 4187 9954 6075 6396 4216 6122 4115 5344 8404 1211 7413 7498 6587 4971 5727 5974 166 7555 8810 4863 7891 6912 2858 8125 8469 3002 8802 9756 4975 5303 7606 725 2654 9211 3803 9597 3766 5952 5798 7482 4362 504 1799 2650 6228 4887 9714 4121 4342 8705 3103 1110 9769 828 8408 9847 2305 2143 6745 8230 5443 3809 3701 8201 8831 9510 6957 7837 1999 6727 5918 2332 5212 9271 8251 4533 8929 2083 8847 6477 9235 2722 6690 4386
Error
5974
5974
Error
Error
5974
7960 4386 6690 2722 9235 6477 8847 2083 8929 4533 8251 9271 5212 2332 5918 6727 1999 7837 6957 9510 8831 8201 3701 3809 5443 8230 6745 2143 2305 9847 8408 828 9769 1110 3103 8705 4342 4121 9714 4887 6228 2650 1799 504 4362 7482 5798 5952 3766 9597 3803 9211 2654 725 7606 5303 4975 9756 8802 3002 8469 8125 2858 6912 7891 4863 8810 7555 166 5974 5727 4971 6587 7498 7413 1211 8404 5344 4115 6122 4216 6396 6075 9954 4187 8890 7197 3131 9548 1837 3372 7621 7788 5934 8892 2056 5705 5172 4487 6434 1035 3189 3073 7415 2236 5658 7453 4070 3141 4716 7138 2846 829 9807 2717 9357 4387 1827 5201 2547 5913 2482 9966 807 782 6561 8262 9767 7280 5090 9753 2312 8630 8568 6053 1091 4249 6315
7960 4386 6690 2722 9235 6477 8847 2083 8929 4533 8251 9271 5212 2332 5918 6727 1999 7837 6957 9510 8831 8201 3701 3809 5443 8230 6745 2143 2305 9847 8408 828 9769 1110 3103 8705 4342 4121 9714 4887 6228 2650 1799 504 4362 7482 5798 5952 3766 9597 3803 9211 2654 725 7606 5303 4975 9756 8802 3002 8469 8125 2858 6912 7891 4863 8810 7555 166 5974 5727 4971 6587 7498 7413 1211 8404 5344 4115 6122 4216 6396 6075 9954 4187 8890 7197 3131 9548 1837 3372 7621 7788 5934 8892 2056 5705 5172 4487 6434 1035 3189 3073 7415 2236 5658 7453 4070 3141 4716 7138 2846 829 9807 2717 9357 4387 1827 5201 2547 5913 2482 9966 807 782 6561 8262 9767 7280 5090 9753 2312 8630 8568 6053 1091 4249 6315
Error
Error
Error
Error
138
6315 4249 1091 6053 8568 8630 2312 9753 5090 7280 9767 8262 6561 782 807 9966 2482 5913 2547 5201 1827 4387 9357 2717 9807 829 2846 7138 4716 3141 4070 7453 5658 2236 7415 3073 3189 1035 6434 4487 5172 5705 2056 8892 5934 7788 7621 3372 1837 9548 3131 7197 8890 4187 9954 6075 6396 4216 6122 4115 5344 8404 1211 7413 7498 6587 4971 5727 5974 166 7555 8810 4863 7891 6912 2858 8125 8469 3002 8802 9756 4975 5303 7606 725 2654 9211 3803 9597 3766 5952 5798 7482 4362 504 1799 2650 6228 4887 9714 4121 4342 8705 3103 1110 9769 828 8408 9847 2305 2143 6745 8230 5443 3809 3701 8201 8831 9510 6957 7837 1999 6727 5918 2332 5212 9271 8251 4533 8929 2083 8847 6477 9235 2722 6690 4386 7960
Error
Error
Error
5974
166
7960 4386 6690 2722 9235 6477 8847 2083 8929 4533 8251 9271 5212 2332 5918 6727 1999 7837 6957 9510 8831 8201 3701 3809 5443 8230 6745 2143 2305 9847 8408 828 9769 1110 3103 8705 4342 4121 9714 4887 6228 2650 1799 504 4362 7482 5798 5952 3766 9597 3803 9211 2654 725 7606 5303 4975 9756 8802 3002 8469 8125 2858 6912 7891 4863 8810 7555 166 5974 5727 4971 6587 7498 7413 1211 8404 5344 4115 6122 4216 6396 6075 9954 4187 8890 7197 3131 9548 1837 3372 7621 7788 5934 8892 2056 5705 5172 4487 6434 1035 3189 3073 7415 2236 5658 7453 4070 3141 4716 7138 2846 829 9807 2717 9357 4387 1827 5201 2547 5913 2482 9966 807 782 6561 8262 9767 7280 5090 9753 2312 8630 8568 6053 1091 4249 6315
138
Error
166
Error
138
Error
5974
Error
Error
Error
5974
5974
Error
Error
Error
Error
Error
139
139
Error
False
140
4439 6315 4249 1091 6053 8568 8630 2312 9753 5090 7280 9767 8262 6561 782 807 9966 2482 5913 2547 5201 1827 4387 9357 2717 9807 829 2846 7138 4716 3141 4070 7453 5658 2236 7415 3073 3189 1035 6434 4487 5172 5705 2056 8892 5934 7788 7621 3372 1837 9548 3131 7197 8890 4187 9954 6075 6396 4216 6122 4115 5344 8404 1211 7413 7498 6587 4971 5727 5974 166 7555 8810 4863 7891 6912 2858 8125 8469 3002 8802 9756 4975 5303 7606 725 2654 9211 3803 9597 3766 5952 5798 7482 4362 504 1799 2650 6228 4887 9714 4121 4342 8705 3103 1110 9769 828 8408 9847 2305 2143 6745 8230 5443 3809 3701 8201 8831 9510 6957 7837 1999 6727 5918 2332 5212 9271 8251 4533 8929 2083 8847 6477 9235 2722 6690 4386 7960 2500
5974
Error
Error
False
Error
4439 6315 4249 1091 6053 8568 8630 2312 9753 5090 7280 9767 8262 6561 782 807 9966 2482 5913 2547 5201 1827 4387 9357 2717 9807 829 2846 7138 4716 3141 4070 7453 5658 2236 7415 3073 3189 1035 6434 4487 5172 5705 2056 8892 5934 7788 7621 3372 1837 9548 3131 7197 8890 4187 9954 6075 6396 4216 6122 4115 5344 8404 1211 7413 7498 6587 4971 5727 5974 166 7555 8810 4863 7891 6912 2858 8125 8469 3002 8802 9756 4975 5303 7606 725 2654 9211 3803 9597 3766 5952 5798 7482 4362 504 1799 2650 6228 4887 9714 4121 4342 8705 3103 1110 9769 828 8408 9847 2305 2143 6745 8230 5443 3809 3701 8201 8831 9510 6957 7837 1999 6727 5918 2332 5212 9271 8251 4533 8929 2083 8847 6477 9235 2722 6690 4386 7960 2500 9036 80
Error
4439 6315 4249 1091 6053 8568 8630 2312 9753 5090 7280 9767 8262 6561 782 807 9966 2482 5913 2547 5201 1827 4387 9357 2717 9807 829 2846 7138 4716 3141 4070 7453 5658 2236 7415 3073 3189 1035 6434 4487 5172 5705 2056 8892 5934 7788 7621 3372 1837 9548 3131 7197 8890 4187 9954 6075 6396 4216 6122 4115 5344 8404 1211 7413 7498 6587 4971 5727 5974 166 7555 8810 4863 7891 6912 2858 8125 8469 3002 8802 9756 4975 5303 7606 725 2654 9211 3803 9597 3766 5952 5798 7482 4362 504 1799 2650 6228 4887 9714 4121 4342 8705 3103 1110 9769 828 8408 9847 2305 2143 6745 8230 5443 3809 3701 8201 8831 9510 6957 7837 1999 6727 5918 2332 5212 9271 8251 4533 8929 2083 8847 6477 9235 2722 6690 4386 7960 2500 9036 80
Error
4439 6315 4249 1091 6053 8568 8630 2312 9753 5090 7280 9767 8262 6561 782 807 9966 2482 5913 2547 5201 1827 4387 9357 2717 9807 829 2846 7138 4716 3141 4070 7453 5658 2236 7415 3073 3189 1035 6434 4487 5172 5705 2056 8892 5934 7788 7621 3372 1837 9548 3131 7197 8890 4187 9954 6075 6396 4216 6122 4115 5344 8404 1211 7413 7498 6587 4971 5727 5974 166 7555 8810 4863 7891 6912 2858 8125 8469 3002 8802 9756 4975 5303 7606 725 2654 9211 3803 9597 3766 5952 5798 7482 4362 504 1799 2650 6228 4887 9714 4121 4342 8705 3103 1110 9769 828 8408 9847 2305 2143 6745 8230 5443 3809 3701 8201 8831 9510 6957 7837 1999 6727 5918 2332 5212 9271 8251 4533 8929 2083 8847 6477 9235 2722 6690 4386 7960 2500 9036 80
166
Error
Error
Error
80 9036 2500 7960 4386 6690 2722 9235 6477 8847 2083 8929 4533 8251 9271 5212 2332 5918 6727 1999 7837 6957 9510 8831 8201 3701 3809 5443 8230 6745 2143 2305 9847 8408 828 9769 1110 3103 8705 4342 4121 9714 4887 6228 2650 1799 504 4362 7482 5798 5952 3766 9597 3803 9211 2654 725 7606 5303 4975 9756 8802 3002 8469 8125 2858 6912 7891 4863 8810 7555 166 5974 5727 4971 6587 7498 7413 1211 8404 5344 4115 6122 4216 6396 6075 9954 4187 8890 7197 3131 9548 1837 3372 7621 7788 5934 8892 2056 5705 5172 4487 6434 1035 3189 3073 7415 2236 5658 7453 4070 3141 4716 7138 2846 829 9807 2717 9357 4387 1827 5201 2547 5913 2482 9966 807 782 6561 8262 9767 7280 5090 9753 2312 8630 8568 6053 1091 4249 6315 4439
80 9036 2500 7960 4386 6690 2722 9235 6477 8847 2083 8929 4533 8251 9271 5212 2332 5918 6727 1999 7837 6957 9510 8831 8201 3701 3809 5443 8230 6745 2143 2305 9847 8408 828 9769 1110 3103 8705 4342 4121 9714 4887 6228 2650 1799 504 4362 7482 5798 5952 3766 9597 3803 9211 2654 725 7606 5303 4975 9756 8802 3002 8469 8125 2858 6912 7891 4863 8810 7555 166 5974 5727 4971 6587 7498 7413 1211 8404 5344 4115 6122 4216 6396 6075 9954 4187 8890 7197 3131 9548 1837 3372 7621 7788 5934 8892 2056 5705 5172 4487 6434 1035 3189 3073 7415 2236 5658 7453 4070 3141 4716 7138 2846 829 9807 2717 9357 4387 1827 5201 2547 5913 2482 9966 807 782 6561 8262 9767 7280 5090 9753 2312 8630 8568 6053 1091 4249 6315 4439
False
Error
145
Error
Error
Error
Error
Error
166
4856 783 4439 6315 4249 1091 6053 8568 8630 2312 9753 5090 7280 9767 8262 6561 782 807 9966 2482 5913 2547 5201 1827 4387 9357 2717 9807 829 2846 7138 4716 3141 4070 7453 5658 2236 7415 3073 3189 1035 6434 4487 5172 5705 2056 8892 5934 7788 7621 3372 1837 9548 3131 7197 8890 4187 9954 6075 6396 4216 6122 4115 5344 8404 1211 7413 7498 6587 4971 5727 5974 166 7555 8810 4863 7891 6912 2858 8125 8469 3002 8802 9756 4975 5303 7606 725 2654 9211 3803 9597 3766 5952 5798 7482 4362 504 1799 2650 6228 4887 9714 4121 4342 8705 3103 1110 9769 828 8408 9847 2305 2143 6745 8230 5443 3809 3701 8201 8831 9510 6957 7837 1999 6727 5918 2332 5212 9271 8251 4533 8929 2083 8847 6477 9235 2722 6690 4386 7960 2500 9036 80 2950
145
145
2950 80 9036 2500 7960 4386 6690 2722 9235 6477 8847 2083 8929 4533 8251 9271 5212 2332 5918 6727 1999 7837 6957 9510 8831 8201 3701 3809 5443 8230 6745 2143 2305 9847 8408 828 9769 1110 3103 8705 4342 4121 9714 4887 6228 2650 1799 504 4362 7482 5798 5952 3766 9597 3803 9211 2654 725 7606 5303 4975 9756 8802 3002 8469 8125 2858 6912 7891 4863 8810 7555 166 5974 5727 4971 6587 7498 7413 1211 8404 5344 4115 6122 4216 6396 6075 9954 4187 8890 7197 3131 9548 1837 3372 7621 7788 5934 8892 2056 5705 5172 4487 6434 1035 3189 3073 7415 2236 5658 7453 4070 3141 4716 7138 2846 829 9807 2717 9357 4387 1827 5201 2547 5913 2482 9966 807 782 6561 8262 9767 7280 5090 9753 2312 8630 8568 6053 1091 4249 6315 4439 783 4856
Error
166
Error
Error
2950 80 9036 2500 7960 4386 6690 2722 9235 6477 8847 2083 8929 4533 8251 9271 5212 2332 5918 6727 1999 7837 6957 9510 8831 8201 3701 3809 5443 8230 6745 2143 2305 9847 8408 828 9769 1110 3103 8705 4342 4121 9714 4887 6228 2650 1799 504 4362 7482 5798 5952 3766 9597 3803 9211 2654 725 7606 5303 4975 9756 8802 3002 8469 8125 2858 6912 7891 4863 8810 7555 166 5974 5727 4971 6587 7498 7413 1211 8404 5344 4115 6122 4216 6396 6075 9954 4187 8890 7197 3131 9548 1837 3372 7621 7788 5934 8892 2056 5705 5172 4487 6434 1035 3189 3073 7415 2236 5658 7453 4070 3141 4716 7138 2846 829 9807 2717 9357 4387 1827 5201 2547 5913 2482 9966 807 782 6561 8262 9767 7280 5090 9753 2312 8630 8568 6053 1091 4249 6315 4439 783 4856
2950 80 9036 2500 7960 4386 6690 2722 9235 6477 8847 2083 8929 4533 8251 9271 5212 2332 5918 6727 1999 7837 6957 9510 8831 8201 3701 3809 5443 8230 6745 2143 2305 9847 8408 828 9769 1110 3103 8705 4342 4121 9714 4887 6228 2650 1799 504 4362 7482 5798 5952 3766 9597 3803 9211 2654 725 7606 5303 4975 9756 8802 3002 8469 8125 2858 6912 7891 4863 8810 7555 166 5974 5727 4971 6587 7498 7413 1211 8404 5344 4115 6122 4216 6396 6075 9954 4187 8890 7197 3131 9548 1837 3372 7621 7788 5934 8892 2056 5705 5172 4487 6434 1035 3189 3073 7415 2236 5658 7453 4070 3141 4716 7138 2846 829 9807 2717 9357 4387 1827 5201 2547 5913 2482 9966 807 782 6561 8262 9767 7280 5090 9753 2312 8630 8568 6053 1091 4249 6315 4439 783 4856
2950 80 9036 2500 7960 4386 6690 2722 9235 6477 8847 2083 8929 4533 8251 9271 5212 2332 5918 6727 1999 7837 6957 9510 8831 8201 3701 3809 5443 8230 6745 2143 2305 9847 8408 828 9769 1110 3103 8705 4342 4121 9714 4887 6228 2650 1799 504 4362 7482 5798 5952 3766 9597 3803 9211 2654 725 7606 5303 4975 9756 8802 3002 8469 8125 2858 6912 7891 4863 8810 7555 166 5974 5727 4971 6587 7498 7413 1211 8404 5344 4115 6122 4216 6396 6075 9954 4187 8890 7197 3131 9548 1837 3372 7621 7788 5934 8892 2056 5705 5172 4487 6434 1035 3189 3073 7415 2236 5658 7453 4070 3141 4716 7138 2846 829 9807 2717 9357 4387 1827 5201 2547 5913 2482 9966 807 782 6561 8262 9767 7280 5090 9753 2312 8630 8568 6053 1091 4249 6315 4439 783 4856 2853
Error
2950 80 9036 2500 7960 4386 6690 2722 9235 6477 8847 2083 8929 4533 8251 9271 5212 2332 5918 6727 1999 7837 6957 9510 8831 8201 3701 3809 5443 8230 6745 2143 2305 9847 8408 828 9769 1110 3103 8705 4342 4121 9714 4887 6228 2650 1799 504 4362 7482 5798 5952 3766 9597 3803 9211 2654 725 7606 5303 4975 9756 8802 3002 8469 8125 2858 6912 7891 4863 8810 7555 166 5974 5727 4971 6587 7498 7413 1211 8404 5344 4115 6122 4216 6396 6075 9954 4187 8890 7197 3131 9548 1837 3372 7621 7788 5934 8892 2056 5705 5172 4487 6434 1035 3189 3073 7415 2236 5658 7453 4070 3141 4716 7138 2846 829 9807 2717 9357 4387 1827 5201 2547 5913 2482 9966 807 782 6561 8262 9767 7280 5090 9753 2312 8630 8568 6053 1091 4249 6315 4439 783 4856 2853 9442
2950 80 9036 2500 7960 4386 6690 2722 9235 6477 8847 2083 8929 4533 8251 9271 5212 2332 5918 6727 1999 7837 6957 9510 8831 8201 3701 3809 5443 8230 6745 2143 2305 9847 8408 828 9769 1110 3103 8705 4342 4121 9714 4887 6228 2650 1799 504 4362 7482 5798 5952 3766 9597 3803 9211 2654 725 7606 5303 4975 9756 8802 3002 8469 8125 2858 6912 7891 4863 8810 7555 166 5974 5727 4971 6587 7498 7413 1211 8404 5344 4115 6122 4216 6396 6075 9954 4187 8890 7197 3131 9548 1837 3372 7621 7788 5934 8892 2056 5705 5172 4487 6434 1035 3189 3073 7415 2236 5658 7453 4070 3141 4716 7138 2846 829 9807 2717 9357 4387 1827 5201 2547 5913 2482 9966 807 782 6561 8262 9767 7280 5090 9753 2312 8630 8568 6053 1091 4249 6315 4439 783 4856 2853 9442
5974
False
Error
False
150
150
5727
Error
2950 80 9036 2500 7960 4386 6690 2722 9235 6477 8847 2083 8929 4533 8251 9271 5212 2332 5918 6727 1999 7837 6957 9510 8831 8201 3701 3809 5443 8230 6745 2143 2305 9847 8408 828 9769 1110 3103 8705 4342 4121 9714 4887 6228 2650 1799 504 4362 7482 5798 5952 3766 9597 3803 9211 2654 725 7606 5303 4975 9756 8802 3002 8469 8125 2858 6912 7891 4863 8810 7555 166 5974 5727 4971 6587 7498 7413 1211 8404 5344 4115 6122 4216 6396 6075 9954 4187 8890 7197 3131 9548 1837 3372 7621 7788 5934 8892 2056 5705 5172 4487 6434 1035 3189 3073 7415 2236 5658 7453 4070 3141 4716 7138 2846 829 9807 2717 9357 4387 1827 5201 2547 5913 2482 9966 807 782 6561 8262 9767 7280 5090 9753 2312 8630 8568 6053 1091 4249 6315 4439 783 4856 2853 9442 2364 6212 9235
2950 80 9036 2500 7960 4386 6690 2722 9235 6477 8847 2083 8929 4533 8251 9271 5212 2332 5918 6727 1999 7837 6957 9510 8831 8201 3701 3809 5443 8230 6745 2143 2305 9847 8408 828 9769 1110 3103 8705 4342 4121 9714 4887 6228 2650 1799 504 4362 7482 5798 5952 3766 9597 3803 9211 2654 725 7606 5303 4975 9756 8802 3002 8469 8125 2858 6912 7891 4863 8810 7555 166 5974 5727 4971 6587 7498 7413 1211 8404 5344 4115 6122 4216 6396 6075 9954 4187 8890 7197 3131 9548 1837 3372 7621 7788 5934 8892 2056 5705 5172 4487 6434 1035 3189 3073 7415 2236 5658 7453 4070 3141 4716 7138 2846 829 9807 2717 9357 4387 1827 5201 2547 5913 2482 9966 807 782 6561 8262 9767 7280 5090 9753 2312 8630 8568 6053 1091 4249 6315 4439 783 4856 2853 9442 2364 6212 9235
2950 80 9036 2500 7960 4386 6690 2722 9235 6477 8847 2083 8929 4533 8251 9271 5212 2332 5918 6727 1999 7837 6957 9510 8831 8201 3701 3809 5443 8230 6745 2143 2305 9847 8408 828 9769 1110 3103 8705 4342 4121 9714 4887 6228 2650 1799 504 4362 7482 5798 5952 3766 9597 3803 9211 2654 725 7606 5303 4975 9756 8802 3002 8469 8125 2858 6912 7891 4863 8810 7555 166 5974 5727 4971 6587 7498 7413 1211 8404 5344 4115 6122 4216 6396 6075 9954 4187 8890 7197 3131 9548 1837 3372 7621 7788 5934 8892 2056 5705 5172 4487 6434 1035 3189 3073 7415 2236 5658 7453 4070 3141 4716 7138 2846 829 9807 2717 9357 4387 1827 5201 2547 5913 2482 9966 807 782 6561 8262 9767 7280 5090 9753 2312 8630 8568 6053 1091 4249 6315 4439 783 4856 2853 9442 2364 6212 9235
5727
150
Error
150
Error
151
Error
Error
153
153
Error
Error
153
False
153
Error
153
153
6587
Error
Error
Error
Error
Error
6587
Error
154
Error
Error
Error
Error
Error
Error
Error
2950 80 9036 2500 7960 4386 6690 2722 9235 6477 8847 2083 8929 4533 8251 9271 5212 2332 5918 6727 1999 7837 6957 9510 8831 8201 3701 3809 5443 8230 6745 2143 2305 9847 8408 828 9769 1110 3103 8705 4342 4121 9714 4887 6228 2650 1799 504 4362 7482 5798 5952 3766 9597 3803 9211 2654 725 7606 5303 4975 9756 8802 3002 8469 8125 2858 6912 7891 4863 8810 7555 166 5974 5727 4971 6587 7498 7413 1211 8404 5344 4115 6122 4216 6396 6075 9954 4187 8890 7197 3131 9548 1837 3372 7621 7788 5934 8892 2056 5705 5172 4487 6434 1035 3189 3073 7415 2236 5658 7453 4070 3141 4716 7138 2846 829 9807 2717 9357 4387 1827 5201 2547 5913 2482 9966 807 782 6561 8262 9767 7280 5090 9753 2312 8630 8568 6053 1091 4249 6315 4439 783 4856 2853 9442 2364 6212 9235 3875 1491 9712 5085
6587
Error
Error
Error
Error
Error
Error
Error
6940 2950 80 9036 2500 7960 4386 6690 2722 9235 6477 8847 2083 8929 4533 8251 9271 5212 2332 5918 6727 1999 7837 6957 9510 8831 8201 3701 3809 5443 8230 6745 2143 2305 9847 8408 828 9769 1110 3103 8705 4342 4121 9714 4887 6228 2650 1799 504 4362 7482 5798 5952 3766 9597 3803 9211 2654 725 7606 5303 4975 9756 8802 3002 8469 8125 2858 6912 7891 4863 8810 7555 166 5974 5727 4971 6587 7498 7413 1211 8404 5344 4115 6122 4216 6396 6075 9954 4187 8890 7197 3131 9548 1837 3372 7621 7788 5934 8892 2056 5705 5172 4487 6434 1035 3189 3073 7415 2236 5658 7453 4070 3141 4716 7138 2846 829 9807 2717 9357 4387 1827 5201 2547 5913 2482 9966 807 782 6561 8262 9767 7280 5090 9753 2312 8630 8568 6053 1091 4249 6315 4439 783 4856 2853 9442 2364 6212 9235 3875 1491 9712 5085 7433 286 8355
Error
Error
Error
Error
False
False
159
7413
161
2391 8355 286 7433 5085 9712 1491 3875 9235 6212 2364 9442 2853 4856 783 4439 6315 4249 1091 6053 8568 8630 2312 9753 5090 7280 9767 8262 6561 782 807 9966 2482 5913 2547 5201 1827 4387 9357 2717 9807 829 2846 7138 4716 3141 4070 7453 5658 2236 7415 3073 3189 1035 6434 4487 5172 5705 2056 8892 5934 7788 7621 3372 1837 9548 3131 7197 8890 4187 9954 6075 6396 4216 6122 4115 5344 8404 1211 7413 7498 6587 4971 5727 5974 166 7555 8810 4863 7891 6912 2858 8125 8469 3002 8802 9756 4975 5303 7606 725 2654 9211 3803 9597 3766 5952 5798 7482 4362 504 1799 2650 6228 4887 9714 4121 4342 8705 3103 1110 9769 828 8408 9847 2305 2143 6745 8230 5443 3809 3701 8201 8831 9510 6957 7837 1999 6727 5918 2332 5212 9271 8251 4533 8929 2083 8847 6477 9235 2722 6690 4386 7960 2500 9036 80 2950 6940 5097 3495 4442
Error
Error
6587
False
162
Error
6587
Error
6587
2391 8355 286 7433 5085 9712 1491 3875 9235 6212 2364 9442 2853 4856 783 4439 6315 4249 1091 6053 8568 8630 2312 9753 5090 7280 9767 8262 6561 782 807 9966 2482 5913 2547 5201 1827 4387 9357 2717 9807 829 2846 7138 4716 3141 4070 7453 5658 2236 7415 3073 3189 1035 6434 4487 5172 5705 2056 8892 5934 7788 7621 3372 1837 9548 3131 7197 8890 4187 9954 6075 6396 4216 6122 4115 5344 8404 1211 7413 7498 6587 4971 5727 5974 166 7555 8810 4863 7891 6912 2858 8125 8469 3002 8802 9756 4975 5303 7606 725 2654 9211 3803 9597 3766 5952 5798 7482 4362 504 1799 2650 6228 4887 9714 4121 4342 8705 3103 1110 9769 828 8408 9847 2305 2143 6745 8230 5443 3809 3701 8201 8831 9510 6957 7837 1999 6727 5918 2332 5212 9271 8251 4533 8929 2083 8847 6477 9235 2722 6690 4386 7960 2500 9036 80 2950 6940 5097 3495 4442 4687 7128
False
2391 8355 286 7433 5085 9712 1491 3875 9235 6212 2364 9442 2853 4856 783 4439 6315 4249 1091 6053 8568 8630 2312 9753 5090 7280 9767 8262 6561 782 807 9966 2482 5913 2547 5201 1827 4387 9357 2717 9807 829 2846 7138 4716 3141 4070 7453 5658 2236 7415 3073 3189 1035 6434 4487 5172 5705 2056 8892 5934 7788 7621 3372 1837 9548 3131 7197 8890 4187 9954 6075 6396 4216 6122 4115 5344 8404 1211 7413 7498 6587 4971 5727 5974 166 7555 8810 4863 7891 6912 2858 8125 8469 3002 8802 9756 4975 5303 7606 725 2654 9211 3803 9597 3766 5952 5798 7482 4362 504 1799 2650 6228 4887 9714 4121 4342 8705 3103 1110 9769 828 8408 9847 2305 2143 6745 8230 5443 3809 3701 8201 8831 9510 6957 7837 1999 6727 5918 2332 5212 9271 8251 4533 8929 2083 8847 6477 9235 2722 6690 4386 7960 2500 9036 80 2950 6940 5097 3495 4442 4687 7128 8046 4472
Error
5727
Error
2391 8355 286 7433 5085 9712 1491 3875 9235 6212 2364 9442 2853 4856 783 4439 6315 4249 1091 6053 8568 8630 2312 9753 5090 7280 9767 8262 6561 782 807 9966 2482 5913 2547 5201 1827 4387 9357 2717 9807 829 2846 7138 4716 3141 4070 7453 5658 2236 7415 3073 3189 1035 6434 4487 5172 5705 2056 8892 5934 7788 7621 3372 1837 9548 3131 7197 8890 4187 9954 6075 6396 4216 6122 4115 5344 8404 1211 7413 7498 6587 4971 5727 5974 166 7555 8810 4863 7891 6912 2858 8125 8469 3002 8802 9756 4975 5303 7606 725 2654 9211 3803 9597 3766 5952 5798 7482 4362 504 1799 2650 6228 4887 9714 4121 4342 8705 3103 1110 9769 828 8408 9847 2305 2143 6745 8230 5443 3809 3701 8201 8831 9510 6957 7837 1999 6727 5918 2332 5212 9271 8251 4533 8929 2083 8847 6477 9235 2722 6690 4386 7960 2500 9036 80 2950 6940 5097 3495 4442 4687 7128 8046 4472 9214
Error
168
Error
168
5727
Error
Error
169
Error
Error
Error
5974
5974
Error
Error
Error
170
Error
Error
170
Error
172
172
Error
4971
4971
2026 282 2320 2391 8355 286 7433 5085 9712 1491 3875 9235 6212 2364 9442 2853 4856 783 4439 6315 4249 1091 6053 8568 8630 2312 9753 5090 7280 9767 8262 6561 782 807 9966 2482 5913 2547 5201 1827 4387 9357 2717 9807 829 2846 7138 4716 3141 4070 7453 5658 2236 7415 3073 3189 1035 6434 4487 5172 5705 2056 8892 5934 7788 7621 3372 1837 9548 3131 7197 8890 4187 9954 6075 6396 4216 6122 4115 5344 8404 1211 7413 7498 6587 4971 5727 5974 166 7555 8810 4863 7891 6912 2858 8125 8469 3002 8802 9756 4975 5303 7606 725 2654 9211 3803 9597 3766 5952 5798 7482 4362 504 1799 2650 6228 4887 9714 4121 4342 8705 3103 1110 9769 828 8408 9847 2305 2143 6745 8230 5443 3809 3701 8201 8831 9510 6957 7837 1999 6727 5918 2332 5212 9271 8251 4533 8929 2083 8847 6477 9235 2722 6690 4386 7960 2500 9036 80 2950 6940 5097 3495 4442 4687 7128 8046 4472 9214 2137 1131 1183
Error
Error
Error
174
Error
5974
175
5727
False
Error
9607 1183 1131 2137 9214 4472 8046 7128 4687 4442 3495 5097 6940 2950 80 9036 2500 7960 4386 6690 2722 9235 6477 8847 2083 8929 4533 8251 9271 5212 2332 5918 6727 1999 7837 6957 9510 8831 8201 3701 3809 5443 8230 6745 2143 2305 9847 8408 828 9769 1110 3103 8705 4342 4121 9714 4887 6228 2650 1799 504 4362 7482 5798 5952 3766 9597 3803 9211 2654 725 7606 5303 4975 9756 8802 3002 8469 8125 2858 6912 7891 4863 8810 7555 166 5974 5727 4971 6587 7498 7413 1211 8404 5344 4115 6122 4216 6396 6075 9954 4187 8890 7197 3131 9548 1837 3372 7621 7788 5934 8892 2056 5705 5172 4487 6434 1035 3189 3073 7415 2236 5658 7453 4070 3141 4716 7138 2846 829 9807 2717 9357 4387 1827 5201 2547 5913 2482 9966 807 782 6561 8262 9767 7280 5090 9753 2312 8630 8568 6053 1091 4249 6315 4439 783 4856 2853 9442 2364 6212 9235 3875 1491 9712 5085 7433 286 8355 2391 2320 282 2026 3365 1276 1232
178
9607 1183 1131 2137 9214 4472 8046 7128 4687 4442 3495 5097 6940 2950 80 9036 2500 7960 4386 6690 2722 9235 6477 8847 2083 8929 4533 8251 9271 5212 2332 5918 6727 1999 7837 6957 9510 8831 8201 3701 3809 5443 8230 6745 2143 2305 9847 8408 828 9769 1110 3103 8705 4342 4121 9714 4887 6228 2650 1799 504 4362 7482 5798 5952 3766 9597 3803 9211 2654 725 7606 5303 4975 9756 8802 3002 8469 8125 2858 6912 7891 4863 8810 7555 166 5974 5727 4971 6587 7498 7413 1211 8404 5344 4115 6122 4216 6396 6075 9954 4187 8890 7197 3131 9548 1837 3372 7621 7788 5934 8892 2056 5705 5172 4487 6434 1035 3189 3073 7415 2236 5658 7453 4070 3141 4716 7138 2846 829 9807 2717 9357 4387 1827 5201 2547 5913 2482 9966 807 782 6561 8262 9767 7280 5090 9753 2312 8630 8568 6053 1091 4249 6315 4439 783 4856 2853 9442 2364 6212 9235 3875 1491 9712 5085 7433 286 8355 2391 2320 282 2026 3365 1276 1232 7825
Error
Error
Error
Error
9607 1183 1131 2137 9214 4472 8046 7128 4687 4442 3495 5097 6940 2950 80 9036 2500 7960 4386 6690 2722 9235 6477 8847 2083 8929 4533 8251 9271 5212 2332 5918 6727 1999 7837 6957 9510 8831 8201 3701 3809 5443 8230 6745 2143 2305 9847 8408 828 9769 1110 3103 8705 4342 4121 9714 4887 6228 2650 1799 504 4362 7482 5798 5952 3766 9597 3803 9211 2654 725 7606 5303 4975 9756 8802 3002 8469 8125 2858 6912 7891 4863 8810 7555 166 5974 5727 4971 6587 7498 7413 1211 8404 5344 4115 6122 4216 6396 6075 9954 4187 8890 7197 3131 9548 1837 3372 7621 7788 5934 8892 2056 5705 5172 4487 6434 1035 3189 3073 7415 2236 5658 7453 4070 3141 4716 7138 2846 829 9807 2717 9357 4387 1827 5201 2547 5913 2482 9966 807 782 6561 8262 9767 7280 5090 9753 2312 8630 8568 6053 1091 4249 6315 4439 783 4856 2853 9442 2364 6212 9235 3875 1491 9712 5085 7433 286 8355 2391 2320 282 2026 3365 1276 1232 7825
Error
4971
Error
7825 1232 1276 3365 2026 282 2320 2391 8355 286 7433 5085 9712 1491 3875 9235 6212 2364 9442 2853 4856 783 4439 6315 4249 1091 6053 8568 8630 2312 9753 5090 7280 9767 8262 6561 782 807 9966 2482 5913 2547 5201 1827 4387 9357 2717 9807 829 2846 7138 4716 3141 4070 7453 5658 2236 7415 3073 3189 1035 6434 4487 5172 5705 2056 8892 5934 7788 7621 3372 1837 9548 3131 7197 8890 4187 9954 6075 6396 4216 6122 4115 5344 8404 1211 7413 7498 6587 4971 5727 5974 166 7555 8810 4863 7891 6912 2858 8125 8469 3002 8802 9756 4975 5303 7606 725 2654 9211 3803 9597 3766 5952 5798 7482 4362 504 1799 2650 6228 4887 9714 4121 4342 8705 3103 1110 9769 828 8408 9847 2305 2143 6745 8230 5443 3809 3701 8201 8831 9510 6957 7837 1999 6727 5918 2332 5212 9271 8251 4533 8929 2083 8847 6477 9235 2722 6690 4386 7960 2500 9036 80 2950 6940 5097 3495 4442 4687 7128 8046 4472 9214 2137 1131 1183 9607 7042 6779
181
Error
Error
5327 6779 7042 9607 1183 1131 2137 9214 4472 8046 7128 4687 4442 3495 5097 6940 2950 80 9036 2500 7960 4386 6690 2722 9235 6477 8847 2083 8929 4533 8251 9271 5212 2332 5918 6727 1999 7837 6957 9510 8831 8201 3701 3809 5443 8230 6745 2143 2305 9847 8408 828 9769 1110 3103 8705 4342 4121 9714 4887 6228 2650 1799 504 4362 7482 5798 5952 3766 9597 3803 9211 2654 725 7606 5303 4975 9756 8802 3002 8469 8125 2858 6912 7891 4863 8810 7555 166 5974 5727 4971 6587 7498 7413 1211 8404 5344 4115 6122 4216 6396 6075 9954 4187 8890 7197 3131 9548 1837 3372 7621 7788 5934 8892 2056 5705 5172 4487 6434 1035 3189 3073 7415 2236 5658 7453 4070 3141 4716 7138 2846 829 9807 2717 9357 4387 1827 5201 2547 5913 2482 9966 807 782 6561 8262 9767 7280 5090 9753 2312 8630 8568 6053 1091 4249 6315 4439 783 4856 2853 9442 2364 6212 9235 3875 1491 9712 5085 7433 286 8355 2391 2320 282 2026 3365 1276 1232 7825 2443 2358
5327 6779 7042 9607 1183 1131 2137 9214 4472 8046 7128 4687 4442 3495 5097 6940 2950 80 9036 2500 7960 4386 6690 2722 9235 6477 8847 2083 8929 4533 8251 9271 5212 2332 5918 6727 1999 7837 6957 9510 8831 8201 3701 3809 5443 8230 6745 2143 2305 9847 8408 828 9769 1110 3103 8705 4342 4121 9714 4887 6228 2650 1799 504 4362 7482 5798 5952 3766 9597 3803 9211 2654 725 7606 5303 4975 9756 8802 3002 8469 8125 2858 6912 7891 4863 8810 7555 166 5974 5727 4971 6587 7498 7413 1211 8404 5344 4115 6122 4216 6396 6075 9954 4187 8890 7197 3131 9548 1837 3372 7621 7788 5934 8892 2056 5705 5172 4487 6434 1035 3189 3073 7415 2236 5658 7453 4070 3141 4716 7138 2846 829 9807 2717 9357 4387 1827 5201 2547 5913 2482 9966 807 782 6561 8262 9767 7280 5090 9753 2312 8630 8568 6053 1091 4249 6315 4439 783 4856 2853 9442 2364 6212 9235 3875 1491 9712 5085 7433 286 8355 2391 2320 282 2026 3365 1276 1232 7825 2443 2358
Error
Error
184
False
Error
185
Error
185
6587
6820 1380 2358 2443 7825 1232 1276 3365 2026 282 2320 2391 8355 286 7433 5085 9712 1491 3875 9235 6212 2364 9442 2853 4856 783 4439 6315 4249 1091 6053 8568 8630 2312 9753 5090 7280 9767 8262 6561 782 807 9966 2482 5913 2547 5201 1827 4387 9357 2717 9807 829 2846 7138 4716 3141 4070 7453 5658 2236 7415 3073 3189 1035 6434 4487 5172 5705 2056 8892 5934 7788 7621 3372 1837 9548 3131 7197 8890 4187 9954 6075 6396 4216 6122 4115 5344 8404 1211 7413 7498 6587 4971 5727 5974 166 7555 8810 4863 7891 6912 2858 8125 8469 3002 8802 9756 4975 5303 7606 725 2654 9211 3803 9597 3766 5952 5798 7482 4362 504 1799 2650 6228 4887 9714 4121 4342 8705 3103 1110 9769 828 8408 9847 2305 2143 6745 8230 5443 3809 3701 8201 8831 9510 6957 7837 1999 6727 5918 2332 5212 9271 8251 4533 8929 2083 8847 6477 9235 2722 6690 4386 7960 2500 9036 80 2950 6940 5097 3495 4442 4687 7128 8046 4472 9214 2137 1131 1183 9607 7042 6779 5327 6664
6587
6587
186
Error
Error
187
False
6587
6587
6664 5327 6779 7042 9607 1183 1131 2137 9214 4472 8046 7128 4687 4442 3495 5097 6940 2950 80 9036 2500 7960 4386 6690 2722 9235 6477 8847 2083 8929 4533 8251 9271 5212 2332 5918 6727 1999 7837 6957 9510 8831 8201 3701 3809 5443 8230 6745 2143 2305 9847 8408 828 9769 1110 3103 8705 4342 4121 9714 4887 6228 2650 1799 504 4362 7482 5798 5952 3766 9597 3803 9211 2654 725 7606 5303 4975 9756 8802 3002 8469 8125 2858 6912 7891 4863 8810 7555 166 5974 5727 4971 6587 7498 7413 1211 8404 5344 4115 6122 4216 6396 6075 9954 4187 8890 7197 3131 9548 1837 3372 7621 7788 5934 8892 2056 5705 5172 4487 6434 1035 3189 3073 7415 2236 5658 7453 4070 3141 4716 7138 2846 829 9807 2717 9357 4387 1827 5201 2547 5913 2482 9966 807 782 6561 8262 9767 7280 5090 9753 2312 8630 8568 6053 1091 4249 6315 4439 783 4856 2853 9442 2364 6212 9235 3875 1491 9712 5085 7433 286 8355 2391 2320 282 2026 3365 1276 1232 7825 2443 2358 1380 6820 8670
False
False
6664 5327 6779 7042 9607 1183 1131 2137 9214 4472 8046 7128 4687 4442 3495 5097 6940 2950 80 9036 2500 7960 4386 6690 2722 9235 6477 8847 2083 8929 4533 8251 9271 5212 2332 5918 6727 1999 7837 6957 9510 8831 8201 3701 3809 5443 8230 6745 2143 2305 9847 8408 828 9769 1110 3103 8705 4342 4121 9714 4887 6228 2650 1799 504 4362 7482 5798 5952 3766 9597 3803 9211 2654 725 7606 5303 4975 9756 8802 3002 8469 8125 2858 6912 7891 4863 8810 7555 166 5974 5727 4971 6587 7498 7413 1211 8404 5344 4115 6122 4216 6396 6075 9954 4187 8890 7197 3131 9548 1837 3372 7621 7788 5934 8892 2056 5705 5172 4487 6434 1035 3189 3073 7415 2236 5658 7453 4070 3141 4716 7138 2846 829 9807 2717 9357 4387 1827 5201 2547 5913 2482 9966 807 782 6561 8262 9767 7280 5090 9753 2312 8630 8568 6053 1091 4249 6315 4439 783 4856 2853 9442 2364 6212 9235 3875 1491 9712 5085 7433 286 8355 2391 2320 282 2026 3365 1276 1232 7825 2443 2358 1380 6820 8670 4674
188
188
188
Error
Error
False
6587
6664 5327 6779 7042 9607 1183 1131 2137 9214 4472 8046 7128 4687 4442 3495 5097 6940 2950 80 9036 2500 7960 4386 6690 2722 9235 6477 8847 2083 8929 4533 8251 9271 5212 2332 5918 6727 1999 7837 6957 9510 8831 8201 3701 3809 5443 8230 6745 2143 2305 9847 8408 828 9769 1110 3103 8705 4342 4121 9714 4887 6228 2650 1799 504 4362 7482 5798 5952 3766 9597 3803 9211 2654 725 7606 5303 4975 9756 8802 3002 8469 8125 2858 6912 7891 4863 8810 7555 166 5974 5727 4971 6587 7498 7413 1211 8404 5344 4115 6122 4216 6396 6075 9954 4187 8890 7197 3131 9548 1837 3372 7621 7788 5934 8892 2056 5705 5172 4487 6434 1035 3189 3073 7415 2236 5658 7453 4070 3141 4716 7138 2846 829 9807 2717 9357 4387 1827 5201 2547 5913 2482 9966 807 782 6561 8262 9767 7280 5090 9753 2312 8630 8568 6053 1091 4249 6315 4439 783 4856 2853 9442 2364 6212 9235 3875 1491 9712 5085 7433 286 8355 2391 2320 282 2026 3365 1276 1232 7825 2443 2358 1380 6820 8670 4674
Error
189
Error
Error
False
False
False
Error
Error
4971
Error
5727
False
197
5727
197
Error
False
False
5727
6379 300 4674 8670 6820 1380 2358 2443 7825 1232 1276 3365 2026 282 2320 2391 8355 286 7433 5085 9712 1491 3875 9235 6212 2364 9442 2853 4856 783 4439 6315 4249 1091 6053 8568 8630 2312 9753 5090 7280 9767 8262 6561 782 807 9966 2482 5913 2547 5201 1827 4387 9357 2717 9807 829 2846 7138 4716 3141 4070 7453 5658 2236 7415 3073 3189 1035 6434 4487 5172 5705 2056 8892 5934 7788 7621 3372 1837 9548 3131 7197 8890 4187 9954 6075 6396 4216 6122 4115 5344 8404 1211 7413 7498 6587 4971 5727 5974 166 7555 8810 4863 7891 6912 2858 8125 8469 3002 8802 9756 4975 5303 7606 725 2654 9211 3803 9597 3766 5952 5798 7482 4362 504 1799 2650 6228 4887 9714 4121 4342 8705 3103 1110 9769 828 8408 9847 2305 2143 6745 8230 5443 3809 3701 8201 8831 9510 6957 7837 1999 6727 5918 2332 5212 9271 8251 4533 8929 2083 8847 6477 9235 2722 6690 4386 7960 2500 9036 80 2950 6940 5097 3495 4442 4687 7128 8046 4472 9214 2137 1131 1183 9607 7042 6779 5327 6664 2120 8365 1881 6138 8413 1165 331 4324
Error
5974
199
6379 300 4674 8670 6820 1380 2358 2443 7825 1232 1276 3365 2026 282 2320 2391 8355 286 7433 5085 9712 1491 3875 9235 6212 2364 9442 2853 4856 783 4439 6315 4249 1091 6053 8568 8630 2312 9753 5090 7280 9767 8262 6561 782 807 9966 2482 5913 2547 5201 1827 4387 9357 2717 9807 829 2846 7138 4716 3141 4070 7453 5658 2236 7415 3073 3189 1035 6434 4487 5172 5705 2056 8892 5934 7788 7621 3372 1837 9548 3131 7197 8890 4187 9954 6075 6396 4216 6122 4115 5344 8404 1211 7413 7498 6587 4971 5727 5974 166 7555 8810 4863 7891 6912 2858 8125 8469 3002 8802 9756 4975 5303 7606 725 2654 9211 3803 9597 3766 5952 5798 7482 4362 504 1799 2650 6228 4887 9714 4121 4342 8705 3103 1110 9769 828 8408 9847 2305 2143 6745 8230 5443 3809 3701 8201 8831 9510 6957 7837 1999 6727 5918 2332 5212 9271 8251 4533 8929 2083 8847 6477 9235 2722 6690 4386 7960 2500 9036 80 2950 6940 5097 3495 4442 4687 7128 8046 4472 9214 2137 1131 1183 9607 7042 6779 5327 6664 2120 8365 1881 6138 8413 1165 331 4324 821 5927
False
166
200
Error
5927 821 4324 331 1165 8413 6138 1881 8365 2120 6664 5327 6779 7042 9607 1183 1131 2137 9214 4472 8046 7128 4687 4442 3495 5097 6940 2950 80 9036 2500 7960 4386 6690 2722 9235 6477 8847 2083 8929 4533 8251 9271 5212 2332 5918 6727 1999 7837 6957 9510 8831 8201 3701 3809 5443 8230 6745 2143 2305 9847 8408 828 9769 1110 3103 8705 4342 4121 9714 4887 6228 2650 1799 504 4362 7482 5798 5952 3766 9597 3803 9211 2654 725 7606 5303 4975 9756 8802 3002 8469 8125 2858 6912 7891 4863 8810 7555 166 5974 5727 4971 6587 7498 7413 1211 8404 5344 4115 6122 4216 6396 6075 9954 4187 8890 7197 3131 9548 1837 3372 7621 7788 5934 8892 2056 5705 5172 4487 6434 1035 3189 3073 7415 2236 5658 7453 4070 3141 4716 7138 2846 829 9807 2717 9357 4387 1827 5201 2547 5913 2482 9966 807 782 6561 8262 9767 7280 5090 9753 2312 8630 8568 6053 1091 4249 6315 4439 783 4856 2853 9442 2364 6212 9235 3875 1491 9712 5085 7433 286 8355 2391 2320 282 2026 3365 1276 1232 7825 2443 2358 1380 6820 8670 4674 300 6379
6379 300 4674 8670 6820 1380 2358 2443 7825 1232 1276 3365 2026 282 2320 2391 8355 286 7433 5085 9712 1491 3875 9235 6212 2364 9442 2853 4856 783 4439 6315 4249 1091 6053 8568 8630 2312 9753 5090 7280 9767 8262 6561 782 807 9966 2482 5913 2547 5201 1827 4387 9357 2717 9807 829 2846 7138 4716 3141 4070 7453 5658 2236 7415 3073 3189 1035 6434 4487 5172 5705 2056 8892 5934 7788 7621 3372 1837 9548 3131 7197 8890 4187 9954 6075 6396 4216 6122 4115 5344 8404 1211 7413 7498 6587 4971 5727 5974 166 7555 8810 4863 7891 6912 2858 8125 8469 3002 8802 9756 4975 5303 7606 725 2654 9211 3803 9597 3766 5952 5798 7482 4362 504 1799 2650 6228 4887 9714 4121 4342 8705 3103 1110 9769 828 8408 9847 2305 2143 6745 8230 5443 3809 3701 8201 8831 9510 6957 7837 1999 6727 5918 2332 5212 9271 8251 4533 8929 2083 8847 6477 9235 2722 6690 4386 7960 2500 9036 80 2950 6940 5097 3495 4442 4687 7128 8046 4472 9214 2137 1131 1183 9607 7042 6779 5327 6664 2120 8365 1881 6138 8413 1165 331 4324 821 5927
6379 300 4674 8670 6820 1380 2358 2443 7825 1232 1276 3365 2026 282 2320 2391 8355 286 7433 5085 9712 1491 3875 9235 6212 2364 9442 2853 4856 783 4439 6315 4249 1091 6053 8568 8630 2312 9753 5090 7280 9767 8262 6561 782 807 9966 2482 5913 2547 5201 1827 4387 9357 2717 9807 829 2846 7138 4716 3141 4070 7453 5658 2236 7415 3073 3189 1035 6434 4487 5172 5705 2056 8892 5934 7788 7621 3372 1837 9548 3131 7197 8890 4187 9954 6075 6396 4216 6122 4115 5344 8404 1211 7413 7498 6587 4971 5727 5974 166 7555 8810 4863 7891 6912 2858 8125 8469 3002 8802 9756 4975 5303 7606 725 2654 9211 3803 9597 3766 5952 5798 7482 4362 504 1799 2650 6228 4887 9714 4121 4342 8705 3103 1110 9769 828 8408 9847 2305 2143 6745 8230 5443 3809 3701 8201 8831 9510 6957 7837 1999 6727 5918 2332 5212 9271 8251 4533 8929 2083 8847 6477 9235 2722 6690 4386 7960 2500 9036 80 2950 6940 5097 3495 4442 4687 7128 8046 4472 9214 2137 1131 1183 9607 7042 6779 5327 6664 2120 8365 1881 6138 8413 1165 331 4324 821 5927 5671 4829
6379 300 4674 8670 6820 1380 2358 2443 7825 1232 1276 3365 2026 282 2320 2391 8355 286 7433 5085 9712 1491 3875 9235 6212 2364 9442 2853 4856 783 4439 6315 4249 1091 6053 8568 8630 2312 9753 5090 7280 9767 8262 6561 782 807 9966 2482 5913 2547 5201 1827 4387 9357 2717 9807 829 2846 7138 4716 3141 4070 7453 5658 2236 7415 3073 3189 1035 6434 4487 5172 5705 2056 8892 5934 7788 7621 3372 1837 9548 3131 7197 8890 4187 9954 6075 6396 4216 6122 4115 5344 8404 1211 7413 7498 6587 4971 5727 5974 166 7555 8810 4863 7891 6912 2858 8125 8469 3002 8802 9756 4975 5303 7606 725 2654 9211 3803 9597 3766 5952 5798 7482 4362 504 1799 2650 6228 4887 9714 4121 4342 8705 3103 1110 9769 828 8408 9847 2305 2143 6745 8230 5443 3809 3701 8201 8831 9510 6957 7837 1999 6727 5918 2332 5212 9271 8251 4533 8929 2083 8847 6477 9235 2722 6690 4386 7960 2500 9036 80 2950 6940 5097 3495 4442 4687 7128 8046 4472 9214 2137 1131 1183 9607 7042 6779 5327 6664 2120 8365 1881 6138 8413 1165 331 4324 821 5927 5671 4829
202
166
166
Error
203
7555
Error
Error
Error
Error
Error
Error
Error
Error
7555
7555
Error
False
208
False
False
208
Error
False
Error
208
Error
Error
Error
7555
1749 6710 4696 4829 5671 5927 821 4324 331 1165 8413 6138 1881 8365 2120 6664 5327 6779 7042 9607 1183 1131 2137 9214 4472 8046 7128 4687 4442 3495 5097 6940 2950 80 9036 2500 7960 4386 6690 2722 9235 6477 8847 2083 8929 4533 8251 9271 5212 2332 5918 6727 1999 7837 6957 9510 8831 8201 3701 3809 5443 8230 6745 2143 2305 9847 8408 828 9769 1110 3103 8705 4342 4121 9714 4887 6228 2650 1799 504 4362 7482 5798 5952 3766 9597 3803 9211 2654 725 7606 5303 4975 9756 8802 3002 8469 8125 2858 6912 7891 4863 8810 7555 166 5974 5727 4971 6587 7498 7413 1211 8404 5344 4115 6122 4216 6396 6075 9954 4187 8890 7197 3131 9548 1837 3372 7621 7788 5934 8892 2056 5705 5172 4487 6434 1035 3189 3073 7415 2236 5658 7453 4070 3141 4716 7138 2846 829 9807 2717 9357 4387 1827 5201 2547 5913 2482 9966 807 782 6561 8262 9767 7280 5090 9753 2312 8630 8568 6053 1091 4249 6315 4439 783 4856 2853 9442 2364 6212 9235 3875 1491 9712 5085 7433 286 8355 2391 2320 282 2026 3365 1276 1232 7825 2443 2358 1380 6820 8670 4674 300 6379 231 6722 7390 1761
Error
Error
Error
False
False
Error
Error
False
Error
Error
212
Error
False
False
166
False
Error
Error
212
Error
Error
Error
False
166
Error
8208 1761 7390 6722 231 6379 300 4674 8670 6820 1380 2358 2443 7825 1232 1276 3365 2026 282 2320 2391 8355 286 7433 5085 9712 1491 3875 9235 6212 2364 9442 2853 4856 783 4439 6315 4249 1091 6053 8568 8630 2312 9753 5090 7280 9767 8262 6561 782 807 9966 2482 5913 2547 5201 1827 4387 9357 2717 9807 829 2846 7138 4716 3141 4070 7453 5658 2236 7415 3073 3189 1035 6434 4487 5172 5705 2056 8892 5934 7788 7621 3372 1837 9548 3131 7197 8890 4187 9954 6075 6396 4216 6122 4115 5344 8404 1211 7413 7498 6587 4971 5727 5974 166 7555 8810 4863 7891 6912 2858 8125 8469 3002 8802 9756 4975 5303 7606 5187 725 2654 9211 3803 9597 3766 5952 5798 7482 4362 504 1799 2650 6228 4887 9714 4121 4342 8705 3103 1110 9769 828 8408 9847 2305 2143 6745 8230 5443 3809 3701 8201 8831 9510 6957 7837 1999 6727 5918 2332 5212 9271 8251 4533 8929 2083 8847 6477 9235 2722 6690 4386 7960 2500 9036 80 2950 6940 5097 3495 4442 4687 7128 8046 4472 9214 2137 1131 1183 9607 7042 6779 5327 6664 2120 8365 1881 6138 8413 1165 331 4324 821 5927 5671 4829 4696 6710 1749 9504 7373
Error
7555
7555
7555
Error
Error
214
7373 9504 1749 6710 4696 4829 5671 5927 821 4324 331 1165 8413 6138 1881 8365 2120 6664 5327 6779 7042 9607 1183 1131 2137 9214 4472 8046 7128 4687 4442 3495 5097 6940 2950 80 9036 2500 7960 4386 6690 2722 9235 6477 8847 2083 8929 4533 8251 9271 5212 2332 5918 6727 1999 7837 6957 9510 8831 8201 3701 3809 5443 8230 6745 2143 2305 9847 8408 828 9769 1110 3103 8705 4342 4121 9714 4887 6228 2650 1799 504 4362 7482 5798 5952 3766 9597 3803 9211 2654 725 5187 7606 5303 4975 9756 8802 3002 8469 8125 2858 6912 7891 4863 8810 7555 166 5974 5727 4971 6587 7498 7413 1211 8404 5344 4115 6122 4216 6396 6075 9954 4187 8890 7197 3131 9548 1837 3372 7621 7788 5934 8892 2056 5705 5172 4487 6434 1035 3189 3073 7415 2236 5658 7453 4070 3141 4716 7138 2846 829 9807 2717 9357 4387 1827 5201 2547 5913 2482 9966 807 782 6561 8262 9767 7280 5090 9753 2312 8630 8568 6053 1091 4249 6315 4439 783 4856 2853 9442 2364 6212 9235 3875 1491 9712 5085 7433 286 8355 2391 2320 282 2026 3365 1276 1232 7825 2443 2358 1380 6820 8670 4674 300 6379 231 6722 7390 1761 8208 1294 4516 502
7373 9504 1749 6710 4696 4829 5671 5927 821 4324 331 1165 8413 6138 1881 8365 2120 6664 5327 6779 7042 9607 1183 1131 2137 9214 4472 8046 7128 4687 4442 3495 5097 6940 2950 80 9036 2500 7960 4386 6690 2722 9235 6477 8847 2083 8929 4533 8251 9271 5212 2332 5918 6727 1999 7837 6957 9510 8831 8201 3701 3809 5443 8230 6745 2143 2305 9847 8408 828 9769 1110 3103 8705 4342 4121 9714 4887 6228 2650 1799 504 4362 7482 5798 5952 3766 9597 3803 9211 2654 725 5187 7606 5303 4975 9756 8802 3002 8469 8125 2858 6912 7891 4863 8810 7555 166 5974 5727 4971 6587 7498 7413 1211 8404 5344 4115 6122 4216 6396 6075 9954 4187 8890 7197 3131 9548 1837 3372 7621 7788 5934 8892 2056 5705 5172 4487 6434 1035 3189 3073 7415 2236 5658 7453 4070 3141 4716 7138 2846 829 9807 2717 9357 4387 1827 5201 2547 5913 2482 9966 807 782 6561 8262 9767 7280 5090 9753 2312 8630 8568 6053 1091 4249 6315 4439 783 4856 2853 9442 2364 6212 9235 3875 1491 9712 5085 7433 286 8355 2391 2320 282 2026 3365 1276 1232 7825 2443 2358 1380 6820 8670 4674 300 6379 231 6722 7390 1761 8208 1294 4516 502 3898
5974
Error
217
Error
False
5974
Error
5974
7373 9504 1749 6710 4696 4829 5671 5927 821 4324 331 1165 8413 6138 1881 8365 2120 6664 5327 6779 7042 9607 1183 1131 2137 9214 4472 8046 7128 4687 4442 3495 5097 6940 2950 80 9036 2500 7960 4386 6690 2722 9235 6477 8847 2083 8929 4533 8251 9271 5212 2332 5918 6727 1999 7837 6957 9510 8831 8201 3701 3809 5443 8230 6745 2143 2305 9847 8408 828 9769 1110 3103 8705 4342 4121 9714 4887 6228 2650 1799 504 4362 7482 5798 5952 3766 9597 3803 9211 2654 725 5187 7606 5303 4975 9756 8802 3002 8469 8125 2858 6912 7891 4863 8810 7555 166 5974 5727 4971 6587 7498 7413 1211 8404 5344 4115 6122 4216 6396 6075 9954 4187 8890 7197 3131 9548 1837 3372 7621 7788 5934 8892 2056 5705 5172 4487 6434 1035 3189 3073 7415 2236 5658 7453 4070 3141 4716 7138 2846 829 9807 2717 9357 4387 1827 5201 2547 5913 2482 9966 807 782 6561 8262 9767 7280 5090 9753 2312 8630 8568 6053 1091 4249 6315 4439 783 4856 2853 9442 2364 6212 9235 3875 1491 9712 5085 7433 286 8355 2391 2320 282 2026 3365 1276 1232 7825 2443 2358 1380 6820 8670 4674 300 6379 231 6722 7390 1761 8208 1294 4516 502 3898 859
Error
7373 9504 1749 6710 4696 4829 5671 5927 821 4324 331 1165 8413 6138 1881 8365 2120 6664 5327 6779 7042 9607 1183 1131 2137 9214 4472 8046 7128 4687 4442 3495 5097 6940 2950 80 9036 2500 7960 4386 6690 2722 9235 6477 8847 2083 8929 4533 8251 9271 5212 2332 5918 6727 1999 7837 6957 9510 8831 8201 3701 3809 5443 8230 6745 2143 2305 9847 8408 828 9769 1110 3103 8705 4342 4121 9714 4887 6228 2650 1799 504 4362 7482 5798 5952 3766 9597 3803 9211 2654 725 5187 7606 5303 4975 9756 8802 3002 8469 8125 2858 6912 7891 4863 8810 7555 166 5974 5727 4971 6587 7498 7413 1211 8404 5344 4115 6122 4216 6396 6075 9954 4187 8890 7197 3131 9548 1837 3372 7621 7788 5934 8892 2056 5705 5172 4487 6434 1035 3189 3073 7415 2236 5658 7453 4070 3141 4716 7138 2846 829 9807 2717 9357 4387 1827 5201 2547 5913 2482 9966 807 782 6561 8262 9767 7280 5090 9753 2312 8630 8568 6053 1091 4249 6315 4439 783 4856 2853 9442 2364 6212 9235 3875 1491 9712 5085 7433 286 8355 2391 2320 282 2026 3365 1276 1232 7825 2443 2358 1380 6820 8670 4674 300 6379 231 6722 7390 1761 8208 1294 4516 502 3898 859
Error
Error
7373 9504 1749 6710 4696 4829 5671 5927 821 4324 331 1165 8413 6138 1881 8365 2120 6664 5327 6779 7042 9607 1183 1131 2137 9214 4472 8046 7128 4687 4442 3495 5097 6940 2950 80 9036 2500 7960 4386 6690 2722 9235 6477 8847 2083 8929 4533 8251 9271 5212 2332 5918 6727 1999 7837 6957 9510 8831 8201 3701 3809 5443 8230 6745 2143 2305 9847 8408 828 9769 1110 3103 8705 4342 4121 9714 4887 6228 2650 1799 504 4362 7482 5798 5952 3766 9597 3803 9211 2654 725 5187 7606 5303 4975 9756 8802 3002 8469 8125 2858 6912 7891 4863 8810 7555 166 5974 5727 4971 6587 7498 7413 1211 8404 5344 4115 6122 4216 6396 6075 9954 4187 8890 7197 3131 9548 1837 3372 7621 7788 5934 8892 2056 5705 5172 4487 6434 1035 3189 3073 7415 2236 5658 7453 4070 3141 4716 7138 2846 829 9807 2717 9357 4387 1827 5201 2547 5913 2482 9966 807 782 6561 8262 9767 7280 5090 9753 2312 8630 8568 6053 1091 4249 6315 4439 783 4856 2853 9442 2364 6212 9235 3875 1491 9712 5085 7433 286 8355 2391 2320 282 2026 3365 1276 1232 7825 2443 2358 1380 6820 8670 4674 300 6379 231 6722 7390 1761 8208 1294 4516 502 3898 859
False
False
7373 9504 1749 6710 4696 4829 5671 5927 821 4324 331 1165 8413 6138 1881 8365 2120 6664 5327 6779 7042 9607 1183 1131 2137 9214 4472 8046 7128 4687 4442 3495 5097 6940 2950 80 9036 2500 7960 4386 6690 2722 9235 6477 8847 2083 8929 4533 8251 9271 5212 2332 5918 6727 1999 7837 6957 9510 8831 8201 3701 3809 5443 8230 6745 2143 2305 9847 8408 828 9769 1110 3103 8705 4342 4121 9714 4887 6228 2650 1799 504 4362 7482 5798 5952 3766 9597 3803 9211 2654 725 5187 7606 5303 4975 9756 8802 3002 8469 8125 2858 6912 7891 4863 8810 7555 166 5974 5727 4971 6587 7498 7413 1211 8404 5344 4115 6122 4216 6396 6075 9954 4187 8890 7197 3131 9548 1837 3372 7621 7788 5934 8892 2056 5705 5172 4487 6434 1035 3189 3073 7415 2236 5658 7453 4070 3141 4716 7138 2846 829 9807 2717 9357 4387 1827 5201 2547 5913 2482 9966 807 782 6561 8262 9767 7280 5090 9753 2312 8630 8568 6053 1091 4249 6315 4439 783 4856 2853 9442 2364 6212 9235 3875 1491 9712 5085 7433 286 8355 2391 2320 282 2026 3365 1276 1232 7825 2443 2358 1380 6820 8670 4674 300 6379 231 6722 7390 1761 8208 1294 4516 502 3898 859
False
False
False
5727
Error
219
7373 9504 1749 6710 4696 4829 5671 5927 821 4324 331 1165 8413 6138 1881 8365 2120 6664 5327 6779 7042 9607 1183 1131 2137 9214 4472 8046 7128 4687 4442 3495 5097 6940 2950 80 9036 2500 7960 4386 6690 2722 9235 6477 8847 2083 8929 4533 8251 9271 5212 2332 5918 6727 1999 7837 6957 9510 8831 8201 3701 3809 5443 8230 6745 2143 2305 9847 8408 828 9769 1110 3103 8705 4342 4121 9714 4887 6228 2650 1799 504 4362 7482 5798 5952 3766 9597 3803 9211 2654 725 5187 7606 5303 4975 9756 8802 3002 8469 8125 2858 6912 7891 4863 8810 7555 166 5974 5727 4971 6587 7498 7413 1211 8404 5344 4115 6122 4216 6396 6075 9954 4187 8890 7197 3131 9548 1837 3372 7621 7788 5934 8892 2056 5705 5172 4487 6434 1035 3189 3073 7415 2236 5658 7453 4070 3141 4716 7138 2846 829 9807 2717 9357 4387 1827 5201 2547 5913 2482 9966 807 782 6561 8262 9767 7280 5090 9753 2312 8630 8568 6053 1091 4249 6315 4439 783 4856 2853 9442 2364 6212 9235 3875 1491 9712 5085 7433 286 8355 2391 2320 282 2026 3365 1276 1232 7825 2443 2358 1380 6820 8670 4674 300 6379 231 6722 7390 1761 8208 1294 4516 502 3898 859 7303
False
Error
7373 9504 1749 6710 4696 4829 5671 5927 821 4324 331 1165 8413 6138 1881 8365 2120 6664 5327 6779 7042 9607 1183 1131 2137 9214 4472 8046 7128 4687 4442 3495 5097 6940 2950 80 9036 2500 7960 4386 6690 2722 9235 6477 8847 2083 8929 4533 8251 9271 5212 2332 5918 6727 1999 7837 6957 9510 8831 8201 3701 3809 5443 8230 6745 2143 2305 9847 8408 828 9769 1110 3103 8705 4342 4121 9714 4887 6228 2650 1799 504 4362 7482 5798 5952 3766 9597 3803 9211 2654 725 5187 7606 5303 4975 9756 8802 3002 8469 8125 2858 6912 7891 4863 8810 7555 166 5974 5727 4971 6587 7498 7413 1211 8404 5344 4115 6122 4216 6396 6075 9954 4187 8890 7197 3131 9548 1837 3372 7621 7788 5934 8892 2056 5705 5172 4487 6434 1035 3189 3073 7415 2236 5658 7453 4070 3141 4716 7138 2846 829 9807 2717 9357 4387 1827 5201 2547 5913 2482 9966 807 782 6561 8262 9767 7280 5090 9753 2312 8630 8568 6053 1091 4249 6315 4439 783 4856 2853 9442 2364 6212 9235 3875 1491 9712 5085 7433 286 8355 2391 2320 282 2026 3365 1276 1232 7825 2443 2358 1380 6820 8670 4674 300 6379 231 6722 7390 1761 8208 1294 4516 502 3898 859 7303 6280 4624 3452
4971
Error
Error
222
Error
224
Error
False
7373 9504 1749 6710 4696 4829 5671 5927 821 4324 331 1165 8413 6138 1881 8365 2120 6664 5327 6779 7042 9607 1183 1131 2137 9214 4472 8046 7128 4687 4442 3495 5097 6940 2950 80 9036 2500 7960 4386 6690 2722 9235 6477 8847 2083 8929 4533 8251 9271 5212 2332 5918 6727 1999 7837 6957 9510 8831 8201 3701 3809 5443 8230 6745 2143 2305 9847 8408 828 9769 1110 3103 8705 4342 4121 9714 4887 6228 2650 1799 504 4362 7482 5798 5952 3766 9597 3803 9211 2654 725 5187 7606 5303 4975 9756 8802 3002 8469 8125 2858 6912 7891 4863 8810 7555 166 5974 5727 4971 6587 7498 7413 1211 8404 5344 4115 6122 4216 6396 6075 9954 4187 8890 7197 3131 9548 1837 3372 7621 7788 5934 8892 2056 5705 5172 4487 6434 1035 3189 3073 7415 2236 5658 7453 4070 3141 4716 7138 2846 829 9807 2717 9357 4387 1827 5201 2547 5913 2482 9966 807 782 6561 8262 9767 7280 5090 9753 2312 8630 8568 6053 1091 4249 6315 4439 783 4856 2853 9442 2364 6212 9235 3875 1491 9712 5085 7433 286 8355 2391 2320 282 2026 3365 1276 1232 7825 2443 2358 1380 6820 8670 4674 300 6379 231 6722 7390 1761 8208 1294 4516 502 3898 859 7303 6280 4624 3452 3722 6808 6462 9248 7587
227
False
Error
1211
1211
8768 6637 2108 7587 9248 6462 6808 3722 3452 4624 6280 7303 859 3898 502 4516 1294 8208 1761 7390 6722 231 6379 300 4674 8670 6820 1380 2358 2443 7825 1232 1276 3365 2026 282 2320 2391 8355 286 7433 5085 9712 1491 3875 9235 6212 2364 9442 2853 4856 783 4439 6315 4249 1091 6053 8568 8630 2312 9753 5090 7280 9767 8262 6561 782 807 9966 2482 5913 2547 5201 1827 4387 9357 2717 9807 829 2846 7138 4716 3141 4070 7453 5658 2236 7415 3073 3189 1035 6434 4487 5172 5705 2056 8892 5934 7788 7621 3372 1837 9548 3131 7197 8890 4187 9954 6075 6396 4216 6122 4115 5344 8404 1211 7413 7498 6587 4971 5727 5974 166 7555 8810 4863 7891 6912 2858 8125 8469 3002 8802 9756 4975 5303 7606 5187 725 2654 9211 3803 9597 3766 5952 5798 7482 4362 504 1799 2650 6228 4887 9714 4121 4342 8705 3103 1110 9769 828 8408 9847 2305 2143 6745 8230 5443 3809 3701 8201 8831 9510 6957 7837 1999 6727 5918 2332 5212 9271 8251 4533 8929 2083 8847 6477 9235 2722 6690 4386 7960 2500 9036 80 2950 6940 5097 3495 4442 4687 7128 8046 4472 9214 2137 1131 1183 9607 7042 6779 5327 6664 2120 8365 1881 6138 8413 1165 331 4324 821 5927 5671 4829 4696 6710 1749 9504 7373 8469 939
Error
Error
Error
8768 6637 2108 7587 9248 6462 6808 3722 3452 4624 6280 7303 859 3898 502 4516 1294 8208 1761 7390 6722 231 6379 300 4674 8670 6820 1380 2358 2443 7825 1232 1276 3365 2026 282 2320 2391 8355 286 7433 5085 9712 1491 3875 9235 6212 2364 9442 2853 4856 783 4439 6315 4249 1091 6053 8568 8630 2312 9753 5090 7280 9767 8262 6561 782 807 9966 2482 5913 2547 5201 1827 4387 9357 2717 9807 829 2846 7138 4716 3141 4070 7453 5658 2236 7415 3073 3189 1035 6434 4487 5172 5705 2056 8892 5934 7788 7621 3372 1837 9548 3131 7197 8890 4187 9954 6075 6396 4216 6122 4115 5344 8404 1211 7413 7498 6587 4971 5727 5974 166 7555 8810 4863 7891 6912 2858 8125 8469 3002 8802 9756 4975 5303 7606 5187 725 2654 9211 3803 9597 3766 5952 5798 7482 4362 504 1799 2650 6228 4887 9714 4121 4342 8705 3103 1110 9769 828 8408 9847 2305 2143 6745 8230 5443 3809 3701 8201 8831 9510 6957 7837 1999 6727 5918 2332 5212 9271 8251 4533 8929 2083 8847 6477 9235 2722 6690 4386 7960 2500 9036 80 2950 6940 5097 3495 4442 4687 7128 8046 4472 9214 2137 1131 1183 9607 7042 6779 5327 6664 2120 8365 1881 6138 8413 1165 331 4324 821 5927 5671 4829 4696 6710 1749 9504 7373 8469 939
8768 6637 2108 7587 9248 6462 6808 3722 3452 4624 6280 7303 859 3898 502 4516 1294 8208 1761 7390 6722 231 6379 300 4674 8670 6820 1380 2358 2443 7825 1232 1276 3365 2026 282 2320 2391 8355 286 7433 5085 9712 1491 3875 9235 6212 2364 9442 2853 4856 783 4439 6315 4249 1091 6053 8568 8630 2312 9753 5090 7280 9767 8262 6561 782 807 9966 2482 5913 2547 5201 1827 4387 9357 2717 9807 829 2846 7138 4716 3141 4070 7453 5658 2236 7415 3073 3189 1035 6434 4487 5172 5705 2056 8892 5934 7788 7621 3372 1837 9548 3131 7197 8890 4187 9954 6075 6396 4216 6122 4115 5344 8404 1211 7413 7498 6587 4971 5727 5974 166 7555 8810 4863 7891 6912 2858 8125 8469 3002 8802 9756 4975 5303 7606 5187 725 2654 9211 3803 9597 3766 5952 5798 7482 4362 504 1799 2650 6228 4887 9714 4121 4342 8705 3103 1110 9769 828 8408 9847 2305 2143 6745 8230 5443 3809 3701 8201 8831 9510 6957 7837 1999 6727 5918 2332 5212 9271 8251 4533 8929 2083 8847 6477 9235 2722 6690 4386 7960 2500 9036 80 2950 6940 5097 3495 4442 4687 7128 8046 4472 9214 2137 1131 1183 9607 7042 6779 5327 6664 2120 8365 1881 6138 8413 1165 331 4324 821 5927 5671 4829 4696 6710 1749 9504 7373 8469 939 7490
8768 6637 2108 7587 9248 6462 6808 3722 3452 4624 6280 7303 859 3898 502 4516 1294 8208 1761 7390 6722 231 6379 300 4674 8670 6820 1380 2358 2443 7825 1232 1276 3365 2026 282 2320 2391 8355 286 7433 5085 9712 1491 3875 9235 6212 2364 9442 2853 4856 783 4439 6315 4249 1091 6053 8568 8630 2312 9753 5090 7280 9767 8262 6561 782 807 9966 2482 5913 2547 5201 1827 4387 9357 2717 9807 829 2846 7138 4716 3141 4070 7453 5658 2236 7415 3073 3189 1035 6434 4487 5172 5705 2056 8892 5934 7788 7621 3372 1837 9548 3131 7197 8890 4187 9954 6075 6396 4216 6122 4115 5344 8404 1211 7413 7498 6587 4971 5727 5974 166 7555 8810 4863 7891 6912 2858 8125 8469 3002 8802 9756 4975 5303 7606 5187 725 2654 9211 3803 9597 3766 5952 5798 7482 4362 504 1799 2650 6228 4887 9714 4121 4342 8705 3103 1110 9769 828 8408 9847 2305 2143 6745 8230 5443 3809 3701 8201 8831 9510 6957 7837 1999 6727 5918 2332 5212 9271 8251 4533 8929 2083 8847 6477 9235 2722 6690 4386 7960 2500 9036 80 2950 6940 5097 3495 4442 4687 7128 8046 4472 9214 2137 1131 1183 9607 7042 6779 5327 6664 2120 8365 1881 6138 8413 1165 331 4324 821 5927 5671 4829 4696 6710 1749 9504 7373 8469 939 7490
Error
Error
False
Error
Error
Error
Error
7498
7498
7498
Error
8768 6637 2108 7587 9248 6462 6808 3722 3452 4624 6280 7303 859 3898 502 4516 1294 8208 1761 7390 6722 231 6379 300 4674 8670 6820 1380 2358 2443 7825 1232 1276 3365 2026 282 2320 2391 8355 286 7433 5085 9712 1491 3875 9235 6212 2364 9442 2853 4856 783 4439 6315 4249 1091 6053 8568 8630 2312 9753 5090 7280 9767 8262 6561 782 807 9966 2482 5913 2547 5201 1827 4387 9357 2717 9807 829 2846 7138 4716 3141 4070 7453 5658 2236 7415 3073 3189 1035 6434 4487 5172 5705 2056 8892 5934 7788 7621 3372 1837 9548 3131 7197 8890 4187 9954 6075 6396 4216 6122 4115 5344 8404 1211 7413 7498 6587 4971 5727 5974 166 7555 8810 4863 7891 6912 2858 8125 8469 3002 8802 9756 4975 5303 7606 5187 725 2654 9211 3803 9597 3766 5952 5798 7482 4362 504 1799 2650 6228 4887 9714 4121 4342 8705 3103 1110 9769 828 8408 9847 2305 2143 6745 8230 5443 3809 3701 8201 8831 9510 6957 7837 1999 6727 5918 2332 5212 9271 8251 4533 8929 2083 8847 6477 9235 2722 6690 4386 7960 2500 9036 80 2950 6940 5097 3495 4442 4687 7128 8046 4472 9214 2137 1131 1183 9607 7042 6779 5327 6664 2120 8365 1881 6138 8413 1165 331 4324 821 5927 5671 4829 4696 6710 1749 9504 7373 8469 939 7490 6104 9631 4059
236
Error
236
False
7498
Error
7498
False
Error
Error
4059 9631 6104 7490 939 8469 7373 9504 1749 6710 4696 4829 5671 5927 821 4324 331 1165 8413 6138 1881 8365 2120 6664 5327 6779 7042 9607 1183 1131 2137 9214 4472 8046 7128 4687 4442 3495 5097 6940 2950 80 9036 2500 7960 4386 6690 2722 9235 6477 8847 2083 8929 4533 8251 9271 5212 2332 5918 6727 1999 7837 6957 9510 8831 8201 3701 3809 5443 8230 6745 2143 2305 9847 8408 828 9769 1110 3103 8705 4342 4121 9714 4887 6228 2650 1799 504 4362 7482 5798 5952 3766 9597 3803 9211 2654 725 5187 7606 5303 4975 9756 8802 3002 8469 8125 2858 6912 7891 4863 8810 7555 166 5974 5727 4971 6587 7498 7413 1211 8404 5344 4115 6122 4216 6396 6075 9954 4187 8890 7197 3131 9548 1837 3372 7621 7788 5934 8892 2056 5705 5172 4487 6434 1035 3189 3073 7415 2236 5658 7453 4070 3141 4716 7138 2846 829 9807 2717 9357 4387 1827 5201 2547 5913 2482 9966 807 782 6561 8262 9767 7280 5090 9753 2312 8630 8568 6053 1091 4249 6315 4439 783 4856 2853 9442 2364 6212 9235 3875 1491 9712 5085 7433 286 8355 2391 2320 282 2026 3365 1276 1232 7825 2443 2358 1380 6820 8670 4674 300 6379 231 6722 7390 1761 8208 1294 4516 502 3898 859 7303 6280 4624 3452 3722 6808 6462 9248 7587 2108 6637 8768 1160 5947
239
4059 9631 6104 7490 939 8469 7373 9504 1749 6710 4696 4829 5671 5927 821 4324 331 1165 8413 6138 1881 8365 2120 6664 5327 6779 7042 9607 1183 1131 2137 9214 4472 8046 7128 4687 4442 3495 5097 6940 2950 80 9036 2500 7960 4386 6690 2722 9235 6477 8847 2083 8929 4533 8251 9271 5212 2332 5918 6727 1999 7837 6957 9510 8831 8201 3701 3809 5443 8230 6745 2143 2305 9847 8408 828 9769 1110 3103 8705 4342 4121 9714 4887 6228 2650 1799 504 4362 7482 5798 5952 3766 9597 3803 9211 2654 725 5187 7606 5303 4975 9756 8802 3002 8469 8125 2858 6912 7891 4863 8810 7555 166 5974 5727 4971 6587 7498 7413 1211 8404 5344 4115 6122 4216 6396 6075 9954 4187 8890 7197 3131 9548 1837 3372 7621 7788 5934 8892 2056 5705 5172 4487 6434 1035 3189 3073 7415 2236 5658 7453 4070 3141 4716 7138 2846 829 9807 2717 9357 4387 1827 5201 2547 5913 2482 9966 807 782 6561 8262 9767 7280 5090 9753 2312 8630 8568 6053 1091 4249 6315 4439 783 4856 2853 9442 2364 6212 9235 3875 1491 9712 5085 7433 286 8355 2391 2320 282 2026 3365 1276 1232 7825 2443 2358 1380 6820 8670 4674 300 6379 231 6722 7390 1761 8208 1294 4516 502 3898 859 7303 6280 4624 3452 3722 6808 6462 9248 7587 2108 6637 8768 1160 5947 4594
4059 9631 6104 7490 939 8469 7373 9504 1749 6710 4696 4829 5671 5927 821 4324 331 1165 8413 6138 1881 8365 2120 6664 5327 6779 7042 9607 1183 1131 2137 9214 4472 8046 7128 4687 4442 3495 5097 6940 2950 80 9036 2500 7960 4386 6690 2722 9235 6477 8847 2083 8929 4533 8251 9271 5212 2332 5918 6727 1999 7837 6957 9510 8831 8201 3701 3809 5443 8230 6745 2143 2305 9847 8408 828 9769 1110 3103 8705 4342 4121 9714 4887 6228 2650 1799 504 4362 7482 5798 5952 3766 9597 3803 9211 2654 725 5187 7606 5303 4975 9756 8802 3002 8469 8125 2858 6912 7891 4863 8810 7555 166 5974 5727 4971 6587 7498 7413 1211 8404 5344 4115 6122 4216 6396 6075 9954 4187 8890 7197 3131 9548 1837 3372 7621 7788 5934 8892 2056 5705 5172 4487 6434 1035 3189 3073 7415 2236 5658 7453 4070 3141 4716 7138 2846 829 9807 2717 9357 4387 1827 5201 2547 5913 2482 9966 807 782 6561 8262 9767 7280 5090 9753 2312 8630 8568 6053 1091 4249 6315 4439 783 4856 2853 9442 2364 6212 9235 3875 1491 9712 5085 7433 286 8355 2391 2320 282 2026 3365 1276 1232 7825 2443 2358 1380 6820 8670 4674 300 6379 231 6722 7390 1761 8208 1294 4516 502 3898 859 7303 6280 4624 3452 3722 6808 6462 9248 7587 2108 6637 8768 1160 5947 4594
7413
Error
240
240
Error
Error
7413
Error
4059 9631 6104 7490 939 8469 7373 9504 1749 6710 4696 4829 5671 5927 821 4324 331 1165 8413 6138 1881 8365 2120 6664 5327 6779 7042 9607 1183 1131 2137 9214 4472 8046 7128 4687 4442 3495 5097 6940 2950 80 9036 2500 7960 4386 6690 2722 9235 6477 8847 2083 8929 4533 8251 9271 5212 2332 5918 6727 1999 7837 6957 9510 8831 8201 3701 3809 5443 8230 6745 2143 2305 9847 8408 828 9769 1110 3103 8705 4342 4121 9714 4887 6228 2650 1799 504 4362 7482 5798 5952 3766 9597 3803 9211 2654 725 5187 7606 5303 4975 9756 8802 3002 8469 8125 2858 6912 7891 4863 8810 7555 166 5974 5727 4971 6587 7498 7413 1211 8404 5344 4115 6122 4216 6396 6075 9954 4187 8890 7197 3131 9548 1837 3372 7621 7788 5934 8892 2056 5705 5172 4487 6434 1035 3189 3073 7415 2236 5658 7453 4070 3141 4716 7138 2846 829 9807 2717 9357 4387 1827 5201 2547 5913 2482 9966 807 782 6561 8262 9767 7280 5090 9753 2312 8630 8568 6053 1091 4249 6315 4439 783 4856 2853 9442 2364 6212 9235 3875 1491 9712 5085 7433 286 8355 2391 2320 282 2026 3365 1276 1232 7825 2443 2358 1380 6820 8670 4674 300 6379 231 6722 7390 1761 8208 1294 4516 502 3898 859 7303 6280 4624 3452 3722 6808 6462 9248 7587 2108 6637 8768 1160 5947 4594 154
Error
False
4059 9631 6104 7490 939 8469 7373 9504 1749 6710 4696 4829 5671 5927 821 4324 331 1165 8413 6138 1881 8365 2120 6664 5327 6779 7042 9607 1183 1131 2137 9214 4472 8046 7128 4687 4442 3495 5097 6940 2950 80 9036 2500 7960 4386 6690 2722 9235 6477 8847 2083 8929 4533 8251 9271 5212 2332 5918 6727 1999 7837 6957 9510 8831 8201 3701 3809 5443 8230 6745 2143 2305 9847 8408 828 9769 1110 3103 8705 4342 4121 9714 4887 6228 2650 1799 504 4362 7482 5798 5952 3766 9597 3803 9211 2654 725 5187 7606 5303 4975 9756 8802 3002 8469 8125 2858 6912 7891 4863 8810 7555 166 5974 5727 4971 6587 7498 7413 1211 8404 5344 4115 6122 4216 6396 6075 9954 4187 8890 7197 3131 9548 1837 3372 7621 7788 5934 8892 2056 5705 5172 4487 6434 1035 3189 3073 7415 2236 5658 7453 4070 3141 4716 7138 2846 829 9807 2717 9357 4387 1827 5201 2547 5913 2482 9966 807 782 6561 8262 9767 7280 5090 9753 2312 8630 8568 6053 1091 4249 6315 4439 783 4856 2853 9442 2364 6212 9235 3875 1491 9712 5085 7433 286 8355 2391 2320 282 2026 3365 1276 1232 7825 2443 2358 1380 6820 8670 4674 300 6379 231 6722 7390 1761 8208 1294 4516 502 3898 859 7303 6280 4624 3452 3722 6808 6462 9248 7587 2108 6637 8768 1160 5947 4594 154
7413
Error
False
241
8404
Error
False
False
Error
Error
3130 4512 1036 332 154 4594 5947 1160 8768 6637 2108 7587 9248 6462 6808 3722 3452 4624 6280 7303 859 3898 502 4516 1294 8208 1761 7390 6722 231 6379 300 4674 8670 6820 1380 2358 2443 7825 1232 1276 3365 2026 282 2320 2391 8355 286 7433 5085 9712 1491 3875 9235 6212 2364 9442 2853 4856 783 4439 6315 4249 1091 6053 8568 8630 2312 9753 5090 7280 9767 8262 6561 782 807 9966 2482 5913 2547 5201 1827 4387 9357 2717 9807 829 2846 7138 4716 3141 4070 7453 5658 2236 7415 3073 3189 1035 6434 4487 5172 5705 2056 8892 5934 7788 7621 3372 1837 9548 3131 7197 8890 4187 9954 6075 6396 4216 6122 4115 5344 8404 1211 7413 7498 6587 4971 5727 5974 166 7555 8810 4863 7891 6912 2858 8125 8469 3002 8802 9756 4975 5303 7606 5187 725 2654 9211 3803 9597 3766 5952 5798 7482 4362 504 1799 2650 6228 4887 9714 4121 4342 8705 3103 1110 9769 828 8408 9847 2305 2143 6745 8230 5443 3809 3701 8201 8831 9510 6957 7837 1999 6727 5918 2332 5212 9271 8251 4533 8929 2083 8847 6477 9235 2722 6690 4386 7960 2500 9036 80 2950 6940 5097 3495 4442 4687 7128 8046 4472 9214 2137 1131 1183 9607 7042 6779 5327 6664 2120 8365 1881 6138 8413 1165 331 4324 821 5927 5671 4829 4696 6710 1749 9504 7373 8469 939 7490 6104 9631 4059
5344
3130 4512 1036 332 154 4594 5947 1160 8768 6637 2108 7587 9248 6462 6808 3722 3452 4624 6280 7303 859 3898 502 4516 1294 8208 1761 7390 6722 231 6379 300 4674 8670 6820 1380 2358 2443 7825 1232 1276 3365 2026 282 2320 2391 8355 286 7433 5085 9712 1491 3875 9235 6212 2364 9442 2853 4856 783 4439 6315 4249 1091 6053 8568 8630 2312 9753 5090 7280 9767 8262 6561 782 807 9966 2482 5913 2547 5201 1827 4387 9357 2717 9807 829 2846 7138 4716 3141 4070 7453 5658 2236 7415 3073 3189 1035 6434 4487 5172 5705 2056 8892 5934 7788 7621 3372 1837 9548 3131 7197 8890 4187 9954 6075 6396 4216 6122 4115 5344 8404 1211 7413 7498 6587 4971 5727 5974 166 7555 8810 4863 7891 6912 2858 8125 8469 3002 8802 9756 4975 5303 7606 5187 725 2654 9211 3803 9597 3766 5952 5798 7482 4362 504 1799 2650 6228 4887 9714 4121 4342 8705 3103 1110 9769 828 8408 9847 2305 2143 6745 8230 5443 3809 3701 8201 8831 9510 6957 7837 1999 6727 5918 2332 5212 9271 8251 4533 8929 2083 8847 6477 9235 2722 6690 4386 7960 2500 9036 80 2950 6940 5097 3495 4442 4687 7128 8046 4472 9214 2137 1131 1183 9607 7042 6779 5327 6664 2120 8365 1881 6138 8413 1165 331 4324 821 5927 5671 4829 4696 6710 1749 9504 7373 8469 939 7490 6104 9631 4059
False
Error
Error
Error
8404
Error
False
8404
Error
False
248
Error
7413
7413
Error
7413
248
248
465 6003 9002 7821 4059 9631 6104 7490 939 8469 7373 9504 1749 6710 4696 4829 5671 5927 821 4324 331 1165 8413 6138 1881 8365 2120 6664 5327 6779 7042 9607 1183 1131 2137 9214 4472 8046 7128 4687 4442 3495 5097 6940 2950 80 9036 2500 7960 4386 6690 2722 9235 6477 8847 2083 8929 4533 8251 9271 5212 2332 5918 6727 1999 7837 6957 9510 8831 8201 3701 3809 5443 8230 6745 2143 2305 9847 8408 828 9769 1110 3103 8705 4342 4121 9714 4887 6228 2650 1799 504 4362 7482 5798 5952 3766 9597 3803 9211 2654 725 5187 7606 5303 4975 9756 8802 3002 8469 8125 2858 6912 7891 4863 8810 7555 166 5974 5727 4971 6587 7498 7413 1211 8404 5344 4115 6122 4216 6396 6075 9954 4187 8890 7197 3131 9548 1837 3372 7621 7788 5934 8892 2056 5705 5172 4487 6434 1035 3189 3073 7415 2236 5658 7453 4070 3141 4716 7138 2846 829 9807 2717 9357 4387 1827 5201 2547 5913 2482 9966 807 782 6561 8262 9767 7280 5090 9753 2312 8630 8568 6053 1091 4249 6315 4439 783 4856 2853 9442 2364 6212 9235 3875 1491 9712 5085 7433 286 8355 2391 2320 282 2026 3365 1276 1232 7825 2443 2358 1380 6820 8670 4674 300 6379 231 6722 7390 1761 8208 1294 4516 502 3898 859 7303 6280 4624 3452 3722 6808 6462 9248 7587 2108 6637 8768 1160 5947 4594 154 332 1036 4512 3130
Error
7413
Error
Error
Error
250
250
465 6003 9002 7821 4059 9631 6104 7490 939 8469 7373 9504 1749 6710 4696 4829 5671 5927 821 4324 331 1165 8413 6138 1881 8365 2120 6664 5327 6779 7042 9607 1183 1131 2137 9214 4472 8046 7128 4687 4442 3495 5097 6940 2950 80 9036 2500 7960 4386 6690 2722 9235 6477 8847 2083 8929 4533 8251 9271 5212 2332 5918 6727 1999 7837 6957 9510 8831 8201 3701 3809 5443 8230 6745 2143 2305 9847 8408 828 9769 1110 3103 8705 4342 4121 9714 4887 6228 2650 1799 504 4362 7482 5798 5952 3766 9597 3803 9211 2654 725 5187 7606 5303 4975 9756 8802 3002 8469 8125 2858 6912 7891 4863 8810 7555 166 5974 5727 4971 6587 7498 7413 1211 8404 5344 4115 6122 4216 6396 6075 9954 4187 8890 7197 3131 9548 1837 3372 7621 7788 5934 8892 2056 5705 5172 4487 6434 1035 3189 3073 7415 2236 5658 7453 4070 3141 4716 7138 2846 829 9807 2717 9357 4387 1827 5201 2547 5913 2482 9966 807 782 6561 8262 9767 7280 5090 9753 2312 8630 8568 6053 1091 4249 6315 4439 783 4856 2853 9442 2364 6212 9235 3875 1491 9712 5085 7433 286 8355 2391 2320 282 2026 3365 1276 1232 7825 2443 2358 1380 6820 8670 4674 300 6379 231 6722 7390 1761 8208 1294 4516 502 3898 859 7303 6280 4624 3452 3722 6808 6462 9248 7587 2108 6637 8768 1160 5947 4594 154 332 1036 4512 3130 1219 2214 5398
8404
8404
Error
Error
False
Error
8404
Error
Error
465 6003 8728 9002 7821 4059 9631 6104 7490 939 8469 7373 9504 1749 6710 4696 4829 5671 5927 821 4324 331 1165 8413 6138 1881 8365 2120 6664 5327 6779 7042 9607 1183 1131 2137 9214 4472 8046 7128 4687 4442 3495 5097 6940 2950 80 9036 2500 7960 4386 6690 2722 9235 6477 8847 2083 8929 4533 8251 9271 5212 2332 5918 6727 1999 7837 6957 9510 8831 8201 3701 3809 5443 8230 6745 2143 2305 9847 8408 828 9769 1110 3103 8705 4342 4121 9714 4887 6228 2650 1799 504 4362 7482 5798 5952 3766 9597 3803 9211 2654 725 5187 7606 5303 4975 9756 8802 3002 8469 8125 2858 6912 7891 4863 8810 7555 166 5974 5727 4971 6587 7498 7413 1211 8404 5344 4115 6122 4216 6396 6075 9954 4187 8890 7197 3131 9548 1837 3372 7621 7788 5934 8892 2056 5705 5172 4487 6434 1035 3189 3073 7415 2236 5658 7453 4070 3141 4716 7138 2846 829 9807 2717 9357 4387 1827 5201 2547 5913 2482 9966 807 782 6561 8262 9767 7280 5090 9753 2312 8630 8568 6053 1091 4249 6315 4439 783 4856 2853 9442 2364 6212 9235 3875 1491 9712 5085 7433 286 8355 2391 2320 282 2026 3365 1276 1232 7825 2443 2358 1380 6820 8670 4674 300 6379 231 6722 7390 1761 8208 1294 4516 502 3898 859 7303 6280 4624 3452 3722 6808 6462 9248 7587 2108 6637 8768 1160 5947 4594 154 332 1036 4512 3130 1219 2214 5398 2143 9789
Error
8404
False
8404
Error
Error
Error
258
Error
5344
4115
258
4115
Error
Error
Error
258
4249 9907 5364 9789 2143 5398 2214 1219 3130 4512 1036 332 154 4594 5947 1160 8768 6637 2108 7587 9248 6462 6808 3722 3452 4624 6280 7303 859 3898 502 4516 1294 8208 1761 7390 6722 231 6379 300 4674 8670 6820 1380 2358 2443 7825 1232 1276 3365 2026 282 2320 2391 8355 286 7433 5085 9712 1491 3875 9235 6212 2364 9442 2853 4856 783 4439 6315 4249 1091 6053 8568 8630 2312 9753 5090 7280 9767 8262 6561 782 807 9966 2482 5913 2547 5201 1827 4387 9357 2717 9807 829 2846 7138 4716 3141 4070 7453 5658 2236 7415 3073 3189 1035 6434 4487 5172 5705 2056 8892 5934 7788 7621 3372 1837 9548 3131 7197 8890 4187 9954 6075 6396 4216 6122 4115 5344 8404 1211 7413 7498 6587 4971 5727 5974 166 7555 8810 4863 7891 6912 2858 8125 8469 3002 8802 9756 4975 5303 7606 5187 725 2654 9211 3803 9597 3766 5952 5798 7482 4362 504 1799 2650 6228 4887 9714 4121 4342 8705 3103 1110 9769 828 8408 9847 2305 2143 6745 8230 5443 3809 3701 8201 8831 9510 6957 7837 1999 6727 5918 2332 5212 9271 8251 4533 8929 2083 8847 6477 9235 2722 6690 4386 7960 2500 9036 80 2950 6940 5097 3495 4442 4687 7128 8046 4472 9214 2137 1131 1183 9607 7042 6779 5327 6664 2120 8365 1881 6138 8413 1165 331 4324 821 5927 5671 4829 4696 6710 1749 9504 7373 8469 939 7490 6104 9631 4059 7821 9002 8728 6003 465 3954
4249 9907 5364 9789 2143 5398 2214 1219 3130 4512 1036 332 154 4594 5947 1160 8768 6637 2108 7587 9248 6462 6808 3722 3452 4624 6280 7303 859 3898 502 4516 1294 8208 1761 7390 6722 231 6379 300 4674 8670 6820 1380 2358 2443 7825 1232 1276 3365 2026 282 2320 2391 8355 286 7433 5085 9712 1491 3875 9235 6212 2364 9442 2853 4856 783 4439 6315 4249 1091 6053 8568 8630 2312 9753 5090 7280 9767 8262 6561 782 807 9966 2482 5913 2547 5201 1827 4387 9357 2717 9807 829 2846 7138 4716 3141 4070 7453 5658 2236 7415 3073 3189 1035 6434 4487 5172 5705 2056 8892 5934 7788 7621 3372 1837 9548 3131 7197 8890 4187 9954 6075 6396 4216 6122 4115 5344 8404 1211 7413 7498 6587 4971 5727 5974 166 7555 8810 4863 7891 6912 2858 8125 8469 3002 8802 9756 4975 5303 7606 5187 725 2654 9211 3803 9597 3766 5952 5798 7482 4362 504 1799 2650 6228 4887 9714 4121 4342 8705 3103 1110 9769 828 8408 9847 2305 2143 6745 8230 5443 3809 3701 8201 8831 9510 6957 7837 1999 6727 5918 2332 5212 9271 8251 4533 8929 2083 8847 6477 9235 2722 6690 4386 7960 2500 9036 80 2950 6940 5097 3495 4442 4687 7128 8046 4472 9214 2137 1131 1183 9607 7042 6779 5327 6664 2120 8365 1881 6138 8413 1165 331 4324 821 5927 5671 4829 4696 6710 1749 9504 7373 8469 939 7490 6104 9631 4059 7821 9002 8728 6003 465 3954
False
Error
Error
Error
False
4249 9907 5364 9789 2143 5398 2214 1219 3130 4512 1036 332 154 4594 5947 1160 8768 6637 2108 7587 9248 6462 6808 3722 3452 4624 6280 7303 859 3898 502 4516 1294 8208 1761 7390 6722 231 6379 300 4674 8670 6820 1380 2358 2443 7825 1232 1276 3365 2026 282 2320 2391 8355 286 7433 5085 9712 1491 3875 9235 6212 2364 9442 2853 4856 783 4439 6315 4249 1091 6053 8568 8630 2312 9753 5090 7280 9767 8262 6561 782 807 9966 2482 5913 2547 5201 1827 4387 9357 2717 9807 829 2846 7138 4716 3141 4070 7453 5658 2236 7415 3073 3189 1035 6434 4487 5172 5705 2056 8892 5934 7788 7621 3372 1837 9548 3131 7197 8890 4187 9954 6075 6396 4216 6122 4115 5344 8404 1211 7413 7498 6587 4971 5727 5974 166 7555 8810 4863 7891 6912 2858 8125 8469 3002 8802 9756 4975 5303 7606 5187 725 2654 9211 3803 9597 3766 5952 5798 7482 4362 504 1799 2650 6228 4887 9714 4121 4342 8705 3103 1110 9769 828 8408 9847 2305 2143 6745 8230 5443 3809 3701 8201 8831 9510 6957 7837 1999 6727 5918 2332 5212 9271 8251 4533 8929 2083 8847 6477 9235 2722 6690 4386 7960 2500 9036 80 2950 6940 5097 3495 4442 4687 7128 8046 4472 9214 2137 1131 1183 9607 7042 6779 5327 6664 2120 8365 1881 6138 8413 1165 331 4324 821 5927 5671 4829 4696 6710 1749 9504 7373 8469 939 7490 6104 9631 4059 7821 9002 8728 6003 465 3954 1501 9320
Error
Error
False
False
Error
Error
262
262
262
Error
Error
Error
Error
False
False
9320 1501 3954 465 6003 8728 9002 7821 4059 9631 6104 7490 939 8469 7373 9504 1749 6710 4696 4829 5671 5927 821 4324 331 1165 8413 6138 1881 8365 2120 6664 5327 6779 7042 9607 1183 1131 2137 9214 4472 8046 7128 4687 4442 3495 5097 6940 2950 80 9036 2500 7960 4386 6690 2722 9235 6477 8847 2083 8929 4533 8251 9271 5212 2332 5918 6727 1999 7837 6957 9510 8831 8201 3701 3809 5443 8230 6745 2143 2305 9847 8408 828 9769 1110 3103 8705 4342 4121 9714 4887 6228 2650 1799 504 4362 7482 5798 5952 3766 9597 3803 9211 2654 725 5187 7606 5303 4975 9756 8802 3002 8469 8125 2858 6912 7891 4863 8810 7555 166 5974 5727 4971 6587 7498 7413 1211 8404 5344 4115 6122 4216 6396 6075 9954 4187 8890 7197 3131 9548 1837 3372 7621 7788 5934 8892 2056 5705 5172 4487 6434 1035 3189 3073 7415 2236 5658 7453 4070 3141 4716 7138 2846 829 9807 2717 9357 4387 1827 5201 2547 5913 2482 9966 807 782 6561 8262 9767 7280 5090 9753 2312 8630 8568 6053 1091 4249 6315 4439 783 4856 2853 9442 2364 6212 9235 3875 1491 9712 5085 7433 286 8355 2391 2320 282 2026 3365 1276 1232 7825 2443 2358 1380 6820 8670 4674 300 6379 231 6722 7390 1761 8208 1294 4516 502 3898 859 7303 6280 4624 3452 3722 6808 6462 9248 7587 2108 6637 8768 1160 5947 4594 154 332 1036 4512 3130 1219 2214 5398 2143 9789 5364 9907 4249 9079 1720 521 4226
264
Error
Error
267
6122
Error
Error
Error
Error
Error
267
Error
Error
268
Error
Error
269
4115
4115
Error
269
4115
Error
9420 3657 9320 1501 3954 465 6003 8728 9002 7821 4059 9631 6104 7490 939 8469 7373 9504 1749 6710 4696 4829 5671 5927 821 4324 331 1165 8413 6138 1881 8365 2120 6664 5327 6779 7042 9607 1183 1131 2137 9214 4472 8046 7128 4687 4442 3495 5097 6940 2950 80 9036 2500 7960 4386 6690 2722 9235 6477 8847 2083 8929 4533 8251 9271 5212 2332 5918 6727 1999 7837 6957 9510 8831 8201 3701 3809 5443 8230 6745 2143 2305 9847 8408 828 9769 1110 3103 8705 4342 4121 9714 4887 6228 2650 1799 504 4362 7482 5798 5952 3766 9597 3803 9211 2654 725 5187 7606 5303 4975 9756 8802 3002 8469 8125 6782 2858 6912 7891 4863 8810 7555 166 5974 5727 4971 6587 7498 7413 1211 8404 5344 4115 6122 4216 6396 6075 9954 4187 8890 7197 3131 9548 1837 3372 7621 7788 5934 8892 2056 5705 5172 4487 6434 1035 3189 3073 7415 2236 5658 7453 4070 3141 7138 2846 829 9807 2717 9357 4387 1827 5201 2547 5913 2482 9966 807 782 6561 8262 9767 7280 5090 9753 2312 8630 8568 6053 1091 4249 6315 4439 783 4856 2853 9442 2364 6212 9235 3875 1491 9712 5085 7433 286 8355 2391 2320 282 2026 3365 1276 1232 7825 2443 2358 1380 6820 8670 4674 300 6379 231 6722 7390 1761 8208 1294 4516 502 3898 859 7303 6280 4624 3452 3722 6808 6462 9248 7587 2108 6637 8768 1160 5947 4594 154 332 1036 4512 3130 1219 2214 5398 2143 9789 5364 9907 4249 9079 1720 521 4226 9893 3341 3477 6363
Error
Error
Error
