0
0
True
Error
5245
Error
Error
5245 7722
5245 7722
5245
Error
Error
7722
2
Error
Error
False
5245 7722 2185
5245 7722 2185
3
Error
Error
6959 4861 8890 2185 7722 5245
Error
6959 4861 8890 2185 7722 5245
Error
False
8890
6959 4861 8890 2185 7722 5245 5987
False
Error
False
9
Error
4505 6959 4861 8890 2185 7722 5245 5987 8323
4505 6959 4861 8890 2185 7722 5245 5987 8323 2820
4505 6959 4861 8890 2185 7722 5245 5987 8323 2820
2185
False
2820 8323 5987 5245 7722 2185 8890 4861 6959 4505
Error
False
11
2185
2185
Error
2820 8323 5987 5245 7722 2185 8890 4861 6959 4505 9933 3287
Error
Error
Error
False
Error
False
Error
False
False
Error
Error
13
3287 9933 4505 6959 4861 8890 2185 7722 5245 5987 8323 2820 2639
13
3287 9933 4505 6959 4861 8890 2185 7722 5245 5987 8323 2820 2639
Error
Error
Error
2185
Error
Error
Error
Error
1468 2639 2820 8323 5987 5245 7722 2185 8890 4861 6959 4505 9933 3287 5502
2185
2185
False
Error
Error
7722
5502 3287 9933 4505 6959 4861 8890 2185 7722 5245 5987 8323 2820 2639 1468 9231 9587
Error
False
Error
False
17
Error
Error
Error
Error
Error
8308 9587 9231 1468 2639 2820 8323 5987 5245 7722 2185 8890 4861 6959 4505 9933 3287 5502
8308 9587 9231 1468 2639 2820 8323 5987 5245 7722 2185 8890 4861 6959 4505 9933 3287 5502
Error
7722
False
False
Error
False
Error
Error
Error
22
False
7474 5427 5710 8022 5502 3287 9933 4505 6959 4861 8890 2185 7722 5245 5987 8323 2820 2639 1468 9231 9587 8308
Error
22
Error
23
23
Error
7474 5427 5710 8022 5502 3287 9933 4505 6959 4861 8890 2185 7722 5245 5987 8323 2820 2639 1468 9231 9587 8308 2311 8570
Error
False
False
Error
7474 5427 5710 8022 5502 3287 9933 4505 6959 4861 8890 2185 7722 5245 5987 8323 2820 2639 1468 9231 9587 8308 2311 8570
24
2185
7474 5427 5710 8022 5502 3287 9933 4505 6959 4861 8890 2185 7722 5245 5987 8323 2820 2639 1468 9231 9587 8308 2311 8570
24
Error
2185
Error
2185
Error
24
7474 5427 5710 8022 5502 3287 9933 4505 6959 4861 8890 2185 7722 5245 5987 8323 2820 2639 1468 9231 9587 8308 2311 8570
Error
Error
False
Error
Error
Error
2185
2185
Error
Error
Error
Error
Error
8570 2311 8308 9587 9231 1468 2639 2820 8323 5987 5245 7722 2185 8890 4861 6959 4505 9933 3287 5502 8022 5710 5427 7474 6884 3681 5758
Error
27
Error
4861
Error
Error
Error
8393 2200 9736 5758 3681 6884 7474 5427 5710 8022 5502 3287 9933 4505 6959 4861 8890 2185 7722 5245 5987 8323 2820 2639 1468 9231 9587 8308 2311 8570
8393 2200 9736 5758 3681 6884 7474 5427 5710 8022 5502 3287 9933 4505 6959 4861 8890 2185 7722 5245 5987 8323 2820 2639 1468 9231 9587 8308 2311 8570
6959
Error
Error
False
False
Error
4861
8393 2200 9736 5758 3681 6884 7474 5427 5710 8022 5502 3287 9933 4505 6959 4861 8890 2185 7722 5245 5987 8323 2820 2639 1468 9231 9587 8308 2311 8570 1991
Error
False
Error
Error
33
Error
Error
Error
Error
8393 2200 9736 5758 3681 6884 7474 5427 5710 8022 5502 3287 9933 4505 6959 4861 8890 2185 7722 5245 5987 8323 2820 2639 1468 9231 9587 8308 2311 8570 1991 3350 94 6169 8329 6271
8393 2200 9736 5758 3681 6884 7474 5427 5710 8022 5502 3287 9933 4505 6959 4861 8890 2185 7722 5245 5987 8323 2820 2639 1468 9231 9587 8308 2311 8570 1991 3350 94 6169 8329 6271
2185
Error
8393 2200 9736 5758 3681 6884 7474 5427 5710 8022 5502 3287 9933 4505 6959 4861 8890 2185 7722 5245 5987 8323 2820 2639 1468 9231 9587 8308 2311 8570 1991 3350 94 6169 8329 6271
Error
36
Error
False
False
Error
Error
8393 2200 9736 5758 3681 6884 7474 5427 5710 8022 5502 3287 9933 4505 6959 4861 8890 2185 7722 5245 5987 8323 2820 2639 1468 9231 9587 8308 2311 8570 1991 3350 94 6169 8329 6271 5155
7722
37
Error
7722
7722
8393 2200 9736 5758 3681 6884 7474 5427 5710 8022 5502 3287 9933 4505 6959 4861 8890 2185 7722 5245 5987 8323 2820 2639 1468 9231 9587 8308 2311 8570 1991 3350 94 6169 8329 6271 5155 9703
9703 5155 6271 8329 6169 94 3350 1991 8570 2311 8308 9587 9231 1468 2639 2820 8323 5987 5245 7722 2185 8890 4861 6959 4505 9933 3287 5502 8022 5710 5427 7474 6884 3681 5758 9736 2200 8393 3169
Error
Error
9703 5155 6271 8329 6169 94 3350 1991 8570 2311 8308 9587 9231 1468 2639 2820 8323 5987 5245 7722 2185 8890 4861 6959 4505 9933 3287 5502 8022 5710 5427 7474 6884 3681 5758 9736 2200 8393 3169 7215 3979 3127
Error
2185
Error
Error
2185
False
8890
Error
Error
False
3127 3979 7215 3169 8393 2200 9736 5758 3681 6884 7474 5427 5710 8022 5502 3287 9933 4505 6959 4861 8890 2185 7722 5245 5987 8323 2820 2639 1468 9231 9587 8308 2311 8570 1991 3350 94 6169 8329 6271 5155 9703 2514
2185
43
Error
3127 3979 7215 3169 8393 2200 9736 5758 3681 6884 7474 5427 5710 8022 5502 3287 9933 4505 6959 4861 8890 2185 7722 5245 5987 8323 2820 2639 1468 9231 9587 8308 2311 8570 1991 3350 94 6169 8329 6271 5155 9703 2514
Error
Error
3127 3979 7215 3169 8393 2200 9736 5758 3681 6884 7474 5427 5710 8022 5502 3287 9933 4505 6959 4861 8890 2185 7722 5245 5987 8323 2820 2639 1468 9231 9587 8308 2311 8570 1991 3350 94 6169 8329 6271 5155 9703 2514
False
Error
Error
False
Error
Error
Error
Error
False
44
Error
Error
44
Error
3127 3979 7215 3169 8393 2200 9736 5758 3681 6884 7474 5427 5710 8022 5502 3287 9933 4505 6959 4861 8890 2185 7722 5245 5987 8323 2820 2639 1468 9231 9587 8308 2311 8570 1991 3350 94 6169 8329 6271 5155 9703 2514 9527
44
7722
3127 3979 7215 3169 8393 2200 9736 5758 3681 6884 7474 5427 5710 8022 5502 3287 9933 4505 6959 4861 8890 2185 7722 5245 5987 8323 2820 2639 1468 9231 9587 8308 2311 8570 1991 3350 94 6169 8329 6271 5155 9703 2514 9527 8368
Error
False
8368 9527 2514 9703 5155 6271 8329 6169 94 3350 1991 8570 2311 8308 9587 9231 1468 2639 2820 8323 5987 5245 7722 2185 8890 4861 6959 4505 9933 3287 5502 8022 5710 5427 7474 6884 3681 5758 9736 2200 8393 3169 7215 3979 3127
7722
8368 9527 2514 9703 5155 6271 8329 6169 94 3350 1991 8570 2311 8308 9587 9231 1468 2639 2820 8323 5987 5245 7722 2185 8890 4861 6959 4505 9933 3287 5502 8022 5710 5427 7474 6884 3681 5758 9736 2200 8393 3169 7215 3979 3127
Error
7722
False
Error
Error
Error
Error
Error
Error
Error
Error
Error
Error
Error
Error
Error
Error
Error
8085 7896 8368 9527 2514 9703 5155 6271 8329 6169 94 3350 1991 8570 2311 8308 9587 9231 1468 2639 2820 8323 5987 5245 7722 2185 8890 4861 6959 4505 9933 3287 5502 8022 5710 5427 7474 6884 3681 5758 9736 2200 8393 3169 7215 3979 3127 6236 4619 7589
Error
Error
52
Error
9119 6155 7589 4619 6236 3127 3979 7215 3169 8393 2200 9736 5758 3681 6884 7474 5427 5710 8022 5502 3287 9933 4505 6959 4861 8890 2185 7722 5245 5987 8323 2820 2639 1468 9231 9587 8308 2311 8570 1991 3350 94 6169 8329 6271 5155 9703 2514 9527 8368 7896 8085
Error
False
52
Error
Error
7722
7722
False
6544 6560 8085 7896 8368 9527 2514 9703 5155 6271 8329 6169 94 3350 1991 8570 2311 8308 9587 9231 1468 2639 2820 8323 5987 5245 7722 2185 8890 4861 6959 4505 9933 3287 5502 8022 5710 5427 7474 6884 3681 5758 9736 2200 8393 3169 7215 3979 3127 6236 4619 7589 6155 9119
Error
Error
54
Error
6544 6560 8085 7896 8368 9527 2514 9703 5155 6271 8329 6169 94 3350 1991 8570 2311 8308 9587 9231 1468 2639 2820 8323 5987 5245 7722 2185 8890 4861 6959 4505 9933 3287 5502 8022 5710 5427 7474 6884 3681 5758 9736 2200 8393 3169 7215 3979 3127 6236 4619 7589 6155 9119
Error
Error
False
55
6544 6560 8085 7896 8368 9527 2514 9703 5155 6271 8329 6169 94 3350 1991 8570 2311 8308 9587 9231 1468 2639 2820 8323 5987 5245 7722 2185 8890 4861 6959 4505 9933 3287 5502 8022 5710 5427 7474 6884 3681 5758 9736 2200 8393 3169 7215 3979 3127 6236 4619 7589 6155 9119 1730
Error
2185
55
55
6544 6560 8085 7896 8368 9527 2514 9703 5155 6271 8329 6169 94 3350 1991 8570 2311 8308 9587 9231 1468 2639 2820 8323 5987 5245 7722 2185 8890 4861 6959 4505 9933 3287 5502 8022 5710 5427 7474 6884 3681 5758 9736 2200 8393 3169 7215 3979 3127 6236 4619 7589 6155 9119 1730 6869
Error
Error
8890
Error
Error
False
Error
False
63
Error
Error
4310 9346 471 2905 4292 9889 1319 6869 1730 9119 6155 7589 4619 6236 3127 3979 7215 3169 8393 2200 9736 5758 3681 6884 7474 5427 5710 8022 5502 3287 9933 4505 6959 4861 8890 2185 7722 5245 5987 8323 2820 2639 1468 9231 9587 8308 2311 8570 1991 3350 94 6169 8329 6271 5155 9703 2514 9527 8368 7896 8085 6560 6544
Error
False
False
4505
False
Error
6959
Error
False
67
7448 4310 9346 471 2905 4292 9889 1319 6869 1730 9119 6155 7589 4619 6236 3127 3979 7215 3169 8393 2200 9736 5758 3681 6884 7474 5427 5710 8022 5502 3287 9933 4505 6959 4861 8890 2185 7722 5245 5987 8323 2820 2639 1468 9231 9587 8308 2311 8570 1991 3350 94 6169 8329 6271 5155 9703 2514 9527 8368 7896 8085 6560 6544 8484 3517 6750
67
Error
Error
6959
Error
False
67
Error
Error
67
7448 4310 9346 471 2905 4292 9889 1319 6869 1730 9119 6155 7589 4619 6236 3127 3979 7215 3169 8393 2200 9736 5758 3681 6884 7474 5427 5710 8022 5502 3287 9933 4505 6959 4861 8890 2185 7722 5245 5987 8323 2820 2639 1468 9231 9587 8308 2311 8570 1991 3350 94 6169 8329 6271 5155 9703 2514 9527 8368 7896 8085 6560 6544 8484 3517 6750
False
7448 4310 9346 471 2905 4292 9889 1319 6869 1730 9119 6155 7589 4619 6236 3127 3979 7215 3169 8393 2200 9736 5758 3681 6884 7474 5427 5710 8022 5502 3287 9933 4505 6959 4861 8890 2185 7722 5245 5987 8323 2820 2639 1468 9231 9587 8308 2311 8570 1991 3350 94 6169 8329 6271 5155 9703 2514 9527 8368 7896 8085 6560 6544 8484 3517 6750 2457
Error
Error
Error
Error
Error
Error
Error
Error
2457 6750 3517 8484 6544 6560 8085 7896 8368 9527 2514 9703 5155 6271 8329 6169 94 3350 1991 8570 2311 8308 9587 9231 1468 2639 2820 8323 5987 5245 7722 2185 8890 4861 6959 4505 9933 3287 5502 8022 5710 5427 7474 6884 3681 5758 9736 2200 8393 3169 7215 3979 3127 6236 4619 7589 6155 9119 1730 6869 1319 9889 4292 2905 471 9346 4310 7448 3679 3990
False
71
False
4505
72
4505
Error
Error
False
False
4861
75
Error
259 3990 3679 7448 4310 9346 471 2905 4292 9889 1319 6869 1730 9119 6155 7589 4619 6236 3127 3979 7215 3169 8393 2200 9736 5758 3681 6884 7474 5427 5710 8022 5502 3287 9933 4505 6959 4861 8890 2185 7722 5245 5987 8323 2820 2639 1468 9231 9587 8308 2311 8570 1991 3350 94 6169 8329 6271 5155 9703 2514 9527 8368 7896 8085 6560 6544 8484 3517 6750 2457 223 5692 6581 234
Error
Error
4861
False
Error
4861
259 3990 3679 7448 4310 9346 471 2905 4292 9889 1319 6869 1730 9119 6155 7589 4619 6236 3127 3979 7215 3169 8393 2200 9736 5758 3681 6884 7474 5427 5710 8022 5502 3287 9933 4505 6959 4861 8890 2185 7722 5245 5987 8323 2820 2639 1468 9231 9587 8308 2311 8570 1991 3350 94 6169 8329 6271 5155 9703 2514 9527 8368 7896 8085 6560 6544 8484 3517 6750 2457 223 5692 6581 234 9826
Error
259 3990 3679 7448 4310 9346 471 2905 4292 9889 1319 6869 1730 9119 6155 7589 4619 6236 3127 3979 7215 3169 8393 2200 9736 5758 3681 6884 7474 5427 5710 8022 5502 3287 9933 4505 6959 4861 8890 2185 7722 5245 5987 8323 2820 2639 1468 9231 9587 8308 2311 8570 1991 3350 94 6169 8329 6271 5155 9703 2514 9527 8368 7896 8085 6560 6544 8484 3517 6750 2457 223 5692 6581 234 9826 9093
Error
77
Error
Error
False
Error
8890
Error
False
False
Error
Error
Error
2185
79
Error
Error
Error
2185
203 2121 9093 9826 234 6581 5692 223 2457 6750 3517 8484 6544 6560 8085 7896 8368 9527 2514 9703 5155 6271 8329 6169 94 3350 1991 8570 2311 8308 9587 9231 1468 2639 2820 8323 5987 5245 7722 2185 8890 4861 6959 4505 9933 3287 5502 8022 5710 5427 7474 6884 3681 5758 9736 2200 8393 3169 7215 3979 3127 6236 4619 7589 6155 9119 1730 6869 1319 9889 4292 2905 471 9346 4310 7448 3679 3990 259
Error
Error
9935 4276 259 3990 3679 7448 4310 9346 471 2905 4292 9889 1319 6869 1730 9119 6155 7589 4619 6236 3127 3979 7215 3169 8393 2200 9736 5758 3681 6884 7474 5427 5710 8022 5502 3287 9933 4505 6959 4861 8890 2185 7722 5245 5987 8323 2820 2639 1468 9231 9587 8308 2311 8570 1991 3350 94 6169 8329 6271 5155 9703 2514 9527 8368 7896 8085 6560 6544 8484 3517 6750 2457 223 5692 6581 234 9826 9093 2121 203 3436 464
Error
Error
83
Error
Error
False
84
Error
464 3436 203 2121 9093 9826 234 6581 5692 223 2457 6750 3517 8484 6544 6560 8085 7896 8368 9527 2514 9703 5155 6271 8329 6169 94 3350 1991 8570 2311 8308 9587 9231 1468 2639 2820 8323 5987 5245 7722 2185 8890 4861 6959 4505 9933 3287 5502 8022 5710 5427 7474 6884 3681 5758 9736 2200 8393 3169 7215 3979 3127 6236 4619 7589 6155 9119 1730 6869 1319 9889 4292 2905 471 9346 4310 7448 3679 3990 259 4276 9935 327
False
84
85
Error
False
False
464 3436 203 2121 9093 9826 234 6581 5692 223 2457 6750 3517 8484 6544 6560 8085 7896 8368 9527 2514 9703 5155 6271 8329 6169 94 3350 1991 8570 2311 8308 9587 9231 1468 2639 2820 8323 5987 5245 7722 2185 8890 4861 6959 4505 9933 3287 5502 8022 5710 5427 7474 6884 3681 5758 9736 2200 8393 3169 7215 3979 3127 6236 4619 7589 6155 9119 1730 6869 1319 9889 4292 2905 471 9346 4310 7448 3679 3990 259 4276 9935 327 2487
Error
False
Error
Error
Error
Error
Error
Error
Error
2682 4077 2487 327 9935 4276 259 3990 3679 7448 4310 9346 471 2905 4292 9889 1319 6869 1730 9119 6155 7589 4619 6236 3127 3979 7215 3169 8393 2200 9736 5758 3681 6884 7474 5427 5710 8022 5502 3287 9933 4505 6959 4861 8890 2185 7722 5245 5987 8323 2820 2639 1468 9231 9587 8308 2311 8570 1991 3350 94 6169 8329 6271 5155 9703 2514 9527 8368 7896 8085 6560 6544 8484 3517 6750 2457 223 5692 6581 234 9826 9093 2121 203 3436 464 6628
Error
89
Error
Error
False
False
91
2682 4077 2487 327 9935 4276 259 3990 3679 7448 4310 9346 471 2905 4292 9889 1319 6869 1730 9119 6155 7589 4619 6236 3127 3979 7215 3169 8393 2200 9736 5758 3681 6884 7474 5427 5710 8022 5502 3287 9933 4505 6959 4861 8890 2185 7722 5245 5987 8323 2820 2639 1468 9231 9587 8308 2311 8570 1991 3350 94 6169 8329 6271 5155 9703 2514 9527 8368 7896 8085 6560 6544 8484 3517 6750 2457 223 5692 6581 234 9826 9093 2121 203 3436 464 6628 4128 364 6767
Error
False
91
Error
2185
Error
2185
False
Error
Error
91
Error
Error
Error
Error
Error
Error
8890
Error
False
6767 364 4128 6628 464 3436 203 2121 9093 9826 234 6581 5692 223 2457 6750 3517 8484 6544 6560 8085 7896 8368 9527 2514 9703 5155 6271 8329 6169 94 3350 1991 8570 2311 8308 9587 9231 1468 2639 2820 8323 5987 5245 7722 2185 8890 4861 6959 4505 9933 3287 5502 8022 5710 5427 7474 6884 3681 5758 9736 2200 8393 3169 7215 3979 3127 6236 4619 7589 6155 9119 1730 6869 1319 9889 4292 2905 471 9346 4310 7448 3679 3990 259 4276 9935 327 2487 4077 2682 1646 42
Error
8890
8890
Error
7846 42 1646 2682 4077 2487 327 9935 4276 259 3990 3679 7448 4310 9346 471 2905 4292 9889 1319 6869 1730 9119 6155 7589 4619 6236 3127 3979 7215 3169 8393 2200 9736 5758 3681 6884 7474 5427 5710 8022 5502 3287 9933 4505 6959 4861 8890 2185 7722 5245 5987 8323 2820 2639 1468 9231 9587 8308 2311 8570 1991 3350 94 6169 8329 6271 5155 9703 2514 9527 8368 7896 8085 6560 6544 8484 3517 6750 2457 223 5692 6581 234 9826 9093 2121 203 3436 464 6628 4128 364 6767
97
97
Error
Error
Error
7722
Error
Error
2185
7702 5811 4538 7325 6767 364 4128 6628 464 3436 203 2121 9093 9826 234 6581 5692 223 2457 6750 3517 8484 6544 6560 8085 7896 8368 9527 2514 9703 5155 6271 8329 6169 94 3350 1991 8570 2311 8308 9587 9231 1468 2639 2820 8323 5987 5245 7722 2185 8890 4861 6959 4505 9933 3287 5502 8022 5710 5427 7474 6884 3681 5758 9736 2200 8393 3169 7215 3979 3127 6236 4619 7589 6155 9119 1730 6869 1319 9889 4292 2905 471 9346 4310 7448 3679 3990 259 4276 9935 327 2487 4077 2682 1646 42 7846 8816
7702 5811 4538 7325 6767 364 4128 6628 464 3436 203 2121 9093 9826 234 6581 5692 223 2457 6750 3517 8484 6544 6560 8085 7896 8368 9527 2514 9703 5155 6271 8329 6169 94 3350 1991 8570 2311 8308 9587 9231 1468 2639 2820 8323 5987 5245 7722 2185 8890 4861 6959 4505 9933 3287 5502 8022 5710 5427 7474 6884 3681 5758 9736 2200 8393 3169 7215 3979 3127 6236 4619 7589 6155 9119 1730 6869 1319 9889 4292 2905 471 9346 4310 7448 3679 3990 259 4276 9935 327 2487 4077 2682 1646 42 7846 8816
Error
Error
Error
False
8890
Error
101
Error
Error
101
False
3974 7702 5811 4538 7325 6767 364 4128 6628 464 3436 203 2121 9093 9826 234 6581 5692 223 2457 6750 3517 8484 6544 6560 8085 7896 8368 9527 2514 9703 5155 6271 8329 6169 94 3350 1991 8570 2311 8308 9587 9231 1468 2639 2820 8323 5987 5245 7722 2185 8890 4861 6959 4505 9933 3287 5502 8022 5710 5427 7474 6884 3681 5758 9736 2200 8393 3169 7215 3979 3127 6236 4619 7589 6155 9119 1730 6869 1319 9889 4292 2905 471 9346 4310 7448 3679 3990 259 4276 9935 327 2487 4077 2682 1646 42 7846 8816 3566 627 2694
Error
False
103
8890
Error
3974 7702 5811 4538 7325 6767 364 4128 6628 464 3436 203 2121 9093 9826 234 6581 5692 223 2457 6750 3517 8484 6544 6560 8085 7896 8368 9527 2514 9703 5155 6271 8329 6169 94 3350 1991 8570 2311 8308 9587 9231 1468 2639 2820 8323 5987 5245 7722 2185 8890 4861 6959 4505 9933 3287 5502 8022 5710 5427 7474 6884 3681 5758 9736 2200 8393 3169 7215 3979 3127 6236 4619 7589 6155 9119 1730 6869 1319 9889 4292 2905 471 9346 4310 7448 3679 3990 259 4276 9935 327 2487 4077 2682 1646 42 7846 8816 3566 627 2694
3974 7702 5811 4538 7325 6767 364 4128 6628 464 3436 203 2121 9093 9826 234 6581 5692 223 2457 6750 3517 8484 6544 6560 8085 7896 8368 9527 2514 9703 5155 6271 8329 6169 94 3350 1991 8570 2311 8308 9587 9231 1468 2639 2820 8323 5987 5245 7722 2185 8890 4861 6959 4505 9933 3287 5502 8022 5710 5427 7474 6884 3681 5758 9736 2200 8393 3169 7215 3979 3127 6236 4619 7589 6155 9119 1730 6869 1319 9889 4292 2905 471 9346 4310 7448 3679 3990 259 4276 9935 327 2487 4077 2682 1646 42 7846 8816 3566 627 2694
Error
False
Error
Error
Error
Error
False
Error
8890
Error
Error
Error
Error
False
4861
105
Error
Error
Error
Error
4273 213 2694 627 3566 8816 7846 42 1646 2682 4077 2487 327 9935 4276 259 3990 3679 7448 4310 9346 471 2905 4292 9889 1319 6869 1730 9119 6155 7589 4619 6236 3127 3979 7215 3169 8393 2200 9736 5758 3681 6884 7474 5427 5710 8022 5502 3287 9933 4505 6959 4861 8890 2185 7722 5245 5987 8323 2820 2639 1468 9231 9587 8308 2311 8570 1991 3350 94 6169 8329 6271 5155 9703 2514 9527 8368 7896 8085 6560 6544 8484 3517 6750 2457 223 5692 6581 234 9826 9093 2121 203 3436 464 6628 4128 364 6767 7325 4538 5811 7702 3974 7387
Error
Error
Error
106
Error
Error
8890
Error
8293 4273 213 2694 627 3566 8816 7846 42 1646 2682 4077 2487 327 9935 4276 259 3990 3679 7448 4310 9346 471 2905 4292 9889 1319 6869 1730 9119 6155 7589 4619 6236 3127 3979 7215 3169 8393 2200 9736 5758 3681 6884 7474 5427 5710 8022 5502 3287 9933 4505 6959 4861 8890 2185 7722 5245 5987 8323 2820 2639 1468 9231 9587 8308 2311 8570 1991 3350 94 6169 8329 6271 5155 9703 2514 9527 8368 7896 8085 6560 6544 8484 3517 6750 2457 223 5692 6581 234 9826 9093 2121 203 3436 464 6628 4128 364 6767 7325 4538 5811 7702 3974 7387 2427
Error
Error
4861
Error
8293 4273 213 2694 627 3566 8816 7846 42 1646 2682 4077 2487 327 9935 4276 259 3990 3679 7448 4310 9346 471 2905 4292 9889 1319 6869 1730 9119 6155 7589 4619 6236 3127 3979 7215 3169 8393 2200 9736 5758 3681 6884 7474 5427 5710 8022 5502 3287 9933 4505 6959 4861 8890 2185 7722 5245 5987 8323 2820 2639 1468 9231 9587 8308 2311 8570 1991 3350 94 6169 8329 6271 5155 9703 2514 9527 8368 7896 8085 6560 6544 8484 3517 6750 2457 223 5692 6581 234 9826 9093 2121 203 3436 464 6628 4128 364 6767 7325 4538 5811 7702 3974 7387 2427
Error
108
False
Error
2427 7387 3974 7702 5811 4538 7325 6767 364 4128 6628 464 3436 203 2121 9093 9826 234 6581 5692 223 2457 6750 3517 8484 6544 6560 8085 7896 8368 9527 2514 9703 5155 6271 8329 6169 94 3350 1991 8570 2311 8308 9587 9231 1468 2639 2820 8323 5987 5245 7722 2185 8890 4861 6959 4505 9933 3287 5502 8022 5710 5427 7474 6884 3681 5758 9736 2200 8393 3169 7215 3979 3127 6236 4619 7589 6155 9119 1730 6869 1319 9889 4292 2905 471 9346 4310 7448 3679 3990 259 4276 9935 327 2487 4077 2682 1646 42 7846 8816 3566 627 2694 213 4273 8293
108
Error
Error
Error
4861
Error
Error
8890
8890
Error
4861
5031 8684 8293 4273 213 2694 627 3566 8816 7846 42 1646 2682 4077 2487 327 9935 4276 259 3990 3679 7448 4310 9346 471 2905 4292 9889 1319 6869 1730 9119 6155 7589 4619 6236 3127 3979 7215 3169 8393 2200 9736 5758 3681 6884 7474 5427 5710 8022 5502 3287 9933 4505 6959 4861 8890 2185 7722 5245 5987 8323 2820 2639 1468 9231 9587 8308 2311 8570 1991 3350 94 6169 8329 6271 5155 9703 2514 9527 8368 7896 8085 6560 6544 8484 3517 6750 2457 223 5692 6581 234 9826 9093 2121 203 3436 464 6628 4128 364 6767 7325 4538 5811 7702 3974 7387 2427 9899 4433 7724
Error
False
7724 4433 9899 2427 7387 3974 7702 5811 4538 7325 6767 364 4128 6628 464 3436 203 2121 9093 9826 234 6581 5692 223 2457 6750 3517 8484 6544 6560 8085 7896 8368 9527 2514 9703 5155 6271 8329 6169 94 3350 1991 8570 2311 8308 9587 9231 1468 2639 2820 8323 5987 5245 7722 2185 8890 4861 6959 4505 9933 3287 5502 8022 5710 5427 7474 6884 3681 5758 9736 2200 8393 3169 7215 3979 3127 6236 4619 7589 6155 9119 1730 6869 1319 9889 4292 2905 471 9346 4310 7448 3679 3990 259 4276 9935 327 2487 4077 2682 1646 42 7846 8816 3566 627 2694 213 4273 8293 8684 5031
Error
False
Error
Error
2185
Error
Error
9656 672 7724 4433 9899 2427 7387 3974 7702 5811 4538 7325 6767 364 4128 6628 464 3436 203 2121 9093 9826 234 6581 5692 223 2457 6750 3517 8484 6544 6560 8085 7896 8368 9527 2514 9703 5155 6271 8329 6169 94 3350 1991 8570 2311 8308 9587 9231 1468 2639 2820 8323 5987 5245 7722 2185 8890 4861 6959 4505 9933 3287 5502 8022 5710 5427 7474 6884 3681 5758 9736 2200 8393 3169 7215 3979 3127 6236 4619 7589 6155 9119 1730 6869 1319 9889 4292 2905 471 9346 4310 7448 3679 3990 259 4276 9935 327 2487 4077 2682 1646 42 7846 8816 3566 627 2694 213 4273 8293 8684 5031
Error
False
Error
115
Error
9656 672 7724 4433 9899 2427 7387 3974 7702 5811 4538 7325 6767 364 4128 6628 464 3436 203 2121 9093 9826 234 6581 5692 223 2457 6750 3517 8484 6544 6560 8085 7896 8368 9527 2514 9703 5155 6271 8329 6169 94 3350 1991 8570 2311 8308 9587 9231 1468 2639 2820 8323 5987 5245 7722 2185 8890 4861 6959 4505 9933 3287 5502 8022 5710 5427 7474 6884 3681 5758 9736 2200 8393 3169 7215 3979 3127 6236 4619 7589 6155 9119 1730 6869 1319 9889 4292 2905 471 9346 4310 7448 3679 3990 259 4276 9935 327 2487 4077 2682 1646 42 7846 8816 3566 627 2694 213 4273 8293 8684 5031
Error
Error
9656 672 7724 4433 9899 2427 7387 3974 7702 5811 4538 7325 6767 364 4128 6628 464 3436 203 2121 9093 9826 234 6581 5692 223 2457 6750 3517 8484 6544 6560 8085 7896 8368 9527 2514 9703 5155 6271 8329 6169 94 3350 1991 8570 2311 8308 9587 9231 1468 2639 2820 8323 5987 5245 7722 2185 8890 4861 6959 4505 9933 3287 5502 8022 5710 5427 7474 6884 3681 5758 9736 2200 8393 3169 7215 3979 3127 6236 4619 7589 6155 9119 1730 6869 1319 9889 4292 2905 471 9346 4310 7448 3679 3990 259 4276 9935 327 2487 4077 2682 1646 42 7846 8816 3566 627 2694 213 4273 8293 8684 5031
116
Error
Error
2185
Error
Error
Error
Error
Error
118
False
2290 5031 8684 8293 4273 213 2694 627 3566 8816 7846 42 1646 2682 4077 2487 327 9935 4276 259 3990 3679 7448 4310 9346 471 2905 4292 9889 1319 6869 1730 9119 6155 7589 4619 6236 3127 3979 7215 3169 8393 2200 9736 5758 3681 6884 7474 5427 5710 8022 5502 3287 9933 4505 6959 4861 8890 2185 7722 5245 5987 8323 2820 2639 1468 9231 9587 8308 2311 8570 1991 3350 94 6169 8329 6271 5155 9703 2514 9527 8368 7896 8085 6560 6544 8484 3517 6750 2457 223 5692 6581 234 9826 9093 2121 203 3436 464 6628 4128 364 6767 7325 4538 5811 7702 3974 7387 2427 9899 4433 7724 672 9656 9078 8688 9213
2290 5031 8684 8293 4273 213 2694 627 3566 8816 7846 42 1646 2682 4077 2487 327 9935 4276 259 3990 3679 7448 4310 9346 471 2905 4292 9889 1319 6869 1730 9119 6155 7589 4619 6236 3127 3979 7215 3169 8393 2200 9736 5758 3681 6884 7474 5427 5710 8022 5502 3287 9933 4505 6959 4861 8890 2185 7722 5245 5987 8323 2820 2639 1468 9231 9587 8308 2311 8570 1991 3350 94 6169 8329 6271 5155 9703 2514 9527 8368 7896 8085 6560 6544 8484 3517 6750 2457 223 5692 6581 234 9826 9093 2121 203 3436 464 6628 4128 364 6767 7325 4538 5811 7702 3974 7387 2427 9899 4433 7724 672 9656 9078 8688 9213
2290 5031 8684 8293 4273 213 2694 627 3566 8816 7846 42 1646 2682 4077 2487 327 9935 4276 259 3990 3679 7448 4310 9346 471 2905 4292 9889 1319 6869 1730 9119 6155 7589 4619 6236 3127 3979 7215 3169 8393 2200 9736 5758 3681 6884 7474 5427 5710 8022 5502 3287 9933 4505 6959 4861 8890 2185 7722 5245 5987 8323 2820 2639 1468 9231 9587 8308 2311 8570 1991 3350 94 6169 8329 6271 5155 9703 2514 9527 8368 7896 8085 6560 6544 8484 3517 6750 2457 223 5692 6581 234 9826 9093 2121 203 3436 464 6628 4128 364 6767 7325 4538 5811 7702 3974 7387 2427 9899 4433 7724 672 9656 9078 8688 9213
Error
Error
2185
2185
Error
2185
Error
Error
False
Error
7722
6696 8827 9213 8688 9078 9656 672 7724 4433 9899 2427 7387 3974 7702 5811 4538 7325 6767 364 4128 6628 464 3436 203 2121 9093 9826 234 6581 5692 223 2457 6750 3517 8484 6544 6560 8085 7896 8368 9527 2514 9703 5155 6271 8329 6169 94 3350 1991 8570 2311 8308 9587 9231 1468 2639 2820 8323 5987 5245 7722 2185 8890 4861 6959 4505 9933 3287 5502 8022 5710 5427 7474 6884 3681 5758 9736 2200 8393 3169 7215 3979 3127 6236 4619 7589 6155 9119 1730 6869 1319 9889 4292 2905 471 9346 4310 7448 3679 3990 259 4276 9935 327 2487 4077 2682 1646 42 7846 8816 3566 627 2694 213 4273 8293 8684 5031 2290 8087 8385
False
False
Error
Error
124
7722
6696 8827 9213 8688 9078 9656 672 7724 4433 9899 2427 7387 3974 7702 5811 4538 7325 6767 364 4128 6628 464 3436 203 2121 9093 9826 234 6581 5692 223 2457 6750 3517 8484 6544 6560 8085 7896 8368 9527 2514 9703 5155 6271 8329 6169 94 3350 1991 8570 2311 8308 9587 9231 1468 2639 2820 8323 5987 5245 7722 2185 8890 4861 6959 4505 9933 3287 5502 8022 5710 5427 7474 6884 3681 5758 9736 2200 8393 3169 7215 3979 3127 6236 4619 7589 6155 9119 1730 6869 1319 9889 4292 2905 471 9346 4310 7448 3679 3990 259 4276 9935 327 2487 4077 2682 1646 42 7846 8816 3566 627 2694 213 4273 8293 8684 5031 2290 8087 8385 9765
2185
Error
Error
False
6696 8827 9213 8688 9078 9656 672 7724 4433 9899 2427 7387 3974 7702 5811 4538 7325 6767 364 4128 6628 464 3436 203 2121 9093 9826 234 6581 5692 223 2457 6750 3517 8484 6544 6560 8085 7896 8368 9527 2514 9703 5155 6271 8329 6169 94 3350 1991 8570 2311 8308 9587 9231 1468 2639 2820 8323 5987 5245 7722 2185 8890 4861 6959 4505 9933 3287 5502 8022 5710 5427 7474 6884 3681 5758 9736 2200 8393 3169 7215 3979 3127 6236 4619 7589 6155 9119 1730 6869 1319 9889 4292 2905 471 9346 4310 7448 3679 3990 259 4276 9935 327 2487 4077 2682 1646 42 7846 8816 3566 627 2694 213 4273 8293 8684 5031 2290 8087 8385 9765 3368 4312 2719
8890
Error
6696 8827 9213 8688 9078 9656 672 7724 4433 9899 2427 7387 3974 7702 5811 4538 7325 6767 364 4128 6628 464 3436 203 2121 9093 9826 234 6581 5692 223 2457 6750 3517 8484 6544 6560 8085 7896 8368 9527 2514 9703 5155 6271 8329 6169 94 3350 1991 8570 2311 8308 9587 9231 1468 2639 2820 8323 5987 5245 7722 2185 8890 4861 6959 4505 9933 3287 5502 8022 5710 5427 7474 6884 3681 5758 9736 2200 8393 3169 7215 3979 3127 6236 4619 7589 6155 9119 1730 6869 1319 9889 4292 2905 471 9346 4310 7448 3679 3990 259 4276 9935 327 2487 4077 2682 1646 42 7846 8816 3566 627 2694 213 4273 8293 8684 5031 2290 8087 8385 9765 3368 4312 2719
127
Error
Error
Error
Error
Error
128
6696 8827 9213 8688 9078 9656 672 7724 4433 9899 2427 7387 3974 7702 5811 4538 7325 6767 364 4128 6628 464 3436 203 2121 9093 9826 234 6581 5692 223 2457 6750 3517 8484 6544 6560 8085 7896 8368 9527 2514 9703 5155 6271 8329 6169 94 3350 1991 8570 2311 8308 9587 9231 1468 2639 2820 8323 5987 5245 7722 2185 8890 4861 6959 4505 9933 3287 5502 8022 5710 5427 7474 6884 3681 5758 9736 2200 8393 3169 7215 3979 3127 6236 4619 7589 6155 9119 1730 6869 1319 9889 4292 2905 471 9346 4310 7448 3679 3990 259 4276 9935 327 2487 4077 2682 1646 42 7846 8816 3566 627 2694 213 4273 8293 8684 5031 2290 8087 8385 9765 3368 4312 2719 2411 1501
4861
Error
False
Error
Error
Error
Error
False
6959
Error
1995 3228 1501 2411 2719 4312 3368 9765 8385 8087 2290 5031 8684 8293 4273 213 2694 627 3566 8816 7846 42 1646 2682 4077 2487 327 9935 4276 259 3990 3679 7448 4310 9346 471 2905 4292 9889 1319 6869 1730 9119 6155 7589 4619 6236 3127 3979 7215 3169 8393 2200 9736 5758 3681 6884 7474 5427 5710 8022 5502 3287 9933 4505 6959 4861 8890 2185 7722 5245 5987 8323 2820 2639 1468 9231 9587 8308 2311 8570 1991 3350 94 6169 8329 6271 5155 9703 2514 9527 8368 7896 8085 6560 6544 8484 3517 6750 2457 223 5692 6581 234 9826 9093 2121 203 3436 464 6628 4128 364 6767 7325 4538 5811 7702 3974 7387 2427 9899 4433 7724 672 9656 9078 8688 9213 8827 6696 5374 8119
4861
Error
Error
4008 8119 5374 6696 8827 9213 8688 9078 9656 672 7724 4433 9899 2427 7387 3974 7702 5811 4538 7325 6767 364 4128 6628 464 3436 203 2121 9093 9826 234 6581 5692 223 2457 6750 3517 8484 6544 6560 8085 7896 8368 9527 2514 9703 5155 6271 8329 6169 94 3350 1991 8570 2311 8308 9587 9231 1468 2639 2820 8323 5987 5245 7722 2185 8890 4861 6959 4505 9933 3287 5502 8022 5710 5427 7474 6884 3681 5758 9736 2200 8393 3169 7215 3979 3127 6236 4619 7589 6155 9119 1730 6869 1319 9889 4292 2905 471 9346 4310 7448 3679 3990 259 4276 9935 327 2487 4077 2682 1646 42 7846 8816 3566 627 2694 213 4273 8293 8684 5031 2290 8087 8385 9765 3368 4312 2719 2411 1501 3228 1995 4810
Error
False
Error
137
Error
Error
Error
Error
138
Error
4008 8119 5374 6696 8827 9213 8688 9078 9656 672 7724 4433 9899 2427 7387 3974 7702 5811 4538 7325 6767 364 4128 6628 464 3436 203 2121 9093 9826 234 6581 5692 223 2457 6750 3517 8484 6544 6560 8085 7896 8368 9527 2514 9703 5155 6271 8329 6169 94 3350 1991 8570 2311 8308 9587 9231 1468 2639 2820 8323 5987 5245 7722 2185 8890 4861 6959 4505 9933 3287 5502 8022 5710 5427 7474 6884 3681 5758 9736 2200 8393 3169 7215 3979 3127 6236 4619 7589 6155 9119 1730 6869 1319 9889 4292 2905 471 9346 4310 7448 3679 3990 259 4276 9935 327 2487 4077 2682 1646 42 7846 8816 3566 627 2694 213 4273 8293 8684 5031 2290 8087 8385 9765 3368 4312 2719 2411 1501 3228 1995 4810 3656 9579 6844
139
139
False
4008 8119 5374 6696 8827 9213 8688 9078 9656 672 7724 4433 9899 2427 7387 3974 7702 5811 4538 7325 6767 364 4128 6628 464 3436 203 2121 9093 9826 234 6581 5692 223 2457 6750 3517 8484 6544 6560 8085 7896 8368 9527 2514 9703 5155 6271 8329 6169 94 3350 1991 8570 2311 8308 9587 9231 1468 2639 2820 8323 5987 5245 7722 2185 8890 4861 6959 4505 9933 3287 5502 8022 5710 5427 7474 6884 3681 5758 9736 2200 8393 3169 7215 3979 3127 6236 4619 7589 6155 9119 1730 6869 1319 9889 4292 2905 471 9346 4310 7448 3679 3990 259 4276 9935 327 2487 4077 2682 1646 42 7846 8816 3566 627 2694 213 4273 8293 8684 5031 2290 8087 8385 9765 3368 4312 2719 2411 1501 3228 1995 4810 3656 9579 6844 4573
4505
4505
Error
4505
4008 8119 5374 6696 8827 9213 8688 9078 9656 672 7724 4433 9899 2427 7387 3974 7702 5811 4538 7325 6767 364 4128 6628 464 3436 203 2121 9093 9826 234 6581 5692 223 2457 6750 3517 8484 6544 6560 8085 7896 8368 9527 2514 9703 5155 6271 8329 6169 94 3350 1991 8570 2311 8308 9587 9231 1468 2639 2820 8323 5987 5245 7722 2185 8890 4861 6959 4505 9933 3287 5502 8022 5710 5427 7474 6884 3681 5758 9736 2200 8393 3169 7215 3979 3127 6236 4619 7589 6155 9119 1730 6869 1319 9889 4292 2905 471 9346 4310 7448 3679 3990 259 4276 9935 327 2487 4077 2682 1646 42 7846 8816 3566 627 2694 213 4273 8293 8684 5031 2290 8087 8385 9765 3368 4312 2719 2411 1501 3228 1995 4810 3656 9579 6844 4573 7001
9933
False
4008 8119 5374 6696 8827 9213 8688 9078 9656 672 7724 4433 9899 2427 7387 3974 7702 5811 4538 7325 6767 364 4128 6628 464 3436 203 2121 9093 9826 234 6581 5692 223 2457 6750 3517 8484 6544 6560 8085 7896 8368 9527 2514 9703 5155 6271 8329 6169 94 3350 1991 8570 2311 8308 9587 9231 1468 2639 2820 8323 5987 5245 7722 2185 8890 4861 6959 4505 9933 3287 5502 8022 5710 5427 7474 6884 3681 5758 9736 2200 8393 3169 7215 3979 3127 6236 4619 7589 6155 9119 1730 6869 1319 9889 4292 2905 471 9346 4310 7448 3679 3990 259 4276 9935 327 2487 4077 2682 1646 42 7846 8816 3566 627 2694 213 4273 8293 8684 5031 2290 8087 8385 9765 3368 4312 2719 2411 1501 3228 1995 4810 3656 9579 6844 4573 7001 6851
141
Error
Error
6851 7001 4573 6844 9579 3656 4810 1995 3228 1501 2411 2719 4312 3368 9765 8385 8087 2290 5031 8684 8293 4273 213 2694 627 3566 8816 7846 42 1646 2682 4077 2487 327 9935 4276 259 3990 3679 7448 4310 9346 471 2905 4292 9889 1319 6869 1730 9119 6155 7589 4619 6236 3127 3979 7215 3169 8393 2200 9736 5758 3681 6884 7474 5427 5710 8022 5502 3287 9933 4505 6959 4861 8890 2185 7722 5245 5987 8323 2820 2639 1468 9231 9587 8308 2311 8570 1991 3350 94 6169 8329 6271 5155 9703 2514 9527 8368 7896 8085 6560 6544 8484 3517 6750 2457 223 5692 6581 234 9826 9093 2121 203 3436 464 6628 4128 364 6767 7325 4538 5811 7702 3974 7387 2427 9899 4433 7724 672 9656 9078 8688 9213 8827 6696 5374 8119 4008 1987
6851 7001 4573 6844 9579 3656 4810 1995 3228 1501 2411 2719 4312 3368 9765 8385 8087 2290 5031 8684 8293 4273 213 2694 627 3566 8816 7846 42 1646 2682 4077 2487 327 9935 4276 259 3990 3679 7448 4310 9346 471 2905 4292 9889 1319 6869 1730 9119 6155 7589 4619 6236 3127 3979 7215 3169 8393 2200 9736 5758 3681 6884 7474 5427 5710 8022 5502 3287 9933 4505 6959 4861 8890 2185 7722 5245 5987 8323 2820 2639 1468 9231 9587 8308 2311 8570 1991 3350 94 6169 8329 6271 5155 9703 2514 9527 8368 7896 8085 6560 6544 8484 3517 6750 2457 223 5692 6581 234 9826 9093 2121 203 3436 464 6628 4128 364 6767 7325 4538 5811 7702 3974 7387 2427 9899 4433 7724 672 9656 9078 8688 9213 8827 6696 5374 8119 4008 1987
Error
6851 7001 4573 6844 9579 3656 4810 1995 3228 1501 2411 2719 4312 3368 9765 8385 8087 2290 5031 8684 8293 4273 213 2694 627 3566 8816 7846 42 1646 2682 4077 2487 327 9935 4276 259 3990 3679 7448 4310 9346 471 2905 4292 9889 1319 6869 1730 9119 6155 7589 4619 6236 3127 3979 7215 3169 8393 2200 9736 5758 3681 6884 7474 5427 5710 8022 5502 3287 9933 4505 6959 4861 8890 2185 7722 5245 5987 8323 2820 2639 1468 9231 9587 8308 2311 8570 1991 3350 94 6169 8329 6271 5155 9703 2514 9527 8368 7896 8085 6560 6544 8484 3517 6750 2457 223 5692 6581 234 9826 9093 2121 203 3436 464 6628 4128 364 6767 7325 4538 5811 7702 3974 7387 2427 9899 4433 7724 672 9656 9078 8688 9213 8827 6696 5374 8119 4008 1987 874
4505
144
Error
Error
6851 7001 4573 6844 9579 3656 4810 1995 3228 1501 2411 2719 4312 3368 9765 8385 8087 2290 5031 8684 8293 4273 213 2694 627 3566 8816 7846 42 1646 2682 4077 2487 327 9935 4276 259 3990 3679 7448 4310 9346 471 2905 4292 9889 1319 6869 1730 9119 6155 7589 4619 6236 3127 3979 7215 3169 8393 2200 9736 5758 3681 6884 7474 5427 5710 8022 5502 3287 9933 4505 6959 4861 8890 2185 7722 5245 5987 8323 2820 2639 1468 9231 9587 8308 2311 8570 1991 3350 94 6169 8329 6271 5155 9703 2514 9527 8368 7896 8085 6560 6544 8484 3517 6750 2457 223 5692 6581 234 9826 9093 2121 203 3436 464 6628 4128 364 6767 7325 4538 5811 7702 3974 7387 2427 9899 4433 7724 672 9656 9078 8688 9213 8827 6696 5374 8119 4008 1987 874 8857
144
6851 7001 4573 6844 9579 3656 4810 1995 3228 1501 2411 2719 4312 3368 9765 8385 8087 2290 5031 8684 8293 4273 213 2694 627 3566 8816 7846 42 1646 2682 4077 2487 327 9935 4276 259 3990 3679 7448 4310 9346 471 2905 4292 9889 1319 6869 1730 9119 6155 7589 4619 6236 3127 3979 7215 3169 8393 2200 9736 5758 3681 6884 7474 5427 5710 8022 5502 3287 9933 4505 6959 4861 8890 2185 7722 5245 5987 8323 2820 2639 1468 9231 9587 8308 2311 8570 1991 3350 94 6169 8329 6271 5155 9703 2514 9527 8368 7896 8085 6560 6544 8484 3517 6750 2457 223 5692 6581 234 9826 9093 2121 203 3436 464 6628 4128 364 6767 7325 4538 5811 7702 3974 7387 2427 9899 4433 7724 672 9656 9078 8688 9213 8827 6696 5374 8119 4008 1987 874 8857
False
144
144
6851 7001 4573 6844 9579 3656 4810 1995 3228 1501 2411 2719 4312 3368 9765 8385 8087 2290 5031 8684 8293 4273 213 2694 627 3566 8816 7846 42 1646 2682 4077 2487 327 9935 4276 259 3990 3679 7448 4310 9346 471 2905 4292 9889 1319 6869 1730 9119 6155 7589 4619 6236 3127 3979 7215 3169 8393 2200 9736 5758 3681 6884 7474 5427 5710 8022 5502 3287 9933 4505 6959 4861 8890 2185 7722 5245 5987 8323 2820 2639 1468 9231 9587 8308 2311 8570 1991 3350 94 6169 8329 6271 5155 9703 2514 9527 8368 7896 8085 6560 6544 8484 3517 6750 2457 223 5692 6581 234 9826 9093 2121 203 3436 464 6628 4128 364 6767 7325 4538 5811 7702 3974 7387 2427 9899 4433 7724 672 9656 9078 8688 9213 8827 6696 5374 8119 4008 1987 874 8857
144
6851 7001 4573 6844 9579 3656 4810 1995 3228 1501 2411 2719 4312 3368 9765 8385 8087 2290 5031 8684 8293 4273 213 2694 627 3566 8816 7846 42 1646 2682 4077 2487 327 9935 4276 259 3990 3679 7448 4310 9346 471 2905 4292 9889 1319 6869 1730 9119 6155 7589 4619 6236 3127 3979 7215 3169 8393 2200 9736 5758 3681 6884 7474 5427 5710 8022 5502 3287 9933 4505 6959 4861 8890 2185 7722 5245 5987 8323 2820 2639 1468 9231 9587 8308 2311 8570 1991 3350 94 6169 8329 6271 5155 9703 2514 9527 8368 7896 8085 6560 6544 8484 3517 6750 2457 223 5692 6581 234 9826 9093 2121 203 3436 464 6628 4128 364 6767 7325 4538 5811 7702 3974 7387 2427 9899 4433 7724 672 9656 9078 8688 9213 8827 6696 5374 8119 4008 1987 874 8857
False
6959
False
6959
6959
False
Error
Error
Error
Error
4664 8857 874 1987 4008 8119 5374 6696 8827 9213 8688 9078 9656 672 7724 4433 9899 2427 7387 3974 7702 5811 4538 7325 6767 364 4128 6628 464 3436 203 2121 9093 9826 234 6581 5692 223 2457 6750 3517 8484 6544 6560 8085 7896 8368 9527 2514 9703 5155 6271 8329 6169 94 3350 1991 8570 2311 8308 9587 9231 1468 2639 2820 8323 5987 5245 7722 2185 8890 4861 6959 4505 9933 3287 5502 8022 4453 5710 5427 7474 6884 3681 5758 9736 2200 8393 3169 7215 3979 3127 6236 4619 7589 6155 9119 1730 6869 1319 9889 4292 2905 471 9346 4310 7448 3679 3990 259 4276 9935 327 2487 4077 2682 1646 42 7846 8816 3566 627 2694 213 4273 8293 8684 5031 2290 8087 8385 9765 3368 4312 2719 2411 1501 3228 1995 4810 3656 9579 6844 4573 7001 6851 2309
Error
Error
Error
Error
Error
9933
Error
3287
Error
3287
Error
Error
Error
Error
False
3539 7349 4334 3802 9863 2309 6851 7001 4573 6844 9579 3656 4810 1995 3228 1501 2411 2719 4312 3368 9765 8385 8087 2290 5031 8684 8293 4273 213 2694 627 3566 8816 7846 42 1646 2682 4077 2487 327 9935 4276 259 3990 3679 7448 4310 9346 471 2905 4292 9889 1319 6869 1730 9119 6155 7589 4619 6236 3127 3979 7215 3169 8393 2200 9736 5758 3681 6884 7474 5427 5710 4453 8022 5502 3287 9933 4505 6959 4861 8890 2185 7722 5245 5987 8323 2820 2639 1468 9231 9587 8308 2311 8570 1991 3350 94 6169 8329 6271 5155 9703 2514 9527 8368 7896 8085 6560 6544 8484 3517 6750 2457 223 5692 6581 234 9826 9093 2121 203 3436 464 6628 4128 364 6767 7325 4538 5811 7702 3974 7387 2427 9899 4433 7724 672 9656 9078 8688 9213 8827 6696 5374 8119 4008 1987 874 8857 4664 8142 9612
Error
False
3287
154
Error
Error
Error
3287
155
Error
3287
False
9612 8142 4664 8857 874 1987 4008 8119 5374 6696 8827 9213 8688 9078 9656 672 7724 4433 9899 2427 7387 3974 7702 5811 4538 7325 6767 364 4128 6628 464 3436 203 2121 9093 9826 234 6581 5692 223 2457 6750 3517 8484 6544 6560 8085 7896 8368 9527 2514 9703 5155 6271 8329 6169 94 3350 1991 8570 2311 8308 9587 9231 1468 2639 2820 8323 5987 5245 7722 2185 8890 4861 6959 4505 9933 3287 5502 8022 4453 5710 5427 7474 6884 3681 5758 9736 2200 8393 3169 7215 3979 3127 6236 4619 7589 6155 9119 1730 6869 1319 9889 4292 2905 471 9346 4310 7448 3679 3990 259 4276 9935 327 2487 4077 2682 1646 42 7846 8816 3566 627 2694 213 4273 8293 8684 5031 2290 8087 8385 9765 3368 4312 2719 2411 1501 3228 1995 4810 3656 9579 6844 4573 7001 6851 2309 9863 3802 4334 7349 3539 7484
155
Error
Error
Error
3287
7484 3539 7349 4334 3802 9863 2309 6851 7001 4573 6844 9579 3656 4810 1995 3228 1501 2411 2719 4312 3368 9765 8385 8087 2290 5031 8684 8293 4273 213 2694 627 3566 8816 7846 42 1646 2682 4077 2487 327 9935 4276 259 3990 3679 7448 4310 9346 471 2905 4292 9889 1319 6869 1730 9119 6155 7589 4619 6236 3127 3979 7215 3169 8393 2200 9736 5758 3681 6884 7474 5427 5710 4453 8022 5502 3287 9933 4505 6959 4861 8890 2185 7722 5245 5987 8323 2820 2639 1468 9231 9587 8308 2311 8570 1991 3350 94 6169 8329 6271 5155 9703 2514 9527 8368 7896 8085 6560 6544 8484 3517 6750 2457 223 5692 6581 234 9826 9093 2121 203 3436 464 6628 4128 364 6767 7325 4538 5811 7702 3974 7387 2427 9899 4433 7724 672 9656 9078 8688 9213 8827 6696 5374 8119 4008 1987 874 8857 4664 8142 9612
Error
3287
False
Error
Error
7484 3539 7349 4334 3802 9863 2309 6851 7001 4573 6844 9579 3656 4810 1995 3228 1501 2411 2719 4312 3368 9765 8385 8087 2290 5031 8684 8293 4273 213 2694 627 3566 8816 7846 42 1646 2682 4077 2487 327 9935 4276 259 3990 3679 7448 4310 9346 471 2905 4292 9889 1319 6869 1730 9119 6155 7589 4619 6236 3127 3979 7215 3169 8393 2200 9736 5758 3681 6884 7474 5427 5710 4453 8022 5502 3287 9933 4505 6959 4861 8890 2185 7722 5245 5987 8323 2820 2639 1468 9231 9587 8308 2311 8570 1991 3350 94 6169 8329 6271 5155 9703 2514 9527 8368 7896 8085 6560 6544 8484 3517 6750 2457 223 5692 6581 234 9826 9093 2121 203 3436 464 6628 4128 364 6767 7325 4538 5811 7702 3974 7387 2427 9899 4433 7724 672 9656 9078 8688 9213 8827 6696 5374 8119 4008 1987 874 8857 4664 8142 9612 4148 9641 435 2140
False
Error
Error
Error
Error
Error
Error
4505
7484 3539 7349 4334 3802 9863 2309 6851 7001 4573 6844 9579 3656 4810 1995 3228 1501 2411 2719 4312 3368 9765 8385 8087 2290 5031 8684 8293 4273 213 2694 627 3566 8816 7846 42 1646 2682 4077 2487 327 9935 4276 259 3990 3679 7448 4310 9346 471 2905 4292 9889 1319 6869 1730 9119 6155 7589 4619 6236 3127 3979 7215 3169 8393 2200 9736 5758 3681 6884 7474 5427 5710 4453 8022 5502 3287 9933 4505 6959 4861 8890 2185 7722 5245 5987 8323 2820 2639 1468 9231 9587 8308 2311 8570 1991 3350 94 6169 8329 6271 5155 9703 2514 9527 8368 7896 8085 6560 6544 8484 3517 6750 2457 223 5692 6581 234 9826 9093 2121 203 3436 464 6628 4128 364 6767 7325 4538 5811 7702 3974 7387 2427 9899 4433 7724 672 9656 9078 8688 9213 8827 6696 5374 8119 4008 1987 874 8857 4664 8142 9612 4148 9641 435 2140
Error
Error
160
4505
False
False
Error
8646 8342 7484 3539 7349 4334 3802 9863 2309 6851 7001 4573 6844 9579 3656 4810 1995 3228 1501 2411 2719 4312 3368 9765 8385 8087 2290 5031 8684 8293 4273 213 2694 627 3566 8816 7846 42 1646 2682 4077 2487 327 9935 4276 259 3990 3679 7448 4310 9346 471 2905 4292 9889 1319 6869 1730 9119 6155 7589 4619 6236 3127 3979 7215 3169 8393 2200 9736 5758 3681 6884 7474 5427 5710 4453 8022 5502 3287 9933 4505 6959 4861 8890 2185 7722 5245 5987 8323 2820 2639 1468 9231 9587 8308 2311 8570 1991 3350 94 6169 8329 6271 5155 9703 2514 9527 8368 7896 8085 6560 6544 8484 3517 6750 2457 223 5692 6581 234 9826 9093 2121 203 3436 464 6628 4128 364 6767 7325 4538 5811 7702 3974 7387 2427 9899 4433 7724 672 9656 9078 8688 9213 8827 6696 5374 8119 4008 1987 874 8857 4664 8142 9612 4148 9641 435 2140
8646 8342 7484 3539 7349 4334 3802 9863 2309 6851 7001 4573 6844 9579 3656 4810 1995 3228 1501 2411 2719 4312 3368 9765 8385 8087 2290 5031 8684 8293 4273 213 2694 627 3566 8816 7846 42 1646 2682 4077 2487 327 9935 4276 259 3990 3679 7448 4310 9346 471 2905 4292 9889 1319 6869 1730 9119 6155 7589 4619 6236 3127 3979 7215 3169 8393 2200 9736 5758 3681 6884 7474 5427 5710 4453 8022 5502 3287 9933 4505 6959 4861 8890 2185 7722 5245 5987 8323 2820 2639 1468 9231 9587 8308 2311 8570 1991 3350 94 6169 8329 6271 5155 9703 2514 9527 8368 7896 8085 6560 6544 8484 3517 6750 2457 223 5692 6581 234 9826 9093 2121 203 3436 464 6628 4128 364 6767 7325 4538 5811 7702 3974 7387 2427 9899 4433 7724 672 9656 9078 8688 9213 8827 6696 5374 8119 4008 1987 874 8857 4664 8142 9612 4148 9641 435 2140
False
Error
9933
Error
Error
9933
1060 2140 435 9641 4148 9612 8142 4664 8857 874 1987 4008 8119 5374 6696 8827 9213 8688 9078 9656 672 7724 4433 9899 2427 7387 3974 7702 5811 4538 7325 6767 364 4128 6628 464 3436 203 2121 9093 9826 234 6581 5692 223 2457 6750 3517 8484 6544 6560 8085 7896 8368 9527 2514 9703 5155 6271 8329 6169 94 3350 1991 8570 2311 8308 9587 9231 1468 2639 2820 8323 5987 5245 7722 2185 8890 4861 6959 4505 9933 3287 5502 8022 4453 5710 5427 7474 6884 3681 5758 9736 2200 8393 3169 7215 3979 3127 6236 4619 7589 6155 9119 1730 6869 1319 9889 4292 2905 471 9346 4310 7448 3679 3990 259 4276 9935 327 2487 4077 2682 1646 42 7846 8816 3566 627 2694 213 4273 8293 8684 5031 2290 8087 8385 9765 3368 4312 2719 2411 1501 3228 1995 4810 3656 9579 6844 4573 7001 6851 2309 9863 3802 4334 7349 3539 7484 8342 8646 5815
Error
4505
False
Error
Error
Error
False
9933
Error
9933
Error
167
Error
Error
Error
Error
Error
168
636 3266 5446 6099 5815 8646 8342 7484 3539 7349 4334 3802 9863 2309 6851 7001 4573 6844 9579 3656 4810 1995 3228 1501 2411 2719 4312 3368 9765 8385 8087 2290 5031 8684 8293 4273 213 2694 627 3566 8816 7846 42 1646 2682 4077 2487 327 9935 4276 259 3990 3679 7448 4310 9346 471 2905 4292 9889 1319 6869 1730 9119 6155 7589 4619 6236 3127 3979 7215 3169 8393 2200 9736 5758 3681 6884 7474 5427 5710 4453 8022 5502 3287 9933 4505 6959 4861 8890 2185 7722 5245 5987 8323 2820 2639 1468 9231 9587 8308 2311 8570 1991 3350 94 6169 8329 6271 5155 9703 2514 9527 8368 7896 8085 6560 6544 8484 3517 6750 2457 223 5692 6581 234 9826 9093 2121 203 3436 464 6628 4128 364 6767 7325 4538 5811 7702 3974 7387 2427 7980 9899 4433 7724 672 9656 9078 8688 9213 8827 6696 5374 8119 4008 1987 874 8857 4664 8142 9612 4148 9641 435 2140 1060 8630 9796 5039
False
171
Error
636 3266 5446 6099 5815 8646 8342 7484 3539 7349 4334 3802 9863 2309 6851 7001 4573 6844 9579 3656 4810 1995 3228 1501 2411 2719 4312 3368 9765 8385 8087 2290 5031 8684 8293 4273 213 2694 627 3566 8816 7846 42 1646 2682 4077 2487 327 9935 4276 259 3990 3679 7448 4310 9346 471 2905 4292 9889 1319 6869 1730 9119 6155 7589 4619 6236 3127 3979 7215 3169 8393 2200 9736 5758 3681 6884 7474 5427 5710 4453 8022 5502 3287 9933 4505 6959 4861 8890 2185 7722 5245 5987 8323 2820 2639 1468 9231 9587 8308 2311 8570 1991 3350 94 6169 8329 6271 5155 9703 2514 9527 8368 7896 8085 6560 6544 8484 3517 6750 2457 223 5692 6581 234 9826 9093 2121 203 3436 464 6628 4128 364 6767 7325 4538 5811 7702 3974 7387 2427 7980 9899 4433 7724 672 9656 9078 8688 9213 8827 6696 5374 8119 4008 1987 874 8857 4664 8142 9612 4148 9641 435 2140 1060 8630 9796 5039
9933
636 3266 5446 6099 5815 8646 8342 7484 3539 7349 4334 3802 9863 2309 6851 7001 4573 6844 9579 3656 4810 1995 3228 1501 2411 2719 4312 3368 9765 8385 8087 2290 5031 8684 8293 4273 213 2694 627 3566 8816 7846 42 1646 2682 4077 2487 327 9935 4276 259 3990 3679 7448 4310 9346 471 2905 4292 9889 1319 6869 1730 9119 6155 7589 4619 6236 3127 3979 7215 3169 8393 2200 9736 5758 3681 6884 7474 5427 5710 4453 8022 5502 3287 9933 4505 6959 4861 8890 2185 7722 5245 5987 8323 2820 2639 1468 9231 9587 8308 2311 8570 1991 3350 94 6169 8329 6271 5155 9703 2514 9527 8368 7896 8085 6560 6544 8484 3517 6750 2457 223 5692 6581 234 9826 9093 2121 203 3436 464 6628 4128 364 6767 7325 4538 5811 7702 3974 7387 2427 7980 9899 4433 7724 672 9656 9078 8688 9213 8827 6696 5374 8119 4008 1987 874 8857 4664 8142 9612 4148 9641 435 2140 1060 8630 9796 5039
636 3266 5446 6099 5815 8646 8342 7484 3539 7349 4334 3802 9863 2309 6851 7001 4573 6844 9579 3656 4810 1995 3228 1501 2411 2719 4312 3368 9765 8385 8087 2290 5031 8684 8293 4273 213 2694 627 3566 8816 7846 42 1646 2682 4077 2487 327 9935 4276 259 3990 3679 7448 4310 9346 471 2905 4292 9889 1319 6869 1730 9119 6155 7589 4619 6236 3127 3979 7215 3169 8393 2200 9736 5758 3681 6884 7474 5427 5710 4453 8022 5502 3287 9933 4505 6959 4861 8890 2185 7722 5245 5987 8323 2820 2639 1468 9231 9587 8308 2311 8570 1991 3350 94 6169 8329 6271 5155 9703 2514 9527 8368 7896 8085 6560 6544 8484 3517 6750 2457 223 5692 6581 234 9826 9093 2121 203 3436 464 6628 4128 364 6767 7325 4538 5811 7702 3974 7387 2427 7980 9899 4433 7724 672 9656 9078 8688 9213 8827 6696 5374 8119 4008 1987 874 8857 4664 8142 9612 4148 9641 435 2140 1060 8630 9796 5039
636 3266 5446 6099 5815 8646 8342 7484 3539 7349 4334 3802 9863 2309 6851 7001 4573 6844 9579 3656 4810 1995 3228 1501 2411 2719 4312 3368 9765 8385 8087 2290 5031 8684 8293 4273 213 2694 627 3566 8816 7846 42 1646 2682 4077 2487 327 9935 4276 259 3990 3679 7448 4310 9346 471 2905 4292 9889 1319 6869 1730 9119 6155 7589 4619 6236 3127 3979 7215 3169 8393 2200 9736 5758 3681 6884 7474 5427 5710 4453 8022 5502 3287 9933 4505 6959 4861 8890 2185 7722 5245 5987 8323 2820 2639 1468 9231 9587 8308 2311 8570 1991 3350 94 6169 8329 6271 5155 9703 2514 9527 8368 7896 8085 6560 6544 8484 3517 6750 2457 223 5692 6581 234 9826 9093 2121 203 3436 464 6628 4128 364 6767 7325 4538 5811 7702 3974 7387 2427 7980 9899 4433 7724 672 9656 9078 8688 9213 8827 6696 5374 8119 4008 1987 874 8857 4664 8142 9612 4148 9641 435 2140 1060 8630 9796 5039 786
Error
Error
Error
4505
False
175
176
Error
Error
Error
179
Error
179
Error
False
4505
Error
Error
6959
181
False
Error
Error
False
181
Error
5847 882 1017 636 3266 5446 6099 5815 8646 8342 7484 3539 7349 4334 3802 9863 2309 6851 7001 4573 6844 9579 3656 4810 1995 3228 1501 2411 2719 4312 3368 9765 8385 8087 2290 5031 8684 8293 4273 213 2694 627 3566 8816 7846 42 1646 2682 4077 2487 327 9935 4276 259 3990 3679 7448 4310 9346 471 2905 4292 9889 1319 6869 1730 9119 6155 7589 4619 6236 3127 3979 7215 3169 8393 2200 9736 5758 3681 6884 7474 5427 5710 4453 8022 5502 3287 9933 4505 6959 4861 8890 2185 7722 5245 5987 8323 2820 2639 1468 9231 9587 8308 2311 8570 1991 3350 94 6169 8329 6271 5155 9703 2514 9527 8368 7896 8085 6560 6544 8484 3517 6750 2457 223 5692 6581 234 9826 9093 2121 203 3436 464 6628 4128 364 6767 7325 4538 5811 7702 3974 7387 2427 7980 9899 4433 7724 672 9656 9078 8688 9213 8827 6696 5374 8119 4008 1987 874 8857 4664 8142 9612 4148 9641 435 2140 1060 8630 9796 5039 786 8293 1617 1491 5350 991 4730
Error
Error
5847 882 1017 636 3266 5446 6099 5815 8646 8342 7484 3539 7349 4334 3802 9863 2309 6851 7001 4573 6844 9579 3656 4810 1995 3228 1501 2411 2719 4312 3368 9765 8385 8087 2290 5031 8684 8293 4273 213 2694 627 3566 8816 7846 42 1646 2682 4077 2487 327 9935 4276 259 3990 3679 7448 4310 9346 471 2905 4292 9889 1319 6869 1730 9119 6155 7589 4619 6236 3127 3979 7215 3169 8393 2200 9736 5758 3681 6884 7474 5427 5710 4453 8022 5502 3287 9933 4505 6959 4861 8890 2185 7722 5245 5987 8323 2820 2639 1468 9231 9587 8308 2311 8570 1991 3350 94 6169 8329 6271 5155 9703 2514 9527 8368 7896 8085 6560 6544 8484 3517 6750 2457 223 5692 6581 234 9826 9093 2121 203 3436 464 6628 4128 364 6767 7325 4538 5811 7702 3974 7387 2427 7980 9899 4433 7724 672 9656 9078 8688 9213 8827 6696 5374 8119 4008 1987 874 8857 4664 8142 9612 4148 9641 435 2140 1060 8630 9796 5039 786 8293 1617 1491 5350 991 4730
182
Error
182
Error
182
6959
Error
Error
182
184
Error
Error
False
Error
Error
186
Error
248 2014 4266 9819 8008 5207 4730 991 5350 1491 1617 8293 786 5039 9796 8630 1060 2140 435 9641 4148 9612 8142 4664 8857 874 1987 4008 8119 5374 6696 8827 9213 8688 9078 9656 672 7724 4433 9899 7980 2427 7387 3974 7702 5811 4538 7325 6767 364 4128 6628 464 3436 203 2121 9093 9826 234 6581 5692 223 2457 6750 3517 8484 6544 6560 8085 7896 8368 9527 2514 9703 5155 6271 8329 6169 94 3350 1991 8570 2311 8308 9587 9231 1468 2639 2820 8323 5987 5245 7722 2185 8890 4861 6959 4505 9933 3287 5502 8022 4453 5710 5427 7474 6884 3681 5758 9736 2200 8393 3169 7215 3979 3127 6236 4619 7589 6155 9119 1730 6869 1319 9889 4292 2905 471 9346 4310 7448 3679 3990 259 4276 9935 327 2487 4077 2682 1646 42 7846 8816 3566 627 2694 213 4273 8293 8684 5031 2290 8087 8385 9765 3368 4312 2719 2411 1501 1427 3228 1995 4810 3656 9579 6844 4573 7001 6851 2309 9863 3802 4334 7349 3539 7484 8342 8646 5815 6099 5446 3266 636 1017 882 5847 9318
8890
Error
248 2014 4266 9819 8008 5207 4730 991 5350 1491 1617 8293 786 5039 9796 8630 1060 2140 435 9641 4148 9612 8142 4664 8857 874 1987 4008 8119 5374 6696 8827 9213 8688 9078 9656 672 7724 4433 9899 7980 2427 7387 3974 7702 5811 4538 7325 6767 364 4128 6628 464 3436 203 2121 9093 9826 234 6581 5692 223 2457 6750 3517 8484 6544 6560 8085 7896 8368 9527 2514 9703 5155 6271 8329 6169 94 3350 1991 8570 2311 8308 9587 9231 1468 2639 2820 8323 5987 5245 7722 2185 8890 4861 6959 4505 9933 3287 5502 8022 4453 5710 5427 7474 6884 3681 5758 9736 2200 8393 3169 7215 3979 3127 6236 4619 7589 6155 9119 1730 6869 1319 9889 4292 2905 471 9346 4310 7448 3679 3990 259 4276 9935 327 2487 4077 2682 1646 42 7846 8816 3566 627 2694 213 4273 8293 8684 5031 2290 8087 8385 9765 3368 4312 2719 2411 1501 1427 3228 1995 4810 3656 9579 6844 4573 7001 6851 2309 9863 3802 4334 7349 3539 7484 8342 8646 5815 6099 5446 3266 636 1017 882 5847 9318 9403
Error
Error
Error
248 2014 4266 9819 8008 5207 4730 991 5350 1491 1617 8293 786 5039 9796 8630 1060 2140 435 9641 4148 9612 8142 4664 8857 874 1987 4008 8119 5374 6696 8827 9213 8688 9078 9656 672 7724 4433 9899 7980 2427 7387 3974 7702 5811 4538 7325 6767 364 4128 6628 464 3436 203 2121 9093 9826 234 6581 5692 223 2457 6750 3517 8484 6544 6560 8085 7896 8368 9527 2514 9703 5155 6271 8329 6169 94 3350 1991 8570 2311 8308 9587 9231 1468 2639 2820 8323 5987 5245 7722 2185 8890 4861 6959 4505 9933 3287 5502 8022 4453 5710 5427 7474 6884 3681 5758 9736 2200 8393 3169 7215 3979 3127 6236 4619 7589 6155 9119 1730 6869 1319 9889 4292 2905 471 9346 4310 7448 3679 3990 259 4276 9935 327 2487 4077 2682 1646 42 7846 8816 3566 627 2694 213 4273 8293 8684 5031 2290 8087 8385 9765 3368 4312 2719 2411 1501 1427 3228 1995 4810 3656 9579 6844 4573 7001 6851 2309 9863 3802 4334 7349 3539 7484 8342 8646 5815 6099 5446 3266 636 1017 882 5847 9318 9403 8039 5377
Error
Error
False
248 2014 4266 9819 8008 5207 4730 991 5350 1491 1617 8293 786 5039 9796 8630 1060 2140 435 9641 4148 9612 8142 4664 8857 874 1987 4008 8119 5374 6696 8827 9213 8688 9078 9656 672 7724 4433 9899 7980 2427 7387 3974 7702 5811 4538 7325 6767 364 4128 6628 464 3436 203 2121 9093 9826 234 6581 5692 223 2457 6750 3517 8484 6544 6560 8085 7896 8368 9527 2514 9703 5155 6271 8329 6169 94 3350 1991 8570 2311 8308 9587 9231 1468 2639 2820 8323 5987 5245 7722 2185 8890 4861 6959 4505 9933 3287 5502 8022 4453 5710 5427 7474 6884 3681 5758 9736 2200 8393 3169 7215 3979 3127 6236 4619 7589 6155 9119 1730 6869 1319 9889 4292 2905 471 9346 4310 7448 3679 3990 259 4276 9935 327 2487 4077 2682 1646 42 7846 8816 3566 627 2694 213 4273 8293 8684 5031 2290 8087 8385 9765 3368 4312 2719 2411 1501 1427 3228 1995 4810 3656 9579 6844 4573 7001 6851 2309 9863 3802 4334 7349 3539 7484 8342 8646 5815 6099 5446 3266 636 1017 882 5847 9318 9403 8039 5377
Error
4861
Error
193
248 2014 4266 9819 8008 5207 4730 991 5350 1491 1617 8293 786 5039 9796 8630 1060 2140 435 9641 4148 9612 8142 4664 8857 874 1987 4008 8119 5374 6696 8827 9213 8688 9078 9656 672 7724 4433 9899 7980 2427 7387 3974 7702 5811 4538 7325 6767 364 4128 6628 464 3436 203 2121 9093 9826 234 6581 5692 223 2457 6750 3517 8484 6544 6560 8085 7896 8368 9527 2514 9703 5155 6271 8329 6169 94 3350 1991 8570 2311 8308 9587 9231 1468 2639 2820 8323 5987 5245 7722 2185 8890 4861 6959 4505 9933 3287 5502 8022 4453 5710 5427 7474 6884 3681 5758 9736 2200 8393 3169 7215 3979 3127 6236 4619 7589 6155 9119 1730 6869 1319 9889 4292 2905 471 9346 4310 7448 3679 3990 259 4276 9935 327 2487 4077 2682 1646 42 7846 8816 3566 627 2694 213 4273 8293 8684 5031 2290 8087 8385 9765 3368 4312 2719 2411 1501 1427 3228 1995 4810 3656 9579 6844 4573 7001 6851 2309 9863 3802 4334 7349 3539 7484 8342 8646 5815 6099 5446 3266 636 1017 882 5847 9318 9403 8039 5377 7359
Error
3287
200
5656 4535 5986 6814 3541 6140 7359 5377 8039 9403 9318 5847 882 1017 636 3266 5446 6099 5815 8646 8342 7484 3539 7349 4334 3802 9863 2309 6851 7001 4573 6844 9579 3656 4810 1995 3228 1427 1501 2411 2719 4312 3368 9765 8385 8087 2290 5031 8684 8293 4273 213 2694 627 3566 8816 7846 42 1646 2682 4077 2487 327 9935 4276 259 3990 3679 7448 4310 9346 471 2905 4292 9889 1319 6869 1730 9119 6155 7589 4619 6236 3127 3979 7215 3169 8393 2200 9736 5758 3681 6884 7474 5427 5710 4453 8022 5502 3287 9933 4505 6959 4861 8890 2185 7722 5245 5987 8323 2820 2639 1468 9231 9587 8308 2311 8570 1991 3350 94 6169 8329 6271 5155 9703 2514 9527 8368 7896 8085 6560 6544 8484 3517 6750 2457 223 5692 6581 234 9826 9093 2121 203 3436 464 6628 4128 364 6767 7325 4538 5811 7702 3974 7387 2427 7980 9899 4433 7724 672 9656 9078 8688 9213 8827 6696 5374 8119 4008 1987 874 8857 4664 8142 9612 4148 9641 435 2140 1060 8630 9796 5039 786 8293 1617 1491 5350 991 4730 5207 8008 9819 4266 2014 248 3822 3192
Error
4505
False
203
Error
9707 4950 2590 3192 3822 248 2014 4266 9819 8008 5207 4730 991 5350 1491 1617 8293 786 5039 9796 8630 1060 2140 435 9641 4148 9612 8142 4664 8857 874 1987 4008 8119 5374 6696 8827 9213 8688 9078 9656 672 7724 4433 9899 7980 2427 7387 3974 7702 5811 4538 7325 6767 364 4128 6628 464 3436 203 2121 9093 9826 234 6581 5692 223 2457 6750 3517 8484 6544 6560 8085 7896 8368 9527 2514 9703 5155 6271 8329 6169 94 3350 1991 8570 2311 8308 9587 9231 1468 2639 2820 8323 5987 5245 7722 2185 8890 4861 6959 4505 9933 3287 5502 8022 4453 5710 5427 7474 6884 3681 5758 9736 2200 8393 3169 7215 3979 3127 6236 4619 7589 6155 9119 1730 6869 1319 9889 4292 2905 471 9346 4310 7448 3679 3990 259 4276 9935 327 2487 4077 2682 1646 42 7846 8816 3566 627 2694 213 4273 8293 8684 5031 2290 8087 8385 9765 3368 4312 2719 2411 1501 1427 3228 1995 4810 3656 9579 6844 4573 7001 6851 2309 9863 3802 4334 7349 3539 7484 8342 8646 5815 6099 5446 3266 636 1017 882 5847 9318 9403 8039 5377 7359 6140 3541 6814 5986 4535 5656
False
Error
Error
5048 5656 4535 5986 6814 3541 6140 7359 5377 8039 9403 9318 5847 882 1017 636 3266 5446 6099 5815 8646 8342 7484 3539 7349 4334 3802 9863 2309 6851 7001 4573 6844 9579 3656 4810 1995 3228 1427 1501 2411 2719 4312 3368 9765 8385 8087 2290 5031 8684 8293 4273 213 2694 627 3566 8816 7846 42 1646 2682 4077 2487 327 9935 4276 259 3990 3679 7448 4310 9346 471 2905 4292 9889 1319 6869 1730 9119 6155 7589 4619 6236 3127 3979 7215 3169 8393 2200 9736 5758 3681 6884 7474 5427 5710 4453 8022 5502 3287 9933 4505 6959 4861 8890 2185 7722 5245 5987 8323 2820 2639 1468 9231 9587 8308 2311 8570 1991 3350 94 6169 8329 6271 5155 9703 2514 9527 8368 7896 8085 6560 6544 8484 3517 6750 2457 223 5692 6581 234 9826 9093 2121 203 3436 464 6628 4128 364 6767 7325 4538 5811 7702 3974 7387 2427 7980 9899 4433 7724 672 9656 9078 8688 9213 8827 6696 5374 8119 4008 1987 874 8857 4664 8142 9612 4148 9641 435 2140 1060 8630 9796 5039 786 8293 1617 1491 5350 991 4730 5207 8008 9819 4266 2014 248 3822 3192 2590 4950 9707
5048 5656 4535 5986 6814 3541 6140 7359 5377 8039 9403 9318 5847 882 1017 636 3266 5446 6099 5815 8646 8342 7484 3539 7349 4334 3802 9863 2309 6851 7001 4573 6844 9579 3656 4810 1995 3228 1427 1501 2411 2719 4312 3368 9765 8385 8087 2290 5031 8684 8293 4273 213 2694 627 3566 8816 7846 42 1646 2682 4077 2487 327 9935 4276 259 3990 3679 7448 4310 9346 471 2905 4292 9889 1319 6869 1730 9119 6155 7589 4619 6236 3127 3979 7215 3169 8393 2200 9736 5758 3681 6884 7474 5427 5710 4453 8022 5502 3287 9933 4505 6959 4861 8890 2185 7722 5245 5987 8323 2820 2639 1468 9231 9587 8308 2311 8570 1991 3350 94 6169 8329 6271 5155 9703 2514 9527 8368 7896 8085 6560 6544 8484 3517 6750 2457 223 5692 6581 234 9826 9093 2121 203 3436 464 6628 4128 364 6767 7325 4538 5811 7702 3974 7387 2427 7980 9899 4433 7724 672 9656 9078 8688 9213 8827 6696 5374 8119 4008 1987 874 8857 4664 8142 9612 4148 9641 435 2140 1060 8630 9796 5039 786 8293 1617 1491 5350 991 4730 5207 8008 9819 4266 2014 248 3822 3192 2590 4950 9707
205
5048 5656 4535 5986 6814 3541 6140 7359 5377 8039 9403 9318 5847 882 1017 636 3266 5446 6099 5815 8646 8342 7484 3539 7349 4334 3802 9863 2309 6851 7001 4573 6844 9579 3656 4810 1995 3228 1427 1501 2411 2719 4312 3368 9765 8385 8087 2290 5031 8684 8293 4273 213 2694 627 3566 8816 7846 42 1646 2682 4077 2487 327 9935 4276 259 3990 3679 7448 4310 9346 471 2905 4292 9889 1319 6869 1730 9119 6155 7589 4619 6236 3127 3979 7215 3169 8393 2200 9736 5758 3681 6884 7474 5427 5710 4453 8022 5502 3287 9933 4505 6959 4861 8890 2185 7722 5245 5987 8323 2820 2639 1468 9231 9587 8308 2311 8570 1991 3350 94 6169 8329 6271 5155 9703 2514 9527 8368 7896 8085 6560 6544 8484 3517 6750 2457 223 5692 6581 234 9826 9093 2121 203 3436 464 6628 4128 364 6767 7325 4538 5811 7702 3974 7387 2427 7980 9899 4433 7724 672 9656 9078 8688 9213 8827 6696 5374 8119 4008 1987 874 8857 4664 8142 9612 4148 9641 435 2140 1060 8630 9796 5039 786 8293 1617 1491 5350 991 4730 5207 8008 9819 4266 2014 248 3822 3192 2590 4950 9707
4505
5048 5656 4535 5986 6814 3541 6140 7359 5377 8039 9403 9318 5847 882 1017 636 3266 5446 6099 5815 8646 8342 7484 3539 7349 4334 3802 9863 2309 6851 7001 4573 6844 9579 3656 4810 1995 3228 1427 1501 2411 2719 4312 3368 9765 8385 8087 2290 5031 8684 8293 4273 213 2694 627 3566 8816 7846 42 1646 2682 4077 2487 327 9935 4276 259 3990 3679 7448 4310 9346 471 2905 4292 9889 1319 6869 1730 9119 6155 7589 4619 6236 3127 3979 7215 3169 8393 2200 9736 5758 3681 6884 7474 5427 5710 4453 8022 5502 3287 9933 4505 6959 4861 8890 2185 7722 5245 5987 8323 2820 2639 1468 9231 9587 8308 2311 8570 1991 3350 94 6169 8329 6271 5155 9703 2514 9527 8368 7896 8085 6560 6544 8484 3517 6750 2457 223 5692 6581 234 9826 9093 2121 203 3436 464 6628 4128 364 6767 7325 4538 5811 7702 3974 7387 2427 7980 9899 4433 7724 672 9656 9078 8688 9213 8827 6696 5374 8119 4008 1987 874 8857 4664 8142 9612 4148 9641 435 2140 1060 8630 9796 5039 786 8293 1617 1491 5350 991 4730 5207 8008 9819 4266 2014 248 3822 3192 2590 4950 9707
False
5048 5656 4535 5986 6814 3541 6140 7359 5377 8039 9403 9318 5847 882 1017 636 3266 5446 6099 5815 8646 8342 7484 3539 7349 4334 3802 9863 2309 6851 7001 4573 6844 9579 3656 4810 1995 3228 1427 1501 2411 2719 4312 3368 9765 8385 8087 2290 5031 8684 8293 4273 213 2694 627 3566 8816 7846 42 1646 2682 4077 2487 327 9935 4276 259 3990 3679 7448 4310 9346 471 2905 4292 9889 1319 6869 1730 9119 6155 7589 4619 6236 3127 3979 7215 3169 8393 2200 9736 5758 3681 6884 7474 5427 5710 4453 8022 5502 3287 9933 4505 6959 4861 8890 2185 7722 5245 5987 8323 2820 2639 1468 9231 9587 8308 2311 8570 1991 3350 94 6169 8329 6271 5155 9703 2514 9527 8368 7896 8085 6560 6544 8484 3517 6750 2457 223 5692 6581 234 9826 9093 2121 203 3436 464 6628 4128 364 6767 7325 4538 5811 7702 3974 7387 2427 7980 9899 4433 7724 672 9656 9078 8688 9213 8827 6696 5374 8119 4008 1987 874 8857 4664 8142 9612 4148 9641 435 2140 1060 8630 9796 5039 786 8293 1617 1491 5350 991 4730 5207 8008 9819 4266 2014 248 3822 3192 2590 4950 9707
Error
207
False
Error
Error
6959
Error
Error
False
5048 5656 4535 5986 6814 3541 6140 7359 5377 8039 9403 9318 5847 882 1017 636 3266 5446 6099 5815 8646 8342 7484 3539 7349 4334 3802 9863 2309 6851 7001 4573 6844 9579 3656 4810 1995 3228 1427 1501 2411 2719 4312 3368 9765 8385 8087 2290 5031 8684 8293 4273 213 2694 627 3566 8816 7846 42 1646 2682 4077 2487 327 9935 4276 259 3990 3679 7448 4310 9346 471 2905 4292 9889 1319 6869 1730 9119 6155 7589 4619 6236 3127 3979 7215 3169 8393 2200 9736 5758 3681 6884 7474 5427 5710 4453 8022 5502 3287 9933 4505 6959 4861 8890 2185 7722 5245 5987 8323 2820 2639 1468 9231 9587 8308 2311 8570 1991 3350 94 6169 8329 6271 5155 9703 2514 9527 8368 7896 8085 6560 6544 8484 3517 6750 2457 223 5692 6581 234 9826 9093 2121 203 3436 464 6628 4128 364 6767 7325 4538 5811 7702 3974 7387 2427 7980 9899 4433 7724 672 9656 9078 8688 9213 8827 6696 5374 8119 4008 1987 874 8857 4664 8142 9612 4148 9641 435 2140 1060 8630 9796 5039 786 8293 1617 1491 5350 991 4730 5207 8008 9819 4266 2014 248 3822 3192 2590 4950 9707 5685 695 6409 4524
5048 5656 4535 5986 6814 3541 6140 7359 5377 8039 9403 9318 5847 882 1017 636 3266 5446 6099 5815 8646 8342 7484 3539 7349 4334 3802 9863 2309 6851 7001 4573 6844 9579 3656 4810 1995 3228 1427 1501 2411 2719 4312 3368 9765 8385 8087 2290 5031 8684 8293 4273 213 2694 627 3566 8816 7846 42 1646 2682 4077 2487 327 9935 4276 259 3990 3679 7448 4310 9346 471 2905 4292 9889 1319 6869 1730 9119 6155 7589 4619 6236 3127 3979 7215 3169 8393 2200 9736 5758 3681 6884 7474 5427 5710 4453 8022 5502 3287 9933 4505 6959 4861 8890 2185 7722 5245 5987 8323 2820 2639 1468 9231 9587 8308 2311 8570 1991 3350 94 6169 8329 6271 5155 9703 2514 9527 8368 7896 8085 6560 6544 8484 3517 6750 2457 223 5692 6581 234 9826 9093 2121 203 3436 464 6628 4128 364 6767 7325 4538 5811 7702 3974 7387 2427 7980 9899 4433 7724 672 9656 9078 8688 9213 8827 6696 5374 8119 4008 1987 874 8857 4664 8142 9612 4148 9641 435 2140 1060 8630 9796 5039 786 8293 1617 1491 5350 991 4730 5207 8008 9819 4266 2014 248 3822 3192 2590 4950 9707 5685 695 6409 4524
210
Error
4861
Error
False
Error
6959
Error
False
6959
