Error
Error
2
2
2
9051 3858
Error
False
943
False
9051 3858 943 849 779 1215 6974 2565
Error
779
Error
Error
False
Error
Error
9051 3858 943 849 779 1215 6974 2565 9256 468 5313 3326 2752
9051 3858 943 849 779 1215 6974 2565 9256 468 5313 3326 2752
Error
False
9051 3858 943 849 779 1215 6974 2565 9256 468 5313 3326 2752
Error
9051 3858 943 849 779 1215 6974 2565 9256 468 5313 3326 2752
9051 3858 943 849 779 1215 6974 2565 9256 468 5313 3326 2752 2710
9051 3858 943 849 779 1215 6974 2565 9256 468 5313 3326 2752 2710
Error
17
4304 2873 2301 2710 2752 3326 5313 468 9256 2565 6974 1215 779 849 943 3858 9051
Error
False
19
Error
False
4304 2873 2301 2710 2752 3326 5313 468 9256 2565 6974 1215 779 849 943 3858 9051 3593 4039 9850
9256
9256
3181 5321 4304 2873 2301 2710 2752 3326 5313 468 9256 2565 6974 1215 779 849 943 3858 9051 3593 4039 9850 6569
3181 5321 4304 2873 2301 2710 2752 3326 5313 468 9256 2565 6974 1215 779 849 943 3858 9051 3593 4039 9850 6569 8846 4238
3181 5321 4304 2873 2301 2710 2752 3326 5313 468 9256 2565 6974 1215 779 849 943 3858 9051 3593 4039 9850 6569 8846 4238 8779 1986
Error
1215
1215
779
29
Error
Error
3858
Error
Error
3858
Error
Error
Error
36
9894 5098 5334 6162 4767 9854 8533 4524 1986 8779 4238 8846 6569 9850 4039 3593 9051 3858 943 849 779 1215 6974 2565 9256 468 5313 3326 2752 2710 2301 2873 4304 5321 3181 3950
9894 5098 5334 6162 4767 9854 8533 4524 1986 8779 4238 8846 6569 9850 4039 3593 9051 3858 943 849 779 1215 6974 2565 9256 468 5313 3326 2752 2710 2301 2873 4304 5321 3181 3950
Error
Error
2200 9058 8202 8841 3950 3181 5321 4304 2873 2301 2710 2752 3326 5313 468 9256 2565 6974 1215 779 849 943 3858 9051 3593 4039 9850 6569 8846 4238 8779 1986 4524 8533 9854 4767 6162 5334 5098 9894
Error
2200 9058 8202 8841 3950 3181 5321 4304 2873 2301 2710 2752 3326 5313 468 9256 2565 6974 1215 779 849 943 3858 9051 3593 4039 9850 6569 8846 4238 8779 1986 4524 8533 9854 4767 6162 5334 5098 9894 6052 7319 171
Error
943
False
943
Error
943
943
Error
Error
Error
45
False
Error
154 171 7319 6052 9894 5098 5334 6162 4767 9854 8533 4524 1986 8779 4238 8846 6569 9850 4039 3593 9051 3858 943 849 779 1215 6974 2565 9256 468 5313 3326 2752 2710 2301 2873 4304 5321 3181 3950 8841 8202 9058 2200 6438
Error
Error
48
48
779
1215
False
Error
False
Error
9768 154 171 7319 6052 9894 5098 5334 6162 4767 9854 8533 4524 1986 8779 4238 8846 6569 9850 4039 3593 9051 3858 943 849 779 1215 6974 2565 9256 468 5313 3326 2752 2710 2301 2873 4304 5321 3181 3950 8841 8202 9058 2200 6438 5417 5508 6872 2851 6000 569 2803 5372 526
9768 154 171 7319 6052 9894 5098 5334 6162 4767 9854 8533 4524 1986 8779 4238 8846 6569 9850 4039 3593 9051 3858 943 849 779 1215 6974 2565 9256 468 5313 3326 2752 2710 2301 2873 4304 5321 3181 3950 8841 8202 9058 2200 6438 5417 5508 6872 2851 6000 569 2803 5372 526
Error
Error
Error
Error
56
False
False
6974
1022 526 5372 2803 569 6000 2851 6872 5508 5417 6438 2200 9058 8202 8841 3950 3181 5321 4304 2873 2301 2710 2752 3326 5313 468 9256 2565 6974 1215 779 849 943 3858 9051 3593 4039 9850 6569 8846 4238 8779 1986 4524 8533 9854 4767 6162 5334 5098 9894 6052 7319 171 154 9768 394
1022 526 5372 2803 569 6000 2851 6872 5508 5417 6438 2200 9058 8202 8841 3950 3181 5321 4304 2873 2301 2710 2752 3326 5313 468 9256 2565 6974 1215 779 849 943 3858 9051 3593 4039 9850 6569 8846 4238 8779 1986 4524 8533 9854 4767 6162 5334 5098 9894 6052 7319 171 154 9768 394 6070
Error
1022 526 5372 2803 569 6000 2851 6872 5508 5417 6438 2200 9058 8202 8841 3950 3181 5321 4304 2873 2301 2710 2752 3326 5313 468 9256 2565 6974 1215 779 849 943 3858 9051 3593 4039 9850 6569 8846 4238 8779 1986 4524 8533 9854 4767 6162 5334 5098 9894 6052 7319 171 154 9768 394 6070 8179
1022 526 5372 2803 569 6000 2851 6872 5508 5417 6438 2200 9058 8202 8841 3950 3181 5321 4304 2873 2301 2710 2752 3326 5313 468 9256 2565 6974 1215 779 849 943 3858 9051 3593 4039 9850 6569 8846 4238 8779 1986 4524 8533 9854 4767 6162 5334 5098 9894 6052 7319 171 154 9768 394 6070 8179
1022 526 5372 2803 569 6000 2851 6872 5508 5417 6438 2200 9058 8202 8841 3950 3181 5321 4304 2873 2301 2710 2752 3326 5313 468 9256 2565 6974 1215 779 849 943 3858 9051 3593 4039 9850 6569 8846 4238 8779 1986 4524 8533 9854 4767 6162 5334 5098 9894 6052 7319 171 154 9768 394 6070 8179
1022 526 5372 2803 569 6000 2851 6872 5508 5417 6438 2200 9058 8202 8841 3950 3181 5321 4304 2873 2301 2710 2752 3326 5313 468 9256 2565 6974 1215 779 849 943 3858 9051 3593 4039 9850 6569 8846 4238 8779 1986 4524 8533 9854 4767 6162 5334 5098 9894 6052 7319 171 154 9768 394 6070 8179 1552
Error
Error
Error
779
779
False
779
Error
Error
4460 9854 6402 3383 6404 1552 8179 6070 394 9768 154 171 7319 6052 9894 5098 5334 6162 4767 9854 8533 4524 1986 8779 4238 8846 6569 9850 4039 3593 9051 3858 943 849 779 1215 6974 2565 9256 468 5313 3326 2752 2710 2301 2873 4304 5321 3181 3950 8841 8202 9058 2200 6438 5417 5508 6872 2851 6000 569 2803 5372 526 1022 6593 4013 4935 5660 456 8049
Error
1215
4460 9854 6402 3383 6404 1552 8179 6070 394 9768 154 171 7319 6052 9894 5098 5334 6162 4767 9854 8533 4524 1986 8779 4238 8846 6569 9850 4039 3593 9051 3858 943 849 779 1215 6974 2565 9256 468 5313 3326 2752 2710 2301 2873 4304 5321 3181 3950 8841 8202 9058 2200 6438 5417 5508 6872 2851 6000 569 2803 5372 526 1022 6593 4013 4935 5660 456 8049 5799
72
Error
Error
Error
Error
False
Error
1215
Error
Error
Error
76
Error
Error
Error
Error
943
Error
3858
Error
84
Error
Error
Error
943
Error
4077 6679 7590 6766 1546 2717 1881 5169 2488 4700 4460 9854 6402 3383 6404 1552 8179 6070 394 9768 154 171 7319 6052 9894 5098 5334 6162 4767 9854 8533 4524 1986 8779 4238 8846 6569 9850 4039 3593 9051 3858 943 849 779 1215 6974 2565 9256 468 5313 3326 2752 2710 2301 2873 4304 5321 3181 3950 8841 8202 9058 2200 6438 5417 5508 6872 2851 6000 569 2803 5372 526 1022 6593 4013 4935 5660 456 8049 5799 480 3192 618 7472 2277
849
False
Error
Error
2277 7472 618 3192 480 5799 8049 456 5660 4935 4013 6593 1022 526 5372 2803 569 6000 2851 6872 5508 5417 6438 2200 9058 8202 8841 3950 3181 5321 4304 2873 2301 2710 2752 3326 5313 468 9256 2565 6974 1215 779 849 943 3858 9051 3593 4039 9850 6569 8846 4238 8779 1986 4524 8533 9854 4767 6162 5334 5098 9894 6052 7319 171 154 9768 394 6070 8179 1552 6404 3383 6402 9854 4460 4700 2488 5169 1881 2717 1546 6766 7590 6679 4077 9373
849
Error
849
Error
Error
2277 7472 618 3192 480 5799 8049 456 5660 4935 4013 6593 1022 526 5372 2803 569 6000 2851 6872 5508 5417 6438 2200 9058 8202 8841 3950 3181 5321 4304 2873 2301 2710 2752 3326 5313 468 9256 2565 6974 1215 779 849 943 3858 9051 3593 4039 9850 6569 8846 4238 8779 1986 4524 8533 9854 4767 6162 5334 5098 9894 6052 7319 171 154 9768 394 6070 8179 1552 6404 3383 6402 9854 4460 4700 2488 5169 1881 2717 1546 6766 7590 6679 4077 9373
Error
Error
False
Error
88
849
Error
90
Error
Error
False
91
Error
Error
Error
False
94
Error
False
Error
Error
Error
False
779
Error
Error
Error
Error
735 8324 8654 9373 4077 6679 7590 6766 1546 2717 1881 5169 2488 4700 4460 9854 6402 3383 6404 1552 8179 6070 394 9768 154 171 7319 6052 9894 5098 5334 6162 4767 9854 8533 4524 1986 8779 4238 8846 6569 9850 4039 3593 9051 3858 943 849 779 1215 6974 2565 9256 468 5313 3326 2752 2710 2301 2873 4304 5321 3181 3950 8841 8202 9058 2200 6438 5417 5508 6872 2851 6000 569 2803 5372 526 1022 6593 4013 4935 5660 456 8049 5799 480 3192 618 7472 2277 684 3157 5559 8408 2390 3807
735 8324 8654 9373 4077 6679 7590 6766 1546 2717 1881 5169 2488 4700 4460 9854 6402 3383 6404 1552 8179 6070 394 9768 154 171 7319 6052 9894 5098 5334 6162 4767 9854 8533 4524 1986 8779 4238 8846 6569 9850 4039 3593 9051 3858 943 849 779 1215 6974 2565 9256 468 5313 3326 2752 2710 2301 2873 4304 5321 3181 3950 8841 8202 9058 2200 6438 5417 5508 6872 2851 6000 569 2803 5372 526 1022 6593 4013 4935 5660 456 8049 5799 480 3192 618 7472 2277 684 3157 5559 8408 2390 3807
735 8324 8654 9373 4077 6679 7590 6766 1546 2717 1881 5169 2488 4700 4460 9854 6402 3383 6404 1552 8179 6070 394 9768 154 171 7319 6052 9894 5098 5334 6162 4767 9854 8533 4524 1986 8779 4238 8846 6569 9850 4039 3593 9051 3858 943 849 779 1215 6974 2565 9256 468 5313 3326 2752 2710 2301 2873 4304 5321 3181 3950 8841 8202 9058 2200 6438 5417 5508 6872 2851 6000 569 2803 5372 526 1022 6593 4013 4935 5660 456 8049 5799 480 3192 618 7472 2277 684 3157 5559 8408 2390 3807
97
False
99
Error
Error
Error
Error
Error
Error
100
Error
3807 2390 8408 5559 3157 684 2277 7472 618 3192 480 5799 8049 456 5660 4935 4013 6593 1022 526 5372 2803 569 6000 2851 6872 5508 5417 6438 2200 9058 8202 8841 3950 3181 5321 4304 2873 2301 2710 2752 3326 5313 468 9256 2565 6974 1215 779 849 943 3858 9051 3593 4039 9850 6569 8846 4238 8779 1986 4524 8533 9854 4767 6162 5334 5098 9894 6052 7319 171 154 9768 394 6070 8179 1552 6404 3383 6402 9854 4460 4700 2488 5169 1881 2717 1546 6766 7590 6679 4077 9373 8654 8324 735 8477 2315 5172 5230 7655 7599
Error
False
3858
False
False
Error
404 3807 2390 8408 5559 3157 684 2277 7472 618 3192 480 5799 8049 456 5660 4935 4013 6593 1022 526 5372 2803 569 6000 2851 6872 5508 5417 6438 2200 9058 8202 8841 3950 3181 5321 4304 2873 2301 2710 2752 3326 5313 468 3558 9256 2565 6974 1215 779 849 943 3858 9051 3593 4039 9850 6569 8846 4238 8779 1986 4524 8533 9854 4767 6162 5334 5098 9894 6052 7319 171 154 9768 394 6070 8179 1552 6404 3383 6402 9854 4460 4700 2488 5169 1881 2717 1546 6766 7590 6679 4077 9373 8654 8324 735 8477 2315 5172 5230 7655 7599 4517
404 3807 2390 8408 5559 3157 684 2277 7472 618 3192 480 5799 8049 456 5660 4935 4013 6593 1022 526 5372 2803 569 6000 2851 6872 5508 5417 6438 2200 9058 8202 8841 3950 3181 5321 4304 2873 2301 2710 2752 3326 5313 468 3558 9256 2565 6974 1215 779 849 943 3858 9051 3593 4039 9850 6569 8846 4238 8779 1986 4524 8533 9854 4767 6162 5334 5098 9894 6052 7319 171 154 9768 394 6070 8179 1552 6404 3383 6402 9854 4460 4700 2488 5169 1881 2717 1546 6766 7590 6679 4077 9373 8654 8324 735 8477 2315 5172 5230 7655 7599 4517 95
404 3807 2390 8408 5559 3157 684 2277 7472 618 3192 480 5799 8049 456 5660 4935 4013 6593 1022 526 5372 2803 569 6000 2851 6872 5508 5417 6438 2200 9058 8202 8841 3950 3181 5321 4304 2873 2301 2710 2752 3326 5313 468 3558 9256 2565 6974 1215 779 849 943 3858 9051 3593 4039 9850 6569 8846 4238 8779 1986 4524 8533 9854 4767 6162 5334 5098 9894 6052 7319 171 154 9768 394 6070 8179 1552 6404 3383 6402 9854 4460 4700 2488 5169 1881 2717 1546 6766 7590 6679 4077 9373 8654 8324 735 8477 2315 5172 5230 7655 7599 4517 95
Error
404 3807 2390 8408 5559 3157 684 2277 7472 618 3192 480 5799 8049 456 5660 4935 4013 6593 1022 526 5372 2803 569 6000 2851 6872 5508 5417 6438 2200 9058 8202 8841 3950 3181 5321 4304 2873 2301 2710 2752 3326 5313 468 3558 9256 2565 6974 1215 779 849 943 3858 9051 3593 4039 9850 6569 8846 4238 8779 1986 4524 8533 9854 4767 6162 5334 5098 9894 6052 7319 171 154 9768 394 6070 8179 1552 6404 3383 6402 9854 4460 4700 2488 5169 1881 2717 1546 6766 7590 6679 4077 9373 8654 8324 735 8477 2315 5172 5230 7655 7599 4517 95
Error
False
108
Error
108
False
Error
112
4039
4039
4039
Error
Error
False
404 3807 2390 8408 5559 3157 684 2277 7472 618 3192 480 5799 8049 456 5660 4935 4013 6593 1022 526 5372 2803 569 6000 2851 6872 5508 5417 6438 2200 9058 8202 8841 3950 3181 5321 4304 2873 2301 2710 2752 3326 5313 468 3558 9256 2565 6974 1215 779 849 943 3858 9051 3593 4039 9850 6569 8846 4238 8779 1986 4524 8533 9854 4767 6162 5334 5098 9894 6052 7319 171 154 9768 394 6070 8179 1552 6404 3383 6402 9854 4460 4700 2488 5169 1881 2717 1546 6766 7590 6679 4077 9373 8654 8324 735 8477 2315 5172 5230 7655 7599 4517 95 4982 740 7692 8708 3279 215
False
114
Error
114
Error
Error
4039
False
Error
4039
False
Error
Error
Error
4165 3027 215 3279 8708 7692 740 4982 95 4517 7599 7655 5230 5172 2315 8477 735 8324 8654 9373 4077 6679 7590 6766 1546 2717 1881 5169 2488 4700 4460 9854 6402 3383 6404 1552 8179 6070 394 9768 154 171 7319 6052 9894 5098 5334 6162 4767 9854 8533 4524 1986 8779 4238 8846 6569 9850 4039 3593 9051 3858 943 849 779 1215 6974 2565 9256 3558 468 5313 3326 2752 2710 2301 2873 4304 5321 3181 3950 8841 8202 9058 2200 6438 5417 5508 6872 2851 6000 569 2803 5372 526 1022 6593 4013 4935 5660 456 8049 5799 480 3192 618 7472 2277 684 3157 5559 8408 2390 3807 404 4844 1283 4393 8216 8505
Error
Error
3593
Error
9921 8505 8216 4393 1283 4844 404 3807 2390 8408 5559 3157 684 2277 7472 618 3192 480 5799 8049 456 5660 4935 4013 6593 1022 526 5372 2803 569 6000 2851 6872 5508 5417 6438 2200 9058 8202 8841 3950 3181 5321 4304 2873 2301 2710 2752 3326 5313 468 3558 9256 2565 6974 1215 779 849 943 3858 9051 3593 4039 9850 6569 8846 4238 8779 1986 4524 8533 9854 4767 6162 5334 5098 9894 6052 7319 171 154 9768 394 6070 8179 1552 6404 3383 6402 9854 4460 4700 2488 5169 1881 2717 1546 6766 7590 6679 4077 9373 8654 8324 735 8477 2315 5172 5230 7655 7599 4517 95 4982 740 7692 8708 3279 215 3027 4165
Error
9921 8505 8216 4393 1283 4844 404 3807 2390 8408 5559 3157 684 2277 7472 618 3192 480 5799 8049 456 5660 4935 4013 6593 1022 526 5372 2803 569 6000 2851 6872 5508 5417 6438 2200 9058 8202 8841 3950 3181 5321 4304 2873 2301 2710 2752 3326 5313 468 3558 9256 2565 6974 1215 779 849 943 3858 9051 3593 4039 9850 6569 8846 4238 8779 1986 4524 8533 9854 4767 6162 5334 5098 9894 6052 7319 171 154 9768 394 6070 8179 1552 6404 3383 6402 9854 4460 4700 2488 5169 1881 2717 1546 6766 7590 6679 4077 9373 8654 8324 735 8477 2315 5172 5230 7655 7599 4517 95 4982 740 7692 8708 3279 215 3027 4165
Error
Error
122
3593
Error
False
Error
Error
124
3593
Error
Error
4039
7244 5584 1674 8418 593 5527 4165 3027 215 3279 8708 7692 740 4982 95 4517 7599 7655 5230 5172 2315 8477 735 8324 8654 9373 4077 6679 7590 6766 1546 2717 1881 5169 2488 4700 4460 9854 6402 3383 6404 1552 8179 6070 394 9768 154 171 7319 6052 9894 5098 5334 6162 4767 9854 8533 4524 1986 8779 4238 8846 6569 9850 4039 3593 9051 3858 943 849 779 1215 6974 2565 9256 3558 468 5313 3326 2752 2710 2301 2873 4304 5321 3181 3950 8841 8202 9058 2200 6438 5417 5508 6872 2851 6000 569 2803 5372 526 1022 6593 4013 4935 5660 456 8049 5799 480 3192 618 7472 2277 684 3157 5559 8408 2390 3807 404 4844 1283 4393 8216 8505 9921 2507
Error
Error
4039
4039
Error
5558 92 2507 9921 8505 8216 4393 1283 4844 404 3807 2390 8408 5559 3157 684 2277 7472 618 3192 480 5799 8049 456 5660 4935 4013 6593 1022 526 5372 2803 569 6000 2851 6872 5508 5417 6438 2200 9058 8202 8841 3950 3181 5321 4304 2873 2301 2710 2752 3326 5313 468 3558 9256 2565 6974 1215 779 849 943 3858 9051 3593 4039 9850 6569 8846 4238 8779 1986 4524 8533 9854 4767 6162 5334 5098 9894 6052 7319 171 154 9768 394 6070 8179 1552 6404 3383 6402 9854 4460 4700 2488 5169 1881 2717 1546 6766 7590 6679 4077 9373 8654 8324 735 8477 2315 5172 5230 7655 7599 4517 95 4982 740 7692 8708 3279 215 3027 4165 5527 593 8418 1674 5584 7244 6710 2023 5033 199
Error
Error
Error
Error
Error
Error
Error
6389 97 7507 4191 199 5033 2023 6710 7244 5584 1674 8418 593 5527 4165 3027 215 3279 8708 7692 740 4982 95 4517 7599 7655 5230 5172 2315 8477 735 8324 8654 9373 4077 6679 7590 6766 1546 2717 1881 5169 2488 4700 4460 9854 6402 3383 6404 1552 8179 6070 394 9768 154 171 7319 6052 9894 5098 5334 6162 4767 9854 8533 4524 1986 8779 4238 8846 6569 9850 4039 3593 9051 3858 943 849 779 1215 6974 2565 9256 3558 468 5313 3326 2752 2710 2301 2873 4304 5321 3181 3950 8841 8202 9058 2200 6438 5417 5508 6872 2851 6000 569 2803 5372 526 1022 6593 4013 4935 5660 456 8049 5799 480 3192 618 7472 2277 684 3157 5559 8408 2390 3807 404 4844 1283 4393 8216 8505 9921 2507 92 5558
138
5558 92 2507 9921 8505 8216 4393 1283 4844 404 3807 2390 8408 5559 3157 684 2277 7472 618 3192 480 5799 8049 456 5660 4935 4013 6593 1022 526 5372 2803 569 6000 2851 6872 5508 5417 6438 2200 9058 8202 8841 3950 3181 5321 4304 2873 2301 2710 2752 3326 5313 468 3558 9256 2565 6974 1215 779 849 943 3858 9051 3593 4039 9850 6569 8846 4238 8779 1986 4524 8533 9854 4767 6162 5334 5098 9894 6052 7319 171 154 9768 394 6070 8179 1552 6404 3383 6402 9854 4460 4700 2488 5169 1881 2717 1546 6766 7590 6679 4077 9373 8654 8324 735 8477 2315 5172 5230 7655 7599 4517 95 4982 740 7692 8708 3279 215 3027 4165 5527 593 8418 1674 5584 7244 6710 2023 5033 199 4191 7507 97 6389 5678
Error
False
4238
8779
Error
Error
141
False
141
8846
Error
False
6523 5678 6389 97 7507 4191 199 5033 2023 6710 7244 5584 1674 8418 593 5527 4165 3027 215 3279 8708 7692 740 4982 95 4517 7599 7655 5230 5172 2315 8477 735 8324 8654 9373 4077 6679 7590 6766 1546 2717 1881 5169 2488 4700 4460 9854 6402 3383 6404 1552 8179 6070 394 9768 154 171 7319 6052 9894 5098 5334 6162 4767 9854 8533 4524 1986 8779 4238 8846 6569 9850 4039 3593 9051 3858 943 849 779 1215 6974 2565 9256 3558 468 5313 3326 2752 2710 2301 2873 4304 5321 3181 3950 8841 8202 9058 2200 6438 5417 5508 6872 2851 6000 569 2803 5372 526 1022 6593 4013 4935 5660 456 8049 5799 480 3192 618 7472 2277 684 3157 5559 8408 2390 3807 404 4844 1283 4393 8216 8505 9921 2507 92 5558 8516 7389 5312 6992
False
Error
144
False
Error
Error
146
6992 5312 7389 8516 5558 92 2507 9921 8505 8216 4393 1283 4844 404 3807 2390 8408 5559 3157 684 2277 7472 618 3192 480 5799 8049 456 5660 4935 4013 6593 1022 526 5372 2803 569 6000 2851 6872 5508 5417 6438 2200 9058 8202 8841 3950 3181 5321 4304 2873 2301 2710 2752 3326 5313 468 3558 9256 2565 6974 1215 779 849 943 3858 9051 3593 4039 9850 6569 8846 4238 8779 1986 4524 8533 9854 4767 6162 5334 5098 9894 6052 7319 171 154 9768 394 6070 8179 1552 6404 3383 6402 9854 4460 4700 2488 5169 1881 2717 1546 6766 7590 6679 4077 9373 8654 8324 735 8477 2315 5172 5230 7655 7599 4517 95 4982 740 7692 8708 3279 215 3027 4165 5527 593 8418 1674 5584 7244 6710 2023 5033 199 4191 7507 97 6389 5678 6523 4775 4545
Error
False
Error
Error
4238
6992 5312 7389 8516 5558 92 2507 9921 8505 8216 4393 1283 4844 404 3807 2390 8408 5559 3157 684 2277 7472 618 3192 480 5799 8049 456 5660 4935 4013 6593 1022 526 5372 2803 569 6000 2851 6872 5508 5417 6438 2200 9058 8202 8841 3950 3181 5321 4304 2873 2301 2710 2752 3326 5313 468 3558 9256 2565 6974 1215 779 849 943 3858 9051 3593 4039 9850 6569 8846 4238 8779 1986 4524 8533 9854 4767 6162 5334 5098 9894 6052 7319 171 154 9768 394 6070 8179 1552 6404 3383 6402 9854 4460 4700 2488 5169 1881 2717 1546 6766 7590 6679 4077 9373 8654 8324 735 8477 2315 5172 5230 7655 7599 4517 95 4982 740 7692 8708 3279 215 3027 4165 5527 593 8418 1674 5584 7244 6710 2023 5033 199 4191 7507 97 6389 5678 6523 4775 4545 1596 8654
Error
8654 1596 4545 4775 6523 5678 6389 97 7507 4191 199 5033 2023 6710 7244 5584 1674 593 5527 4165 3027 215 3279 8708 7692 740 4982 95 4517 7599 7655 5230 5172 2315 8477 735 8324 8654 9373 4077 6679 7590 6766 1546 2717 1881 5169 2488 4700 4460 9854 6402 3383 6404 1552 8179 6070 394 9768 154 171 7319 6052 9894 5098 5334 6162 4767 9854 8533 4524 1986 8779 4238 8846 6569 9850 4039 3593 9051 3858 943 849 779 1215 6974 2565 9256 3558 468 5313 3326 2752 2710 2301 2873 4304 5321 3181 3950 8841 8202 9058 2200 6438 5417 5508 6872 2851 6000 569 2803 5372 526 1022 6593 4013 4935 5660 456 8049 5799 480 3192 618 7472 2277 684 3157 5559 8408 2390 3807 404 4844 1283 4393 8216 8505 9921 2507 92 5558 8516 7389 5312 6992 9774
Error
Error
8654 1596 4545 4775 6523 5678 6389 97 7507 4191 199 5033 2023 6710 7244 5584 1674 593 5527 4165 3027 215 3279 8708 7692 740 4982 95 4517 7599 7655 5230 5172 2315 8477 735 8324 8654 9373 4077 6679 7590 6766 1546 2717 1881 5169 2488 4700 4460 9854 6402 3383 6404 1552 8179 6070 394 9768 154 171 7319 6052 9894 5098 5334 6162 4767 9854 8533 4524 1986 8779 4238 8846 6569 9850 4039 3593 9051 3858 943 849 779 1215 6974 2565 9256 3558 468 5313 3326 2752 2710 2301 2873 4304 5321 3181 3950 8841 8202 9058 2200 6438 5417 5508 6872 2851 6000 569 2803 5372 526 1022 6593 4013 4935 5660 456 8049 5799 480 3192 618 7472 2277 684 3157 5559 8408 2390 3807 404 4844 1283 4393 8216 8505 9921 2507 92 5558 8516 7389 5312 6992 9774 2312 86
150
Error
False
150
Error
Error
Error
False
Error
Error
Error
False
Error
Error
False
False
Error
False
156
8654 1596 4545 4775 6523 5678 6389 97 7507 4191 199 5033 2023 6710 7244 5584 1674 593 5527 4165 3027 215 3279 8708 7692 740 4982 95 4517 7599 7655 5230 5172 2315 8477 735 8324 8654 9373 4077 6679 7590 6766 1546 2717 1881 5169 2488 4700 4460 9854 6402 3383 6404 1552 8179 6070 394 9768 154 171 7319 6052 9894 5098 5334 6162 4767 9854 8533 4524 1986 8779 4238 8846 6569 9850 4039 3593 9051 3858 943 849 779 1215 6974 2565 9256 3558 468 5313 3326 2752 2710 2301 2873 4304 5321 3181 3950 8841 8202 9058 2200 6438 5417 5508 6872 2851 6000 569 2803 5372 526 1022 6593 4013 4935 5660 456 8049 5799 480 3192 618 7472 2277 684 3157 5559 8408 2390 3807 404 4844 1283 4393 8216 8505 9921 2507 92 5558 8516 7389 5312 6992 9774 2312 86 4276 9215 1299 9404 2298 7041
3593
Error
Error
4039
Error
Error
Error
158
9850
3593
162
1548 3608 8654 1596 4545 4775 6523 5678 6389 97 7507 4191 199 5033 2023 6710 7244 5584 1674 593 5527 4165 3027 215 3279 8708 7692 740 4982 95 4517 7599 7655 5230 5172 2315 8477 735 8324 8654 9373 4077 6679 7590 6766 1546 2717 1881 5169 2488 4700 4460 9854 6402 3383 6404 1552 8179 6070 394 9768 154 171 7319 6052 9894 5098 5334 6162 4767 9854 8533 4524 1986 8779 4238 8846 6569 9850 4039 3593 9051 3858 943 849 779 1215 6974 2565 9256 3558 468 5313 3326 2752 2710 2301 2873 4304 5321 3181 3950 8841 8202 9058 2200 6438 5417 5508 6872 2851 6000 569 2803 5372 526 1022 6593 4013 4935 5660 456 8049 5799 480 3192 618 7472 2277 684 3157 5559 8408 2390 3807 404 4844 1283 4393 8216 8505 9921 2507 92 5558 8516 7389 5312 6992 9774 2312 86 4276 9215 1299 9404 2298 7041 5482 9659 8123 7819
Error
Error
Error
162
False
Error
Error
Error
False
Error
Error
Error
9051
163
Error
Error
Error
3858
Error
False
Error
7082 5120 3421 3062 7819 8123 9659 5482 7041 2298 9404 1299 9215 4276 86 2312 9774 6992 5312 7389 8516 5558 92 2507 9921 8505 8216 4393 1283 4844 404 3807 2390 8408 5559 3157 684 2277 7472 618 3192 480 5799 8049 456 5660 4935 4013 6593 1022 526 5372 2803 569 6000 2851 6872 5508 5417 6438 2200 9058 8202 8841 3950 3181 5321 4304 2873 2301 2710 2752 3326 5313 468 3558 9256 2565 6974 1215 779 849 943 3858 9051 3593 4039 9850 6569 8846 4238 8779 1986 4524 8533 9854 4767 6162 5334 5098 9894 6052 7319 171 154 9768 394 6070 8179 1552 6404 3383 6402 9854 4460 4700 2488 5169 1881 2717 1546 6766 7590 6679 4077 9373 8654 8324 735 8477 2315 5172 5230 7655 7599 4517 95 4982 740 7692 8708 3279 215 3027 4165 5527 593 1674 5584 7244 6710 2023 5033 199 4191 7507 97 6389 5678 6523 4775 4545 1596 8654 3608 1548 3616 4878
170
False
3593
7082 5120 3421 3062 7819 8123 9659 5482 7041 2298 9404 1299 9215 4276 86 2312 9774 6992 5312 7389 8516 5558 92 2507 9921 8505 8216 4393 1283 4844 404 3807 2390 8408 5559 3157 684 2277 7472 618 3192 480 5799 8049 456 5660 4935 4013 6593 1022 526 5372 2803 569 6000 2851 6872 5508 5417 6438 2200 9058 8202 8841 3950 3181 5321 4304 2873 2301 2710 2752 3326 5313 468 3558 9256 2565 6974 1215 779 849 943 3858 9051 3593 4039 9850 6569 8846 4238 8779 1986 4524 8533 9854 4767 6162 5334 5098 9894 6052 7319 171 154 9768 394 6070 8179 1552 6404 3383 6402 9854 4460 4700 2488 5169 1881 2717 1546 6766 7590 6679 4077 9373 8654 8324 735 8477 2315 5172 5230 7655 7599 4517 95 4982 740 7692 8708 3279 215 3027 4165 5527 593 1674 5584 7244 6710 2023 5033 199 4191 7507 97 6389 5678 6523 4775 4545 1596 8654 3608 1548 3616 4878 1848 7937 6601
Error
171
Error
Error
False
3775 7082 5120 3421 3062 7819 8123 9659 5482 7041 2298 9404 1299 9215 4276 86 2312 9774 6992 5312 7389 8516 5558 92 2507 9921 8505 8216 4393 1283 4844 404 3807 2390 8408 5559 3157 684 2277 7472 618 3192 480 5799 8049 456 5660 4935 4013 6593 1022 526 5372 2803 569 6000 2851 6872 5508 5417 6438 2200 9058 8202 8841 3950 3181 5321 4304 2873 2301 2710 2752 3326 5313 468 3558 9256 2565 6974 1215 779 849 943 3858 9051 3593 4039 9850 6569 8846 4238 8779 1986 4524 8533 9854 4767 6162 5334 5098 9894 6052 7319 171 154 9768 394 6070 8179 1552 6404 3383 6402 9854 4460 4700 2488 5169 1881 2717 1546 6766 7590 6679 4077 9373 8654 8324 735 8477 2315 5172 5230 7655 7599 4517 95 4982 740 7692 8708 3279 215 3027 4165 5527 593 1674 5584 7244 6710 2023 5033 199 4191 7507 97 6389 5678 6523 4775 4545 1596 8654 3608 1548 3616 4878 1848 7937 6601 4477 4519
Error
Error
4039
Error
Error
3593
Error
Error
Error
Error
