9999
9994
9992
9986
9981
9977
9964
9964
9964
9963
9962
9961
9960
9956
9956
9956
9955
9953
9952
9951
9948
9946
9944
9943
9943
9943
9943
9940
9935
9932
9922
9918
9917
9915
9913
9911
9911
9909
9908
9903
9901
9900
9899
9899
9898
9896
9895
9893
9891
9890
9886
9883
9881
9879
9877
9868
9868
9864
9863
9858
9858
9854
9854
9852
9852
9851
9844
9839
9834
9833
9825
9825
9815
9813
9809
9807
9807
9806
9805
9798
9797
9794
9791
9790
9790
9788
9787
9787
9785
9783
9781
9780
9780
9777
9776
9775
9773
9772
9770
9769
9767
9766
9766
9765
9761
9759
9758
9753
9751
9747
9742
9739
9739
9737
9735
9734
9731
9726
9725
9721
9719
9718
9716
9711
9708
9705
9694
9692
9692
9689
9689
9688
9687
9679
9678
9677
9676
9675
9674
9674
9668
9665
9655
9653
9651
9644
9641
9638
9636
9633
9628
9627
9626
9625
9624
9624
9622
9620
9616
9611
9609
9606
9601
9600
9598
9597
9594
9592
9582
9578
9577
9573
9573
9570
9569
9563
9559
9557
9557
9553
9550
9549
9548
9548
9547
9545
9544
9542
9541
9539
9539
9534
9533
9530
9529
9529
9528
9527
9525
9525
9519
9518
9513
9508
9507
9507
9506
9501
9501
9495
9495
9488
9487
9485
9483
9482
9482
9475
9474
9473
9470
9469
9467
9464
9457
9453
9452
9451
9449
9447
9444
9441
9440
9440
9438
9436
9432
9430
9429
9425
9423
9423
9423
9422
9421
9420
9418
9418
9416
9416
9415
9408
9408
9407
9406
9406
9405
9403
9403
9399
9395
9388
9384
9380
9376
9374
9372
9372
9372
9366
9363
9362
9362
9359
9358
9353
9350
9349
9349
9344
9344
9344
9343
9343
9337
9337
9331
9330
9328
9318
9315
9314
9311
9310
9309
9302
9302
9302
9300
9298
9297
9296
9292
9286
9286
9283
9281
9281
9280
9278
9277
9276
9276
9265
9257
9255
9253
9245
9240
9239
9238
9237
9236
9235
9233
9223
9217
9216
9212
9208
9206
9205
9197
9195
9194
9189
9189
9187
9180
9179
9177
9176
9176
9175
9174
9170
9169
9168
9165
9164
9159
9153
9153
9152
9147
9146
9144
9143
9143
9139
9139
9139
9136
9134
9132
9132
9129
9127
9124
9122
9121
9117
9108
9101
9101
9100
9098
9097
9096
9095
9094
9094
9089
9082
9082
9081
9080
9078
9077
9073
9072
9065
9062
9059
9054
9051
9047
9044
9044
9039
9038
9037
9037
9035
9033
9033
9032
9025
9024
9015
9012
9011
9010
9004
9004
9003
9003
9001
9000
8998
8998
8995
8995
8992
8991
8990
8987
8985
8979
8976
8976
8968
8956
8953
8953
8952
8946
8933
8928
8927
8926
8925
8920
8920
8919
8919
8916
8915
8912
8910
8908
8908
8905
8903
8902
8901
8900
8897
8888
8887
8885
8881
8881
8878
8876
8865
8862
8862
8861
8860
8860
8859
8856
8855
8852
8849
8848
8847
8846
8842
8835
8835
8833
8828
8827
8826
8826
8825
8825
8816
8816
8813
8812
8812
8810
8805
8804
8804
8802
8802
8799
8797
8797
8796
8795
8795
8790
8785
8785
8784
8783
8783
8779
8773
8771
8770
8768
8768
8768
8768
8765
8764
8756
8754
8753
8748
8747
8743
8737
8736
8735
8729
8729
8728
8727
8726
8721
8720
8710
8708
8706
8705
8702
8702
8700
8699
8699
8697
8693
8692
8691
8686
8685
8684
8683
8679
8678
8675
8673
8668
8661
8654
8653
8651
8650
8649
8649
8643
8635
8632
8631
8631
8630
8622
8621
8616
8616
8615
8609
8607
8607
8603
8601
8593
8589
8575
8573
8573
8564
8564
8562
8559
8555
8552
8548
8545
8544
8540
8530
8529
8528
8526
8524
8523
8523
8522
8522
8520
8517
8516
8505
8498
8498
8494
8494
8486
8485
8482
8481
8479
8476
8476
8474
8469
8463
8461
8456
8455
8454
8450
8449
8448
8447
8446
8443
8442
8441
8439
8438
8438
8433
8428
8428
8426
8425
8424
8420
8417
8414
8413
8412
8411
8408
8405
8401
8398
8398
8397
8393
8392
8392
8387
8383
8381
8380
8378
8373
8372
8371
8369
8366
8362
8361
8360
8353
8352
8350
8348
8346
8342
8341
8340
8339
8338
8337
8330
8327
8323
8323
8321
8320
8314
8311
8309
8307
8307
8303
8301
8300
8296
8296
8291
8286
8285
8281
8278
8276
8275
8272
8268
8265
8265
8265
8260
8260
8260
8258
8256
8255
8251
8249
8249
8246
8245
8239
8238
8236
8233
8232
8227
8221
8221
8219
8217
8215
8215
8209
8208
8207
8196
8190
8188
8186
8184
8182
8180
8178
8178
8177
8173
8171
8170
8169
8169
8168
8166
8154
8152
8151
8149
8148
8147
8146
8146
8144
8138
8138
8131
8131
8128
8125
8124
8124
8120
8120
8110
8110
8108
8106
8105
8103
8101
8097
8096
8096
8094
8093
8091
8091
8091
8081
8077
8077
8073
8072
8071
8060
8058
8054
8052
8049
8048
8047
8040
8038
8029
8025
8025
8024
8019
8017
8013
8013
8011
8006
8002
8002
8001
7999
7990
7989
7989
7988
7987
7987
7987
7986
7980
7980
7974
7970
7969
7966
7964
7962
7958
7957
7950
7948
7943
7942
7937
7931
7925
7923
7922
7917
7915
7914
7914
7913
7912
7911
7907
7904
7902
7901
7894
7890
7888
7887
7884
7883
7882
7880
7877
7873
7869
7868
7866
7864
7863
7862
7859
7858
7858
7857
7856
7849
7846
7843
7842
7836
7833
7826
7823
7821
7819
7818
7811
7811
7808
7806
7805
7801
7799
7794
7792
7789
7784
7778
7776
7775
7770
7769
7766
7765
7762
7760
7760
7759
7758
7757
7756
7753
7752
7751
7750
7746
7745
7743
7743
7743
7742
7742
7736
7736
7733
7732
7731
7729
7716
7714
7710
7709
7709
7705
7705
7702
7699
7697
7697
7691
7688
7688
7686
7683
7683
7683
7683
7681
7680
7678
7677
7672
7668
7660
7660
7655
7654
7653
7653
7649
7649
7646
7643
7641
7634
7621
7619
7618
7617
7617
7610
7606
7603
7596
7595
7593
7591
7589
7584
7579
7577
7575
7569
7569
7568
7566
7565
7564
7559
7557
7554
7554
7542
7541
7530
7529
7528
7527
7527
7521
7519
7518
7518
7515
7513
7509
7508
7499
7499
7495
7493
7481
7479
7476
7474
7471
7470
7470
7468
7468
7465
7459
7459
7459
7458
7458
7457
7457
7456
7456
7455
7454
7450
7449
7449
7446
7446
7445
7445
7438
7436
7429
7425
7421
7415
7410
7410
7405
7404
7403
7402
7400
7397
7394
7393
7393
7391
7389
7387
7384
7384
7372
7372
7370
7368
7368
7363
7361
7359
7358
7358
7354
7354
7353
7347
7346
7345
7344
7344
7341
7338
7334
7333
7333
7329
7328
7326
7325
7324
7324
7324
7323
7320
7313
7313
7313
7312
7305
7305
7298
7297
7297
7296
7295
7294
7290
7289
7288
7285
7285
7284
7276
7269
7268
7268
7267
7267
7263
7258
7255
7255
7250
7242
7238
7238
7238
7238
7236
7235
7231
7226
7225
7223
7213
7210
7205
7202
7200
7195
7193
7192
7192
7187
7184
7183
7181
7179
7179
7179
7173
7173
7172
7169
7168
7160
7153
7151
7148
7148
7127
7124
7124
7122
7119
7117
7115
7111
7109
7107
7107
7106
7102
7102
7101
7097
7096
7095
7092
7092
7090
7088
7084
7081
7076
7075
7073
7072
7069
7067
7066
7065
7065
7065
7062
7060
7060
7058
7055
7052
7049
7048
7046
7045
7043
7039
7036
7032
7032
7029
7021
7021
7021
7019
7019
7016
7008
7008
7007
7003
6997
6987
6972
6970
6964
6963
6962
6957
6957
6956
6949
6945
6945
6945
6943
6942
6940
6938
6932
6932
6930
6927
6926
6920
6920
6920
6918
6918
6916
6913
6908
6906
6901
6901
6899
6898
6897
6897
6896
6894
6889
6888
6884
6874
6872
6868
6866
6863
6863
6858
6857
6855
6855
6851
6846
6833
6833
6832
6831
6831
6829
6829
6827
6827
6823
6821
6817
6813
6810
6809
6803
6802
6802
6798
6794
6794
6793
6791
6791
6790
6790
6788
6786
6785
6776
6772
6767
6766
6766
6760
6757
6754
6752
6751
6750
6749
6743
6740
6739
6738
6736
6736
6731
6730
6725
6724
6721
6719
6719
6717
6715
6709
6699
6699
6695
6691
6683
6679
6678
6673
6668
6665
6663
6662
6660
6660
6657
6657
6643
6643
6641
6640
6627
6625
6624
6615
6613
6610
6603
6591
6585
6583
6582
6580
6580
6577
6574
6572
6569
6567
6559
6555
6554
6554
6546
6545
6545
6544
6540
6538
6537
6535
6534
6533
6532
6531
6527
6526
6524
6523
6521
6518
6518
6517
6517
6516
6516
6511
6508
6508
6507
6505
6504
6504
6498
6497
6494
6492
6491
6488
6488
6484
6480
6479
6475
6474
6471
6466
6461
6452
6448
6447
6445
6444
6442
6442
6441
6438
6438
6437
6435
6434
6434
6434
6433
6431
6428
6428
6424
6422
6413
6411
6407
6405
6403
6402
6401
6399
6399
6397
6395
6390
6379
6379
6379
6377
6375
6372
6371
6369
6365
6364
6363
6363
6360
6359
6355
6350
6348
6344
6339
6332
6331
6330
6328
6327
6323
6322
6319
6316
6316
6314
6306
6305
6303
6300
6299
6299
6295
6294
6290
6288
6285
6284
6284
6281
6281
6278
6271
6270
6269
6269
6268
6267
6266
6263
6262
6260
6248
6245
6242
6240
6230
6229
6228
6228
6227
6224
6223
6222
6219
6219
6216
6214
6206
6203
6203
6199
6196
6196
6194
6193
6193
6193
6192
6191
6190
6188
6187
6185
6180
6176
6172
6172
6170
6161
6160
6158
6158
6150
6148
6138
6137
6127
6125
6124
6123
6122
6122
6117
6114
6112
6110
6107
6104
6102
6099
6099
6094
6093
6093
6092
6092
6092
6091
6090
6087
6084
6082
6080
6078
6078
6075
6066
6065
6061
6061
6053
6050
6045
6044
6041
6037
6036
6035
6031
6029
6027
6025
6024
6024
6021
6019
6019
6018
6018
6016
6015
6014
6014
6009
6008
6005
6004
6003
6002
6000
5999
5996
5996
5992
5983
5982
5981
5974
5972
5968
5966
5964
5961
5959
5958
5956
5952
5950
5947
5942
5939
5932
5929
5927
5926
5925
5925
5925
5924
5923
5920
5920
5918
5917
5916
5915
5914
5913
5912
5909
5907
5906
5895
5893
5892
5890
5887
5880
5879
5879
5878
5874
5873
5872
5868
5867
5864
5861
5857
5854
5852
5851
5847
5847
5844
5843
5841
5841
5837
5837
5834
5833
5820
5818
5817
5810
5809
5808
5806
5803
5797
5794
5792
5789
5786
5784
5778
5777
5776
5775
5774
5773
5770
5763
5761
5755
5746
5736
5735
5732
5731
5725
5719
5716
5716
5709
5705
5704
5704
5701
5698
5697
5696
5695
5695
5694
5693
5690
5688
5685
5684
5680
5679
5678
5675
5675
5672
5670
5667
5666
5665
5663
5661
5660
5658
5656
5653
5652
5651
5650
5650
5647
5645
5645
5645
5642
5642
5638
5637
5637
5636
5635
5634
5633
5633
5633
5633
5632
5622
5620
5611
5610
5608
5595
5592
5584
5582
5580
5576
5574
5573
5572
5571
5570
5568
5564
5563
5561
5557
5557
5556
5555
5543
5542
5540
5539
5537
5531
5530
5528
5528
5522
5522
5521
5520
5520
5513
5510
5503
5502
5496
5495
5492
5491
5490
5486
5485
5478
5477
5477
5473
5472
5466
5465
5461
5461
5461
5459
5457
5457
5455
5453
5448
5444
5443
5442
5440
5438
5437
5435
5435
5433
5428
5428
5425
5423
5419
5416
5414
5413
5412
5412
5407
5407
5407
5403
5399
5399
5395
5395
5394
5391
5386
5386
5385
5383
5379
5378
5378
5377
5371
5370
5366
5361
5360
5358
5350
5342
5342
5339
5339
5334
5331
5329
5329
5327
5327
5326
5326
5322
5317
5312
5309
5305
5302
5298
5298
5295
5288
5288
5283
5281
5280
5275
5271
5268
5262
5260
5255
5247
5246
5246
5242
5241
5241
5238
5226
5225
5225
5223
5219
5219
5219
5212
5210
5205
5204
5203
5202
5201
5199
5198
5198
5193
5188
5179
5175
5173
5167
5164
5158
5155
5155
5154
5152
5149
5149
5149
5149
5147
5147
5145
5144
5142
5135
5134
5134
5129
5128
5122
5119
5113
5112
5109
5108
5108
5105
5104
5097
5097
5094
5084
5082
5079
5076
5074
5073
5072
5071
5071
5061
5060
5057
5056
5055
5055
5054
5053
5050
5050
5042
5041
5038
5035
5035
5035
5034
5033
5032
5032
5031
5025
5024
5023
5021
5014
5011
5010
5009
5006
4994
4993
4993
4992
4988
4987
4987
4982
4981
4978
4972
4971
4970
4969
4967
4964
4962
4961
4961
4958
4956
4956
4955
4952
4949
4949
4947
4944
4930
4927
4925
4921
4920
4920
4919
4913
4913
4910
4909
4903
4900
4899
4897
4897
4889
4886
4884
4883
4882
4879
4878
4877
4874
4874
4871
4868
4867
4861
4859
4857
4854
4854
4853
4848
4846
4842
4838
4835
4831
4827
4824
4823
4817
4809
4799
4798
4798
4795
4794
4790
4788
4770
4767
4766
4765
4760
4760
4759
4756
4756
4755
4754
4754
4752
4750
4749
4743
4742
4741
4740
4738
4738
4737
4733
4732
4732
4725
4723
4723
4722
4721
4720
4719
4719
4718
4716
4711
4710
4708
4701
4696
4696
4694
4691
4688
4686
4685
4683
4681
4674
4672
4672
4669
4667
4667
4665
4661
4661
4656
4652
4651
4647
4644
4640
4639
4633
4632
4629
4629
4629
4623
4621
4617
4613
4610
4607
4604
4600
4597
4594
4586
4586
4584
4577
4569
4565
4564
4559
4557
4557
4555
4553
4553
4552
4543
4543
4540
4536
4536
4536
4536
4535
4531
4530
4530
4529
4522
4520
4519
4518
4516
4513
4509
4504
4504
4501
4498
4496
4492
4491
4491
4489
4486
4483
4481
4481
4480
4477
4474
4472
4467
4466
4464
4455
4454
4453
4451
4446
4441
4440
4436
4429
4429
4429
4420
4419
4417
4417
4414
4411
4410
4407
4407
4405
4400
4397
4391
4385
4384
4380
4379
4378
4378
4376
4373
4370
4370
4368
4366
4360
4359
4350
4350
4349
4348
4347
4346
4346
4337
4336
4334
4333
4332
4322
4322
4318
4317
4316
4315
4315
4314
4313
4312
4311
4310
4309
4308
4301
4300
4297
4296
4295
4293
4291
4290
4289
4284
4278
4278
4276
4275
4272
4270
4269
4267
4265
4264
4261
4261
4259
4258
4249
4249
4243
4242
4240
4238
4236
4234
4234
4233
4232
4230
4228
4228
4226
4223
4223
4222
4218
4216
4214
4212
4212
4212
4211
4210
4207
4204
4201
4200
4199
4198
4197
4190
4188
4178
4178
4174
4174
4174
4172
4160
4158
4158
4152
4151
4151
4150
4148
4146
4140
4140
4138
4138
4137
4134
4133
4133
4131
4129
4128
4126
4126
4125
4123
4121
4114
4112
4112
4110
4110
4106
4102
4100
4100
4100
4099
4098
4095
4095
4094
4091
4080
4079
4075
4073
4072
4071
4068
4064
4060
4058
4053
4053
4053
4052
4049
4048
4048
4042
4037
4031
4030
4028
4028
4027
4025
4024
4023
4023
4022
4020
4020
4019
4019
4016
4015
4014
4011
4011
4009
4002
4001
3998
3996
3996
3990
3985
3984
3983
3982
3980
3978
3977
3972
3966
3959
3958
3956
3954
3952
3950
3949
3941
3941
3937
3936
3932
3931
3926
3925
3913
3912
3897
3896
3893
3891
3888
3888
3888
3887
3884
3876
3874
3871
3869
3865
3863
3863
3860
3860
3857
3857
3856
3854
3849
3845
3845
3838
3836
3833
3826
3825
3822
3821
3820
3817
3814
3812
3810
3809
3807
3806
3805
3803
3803
3803
3799
3797
3797
3796
3796
3791
3789
3781
3781
3779
3779
3774
3774
3769
3769
3761
3757
3757
3756
3754
3752
3743
3738
3736
3734
3733
3727
3724
3722
3719
3715
3712
3707
3707
3706
3706
3705
3705
3703
3703
3703
3702
3698
3693
3689
3681
3680
3680
3679
3677
3677
3676
3675
3675
3674
3670
3670
3669
3667
3664
3664
3660
3658
3657
3656
3655
3653
3646
3640
3637
3635
3632
3632
3626
3624
3624
3621
3619
3615
3612
3610
3604
3598
3597
3596
3593
3590
3590
3588
3588
3577
3576
3571
3569
3569
3567
3560
3559
3557
3555
3553
3553
3553
3551
3550
3540
3540
3540
3537
3535
3528
3525
3522
3521
3519
3515
3512
3509
3509
3507
3498
3496
3496
3496
3492
3486
3486
3481
3476
3475
3474
3472
3470
3467
3463
3463
3460
3454
3448
3442
3438
3437
3434
3431
3427
3426
3426
3419
3411
3411
3409
3409
3407
3407
3406
3406
3404
3397
3387
3385
3384
3383
3381
3378
3378
3370
3368
3368
3366
3363
3361
3357
3348
3344
3343
3340
3339
3337
3336
3335
3335
3335
3332
3332
3328
3328
3325
3325
3320
3320
3318
3317
3317
3308
3304
3303
3302
3300
3297
3293
3292
3292
3282
3282
3279
3275
3271
3264
3262
3257
3255
3253
3252
3244
3244
3236
3234
3234
3232
3230
3227
3227
3227
3226
3224
3224
3224
3223
3223
3217
3216
3215
3213
3212
3209
3200
3200
3197
3194
3193
3189
3187
3185
3181
3180
3179
3177
3173
3166
3163
3163
3162
3160
3159
3153
3152
3152
3150
3150
3149
3141
3139
3137
3133
3124
3123
3119
3118
3118
3115
3113
3112
3107
3107
3105
3105
3103
3101
3101
3099
3098
3096
3095
3092
3090
3088
3085
3085
3084
3083
3083
3080
3080
3079
3078
3078
3076
3075
3072
3070
3068
3067
3064
3061
3060
3057
3055
3049
3047
3044
3041
3039
3035
3034
3029
3029
3028
3027
3024
3019
3015
3012
3008
3007
3007
3006
3004
3004
3004
3002
3002
2993
2987
2987
2982
2981
2972
2968
2967
2966
2958
2958
2951
2951
2941
2938
2931
2927
2914
2910
2910
2910
2905
2903
2902
2898
2897
2891
2891
2890
2889
2888
2887
2886
2882
2879
2877
2876
2876
2874
2874
2870
2868
2867
2867
2859
2854
2852
2851
2850
2850
2847
2845
2842
2841
2841
2839
2837
2832
2828
2826
2824
2822
2818
2818
2816
2813
2812
2812
2811
2811
2809
2808
2806
2804
2800
2800
2800
2797
2795
2795
2792
2791
2791
2789
2788
2787
2786
2784
2783
2783
2777
2776
2771
2769
2764
2764
2763
2758
2755
2755
2743
2742
2740
2736
2732
2732
2731
2731
2729
2725
2724
2718
2717
2716
2713
2713
2705
2702
2700
2700
2696
2692
2689
2684
2681
2678
2678
2676
2676
2675
2674
2674
2673
2665
2665
2664
2663
2662
2661
2655
2654
2652
2651
2648
2643
2642
2638
2638
2636
2632
2631
2626
2623
2620
2617
2615
2611
2607
2605
2601
2600
2595
2588
2586
2585
2583
2583
2575
2575
2567
2567
2562
2562
2561
2560
2560
2560
2559
2552
2549
2549
2547
2547
2546
2545
2538
2534
2529
2525
2524
2522
2522
2511
2508
2504
2495
2495
2494
2493
2493
2490
2476
2476
2469
2466
2465
2465
2459
2458
2456
2455
2453
2453
2449
2449
2449
2448
2448
2445
2445
2445
2443
2434
2431
2426
2426
2424
2421
2419
2419
2414
2414
2414
2411
2400
2398
2394
2390
2386
2383
2383
2383
2379
2372
2366
2364
2364
2363
2360
2359
2356
2353
2350
2348
2342
2338
2330
2330
2322
2321
2316
2312
2310
2309
2309
2308
2307
2303
2303
2300
2298
2293
2291
2286
2284
2274
2270
2266
2266
2266
2260
2258
2256
2255
2252
2251
2244
2243
2239
2235
2234
2234
2234
2230
2229
2221
2218
2216
2214
2206
2206
2202
2201
2196
2193
2193
2191
2191
2177
2176
2174
2163
2159
2159
2158
2155
2149
2147
2147
2146
2145
2139
2139
2137
2133
2132
2129
2127
2127
2126
2125
2124
2122
2118
2116
2114
2108
2108
2107
2103
2103
2101
2099
2095
2095
2092
2088
2087
2085
2083
2082
2078
2078
2077
2077
2074
2069
2066
2066
2065
2062
2058
2053
2052
2046
2045
2043
2038
2036
2036
2030
2027
2023
2018
2017
2014
2013
2008
2006
2003
2001
1993
1991
1989
1988
1985
1981
1980
1980
1979
1977
1975
1973
1971
1971
1970
1970
1968
1968
1968
1967
1966
1963
1961
1956
1956
1955
1950
1949
1946
1946
1945
1943
1943
1942
1940
1940
1934
1930
1928
1927
1927
1926
1925
1921
1920
1917
1916
1916
1913
1913
1912
1911
1908
1907
1906
1901
1896
1896
1896
1894
1890
1884
1882
1882
1881
1880
1877
1875
1871
1861
1858
1857
1855
1854
1852
1848
1843
1836
1836
1833
1831
1829
1826
1826
1821
1820
1817
1811
1811
1808
1808
1806
1804
1803
1800
1800
1799
1797
1793
1793
1789
1789
1785
1783
1778
1775
1775
1767
1766
1763
1759
1754
1752
1751
1751
1750
1750
1749
1742
1742
1741
1741
1740
1738
1737
1735
1734
1731
1731
1731
1730
1730
1728
1727
1723
1723
1720
1718
1717
1717
1716
1713
1710
1709
1701
1698
1698
1698
1697
1697
1695
1694
1692
1690
1688
1686
1682
1678
1677
1677
1677
1677
1673
1666
1666
1664
1663
1661
1657
1656
1655
1649
1645
1644
1643
1641
1638
1638
1636
1636
1636
1635
1635
1632
1632
1627
1618
1617
1617
1615
1614
1612
1610
1608
1605
1604
1595
1595
1593
1592
1591
1591
1589
1588
1585
1580
1580
1573
1571
1571
1570
1570
1569
1568
1566
1562
1559
1558
1558
1555
1554
1554
1553
1551
1551
1550
1547
1546
1543
1543
1540
1526
1522
1522
1521
1521
1515
1513
1506
1501
1498
1498
1494
1494
1493
1492
1490
1487
1483
1480
1475
1474
1471
1471
1469
1468
1466
1463
1455
1448
1447
1445
1444
1442
1442
1438
1437
1431
1429
1427
1427
1426
1422
1418
1412
1409
1409
1405
1400
1397
1395
1390
1388
1387
1386
1383
1380
1377
1376
1375
1374
1372
1371
1369
1368
1363
1361
1357
1356
1355
1353
1351
1350
1349
1345
1343
1342
1341
1339
1337
1337
1336
1336
1335
1333
1332
1331
1325
1320
1312
1311
1309
1308
1303
1301
1300
1291
1290
1288
1288
1287
1286
1284
1280
1279
1278
1276
1269
1268
1267
1267
1266
1266
1264
1263
1262
1262
1255
1253
1249
1241
1239
1235
1235
1228
1223
1217
1215
1215
1214
1213
1213
1210
1208
1206
1206
1206
1205
1199
1193
1184
1179
1175
1174
1174
1172
1172
1168
1161
1160
1159
1158
1157
1155
1154
1154
1150
1145
1143
1142
1136
1133
1131
1130
1128
1126
1124
1123
1122
1120
1118
1114
1114
1104
1100
1100
1096
1096
1095
1088
1087
1079
1079
1074
1066
1059
1055
1048
1046
1046
1045
1045
1045
1042
1041
1040
1030
1026
1022
1019
1017
1011
1004
1003
1003
1001
997
996
994
993
992
991
989
988
986
985
975
972
970
969
966
966
966
965
960
958
956
951
950
950
946
945
945
942
941
938
938
936
934
934
928
924
923
922
921
920
911
905
903
899
897
895
894
890
888
887
884
884
883
878
876
874
870
868
864
863
859
859
859
858
858
857
856
856
850
847
845
838
837
835
828
828
821
821
819
819
819
818
817
815
814
813
812
810
810
809
808
807
807
805
801
801
799
799
798
796
795
792
792
786
785
783
780
779
778
778
777
776
776
770
770
767
766
765
760
757
750
748
747
742
738
722
721
720
718
716
715
714
714
713
712
711
709
709
707
705
699
694
691
691
690
689
689
687
686
686
684
684
678
674
674
673
672
671
665
665
660
658
657
654
649
646
644
642
641
639
639
639
638
638
637
636
635
634
631
620
620
618
618
616
606
603
599
598
597
596
595
594
592
591
591
588
586
584
581
578
575
574
572
565
565
561
560
556
553
550
544
544
537
534
532
530
528
527
526
525
523
513
513
511
510
508
508
506
503
503
503
503
499
499
497
497
496
496
495
495
493
491
490
489
486
484
484
480
477
477
477
476
475
474
473
472
472
465
463
460
459
457
456
452
450
449
445
445
442
440
437
430
429
429
427
423
423
421
417
417
411
410
410
409
407
406
401
401
399
398
396
395
394
392
387
386
386
383
380
379
375
372
371
366
365
359
358
357
356
356
353
345
339
339
336
333
330
329
328
327
324
319
319
316
316
316
313
313
312
311
311
307
307
304
301
301
301
297
291
290
289
289
287
286
283
281
279
279
278
278
276
274
274
271
268
267
261
260
259
258
256
255
250
250
250
240
239
230
227
217
216
211
209
205
205
203
200
200
195
194
194
192
191
189
188
187
183
182
179
179
179
178
178
177
177
175
174
174
170
170
169
169
168
168
159
157
153
153
151
148
145
142
133
131
131
129
127
127
126
124
115
114
113
113
113
112
108
104
101
101
95
91
91
91
82
81
80
79
77
77
76
75
69
62
62
59
50
50
49
47
46
43
35
34
27
25
25
24
24
22
21
20
19
7
5
5
2
0
-1
-2
-2
-6
-9
-10
-13
-15
-16
-18
-25
-26
-29
-30
-33
-39
-40
-43
-44
-45
-48
-50
-51
-52
-54
-62
-68
-71
-72
-72
-82
-85
-87
-95
-96
-100
-100
-102
-107
-109
-112
-114
-115
-115
-115
-118
-119
-125
-127
-131
-131
-141
-148
-148
-149
-149
-156
-158
-159
-159
-162
-165
-165
-167
-176
-180
-180
-185
-186
-196
-197
-197
-200
-200
-202
-202
-205
-205
-209
-212
-212
-213
-218
-220
-223
-225
-226
-227
-230
-232
-232
-240
-241
-243
-244
-244
-246
-246
-248
-251
-253
-258
-260
-263
-263
-263
-266
-266
-269
-269
-269
-273
-275
-275
-276
-279
-282
-282
-283
-295
-298
-302
-305
-309
-309
-310
-314
-314
-315
-320
-320
-321
-323
-323
-326
-326
-329
-329
-334
-335
-335
-335
-337
-338
-340
-342
-342
-346
-346
-347
-347
-348
-348
-348
-352
-356
-357
-361
-361
-365
-369
-372
-374
-378
-379
-379
-384
-385
-387
-390
-391
-392
-393
-393
-394
-397
-401
-401
-402
-406
-409
-412
-424
-426
-428
-428
-433
-434
-434
-434
-438
-440
-440
-442
-443
-443
-444
-445
-446
-451
-454
-454
-457
-457
-460
-464
-465
-466
-472
-476
-476
-477
-478
-478
-480
-482
-487
-487
-492
-496
-498
-499
-499
-500
-502
-503
-507
-513
-519
-520
-523
-524
-525
-533
-535
-536
-537
-538
-542
-543
-546
-551
-553
-553
-556
-559
-565
-566
-566
-567
-570
-570
-571
-572
-583
-586
-589
-590
-590
-597
-599
-600
-601
-604
-610
-610
-611
-611
-614
-620
-621
-622
-625
-633
-636
-642
-645
-645
-650
-652
-652
-655
-657
-658
-660
-663
-664
-668
-669
-669
-669
-682
-685
-689
-694
-696
-697
-697
-704
-707
-714
-718
-719
-721
-722
-723
-724
-726
-727
-728
-732
-736
-737
-737
-738
-738
-741
-759
-761
-761
-763
-765
-767
-771
-772
-772
-776
-779
-780
-782
-782
-783
-785
-787
-788
-789
-790
-798
-801
-802
-809
-809
-814
-816
-817
-817
-817
-819
-820
-821
-822
-822
-823
-823
-832
-833
-835
-837
-840
-840
-840
-844
-845
-853
-853
-854
-855
-857
-858
-859
-860
-862
-863
-864
-865
-866
-866
-870
-871
-873
-875
-877
-878
-885
-887
-887
-890
-890
-892
-898
-900
-900
-900
-904
-904
-907
-909
-910
-910
-911
-914
-915
-916
-918
-921
-924
-924
-928
-930
-935
-935
-941
-943
-943
-945
-945
-949
-954
-956
-958
-963
-965
-967
-978
-979
-981
-981
-982
-982
-984
-985
-987
-991
-994
-996
-1002
-1003
-1011
-1015
-1016
-1017
-1027
-1029
-1031
-1035
-1036
-1039
-1040
-1041
-1043
-1043
-1050
-1055
-1055
-1060
-1064
-1065
-1069
-1069
-1074
-1075
-1076
-1077
-1080
-1083
-1085
-1090
-1092
-1092
-1093
-1096
-1098
-1099
-1101
-1102
-1104
-1106
-1109
-1109
-1110
-1113
-1122
-1124
-1128
-1144
-1146
-1151
-1154
-1154
-1154
-1160
-1164
-1165
-1169
-1175
-1175
-1175
-1178
-1183
-1184
-1187
-1190
-1193
-1193
-1196
-1197
-1197
-1210
-1210
-1210
-1211
-1213
-1218
-1220
-1226
-1228
-1228
-1229
-1231
-1232
-1247
-1262
-1268
-1269
-1270
-1272
-1273
-1275
-1277
-1277
-1284
-1284
-1288
-1289
-1294
-1298
-1307
-1307
-1307
-1307
-1308
-1310
-1313
-1323
-1327
-1334
-1334
-1334
-1337
-1339
-1342
-1344
-1346
-1346
-1347
-1349
-1350
-1351
-1358
-1362
-1362
-1362
-1363
-1365
-1370
-1382
-1385
-1386
-1389
-1393
-1394
-1395
-1397
-1400
-1403
-1404
-1404
-1410
-1414
-1417
-1418
-1425
-1425
-1429
-1430
-1433
-1434
-1437
-1439
-1439
-1442
-1445
-1447
-1451
-1453
-1456
-1458
-1458
-1460
-1462
-1463
-1466
-1467
-1467
-1468
-1472
-1473
-1481
-1481
-1482
-1483
-1483
-1484
-1485
-1493
-1493
-1494
-1496
-1496
-1497
-1506
-1507
-1507
-1508
-1511
-1511
-1513
-1514
-1515
-1517
-1517
-1525
-1526
-1526
-1528
-1529
-1529
-1530
-1531
-1532
-1533
-1534
-1538
-1540
-1546
-1547
-1561
-1564
-1566
-1567
-1570
-1571
-1573
-1578
-1581
-1582
-1584
-1585
-1586
-1588
-1594
-1596
-1596
-1603
-1604
-1609
-1611
-1612
-1613
-1613
-1616
-1617
-1620
-1623
-1624
-1624
-1627
-1631
-1635
-1635
-1635
-1636
-1648
-1648
-1650
-1652
-1657
-1659
-1664
-1672
-1673
-1674
-1674
-1677
-1677
-1680
-1682
-1683
-1687
-1689
-1693
-1695
-1706
-1709
-1710
-1711
-1712
-1716
-1718
-1721
-1725
-1725
-1729
-1734
-1736
-1737
-1739
-1739
-1741
-1741
-1745
-1746
-1749
-1752
-1752
-1753
-1753
-1762
-1764
-1764
-1765
-1766
-1766
-1775
-1779
-1780
-1781
-1782
-1783
-1788
-1789
-1789
-1795
-1797
-1799
-1800
-1800
-1801
-1804
-1804
-1806
-1808
-1814
-1819
-1822
-1823
-1823
-1829
-1830
-1830
-1837
-1849
-1850
-1850
-1856
-1862
-1863
-1864
-1869
-1870
-1871
-1874
-1879
-1884
-1884
-1885
-1886
-1887
-1888
-1891
-1893
-1907
-1909
-1909
-1911
-1916
-1916
-1917
-1918
-1927
-1933
-1934
-1934
-1936
-1938
-1939
-1943
-1945
-1948
-1961
-1965
-1972
-1973
-1973
-1975
-1975
-1975
-1976
-1980
-1983
-1983
-1985
-1989
-1989
-1990
-1995
-1997
-2001
-2002
-2003
-2003
-2005
-2006
-2011
-2011
-2014
-2014
-2015
-2019
-2019
-2019
-2021
-2025
-2028
-2029
-2030
-2041
-2043
-2044
-2045
-2046
-2046
-2049
-2053
-2058
-2060
-2066
-2068
-2081
-2081
-2081
-2087
-2087
-2088
-2090
-2092
-2095
-2096
-2097
-2097
-2101
-2102
-2104
-2107
-2113
-2117
-2119
-2119
-2123
-2131
-2135
-2143
-2145
-2152
-2153
-2155
-2155
-2162
-2164
-2164
-2171
-2175
-2178
-2185
-2185
-2185
-2191
-2191
-2195
-2198
-2199
-2202
-2211
-2212
-2221
-2227
-2229
-2229
-2232
-2233
-2235
-2236
-2238
-2247
-2248
-2250
-2255
-2258
-2261
-2266
-2268
-2273
-2278
-2280
-2282
-2284
-2285
-2286
-2286
-2287
-2291
-2291
-2297
-2299
-2300
-2302
-2305
-2305
-2308
-2310
-2312
-2312
-2316
-2327
-2327
-2328
-2328
-2330
-2333
-2339
-2346
-2346
-2348
-2349
-2349
-2354
-2354
-2358
-2358
-2360
-2360
-2360
-2361
-2366
-2377
-2378
-2380
-2380
-2381
-2383
-2391
-2398
-2401
-2405
-2405
-2412
-2412
-2413
-2413
-2413
-2414
-2415
-2417
-2418
-2425
-2426
-2426
-2427
-2435
-2435
-2437
-2437
-2439
-2440
-2440
-2443
-2445
-2447
-2454
-2456
-2456
-2456
-2457
-2460
-2464
-2469
-2469
-2473
-2482
-2485
-2494
-2496
-2500
-2504
-2504
-2505
-2506
-2510
-2516
-2518
-2525
-2533
-2535
-2536
-2539
-2539
-2540
-2541
-2547
-2550
-2550
-2555
-2558
-2563
-2564
-2565
-2565
-2570
-2579
-2581
-2588
-2588
-2599
-2600
-2600
-2603
-2606
-2610
-2614
-2614
-2615
-2617
-2618
-2619
-2624
-2626
-2628
-2632
-2634
-2635
-2636
-2641
-2643
-2649
-2651
-2651
-2654
-2655
-2657
-2657
-2664
-2665
-2667
-2669
-2671
-2671
-2672
-2672
-2676
-2678
-2679
-2680
-2681
-2683
-2686
-2687
-2688
-2688
-2693
-2695
-2702
-2707
-2708
-2709
-2716
-2719
-2721
-2722
-2725
-2730
-2731
-2731
-2735
-2743
-2745
-2747
-2749
-2749
-2749
-2749
-2756
-2757
-2758
-2767
-2767
-2769
-2769
-2771
-2773
-2774
-2775
-2779
-2780
-2783
-2784
-2788
-2792
-2794
-2796
-2797
-2805
-2805
-2806
-2806
-2808
-2813
-2816
-2821
-2824
-2824
-2826
-2826
-2827
-2827
-2827
-2829
-2837
-2838
-2838
-2838
-2839
-2841
-2845
-2846
-2847
-2848
-2861
-2861
-2863
-2863
-2864
-2864
-2868
-2871
-2872
-2874
-2875
-2878
-2888
-2888
-2889
-2891
-2892
-2896
-2896
-2897
-2898
-2899
-2900
-2904
-2910
-2914
-2916
-2916
-2919
-2920
-2921
-2921
-2921
-2921
-2925
-2927
-2928
-2936
-2936
-2942
-2942
-2945
-2947
-2950
-2954
-2960
-2960
-2964
-2965
-2966
-2971
-2973
-2973
-2976
-2977
-2982
-2982
-2982
-2983
-2984
-2988
-2992
-3008
-3009
-3013
-3013
-3016
-3019
-3021
-3021
-3022
-3023
-3030
-3030
-3032
-3032
-3033
-3033
-3036
-3039
-3039
-3042
-3042
-3047
-3052
-3061
-3065
-3068
-3074
-3074
-3077
-3077
-3078
-3079
-3079
-3080
-3084
-3089
-3089
-3090
-3091
-3094
-3098
-3100
-3102
-3105
-3105
-3114
-3114
-3116
-3116
-3117
-3118
-3125
-3127
-3127
-3130
-3131
-3131
-3132
-3134
-3135
-3136
-3138
-3139
-3143
-3149
-3151
-3155
-3156
-3157
-3157
-3168
-3168
-3170
-3175
-3176
-3182
-3183
-3185
-3187
-3189
-3192
-3193
-3196
-3197
-3200
-3202
-3202
-3204
-3205
-3214
-3215
-3216
-3223
-3227
-3229
-3230
-3230
-3241
-3241
-3241
-3242
-3245
-3248
-3250
-3252
-3257
-3259
-3264
-3264
-3267
-3270
-3271
-3273
-3274
-3278
-3283
-3283
-3285
-3285
-3287
-3289
-3293
-3296
-3298
-3307
-3309
-3313
-3319
-3320
-3320
-3320
-3324
-3324
-3325
-3326
-3326
-3329
-3333
-3339
-3341
-3349
-3355
-3357
-3357
-3358
-3361
-3364
-3369
-3370
-3370
-3371
-3375
-3375
-3380
-3382
-3384
-3388
-3392
-3393
-3396
-3398
-3398
-3400
-3401
-3403
-3403
-3403
-3410
-3413
-3413
-3420
-3423
-3423
-3424
-3426
-3429
-3429
-3430
-3431
-3436
-3436
-3436
-3437
-3439
-3445
-3446
-3447
-3447
-3457
-3459
-3468
-3470
-3471
-3472
-3474
-3488
-3488
-3489
-3494
-3496
-3497
-3498
-3498
-3499
-3499
-3501
-3502
-3508
-3509
-3516
-3516
-3518
-3519
-3522
-3524
-3526
-3527
-3529
-3533
-3534
-3536
-3536
-3536
-3541
-3544
-3544
-3545
-3548
-3549
-3550
-3551
-3560
-3564
-3566
-3569
-3569
-3571
-3572
-3573
-3575
-3579
-3579
-3581
-3584
-3585
-3585
-3585
-3589
-3590
-3598
-3601
-3601
-3604
-3607
-3609
-3611
-3613
-3618
-3626
-3626
-3631
-3636
-3640
-3640
-3642
-3643
-3644
-3644
-3646
-3648
-3648
-3648
-3649
-3650
-3652
-3652
-3656
-3658
-3660
-3662
-3663
-3664
-3670
-3671
-3676
-3677
-3682
-3690
-3691
-3691
-3695
-3698
-3699
-3700
-3703
-3707
-3712
-3715
-3716
-3719
-3720
-3720
-3721
-3721
-3726
-3727
-3727
-3734
-3734
-3735
-3741
-3741
-3742
-3744
-3747
-3748
-3749
-3750
-3754
-3757
-3758
-3758
-3759
-3766
-3769
-3769
-3769
-3770
-3771
-3771
-3773
-3774
-3779
-3784
-3793
-3802
-3804
-3806
-3807
-3807
-3809
-3814
-3815
-3817
-3820
-3824
-3828
-3829
-3832
-3833
-3835
-3840
-3843
-3843
-3850
-3854
-3855
-3856
-3858
-3859
-3859
-3863
-3863
-3863
-3863
-3864
-3864
-3865
-3865
-3870
-3871
-3879
-3881
-3881
-3883
-3884
-3884
-3884
-3885
-3887
-3894
-3894
-3897
-3898
-3898
-3903
-3903
-3904
-3905
-3906
-3908
-3910
-3911
-3912
-3913
-3916
-3917
-3917
-3917
-3923
-3923
-3925
-3926
-3927
-3928
-3930
-3932
-3933
-3936
-3936
-3939
-3941
-3944
-3944
-3945
-3946
-3946
-3953
-3956
-3958
-3960
-3960
-3962
-3963
-3964
-3967
-3968
-3968
-3970
-3971
-3975
-3980
-3981
-3983
-3987
-3988
-3990
-3997
-3998
-3999
-4000
-4001
-4004
-4007
-4010
-4011
-4012
-4018
-4018
-4020
-4022
-4024
-4026
-4027
-4027
-4027
-4031
-4032
-4032
-4034
-4034
-4035
-4037
-4038
-4039
-4041
-4042
-4046
-4048
-4050
-4051
-4057
-4059
-4060
-4060
-4063
-4065
-4065
-4067
-4074
-4074
-4075
-4082
-4083
-4083
-4083
-4084
-4085
-4085
-4088
-4089
-4089
-4091
-4091
-4096
-4099
-4100
-4100
-4104
-4104
-4104
-4107
-4110
-4110
-4111
-4111
-4115
-4116
-4116
-4117
-4118
-4120
-4124
-4125
-4126
-4127
-4127
-4128
-4132
-4135
-4140
-4152
-4154
-4162
-4162
-4168
-4171
-4173
-4173
-4174
-4176
-4190
-4190
-4192
-4194
-4194
-4198
-4204
-4204
-4208
-4209
-4209
-4210
-4210
-4214
-4216
-4222
-4224
-4227
-4228
-4228
-4230
-4233
-4233
-4235
-4240
-4246
-4248
-4254
-4256
-4257
-4261
-4264
-4264
-4265
-4266
-4275
-4275
-4275
-4277
-4280
-4285
-4286
-4287
-4301
-4303
-4305
-4311
-4312
-4315
-4322
-4322
-4323
-4326
-4327
-4332
-4332
-4337
-4340
-4342
-4345
-4347
-4349
-4355
-4355
-4355
-4356
-4357
-4358
-4362
-4363
-4371
-4372
-4384
-4386
-4388
-4389
-4396
-4402
-4405
-4406
-4408
-4413
-4414
-4416
-4416
-4420
-4427
-4429
-4430
-4431
-4432
-4434
-4435
-4440
-4445
-4445
-4447
-4454
-4454
-4456
-4456
-4458
-4469
-4469
-4470
-4475
-4479
-4479
-4480
-4484
-4487
-4491
-4493
-4495
-4495
-4497
-4498
-4500
-4503
-4503
-4506
-4507
-4513
-4516
-4524
-4524
-4526
-4526
-4528
-4528
-4530
-4534
-4535
-4544
-4545
-4550
-4551
-4554
-4556
-4559
-4561
-4561
-4565
-4565
-4566
-4575
-4575
-4580
-4586
-4589
-4590
-4592
-4592
-4593
-4599
-4602
-4604
-4604
-4606
-4607
-4613
-4625
-4630
-4635
-4635
-4636
-4639
-4644
-4652
-4654
-4655
-4658
-4659
-4660
-4663
-4663
-4664
-4664
-4665
-4666
-4670
-4670
-4670
-4672
-4680
-4680
-4681
-4683
-4691
-4693
-4695
-4699
-4702
-4704
-4706
-4706
-4707
-4710
-4711
-4712
-4713
-4716
-4716
-4716
-4720
-4722
-4722
-4723
-4727
-4728
-4733
-4735
-4736
-4739
-4740
-4742
-4746
-4749
-4750
-4752
-4754
-4756
-4756
-4761
-4761
-4765
-4765
-4770
-4771
-4774
-4777
-4778
-4779
-4785
-4786
-4788
-4799
-4801
-4810
-4814
-4815
-4816
-4816
-4822
-4823
-4834
-4835
-4837
-4839
-4841
-4842
-4843
-4844
-4844
-4844
-4845
-4847
-4848
-4854
-4854
-4857
-4863
-4865
-4870
-4872
-4873
-4873
-4873
-4873
-4874
-4874
-4875
-4875
-4878
-4883
-4884
-4884
-4885
-4888
-4888
-4890
-4893
-4896
-4899
-4902
-4904
-4908
-4909
-4913
-4915
-4918
-4920
-4922
-4926
-4928
-4931
-4932
-4936
-4937
-4939
-4944
-4946
-4948
-4948
-4949
-4952
-4952
-4954
-4960
-4962
-4962
-4963
-4970
-4970
-4971
-4972
-4973
-4977
-4981
-4983
-4988
-4999
-5005
-5006
-5010
-5012
-5013
-5016
-5016
-5020
-5021
-5022
-5022
-5025
-5030
-5032
-5038
-5048
-5049
-5049
-5052
-5053
-5054
-5055
-5056
-5062
-5065
-5069
-5070
-5075
-5076
-5082
-5082
-5084
-5085
-5087
-5088
-5095
-5105
-5110
-5112
-5116
-5118
-5120
-5120
-5121
-5123
-5123
-5123
-5127
-5132
-5133
-5135
-5136
-5136
-5136
-5143
-5146
-5146
-5147
-5148
-5149
-5149
-5152
-5154
-5156
-5157
-5158
-5161
-5163
-5166
-5169
-5176
-5177
-5178
-5180
-5185
-5189
-5190
-5191
-5198
-5202
-5202
-5207
-5210
-5211
-5214
-5215
-5217
-5217
-5217
-5219
-5221
-5228
-5230
-5231
-5233
-5241
-5242
-5245
-5245
-5246
-5246
-5247
-5250
-5251
-5255
-5255
-5256
-5257
-5257
-5261
-5263
-5266
-5270
-5271
-5283
-5287
-5291
-5291
-5302
-5305
-5307
-5307
-5311
-5311
-5314
-5315
-5317
-5318
-5318
-5322
-5325
-5335
-5338
-5338
-5339
-5341
-5343
-5347
-5353
-5356
-5359
-5363
-5366
-5369
-5372
-5374
-5375
-5375
-5377
-5380
-5382
-5389
-5389
-5391
-5394
-5395
-5400
-5402
-5404
-5408
-5409
-5414
-5415
-5418
-5419
-5419
-5419
-5425
-5427
-5428
-5429
-5431
-5432
-5436
-5440
-5441
-5442
-5443
-5444
-5447
-5447
-5448
-5448
-5449
-5450
-5458
-5458
-5460
-5462
-5462
-5467
-5472
-5473
-5474
-5474
-5475
-5484
-5485
-5486
-5488
-5492
-5493
-5493
-5495
-5500
-5503
-5505
-5506
-5509
-5511
-5515
-5518
-5523
-5524
-5524
-5524
-5532
-5534
-5536
-5537
-5539
-5540
-5542
-5543
-5544
-5545
-5548
-5552
-5556
-5558
-5560
-5560
-5562
-5565
-5571
-5572
-5575
-5576
-5579
-5588
-5589
-5592
-5592
-5593
-5594
-5601
-5608
-5612
-5612
-5614
-5617
-5618
-5618
-5619
-5620
-5621
-5623
-5624
-5626
-5627
-5632
-5632
-5632
-5637
-5640
-5641
-5645
-5647
-5654
-5655
-5656
-5662
-5663
-5665
-5671
-5671
-5671
-5673
-5674
-5676
-5679
-5683
-5685
-5689
-5690
-5691
-5696
-5699
-5700
-5709
-5710
-5711
-5712
-5714
-5714
-5716
-5719
-5719
-5719
-5720
-5722
-5725
-5728
-5731
-5733
-5736
-5740
-5741
-5742
-5742
-5744
-5745
-5745
-5745
-5747
-5749
-5755
-5757
-5757
-5758
-5761
-5762
-5770
-5772
-5772
-5773
-5777
-5777
-5779
-5779
-5781
-5786
-5787
-5788
-5789
-5791
-5792
-5795
-5800
-5801
-5803
-5804
-5805
-5809
-5809
-5810
-5810
-5811
-5816
-5820
-5822
-5826
-5834
-5839
-5840
-5848
-5849
-5849
-5851
-5851
-5853
-5857
-5857
-5858
-5858
-5860
-5861
-5862
-5867
-5869
-5873
-5873
-5874
-5875
-5875
-5878
-5880
-5884
-5885
-5890
-5892
-5893
-5895
-5895
-5896
-5897
-5899
-5902
-5903
-5905
-5911
-5913
-5915
-5915
-5919
-5924
-5927
-5929
-5929
-5932
-5932
-5936
-5936
-5937
-5939
-5945
-5953
-5955
-5956
-5960
-5960
-5965
-5972
-5975
-5976
-5976
-5977
-5978
-5980
-5982
-5985
-5986
-5989
-5991
-6010
-6021
-6024
-6024
-6026
-6032
-6037
-6037
-6038
-6038
-6038
-6038
-6045
-6048
-6057
-6058
-6059
-6059
-6061
-6065
-6065
-6067
-6070
-6071
-6071
-6077
-6078
-6082
-6086
-6088
-6096
-6100
-6102
-6102
-6103
-6103
-6104
-6107
-6107
-6109
-6111
-6112
-6117
-6120
-6123
-6123
-6124
-6127
-6129
-6129
-6133
-6133
-6134
-6137
-6142
-6146
-6148
-6151
-6151
-6151
-6152
-6156
-6157
-6158
-6165
-6166
-6167
-6168
-6169
-6169
-6170
-6173
-6175
-6175
-6179
-6179
-6181
-6182
-6187
-6196
-6197
-6198
-6199
-6201
-6202
-6204
-6207
-6210
-6211
-6215
-6231
-6232
-6234
-6234
-6240
-6242
-6242
-6244
-6248
-6249
-6251
-6253
-6259
-6266
-6267
-6267
-6277
-6279
-6281
-6284
-6285
-6285
-6288
-6290
-6291
-6291
-6293
-6294
-6299
-6304
-6305
-6309
-6309
-6313
-6317
-6321
-6323
-6323
-6329
-6329
-6329
-6330
-6330
-6331
-6338
-6340
-6347
-6349
-6353
-6356
-6363
-6365
-6381
-6384
-6385
-6386
-6386
-6389
-6394
-6396
-6396
-6403
-6404
-6404
-6407
-6410
-6410
-6411
-6412
-6414
-6416
-6417
-6419
-6421
-6430
-6432
-6434
-6436
-6436
-6437
-6438
-6441
-6441
-6443
-6445
-6448
-6452
-6453
-6453
-6456
-6462
-6462
-6466
-6467
-6468
-6470
-6473
-6475
-6476
-6476
-6480
-6488
-6492
-6497
-6498
-6499
-6501
-6503
-6504
-6505
-6506
-6511
-6514
-6515
-6515
-6520
-6524
-6524
-6534
-6539
-6541
-6543
-6544
-6545
-6549
-6552
-6554
-6556
-6556
-6557
-6558
-6559
-6559
-6563
-6563
-6564
-6572
-6572
-6574
-6579
-6580
-6581
-6581
-6584
-6584
-6585
-6586
-6587
-6601
-6604
-6606
-6619
-6625
-6627
-6627
-6630
-6630
-6631
-6631
-6632
-6632
-6637
-6644
-6644
-6645
-6648
-6654
-6654
-6654
-6656
-6658
-6658
-6663
-6663
-6665
-6665
-6667
-6671
-6673
-6682
-6683
-6686
-6688
-6689
-6689
-6692
-6696
-6698
-6704
-6709
-6710
-6712
-6714
-6715
-6715
-6716
-6716
-6718
-6719
-6723
-6724
-6724
-6725
-6731
-6734
-6741
-6743
-6750
-6751
-6753
-6753
-6755
-6761
-6762
-6765
-6766
-6771
-6771
-6775
-6776
-6787
-6787
-6792
-6793
-6793
-6797
-6798
-6798
-6798
-6800
-6803
-6805
-6807
-6810
-6812
-6813
-6818
-6820
-6821
-6823
-6826
-6827
-6830
-6831
-6834
-6838
-6840
-6843
-6844
-6851
-6852
-6853
-6855
-6859
-6860
-6861
-6862
-6865
-6867
-6869
-6872
-6873
-6874
-6877
-6883
-6884
-6887
-6887
-6889
-6893
-6894
-6894
-6897
-6898
-6900
-6902
-6903
-6905
-6906
-6916
-6919
-6920
-6920
-6921
-6921
-6927
-6929
-6931
-6934
-6936
-6940
-6946
-6947
-6948
-6953
-6954
-6958
-6959
-6960
-6967
-6968
-6968
-6971
-6972
-6977
-6977
-6977
-6982
-6987
-6987
-6987
-6989
-6990
-6994
-6994
-6995
-6995
-6997
-7004
-7006
-7007
-7007
-7013
-7017
-7018
-7020
-7026
-7028
-7032
-7033
-7036
-7038
-7038
-7039
-7039
-7041
-7041
-7041
-7044
-7047
-7049
-7052
-7055
-7060
-7064
-7066
-7070
-7072
-7073
-7073
-7073
-7075
-7078
-7080
-7080
-7082
-7082
-7089
-7090
-7097
-7101
-7101
-7107
-7107
-7107
-7111
-7114
-7117
-7117
-7119
-7119
-7128
-7129
-7131
-7136
-7137
-7138
-7138
-7146
-7147
-7147
-7147
-7148
-7149
-7154
-7155
-7158
-7160
-7161
-7161
-7161
-7165
-7167
-7167
-7174
-7178
-7180
-7184
-7187
-7192
-7193
-7196
-7196
-7198
-7209
-7210
-7217
-7217
-7218
-7219
-7220
-7223
-7223
-7225
-7228
-7233
-7243
-7246
-7249
-7252
-7255
-7256
-7259
-7264
-7268
-7269
-7269
-7270
-7274
-7275
-7276
-7277
-7278
-7278
-7279
-7284
-7285
-7288
-7291
-7297
-7300
-7300
-7302
-7305
-7308
-7310
-7311
-7315
-7320
-7321
-7324
-7325
-7327
-7330
-7334
-7338
-7346
-7347
-7349
-7350
-7350
-7351
-7351
-7355
-7357
-7357
-7358
-7358
-7359
-7362
-7367
-7368
-7368
-7370
-7376
-7379
-7393
-7393
-7394
-7399
-7399
-7401
-7401
-7405
-7407
-7411
-7411
-7413
-7413
-7414
-7416
-7418
-7418
-7424
-7427
-7428
-7430
-7434
-7434
-7435
-7438
-7439
-7440
-7442
-7443
-7443
-7445
-7449
-7456
-7458
-7460
-7467
-7468
-7468
-7471
-7473
-7474
-7477
-7478
-7478
-7481
-7485
-7488
-7490
-7491
-7495
-7497
-7499
-7499
-7500
-7500
-7503
-7504
-7521
-7523
-7529
-7530
-7532
-7537
-7543
-7544
-7546
-7547
-7547
-7551
-7551
-7552
-7560
-7560
-7561
-7565
-7566
-7570
-7571
-7571
-7573
-7573
-7577
-7583
-7583
-7584
-7584
-7586
-7589
-7594
-7594
-7595
-7601
-7603
-7605
-7606
-7608
-7610
-7611
-7617
-7617
-7620
-7620
-7623
-7623
-7626
-7633
-7638
-7638
-7641
-7642
-7643
-7649
-7649
-7653
-7659
-7661
-7662
-7664
-7667
-7668
-7668
-7672
-7674
-7679
-7680
-7682
-7686
-7687
-7690
-7692
-7694
-7697
-7697
-7697
-7700
-7700
-7705
-7709
-7709
-7710
-7712
-7718
-7721
-7726
-7727
-7731
-7734
-7741
-7741
-7749
-7750
-7756
-7762
-7767
-7768
-7772
-7772
-7772
-7776
-7777
-7785
-7788
-7789
-7794
-7799
-7799
-7801
-7801
-7805
-7806
-7806
-7809
-7814
-7815
-7816
-7817
-7823
-7827
-7828
-7836
-7837
-7841
-7842
-7843
-7845
-7846
-7850
-7855
-7862
-7864
-7865
-7867
-7869
-7877
-7878
-7879
-7882
-7883
-7884
-7887
-7893
-7894
-7894
-7899
-7900
-7900
-7904
-7905
-7906
-7909
-7911
-7925
-7927
-7928
-7934
-7934
-7940
-7943
-7943
-7947
-7948
-7950
-7959
-7960
-7965
-7969
-7975
-7977
-7982
-7984
-7986
-7991
-7992
-7999
-8002
-8003
-8004
-8010
-8012
-8015
-8017
-8018
-8020
-8020
-8021
-8024
-8031
-8033
-8033
-8034
-8038
-8042
-8045
-8045
-8047
-8051
-8051
-8052
-8052
-8052
-8057
-8063
-8068
-8080
-8081
-8082
-8085
-8087
-8089
-8094
-8095
-8099
-8100
-8109
-8110
-8114
-8118
-8122
-8122
-8136
-8138
-8145
-8148
-8150
-8151
-8151
-8152
-8163
-8164
-8167
-8171
-8171
-8173
-8174
-8177
-8177
-8181
-8181
-8181
-8185
-8186
-8186
-8192
-8192
-8193
-8195
-8199
-8199
-8200
-8204
-8206
-8206
-8207
-8207
-8207
-8209
-8210
-8213
-8213
-8218
-8218
-8221
-8227
-8229
-8233
-8236
-8241
-8241
-8241
-8242
-8244
-8245
-8248
-8250
-8250
-8251
-8252
-8253
-8254
-8255
-8256
-8265
-8266
-8269
-8269
-8278
-8280
-8281
-8283
-8289
-8292
-8295
-8296
-8298
-8302
-8303
-8303
-8307
-8310
-8312
-8316
-8317
-8320
-8320
-8321
-8322
-8329
-8334
-8337
-8339
-8343
-8347
-8349
-8350
-8353
-8354
-8355
-8356
-8360
-8362
-8362
-8362
-8367
-8367
-8369
-8371
-8373
-8373
-8374
-8382
-8383
-8383
-8384
-8384
-8386
-8390
-8391
-8393
-8397
-8397
-8397
-8398
-8405
-8406
-8408
-8409
-8424
-8426
-8428
-8428
-8438
-8440
-8444
-8445
-8446
-8446
-8447
-8450
-8452
-8452
-8454
-8459
-8459
-8460
-8460
-8462
-8463
-8469
-8470
-8473
-8475
-8478
-8479
-8480
-8481
-8482
-8484
-8489
-8494
-8495
-8496
-8496
-8500
-8501
-8502
-8503
-8503
-8504
-8507
-8507
-8508
-8513
-8517
-8518
-8523
-8524
-8538
-8538
-8541
-8541
-8546
-8550
-8555
-8562
-8567
-8571
-8572
-8572
-8573
-8580
-8580
-8580
-8583
-8590
-8591
-8592
-8592
-8593
-8595
-8599
-8599
-8601
-8603
-8605
-8607
-8608
-8614
-8617
-8617
-8618
-8620
-8621
-8621
-8623
-8624
-8627
-8630
-8633
-8639
-8646
-8650
-8650
-8655
-8656
-8658
-8661
-8663
-8666
-8669
-8672
-8673
-8674
-8675
-8685
-8691
-8697
-8698
-8700
-8702
-8706
-8706
-8709
-8711
-8712
-8712
-8714
-8715
-8716
-8720
-8725
-8727
-8730
-8731
-8736
-8741
-8744
-8749
-8753
-8755
-8756
-8764
-8767
-8768
-8770
-8771
-8771
-8780
-8780
-8784
-8791
-8793
-8795
-8798
-8798
-8801
-8806
-8809
-8810
-8810
-8813
-8813
-8813
-8818
-8822
-8822
-8825
-8830
-8831
-8838
-8839
-8841
-8842
-8847
-8849
-8860
-8862
-8866
-8868
-8870
-8872
-8872
-8876
-8877
-8878
-8879
-8882
-8890
-8894
-8897
-8902
-8905
-8909
-8918
-8921
-8924
-8928
-8928
-8929
-8932
-8933
-8938
-8943
-8960
-8960
-8961
-8963
-8964
-8965
-8966
-8968
-8970
-8973
-8977
-8979
-8981
-8981
-8983
-8984
-8991
-8991
-8991
-8992
-8996
-8997
-8997
-9003
-9003
-9007
-9008
-9009
-9009
-9012
-9015
-9016
-9020
-9027
-9029
-9034
-9036
-9037
-9041
-9041
-9041
-9042
-9043
-9043
-9044
-9048
-9055
-9057
-9066
-9067
-9068
-9069
-9078
-9079
-9081
-9084
-9084
-9085
-9086
-9089
-9090
-9091
-9096
-9101
-9102
-9113
-9115
-9123
-9125
-9130
-9130
-9134
-9135
-9138
-9144
-9149
-9161
-9168
-9170
-9171
-9171
-9172
-9173
-9173
-9182
-9182
-9191
-9195
-9195
-9198
-9199
-9199
-9199
-9204
-9204
-9218
-9223
-9225
-9234
-9235
-9237
-9251
-9253
-9261
-9262
-9263
-9264
-9266
-9277
-9277
-9279
-9281
-9281
-9285
-9289
-9291
-9294
-9299
-9300
-9301
-9303
-9309
-9310
-9314
-9315
-9315
-9319
-9320
-9323
-9328
-9328
-9329
-9329
-9331
-9331
-9339
-9350
-9352
-9353
-9355
-9357
-9358
-9358
-9363
-9365
-9372
-9378
-9382
-9385
-9391
-9394
-9395
-9396
-9399
-9401
-9402
-9409
-9410
-9416
-9421
-9422
-9424
-9424
-9425
-9426
-9429
-9434
-9440
-9441
-9441
-9450
-9453
-9453
-9454
-9455
-9457
-9457
-9460
-9465
-9466
-9467
-9471
-9472
-9473
-9474
-9476
-9477
-9478
-9479
-9482
-9484
-9487
-9492
-9492
-9493
-9494
-9497
-9501
-9514
-9514
-9519
-9522
-9525
-9528
-9533
-9535
-9536
-9536
-9538
-9544
-9546
-9549
-9550
-9553
-9553
-9555
-9556
-9557
-9558
-9560
-9568
-9573
-9573
-9575
-9577
-9578
-9584
-9585
-9588
-9588
-9588
-9589
-9594
-9595
-9603
-9605
-9606
-9606
-9611
-9612
-9612
-9613
-9616
-9616
-9621
-9624
-9636
-9637
-9638
-9638
-9639
-9641
-9642
-9644
-9644
-9648
-9648
-9655
-9661
-9666
-9681
-9682
-9682
-9688
-9689
-9690
-9692
-9692
-9695
-9698
-9698
-9701
-9701
-9706
-9708
-9710
-9712
-9716
-9727
-9727
-9728
-9740
-9741
-9750
-9751
-9762
-9769
-9770
-9779
-9783
-9786
-9786
-9787
-9788
-9792
-9800
-9805
-9806
-9810
-9812
-9819
-9828
-9829
-9833
-9833
-9833
-9834
-9836
-9838
-9838
-9840
-9840
-9842
-9843
-9843
-9848
-9848
-9848
-9848
-9849
-9850
-9851
-9853
-9854
-9854
-9856
-9856
-9856
-9857
-9862
-9865
-9866
-9866
-9873
-9878
-9879
-9882
-9887
-9889
-9891
-9893
-9893
-9894
-9895
-9896
-9897
-9897
-9898
-9900
-9901
-9901
-9902
-9903
-9905
-9907
-9910
-9913
-9915
-9916
-9920
-9922
-9923
-9927
-9930
-9930
-9934
-9935
-9945
-9946
-9950
-9952
-9953
-9956
-9957
-9958
-9961
-9968
-9970
-9971
-9972
-9990
-9995
-9996
-9997
-9999
