0
0
2
3
3
4
4
5
5
6
7
8
9
10
11
12
13
14
14
14
15
17
18
20
21
21
21
24
28
30
30
31
33
35
35
36
38
38
40
40
40
41
41
42
42
42
42
43
43
43
45
46
46
48
50
52
52
52
53
53
54
54
54
54
59
59
60
60
61
61
63
66
66
66
67
68
68
69
70
72
72
72
74
75
76
78
78
80
84
84
85
86
86
89
92
92
93
93
94
95
97
98
98
98
98
101
102
103
106
106
106
110
110
111
111
113
114
115
116
116
117
118
119
120
122
122
122
122
123
123
124
125
125
127
128
129
131
133
134
134
136
137
138
141
141
150
151
152
153
153
154
154
156
158
158
159
163
164
164
169
171
171
173
173
173
173
175
177
177
177
178
179
180
180
181
181
181
182
183
183
183
184
184
184
187
187
187
187
192
192
192
193
194
194
194
195
195
196
196
197
199
199
200
201
202
203
203
205
206
206
209
211
212
213
214
215
219
220
221
221
224
224
225
226
226
226
228
228
231
236
241
241
242
245
246
247
247
248
249
251
251
253
253
255
255
257
258
258
258
260
260
261
261
263
263
264
265
267
267
268
268
268
271
276
277
277
278
279
282
282
283
283
284
285
286
287
291
292
293
294
294
297
297
298
298
298
299
301
302
303
303
305
305
306
307
309
309
313
313
313
314
318
321
321
321
321
323
323
324
324
326
327
327
327
328
328
329
330
330
332
333
335
335
336
336
337
342
342
342
343
343
344
346
349
352
352
353
354
354
354
354
356
356
357
359
361
362
365
365
366
366
368
368
370
374
375
375
376
377
378
378
379
382
384
384
385
386
387
387
389
389
390
391
392
393
393
394
395
396
396
396
398
398
400
401
401
401
401
401
405
406
409
409
411
412
412
412
413
414
417
418
419
419
421
421
424
425
425
426
430
430
430
430
431
432
433
434
434
435
435
438
439
439
440
441
441
441
442
444
444
449
450
451
451
453
455
456
456
456
457
458
460
462
462
463
463
464
464
465
465
466
469
470
471
473
474
475
475
476
476
479
479
479
479
479
481
482
485
486
488
488
488
492
495
496
496
497
498
499
499
499
500
501
502
502
502
503
503
503
504
504
505
505
509
510
510
511
511
512
512
512
513
514
515
516
517
518
519
519
520
521
521
522
528
529
530
531
531
533
534
534
535
535
536
537
539
539
540
540
540
542
542
543
545
546
547
547
548
549
549
551
552
554
555
555
557
558
558
559
559
561
563
564
567
568
568
568
569
569
570
570
571
571
571
572
573
573
575
576
577
577
580
581
581
583
585
585
585
586
586
587
588
588
590
591
592
592
594
595
597
598
599
601
601
601
602
604
604
606
607
609
611
612
613
614
614
615
617
618
618
620
622
625
629
631
631
631
632
632
635
636
637
637
637
643
643
643
644
645
646
646
647
648
650
651
651
653
654
654
655
655
657
657
657
657
658
659
662
662
662
663
664
665
665
668
668
669
673
674
675
675
677
677
682
682
684
684
684
686
687
688
689
692
692
695
695
698
698
699
702
704
704
705
705
706
708
708
709
710
711
712
715
719
719
719
720
721
721
721
722
723
724
726
726
727
727
729
730
732
732
733
733
734
734
735
735
737
737
737
738
738
738
738
739
741
741
741
744
746
746
746
748
748
748
749
750
753
753
757
759
760
762
762
763
767
768
768
769
770
773
774
774
774
775
775
777
778
780
780
781
784
784
786
788
788
790
792
792
794
795
795
796
797
797
798
799
800
800
803
805
806
808
809
810
811
811
812
813
813
816
816
818
819
819
821
822
823
829
830
830
831
831
832
832
832
832
832
835
835
835
838
839
840
842
842
843
846
847
849
851
852
856
856
856
860
861
862
866
866
867
868
868
870
870
873
873
873
873
875
876
877
877
878
879
880
881
881
883
884
884
885
885
886
886
887
890
890
892
894
897
897
898
898
900
900
902
902
902
903
903
904
904
906
908
910
910
910
912
913
913
913
916
916
917
917
919
919
920
921
924
927
927
928
928
929
929
933
933
934
936
936
936
937
938
938
939
940
940
943
943
944
944
947
947
949
949
950
950
950
954
955
958
958
959
959
963
964
964
965
967
968
969
969
971
971
971
972
976
976
979
980
982
985
986
988
988
989
989
990
990
991
992
994
995
997
997
998
999
1000
1000
1001
1001
1002
1002
1002
1002
1003
1003
1003
1007
1007
1008
1009
1009
1011
1013
1014
1015
1015
1016
1020
1021
1023
1024
1026
1027
1028
1028
1029
1034
1035
1036
1036
1038
1038
1038
1040
1040
1042
1043
1052
1053
1054
1058
1062
1062
1062
1063
1064
1065
1066
1067
1067
1067
1069
1071
1071
1073
1074
1077
1079
1079
1080
1082
1083
1086
1086
1086
1086
1087
1087
1089
1090
1090
1090
1091
1091
1094
1095
1096
1098
1098
1099
1099
1101
1102
1102
1103
1104
1104
1107
1107
1111
1111
1111
1112
1112
1114
1114
1121
1121
1121
1123
1125
1126
1127
1127
1129
1130
1130
1130
1130
1130
1132
1133
1137
1138
1139
1141
1142
1145
1145
1146
1147
1148
1152
1153
1154
1155
1155
1156
1157
1159
1161
1162
1163
1163
1163
1165
1167
1167
1167
1169
1170
1171
1171
1172
1176
1178
1179
1179
1180
1182
1184
1184
1185
1190
1191
1191
1191
1195
1196
1198
1198
1202
1202
1202
1204
1204
1204
1205
1205
1206
1206
1207
1208
1208
1208
1208
1209
1212
1212
1213
1213
1215
1215
1215
1215
1216
1218
1219
1219
1220
1221
1223
1224
1224
1225
1226
1227
1227
1227
1228
1230
1230
1232
1233
1233
1233
1235
1237
1239
1239
1241
1241
1242
1243
1244
1244
1248
1248
1250
1250
1250
1252
1253
1253
1254
1254
1255
1255
1255
1255
1258
1259
1259
1262
1262
1263
1263
1264
1266
1266
1267
1269
1269
1270
1271
1273
1274
1275
1276
1277
1277
1278
1278
1281
1281
1282
1285
1285
1285
1287
1289
1292
1292
1293
1294
1294
1297
1298
1299
1300
1302
1305
1309
1311
1312
1313
1313
1315
1316
1317
1318
1321
1321
1322
1322
1324
1326
1328
1328
1328
1331
1332
1332
1333
1333
1335
1336
1337
1337
1338
1338
1338
1340
1340
1342
1346
1346
1346
1346
1346
1347
1348
1349
1349
1351
1354
1355
1355
1357
1358
1359
1360
1361
1361
1362
1363
1364
1367
1368
1369
1369
1371
1376
1378
1380
1381
1383
1384
1386
1390
1391
1392
1395
1397
1397
1398
1398
1398
1402
1403
1406
1406
1407
1407
1409
1409
1411
1412
1412
1413
1414
1414
1416
1416
1417
1418
1420
1420
1420
1422
1422
1424
1425
1426
1429
1430
1431
1432
1433
1434
1434
1435
1436
1438
1438
1440
1441
1442
1442
1443
1443
1444
1446
1449
1449
1449
1450
1450
1452
1454
1454
1454
1455
1456
1457
1457
1460
1460
1461
1462
1462
1462
1462
1462
1463
1464
1465
1468
1468
1468
1472
1474
1474
1475
1476
1477
1478
1479
1479
1479
1479
1482
1483
1485
1486
1488
1489
1489
1491
1495
1496
1496
1497
1497
1497
1497
1497
1498
1498
1500
1502
1502
1503
1503
1503
1505
1505
1506
1508
1511
1512
1512
1513
1514
1514
1515
1516
1516
1517
1518
1518
1519
1520
1520
1521
1522
1523
1525
1526
1526
1526
1527
1528
1528
1529
1530
1530
1530
1530
1531
1531
1532
1533
1534
1534
1536
1536
1539
1541
1542
1543
1544
1545
1546
1547
1547
1548
1549
1553
1555
1558
1558
1558
1559
1563
1563
1563
1564
1564
1566
1566
1567
1568
1571
1571
1573
1575
1577
1578
1578
1579
1582
1582
1583
1583
1583
1583
1583
1587
1588
1588
1589
1590
1590
1592
1592
1593
1594
1595
1595
1598
1598
1598
1599
1603
1604
1606
1606
1607
1610
1610
1612
1613
1614
1617
1617
1621
1622
1622
1622
1623
1623
1623
1625
1628
1629
1630
1632
1633
1633
1633
1635
1636
1639
1639
1640
1641
1643
1644
1647
1648
1648
1649
1649
1650
1650
1651
1652
1654
1655
1656
1656
1657
1657
1657
1658
1658
1660
1660
1661
1661
1668
1669
1669
1670
1672
1672
1673
1674
1675
1676
1677
1677
1678
1682
1684
1685
1688
1690
1691
1693
1694
1696
1696
1696
1697
1698
1698
1701
1701
1702
1702
1702
1704
1707
1707
1708
1708
1709
1709
1711
1712
1714
1715
1716
1717
1717
1718
1720
1722
1723
1723
1724
1724
1725
1725
1725
1726
1727
1727
1729
1731
1731
1732
1732
1735
1739
1741
1741
1742
1745
1746
1747
1747
1750
1756
1758
1760
1766
1768
1768
1768
1769
1769
1770
1775
1775
1776
1777
1779
1780
1781
1781
1781
1782
1785
1788
1789
1789
1790
1791
1792
1795
1795
1796
1798
1800
1801
1802
1805
1806
1807
1808
1809
1811
1813
1814
1815
1815
1818
1818
1819
1820
1820
1820
1820
1822
1822
1823
1824
1825
1825
1826
1829
1832
1833
1833
1834
1835
1835
1837
1837
1838
1839
1839
1840
1843
1843
1843
1843
1844
1847
1847
1847
1847
1850
1850
1852
1852
1853
1855
1855
1856
1856
1856
1858
1859
1862
1862
1864
1866
1868
1869
1870
1870
1873
1875
1875
1878
1879
1880
1881
1882
1883
1884
1884
1889
1892
1892
1893
1894
1894
1894
1894
1897
1897
1900
1900
1901
1902
1902
1904
1905
1907
1908
1908
1909
1910
1912
1914
1917
1918
1918
1919
1920
1920
1920
1922
1923
1924
1926
1926
1927
1935
1935
1935
1936
1937
1940
1941
1942
1942
1943
1945
1946
1947
1951
1951
1952
1954
1954
1955
1955
1955
1958
1959
1962
1962
1963
1963
1963
1964
1967
1967
1968
1968
1968
1969
1969
1970
1970
1971
1974
1974
1974
1977
1977
1978
1979
1980
1980
1982
1983
1986
1990
1992
1992
1993
1993
1994
1994
1995
1996
2001
2003
2003
2009
2009
2010
2010
2011
2012
2012
2013
2013
2013
2015
2016
2017
2018
2019
2020
2020
2021
2022
2023
2025
2025
2025
2028
2029
2030
2032
2033
2033
2035
2037
2037
2039
2039
2039
2041
2041
2042
2043
2043
2048
2049
2049
2050
2050
2052
2053
2055
2057
2057
2057
2058
2058
2058
2059
2059
2060
2062
2062
2063
2064
2065
2068
2068
2069
2069
2071
2072
2072
2074
2076
2076
2076
2077
2077
2078
2080
2080
2084
2085
2086
2086
2087
2088
2088
2092
2092
2092
2095
2096
2097
2098
2099
2100
2103
2103
2107
2110
2110
2111
2111
2114
2116
2117
2121
2122
2124
2125
2125
2127
2127
2129
2130
2134
2135
2136
2137
2138
2138
2139
2139
2139
2140
2141
2141
2142
2142
2144
2144
2144
2144
2146
2146
2146
2147
2149
2152
2154
2155
2155
2155
2156
2156
2157
2158
2158
2160
2162
2163
2165
2165
2166
2168
2168
2168
2171
2171
2172
2172
2172
2173
2173
2174
2174
2179
2186
2186
2188
2188
2191
2191
2192
2193
2193
2195
2196
2197
2197
2198
2198
2199
2199
2200
2200
2201
2204
2204
2205
2205
2206
2207
2208
2208
2209
2210
2212
2213
2213
2214
2214
2214
2215
2217
2218
2219
2221
2221
2221
2221
2222
2224
2225
2225
2226
2226
2227
2227
2231
2232
2232
2233
2233
2233
2233
2234
2235
2235
2236
2236
2236
2236
2238
2239
2240
2241
2243
2244
2244
2247
2248
2248
2250
2251
2252
2253
2253
2254
2257
2258
2259
2259
2259
2260
2261
2262
2264
2264
2264
2266
2267
2269
2271
2272
2272
2274
2276
2276
2277
2277
2279
2283
2284
2286
2288
2291
2293
2296
2298
2299
2302
2302
2302
2305
2306
2312
2315
2315
2316
2316
2316
2316
2316
2319
2320
2324
2325
2326
2327
2329
2331
2332
2332
2333
2333
2333
2334
2335
2336
2336
2336
2338
2339
2339
2341
2341
2341
2343
2344
2344
2345
2345
2345
2345
2346
2346
2347
2347
2349
2350
2350
2350
2350
2351
2352
2352
2352
2352
2353
2358
2362
2362
2364
2366
2366
2368
2368
2372
2373
2374
2374
2376
2378
2378
2378
2378
2380
2381
2382
2384
2384
2384
2385
2385
2386
2386
2388
2388
2389
2389
2390
2392
2392
2394
2394
2394
2395
2396
2396
2398
2401
2401
2401
2403
2406
2406
2407
2408
2411
2411
2412
2412
2414
2415
2416
2417
2418
2419
2422
2422
2425
2427
2430
2430
2430
2431
2431
2432
2432
2433
2434
2434
2435
2436
2436
2437
2438
2438
2439
2443
2443
2444
2447
2447
2448
2448
2450
2450
2450
2451
2452
2452
2452
2452
2457
2458
2459
2461
2463
2464
2465
2466
2467
2467
2469
2471
2472
2472
2472
2473
2473
2474
2474
2475
2476
2476
2477
2477
2478
2480
2480
2481
2481
2481
2481
2483
2484
2486
2486
2486
2487
2488
2491
2492
2495
2496
2497
2499
2500
2500
2501
2503
2505
2506
2506
2506
2508
2509
2509
2509
2510
2510
2510
2511
2511
2513
2515
2515
2516
2517
2518
2520
2520
2521
2521
2524
2524
2525
2526
2526
2530
2530
2531
2534
2537
2539
2539
2540
2540
2540
2542
2543
2543
2545
2545
2547
2547
2548
2548
2549
2551
2551
2552
2553
2553
2554
2555
2559
2561
2562
2562
2563
2564
2564
2565
2566
2569
2570
2571
2571
2572
2572
2573
2573
2574
2575
2576
2577
2577
2577
2578
2579
2579
2580
2582
2583
2584
2584
2586
2586
2587
2588
2589
2590
2591
2598
2598
2599
2600
2601
2602
2604
2607
2609
2609
2609
2610
2612
2613
2615
2615
2615
2616
2617
2617
2617
2617
2618
2618
2620
2621
2621
2623
2625
2627
2629
2629
2631
2631
2632
2633
2634
2636
2637
2638
2638
2638
2638
2638
2639
2640
2640
2641
2643
2645
2645
2647
2650
2650
2651
2652
2653
2653
2654
2654
2655
2655
2656
2657
2658
2660
2660
2660
2660
2664
2666
2668
2668
2669
2670
2670
2672
2672
2672
2674
2674
2675
2677
2677
2678
2680
2681
2686
2686
2687
2688
2688
2691
2693
2693
2694
2696
2698
2698
2698
2698
2699
2702
2703
2703
2704
2705
2708
2709
2710
2710
2710
2710
2712
2712
2713
2713
2714
2714
2716
2717
2717
2719
2720
2721
2722
2723
2723
2724
2724
2725
2725
2727
2728
2728
2729
2729
2731
2731
2735
2737
2740
2742
2742
2743
2743
2745
2746
2747
2748
2749
2754
2754
2756
2758
2759
2761
2762
2762
2762
2762
2763
2765
2765
2766
2769
2770
2770
2771
2774
2774
2775
2778
2779
2779
2780
2780
2780
2784
2784
2784
2785
2788
2789
2790
2791
2791
2791
2792
2792
2794
2798
2801
2801
2803
2804
2804
2804
2805
2806
2807
2808
2808
2809
2809
2809
2811
2811
2812
2812
2813
2814
2814
2814
2814
2817
2819
2819
2819
2820
2823
2823
2824
2824
2824
2825
2827
2828
2829
2829
2831
2831
2832
2833
2834
2835
2838
2838
2838
2838
2839
2840
2840
2842
2845
2846
2846
2847
2847
2849
2851
2853
2854
2855
2856
2856
2857
2862
2867
2868
2868
2868
2870
2870
2875
2876
2879
2879
2881
2883
2883
2884
2884
2885
2885
2885
2885
2886
2886
2888
2888
2890
2892
2893
2893
2894
2895
2897
2897
2898
2899
2899
2900
2900
2902
2902
2906
2908
2909
2909
2909
2910
2912
2912
2912
2914
2915
2917
2917
2918
2920
2920
2921
2922
2923
2924
2924
2925
2926
2927
2927
2929
2932
2934
2936
2936
2936
2936
2937
2937
2940
2940
2940
2940
2940
2941
2943
2944
2948
2949
2951
2952
2954
2954
2956
2958
2960
2960
2961
2965
2968
2969
2969
2970
2972
2972
2974
2974
2974
2978
2978
2978
2980
2980
2980
2981
2981
2982
2984
2984
2986
2986
2988
2992
2992
2993
2994
2994
2996
2996
2996
2997
2998
2998
3000
3003
3003
3003
3006
3007
3007
3008
3008
3008
3010
3012
3012
3014
3016
3017
3017
3018
3018
3019
3019
3019
3019
3020
3020
3021
3022
3022
3024
3024
3025
3026
3029
3029
3031
3032
3033
3033
3035
3035
3036
3039
3039
3039
3042
3043
3045
3045
3046
3048
3049
3051
3053
3053
3054
3056
3056
3056
3057
3062
3065
3065
3065
3066
3067
3067
3068
3073
3075
3075
3076
3077
3078
3078
3079
3079
3081
3082
3083
3085
3086
3086
3087
3089
3092
3093
3095
3096
3098
3098
3099
3100
3100
3100
3101
3102
3102
3102
3103
3103
3106
3107
3109
3109
3111
3112
3113
3114
3114
3114
3115
3115
3116
3118
3118
3118
3120
3121
3123
3123
3124
3124
3124
3124
3125
3128
3128
3131
3131
3132
3132
3134
3135
3136
3137
3139
3139
3140
3140
3140
3142
3144
3148
3148
3150
3151
3154
3156
3156
3158
3160
3161
3162
3162
3165
3165
3165
3166
3167
3169
3171
3172
3173
3174
3175
3176
3179
3180
3182
3184
3187
3188
3190
3190
3191
3191
3191
3191
3193
3193
3195
3196
3196
3197
3198
3198
3200
3202
3203
3206
3208
3210
3210
3211
3213
3214
3214
3218
3220
3221
3222
3225
3225
3227
3227
3227
3228
3230
3230
3232
3232
3232
3232
3233
3235
3236
3238
3240
3240
3245
3245
3246
3250
3250
3253
3255
3256
3257
3257
3258
3259
3260
3260
3263
3268
3268
3270
3270
3272
3273
3274
3275
3279
3279
3280
3281
3281
3282
3284
3285
3286
3287
3287
3287
3288
3289
3290
3290
3291
3291
3293
3294
3295
3296
3298
3299
3299
3303
3304
3304
3305
3305
3308
3309
3309
3310
3310
3310
3311
3311
3314
3315
3317
3317
3319
3319
3319
3320
3320
3321
3323
3323
3324
3327
3327
3328
3329
3331
3331
3333
3333
3337
3337
3337
3342
3350
3351
3351
3355
3356
3356
3357
3358
3359
3361
3361
3363
3364
3365
3366
3366
3366
3366
3367
3367
3368
3368
3369
3370
3371
3373
3374
3376
3377
3377
3377
3377
3377
3380
3383
3385
3385
3385
3390
3391
3393
3393
3393
3395
3397
3397
3399
3400
3400
3403
3405
3406
3408
3408
3411
3414
3415
3416
3417
3417
3418
3419
3420
3422
3423
3423
3425
3425
3427
3428
3428
3430
3430
3431
3431
3433
3435
3435
3436
3437
3437
3438
3439
3439
3439
3440
3445
3445
3446
3446
3448
3448
3449
3451
3452
3453
3455
3457
3458
3459
3462
3467
3467
3468
3469
3470
3471
3473
3473
3473
3477
3477
3477
3478
3479
3479
3479
3480
3488
3488
3488
3489
3489
3491
3491
3492
3492
3493
3493
3493
3497
3499
3501
3502
3502
3503
3503
3505
3505
3505
3507
3507
3507
3508
3509
3511
3512
3512
3516
3517
3517
3518
3520
3520
3520
3521
3522
3524
3525
3526
3527
3527
3528
3530
3531
3531
3533
3533
3533
3533
3535
3536
3537
3538
3539
3539
3540
3544
3545
3545
3545
3545
3546
3546
3547
3548
3548
3549
3549
3550
3555
3556
3556
3558
3558
3559
3559
3559
3562
3562
3563
3566
3568
3573
3573
3576
3577
3577
3578
3578
3578
3581
3582
3582
3584
3585
3585
3586
3587
3588
3588
3589
3591
3591
3592
3592
3595
3596
3597
3597
3597
3598
3599
3600
3600
3601
3602
3604
3607
3607
3607
3607
3609
3609
3611
3611
3611
3613
3614
3614
3617
3617
3621
3621
3621
3622
3622
3623
3623
3623
3626
3627
3628
3629
3629
3631
3631
3632
3632
3635
3636
3636
3636
3636
3638
3638
3638
3638
3639
3640
3642
3643
3645
3645
3646
3648
3650
3651
3652
3652
3652
3652
3653
3654
3655
3659
3659
3660
3661
3662
3663
3664
3664
3665
3665
3665
3665
3667
3667
3667
3668
3668
3671
3672
3673
3673
3674
3677
3677
3677
3677
3678
3682
3682
3683
3684
3685
3685
3686
3686
3686
3689
3690
3690
3691
3691
3692
3694
3695
3695
3695
3696
3699
3700
3700
3700
3700
3701
3701
3704
3704
3706
3706
3707
3709
3709
3710
3712
3718
3718
3721
3722
3724
3724
3725
3726
3727
3728
3731
3732
3732
3732
3732
3734
3734
3734
3735
3737
3738
3739
3740
3741
3741
3743
3743
3745
3745
3746
3746
3747
3747
3752
3752
3760
3760
3760
3761
3764
3765
3767
3767
3768
3768
3769
3771
3772
3774
3776
3777
3777
3779
3779
3779
3780
3780
3782
3783
3784
3784
3787
3790
3790
3792
3794
3795
3796
3803
3805
3807
3808
3810
3811
3814
3816
3816
3816
3816
3817
3819
3819
3820
3821
3821
3822
3822
3824
3824
3825
3825
3825
3826
3831
3832
3833
3834
3834
3835
3838
3840
3841
3841
3841
3841
3843
3843
3843
3843
3845
3845
3846
3848
3848
3849
3849
3849
3850
3850
3851
3851
3852
3852
3855
3855
3858
3859
3861
3863
3864
3864
3868
3868
3870
3872
3876
3877
3877
3877
3881
3883
3884
3884
3886
3888
3892
3893
3894
3894
3895
3896
3896
3896
3899
3901
3901
3902
3903
3904
3904
3905
3906
3906
3907
3909
3910
3910
3912
3914
3915
3916
3917
3918
3918
3919
3921
3921
3922
3922
3924
3925
3926
3926
3926
3928
3929
3931
3931
3932
3933
3938
3938
3940
3941
3943
3943
3945
3945
3945
3946
3947
3947
3947
3948
3948
3948
3949
3949
3950
3950
3951
3951
3952
3952
3952
3953
3955
3957
3958
3958
3961
3961
3962
3964
3965
3967
3968
3968
3969
3969
3970
3972
3974
3975
3975
3980
3980
3980
3981
3982
3983
3985
3987
3988
3988
3989
3990
3991
3991
3993
3993
3994
3996
3996
3997
3999
3999
3999
4000
4000
4001
4003
4009
4009
4011
4012
4012
4015
4015
4017
4018
4020
4020
4020
4020
4024
4026
4026
4026
4028
4031
4031
4032
4034
4034
4035
4036
4036
4040
4041
4043
4045
4047
4047
4049
4049
4049
4051
4053
4053
4057
4057
4059
4060
4061
4061
4062
4062
4064
4064
4065
4066
4069
4069
4070
4073
4074
4077
4080
4080
4081
4081
4081
4083
4086
4087
4090
4094
4096
4097
4097
4097
4098
4099
4101
4102
4102
4105
4105
4106
4107
4108
4108
4109
4110
4112
4112
4112
4112
4113
4115
4116
4118
4118
4121
4122
4122
4122
4124
4124
4125
4128
4129
4129
4129
4129
4129
4131
4132
4134
4134
4136
4136
4136
4137
4138
4139
4140
4141
4144
4144
4149
4149
4151
4151
4152
4157
4162
4162
4163
4163
4164
4164
4165
4166
4168
4168
4169
4169
4170
4171
4172
4176
4176
4178
4179
4179
4180
4181
4181
4183
4188
4188
4189
4190
4190
4191
4193
4193
4194
4195
4198
4199
4199
4201
4202
4202
4205
4205
4206
4207
4208
4209
4210
4211
4211
4212
4213
4215
4215
4215
4216
4216
4217
4217
4217
4218
4221
4224
4225
4225
4229
4231
4232
4232
4233
4233
4233
4241
4242
4243
4245
4245
4246
4246
4247
4248
4249
4249
4250
4252
4254
4255
4255
4256
4256
4256
4257
4260
4260
4263
4264
4265
4265
4266
4267
4268
4268
4269
4269
4271
4272
4273
4273
4274
4274
4274
4275
4276
4276
4276
4278
4278
4279
4280
4281
4283
4284
4285
4286
4288
4290
4291
4291
4293
4294
4295
4296
4297
4298
4300
4300
4301
4303
4303
4304
4304
4307
4308
4308
4309
4312
4312
4313
4313
4314
4315
4316
4318
4319
4319
4319
4320
4320
4321
4321
4321
4322
4322
4323
4324
4325
4325
4326
4327
4328
4328
4328
4329
4330
4333
4334
4334
4334
4336
4337
4337
4338
4340
4340
4341
4346
4347
4347
4348
4352
4352
4353
4353
4356
4356
4363
4363
4364
4365
4368
4369
4370
4373
4373
4375
4376
4377
4378
4378
4378
4379
4379
4380
4380
4381
4384
4386
4387
4387
4388
4390
4391
4391
4392
4392
4394
4395
4396
4397
4400
4401
4401
4403
4404
4405
4405
4406
4407
4407
4408
4409
4409
4409
4411
4412
4413
4414
4416
4416
4420
4425
4425
4425
4430
4433
4433
4436
4436
4437
4439
4439
4439
4440
4441
4444
4444
4445
4445
4449
4452
4454
4455
4457
4458
4458
4459
4460
4463
4464
4464
4465
4465
4465
4465
4465
4469
4469
4469
4470
4471
4472
4478
4479
4480
4480
4480
4481
4481
4481
4482
4483
4484
4484
4486
4491
4492
4494
4495
4495
4496
4496
4496
4498
4498
4499
4501
4503
4503
4504
4506
4507
4510
4510
4513
4513
4514
4517
4519
4521
4522
4522
4524
4525
4525
4525
4528
4528
4528
4529
4531
4533
4534
4535
4536
4537
4537
4538
4538
4539
4539
4541
4541
4541
4543
4545
4549
4550
4550
4551
4553
4555
4556
4557
4557
4558
4558
4558
4561
4566
4567
4567
4568
4568
4569
4570
4572
4573
4574
4575
4576
4581
4582
4584
4585
4585
4586
4586
4587
4589
4592
4595
4596
4596
4598
4601
4601
4601
4602
4602
4603
4606
4606
4606
4607
4612
4612
4613
4614
4614
4616
4617
4618
4619
4620
4620
4621
4621
4621
4622
4622
4622
4622
4625
4626
4626
4627
4629
4630
4633
4634
4639
4640
4642
4643
4644
4644
4646
4646
4646
4647
4647
4647
4648
4651
4654
4655
4656
4657
4657
4658
4658
4658
4658
4660
4662
4663
4665
4668
4668
4669
4670
4672
4672
4673
4675
4676
4678
4679
4679
4683
4685
4686
4687
4687
4688
4689
4695
4695
4697
4697
4698
4699
4700
4701
4701
4702
4704
4705
4705
4707
4708
4710
4711
4712
4713
4715
4717
4718
4719
4722
4723
4723
4724
4726
4726
4726
4727
4727
4731
4732
4732
4733
4734
4737
4739
4740
4741
4742
4742
4742
4743
4744
4745
4745
4746
4747
4748
4751
4753
4755
4756
4757
4759
4761
4761
4762
4762
4762
4763
4765
4765
4765
4766
4769
4769
4769
4771
4772
4775
4775
4776
4776
4777
4778
4778
4779
4779
4780
4782
4783
4784
4784
4785
4787
4787
4787
4788
4789
4790
4791
4792
4794
4796
4796
4796
4803
4803
4803
4804
4804
4804
4805
4807
4809
4810
4810
4812
4814
4817
4818
4819
4820
4820
4821
4825
4825
4825
4827
4828
4829
4831
4831
4831
4831
4832
4832
4834
4838
4838
4839
4842
4842
4842
4843
4846
4847
4850
4852
4852
4852
4852
4855
4856
4856
4857
4858
4859
4860
4861
4863
4864
4864
4864
4865
4868
4872
4873
4875
4875
4875
4877
4877
4877
4879
4881
4882
4883
4883
4888
4890
4891
4892
4895
4897
4899
4899
4901
4906
4906
4908
4911
4912
4912
4914
4914
4917
4917
4917
4919
4919
4919
4922
4926
4927
4928
4930
4934
4936
4937
4938
4938
4938
4938
4940
4940
4941
4941
4944
4945
4947
4948
4950
4953
4954
4956
4956
4957
4957
4959
4959
4959
4960
4960
4962
4963
4966
4968
4969
4969
4970
4971
4972
4972
4972
4972
4973
4974
4974
4974
4975
4975
4976
4976
4977
4977
4979
4982
4982
4983
4984
4986
4986
4986
4987
4987
4989
4993
4995
4996
4999
5004
5008
5009
5012
5013
5013
5014
5016
5017
5018
5019
5019
5021
5021
5022
5023
5024
5025
5026
5027
5028
5028
5029
5035
5036
5036
5039
5043
5043
5044
5044
5045
5045
5046
5046
5046
5046
5047
5048
5048
5048
5050
5053
5053
5054
5062
5062
5063
5063
5067
5069
5069
5070
5071
5073
5074
5074
5076
5078
5080
5083
5083
5083
5086
5087
5087
5087
5088
5089
5090
5090
5091
5091
5092
5092
5093
5093
5094
5095
5096
5098
5100
5102
5103
5103
5103
5105
5106
5107
5108
5108
5109
5111
5111
5112
5113
5113
5115
5116
5118
5119
5120
5120
5122
5123
5124
5124
5125
5126
5126
5129
5129
5130
5131
5133
5135
5135
5138
5141
5144
5144
5153
5155
5157
5157
5159
5161
5161
5163
5164
5164
5165
5166
5168
5169
5170
5170
5171
5172
5174
5175
5178
5180
5181
5182
5182
5186
5187
5187
5188
5189
5189
5189
5190
5190
5191
5193
5193
5194
5194
5194
5199
5201
5203
5203
5205
5207
5210
5210
5210
5211
5211
5211
5213
5214
5217
5217
5218
5220
5220
5220
5220
5221
5222
5222
5223
5223
5224
5225
5227
5228
5229
5229
5230
5231
5231
5232
5232
5233
5233
5233
5233
5239
5239
5239
5243
5244
5245
5248
5249
5250
5251
5251
5253
5253
5257
5257
5258
5259
5260
5260
5262
5262
5263
5266
5266
5267
5267
5268
5269
5270
5270
5272
5275
5275
5276
5276
5276
5277
5277
5278
5279
5279
5279
5280
5282
5282
5285
5285
5285
5290
5292
5293
5294
5294
5295
5298
5299
5300
5300
5301
5303
5303
5306
5307
5310
5314
5314
5317
5317
5317
5317
5319
5319
5320
5321
5321
5321
5324
5325
5325
5326
5326
5327
5327
5327
5327
5329
5330
5330
5333
5334
5335
5335
5337
5338
5338
5339
5339
5340
5341
5344
5345
5346
5347
5347
5348
5349
5351
5353
5356
5357
5358
5358
5359
5359
5361
5361
5362
5363
5364
5364
5365
5365
5365
5368
5369
5369
5369
5372
5373
5378
5378
5378
5382
5382
5383
5385
5386
5386
5386
5387
5387
5388
5388
5389
5391
5391
5393
5393
5396
5401
5403
5404
5406
5407
5409
5411
5415
5416
5418
5419
5419
5419
5420
5420
5421
5422
5424
5426
5428
5429
5432
5432
5433
5436
5439
5439
5439
5443
5444
5444
5444
5453
5453
5454
5455
5455
5456
5457
5458
5459
5459
5460
5460
5460
5461
5462
5462
5463
5463
5464
5464
5465
5465
5465
5468
5469
5469
5469
5470
5471
5472
5473
5473
5479
5479
5479
5480
5482
5482
5483
5483
5484
5484
5485
5486
5487
5487
5489
5491
5492
5494
5494
5494
5495
5496
5496
5496
5497
5497
5497
5499
5500
5501
5501
5502
5502
5503
5503
5505
5509
5510
5513
5513
5516
5517
5517
5517
5521
5522
5522
5524
5526
5526
5528
5528
5529
5529
5530
5530
5532
5533
5534
5535
5537
5537
5537
5538
5541
5542
5542
5543
5546
5547
5548
5549
5551
5551
5551
5552
5552
5553
5556
5558
5559
5561
5561
5562
5565
5568
5570
5571
5575
5575
5576
5576
5577
5578
5578
5579
5579
5586
5587
5589
5593
5595
5595
5599
5602
5602
5604
5605
5605
5606
5608
5609
5611
5614
5614
5615
5615
5616
5616
5617
5617
5618
5618
5622
5622
5623
5623
5624
5626
5631
5631
5631
5631
5632
5632
5632
5633
5635
5635
5636
5636
5638
5641
5642
5643
5645
5646
5646
5647
5648
5649
5651
5651
5652
5652
5653
5653
5654
5656
5657
5657
5657
5658
5660
5661
5662
5663
5665
5666
5669
5669
5669
5669
5671
5671
5672
5675
5676
5677
5678
5678
5679
5680
5680
5680
5680
5681
5681
5681
5682
5683
5685
5689
5691
5692
5693
5693
5694
5696
5697
5698
5699
5702
5702
5703
5704
5704
5707
5707
5707
5708
5708
5711
5711
5715
5715
5715
5716
5721
5721
5721
5723
5725
5727
5727
5728
5729
5730
5730
5733
5733
5734
5734
5734
5735
5736
5737
5739
5741
5742
5742
5742
5743
5743
5743
5745
5745
5747
5747
5748
5748
5752
5753
5753
5754
5754
5755
5756
5756
5756
5757
5758
5758
5760
5761
5761
5761
5762
5763
5770
5770
5771
5772
5772
5775
5775
5775
5780
5780
5780
5783
5784
5784
5785
5785
5786
5788
5788
5795
5796
5796
5801
5801
5801
5801
5802
5804
5806
5807
5807
5807
5808
5809
5809
5809
5810
5810
5811
5811
5811
5811
5812
5812
5813
5817
5818
5821
5822
5827
5828
5829
5830
5832
5832
5832
5836
5836
5836
5837
5838
5840
5842
5844
5844
5845
5847
5847
5847
5850
5850
5851
5852
5854
5856
5858
5858
5861
5861
5862
5864
5864
5864
5865
5865
5866
5868
5869
5870
5872
5873
5873
5873
5874
5875
5875
5875
5876
5879
5881
5881
5881
5882
5883
5883
5883
5885
5887
5887
5888
5890
5893
5893
5895
5895
5897
5897
5898
5898
5899
5900
5901
5902
5903
5906
5907
5908
5910
5913
5914
5914
5915
5917
5919
5921
5922
5922
5924
5925
5925
5925
5926
5931
5932
5933
5933
5934
5934
5935
5935
5937
5938
5940
5940
5942
5943
5945
5945
5947
5947
5949
5950
5951
5952
5954
5955
5956
5956
5957
5958
5958
5959
5959
5961
5961
5964
5964
5964
5965
5966
5966
5967
5968
5972
5975
5976
5977
5979
5979
5979
5979
5980
5983
5983
5983
5984
5985
5985
5990
5994
5997
5998
6000
6000
6002
6003
6004
6004
6005
6005
6005
6009
6010
6013
6013
6013
6014
6015
6016
6016
6019
6019
6020
6021
6022
6023
6024
6024
6025
6025
6026
6027
6029
6031
6031
6031
6035
6035
6037
6038
6040
6043
6046
6046
6047
6047
6048
6049
6050
6050
6051
6051
6053
6053
6054
6054
6055
6055
6055
6057
6059
6060
6062
6062
6063
6063
6064
6067
6067
6069
6069
6069
6070
6070
6070
6070
6070
6072
6073
6073
6074
6074
6075
6077
6077
6078
6078
6080
6080
6081
6081
6082
6082
6082
6083
6085
6085
6087
6090
6090
6091
6092
6093
6093
6094
6096
6096
6096
6097
6097
6097
6098
6098
6099
6099
6102
6103
6103
6104
6105
6106
6107
6107
6108
6110
6111
6112
6113
6114
6115
6116
6118
6118
6119
6120
6122
6122
6124
6125
6127
6128
6129
6129
6129
6130
6130
6134
6134
6138
6138
6138
6139
6141
6141
6143
6143
6144
6144
6145
6146
6146
6147
6147
6147
6147
6151
6153
6153
6153
6154
6158
6159
6160
6160
6162
6163
6163
6165
6166
6166
6167
6170
6170
6173
6176
6176
6176
6179
6179
6180
6183
6183
6185
6187
6187
6187
6189
6189
6191
6192
6194
6196
6199
6200
6200
6201
6201
6202
6202
6203
6205
6206
6207
6207
6208
6209
6210
6210
6211
6212
6213
6215
6215
6215
6217
6220
6220
6221
6221
6222
6223
6223
6223
6223
6225
6225
6226
6226
6227
6227
6230
6230
6231
6231
6231
6232
6232
6232
6232
6236
6237
6238
6240
6243
6243
6245
6245
6245
6245
6247
6247
6248
6249
6250
6253
6253
6254
6254
6254
6254
6256
6257
6258
6259
6260
6260
6260
6261
6261
6263
6263
6266
6266
6268
6271
6271
6273
6273
6275
6280
6281
6283
6283
6284
6288
6289
6289
6289
6291
6291
6292
6293
6293
6295
6295
6298
6299
6299
6302
6302
6303
6304
6305
6305
6306
6311
6313
6315
6315
6317
6317
6318
6318
6319
6319
6320
6320
6321
6322
6322
6323
6325
6325
6326
6327
6327
6328
6329
6329
6330
6330
6330
6331
6332
6333
6333
6341
6341
6342
6342
6343
6345
6345
6347
6348
6348
6350
6351
6352
6352
6353
6354
6355
6355
6355
6355
6357
6358
6361
6363
6363
6366
6367
6368
6370
6372
6372
6372
6373
6375
6375
6376
6376
6377
6377
6379
6379
6381
6382
6382
6383
6384
6385
6385
6385
6388
6389
6391
6391
6392
6395
6395
6395
6396
6397
6397
6399
6400
6400
6402
6402
6402
6402
6403
6404
6404
6405
6407
6408
6408
6411
6412
6412
6415
6416
6416
6420
6420
6421
6422
6422
6424
6424
6424
6425
6425
6426
6428
6429
6430
6431
6431
6435
6438
6438
6441
6441
6444
6444
6445
6447
6453
6454
6456
6458
6459
6461
6462
6464
6466
6466
6467
6468
6470
6471
6472
6472
6473
6474
6476
6477
6477
6477
6477
6478
6479
6481
6481
6482
6483
6483
6484
6484
6486
6487
6487
6488
6489
6490
6494
6496
6497
6499
6501
6501
6502
6503
6504
6506
6506
6507
6508
6508
6508
6509
6510
6510
6512
6513
6513
6513
6513
6517
6518
6523
6525
6525
6526
6527
6527
6528
6530
6531
6533
6534
6536
6536
6538
6539
6542
6543
6544
6545
6546
6549
6549
6551
6553
6553
6554
6554
6557
6557
6559
6560
6562
6566
6567
6568
6568
6571
6572
6573
6575
6577
6578
6578
6582
6582
6583
6583
6584
6584
6585
6587
6588
6588
6589
6589
6589
6590
6593
6595
6595
6598
6598
6598
6600
6601
6601
6601
6602
6603
6603
6604
6605
6606
6607
6607
6607
6608
6609
6609
6609
6613
6613
6614
6615
6616
6616
6617
6618
6618
6618
6619
6620
6621
6621
6622
6623
6624
6627
6630
6631
6631
6633
6633
6633
6633
6633
6633
6633
6636
6637
6637
6638
6638
6639
6640
6642
6642
6648
6649
6652
6652
6653
6654
6654
6655
6656
6656
6657
6659
6659
6661
6662
6665
6665
6666
6667
6670
6671
6671
6674
6674
6674
6674
6676
6676
6677
6677
6677
6678
6679
6680
6681
6681
6683
6685
6685
6686
6686
6688
6689
6689
6691
6692
6693
6693
6696
6697
6697
6698
6698
6698
6698
6698
6699
6699
6699
6706
6709
6710
6710
6710
6713
6714
6714
6718
6720
6720
6720
6720
6722
6726
6727
6728
6729
6730
6730
6731
6732
6732
6732
6733
6733
6735
6735
6736
6738
6738
6739
6741
6744
6744
6744
6745
6746
6748
6749
6749
6751
6752
6754
6754
6754
6756
6757
6760
6763
6764
6765
6765
6765
6766
6768
6768
6769
6772
6773
6773
6774
6774
6775
6775
6776
6777
6779
6779
6781
6781
6781
6782
6783
6784
6787
6788
6789
6789
6791
6794
6795
6797
6798
6798
6801
6802
6803
6806
6806
6807
6808
6808
6810
6811
6812
6812
6812
6814
6815
6817
6817
6817
6817
6817
6819
6819
6819
6820
6821
6821
6823
6823
6826
6826
6827
6827
6828
6828
6828
6829
6830
6830
6830
6830
6831
6832
6835
6838
6840
6840
6841
6846
6847
6848
6849
6850
6853
6853
6853
6854
6857
6857
6858
6859
6860
6860
6864
6864
6866
6867
6869
6870
6870
6871
6872
6873
6874
6875
6876
6879
6879
6879
6881
6883
6886
6886
6888
6888
6888
6889
6891
6891
6892
6894
6897
6897
6898
6901
6902
6902
6903
6903
6905
6905
6905
6912
6914
6914
6915
6916
6917
6918
6918
6918
6919
6919
6920
6921
6921
6922
6922
6924
6926
6926
6926
6928
6931
6931
6932
6935
6935
6935
6936
6936
6938
6939
6941
6941
6945
6946
6948
6948
6948
6948
6948
6951
6952
6952
6953
6953
6955
6956
6957
6958
6959
6960
6961
6961
6961
6962
6962
6963
6964
6966
6966
6971
6972
6974
6974
6976
6976
6977
6977
6977
6978
6979
6979
6980
6982
6984
6984
6985
6986
6987
6990
6990
6991
6992
6994
6994
6994
6997
6998
6999
6999
7000
7000
7002
7002
7003
7004
7005
7006
7007
7010
7010
7011
7015
7018
7018
7018
7020
7020
7022
7023
7025
7028
7028
7029
7031
7032
7033
7034
7035
7038
7040
7043
7046
7047
7048
7049
7050
7050
7054
7055
7055
7057
7058
7059
7060
7060
7062
7062
7064
7064
7064
7065
7066
7067
7067
7068
7068
7068
7068
7071
7074
7077
7080
7083
7083
7085
7085
7085
7088
7091
7092
7092
7093
7096
7097
7098
7099
7099
7099
7100
7101
7101
7104
7104
7107
7107
7108
7109
7114
7114
7116
7119
7119
7122
7123
7124
7124
7125
7125
7126
7128
7128
7130
7131
7131
7132
7133
7134
7134
7134
7135
7135
7139
7140
7141
7143
7143
7143
7144
7145
7145
7146
7150
7151
7152
7153
7154
7156
7156
7157
7157
7157
7160
7161
7161
7161
7163
7166
7166
7166
7167
7169
7171
7171
7171
7172
7174
7175
7177
7178
7178
7179
7179
7180
7181
7182
7183
7185
7186
7186
7188
7188
7189
7190
7190
7190
7190
7194
7194
7198
7199
7199
7200
7201
7201
7203
7203
7204
7204
7208
7209
7210
7211
7212
7213
7214
7215
7216
7222
7223
7223
7225
7228
7230
7230
7231
7233
7234
7234
7235
7236
7236
7238
7239
7241
7241
7242
7244
7246
7247
7247
7247
7250
7250
7251
7252
7252
7257
7257
7259
7259
7262
7263
7263
7264
7267
7267
7267
7268
7270
7270
7271
7272
7275
7275
7277
7279
7279
7282
7283
7283
7283
7284
7284
7290
7291
7292
7292
7295
7295
7295
7295
7296
7296
7297
7298
7298
7299
7302
7303
7304
7306
7307
7307
7311
7312
7312
7313
7313
7313
7315
7315
7315
7315
7316
7317
7319
7321
7324
7330
7331
7332
7335
7336
7336
7338
7338
7341
7341
7343
7343
7346
7346
7347
7348
7349
7350
7350
7351
7353
7353
7353
7355
7356
7361
7361
7361
7364
7364
7368
7371
7373
7373
7374
7377
7377
7378
7379
7382
7382
7383
7383
7383
7385
7385
7386
7387
7387
7387
7389
7389
7390
7392
7392
7393
7394
7395
7395
7397
7397
7400
7400
7400
7401
7402
7403
7403
7404
7407
7408
7408
7410
7413
7416
7417
7419
7419
7421
7424
7425
7425
7428
7429
7431
7431
7432
7432
7434
7434
7436
7437
7438
7438
7438
7439
7443
7443
7444
7445
7447
7448
7450
7453
7454
7454
7454
7454
7455
7457
7458
7460
7461
7462
7462
7463
7464
7465
7466
7467
7467
7470
7470
7470
7471
7474
7474
7475
7477
7477
7478
7478
7480
7480
7481
7481
7482
7482
7483
7484
7486
7488
7489
7489
7491
7495
7496
7499
7500
7500
7501
7501
7502
7504
7504
7504
7506
7508
7508
7509
7512
7512
7513
7516
7519
7519
7520
7521
7522
7524
7525
7525
7526
7526
7527
7528
7529
7530
7532
7532
7533
7534
7535
7537
7537
7538
7539
7539
7539
7543
7545
7546
7553
7556
7558
7559
7560
7560
7561
7563
7563
7566
7567
7569
7569
7569
7570
7570
7571
7571
7571
7571
7571
7572
7573
7573
7574
7577
7577
7577
7577
7579
7581
7581
7582
7583
7585
7586
7590
7592
7592
7594
7594
7596
7597
7599
7599
7599
7601
7601
7601
7605
7605
7607
7608
7609
7609
7610
7610
7611
7612
7612
7614
7614
7614
7619
7619
7620
7620
7621
7623
7623
7625
7626
7627
7628
7628
7629
7630
7631
7632
7633
7633
7633
7635
7635
7636
7640
7640
7641
7642
7642
7642
7642
7642
7644
7645
7649
7649
7649
7650
7650
7652
7652
7656
7656
7660
7660
7661
7661
7661
7662
7663
7664
7666
7667
7671
7672
7673
7673
7675
7677
7678
7679
7680
7682
7683
7683
7684
7685
7685
7686
7688
7688
7689
7689
7692
7694
7696
7696
7697
7699
7699
7699
7699
7702
7702
7702
7703
7703
7703
7703
7703
7705
7707
7707
7707
7707
7708
7709
7713
7715
7715
7718
7719
7719
7720
7721
7721
7722
7722
7724
7727
7730
7731
7731
7731
7733
7734
7734
7736
7737
7739
7739
7740
7741
7742
7744
7745
7746
7747
7752
7753
7753
7755
7755
7755
7756
7756
7756
7757
7758
7759
7759
7763
7763
7763
7765
7767
7769
7771
7776
7777
7778
7779
7782
7782
7784
7784
7785
7786
7786
7787
7787
7787
7791
7791
7792
7793
7795
7795
7795
7796
7797
7798
7798
7801
7802
7803
7803
7804
7804
7807
7810
7814
7814
7814
7816
7817
7819
7820
7821
7823
7824
7824
7825
7826
7827
7828
7828
7828
7830
7834
7834
7834
7835
7835
7835
7837
7838
7839
7839
7840
7840
7840
7840
7841
7841
7841
7841
7842
7843
7843
7848
7851
7851
7854
7854
7856
7858
7859
7860
7861
7861
7863
7866
7867
7867
7868
7868
7868
7870
7870
7870
7872
7875
7876
7877
7883
7884
7884
7887
7887
7889
7890
7891
7891
7891
7891
7892
7892
7892
7894
7894
7896
7897
7900
7901
7902
7905
7905
7906
7907
7908
7908
7910
7911
7912
7914
7915
7916
7916
7916
7917
7917
7917
7919
7924
7924
7925
7927
7927
7928
7928
7928
7929
7930
7932
7934
7935
7937
7939
7941
7944
7945
7946
7947
7948
7949
7950
7950
7950
7951
7954
7955
7956
7957
7957
7958
7958
7958
7961
7961
7961
7963
7964
7966
7967
7968
7968
7971
7973
7976
7976
7977
7981
7981
7982
7983
7983
7984
7984
7986
7987
7987
7987
7987
7988
7992
7993
7993
7994
7996
7997
7998
8001
8004
8005
8005
8011
8012
8012
8013
8013
8014
8015
8015
8016
8018
8020
8020
8020
8021
8021
8021
8023
8026
8027
8027
8028
8028
8032
8032
8033
8033
8034
8035
8035
8036
8036
8037
8037
8039
8040
8047
8047
8050
8050
8051
8052
8053
8053
8054
8055
8055
8055
8055
8056
8056
8057
8061
8062
8062
8063
8064
8065
8065
8065
8065
8066
8067
8068
8069
8070
8071
8071
8073
8074
8075
8076
8077
8077
8078
8078
8079
8080
8080
8080
8082
8082
8084
8084
8084
8084
8085
8086
8086
8087
8092
8092
8093
8098
8098
8098
8099
8100
8103
8103
8104
8105
8107
8107
8108
8108
8109
8110
8111
8112
8112
8115
8115
8115
8115
8116
8119
8120
8120
8120
8121
8122
8124
8124
8125
8126
8126
8128
8130
8132
8133
8133
8134
8135
8135
8136
8136
8137
8139
8139
8140
8141
8143
8145
8145
8145
8146
8146
8147
8148
8149
8155
8156
8157
8158
8159
8161
8162
8162
8162
8164
8166
8168
8171
8173
8173
8175
8175
8177
8181
8181
8182
8182
8183
8184
8188
8188
8188
8191
8192
8194
8194
8194
8194
8195
8196
8197
8197
8199
8199
8200
8201
8201
8201
8202
8203
8205
8205
8205
8205
8205
8206
8207
8208
8208
8210
8211
8211
8212
8213
8214
8215
8215
8215
8216
8217
8217
8218
8219
8219
8222
8224
8224
8225
8225
8226
8229
8230
8231
8232
8232
8233
8234
8237
8237
8238
8238
8239
8239
8239
8240
8240
8240
8241
8242
8242
8245
8246
8247
8249
8250
8250
8252
8252
8253
8255
8256
8256
8258
8259
8260
8261
8261
8261
8265
8265
8265
8265
8266
8266
8267
8267
8268
8270
8270
8272
8272
8273
8274
8274
8274
8275
8277
8277
8279
8284
8285
8286
8288
8289
8291
8291
8291
8293
8294
8295
8295
8296
8296
8296
8296
8297
8297
8298
8298
8299
8301
8302
8302
8302
8304
8305
8306
8307
8307
8308
8308
8310
8312
8312
8314
8315
8315
8317
8318
8319
8321
8322
8323
8324
8325
8325
8326
8327
8327
8328
8329
8330
8331
8332
8332
8333
8333
8334
8335
8336
8338
8338
8338
8340
8340
8341
8342
8342
8342
8344
8346
8348
8349
8349
8349
8349
8349
8350
8350
8352
8352
8353
8353
8353
8356
8357
8358
8360
8361
8362
8362
8363
8364
8364
8364
8364
8365
8366
8366
8367
8369
8369
8369
8370
8371
8371
8371
8373
8376
8379
8380
8381
8383
8384
8384
8386
8387
8387
8388
8389
8390
8390
8391
8394
8395
8399
8400
8401
8402
8403
8404
8404
8404
8407
8409
8409
8411
8411
8411
8412
8412
8414
8416
8416
8417
8417
8417
8417
8418
8421
8422
8423
8423
8423
8424
8424
8426
8428
8431
8434
8435
8436
8437
8437
8438
8438
8442
8443
8445
8445
8445
8446
8446
8448
8449
8449
8450
8451
8454
8456
8460
8460
8461
8462
8462
8463
8464
8466
8467
8467
8470
8472
8473
8473
8473
8474
8477
8477
8477
8478
8479
8480
8481
8481
8483
8484
8484
8485
8486
8486
8486
8487
8487
8487
8488
8488
8490
8492
8492
8493
8493
8494
8495
8496
8497
8500
8500
8502
8503
8503
8504
8504
8504
8504
8505
8506
8506
8509
8510
8512
8512
8513
8513
8515
8515
8517
8518
8519
8519
8520
8521
8521
8521
8523
8526
8527
8527
8527
8528
8528
8529
8529
8529
8531
8531
8531
8532
8533
8536
8538
8539
8540
8541
8542
8545
8547
8547
8549
8551
8553
8553
8553
8554
8555
8556
8556
8556
8558
8558
8558
8559
8562
8563
8564
8567
8569
8570
8570
8571
8571
8577
8577
8578
8579
8580
8580
8580
8581
8581
8584
8585
8588
8590
8592
8592
8593
8593
8594
8596
8597
8600
8601
8601
8604
8606
8608
8609
8610
8611
8611
8612
8612
8613
8614
8614
8614
8615
8615
8617
8617
8617
8618
8620
8621
8621
8622
8625
8627
8629
8629
8632
8633
8633
8633
8634
8634
8636
8636
8637
8638
8639
8639
8641
8641
8642
8643
8643
8645
8646
8648
8653
8654
8654
8655
8655
8656
8657
8657
8657
8659
8659
8660
8663
8664
8664
8666
8666
8668
8674
8678
8679
8680
8683
8684
8684
8686
8686
8686
8688
8690
8691
8691
8696
8696
8696
8698
8701
8702
8705
8706
8707
8707
8708
8708
8709
8709
8711
8713
8713
8715
8715
8715
8716
8717
8717
8717
8721
8725
8726
8726
8726
8726
8727
8727
8727
8730
8732
8734
8734
8737
8737
8738
8739
8739
8739
8739
8739
8739
8740
8740
8740
8741
8746
8752
8753
8755
8756
8756
8760
8761
8762
8765
8766
8767
8768
8768
8769
8770
8772
8773
8774
8774
8774
8775
8777
8777
8778
8779
8779
8779
8779
8782
8784
8784
8786
8786
8786
8788
8792
8793
8794
8794
8795
8798
8800
8801
8801
8803
8804
8807
8807
8809
8810
8810
8810
8811
8811
8812
8813
8816
8816
8819
8822
8823
8823
8824
8825
8825
8826
8827
8828
8830
8830
8830
8831
8831
8832
8833
8833
8834
8834
8834
8835
8837
8840
8841
8841
8842
8848
8848
8849
8851
8851
8855
8855
8857
8859
8859
8861
8861
8863
8864
8865
8866
8866
8866
8867
8868
8868
8868
8869
8870
8870
8871
8872
8876
8879
8882
8882
8885
8885
8885
8886
8887
8887
8887
8888
8888
8890
8890
8891
8892
8892
8894
8895
8895
8895
8896
8899
8900
8908
8909
8910
8910
8911
8912
8913
8914
8914
8914
8915
8917
8918
8919
8920
8922
8923
8923
8926
8926
8929
8931
8932
8933
8935
8937
8937
8938
8940
8941
8944
8946
8947
8947
8948
8948
8948
8949
8949
8949
8950
8951
8953
8953
8953
8954
8958
8958
8962
8963
8963
8963
8964
8964
8964
8968
8968
8969
8970
8971
8972
8975
8976
8982
8984
8985
8988
8990
8990
8996
8996
8997
8998
8998
8998
8998
8999
8999
8999
8999
9000
9000
9001
9002
9003
9003
9003
9004
9004
9004
9005
9007
9008
9008
9009
9011
9014
9014
9015
9016
9017
9017
9019
9020
9024
9024
9026
9026
9026
9028
9029
9031
9032
9032
9032
9034
9034
9035
9036
9039
9040
9041
9042
9045
9046
9048
9049
9049
9051
9051
9052
9053
9056
9056
9056
9057
9058
9058
9061
9062
9065
9065
9067
9068
9068
9069
9069
9072
9074
9075
9075
9076
9076
9077
9077
9081
9081
9081
9081
9083
9083
9084
9084
9088
9089
9091
9091
9091
9091
9092
9093
9093
9097
9098
9099
9099
9100
9101
9102
9102
9103
9104
9104
9106
9110
9110
9110
9112
9112
9114
9114
9115
9115
9116
9117
9118
9121
9122
9122
9122
9125
9125
9125
9126
9126
9130
9131
9132
9133
9134
9136
9137
9137
9138
9140
9141
9143
9144
9144
9147
9147
9147
9148
9151
9152
9152
9154
9154
9155
9155
9157
9158
9159
9160
9160
9160
9160
9161
9163
9163
9164
9165
9165
9165
9166
9166
9166
9167
9173
9173
9174
9175
9175
9177
9179
9180
9181
9183
9183
9183
9185
9186
9187
9187
9187
9188
9190
9191
9191
9192
9193
9193
9194
9197
9198
9201
9202
9205
9205
9206
9206
9208
9209
9209
9209
9210
9211
9212
9212
9214
9215
9216
9220
9220
9220
9223
9224
9224
9224
9226
9226
9226
9229
9232
9235
9237
9237
9237
9238
9240
9241
9242
9244
9245
9248
9249
9251
9252
9253
9253
9253
9257
9259
9260
9260
9261
9262
9262
9262
9264
9264
9264
9265
9266
9266
9267
9268
9269
9270
9270
9272
9272
9274
9276
9279
9280
9280
9281
9281
9281
9285
9291
9292
9293
9294
9294
9295
9296
9296
9296
9296
9298
9299
9300
9300
9301
9302
9305
9305
9307
9307
9307
9310
9310
9311
9311
9312
9315
9316
9318
9318
9319
9319
9319
9319
9319
9320
9322
9323
9324
9324
9324
9325
9327
9328
9329
9330
9330
9332
9332
9332
9333
9334
9334
9334
9334
9334
9336
9337
9339
9339
9340
9341
9341
9343
9343
9345
9346
9347
9349
9349
9350
9350
9350
9353
9356
9356
9357
9357
9358
9358
9358
9358
9358
9358
9358
9359
9359
9359
9360
9361
9361
9365
9365
9366
9366
9367
9367
9367
9368
9368
9370
9371
9372
9373
9373
9375
9376
9377
9377
9378
9378
9378
9378
9382
9382
9383
9385
9387
9388
9388
9388
9388
9389
9390
9391
9392
9392
9393
9393
9397
9400
9400
9403
9404
9404
9405
9406
9410
9410
9410
9411
9411
9411
9412
9412
9412
9413
9414
9415
9416
9418
9419
9419
9419
9420
9420
9420
9420
9420
9421
9422
9422
9424
9425
9427
9428
9429
9430
9430
9430
9431
9433
9433
9435
9436
9436
9437
9439
9439
9440
9441
9441
9442
9443
9443
9444
9446
9447
9447
9451
9454
9455
9455
9455
9457
9457
9458
9459
9461
9463
9463
9463
9464
9468
9473
9473
9473
9473
9473
9474
9474
9474
9478
9478
9479
9479
9480
9480
9482
9483
9484
9484
9485
9489
9490
9492
9493
9495
9497
9498
9500
9502
9503
9505
9505
9507
9507
9507
9507
9510
9510
9511
9511
9511
9512
9516
9516
9516
9518
9518
9519
9523
9526
9527
9529
9529
9530
9530
9533
9533
9533
9536
9536
9537
9538
9538
9541
9542
9546
9547
9547
9548
9549
9551
9551
9551
9552
9554
9554
9555
9555
9556
9556
9557
9557
9558
9559
9559
9561
9561
9561
9562
9565
9567
9567
9567
9569
9571
9571
9576
9577
9577
9577
9578
9579
9579
9580
9582
9582
9583
9584
9587
9587
9588
9588
9589
9589
9590
9590
9591
9594
9598
9600
9600
9602
9603
9604
9604
9604
9605
9605
9606
9607
9609
9610
9610
9611
9612
9612
9613
9615
9617
9626
9627
9627
9628
9628
9628
9629
9632
9632
9635
9636
9636
9639
9640
9640
9646
9647
9650
9652
9653
9653
9653
9655
9655
9656
9656
9656
9656
9656
9657
9658
9660
9662
9663
9664
9664
9665
9666
9667
9668
9670
9672
9673
9673
9675
9676
9677
9678
9678
9678
9680
9680
9681
9685
9685
9687
9688
9691
9691
9692
9693
9698
9699
9700
9702
9703
9703
9704
9706
9706
9709
9710
9710
9712
9712
9713
9713
9713
9713
9713
9715
9716
9718
9718
9718
9719
9719
9721
9722
9722
9724
9724
9724
9726
9726
9727
9727
9729
9730
9731
9734
9736
9737
9738
9739
9741
9742
9746
9746
9747
9751
9752
9756
9757
9760
9761
9761
9763
9766
9766
9766
9768
9768
9769
9770
9770
9771
9773
9773
9774
9778
9781
9784
9784
9785
9786
9786
9786
9788
9788
9789
9790
9790
9791
9793
9793
9793
9795
9795
9796
9796
9799
9800
9800
9803
9804
9806
9808
9808
9809
9814
9815
9815
9816
9818
9818
9818
9820
9821
9821
9823
9824
9827
9831
9831
9832
9833
9833
9833
9833
9834
9834
9834
9834
9836
9836
9836
9837
9837
9838
9838
9838
9840
9840
9840
9840
9841
9842
9844
9844
9846
9846
9847
9850
9851
9851
9851
9853
9854
9854
9855
9856
9857
9859
9859
9862
9862
9863
9864
9865
9869
9874
9876
9877
9878
9879
9881
9882
9882
9886
9886
9887
9887
9887
9889
9891
9891
9893
9895
9896
9897
9897
9898
9899
9900
9900
9904
9905
9906
9906
9906
9906
9908
9908
9910
9910
9910
9912
9912
9913
9914
9914
9916
9918
9918
9919
9919
9920
9921
9921
9924
9925
9925
9926
9927
9928
9928
9929
9929
9930
9932
9933
9933
9933
9934
9935
9935
9937
9938
9939
9941
9942
9942
9943
9944
9946
9947
9948
9949
9949
9949
9950
9953
9954
9954
9954
9958
9958
9960
9962
9962
9963
9964
9965
9965
9969
9970
9970
9971
9972
9973
9973
9974
9975
9975
9977
9981
9982
9983
9983
9983
9985
9986
9986
9988
9988
9988
9988
9990
9990
9990
9990
9990
9993
9995
9996
9997
9997
9999
9999
