-9993
-9991
-9990
-9987
-9966
-9956
-9945
-9943
-9942
-9930
-9926
-9923
-9898
-9890
-9882
-9882
-9881
-9868
-9856
-9849
-9838
-9833
-9833
-9832
-9825
-9825
-9824
-9809
-9804
-9800
-9788
-9785
-9781
-9776
-9770
-9768
-9765
-9763
-9756
-9754
-9753
-9750
-9747
-9746
-9745
-9745
-9741
-9741
-9740
-9733
-9731
-9729
-9726
-9722
-9719
-9715
-9714
-9708
-9704
-9703
-9698
-9697
-9691
-9690
-9687
-9679
-9665
-9663
-9661
-9660
-9655
-9648
-9640
-9624
-9620
-9618
-9616
-9614
-9613
-9607
-9601
-9592
-9587
-9577
-9573
-9568
-9549
-9542
-9539
-9535
-9513
-9511
-9511
-9508
-9491
-9490
-9490
-9489
-9480
-9478
-9477
-9474
-9473
-9471
-9470
-9465
-9464
-9460
-9458
-9457
-9453
-9449
-9444
-9444
-9437
-9436
-9432
-9430
-9427
-9427
-9426
-9422
-9417
-9414
-9408
-9407
-9395
-9394
-9389
-9385
-9384
-9380
-9374
-9374
-9372
-9363
-9350
-9349
-9349
-9348
-9342
-9341
-9338
-9336
-9326
-9322
-9320
-9304
-9303
-9300
-9299
-9295
-9292
-9290
-9287
-9272
-9261
-9242
-9237
-9233
-9229
-9223
-9223
-9222
-9221
-9220
-9209
-9201
-9199
-9196
-9194
-9191
-9191
-9187
-9186
-9184
-9177
-9173
-9173
-9161
-9158
-9156
-9150
-9149
-9148
-9146
-9143
-9141
-9141
-9140
-9140
-9137
-9134
-9130
-9129
-9124
-9119
-9116
-9115
-9115
-9114
-9103
-9100
-9098
-9097
-9095
-9093
-9080
-9074
-9073
-9071
-9067
-9061
-9060
-9060
-9058
-9057
-9023
-9022
-9015
-9015
-9006
-9002
-9002
-9001
-8995
-8995
-8985
-8983
-8981
-8976
-8969
-8962
-8962
-8959
-8956
-8953
-8941
-8935
-8934
-8932
-8932
-8930
-8929
-8920
-8907
-8897
-8896
-8894
-8894
-8894
-8887
-8877
-8876
-8875
-8869
-8862
-8859
-8859
-8857
-8846
-8838
-8838
-8838
-8836
-8835
-8833
-8830
-8824
-8820
-8817
-8814
-8799
-8798
-8796
-8786
-8784
-8767
-8744
-8738
-8731
-8729
-8719
-8719
-8716
-8710
-8709
-8699
-8699
-8697
-8685
-8679
-8676
-8675
-8669
-8668
-8647
-8642
-8639
-8637
-8636
-8634
-8622
-8621
-8610
-8606
-8602
-8599
-8596
-8588
-8577
-8575
-8569
-8566
-8564
-8562
-8557
-8556
-8543
-8541
-8533
-8533
-8532
-8524
-8522
-8520
-8517
-8513
-8508
-8506
-8505
-8504
-8503
-8496
-8492
-8478
-8471
-8467
-8465
-8459
-8453
-8443
-8434
-8433
-8430
-8422
-8421
-8421
-8401
-8398
-8393
-8388
-8383
-8377
-8374
-8367
-8361
-8361
-8358
-8355
-8355
-8343
-8339
-8335
-8324
-8318
-8313
-8299
-8293
-8284
-8275
-8270
-8270
-8266
-8256
-8251
-8244
-8243
-8241
-8239
-8234
-8229
-8225
-8203
-8190
-8172
-8169
-8168
-8162
-8162
-8159
-8157
-8156
-8148
-8135
-8131
-8130
-8124
-8122
-8113
-8109
-8107
-8097
-8088
-8086
-8081
-8075
-8075
-8072
-8063
-8061
-8054
-8046
-8037
-8037
-8033
-8032
-8031
-8029
-8021
-8013
-8011
-8010
-8008
-8005
-8002
-7989
-7989
-7983
-7973
-7970
-7967
-7966
-7961
-7952
-7947
-7946
-7943
-7940
-7937
-7934
-7930
-7927
-7917
-7917
-7905
-7905
-7902
-7880
-7870
-7859
-7849
-7849
-7837
-7827
-7820
-7820
-7813
-7811
-7808
-7803
-7802
-7800
-7792
-7785
-7777
-7775
-7773
-7771
-7762
-7761
-7754
-7748
-7738
-7736
-7732
-7731
-7729
-7717
-7713
-7709
-7709
-7707
-7701
-7697
-7692
-7691
-7690
-7689
-7687
-7674
-7658
-7657
-7655
-7651
-7649
-7647
-7646
-7646
-7639
-7635
-7630
-7628
-7625
-7619
-7609
-7601
-7594
-7593
-7591
-7570
-7569
-7568
-7561
-7557
-7557
-7541
-7540
-7536
-7533
-7527
-7526
-7525
-7520
-7520
-7510
-7508
-7495
-7493
-7486
-7477
-7470
-7464
-7464
-7464
-7454
-7453
-7452
-7450
-7446
-7441
-7439
-7436
-7434
-7432
-7423
-7420
-7415
-7414
-7411
-7397
-7396
-7394
-7392
-7385
-7384
-7381
-7381
-7379
-7375
-7371
-7369
-7362
-7356
-7355
-7355
-7354
-7353
-7343
-7342
-7341
-7338
-7329
-7327
-7318
-7317
-7315
-7314
-7309
-7300
-7299
-7296
-7294
-7281
-7280
-7277
-7276
-7268
-7263
-7261
-7260
-7259
-7256
-7255
-7252
-7243
-7240
-7238
-7233
-7232
-7229
-7228
-7208
-7191
-7188
-7173
-7172
-7172
-7170
-7164
-7163
-7161
-7157
-7146
-7142
-7137
-7136
-7133
-7121
-7117
-7114
-7113
-7106
-7104
-7098
-7096
-7086
-7078
-7074
-7072
-7070
-7059
-7059
-7057
-7051
-7040
-7039
-7035
-7032
-7031
-7026
-7024
-7023
-7019
-7010
-7000
-6999
-6996
-6988
-6986
-6980
-6974
-6974
-6969
-6969
-6958
-6954
-6951
-6950
-6946
-6944
-6919
-6916
-6916
-6911
-6908
-6895
-6892
-6890
-6887
-6886
-6877
-6866
-6855
-6850
-6848
-6840
-6839
-6832
-6830
-6824
-6821
-6798
-6798
-6796
-6796
-6788
-6774
-6771
-6761
-6761
-6754
-6749
-6743
-6742
-6741
-6736
-6727
-6726
-6718
-6714
-6704
-6702
-6699
-6694
-6694
-6693
-6692
-6685
-6683
-6666
-6665
-6646
-6640
-6639
-6637
-6637
-6636
-6635
-6635
-6625
-6621
-6609
-6606
-6602
-6598
-6595
-6588
-6585
-6577
-6576
-6570
-6565
-6564
-6563
-6555
-6540
-6529
-6525
-6523
-6518
-6517
-6517
-6515
-6513
-6509
-6509
-6508
-6508
-6505
-6502
-6499
-6490
-6489
-6486
-6484
-6483
-6469
-6464
-6463
-6452
-6450
-6449
-6423
-6416
-6416
-6389
-6385
-6372
-6370
-6369
-6366
-6366
-6359
-6357
-6345
-6335
-6332
-6331
-6325
-6323
-6319
-6315
-6308
-6304
-6297
-6297
-6284
-6283
-6278
-6272
-6269
-6267
-6255
-6254
-6251
-6237
-6231
-6227
-6223
-6223
-6217
-6217
-6210
-6207
-6207
-6207
-6204
-6204
-6203
-6201
-6199
-6195
-6194
-6188
-6177
-6171
-6170
-6170
-6168
-6155
-6145
-6134
-6133
-6133
-6133
-6131
-6129
-6125
-6120
-6114
-6111
-6098
-6097
-6095
-6095
-6085
-6084
-6083
-6081
-6076
-6067
-6059
-6056
-6047
-6047
-6032
-6031
-6031
-6019
-6014
-6014
-6004
-5999
-5998
-5989
-5988
-5984
-5984
-5977
-5975
-5969
-5957
-5954
-5953
-5952
-5949
-5944
-5938
-5936
-5935
-5922
-5921
-5919
-5907
-5891
-5891
-5889
-5888
-5883
-5882
-5882
-5881
-5870
-5860
-5858
-5853
-5851
-5842
-5837
-5835
-5828
-5827
-5822
-5816
-5807
-5797
-5784
-5778
-5776
-5769
-5762
-5758
-5749
-5746
-5746
-5744
-5737
-5737
-5730
-5729
-5727
-5723
-5720
-5718
-5710
-5710
-5708
-5705
-5701
-5698
-5692
-5682
-5676
-5675
-5674
-5674
-5671
-5663
-5662
-5645
-5642
-5640
-5621
-5615
-5615
-5611
-5611
-5605
-5605
-5602
-5602
-5595
-5592
-5591
-5589
-5577
-5573
-5570
-5554
-5552
-5546
-5524
-5520
-5518
-5516
-5513
-5511
-5510
-5502
-5498
-5490
-5483
-5481
-5478
-5477
-5476
-5476
-5469
-5462
-5459
-5457
-5454
-5447
-5446
-5444
-5439
-5429
-5428
-5425
-5424
-5413
-5412
-5404
-5403
-5403
-5395
-5391
-5390
-5387
-5374
-5373
-5372
-5372
-5369
-5365
-5361
-5355
-5355
-5353
-5352
-5351
-5347
-5346
-5339
-5335
-5332
-5327
-5318
-5316
-5315
-5311
-5302
-5297
-5291
-5291
-5290
-5283
-5279
-5279
-5269
-5259
-5251
-5244
-5232
-5229
-5218
-5216
-5215
-5204
-5197
-5192
-5188
-5185
-5181
-5181
-5173
-5166
-5164
-5153
-5151
-5132
-5132
-5119
-5118
-5106
-5105
-5102
-5083
-5076
-5073
-5066
-5064
-5062
-5061
-5050
-5040
-5034
-5032
-5022
-5021
-5021
-5019
-5018
-5013
-5013
-5011
-5003
-5001
-4973
-4965
-4961
-4953
-4952
-4949
-4948
-4937
-4935
-4920
-4912
-4910
-4907
-4905
-4895
-4886
-4884
-4870
-4868
-4867
-4866
-4865
-4852
-4851
-4845
-4831
-4824
-4819
-4817
-4817
-4812
-4806
-4804
-4801
-4797
-4782
-4773
-4760
-4759
-4753
-4749
-4749
-4741
-4732
-4730
-4721
-4718
-4718
-4710
-4710
-4698
-4695
-4691
-4687
-4681
-4676
-4674
-4672
-4669
-4646
-4643
-4638
-4628
-4625
-4615
-4613
-4596
-4591
-4587
-4585
-4560
-4547
-4543
-4539
-4538
-4535
-4527
-4521
-4520
-4520
-4513
-4512
-4504
-4504
-4500
-4492
-4492
-4481
-4477
-4471
-4470
-4467
-4465
-4462
-4454
-4438
-4432
-4430
-4430
-4419
-4419
-4418
-4413
-4411
-4395
-4392
-4387
-4385
-4375
-4374
-4369
-4365
-4356
-4355
-4348
-4343
-4339
-4335
-4332
-4332
-4327
-4322
-4318
-4310
-4308
-4304
-4298
-4295
-4295
-4288
-4284
-4276
-4273
-4271
-4260
-4247
-4246
-4242
-4239
-4237
-4237
-4233
-4232
-4217
-4215
-4211
-4210
-4202
-4199
-4198
-4196
-4179
-4174
-4172
-4170
-4163
-4162
-4151
-4151
-4149
-4141
-4138
-4128
-4125
-4124
-4121
-4120
-4118
-4111
-4101
-4099
-4088
-4069
-4055
-4051
-4043
-4037
-4036
-4036
-4031
-4024
-4020
-4017
-4011
-4000
-3996
-3979
-3977
-3975
-3955
-3955
-3952
-3944
-3940
-3939
-3934
-3933
-3930
-3926
-3924
-3924
-3922
-3920
-3918
-3916
-3915
-3914
-3913
-3911
-3909
-3896
-3890
-3890
-3873
-3872
-3870
-3869
-3869
-3866
-3859
-3858
-3854
-3854
-3851
-3843
-3837
-3836
-3827
-3818
-3817
-3814
-3810
-3810
-3809
-3798
-3793
-3790
-3772
-3764
-3762
-3761
-3758
-3757
-3755
-3752
-3738
-3721
-3718
-3705
-3703
-3698
-3698
-3697
-3697
-3691
-3690
-3690
-3687
-3683
-3678
-3676
-3671
-3667
-3667
-3663
-3656
-3655
-3645
-3635
-3629
-3624
-3616
-3615
-3586
-3583
-3583
-3582
-3578
-3573
-3570
-3568
-3567
-3567
-3555
-3554
-3550
-3549
-3549
-3537
-3529
-3512
-3507
-3504
-3504
-3500
-3490
-3486
-3484
-3478
-3468
-3463
-3459
-3459
-3458
-3456
-3453
-3451
-3450
-3445
-3444
-3443
-3440
-3434
-3434
-3433
-3433
-3433
-3432
-3420
-3420
-3418
-3408
-3407
-3405
-3396
-3396
-3379
-3372
-3368
-3364
-3355
-3346
-3346
-3328
-3328
-3328
-3325
-3321
-3321
-3319
-3317
-3311
-3300
-3291
-3278
-3277
-3275
-3274
-3271
-3263
-3259
-3256
-3254
-3248
-3244
-3243
-3243
-3238
-3234
-3230
-3224
-3223
-3222
-3221
-3203
-3196
-3196
-3193
-3192
-3184
-3180
-3172
-3171
-3161
-3160
-3145
-3135
-3129
-3129
-3128
-3123
-3121
-3097
-3089
-3086
-3075
-3067
-3064
-3062
-3057
-3051
-3048
-3043
-3039
-3031
-3029
-3028
-3016
-3014
-3000
-3000
-3000
-2998
-2988
-2987
-2986
-2980
-2970
-2963
-2950
-2949
-2944
-2934
-2917
-2910
-2907
-2906
-2901
-2897
-2897
-2897
-2896
-2896
-2886
-2883
-2875
-2874
-2861
-2859
-2858
-2854
-2850
-2845
-2836
-2836
-2833
-2831
-2829
-2826
-2824
-2818
-2817
-2814
-2811
-2807
-2801
-2796
-2796
-2788
-2781
-2779
-2771
-2745
-2742
-2738
-2736
-2735
-2728
-2726
-2724
-2723
-2722
-2717
-2717
-2715
-2705
-2698
-2696
-2693
-2691
-2690
-2681
-2681
-2681
-2680
-2678
-2672
-2664
-2660
-2655
-2651
-2651
-2642
-2640
-2640
-2639
-2638
-2627
-2626
-2618
-2614
-2600
-2596
-2595
-2590
-2589
-2577
-2575
-2570
-2566
-2564
-2562
-2561
-2554
-2546
-2545
-2535
-2528
-2527
-2524
-2524
-2514
-2511
-2509
-2505
-2504
-2500
-2496
-2495
-2489
-2488
-2482
-2468
-2464
-2460
-2458
-2456
-2456
-2453
-2452
-2451
-2451
-2444
-2440
-2438
-2431
-2426
-2425
-2401
-2400
-2396
-2393
-2389
-2388
-2386
-2386
-2384
-2359
-2354
-2350
-2350
-2335
-2328
-2326
-2320
-2317
-2311
-2302
-2301
-2296
-2279
-2274
-2263
-2262
-2260
-2259
-2257
-2256
-2256
-2255
-2245
-2238
-2235
-2229
-2225
-2224
-2221
-2218
-2211
-2199
-2197
-2194
-2191
-2191
-2186
-2186
-2184
-2182
-2182
-2182
-2176
-2171
-2170
-2170
-2158
-2156
-2151
-2139
-2133
-2132
-2130
-2119
-2118
-2115
-2110
-2104
-2089
-2072
-2065
-2064
-2057
-2054
-2048
-2043
-2042
-2040
-2036
-2030
-2025
-2017
-2011
-2010
-2010
-1998
-1994
-1991
-1971
-1957
-1955
-1953
-1950
-1924
-1918
-1914
-1902
-1894
-1891
-1887
-1880
-1876
-1867
-1858
-1845
-1839
-1834
-1832
-1829
-1817
-1801
-1797
-1796
-1787
-1782
-1781
-1780
-1780
-1780
-1779
-1779
-1777
-1776
-1775
-1761
-1756
-1751
-1749
-1748
-1745
-1740
-1732
-1731
-1708
-1708
-1707
-1695
-1694
-1691
-1687
-1685
-1685
-1677
-1669
-1667
-1664
-1658
-1653
-1646
-1637
-1634
-1628
-1623
-1620
-1617
-1611
-1601
-1593
-1574
-1563
-1556
-1553
-1552
-1549
-1545
-1543
-1537
-1535
-1533
-1528
-1528
-1527
-1522
-1519
-1519
-1516
-1511
-1506
-1496
-1483
-1481
-1477
-1474
-1464
-1459
-1456
-1445
-1445
-1427
-1423
-1414
-1414
-1412
-1411
-1410
-1406
-1405
-1384
-1374
-1369
-1368
-1367
-1365
-1356
-1356
-1352
-1347
-1336
-1336
-1327
-1324
-1320
-1319
-1319
-1315
-1310
-1291
-1291
-1290
-1285
-1285
-1281
-1281
-1276
-1275
-1266
-1261
-1259
-1251
-1248
-1245
-1242
-1238
-1237
-1227
-1216
-1214
-1212
-1210
-1196
-1195
-1184
-1180
-1178
-1172
-1168
-1166
-1152
-1150
-1149
-1145
-1143
-1133
-1127
-1114
-1111
-1108
-1105
-1105
-1104
-1104
-1103
-1099
-1091
-1089
-1089
-1065
-1064
-1053
-1051
-1050
-1050
-1050
-1044
-1039
-1037
-1036
-1030
-1027
-1025
-1024
-1019
-1013
-1009
-1001
-996
-996
-991
-989
-986
-986
-980
-978
-972
-965
-965
-961
-944
-940
-939
-938
-928
-926
-915
-908
-905
-902
-900
-889
-888
-883
-880
-875
-866
-864
-853
-852
-846
-840
-834
-830
-829
-829
-828
-828
-822
-818
-814
-798
-787
-785
-782
-777
-775
-773
-773
-770
-758
-753
-750
-749
-747
-746
-741
-738
-733
-731
-729
-728
-726
-725
-723
-722
-722
-719
-714
-708
-704
-703
-702
-702
-698
-684
-681
-674
-657
-652
-638
-636
-631
-631
-629
-628
-626
-618
-617
-609
-606
-593
-593
-588
-585
-571
-568
-568
-567
-560
-545
-543
-537
-537
-535
-531
-522
-516
-507
-503
-501
-494
-483
-482
-482
-476
-474
-473
-465
-463
-459
-455
-453
-434
-431
-429
-422
-421
-409
-404
-400
-397
-395
-392
-391
-386
-385
-372
-371
-367
-358
-356
-356
-351
-350
-349
-347
-344
-343
-341
-339
-336
-331
-329
-327
-327
-323
-323
-307
-303
-297
-294
-290
-281
-280
-278
-269
-267
-266
-264
-264
-255
-243
-242
-239
-238
-233
-228
-220
-211
-204
-200
-192
-185
-176
-173
-170
-170
-167
-166
-165
-155
-152
-133
-124
-123
-121
-115
-115
-107
-107
-106
-95
-82
-73
-65
-62
-62
-55
-53
-53
-46
-36
-32
-29
-27
-25
-21
-15
-6
-5
-2
0
1
11
15
19
21
25
31
31
41
52
53
53
54
58
69
69
70
75
75
76
77
82
91
92
94
94
95
102
106
112
122
126
127
130
136
140
155
163
168
178
188
197
201
201
204
216
227
228
234
235
237
239
242
244
246
250
263
269
285
293
296
307
314
314
315
315
324
330
331
353
355
358
359
361
367
367
376
380
392
397
401
407
420
421
424
425
428
429
433
437
441
442
444
446
449
453
456
457
457
457
463
469
472
472
476
482
489
506
507
510
512
518
530
539
550
555
559
562
584
584
587
588
590
592
593
593
593
596
596
598
603
615
616
626
631
648
653
655
660
661
663
668
674
681
688
690
691
697
697
697
721
725
731
740
742
742
745
754
758
759
767
779
784
784
786
809
810
812
816
821
836
839
844
861
870
872
876
876
877
878
886
886
889
895
907
909
910
911
911
915
917
921
926
928
930
930
937
939
942
943
948
949
955
964
967
971
978
979
984
984
987
988
998
1005
1009
1016
1018
1021
1023
1025
1025
1028
1034
1038
1043
1044
1061
1063
1064
1068
1073
1075
1076
1085
1087
1091
1100
1101
1120
1120
1125
1130
1132
1134
1138
1139
1140
1144
1157
1163
1168
1170
1173
1180
1180
1186
1190
1199
1203
1203
1211
1212
1217
1233
1236
1236
1242
1243
1244
1247
1251
1253
1255
1259
1265
1265
1267
1268
1268
1275
1278
1294
1295
1300
1300
1301
1305
1305
1306
1307
1313
1315
1318
1322
1331
1331
1342
1345
1358
1361
1366
1368
1377
1382
1384
1387
1392
1409
1410
1424
1424
1426
1428
1431
1432
1440
1447
1459
1460
1462
1462
1469
1471
1479
1484
1487
1488
1503
1503
1511
1518
1527
1534
1545
1546
1548
1549
1554
1554
1557
1561
1569
1569
1571
1573
1575
1579
1580
1583
1594
1600
1603
1608
1619
1621
1637
1643
1645
1649
1650
1651
1658
1660
1674
1678
1688
1689
1692
1693
1694
1697
1704
1707
1707
1717
1719
1723
1724
1726
1728
1728
1732
1736
1737
1742
1744
1751
1761
1762
1764
1766
1768
1769
1773
1776
1778
1778
1790
1794
1795
1795
1797
1801
1806
1807
1819
1823
1823
1832
1836
1846
1846
1847
1849
1853
1856
1857
1865
1869
1872
1878
1885
1890
1892
1894
1897
1898
1899
1899
1900
1907
1917
1937
1944
1951
1952
1954
1955
1969
1969
1974
1985
1996
2005
2008
2017
2019
2023
2029
2030
2037
2043
2045
2045
2050
2067
2071
2073
2074
2083
2086
2095
2099
2101
2107
2107
2112
2121
2122
2122
2128
2128
2138
2143
2143
2143
2148
2156
2162
2166
2167
2176
2183
2186
2194
2198
2208
2217
2219
2226
2226
2227
2228
2231
2237
2240
2241
2244
2245
2247
2248
2256
2267
2271
2271
2276
2276
2277
2284
2299
2300
2304
2305
2305
2307
2309
2310
2316
2317
2328
2332
2339
2344
2345
2348
2350
2358
2362
2369
2376
2377
2377
2377
2378
2384
2385
2386
2388
2392
2399
2404
2409
2412
2420
2427
2434
2442
2443
2449
2451
2454
2456
2464
2468
2469
2473
2476
2494
2497
2503
2503
2504
2520
2534
2534
2543
2543
2545
2546
2547
2547
2550
2562
2568
2569
2570
2573
2573
2578
2580
2592
2595
2603
2609
2621
2625
2628
2628
2636
2637
2641
2644
2645
2648
2649
2661
2668
2671
2674
2684
2685
2693
2693
2698
2706
2707
2733
2735
2736
2751
2752
2754
2759
2776
2780
2783
2785
2789
2795
2796
2806
2807
2810
2810
2812
2813
2815
2817
2822
2824
2830
2833
2837
2844
2846
2848
2849
2851
2854
2857
2863
2864
2866
2877
2884
2885
2886
2891
2896
2898
2903
2909
2911
2913
2920
2923
2933
2938
2939
2941
2943
2952
2953
2960
2961
2983
2985
2994
2998
3002
3004
3005
3012
3016
3017
3021
3023
3026
3029
3032
3033
3049
3056
3057
3058
3062
3065
3066
3072
3075
3078
3080
3092
3097
3099
3104
3105
3106
3111
3112
3115
3116
3122
3135
3136
3141
3151
3157
3160
3162
3170
3172
3175
3200
3201
3205
3206
3208
3209
3219
3222
3227
3237
3240
3255
3260
3262
3262
3265
3266
3271
3276
3280
3281
3282
3294
3303
3306
3311
3314
3316
3317
3318
3325
3334
3337
3346
3347
3348
3349
3350
3366
3374
3374
3375
3376
3379
3379
3387
3390
3394
3405
3411
3430
3436
3443
3448
3450
3452
3454
3456
3458
3469
3477
3478
3479
3484
3486
3487
3490
3496
3498
3499
3500
3501
3505
3512
3512
3525
3530
3534
3545
3550
3550
3559
3565
3566
3576
3582
3582
3583
3587
3592
3598
3602
3603
3611
3617
3619
3622
3635
3647
3650
3658
3658
3658
3665
3665
3667
3669
3677
3680
3688
3695
3703
3705
3707
3708
3716
3725
3727
3729
3734
3738
3739
3746
3747
3748
3756
3761
3764
3772
3775
3776
3776
3787
3793
3795
3799
3803
3811
3812
3820
3821
3823
3825
3829
3853
3855
3858
3861
3863
3866
3871
3874
3874
3880
3882
3884
3888
3898
3899
3903
3903
3906
3913
3915
3918
3919
3923
3932
3951
3960
3962
3977
3980
3984
3989
3994
4002
4004
4017
4019
4021
4027
4036
4039
4049
4050
4050
4050
4052
4058
4071
4072
4074
4075
4076
4089
4090
4097
4098
4100
4100
4112
4115
4115
4116
4123
4125
4131
4132
4133
4136
4142
4145
4146
4168
4189
4189
4193
4206
4216
4216
4224
4225
4231
4234
4235
4240
4251
4252
4255
4258
4261
4279
4284
4288
4296
4297
4298
4298
4305
4307
4314
4314
4321
4328
4333
4336
4336
4350
4357
4359
4362
4366
4366
4372
4373
4373
4376
4376
4378
4386
4391
4395
4396
4398
4406
4410
4417
4421
4424
4443
4443
4445
4446
4447
4458
4462
4471
4473
4474
4475
4479
4490
4493
4502
4504
4514
4523
4525
4528
4537
4545
4550
4552
4553
4557
4558
4561
4562
4564
4566
4568
4572
4572
4574
4579
4584
4585
4586
4592
4595
4610
4615
4620
4622
4629
4634
4635
4646
4646
4650
4660
4660
4663
4666
4667
4671
4671
4672
4673
4675
4678
4689
4693
4698
4713
4713
4728
4736
4742
4746
4755
4757
4762
4770
4795
4796
4803
4804
4806
4807
4811
4811
4818
4826
4827
4829
4832
4835
4837
4849
4854
4857
4858
4862
4866
4867
4875
4876
4877
4877
4886
4889
4896
4898
4906
4911
4920
4921
4923
4924
4925
4927
4931
4932
4937
4948
4954
4956
4960
4964
4983
4984
4985
4986
5000
5007
5008
5015
5018
5018
5023
5027
5034
5039
5043
5051
5056
5057
5059
5071
5073
5074
5078
5091
5097
5100
5104
5106
5108
5110
5112
5112
5116
5118
5120
5126
5129
5130
5132
5134
5151
5153
5156
5159
5161
5171
5182
5191
5203
5212
5213
5219
5221
5233
5237
5245
5251
5257
5265
5271
5273
5276
5276
5279
5281
5284
5293
5296
5297
5300
5308
5309
5310
5323
5323
5338
5339
5340
5354
5355
5356
5356
5364
5371
5378
5383
5391
5391
5395
5401
5403
5404
5411
5416
5421
5421
5421
5433
5435
5436
5436
5439
5440
5445
5450
5450
5450
5454
5462
5465
5466
5468
5470
5475
5486
5490
5494
5507
5511
5512
5514
5523
5537
5543
5546
5552
5557
5558
5568
5576
5579
5590
5596
5597
5598
5603
5605
5614
5615
5619
5622
5624
5631
5634
5634
5637
5642
5644
5646
5648
5649
5652
5656
5657
5672
5674
5680
5680
5687
5688
5694
5694
5697
5704
5704
5705
5710
5714
5718
5719
5725
5736
5737
5746
5748
5751
5758
5761
5763
5766
5770
5774
5775
5781
5784
5791
5792
5794
5797
5803
5806
5806
5809
5841
5853
5853
5857
5864
5866
5867
5871
5873
5878
5885
5889
5903
5903
5906
5906
5912
5915
5920
5920
5923
5924
5931
5933
5937
5938
5941
5941
5943
5956
5962
5973
5973
5974
5974
5982
5982
5982
5984
5989
6002
6007
6024
6026
6026
6031
6031
6032
6033
6034
6035
6036
6045
6047
6049
6062
6063
6065
6070
6071
6073
6074
6076
6078
6081
6084
6084
6085
6086
6088
6090
6097
6101
6107
6116
6121
6127
6137
6141
6141
6147
6151
6157
6162
6165
6165
6171
6171
6187
6189
6191
6201
6201
6203
6211
6212
6213
6222
6229
6229
6232
6248
6250
6251
6259
6260
6262
6267
6272
6287
6292
6299
6308
6310
6310
6310
6329
6334
6338
6339
6342
6342
6350
6354
6358
6372
6373
6375
6375
6379
6379
6381
6383
6384
6387
6390
6392
6394
6398
6399
6399
6404
6405
6413
6415
6417
6424
6429
6439
6440
6449
6449
6453
6454
6456
6463
6471
6472
6476
6476
6483
6484
6485
6489
6494
6497
6509
6511
6517
6523
6531
6533
6535
6545
6545
6547
6551
6553
6554
6558
6558
6568
6570
6572
6577
6577
6579
6584
6587
6597
6598
6599
6600
6601
6613
6626
6631
6645
6646
6648
6650
6654
6655
6655
6658
6663
6665
6669
6671
6671
6677
6678
6680
6684
6685
6686
6687
6699
6701
6705
6706
6709
6710
6715
6718
6721
6726
6735
6735
6741
6743
6756
6758
6772
6782
6786
6791
6792
6792
6799
6801
6804
6806
6808
6809
6816
6828
6831
6842
6847
6853
6876
6877
6881
6883
6891
6892
6896
6896
6897
6901
6902
6903
6904
6909
6909
6930
6934
6935
6956
6957
6958
6966
6968
6969
6971
6974
6976
6981
6982
6986
6994
7004
7005
7016
7024
7031
7039
7045
7045
7050
7051
7052
7054
7058
7075
7077
7078
7082
7087
7093
7098
7098
7108
7110
7110
7116
7118
7121
7121
7128
7141
7145
7147
7149
7152
7153
7156
7157
7164
7165
7166
7169
7177
7177
7182
7193
7193
7198
7201
7210
7215
7215
7221
7223
7224
7231
7233
7237
7237
7237
7252
7254
7258
7265
7267
7269
7272
7279
7280
7290
7297
7298
7305
7306
7318
7318
7319
7323
7323
7327
7330
7331
7334
7348
7362
7374
7374
7383
7384
7397
7397
7404
7405
7408
7409
7415
7419
7424
7426
7428
7431
7432
7433
7434
7441
7442
7444
7450
7458
7467
7477
7480
7487
7489
7498
7507
7509
7515
7520
7533
7535
7542
7544
7548
7550
7555
7565
7578
7587
7587
7587
7590
7598
7599
7599
7603
7606
7623
7624
7626
7631
7639
7640
7652
7664
7664
7666
7678
7679
7705
7717
7721
7725
7730
7736
7737
7740
7740
7746
7746
7749
7756
7757
7760
7770
7770
7783
7788
7798
7802
7804
7809
7810
7811
7814
7815
7819
7827
7844
7846
7849
7861
7867
7868
7871
7874
7877
7883
7884
7890
7900
7903
7905
7906
7907
7909
7909
7912
7915
7920
7922
7922
7925
7929
7933
7935
7939
7948
7954
7958
7958
7961
7964
7969
7970
7972
7978
7982
7987
7989
7990
7993
7994
8017
8022
8030
8032
8034
8047
8049
8053
8059
8061
8061
8063
8069
8070
8071
8080
8088
8113
8118
8122
8123
8126
8130
8132
8151
8160
8162
8164
8164
8169
8174
8182
8192
8199
8199
8199
8199
8208
8214
8217
8223
8248
8251
8252
8254
8259
8264
8268
8274
8274
8275
8282
8283
8288
8291
8293
8294
8295
8296
8301
8302
8306
8307
8312
8316
8319
8325
8326
8328
8331
8335
8342
8343
8348
8353
8358
8365
8366
8374
8374
8379
8387
8387
8389
8391
8398
8403
8407
8412
8423
8430
8436
8439
8444
8452
8458
8463
8474
8491
8491
8497
8510
8522
8522
8526
8527
8529
8531
8533
8534
8543
8545
8550
8552
8556
8561
8561
8564
8566
8573
8573
8581
8584
8595
8597
8601
8601
8603
8613
8622
8625
8627
8636
8645
8645
8652
8653
8659
8661
8662
8663
8663
8667
8677
8682
8683
8683
8684
8685
8687
8687
8690
8699
8699
8705
8706
8706
8707
8709
8709
8710
8710
8712
8715
8728
8729
8732
8737
8744
8769
8770
8776
8793
8803
8813
8825
8825
8835
8839
8840
8846
8847
8853
8853
8862
8863
8864
8868
8873
8874
8875
8875
8878
8882
8887
8894
8894
8896
8897
8897
8916
8922
8941
8949
8950
8950
8964
8968
8977
8980
8982
8983
8985
8989
8992
8994
8994
9006
9015
9016
9029
9032
9033
9033
9036
9036
9041
9059
9064
9066
9068
9070
9070
9082
9084
9087
9087
9090
9090
9091
9092
9094
9104
9106
9124
9126
9142
9153
9157
9159
9160
9161
9171
9180
9181
9183
9186
9188
9188
9190
9197
9202
9202
9203
9203
9217
9222
9226
9230
9230
9233
9234
9237
9242
9247
9248
9250
9252
9264
9265
9267
9267
9271
9285
9294
9299
9299
9301
9312
9313
9318
9322
9324
9329
9332
9340
9341
9342
9348
9353
9353
9355
9377
9378
9383
9405
9406
9407
9409
9413
9413
9416
9421
9428
9428
9428
9433
9435
9436
9438
9445
9447
9453
9460
9468
9477
9478
9495
9500
9503
9504
9505
9524
9527
9546
9549
9560
9562
9567
9574
9579
9590
9594
9595
9600
9604
9607
9610
9611
9616
9618
9622
9629
9630
9639
9642
9650
9654
9673
9675
9675
9680
9688
9692
9701
9702
9703
9705
9711
9714
9722
9724
9739
9741
9743
9745
9747
9748
9756
9763
9772
9791
9794
9805
9823
9823
9823
9824
9830
9833
9842
9842
9846
9850
9851
9853
9861
9866
9868
9896
9902
9903
9911
9929
9930
9931
9935
9952
9961
9966
9970
9972
9986
9986
9995
9998
