0
3
7
9
13
13
22
23
45
47
49
53
59
62
64
87
87
91
99
101
112
116
121
126
127
130
136
139
141
144
151
151
157
157
161
163
164
166
167
172
174
187
188
193
204
205
207
220
220
221
223
228
241
245
249
252
252
272
276
280
283
291
299
305
316
319
327
329
332
334
343
344
350
352
352
355
355
364
368
373
377
378
380
383
387
390
393
394
410
410
412
413
418
424
426
430
435
441
446
449
455
456
467
469
472
473
474
478
484
490
490
492
496
497
536
539
540
549
555
556
561
580
580
581
583
585
586
591
598
602
611
616
618
620
622
628
631
641
643
647
651
655
658
661
664
664
671
680
692
698
701
701
706
707
708
718
724
729
730
732
739
761
761
763
770
770
772
778
781
783
784
784
785
787
791
795
801
802
803
805
806
817
821
821
827
838
841
844
848
850
851
856
864
892
894
896
900
901
902
904
915
923
926
932
933
933
938
940
948
954
957
958
959
960
966
967
968
971
972
973
976
977
985
987
988
993
995
995
999
1008
1011
1014
1023
1033
1038
1046
1050
1052
1060
1063
1067
1068
1069
1073
1082
1089
1097
1102
1112
1114
1121
1132
1140
1144
1146
1149
1161
1173
1176
1176
1181
1186
1187
1197
1199
1202
1210
1216
1217
1220
1223
1225
1226
1233
1233
1237
1238
1242
1249
1250
1252
1261
1263
1276
1276
1282
1285
1287
1296
1314
1323
1331
1333
1338
1339
1342
1353
1354
1360
1373
1379
1383
1388
1394
1399
1399
1403
1407
1410
1417
1422
1422
1422
1423
1427
1431
1433
1436
1447
1447
1449
1454
1455
1456
1464
1482
1482
1485
1486
1488
1495
1499
1502
1503
1507
1514
1523
1524
1524
1526
1533
1535
1539
1559
1574
1576
1577
1580
1581
1586
1595
1596
1597
1598
1598
1599
1601
1604
1612
1616
1617
1618
1622
1622
1629
1637
1666
1666
1668
1677
1687
1687
1688
1691
1706
1707
1711
1713
1716
1719
1724
1727
1729
1730
1734
1736
1737
1738
1753
1756
1761
1761
1761
1763
1764
1769
1769
1774
1775
1775
1780
1780
1794
1801
1805
1819
1823
1825
1825
1833
1838
1850
1854
1857
1857
1862
1870
1876
1877
1888
1889
1892
1900
1910
1929
1935
1946
1954
1964
1965
1970
1973
1978
1987
1994
1995
2001
2018
2023
2026
2031
2032
2035
2035
2037
2045
2046
2057
2058
2061
2067
2076
2080
2086
2088
2090
2092
2106
2109
2112
2119
2127
2129
2131
2131
2133
2139
2142
2144
2148
2148
2149
2157
2158
2166
2167
2172
2176
2186
2187
2194
2197
2206
2208
2208
2211
2214
2223
2227
2233
2242
2242
2256
2259
2259
2260
2260
2262
2264
2265
2266
2266
2271
2275
2278
2283
2291
2293
2296
2298
2301
2309
2312
2326
2329
2331
2340
2348
2354
2365
2375
2375
2390
2394
2399
2402
2406
2412
2422
2433
2434
2435
2436
2439
2441
2444
2447
2451
2457
2463
2469
2472
2476
2486
2486
2488
2488
2490
2493
2499
2501
2501
2502
2507
2511
2516
2518
2522
2527
2530
2533
2535
2536
2541
2541
2543
2546
2555
2569
2573
2581
2588
2592
2597
2607
2610
2610
2619
2620
2621
2625
2644
2664
2674
2678
2682
2689
2695
2695
2697
2698
2702
2702
2703
2703
2705
2713
2713
2714
2716
2719
2719
2724
2727
2730
2732
2737
2742
2743
2743
2744
2753
2756
2763
2764
2776
2784
2788
2788
2792
2802
2806
2809
2813
2816
2821
2827
2827
2830
2835
2839
2839
2848
2851
2854
2872
2879
2879
2885
2889
2893
2896
2899
2900
2901
2903
2914
2915
2923
2932
2932
2937
2940
2940
2947
2948
2950
2951
2964
2976
2979
2986
2994
2998
3002
3005
3008
3010
3016
3018
3022
3023
3023
3029
3030
3033
3036
3038
3041
3052
3054
3065
3068
3072
3079
3079
3080
3082
3084
3087
3088
3088
3101
3104
3111
3121
3124
3125
3130
3146
3148
3153
3154
3158
3161
3180
3191
3203
3213
3218
3219
3225
3235
3240
3243
3244
3244
3245
3247
3254
3260
3261
3263
3263
3267
3269
3277
3278
3279
3282
3290
3290
3303
3305
3310
3313
3320
3323
3324
3327
3339
3347
3350
3353
3356
3358
3358
3365
3371
3377
3378
3379
3383
3399
3407
3410
3414
3418
3419
3423
3433
3435
3457
3459
3465
3475
3479
3480
3499
3517
3519
3526
3527
3534
3536
3536
3555
3570
3583
3585
3587
3595
3599
3606
3612
3626
3636
3642
3648
3650
3652
3655
3665
3669
3672
3672
3674
3687
3690
3692
3692
3699
3700
3701
3706
3707
3726
3729
3731
3739
3739
3755
3765
3765
3766
3772
3773
3777
3782
3782
3790
3791
3792
3792
3795
3805
3806
3809
3819
3826
3835
3839
3850
3858
3858
3867
3868
3870
3870
3877
3880
3891
3893
3899
3899
3901
3902
3909
3910
3911
3914
3917
3925
3926
3930
3938
3944
3969
3979
3980
3981
3984
3989
3994
4001
4005
4006
4036
4037
4044
4048
4056
4057
4058
4068
4079
4093
4102
4114
4118
4119
4120
4125
4133
4134
4135
4138
4144
4145
4157
4159
4160
4161
4163
4166
4168
4169
4170
4174
4174
4175
4176
4178
4179
4183
4183
4185
4188
4200
4207
4211
4214
4218
4218
4227
4237
4238
4244
4245
4245
4262
4265
4271
4277
4278
4280
4284
4292
4294
4294
4297
4299
4301
4307
4308
4312
4317
4328
4329
4334
4352
4357
4365
4368
4370
4371
4372
4373
4376
4377
4385
4397
4397
4401
4409
4412
4413
4413
4414
4428
4429
4430
4434
4439
4439
4441
4450
4455
4456
4461
4462
4471
4493
4493
4495
4497
4502
4513
4520
4524
4528
4536
4543
4545
4547
4549
4554
4554
4556
4558
4574
4574
4582
4588
4598
4602
4604
4616
4618
4621
4622
4625
4625
4627
4627
4629
4630
4630
4631
4634
4639
4641
4652
4655
4662
4665
4668
4668
4670
4675
4688
4692
4694
4696
4697
4704
4704
4706
4707
4713
4716
4718
4723
4725
4727
4741
4747
4774
4788
4788
4799
4804
4804
4807
4808
4823
4823
4825
4828
4830
4834
4834
4835
4837
4841
4842
4845
4849
4850
4855
4869
4873
4891
4891
4895
4903
4903
4907
4908
4918
4919
4919
4920
4921
4928
4933
4934
4935
4946
4950
4960
4963
4968
4968
4975
4983
4983
4984
4990
4991
4993
4998
4998
4999
5000
5002
5004
5011
5018
5026
5054
5065
5070
5075
5075
5077
5081
5084
5093
5113
5114
5123
5129
5138
5150
5157
5165
5180
5183
5187
5192
5202
5211
5212
5213
5218
5221
5221
5223
5227
5230
5233
5233
5239
5247
5248
5250
5251
5259
5261
5261
5264
5270
5270
5276
5283
5292
5297
5303
5308
5309
5309
5315
5317
5319
5325
5336
5340
5361
5370
5375
5396
5404
5414
5418
5421
5424
5425
5431
5434
5439
5452
5456
5468
5470
5482
5493
5498
5502
5508
5508
5511
5535
5536
5552
5557
5560
5561
5564
5567
5569
5574
5586
5591
5592
5600
5610
5617
5617
5619
5619
5619
5623
5626
5631
5632
5632
5634
5636
5637
5647
5660
5665
5691
5697
5702
5702
5720
5728
5731
5742
5742
5748
5755
5761
5764
5767
5768
5769
5770
5771
5778
5780
5784
5792
5797
5808
5809
5810
5813
5817
5827
5829
5838
5838
5840
5845
5846
5856
5864
5867
5870
5883
5888
5895
5895
5895
5901
5902
5903
5910
5919
5921
5922
5925
5926
5927
5931
5934
5936
5944
5953
5957
5961
5966
5968
5981
5985
5990
5994
5998
6002
6006
6009
6009
6016
6017
6018
6018
6021
6024
6027
6028
6039
6046
6050
6055
6061
6063
6063
6063
6068
6070
6070
6074
6081
6083
6084
6087
6089
6094
6118
6119
6122
6130
6130
6131
6136
6145
6148
6159
6167
6170
6170
6173
6175
6206
6209
6217
6218
6218
6218
6218
6220
6221
6223
6224
6228
6229
6232
6238
6243
6243
6264
6268
6274
6312
6317
6319
6319
6325
6326
6334
6335
6342
6344
6344
6349
6356
6362
6366
6373
6374
6376
6379
6390
6403
6412
6413
6415
6417
6419
6420
6425
6428
6428
6431
6436
6438
6440
6449
6463
6466
6481
6482
6483
6489
6498
6499
6500
6503
6505
6510
6517
6518
6520
6533
6533
6539
6556
6560
6571
6573
6575
6576
6578
6590
6602
6604
6606
6608
6609
6617
6618
6619
6619
6621
6622
6631
6633
6647
6655
6656
6659
6661
6664
6666
6683
6688
6690
6693
6696
6709
6713
6714
6718
6720
6723
6724
6724
6740
6743
6744
6760
6763
6763
6767
6773
6774
6779
6781
6786
6794
6795
6801
6802
6805
6817
6819
6822
6823
6832
6837
6848
6850
6853
6856
6856
6857
6859
6859
6860
6860
6864
6865
6869
6870
6871
6872
6876
6878
6879
6883
6886
6889
6893
6896
6897
6902
6903
6904
6908
6908
6908
6909
6911
6914
6919
6921
6923
6923
6931
6931
6943
6956
6958
6966
6975
6977
6978
6978
6984
6990
6992
6992
6998
7009
7031
7032
7038
7039
7040
7042
7044
7044
7053
7054
7055
7060
7061
7061
7079
7079
7082
7088
7091
7097
7102
7103
7110
7113
7115
7119
7121
7123
7125
7132
7135
7136
7137
7145
7146
7148
7148
7151
7152
7153
7159
7161
7163
7166
7167
7181
7181
7184
7193
7195
7205
7206
7211
7213
7217
7220
7222
7224
7225
7228
7230
7231
7240
7241
7242
7254
7257
7262
7263
7272
7274
7274
7275
7277
7277
7280
7283
7302
7302
7310
7310
7319
7327
7332
7335
7338
7343
7353
7353
7359
7359
7365
7365
7368
7384
7387
7394
7402
7402
7404
7404
7409
7411
7420
7432
7433
7437
7441
7446
7449
7449
7453
7457
7459
7472
7474
7480
7481
7482
7491
7493
7493
7498
7505
7506
7506
7511
7516
7522
7527
7533
7542
7552
7553
7555
7556
7563
7566
7571
7575
7576
7579
7587
7591
7594
7598
7598
7598
7599
7600
7603
7612
7617
7624
7626
7628
7629
7642
7646
7648
7648
7651
7661
7663
7671
7675
7676
7687
7691
7695
7697
7704
7706
7710
7711
7714
7717
7721
7725
7727
7733
7744
7745
7754
7759
7759
7759
7763
7767
7769
7776
7776
7779
7781
7782
7785
7791
7796
7799
7799
7802
7804
7805
7808
7813
7817
7823
7824
7826
7830
7831
7831
7836
7840
7842
7851
7856
7862
7863
7869
7873
7874
7875
7877
7878
7880
7887
7888
7894
7895
7896
7897
7902
7905
7907
7910
7913
7917
7917
7921
7923
7926
7930
7932
7935
7937
7938
7941
7956
7958
7959
7965
7972
7975
7975
7976
7981
7984
7985
7989
7990
7991
8005
8011
8024
8031
8040
8040
8042
8042
8043
8043
8046
8046
8064
8073
8077
8077
8080
8080
8088
8094
8100
8113
8117
8120
8122
8122
8124
8125
8129
8130
8132
8140
8141
8142
8146
8148
8150
8152
8159
8165
8169
8170
8174
8177
8182
8186
8194
8201
8204
8218
8227
8228
8229
8234
8235
8245
8247
8253
8253
8254
8254
8272
8275
8288
8312
8313
8319
8325
8327
8327
8337
8338
8338
8344
8353
8356
8361
8369
8370
8376
8391
8394
8395
8396
8410
8412
8422
8423
8432
8433
8446
8449
8451
8453
8456
8459
8460
8461
8462
8463
8463
8468
8472
8473
8482
8485
8493
8493
8497
8498
8499
8505
8507
8507
8518
8527
8528
8531
8533
8535
8538
8538
8541
8543
8549
8550
8555
8566
8566
8567
8567
8573
8574
8579
8589
8594
8605
8614
8615
8624
8626
8628
8628
8631
8652
8653
8653
8656
8656
8664
8667
8672
8676
8677
8682
8684
8684
8685
8686
8687
8688
8695
8701
8703
8712
8722
8724
8728
8733
8733
8735
8746
8748
8749
8749
8752
8756
8757
8758
8763
8764
8768
8769
8774
8776
8780
8780
8789
8790
8794
8794
8795
8799
8799
8800
8802
8809
8832
8835
8837
8837
8851
8853
8856
8859
8863
8866
8868
8869
8874
8877
8889
8897
8907
8910
8911
8912
8913
8915
8915
8922
8924
8930
8933
8933
8934
8935
8942
8944
8946
8948
8954
8954
8955
8957
8967
8968
8968
8972
8973
8975
8985
8987
8987
8989
8990
9002
9008
9028
9039
9040
9041
9041
9047
9047
9048
9048
9050
9051
9063
9066
9075
9079
9079
9080
9080
9087
9088
9090
9093
9094
9094
9105
9120
9121
9130
9143
9156
9158
9163
9167
9172
9195
9198
9203
9212
9218
9221
9233
9234
9235
9241
9242
9242
9243
9245
9252
9252
9253
9256
9256
9261
9272
9273
9279
9294
9294
9296
9297
9307
9322
9336
9337
9341
9346
9348
9355
9365
9374
9386
9388
9393
9398
9433
9433
9437
9443
9448
9455
9466
9471
9475
9477
9484
9498
9502
9503
9505
9509
9510
9511
9512
9513
9513
9516
9533
9535
9536
9540
9544
9544
9546
9556
9572
9578
9582
9584
9584
9595
9611
9614
9614
9619
9619
9620
9622
9638
9641
9642
9645
9646
9652
9654
9654
9663
9666
9666
9671
9682
9692
9699
9702
9706
9711
9712
9713
9719
9722
9728
9731
9734
9747
9749
9758
9769
9773
9774
9776
9778
9780
9785
9786
9796
9803
9818
9821
9827
9838
9843
9857
9858
9863
9864
9880
9890
9896
9906
9914
9924
9928
9934
9938
9942
9956
9961
9961
9966
9981
9983
9987
9992
