10000
9999
9996
9996
9992
9990
9987
9986
9985
9985
9978
9974
9972
9967
9966
9964
9957
9956
9956
9955
9954
9953
9949
9949
9947
9947
9945
9937
9936
9932
9929
9926
9925
9925
9922
9916
9910
9909
9907
9907
9905
9901
9892
9892
9888
9887
9879
9877
9876
9871
9849
9843
9843
9841
9838
9835
9833
9833
9831
9828
9827
9827
9819
9818
9806
9803
9795
9792
9790
9787
9783
9782
9781
9776
9762
9762
9761
9760
9758
9758
9753
9753
9749
9747
9746
9744
9741
9740
9739
9737
9734
9732
9729
9727
9723
9719
9717
9717
9715
9713
9704
9698
9694
9692
9692
9689
9687
9671
9671
9669
9661
9656
9651
9648
9646
9645
9636
9636
9632
9629
9623
9622
9620
9619
9613
9612
9607
9605
9604
9597
9597
9596
9595
9590
9590
9588
9585
9569
9566
9559
9558
9557
9556
9555
9555
9553
9549
9547
9543
9541
9534
9530
9530
9527
9522
9519
9513
9510
9503
9500
9495
9491
9489
9488
9486
9480
9477
9476
9474
9473
9471
9469
9467
9458
9454
9453
9450
9446
9446
9431
9425
9424
9415
9413
9410
9397
9395
9392
9390
9386
9382
9380
9372
9368
9368
9365
9357
9347
9343
9343
9340
9337
9333
9333
9324
9322
9313
9311
9311
9301
9299
9298
9296
9295
9292
9282
9273
9272
9270
9268
9268
9262
9251
9251
9247
9243
9233
9233
9228
9221
9212
9209
9209
9208
9205
9203
9201
9197
9196
9193
9188
9188
9188
9184
9184
9181
9177
9172
9166
9162
9153
9148
9146
9137
9137
9134
9133
9129
9128
9126
9126
9126
9122
9120
9117
9110
9109
9106
9099
9091
9088
9078
9075
9067
9064
9064
9060
9054
9045
9042
9037
9037
9033
9031
9026
9016
9015
9014
9009
9006
8989
8986
8981
8977
8968
8965
8957
8955
8953
8943
8939
8934
8932
8931
8931
8931
8929
8928
8927
8919
8916
8912
8909
8900
8886
8885
8879
8877
8875
8874
8856
8854
8853
8852
8852
8849
8847
8842
8838
8838
8834
8830
8825
8825
8824
8820
8817
8813
8799
8788
8787
8780
8775
8772
8762
8757
8743
8741
8739
8733
8733
8727
8727
8725
8719
8718
8717
8716
8716
8709
8705
8704
8696
8693
8691
8688
8680
8676
8674
8670
8670
8668
8668
8665
8664
8663
8663
8654
8647
8646
8646
8645
8644
8643
8642
8640
8640
8638
8633
8633
8628
8628
8626
8625
8624
8612
8610
8605
8591
8577
8574
8573
8572
8571
8570
8569
8561
8559
8557
8555
8554
8554
8549
8546
8546
8537
8531
8530
8523
8517
8517
8509
8504
8493
8492
8491
8490
8487
8475
8473
8468
8464
8461
8460
8460
8453
8453
8448
8447
8428
8427
8421
8420
8415
8414
8410
8407
8404
8403
8401
8399
8398
8395
8385
8382
8378
8374
8363
8359
8357
8357
8352
8350
8349
8348
8346
8346
8340
8339
8338
8332
8329
8327
8323
8320
8318
8310
8303
8293
8284
8279
8279
8274
8268
8266
8264
8263
8262
8257
8256
8254
8254
8253
8253
8250
8249
8241
8236
8225
8224
8220
8216
8210
8195
8193
8188
8182
8180
8174
8174
8174
8174
8171
8167
8167
8159
8155
8153
8153
8152
8152
8148
8147
8134
8133
8122
8122
8119
8118
8116
8113
8107
8106
8095
8089
8086
8078
8077
8069
8067
8067
8056
8047
8038
8034
8029
8028
8024
8017
8017
8017
8016
8013
8012
8011
8011
8008
8004
8000
8000
7998
7992
7990
7987
7978
7972
7970
7970
7963
7963
7957
7936
7935
7935
7934
7931
7930
7926
7926
7914
7911
7911
7904
7902
7900
7899
7894
7894
7891
7886
7882
7873
7872
7871
7866
7855
7855
7854
7848
7848
7847
7843
7838
7833
7830
7824
7816
7810
7809
7806
7800
7800
7795
7794
7792
7789
7781
7774
7770
7768
7767
7765
7762
7759
7757
7750
7750
7746
7743
7743
7741
7738
7738
7733
7733
7727
7720
7717
7717
7714
7703
7701
7700
7698
7698
7695
7693
7690
7689
7685
7680
7680
7679
7679
7675
7669
7659
7659
7648
7643
7637
7628
7621
7614
7596
7594
7591
7589
7581
7580
7575
7571
7546
7542
7536
7533
7522
7515
7514
7504
7502
7499
7499
7491
7489
7484
7484
7482
7476
7470
7468
7466
7465
7460
7458
7458
7450
7450
7449
7449
7448
7445
7445
7440
7438
7434
7431
7430
7430
7429
7425
7421
7421
7403
7403
7401
7399
7392
7386
7385
7384
7381
7380
7372
7368
7366
7363
7360
7360
7359
7358
7348
7344
7342
7340
7340
7337
7328
7318
7313
7308
7308
7303
7299
7293
7293
7293
7287
7287
7285
7284
7279
7270
7269
7266
7263
7261
7258
7255
7233
7228
7223
7221
7218
7213
7210
7208
7206
7204
7202
7198
7183
7165
7163
7162
7161
7161
7159
7150
7147
7146
7144
7144
7140
7138
7135
7134
7131
7130
7127
7123
7122
7121
7117
7103
7095
7091
7090
7083
7076
7074
7066
7062
7061
7044
7042
7038
7035
7034
7033
7030
7019
7012
7012
7012
7011
7004
6995
6993
6989
6986
6982
6982
6982
6973
6971
6971
6966
6964
6954
6950
6948
6939
6935
6924
6920
6918
6917
6915
6911
6906
6906
6905
6902
6898
6898
6895
6894
6892
6882
6880
6880
6876
6871
6861
6857
6855
6854
6843
6838
6835
6819
6817
6813
6808
6806
6804
6803
6802
6801
6798
6795
6794
6784
6783
6782
6782
6778
6772
6771
6767
6759
6758
6755
6754
6754
6753
6751
6748
6745
6741
6741
6740
6734
6733
6733
6732
6727
6723
6712
6706
6702
6697
6691
6691
6677
6672
6672
6670
6669
6669
6668
6667
6667
6662
6658
6657
6657
6656
6651
6646
6643
6642
6637
6630
6626
6620
6614
6611
6606
6602
6598
6597
6596
6595
6594
6584
6580
6571
6569
6565
6560
6559
6557
6554
6552
6539
6535
6533
6528
6521
6517
6511
6508
6503
6500
6497
6493
6492
6485
6485
6485
6482
6482
6478
6475
6470
6469
6469
6462
6461
6458
6455
6447
6445
6444
6443
6442
6420
6412
6410
6406
6404
6386
6385
6385
6378
6378
6377
6377
6374
6372
6366
6366
6355
6350
6349
6349
6347
6344
6340
6339
6335
6331
6329
6323
6311
6309
6309
6306
6305
6303
6300
6297
6289
6286
6285
6283
6279
6275
6272
6272
6269
6267
6267
6266
6266
6263
6260
6259
6258
6257
6254
6253
6250
6236
6225
6222
6219
6215
6215
6214
6212
6206
6205
6202
6200
6195
6187
6182
6173
6165
6164
6161
6160
6159
6153
6152
6151
6151
6138
6138
6131
6122
6114
6108
6105
6102
6100
6098
6097
6095
6086
6080
6075
6075
6074
6071
6071
6070
6069
6067
6066
6066
6064
6060
6058
6053
6051
6049
6047
6035
6035
6029
6027
6021
6020
6019
6015
6013
6011
6010
6006
6005
6004
5996
5996
5991
5989
5984
5984
5977
5974
5968
5963
5959
5954
5952
5951
5951
5949
5944
5943
5940
5921
5917
5912
5910
5908
5903
5903
5900
5900
5898
5885
5882
5876
5876
5872
5867
5867
5866
5863
5863
5861
5861
5851
5841
5840
5837
5834
5831
5830
5828
5823
5818
5816
5816
5815
5809
5808
5807
5805
5800
5795
5793
5789
5781
5778
5777
5772
5770
5750
5746
5745
5743
5734
5733
5733
5732
5730
5726
5722
5722
5713
5713
5712
5705
5703
5692
5686
5684
5682
5679
5679
5677
5660
5656
5655
5653
5651
5650
5650
5646
5644
5643
5641
5639
5638
5635
5635
5628
5625
5622
5613
5609
5607
5604
5598
5597
5587
5586
5582
5582
5578
5576
5575
5571
5569
5561
5550
5548
5546
5542
5538
5536
5534
5532
5530
5520
5517
5514
5507
5501
5495
5487
5486
5483
5483
5482
5482
5476
5469
5457
5457
5451
5447
5443
5442
5441
5441
5436
5426
5424
5421
5417
5417
5416
5413
5412
5411
5407
5407
5404
5402
5399
5395
5392
5388
5379
5376
5373
5371
5369
5366
5361
5361
5355
5354
5351
5349
5347
5345
5340
5339
5336
5336
5335
5333
5317
5310
5308
5297
5293
5284
5281
5279
5279
5277
5271
5264
5259
5251
5246
5240
5239
5235
5234
5233
5221
5220
5218
5216
5209
5203
5202
5202
5199
5197
5196
5191
5190
5190
5190
5185
5184
5177
5175
5172
5169
5169
5167
5159
5155
5149
5146
5134
5123
5123
5122
5119
5113
5112
5109
5106
5104
5103
5099
5094
5091
5089
5088
5087
5086
5084
5084
5081
5080
5075
5073
5072
5071
5070
5061
5055
5046
5044
5043
5043
5042
5041
5039
5038
5034
5034
5027
5026
5026
5023
5023
5023
5023
5018
5015
5014
5002
4999
4999
4995
4993
4991
4990
4988
4986
4964
4957
4952
4948
4944
4940
4934
4932
4912
4911
4909
4906
4904
4899
4898
4894
4884
4872
4872
4871
4867
4832
4828
4816
4816
4814
4811
4808
4806
4806
4804
4794
4791
4785
4785
4781
4778
4772
4770
4769
4769
4766
4761
4757
4754
4753
4753
4744
4738
4732
4731
4723
4696
4695
4692
4684
4680
4679
4671
4666
4665
4660
4646
4645
4644
4632
4628
4627
4625
4624
4620
4607
4607
4602
4600
4595
4582
4582
4579
4579
4571
4567
4564
4556
4556
4555
4555
4544
4543
4540
4533
4529
4525
4520
4519
4510
4505
4505
4505
4502
4500
4495
4492
4488
4488
4482
4480
4478
4477
4474
4474
4473
4472
4461
4455
4454
4452
4450
4450
4444
4433
4433
4427
4426
4424
4421
4420
4418
4412
4408
4408
4406
4405
4404
4397
4392
4390
4386
4379
4378
4374
4368
4362
4350
4344
4331
4322
4321
4320
4318
4310
4297
4296
4293
4291
4288
4288
4282
4281
4275
4254
4254
4254
4253
4251
4243
4240
4227
4226
4225
4223
4222
4221
4221
4217
4215
4211
4204
4203
4198
4197
4196
4194
4192
4191
4189
4187
4185
4184
4184
4183
4181
4172
4172
4169
4169
4162
4161
4155
4152
4151
4151
4148
4148
4147
4140
4135
4132
4129
4122
4118
4113
4109
4106
4104
4091
4089
4085
4083
4082
4076
4074
4073
4068
4063
4061
4059
4056
4053
4053
4051
4045
4041
4037
4033
4029
4020
4010
4007
4001
3999
3995
3994
3993
3992
3991
3990
3986
3984
3984
3984
3981
3976
3973
3971
3969
3969
3961
3960
3957
3943
3941
3927
3924
3923
3921
3921
3919
3916
3911
3910
3897
3895
3895
3891
3888
3884
3868
3856
3855
3853
3850
3849
3847
3845
3844
3840
3831
3822
3818
3817
3805
3787
3785
3784
3783
3779
3774
3770
3766
3753
3752
3745
3735
3734
3732
3729
3728
3723
3723
3715
3714
3714
3712
3711
3707
3696
3695
3694
3692
3691
3688
3685
3685
3680
3678
3677
3677
3674
3674
3668
3656
3654
3653
3652
3651
3648
3646
3644
3626
3624
3603
3599
3592
3591
3590
3590
3578
3573
3572
3571
3570
3566
3547
3539
3534
3524
3523
3521
3520
3507
3498
3490
3488
3482
3482
3478
3478
3474
3469
3469
3468
3466
3461
3452
3449
3447
3441
3438
3432
3431
3424
3420
3417
3417
3416
3413
3412
3411
3400
3398
3398
3394
3388
3379
3374
3372
3366
3366
3366
3366
3357
3356
3353
3346
3339
3334
3332
3318
3316
3300
3299
3299
3294
3284
3282
3279
3278
3275
3265
3263
3259
3258
3257
3255
3252
3248
3239
3234
3233
3228
3226
3225
3224
3219
3218
3218
3216
3212
3209
3208
3203
3202
3196
3193
3191
3189
3184
3177
3173
3172
3169
3167
3164
3159
3156
3141
3134
3129
3128
3125
3112
3108
3106
3104
3104
3098
3098
3097
3093
3087
3086
3082
3080
3077
3071
3065
3064
3061
3060
3060
3058
3051
3051
3045
3045
3036
3035
3033
3031
3018
3014
3011
3008
3004
3003
3003
2991
2986
2981
2979
2978
2978
2973
2972
2965
2962
2962
2954
2949
2948
2947
2939
2935
2925
2924
2919
2919
2918
2916
2915
2911
2910
2910
2902
2902
2894
2894
2892
2889
2885
2885
2885
2882
2881
2881
2880
2866
2861
2859
2852
2850
2848
2847
2830
2829
2827
2825
2821
2820
2819
2818
2813
2805
2804
2803
2802
2801
2795
2793
2793
2791
2786
2779
2778
2778
2776
2770
2767
2758
2751
2749
2745
2742
2742
2741
2739
2739
2735
2735
2734
2728
2727
2717
2712
2712
2710
2707
2701
2700
2691
2671
2665
2661
2659
2659
2657
2655
2655
2653
2651
2649
2640
2640
2639
2636
2629
2623
2620
2619
2608
2607
2607
2607
2605
2604
2599
2589
2589
2586
2561
2560
2558
2557
2556
2553
2551
2549
2538
2529
2527
2517
2515
2513
2506
2506
2502
2498
2498
2483
2483
2474
2469
2462
2459
2456
2453
2450
2443
2441
2438
2427
2419
2419
2419
2418
2415
2412
2411
2402
2402
2402
2397
2392
2386
2385
2385
2378
2377
2376
2368
2366
2366
2356
2355
2354
2354
2346
2337
2335
2333
2324
2322
2321
2319
2306
2299
2296
2295
2293
2290
2285
2285
2283
2283
2272
2271
2267
2260
2257
2253
2252
2250
2245
2245
2240
2238
2225
2218
2218
2214
2211
2208
2205
2204
2203
2195
2190
2189
2189
2184
2183
2178
2165
2165
2162
2161
2143
2141
2141
2139
2137
2134
2134
2129
2129
2129
2126
2124
2124
2118
2114
2111
2106
2104
2104
2102
2094
2085
2085
2078
2062
2061
2054
2051
2047
2039
2037
2024
2017
2016
2015
2008
2000
1999
1996
1994
1993
1989
1983
1977
1976
1974
1972
1972
1971
1962
1961
1957
1954
1952
1951
1949
1932
1928
1927
1924
1923
1923
1918
1914
1911
1908
1904
1900
1897
1894
1893
1886
1883
1880
1875
1874
1868
1867
1858
1853
1850
1845
1843
1839
1836
1833
1833
1831
1828
1824
1824
1819
1815
1810
1805
1796
1786
1783
1776
1771
1770
1768
1767
1766
1763
1761
1754
1751
1742
1739
1736
1734
1725
1723
1719
1714
1714
1713
1708
1707
1704
1702
1701
1695
1695
1694
1686
1686
1679
1678
1670
1660
1659
1658
1657
1655
1652
1652
1650
1641
1641
1640
1639
1638
1634
1633
1629
1626
1622
1617
1616
1615
1615
1611
1611
1609
1609
1598
1594
1589
1588
1587
1587
1584
1582
1573
1567
1564
1562
1557
1557
1555
1547
1540
1538
1535
1523
1523
1521
1516
1503
1496
1495
1490
1489
1485
1483
1480
1478
1476
1468
1462
1461
1458
1455
1449
1445
1439
1435
1415
1414
1413
1411
1411
1398
1396
1392
1388
1388
1386
1385
1385
1384
1379
1375
1374
1373
1371
1369
1366
1362
1360
1358
1348
1345
1341
1338
1337
1335
1334
1334
1333
1330
1319
1314
1309
1304
1303
1300
1300
1295
1279
1272
1262
1252
1252
1251
1245
1236
1236
1235
1232
1229
1227
1224
1214
1214
1213
1208
1207
1206
1205
1203
1192
1173
1171
1170
1164
1162
1162
1149
1147
1145
1145
1143
1142
1137
1136
1132
1131
1131
1131
1131
1129
1129
1119
1117
1116
1113
1112
1109
1106
1106
1106
1098
1095
1094
1093
1093
1091
1085
1079
1074
1072
1063
1062
1061
1056
1056
1056
1054
1053
1046
1045
1041
1040
1037
1027
1027
1017
1015
1015
1014
1013
1012
1005
1002
989
986
984
976
972
972
970
969
965
960
960
957
957
956
954
951
938
934
926
920
918
915
913
912
911
911
909
907
907
902
901
896
889
885
885
882
880
880
878
875
870
862
862
857
851
849
846
840
835
827
825
823
822
812
809
809
807
801
796
796
793
791
790
790
786
784
778
768
768
763
762
750
746
743
740
739
738
734
734
731
727
720
718
716
713
709
703
700
699
698
696
696
692
688
686
682
680
680
668
666
665
662
658
656
652
650
645
643
639
639
637
637
633
629
627
626
623
613
604
602
602
602
593
592
590
588
587
586
585
584
582
582
579
575
571
570
569
565
564
556
552
551
551
550
550
548
534
525
524
523
518
515
514
513
511
509
498
490
484
482
481
451
449
447
444
441
439
438
431
431
429
427
424
421
420
419
417
415
413
411
408
405
405
400
398
396
392
392
387
372
369
366
365
355
348
347
346
342
341
338
330
320
315
308
298
291
290
289
284
277
271
268
267
263
263
257
253
249
243
239
236
230
227
225
220
213
211
210
206
205
203
202
200
187
184
178
176
174
172
163
162
161
158
158
154
153
150
122
121
115
114
113
111
109
109
106
101
95
94
92
92
82
81
80
75
74
73
61
59
58
47
44
41
38
32
26
25
20
19
18
17
17
11
9
7
6
5
2
1
1
