18
19
22
29
32
33
56
61
62
65
66
68
70
71
79
88
92
93
95
103
106
159
161
163
172
175
179
188
219
220
228
229
235
244
250
255
265
269
277
280
283
287
288
295
295
308
312
326
330
334
335
340
342
346
346
355
357
365
367
370
373
374
378
383
383
385
397
405
414
415
419
419
423
435
438
445
446
453
458
460
461
474
474
478
478
481
482
492
494
503
519
521
523
528
540
549
553
557
567
570
576
581
581
588
597
602
603
607
609
614
618
628
634
635
646
661
665
665
667
680
687
698
698
707
712
713
716
719
727
729
729
733
737
743
753
761
761
762
762
765
766
773
775
775
775
782
786
790
800
800
804
811
812
814
818
822
839
839
842
844
845
846
857
858
863
865
871
876
878
880
882
883
897
898
902
908
914
915
919
928
929
930
932
957
959
970
971
979
984
990
990
1002
1004
1012
1026
1027
1032
1035
1036
1044
1048
1052
1062
1062
1063
1064
1079
1088
1098
1099
1101
1104
1107
1107
1111
1116
1123
1134
1137
1139
1154
1155
1156
1165
1168
1170
1170
1196
1201
1202
1227
1235
1237
1246
1247
1256
1264
1275
1286
1292
1296
1300
1325
1332
1337
1345
1356
1357
1358
1377
1388
1390
1391
1400
1412
1414
1416
1417
1421
1424
1429
1434
1439
1442
1451
1457
1460
1464
1480
1482
1492
1492
1501
1505
1507
1509
1510
1517
1520
1538
1546
1546
1558
1563
1568
1568
1576
1582
1583
1584
1590
1593
1593
1594
1595
1604
1613
1622
1624
1633
1633
1646
1647
1662
1671
1674
1675
1682
1693
1695
1696
1698
1704
1709
1721
1732
1733
1736
1736
1738
1745
1757
1757
1759
1761
1762
1763
1764
1766
1769
1769
1772
1776
1776
1783
1786
1790
1792
1792
1793
1793
1797
1813
1813
1826
1829
1835
1836
1837
1838
1843
1844
1847
1847
1854
1854
1856
1866
1876
1878
1882
1888
1888
1889
1894
1898
1900
1901
1909
1911
1917
1917
1924
1925
1932
1933
1942
1946
1957
1963
1968
1978
1978
1979
1985
1995
2007
2008
2008
2012
2018
2021
2025
2028
2032
2040
2044
2054
2059
2075
2075
2077
2078
2080
2082
2089
2102
2104
2108
2110
2118
2123
2125
2129
2132
2142
2145
2155
2162
2163
2175
2177
2179
2180
2186
2189
2204
2208
2208
2209
2223
2239
2244
2267
2272
2281
2282
2283
2296
2299
2304
2307
2313
2314
2315
2318
2318
2319
2324
2333
2339
2339
2340
2343
2365
2375
2380
2384
2401
2408
2417
2419
2422
2437
2439
2451
2453
2454
2458
2475
2476
2481
2482
2486
2514
2532
2543
2545
2549
2560
2579
2585
2591
2592
2594
2600
2604
2604
2609
2610
2611
2613
2618
2623
2629
2633
2633
2642
2650
2657
2662
2664
2669
2671
2672
2681
2682
2689
2689
2707
2713
2722
2726
2732
2736
2745
2751
2752
2756
2757
2761
2762
2764
2766
2772
2777
2788
2805
2811
2830
2833
2838
2843
2848
2849
2852
2861
2883
2887
2890
2891
2895
2896
2898
2917
2919
2931
2938
2938
2945
2963
2966
2976
2981
2985
2986
3005
3006
3019
3020
3022
3036
3043
3046
3051
3062
3068
3069
3070
3072
3074
3076
3083
3091
3104
3107
3107
3111
3126
3126
3137
3141
3149
3150
3157
3165
3168
3172
3180
3181
3186
3188
3201
3201
3220
3237
3237
3239
3240
3243
3246
3246
3249
3259
3261
3276
3280
3280
3281
3283
3287
3287
3297
3302
3310
3311
3337
3350
3356
3357
3359
3360
3362
3376
3377
3377
3392
3394
3406
3411
3421
3434
3440
3442
3444
3444
3451
3453
3467
3473
3475
3475
3480
3489
3492
3499
3505
3507
3508
3511
3514
3521
3528
3553
3568
3571
3574
3576
3580
3582
3598
3609
3611
3614
3614
3627
3640
3642
3651
3659
3659
3663
3663
3670
3674
3693
3700
3703
3704
3705
3715
3725
3731
3731
3733
3739
3744
3753
3753
3756
3757
3758
3762
3770
3775
3778
3784
3787
3789
3802
3803
3814
3822
3828
3829
3830
3848
3852
3853
3872
3881
3883
3886
3889
3900
3911
3911
3917
3917
3921
3924
3952
3957
3961
3962
3964
3967
3970
3970
3972
3986
3988
3989
3996
3998
4007
4008
4012
4019
4020
4036
4038
4046
4055
4055
4064
4073
4074
4084
4085
4087
4090
4091
4094
4095
4102
4105
4112
4112
4112
4113
4115
4117
4120
4122
4139
4143
4146
4146
4152
4155
4167
4168
4169
4174
4176
4179
4183
4188
4188
4191
4192
4194
4195
4220
4222
4232
4236
4239
4239
4240
4242
4242
4243
4251
4252
4254
4258
4261
4263
4264
4267
4274
4275
4283
4288
4288
4290
4292
4296
4299
4302
4306
4311
4314
4317
4330
4333
4336
4338
4339
4346
4353
4357
4358
4366
4375
4378
4391
4393
4402
4409
4414
4421
4426
4428
4440
4442
4444
4446
4454
4458
4461
4465
4466
4468
4470
4478
4479
4482
4492
4495
4500
4509
4516
4526
4527
4529
4531
4532
4534
4535
4542
4551
4554
4556
4557
4568
4571
4573
4585
4598
4615
4629
4640
4654
4654
4656
4660
4662
4665
4666
4668
4673
4689
4694
4705
4706
4718
4724
4728
4736
4744
4745
4748
4749
4757
4763
4764
4764
4769
4769
4775
4786
4789
4803
4804
4806
4817
4822
4840
4843
4846
4848
4849
4851
4852
4866
4874
4878
4893
4895
4899
4911
4926
4927
4928
4941
4943
4946
4959
4959
4960
4970
4971
4981
4986
4987
4988
4989
4989
5008
5019
5030
5035
5038
5038
5061
5063
5074
5083
5085
5089
5090
5092
5094
5094
5096
5097
5101
5102
5111
5120
5127
5132
5133
5137
5147
5148
5149
5158
5167
5174
5182
5186
5189
5195
5203
5211
5220
5250
5251
5270
5274
5287
5294
5295
5296
5296
5300
5305
5312
5312
5315
5315
5315
5328
5344
5379
5380
5381
5382
5383
5387
5388
5390
5393
5396
5399
5405
5418
5425
5444
5447
5450
5452
5456
5464
5467
5469
5470
5481
5488
5515
5516
5517
5541
5547
5550
5551
5568
5577
5585
5597
5597
5603
5605
5613
5622
5624
5632
5635
5636
5639
5645
5646
5657
5661
5664
5665
5668
5689
5690
5690
5700
5711
5715
5726
5727
5730
5731
5731
5768
5768
5771
5772
5786
5787
5795
5798
5801
5804
5810
5812
5814
5818
5830
5831
5841
5842
5843
5844
5849
5854
5867
5872
5876
5877
5882
5885
5889
5901
5902
5904
5907
5908
5921
5921
5922
5937
5951
5956
5962
5973
5978
5979
5982
5984
5985
5987
6010
6030
6032
6039
6052
6063
6063
6065
6071
6075
6078
6081
6082
6084
6089
6091
6095
6107
6128
6132
6140
6141
6147
6149
6160
6161
6163
6168
6172
6177
6181
6185
6189
6193
6198
6201
6215
6217
6225
6228
6229
6233
6234
6238
6256
6261
6262
6278
6299
6299
6299
6301
6303
6305
6306
6309
6324
6326
6328
6331
6340
6343
6344
6353
6354
6359
6368
6369
6375
6384
6398
6410
6411
6415
6415
6417
6426
6427
6429
6433
6445
6446
6446
6452
6459
6460
6465
6469
6473
6481
6494
6513
6518
6535
6545
6548
6573
6578
6580
6584
6585
6592
6596
6600
6618
6620
6622
6627
6638
6640
6641
6648
6649
6655
6657
6661
6667
6668
6671
6679
6692
6701
6702
6702
6708
6717
6719
6724
6725
6736
6744
6747
6749
6756
6757
6762
6773
6774
6776
6778
6780
6788
6790
6795
6796
6819
6820
6820
6822
6829
6843
6857
6861
6866
6869
6875
6876
6877
6904
6905
6915
6923
6934
6943
6943
6947
6952
6953
6959
6959
6965
6975
6981
6987
6997
7000
7005
7012
7019
7030
7038
7048
7051
7053
7053
7062
7071
7074
7080
7085
7089
7091
7104
7109
7111
7112
7124
7129
7132
7136
7136
7140
7142
7144
7148
7149
7152
7153
7153
7159
7164
7167
7167
7170
7191
7198
7200
7202
7202
7203
7205
7210
7215
7224
7225
7226
7233
7234
7247
7250
7251
7252
7254
7261
7280
7289
7290
7293
7302
7310
7314
7317
7325
7334
7341
7350
7351
7360
7364
7369
7369
7372
7398
7404
7404
7411
7420
7426
7435
7445
7448
7452
7456
7457
7460
7461
7469
7469
7473
7475
7478
7493
7498
7499
7500
7502
7508
7525
7536
7548
7550
7558
7565
7574
7581
7588
7599
7603
7613
7614
7623
7627
7643
7649
7659
7667
7680
7689
7692
7699
7699
7706
7706
7707
7707
7708
7715
7734
7737
7740
7740
7742
7749
7756
7764
7768
7768
7770
7779
7786
7786
7808
7815
7831
7839
7839
7847
7854
7859
7860
7870
7870
7877
7879
7884
7888
7892
7893
7897
7899
7900
7901
7906
7907
7907
7910
7920
7927
7931
7933
7939
7942
7942
7945
7946
7952
7952
7970
7971
7985
7995
7995
8003
8013
8021
8023
8025
8027
8034
8039
8041
8042
8047
8052
8054
8055
8069
8078
8080
8086
8090
8095
8095
8100
8135
8143
8143
8143
8151
8152
8159
8160
8161
8171
8171
8182
8182
8183
8184
8184
8188
8190
8191
8194
8198
8209
8217
8221
8234
8236
8237
8248
8251
8255
8258
8264
8275
8276
8286
8287
8290
8290
8292
8293
8311
8325
8329
8329
8334
8356
8363
8369
8375
8377
8378
8385
8391
8391
8396
8410
8413
8424
8425
8427
8430
8434
8435
8437
8443
8445
8450
8456
8458
8472
8480
8488
8489
8490
8497
8505
8513
8518
8519
8523
8527
8528
8529
8541
8548
8566
8567
8586
8587
8592
8602
8604
8608
8611
8612
8624
8625
8628
8629
8653
8656
8674
8681
8681
8685
8688
8707
8708
8712
8726
8730
8738
8738
8741
8744
8751
8756
8758
8762
8766
8768
8781
8786
8788
8793
8802
8804
8810
8812
8819
8826
8842
8844
8850
8852
8856
8861
8864
8870
8877
8881
8884
8889
8896
8904
8913
8920
8926
8927
8930
8933
8936
8937
8942
8943
8950
8969
8970
8970
8975
8979
8988
8994
8995
9004
9008
9025
9029
9032
9045
9047
9049
9051
9057
9066
9067
9080
9084
9084
9084
9085
9090
9110
9113
9124
9136
9146
9156
9158
9165
9170
9174
9180
9180
9182
9183
9193
9206
9208
9209
9211
9213
9224
9229
9244
9247
9258
9267
9270
9273
9274
9276
9281
9282
9287
9294
9295
9296
9297
9312
9318
9318
9324
9329
9330
9337
9340
9344
9351
9357
9359
9374
9378
9379
9379
9380
9380
9389
9397
9400
9411
9422
9427
9430
9436
9442
9449
9465
9478
9489
9490
9493
9512
9521
9526
9533
9537
9545
9547
9548
9548
9549
9553
9562
9566
9567
9567
9569
9576
9576
9579
9580
9587
9587
9598
9602
9611
9614
9616
9617
9621
9621
9622
9629
9641
9644
9654
9674
9708
9712
9718
9718
9719
9722
9727
9728
9742
9743
9745
9751
9751
9753
9754
9761
9762
9763
9765
9772
9780
9784
9792
9799
9801
9818
9828
9834
9835
9839
9839
9842
9848
9852
9854
9856
9861
9868
9869
9870
9870
9871
9875
9886
9889
9895
9901
9902
9904
9904
9914
9921
9922
9929
9930
9937
9937
9940
9944
9955
9958
9961
9980
9983
9999
