10000
9998
9997
9995
9993
9991
9991
9985
9985
9984
9983
9983
9983
9981
9981
9980
9979
9978
9977
9976
9975
9972
9971
9969
9964
9963
9962
9960
9958
9957
9956
9955
9952
9950
9948
9947
9945
9944
9944
9943
9940
9939
9934
9928
9928
9927
9927
9926
9925
9925
9925
9924
9923
9923
9922
9919
9919
9918
9916
9915
9915
9915
9914
9913
9911
9911
9910
9910
9909
9908
9906
9905
9904
9904
9902
9901
9900
9898
9897
9896
9896
9891
9891
9889
9889
9884
9884
9882
9882
9882
9881
9880
9878
9875
9875
9874
9874
9868
9867
9867
9865
9864
9864
9862
9862
9862
9861
9856
9856
9855
9854
9854
9851
9847
9846
9844
9844
9843
9843
9842
9842
9841
9839
9838
9837
9837
9836
9834
9833
9833
9833
9833
9831
9829
9828
9828
9826
9826
9825
9824
9824
9820
9817
9815
9814
9812
9811
9808
9807
9807
9807
9807
9807
9806
9805
9804
9801
9799
9799
9796
9794
9794
9794
9793
9791
9790
9789
9786
9784
9782
9779
9778
9778
9772
9771
9770
9768
9766
9766
9765
9764
9764
9764
9763
9761
9757
9756
9754
9751
9751
9750
9749
9749
9749
9749
9748
9747
9746
9743
9743
9742
9740
9739
9739
9739
9738
9738
9738
9735
9734
9733
9733
9732
9732
9731
9730
9728
9727
9727
9726
9726
9724
9722
9721
9719
9718
9716
9715
9712
9709
9707
9706
9705
9704
9704
9704
9704
9702
9702
9700
9700
9698
9697
9697
9694
9694
9690
9690
9688
9688
9688
9687
9686
9685
9685
9683
9682
9681
9681
9680
9680
9679
9678
9675
9672
9672
9671
9670
9670
9668
9668
9667
9666
9665
9665
9664
9662
9662
9661
9661
9661
9660
9658
9657
9656
9655
9655
9653
9651
9649
9646
9646
9645
9643
9642
9641
9639
9637
9636
9635
9635
9634
9634
9634
9633
9630
9629
9629
9625
9622
9621
9620
9612
9612
9606
9603
9601
9599
9598
9595
9595
9592
9590
9590
9588
9588
9587
9587
9585
9584
9582
9582
9581
9580
9574
9574
9572
9572
9571
9569
9567
9567
9566
9566
9564
9562
9561
9561
9560
9560
9559
9559
9558
9558
9557
9556
9556
9555
9553
9553
9553
9552
9552
9551
9551
9551
9550
9550
9548
9547
9547
9545
9543
9542
9541
9537
9533
9533
9532
9532
9532
9531
9530
9530
9529
9528
9527
9524
9524
9524
9524
9522
9521
9521
9520
9519
9518
9517
9516
9514
9514
9513
9512
9510
9509
9509
9508
9507
9505
9504
9503
9501
9497
9495
9495
9494
9494
9493
9492
9492
9490
9490
9490
9490
9489
9488
9487
9485
9485
9485
9483
9483
9479
9478
9475
9474
9473
9473
9473
9472
9472
9470
9470
9470
9469
9469
9468
9467
9467
9466
9466
9466
9465
9464
9463
9460
9459
9458
9458
9455
9454
9452
9452
9452
9452
9449
9449
9449
9448
9446
9445
9445
9444
9444
9444
9444
9443
9443
9443
9443
9442
9442
9441
9440
9439
9437
9435
9435
9433
9433
9432
9428
9428
9426
9424
9424
9423
9422
9421
9419
9419
9419
9418
9416
9415
9414
9412
9412
9409
9408
9407
9404
9403
9401
9400
9400
9397
9397
9396
9396
9394
9394
9393
9391
9391
9389
9387
9385
9385
9384
9383
9382
9379
9379
9374
9374
9373
9370
9369
9367
9365
9365
9364
9363
9363
9362
9362
9358
9357
9357
9356
9355
9354
9354
9354
9352
9347
9346
9345
9345
9345
9345
9343
9342
9342
9340
9338
9337
9335
9335
9333
9332
9331
9330
9330
9329
9329
9328
9328
9327
9327
9325
9323
9322
9322
9321
9320
9319
9316
9315
9314
9312
9311
9310
9310
9310
9309
9309
9308
9308
9307
9306
9305
9305
9305
9305
9302
9300
9299
9298
9297
9293
9289
9287
9286
9284
9284
9283
9280
9280
9280
9276
9276
9276
9276
9275
9273
9273
9272
9272
9267
9265
9264
9262
9261
9260
9258
9258
9258
9258
9256
9256
9255
9255
9255
9252
9252
9251
9251
9249
9248
9247
9246
9245
9244
9240
9238
9238
9237
9236
9236
9235
9235
9233
9231
9231
9229
9227
9226
9226
9225
9225
9225
9224
9224
9221
9221
9221
9220
9219
9218
9215
9214
9214
9212
9212
9211
9211
9210
9208
9208
9207
9205
9204
9204
9204
9203
9197
9196
9194
9193
9193
9193
9192
9192
9190
9190
9187
9186
9182
9181
9180
9178
9177
9176
9176
9174
9173
9171
9166
9165
9164
9161
9158
9158
9158
9157
9155
9154
9153
9152
9149
9149
9148
9144
9143
9143
9143
9143
9143
9141
9139
9138
9138
9137
9132
9131
9131
9127
9126
9125
9125
9125
9124
9122
9121
9121
9119
9118
9117
9117
9116
9115
9115
9113
9111
9109
9108
9105
9103
9102
9101
9100
9099
9098
9097
9089
9088
9087
9087
9086
9086
9086
9084
9083
9080
9076
9076
9075
9071
9070
9067
9067
9065
9062
9061
9061
9060
9060
9060
9060
9059
9056
9055
9055
9055
9053
9053
9051
9051
9051
9047
9046
9046
9046
9045
9043
9043
9043
9043
9042
9042
9041
9041
9041
9038
9038
9034
9033
9029
9029
9027
9026
9024
9023
9023
9022
9020
9017
9014
9013
9011
9011
9010
9010
9010
9010
9009
9006
9006
9005
9004
9004
9000
9000
9000
8998
8998
8998
8995
8995
8994
8991
8991
8991
8988
8988
8986
8985
8984
8982
8982
8979
8977
8977
8976
8974
8973
8970
8967
8967
8966
8965
8964
8963
8963
8958
8955
8954
8954
8953
8951
8951
8951
8950
8949
8948
8947
8947
8947
8946
8944
8944
8943
8941
8939
8937
8937
8936
8935
8935
8935
8933
8933
8932
8931
8931
8929
8928
8927
8926
8926
8921
8920
8918
8917
8917
8917
8916
8915
8915
8914
8912
8911
8910
8907
8907
8907
8907
8906
8904
8904
8903
8902
8899
8899
8897
8896
8894
8894
8893
8893
8892
8891
8890
8889
8888
8888
8887
8884
8882
8881
8880
8880
8880
8879
8877
8877
8876
8876
8876
8872
8871
8866
8865
8864
8862
8861
8860
8859
8857
8856
8854
8851
8850
8849
8846
8842
8840
8840
8840
8837
8837
8836
8834
8834
8834
8834
8833
8833
8832
8831
8830
8829
8829
8829
8828
8827
8827
8827
8824
8823
8823
8823
8822
8822
8822
8820
8820
8819
8818
8816
8815
8815
8815
8813
8812
8812
8812
8811
8811
8810
8809
8809
8808
8807
8806
8800
8800
8799
8799
8798
8797
8796
8795
8794
8794
8792
8791
8791
8788
8788
8788
8786
8782
8782
8778
8777
8776
8776
8774
8773
8773
8772
8772
8771
8771
8770
8770
8769
8769
8766
8760
8759
8759
8756
8756
8754
8754
8746
8744
8744
8743
8742
8741
8741
8739
8738
8736
8736
8735
8735
8734
8732
8732
8732
8729
8729
8729
8728
8726
8725
8725
8721
8721
8720
8719
8719
8719
8719
8716
8715
8715
8715
8714
8713
8710
8710
8710
8708
8706
8706
8706
8701
8701
8699
8698
8697
8696
8695
8695
8692
8692
8691
8690
8689
8689
8688
8687
8686
8678
8676
8676
8676
8675
8673
8672
8672
8672
8670
8670
8669
8669
8668
8668
8666
8664
8662
8662
8660
8657
8653
8652
8651
8650
8649
8648
8647
8647
8644
8643
8639
8637
8637
8635
8633
8630
8628
8625
8625
8623
8622
8616
8614
8613
8611
8609
8609
8608
8607
8607
8606
8604
8602
8601
8600
8600
8599
8599
8599
8597
8597
8597
8596
8596
8595
8594
8593
8590
8590
8589
8588
8586
8583
8583
8583
8582
8581
8581
8580
8580
8579
8577
8576
8575
8574
8570
8570
8569
8569
8566
8563
8562
8561
8560
8559
8557
8555
8554
8553
8550
8550
8547
8546
8544
8542
8542
8541
8539
8537
8536
8535
8534
8532
8529
8529
8528
8528
8527
8525
8524
8522
8521
8521
8519
8519
8516
8516
8515
8515
8514
8513
8513
8512
8511
8510
8508
8507
8505
8504
8502
8501
8500
8500
8499
8499
8498
8498
8498
8496
8493
8489
8488
8488
8488
8488
8487
8487
8487
8486
8483
8483
8482
8481
8479
8479
8478
8476
8471
8471
8468
8466
8463
8462
8461
8459
8456
8455
8454
8453
8450
8449
8447
8446
8440
8440
8440
8439
8439
8439
8436
8436
8435
8433
8432
8432
8431
8431
8430
8429
8428
8425
8425
8424
8423
8423
8419
8417
8416
8416
8415
8414
8414
8413
8412
8411
8409
8409
8407
8406
8404
8403
8402
8400
8397
8397
8394
8394
8392
8391
8391
8389
8389
8388
8385
8385
8384
8384
8384
8383
8382
8381
8381
8380
8378
8378
8378
8377
8377
8377
8377
8376
8375
8373
8373
8373
8373
8372
8372
8370
8365
8363
8363
8360
8360
8359
8357
8356
8355
8355
8352
8352
8350
8350
8350
8349
8349
8348
8347
8347
8345
8345
8345
8344
8343
8342
8340
8340
8339
8339
8338
8337
8337
8332
8330
8329
8329
8328
8328
8326
8325
8325
8322
8322
8321
8321
8321
8318
8318
8316
8315
8314
8313
8313
8309
8306
8305
8303
8302
8300
8300
8298
8297
8296
8295
8295
8294
8294
8294
8293
8293
8293
8293
8290
8290
8288
8286
8286
8282
8281
8280
8280
8277
8275
8274
8271
8270
8268
8267
8266
8265
8265
8264
8264
8262
8258
8257
8254
8253
8251
8251
8250
8249
8249
8248
8248
8245
8245
8244
8242
8241
8239
8236
8236
8232
8229
8228
8228
8228
8228
8226
8225
8220
8220
8219
8218
8218
8217
8217
8216
8215
8214
8213
8212
8212
8209
8208
8207
8205
8205
8204
8204
8203
8202
8200
8199
8198
8196
8196
8195
8193
8192
8191
8190
8190
8188
8184
8183
8181
8181
8181
8181
8180
8177
8173
8172
8172
8170
8169
8169
8169
8168
8166
8166
8164
8164
8164
8162
8162
8160
8158
8157
8156
8156
8154
8150
8149
8149
8148
8145
8142
8141
8140
8139
8138
8138
8137
8136
8136
8135
8135
8135
8135
8131
8131
8131
8128
8124
8122
8121
8121
8120
8119
8119
8118
8118
8117
8115
8115
8115
8113
8113
8111
8109
8104
8100
8099
8099
8098
8097
8095
8093
8093
8092
8092
8090
8090
8088
8088
8086
8085
8085
8085
8083
8081
8079
8076
8076
8076
8072
8071
8070
8070
8069
8068
8067
8064
8063
8062
8060
8060
8058
8051
8048
8048
8047
8046
8045
8041
8040
8039
8036
8036
8036
8036
8036
8035
8035
8035
8034
8034
8034
8031
8031
8031
8029
8028
8028
8027
8027
8026
8026
8024
8022
8022
8021
8021
8021
8020
8019
8019
8019
8018
8017
8017
8016
8014
8013
8011
8010
8007
8005
8005
8003
8003
8002
8001
8000
7994
7992
7992
7992
7991
7989
7989
7987
7984
7983
7982
7981
7980
7979
7978
7977
7976
7976
7975
7974
7966
7963
7963
7963
7959
7959
7958
7956
7956
7955
7954
7950
7950
7950
7948
7946
7945
7944
7943
7942
7942
7940
7938
7937
7934
7931
7930
7930
7929
7927
7927
7925
7925
7924
7922
7922
7921
7919
7919
7913
7912
7912
7910
7910
7909
7909
7907
7905
7904
7903
7901
7900
7897
7893
7889
7889
7885
7880
7880
7877
7875
7873
7872
7871
7871
7865
7865
7865
7864
7864
7864
7863
7860
7857
7856
7853
7851
7848
7847
7842
7840
7840
7840
7836
7835
7834
7833
7833
7832
7831
7831
7824
7818
7813
7813
7812
7812
7807
7806
7805
7805
7805
7805
7803
7801
7801
7797
7794
7793
7792
7791
7791
7789
7789
7780
7777
7777
7775
7774
7771
7771
7769
7769
7768
7768
7767
7766
7765
7759
7759
7759
7759
7758
7752
7750
7749
7745
7744
7743
7741
7740
7739
7738
7737
7736
7736
7736
7735
7733
7732
7726
7725
7722
7722
7721
7718
7715
7715
7712
7712
7710
7709
7707
7706
7706
7706
7706
7705
7704
7704
7703
7701
7701
7700
7699
7698
7695
7694
7693
7690
7690
7690
7690
7689
7689
7688
7688
7688
7686
7685
7685
7681
7677
7673
7670
7670
7668
7664
7662
7661
7658
7655
7652
7651
7650
7650
7646
7645
7643
7642
7641
7639
7639
7638
7638
7637
7636
7634
7634
7629
7629
7627
7625
7625
7623
7623
7622
7621
7620
7620
7619
7617
7615
7615
7615
7614
7610
7610
7609
7608
7607
7605
7605
7604
7604
7603
7603
7603
7602
7602
7597
7596
7594
7593
7586
7585
7585
7584
7583
7579
7579
7579
7578
7576
7575
7574
7572
7570
7569
7569
7564
7563
7563
7562
7560
7559
7556
7555
7555
7555
7555
7554
7545
7544
7543
7543
7543
7542
7541
7541
7540
7538
7538
7536
7536
7535
7535
7534
7532
7530
7529
7528
7528
7527
7527
7526
7525
7524
7523
7522
7521
7518
7518
7517
7517
7516
7516
7514
7513
7513
7512
7510
7510
7510
7509
7508
7508
7507
7507
7504
7501
7500
7500
7499
7498
7496
7495
7494
7492
7492
7492
7492
7491
7487
7485
7484
7483
7478
7477
7477
7474
7470
7470
7469
7464
7461
7460
7460
7459
7459
7458
7458
7455
7455
7453
7451
7448
7447
7446
7443
7442
7438
7437
7436
7435
7435
7435
7434
7434
7433
7432
7431
7429
7429
7427
7427
7426
7425
7423
7422
7420
7420
7419
7416
7416
7413
7412
7412
7410
7410
7409
7408
7408
7407
7405
7405
7403
7403
7402
7401
7400
7400
7399
7399
7398
7398
7397
7397
7396
7396
7395
7394
7392
7392
7391
7390
7390
7388
7387
7384
7382
7377
7376
7376
7376
7373
7370
7369
7368
7368
7365
7365
7360
7360
7360
7359
7358
7357
7355
7352
7352
7349
7348
7348
7348
7346
7345
7344
7344
7340
7339
7339
7338
7338
7337
7334
7334
7334
7333
7333
7332
7332
7332
7330
7330
7328
7325
7324
7322
7322
7321
7319
7318
7318
7317
7316
7314
7312
7312
7307
7305
7304
7300
7299
7299
7296
7295
7295
7294
7290
7289
7288
7286
7286
7284
7283
7282
7282
7281
7281
7278
7278
7276
7275
7275
7274
7271
7270
7270
7268
7268
7267
7266
7265
7265
7262
7261
7260
7258
7258
7256
7254
7254
7254
7254
7253
7252
7252
7251
7250
7250
7246
7245
7245
7244
7244
7240
7239
7239
7237
7237
7237
7235
7235
7234
7233
7232
7232
7232
7230
7228
7228
7226
7225
7222
7220
7220
7219
7216
7216
7216
7213
7212
7212
7211
7211
7207
7206
7206
7205
7204
7203
7203
7202
7201
7198
7198
7198
7195
7195
7194
7194
7194
7193
7192
7190
7190
7188
7187
7186
7185
7185
7184
7183
7182
7182
7179
7179
7179
7179
7178
7176
7175
7174
7173
7172
7172
7170
7169
7168
7167
7165
7164
7164
7162
7162
7161
7158
7156
7156
7156
7155
7151
7151
7148
7148
7147
7146
7143
7143
7141
7140
7139
7138
7138
7134
7134
7133
7132
7130
7128
7124
7124
7123
7123
7121
7120
7116
7115
7113
7112
7111
7111
7110
7109
7108
7107
7104
7103
7099
7098
7097
7095
7094
7091
7091
7090
7090
7089
7089
7087
7086
7085
7083
7082
7082
7082
7081
7081
7081
7080
7077
7077
7077
7074
7072
7072
7072
7071
7071
7070
7067
7066
7066
7065
7065
7065
7061
7060
7059
7057
7056
7056
7053
7052
7050
7048
7048
7045
7044
7043
7043
7043
7042
7039
7039
7037
7032
7032
7032
7031
7031
7029
7028
7028
7027
7026
7026
7026
7024
7024
7024
7019
7017
7013
7012
7010
7009
7008
7007
7006
7006
7006
7005
7005
7004
7004
7002
6999
6997
6997
6996
6989
6985
6985
6985
6983
6983
6982
6981
6980
6977
6977
6976
6974
6974
6973
6971
6963
6962
6962
6961
6961
6958
6957
6957
6957
6956
6956
6956
6955
6955
6953
6951
6951
6951
6949
6948
6947
6946
6946
6945
6945
6944
6939
6938
6937
6936
6934
6931
6931
6929
6929
6928
6928
6927
6927
6924
6923
6923
6923
6922
6922
6921
6921
6921
6921
6919
6918
6917
6917
6917
6914
6914
6913
6913
6908
6906
6903
6902
6900
6898
6898
6897
6896
6895
6894
6889
6889
6887
6886
6886
6885
6883
6883
6882
6881
6880
6879
6879
6878
6877
6877
6877
6877
6876
6876
6874
6874
6873
6873
6873
6871
6871
6870
6869
6869
6869
6866
6866
6865
6860
6857
6855
6854
6852
6852
6849
6849
6845
6845
6845
6843
6842
6841
6840
6840
6839
6839
6837
6835
6835
6832
6831
6830
6828
6827
6825
6824
6824
6823
6822
6822
6821
6819
6817
6816
6816
6816
6814
6814
6812
6812
6812
6810
6808
6806
6806
6805
6804
6804
6803
6803
6803
6802
6800
6799
6799
6799
6798
6796
6796
6795
6795
6793
6792
6789
6788
6787
6785
6785
6784
6783
6783
6782
6781
6780
6780
6778
6777
6776
6775
6773
6773
6772
6772
6771
6771
6771
6770
6770
6770
6767
6766
6765
6763
6762
6762
6762
6760
6759
6759
6759
6758
6756
6756
6754
6753
6753
6751
6751
6751
6750
6750
6749
6749
6748
6747
6747
6744
6744
6742
6742
6741
6739
6738
6735
6735
6734
6732
6732
6732
6729
6728
6728
6728
6725
6725
6725
6723
6722
6721
6720
6718
6713
6713
6711
6709
6709
6709
6708
6707
6707
6706
6701
6700
6699
6699
6698
6698
6696
6696
6695
6695
6694
6694
6693
6693
6693
6692
6692
6691
6691
6690
6690
6687
6687
6686
6686
6685
6684
6683
6681
6681
6680
6679
6679
6676
6676
6675
6674
6673
6673
6670
6668
6667
6667
6665
6665
6665
6664
6663
6663
6660
6660
6659
6659
6658
6658
6657
6657
6657
6655
6655
6654
6652
6652
6649
6645
6642
6642
6640
6639
6636
6636
6635
6633
6633
6632
6630
6628
6626
6625
6625
6625
6623
6622
6622
6618
6617
6617
6615
6612
6611
6609
6608
6608
6608
6607
6607
6606
6606
6605
6604
6602
6602
6600
6599
6598
6598
6598
6598
6595
6595
6595
6594
6593
6593
6593
6592
6589
6588
6588
6587
6585
6584
6583
6583
6581
6580
6578
6577
6577
6576
6573
6572
6572
6570
6567
6566
6565
6565
6564
6561
6561
6560
6560
6558
6556
6556
6550
6550
6549
6549
6549
6548
6548
6548
6547
6542
6541
6540
6540
6538
6537
6536
6536
6536
6531
6528
6527
6523
6522
6520
6519
6519
6517
6516
6515
6515
6513
6512
6506
6506
6504
6503
6503
6502
6501
6501
6500
6499
6499
6498
6497
6496
6494
6493
6493
6493
6492
6492
6490
6490
6489
6489
6489
6488
6487
6486
6486
6485
6484
6484
6484
6483
6482
6481
6480
6479
6479
6478
6477
6476
6475
6474
6474
6474
6473
6471
6471
6471
6470
6470
6469
6466
6465
6465
6464
6463
6463
6462
6461
6460
6457
6457
6455
6451
6450
6450
6449
6448
6446
6445
6445
6445
6444
6444
6443
6442
6442
6439
6437
6437
6435
6435
6434
6434
6432
6432
6431
6429
6427
6427
6426
6425
6423
6422
6422
6422
6419
6419
6418
6416
6415
6411
6410
6409
6408
6405
6404
6404
6403
6400
6397
6397
6397
6396
6396
6394
6393
6393
6393
6393
6392
6392
6392
6392
6392
6390
6388
6388
6388
6387
6387
6385
6382
6382
6379
6377
6377
6376
6376
6371
6371
6371
6370
6369
6368
6367
6367
6365
6364
6363
6361
6359
6359
6358
6356
6355
6354
6354
6354
6352
6350
6348
6346
6345
6345
6344
6344
6341
6341
6340
6337
6337
6336
6336
6336
6335
6335
6334
6334
6333
6332
6331
6330
6329
6329
6329
6328
6326
6325
6324
6323
6323
6323
6322
6320
6319
6318
6318
6316
6314
6314
6314
6312
6310
6309
6309
6308
6307
6307
6306
6304
6301
6300
6300
6300
6298
6298
6297
6295
6294
6292
6292
6292
6291
6289
6289
6288
6285
6284
6283
6283
6283
6281
6281
6280
6280
6278
6278
6273
6273
6271
6271
6270
6265
6263
6262
6261
6260
6258
6253
6252
6251
6250
6248
6246
6245
6245
6242
6241
6240
6238
6238
6238
6238
6234
6234
6231
6229
6229
6228
6228
6228
6226
6225
6224
6223
6223
6221
6221
6220
6219
6218
6216
6216
6214
6211
6211
6209
6205
6204
6198
6197
6195
6195
6195
6195
6194
6194
6194
6192
6189
6187
6187
6185
6185
6184
6184
6181
6180
6179
6178
6177
6176
6176
6175
6173
6173
6171
6169
6168
6166
6166
6166
6165
6165
6164
6163
6161
6161
6159
6159
6158
6158
6157
6157
6155
6155
6150
6150
6150
6146
6146
6145
6142
6140
6139
6138
6137
6136
6134
6134
6133
6132
6132
6129
6129
6127
6122
6116
6116
6114
6114
6110
6106
6105
6105
6105
6105
6105
6105
6102
6101
6100
6099
6098
6098
6097
6093
6092
6092
6091
6085
6085
6083
6082
6082
6082
6081
6080
6078
6078
6077
6076
6075
6075
6075
6073
6070
6070
6069
6068
6067
6066
6065
6064
6062
6062
6062
6061
6060
6059
6058
6057
6057
6057
6055
6055
6053
6050
6049
6047
6045
6039
6037
6037
6034
6033
6031
6030
6029
6029
6027
6027
6027
6026
6026
6026
6026
6026
6026
6025
6023
6023
6021
6019
6019
6018
6017
6017
6016
6014
6012
6009
6004
6004
6002
6001
6000
5999
5999
5994
5993
5990
5989
5987
5983
5982
5981
5977
5973
5973
5972
5971
5970
5970
5969
5968
5968
5965
5963
5962
5961
5960
5960
5958
5957
5954
5952
5951
5951
5950
5948
5947
5946
5946
5945
5944
5944
5944
5943
5942
5942
5940
5940
5939
5937
5936
5936
5934
5932
5927
5926
5925
5924
5923
5921
5919
5918
5918
5915
5914
5910
5909
5907
5906
5905
5904
5903
5902
5902
5901
5899
5898
5897
5893
5893
5892
5891
5889
5889
5886
5883
5883
5882
5881
5881
5880
5879
5879
5875
5873
5872
5871
5871
5869
5866
5863
5862
5862
5862
5861
5861
5860
5860
5859
5857
5854
5850
5850
5850
5849
5849
5848
5844
5843
5842
5841
5840
5840
5838
5837
5837
5837
5836
5832
5831
5829
5828
5826
5826
5823
5823
5821
5821
5821
5821
5818
5817
5817
5816
5816
5815
5815
5814
5813
5812
5812
5811
5810
5810
5810
5805
5804
5803
5801
5800
5798
5797
5797
5796
5795
5793
5793
5792
5791
5790
5786
5785
5783
5782
5781
5780
5777
5776
5774
5772
5770
5769
5763
5761
5759
5758
5756
5756
5756
5756
5754
5751
5750
5750
5750
5748
5747
5746
5746
5745
5745
5745
5744
5743
5742
5741
5741
5741
5741
5740
5740
5739
5739
5736
5735
5734
5734
5733
5733
5731
5730
5727
5726
5726
5726
5723
5722
5722
5718
5718
5716
5714
5713
5713
5712
5710
5709
5708
5707
5707
5706
5706
5705
5704
5704
5704
5703
5695
5695
5692
5690
5688
5687
5685
5684
5683
5683
5681
5681
5681
5680
5680
5680
5678
5677
5677
5673
5672
5671
5670
5668
5668
5667
5666
5665
5664
5663
5663
5660
5660
5657
5655
5655
5654
5653
5652
5651
5650
5649
5647
5645
5644
5644
5642
5642
5641
5639
5639
5637
5636
5634
5634
5633
5632
5631
5631
5630
5630
5629
5628
5626
5625
5624
5622
5621
5621
5621
5621
5621
5620
5620
5620
5619
5618
5617
5616
5615
5615
5612
5612
5611
5611
5610
5610
5609
5608
5607
5607
5606
5602
5601
5597
5596
5595
5595
5595
5588
5587
5585
5584
5582
5581
5580
5579
5577
5576
5576
5575
5574
5573
5572
5566
5566
5563
5562
5561
5560
5558
5558
5554
5552
5552
5550
5547
5547
5542
5542
5542
5539
5539
5539
5538
5537
5537
5535
5535
5533
5533
5533
5531
5530
5527
5520
5519
5518
5516
5513
5512
5511
5510
5508
5506
5505
5504
5502
5501
5499
5496
5495
5493
5492
5491
5489
5486
5484
5484
5482
5482
5481
5480
5479
5479
5479
5476
5476
5472
5472
5470
5467
5467
5466
5466
5465
5463
5462
5461
5461
5459
5458
5457
5456
5456
5455
5455
5453
5449
5448
5448
5448
5446
5445
5443
5442
5440
5438
5434
5432
5432
5431
5431
5428
5428
5428
5427
5427
5426
5423
5423
5421
5420
5419
5417
5416
5416
5415
5415
5415
5414
5410
5409
5407
5404
5403
5403
5403
5402
5402
5400
5399
5396
5395
5394
5391
5390
5388
5387
5387
5386
5386
5382
5380
5379
5379
5378
5377
5376
5375
5374
5373
5373
5371
5367
5366
5365
5365
5363
5360
5359
5359
5357
5357
5355
5355
5355
5353
5352
5352
5351
5350
5343
5342
5340
5339
5338
5338
5338
5335
5334
5334
5333
5332
5330
5328
5327
5327
5324
5323
5323
5318
5316
5316
5315
5314
5313
5309
5308
5308
5307
5305
5305
5303
5303
5302
5302
5296
5295
5293
5293
5293
5293
5292
5291
5290
5286
5284
5282
5280
5279
5278
5277
5276
5276
5276
5275
5275
5273
5272
5271
5271
5270
5270
5269
5268
5265
5264
5263
5262
5262
5259
5258
5257
5255
5254
5253
5253
5251
5251
5251
5250
5249
5246
5246
5244
5243
5243
5243
5241
5240
5240
5239
5238
5237
5236
5234
5233
5230
5229
5228
5228
5226
5226
5223
5222
5222
5222
5222
5222
5222
5221
5221
5219
5217
5214
5212
5210
5209
5208
5208
5207
5207
5206
5205
5205
5204
5202
5202
5200
5200
5197
5194
5192
5191
5191
5190
5188
5186
5186
5185
5184
5182
5181
5181
5181
5180
5175
5175
5175
5175
5173
5173
5172
5170
5170
5169
5169
5166
5166
5166
5164
5162
5161
5156
5154
5154
5154
5154
5152
5152
5151
5150
5149
5148
5147
5147
5146
5146
5145
5145
5140
5136
5135
5134
5132
5132
5130
5130
5129
5128
5127
5126
5124
5122
5120
5119
5114
5112
5112
5112
5111
5109
5109
5108
5104
5101
5098
5098
5098
5095
5094
5093
5092
5091
5088
5087
5086
5086
5086
5085
5085
5084
5083
5081
5081
5076
5075
5074
5074
5074
5073
5072
5071
5070
5070
5069
5066
5065
5062
5060
5060
5059
5059
5058
5057
5055
5054
5052
5048
5048
5048
5047
5047
5047
5046
5046
5045
5045
5043
5041
5039
5039
5037
5037
5034
5032
5031
5029
5028
5026
5026
5026
5025
5025
5025
5024
5022
5022
5020
5019
5019
5019
5017
5017
5014
5013
5012
5012
5011
5008
5005
5005
5005
5004
4999
4999
4998
4996
4996
4996
4994
4993
4992
4991
4990
4989
4988
4988
4987
4987
4986
4983
4982
4982
4981
4980
4978
4977
4976
4976
4975
4974
4973
4972
4972
4971
4971
4971
4971
4970
4968
4967
4963
4962
4961
4959
4958
4957
4956
4955
4954
4954
4953
4952
4951
4946
4946
4946
4944
4944
4943
4941
4939
4939
4937
4935
4935
4934
4934
4932
4931
4930
4926
4925
4925
4924
4923
4923
4923
4922
4922
4920
4919
4918
4917
4916
4914
4913
4913
4912
4912
4912
4910
4904
4904
4900
4900
4899
4899
4897
4897
4897
4896
4894
4891
4890
4887
4884
4878
4878
4877
4875
4874
4873
4872
4871
4871
4870
4868
4866
4866
4864
4863
4863
4860
4858
4858
4858
4857
4852
4850
4850
4850
4848
4848
4846
4846
4841
4838
4838
4835
4832
4828
4828
4826
4824
4822
4822
4821
4820
4818
4818
4814
4813
4812
4811
4810
4810
4809
4808
4806
4802
4802
4800
4799
4798
4797
4797
4796
4796
4795
4792
4792
4792
4791
4790
4788
4788
4788
4787
4787
4786
4786
4784
4782
4781
4780
4779
4779
4778
4776
4775
4775
4773
4773
4773
4771
4771
4770
4769
4768
4767
4765
4765
4765
4760
4757
4755
4754
4753
4753
4753
4752
4751
4751
4749
4747
4745
4741
4741
4741
4740
4739
4739
4738
4736
4735
4735
4734
4733
4732
4732
4731
4730
4728
4725
4723
4722
4720
4720
4719
4718
4717
4715
4715
4714
4713
4712
4712
4708
4708
4708
4707
4707
4706
4705
4703
4703
4702
4701
4701
4699
4699
4698
4698
4698
4698
4690
4689
4689
4687
4687
4685
4685
4683
4683
4682
4682
4681
4681
4680
4678
4677
4676
4676
4675
4672
4671
4670
4669
4668
4667
4666
4665
4662
4662
4660
4659
4659
4659
4658
4657
4657
4655
4654
4654
4652
4648
4645
4642
4641
4641
4641
4640
4640
4640
4638
4638
4638
4636
4635
4632
4632
4630
4629
4629
4628
4625
4624
4624
4624
4623
4621
4620
4620
4619
4618
4617
4616
4616
4615
4613
4611
4611
4610
4609
4608
4607
4605
4604
4603
4603
4602
4602
4600
4598
4594
4594
4593
4592
4591
4591
4589
4587
4581
4580
4580
4578
4577
4576
4576
4573
4573
4573
4572
4571
4570
4570
4570
4568
4567
4566
4566
4565
4562
4561
4558
4558
4556
4556
4555
4554
4552
4551
4551
4550
4550
4548
4548
4547
4547
4546
4546
4545
4545
4542
4542
4542
4540
4540
4539
4538
4537
4537
4529
4528
4528
4528
4527
4527
4526
4526
4526
4526
4525
4525
4525
4525
4523
4522
4519
4519
4518
4516
4515
4515
4515
4513
4510
4510
4510
4508
4508
4507
4506
4504
4503
4503
4502
4500
4495
4493
4493
4491
4490
4489
4488
4488
4487
4485
4485
4485
4484
4484
4484
4483
4482
4482
4479
4479
4478
4476
4475
4475
4473
4471
4471
4470
4470
4468
4468
4465
4465
4463
4461
4458
4456
4454
4454
4453
4453
4452
4452
4451
4450
4449
4449
4446
4443
4443
4441
4440
4439
4437
4437
4437
4436
4435
4435
4434
4433
4432
4431
4431
4429
4428
4427
4426
4425
4424
4423
4423
4420
4419
4419
4417
4417
4417
4417
4417
4415
4412
4411
4410
4409
4408
4407
4405
4404
4404
4404
4403
4401
4400
4396
4396
4395
4393
4393
4393
4393
4392
4391
4390
4390
4389
4388
4388
4388
4387
4386
4386
4384
4382
4379
4377
4377
4376
4375
4375
4374
4374
4373
4372
4371
4369
4369
4366
4363
4362
4361
4356
4355
4353
4353
4350
4349
4348
4348
4346
4345
4345
4344
4341
4340
4340
4338
4338
4338
4338
4331
4330
4330
4328
4328
4328
4327
4327
4327
4326
4325
4325
4325
4323
4321
4320
4317
4317
4315
4315
4314
4314
4312
4310
4309
4309
4308
4306
4305
4305
4304
4304
4303
4301
4299
4298
4297
4293
4293
4293
4293
4291
4290
4289
4289
4285
4282
4282
4281
4280
4279
4279
4279
4275
4275
4273
4271
4270
4269
4268
4267
4267
4266
4264
4263
4260
4259
4257
4255
4255
4255
4254
4253
4252
4251
4249
4246
4246
4246
4245
4244
4243
4243
4242
4241
4240
4240
4239
4238
4237
4237
4236
4235
4234
4233
4231
4231
4227
4227
4226
4224
4223
4223
4220
4216
4216
4216
4214
4213
4211
4209
4207
4204
4203
4202
4202
4201
4198
4196
4193
4190
4189
4188
4187
4186
4184
4184
4181
4180
4179
4178
4176
4175
4175
4174
4172
4171
4171
4171
4170
4168
4164
4164
4162
4162
4161
4161
4159
4159
4158
4158
4158
4157
4152
4151
4151
4149
4149
4147
4144
4144
4143
4142
4140
4140
4137
4137
4135
4133
4133
4133
4131
4130
4129
4128
4128
4127
4126
4126
4124
4123
4122
4119
4115
4114
4113
4113
4113
4111
4110
4109
4109
4107
4106
4105
4105
4101
4098
4098
4096
4094
4094
4091
4090
4089
4089
4088
4087
4087
4086
4084
4083
4082
4081
4080
4078
4077
4077
4076
4075
4075
4073
4072
4071
4069
4069
4069
4068
4067
4063
4061
4060
4058
4057
4056
4055
4054
4054
4054
4050
4050
4050
4049
4048
4046
4044
4041
4040
4038
4036
4035
4034
4033
4033
4032
4029
4028
4028
4028
4027
4023
4023
4022
4021
4019
4019
4019
4019
4018
4017
4015
4014
4013
4013
4011
4011
4011
4011
4009
4008
4007
4007
4005
4004
4004
4004
4003
4003
4001
4001
4000
3997
3995
3992
3987
3987
3986
3986
3985
3984
3984
3983
3981
3981
3980
3979
3979
3978
3977
3976
3976
3974
3973
3972
3971
3969
3966
3965
3965
3963
3961
3960
3959
3958
3958
3953
3953
3952
3949
3948
3948
3947
3945
3943
3943
3943
3943
3942
3942
3937
3936
3936
3931
3930
3929
3929
3929
3928
3928
3927
3927
3925
3924
3923
3921
3918
3916
3908
3906
3904
3904
3902
3901
3901
3900
3898
3898
3897
3897
3897
3896
3895
3894
3890
3888
3880
3879
3879
3879
3876
3874
3870
3869
3868
3866
3865
3863
3863
3862
3861
3851
3849
3847
3845
3842
3840
3838
3837
3836
3836
3829
3827
3827
3827
3825
3823
3822
3822
3821
3820
3820
3818
3818
3815
3814
3814
3813
3811
3811
3809
3809
3805
3805
3804
3803
3800
3798
3797
3797
3791
3789
3788
3785
3785
3784
3781
3779
3779
3777
3775
3775
3772
3771
3771
3771
3771
3770
3770
3769
3769
3769
3766
3763
3763
3763
3762
3760
3759
3759
3759
3758
3758
3757
3754
3754
3753
3753
3749
3748
3746
3744
3744
3743
3743
3741
3740
3740
3739
3738
3738
3737
3736
3734
3731
3728
3727
3726
3724
3724
3723
3723
3722
3722
3721
3720
3719
3718
3718
3718
3718
3717
3716
3716
3716
3715
3715
3711
3711
3710
3709
3708
3708
3706
3703
3703
3702
3702
3701
3699
3697
3697
3696
3693
3692
3689
3688
3688
3686
3685
3685
3684
3684
3681
3680
3679
3677
3677
3674
3674
3673
3672
3672
3671
3671
3670
3669
3668
3666
3666
3665
3664
3664
3664
3664
3663
3662
3661
3658
3655
3655
3654
3653
3651
3650
3649
3649
3648
3647
3646
3646
3646
3645
3645
3643
3643
3641
3640
3638
3634
3634
3633
3632
3631
3629
3628
3627
3625
3623
3622
3620
3620
3620
3619
3618
3617
3616
3616
3615
3615
3613
3610
3608
3607
3602
3601
3600
3599
3599
3597
3597
3597
3596
3596
3596
3595
3594
3594
3593
3591
3591
3587
3587
3586
3585
3583
3583
3580
3578
3576
3575
3574
3572
3570
3569
3567
3566
3565
3560
3560
3559
3559
3558
3558
3556
3555
3555
3552
3552
3550
3549
3547
3545
3543
3543
3542
3542
3541
3539
3538
3538
3537
3536
3536
3535
3534
3534
3532
3531
3531
3531
3527
3526
3524
3524
3523
3519
3519
3517
3515
3514
3512
3510
3509
3508
3508
3507
3506
3504
3503
3503
3502
3501
3500
3499
3499
3499
3495
3493
3493
3493
3492
3491
3488
3487
3484
3484
3484
3483
3482
3478
3478
3478
3477
3476
3476
3476
3474
3473
3473
3472
3472
3467
3467
3467
3466
3464
3464
3464
3458
3455
3454
3454
3453
3453
3452
3450
3449
3449
3449
3447
3446
3446
3446
3445
3444
3442
3440
3440
3437
3437
3429
3428
3426
3426
3425
3424
3423
3422
3421
3420
3418
3416
3415
3415
3415
3414
3414
3414
3413
3411
3410
3409
3408
3405
3405
3404
3404
3402
3402
3402
3399
3399
3399
3398
3398
3397
3397
3395
3393
3393
3392
3391
3387
3387
3387
3386
3386
3386
3385
3385
3381
3380
3379
3376
3374
3374
3372
3372
3371
3369
3367
3367
3367
3367
3366
3365
3364
3363
3361
3359
3356
3356
3356
3355
3353
3353
3353
3349
3349
3347
3347
3347
3346
3343
3343
3343
3342
3342
3342
3342
3338
3337
3336
3335
3333
3332
3331
3331
3330
3330
3327
3327
3327
3325
3325
3323
3322
3319
3318
3316
3316
3315
3315
3314
3313
3312
3312
3311
3311
3311
3311
3307
3307
3305
3304
3301
3301
3300
3300
3299
3295
3294
3294
3293
3288
3288
3287
3285
3285
3283
3282
3282
3281
3281
3277
3276
3276
3275
3274
3271
3268
3267
3267
3266
3261
3260
3258
3256
3254
3253
3250
3250
3249
3249
3248
3247
3246
3245
3242
3241
3239
3239
3236
3233
3232
3232
3229
3229
3228
3226
3225
3224
3222
3221
3216
3214
3213
3212
3212
3211
3211
3208
3207
3207
3206
3206
3205
3204
3204
3204
3201
3201
3199
3199
3199
3199
3199
3199
3196
3195
3194
3194
3192
3192
3190
3190
3189
3188
3188
3186
3186
3186
3185
3185
3182
3180
3177
3173
3172
3171
3171
3171
3169
3167
3165
3163
3161
3158
3158
3156
3156
3156
3154
3154
3152
3152
3150
3148
3148
3147
3147
3147
3147
3144
3142
3141
3141
3139
3139
3139
3138
3137
3136
3133
3133
3130
3130
3128
3128
3127
3127
3127
3124
3122
3121
3120
3120
3118
3117
3116
3114
3113
3113
3112
3110
3108
3108
3107
3107
3107
3106
3104
3104
3103
3102
3102
3100
3100
3099
3098
3097
3097
3097
3097
3096
3092
3092
3089
3088
3088
3086
3082
3080
3078
3077
3074
3074
3072
3072
3071
3070
3068
3066
3066
3065
3064
3064
3063
3063
3058
3057
3057
3057
3056
3056
3055
3055
3052
3050
3050
3050
3049
3048
3045
3044
3043
3041
3040
3039
3038
3035
3035
3035
3034
3034
3031
3027
3027
3026
3023
3023
3018
3017
3017
3017
3015
3014
3013
3009
3006
3006
3005
3005
3005
3003
3002
3000
2999
2998
2998
2995
2992
2992
2991
2991
2988
2987
2986
2984
2983
2982
2981
2980
2980
2980
2978
2977
2976
2973
2972
2971
2970
2969
2968
2968
2967
2966
2966
2966
2965
2961
2960
2957
2956
2956
2954
2954
2954
2952
2952
2951
2951
2951
2951
2950
2950
2949
2947
2945
2944
2943
2943
2942
2941
2940
2936
2935
2935
2934
2934
2934
2933
2932
2931
2928
2928
2927
2926
2922
2922
2920
2919
2918
2918
2917
2915
2915
2910
2910
2909
2908
2903
2903
2902
2901
2900
2898
2898
2897
2895
2892
2891
2890
2888
2888
2881
2881
2880
2879
2878
2878
2873
2871
2869
2868
2866
2864
2862
2861
2861
2860
2859
2849
2842
2841
2841
2839
2839
2839
2838
2837
2837
2837
2834
2834
2833
2827
2826
2826
2825
2822
2822
2821
2819
2818
2818
2818
2816
2814
2812
2811
2810
2807
2806
2802
2801
2800
2800
2798
2797
2796
2795
2794
2794
2792
2791
2790
2789
2789
2788
2783
2782
2782
2780
2780
2779
2777
2775
2775
2775
2774
2773
2773
2773
2769
2767
2766
2766
2765
2764
2764
2763
2762
2762
2760
2760
2758
2757
2756
2754
2754
2753
2752
2749
2748
2748
2746
2746
2746
2744
2740
2740
2739
2739
2738
2737
2737
2737
2735
2733
2733
2731
2730
2730
2729
2727
2727
2727
2727
2725
2725
2721
2721
2719
2717
2715
2710
2710
2709
2707
2707
2701
2698
2695
2694
2694
2693
2691
2690
2690
2690
2689
2688
2688
2688
2687
2686
2684
2683
2683
2682
2679
2678
2677
2676
2676
2675
2671
2670
2670
2669
2669
2668
2666
2664
2664
2663
2663
2663
2662
2662
2659
2658
2658
2658
2656
2656
2656
2656
2655
2655
2654
2654
2654
2654
2648
2648
2648
2647
2647
2645
2639
2638
2634
2634
2634
2633
2632
2630
2630
2629
2628
2626
2622
2620
2618
2616
2616
2613
2613
2612
2612
2611
2611
2609
2608
2607
2605
2605
2604
2601
2599
2598
2596
2595
2594
2594
2594
2594
2594
2593
2592
2590
2588
2586
2586
2584
2584
2583
2581
2577
2576
2576
2569
2568
2568
2568
2568
2567
2566
2565
2565
2565
2564
2564
2564
2562
2562
2561
2561
2558
2556
2556
2554
2554
2553
2551
2550
2550
2549
2548
2547
2547
2546
2545
2544
2542
2541
2540
2538
2537
2536
2534
2533
2529
2526
2525
2523
2522
2522
2522
2521
2518
2517
2515
2510
2510
2506
2504
2503
2503
2501
2500
2499
2498
2498
2497
2496
2495
2493
2492
2491
2491
2490
2489
2489
2487
2484
2484
2483
2483
2483
2481
2477
2476
2475
2475
2474
2473
2473
2473
2470
2468
2468
2467
2467
2466
2464
2464
2464
2463
2463
2462
2462
2460
2460
2459
2458
2458
2451
2451
2451
2449
2449
2448
2447
2446
2445
2444
2444
2444
2444
2442
2438
2436
2434
2434
2433
2432
2431
2429
2429
2426
2426
2425
2424
2424
2424
2422
2419
2419
2416
2416
2416
2416
2414
2409
2408
2408
2408
2407
2406
2406
2404
2402
2400
2400
2399
2399
2394
2394
2393
2393
2392
2391
2391
2390
2390
2390
2389
2388
2387
2385
2383
2382
2382
2378
2376
2375
2374
2373
2372
2372
2370
2368
2367
2367
2366
2366
2366
2365
2363
2353
2352
2352
2350
2350
2349
2348
2347
2347
2347
2346
2343
2343
2342
2341
2341
2339
2339
2339
2339
2338
2338
2337
2336
2336
2336
2336
2335
2334
2332
2331
2328
2327
2326
2324
2323
2320
2317
2316
2316
2315
2314
2314
2312
2310
2308
2305
2304
2304
2303
2301
2300
2299
2297
2296
2293
2292
2292
2291
2291
2290
2289
2289
2287
2287
2284
2284
2284
2282
2282
2281
2281
2281
2281
2277
2276
2276
2275
2275
2272
2272
2270
2268
2267
2262
2257
2257
2256
2255
2255
2255
2254
2253
2250
2250
2248
2248
2247
2244
2243
2242
2241
2238
2238
2237
2237
2236
2235
2235
2234
2233
2232
2231
2231
2229
2228
2225
2225
2224
2220
2219
2219
2219
2218
2218
2216
2216
2216
2215
2209
2208
2207
2206
2205
2205
2203
2203
2202
2202
2199
2197
2197
2197
2196
2195
2195
2193
2193
2189
2189
2188
2187
2186
2184
2183
2182
2179
2177
2175
2174
2174
2174
2172
2172
2171
2171
2167
2167
2159
2158
2157
2157
2156
2153
2153
2150
2150
2147
2146
2146
2145
2144
2141
2140
2140
2139
2138
2138
2136
2136
2131
2129
2128
2125
2124
2123
2122
2120
2116
2115
2114
2113
2112
2112
2111
2111
2110
2110
2102
2099
2092
2090
2088
2087
2086
2086
2084
2084
2083
2078
2077
2075
2074
2073
2072
2071
2070
2070
2068
2067
2062
2061
2061
2058
2057
2057
2057
2054
2054
2053
2052
2051
2051
2048
2048
2048
2047
2044
2042
2040
2040
2037
2036
2036
2034
2031
2030
2030
2024
2024
2024
2022
2022
2022
2019
2017
2016
2016
2015
2015
2015
2013
2005
2002
2001
2000
2000
1999
1999
1997
1997
1996
1996
1995
1995
1995
1995
1993
1993
1992
1989
1987
1985
1984
1984
1982
1981
1979
1979
1976
1975
1975
1974
1973
1972
1972
1971
1970
1968
1967
1966
1962
1962
1961
1961
1961
1961
1959
1959
1959
1958
1957
1955
1955
1955
1953
1952
1952
1951
1951
1950
1946
1946
1946
1945
1944
1944
1943
1940
1940
1940
1939
1937
1935
1935
1932
1931
1930
1929
1929
1925
1924
1922
1922
1922
1919
1919
1916
1915
1913
1910
1910
1909
1905
1904
1901
1900
1898
1897
1896
1894
1892
1892
1891
1891
1891
1890
1890
1885
1884
1883
1883
1883
1882
1881
1880
1879
1878
1877
1875
1875
1875
1875
1874
1872
1871
1871
1869
1868
1868
1866
1866
1864
1864
1862
1860
1858
1858
1857
1853
1853
1853
1852
1851
1850
1848
1844
1843
1843
1842
1842
1842
1842
1840
1839
1838
1836
1836
1835
1834
1831
1830
1829
1829
1827
1827
1825
1825
1824
1823
1822
1819
1817
1815
1813
1812
1810
1808
1807
1807
1805
1803
1799
1798
1797
1797
1797
1796
1794
1793
1792
1789
1788
1786
1784
1783
1782
1780
1776
1775
1774
1773
1772
1771
1770
1767
1766
1764
1764
1762
1761
1761
1759
1757
1756
1754
1753
1753
1752
1751
1749
1746
1743
1742
1740
1739
1738
1736
1734
1733
1733
1731
1730
1729
1729
1722
1722
1721
1721
1720
1719
1718
1718
1717
1717
1716
1715
1715
1714
1714
1712
1709
1709
1708
1703
1703
1702
1701
1699
1699
1697
1697
1694
1694
1693
1692
1691
1690
1690
1690
1687
1687
1687
1687
1686
1686
1686
1683
1683
1680
1677
1676
1676
1676
1676
1667
1666
1665
1660
1660
1660
1659
1658
1657
1656
1655
1654
1651
1650
1649
1648
1645
1644
1644
1642
1639
1638
1638
1638
1637
1636
1635
1635
1635
1634
1631
1631
1631
1630
1629
1629
1627
1627
1625
1618
1616
1616
1615
1614
1613
1613
1611
1610
1609
1608
1608
1607
1605
1605
1605
1603
1603
1602
1601
1600
1600
1599
1599
1599
1597
1594
1593
1593
1592
1591
1590
1589
1588
1587
1587
1586
1585
1585
1584
1584
1582
1580
1580
1579
1578
1578
1574
1572
1571
1570
1569
1568
1564
1563
1562
1559
1559
1559
1558
1556
1556
1556
1555
1554
1553
1553
1551
1551
1546
1544
1542
1541
1540
1540
1539
1539
1538
1537
1534
1533
1532
1532
1531
1531
1530
1529
1528
1528
1527
1526
1526
1525
1525
1523
1523
1522
1521
1521
1521
1520
1519
1514
1514
1513
1513
1513
1510
1509
1508
1507
1506
1505
1504
1503
1502
1501
1497
1497
1496
1495
1495
1492
1491
1491
1491
1490
1490
1490
1486
1485
1484
1483
1480
1477
1475
1474
1474
1474
1472
1472
1467
1464
1462
1461
1461
1459
1457
1456
1452
1452
1451
1448
1445
1444
1443
1441
1439
1439
1439
1434
1433
1433
1432
1432
1432
1432
1431
1430
1430
1429
1428
1426
1425
1423
1422
1420
1418
1417
1417
1414
1413
1412
1411
1410
1409
1408
1407
1407
1406
1406
1405
1404
1403
1403
1399
1398
1398
1397
1396
1390
1386
1386
1384
1382
1381
1380
1379
1378
1378
1372
1363
1363
1362
1359
1359
1359
1355
1352
1352
1349
1347
1347
1346
1346
1346
1345
1342
1342
1342
1340
1338
1334
1333
1332
1332
1331
1330
1330
1329
1328
1328
1326
1326
1325
1323
1323
1322
1321
1320
1319
1318
1317
1317
1316
1316
1314
1313
1310
1309
1306
1305
1304
1304
1301
1301
1299
1298
1297
1297
1296
1296
1295
1292
1291
1291
1289
1285
1281
1279
1278
1277
1277
1276
1276
1275
1274
1273
1273
1272
1271
1271
1269
1268
1268
1267
1266
1265
1265
1265
1264
1263
1262
1259
1259
1256
1255
1255
1254
1253
1250
1249
1248
1248
1247
1244
1241
1238
1238
1237
1236
1234
1232
1231
1231
1231
1230
1230
1229
1229
1229
1229
1229
1229
1227
1227
1226
1226
1224
1221
1221
1221
1220
1219
1218
1216
1215
1215
1215
1214
1212
1211
1209
1208
1208
1207
1207
1206
1205
1203
1201
1200
1200
1199
1198
1196
1196
1195
1194
1192
1192
1190
1190
1190
1190
1190
1185
1184
1183
1183
1181
1175
1174
1174
1173
1168
1167
1167
1165
1164
1164
1163
1162
1161
1161
1160
1160
1158
1158
1156
1156
1154
1153
1152
1151
1150
1150
1149
1149
1147
1147
1146
1144
1144
1144
1143
1139
1139
1139
1138
1138
1136
1134
1133
1133
1131
1131
1127
1126
1126
1126
1124
1122
1121
1120
1118
1118
1117
1111
1110
1110
1104
1104
1103
1102
1100
1100
1099
1099
1096
1095
1095
1095
1094
1091
1089
1089
1088
1088
1085
1085
1082
1082
1081
1079
1079
1078
1076
1076
1076
1075
1075
1073
1072
1069
1066
1065
1065
1065
1063
1063
1063
1058
1057
1056
1056
1054
1052
1050
1047
1046
1045
1044
1044
1044
1043
1043
1043
1040
1039
1039
1039
1038
1037
1035
1034
1030
1029
1028
1028
1027
1025
1025
1025
1024
1024
1022
1021
1021
1019
1019
1017
1016
1014
1013
1013
1012
1012
1009
1009
1008
1008
1007
1004
1003
1003
1003
1001
1000
999
999
998
998
997
997
995
995
994
992
991
991
991
991
990
989
989
989
988
987
985
983
982
981
981
980
979
979
977
976
975
975
974
974
973
973
973
969
968
967
966
964
963
962
962
962
960
959
958
958
956
954
954
954
953
953
953
951
951
951
950
950
950
950
945
945
944
943
941
939
938
934
934
931
930
930
927
926
926
924
923
922
919
919
919
919
918
918
918
917
917
915
913
912
911
909
907
907
907
907
906
905
902
900
900
899
897
895
892
892
890
881
878
877
876
876
873
872
872
868
866
864
861
860
856
853
851
851
850
850
849
849
849
849
848
847
844
842
839
839
839
838
838
837
837
836
836
836
836
833
832
832
830
829
828
827
826
825
825
825
825
824
824
822
821
821
820
820
819
818
816
816
816
815
814
812
810
810
810
808
806
805
805
805
804
799
798
795
795
793
793
793
789
789
788
787
781
779
778
778
777
776
773
772
771
771
770
769
769
768
767
762
762
761
761
760
760
760
759
758
756
754
754
754
753
753
753
753
752
752
752
745
744
743
742
741
740
738
738
737
735
735
734
731
729
729
729
728
727
726
726
724
724
724
723
722
721
720
719
719
716
714
713
712
711
707
703
701
700
698
698
696
695
694
694
693
693
691
686
686
685
684
680
678
673
673
673
672
672
671
669
667
666
666
661
661
661
657
656
656
653
653
651
646
644
643
643
640
639
635
634
634
633
631
630
629
629
628
628
626
623
621
621
621
621
620
619
619
619
618
617
616
616
615
615
615
614
612
612
611
611
609
607
605
604
604
603
601
601
601
599
598
598
595
595
594
594
592
592
591
587
586
581
580
578
576
575
574
573
571
571
568
566
565
563
562
559
559
557
555
555
554
554
552
552
550
549
549
548
548
547
543
542
539
539
537
536
536
535
534
534
533
532
532
532
532
531
531
529
526
525
524
523
523
522
521
521
521
519
517
513
511
510
507
504
504
504
504
502
501
501
497
494
494
494
493
492
490
489
489
488
487
487
485
485
485
484
483
480
479
479
478
476
475
475
471
471
470
468
467
464
462
461
458
458
456
454
453
452
452
451
451
450
448
448
447
446
445
444
444
443
442
440
439
439
438
437
436
434
432
431
430
429
429
428
427
426
426
423
423
420
420
416
415
414
413
413
412
410
410
409
408
408
408
407
406
406
405
405
405
405
405
404
403
403
403
401
401
400
399
399
398
396
395
394
392
392
389
389
388
387
386
385
384
384
380
378
376
374
373
371
369
368
367
366
365
363
362
360
359
358
357
356
356
352
351
349
345
345
345
342
342
342
342
341
340
339
337
337
337
336
333
332
331
330
328
326
326
320
318
317
317
313
312
312
311
311
310
310
309
309
309
309
309
308
307
305
304
304
302
300
300
298
298
297
295
292
291
288
287
287
287
286
284
283
281
280
280
279
279
277
276
276
275
274
271
271
268
267
266
265
264
263
262
262
262
261
260
258
257
257
256
256
255
255
254
253
252
251
251
249
248
246
245
243
243
242
242
239
239
237
235
233
231
231
229
229
229
228
227
226
225
225
224
224
223
222
219
219
219
218
215
215
214
214
213
212
211
210
209
208
207
207
206
203
202
201
197
197
196
196
196
195
194
193
193
192
190
190
190
189
189
188
187
184
182
179
172
170
169
168
168
168
167
167
166
162
161
161
159
157
157
154
153
152
152
151
151
150
149
146
146
146
144
143
143
143
142
141
140
140
138
138
137
137
137
135
134
134
134
134
133
132
130
130
127
127
124
119
118
117
117
116
116
111
111
107
106
106
104
104
103
102
102
100
100
100
99
99
98
98
94
93
90
89
89
88
87
87
86
85
84
84
84
82
82
80
76
75
73
73
72
72
71
71
69
67
67
67
66
65
63
63
62
59
59
55
54
53
52
52
52
47
47
46
46
45
43
41
37
37
37
36
36
34
33
32
32
32
30
28
24
23
21
20
19
16
16
14
13
12
9
8
5
4
4
2
