9994
9990
9987
9937
9932
9930
9897
9887
9809
9802
9782
9779
9762
9747
9684
9684
9665
9580
9576
9569
9540
9535
9514
9483
9345
9339
9331
9307
9298
9246
9232
9178
9162
9133
9103
9085
9074
9062
9060
9034
9033
9033
9009
8973
8963
8955
8951
8897
8844
8832
8813
8797
8733
8648
8644
8632
8621
8617
8526
8488
8477
8458
8410
8388
8380
8273
8271
8267
8236
8223
8222
8181
8159
8117
8068
8067
8053
8023
7988
7979
7921
7840
7831
7824
7822
7818
7804
7794
7749
7743
7732
7715
7705
7682
7620
7618
7609
7577
7574
7571
7564
7537
7523
7503
7475
7433
7414
7413
7380
7379
7354
7344
7342
7278
7261
7238
7198
7158
7153
7153
7134
7090
7042
7022
7020
6986
6959
6936
6925
6924
6895
6833
6747
6734
6706
6670
6656
6653
6621
6597
6596
6593
6523
6511
6507
6501
6416
6379
6357
6336
6303
6288
6238
6196
6195
6192
6175
6158
6103
6079
6066
6044
5962
5949
5937
5915
5899
5869
5837
5821
5768
5764
5700
5699
5694
5692
5686
5650
5640
5630
5620
5616
5601
5601
5593
5580
5577
5563
5529
5504
5459
5415
5355
5344
5328
5321
5205
5193
5187
5184
5177
5173
5171
5168
5155
5119
5116
5069
5067
5054
5037
5026
5008
5007
4968
4937
4936
4925
4913
4883
4858
4840
4832
4824
4817
4779
4775
4760
4729
4728
4667
4632
4608
4595
4595
4579
4559
4524
4516
4480
4472
4465
4454
4446
4435
4428
4375
4337
4296
4273
4270
4190
4185
4148
4122
4115
4092
4087
4078
4070
4056
4055
4010
3995
3981
3976
3976
3899
3864
3850
3735
3719
3713
3698
3695
3646
3624
3617
3617
3616
3608
3579
3575
3544
3484
3464
3440
3434
3413
3377
3353
3345
3344
3331
3292
3273
3194
3175
3174
3161
3160
3129
3128
3097
3084
3058
3046
2990
2986
2968
2968
2955
2947
2938
2905
2895
2864
2859
2856
2756
2723
2722
2705
2700
2669
2625
2621
2586
2567
2559
2536
2532
2523
2477
2476
2449
2429
2383
2371
2324
2320
2310
2290
2271
2255
2253
2246
2149
2116
2089
2087
2078
2022
2008
2003
1969
1961
1941
1913
1888
1883
1861
1825
1765
1746
1724
1698
1612
1494
1472
1470
1469
1436
1433
1350
1331
1326
1310
1309
1308
1299
1292
1283
1283
1223
1220
1213
1195
1185
1167
1157
1139
1129
1121
1100
1075
1073
1067
1061
1060
1046
1038
1031
1006
984
978
894
850
815
743
723
721
682
610
605
581
563
536
523
514
494
486
476
460
421
387
360
348
258
240
225
190
189
187
161
147
127
127
119
36
35
12
11
3
-31
-87
-106
-146
-152
-155
-275
-279
-366
-372
-467
-480
-498
-556
-570
-590
-599
-617
-652
-684
-726
-758
-788
-803
-811
-816
-825
-838
-855
-855
-856
-896
-904
-932
-987
-1003
-1044
-1105
-1113
-1151
-1187
-1233
-1275
-1292
-1335
-1381
-1393
-1426
-1429
-1439
-1450
-1464
-1473
-1478
-1504
-1504
-1555
-1558
-1573
-1574
-1613
-1616
-1683
-1686
-1694
-1728
-1736
-1773
-1787
-1865
-1873
-1891
-1898
-1920
-1947
-1957
-1991
-2018
-2035
-2040
-2041
-2202
-2211
-2236
-2246
-2305
-2331
-2334
-2339
-2353
-2361
-2367
-2387
-2399
-2401
-2430
-2446
-2448
-2464
-2464
-2476
-2479
-2533
-2538
-2543
-2564
-2628
-2641
-2666
-2698
-2716
-2721
-2729
-2730
-2731
-2740
-2746
-2751
-2759
-2776
-2815
-2817
-2840
-2856
-2876
-2936
-2941
-2944
-2969
-2973
-3047
-3061
-3067
-3077
-3077
-3091
-3106
-3132
-3180
-3247
-3252
-3268
-3268
-3278
-3284
-3291
-3302
-3315
-3322
-3349
-3401
-3408
-3414
-3425
-3433
-3442
-3444
-3476
-3482
-3500
-3509
-3530
-3556
-3561
-3582
-3582
-3630
-3634
-3647
-3727
-3750
-3794
-3853
-3860
-3877
-3949
-3997
-4012
-4025
-4055
-4058
-4058
-4073
-4091
-4093
-4100
-4110
-4160
-4184
-4195
-4228
-4229
-4280
-4305
-4338
-4389
-4398
-4418
-4478
-4588
-4589
-4595
-4633
-4653
-4664
-4675
-4693
-4697
-4698
-4806
-4822
-4835
-4843
-4845
-4873
-4885
-4889
-4898
-4914
-4921
-4933
-5019
-5040
-5068
-5079
-5094
-5107
-5121
-5158
-5168
-5187
-5195
-5219
-5238
-5243
-5277
-5327
-5342
-5351
-5380
-5388
-5410
-5422
-5439
-5448
-5482
-5501
-5526
-5528
-5564
-5593
-5658
-5659
-5669
-5671
-5671
-5699
-5718
-5751
-5801
-5826
-5843
-5843
-5861
-5919
-5954
-5956
-5996
-6000
-6026
-6094
-6094
-6100
-6105
-6109
-6164
-6166
-6171
-6171
-6233
-6248
-6275
-6313
-6318
-6339
-6342
-6372
-6377
-6397
-6400
-6459
-6480
-6494
-6521
-6527
-6560
-6630
-6644
-6652
-6664
-6708
-6729
-6752
-6755
-6764
-6773
-6813
-6820
-6854
-6883
-6938
-6959
-6968
-6983
-7000
-7017
-7031
-7051
-7154
-7203
-7214
-7245
-7273
-7316
-7458
-7461
-7483
-7495
-7507
-7522
-7527
-7537
-7540
-7607
-7648
-7686
-7706
-7711
-7712
-7732
-7736
-7776
-7780
-7780
-7788
-7833
-7838
-7852
-7855
-7881
-7921
-7925
-7964
-7980
-7993
-8006
-8037
-8060
-8068
-8073
-8101
-8105
-8143
-8160
-8166
-8205
-8223
-8236
-8240
-8260
-8279
-8287
-8298
-8301
-8302
-8310
-8312
-8329
-8392
-8435
-8435
-8459
-8477
-8514
-8522
-8601
-8624
-8638
-8653
-8717
-8720
-8766
-8776
-8791
-8797
-8801
-8823
-8827
-8840
-8886
-8886
-8890
-8966
-8974
-8983
-9007
-9009
-9010
-9014
-9035
-9065
-9073
-9075
-9115
-9128
-9132
-9135
-9154
-9165
-9182
-9185
-9207
-9221
-9224
-9240
-9269
-9290
-9315
-9356
-9369
-9401
-9413
-9461
-9558
-9627
-9631
-9681
-9703
-9718
-9738
-9745
-9757
-9774
-9792
-9796
-9820
-9870
-9876
-9876
-9902
