2
4
5
6
17
18
19
20
27
29
32
35
36
37
38
38
38
47
50
52
58
58
64
67
67
69
69
75
78
86
86
88
100
100
101
104
109
110
112
116
120
121
126
127
127
129
132
136
137
144
145
146
147
147
148
152
159
160
162
167
168
169
172
174
182
184
188
195
199
204
205
207
211
214
223
224
227
228
228
228
233
234
240
248
249
249
266
271
277
279
279
280
280
280
285
287
287
292
294
295
295
295
302
302
302
303
307
307
317
318
318
321
321
323
341
344
348
356
368
369
375
381
382
384
385
395
397
399
400
402
406
406
406
409
409
412
413
418
425
425
427
430
439
439
440
441
442
443
444
447
448
450
451
452
453
454
455
457
460
465
468
470
472
473
475
475
483
486
487
487
491
491
495
496
496
496
500
501
510
511
514
515
515
516
520
520
521
522
523
523
523
524
528
531
533
537
538
539
545
545
546
546
548
553
553
554
555
556
564
565
569
573
575
577
577
579
580
585
588
592
593
595
595
596
597
600
604
606
607
611
611
614
615
615
617
617
618
625
629
633
634
634
636
641
641
666
666
666
672
679
682
690
694
694
697
697
697
702
712
715
716
718
719
729
729
730
738
739
740
741
743
745
749
750
754
760
763
764
764
764
770
770
772
778
786
787
788
788
789
797
805
806
808
810
812
815
816
817
820
822
822
822
823
824
825
825
826
828
829
831
832
832
834
835
838
838
838
839
841
842
846
846
853
858
859
863
873
874
874
876
877
878
879
883
885
889
890
890
892
893
894
895
900
902
903
910
916
921
922
924
927
930
931
933
934
935
935
936
937
937
937
938
938
940
941
944
946
946
950
953
956
960
961
961
962
965
965
986
987
991
991
991
993
995
999
1000
1002
1008
1011
1014
1014
1015
1015
1015
1016
1017
1019
1024
1024
1026
1026
1031
1033
1041
1041
1042
1042
1044
1047
1048
1048
1054
1055
1056
1057
1057
1059
1059
1061
1061
1061
1063
1066
1067
1070
1072
1080
1082
1089
1091
1094
1096
1097
1100
1105
1107
1108
1109
1109
1114
1115
1116
1118
1121
1123
1127
1128
1130
1131
1137
1139
1140
1140
1141
1142
1143
1145
1146
1146
1147
1149
1155
1163
1169
1170
1171
1173
1178
1182
1182
1183
1184
1186
1189
1194
1194
1196
1197
1198
1204
1204
1208
1209
1210
1212
1214
1217
1219
1220
1226
1231
1232
1232
1235
1237
1241
1247
1249
1249
1251
1251
1252
1255
1257
1259
1262
1263
1264
1265
1266
1267
1269
1269
1270
1272
1274
1274
1279
1286
1287
1289
1294
1296
1300
1303
1308
1313
1316
1316
1318
1319
1319
1320
1325
1326
1327
1329
1332
1335
1338
1341
1342
1342
1353
1354
1355
1356
1357
1358
1362
1368
1368
1375
1377
1378
1378
1379
1389
1391
1392
1392
1394
1397
1405
1407
1410
1410
1413
1418
1421
1421
1423
1425
1425
1425
1428
1431
1433
1434
1434
1441
1442
1446
1448
1450
1451
1452
1456
1457
1458
1459
1459
1460
1461
1462
1467
1472
1473
1473
1478
1478
1478
1480
1481
1482
1483
1484
1487
1490
1493
1495
1496
1505
1511
1512
1512
1513
1514
1516
1516
1517
1520
1521
1523
1525
1528
1529
1529
1530
1537
1540
1541
1542
1544
1547
1548
1553
1554
1556
1559
1568
1568
1574
1574
1575
1578
1579
1580
1580
1584
1584
1587
1588
1594
1595
1597
1603
1604
1611
1615
1618
1620
1622
1625
1639
1642
1644
1647
1658
1659
1662
1664
1666
1670
1677
1684
1685
1688
1691
1694
1696
1698
1699
1699
1707
1708
1709
1712
1713
1714
1724
1726
1728
1728
1730
1731
1731
1733
1735
1739
1741
1741
1744
1744
1745
1759
1760
1763
1766
1767
1768
1768
1769
1770
1771
1772
1774
1775
1784
1785
1785
1787
1788
1793
1794
1795
1797
1804
1810
1813
1816
1818
1820
1820
1821
1824
1824
1825
1828
1830
1835
1836
1836
1840
1841
1845
1846
1849
1850
1851
1851
1859
1861
1863
1868
1869
1875
1881
1886
1888
1896
1896
1898
1899
1900
1903
1908
1908
1910
1910
1911
1919
1922
1923
1923
1925
1932
1937
1937
1938
1941
1942
1943
1945
1945
1951
1953
1953
1953
1953
1954
1954
1955
1959
1961
1963
1963
1970
1971
1974
1976
1977
1978
1978
1978
1978
1980
1986
1989
1990
1991
1998
2000
2004
2008
2010
2011
2018
2018
2020
2020
2023
2024
2030
2037
2040
2045
2049
2050
2053
2054
2055
2056
2058
2058
2059
2062
2063
2069
2072
2075
2076
2082
2085
2088
2090
2092
2095
2097
2104
2107
2107
2108
2112
2117
2117
2123
2134
2136
2138
2142
2143
2152
2159
2166
2168
2168
2169
2171
2171
2171
2172
2174
2176
2177
2178
2182
2182
2190
2190
2191
2192
2193
2193
2194
2194
2198
2203
2206
2207
2210
2211
2212
2216
2219
2220
2221
2222
2224
2229
2230
2236
2237
2239
2242
2243
2244
2244
2244
2245
2248
2250
2255
2260
2262
2263
2268
2270
2279
2282
2288
2290
2293
2304
2313
2316
2324
2328
2328
2330
2330
2330
2330
2336
2337
2338
2345
2347
2347
2349
2349
2354
2358
2365
2366
2367
2368
2371
2378
2384
2386
2387
2388
2391
2394
2399
2399
2400
2400
2403
2407
2408
2409
2410
2411
2411
2420
2421
2423
2425
2425
2426
2432
2435
2439
2440
2445
2451
2454
2458
2459
2463
2469
2469
2474
2475
2478
2478
2484
2485
2486
2486
2487
2488
2489
2491
2494
2498
2503
2510
2511
2512
2514
2515
2516
2519
2521
2529
2530
2537
2546
2549
2551
2551
2552
2552
2553
2556
2559
2560
2561
2563
2568
2569
2570
2572
2577
2578
2581
2582
2588
2590
2595
2602
2603
2608
2609
2609
2610
2610
2614
2622
2625
2626
2627
2633
2641
2641
2645
2651
2653
2655
2655
2655
2657
2662
2663
2665
2668
2673
2677
2679
2682
2687
2689
2690
2690
2692
2694
2696
2702
2703
2704
2704
2709
2713
2715
2719
2723
2723
2724
2729
2730
2732
2734
2736
2740
2746
2748
2754
2757
2760
2765
2769
2771
2773
2773
2786
2790
2792
2800
2800
2800
2801
2802
2805
2806
2819
2825
2828
2830
2834
2839
2844
2847
2849
2851
2856
2859
2863
2864
2864
2867
2868
2870
2872
2875
2877
2877
2885
2889
2889
2891
2900
2900
2906
2906
2906
2911
2917
2917
2919
2919
2919
2922
2923
2924
2926
2928
2929
2932
2939
2943
2945
2946
2946
2948
2952
2954
2958
2958
2962
2966
2969
2972
2974
2976
2982
2983
2984
2985
2993
2993
2993
3000
3001
3006
3008
3014
3016
3016
3018
3037
3047
3050
3053
3059
3060
3060
3062
3064
3069
3072
3072
3074
3078
3084
3085
3088
3091
3096
3101
3105
3107
3110
3111
3115
3117
3121
3124
3126
3126
3127
3127
3128
3128
3128
3129
3130
3139
3142
3142
3150
3156
3157
3157
3158
3161
3164
3166
3167
3168
3171
3171
3172
3178
3181
3182
3185
3191
3193
3197
3197
3198
3199
3202
3214
3216
3217
3219
3223
3227
3227
3229
3236
3237
3238
3239
3241
3246
3248
3248
3249
3260
3261
3263
3263
3266
3268
3275
3279
3280
3281
3285
3285
3287
3287
3293
3295
3296
3300
3301
3306
3309
3309
3312
3313
3317
3334
3336
3336
3340
3340
3341
3342
3352
3352
3353
3354
3355
3361
3367
3373
3374
3374
3375
3378
3384
3394
3395
3395
3395
3398
3398
3398
3405
3409
3412
3416
3416
3418
3422
3424
3426
3426
3428
3430
3432
3433
3438
3440
3442
3443
3451
3452
3452
3454
3455
3456
3457
3457
3457
3459
3466
3468
3475
3475
3476
3477
3481
3484
3486
3498
3500
3500
3505
3511
3515
3516
3517
3523
3526
3526
3528
3528
3536
3539
3540
3543
3543
3545
3545
3546
3550
3550
3550
3552
3556
3559
3560
3561
3564
3564
3570
3571
3572
3574
3580
3581
3582
3584
3589
3590
3591
3596
3600
3603
3604
3608
3613
3616
3617
3619
3620
3621
3624
3625
3626
3634
3636
3639
3640
3642
3645
3646
3650
3651
3651
3653
3665
3670
3671
3673
3674
3678
3683
3683
3685
3685
3685
3686
3686
3686
3686
3689
3692
3694
3699
3700
3704
3704
3717
3718
3719
3721
3723
3726
3730
3730
3738
3742
3743
3748
3754
3757
3763
3768
3770
3771
3777
3786
3786
3789
3789
3791
3791
3792
3796
3798
3808
3812
3813
3816
3818
3820
3822
3823
3826
3829
3829
3832
3832
3835
3839
3839
3843
3849
3851
3852
3854
3854
3854
3859
3861
3862
3873
3875
3877
3884
3889
3890
3902
3902
3902
3904
3906
3906
3907
3907
3908
3911
3914
3916
3918
3920
3922
3922
3923
3924
3926
3929
3930
3933
3935
3936
3942
3944
3945
3948
3956
3958
3961
3961
3962
3968
3973
3975
3976
3976
3977
3979
3981
3981
3982
3985
3986
3988
3993
3994
3996
3997
4001
4004
4005
4006
4006
4010
4016
4017
4025
4026
4028
4029
4031
4031
4035
4035
4036
4042
4049
4056
4056
4058
4058
4068
4073
4075
4077
4078
4083
4085
4088
4091
4095
4100
4101
4103
4103
4105
4109
4110
4113
4114
4117
4117
4118
4123
4125
4126
4138
4140
4153
4154
4156
4157
4161
4165
4170
4172
4172
4172
4173
4173
4175
4179
4180
4190
4193
4193
4195
4195
4197
4198
4198
4201
4202
4202
4203
4203
4204
4206
4207
4208
4208
4214
4215
4217
4217
4217
4218
4218
4220
4220
4226
4232
4233
4237
4238
4239
4244
4246
4249
4251
4255
4257
4258
4260
4261
4262
4264
4266
4276
4279
4284
4288
4290
4290
4292
4295
4296
4299
4304
4304
4305
4309
4316
4316
4318
4318
4322
4326
4327
4329
4329
4335
4337
4339
4346
4351
4353
4354
4357
4358
4363
4364
4365
4368
4372
4380
4383
4383
4386
4391
4392
4392
4392
4394
4395
4396
4397
4401
4401
4403
4407
4407
4411
4412
4412
4413
4414
4421
4422
4424
4425
4426
4427
4428
4438
4441
4444
4444
4448
4448
4456
4458
4462
4462
4468
4469
4476
4477
4478
4479
4479
4480
4480
4484
4484
4485
4489
4491
4492
4492
4494
4494
4496
4496
4496
4498
4500
4500
4501
4505
4506
4511
4513
4514
4515
4521
4527
4528
4531
4532
4532
4545
4545
4555
4557
4558
4563
4566
4570
4574
4576
4577
4577
4577
4578
4582
4583
4586
4587
4588
4588
4590
4591
4597
4598
4599
4600
4603
4608
4614
4621
4622
4624
4628
4628
4629
4632
4632
4640
4642
4645
4655
4655
4656
4662
4663
4664
4664
4664
4665
4668
4669
4670
4675
4677
4678
4679
4681
4682
4685
4688
4694
4701
4701
4702
4705
4716
4718
4722
4723
4723
4725
4725
4728
4729
4729
4730
4735
4739
4743
4743
4750
4753
4753
4754
4757
4760
4763
4764
4764
4765
4769
4770
4776
4776
4784
4789
4789
4790
4792
4794
4797
4799
4800
4803
4810
4810
4812
4817
4817
4822
4827
4831
4833
4837
4839
4839
4843
4847
4850
4850
4851
4859
4874
4877
4879
4880
4880
4882
4883
4885
4887
4889
4890
4892
4893
4896
4896
4896
4897
4900
4901
4904
4904
4908
4909
4912
4915
4916
4918
4921
4922
4922
4927
4929
4936
4937
4940
4943
4944
4945
4948
4954
4954
4959
4960
4961
4962
4964
4972
4973
4973
4975
4976
4978
4983
4985
4989
4991
4991
4992
4993
4995
4996
4997
4997
5004
5005
5009
5020
5027
5031
5033
5034
5034
5035
5035
5037
5037
5045
5050
5051
5057
5057
5057
5058
5060
5068
5070
5077
5078
5082
5087
5089
5090
5090
5092
5106
5107
5108
5110
5111
5113
5114
5114
5115
5118
5119
5121
5122
5129
5129
5130
5131
5134
5137
5137
5138
5149
5156
5157
5157
5162
5167
5170
5177
5178
5180
5181
5185
5192
5194
5194
5195
5199
5201
5201
5203
5207
5208
5209
5216
5216
5218
5219
5223
5228
5229
5229
5233
5234
5237
5239
5242
5244
5245
5247
5247
5250
5251
5252
5253
5253
5253
5254
5256
5258
5260
5260
5260
5261
5262
5265
5265
5267
5268
5269
5271
5273
5275
5276
5279
5304
5305
5305
5306
5306
5306
5308
5309
5316
5319
5320
5321
5322
5323
5326
5329
5332
5333
5345
5347
5347
5351
5353
5354
5355
5359
5362
5365
5366
5367
5369
5370
5372
5373
5373
5383
5387
5387
5387
5392
5394
5405
5406
5408
5412
5414
5416
5422
5424
5426
5429
5441
5441
5441
5443
5445
5445
5449
5449
5450
5451
5453
5453
5453
5454
5461
5462
5465
5466
5468
5472
5474
5477
5479
5479
5482
5484
5485
5494
5496
5497
5497
5498
5503
5505
5505
5505
5506
5506
5509
5510
5510
5512
5513
5514
5514
5514
5514
5515
5515
5523
5524
5526
5527
5527
5527
5532
5532
5543
5548
5559
5561
5571
5572
5572
5573
5574
5579
5580
5580
5583
5584
5586
5587
5594
5595
5595
5595
5598
5599
5600
5601
5608
5610
5611
5615
5616
5617
5618
5618
5619
5624
5624
5625
5626
5628
5629
5633
5633
5650
5651
5654
5657
5658
5659
5659
5662
5662
5662
5664
5664
5666
5668
5668
5670
5671
5673
5674
5675
5681
5684
5684
5686
5688
5689
5693
5696
5697
5698
5699
5704
5705
5713
5715
5715
5716
5718
5720
5721
5723
5724
5724
5727
5739
5745
5746
5747
5747
5748
5753
5754
5761
5762
5766
5770
5771
5772
5773
5778
5786
5790
5793
5793
5796
5796
5801
5805
5805
5806
5810
5812
5812
5813
5814
5815
5817
5817
5817
5819
5822
5823
5824
5826
5833
5837
5838
5850
5852
5859
5860
5864
5864
5865
5869
5874
5875
5877
5877
5882
5887
5892
5894
5895
5895
5898
5900
5900
5904
5905
5906
5910
5910
5912
5912
5912
5917
5917
5920
5921
5924
5925
5926
5931
5934
5934
5935
5937
5941
5941
5944
5948
5948
5948
5949
5954
5957
5962
5963
5967
5975
5976
5978
5979
5979
5979
5982
5982
5985
5987
5992
5994
5996
6000
6011
6014
6016
6016
6017
6018
6019
6019
6021
6021
6023
6026
6026
6026
6027
6027
6030
6033
6035
6035
6035
6039
6039
6045
6048
6052
6052
6053
6055
6057
6057
6058
6059
6070
6072
6077
6083
6084
6085
6095
6096
6097
6097
6099
6102
6102
6107
6113
6115
6116
6119
6121
6122
6125
6126
6126
6127
6127
6128
6131
6135
6138
6139
6139
6142
6146
6147
6151
6152
6156
6158
6164
6165
6166
6168
6169
6173
6175
6177
6179
6180
6186
6187
6192
6192
6193
6193
6193
6197
6200
6200
6201
6202
6204
6206
6207
6208
6210
6210
6211
6211
6218
6219
6223
6223
6226
6227
6229
6232
6233
6234
6236
6238
6243
6247
6250
6252
6257
6262
6263
6269
6269
6269
6272
6274
6286
6287
6287
6288
6290
6291
6292
6298
6299
6300
6300
6304
6308
6309
6309
6311
6312
6317
6317
6319
6326
6327
6332
6333
6340
6340
6341
6345
6347
6351
6352
6356
6358
6362
6368
6369
6370
6371
6372
6376
6377
6378
6379
6380
6382
6382
6385
6388
6389
6394
6394
6395
6400
6403
6405
6407
6407
6408
6410
6412
6413
6420
6420
6423
6429
6431
6434
6438
6443
6449
6459
6460
6460
6460
6463
6468
6469
6472
6472
6475
6478
6482
6484
6486
6491
6494
6496
6497
6497
6502
6506
6511
6512
6514
6515
6515
6517
6521
6531
6539
6549
6550
6550
6551
6553
6554
6561
6561
6564
6565
6566
6567
6573
6573
6581
6587
6588
6588
6595
6596
6602
6602
6603
6604
6604
6607
6608
6609
6612
6616
6616
6617
6617
6619
6622
6623
6624
6625
6627
6629
6632
6634
6637
6637
6640
6642
6642
6644
6646
6647
6648
6648
6654
6655
6657
6659
6660
6661
6663
6665
6670
6672
6675
6679
6686
6690
6690
6691
6694
6694
6700
6702
6702
6707
6707
6708
6710
6716
6717
6719
6721
6727
6728
6729
6733
6735
6735
6735
6739
6741
6742
6745
6747
6748
6748
6749
6749
6750
6751
6759
6762
6763
6767
6768
6768
6771
6772
6773
6773
6784
6785
6792
6793
6796
6799
6803
6805
6806
6806
6812
6813
6813
6814
6815
6818
6821
6824
6828
6831
6835
6840
6841
6844
6844
6846
6850
6852
6852
6863
6866
6867
6868
6872
6873
6873
6874
6874
6878
6880
6881
6886
6888
6895
6896
6898
6903
6906
6907
6908
6909
6909
6910
6910
6911
6912
6913
6913
6914
6917
6923
6928
6931
6931
6933
6933
6935
6936
6941
6941
6942
6945
6946
6950
6956
6959
6960
6960
6961
6962
6965
6968
6973
6977
6977
6977
6979
6983
6983
6987
6994
6998
7005
7006
7015
7015
7021
7024
7025
7027
7034
7034
7036
7037
7039
7044
7044
7045
7047
7047
7048
7048
7049
7060
7060
7065
7071
7073
7080
7082
7085
7088
7088
7090
7091
7093
7094
7099
7102
7103
7104
7104
7106
7108
7109
7112
7119
7121
7125
7128
7129
7130
7133
7137
7138
7147
7148
7155
7157
7159
7160
7163
7165
7173
7173
7177
7178
7181
7192
7194
7201
7202
7203
7209
7212
7213
7219
7219
7219
7223
7224
7229
7231
7234
7235
7240
7243
7245
7249
7252
7253
7257
7263
7265
7268
7270
7273
7274
7279
7286
7287
7289
7289
7294
7300
7302
7309
7310
7314
7314
7317
7318
7319
7322
7327
7334
7336
7338
7341
7341
7342
7343
7343
7343
7347
7348
7350
7356
7362
7362
7362
7362
7367
7369
7369
7372
7374
7377
7379
7380
7381
7387
7388
7390
7391
7393
7393
7396
7410
7411
7414
7416
7417
7418
7419
7419
7419
7420
7421
7423
7425
7426
7430
7435
7438
7440
7443
7447
7448
7448
7450
7450
7456
7456
7457
7458
7462
7470
7471
7472
7473
7476
7484
7485
7488
7489
7491
7497
7509
7511
7512
7515
7517
7523
7528
7533
7535
7537
7539
7541
7544
7548
7549
7550
7551
7553
7555
7558
7559
7561
7562
7562
7567
7571
7577
7583
7583
7586
7586
7587
7596
7597
7599
7603
7603
7606
7609
7612
7612
7612
7619
7619
7621
7621
7632
7644
7647
7648
7649
7652
7653
7654
7656
7664
7665
7677
7682
7688
7690
7691
7693
7694
7695
7695
7696
7706
7710
7711
7713
7717
7718
7720
7721
7722
7723
7725
7729
7731
7734
7735
7739
7742
7743
7748
7749
7752
7757
7761
7770
7770
7771
7773
7781
7782
7784
7786
7790
7792
7793
7802
7803
7803
7803
7806
7807
7810
7815
7816
7818
7826
7829
7829
7830
7832
7833
7835
7836
7836
7837
7838
7842
7844
7849
7852
7856
7856
7860
7866
7866
7867
7870
7875
7878
7882
7883
7892
7895
7896
7898
7900
7900
7905
7916
7921
7922
7924
7924
7926
7927
7928
7931
7932
7934
7940
7944
7948
7948
7951
7952
7955
7959
7961
7965
7970
7975
7983
7984
7985
7988
7989
7991
7992
7994
7994
7998
7999
8000
8000
8008
8008
8018
8025
8028
8031
8033
8034
8037
8037
8044
8052
8052
8058
8058
8068
8076
8080
8085
8088
8093
8095
8096
8098
8099
8102
8106
8114
8120
8126
8129
8139
8144
8150
8152
8155
8159
8163
8167
8171
8172
8178
8181
8182
8183
8185
8186
8187
8189
8194
8197
8198
8204
8206
8208
8212
8220
8224
8224
8225
8228
8231
8236
8242
8245
8249
8250
8250
8251
8256
8261
8261
8273
8274
8276
8276
8279
8283
8283
8283
8288
8289
8298
8302
8302
8304
8316
8316
8319
8319
8329
8330
8331
8333
8340
8341
8344
8344
8347
8355
8359
8361
8362
8367
8367
8370
8372
8373
8379
8379
8386
8389
8392
8398
8398
8402
8410
8412
8414
8415
8416
8418
8420
8424
8427
8427
8430
8431
8433
8435
8436
8441
8443
8443
8446
8446
8448
8449
8449
8451
8458
8461
8461
8464
8471
8475
8476
8477
8479
8481
8488
8490
8491
8493
8493
8493
8494
8502
8506
8512
8514
8520
8520
8520
8521
8534
8538
8539
8542
8543
8544
8545
8547
8549
8549
8559
8561
8565
8568
8572
8573
8573
8574
8581
8583
8583
8585
8586
8589
8590
8591
8594
8595
8599
8600
8601
8602
8604
8606
8608
8608
8610
8610
8610
8612
8613
8616
8616
8618
8620
8621
8621
8623
8623
8626
8629
8632
8632
8635
8639
8639
8643
8645
8646
8647
8647
8647
8649
8649
8658
8659
8661
8663
8669
8669
8672
8676
8683
8686
8690
8690
8692
8693
8694
8695
8703
8704
8705
8705
8711
8712
8716
8721
8725
8725
8730
8737
8738
8741
8742
8746
8754
8754
8764
8765
8766
8766
8766
8767
8767
8772
8777
8788
8789
8791
8795
8795
8797
8798
8800
8802
8805
8810
8811
8811
8814
8817
8817
8823
8825
8826
8827
8827
8832
8834
8835
8839
8840
8847
8849
8852
8852
8854
8856
8858
8866
8867
8868
8871
8874
8877
8879
8880
8881
8882
8884
8885
8885
8888
8892
8897
8897
8899
8900
8904
8907
8911
8912
8914
8914
8916
8919
8920
8922
8923
8925
8925
8925
8926
8926
8930
8934
8935
8936
8942
8946
8946
8954
8955
8958
8958
8965
8968
8969
8969
8969
8971
8974
8978
8978
8982
8982
8985
8989
8990
8990
8990
8992
8993
8996
9001
9002
9003
9004
9006
9009
9010
9012
9013
9015
9016
9016
9019
9029
9030
9031
9032
9037
9038
9039
9041
9043
9043
9044
9045
9045
9045
9045
9046
9047
9047
9047
9058
9063
9064
9067
9069
9076
9079
9079
9081
9082
9082
9090
9093
9095
9098
9113
9113
9114
9117
9125
9136
9137
9137
9137
9142
9143
9143
9143
9148
9149
9149
9149
9150
9152
9153
9154
9156
9157
9158
9159
9160
9163
9164
9172
9172
9172
9177
9177
9181
9191
9199
9202
9203
9203
9205
9207
9208
9211
9215
9216
9220
9221
9221
9224
9225
9228
9229
9231
9236
9236
9241
9246
9246
9250
9253
9254
9258
9260
9261
9263
9263
9271
9281
9286
9288
9292
9292
9292
9295
9296
9298
9299
9304
9305
9306
9307
9307
9312
9319
9320
9322
9324
9324
9327
9327
9331
9332
9333
9338
9338
9339
9341
9346
9353
9355
9356
9357
9357
9358
9366
9366
9367
9368
9371
9372
9372
9373
9375
9378
9384
9390
9390
9390
9390
9391
9392
9392
9396
9396
9404
9405
9417
9420
9421
9423
9424
9425
9427
9427
9427
9440
9443
9444
9445
9447
9449
9450
9454
9458
9460
9462
9470
9472
9474
9478
9479
9483
9484
9485
9496
9498
9499
9499
9504
9507
9511
9513
9515
9515
9516
9519
9520
9521
9524
9527
9527
9527
9532
9536
9540
9542
9546
9552
9553
9566
9568
9570
9573
9573
9574
9577
9580
9582
9590
9590
9591
9593
9596
9601
9602
9603
9606
9606
9609
9610
9611
9611
9612
9614
9615
9618
9619
9628
9632
9633
9641
9642
9646
9648
9649
9650
9651
9654
9655
9656
9658
9658
9660
9661
9663
9669
9670
9672
9681
9687
9697
9699
9699
9699
9701
9702
9702
9703
9705
9706
9708
9714
9716
9716
9720
9721
9722
9729
9730
9732
9732
9733
9733
9734
9734
9736
9746
9748
9749
9751
9752
9755
9759
9761
9766
9766
9766
9767
9774
9775
9777
9781
9783
9786
9791
9794
9794
9794
9796
9797
9798
9799
9799
9800
9802
9804
9813
9813
9820
9826
9832
9832
9833
9834
9835
9837
9842
9847
9849
9850
9850
9854
9856
9856
9861
9862
9864
9864
9867
9867
9869
9871
9873
9874
9875
9878
9879
9879
9880
9881
9881
9882
9884
9888
9892
9895
9897
9899
9901
9902
9903
9907
9907
9909
9910
9911
9912
9912
9915
9915
9917
9919
9922
9922
9923
9924
9926
9930
9933
9934
9935
9940
9943
9943
9945
9945
9947
9947
9951
9956
9959
9960
9965
9967
9983
9984
9987
9991
