9998
9988
9941
9938
9931
9916
9914
9898
9893
9887
9882
9870
9848
9829
9799
9797
9768
9765
9737
9712
9709
9690
9662
9600
9574
9551
9525
9488
9477
9459
9446
9427
9396
9391
9387
9383
9379
9376
9365
9363
9363
9335
9298
9258
9252
9242
9238
9221
9216
9215
9200
9179
9161
9091
9066
8994
8965
8964
8956
8864
8862
8810
8793
8759
8752
8743
8722
8712
8710
8704
8697
8689
8658
8634
8630
8625
8575
8573
8524
8502
8498
8447
8439
8437
8409
8392
8357
8350
8253
8237
8234
8233
8206
8199
8187
8181
8178
8146
8145
8136
8127
8117
8109
8103
8096
8086
8079
8057
8050
8047
8006
7985
7912
7882
7847
7822
7784
7768
7744
7704
7701
7698
7690
7684
7641
7626
7608
7562
7537
7527
7525
7468
7437
7431
7417
7410
7404
7403
7357
7325
7322
7286
7277
7243
7241
7202
7196
7174
7151
7113
7107
7105
7053
7053
7044
7022
7019
7007
7002
6960
6950
6926
6899
6877
6870
6854
6821
6810
6789
6785
6727
6675
6670
6601
6586
6582
6554
6530
6524
6518
6502
6475
6461
6435
6422
6402
6398
6371
6362
6344
6340
6319
6295
6290
6287
6285
6283
6265
6222
6206
6178
6171
6168
6115
6104
6101
6077
6066
6060
6002
5979
5976
5939
5931
5919
5914
5882
5877
5877
5866
5858
5846
5822
5821
5813
5786
5779
5774
5773
5737
5730
5715
5715
5691
5680
5680
5677
5660
5646
5641
5617
5602
5598
5592
5579
5568
5545
5536
5533
5504
5490
5469
5423
5421
5421
5386
5377
5360
5310
5272
5239
5230
5230
5228
5194
5180
5157
5157
5137
5116
5090
5083
5077
5062
5021
5020
5013
4963
4962
4955
4952
4929
4920
4909
4907
4882
4880
4822
4816
4815
4772
4770
4743
4721
4701
4693
4689
4684
4680
4650
4643
4633
4626
4620
4612
4584
4553
4529
4511
4498
4478
4459
4459
4435
4431
4407
4405
4404
4387
4381
4378
4332
4311
4307
4303
4276
4256
4202
4197
4185
4173
4160
4155
4139
4139
4101
4085
4078
4075
4057
4040
4023
3951
3944
3925
3916
3894
3890
3890
3889
3881
3879
3862
3855
3850
3848
3846
3831
3796
3783
3761
3705
3681
3680
3671
3663
3654
3648
3626
3626
3622
3615
3608
3589
3580
3536
3530
3473
3449
3432
3348
3347
3265
3232
3225
3209
3196
3166
3135
3133
3131
3100
3079
3079
3055
3052
3052
3048
3048
3034
3030
3000
2996
2984
2983
2958
2923
2913
2891
2869
2868
2866
2845
2843
2827
2819
2804
2750
2676
2669
2655
2654
2628
2611
2563
2562
2551
2527
2483
2474
2463
2426
2426
2426
2412
2408
2393
2389
2362
2358
2338
2336
2304
2285
2284
2259
2256
2252
2250
2197
2196
2183
2149
2129
2106
2101
2092
2055
2055
2052
2048
2036
2011
1994
1962
1938
1887
1873
1869
1825
1732
1730
1726
1687
1682
1662
1643
1633
1592
1590
1580
1578
1572
1556
1542
1525
1498
1490
1484
1407
1403
1395
1322
1316
1299
1298
1277
1271
1233
1172
1162
1152
1150
1146
1141
1140
1131
1075
1063
1034
1027
1021
1019
996
933
913
912
878
863
846
843
830
787
786
761
758
745
745
695
693
678
658
656
620
604
603
498
471
444
441
434
427
406
372
353
301
287
285
188
158
148
141
87
53
45
14
9
-11
-31
-59
-61
-66
-81
-85
-104
-153
-170
-175
-177
-197
-221
-225
-253
-262
-289
-305
-319
-331
-335
-335
-342
-355
-392
-403
-418
-445
-475
-522
-597
-602
-626
-645
-678
-700
-713
-735
-751
-781
-789
-818
-902
-908
-912
-975
-982
-1029
-1043
-1049
-1057
-1137
-1137
-1139
-1140
-1159
-1252
-1266
-1276
-1292
-1293
-1330
-1343
-1348
-1356
-1412
-1430
-1440
-1446
-1477
-1486
-1496
-1497
-1547
-1551
-1567
-1584
-1591
-1596
-1597
-1597
-1644
-1653
-1663
-1668
-1670
-1690
-1699
-1702
-1708
-1712
-1763
-1784
-1793
-1837
-1867
-1925
-1959
-1970
-1984
-2030
-2031
-2067
-2076
-2089
-2099
-2106
-2127
-2153
-2205
-2221
-2227
-2244
-2258
-2260
-2272
-2322
-2325
-2369
-2394
-2398
-2461
-2465
-2466
-2498
-2503
-2503
-2510
-2529
-2532
-2538
-2538
-2542
-2544
-2572
-2572
-2576
-2581
-2583
-2590
-2596
-2600
-2601
-2665
-2680
-2689
-2694
-2699
-2719
-2733
-2735
-2806
-2846
-2853
-2881
-2945
-2948
-2951
-2952
-2963
-2967
-2972
-2981
-2997
-3024
-3057
-3070
-3098
-3108
-3123
-3128
-3144
-3147
-3150
-3161
-3250
-3258
-3271
-3281
-3325
-3362
-3405
-3408
-3414
-3447
-3529
-3534
-3620
-3645
-3653
-3667
-3668
-3680
-3715
-3745
-3767
-3774
-3800
-3809
-3839
-3842
-3852
-3867
-3888
-3892
-3899
-3899
-3918
-3925
-3926
-3937
-3945
-3950
-3950
-3973
-3978
-3982
-3986
-3998
-4019
-4020
-4058
-4105
-4124
-4147
-4158
-4185
-4265
-4277
-4278
-4278
-4283
-4287
-4307
-4328
-4359
-4370
-4393
-4400
-4452
-4492
-4495
-4497
-4499
-4522
-4568
-4590
-4596
-4630
-4638
-4645
-4648
-4694
-4703
-4712
-4732
-4761
-4776
-4777
-4810
-4841
-4851
-4884
-4930
-5010
-5021
-5021
-5041
-5061
-5143
-5165
-5171
-5171
-5176
-5178
-5180
-5207
-5218
-5237
-5246
-5256
-5292
-5323
-5327
-5330
-5343
-5348
-5357
-5372
-5442
-5446
-5454
-5469
-5500
-5505
-5524
-5594
-5647
-5662
-5666
-5718
-5721
-5754
-5761
-5763
-5765
-5799
-5805
-5818
-5829
-5830
-5879
-5923
-5942
-5968
-6051
-6061
-6101
-6128
-6136
-6143
-6159
-6162
-6166
-6221
-6269
-6271
-6337
-6342
-6368
-6370
-6373
-6395
-6426
-6433
-6456
-6487
-6549
-6564
-6584
-6632
-6643
-6648
-6681
-6688
-6689
-6695
-6721
-6767
-6793
-6817
-6818
-6819
-6823
-6848
-6859
-6864
-6866
-6889
-6906
-6938
-6950
-6958
-6959
-6959
-6962
-7023
-7065
-7086
-7126
-7136
-7168
-7269
-7279
-7280
-7304
-7315
-7330
-7334
-7350
-7362
-7370
-7373
-7388
-7389
-7391
-7392
-7395
-7400
-7432
-7461
-7463
-7471
-7488
-7500
-7523
-7536
-7563
-7581
-7596
-7614
-7652
-7683
-7688
-7700
-7751
-7776
-7808
-7814
-7832
-7855
-7909
-7928
-7946
-7959
-7963
-7983
-7999
-8040
-8054
-8056
-8071
-8088
-8092
-8115
-8119
-8147
-8175
-8209
-8229
-8251
-8295
-8301
-8304
-8342
-8364
-8376
-8385
-8398
-8447
-8457
-8492
-8509
-8537
-8576
-8582
-8602
-8628
-8634
-8647
-8657
-8712
-8716
-8761
-8778
-8795
-8796
-8828
-8836
-8837
-8840
-8895
-8904
-8908
-8915
-8919
-8941
-8946
-8957
-8965
-8976
-8979
-8980
-9007
-9050
-9071
-9095
-9137
-9199
-9285
-9317
-9324
-9325
-9386
-9387
-9401
-9420
-9429
-9431
-9437
-9446
-9471
-9497
-9514
-9532
-9534
-9537
-9542
-9551
-9564
-9599
-9617
-9621
-9673
-9716
-9722
-9762
-9811
-9812
-9838
-9849
-9853
-9865
-9916
-9922
-9924
-9926
-9933
-9952
-9958
-9979
-9988
