9996
9991
9984
9923
9923
9898
9870
9863
9832
9831
9799
9798
9780
9763
9752
9748
9740
9738
9730
9719
9707
9695
9686
9681
9653
9634
9600
9574
9522
9490
9463
9459
9455
9442
9409
9386
9379
9368
9362
9361
9356
9260
9251
9243
9205
9188
9165
9130
9128
9115
9109
9100
9044
9040
9009
9008
8981
8949
8938
8930
8897
8840
8832
8821
8819
8789
8729
8721
8715
8665
8665
8633
8615
8613
8582
8500
8500
8498
8482
8395
8390
8372
8362
8357
8349
8347
8326
8320
8318
8317
8316
8280
8271
8264
8253
8245
8224
8205
8194
8174
8145
8119
8106
8097
8077
8074
8065
8061
8048
8038
8024
8003
7992
7990
7973
7908
7901
7891
7865
7821
7789
7787
7786
7773
7760
7734
7732
7726
7724
7696
7692
7671
7629
7607
7598
7596
7593
7548
7525
7523
7494
7474
7457
7455
7442
7415
7408
7359
7345
7297
7285
7285
7270
7229
7226
7206
7182
7150
7149
7145
7123
7108
7072
7069
7017
7005
7005
6989
6966
6950
6921
6880
6873
6833
6735
6699
6660
6640
6589
6578
6570
6545
6457
6392
6359
6354
6344
6330
6258
6208
6199
6197
6193
6189
6186
6173
6161
6144
6138
6122
6084
6053
6048
6029
5980
5925
5879
5866
5861
5849
5842
5781
5767
5741
5732
5730
5681
5673
5649
5606
5601
5599
5590
5580
5558
5508
5496
5473
5471
5465
5449
5441
5399
5376
5375
5375
5351
5336
5324
5322
5315
5296
5283
5272
5271
5264
5222
5219
5201
5198
5182
5181
5176
5159
5157
5149
5112
5109
5085
5070
5069
5050
5046
5042
5032
4998
4974
4964
4957
4945
4936
4927
4914
4910
4884
4874
4871
4852
4851
4790
4734
4718
4680
4633
4617
4600
4569
4549
4540
4538
4514
4492
4479
4432
4340
4322
4251
4234
4231
4226
4223
4214
4160
4150
4129
4117
4086
4032
3991
3982
3953
3917
3914
3899
3894
3861
3826
3821
3796
3792
3785
3783
3772
3766
3753
3751
3747
3743
3724
3719
3698
3687
3685
3661
3655
3636
3583
3581
3580
3563
3537
3517
3505
3409
3390
3372
3356
3354
3291
3290
3256
3211
3204
3194
3187
3169
3154
3130
3114
3113
3106
3078
3074
3041
3028
3025
3022
3008
3000
2976
2974
2949
2899
2888
2867
2817
2807
2771
2657
2629
2595
2562
2558
2524
2491
2470
2464
2389
2368
2342
2339
2337
2327
2303
2272
2245
2230
2213
2188
2161
2142
2137
2121
2098
2068
2014
1991
1975
1964
1947
1926
1921
1885
1856
1792
1762
1760
1730
1658
1610
1591
1585
1540
1526
1522
1517
1510
1495
1482
1472
1460
1454
1384
1375
1348
1342
1309
1271
1270
1211
1203
1165
1134
1121
1116
1103
1062
1021
1006
1004
997
996
994
993
988
935
895
869
852
846
815
799
793
759
746
696
681
678
678
675
673
631
613
605
590
566
551
522
457
447
409
391
381
307
304
299
271
270
260
245
244
186
179
176
171
165
146
144
88
74
40
37
