-9999
-9998
-9998
-9992
-9992
-9991
-9991
-9991
-9988
-9984
-9983
-9983
-9980
-9976
-9975
-9969
-9963
-9959
-9958
-9955
-9955
-9954
-9948
-9941
-9936
-9935
-9933
-9929
-9922
-9920
-9919
-9916
-9909
-9907
-9906
-9902
-9902
-9902
-9900
-9899
-9897
-9892
-9889
-9887
-9882
-9879
-9879
-9876
-9875
-9874
-9872
-9872
-9871
-9870
-9868
-9866
-9866
-9864
-9862
-9856
-9854
-9853
-9848
-9847
-9836
-9833
-9833
-9832
-9831
-9825
-9823
-9820
-9818
-9818
-9818
-9817
-9817
-9814
-9814
-9814
-9813
-9810
-9802
-9801
-9799
-9799
-9797
-9797
-9794
-9794
-9794
-9792
-9791
-9791
-9789
-9786
-9784
-9780
-9776
-9774
-9774
-9773
-9769
-9769
-9762
-9760
-9759
-9755
-9754
-9750
-9747
-9746
-9746
-9744
-9744
-9742
-9742
-9741
-9740
-9734
-9722
-9721
-9720
-9718
-9711
-9710
-9708
-9707
-9706
-9702
-9701
-9699
-9695
-9688
-9687
-9683
-9680
-9678
-9667
-9666
-9665
-9661
-9660
-9660
-9658
-9658
-9658
-9656
-9653
-9652
-9650
-9648
-9640
-9631
-9630
-9623
-9623
-9622
-9622
-9612
-9606
-9600
-9599
-9595
-9590
-9588
-9586
-9585
-9584
-9575
-9573
-9572
-9570
-9566
-9563
-9559
-9550
-9547
-9546
-9546
-9544
-9542
-9542
-9541
-9531
-9528
-9522
-9521
-9520
-9518
-9517
-9515
-9513
-9508
-9506
-9506
-9505
-9499
-9498
-9497
-9496
-9494
-9492
-9487
-9485
-9475
-9474
-9473
-9468
-9464
-9461
-9459
-9449
-9446
-9446
-9446
-9444
-9443
-9443
-9439
-9436
-9434
-9429
-9423
-9422
-9422
-9412
-9409
-9406
-9406
-9406
-9405
-9401
-9400
-9399
-9398
-9397
-9394
-9394
-9383
-9382
-9381
-9379
-9376
-9376
-9372
-9371
-9370
-9368
-9368
-9366
-9362
-9361
-9356
-9356
-9355
-9352
-9347
-9347
-9346
-9346
-9344
-9344
-9340
-9340
-9331
-9330
-9324
-9323
-9320
-9319
-9317
-9312
-9311
-9311
-9309
-9307
-9305
-9305
-9303
-9295
-9291
-9289
-9288
-9279
-9279
-9272
-9271
-9271
-9268
-9268
-9266
-9263
-9259
-9257
-9254
-9254
-9250
-9250
-9242
-9242
-9234
-9234
-9230
-9225
-9214
-9211
-9200
-9200
-9194
-9192
-9189
-9187
-9187
-9175
-9170
-9165
-9161
-9160
-9155
-9155
-9154
-9149
-9147
-9146
-9145
-9144
-9143
-9143
-9142
-9139
-9138
-9136
-9132
-9128
-9124
-9123
-9121
-9119
-9119
-9118
-9116
-9116
-9114
-9111
-9100
-9095
-9095
-9093
-9091
-9090
-9089
-9085
-9085
-9081
-9080
-9078
-9078
-9078
-9068
-9065
-9064
-9063
-9063
-9047
-9044
-9044
-9042
-9038
-9032
-9031
-9024
-9020
-9018
-9015
-9009
-9003
-9003
-9002
-9002
-9001
-8998
-8996
-8995
-8994
-8994
-8993
-8990
-8988
-8982
-8975
-8973
-8971
-8971
-8969
-8968
-8965
-8964
-8958
-8956
-8952
-8948
-8944
-8944
-8935
-8929
-8927
-8924
-8918
-8913
-8910
-8908
-8908
-8908
-8908
-8906
-8904
-8903
-8897
-8892
-8887
-8879
-8879
-8879
-8870
-8869
-8868
-8865
-8857
-8857
-8857
-8853
-8851
-8849
-8842
-8839
-8837
-8829
-8828
-8825
-8823
-8823
-8821
-8816
-8815
-8812
-8812
-8810
-8807
-8804
-8803
-8802
-8801
-8801
-8783
-8783
-8777
-8776
-8776
-8774
-8772
-8769
-8769
-8767
-8764
-8753
-8752
-8752
-8744
-8743
-8741
-8741
-8739
-8729
-8728
-8726
-8725
-8724
-8723
-8720
-8719
-8717
-8709
-8697
-8692
-8690
-8687
-8680
-8677
-8666
-8666
-8663
-8656
-8656
-8656
-8655
-8648
-8645
-8643
-8641
-8637
-8634
-8633
-8633
-8624
-8620
-8612
-8611
-8604
-8604
-8602
-8600
-8600
-8597
-8597
-8594
-8593
-8593
-8591
-8584
-8581
-8581
-8579
-8578
-8575
-8573
-8572
-8567
-8565
-8563
-8562
-8557
-8556
-8554
-8552
-8552
-8551
-8545
-8544
-8544
-8539
-8537
-8534
-8532
-8528
-8522
-8518
-8514
-8511
-8511
-8510
-8506
-8493
-8491
-8483
-8483
-8477
-8476
-8472
-8470
-8469
-8467
-8467
-8466
-8460
-8456
-8456
-8455
-8451
-8450
-8443
-8443
-8440
-8437
-8435
-8433
-8433
-8430
-8429
-8425
-8424
-8424
-8423
-8418
-8418
-8415
-8414
-8411
-8409
-8401
-8400
-8398
-8397
-8388
-8384
-8381
-8379
-8379
-8376
-8373
-8372
-8372
-8371
-8369
-8368
-8364
-8363
-8358
-8357
-8356
-8356
-8351
-8346
-8337
-8333
-8324
-8323
-8323
-8321
-8310
-8307
-8305
-8304
-8303
-8300
-8293
-8291
-8291
-8288
-8285
-8284
-8282
-8276
-8276
-8276
-8271
-8269
-8261
-8259
-8250
-8250
-8246
-8244
-8240
-8236
-8235
-8225
-8225
-8221
-8206
-8203
-8191
-8187
-8185
-8175
-8175
-8175
-8174
-8173
-8172
-8170
-8167
-8166
-8165
-8164
-8160
-8160
-8157
-8155
-8152
-8149
-8149
-8143
-8143
-8141
-8140
-8140
-8139
-8134
-8128
-8127
-8121
-8120
-8118
-8118
-8115
-8115
-8114
-8114
-8112
-8105
-8095
-8095
-8090
-8089
-8082
-8081
-8066
-8065
-8060
-8058
-8055
-8054
-8053
-8052
-8050
-8050
-8049
-8045
-8045
-8040
-8040
-8036
-8034
-8032
-8031
-8030
-8029
-8022
-8020
-8020
-8017
-8016
-8011
-8010
-8009
-8006
-8003
-7998
-7993
-7991
-7991
-7990
-7989
-7984
-7978
-7976
-7974
-7971
-7969
-7968
-7967
-7967
-7964
-7956
-7950
-7950
-7949
-7948
-7944
-7939
-7936
-7929
-7929
-7925
-7924
-7922
-7921
-7919
-7918
-7913
-7909
-7906
-7901
-7900
-7898
-7892
-7891
-7881
-7880
-7879
-7878
-7877
-7876
-7875
-7874
-7873
-7872
-7872
-7869
-7869
-7869
-7865
-7857
-7856
-7853
-7850
-7850
-7846
-7843
-7841
-7841
-7840
-7836
-7836
-7835
-7830
-7826
-7817
-7809
-7807
-7806
-7804
-7800
-7797
-7796
-7790
-7789
-7787
-7787
-7785
-7785
-7784
-7781
-7781
-7775
-7775
-7770
-7768
-7764
-7763
-7761
-7754
-7750
-7747
-7744
-7743
-7741
-7740
-7739
-7733
-7728
-7727
-7718
-7715
-7715
-7714
-7713
-7710
-7710
-7710
-7703
-7703
-7700
-7695
-7692
-7691
-7688
-7684
-7674
-7668
-7667
-7663
-7659
-7657
-7656
-7656
-7649
-7641
-7634
-7631
-7627
-7625
-7616
-7615
-7614
-7613
-7610
-7610
-7607
-7606
-7603
-7603
-7601
-7601
-7600
-7595
-7590
-7589
-7586
-7585
-7583
-7582
-7581
-7577
-7576
-7576
-7575
-7574
-7574
-7571
-7571
-7570
-7568
-7568
-7567
-7562
-7558
-7554
-7553
-7553
-7552
-7549
-7548
-7544
-7538
-7537
-7536
-7535
-7534
-7533
-7531
-7529
-7525
-7524
-7523
-7520
-7512
-7509
-7509
-7504
-7503
-7503
-7503
-7503
-7494
-7492
-7491
-7488
-7482
-7471
-7468
-7467
-7462
-7459
-7456
-7452
-7450
-7448
-7446
-7441
-7438
-7437
-7431
-7430
-7428
-7427
-7427
-7420
-7419
-7413
-7411
-7411
-7407
-7406
-7403
-7401
-7399
-7398
-7397
-7395
-7392
-7392
-7392
-7391
-7390
-7389
-7381
-7377
-7376
-7374
-7372
-7372
-7369
-7369
-7367
-7366
-7363
-7347
-7345
-7345
-7345
-7339
-7339
-7335
-7333
-7331
-7331
-7330
-7330
-7329
-7328
-7326
-7324
-7322
-7319
-7319
-7317
-7310
-7308
-7300
-7298
-7296
-7293
-7292
-7290
-7289
-7286
-7286
-7283
-7279
-7278
-7275
-7271
-7268
-7265
-7262
-7259
-7256
-7254
-7254
-7254
-7250
-7248
-7243
-7242
-7239
-7236
-7234
-7230
-7230
-7229
-7221
-7218
-7217
-7217
-7217
-7213
-7211
-7195
-7192
-7188
-7188
-7185
-7181
-7180
-7176
-7172
-7164
-7160
-7152
-7147
-7143
-7142
-7136
-7135
-7134
-7134
-7132
-7129
-7126
-7123
-7123
-7121
-7120
-7120
-7120
-7118
-7116
-7113
-7112
-7112
-7103
-7100
-7099
-7097
-7097
-7093
-7092
-7085
-7084
-7083
-7081
-7075
-7070
-7066
-7066
-7066
-7061
-7053
-7053
-7044
-7044
-7042
-7035
-7030
-7020
-7019
-7019
-7016
-7015
-7015
-7009
-7007
-7000
-6999
-6998
-6994
-6992
-6991
-6986
-6986
-6984
-6969
-6969
-6967
-6966
-6949
-6947
-6942
-6941
-6939
-6937
-6936
-6934
-6932
-6931
-6931
-6930
-6922
-6919
-6919
-6913
-6909
-6905
-6904
-6903
-6899
-6897
-6895
-6894
-6893
-6891
-6880
-6874
-6866
-6862
-6861
-6861
-6856
-6841
-6841
-6841
-6838
-6836
-6835
-6831
-6829
-6828
-6827
-6823
-6823
-6823
-6821
-6821
-6813
-6809
-6795
-6792
-6790
-6788
-6785
-6783
-6780
-6779
-6779
-6774
-6773
-6770
-6765
-6760
-6753
-6753
-6750
-6746
-6746
-6745
-6745
-6743
-6742
-6740
-6734
-6734
-6732
-6723
-6723
-6723
-6722
-6717
-6717
-6716
-6715
-6706
-6704
-6704
-6700
-6699
-6698
-6697
-6694
-6694
-6694
-6691
-6690
-6690
-6688
-6686
-6684
-6676
-6673
-6670
-6667
-6666
-6660
-6659
-6655
-6651
-6651
-6648
-6642
-6641
-6638
-6635
-6634
-6633
-6627
-6626
-6623
-6621
-6620
-6618
-6615
-6610
-6606
-6602
-6599
-6599
-6596
-6595
-6593
-6591
-6585
-6582
-6579
-6576
-6575
-6575
-6572
-6572
-6570
-6560
-6560
-6560
-6556
-6552
-6549
-6546
-6541
-6540
-6539
-6538
-6538
-6531
-6530
-6528
-6527
-6522
-6519
-6519
-6514
-6513
-6511
-6509
-6505
-6504
-6501
-6496
-6493
-6489
-6488
-6484
-6480
-6480
-6479
-6476
-6473
-6465
-6461
-6460
-6460
-6457
-6456
-6455
-6454
-6451
-6450
-6449
-6446
-6441
-6441
-6440
-6435
-6435
-6433
-6432
-6429
-6426
-6423
-6419
-6418
-6417
-6416
-6412
-6407
-6407
-6405
-6404
-6403
-6399
-6397
-6397
-6394
-6391
-6391
-6381
-6379
-6372
-6371
-6369
-6367
-6364
-6364
-6361
-6359
-6356
-6354
-6350
-6350
-6348
-6346
-6342
-6340
-6339
-6339
-6334
-6331
-6322
-6320
-6318
-6317
-6312
-6309
-6305
-6302
-6298
-6298
-6294
-6291
-6290
-6285
-6283
-6280
-6279
-6275
-6271
-6271
-6269
-6267
-6266
-6257
-6256
-6255
-6254
-6253
-6251
-6249
-6247
-6245
-6243
-6238
-6234
-6232
-6231
-6227
-6226
-6217
-6211
-6209
-6207
-6206
-6205
-6203
-6202
-6200
-6200
-6199
-6195
-6192
-6184
-6183
-6173
-6169
-6169
-6166
-6154
-6151
-6151
-6150
-6140
-6140
-6137
-6137
-6137
-6133
-6130
-6129
-6128
-6127
-6126
-6125
-6124
-6120
-6119
-6114
-6102
-6100
-6097
-6096
-6094
-6093
-6091
-6091
-6091
-6089
-6089
-6088
-6086
-6085
-6083
-6080
-6076
-6075
-6070
-6069
-6065
-6051
-6048
-6045
-6042
-6042
-6038
-6035
-6033
-6032
-6030
-6026
-6026
-6024
-6013
-6012
-6012
-6011
-6011
-6007
-6006
-6006
-6004
-5997
-5993
-5987
-5983
-5982
-5981
-5980
-5979
-5979
-5978
-5973
-5967
-5966
-5960
-5960
-5952
-5952
-5950
-5948
-5946
-5946
-5943
-5942
-5940
-5938
-5938
-5934
-5926
-5924
-5921
-5919
-5917
-5914
-5913
-5911
-5909
-5908
-5908
-5905
-5903
-5902
-5901
-5898
-5895
-5887
-5883
-5882
-5882
-5881
-5880
-5877
-5877
-5866
-5863
-5860
-5856
-5851
-5849
-5846
-5842
-5838
-5838
-5838
-5836
-5832
-5827
-5826
-5822
-5818
-5814
-5813
-5811
-5811
-5808
-5802
-5792
-5788
-5786
-5783
-5772
-5769
-5769
-5767
-5767
-5765
-5762
-5760
-5758
-5756
-5755
-5754
-5752
-5749
-5748
-5742
-5739
-5736
-5735
-5734
-5730
-5725
-5723
-5722
-5721
-5718
-5712
-5712
-5710
-5709
-5705
-5703
-5698
-5697
-5690
-5688
-5687
-5687
-5685
-5684
-5681
-5678
-5678
-5673
-5673
-5669
-5668
-5666
-5664
-5659
-5659
-5656
-5653
-5649
-5641
-5640
-5637
-5636
-5631
-5629
-5627
-5625
-5624
-5623
-5620
-5619
-5618
-5616
-5611
-5607
-5605
-5604
-5600
-5596
-5595
-5594
-5591
-5588
-5579
-5577
-5577
-5575
-5575
-5573
-5573
-5572
-5570
-5568
-5563
-5562
-5557
-5556
-5553
-5552
-5549
-5542
-5536
-5535
-5529
-5527
-5527
-5524
-5523
-5521
-5520
-5517
-5509
-5508
-5506
-5502
-5499
-5496
-5495
-5495
-5494
-5490
-5490
-5489
-5486
-5484
-5480
-5479
-5477
-5474
-5473
-5469
-5467
-5466
-5463
-5459
-5459
-5452
-5448
-5447
-5441
-5440
-5436
-5434
-5433
-5433
-5430
-5430
-5427
-5426
-5426
-5425
-5414
-5411
-5411
-5409
-5409
-5405
-5400
-5394
-5390
-5384
-5380
-5380
-5376
-5373
-5371
-5366
-5365
-5364
-5362
-5361
-5360
-5356
-5356
-5354
-5353
-5349
-5347
-5342
-5339
-5338
-5331
-5330
-5327
-5327
-5326
-5321
-5320
-5320
-5320
-5318
-5318
-5317
-5315
-5314
-5313
-5312
-5310
-5310
-5309
-5308
-5306
-5293
-5292
-5290
-5290
-5290
-5289
-5284
-5281
-5281
-5278
-5278
-5277
-5268
-5268
-5260
-5258
-5249
-5248
-5246
-5245
-5238
-5228
-5226
-5225
-5225
-5224
-5220
-5215
-5215
-5212
-5210
-5204
-5201
-5201
-5198
-5196
-5186
-5185
-5179
-5172
-5172
-5169
-5162
-5159
-5157
-5150
-5148
-5139
-5137
-5137
-5136
-5127
-5127
-5119
-5104
-5095
-5095
-5094
-5092
-5087
-5084
-5083
-5082
-5077
-5072
-5062
-5061
-5059
-5055
-5054
-5053
-5052
-5049
-5049
-5047
-5045
-5042
-5034
-5031
-5031
-5023
-5022
-5020
-5020
-5020
-5020
-5019
-5016
-5014
-5012
-5009
-5009
-5008
-5007
-5006
-5004
-5002
-4997
-4993
-4988
-4981
-4981
-4971
-4970
-4963
-4961
-4960
-4956
-4955
-4955
-4954
-4952
-4952
-4951
-4950
-4945
-4941
-4940
-4940
-4935
-4934
-4933
-4915
-4914
-4911
-4911
-4911
-4910
-4909
-4906
-4905
-4904
-4900
-4900
-4898
-4889
-4887
-4887
-4886
-4884
-4883
-4883
-4882
-4878
-4872
-4868
-4867
-4863
-4861
-4860
-4859
-4857
-4854
-4852
-4851
-4850
-4847
-4847
-4843
-4839
-4831
-4830
-4830
-4826
-4825
-4823
-4820
-4819
-4818
-4815
-4814
-4809
-4804
-4800
-4799
-4795
-4790
-4789
-4785
-4781
-4779
-4777
-4776
-4774
-4773
-4761
-4759
-4758
-4757
-4756
-4754
-4751
-4749
-4747
-4742
-4742
-4740
-4740
-4739
-4737
-4736
-4731
-4729
-4727
-4723
-4722
-4722
-4718
-4717
-4712
-4708
-4705
-4704
-4702
-4695
-4694
-4691
-4689
-4688
-4686
-4682
-4681
-4681
-4679
-4676
-4675
-4666
-4664
-4663
-4662
-4656
-4656
-4656
-4655
-4651
-4651
-4647
-4640
-4626
-4616
-4612
-4610
-4609
-4607
-4601
-4600
-4595
-4583
-4579
-4565
-4551
-4544
-4532
-4527
-4526
-4525
-4522
-4512
-4512
-4510
-4509
-4507
-4503
-4502
-4501
-4500
-4497
-4495
-4492
-4485
-4483
-4483
-4475
-4471
-4469
-4460
-4457
-4455
-4447
-4445
-4443
-4438
-4438
-4437
-4435
-4435
-4432
-4429
-4427
-4425
-4425
-4419
-4419
-4417
-4415
-4413
-4411
-4407
-4407
-4404
-4402
-4401
-4399
-4396
-4392
-4388
-4385
-4372
-4370
-4367
-4362
-4359
-4358
-4354
-4351
-4350
-4348
-4344
-4343
-4335
-4334
-4331
-4330
-4330
-4328
-4327
-4326
-4325
-4325
-4321
-4317
-4316
-4314
-4313
-4309
-4308
-4306
-4303
-4295
-4286
-4284
-4282
-4278
-4278
-4270
-4268
-4265
-4264
-4259
-4258
-4254
-4254
-4253
-4251
-4249
-4245
-4236
-4235
-4228
-4224
-4219
-4219
-4219
-4217
-4217
-4214
-4213
-4207
-4203
-4202
-4200
-4199
-4199
-4197
-4194
-4192
-4184
-4182
-4182
-4181
-4180
-4177
-4174
-4174
-4173
-4170
-4167
-4167
-4163
-4162
-4161
-4161
-4159
-4158
-4158
-4156
-4146
-4135
-4128
-4126
-4126
-4113
-4112
-4105
-4099
-4098
-4095
-4092
-4091
-4089
-4086
-4086
-4084
-4084
-4084
-4082
-4078
-4072
-4070
-4069
-4065
-4060
-4055
-4052
-4048
-4047
-4043
-4041
-4040
-4034
-4031
-4025
-4021
-4019
-4018
-4016
-4016
-4015
-4014
-4001
-3998
-3998
-3996
-3993
-3987
-3986
-3985
-3972
-3969
-3969
-3965
-3964
-3962
-3960
-3958
-3958
-3951
-3948
-3946
-3944
-3937
-3931
-3931
-3931
-3928
-3926
-3922
-3914
-3914
-3897
-3897
-3896
-3891
-3891
-3888
-3886
-3884
-3875
-3873
-3873
-3871
-3870
-3864
-3863
-3861
-3860
-3859
-3859
-3859
-3849
-3847
-3845
-3844
-3843
-3838
-3835
-3834
-3830
-3828
-3826
-3826
-3818
-3816
-3812
-3809
-3807
-3804
-3804
-3802
-3797
-3797
-3797
-3796
-3795
-3792
-3787
-3786
-3783
-3782
-3781
-3779
-3777
-3777
-3776
-3772
-3772
-3768
-3767
-3765
-3765
-3762
-3761
-3759
-3757
-3748
-3740
-3737
-3732
-3725
-3720
-3720
-3718
-3716
-3712
-3711
-3711
-3710
-3708
-3704
-3702
-3700
-3697
-3695
-3691
-3672
-3668
-3667
-3666
-3664
-3662
-3658
-3651
-3650
-3649
-3649
-3647
-3645
-3645
-3644
-3642
-3639
-3638
-3633
-3631
-3630
-3628
-3627
-3618
-3614
-3614
-3614
-3610
-3600
-3600
-3598
-3596
-3596
-3596
-3592
-3582
-3582
-3580
-3578
-3577
-3574
-3574
-3573
-3571
-3569
-3565
-3561
-3557
-3557
-3556
-3555
-3554
-3547
-3545
-3541
-3540
-3539
-3536
-3535
-3533
-3530
-3530
-3524
-3524
-3522
-3522
-3519
-3516
-3515
-3513
-3511
-3509
-3499
-3498
-3495
-3494
-3493
-3490
-3490
-3487
-3486
-3485
-3484
-3484
-3483
-3479
-3478
-3475
-3467
-3466
-3465
-3465
-3452
-3449
-3445
-3445
-3442
-3441
-3437
-3434
-3431
-3430
-3425
-3422
-3419
-3418
-3415
-3409
-3409
-3408
-3407
-3406
-3401
-3395
-3391
-3385
-3384
-3384
-3381
-3377
-3375
-3375
-3374
-3367
-3355
-3354
-3354
-3345
-3345
-3343
-3342
-3340
-3332
-3328
-3323
-3323
-3322
-3317
-3315
-3314
-3312
-3312
-3308
-3307
-3303
-3293
-3292
-3286
-3285
-3285
-3281
-3276
-3273
-3272
-3272
-3270
-3264
-3258
-3251
-3249
-3246
-3245
-3244
-3242
-3241
-3241
-3240
-3237
-3233
-3221
-3220
-3213
-3213
-3212
-3211
-3201
-3197
-3197
-3195
-3193
-3192
-3191
-3189
-3188
-3185
-3182
-3181
-3176
-3174
-3174
-3167
-3164
-3162
-3154
-3153
-3152
-3151
-3149
-3143
-3132
-3129
-3124
-3116
-3115
-3115
-3115
-3106
-3097
-3097
-3088
-3087
-3086
-3078
-3074
-3073
-3072
-3071
-3067
-3062
-3059
-3054
-3054
-3052
-3047
-3046
-3044
-3040
-3038
-3034
-3030
-3029
-3029
-3028
-3022
-3021
-3021
-3019
-3018
-3011
-3007
-3004
-3001
-3000
-2996
-2993
-2992
-2988
-2987
-2983
-2983
-2977
-2977
-2975
-2973
-2969
-2968
-2963
-2960
-2953
-2950
-2948
-2947
-2943
-2937
-2934
-2932
-2932
-2931
-2927
-2924
-2922
-2920
-2918
-2918
-2917
-2909
-2907
-2905
-2905
-2904
-2893
-2887
-2887
-2886
-2884
-2882
-2879
-2877
-2873
-2870
-2869
-2866
-2863
-2863
-2862
-2851
-2851
-2845
-2844
-2843
-2843
-2835
-2830
-2828
-2827
-2823
-2820
-2818
-2817
-2817
-2815
-2813
-2811
-2811
-2810
-2807
-2804
-2802
-2799
-2799
-2795
-2794
-2791
-2789
-2789
-2786
-2785
-2784
-2777
-2776
-2776
-2775
-2770
-2766
-2765
-2762
-2757
-2755
-2749
-2748
-2747
-2744
-2742
-2740
-2738
-2735
-2731
-2729
-2724
-2716
-2709
-2707
-2705
-2700
-2699
-2695
-2693
-2692
-2685
-2682
-2680
-2679
-2679
-2679
-2677
-2675
-2672
-2672
-2670
-2670
-2668
-2664
-2663
-2659
-2658
-2655
-2654
-2650
-2646
-2643
-2639
-2638
-2628
-2628
-2626
-2625
-2616
-2609
-2609
-2604
-2601
-2592
-2588
-2588
-2585
-2581
-2574
-2570
-2560
-2557
-2556
-2550
-2549
-2549
-2549
-2548
-2539
-2527
-2525
-2525
-2525
-2522
-2521
-2516
-2514
-2512
-2507
-2506
-2504
-2503
-2498
-2497
-2490
-2489
-2481
-2481
-2477
-2476
-2475
-2468
-2468
-2458
-2457
-2454
-2454
-2450
-2445
-2443
-2442
-2435
-2433
-2429
-2429
-2427
-2427
-2419
-2415
-2413
-2412
-2411
-2410
-2409
-2409
-2409
-2403
-2400
-2394
-2394
-2393
-2391
-2391
-2389
-2386
-2380
-2380
-2376
-2370
-2368
-2366
-2362
-2357
-2355
-2346
-2342
-2332
-2331
-2323
-2321
-2320
-2320
-2317
-2315
-2315
-2315
-2315
-2311
-2310
-2307
-2307
-2300
-2293
-2289
-2289
-2279
-2274
-2273
-2267
-2265
-2264
-2257
-2256
-2237
-2236
-2236
-2235
-2233
-2233
-2231
-2230
-2229
-2220
-2219
-2215
-2205
-2200
-2197
-2196
-2195
-2192
-2186
-2180
-2176
-2175
-2172
-2170
-2160
-2158
-2158
-2157
-2153
-2148
-2145
-2142
-2141
-2139
-2134
-2133
-2132
-2121
-2118
-2113
-2112
-2110
-2109
-2109
-2108
-2107
-2107
-2106
-2105
-2103
-2098
-2096
-2096
-2093
-2092
-2091
-2091
-2089
-2087
-2082
-2081
-2080
-2077
-2075
-2075
-2072
-2071
-2070
-2057
-2056
-2054
-2053
-2053
-2053
-2052
-2048
-2046
-2044
-2043
-2043
-2041
-2036
-2034
-2033
-2030
-2019
-2011
-2008
-2005
-1994
-1994
-1993
-1989
-1971
-1969
-1963
-1962
-1961
-1956
-1955
-1951
-1951
-1947
-1939
-1936
-1934
-1929
-1929
-1927
-1922
-1919
-1919
-1917
-1916
-1910
-1909
-1904
-1902
-1898
-1896
-1888
-1884
-1881
-1879
-1877
-1871
-1862
-1860
-1858
-1858
-1857
-1856
-1855
-1852
-1852
-1849
-1843
-1843
-1841
-1840
-1837
-1836
-1828
-1822
-1822
-1811
-1809
-1808
-1807
-1807
-1806
-1800
-1797
-1794
-1793
-1792
-1788
-1776
-1769
-1768
-1763
-1758
-1755
-1746
-1742
-1742
-1742
-1738
-1733
-1733
-1732
-1728
-1727
-1726
-1724
-1722
-1721
-1720
-1719
-1712
-1711
-1703
-1701
-1701
-1701
-1694
-1693
-1690
-1688
-1686
-1686
-1685
-1682
-1679
-1678
-1677
-1669
-1668
-1667
-1664
-1661
-1660
-1658
-1655
-1653
-1653
-1648
-1646
-1643
-1633
-1629
-1625
-1625
-1625
-1624
-1620
-1619
-1618
-1615
-1615
-1613
-1605
-1604
-1599
-1597
-1596
-1596
-1594
-1593
-1592
-1590
-1581
-1579
-1569
-1567
-1563
-1559
-1554
-1545
-1545
-1528
-1525
-1524
-1524
-1523
-1523
-1518
-1514
-1514
-1512
-1510
-1509
-1508
-1507
-1497
-1492
-1491
-1490
-1488
-1481
-1478
-1471
-1469
-1462
-1450
-1449
-1442
-1442
-1439
-1438
-1437
-1437
-1435
-1434
-1432
-1431
-1428
-1424
-1418
-1416
-1414
-1408
-1406
-1401
-1396
-1395
-1388
-1377
-1375
-1372
-1363
-1363
-1361
-1360
-1359
-1358
-1358
-1352
-1348
-1343
-1343
-1338
-1338
-1336
-1334
-1326
-1326
-1324
-1323
-1323
-1321
-1316
-1314
-1312
-1307
-1306
-1302
-1302
-1299
-1298
-1297
-1295
-1291
-1290
-1283
-1283
-1283
-1282
-1276
-1266
-1263
-1262
-1260
-1259
-1259
-1254
-1250
-1246
-1243
-1235
-1224
-1222
-1216
-1205
-1203
-1198
-1198
-1198
-1196
-1195
-1193
-1192
-1191
-1180
-1179
-1169
-1165
-1162
-1158
-1156
-1151
-1147
-1140
-1138
-1133
-1131
-1130
-1129
-1126
-1123
-1121
-1116
-1105
-1105
-1105
-1102
-1100
-1100
-1096
-1092
-1089
-1088
-1087
-1085
-1079
-1077
-1075
-1071
-1071
-1060
-1046
-1041
-1041
-1041
-1037
-1037
-1035
-1034
-1033
-1033
-1028
-1028
-1027
-1023
-1023
-1022
-1016
-1011
-1007
-1003
-991
-991
-988
-984
-983
-980
-975
-975
-974
-972
-963
-961
-959
-955
-951
-951
-950
-949
-948
-943
-940
-938
-937
-934
-933
-931
-931
-926
-911
-909
-909
-907
-903
-902
-892
-882
-879
-879
-878
-876
-872
-872
-870
-869
-864
-860
-859
-857
-856
-853
-851
-849
-849
-844
-835
-835
-832
-830
-830
-828
-814
-808
-807
-806
-805
-803
-798
-797
-794
-792
-791
-791
-788
-785
-782
-781
-762
-760
-758
-757
-751
-747
-743
-741
-740
-739
-738
-738
-736
-733
-731
-728
-727
-727
-725
-719
-718
-718
-716
-711
-710
-708
-704
-700
-698
-692
-692
-683
-670
-667
-665
-659
-658
-658
-641
-639
-639
-639
-637
-633
-632
-629
-613
-613
-612
-608
-606
-600
-592
-589
-588
-585
-580
-576
-575
-573
-572
-571
-568
-566
-565
-562
-561
-559
-559
-558
-557
-557
-552
-550
-542
-540
-538
-527
-527
-524
-521
-519
-516
-515
-514
-501
-490
-490
-489
-489
-487
-487
-479
-475
-475
-473
-473
-471
-470
-468
-461
-459
-457
-445
-443
-440
-439
-433
-427
-427
-427
-420
-419
-419
-415
-408
-401
-386
-385
-380
-379
-379
-373
-372
-372
-371
-370
-370
-369
-366
-366
-364
-362
-362
-361
-361
-356
-355
-352
-351
-350
-349
-336
-335
-332
-330
-328
-328
-328
-327
-322
-319
-318
-318
-317
-314
-306
-301
-300
-300
-297
-294
-293
-292
-292
-289
-288
-287
-284
-275
-272
-270
-269
-265
-265
-261
-256
-251
-240
-238
-235
-230
-227
-223
-221
-219
-219
-210
-208
-207
-205
-202
-196
-196
-195
-190
-183
-183
-182
-178
-165
-162
-161
-160
-160
-159
-155
-154
-152
-149
-149
-148
-146
-145
-144
-140
-139
-138
-136
-136
-135
-128
-127
-125
-124
-121
-119
-118
-117
-116
-116
-113
-109
-108
-106
-101
-98
-92
-90
-87
-83
-79
-77
-66
-65
-63
-60
-55
-55
-54
-54
-52
-47
-45
-41
-37
-37
-32
-27
-24
-14
-8
-8
-5
-4
-4
-4
-4
-2
-1
1
1
13
14
16
21
26
27
28
28
29
38
39
43
45
46
47
58
59
67
69
69
70
71
72
77
91
93
94
101
101
103
107
109
111
114
116
117
119
121
122
122
125
131
134
137
145
148
151
155
156
156
164
172
174
176
177
185
186
188
191
193
197
199
200
201
220
222
223
224
225
230
231
234
234
241
242
249
253
253
253
254
255
260
262
265
265
268
269
271
274
274
275
275
282
286
286
290
291
293
294
295
302
303
303
314
320
320
320
321
324
326
329
333
336
336
344
345
347
353
358
360
364
367
368
371
373
376
377
379
379
380
389
389
392
393
393
398
401
405
406
409
410
412
414
417
419
421
423
424
425
427
430
431
435
443
443
444
444
449
452
457
460
461
464
465
467
467
476
483
488
490
491
492
493
497
501
506
511
511
513
513
514
521
522
524
527
529
535
545
546
547
548
554
556
558
561
562
563
570
573
573
576
578
583
586
591
599
599
601
607
608
616
621
622
622
623
626
633
636
642
644
650
650
651
652
666
666
669
675
677
677
680
680
681
686
692
693
696
697
699
705
706
706
710
713
715
716
718
719
735
739
739
740
742
743
747
748
749
753
756
757
760
760
761
769
773
773
774
778
783
791
795
801
802
807
810
810
812
813
813
823
828
831
836
841
841
843
849
850
851
851
851
853
860
860
862
865
866
874
876
877
878
878
880
881
884
890
892
896
897
898
903
905
911
914
915
920
925
931
936
940
940
941
942
947
949
956
956
956
957
958
958
960
960
962
964
969
972
978
978
984
986
990
991
991
1005
1007
1009
1010
1012
1017
1030
1034
1040
1041
1043
1044
1046
1051
1055
1056
1060
1063
1069
1070
1072
1073
1077
1077
1077
1091
1097
1101
1102
1104
1105
1107
1109
1109
1113
1114
1114
1116
1117
1118
1131
1133
1135
1135
1136
1138
1138
1140
1149
1150
1152
1154
1156
1157
1161
1164
1164
1171
1172
1182
1184
1184
1195
1197
1201
1201
1202
1203
1204
1205
1209
1220
1220
1220
1222
1224
1226
1226
1227
1230
1230
1231
1236
1239
1248
1248
1251
1254
1261
1263
1263
1264
1265
1276
1277
1283
1290
1292
1292
1293
1293
1295
1299
1301
1302
1303
1304
1306
1309
1311
1311
1320
1323
1325
1332
1333
1334
1337
1339
1339
1340
1346
1352
1352
1359
1362
1364
1366
1368
1368
1369
1369
1371
1375
1379
1390
1394
1394
1394
1399
1399
1400
1407
1407
1407
1411
1414
1418
1426
1427
1432
1433
1433
1435
1444
1447
1449
1450
1454
1458
1465
1467
1469
1469
1469
1470
1481
1484
1484
1486
1487
1493
1494
1495
1498
1500
1504
1506
1509
1509
1512
1513
1519
1520
1520
1526
1530
1533
1536
1540
1542
1549
1554
1557
1563
1564
1564
1571
1572
1573
1588
1590
1591
1593
1599
1602
1602
1604
1612
1621
1622
1624
1625
1626
1629
1631
1631
1634
1636
1636
1637
1644
1644
1645
1646
1646
1646
1657
1660
1670
1670
1676
1683
1683
1685
1685
1687
1688
1690
1694
1696
1696
1700
1709
1710
1716
1719
1722
1724
1728
1729
1729
1734
1735
1740
1740
1743
1750
1754
1759
1761
1763
1763
1764
1764
1764
1764
1767
1767
1768
1783
1785
1789
1791
1795
1799
1802
1803
1808
1809
1813
1813
1817
1818
1819
1821
1824
1828
1831
1833
1840
1847
1851
1856
1856
1859
1865
1865
1871
1872
1875
1878
1880
1887
1890
1890
1891
1891
1893
1900
1907
1909
1914
1914
1914
1915
1920
1922
1922
1925
1926
1927
1932
1933
1936
1940
1941
1943
1944
1945
1946
1947
1950
1954
1955
1965
1968
1971
1973
1979
1986
1986
1986
1986
1992
1995
2005
2008
2022
2026
2033
2034
2036
2039
2040
2042
2042
2044
2044
2046
2051
2054
2055
2057
2065
2065
2070
2072
2080
2081
2083
2085
2091
2093
2097
2100
2109
2112
2113
2117
2119
2122
2122
2126
2127
2128
2129
2133
2133
2135
2136
2137
2139
2139
2146
2152
2153
2156
2161
2163
2165
2166
2172
2174
2176
2177
2178
2181
2185
2186
2189
2192
2194
2194
2197
2203
2205
2205
2206
2206
2207
2211
2211
2212
2218
2222
2222
2229
2230
2230
2231
2234
2235
2235
2235
2236
2241
2243
2243
2245
2249
2249
2250
2257
2259
2260
2261
2261
2262
2263
2271
2272
2273
2279
2285
2291
2292
2302
2304
2306
2307
2313
2314
2315
2320
2320
2323
2325
2328
2328
2329
2333
2334
2334
2335
2337
2345
2345
2363
2366
2367
2368
2373
2374
2380
2380
2382
2382
2382
2383
2383
2384
2397
2400
2406
2413
2415
2424
2426
2428
2442
2451
2452
2463
2467
2469
2471
2475
2478
2479
2480
2480
2481
2482
2484
2485
2489
2490
2490
2494
2495
2502
2504
2506
2510
2513
2517
2520
2523
2526
2531
2533
2536
2541
2541
2545
2552
2557
2559
2560
2570
2571
2579
2583
2583
2584
2584
2584
2588
2588
2590
2592
2596
2599
2601
2608
2608
2609
2609
2611
2619
2627
2628
2628
2629
2629
2629
2633
2634
2635
2644
2647
2651
2654
2656
2673
2674
2684
2690
2694
2695
2696
2698
2703
2704
2710
2715
2717
2717
2723
2729
2733
2737
2737
2744
2745
2748
2749
2750
2751
2751
2752
2754
2756
2761
2762
2762
2763
2768
2771
2776
2776
2786
2793
2794
2803
2809
2809
2812
2814
2819
2820
2820
2827
2830
2832
2833
2835
2838
2841
2846
2848
2850
2851
2855
2866
2871
2874
2880
2883
2888
2894
2896
2900
2902
2910
2913
2919
2920
2920
2928
2942
2951
2956
2957
2962
2970
2977
2978
2982
2984
2987
2992
2992
2995
3002
3004
3010
3011
3012
3013
3014
3017
3018
3021
3022
3029
3036
3042
3046
3047
3048
3048
3058
3060
3061
3062
3064
3065
3066
3071
3072
3072
3083
3084
3087
3087
3090
3092
3094
3095
3095
3099
3100
3106
3109
3110
3111
3113
3114
3118
3120
3121
3125
3125
3131
3135
3137
3141
3143
3144
3147
3147
3148
3149
3150
3151
3151
3158
3162
3163
3168
3173
3181
3184
3186
3187
3187
3188
3189
3190
3192
3198
3202
3203
3204
3206
3210
3212
3216
3220
3221
3223
3223
3224
3225
3228
3229
3233
3235
3235
3238
3238
3242
3248
3249
3250
3252
3257
3263
3263
3264
3264
3265
3266
3266
3266
3268
3270
3274
3278
3278
3279
3279
3283
3290
3291
3297
3298
3298
3301
3308
3309
3311
3315
3320
3323
3323
3333
3334
3352
3361
3363
3371
3373
3377
3380
3380
3383
3384
3386
3387
3388
3394
3405
3406
3408
3410
3412
3414
3416
3424
3424
3425
3432
3442
3443
3446
3448
3452
3456
3462
3470
3471
3475
3475
3475
3476
3476
3481
3482
3483
3484
3485
3485
3487
3487
3501
3506
3506
3512
3513
3522
3524
3528
3529
3530
3536
3538
3539
3540
3545
3546
3549
3549
3555
3558
3560
3560
3561
3561
3562
3562
3563
3564
3580
3580
3581
3581
3585
3588
3588
3589
3590
3592
3594
3598
3599
3605
3617
3619
3620
3622
3622
3631
3635
3642
3643
3644
3646
3648
3649
3649
3650
3655
3658
3665
3668
3668
3668
3668
3671
3678
3682
3682
3684
3685
3691
3693
3694
3695
3696
3698
3699
3700
3701
3709
3709
3710
3711
3718
3721
3721
3723
3725
3730
3732
3734
3735
3735
3738
3739
3740
3742
3746
3748
3748
3749
3750
3752
3754
3757
3760
3760
3762
3764
3769
3771
3773
3775
3776
3781
3782
3784
3786
3786
3795
3797
3797
3801
3804
3809
3810
3819
3820
3821
3821
3825
3827
3834
3836
3836
3840
3843
3843
3846
3851
3854
3855
3855
3856
3857
3864
3864
3864
3869
3869
3876
3876
3883
3885
3887
3888
3888
3890
3895
3897
3898
3907
3910
3911
3913
3920
3926
3930
3930
3932
3935
3943
3946
3950
3952
3952
3957
3959
3960
3963
3966
3967
3970
3973
3974
3976
3978
3980
3987
3988
3991
3992
3994
3998
4006
4012
4012
4017
4017
4019
4021
4028
4029
4033
4036
4036
4038
4039
4044
4044
4046
4048
4056
4057
4057
4070
4072
4077
4077
4082
4086
4087
4089
4090
4090
4092
4093
4097
4098
4103
4111
4117
4118
4118
4132
4137
4137
4137
4141
4144
4145
4146
4147
4148
4151
4154
4155
4156
4158
4158
4159
4161
4161
4161
4169
4169
4177
4187
4189
4192
4195
4197
4201
4206
4207
4208
4208
4212
4217
4218
4225
4226
4228
4229
4231
4232
4237
4238
4241
4242
4250
4254
4255
4257
4269
4271
4272
4280
4283
4284
4290
4292
4299
4299
4299
4303
4304
4306
4318
4318
4319
4323
4327
4327
4330
4332
4333
4334
4336
4336
4337
4337
4340
4343
4347
4347
4354
4365
4367
4368
4368
4373
4374
4375
4376
4380
4383
4389
4390
4394
4394
4394
4396
4401
4401
4402
4402
4408
4410
4410
4414
4416
4421
4427
4427
4428
4434
4440
4441
4442
4442
4444
4444
4449
4453
4453
4454
4454
4462
4464
4466
4476
4478
4479
4480
4481
4485
4487
4488
4490
4496
4500
4500
4501
4502
4504
4505
4519
4522
4523
4528
4529
4530
4533
4538
4539
4540
4546
4546
4547
4552
4565
4568
4569
4570
4572
4573
4575
4578
4578
4579
4581
4582
4585
4588
4589
4591
4596
4603
4607
4609
4611
4622
4622
4626
4637
4644
4646
4649
4652
4653
4654
4655
4658
4659
4659
4662
4662
4662
4665
4666
4667
4670
4670
4677
4682
4682
4683
4690
4692
4695
4696
4696
4698
4700
4700
4701
4704
4705
4710
4720
4724
4727
4727
4731
4732
4733
4734
4736
4741
4742
4746
4749
4749
4750
4752
4762
4770
4773
4773
4774
4776
4777
4777
4783
4785
4787
4788
4789
4796
4797
4797
4797
4799
4800
4802
4803
4805
4814
4815
4822
4825
4829
4831
4831
4842
4843
4850
4850
4872
4872
4879
4881
4888
4890
4893
4894
4899
4902
4904
4905
4911
4914
4916
4916
4922
4928
4929
4930
4934
4938
4946
4951
4955
4957
4958
4959
4960
4961
4962
4970
4973
4975
4976
4980
4980
4981
4981
4982
4985
4987
4989
4990
4991
4991
4998
4998
4999
5004
5006
5014
5014
5019
5023
5024
5026
5033
5035
5036
5038
5038
5042
5046
5051
5051
5053
5055
5056
5060
5062
5065
5071
5072
5075
5078
5083
5085
5093
5096
5097
5100
5104
5108
5118
5121
5133
5135
5136
5137
5138
5139
5140
5142
5148
5151
5154
5155
5158
5158
5166
5170
5171
5171
5173
5179
5180
5183
5185
5187
5192
5193
5193
5194
5196
5199
5200
5205
5211
5211
5220
5223
5223
5226
5230
5239
5240
5242
5254
5265
5267
5287
5288
5292
5296
5298
5301
5308
5318
5318
5319
5320
5325
5326
5334
5336
5337
5347
5347
5347
5348
5350
5353
5355
5359
5361
5366
5366
5366
5369
5371
5374
5378
5379
5381
5382
5382
5389
5394
5396
5396
5400
5401
5402
5404
5406
5408
5410
5413
5419
5420
5432
5436
5446
5451
5453
5454
5462
5463
5474
5479
5482
5486
5486
5489
5490
5493
5499
5503
5505
5505
5506
5506
5511
5514
5514
5517
5520
5538
5543
5543
5545
5546
5547
5547
5549
5549
5565
5567
5568
5574
5576
5582
5584
5589
5590
5593
5593
5596
5603
5604
5606
5608
5609
5610
5616
5619
5622
5622
5623
5628
5636
5641
5641
5643
5644
5645
5648
5652
5659
5659
5665
5666
5666
5675
5676
5677
5679
5681
5682
5686
5686
5688
5689
5697
5701
5704
5704
5705
5705
5712
5713
5714
5717
5720
5721
5724
5726
5726
5727
5729
5734
5737
5740
5743
5746
5748
5753
5755
5757
5758
5760
5760
5761
5761
5763
5777
5782
5786
5789
5793
5793
5799
5800
5802
5803
5809
5809
5813
5818
5821
5821
5827
5832
5835
5836
5839
5841
5842
5845
5849
5850
5851
5856
5862
5867
5871
5871
5878
5879
5881
5884
5885
5885
5888
5890
5891
5892
5897
5899
5907
5908
5910
5911
5920
5923
5924
5924
5926
5926
5926
5934
5938
5941
5946
5949
5950
5956
5957
5957
5964
5964
5965
5969
5976
5977
5978
5978
5978
5981
5982
5984
5986
5986
5988
5991
5991
5993
5998
6006
6007
6008
6012
6020
6023
6027
6034
6039
6040
6044
6044
6049
6050
6065
6066
6069
6078
6080
6085
6087
6087
6089
6091
6094
6098
6104
6106
6114
6121
6122
6123
6125
6127
6129
6132
6135
6137
6153
6155
6159
6162
6164
6165
6170
6173
6174
6175
6176
6177
6177
6177
6179
6183
6183
6191
6191
6193
6194
6198
6207
6214
6215
6216
6220
6223
6224
6226
6229
6230
6233
6241
6243
6245
6249
6250
6259
6259
6265
6266
6271
6274
6278
6283
6284
6293
6294
6295
6297
6298
6306
6307
6310
6311
6313
6313
6313
6314
6314
6318
6319
6328
6331
6331
6336
6337
6339
6339
6341
6342
6344
6347
6349
6352
6355
6355
6357
6359
6360
6360
6361
6362
6363
6365
6374
6378
6382
6383
6384
6392
6393
6394
6398
6400
6404
6405
6407
6409
6411
6415
6417
6419
6422
6424
6424
6426
6429
6432
6433
6434
6440
6442
6446
6454
6454
6455
6455
6455
6458
6458
6466
6470
6471
6473
6473
6473
6473
6475
6477
6478
6480
6482
6482
6483
6484
6486
6493
6494
6495
6498
6500
6500
6502
6503
6504
6505
6505
6506
6507
6508
6512
6517
6523
6527
6528
6528
6530
6534
6535
6541
6547
6552
6555
6557
6561
6564
6564
6566
6567
6570
6573
6574
6575
6576
6581
6582
6583
6589
6595
6607
6608
6612
6614
6615
6615
6618
6620
6620
6621
6625
6626
6626
6628
6629
6631
6635
6638
6640
6641
6642
6643
6643
6653
6654
6657
6657
6662
6669
6678
6681
6684
6689
6695
6696
6697
6701
6705
6707
6707
6709
6712
6715
6724
6729
6732
6734
6734
6736
6741
6742
6742
6744
6745
6746
6747
6747
6751
6757
6758
6758
6759
6760
6767
6768
6770
6778
6790
6791
6794
6795
6798
6798
6804
6807
6808
6809
6810
6815
6815
6816
6821
6825
6828
6833
6837
6843
6844
6845
6846
6848
6850
6851
6856
6859
6862
6862
6866
6867
6871
6872
6872
6875
6876
6876
6876
6880
6888
6897
6898
6899
6902
6902
6903
6903
6905
6905
6906
6908
6913
6918
6918
6919
6922
6927
6935
6938
6938
6939
6944
6952
6952
6955
6956
6956
6956
6958
6958
6963
6965
6966
6967
6968
6970
6975
6980
6986
6990
6994
6995
7006
7009
7010
7013
7017
7025
7026
7030
7038
7043
7045
7047
7050
7056
7059
7066
7066
7079
7082
7083
7083
7087
7087
7089
7091
7096
7101
7109
7110
7114
7117
7122
7122
7126
7129
7134
7136
7149
7150
7151
7151
7151
7155
7156
7161
7162
7164
7165
7165
7166
7169
7172
7174
7181
7181
7183
7184
7184
7186
7187
7189
7190
7190
7197
7200
7202
7203
7204
7208
7208
7210
7210
7216
7217
7218
7218
7222
7225
7226
7228
7232
7233
7234
7234
7235
7237
7241
7243
7245
7248
7248
7253
7255
7255
7256
7260
7261
7267
7272
7272
7284
7287
7289
7291
7293
7295
7297
7301
7301
7301
7312
7312
7313
7315
7317
7325
7326
7327
7328
7330
7332
7333
7335
7340
7340
7347
7350
7355
7372
7373
7376
7382
7384
7385
7386
7387
7387
7389
7399
7403
7404
7406
7407
7408
7408
7414
7418
7421
7424
7426
7430
7435
7442
7447
7449
7453
7453
7455
7456
7456
7460
7466
7467
7467
7469
7472
7480
7481
7481
7481
7485
7487
7495
7504
7512
7514
7515
7516
7519
7520
7522
7523
7523
7524
7526
7531
7534
7535
7539
7539
7540
7540
7544
7547
7549
7551
7553
7553
7556
7556
7559
7565
7571
7575
7577
7581
7596
7597
7601
7602
7602
7605
7606
7608
7611
7611
7612
7615
7617
7617
7618
7618
7619
7625
7630
7630
7634
7636
7643
7651
7652
7659
7660
7660
7665
7667
7668
7669
7671
7672
7678
7690
7692
7698
7698
7700
7700
7701
7702
7704
7708
7711
7712
7713
7715
7719
7726
7726
7727
7731
7734
7735
7735
7738
7742
7748
7748
7752
7754
7756
7758
7759
7762
7766
7773
7777
7785
7786
7787
7788
7790
7794
7801
7802
7806
7811
7813
7813
7816
7816
7819
7819
7822
7822
7824
7827
7831
7835
7843
7844
7847
7848
7850
7851
7852
7863
7865
7877
7879
7884
7886
7890
7890
7896
7898
7901
7901
7904
7905
7905
7906
7907
7907
7908
7910
7913
7914
7915
7919
7919
7919
7923
7923
7933
7936
7938
7941
7949
7952
7953
7955
7956
7956
7956
7958
7971
7975
7978
7981
8005
8008
8009
8014
8014
8020
8021
8024
8025
8027
8031
8034
8034
8035
8036
8037
8037
8039
8043
8047
8048
8052
8054
8058
8064
8065
8067
8067
8069
8069
8073
8076
8077
8082
8084
8088
8103
8107
8108
8111
8111
8119
8121
8124
8124
8127
8127
8128
8128
8129
8131
8132
8133
8134
8139
8141
8142
8149
8153
8156
8158
8159
8160
8162
8166
8170
8182
8183
8189
8191
8194
8197
8200
8201
8204
8205
8209
8210
8212
8216
8216
8219
8219
8221
8221
8222
8222
8231
8232
8239
8239
8241
8243
8246
8246
8255
8256
8259
8260
8261
8266
8268
8268
8272
8275
8275
8275
8276
8276
8276
8286
8286
8292
8295
8299
8299
8302
8304
8314
8315
8322
8323
8327
8331
8334
8335
8337
8337
8338
8340
8343
8344
8345
8345
8346
8354
8358
8361
8371
8372
8375
8388
8388
8389
8395
8396
8396
8410
8410
8414
8430
8430
8439
8440
8441
8445
8449
8450
8450
8451
8452
8462
8462
8467
8474
8487
8490
8490
8496
8504
8506
8507
8509
8510
8511
8512
8515
8515
8516
8529
8542
8554
8558
8562
8563
8565
8566
8584
8585
8588
8591
8594
8595
8604
8606
8607
8608
8609
8610
8611
8614
8622
8623
8626
8628
8628
8628
8633
8633
8636
8646
8651
8653
8661
8665
8675
8682
8686
8692
8692
8693
8698
8699
8702
8707
8707
8710
8710
8711
8714
8719
8723
8723
8727
8728
8730
8732
8740
8755
8757
8759
8775
8776
8778
8781
8785
8790
8794
8794
8796
8797
8797
8802
8805
8806
8812
8816
8823
8824
8825
8825
8826
8830
8835
8835
8836
8842
8846
8847
8849
8849
8849
8850
8854
8862
8862
8863
8871
8872
8875
8877
8877
8894
8894
8899
8900
8903
8906
8912
8916
8922
8923
8925
8926
8928
8932
8932
8934
8936
8938
8942
8943
8946
8952
8952
8953
8953
8954
8955
8956
8956
8965
8966
8974
8974
8976
8979
8979
8980
8983
8985
8987
8990
8991
8992
8997
8999
9001
9003
9003
9005
9014
9016
9019
9020
9021
9021
9022
9027
9028
9029
9041
9042
9043
9043
9044
9050
9050
9051
9052
9055
9055
9063
9070
9071
9079
9079
9081
9089
9092
9093
9094
9099
9100
9103
9104
9105
9106
9107
9109
9114
9118
9118
9120
9121
9122
9123
9124
9132
9132
9140
9141
9142
9143
9145
9146
9150
9152
9153
9153
9156
9161
9163
9163
9164
9165
9170
9172
9172
9172
9173
9174
9174
9178
9179
9183
9185
9187
9188
9189
9196
9202
9204
9218
9224
9225
9225
9226
9227
9228
9231
9233
9236
9237
9245
9246
9248
9252
9254
9256
9257
9260
9267
9273
9273
9276
9279
9281
9282
9283
9283
9290
9297
9297
9298
9300
9304
9306
9309
9315
9319
9319
9323
9323
9327
9328
9330
9331
9337
9342
9343
9346
9346
9346
9347
9347
9350
9351
9358
9368
9369
9369
9370
9375
9375
9379
9381
9381
9388
9389
9390
9392
9392
9393
9393
9396
9397
9399
9401
9403
9404
9407
9408
9414
9416
9419
9425
9425
9432
9438
9438
9439
9443
9447
9447
9451
9456
9459
9459
9459
9463
9465
9466
9467
9470
9474
9478
9478
9481
9484
9485
9488
9495
9497
9497
9501
9502
9507
9508
9508
9510
9510
9513
9514
9515
9516
9517
9518
9518
9520
9523
9524
9534
9537
9550
9552
9561
9563
9567
9567
9568
9569
9573
9574
9575
9578
9580
9582
9582
9582
9583
9586
9587
9594
9599
9600
9603
9606
9616
9626
9627
9629
9630
9630
9634
9637
9638
9644
9645
9648
9654
9654
9657
9658
9659
9661
9667
9671
9674
9676
9678
9678
9679
9680
9682
9682
9688
9689
9692
9698
9701
9703
9706
9711
9712
9713
9714
9715
9715
9717
9721
9731
9732
9732
9733
9737
9739
9741
9747
9748
9754
9759
9761
9765
9766
9769
9770
9774
9780
9780
9781
9781
9783
9783
9785
9787
9799
9799
9804
9811
9811
9816
9818
9824
9825
9827
9828
9830
9831
9832
9833
9834
9835
9836
9839
9841
9844
9850
9855
9862
9863
9868
9868
9875
9876
9877
9881
9882
9887
9889
9889
9890
9891
9891
9896
9900
9902
9905
9906
9907
9914
9928
9929
9929
9932
9932
9934
9939
9945
9947
9948
9955
9960
9966
9966
9974
9982
9988
9988
9989
9991
9993
9995
9996
10000
10000
