9993
9957
9957
9863
9855
9847
9845
9775
9728
9704
9681
9643
9594
9577
9571
9530
9497
9496
9481
9456
9425
9338
9309
9269
9269
9266
9262
9245
9242
9234
9226
9221
9208
9206
9073
9073
9071
9056
9041
9032
9002
8983
8931
8923
8903
8867
8862
8857
8856
8842
8831
8823
8811
8775
8748
8741
8732
8689
8647
8641
8640
8632
8621
8606
8597
8593
8593
8548
8540
8498
8485
8476
8451
8369
8362
8358
8335
8287
8264
8221
8192
8179
8149
8134
8113
8076
8066
8028
8011
7988
7983
7978
7973
7955
7902
7881
7875
7731
7700
7697
7691
7685
7684
7675
7653
7650
7646
7622
7616
7586
7580
7566
7531
7496
7484
7479
7466
7430
7395
7393
7369
7359
7335
7335
7320
7295
7273
7265
7240
7231
7220
7217
7215
7179
7173
7154
7077
7043
7033
7004
6991
6951
6940
6889
6875
6865
6863
6801
6798
6754
6722
6721
6715
6695
6656
6618
6587
6580
6549
6530
6509
6488
6480
6450
6439
6434
6430
6424
6405
6401
6393
6385
6364
6347
6323
6287
6258
6249
6243
6237
6214
6182
6151
6142
6106
6091
6079
6073
6061
5996
5980
5942
5938
5936
5924
5907
5899
5875
5849
5848
5809
5804
5804
5790
5777
5766
5754
5708
5679
5678
5666
5655
5653
5614
5585
5557
5541
5526
5519
5482
5459
5457
5434
5427
5421
5420
5412
5399
5394
5374
5357
5339
5326
5296
5287
5285
5222
5104
5066
5061
5046
5043
5040
5018
5015
5001
4995
4972
4943
4942
4871
4859
4843
4808
4736
4713
4701
4696
4645
4639
4629
4609
4555
4540
4529
4521
4511
4510
4503
4452
4385
4369
4359
4278
4262
4252
4222
4194
4188
4163
4151
4106
4093
4057
4051
4034
4003
3957
3944
3929
3925
3902
3838
3828
3820
3809
3794
3792
3761
3748
3745
3736
3715
3663
3662
3652
3624
3612
3603
3590
3558
3539
3536
3527
3521
3518
3516
3508
3507
3487
3417
3388
3383
3379
3352
3316
3281
3269
3262
3247
3223
3199
3158
3154
3148
3139
3112
3100
3084
3083
3078
3053
3040
3005
2984
2969
2909
2885
2872
2868
2853
2851
2850
2849
2823
2820
2759
2750
2730
2643
2635
2580
2536
2517
2489
2480
2473
2453
2440
2355
2335
2329
2306
2254
2247
2245
2208
2195
2192
2183
2177
2171
2142
2131
2123
2098
2088
2078
2075
2031
2012
1984
1942
1938
1912
1898
1892
1827
1809
1780
1780
1775
1773
1768
1743
1727
1720
1710
1708
1649
1622
1585
1577
1476
1460
1414
1359
1323
1320
1316
1303
1303
1292
1281
1272
1270
1250
1238
1234
1227
1218
1191
1139
1134
1128
1120
1116
1009
989
989
987
971
903
876
875
834
792
774
773
769
752
735
734
730
700
696
696
690
682
680
675
638
616
600
598
557
552
537
500
482
480
477
477
467
462
431
403
381
380
350
274
272
246
217
177
166
160
139
131
83
25
24
10
3
-19
-24
-26
-28
-68
-68
-123
-184
-188
-191
-212
-255
-262
-262
-289
-311
-312
-313
-335
-350
-363
-369
-376
-398
-400
-467
-516
-542
-559
-604
-624
-628
-653
-653
-684
-685
-691
-703
-754
-766
-773
-820
-872
-879
-888
-889
-926
-994
-997
-1042
-1053
-1084
-1089
-1126
-1138
-1161
-1185
-1225
-1232
-1242
-1257
-1265
-1284
-1292
-1293
-1297
-1302
-1331
-1336
-1372
-1376
-1388
-1438
-1444
-1485
-1509
-1569
-1574
-1586
-1587
-1596
-1631
-1633
-1635
-1641
-1697
-1734
-1739
-1745
-1748
-1786
-1803
-1818
-1835
-1857
-1859
-1873
-1879
-1922
-1970
-1973
-2011
-2014
-2016
-2037
-2060
-2061
-2100
-2102
-2158
-2168
-2187
-2233
-2261
-2288
-2305
-2314
-2330
-2338
-2345
-2414
-2467
-2495
-2528
-2538
-2574
-2584
-2596
-2623
-2624
-2642
-2714
-2730
-2771
-2779
-2842
-2850
-2868
-2911
-2944
-2948
-2981
-2983
-3014
-3034
-3048
-3059
-3099
-3145
-3153
-3155
-3167
-3188
-3193
-3215
-3238
-3239
-3272
-3278
-3284
-3304
-3323
-3340
-3348
-3350
-3353
-3364
-3382
-3386
-3419
-3434
-3504
-3509
-3531
-3608
-3609
-3659
-3661
-3674
-3710
-3764
-3824
-3835
-3878
-3891
-3905
-3911
-3955
-4004
-4075
-4116
-4133
-4166
-4190
-4210
-4243
-4244
-4247
-4265
-4270
-4330
-4337
-4379
-4390
-4410
-4433
-4481
-4519
-4520
-4532
-4542
-4544
-4546
-4547
-4551
-4572
-4591
-4623
-4628
-4703
-4725
-4765
-4780
-4803
-4805
-4826
-4832
-4841
-4842
-4898
-4933
-4939
-4941
-4957
-4972
-5048
-5060
-5070
-5074
-5119
-5155
-5155
-5182
-5197
-5211
-5239
-5252
-5263
-5284
-5286
-5316
-5346
-5355
-5364
-5393
-5407
-5418
-5444
-5450
-5462
-5463
-5465
-5482
-5500
-5506
-5512
-5518
-5521
-5530
-5560
-5565
-5572
-5612
-5620
-5675
-5678
-5697
-5701
-5703
-5733
-5734
-5768
-5778
-5788
-5829
-5869
-5904
-5939
-5954
-5958
-5970
-5978
-5990
-6008
-6018
-6073
-6091
-6092
-6105
-6127
-6139
-6151
-6218
-6218
-6257
-6314
-6324
-6353
-6375
-6385
-6414
-6420
-6466
-6469
-6489
-6490
-6536
-6540
-6541
-6545
-6607
-6665
-6667
-6672
-6675
-6688
-6743
-6776
-6789
-6843
-6865
-6894
-6919
-6942
-7003
-7080
-7092
-7142
-7184
-7191
-7233
-7298
-7319
-7321
-7323
-7353
-7386
-7392
-7415
-7442
-7474
-7483
-7501
-7503
-7552
-7558
-7586
-7595
-7664
-7720
-7731
-7742
-7759
-7761
-7762
-7778
-7780
-7799
-7800
-7813
-7828
-7840
-7847
-7872
-7873
-7884
-7890
-7898
-7903
-7948
-7957
-8006
-8015
-8034
-8048
-8049
-8059
-8075
-8077
-8116
-8193
-8219
-8259
-8308
-8335
-8361
-8398
-8425
-8435
-8443
-8447
-8448
-8449
-8471
-8535
-8540
-8595
-8608
-8623
-8681
-8721
-8743
-8757
-8768
-8802
-8804
-8825
-8850
-8891
-8895
-8898
-8927
-8947
-8949
-8949
-8953
-8959
-8964
-8982
-8993
-9022
-9036
-9044
-9052
-9068
-9096
-9102
-9105
-9118
-9147
-9158
-9169
-9188
-9193
-9203
-9248
-9265
-9310
-9315
-9317
-9324
-9336
-9374
-9439
-9491
-9499
-9503
-9540
-9542
-9551
-9580
-9675
-9683
-9700
-9714
-9719
-9727
-9800
-9816
-9836
-9859
-9921
-9921
-9921
-9947
-9953
-9971
-9983
-9997
