-9993
-9986
-9984
-9981
-9977
-9975
-9974
-9966
-9965
-9964
-9964
-9962
-9962
-9960
-9955
-9953
-9951
-9946
-9943
-9935
-9921
-9920
-9920
-9915
-9913
-9908
-9907
-9904
-9902
-9899
-9894
-9891
-9888
-9886
-9886
-9885
-9883
-9882
-9878
-9869
-9866
-9865
-9861
-9860
-9858
-9858
-9856
-9854
-9850
-9849
-9848
-9848
-9843
-9842
-9841
-9840
-9838
-9838
-9833
-9831
-9831
-9830
-9830
-9829
-9821
-9819
-9817
-9817
-9817
-9815
-9813
-9808
-9803
-9801
-9799
-9799
-9798
-9789
-9785
-9782
-9776
-9776
-9772
-9771
-9771
-9766
-9763
-9760
-9757
-9755
-9753
-9753
-9752
-9743
-9741
-9740
-9737
-9732
-9732
-9731
-9731
-9730
-9729
-9729
-9729
-9728
-9727
-9725
-9724
-9723
-9721
-9718
-9718
-9718
-9715
-9714
-9713
-9711
-9710
-9708
-9708
-9708
-9707
-9706
-9705
-9700
-9700
-9700
-9699
-9699
-9697
-9697
-9694
-9693
-9693
-9689
-9687
-9686
-9684
-9678
-9678
-9671
-9670
-9663
-9659
-9657
-9649
-9642
-9642
-9637
-9635
-9635
-9632
-9630
-9620
-9620
-9619
-9617
-9614
-9611
-9610
-9607
-9607
-9607
-9603
-9597
-9594
-9589
-9588
-9581
-9580
-9580
-9578
-9578
-9577
-9575
-9573
-9573
-9571
-9569
-9569
-9568
-9566
-9565
-9564
-9558
-9558
-9557
-9556
-9552
-9548
-9543
-9542
-9539
-9538
-9537
-9536
-9535
-9532
-9531
-9530
-9527
-9521
-9518
-9517
-9515
-9511
-9510
-9499
-9497
-9490
-9487
-9484
-9483
-9482
-9480
-9478
-9475
-9474
-9464
-9464
-9464
-9459
-9458
-9453
-9450
-9448
-9448
-9448
-9448
-9448
-9442
-9433
-9432
-9431
-9431
-9429
-9427
-9425
-9425
-9421
-9420
-9420
-9414
-9412
-9403
-9400
-9399
-9399
-9398
-9394
-9394
-9387
-9386
-9386
-9385
-9384
-9377
-9375
-9367
-9362
-9362
-9359
-9359
-9350
-9349
-9342
-9335
-9332
-9330
-9330
-9329
-9328
-9325
-9324
-9319
-9319
-9316
-9315
-9313
-9313
-9312
-9311
-9306
-9306
-9297
-9294
-9293
-9293
-9292
-9290
-9289
-9288
-9288
-9286
-9283
-9282
-9279
-9279
-9277
-9276
-9272
-9270
-9268
-9268
-9267
-9266
-9265
-9261
-9258
-9255
-9252
-9251
-9249
-9249
-9246
-9237
-9234
-9229
-9229
-9225
-9224
-9219
-9216
-9215
-9213
-9211
-9206
-9205
-9203
-9202
-9201
-9198
-9196
-9196
-9195
-9194
-9194
-9188
-9187
-9187
-9184
-9182
-9176
-9172
-9170
-9169
-9169
-9169
-9168
-9168
-9167
-9165
-9162
-9162
-9156
-9153
-9142
-9141
-9140
-9139
-9136
-9135
-9133
-9132
-9132
-9131
-9130
-9128
-9116
-9116
-9112
-9111
-9110
-9108
-9107
-9104
-9102
-9100
-9094
-9084
-9084
-9078
-9077
-9075
-9072
-9071
-9065
-9062
-9059
-9058
-9054
-9046
-9036
-9036
-9035
-9032
-9032
-9031
-9031
-9030
-9028
-9027
-9026
-9025
-9025
-9023
-9022
-9018
-9018
-9015
-9014
-9008
-9007
-9004
-9000
-9000
-8997
-8994
-8993
-8993
-8992
-8992
-8992
-8991
-8987
-8987
-8987
-8985
-8984
-8983
-8979
-8966
-8965
-8964
-8963
-8962
-8961
-8960
-8959
-8958
-8957
-8956
-8954
-8947
-8943
-8943
-8942
-8936
-8935
-8930
-8930
-8929
-8927
-8927
-8927
-8926
-8921
-8920
-8919
-8916
-8913
-8908
-8906
-8900
-8898
-8893
-8892
-8892
-8891
-8884
-8879
-8876
-8875
-8874
-8872
-8864
-8863
-8863
-8863
-8861
-8858
-8857
-8851
-8846
-8842
-8842
-8839
-8838
-8830
-8828
-8818
-8815
-8815
-8814
-8814
-8813
-8804
-8804
-8801
-8801
-8800
-8797
-8796
-8790
-8789
-8786
-8783
-8782
-8782
-8782
-8782
-8780
-8778
-8769
-8769
-8769
-8766
-8765
-8761
-8758
-8756
-8755
-8754
-8754
-8754
-8751
-8749
-8746
-8745
-8743
-8742
-8737
-8736
-8736
-8734
-8733
-8732
-8730
-8730
-8728
-8724
-8724
-8724
-8721
-8720
-8715
-8714
-8705
-8703
-8701
-8701
-8694
-8694
-8693
-8692
-8688
-8686
-8685
-8675
-8675
-8674
-8672
-8671
-8669
-8669
-8668
-8665
-8656
-8644
-8643
-8642
-8641
-8641
-8641
-8639
-8637
-8635
-8634
-8633
-8630
-8627
-8626
-8625
-8622
-8621
-8621
-8616
-8615
-8611
-8609
-8605
-8603
-8599
-8596
-8593
-8591
-8590
-8590
-8587
-8586
-8582
-8580
-8576
-8576
-8575
-8568
-8568
-8567
-8564
-8564
-8560
-8557
-8552
-8547
-8547
-8543
-8539
-8535
-8534
-8532
-8529
-8527
-8526
-8526
-8522
-8521
-8520
-8518
-8516
-8514
-8513
-8512
-8512
-8510
-8510
-8504
-8502
-8499
-8492
-8491
-8489
-8485
-8483
-8482
-8481
-8475
-8467
-8466
-8461
-8461
-8460
-8459
-8455
-8454
-8454
-8453
-8452
-8444
-8444
-8439
-8438
-8438
-8435
-8433
-8431
-8428
-8425
-8424
-8424
-8423
-8422
-8418
-8416
-8416
-8411
-8409
-8406
-8401
-8400
-8395
-8393
-8393
-8377
-8369
-8368
-8364
-8358
-8357
-8353
-8350
-8347
-8341
-8340
-8340
-8338
-8337
-8336
-8331
-8331
-8329
-8328
-8321
-8319
-8317
-8314
-8313
-8312
-8311
-8306
-8303
-8296
-8295
-8294
-8293
-8290
-8280
-8279
-8279
-8278
-8277
-8272
-8272
-8271
-8267
-8264
-8261
-8259
-8247
-8243
-8242
-8235
-8234
-8230
-8230
-8227
-8226
-8225
-8219
-8215
-8215
-8210
-8209
-8208
-8206
-8202
-8196
-8190
-8187
-8186
-8181
-8180
-8177
-8174
-8171
-8171
-8166
-8166
-8162
-8162
-8161
-8161
-8160
-8159
-8156
-8149
-8146
-8146
-8144
-8143
-8142
-8138
-8138
-8137
-8136
-8131
-8130
-8130
-8128
-8128
-8128
-8127
-8124
-8122
-8120
-8119
-8115
-8113
-8112
-8109
-8107
-8104
-8099
-8097
-8093
-8092
-8092
-8090
-8089
-8089
-8088
-8085
-8081
-8079
-8071
-8068
-8066
-8063
-8061
-8056
-8053
-8052
-8050
-8048
-8047
-8046
-8046
-8040
-8033
-8031
-8031
-8028
-8027
-8024
-8020
-8017
-8015
-8015
-8013
-8012
-8009
-8005
-8003
-8003
-8002
-7999
-7996
-7996
-7995
-7981
-7980
-7979
-7978
-7977
-7973
-7971
-7970
-7969
-7969
-7967
-7959
-7959
-7957
-7954
-7952
-7950
-7949
-7947
-7945
-7945
-7939
-7939
-7939
-7935
-7933
-7929
-7929
-7925
-7925
-7922
-7919
-7918
-7917
-7917
-7917
-7911
-7909
-7907
-7905
-7901
-7898
-7897
-7897
-7896
-7895
-7893
-7892
-7891
-7887
-7883
-7881
-7880
-7880
-7880
-7879
-7879
-7877
-7874
-7873
-7871
-7863
-7863
-7862
-7856
-7856
-7856
-7854
-7851
-7850
-7848
-7846
-7846
-7842
-7841
-7835
-7834
-7830
-7829
-7826
-7821
-7818
-7815
-7812
-7809
-7807
-7807
-7806
-7805
-7805
-7799
-7796
-7791
-7791
-7790
-7789
-7789
-7787
-7786
-7786
-7782
-7781
-7777
-7776
-7776
-7769
-7767
-7767
-7765
-7765
-7765
-7765
-7760
-7759
-7757
-7756
-7745
-7742
-7742
-7741
-7738
-7738
-7737
-7736
-7732
-7726
-7725
-7725
-7723
-7719
-7716
-7712
-7712
-7711
-7709
-7709
-7701
-7700
-7696
-7693
-7690
-7687
-7686
-7685
-7679
-7679
-7678
-7678
-7678
-7671
-7670
-7670
-7668
-7663
-7658
-7656
-7656
-7653
-7650
-7640
-7635
-7633
-7632
-7631
-7631
-7626
-7625
-7624
-7621
-7618
-7618
-7612
-7612
-7610
-7610
-7609
-7608
-7606
-7605
-7605
-7603
-7601
-7597
-7597
-7595
-7593
-7591
-7588
-7586
-7584
-7582
-7581
-7580
-7578
-7576
-7575
-7571
-7568
-7566
-7563
-7561
-7561
-7561
-7560
-7556
-7555
-7552
-7552
-7548
-7541
-7537
-7535
-7533
-7533
-7532
-7528
-7526
-7523
-7521
-7515
-7515
-7513
-7508
-7508
-7500
-7499
-7498
-7497
-7496
-7495
-7493
-7490
-7488
-7485
-7485
-7485
-7482
-7478
-7476
-7473
-7472
-7472
-7471
-7470
-7468
-7466
-7466
-7465
-7463
-7462
-7460
-7454
-7454
-7446
-7444
-7442
-7438
-7436
-7435
-7431
-7427
-7422
-7422
-7416
-7415
-7415
-7414
-7414
-7413
-7411
-7408
-7401
-7399
-7398
-7395
-7392
-7390
-7389
-7387
-7386
-7384
-7384
-7383
-7381
-7379
-7378
-7374
-7373
-7369
-7363
-7360
-7354
-7353
-7349
-7346
-7344
-7344
-7343
-7342
-7340
-7340
-7336
-7335
-7335
-7333
-7332
-7332
-7330
-7325
-7317
-7315
-7311
-7307
-7304
-7300
-7299
-7295
-7293
-7288
-7286
-7285
-7282
-7277
-7276
-7273
-7273
-7269
-7266
-7266
-7262
-7262
-7261
-7258
-7247
-7245
-7241
-7238
-7235
-7230
-7230
-7227
-7226
-7225
-7221
-7219
-7218
-7218
-7214
-7214
-7212
-7208
-7208
-7203
-7201
-7196
-7195
-7193
-7192
-7192
-7191
-7188
-7187
-7186
-7185
-7185
-7184
-7183
-7175
-7171
-7171
-7170
-7168
-7168
-7164
-7163
-7161
-7160
-7159
-7158
-7156
-7156
-7154
-7153
-7153
-7152
-7149
-7144
-7134
-7133
-7129
-7124
-7120
-7120
-7110
-7109
-7104
-7102
-7101
-7099
-7095
-7090
-7089
-7079
-7079
-7078
-7077
-7076
-7073
-7072
-7071
-7066
-7066
-7064
-7063
-7057
-7054
-7051
-7050
-7048
-7044
-7041
-7035
-7033
-7033
-7028
-7026
-7025
-7025
-7020
-7008
-7007
-7005
-7001
-7001
-6995
-6994
-6991
-6989
-6988
-6983
-6975
-6972
-6967
-6965
-6963
-6957
-6956
-6956
-6955
-6952
-6947
-6941
-6940
-6934
-6934
-6933
-6928
-6927
-6923
-6921
-6921
-6920
-6919
-6917
-6914
-6913
-6908
-6905
-6905
-6904
-6903
-6903
-6902
-6895
-6895
-6893
-6892
-6887
-6887
-6884
-6881
-6876
-6874
-6873
-6871
-6866
-6864
-6863
-6861
-6860
-6858
-6857
-6856
-6853
-6852
-6850
-6848
-6846
-6846
-6845
-6839
-6839
-6833
-6833
-6827
-6823
-6822
-6820
-6820
-6819
-6816
-6814
-6812
-6811
-6810
-6809
-6806
-6804
-6802
-6802
-6797
-6797
-6795
-6795
-6794
-6791
-6791
-6790
-6790
-6788
-6788
-6786
-6783
-6783
-6782
-6777
-6776
-6774
-6769
-6768
-6766
-6763
-6760
-6755
-6755
-6754
-6753
-6753
-6746
-6745
-6742
-6740
-6740
-6739
-6736
-6732
-6731
-6729
-6729
-6728
-6724
-6723
-6719
-6719
-6715
-6714
-6709
-6708
-6707
-6703
-6702
-6699
-6697
-6696
-6694
-6692
-6684
-6682
-6680
-6670
-6666
-6665
-6665
-6661
-6660
-6658
-6656
-6656
-6654
-6654
-6654
-6652
-6651
-6651
-6650
-6649
-6648
-6647
-6646
-6646
-6645
-6644
-6639
-6635
-6634
-6633
-6624
-6623
-6623
-6622
-6619
-6619
-6615
-6611
-6611
-6611
-6611
-6610
-6607
-6606
-6605
-6603
-6598
-6596
-6596
-6590
-6587
-6586
-6581
-6581
-6580
-6575
-6575
-6572
-6571
-6567
-6566
-6565
-6564
-6563
-6560
-6557
-6557
-6551
-6548
-6548
-6548
-6546
-6542
-6540
-6537
-6536
-6533
-6529
-6528
-6527
-6527
-6526
-6521
-6518
-6517
-6515
-6514
-6510
-6508
-6507
-6506
-6505
-6505
-6504
-6503
-6500
-6497
-6494
-6486
-6481
-6481
-6480
-6478
-6471
-6471
-6464
-6462
-6460
-6460
-6452
-6451
-6449
-6448
-6437
-6436
-6436
-6433
-6431
-6427
-6424
-6424
-6418
-6417
-6409
-6408
-6407
-6405
-6403
-6402
-6399
-6398
-6397
-6396
-6395
-6389
-6386
-6384
-6382
-6382
-6380
-6379
-6379
-6379
-6373
-6370
-6369
-6368
-6367
-6365
-6365
-6360
-6360
-6358
-6357
-6357
-6357
-6357
-6355
-6354
-6352
-6351
-6343
-6339
-6335
-6329
-6325
-6325
-6322
-6322
-6317
-6313
-6313
-6312
-6303
-6290
-6289
-6289
-6288
-6287
-6285
-6284
-6276
-6272
-6269
-6264
-6262
-6262
-6259
-6259
-6255
-6254
-6253
-6251
-6251
-6249
-6245
-6243
-6240
-6238
-6233
-6229
-6223
-6219
-6219
-6217
-6216
-6214
-6210
-6210
-6209
-6209
-6208
-6208
-6207
-6206
-6205
-6203
-6200
-6199
-6194
-6193
-6192
-6190
-6190
-6189
-6188
-6188
-6187
-6183
-6178
-6176
-6174
-6164
-6163
-6163
-6159
-6153
-6153
-6152
-6151
-6147
-6145
-6141
-6141
-6141
-6136
-6134
-6130
-6129
-6122
-6121
-6116
-6115
-6114
-6111
-6103
-6103
-6099
-6099
-6098
-6098
-6087
-6082
-6079
-6078
-6073
-6068
-6067
-6059
-6059
-6058
-6057
-6055
-6055
-6053
-6052
-6052
-6049
-6049
-6040
-6039
-6035
-6034
-6032
-6031
-6029
-6029
-6022
-6018
-6015
-6014
-6013
-6011
-6010
-6009
-6006
-6005
-6003
-5997
-5991
-5991
-5989
-5987
-5982
-5981
-5978
-5977
-5974
-5971
-5971
-5971
-5969
-5967
-5960
-5957
-5956
-5955
-5954
-5954
-5950
-5948
-5946
-5945
-5945
-5945
-5942
-5942
-5940
-5940
-5938
-5934
-5927
-5926
-5924
-5923
-5923
-5922
-5918
-5916
-5913
-5909
-5907
-5906
-5906
-5905
-5901
-5901
-5900
-5899
-5898
-5898
-5896
-5896
-5891
-5888
-5887
-5886
-5886
-5882
-5880
-5876
-5865
-5858
-5858
-5852
-5850
-5844
-5844
-5843
-5842
-5834
-5834
-5833
-5825
-5821
-5820
-5816
-5814
-5813
-5812
-5812
-5809
-5809
-5809
-5806
-5805
-5805
-5805
-5804
-5800
-5797
-5796
-5787
-5787
-5785
-5784
-5781
-5781
-5776
-5775
-5772
-5770
-5767
-5764
-5762
-5760
-5756
-5755
-5754
-5753
-5752
-5751
-5750
-5749
-5749
-5748
-5747
-5744
-5742
-5742
-5741
-5737
-5737
-5733
-5733
-5733
-5729
-5728
-5728
-5725
-5723
-5722
-5719
-5717
-5713
-5712
-5711
-5710
-5706
-5705
-5699
-5698
-5697
-5697
-5688
-5688
-5686
-5682
-5682
-5679
-5670
-5666
-5665
-5665
-5661
-5660
-5659
-5658
-5656
-5656
-5655
-5654
-5652
-5651
-5650
-5648
-5644
-5643
-5640
-5638
-5638
-5637
-5636
-5636
-5634
-5631
-5629
-5627
-5626
-5626
-5625
-5625
-5620
-5612
-5611
-5607
-5604
-5604
-5603
-5602
-5600
-5596
-5595
-5595
-5593
-5593
-5591
-5590
-5580
-5580
-5579
-5578
-5578
-5574
-5572
-5570
-5568
-5567
-5564
-5564
-5562
-5559
-5555
-5554
-5552
-5551
-5551
-5548
-5545
-5543
-5542
-5541
-5538
-5538
-5532
-5531
-5528
-5527
-5526
-5521
-5518
-5517
-5515
-5514
-5514
-5498
-5498
-5497
-5494
-5489
-5487
-5486
-5482
-5482
-5478
-5476
-5475
-5473
-5470
-5466
-5462
-5461
-5460
-5459
-5458
-5458
-5457
-5457
-5456
-5447
-5445
-5442
-5441
-5432
-5432
-5429
-5425
-5419
-5416
-5412
-5409
-5408
-5408
-5406
-5404
-5403
-5400
-5398
-5398
-5398
-5397
-5397
-5396
-5392
-5391
-5390
-5389
-5379
-5379
-5377
-5368
-5368
-5367
-5363
-5360
-5356
-5355
-5355
-5352
-5347
-5344
-5344
-5341
-5340
-5339
-5338
-5334
-5333
-5332
-5330
-5328
-5326
-5325
-5325
-5325
-5323
-5322
-5314
-5311
-5309
-5307
-5305
-5297
-5295
-5294
-5293
-5292
-5285
-5284
-5280
-5276
-5274
-5274
-5266
-5264
-5261
-5256
-5254
-5253
-5251
-5247
-5236
-5235
-5230
-5227
-5227
-5226
-5224
-5221
-5219
-5219
-5214
-5211
-5207
-5204
-5204
-5202
-5198
-5195
-5195
-5191
-5191
-5191
-5180
-5180
-5179
-5177
-5175
-5174
-5173
-5172
-5169
-5168
-5167
-5167
-5162
-5157
-5154
-5153
-5150
-5150
-5142
-5142
-5136
-5135
-5135
-5133
-5126
-5124
-5123
-5123
-5122
-5120
-5119
-5114
-5114
-5110
-5109
-5108
-5104
-5101
-5099
-5099
-5089
-5088
-5088
-5085
-5083
-5083
-5081
-5080
-5077
-5077
-5076
-5075
-5073
-5072
-5071
-5066
-5064
-5060
-5060
-5057
-5056
-5056
-5054
-5051
-5047
-5040
-5037
-5034
-5032
-5031
-5030
-5026
-5025
-5025
-5023
-5022
-5020
-5020
-5018
-5014
-5012
-5012
-5010
-5008
-5007
-5007
-5007
-5005
-5004
-5004
-5003
-5000
-4997
-4996
-4996
-4995
-4995
-4993
-4988
-4984
-4982
-4980
-4976
-4973
-4971
-4971
-4969
-4968
-4959
-4955
-4954
-4953
-4948
-4948
-4947
-4944
-4944
-4942
-4939
-4937
-4937
-4935
-4933
-4931
-4931
-4929
-4927
-4925
-4920
-4920
-4920
-4917
-4913
-4913
-4910
-4908
-4906
-4906
-4906
-4900
-4898
-4893
-4889
-4884
-4877
-4874
-4872
-4870
-4866
-4866
-4862
-4859
-4854
-4852
-4843
-4840
-4838
-4838
-4833
-4833
-4831
-4827
-4826
-4825
-4825
-4823
-4823
-4817
-4816
-4815
-4811
-4803
-4802
-4799
-4793
-4791
-4782
-4782
-4775
-4772
-4771
-4771
-4771
-4769
-4766
-4766
-4763
-4763
-4759
-4751
-4750
-4749
-4749
-4745
-4742
-4738
-4738
-4736
-4734
-4733
-4731
-4730
-4730
-4730
-4725
-4725
-4724
-4719
-4716
-4715
-4713
-4710
-4709
-4708
-4703
-4702
-4701
-4700
-4700
-4696
-4695
-4693
-4693
-4691
-4690
-4687
-4684
-4684
-4683
-4683
-4682
-4679
-4673
-4670
-4669
-4668
-4662
-4661
-4654
-4648
-4647
-4646
-4646
-4645
-4642
-4640
-4635
-4633
-4632
-4631
-4629
-4620
-4620
-4617
-4617
-4615
-4611
-4610
-4606
-4605
-4601
-4599
-4599
-4597
-4595
-4594
-4593
-4591
-4587
-4584
-4583
-4582
-4576
-4576
-4573
-4572
-4571
-4569
-4567
-4560
-4559
-4554
-4554
-4554
-4552
-4547
-4546
-4546
-4545
-4544
-4543
-4542
-4541
-4539
-4538
-4534
-4532
-4532
-4529
-4529
-4527
-4524
-4522
-4521
-4517
-4517
-4517
-4507
-4506
-4503
-4502
-4499
-4498
-4498
-4497
-4496
-4495
-4495
-4495
-4495
-4494
-4493
-4486
-4485
-4484
-4484
-4482
-4481
-4479
-4478
-4477
-4475
-4459
-4457
-4457
-4456
-4456
-4453
-4453
-4452
-4450
-4447
-4446
-4439
-4437
-4434
-4432
-4430
-4430
-4429
-4428
-4428
-4423
-4421
-4420
-4416
-4415
-4410
-4407
-4407
-4406
-4405
-4405
-4403
-4402
-4400
-4400
-4394
-4392
-4390
-4387
-4382
-4378
-4371
-4369
-4366
-4361
-4359
-4356
-4353
-4351
-4349
-4349
-4348
-4339
-4332
-4321
-4321
-4321
-4319
-4315
-4312
-4311
-4311
-4311
-4310
-4309
-4309
-4307
-4307
-4306
-4306
-4305
-4300
-4298
-4297
-4293
-4293
-4289
-4285
-4285
-4281
-4279
-4277
-4277
-4276
-4276
-4274
-4270
-4262
-4259
-4258
-4257
-4253
-4251
-4245
-4245
-4244
-4242
-4240
-4237
-4226
-4225
-4224
-4219
-4217
-4213
-4213
-4204
-4202
-4199
-4199
-4196
-4194
-4191
-4188
-4187
-4185
-4182
-4182
-4182
-4181
-4179
-4178
-4178
-4177
-4175
-4175
-4172
-4169
-4169
-4164
-4164
-4159
-4158
-4154
-4153
-4142
-4141
-4141
-4140
-4140
-4137
-4135
-4134
-4134
-4133
-4131
-4130
-4128
-4127
-4122
-4121
-4120
-4118
-4114
-4113
-4113
-4112
-4110
-4110
-4109
-4108
-4108
-4107
-4101
-4098
-4098
-4096
-4093
-4093
-4088
-4086
-4082
-4080
-4075
-4074
-4074
-4069
-4065
-4060
-4055
-4054
-4054
-4053
-4053
-4052
-4052
-4051
-4050
-4049
-4048
-4048
-4040
-4037
-4036
-4034
-4033
-4032
-4027
-4025
-4025
-4023
-4022
-4021
-4020
-4017
-4015
-4012
-4011
-4007
-4006
-4003
-4003
-4002
-3997
-3997
-3996
-3994
-3990
-3987
-3979
-3978
-3973
-3971
-3971
-3963
-3963
-3963
-3961
-3959
-3958
-3958
-3955
-3951
-3948
-3948
-3948
-3947
-3941
-3941
-3934
-3933
-3932
-3929
-3926
-3923
-3916
-3915
-3914
-3910
-3910
-3909
-3903
-3902
-3899
-3897
-3893
-3888
-3884
-3883
-3880
-3878
-3877
-3876
-3874
-3873
-3870
-3869
-3867
-3864
-3862
-3861
-3854
-3854
-3853
-3852
-3851
-3850
-3848
-3848
-3847
-3846
-3845
-3842
-3831
-3828
-3828
-3826
-3822
-3821
-3821
-3817
-3816
-3815
-3815
-3811
-3811
-3810
-3803
-3802
-3802
-3802
-3801
-3801
-3798
-3793
-3792
-3779
-3776
-3774
-3774
-3770
-3770
-3769
-3768
-3765
-3763
-3763
-3763
-3760
-3755
-3755
-3754
-3750
-3749
-3745
-3740
-3739
-3738
-3734
-3731
-3728
-3726
-3726
-3726
-3724
-3724
-3720
-3713
-3709
-3709
-3707
-3706
-3705
-3704
-3703
-3703
-3702
-3701
-3689
-3687
-3687
-3686
-3686
-3686
-3685
-3683
-3683
-3681
-3681
-3673
-3673
-3672
-3671
-3670
-3669
-3669
-3665
-3659
-3656
-3653
-3652
-3651
-3647
-3647
-3647
-3646
-3639
-3634
-3629
-3628
-3618
-3613
-3611
-3605
-3604
-3601
-3600
-3598
-3598
-3595
-3593
-3591
-3587
-3581
-3579
-3572
-3571
-3571
-3569
-3567
-3565
-3563
-3561
-3561
-3561
-3553
-3548
-3544
-3543
-3543
-3542
-3535
-3534
-3532
-3530
-3529
-3527
-3526
-3526
-3523
-3521
-3521
-3515
-3511
-3508
-3507
-3500
-3497
-3496
-3496
-3495
-3493
-3493
-3492
-3491
-3488
-3479
-3476
-3474
-3466
-3466
-3464
-3462
-3459
-3457
-3455
-3454
-3450
-3446
-3444
-3443
-3442
-3437
-3437
-3436
-3434
-3434
-3432
-3432
-3431
-3431
-3429
-3426
-3425
-3425
-3420
-3418
-3417
-3414
-3414
-3411
-3410
-3406
-3403
-3402
-3402
-3401
-3399
-3397
-3397
-3396
-3389
-3389
-3387
-3387
-3387
-3387
-3383
-3383
-3382
-3380
-3377
-3372
-3370
-3369
-3364
-3360
-3355
-3351
-3348
-3346
-3346
-3343
-3341
-3340
-3339
-3338
-3338
-3338
-3337
-3337
-3328
-3328
-3327
-3327
-3323
-3322
-3320
-3313
-3311
-3311
-3306
-3306
-3302
-3300
-3299
-3298
-3297
-3295
-3295
-3294
-3294
-3293
-3289
-3288
-3286
-3283
-3279
-3279
-3278
-3278
-3277
-3277
-3274
-3271
-3267
-3259
-3259
-3248
-3235
-3234
-3233
-3233
-3231
-3229
-3225
-3225
-3224
-3221
-3220
-3219
-3219
-3213
-3213
-3211
-3206
-3205
-3204
-3203
-3203
-3203
-3202
-3201
-3200
-3198
-3196
-3195
-3194
-3192
-3190
-3189
-3188
-3186
-3185
-3179
-3176
-3169
-3168
-3167
-3167
-3167
-3163
-3162
-3160
-3159
-3158
-3156
-3156
-3153
-3152
-3150
-3146
-3146
-3142
-3138
-3132
-3132
-3128
-3125
-3124
-3120
-3118
-3116
-3116
-3116
-3113
-3111
-3111
-3109
-3108
-3101
-3092
-3088
-3082
-3082
-3077
-3076
-3074
-3073
-3064
-3064
-3064
-3062
-3062
-3061
-3059
-3057
-3056
-3055
-3048
-3046
-3044
-3043
-3041
-3037
-3035
-3035
-3033
-3029
-3025
-3024
-3024
-3021
-3019
-3017
-3015
-3007
-3006
-3000
-2998
-2985
-2984
-2984
-2981
-2980
-2976
-2975
-2973
-2973
-2971
-2971
-2967
-2967
-2966
-2965
-2960
-2960
-2956
-2952
-2950
-2950
-2945
-2945
-2944
-2940
-2936
-2935
-2931
-2925
-2917
-2913
-2912
-2906
-2905
-2903
-2902
-2901
-2901
-2901
-2899
-2898
-2892
-2891
-2889
-2888
-2886
-2886
-2884
-2880
-2879
-2879
-2878
-2878
-2877
-2876
-2874
-2874
-2873
-2865
-2863
-2862
-2861
-2860
-2857
-2855
-2851
-2851
-2851
-2850
-2849
-2849
-2848
-2847
-2846
-2845
-2843
-2842
-2841
-2838
-2835
-2833
-2832
-2831
-2830
-2829
-2827
-2825
-2822
-2818
-2814
-2812
-2811
-2805
-2804
-2803
-2803
-2800
-2798
-2798
-2798
-2796
-2795
-2795
-2794
-2794
-2793
-2790
-2789
-2786
-2785
-2781
-2780
-2776
-2775
-2775
-2770
-2768
-2767
-2767
-2767
-2765
-2763
-2763
-2755
-2754
-2752
-2750
-2748
-2746
-2743
-2742
-2737
-2736
-2735
-2734
-2731
-2730
-2728
-2725
-2722
-2721
-2720
-2714
-2714
-2712
-2707
-2703
-2701
-2698
-2691
-2691
-2689
-2676
-2671
-2671
-2668
-2666
-2663
-2663
-2661
-2660
-2660
-2659
-2658
-2658
-2657
-2657
-2656
-2650
-2647
-2646
-2642
-2641
-2640
-2635
-2635
-2631
-2629
-2629
-2627
-2627
-2626
-2623
-2623
-2622
-2621
-2621
-2614
-2611
-2608
-2608
-2597
-2594
-2590
-2583
-2582
-2581
-2580
-2580
-2576
-2569
-2569
-2567
-2566
-2562
-2559
-2558
-2555
-2552
-2550
-2548
-2548
-2544
-2543
-2543
-2543
-2542
-2542
-2539
-2535
-2533
-2525
-2521
-2519
-2519
-2517
-2513
-2499
-2498
-2496
-2495
-2494
-2494
-2491
-2491
-2487
-2485
-2484
-2482
-2478
-2477
-2476
-2473
-2470
-2470
-2467
-2465
-2464
-2463
-2456
-2456
-2456
-2454
-2452
-2449
-2449
-2447
-2447
-2440
-2439
-2438
-2437
-2425
-2424
-2422
-2420
-2417
-2416
-2414
-2411
-2411
-2410
-2405
-2396
-2394
-2390
-2389
-2383
-2380
-2377
-2376
-2374
-2372
-2370
-2368
-2368
-2367
-2362
-2360
-2360
-2358
-2356
-2353
-2352
-2351
-2351
-2350
-2345
-2342
-2341
-2338
-2335
-2334
-2333
-2329
-2328
-2327
-2327
-2327
-2326
-2326
-2325
-2322
-2321
-2317
-2316
-2315
-2314
-2311
-2307
-2306
-2305
-2304
-2303
-2297
-2297
-2296
-2293
-2293
-2293
-2290
-2288
-2287
-2285
-2285
-2281
-2280
-2276
-2273
-2273
-2269
-2263
-2261
-2260
-2255
-2255
-2251
-2251
-2248
-2246
-2242
-2239
-2239
-2239
-2238
-2234
-2234
-2232
-2231
-2230
-2228
-2226
-2224
-2221
-2219
-2219
-2217
-2216
-2215
-2215
-2209
-2208
-2208
-2206
-2205
-2203
-2203
-2194
-2193
-2192
-2191
-2190
-2187
-2187
-2187
-2185
-2183
-2180
-2180
-2174
-2174
-2174
-2171
-2171
-2170
-2165
-2161
-2159
-2158
-2152
-2151
-2148
-2147
-2142
-2139
-2138
-2138
-2137
-2137
-2134
-2132
-2130
-2127
-2126
-2125
-2125
-2123
-2123
-2117
-2115
-2112
-2112
-2111
-2110
-2108
-2104
-2102
-2102
-2101
-2100
-2095
-2094
-2093
-2090
-2085
-2085
-2084
-2072
-2072
-2071
-2071
-2071
-2071
-2070
-2064
-2063
-2061
-2060
-2058
-2057
-2057
-2055
-2054
-2052
-2048
-2044
-2043
-2042
-2040
-2039
-2037
-2035
-2032
-2031
-2031
-2030
-2028
-2027
-2026
-2024
-2014
-2013
-2011
-2009
-2008
-2007
-2005
-2004
-2003
-1996
-1994
-1993
-1992
-1992
-1992
-1985
-1985
-1982
-1982
-1980
-1978
-1977
-1975
-1975
-1975
-1971
-1970
-1969
-1968
-1968
-1967
-1965
-1964
-1964
-1963
-1961
-1961
-1959
-1954
-1952
-1951
-1951
-1948
-1948
-1948
-1945
-1944
-1925
-1923
-1922
-1921
-1918
-1918
-1917
-1917
-1917
-1913
-1912
-1906
-1903
-1901
-1895
-1890
-1889
-1884
-1880
-1879
-1879
-1877
-1870
-1870
-1870
-1869
-1868
-1865
-1863
-1861
-1860
-1858
-1858
-1854
-1853
-1853
-1853
-1851
-1846
-1846
-1846
-1843
-1841
-1840
-1839
-1831
-1827
-1824
-1824
-1823
-1822
-1821
-1817
-1817
-1807
-1806
-1806
-1799
-1798
-1797
-1795
-1792
-1788
-1788
-1788
-1786
-1785
-1783
-1782
-1782
-1780
-1774
-1772
-1772
-1771
-1770
-1768
-1763
-1760
-1757
-1756
-1756
-1755
-1752
-1750
-1749
-1748
-1748
-1747
-1747
-1743
-1743
-1738
-1737
-1721
-1717
-1717
-1716
-1713
-1708
-1706
-1705
-1705
-1704
-1704
-1702
-1701
-1701
-1700
-1697
-1690
-1688
-1688
-1688
-1678
-1672
-1672
-1658
-1655
-1655
-1655
-1653
-1651
-1643
-1633
-1633
-1628
-1626
-1623
-1622
-1620
-1619
-1619
-1618
-1616
-1616
-1615
-1613
-1612
-1608
-1600
-1599
-1592
-1589
-1588
-1582
-1578
-1573
-1571
-1570
-1565
-1564
-1563
-1562
-1561
-1557
-1557
-1557
-1553
-1549
-1549
-1548
-1542
-1541
-1540
-1535
-1533
-1528
-1525
-1523
-1521
-1519
-1518
-1515
-1513
-1512
-1507
-1502
-1502
-1495
-1492
-1492
-1488
-1487
-1487
-1486
-1483
-1483
-1482
-1481
-1481
-1477
-1474
-1472
-1467
-1465
-1461
-1454
-1450
-1448
-1448
-1445
-1445
-1443
-1443
-1442
-1440
-1435
-1434
-1433
-1430
-1423
-1423
-1423
-1420
-1417
-1417
-1415
-1410
-1407
-1401
-1401
-1400
-1399
-1397
-1395
-1392
-1387
-1387
-1387
-1383
-1381
-1381
-1379
-1376
-1375
-1375
-1371
-1371
-1367
-1367
-1365
-1364
-1357
-1354
-1352
-1350
-1349
-1348
-1347
-1346
-1345
-1342
-1342
-1342
-1341
-1341
-1338
-1336
-1334
-1333
-1333
-1333
-1330
-1326
-1325
-1324
-1323
-1321
-1317
-1315
-1311
-1309
-1303
-1302
-1301
-1298
-1295
-1292
-1290
-1288
-1288
-1287
-1285
-1276
-1275
-1275
-1275
-1274
-1271
-1269
-1268
-1262
-1257
-1253
-1252
-1252
-1249
-1249
-1238
-1238
-1238
-1237
-1228
-1225
-1223
-1214
-1212
-1211
-1210
-1203
-1200
-1198
-1196
-1194
-1189
-1189
-1186
-1181
-1177
-1176
-1175
-1173
-1173
-1169
-1168
-1158
-1148
-1148
-1147
-1146
-1139
-1136
-1134
-1132
-1132
-1123
-1121
-1120
-1119
-1115
-1114
-1111
-1111
-1109
-1103
-1101
-1096
-1095
-1091
-1089
-1088
-1088
-1084
-1082
-1077
-1075
-1068
-1067
-1067
-1063
-1062
-1062
-1061
-1056
-1054
-1053
-1048
-1047
-1039
-1034
-1034
-1033
-1027
-1025
-1022
-1020
-1020
-1018
-1016
-1015
-1012
-1011
-1010
-1009
-1008
-1007
-1007
-1005
-1002
-998
-982
-978
-977
-976
-976
-975
-974
-970
-969
-965
-964
-961
-958
-958
-953
-951
-948
-945
-944
-943
-941
-939
-936
-929
-929
-925
-924
-921
-918
-916
-911
-911
-909
-908
-907
-905
-903
-901
-901
-900
-898
-896
-892
-892
-887
-883
-882
-876
-873
-872
-872
-872
-871
-870
-869
-867
-863
-856
-856
-855
-853
-852
-843
-842
-841
-841
-836
-832
-828
-827
-823
-823
-822
-822
-822
-817
-813
-810
-809
-809
-804
-800
-799
-796
-796
-793
-790
-786
-786
-786
-784
-783
-783
-780
-779
-774
-774
-773
-771
-770
-767
-764
-763
-760
-759
-755
-750
-740
-740
-736
-736
-730
-727
-720
-719
-719
-718
-713
-711
-710
-709
-708
-707
-706
-704
-702
-700
-700
-698
-698
-697
-692
-690
-685
-681
-680
-678
-676
-663
-656
-656
-655
-655
-651
-651
-651
-650
-641
-640
-637
-634
-633
-624
-624
-621
-621
-618
-617
-610
-610
-607
-600
-594
-592
-589
-589
-588
-588
-576
-573
-573
-568
-566
-562
-559
-558
-556
-556
-555
-553
-549
-549
-547
-545
-545
-542
-539
-537
-531
-529
-529
-527
-526
-526
-520
-517
-513
-511
-503
-502
-501
-497
-496
-496
-492
-486
-485
-482
-481
-479
-478
-470
-467
-463
-461
-461
-459
-457
-455
-455
-451
-449
-446
-444
-443
-439
-436
-435
-432
-427
-424
-422
-422
-421
-421
-419
-417
-414
-412
-411
-411
-408
-407
-400
-390
-389
-388
-386
-386
-383
-378
-378
-377
-376
-372
-372
-370
-369
-362
-361
-360
-355
-351
-350
-344
-341
-341
-338
-338
-335
-335
-334
-331
-331
-330
-327
-319
-319
-315
-315
-307
-306
-303
-303
-301
-300
-296
-295
-293
-292
-290
-289
-289
-280
-279
-278
-278
-276
-276
-271
-269
-265
-262
-258
-254
-254
-249
-247
-240
-238
-234
-233
-230
-227
-226
-226
-224
-217
-214
-210
-208
-206
-204
-202
-202
-196
-193
-187
-183
-182
-181
-179
-179
-176
-175
-175
-171
-169
-162
-160
-158
-155
-153
-150
-148
-146
-145
-140
-130
-123
-105
-95
-90
-88
-88
-84
-83
-82
-82
-78
-73
-72
-70
-69
-69
-60
-57
-51
-51
-45
-42
-38
-38
-36
-35
-34
-33
-33
-25
-25
-24
-21
-18
-17
-16
-16
-15
-11
-10
-9
-7
3
3
4
5
5
6
15
17
20
20
21
22
22
25
25
26
28
29
31
31
33
34
42
44
44
44
45
51
52
52
53
53
54
57
57
60
62
64
75
75
80
82
84
88
88
89
90
94
96
98
100
100
101
102
103
104
106
107
107
108
109
110
111
115
117
117
118
121
121
126
126
132
135
140
149
151
153
154
156
157
161
167
167
168
168
169
175
182
184
184
184
185
186
189
198
203
205
206
209
210
215
217
221
221
222
222
226
228
231
232
233
234
237
241
242
249
250
250
255
256
257
259
260
260
261
261
265
266
267
268
276
281
281
287
289
289
290
291
293
293
294
294
298
303
307
307
310
312
314
316
322
325
325
326
328
328
329
332
332
336
336
339
341
341
345
346
351
352
353
353
358
362
362
363
364
364
367
370
373
377
378
384
387
393
394
394
394
395
396
400
400
404
405
411
413
414
416
416
416
420
425
430
433
434
434
435
435
437
440
447
456
459
463
464
466
467
475
477
483
484
485
487
487
487
489
494
497
500
508
512
515
516
520
521
521
521
521
523
527
527
531
532
535
540
541
544
550
553
554
559
560
561
563
565
565
566
569
571
576
576
577
583
590
592
592
594
595
596
598
604
605
605
606
606
609
610
614
622
626
630
632
635
637
639
639
640
641
644
645
647
652
653
658
662
666
666
671
671
671
675
677
679
681
682
683
684
684
687
688
690
691
691
691
693
694
695
699
702
704
706
707
710
712
712
712
713
714
716
716
718
718
719
722
722
723
724
727
730
732
734
738
738
740
741
745
747
748
749
751
758
758
761
762
764
765
765
766
769
772
772
776
781
787
788
793
798
800
801
804
809
809
810
812
814
815
817
818
822
824
826
828
832
838
839
842
843
848
849
851
852
855
857
857
857
857
859
861
863
864
866
867
868
871
885
888
890
891
891
894
895
897
904
905
906
906
906
912
916
919
919
919
932
933
935
939
940
941
942
945
946
947
949
949
952
953
955
956
957
957
961
961
961
963
964
968
968
968
969
969
971
974
974
975
980
980
981
984
985
985
986
986
988
990
991
991
994
995
998
1001
1004
1007
1014
1014
1026
1028
1029
1033
1033
1035
1035
1036
1041
1046
1047
1049
1056
1061
1072
1072
1081
1082
1088
1089
1090
1091
1093
1098
1099
1100
1104
1105
1109
1109
1110
1112
1113
1115
1123
1124
1129
1131
1133
1133
1135
1136
1138
1138
1139
1141
1143
1144
1144
1149
1150
1151
1151
1152
1155
1160
1161
1162
1162
1164
1172
1174
1175
1176
1179
1179
1179
1180
1182
1185
1186
1187
1187
1189
1192
1195
1197
1197
1199
1202
1202
1206
1208
1208
1209
1213
1215
1216
1218
1227
1228
1230
1231
1233
1234
1235
1236
1244
1245
1245
1247
1248
1248
1253
1257
1261
1263
1265
1266
1268
1275
1280
1280
1281
1286
1287
1291
1296
1297
1300
1301
1301
1301
1304
1308
1310
1311
1311
1314
1316
1318
1318
1319
1320
1328
1328
1330
1330
1330
1335
1335
1340
1344
1347
1352
1352
1353
1355
1356
1366
1366
1366
1367
1368
1371
1371
1373
1374
1381
1382
1384
1384
1385
1388
1389
1389
1390
1391
1392
1394
1398
1408
1409
1413
1416
1417
1419
1423
1426
1427
1428
1428
1430
1430
1431
1433
1435
1441
1443
1448
1453
1468
1468
1469
1471
1481
1487
1491
1491
1492
1494
1497
1499
1503
1517
1518
1521
1521
1523
1523
1523
1524
1525
1526
1526
1528
1531
1531
1532
1533
1537
1538
1540
1542
1543
1544
1545
1548
1549
1550
1551
1553
1555
1556
1556
1556
1557
1557
1559
1560
1564
1567
1567
1569
1570
1572
1576
1577
1578
1578
1580
1582
1582
1583
1584
1585
1587
1588
1589
1591
1593
1594
1598
1599
1603
1604
1607
1608
1609
1617
1619
1621
1625
1631
1632
1642
1642
1644
1645
1646
1646
1648
1655
1658
1663
1666
1667
1669
1669
1678
1679
1686
1690
1691
1692
1693
1695
1704
1704
1705
1707
1708
1713
1717
1718
1722
1723
1728
1730
1732
1732
1737
1739
1739
1739
1740
1743
1744
1745
1745
1752
1755
1755
1758
1759
1760
1766
1769
1770
1771
1775
1777
1786
1787
1788
1789
1791
1793
1794
1796
1797
1799
1801
1803
1805
1810
1813
1813
1816
1821
1835
1836
1837
1839
1839
1841
1843
1844
1845
1846
1846
1851
1852
1857
1861
1863
1863
1864
1867
1868
1869
1871
1877
1881
1888
1888
1889
1891
1892
1894
1900
1901
1905
1905
1905
1908
1911
1911
1913
1915
1927
1928
1929
1929
1930
1933
1934
1935
1939
1941
1943
1944
1948
1949
1950
1951
1951
1954
1965
1968
1970
1972
1973
1974
1980
1981
1981
1981
1983
1984
1986
1987
1987
1996
2000
2003
2003
2006
2011
2012
2017
2017
2021
2022
2023
2024
2024
2028
2029
2048
2052
2053
2055
2056
2060
2060
2060
2062
2062
2064
2065
2066
2067
2068
2071
2076
2078
2079
2080
2080
2083
2084
2085
2088
2090
2094
2097
2098
2098
2099
2101
2102
2104
2104
2104
2106
2106
2112
2121
2127
2129
2131
2131
2133
2135
2135
2136
2140
2148
2148
2150
2151
2151
2155
2156
2158
2160
2161
2163
2167
2171
2178
2178
2179
2185
2185
2187
2190
2194
2198
2201
2204
2206
2207
2212
2214
2214
2214
2215
2215
2220
2222
2229
2232
2234
2234
2235
2236
2238
2239
2241
2241
2242
2244
2246
2248
2250
2256
2259
2261
2263
2266
2271
2272
2275
2283
2284
2289
2290
2293
2295
2295
2296
2296
2296
2297
2297
2300
2302
2303
2309
2315
2319
2322
2322
2323
2325
2330
2333
2334
2335
2338
2339
2339
2339
2349
2352
2354
2358
2365
2368
2370
2374
2377
2379
2384
2384
2389
2391
2392
2392
2395
2398
2398
2400
2400
2401
2401
2404
2404
2406
2406
2407
2418
2418
2418
2420
2424
2424
2426
2428
2436
2437
2438
2438
2439
2441
2454
2457
2465
2471
2472
2474
2477
2477
2484
2484
2486
2488
2490
2492
2495
2497
2497
2501
2518
2518
2519
2520
2521
2521
2522
2523
2525
2525
2530
2530
2534
2535
2538
2539
2540
2540
2541
2541
2546
2547
2550
2550
2551
2551
2551
2552
2555
2556
2557
2557
2559
2561
2562
2563
2567
2568
2569
2569
2570
2572
2574
2576
2577
2580
2580
2580
2580
2581
2581
2587
2590
2593
2594
2599
2601
2604
2605
2610
2612
2613
2614
2614
2617
2619
2619
2620
2626
2627
2631
2631
2631
2633
2633
2637
2638
2641
2641
2642
2651
2654
2655
2655
2656
2657
2658
2666
2669
2669
2670
2675
2675
2676
2676
2676
2678
2681
2683
2683
2687
2688
2688
2688
2693
2696
2696
2698
2699
2701
2710
2716
2722
2724
2725
2728
2730
2730
2731
2734
2737
2737
2739
2739
2744
2746
2746
2747
2752
2754
2755
2758
2764
2764
2766
2766
2772
2785
2788
2790
2792
2793
2793
2795
2802
2806
2812
2813
2813
2814
2815
2816
2817
2822
2824
2825
2828
2830
2831
2831
2832
2833
2837
2848
2848
2850
2855
2855
2856
2866
2873
2873
2874
2874
2878
2880
2882
2882
2883
2886
2888
2891
2892
2892
2898
2898
2903
2904
2911
2916
2925
2929
2931
2932
2934
2937
2938
2946
2948
2950
2957
2958
2958
2964
2964
2970
2972
2974
2990
2991
2993
2997
3004
3007
3008
3013
3013
3017
3017
3020
3020
3022
3027
3028
3029
3033
3035
3035
3036
3045
3046
3047
3050
3052
3054
3057
3057
3057
3058
3059
3062
3067
3071
3072
3074
3075
3076
3076
3080
3080
3082
3084
3088
3090
3092
3093
3093
3094
3097
3098
3099
3103
3111
3112
3113
3114
3116
3118
3120
3121
3123
3130
3131
3132
3132
3133
3133
3133
3133
3135
3136
3136
3137
3139
3139
3144
3146
3147
3153
3153
3154
3154
3154
3155
3158
3161
3161
3161
3161
3163
3163
3166
3166
3173
3174
3179
3183
3187
3190
3190
3192
3195
3195
3196
3199
3203
3209
3211
3214
3216
3220
3220
3221
3223
3224
3227
3229
3230
3232
3233
3234
3235
3241
3243
3244
3247
3248
3254
3255
3257
3258
3259
3259
3264
3265
3265
3270
3271
3275
3290
3296
3297
3301
3306
3306
3312
3313
3314
3315
3319
3321
3324
3326
3326
3328
3330
3331
3338
3339
3342
3350
3351
3354
3357
3357
3359
3362
3366
3368
3371
3373
3374
3375
3376
3376
3385
3387
3389
3396
3396
3409
3411
3414
3421
3422
3423
3425
3426
3433
3433
3435
3435
3438
3442
3444
3447
3448
3463
3465
3468
3472
3472
3479
3486
3489
3491
3492
3500
3501
3501
3501
3502
3506
3507
3508
3508
3513
3514
3516
3521
3521
3524
3524
3529
3531
3540
3541
3544
3556
3562
3565
3566
3567
3570
3576
3576
3582
3582
3583
3588
3588
3590
3590
3592
3593
3593
3598
3598
3598
3600
3606
3616
3617
3622
3623
3624
3624
3627
3627
3628
3630
3630
3630
3633
3634
3635
3639
3640
3640
3640
3641
3642
3645
3649
3649
3651
3651
3654
3659
3664
3664
3666
3667
3667
3668
3671
3673
3674
3675
3680
3681
3682
3683
3683
3683
3684
3686
3686
3689
3691
3691
3692
3692
3692
3692
3694
3694
3695
3698
3698
3698
3700
3701
3702
3703
3705
3707
3713
3719
3719
3725
3725
3733
3734
3734
3737
3738
3739
3743
3745
3748
3751
3751
3752
3753
3755
3760
3761
3765
3765
3770
3771
3772
3773
3773
3777
3778
3779
3780
3785
3788
3791
3791
3794
3798
3799
3802
3803
3803
3803
3808
3812
3814
3814
3818
3819
3819
3820
3822
3823
3823
3823
3823
3825
3825
3830
3831
3831
3833
3833
3835
3837
3839
3841
3843
3843
3845
3846
3847
3848
3848
3849
3852
3853
3853
3858
3859
3861
3861
3863
3863
3863
3865
3868
3875
3879
3880
3882
3882
3885
3885
3886
3886
3888
3889
3890
3894
3897
3900
3903
3904
3910
3912
3915
3916
3918
3920
3928
3934
3937
3939
3940
3945
3946
3946
3955
3956
3956
3961
3964
3964
3966
3967
3968
3969
3976
3977
3980
3985
3986
3987
3987
3989
3994
3997
3999
4000
4000
4001
4003
4009
4011
4012
4015
4017
4018
4022
4026
4028
4029
4029
4031
4039
4042
4045
4047
4049
4049
4050
4051
4051
4052
4052
4053
4054
4057
4059
4062
4063
4066
4066
4073
4074
4074
4075
4079
4082
4083
4083
4084
4085
4092
4094
4094
4107
4110
4111
4112
4113
4114
4117
4117
4120
4122
4123
4126
4127
4131
4135
4136
4137
4138
4138
4138
4139
4140
4152
4153
4154
4155
4155
4156
4157
4160
4163
4164
4166
4171
4171
4171
4172
4175
4176
4177
4179
4179
4181
4182
4186
4189
4191
4196
4199
4200
4202
4204
4204
4209
4210
4213
4214
4222
4225
4226
4228
4231
4231
4232
4235
4236
4243
4246
4246
4246
4248
4248
4251
4251
4255
4256
4256
4258
4258
4264
4266
4266
4268
4270
4272
4273
4275
4277
4277
4279
4281
4281
4284
4292
4297
4298
4300
4306
4306
4308
4308
4308
4310
4312
4314
4316
4319
4319
4322
4328
4331
4335
4337
4340
4340
4344
4345
4350
4351
4352
4355
4357
4358
4363
4366
4368
4372
4373
4373
4374
4377
4380
4383
4383
4383
4384
4386
4386
4392
4392
4393
4399
4401
4401
4402
4403
4403
4403
4407
4408
4409
4411
4413
4420
4422
4423
4423
4426
4427
4429
4430
4438
4440
4445
4448
4449
4452
4454
4455
4455
4465
4467
4472
4473
4474
4487
4489
4489
4495
4498
4498
4501
4508
4511
4511
4511
4523
4527
4528
4531
4532
4535
4541
4542
4543
4544
4548
4561
4561
4561
4561
4565
4568
4576
4576
4576
4576
4578
4579
4580
4583
4593
4598
4601
4609
4610
4618
4619
4627
4628
4630
4631
4635
4639
4640
4643
4644
4646
4647
4649
4649
4650
4651
4653
4653
4657
4658
4662
4662
4666
4667
4667
4670
4671
4671
4672
4673
4674
4676
4677
4677
4679
4681
4681
4682
4683
4684
4685
4686
4688
4688
4688
4691
4692
4695
4697
4698
4701
4707
4710
4712
4714
4718
4718
4722
4723
4723
4725
4727
4731
4732
4733
4741
4741
4746
4749
4751
4751
4753
4756
4758
4759
4760
4760
4761
4761
4762
4765
4767
4768
4775
4775
4776
4776
4779
4783
4783
4790
4792
4792
4793
4795
4799
4805
4806
4811
4813
4814
4816
4821
4821
4822
4822
4824
4828
4831
4831
4836
4836
4840
4841
4846
4850
4851
4853
4854
4855
4856
4857
4860
4861
4868
4869
4873
4875
4876
4876
4879
4880
4884
4889
4889
4895
4895
4903
4904
4908
4909
4913
4914
4920
4922
4923
4924
4927
4933
4939
4939
4941
4945
4946
4948
4948
4949
4951
4957
4958
4958
4958
4961
4968
4968
4972
4976
4977
4979
4979
4981
4981
4987
4995
4995
4995
4996
4996
5001
5002
5008
5009
5009
5011
5012
5017
5017
5017
5018
5018
5021
5021
5021
5026
5027
5028
5029
5030
5032
5038
5040
5041
5042
5045
5049
5049
5051
5052
5052
5052
5053
5053
5057
5058
5058
5059
5059
5060
5061
5061
5061
5062
5065
5069
5070
5072
5089
5091
5092
5092
5093
5094
5095
5096
5097
5097
5098
5104
5106
5106
5110
5110
5110
5110
5110
5112
5114
5115
5118
5123
5124
5126
5127
5134
5135
5136
5137
5139
5141
5144
5151
5154
5161
5162
5163
5164
5164
5165
5181
5182
5184
5186
5188
5189
5190
5193
5201
5206
5207
5207
5210
5212
5213
5220
5220
5223
5225
5229
5231
5237
5240
5241
5241
5243
5244
5245
5250
5252
5255
5260
5260
5261
5262
5267
5267
5270
5275
5276
5277
5281
5283
5283
5286
5286
5291
5294
5295
5298
5304
5305
5307
5309
5309
5309
5311
5312
5313
5313
5316
5320
5320
5323
5324
5326
5329
5333
5336
5337
5338
5340
5341
5343
5344
5344
5348
5352
5359
5359
5362
5362
5363
5364
5371
5375
5375
5377
5377
5377
5379
5379
5380
5382
5384
5385
5385
5385
5388
5388
5389
5390
5393
5397
5397
5400
5400
5401
5403
5413
5414
5428
5428
5432
5433
5436
5437
5439
5440
5447
5447
5448
5455
5459
5460
5461
5467
5470
5472
5474
5475
5476
5482
5483
5487
5489
5496
5506
5509
5510
5512
5513
5513
5513
5514
5514
5526
5529
5536
5537
5540
5540
5541
5541
5544
5548
5555
5557
5558
5559
5561
5562
5562
5566
5567
5570
5570
5571
5575
5576
5582
5584
5585
5588
5589
5590
5590
5597
5597
5598
5599
5600
5600
5603
5605
5606
5607
5609
5611
5612
5612
5614
5619
5624
5624
5625
5626
5630
5633
5635
5635
5635
5639
5639
5642
5642
5645
5649
5652
5653
5654
5658
5658
5659
5660
5663
5663
5664
5667
5669
5669
5675
5676
5677
5678
5679
5682
5686
5686
5691
5691
5694
5700
5702
5703
5704
5704
5704
5706
5710
5715
5715
5720
5721
5723
5725
5726
5729
5731
5733
5734
5735
5738
5738
5738
5745
5748
5749
5750
5750
5754
5757
5762
5766
5767
5767
5768
5769
5774
5775
5779
5779
5781
5784
5784
5785
5786
5786
5787
5787
5790
5792
5793
5797
5798
5799
5799
5804
5807
5817
5818
5819
5823
5823
5825
5826
5827
5830
5835
5835
5836
5838
5839
5842
5844
5845
5846
5847
5848
5848
5855
5857
5858
5860
5864
5871
5872
5880
5884
5889
5890
5892
5894
5897
5897
5900
5900
5904
5904
5905
5905
5908
5909
5909
5910
5912
5915
5916
5921
5922
5926
5927
5932
5935
5936
5938
5942
5944
5948
5950
5952
5957
5958
5958
5961
5961
5962
5964
5967
5967
5970
5971
5972
5972
5979
5983
5984
5985
5987
5989
5989
5990
5993
5993
5994
5997
5998
6000
6000
6001
6002
6002
6002
6008
6008
6009
6010
6011
6012
6013
6015
6021
6022
6022
6023
6029
6031
6032
6033
6034
6035
6035
6040
6040
6040
6041
6041
6043
6045
6046
6047
6053
6054
6059
6062
6063
6063
6064
6066
6067
6068
6069
6069
6073
6075
6077
6078
6079
6080
6091
6098
6103
6104
6108
6109
6110
6114
6116
6119
6120
6121
6136
6137
6137
6138
6142
6145
6145
6147
6151
6152
6157
6160
6161
6162
6162
6164
6165
6168
6168
6172
6182
6184
6185
6190
6190
6195
6204
6204
6206
6208
6209
6210
6213
6213
6219
6221
6230
6230
6231
6231
6237
6237
6238
6242
6243
6244
6245
6246
6247
6247
6249
6249
6250
6251
6253
6253
6255
6256
6257
6261
6261
6263
6266
6267
6267
6275
6283
6285
6289
6293
6297
6300
6307
6309
6310
6314
6315
6316
6317
6323
6329
6333
6333
6335
6339
6341
6344
6344
6348
6348
6351
6357
6357
6360
6362
6363
6364
6372
6372
6375
6378
6380
6382
6383
6383
6384
6385
6385
6386
6389
6391
6391
6394
6397
6399
6401
6403
6413
6414
6415
6417
6418
6421
6431
6431
6432
6436
6438
6439
6439
6440
6444
6446
6447
6449
6456
6458
6462
6465
6467
6468
6470
6471
6472
6472
6472
6478
6479
6479
6480
6482
6483
6484
6484
6485
6486
6489
6489
6490
6494
6494
6496
6498
6511
6511
6511
6512
6512
6513
6516
6518
6523
6525
6529
6530
6533
6534
6536
6539
6543
6548
6552
6552
6553
6556
6558
6558
6559
6560
6561
6561
6563
6564
6565
6568
6568
6569
6572
6574
6575
6585
6588
6588
6590
6590
6592
6603
6608
6610
6611
6617
6620
6621
6623
6626
6631
6633
6634
6634
6635
6636
6642
6644
6648
6649
6653
6654
6656
6659
6659
6659
6661
6668
6670
6676
6678
6679
6679
6680
6680
6686
6687
6689
6691
6693
6699
6702
6702
6711
6712
6717
6718
6722
6722
6729
6731
6735
6743
6744
6744
6746
6748
6749
6751
6753
6754
6755
6755
6756
6759
6759
6766
6768
6772
6772
6773
6774
6777
6778
6778
6778
6779
6780
6781
6782
6782
6782
6785
6786
6787
6788
6799
6800
6803
6803
6804
6805
6805
6805
6806
6806
6810
6811
6812
6813
6814
6814
6816
6816
6820
6825
6827
6828
6830
6830
6834
6835
6835
6839
6840
6843
6848
6852
6852
6853
6854
6860
6863
6871
6873
6874
6878
6878
6882
6883
6885
6886
6888
6888
6890
6894
6896
6900
6900
6904
6908
6918
6920
6922
6923
6924
6926
6931
6931
6934
6936
6936
6937
6938
6939
6939
6940
6940
6940
6943
6946
6946
6946
6947
6949
6950
6951
6952
6954
6958
6960
6962
6964
6965
6971
6972
6976
6978
6980
6982
6983
6984
6986
6991
6991
6992
6993
7005
7009
7011
7012
7015
7016
7021
7022
7025
7028
7030
7030
7033
7035
7035
7038
7044
7044
7048
7053
7054
7055
7062
7062
7062
7062
7066
7067
7069
7070
7071
7071
7073
7074
7079
7084
7085
7091
7094
7096
7098
7101
7105
7106
7106
7111
7111
7112
7112
7114
7115
7119
7123
7124
7132
7133
7134
7135
7135
7136
7138
7139
7140
7140
7144
7149
7150
7152
7154
7154
7158
7158
7159
7160
7160
7164
7166
7167
7167
7167
7173
7174
7174
7175
7177
7179
7187
7188
7190
7190
7191
7191
7192
7192
7200
7203
7204
7206
7217
7222
7224
7225
7225
7226
7227
7228
7229
7231
7233
7235
7235
7239
7244
7245
7247
7248
7249
7251
7263
7268
7269
7269
7271
7273
7284
7284
7284
7285
7286
7295
7297
7299
7301
7302
7307
7308
7311
7312
7316
7316
7316
7317
7319
7320
7320
7324
7325
7326
7329
7331
7332
7332
7334
7335
7335
7338
7338
7340
7343
7348
7348
7352
7354
7354
7355
7355
7361
7363
7364
7365
7370
7370
7370
7371
7372
7373
7377
7378
7383
7385
7387
7390
7391
7393
7393
7396
7399
7404
7404
7406
7407
7411
7413
7415
7416
7418
7419
7420
7424
7424
7425
7427
7428
7429
7434
7434
7434
7436
7440
7443
7445
7445
7448
7449
7452
7454
7455
7456
7456
7459
7463
7473
7475
7477
7477
7477
7479
7479
7481
7481
7488
7489
7490
7490
7492
7492
7497
7500
7506
7507
7509
7509
7509
7510
7510
7512
7514
7515
7519
7519
7522
7534
7536
7544
7544
7544
7545
7548
7549
7549
7550
7552
7552
7555
7556
7556
7556
7561
7561
7561
7566
7567
7571
7571
7572
7572
7575
7577
7578
7578
7584
7585
7585
7588
7590
7591
7592
7593
7599
7600
7605
7605
7609
7609
7620
7621
7621
7623
7623
7632
7632
7634
7634
7638
7639
7641
7645
7645
7645
7646
7646
7650
7650
7651
7651
7658
7659
7664
7664
7665
7665
7667
7667
7670
7672
7674
7677
7678
7680
7683
7686
7687
7690
7693
7694
7698
7699
7701
7701
7703
7704
7705
7709
7710
7711
7713
7717
7721
7722
7723
7731
7740
7744
7747
7748
7748
7754
7757
7757
7760
7764
7764
7764
7765
7769
7770
7776
7779
7782
7783
7786
7787
7792
7792
7806
7809
7813
7813
7820
7824
7829
7829
7836
7837
7841
7844
7848
7849
7851
7852
7852
7854
7860
7861
7872
7877
7881
7883
7883
7884
7888
7888
7888
7889
7893
7895
7895
7896
7897
7898
7900
7903
7904
7906
7912
7914
7915
7917
7919
7920
7922
7922
7923
7923
7924
7926
7934
7936
7943
7944
7948
7950
7953
7957
7959
7960
7961
7964
7964
7968
7974
7981
7984
7985
7986
7988
7994
7996
7997
8003
8004
8004
8004
8005
8012
8015
8015
8018
8019
8023
8026
8028
8029
8034
8034
8038
8046
8046
8047
8047
8048
8049
8051
8051
8052
8055
8058
8061
8063
8063
8068
8070
8072
8074
8075
8077
8078
8079
8080
8081
8084
8087
8088
8090
8092
8097
8098
8100
8102
8102
8107
8109
8113
8114
8116
8116
8119
8121
8123
8133
8134
8134
8136
8144
8144
8144
8146
8147
8150
8151
8152
8152
8153
8160
8162
8165
8167
8172
8173
8174
8183
8187
8187
8189
8190
8195
8200
8203
8203
8203
8204
8205
8207
8214
8215
8215
8216
8218
8221
8221
8221
8225
8225
8234
8238
8238
8242
8244
8247
8248
8249
8250
8251
8251
8251
8252
8252
8253
8253
8257
8259
8259
8264
8270
8272
8272
8278
8280
8281
8289
8293
8294
8296
8298
8298
8300
8305
8306
8309
8312
8313
8314
8315
8316
8317
8322
8324
8330
8333
8336
8336
8338
8342
8343
8345
8348
8351
8351
8352
8352
8355
8358
8365
8369
8372
8373
8373
8374
8381
8381
8382
8383
8387
8387
8388
8388
8389
8389
8393
8396
8397
8402
8404
8404
8416
8416
8417
8418
8419
8421
8421
8426
8427
8431
8440
8440
8443
8443
8443
8443
8444
8446
8449
8455
8455
8456
8457
8458
8459
8461
8462
8463
8464
8466
8470
8471
8475
8483
8489
8497
8501
8503
8506
8507
8509
8511
8517
8518
8519
8520
8520
8523
8525
8526
8526
8538
8540
8542
8542
8545
8546
8551
8551
8552
8554
8554
8557
8560
8560
8561
8566
8570
8571
8572
8572
8573
8579
8582
8586
8586
8593
8593
8593
8602
8603
8603
8608
8612
8613
8613
8616
8620
8622
8623
8626
8629
8629
8629
8633
8637
8640
8642
8643
8644
8644
8649
8649
8659
8660
8662
8662
8662
8665
8669
8678
8680
8683
8686
8687
8692
8693
8699
8705
8706
8707
8707
8707
8710
8712
8714
8715
8718
8720
8721
8721
8725
8727
8730
8731
8734
8740
8740
8741
8744
8746
8749
8755
8757
8759
8761
8762
8762
8763
8763
8766
8768
8771
8775
8777
8779
8780
8780
8781
8783
8785
8786
8786
8787
8787
8793
8793
8799
8799
8799
8799
8802
8802
8803
8806
8807
8811
8814
8815
8820
8821
8827
8829
8831
8831
8834
8835
8843
8844
8844
8846
8851
8854
8858
8862
8865
8868
8869
8872
8875
8875
8876
8877
8878
8879
8879
8882
8896
8900
8903
8904
8906
8915
8917
8918
8918
8918
8924
8924
8924
8926
8927
8929
8931
8931
8934
8935
8936
8940
8944
8945
8947
8947
8948
8948
8950
8950
8954
8956
8957
8960
8961
8962
8962
8963
8965
8967
8969
8969
8978
8982
8984
8989
8989
8991
8991
8998
9000
9002
9004
9005
9006
9009
9010
9012
9015
9019
9021
9021
9023
9024
9027
9028
9037
9038
9039
9040
9042
9043
9045
9046
9046
9050
9050
9051
9051
9053
9059
9064
9066
9072
9078
9078
9079
9083
9084
9085
9086
9087
9087
9089
9094
9094
9095
9096
9096
9096
9097
9099
9102
9105
9108
9108
9110
9112
9117
9118
9123
9123
9127
9131
9133
9134
9135
9141
9142
9144
9149
9150
9151
9153
9153
9156
9156
9157
9158
9164
9166
9166
9167
9175
9176
9182
9186
9187
9192
9198
9201
9203
9205
9213
9213
9214
9218
9218
9218
9220
9220
9223
9227
9227
9229
9231
9233
9237
9238
9238
9241
9242
9242
9242
9243
9243
9244
9246
9251
9253
9254
9258
9267
9268
9271
9272
9275
9276
9279
9280
9281
9284
9290
9293
9295
9308
9311
9314
9316
9319
9322
9324
9325
9326
9334
9335
9335
9336
9338
9344
9344
9347
9352
9358
9363
9366
9369
9369
9375
9377
9384
9385
9386
9388
9392
9396
9399
9400
9400
9401
9402
9410
9412
9412
9414
9417
9418
9419
9419
9420
9421
9423
9423
9425
9433
9438
9444
9444
9448
9450
9450
9450
9451
9456
9462
9466
9466
9467
9469
9469
9473
9475
9477
9478
9479
9480
9481
9486
9489
9491
9496
9497
9497
9498
9498
9501
9507
9512
9513
9514
9515
9518
9519
9520
9520
9526
9527
9529
9529
9531
9531
9534
9536
9539
9540
9540
9542
9543
9544
9546
9546
9552
9557
9557
9559
9561
9562
9563
9564
9564
9565
9570
9572
9572
9573
9576
9577
9577
9578
9581
9581
9582
9582
9590
9591
9598
9601
9601
9609
9617
9617
9621
9622
9623
9625
9628
9629
9629
9630
9631
9631
9634
9635
9637
9641
9642
9645
9649
9650
9655
9657
9660
9661
9662
9663
9663
9667
9668
9668
9679
9679
9681
9682
9685
9689
9689
9689
9693
9693
9696
9697
9700
9701
9704
9712
9716
9717
9722
9726
9734
9741
9747
9748
9752
9756
9758
9762
9762
9767
9773
9780
9782
9787
9787
9788
9793
9797
9797
9799
9801
9804
9807
9808
9809
9812
9815
9817
9817
9817
9818
9821
9823
9825
9830
9831
9833
9838
9838
9840
9841
9842
9843
9843
9847
9848
9849
9850
9851
9853
9853
9855
9856
9858
9861
9862
9863
9863
9865
9865
9869
9871
9877
9880
9881
9888
9891
9891
9894
9897
9899
9902
9903
9905
9906
9906
9910
9912
9915
9916
9916
9920
9920
9921
9923
9926
9931
9935
9936
9936
9939
9939
9942
9944
9946
9951
9954
9960
9962
9963
9965
9968
9968
9971
9974
9978
9980
9983
9983
9985
9989
9990
9993
9998
9998
9998
10000
