0
1
5
6
8
9
11
13
17
18
20
21
24
27
27
32
32
35
43
43
45
47
48
48
49
49
50
50
52
54
56
57
58
62
63
64
65
67
67
69
69
69
71
72
72
72
72
73
74
74
79
86
87
90
90
92
96
96
97
101
101
102
103
105
107
109
110
111
113
113
116
117
117
117
119
120
120
121
121
122
123
123
126
126
132
132
133
133
134
134
140
142
142
143
143
146
146
148
148
156
157
159
160
160
164
166
166
167
170
170
171
173
173
174
176
176
176
178
178
178
179
180
182
182
185
187
187
188
189
190
191
191
196
196
196
196
197
200
203
203
206
211
212
213
214
216
220
223
223
223
227
227
228
231
235
238
238
238
239
240
241
244
245
248
249
249
249
252
254
255
256
256
258
260
260
261
266
267
268
269
271
271
271
272
275
277
278
279
281
281
282
282
284
289
290
292
294
295
297
300
303
303
306
306
309
311
311
315
315
315
316
322
323
326
331
334
335
336
337
337
338
339
340
343
344
355
361
363
364
366
367
374
375
376
378
378
378
379
381
381
382
385
388
388
392
393
394
395
395
398
399
400
400
403
405
409
411
413
415
417
419
421
421
421
426
426
426
427
430
431
434
435
436
437
438
439
439
441
441
442
444
446
450
451
451
452
453
453
454
455
456
456
456
457
460
461
466
467
467
469
473
475
475
477
478
478
479
480
481
482
482
486
486
487
487
488
491
491
491
491
492
494
495
495
501
502
505
509
510
511
512
512
513
516
519
522
522
524
526
529
530
532
534
540
543
543
544
546
550
550
550
551
552
553
557
561
562
562
563
565
566
566
567
568
569
571
574
577
578
581
583
583
584
584
586
586
588
588
589
590
593
595
597
598
600
602
602
606
607
608
609
609
610
610
611
611
612
612
614
614
616
620
621
624
628
629
634
636
638
638
639
640
640
641
645
645
646
650
650
650
651
651
652
654
655
660
660
661
661
663
664
667
667
670
670
670
671
673
673
675
675
675
677
677
678
679
679
679
687
688
690
690
691
694
694
696
696
700
700
701
702
702
702
703
703
704
704
707
707
710
711
712
712
712
712
713
714
715
717
720
721
726
727
729
733
734
735
735
736
736
738
739
741
741
741
742
743
748
749
752
753
754
754
755
755
756
757
758
759
760
760
761
769
770
770
770
771
771
774
776
778
784
786
786
789
792
794
796
797
797
801
802
806
807
807
810
811
812
813
816
816
817
818
818
821
821
821
822
827
830
836
837
838
838
841
843
845
845
848
850
852
855
857
860
864
867
867
867
872
874
875
876
878
879
879
879
881
882
883
883
884
884
884
887
889
890
891
893
893
895
896
896
897
897
900
900
902
910
910
910
911
912
913
914
914
915
917
920
922
922
923
924
926
926
934
935
939
939
939
940
946
948
948
949
950
953
953
957
964
966
969
971
975
976
979
982
982
983
984
986
986
987
987
990
992
992
994
995
996
997
998
999
999
1002
1005
1017
1018
1019
1020
1021
1025
1027
1032
1032
1032
1036
1039
1041
1043
1043
1043
1044
1045
1045
1045
1047
1049
1052
1053
1054
1054
1058
1059
1060
1062
1062
1064
1066
1066
1067
1070
1070
1073
1074
1075
1076
1078
1078
1080
1081
1082
1083
1086
1087
1090
1091
1091
1092
1092
1095
1096
1096
1096
1097
1097
1099
1100
1101
1102
1103
1104
1105
1109
1111
1112
1113
1115
1116
1117
1118
1121
1121
1121
1122
1123
1124
1127
1127
1127
1128
1130
1131
1133
1134
1137
1138
1140
1142
1145
1145
1145
1147
1151
1154
1155
1157
1159
1159
1161
1161
1165
1167
1167
1168
1174
1176
1177
1178
1178
1179
1181
1182
1184
1185
1187
1188
1188
1189
1190
1193
1194
1198
1200
1201
1205
1206
1206
1208
1212
1218
1221
1225
1226
1231
1232
1235
1236
1238
1238
1242
1242
1242
1243
1245
1246
1248
1249
1250
1251
1251
1252
1252
1253
1254
1255
1255
1257
1259
1263
1263
1265
1265
1266
1268
1269
1271
1273
1275
1278
1279
1280
1286
1288
1289
1289
1292
1293
1294
1301
1301
1307
1307
1308
1308
1309
1315
1316
1316
1317
1319
1320
1322
1325
1328
1328
1330
1333
1334
1334
1337
1338
1339
1340
1341
1342
1344
1344
1345
1347
1348
1349
1352
1352
1353
1353
1356
1356
1358
1358
1359
1359
1360
1362
1364
1367
1368
1369
1370
1372
1373
1379
1380
1386
1388
1394
1395
1396
1403
1404
1410
1411
1412
1412
1413
1416
1417
1418
1420
1421
1423
1427
1430
1433
1434
1438
1439
1446
1451
1453
1454
1455
1455
1468
1470
1471
1471
1475
1477
1479
1481
1485
1486
1487
1488
1488
1491
1493
1494
1494
1494
1495
1496
1498
1499
1501
1504
1504
1505
1507
1509
1509
1515
1515
1518
1518
1522
1523
1523
1526
1526
1527
1529
1532
1532
1532
1533
1534
1535
1536
1536
1537
1538
1539
1540
1541
1542
1543
1543
1551
1552
1553
1554
1555
1558
1560
1564
1565
1568
1570
1575
1575
1575
1575
1577
1578
1579
1579
1579
1580
1583
1584
1585
1586
1587
1589
1589
1596
1597
1598
1602
1603
1603
1605
1607
1608
1610
1611
1612
1613
1613
1614
1620
1628
1629
1631
1632
1633
1636
1637
1642
1642
1645
1649
1651
1651
1654
1655
1657
1658
1658
1661
1663
1664
1665
1665
1666
1667
1668
1668
1672
1672
1672
1672
1674
1676
1680
1680
1680
1683
1683
1684
1689
1689
1692
1694
1695
1696
1696
1696
1696
1697
1698
1698
1703
1704
1704
1705
1706
1708
1711
1712
1714
1715
1717
1718
1718
1719
1719
1720
1724
1724
1729
1729
1734
1735
1736
1738
1738
1741
1742
1743
1744
1746
1747
1748
1752
1752
1753
1754
1756
1756
1758
1760
1762
1762
1765
1767
1768
1775
1776
1777
1778
1779
1781
1782
1787
1789
1789
1790
1791
1791
1792
1794
1795
1797
1800
1804
1805
1805
1806
1808
1809
1810
1810
1812
1812
1817
1818
1818
1820
1822
1822
1825
1828
1828
1830
1834
1834
1850
1855
1856
1857
1857
1861
1862
1863
1863
1864
1864
1865
1865
1865
1867
1867
1868
1868
1870
1873
1874
1874
1875
1876
1878
1878
1878
1880
1880
1882
1882
1882
1883
1885
1889
1889
1892
1892
1895
1895
1896
1897
1897
1899
1905
1905
1906
1907
1908
1911
1919
1919
1920
1920
1921
1921
1921
1922
1922
1923
1923
1923
1924
1925
1925
1926
1928
1929
1934
1935
1936
1937
1937
1939
1939
1939
1940
1943
1944
1946
1946
1949
1950
1950
1950
1951
1951
1953
1955
1956
1956
1958
1961
1961
1963
1964
1966
1966
1966
1967
1971
1971
1975
1975
1979
1981
1982
1982
1982
1985
1987
1988
1988
1988
1988
1990
1996
1996
1997
2000
2000
2001
2001
2002
2004
2006
2007
2007
2009
2009
2011
2013
2013
2013
2015
2015
2016
2016
2017
2017
2018
2019
2019
2024
2025
2025
2026
2027
2027
2030
2030
2031
2032
2032
2033
2034
2034
2036
2039
2040
2040
2042
2043
2043
2043
2044
2044
2045
2046
2047
2048
2049
2050
2052
2052
2053
2054
2055
2056
2056
2056
2058
2059
2059
2059
2060
2063
2065
2066
2067
2068
2069
2070
2071
2072
2072
2073
2073
2074
2075
2076
2077
2077
2078
2078
2079
2079
2081
2082
2084
2084
2085
2085
2086
2087
2092
2096
2100
2101
2103
2104
2111
2111
2114
2116
2117
2119
2122
2125
2126
2126
2128
2132
2133
2135
2141
2144
2146
2146
2149
2152
2153
2153
2154
2159
2160
2161
2162
2164
2164
2165
2166
2169
2169
2170
2171
2173
2174
2175
2180
2181
2183
2184
2185
2186
2186
2188
2190
2191
2191
2192
2192
2192
2193
2194
2195
2196
2203
2203
2204
2205
2206
2206
2208
2209
2212
2213
2213
2216
2217
2221
2222
2225
2226
2226
2227
2229
2230
2232
2233
2233
2234
2236
2237
2238
2239
2240
2240
2240
2241
2243
2245
2246
2247
2247
2248
2249
2250
2253
2255
2258
2259
2260
2262
2262
2263
2278
2280
2281
2282
2284
2285
2286
2286
2287
2289
2289
2290
2294
2296
2297
2298
2299
2299
2303
2306
2307
2308
2310
2310
2311
2313
2313
2313
2314
2316
2318
2319
2320
2322
2324
2324
2327
2328
2329
2330
2334
2334
2336
2337
2338
2339
2339
2341
2341
2343
2343
2345
2345
2345
2347
2350
2351
2352
2353
2353
2354
2354
2356
2357
2358
2361
2362
2362
2364
2365
2366
2367
2370
2373
2378
2380
2382
2382
2384
2385
2386
2386
2387
2392
2397
2398
2398
2400
2402
2405
2406
2409
2414
2415
2415
2416
2417
2418
2418
2431
2433
2433
2434
2434
2435
2437
2439
2439
2441
2441
2441
2442
2442
2443
2444
2444
2449
2450
2451
2458
2461
2463
2468
2469
2469
2471
2471
2471
2472
2472
2474
2476
2478
2480
2480
2481
2481
2483
2484
2484
2487
2487
2489
2489
2489
2490
2492
2493
2493
2495
2496
2496
2497
2498
2498
2499
2499
2501
2501
2503
2505
2506
2506
2507
2507
2507
2507
2515
2517
2518
2521
2521
2522
2524
2524
2526
2528
2529
2529
2531
2532
2534
2536
2537
2538
2539
2539
2541
2542
2544
2546
2549
2551
2553
2553
2556
2557
2558
2559
2559
2561
2561
2562
2564
2564
2566
2568
2576
2576
2577
2577
2580
2580
2586
2589
2591
2593
2594
2594
2595
2595
2596
2598
2600
2601
2601
2606
2606
2607
2610
2610
2610
2611
2611
2613
2616
2620
2626
2626
2627
2628
2628
2629
2629
2630
2630
2634
2635
2635
2636
2637
2637
2637
2644
2647
2647
2649
2650
2650
2651
2651
2652
2653
2655
2655
2656
2659
2660
2662
2664
2665
2667
2670
2670
2672
2673
2674
2676
2677
2677
2678
2678
2682
2682
2682
2683
2683
2686
2686
2687
2691
2692
2692
2693
2693
2696
2696
2698
2701
2701
2703
2705
2708
2709
2710
2711
2712
2712
2712
2713
2717
2719
2719
2720
2722
2727
2728
2728
2729
2730
2737
2738
2738
2738
2749
2751
2756
2757
2757
2758
2758
2760
2763
2764
2764
2765
2766
2767
2768
2771
2771
2771
2773
2774
2776
2776
2777
2778
2778
2778
2780
2780
2783
2784
2785
2785
2791
2792
2799
2800
2801
2807
2808
2809
2809
2811
2812
2813
2815
2816
2819
2820
2820
2821
2821
2822
2824
2824
2827
2828
2828
2828
2829
2833
2835
2835
2837
2839
2839
2840
2840
2842
2843
2845
2847
2848
2850
2850
2851
2853
2856
2857
2858
2860
2861
2864
2867
2868
2870
2871
2872
2874
2875
2877
2878
2880
2883
2885
2886
2892
2893
2894
2896
2896
2896
2897
2898
2900
2900
2904
2906
2908
2911
2912
2912
2912
2913
2916
2919
2919
2920
2922
2922
2923
2924
2924
2925
2925
2925
2926
2927
2927
2928
2929
2929
2930
2930
2932
2934
2935
2938
2940
2941
2941
2946
2947
2950
2950
2953
2953
2955
2955
2957
2957
2960
2961
2961
2963
2964
2964
2968
2971
2976
2977
2979
2981
2981
2985
2986
2988
2989
2990
2991
2994
2996
2997
2998
2999
2999
2999
3002
3004
3004
3004
3005
3006
3007
3007
3009
3009
3009
3012
3013
3014
3015
3015
3016
3017
3018
3018
3022
3024
3025
3025
3025
3026
3029
3029
3030
3030
3031
3035
3037
3039
3040
3040
3041
3043
3043
3045
3047
3048
3051
3054
3054
3057
3061
3062
3065
3066
3068
3071
3072
3072
3074
3077
3077
3078
3078
3080
3082
3084
3086
3088
3091
3091
3092
3093
3094
3095
3095
3097
3098
3098
3099
3100
3100
3101
3102
3104
3107
3107
3108
3110
3111
3113
3116
3117
3117
3119
3120
3123
3123
3125
3126
3126
3129
3130
3131
3132
3133
3134
3136
3138
3138
3138
3138
3141
3141
3143
3145
3147
3148
3148
3153
3154
3154
3155
3156
3156
3156
3159
3159
3160
3163
3163
3165
3165
3169
3169
3169
3170
3171
3172
3174
3176
3176
3178
3181
3181
3182
3184
3184
3186
3186
3187
3188
3190
3191
3192
3197
3198
3199
3199
3199
3201
3201
3203
3205
3205
3206
3206
3207
3209
3210
3211
3211
3212
3212
3212
3212
3213
3214
3217
3219
3219
3220
3221
3222
3223
3223
3224
3224
3226
3230
3236
3240
3243
3245
3247
3248
3248
3249
3249
3250
3253
3253
3254
3255
3255
3257
3257
3262
3264
3270
3271
3276
3276
3276
3280
3281
3283
3284
3284
3285
3287
3288
3288
3290
3291
3292
3297
3297
3299
3299
3300
3301
3302
3305
3308
3311
3313
3313
3313
3314
3316
3317
3324
3324
3327
3329
3330
3331
3332
3332
3333
3333
3333
3333
3334
3336
3337
3338
3341
3342
3344
3354
3354
3354
3355
3359
3360
3360
3364
3368
3371
3372
3373
3374
3381
3382
3383
3385
3387
3388
3391
3391
3392
3397
3398
3398
3399
3399
3409
3409
3410
3411
3412
3412
3412
3413
3413
3414
3416
3416
3417
3418
3420
3422
3422
3423
3425
3430
3431
3432
3433
3434
3435
3437
3440
3440
3441
3443
3444
3444
3445
3445
3446
3447
3447
3448
3450
3453
3455
3456
3456
3457
3461
3462
3464
3469
3470
3471
3473
3474
3475
3476
3476
3478
3479
3479
3482
3483
3483
3483
3483
3484
3485
3488
3495
3496
3497
3500
3500
3503
3504
3505
3505
3506
3507
3508
3510
3510
3521
3522
3523
3525
3525
3525
3531
3531
3532
3534
3537
3539
3539
3540
3542
3542
3551
3553
3554
3555
3557
3557
3557
3558
3561
3561
3563
3564
3564
3564
3565
3565
3566
3567
3569
3570
3571
3571
3574
3576
3576
3576
3577
3578
3579
3580
3582
3585
3587
3588
3591
3593
3595
3596
3597
3598
3599
3600
3602
3605
3606
3606
3606
3606
3607
3607
3608
3608
3612
3616
3619
3620
3621
3622
3623
3625
3626
3629
3634
3635
3636
3637
3637
3638
3639
3641
3642
3642
3643
3645
3645
3646
3649
3650
3651
3654
3654
3655
3656
3656
3658
3659
3662
3663
3665
3666
3666
3667
3668
3670
3676
3677
3679
3680
3680
3682
3688
3689
3690
3690
3690
3691
3691
3691
3693
3694
3696
3697
3698
3698
3701
3703
3703
3704
3704
3705
3706
3706
3707
3711
3713
3714
3714
3714
3714
3715
3715
3716
3717
3718
3718
3718
3719
3720
3720
3722
3724
3724
3724
3727
3729
3730
3731
3732
3736
3738
3738
3741
3741
3742
3742
3744
3746
3746
3747
3748
3750
3750
3752
3753
3756
3757
3760
3762
3762
3764
3765
3766
3766
3770
3771
3774
3775
3776
3776
3778
3780
3782
3782
3784
3786
3787
3788
3789
3789
3790
3790
3791
3791
3792
3794
3797
3797
3798
3799
3799
3799
3800
3802
3802
3804
3805
3806
3806
3806
3810
3814
3816
3816
3817
3818
3820
3822
3822
3826
3829
3830
3831
3834
3836
3839
3840
3842
3848
3848
3849
3851
3852
3855
3857
3858
3858
3861
3862
3864
3866
3867
3870
3871
3875
3876
3876
3877
3879
3880
3882
3882
3883
3886
3887
3887
3888
3889
3889
3890
3890
3892
3892
3896
3896
3898
3900
3900
3902
3904
3904
3905
3906
3907
3915
3916
3919
3919
3920
3922
3924
3925
3925
3927
3928
3928
3928
3930
3931
3935
3936
3936
3936
3938
3942
3943
3945
3950
3953
3956
3958
3961
3962
3963
3963
3965
3967
3969
3970
3971
3975
3978
3982
3982
3983
3984
3986
3987
3988
3988
3988
3988
3989
3990
3991
3992
3992
3993
3993
3994
3994
3994
3995
3996
3998
4000
4001
4003
4004
4007
4008
4010
4011
4012
4015
4018
4018
4019
4021
4025
4027
4027
4028
4031
4032
4035
4035
4037
4039
4040
4041
4043
4043
4043
4046
4048
4050
4052
4053
4055
4056
4059
4059
4061
4064
4064
4064
4065
4065
4065
4066
4066
4066
4069
4069
4070
4070
4071
4073
4074
4074
4074
4075
4076
4076
4078
4090
4093
4094
4094
4095
4096
4096
4097
4100
4101
4101
4102
4103
4105
4105
4106
4107
4108
4111
4111
4113
4114
4114
4117
4119
4119
4120
4122
4123
4123
4124
4126
4128
4130
4131
4132
4136
4138
4141
4142
4143
4143
4145
4146
4148
4148
4154
4157
4158
4158
4158
4159
4159
4159
4161
4161
4163
4171
4174
4177
4177
4180
4181
4182
4182
4182
4182
4183
4186
4192
4195
4197
4197
4198
4199
4201
4202
4204
4205
4208
4211
4212
4215
4215
4220
4224
4225
4225
4226
4226
4226
4227
4228
4228
4229
4230
4234
4234
4236
4238
4239
4239
4246
4246
4247
4249
4249
4250
4251
4251
4252
4253
4253
4253
4254
4254
4254
4255
4257
4259
4261
4262
4262
4267
4269
4271
4271
4273
4275
4275
4277
4278
4279
4280
4280
4282
4283
4283
4283
4290
4296
4297
4301
4305
4310
4312
4313
4314
4314
4314
4316
4316
4318
4324
4326
4328
4331
4332
4333
4334
4336
4337
4338
4338
4339
4342
4345
4347
4348
4349
4349
4349
4353
4354
4354
4354
4355
4356
4357
4358
4358
4358
4359
4361
4361
4362
4366
4366
4367
4369
4371
4372
4376
4376
4378
4378
4378
4381
4382
4383
4383
4385
4386
4387
4389
4391
4391
4393
4393
4394
4395
4396
4396
4397
4398
4401
4404
4406
4407
4409
4409
4412
4413
4414
4416
4417
4422
4423
4426
4427
4427
4432
4434
4435
4435
4437
4438
4439
4440
4440
4442
4446
4446
4447
4447
4448
4448
4448
4449
4449
4450
4450
4450
4452
4453
4454
4455
4455
4457
4457
4460
4462
4462
4463
4467
4470
4471
4472
4472
4474
4475
4476
4478
4479
4479
4480
4480
4485
4485
4487
4488
4490
4490
4490
4492
4494
4496
4496
4502
4506
4507
4513
4517
4517
4521
4523
4525
4526
4528
4529
4531
4539
4540
4541
4543
4544
4545
4546
4546
4547
4547
4548
4549
4552
4555
4557
4557
4560
4560
4562
4562
4562
4565
4567
4569
4569
4574
4576
4578
4580
4581
4585
4585
4587
4588
4589
4590
4590
4592
4594
4594
4595
4595
4595
4596
4596
4598
4603
4603
4604
4605
4606
4609
4615
4620
4621
4624
4628
4629
4632
4636
4639
4639
4639
4640
4640
4641
4644
4646
4648
4650
4651
4652
4654
4660
4661
4665
4667
4667
4669
4669
4672
4676
4676
4677
4677
4682
4683
4684
4684
4686
4690
4694
4695
4695
4695
4698
4698
4708
4709
4710
4710
4711
4711
4711
4713
4713
4715
4716
4718
4721
4722
4727
4728
4731
4732
4734
4738
4739
4743
4744
4745
4746
4747
4747
4750
4754
4755
4760
4760
4761
4765
4766
4766
4770
4771
4774
4774
4777
4778
4779
4780
4787
4794
4794
4796
4796
4798
4798
4800
4801
4803
4805
4807
4808
4808
4811
4812
4813
4815
4816
4816
4817
4817
4818
4818
4819
4820
4821
4821
4825
4828
4829
4830
4833
4834
4836
4836
4840
4840
4841
4841
4841
4843
4845
4846
4847
4848
4849
4851
4851
4853
4853
4856
4856
4864
4867
4867
4870
4872
4874
4875
4876
4877
4879
4879
4880
4880
4882
4883
4886
4886
4887
4888
4891
4892
4893
4893
4896
4896
4899
4899
4899
4904
4906
4908
4909
4910
4910
4913
4914
4920
4924
4924
4926
4927
4928
4929
4929
4932
4932
4933
4936
4939
4941
4941
4942
4943
4943
4947
4949
4949
4949
4951
4951
4952
4954
4959
4959
4961
4963
4965
4965
4969
4975
4976
4979
4979
4980
4980
4981
4982
4987
4988
4989
4990
4990
4990
4990
4991
4992
4992
4993
4997
4998
4999
5000
5001
5004
5005
5010
5010
5011
5013
5016
5021
5026
5029
5030
5031
5033
5034
5034
5035
5035
5037
5037
5038
5040
5041
5044
5050
5057
5057
5058
5058
5061
5062
5062
5064
5067
5070
5072
5075
5075
5076
5077
5078
5079
5081
5083
5083
5084
5085
5086
5087
5087
5088
5088
5089
5089
5092
5092
5094
5095
5096
5097
5097
5098
5101
5103
5109
5109
5110
5111
5111
5111
5117
5117
5119
5126
5126
5130
5131
5138
5138
5139
5140
5140
5145
5147
5149
5151
5152
5155
5156
5156
5158
5164
5166
5167
5168
5168
5169
5169
5169
5170
5170
5170
5171
5172
5172
5176
5176
5176
5178
5179
5181
5182
5182
5183
5183
5185
5186
5187
5188
5189
5190
5191
5197
5197
5198
5203
5203
5203
5205
5206
5206
5208
5210
5212
5215
5215
5217
5217
5218
5222
5225
5226
5226
5227
5228
5228
5230
5230
5230
5231
5231
5231
5235
5237
5239
5242
5243
5244
5247
5247
5249
5251
5251
5253
5257
5260
5261
5263
5270
5273
5273
5274
5275
5278
5280
5281
5282
5287
5287
5287
5291
5291
5293
5295
5295
5297
5300
5304
5306
5308
5310
5311
5318
5322
5323
5324
5331
5333
5333
5333
5333
5334
5337
5340
5341
5341
5345
5345
5346
5347
5347
5350
5351
5351
5352
5352
5356
5358
5361
5361
5362
5363
5364
5364
5366
5367
5367
5370
5370
5373
5374
5376
5384
5384
5386
5388
5388
5390
5390
5393
5395
5395
5395
5397
5400
5401
5402
5403
5408
5416
5419
5419
5422
5423
5423
5426
5427
5430
5431
5432
5433
5434
5439
5439
5442
5442
5445
5446
5448
5449
5453
5456
5458
5459
5463
5466
5468
5468
5472
5474
5478
5478
5480
5482
5482
5483
5488
5496
5499
5500
5501
5503
5504
5506
5508
5510
5510
5513
5514
5516
5516
5518
5519
5521
5523
5523
5524
5525
5528
5531
5532
5534
5536
5537
5537
5538
5539
5539
5539
5539
5540
5540
5542
5542
5543
5544
5545
5546
5547
5547
5549
5550
5551
5551
5552
5552
5555
5557
5557
5559
5562
5563
5563
5564
5564
5567
5572
5573
5573
5574
5574
5577
5582
5587
5588
5588
5588
5589
5591
5591
5593
5598
5603
5604
5604
5604
5605
5608
5608
5610
5611
5611
5611
5612
5613
5614
5614
5615
5616
5617
5618
5619
5620
5620
5622
5623
5624
5625
5626
5626
5626
5629
5632
5635
5637
5639
5640
5642
5642
5643
5644
5644
5645
5649
5650
5652
5652
5654
5657
5657
5659
5660
5662
5663
5664
5667
5667
5669
5672
5672
5672
5674
5674
5676
5676
5676
5677
5677
5678
5678
5678
5678
5684
5685
5687
5687
5687
5688
5688
5688
5689
5690
5692
5692
5693
5696
5696
5698
5698
5699
5703
5704
5705
5707
5711
5714
5717
5722
5723
5723
5723
5723
5726
5728
5730
5732
5733
5737
5740
5741
5743
5744
5745
5745
5746
5748
5751
5753
5757
5757
5761
5764
5765
5765
5765
5767
5773
5773
5773
5774
5775
5775
5777
5786
5786
5787
5789
5790
5791
5793
5794
5796
5796
5797
5799
5800
5800
5804
5804
5805
5808
5813
5813
5823
5823
5826
5830
5830
5833
5836
5836
5840
5842
5842
5842
5843
5844
5845
5847
5851
5851
5855
5855
5856
5857
5858
5861
5861
5862
5863
5863
5864
5865
5868
5868
5869
5869
5873
5874
5875
5878
5879
5880
5880
5882
5882
5885
5887
5888
5891
5893
5896
5896
5897
5900
5901
5901
5902
5902
5903
5904
5906
5907
5908
5910
5915
5915
5915
5919
5922
5922
5923
5923
5926
5928
5929
5929
5932
5935
5935
5941
5942
5943
5944
5946
5946
5946
5946
5947
5948
5949
5951
5953
5954
5955
5958
5958
5960
5961
5963
5963
5964
5966
5966
5971
5974
5977
5979
5980
5981
5981
5989
5991
5991
5995
5999
5999
6000
6001
6004
6005
6007
6007
6007
6007
6009
6010
6011
6011
6014
6015
6018
6019
6020
6020
6020
6025
6028
6031
6032
6035
6037
6038
6045
6046
6047
6047
6047
6047
6052
6056
6056
6057
6059
6068
6070
6074
6074
6076
6076
6078
6081
6082
6086
6086
6089
6091
6093
6093
6095
6098
6099
6099
6102
6109
6109
6111
6111
6113
6115
6120
6120
6122
6125
6126
6129
6133
6133
6134
6136
6139
6145
6146
6148
6149
6150
6150
6152
6153
6153
6154
6154
6155
6156
6160
6161
6161
6164
6168
6169
6173
6173
6173
6174
6174
6177
6178
6178
6179
6182
6182
6183
6183
6186
6188
6191
6192
6192
6193
6193
6193
6195
6195
6197
6198
6202
6204
6204
6206
6207
6209
6210
6210
6211
6216
6219
6225
6227
6229
6229
6231
6232
6232
6233
6235
6239
6239
6241
6241
6241
6242
6243
6245
6246
6248
6250
6253
6254
6254
6256
6258
6260
6261
6265
6266
6266
6267
6267
6271
6276
6279
6282
6283
6284
6285
6288
6291
6291
6292
6294
6295
6295
6296
6296
6297
6298
6298
6299
6300
6300
6301
6302
6306
6309
6309
6310
6311
6313
6314
6315
6316
6317
6319
6320
6323
6323
6324
6325
6326
6327
6327
6328
6333
6336
6339
6342
6345
6347
6352
6352
6353
6353
6354
6355
6357
6360
6362
6366
6367
6368
6369
6372
6376
6376
6376
6379
6380
6383
6383
6383
6384
6385
6385
6386
6386
6388
6389
6390
6390
6392
6392
6394
6395
6403
6404
6405
6406
6407
6409
6410
6411
6412
6412
6415
6417
6418
6419
6423
6423
6425
6429
6429
6430
6431
6432
6433
6434
6435
6437
6440
6442
6444
6447
6447
6448
6448
6450
6450
6459
6461
6462
6463
6463
6464
6464
6473
6477
6478
6478
6480
6480
6481
6486
6486
6486
6487
6490
6490
6494
6495
6496
6496
6500
6500
6501
6502
6503
6504
6504
6505
6510
6512
6516
6519
6520
6520
6523
6524
6525
6526
6528
6529
6530
6533
6534
6535
6536
6539
6539
6539
6539
6540
6541
6541
6541
6543
6545
6547
6548
6549
6552
6555
6556
6557
6557
6559
6560
6560
6560
6560
6568
6568
6569
6569
6570
6571
6575
6576
6577
6578
6579
6581
6583
6586
6592
6593
6595
6596
6596
6600
6601
6602
6604
6605
6607
6607
6607
6608
6612
6615
6616
6618
6619
6620
6623
6623
6623
6624
6626
6627
6628
6630
6631
6631
6633
6634
6637
6639
6640
6643
6645
6649
6651
6653
6654
6657
6659
6660
6664
6666
6666
6667
6669
6671
6672
6673
6679
6680
6680
6680
6680
6682
6687
6688
6689
6690
6690
6692
6692
6693
6693
6694
6695
6696
6696
6696
6699
6700
6700
6701
6702
6704
6704
6705
6705
6707
6708
6709
6709
6709
6710
6711
6712
6716
6717
6717
6718
6719
6719
6721
6721
6722
6722
6725
6730
6732
6734
6736
6737
6738
6739
6740
6741
6742
6744
6746
6747
6747
6748
6751
6751
6753
6754
6754
6754
6757
6757
6759
6760
6761
6763
6764
6764
6765
6771
6772
6774
6776
6776
6777
6777
6778
6780
6781
6781
6786
6787
6788
6791
6791
6793
6795
6796
6800
6802
6802
6805
6805
6806
6807
6811
6811
6812
6815
6815
6816
6816
6817
6819
6819
6822
6823
6824
6825
6827
6828
6833
6833
6834
6834
6835
6836
6837
6837
6838
6838
6841
6842
6843
6846
6847
6847
6848
6849
6850
6855
6855
6855
6856
6856
6862
6863
6863
6865
6867
6868
6868
6869
6869
6870
6870
6872
6874
6876
6877
6878
6881
6883
6884
6887
6889
6896
6898
6898
6900
6903
6904
6911
6913
6914
6915
6917
6917
6921
6922
6929
6930
6931
6934
6934
6935
6938
6938
6939
6940
6941
6948
6949
6952
6953
6954
6954
6957
6958
6962
6962
6964
6965
6968
6968
6970
6972
6973
6975
6975
6976
6978
6978
6980
6980
6984
6988
6988
6990
6991
6992
6994
6994
7001
7003
7005
7007
7008
7009
7011
7013
7015
7018
7020
7021
7024
7026
7028
7029
7030
7033
7034
7037
7041
7043
7044
7046
7048
7049
7050
7050
7052
7053
7053
7054
7055
7055
7058
7060
7060
7060
7060
7061
7062
7062
7065
7066
7067
7070
7071
7074
7078
7079
7080
7081
7083
7083
7089
7089
7091
7092
7093
7095
7095
7096
7100
7101
7109
7111
7116
7118
7119
7120
7122
7123
7124
7125
7125
7127
7128
7130
7131
7132
7135
7135
7136
7139
7141
7142
7148
7150
7153
7154
7157
7157
7159
7160
7160
7161
7163
7165
7169
7171
7171
7172
7172
7178
7179
7179
7181
7181
7181
7184
7187
7187
7188
7188
7188
7189
7189
7191
7191
7191
7193
7203
7204
7204
7207
7207
7207
7209
7209
7210
7210
7211
7214
7216
7217
7219
7220
7222
7222
7226
7226
7227
7227
7228
7229
7230
7231
7232
7233
7235
7235
7236
7237
7239
7240
7240
7241
7243
7244
7245
7246
7246
7247
7247
7248
7249
7254
7256
7257
7259
7260
7261
7265
7265
7266
7269
7270
7270
7270
7271
7271
7276
7276
7277
7278
7279
7280
7280
7285
7287
7290
7291
7292
7293
7293
7293
7294
7296
7297
7298
7301
7302
7302
7303
7304
7305
7308
7312
7313
7316
7316
7317
7319
7320
7321
7321
7323
7326
7330
7330
7331
7332
7338
7340
7341
7342
7344
7344
7345
7348
7349
7350
7352
7352
7353
7354
7354
7357
7358
7358
7363
7364
7365
7365
7365
7366
7369
7370
7371
7371
7372
7373
7373
7374
7376
7376
7381
7384
7388
7391
7391
7398
7398
7400
7402
7403
7407
7408
7409
7412
7414
7417
7418
7420
7426
7427
7427
7429
7430
7431
7435
7435
7436
7440
7445
7447
7449
7449
7450
7450
7452
7452
7455
7457
7460
7463
7465
7465
7466
7468
7468
7469
7470
7471
7471
7472
7473
7474
7474
7475
7476
7476
7480
7480
7480
7484
7484
7487
7489
7490
7492
7493
7496
7496
7497
7497
7497
7498
7499
7500
7504
7504
7504
7505
7509
7510
7513
7515
7515
7518
7519
7520
7520
7521
7524
7527
7528
7529
7529
7534
7536
7536
7538
7539
7539
7544
7544
7545
7546
7552
7552
7555
7556
7557
7557
7558
7560
7561
7562
7563
7566
7566
7571
7572
7575
7576
7578
7580
7581
7582
7586
7586
7587
7588
7589
7591
7592
7594
7594
7594
7594
7595
7598
7601
7603
7604
7604
7605
7605
7607
7608
7608
7611
7611
7612
7613
7615
7615
7616
7617
7617
7619
7619
7621
7622
7632
7632
7634
7636
7636
7636
7637
7638
7638
7639
7639
7640
7641
7641
7642
7644
7644
7645
7646
7648
7650
7651
7652
7652
7654
7654
7663
7663
7665
7665
7670
7672
7676
7678
7679
7681
7681
7683
7683
7689
7690
7691
7694
7695
7695
7696
7698
7701
7702
7707
7707
7708
7708
7709
7709
7712
7714
7715
7715
7716
7717
7718
7718
7719
7722
7723
7723
7725
7725
7726
7726
7726
7731
7731
7732
7733
7734
7735
7736
7737
7739
7742
7744
7745
7746
7747
7747
7748
7748
7755
7758
7760
7761
7762
7763
7763
7766
7768
7768
7768
7768
7772
7774
7776
7777
7778
7779
7779
7779
7779
7782
7783
7784
7788
7789
7790
7791
7793
7794
7794
7795
7795
7797
7798
7799
7799
7804
7804
7804
7806
7806
7808
7809
7811
7812
7813
7814
7815
7816
7817
7819
7819
7821
7823
7824
7825
7825
7826
7828
7833
7834
7835
7835
7837
7837
7838
7839
7841
7844
7845
7847
7850
7855
7857
7858
7858
7860
7861
7862
7863
7867
7868
7870
7873
7876
7877
7877
7877
7878
7879
7880
7880
7881
7881
7881
7883
7883
7885
7886
7888
7892
7898
7899
7902
7902
7904
7906
7907
7911
7914
7915
7917
7917
7918
7920
7922
7926
7927
7929
7931
7931
7932
7934
7934
7941
7944
7945
7945
7948
7950
7952
7952
7958
7960
7961
7962
7962
7965
7965
7971
7971
7976
7978
7981
7981
7983
7985
7986
7986
7989
7989
7990
7990
7996
7996
7997
8000
8001
8002
8002
8003
8004
8004
8006
8007
8007
8007
8009
8012
8014
8015
8017
8019
8025
8030
8030
8039
8039
8040
8041
8041
8041
8041
8041
8042
8042
8043
8047
8047
8048
8049
8049
8050
8051
8052
8054
8054
8054
8056
8056
8056
8057
8058
8059
8060
8063
8068
8069
8071
8072
8073
8074
8080
8081
8082
8084
8086
8088
8089
8090
8091
8094
8096
8097
8097
8098
8100
8101
8103
8103
8104
8104
8108
8109
8112
8113
8113
8116
8117
8122
8122
8123
8123
8125
8125
8127
8127
8128
8129
8132
8137
8137
8137
8139
8140
8140
8141
8141
8142
8142
8143
8146
8146
8146
8149
8150
8150
8151
8153
8156
8157
8159
8165
8165
8166
8168
8168
8169
8170
8171
8175
8175
8177
8177
8178
8178
8179
8181
8185
8186
8187
8188
8190
8192
8194
8194
8196
8197
8197
8197
8199
8200
8201
8201
8202
8204
8207
8210
8212
8212
8213
8215
8217
8219
8220
8225
8232
8236
8237
8238
8241
8242
8243
8244
8247
8247
8253
8253
8253
8253
8253
8254
8254
8254
8256
8257
8258
8260
8262
8264
8267
8269
8270
8271
8272
8272
8273
8275
8279
8279
8280
8284
8286
8287
8291
8291
8294
8295
8295
8295
8297
8300
8300
8304
8306
8306
8306
8307
8310
8312
8315
8318
8318
8320
8322
8324
8324
8324
8325
8328
8331
8333
8333
8333
8334
8338
8338
8341
8341
8345
8345
8348
8349
8350
8351
8352
8356
8356
8357
8357
8358
8359
8361
8362
8365
8365
8367
8367
8368
8374
8375
8375
8379
8382
8384
8384
8390
8391
8392
8394
8395
8396
8397
8401
8401
8401
8403
8404
8406
8409
8409
8410
8411
8411
8413
8413
8414
8415
8417
8417
8417
8417
8420
8428
8429
8429
8431
8433
8434
8434
8434
8436
8436
8437
8438
8439
8440
8441
8444
8445
8445
8447
8447
8448
8449
8451
8456
8456
8458
8458
8459
8459
8463
8464
8464
8464
8467
8468
8468
8470
8470
8470
8472
8474
8476
8478
8479
8479
8481
8482
8482
8485
8488
8489
8489
8490
8491
8492
8492
8492
8494
8494
8495
8496
8497
8497
8499
8499
8500
8500
8509
8511
8511
8515
8516
8516
8519
8519
8519
8520
8520
8520
8523
8523
8527
8528
8528
8530
8530
8530
8530
8531
8537
8537
8539
8539
8540
8540
8542
8542
8544
8544
8546
8546
8547
8547
8548
8549
8549
8549
8552
8552
8552
8553
8557
8557
8558
8559
8559
8565
8568
8569
8569
8569
8572
8573
8576
8578
8580
8585
8586
8587
8589
8590
8592
8593
8593
8595
8598
8598
8599
8600
8601
8604
8610
8610
8614
8615
8616
8616
8617
8618
8618
8619
8619
8622
8622
8624
8627
8627
8628
8628
8632
8632
8632
8633
8636
8636
8637
8638
8639
8641
8644
8645
8647
8647
8649
8654
8654
8655
8658
8660
8660
8667
8670
8672
8672
8672
8673
8674
8675
8675
8676
8678
8683
8684
8685
8687
8690
8692
8693
8694
8694
8696
8699
8699
8700
8701
8703
8705
8707
8707
8707
8707
8708
8708
8715
8716
8717
8718
8719
8719
8722
8723
8725
8729
8730
8735
8737
8737
8738
8738
8738
8739
8740
8740
8740
8740
8741
8746
8746
8747
8750
8751
8752
8753
8755
8756
8756
8757
8757
8767
8768
8769
8771
8772
8773
8774
8775
8776
8779
8779
8779
8785
8786
8787
8788
8790
8790
8791
8791
8791
8793
8795
8800
8801
8801
8801
8801
8802
8802
8805
8809
8813
8817
8818
8818
8819
8819
8820
8826
8828
8828
8829
8832
8833
8833
8838
8838
8842
8843
8843
8844
8845
8847
8847
8848
8849
8850
8850
8851
8854
8854
8854
8860
8866
8866
8869
8870
8871
8872
8875
8875
8876
8877
8880
8882
8887
8889
8892
8894
8895
8895
8896
8900
8901
8903
8904
8904
8904
8904
8908
8910
8910
8911
8914
8915
8915
8918
8918
8919
8919
8921
8922
8923
8924
8925
8926
8926
8926
8928
8929
8933
8937
8940
8940
8941
8942
8944
8945
8949
8950
8951
8952
8952
8954
8955
8955
8956
8959
8961
8961
8969
8969
8970
8970
8971
8972
8979
8981
8981
8982
8982
8984
8984
8985
8985
8987
8990
8992
8993
8996
9000
9001
9001
9002
9003
9006
9010
9012
9013
9014
9015
9016
9020
9020
9023
9026
9027
9027
9028
9028
9030
9031
9031
9037
9038
9038
9039
9039
9043
9045
9045
9048
9048
9049
9051
9052
9053
9055
9061
9062
9062
9063
9067
9069
9070
9073
9074
9077
9079
9080
9081
9081
9084
9084
9085
9086
9086
9091
9091
9092
9093
9094
9095
9097
9098
9100
9103
9103
9104
9104
9105
9105
9106
9111
9112
9112
9115
9115
9118
9119
9122
9124
9124
9125
9129
9129
9134
9135
9136
9138
9139
9139
9140
9142
9142
9143
9143
9147
9147
9147
9152
9153
9157
9158
9159
9159
9161
9161
9163
9163
9167
9167
9168
9168
9170
9170
9170
9174
9175
9176
9177
9178
9179
9180
9183
9184
9185
9189
9191
9192
9192
9194
9196
9197
9199
9201
9201
9202
9202
9205
9206
9206
9208
9209
9209
9213
9215
9216
9218
9220
9221
9222
9222
9223
9224
9225
9226
9227
9227
9228
9229
9229
9230
9231
9237
9237
9238
9239
9240
9241
9242
9245
9246
9246
9248
9251
9251
9252
9253
9254
9255
9259
9260
9264
9269
9269
9269
9270
9272
9273
9273
9274
9277
9278
9280
9280
9288
9290
9290
9292
9297
9299
9300
9300
9304
9306
9306
9306
9309
9310
9313
9313
9315
9316
9319
9324
9327
9327
9330
9336
9336
9337
9337
9349
9352
9352
9352
9357
9358
9359
9361
9364
9368
9375
9378
9379
9381
9381
9383
9384
9384
9385
9385
9386
9388
9388
9389
9389
9393
9394
9398
9402
9406
9406
9406
9406
9407
9407
9408
9409
9410
9411
9411
9411
9412
9414
9416
9417
9417
9418
9420
9420
9420
9423
9423
9424
9424
9427
9430
9434
9438
9440
9440
9442
9443
9444
9445
9448
9448
9455
9463
9466
9468
9469
9475
9475
9478
9478
9481
9485
9485
9487
9490
9491
9491
9494
9494
9494
9495
9496
9496
9498
9499
9499
9500
9500
9500
9502
9502
9502
9504
9504
9504
9505
9508
9511
9511
9513
9513
9515
9515
9522
9522
9523
9524
9525
9526
9526
9527
9527
9527
9529
9532
9535
9535
9536
9538
9539
9544
9549
9550
9550
9554
9555
9556
9556
9558
9559
9560
9560
9561
9562
9563
9563
9563
9565
9569
9571
9571
9572
9574
9574
9574
9574
9575
9575
9577
9581
9582
9584
9586
9587
9588
9588
9591
9591
9597
9598
9598
9605
9605
9605
9605
9606
9607
9608
9609
9612
9612
9614
9616
9619
9619
9621
9621
9623
9625
9625
9626
9629
9630
9631
9633
9633
9633
9636
9639
9640
9641
9641
9645
9648
9649
9650
9650
9652
9653
9653
9653
9654
9654
9654
9655
9657
9658
9660
9663
9664
9664
9666
9667
9672
9672
9674
9674
9674
9675
9677
9678
9679
9680
9680
9681
9688
9691
9691
9692
9695
9696
9698
9699
9700
9706
9710
9715
9716
9717
9719
9720
9721
9722
9722
9722
9722
9723
9730
9733
9733
9734
9736
9737
9738
9739
9741
9741
9742
9743
9744
9745
9747
9747
9747
9752
9753
9759
9760
9761
9762
9764
9766
9766
9767
9768
9772
9781
9783
9783
9785
9785
9795
9795
9796
9796
9800
9801
9801
9802
9802
9804
9805
9807
9808
9809
9810
9810
9811
9811
9812
9812
9813
9813
9816
9818
9818
9819
9820
9822
9822
9825
9826
9827
9827
9828
9830
9834
9835
9835
9837
9837
9838
9839
9841
9844
9845
9847
9850
9850
9851
9852
9854
9854
9855
9856
9856
9858
9858
9858
9858
9858
9859
9862
9864
9865
9866
9866
9868
9868
9869
9871
9873
9876
9877
9878
9884
9884
9885
9887
9887
9888
9891
9892
9892
9893
9896
9897
9902
9903
9904
9909
9910
9912
9915
9915
9920
9921
9923
9923
9924
9925
9932
9932
9932
9932
9933
9934
9935
9938
9938
9939
9940
9942
9945
9948
9949
9949
9952
9952
9953
9954
9956
9958
9960
9960
9960
9962
9962
9962
9965
9968
9969
9970
9971
9971
9977
9978
9979
9979
9979
9981
9982
9984
9985
9987
9989
9989
9994
9995
9996
9998
10000
