9998
9998
9996
9986
9985
9983
9978
9977
9976
9971
9962
9957
9954
9948
9941
9937
9928
9923
9919
9908
9903
9897
9892
9892
9888
9875
9872
9869
9863
9861
9861
9860
9857
9856
9854
9851
9850
9847
9844
9842
9842
9841
9841
9837
9835
9833
9832
9831
9830
9829
9819
9812
9809
9805
9804
9803
9789
9787
9776
9774
9771
9764
9762
9748
9747
9739
9731
9729
9728
9727
9726
9722
9721
9719
9719
9718
9717
9715
9713
9709
9709
9706
9703
9699
9696
9690
9686
9680
9674
9663
9662
9661
9659
9657
9655
9653
9645
9643
9638
9637
9629
9625
9622
9618
9618
9617
9613
9611
9608
9606
9602
9599
9598
9597
9590
9582
9579
9577
9575
9571
9567
9566
9564
9564
9562
9558
9556
9551
9551
9550
9548
9543
9542
9541
9537
9531
9528
9527
9516
9512
9512
9511
9510
9509
9505
9501
9500
9495
9493
9487
9486
9483
9482
9482
9478
9471
9470
9466
9462
9455
9453
9449
9447
9444
9440
9438
9438
9429
9426
9425
9418
9413
9409
9406
9401
9400
9387
9386
9383
9381
9380
9380
9380
9379
9369
9361
9357
9356
9354
9353
9347
9343
9341
9339
9333
9325
9323
9323
9322
9320
9316
9314
9312
9307
9304
9302
9302
9299
9296
9294
9282
9282
9280
9271
9266
9266
9262
9258
9256
9252
9250
9249
9241
9235
9233
9222
9219
9216
9214
9212
9209
9201
9198
9196
9196
9194
9194
9187
9187
9184
9175
9174
9168
9166
9166
9166
9164
9160
9152
9152
9150
9143
9140
9136
9134
9132
9127
9125
9124
9120
9117
9116
9115
9114
9104
9102
9098
9092
9089
9082
9082
9080
9076
9066
9066
9061
9059
9059
9058
9057
9051
9049
9049
9044
9043
9040
9035
9035
9019
9015
9014
9006
8993
8991
8991
8987
8984
8983
8982
8982
8982
8981
8979
8979
8971
8967
8965
8964
8960
8956
8948
8945
8935
8934
8933
8928
8925
8913
8905
8903
8902
8900
8899
8898
8894
8893
8890
8888
8879
8875
8874
8863
8857
8857
8855
8848
8848
8841
8839
8837
8834
8833
8829
8828
8825
8825
8823
8820
8819
8817
8816
8811
8811
8810
8810
8809
8809
8808
8806
8805
8803
8802
8799
8798
8788
8782
8781
8779
8775
8764
8764
8762
8750
8745
8743
8742
8734
8733
8733
8719
8719
8714
8712
8704
8697
8697
8691
8687
8686
8684
8681
8680
8674
8669
8669
8669
8664
8655
8653
8647
8647
8646
8646
8641
8636
8635
8632
8627
8621
8620
8616
8611
8605
8599
8596
8593
8592
8585
8580
8575
8565
8563
8562
8559
8551
8548
8546
8544
8541
8539
8535
8533
8530
8528
8528
8527
8525
8521
8519
8518
8516
8506
8500
8499
8487
8486
8477
8468
8462
8462
8460
8459
8458
8454
8453
8451
8450
8444
8443
8441
8441
8440
8426
8418
8416
8414
8403
8400
8395
8388
8388
8387
8387
8378
8377
8377
8377
8377
8372
8368
8368
8367
8367
8366
8360
8359
8357
8354
8353
8344
8342
8334
8333
8325
8323
8317
8316
8315
8313
8313
8313
8310
8308
8299
8296
8296
8296
8290
8290
8289
8276
8273
8269
8267
8266
8265
8258
8243
8242
8240
8224
8221
8221
8209
8206
8205
8201
8201
8193
8183
8172
8170
8169
8169
8166
8166
8162
8161
8156
8155
8154
8152
8151
8147
8138
8136
8135
8125
8124
8123
8122
8119
8116
8113
8112
8110
8109
8106
8100
8091
8089
8088
8084
8080
8072
8071
8061
8061
8056
8055
8053
8052
8049
8047
8044
8038
8034
8033
8031
8026
8017
8017
8010
8009
8008
8001
8001
7999
7995
7994
7993
7990
7990
7987
7986
7983
7978
7974
7974
7967
7959
7958
7953
7947
7936
7934
7932
7932
7928
7916
7914
7913
7908
7900
7898
7891
7889
7884
7882
7881
7880
7871
7859
7856
7853
7848
7848
7844
7841
7838
7837
7833
7827
7826
7823
7821
7815
7815
7814
7814
7814
7812
7810
7809
7798
7794
7793
7793
7790
7784
7784
7773
7767
7758
7757
7750
7747
7746
7745
7741
7740
7739
7736
7736
7730
7730
7726
7717
7716
7710
7699
7699
7697
7697
7695
7691
7688
7679
7679
7675
7675
7674
7673
7673
7671
7671
7662
7655
7652
7651
7643
7642
7627
7624
7620
7617
7616
7614
7601
7594
7592
7584
7560
7559
7552
7541
7536
7533
7533
7531
7530
7527
7527
7526
7524
7520
7517
7517
7515
7503
7502
7502
7500
7498
7496
7483
7481
7481
7475
7466
7466
7453
7450
7448
7448
7448
7445
7445
7442
7440
7438
7435
7433
7432
7428
7425
7419
7416
7413
7410
7410
7407
7406
7394
7384
7382
7382
7378
7376
7376
7372
7366
7359
7358
7358
7356
7346
7344
7333
7333
7330
7329
7328
7327
7325
7319
7317
7317
7315
7312
7309
7300
7300
7289
7277
7266
7264
7263
7263
7258
7258
7253
7242
7240
7238
7230
7229
7226
7221
7218
7216
7212
7209
7207
7204
7203
7191
7183
7182
7181
7175
7173
7165
7160
7160
7158
7154
7149
7147
7146
7146
7141
7139
7139
7135
7134
7129
7129
7126
7125
7124
7122
7122
7113
7111
7105
7096
7090
7083
7081
7071
7070
7066
7066
7065
7065
7063
7062
7060
7048
7047
7047
7046
7038
7032
7029
7027
7025
7023
7021
7015
7008
7004
6998
6994
6993
6990
6990
6985
6985
6979
6978
6967
6966
6963
6960
6957
6954
6954
6952
6951
6947
6940
6936
6931
6926
6925
6924
6922
6914
6912
6908
6904
6900
6899
6899
6897
6897
6896
6893
6889
6887
6880
6875
6871
6869
6865
6865
6864
6855
6852
6851
6845
6845
6844
6843
6840
6836
6831
6830
6829
6826
6818
6813
6805
6795
6786
6784
6768
6768
6763
6757
6755
6754
6754
6753
6751
6750
6746
6743
6739
6738
6737
6736
6735
6735
6734
6732
6731
6729
6722
6711
6711
6710
6707
6704
6693
6691
6688
6679
6678
6676
6674
6672
6669
6668
6667
6665
6664
6663
6662
6654
6653
6651
6649
6648
6647
6641
6638
6630
6630
6627
6621
6617
6617
6615
6613
6611
6609
6608
6594
6591
6587
6584
6584
6567
6566
6559
6556
6555
6555
6554
6553
6544
6542
6540
6535
6533
6525
6525
6522
6516
6510
6508
6507
6505
6503
6499
6499
6495
6494
6492
6489
6484
6476
6475
6470
6469
6469
6469
6467
6464
6460
6459
6457
6443
6442
6436
6429
6425
6423
6419
6417
6412
6405
6398
6386
6374
6373
6373
6367
6354
6347
6342
6341
6336
6335
6333
6332
6324
6320
6317
6316
6310
6309
6308
6308
6305
6304
6297
6294
6286
6279
6276
6276
6276
6275
6272
6271
6270
6267
6266
6266
6265
6263
6260
6257
6245
6240
6238
6233
6226
6215
6205
6204
6203
6203
6194
6193
6192
6184
6179
6155
6153
6152
6146
6139
6135
6123
6116
6115
6114
6114
6111
6109
6108
6107
6105
6100
6099
6098
6093
6091
6089
6088
6088
6085
6080
6080
6078
6064
6061
6058
6054
6052
6048
6045
6042
6041
6041
6038
6038
6036
6034
6028
6021
6020
6011
6011
6003
5998
5994
5994
5989
5986
5977
5968
5963
5962
5957
5952
5951
5948
5946
5945
5930
5920
5916
5905
5900
5896
5890
5890
5880
5877
5871
5864
5862
5852
5850
5834
5833
5832
5825
5824
5820
5820
5817
5811
5810
5810
5810
5798
5794
5783
5782
5772
5770
5764
5755
5749
5740
5734
5723
5723
5716
5712
5702
5699
5698
5697
5694
5691
5690
5690
5685
5685
5678
5674
5669
5666
5666
5666
5665
5664
5662
5659
5658
5649
5649
5648
5647
5646
5645
5638
5630
5628
5616
5614
5613
5611
5610
5604
5602
5599
5598
5597
5597
5596
5592
5586
5586
5583
5583
5576
5574
5560
5558
5557
5556
5552
5549
5548
5547
5545
5545
5545
5538
5537
5535
5533
5530
5529
5526
5526
5525
5522
5517
5509
5507
5489
5474
5473
5467
5460
5459
5456
5452
5451
5450
5445
5444
5444
5438
5435
5435
5432
5429
5426
5423
5417
5412
5407
5404
5403
5399
5398
5397
5389
5388
5379
5377
5372
5362
5362
5358
5356
5355
5351
5349
5345
5344
5323
5321
5316
5311
5310
5306
5306
5302
5301
5301
5300
5290
5284
5284
5276
5275
5273
5270
5262
5257
5253
5237
5237
5236
5232
5232
5225
5215
5210
5207
5204
5199
5198
5195
5185
5174
5167
5166
5164
5163
5162
5160
5154
5148
5146
5134
5131
5124
5122
5122
5114
5113
5102
5100
5095
5089
5085
5078
5078
5077
5063
5062
5060
5058
5047
5043
5043
5040
5040
5034
5030
5029
5029
5024
5008
5003
5002
5002
5002
4985
4983
4979
4977
4977
4976
4975
4975
4969
4967
4967
4961
4941
4939
4938
4928
4922
4919
4916
4915
4910
4907
4904
4903
4901
4900
4898
4891
4886
4884
4882
4877
4875
4875
4873
4867
4866
4859
4856
4851
4849
4840
4839
4837
4835
4835
4830
4829
4823
4822
4821
4816
4814
4813
4810
4809
4809
4803
4792
4791
4785
4775
4774
4764
4763
4757
4756
4749
4740
4739
4735
4734
4725
4717
4704
4704
4702
4698
4698
4690
4688
4688
4682
4674
4674
4671
4669
4661
4660
4659
4659
4654
4648
4646
4644
4632
4631
4625
4615
4615
4615
4610
4609
4602
4599
4599
4591
4591
4590
4590
4586
4586
4580
4580
4573
4567
4565
4565
4562
4558
4557
4556
4556
4555
4555
4548
4540
4537
4533
4525
4522
4517
4515
4513
4508
4506
4502
4501
4486
4480
4475
4472
4470
4452
4447
4446
4445
4438
4437
4434
4433
4433
4422
4418
4412
4409
4408
4406
4405
4399
4399
4396
4391
4389
4387
4381
4377
4373
4373
4359
4350
4342
4339
4335
4329
4328
4315
4304
4298
4290
4284
4280
4269
4260
4254
4250
4244
4231
4230
4228
4228
4226
4224
4218
4210
4210
4205
4201
4201
4200
4198
4197
4197
4192
4192
4189
4189
4188
4187
4184
4178
4173
4167
4166
4165
4164
4154
4150
4144
4136
4133
4131
4128
4122
4121
4120
4115
4114
4114
4107
4106
4105
4103
4101
4098
4097
4095
4093
4093
4093
4091
4091
4089
4088
4083
4083
4078
4072
4067
4064
4053
4050
4047
4035
4034
4033
4026
4024
4021
4018
4014
4012
4010
4009
3993
3992
3989
3988
3979
3971
3971
3968
3961
3956
3954
3949
3949
3941
3940
3938
3936
3934
3933
3932
3932
3930
3928
3926
3920
3918
3905
3905
3903
3903
3900
3897
3890
3889
3889
3889
3888
3883
3880
3868
3866
3865
3862
3858
3855
3855
3854
3853
3849
3849
3842
3841
3838
3836
3832
3832
3832
3824
3821
3821
3821
3816
3816
3813
3811
3809
3809
3805
3797
3796
3796
3795
3793
3789
3788
3777
3773
3771
3768
3768
3765
3765
3759
3756
3752
3751
3751
3733
3731
3728
3724
3724
3713
3705
3704
3703
3703
3702
3699
3698
3687
3685
3681
3679
3676
3673
3671
3665
3661
3657
3656
3654
3649
3647
3642
3636
3632
3627
3613
3612
3611
3611
3609
3608
3608
3607
3601
3601
3599
3597
3596
3596
3593
3591
3587
3584
3580
3579
3572
3558
3557
3555
3554
3552
3545
3541
3537
3533
3532
3531
3531
3517
3511
3510
3508
3507
3504
3501
3497
3495
3495
3495
3493
3493
3492
3481
3481
3474
3473
3471
3467
3461
3458
3457
3455
3454
3440
3437
3434
3430
3414
3414
3409
3408
3404
3401
3396
3387
3387
3375
3374
3370
3367
3361
3355
3342
3341
3336
3332
3330
3315
3314
3314
3310
3306
3298
3289
3282
3277
3272
3271
3256
3256
3255
3255
3251
3248
3241
3239
3238
3231
3228
3227
3227
3226
3225
3220
3214
3208
3207
3205
3204
3203
3199
3185
3184
3184
3183
3183
3180
3176
3175
3172
3170
3167
3166
3163
3162
3159
3157
3157
3156
3147
3146
3142
3138
3136
3132
3129
3128
3125
3124
3124
3120
3120
3116
3115
3114
3106
3097
3096
3094
3085
3082
3077
3071
3070
3063
3055
3054
3053
3053
3051
3050
3042
3042
3036
3034
3029
3028
3021
3016
3015
3012
3011
3006
2998
2995
2995
2989
2987
2984
2979
2975
2973
2973
2960
2959
2957
2955
2955
2941
2940
2934
2928
2925
2921
2913
2908
2907
2905
2903
2901
2900
2897
2885
2885
2884
2875
2874
2874
2869
2869
2863
2856
2856
2854
2853
2849
2844
2843
2841
2840
2837
2835
2832
2830
2829
2823
2821
2818
2813
2807
2803
2803
2778
2767
2766
2754
2751
2751
2748
2748
2743
2743
2723
2720
2712
2706
2705
2704
2701
2699
2696
2693
2692
2688
2688
2684
2680
2679
2670
2663
2662
2652
2649
2644
2644
2637
2625
2624
2623
2621
2620
2619
2616
2615
2610
2608
2608
2592
2590
2583
2580
2574
2573
2573
2562
2561
2559
2551
2549
2546
2542
2538
2536
2535
2525
2515
2514
2511
2510
2508
2503
2489
2482
2479
2479
2475
2474
2472
2465
2464
2464
2462
2461
2457
2456
2449
2447
2446
2436
2432
2427
2423
2417
2417
2414
2414
2410
2408
2400
2400
2399
2386
2382
2381
2378
2376
2375
2373
2372
2370
2367
2365
2360
2353
2351
2349
2348
2346
2339
2335
2333
2329
2328
2319
2315
2314
2313
2313
2310
2307
2304
2293
2284
2282
2280
2279
2273
2268
2264
2262
2261
2243
2237
2235
2232
2232
2231
2229
2229
2227
2222
2221
2217
2215
2214
2210
2206
2203
2198
2195
2193
2190
2188
2187
2180
2173
2172
2153
2153
2146
2139
2135
2135
2131
2129
2112
2107
2104
2103
2099
2099
2095
2092
2092
2088
2087
2086
2083
2082
2080
2075
2075
2073
2070
2067
2063
2055
2054
2053
2052
2050
2046
2043
2038
2035
2032
2026
2021
2017
2016
2014
2012
2006
2006
2002
1999
1999
1999
1982
1980
1977
1972
1971
1971
1970
1967
1964
1961
1958
1946
1942
1939
1937
1936
1931
1930
1921
1920
1912
1911
1910
1909
1908
1904
1902
1899
1888
1886
1882
1881
1873
1863
1861
1857
1846
1845
1835
1825
1814
1813
1809
1807
1807
1806
1803
1799
1794
1793
1791
1789
1788
1785
1774
1771
1770
1766
1762
1757
1756
1754
1746
1744
1743
1738
1734
1732
1730
1726
1723
1722
1712
1710
1709
1704
1700
1700
1700
1699
1697
1697
1695
1695
1694
1692
1688
1688
1684
1677
1675
1670
1663
1659
1657
1656
1635
1634
1621
1615
1614
1610
1595
1595
1594
1590
1585
1585
1581
1579
1579
1566
1562
1557
1554
1542
1537
1533
1529
1527
1521
1521
1517
1516
1501
1497
1497
1495
1494
1492
1490
1489
1481
1480
1479
1478
1474
1467
1463
1460
1454
1452
1447
1445
1430
1430
1429
1426
1420
1418
1408
1406
1405
1404
1397
1384
1375
1357
1356
1353
1348
1339
1339
1337
1336
1329
1327
1322
1321
1305
1297
1294
1282
1279
1279
1279
1279
1275
1269
1268
1267
1258
1256
1252
1247
1246
1240
1235
1229
1228
1224
1222
1221
1212
1196
1192
1185
1184
1184
1181
1181
1174
1171
1167
1166
1162
1161
1161
1153
1142
1137
1131
1126
1124
1123
1120
1118
1117
1116
1113
1107
1107
1107
1100
1093
1093
1089
1084
1082
1071
1071
1062
1061
1057
1057
1048
1045
1045
1043
1039
1038
1034
1033
1031
1029
1027
1025
1024
1021
1018
1015
1013
1012
1010
1004
1003
1001
997
992
990
987
984
978
977
977
976
975
970
970
968
965
962
960
960
948
947
946
944
942
939
939
937
922
921
918
917
917
908
900
894
893
891
886
878
873
868
861
854
849
848
846
840
834
833
832
831
831
827
825
824
824
814
813
812
805
803
798
798
797
795
790
788
787
777
777
775
773
772
768
768
763
761
760
760
757
751
747
743
734
724
724
723
723
721
717
715
710
708
703
700
696
692
692
690
681
680
677
676
674
672
666
666
664
663
659
657
657
651
646
639
637
624
623
623
621
612
612
604
599
598
572
570
569
568
567
562
560
552
543
537
536
534
534
531
525
525
524
522
520
519
517
514
512
504
501
497
490
487
486
484
484
483
482
479
477
477
472
471
463
456
455
447
439
439
434
432
431
430
428
426
421
418
400
398
394
390
386
382
381
379
375
373
371
370
363
359
353
351
350
348
348
347
337
334
326
326
326
325
318
306
299
290
290
289
278
269
263
260
259
239
237
234
232
221
219
218
216
215
213
209
207
206
205
203
202
199
196
189
187
185
180
178
177
171
169
162
159
155
153
146
138
137
133
130
129
128
124
123
115
113
109
109
95
89
89
87
87
85
67
65
65
63
60
56
49
49
46
46
45
43
39
39
38
28
26
10
9
2
