9999
9996
9995
9995
9992
9992
9989
9987
9986
9985
9983
9983
9983
9983
9982
9981
9980
9978
9975
9974
9974
9974
9973
9971
9966
9964
9964
9961
9961
9960
9960
9959
9959
9958
9958
9957
9957
9957
9955
9953
9953
9952
9952
9952
9951
9950
9950
9950
9950
9949
9947
9947
9947
9945
9944
9942
9940
9938
9936
9930
9930
9928
9928
9927
9924
9924
9924
9923
9922
9920
9919
9919
9919
9918
9917
9916
9915
9914
9913
9912
9912
9911
9910
9909
9909
9909
9909
9908
9908
9907
9906
9906
9906
9904
9904
9900
9899
9899
9897
9896
9896
9894
9894
9894
9894
9890
9887
9887
9886
9885
9884
9883
9883
9882
9881
9880
9879
9876
9875
9875
9873
9869
9868
9868
9867
9865
9864
9862
9860
9859
9859
9858
9858
9855
9855
9854
9853
9850
9850
9850
9850
9848
9843
9843
9842
9842
9841
9840
9839
9839
9838
9837
9836
9834
9833
9833
9833
9831
9831
9829
9829
9827
9823
9822
9822
9820
9820
9820
9818
9817
9815
9814
9811
9811
9810
9804
9804
9803
9803
9800
9798
9797
9796
9795
9794
9793
9792
9791
9791
9790
9790
9788
9788
9785
9785
9785
9783
9783
9780
9779
9777
9777
9775
9774
9773
9773
9773
9772
9770
9770
9768
9766
9765
9764
9763
9761
9760
9760
9760
9759
9758
9758
9755
9752
9752
9750
9750
9749
9749
9747
9746
9743
9743
9742
9741
9741
9739
9738
9737
9737
9736
9735
9735
9734
9732
9727
9726
9726
9726
9724
9722
9720
9719
9718
9716
9715
9714
9714
9713
9712
9710
9710
9708
9708
9707
9704
9701
9700
9699
9697
9694
9694
9691
9691
9690
9688
9688
9687
9686
9685
9684
9682
9682
9681
9681
9680
9678
9678
9677
9675
9673
9673
9673
9673
9672
9672
9670
9668
9667
9665
9664
9664
9664
9662
9662
9661
9660
9659
9657
9656
9655
9653
9652
9649
9648
9644
9643
9642
9639
9635
9634
9633
9632
9631
9631
9622
9622
9622
9621
9621
9620
9619
9618
9617
9617
9616
9613
9613
9612
9610
9608
9608
9607
9607
9603
9602
9601
9601
9597
9592
9591
9588
9587
9580
9580
9578
9577
9576
9575
9574
9574
9573
9573
9572
9570
9567
9566
9565
9564
9562
9562
9561
9561
9561
9560
9560
9560
9559
9558
9556
9555
9553
9552
9551
9550
9550
9549
9549
9549
9548
9547
9547
9547
9546
9545
9545
9544
9544
9543
9540
9538
9537
9534
9533
9533
9530
9529
9528
9527
9526
9524
9524
9523
9523
9522
9521
9521
9521
9520
9518
9517
9515
9515
9513
9512
9512
9512
9512
9509
9509
9507
9506
9505
9500
9499
9499
9498
9496
9494
9493
9490
9489
9488
9487
9487
9486
9484
9483
9482
9482
9481
9479
9476
9476
9475
9467
9467
9466
9466
9461
9460
9460
9457
9457
9457
9455
9455
9454
9453
9453
9452
9451
9449
9448
9447
9446
9445
9445
9441
9441
9440
9439
9438
9435
9432
9431
9431
9428
9428
9428
9427
9425
9424
9424
9424
9422
9421
9420
9420
9419
9417
9417
9415
9413
9413
9412
9411
9409
9409
9407
9407
9407
9406
9406
9400
9399
9397
9395
9393
9392
9390
9388
9387
9387
9386
9386
9385
9385
9384
9383
9383
9383
9380
9380
9380
9375
9374
9371
9369
9367
9361
9360
9357
9356
9354
9353
9353
9351
9347
9346
9346
9346
9345
9345
9344
9342
9342
9340
9339
9337
9332
9332
9330
9330
9328
9328
9325
9323
9322
9322
9322
9322
9320
9317
9316
9316
9313
9310
9309
9309
9308
9308
9308
9306
9306
9305
9302
9298
9297
9296
9291
9291
9290
9287
9284
9283
9283
9280
9280
9277
9274
9274
9274
9273
9269
9268
9268
9268
9267
9267
9266
9266
9266
9262
9262
9262
9261
9259
9256
9255
9252
9249
9248
9247
9245
9244
9244
9244
9244
9242
9239
9238
9237
9237
9237
9236
9234
9232
9232
9230
9230
9230
9228
9228
9227
9226
9223
9221
9221
9217
9217
9212
9210
9207
9206
9205
9204
9203
9203
9203
9202
9197
9197
9194
9193
9193
9192
9192
9191
9191
9188
9186
9182
9181
9181
9180
9180
9179
9175
9173
9170
9170
9168
9165
9165
9163
9162
9161
9160
9159
9159
9157
9157
9157
9154
9152
9150
9149
9148
9146
9144
9144
9144
9142
9141
9141
9140
9138
9133
9133
9133
9130
9127
9126
9126
9126
9125
9124
9123
9122
9122
9121
9118
9118
9117
9112
9112
9112
9109
9109
9108
9108
9107
9107
9106
9106
9104
9103
9102
9101
9099
9098
9098
9097
9096
9096
9093
9093
9093
9092
9091
9091
9090
9090
9088
9088
9088
9088
9087
9085
9085
9083
9083
9080
9079
9075
9072
9072
9072
9068
9067
9064
9060
9059
9058
9058
9058
9057
9057
9057
9055
9055
9054
9053
9053
9052
9052
9050
9049
9048
9047
9046
9044
9044
9044
9042
9041
9041
9040
9040
9040
9040
9036
9035
9035
9032
9029
9027
9025
9023
9017
9014
9013
9012
9010
9009
9009
9008
9006
9006
9006
9006
9002
9002
9002
9001
9001
9001
9001
8999
8999
8998
8997
8996
8994
8993
8992
8990
8987
8987
8986
8986
8984
8984
8983
8983
8981
8980
8980
8979
8979
8979
8978
8977
8974
8974
8970
8970
8969
8968
8966
8963
8962
8961
8959
8958
8954
8953
8948
8948
8947
8946
8946
8944
8944
8942
8942
8942
8941
8941
8938
8938
8936
8935
8935
8935
8934
8934
8934
8931
8930
8928
8927
8927
8923
8921
8919
8916
8915
8915
8914
8910
8910
8909
8908
8906
8906
8903
8903
8902
8901
8898
8896
8895
8894
8892
8890
8890
8885
8885
8882
8882
8881
8879
8878
8878
8878
8876
8874
8873
8871
8871
8871
8869
8869
8867
8866
8864
8863
8863
8862
8860
8855
8854
8852
8851
8851
8848
8847
8847
8845
8842
8841
8839
8839
8839
8837
8836
8835
8835
8834
8832
8832
8831
8831
8830
8829
8829
8828
8827
8825
8824
8824
8823
8822
8821
8821
8815
8812
8812
8811
8810
8810
8809
8807
8806
8806
8805
8805
8804
8802
8802
8801
8800
8799
8799
8797
8796
8795
8794
8794
8791
8791
8790
8788
8787
8786
8785
8785
8784
8784
8782
8782
8782
8781
8781
8780
8779
8778
8778
8776
8776
8774
8774
8774
8773
8773
8771
8770
8767
8767
8766
8764
8763
8762
8762
8758
8755
8755
8755
8753
8753
8752
8749
8747
8747
8747
8736
8734
8733
8732
8730
8729
8725
8722
8720
8719
8719
8718
8718
8716
8716
8714
8712
8710
8710
8709
8709
8704
8704
8702
8700
8698
8694
8692
8691
8688
8688
8686
8686
8682
8682
8679
8678
8676
8676
8673
8671
8670
8668
8667
8662
8662
8660
8660
8660
8659
8654
8653
8652
8651
8647
8647
8646
8641
8640
8640
8639
8639
8638
8638
8638
8635
8634
8634
8633
8632
8625
8625
8625
8619
8617
8617
8616
8611
8611
8610
8605
8605
8604
8604
8603
8603
8603
8602
8600
8600
8598
8594
8593
8592
8592
8592
8591
8586
8586
8585
8585
8578
8576
8574
8572
8572
8568
8567
8565
8565
8564
8563
8563
8560
8559
8557
8554
8554
8551
8548
8548
8548
8547
8546
8545
8545
8544
8544
8541
8540
8539
8539
8538
8537
8537
8537
8536
8535
8535
8534
8532
8531
8530
8530
8530
8530
8529
8527
8527
8525
8521
8519
8518
8512
8511
8510
8510
8509
8508
8506
8506
8505
8505
8502
8501
8501
8500
8499
8498
8497
8496
8495
8495
8493
8493
8493
8491
8490
8489
8487
8487
8486
8484
8484
8482
8481
8477
8476
8475
8472
8471
8471
8471
8469
8468
8467
8465
8465
8463
8463
8462
8462
8459
8459
8459
8457
8457
8456
8456
8452
8452
8452
8450
8449
8447
8446
8446
8439
8438
8438
8436
8436
8435
8434
8434
8431
8430
8428
8428
8427
8426
8425
8422
8421
8421
8419
8418
8417
8412
8411
8411
8410
8409
8407
8406
8404
8403
8403
8402
8402
8401
8401
8400
8399
8397
8396
8396
8396
8392
8392
8390
8389
8389
8389
8388
8387
8385
8385
8384
8384
8384
8383
8381
8380
8380
8377
8377
8377
8376
8376
8374
8373
8372
8372
8371
8368
8368
8364
8364
8361
8359
8359
8357
8355
8354
8353
8352
8351
8351
8349
8349
8349
8348
8344
8341
8341
8338
8337
8336
8335
8333
8332
8332
8331
8330
8329
8329
8326
8325
8324
8324
8321
8314
8314
8314
8313
8313
8313
8310
8309
8309
8309
8304
8302
8301
8301
8301
8300
8299
8294
8294
8293
8293
8293
8293
8291
8290
8289
8287
8286
8285
8283
8282
8282
8278
8271
8271
8269
8268
8268
8268
8267
8266
8265
8264
8263
8263
8263
8262
8260
8260
8258
8255
8253
8251
8250
8248
8244
8244
8243
8242
8240
8240
8238
8238
8238
8238
8237
8235
8234
8232
8231
8231
8227
8226
8226
8226
8225
8225
8225
8225
8224
8221
8220
8220
8219
8219
8218
8217
8217
8216
8215
8215
8214
8212
8211
8208
8207
8206
8206
8203
8202
8201
8198
8194
8194
8193
8190
8189
8187
8186
8185
8184
8182
8182
8180
8179
8178
8178
8177
8177
8175
8173
8173
8168
8166
8165
8165
8164
8163
8162
8162
8161
8160
8159
8156
8154
8154
8150
8148
8145
8145
8145
8144
8143
8143
8143
8141
8139
8135
8135
8135
8134
8130
8130
8129
8128
8127
8126
8125
8124
8123
8120
8118
8116
8116
8116
8115
8115
8113
8112
8112
8112
8112
8112
8111
8109
8109
8106
8104
8103
8103
8103
8102
8102
8101
8099
8098
8095
8095
8094
8092
8089
8089
8087
8086
8085
8085
8084
8083
8083
8077
8076
8075
8074
8073
8073
8069
8067
8066
8064
8062
8062
8060
8058
8056
8055
8054
8053
8053
8052
8051
8049
8048
8047
8047
8046
8045
8044
8044
8041
8040
8039
8037
8036
8035
8031
8031
8029
8028
8026
8026
8025
8024
8022
8021
8020
8020
8018
8018
8017
8017
8017
8017
8014
8014
8013
8012
8010
8009
8009
8007
8004
8004
8004
8003
8003
8003
8002
8001
7999
7998
7997
7996
7996
7996
7996
7994
7993
7992
7992
7991
7990
7989
7988
7986
7986
7985
7984
7984
7984
7982
7982
7981
7981
7980
7979
7976
7976
7976
7970
7970
7967
7964
7961
7961
7961
7961
7956
7955
7955
7953
7951
7951
7948
7947
7947
7946
7946
7945
7943
7941
7934
7933
7931
7929
7928
7928
7927
7927
7927
7926
7923
7923
7919
7917
7915
7914
7908
7907
7906
7905
7904
7903
7900
7900
7899
7899
7895
7895
7895
7893
7889
7889
7888
7887
7886
7882
7882
7881
7877
7873
7872
7872
7871
7870
7869
7869
7868
7864
7860
7859
7858
7856
7856
7851
7850
7849
7848
7848
7848
7847
7845
7844
7839
7837
7836
7836
7835
7834
7833
7833
7833
7832
7831
7827
7824
7823
7823
7820
7818
7814
7807
7807
7806
7806
7804
7804
7801
7800
7797
7794
7794
7793
7792
7792
7791
7790
7790
7789
7786
7785
7785
7784
7784
7783
7782
7781
7777
7776
7776
7775
7772
7767
7767
7767
7766
7764
7764
7763
7760
7760
7760
7757
7757
7755
7754
7754
7753
7752
7751
7750
7749
7746
7742
7742
7740
7740
7740
7739
7738
7737
7737
7735
7732
7730
7729
7728
7727
7726
7722
7721
7720
7716
7712
7711
7710
7710
7709
7709
7708
7707
7706
7705
7703
7703
7703
7701
7698
7695
7694
7693
7693
7691
7690
7688
7687
7687
7683
7683
7682
7679
7676
7674
7673
7672
7672
7671
7671
7670
7669
7669
7669
7669
7668
7667
7665
7665
7664
7663
7661
7660
7660
7659
7659
7659
7658
7658
7657
7655
7654
7654
7653
7652
7651
7649
7648
7647
7646
7646
7645
7643
7640
7638
7637
7637
7636
7636
7635
7635
7635
7634
7632
7631
7631
7630
7630
7629
7626
7623
7623
7619
7619
7618
7617
7616
7616
7615
7615
7615
7614
7613
7613
7611
7611
7609
7607
7607
7606
7606
7605
7603
7600
7599
7596
7595
7592
7592
7590
7588
7588
7587
7586
7586
7584
7583
7582
7579
7579
7577
7576
7575
7573
7571
7571
7569
7569
7568
7567
7567
7566
7562
7562
7559
7558
7558
7558
7556
7556
7555
7553
7550
7549
7548
7548
7547
7546
7546
7546
7544
7542
7542
7539
7538
7538
7537
7535
7534
7534
7531
7531
7530
7530
7529
7526
7526
7526
7525
7521
7521
7520
7517
7517
7517
7509
7506
7506
7506
7506
7505
7502
7500
7495
7494
7494
7493
7492
7492
7483
7483
7480
7479
7477
7477
7476
7475
7475
7474
7474
7473
7472
7472
7472
7469
7468
7467
7466
7465
7465
7459
7455
7455
7455
7453
7453
7452
7451
7451
7450
7450
7450
7449
7447
7444
7444
7444
7444
7442
7438
7438
7436
7436
7434
7432
7431
7431
7430
7429
7429
7428
7428
7424
7423
7422
7421
7419
7419
7419
7417
7417
7416
7416
7411
7410
7408
7407
7404
7402
7401
7401
7400
7398
7397
7396
7394
7394
7394
7392
7390
7389
7389
7385
7382
7381
7379
7378
7378
7377
7377
7374
7371
7370
7369
7365
7365
7365
7363
7360
7355
7355
7353
7350
7350
7349
7344
7343
7343
7340
7338
7338
7337
7337
7335
7335
7333
7332
7330
7328
7328
7328
7327
7326
7325
7322
7320
7319
7319
7319
7319
7319
7318
7314
7313
7313
7312
7310
7308
7307
7301
7300
7300
7299
7299
7298
7298
7297
7297
7296
7295
7293
7291
7291
7287
7286
7284
7281
7280
7280
7280
7279
7279
7275
7275
7273
7272
7272
7270
7270
7269
7269
7266
7263
7262
7262
7258
7257
7256
7256
7256
7255
7254
7253
7253
7252
7251
7251
7250
7250
7249
7249
7249
7248
7247
7247
7247
7243
7241
7239
7239
7235
7234
7231
7230
7224
7218
7218
7216
7215
7213
7212
7211
7211
7210
7210
7210
7207
7207
7203
7202
7202
7202
7202
7201
7199
7198
7196
7195
7192
7192
7192
7190
7190
7185
7184
7184
7183
7181
7178
7177
7177
7176
7176
7175
7174
7173
7172
7172
7172
7170
7168
7168
7168
7167
7165
7164
7163
7162
7160
7159
7156
7154
7152
7149
7149
7148
7147
7144
7142
7139
7138
7138
7134
7132
7131
7131
7130
7130
7129
7128
7127
7126
7125
7125
7124
7121
7121
7115
7113
7113
7113
7110
7110
7109
7107
7106
7106
7103
7103
7103
7100
7100
7098
7097
7097
7094
7094
7093
7093
7092
7090
7088
7084
7081
7081
7080
7078
7077
7077
7074
7073
7073
7073
7070
7068
7068
7066
7063
7060
7060
7060
7058
7054
7053
7053
7052
7052
7052
7050
7050
7048
7046
7045
7044
7044
7042
7041
7040
7039
7038
7038
7037
7037
7035
7032
7031
7030
7029
7028
7024
7023
7023
7022
7022
7020
7017
7016
7016
7015
7014
7013
7011
7011
7009
7009
7008
7007
7007
7007
7007
7004
7004
7002
7001
7000
7000
7000
7000
6997
6994
6994
6992
6989
6988
6988
6987
6985
6984
6982
6979
6977
6976
6976
6975
6973
6973
6972
6971
6969
6968
6966
6966
6966
6965
6962
6962
6961
6961
6961
6960
6959
6958
6958
6957
6956
6954
6952
6947
6943
6942
6938
6936
6932
6932
6930
6929
6928
6927
6927
6925
6924
6918
6918
6918
6917
6916
6916
6915
6914
6913
6912
6909
6909
6906
6902
6902
6900
6899
6899
6897
6895
6892
6891
6889
6888
6886
6884
6883
6882
6881
6881
6875
6873
6872
6872
6870
6870
6870
6867
6866
6866
6866
6865
6862
6862
6861
6859
6856
6852
6851
6848
6847
6846
6845
6844
6836
6836
6835
6834
6834
6831
6830
6830
6829
6828
6828
6828
6827
6826
6826
6825
6822
6821
6821
6821
6820
6818
6818
6817
6816
6815
6814
6814
6813
6807
6806
6806
6805
6805
6804
6804
6802
6799
6798
6797
6797
6797
6797
6795
6795
6794
6793
6793
6792
6791
6789
6788
6785
6785
6784
6783
6783
6780
6779
6778
6778
6777
6777
6777
6773
6770
6770
6770
6768
6768
6766
6766
6763
6762
6760
6757
6757
6757
6755
6755
6752
6751
6750
6749
6747
6746
6742
6741
6739
6738
6738
6737
6736
6734
6732
6730
6728
6728
6727
6727
6726
6724
6723
6722
6720
6718
6717
6716
6713
6712
6711
6710
6710
6706
6704
6704
6704
6702
6700
6697
6697
6696
6693
6692
6690
6690
6690
6689
6686
6686
6685
6684
6684
6684
6683
6682
6682
6678
6674
6672
6671
6670
6669
6668
6667
6667
6666
6664
6662
6662
6661
6660
6660
6659
6658
6658
6658
6657
6656
6654
6654
6653
6653
6653
6650
6649
6649
6647
6645
6645
6641
6639
6639
6635
6634
6632
6631
6629
6629
6628
6627
6626
6625
6625
6623
6623
6621
6619
6617
6617
6614
6611
6611
6610
6609
6609
6608
6607
6605
6605
6604
6604
6601
6595
6594
6591
6590
6590
6590
6590
6587
6586
6586
6585
6584
6584
6583
6583
6582
6582
6582
6580
6579
6579
6579
6576
6575
6575
6569
6569
6569
6567
6566
6564
6564
6561
6561
6560
6559
6556
6556
6555
6547
6547
6547
6546
6546
6545
6544
6544
6542
6541
6541
6541
6540
6540
6539
6539
6538
6536
6533
6533
6532
6532
6528
6524
6523
6520
6518
6517
6515
6514
6514
6513
6511
6511
6511
6510
6510
6507
6507
6506
6506
6504
6504
6503
6503
6502
6500
6499
6499
6497
6494
6492
6487
6487
6486
6484
6483
6481
6478
6478
6476
6475
6471
6471
6469
6469
6469
6469
6468
6468
6468
6466
6465
6463
6462
6461
6461
6461
6460
6457
6457
6455
6450
6450
6449
6449
6447
6446
6444
6443
6441
6441
6441
6437
6437
6436
6434
6433
6432
6431
6430
6430
6430
6427
6427
6426
6426
6424
6423
6422
6421
6420
6419
6418
6417
6415
6413
6412
6411
6410
6408
6407
6407
6406
6405
6405
6404
6403
6403
6402
6400
6400
6399
6398
6397
6397
6396
6395
6393
6393
6392
6392
6391
6388
6388
6387
6387
6385
6383
6382
6380
6378
6374
6372
6370
6369
6368
6368
6368
6368
6367
6367
6365
6365
6363
6358
6357
6354
6354
6354
6350
6349
6349
6348
6345
6344
6343
6343
6342
6340
6339
6339
6339
6339
6338
6337
6337
6337
6335
6334
6334
6332
6332
6332
6331
6331
6330
6327
6327
6327
6326
6326
6325
6324
6323
6323
6321
6321
6321
6320
6318
6318
6317
6316
6313
6311
6309
6309
6309
6307
6306
6305
6305
6305
6305
6304
6304
6303
6302
6301
6301
6300
6300
6297
6296
6295
6293
6291
6291
6288
6286
6286
6286
6285
6285
6284
6284
6284
6283
6282
6281
6280
6278
6278
6277
6275
6274
6273
6273
6272
6269
6268
6265
6264
6262
6260
6258
6258
6255
6255
6255
6251
6250
6244
6243
6242
6242
6241
6240
6239
6239
6238
6231
6231
6230
6229
6229
6228
6226
6226
6223
6222
6221
6220
6216
6216
6215
6215
6215
6214
6214
6211
6209
6206
6206
6206
6204
6204
6199
6198
6196
6194
6193
6192
6192
6191
6189
6187
6187
6185
6182
6181
6181
6180
6179
6177
6176
6176
6170
6170
6169
6166
6166
6164
6163
6163
6161
6160
6160
6160
6159
6157
6153
6152
6151
6150
6150
6148
6145
6141
6140
6140
6139
6138
6136
6133
6131
6130
6126
6126
6125
6123
6123
6123
6123
6119
6112
6111
6108
6107
6106
6105
6102
6102
6102
6101
6099
6098
6097
6096
6093
6092
6090
6089
6089
6088
6087
6086
6085
6082
6082
6081
6081
6076
6076
6075
6072
6072
6071
6069
6068
6066
6058
6057
6054
6052
6052
6052
6052
6051
6049
6048
6048
6048
6047
6046
6046
6044
6043
6043
6042
6039
6039
6038
6035
6033
6032
6032
6032
6032
6030
6029
6028
6028
6028
6027
6027
6023
6022
6021
6019
6017
6017
6015
6014
6014
6014
6013
6013
6011
6011
6007
6006
6003
6002
6002
5999
5998
5997
5994
5992
5992
5989
5988
5986
5986
5984
5983
5983
5982
5982
5979
5974
5973
5972
5970
5966
5965
5965
5964
5963
5963
5959
5954
5954
5954
5954
5953
5953
5951
5951
5949
5946
5946
5943
5943
5939
5939
5937
5935
5935
5934
5934
5933
5933
5932
5929
5928
5928
5927
5924
5924
5923
5921
5921
5921
5920
5918
5915
5914
5911
5910
5909
5908
5908
5900
5900
5898
5898
5897
5897
5895
5895
5893
5890
5890
5888
5888
5888
5888
5887
5884
5884
5883
5881
5877
5876
5876
5875
5875
5873
5872
5869
5868
5867
5866
5866
5864
5864
5863
5861
5861
5859
5857
5857
5855
5854
5853
5852
5852
5849
5846
5846
5844
5844
5843
5843
5842
5840
5839
5839
5839
5839
5839
5837
5836
5836
5836
5835
5835
5832
5832
5831
5830
5828
5825
5823
5820
5819
5819
5816
5815
5812
5810
5804
5802
5799
5798
5798
5797
5797
5796
5796
5794
5794
5794
5787
5783
5783
5780
5780
5779
5778
5778
5777
5776
5776
5775
5775
5775
5774
5774
5773
5772
5772
5769
5768
5768
5767
5766
5766
5763
5763
5760
5757
5757
5756
5752
5750
5748
5745
5739
5739
5738
5736
5736
5735
5735
5735
5732
5731
5730
5730
5730
5722
5720
5717
5713
5712
5708
5706
5705
5704
5704
5703
5700
5698
5698
5696
5695
5694
5694
5691
5690
5687
5686
5685
5684
5684
5683
5682
5682
5681
5680
5680
5680
5679
5679
5679
5678
5677
5671
5671
5666
5664
5664
5663
5662
5662
5661
5660
5658
5651
5651
5649
5642
5639
5638
5637
5636
5635
5634
5634
5633
5631
5631
5631
5627
5627
5626
5626
5623
5623
5622
5622
5619
5619
5618
5618
5616
5615
5615
5614
5612
5612
5609
5608
5608
5607
5604
5604
5598
5595
5595
5594
5593
5592
5590
5590
5586
5586
5584
5583
5582
5577
5572
5571
5570
5569
5568
5568
5568
5566
5563
5562
5560
5559
5558
5557
5557
5554
5553
5551
5551
5550
5549
5549
5546
5545
5540
5540
5539
5537
5536
5534
5534
5534
5533
5532
5531
5529
5529
5527
5526
5524
5522
5518
5517
5517
5515
5515
5513
5512
5512
5510
5508
5507
5507
5501
5500
5500
5500
5499
5498
5497
5497
5497
5496
5494
5492
5492
5482
5480
5477
5477
5477
5474
5473
5473
5471
5471
5470
5468
5465
5462
5461
5461
5459
5459
5458
5457
5454
5454
5454
5453
5452
5451
5448
5448
5447
5445
5445
5445
5444
5443
5443
5440
5438
5434
5434
5431
5430
5430
5429
5429
5429
5428
5427
5426
5426
5424
5424
5424
5424
5422
5422
5421
5421
5419
5418
5417
5415
5414
5414
5414
5413
5411
5411
5410
5408
5407
5406
5405
5405
5405
5405
5398
5398
5397
5396
5395
5394
5390
5390
5388
5388
5388
5387
5386
5385
5383
5382
5382
5382
5379
5376
5376
5372
5370
5369
5366
5365
5364
5361
5361
5359
5358
5358
5357
5356
5355
5354
5354
5352
5350
5343
5342
5339
5338
5336
5335
5335
5334
5334
5331
5331
5330
5327
5325
5324
5323
5322
5321
5321
5320
5320
5316
5315
5315
5315
5314
5314
5313
5311
5309
5308
5302
5299
5298
5298
5298
5297
5296
5296
5296
5296
5295
5292
5292
5291
5290
5290
5290
5289
5289
5288
5287
5285
5283
5282
5279
5278
5277
5273
5271
5270
5270
5269
5269
5269
5268
5265
5265
5264
5263
5263
5262
5260
5259
5258
5258
5257
5256
5255
5254
5252
5250
5250
5249
5248
5248
5247
5245
5243
5243
5243
5241
5241
5240
5240
5239
5237
5237
5237
5235
5233
5232
5231
5230
5229
5229
5226
5226
5225
5225
5224
5224
5223
5221
5220
5219
5215
5214
5214
5214
5214
5211
5211
5210
5209
5208
5208
5207
5206
5206
5205
5204
5201
5199
5199
5199
5198
5195
5194
5194
5194
5193
5192
5192
5191
5189
5184
5182
5182
5182
5181
5179
5178
5173
5171
5168
5168
5167
5166
5162
5161
5161
5161
5160
5160
5160
5160
5159
5158
5156
5155
5154
5154
5153
5152
5151
5150
5149
5149
5148
5147
5144
5143
5141
5141
5140
5138
5136
5135
5131
5130
5129
5128
5126
5126
5125
5124
5117
5115
5115
5115
5112
5108
5107
5107
5106
5106
5106
5105
5105
5104
5104
5102
5102
5098
5098
5097
5095
5093
5092
5091
5091
5090
5089
5089
5088
5086
5086
5082
5080
5079
5079
5078
5078
5076
5075
5075
5074
5074
5074
5071
5071
5071
5070
5066
5066
5065
5063
5063
5062
5061
5059
5059
5057
5056
5055
5054
5053
5053
5052
5052
5051
5050
5050
5049
5045
5044
5041
5041
5039
5037
5036
5031
5031
5030
5029
5028
5027
5025
5025
5024
5024
5021
5018
5017
5017
5017
5014
5014
5008
5006
5004
5004
5003
5002
5002
5000
5000
4995
4994
4993
4991
4991
4989
4989
4988
4987
4985
4984
4983
4982
4982
4981
4979
4979
4978
4978
4974
4970
4970
4969
4968
4967
4966
4966
4961
4959
4957
4957
4955
4955
4955
4954
4952
4951
4950
4949
4949
4948
4947
4945
4943
4943
4941
4940
4939
4939
4939
4938
4938
4936
4935
4935
4935
4931
4931
4931
4930
4928
4927
4927
4926
4926
4926
4925
4924
4924
4924
4923
4921
4919
4919
4918
4918
4917
4917
4915
4914
4913
4913
4911
4910
4910
4909
4907
4907
4907
4906
4905
4904
4903
4901
4900
4899
4897
4897
4897
4895
4893
4892
4891
4891
4890
4890
4887
4886
4884
4882
4881
4879
4879
4877
4874
4874
4873
4871
4871
4871
4871
4869
4869
4869
4868
4868
4864
4863
4862
4862
4862
4861
4861
4861
4860
4860
4859
4856
4856
4855
4855
4853
4852
4850
4849
4847
4846
4846
4846
4843
4842
4841
4838
4837
4837
4835
4832
4830
4830
4830
4828
4826
4826
4826
4825
4825
4824
4823
4823
4822
4821
4820
4820
4819
4819
4815
4814
4814
4812
4809
4808
4808
4807
4807
4806
4805
4803
4802
4802
4799
4799
4799
4798
4798
4796
4795
4793
4793
4791
4790
4790
4789
4787
4784
4782
4781
4780
4780
4777
4776
4772
4772
4771
4771
4769
4769
4769
4764
4764
4763
4762
4761
4761
4761
4757
4756
4753
4751
4749
4748
4747
4747
4747
4746
4745
4744
4738
4738
4737
4736
4736
4734
4732
4728
4726
4726
4724
4723
4722
4721
4721
4720
4719
4717
4717
4716
4713
4712
4710
4708
4707
4706
4705
4699
4696
4692
4691
4688
4687
4686
4686
4685
4685
4684
4684
4682
4682
4680
4677
4675
4672
4670
4669
4669
4668
4662
4661
4659
4659
4659
4657
4657
4653
4651
4651
4651
4648
4646
4644
4639
4638
4638
4638
4637
4637
4636
4635
4635
4633
4633
4631
4628
4628
4627
4620
4618
4613
4613
4610
4609
4608
4608
4606
4606
4604
4602
4602
4602
4602
4599
4597
4597
4597
4596
4596
4595
4594
4593
4593
4591
4590
4590
4589
4584
4584
4583
4581
4581
4579
4576
4575
4573
4572
4572
4566
4566
4566
4566
4563
4563
4563
4562
4561
4560
4559
4559
4558
4558
4558
4558
4555
4555
4554
4554
4553
4552
4552
4552
4550
4549
4549
4547
4546
4545
4544
4544
4541
4538
4538
4534
4534
4533
4533
4532
4529
4524
4523
4521
4520
4518
4515
4514
4513
4512
4509
4509
4508
4508
4508
4507
4505
4502
4499
4498
4497
4496
4495
4491
4490
4490
4489
4489
4488
4487
4485
4484
4482
4481
4481
4479
4477
4477
4477
4476
4476
4475
4473
4472
4470
4468
4468
4467
4466
4465
4464
4464
4463
4463
4463
4463
4460
4458
4456
4455
4453
4452
4451
4449
4449
4448
4448
4447
4445
4445
4444
4441
4441
4439
4438
4434
4434
4429
4429
4429
4427
4427
4422
4418
4416
4415
4414
4413
4411
4411
4409
4409
4408
4405
4400
4400
4398
4397
4395
4395
4391
4391
4391
4390
4390
4387
4387
4384
4383
4379
4377
4376
4374
4373
4372
4371
4370
4368
4367
4366
4365
4361
4360
4358
4355
4354
4354
4354
4353
4351
4351
4351
4349
4347
4346
4345
4345
4345
4344
4344
4341
4340
4340
4339
4338
4335
4334
4333
4333
4332
4330
4330
4330
4330
4328
4327
4327
4324
4324
4323
4322
4322
4320
4320
4319
4319
4317
4317
4314
4312
4312
4311
4306
4305
4305
4304
4304
4303
4302
4302
4301
4301
4301
4300
4300
4300
4300
4300
4299
4298
4298
4297
4296
4293
4293
4292
4290
4288
4287
4287
4285
4284
4284
4284
4284
4283
4282
4281
4280
4279
4277
4277
4276
4276
4274
4272
4271
4269
4263
4259
4259
4259
4257
4257
4257
4255
4255
4254
4253
4250
4248
4245
4244
4244
4243
4242
4241
4240
4240
4239
4238
4236
4236
4235
4234
4231
4230
4229
4229
4229
4224
4224
4223
4221
4221
4220
4218
4217
4215
4214
4213
4212
4209
4209
4208
4207
4204
4202
4199
4196
4194
4193
4191
4190
4190
4189
4189
4184
4182
4181
4181
4179
4178
4174
4173
4172
4172
4171
4171
4170
4169
4168
4167
4164
4163
4161
4161
4159
4158
4157
4157
4156
4156
4155
4152
4151
4150
4146
4146
4146
4146
4144
4143
4142
4142
4141
4141
4141
4140
4139
4139
4135
4135
4133
4132
4128
4126
4125
4125
4124
4123
4122
4122
4121
4119
4118
4115
4115
4111
4111
4110
4110
4110
4109
4108
4108
4106
4106
4103
4102
4101
4101
4099
4098
4097
4097
4096
4096
4095
4094
4090
4089
4089
4086
4084
4083
4081
4080
4078
4078
4078
4075
4073
4073
4072
4069
4068
4068
4063
4062
4061
4059
4048
4047
4046
4046
4045
4043
4043
4042
4039
4039
4037
4036
4035
4034
4033
4032
4032
4031
4030
4030
4029
4027
4027
4027
4024
4021
4017
4017
4016
4016
4015
4014
4014
4012
4010
4010
4007
4007
4007
4004
4004
4003
4002
4000
3999
3998
3997
3997
3995
3995
3995
3992
3991
3990
3989
3984
3984
3982
3982
3981
3981
3980
3979
3979
3978
3974
3974
3973
3972
3970
3969
3964
3963
3963
3963
3963
3962
3960
3960
3960
3958
3958
3957
3957
3954
3954
3953
3951
3949
3949
3946
3945
3945
3944
3942
3939
3937
3936
3936
3935
3935
3935
3934
3934
3934
3933
3933
3931
3930
3929
3929
3927
3927
3925
3925
3924
3924
3923
3923
3923
3923
3922
3921
3920
3919
3918
3918
3918
3918
3916
3913
3911
3909
3907
3905
3904
3904
3903
3903
3901
3901
3900
3899
3898
3898
3898
3897
3896
3894
3893
3889
3888
3885
3885
3884
3881
3879
3876
3876
3874
3873
3872
3869
3868
3867
3865
3865
3864
3863
3861
3861
3861
3858
3857
3856
3853
3853
3852
3851
3851
3849
3847
3844
3844
3842
3840
3840
3838
3834
3832
3831
3831
3830
3829
3829
3827
3825
3822
3822
3820
3818
3817
3815
3814
3812
3812
3812
3811
3809
3809
3808
3807
3807
3805
3805
3804
3803
3801
3801
3801
3800
3800
3798
3797
3797
3795
3793
3793
3793
3792
3792
3791
3790
3789
3788
3787
3786
3784
3782
3778
3778
3778
3777
3777
3776
3775
3774
3770
3767
3767
3766
3764
3756
3755
3754
3753
3752
3751
3750
3748
3745
3744
3740
3740
3740
3738
3734
3733
3733
3732
3731
3727
3725
3724
3724
3723
3723
3720
3720
3719
3718
3718
3717
3717
3714
3714
3713
3713
3711
3711
3710
3708
3707
3707
3707
3700
3699
3699
3699
3699
3699
3698
3698
3696
3696
3692
3689
3689
3688
3687
3686
3686
3686
3686
3683
3678
3677
3677
3673
3673
3673
3672
3672
3671
3671
3669
3669
3669
3668
3668
3664
3660
3660
3656
3651
3650
3648
3647
3646
3646
3646
3643
3643
3641
3636
3635
3634
3633
3633
3631
3631
3630
3629
3625
3623
3623
3622
3622
3620
3616
3616
3613
3613
3610
3608
3607
3605
3604
3603
3599
3599
3598
3598
3596
3593
3593
3592
3589
3587
3586
3585
3585
3584
3582
3580
3578
3575
3575
3575
3573
3572
3571
3570
3570
3568
3567
3567
3566
3564
3564
3563
3562
3562
3560
3559
3558
3555
3555
3554
3552
3551
3551
3549
3549
3548
3547
3545
3543
3541
3539
3537
3534
3534
3533
3533
3532
3532
3532
3532
3530
3527
3527
3525
3524
3524
3521
3521
3518
3517
3516
3516
3516
3515
3511
3510
3509
3508
3508
3506
3504
3504
3503
3502
3502
3501
3501
3500
3500
3500
3499
3498
3496
3495
3495
3492
3492
3492
3490
3490
3489
3488
3487
3484
3484
3481
3481
3480
3480
3477
3476
3476
3476
3475
3474
3473
3473
3473
3473
3473
3472
3470
3470
3469
3468
3467
3464
3461
3461
3460
3460
3459
3458
3456
3456
3454
3454
3454
3453
3453
3453
3451
3451
3450
3449
3448
3444
3442
3440
3439
3439
3439
3438
3436
3436
3435
3435
3431
3431
3430
3428
3427
3424
3424
3422
3422
3421
3417
3417
3417
3416
3415
3415
3415
3414
3413
3413
3413
3412
3411
3409
3408
3407
3403
3403
3402
3401
3400
3397
3395
3394
3393
3390
3389
3388
3386
3386
3386
3386
3386
3385
3384
3383
3382
3382
3381
3380
3380
3378
3376
3374
3374
3373
3371
3371
3370
3365
3365
3361
3359
3358
3358
3356
3355
3354
3353
3352
3351
3350
3349
3349
3347
3345
3344
3343
3343
3341
3341
3341
3341
3340
3337
3337
3336
3334
3333
3331
3330
3330
3329
3329
3328
3328
3327
3326
3322
3321
3320
3318
3315
3315
3314
3313
3313
3312
3310
3309
3308
3308
3308
3307
3306
3306
3302
3300
3300
3300
3299
3299
3299
3299
3295
3294
3294
3290
3289
3288
3287
3285
3284
3284
3279
3277
3277
3276
3276
3275
3272
3272
3271
3271
3270
3269
3269
3268
3267
3264
3264
3264
3264
3263
3262
3261
3261
3261
3260
3259
3259
3258
3258
3257
3256
3256
3255
3254
3252
3252
3252
3248
3243
3243
3242
3242
3240
3240
3239
3237
3236
3235
3235
3235
3233
3233
3231
3231
3229
3227
3224
3223
3222
3221
3220
3219
3219
3218
3218
3216
3215
3214
3214
3213
3213
3208
3206
3205
3205
3200
3200
3198
3196
3195
3194
3193
3193
3192
3192
3190
3190
3189
3189
3187
3185
3183
3182
3180
3179
3179
3178
3175
3174
3172
3171
3169
3168
3168
3167
3163
3160
3159
3158
3156
3153
3152
3152
3152
3146
3144
3143
3141
3140
3137
3137
3135
3134
3132
3132
3131
3131
3126
3125
3125
3124
3123
3122
3122
3121
3120
3118
3117
3117
3117
3115
3115
3114
3114
3113
3109
3108
3108
3108
3105
3104
3104
3104
3104
3101
3101
3099
3098
3097
3096
3095
3094
3093
3092
3091
3091
3091
3090
3090
3089
3087
3086
3082
3081
3081
3080
3078
3078
3078
3078
3076
3075
3075
3072
3071
3068
3068
3067
3063
3061
3060
3059
3059
3057
3055
3054
3052
3052
3050
3050
3049
3048
3047
3047
3047
3047
3045
3045
3044
3043
3040
3038
3036
3036
3035
3033
3032
3032
3032
3031
3030
3029
3025
3025
3024
3022
3021
3019
3017
3017
3015
3015
3015
3015
3014
3014
3013
3012
3011
3010
3008
3007
3006
3005
3004
3004
3003
3003
3003
3000
3000
3000
2999
2997
2997
2997
2997
2996
2996
2992
2991
2989
2984
2983
2980
2980
2977
2976
2975
2975
2973
2969
2968
2966
2964
2962
2961
2954
2952
2951
2951
2950
2949
2948
2948
2948
2947
2947
2946
2945
2939
2939
2938
2936
2936
2934
2934
2933
2933
2932
2932
2931
2928
2927
2925
2924
2924
2921
2921
2920
2919
2919
2918
2917
2916
2916
2914
2914
2913
2912
2910
2908
2908
2906
2905
2904
2903
2903
2903
2902
2899
2897
2896
2896
2896
2896
2895
2895
2894
2894
2892
2892
2891
2889
2888
2888
2886
2884
2884
2883
2882
2881
2879
2879
2876
2875
2874
2872
2872
2871
2870
2870
2869
2868
2868
2867
2864
2864
2864
2863
2862
2860
2859
2858
2857
2857
2857
2856
2856
2856
2855
2855
2855
2852
2851
2851
2851
2851
2850
2849
2848
2846
2844
2841
2840
2838
2837
2836
2836
2834
2833
2832
2831
2828
2827
2826
2825
2822
2818
2817
2816
2816
2815
2814
2813
2811
2809
2808
2805
2805
2803
2801
2801
2799
2799
2798
2797
2794
2793
2792
2792
2792
2792
2790
2788
2787
2787
2786
2786
2786
2785
2785
2784
2781
2778
2777
2777
2777
2774
2773
2772
2772
2771
2771
2770
2766
2766
2765
2764
2764
2763
2762
2762
2761
2760
2759
2759
2757
2754
2754
2753
2752
2751
2748
2746
2743
2743
2742
2740
2740
2739
2737
2737
2736
2732
2731
2731
2730
2730
2729
2728
2728
2727
2725
2725
2724
2723
2723
2722
2720
2720
2719
2717
2717
2712
2712
2712
2711
2711
2711
2710
2705
2704
2703
2703
2702
2701
2701
2698
2697
2694
2691
2690
2690
2689
2688
2684
2684
2684
2683
2682
2682
2682
2681
2680
2679
2677
2677
2674
2672
2671
2670
2663
2661
2660
2659
2659
2658
2655
2655
2655
2654
2651
2649
2648
2646
2646
2645
2645
2643
2642
2642
2641
2641
2636
2635
2634
2631
2630
2628
2628
2627
2625
2624
2620
2617
2617
2617
2617
2615
2612
2611
2610
2610
2608
2604
2604
2600
2598
2598
2597
2588
2584
2580
2578
2577
2576
2576
2574
2573
2572
2572
2571
2570
2569
2569
2568
2566
2566
2566
2565
2564
2564
2563
2563
2562
2562
2562
2560
2556
2556
2555
2551
2550
2549
2549
2548
2547
2545
2544
2541
2541
2540
2537
2536
2531
2529
2528
2528
2524
2524
2522
2521
2521
2519
2519
2519
2518
2516
2516
2515
2514
2513
2511
2507
2507
2504
2503
2503
2502
2502
2501
2499
2499
2498
2497
2495
2495
2494
2494
2490
2486
2485
2483
2483
2482
2481
2477
2473
2472
2470
2470
2467
2466
2465
2465
2464
2463
2462
2456
2456
2455
2454
2452
2452
2452
2450
2449
2449
2448
2448
2447
2446
2445
2445
2443
2441
2441
2441
2438
2436
2434
2434
2434
2432
2432
2431
2431
2429
2428
2424
2422
2420
2420
2419
2419
2418
2418
2417
2417
2416
2416
2414
2414
2410
2410
2409
2409
2408
2408
2405
2404
2403
2402
2402
2401
2401
2399
2399
2394
2394
2394
2389
2389
2387
2386
2386
2385
2384
2383
2382
2382
2380
2380
2379
2379
2378
2378
2376
2374
2373
2373
2373
2372
2372
2370
2367
2366
2362
2361
2361
2360
2360
2360
2358
2358
2358
2357
2357
2356
2355
2353
2353
2353
2351
2351
2351
2350
2350
2350
2349
2344
2340
2339
2339
2337
2337
2337
2334
2333
2333
2332
2323
2322
2322
2321
2320
2318
2318
2314
2312
2309
2308
2300
2299
2299
2298
2298
2296
2295
2294
2293
2291
2289
2289
2289
2285
2285
2282
2282
2281
2281
2281
2276
2276
2276
2274
2274
2274
2274
2273
2271
2271
2270
2269
2268
2267
2267
2267
2267
2266
2266
2265
2262
2260
2260
2257
2257
2257
2256
2255
2254
2254
2253
2252
2251
2250
2249
2249
2245
2243
2240
2237
2236
2236
2233
2233
2232
2232
2229
2228
2227
2227
2226
2225
2223
2221
2221
2219
2219
2219
2217
2216
2215
2211
2211
2210
2208
2208
2208
2206
2206
2206
2204
2202
2202
2202
2201
2199
2199
2198
2196
2196
2193
2192
2192
2191
2187
2187
2185
2184
2184
2182
2180
2179
2179
2177
2174
2171
2169
2168
2168
2168
2168
2167
2166
2165
2164
2161
2158
2157
2157
2156
2156
2156
2153
2148
2148
2147
2146
2145
2144
2144
2142
2140
2138
2137
2134
2131
2129
2129
2129
2124
2123
2122
2120
2119
2118
2118
2115
2113
2112
2112
2111
2111
2109
2108
2103
2101
2100
2098
2096
2096
2095
2095
2094
2094
2093
2093
2090
2088
2087
2086
2084
2083
2082
2081
2081
2080
2080
2078
2077
2077
2077
2075
2072
2072
2070
2069
2068
2066
2061
2058
2057
2056
2055
2049
2048
2047
2047
2047
2046
2044
2043
2042
2042
2042
2041
2039
2038
2038
2037
2037
2036
2036
2035
2031
2030
2029
2026
2026
2023
2023
2022
2020
2019
2018
2017
2016
2013
2010
2010
2009
2009
2009
2008
2007
2007
2007
2006
2004
2003
2002
2002
2002
2001
2001
2000
2000
1999
1998
1994
1994
1992
1991
1990
1989
1988
1987
1986
1983
1982
1979
1973
1972
1971
1968
1968
1967
1965
1965
1965
1964
1963
1963
1962
1962
1961
1960
1959
1959
1957
1957
1955
1953
1952
1952
1951
1951
1950
1949
1948
1947
1946
1944
1943
1938
1938
1937
1937
1936
1935
1934
1932
1932
1931
1931
1925
1925
1924
1918
1918
1917
1916
1916
1916
1913
1911
1910
1907
1906
1902
1901
1900
1897
1897
1896
1895
1893
1892
1890
1890
1888
1887
1886
1885
1885
1885
1884
1884
1883
1882
1881
1881
1880
1879
1879
1879
1876
1875
1875
1874
1874
1873
1873
1871
1870
1869
1869
1868
1868
1868
1868
1867
1866
1865
1865
1863
1862
1862
1862
1858
1858
1854
1854
1853
1853
1853
1853
1852
1851
1851
1851
1850
1847
1847
1845
1845
1843
1838
1837
1837
1833
1833
1832
1831
1830
1830
1828
1828
1827
1827
1822
1819
1818
1818
1814
1813
1812
1810
1810
1810
1810
1809
1809
1807
1807
1805
1804
1804
1803
1802
1801
1800
1799
1793
1793
1788
1788
1787
1785
1784
1783
1781
1779
1779
1777
1777
1775
1774
1774
1773
1771
1769
1769
1767
1766
1766
1766
1766
1763
1763
1762
1762
1761
1761
1760
1760
1753
1748
1747
1747
1746
1746
1745
1742
1741
1740
1739
1738
1737
1736
1734
1734
1732
1731
1731
1730
1729
1728
1727
1726
1726
1724
1724
1724
1722
1721
1720
1718
1717
1717
1716
1716
1714
1714
1713
1711
1711
1710
1709
1709
1707
1707
1704
1702
1699
1698
1697
1697
1696
1696
1694
1688
1687
1687
1685
1685
1683
1682
1681
1679
1679
1679
1677
1676
1672
1669
1669
1663
1662
1662
1661
1659
1655
1655
1654
1653
1653
1652
1648
1648
1647
1643
1643
1642
1640
1637
1635
1633
1632
1629
1628
1626
1626
1623
1623
1621
1620
1620
1617
1615
1613
1611
1610
1609
1608
1608
1607
1606
1603
1603
1600
1600
1599
1599
1598
1597
1596
1593
1591
1591
1590
1590
1587
1586
1586
1586
1584
1581
1581
1581
1580
1580
1580
1579
1576
1576
1575
1575
1573
1573
1571
1568
1566
1565
1563
1563
1562
1562
1560
1558
1558
1558
1555
1555
1555
1554
1551
1551
1550
1547
1547
1547
1544
1543
1543
1543
1543
1542
1541
1541
1541
1540
1540
1539
1538
1537
1534
1534
1532
1531
1530
1529
1526
1525
1523
1523
1520
1520
1518
1517
1517
1517
1514
1512
1512
1510
1510
1509
1508
1507
1507
1504
1504
1502
1500
1499
1498
1498
1497
1497
1490
1489
1489
1489
1488
1487
1483
1482
1480
1479
1478
1478
1477
1477
1476
1476
1473
1472
1471
1471
1469
1469
1468
1467
1465
1464
1463
1462
1458
1457
1454
1453
1453
1452
1451
1451
1451
1450
1448
1446
1445
1444
1441
1438
1437
1437
1436
1434
1432
1429
1428
1424
1423
1423
1422
1422
1418
1418
1417
1412
1412
1410
1409
1409
1409
1409
1405
1405
1405
1404
1402
1402
1401
1401
1399
1396
1396
1390
1390
1390
1386
1384
1383
1381
1380
1379
1379
1378
1378
1376
1374
1373
1373
1373
1372
1371
1369
1367
1367
1367
1365
1363
1361
1358
1357
1351
1351
1349
1349
1347
1346
1342
1341
1339
1339
1338
1337
1335
1334
1332
1332
1328
1327
1326
1325
1325
1324
1324
1322
1321
1321
1320
1320
1317
1316
1316
1315
1315
1312
1309
1308
1306
1306
1305
1303
1302
1300
1299
1299
1297
1294
1293
1292
1290
1290
1290
1289
1288
1288
1287
1286
1282
1281
1280
1280
1279
1277
1276
1275
1273
1273
1272
1272
1272
1272
1271
1271
1271
1270
1267
1266
1265
1263
1263
1262
1262
1261
1261
1260
1260
1257
1257
1256
1252
1250
1248
1246
1246
1245
1245
1244
1243
1241
1237
1235
1235
1235
1232
1231
1231
1230
1228
1228
1228
1226
1224
1219
1219
1219
1219
1218
1215
1215
1213
1213
1211
1210
1210
1207
1205
1205
1204
1202
1202
1200
1198
1196
1191
1189
1187
1187
1184
1184
1181
1181
1179
1178
1178
1177
1177
1176
1176
1176
1175
1175
1174
1172
1171
1171
1170
1168
1168
1166
1165
1164
1163
1160
1158
1155
1154
1153
1153
1153
1152
1152
1149
1149
1149
1148
1148
1148
1146
1146
1145
1144
1141
1141
1139
1138
1137
1137
1133
1132
1131
1131
1131
1130
1129
1129
1127
1127
1123
1121
1121
1120
1117
1116
1115
1114
1110
1110
1110
1110
1109
1109
1102
1102
1101
1100
1100
1100
1096
1095
1092
1089
1089
1087
1086
1085
1083
1078
1074
1073
1073
1072
1072
1069
1063
1062
1062
1062
1061
1059
1058
1057
1056
1056
1054
1053
1051
1051
1049
1048
1048
1047
1046
1046
1045
1044
1043
1042
1041
1041
1041
1038
1038
1037
1037
1036
1035
1035
1034
1032
1031
1031
1030
1028
1024
1023
1021
1021
1020
1018
1018
1015
1013
1010
1009
1007
1005
1005
1004
1004
1004
1003
1002
1002
1002
1002
1001
999
998
996
996
995
995
995
995
995
993
991
990
990
985
982
980
980
979
979
976
974
973
970
969
969
968
968
967
966
966
965
963
962
961
959
958
958
958
957
955
955
954
953
951
951
949
948
948
947
947
945
944
944
941
940
939
933
933
933
932
932
930
930
928
923
921
919
918
918
917
917
916
913
913
913
911
910
907
906
905
905
903
900
900
900
897
897
895
895
895
889
888
887
887
886
885
882
882
880
878
877
871
870
870
870
870
869
868
867
866
861
860
860
859
858
857
857
857
855
855
853
851
847
847
846
845
843
842
842
840
839
839
838
836
835
834
834
832
832
829
829
828
828
826
823
823
816
814
812
809
808
808
806
804
804
804
803
801
800
797
797
794
793
790
788
788
788
787
786
784
781
778
778
777
777
774
772
771
770
770
769
766
766
766
766
764
763
763
762
762
762
761
761
758
758
755
753
753
751
749
749
747
747
744
742
741
740
739
737
737
736
736
735
735
735
734
732
731
731
730
729
728
725
725
723
723
723
722
721
715
715
713
712
712
710
709
705
703
702
702
702
701
699
698
697
697
696
695
694
694
692
689
689
688
684
683
681
681
679
678
677
677
674
674
673
672
671
670
668
667
666
665
665
665
664
661
660
658
657
657
657
656
655
653
652
651
651
650
649
648
646
646
644
642
642
641
641
641
640
640
639
639
636
635
635
635
632
632
632
631
630
629
629
627
626
626
625
624
622
621
621
621
619
617
617
617
616
616
616
614
613
613
613
612
610
609
608
607
606
604
602
602
602
601
601
601
600
600
599
599
598
594
593
590
588
587
585
585
585
583
582
580
579
578
577
576
576
575
574
574
573
570
570
566
565
564
563
560
560
560
560
559
558
558
558
558
558
557
556
554
552
551
550
550
549
549
547
545
544
543
542
541
539
538
537
536
536
536
535
533
533
533
533
532
531
530
529
528
526
526
525
520
518
517
515
508
507
505
505
505
504
503
503
502
501
501
499
496
496
495
495
492
491
490
490
487
486
486
483
482
482
481
481
480
477
474
468
465
465
465
464
463
463
462
462
461
461
459
456
455
453
453
451
448
448
447
447
444
443
442
441
440
440
437
436
436
434
433
433
424
423
423
422
422
422
418
418
417
416
416
415
414
414
413
412
411
410
406
405
402
401
401
401
400
398
396
396
393
393
393
392
392
391
388
385
385
385
383
382
379
378
378
375
374
372
367
363
363
362
361
361
360
359
356
356
355
354
353
353
352
352
350
350
349
349
348
348
348
345
344
343
343
342
341
340
340
339
338
338
337
337
335
334
330
330
328
327
327
327
326
324
323
323
319
316
315
314
314
313
312
310
309
309
308
307
304
303
302
300
300
297
295
293
292
292
291
290
290
288
286
285
285
285
281
279
277
277
277
274
274
273
273
272
271
270
267
266
266
265
265
265
262
262
262
261
261
261
261
261
261
259
259
257
256
254
254
253
253
252
252
251
249
249
247
245
244
243
241
240
239
238
238
238
238
235
235
234
233
232
231
230
230
228
228
226
223
222
221
221
220
219
217
215
215
213
203
203
202
202
198
198
197
195
192
192
191
187
185
183
182
180
177
176
175
172
171
171
171
169
169
168
164
162
161
161
160
159
158
156
156
155
155
150
146
146
144
143
141
141
139
138
138
138
136
133
132
132
131
129
128
127
127
124
124
123
122
122
121
120
119
118
117
114
114
112
110
109
109
108
107
107
107
106
105
102
101
100
100
100
99
98
98
98
97
95
95
93
93
91
91
90
89
89
88
88
88
87
86
84
83
82
79
76
76
75
75
75
75
74
72
71
70
70
67
67
66
65
65
63
61
60
60
59
59
59
57
55
55
54
54
53
51
41
40
39
35
34
34
33
33
30
30
30
29
29
29
28
28
27
27
27
25
25
25
23
22
21
21
19
16
15
15
14
12
11
11
9
7
6
4
4
3
3
2
1
