-9817
-9745
-9726
-9674
-9668
-9584
-9581
-9574
-9498
-9380
-9319
-9310
-9125
-8971
-8886
-8763
-8757
-8681
-8653
-8586
-8574
-8570
-8525
-8493
-8315
-8232
-8166
-8120
-8119
-8024
-7952
-7945
-7921
-7860
-7749
-7732
-7572
-7541
-7530
-7478
-7211
-7180
-7153
-7137
-6978
-6834
-6826
-6748
-6720
-6673
-6589
-6414
-6314
-6283
-6251
-6243
-6019
-5719
-5618
-5460
-5163
-5138
-5116
-4802
-4756
-4570
-4470
-4407
-4363
-4304
-4294
-4215
-4055
-4053
-3850
-3733
-3698
-3543
-3502
-3477
-3429
-3421
-3359
-3308
-3218
-3187
-3164
-3028
-3014
-2769
-2721
-2679
-2637
-2351
-2345
-2343
-2263
-2068
-1930
-1902
-1830
-1761
-1656
-1561
-1465
-1438
-1351
-1258
-1227
-1160
-1116
-895
-827
-760
-733
-685
-645
-620
-578
-576
-519
-413
-372
-301
-248
-243
-200
-143
-134
147
214
302
410
413
424
526
551
642
818
1068
1333
1482
1543
1581
1604
1626
1676
1709
1724
1813
1918
1962
1978
2080
2124
2204
2233
2494
2510
2639
2670
2687
2712
2804
3274
3292
3349
3363
3390
3435
3457
3498
3611
3704
3754
3809
3904
3931
3965
4026
4060
4096
4317
4377
4447
4514
4548
4623
4705
4734
4782
4800
5115
5137
5140
5332
5492
5492
5557
5558
5588
5642
5647
5669
5767
5818
5849
6315
6439
6482
6488
6502
6730
6811
6926
7034
7179
7262
7437
7503
7623
7736
7767
7940
7995
7998
8052
8121
8298
8471
8476
8595
8631
8692
8753
9004
9148
9302
9330
9571
9625
9676
9761
