-9999
-9991
-9991
-9986
-9983
-9981
-9980
-9979
-9978
-9974
-9974
-9971
-9966
-9964
-9961
-9955
-9952
-9950
-9942
-9941
-9930
-9929
-9926
-9921
-9918
-9904
-9903
-9902
-9897
-9897
-9896
-9884
-9883
-9875
-9870
-9870
-9862
-9861
-9860
-9860
-9859
-9840
-9838
-9835
-9834
-9831
-9830
-9829
-9829
-9828
-9826
-9822
-9822
-9815
-9813
-9809
-9805
-9801
-9800
-9798
-9793
-9791
-9791
-9789
-9783
-9781
-9780
-9774
-9771
-9768
-9767
-9761
-9753
-9752
-9751
-9748
-9742
-9742
-9736
-9735
-9729
-9727
-9726
-9720
-9717
-9715
-9710
-9709
-9703
-9700
-9697
-9696
-9695
-9691
-9689
-9687
-9683
-9682
-9682
-9681
-9677
-9676
-9673
-9670
-9669
-9667
-9661
-9661
-9659
-9659
-9658
-9656
-9652
-9649
-9646
-9645
-9642
-9642
-9642
-9642
-9637
-9632
-9628
-9627
-9625
-9621
-9617
-9616
-9614
-9614
-9612
-9607
-9590
-9583
-9583
-9581
-9580
-9580
-9576
-9573
-9572
-9565
-9564
-9563
-9560
-9560
-9556
-9553
-9538
-9538
-9537
-9537
-9536
-9534
-9526
-9526
-9526
-9521
-9520
-9518
-9513
-9509
-9502
-9502
-9493
-9491
-9486
-9484
-9481
-9474
-9470
-9467
-9466
-9465
-9462
-9460
-9456
-9453
-9452
-9448
-9448
-9443
-9434
-9434
-9433
-9432
-9423
-9422
-9422
-9421
-9418
-9417
-9415
-9408
-9408
-9404
-9402
-9401
-9395
-9395
-9394
-9394
-9390
-9381
-9376
-9375
-9362
-9361
-9361
-9360
-9360
-9359
-9357
-9357
-9356
-9353
-9347
-9344
-9343
-9340
-9332
-9330
-9328
-9326
-9314
-9311
-9306
-9305
-9303
-9302
-9301
-9288
-9284
-9281
-9280
-9279
-9278
-9274
-9260
-9255
-9252
-9251
-9248
-9240
-9239
-9238
-9234
-9228
-9218
-9217
-9216
-9214
-9212
-9212
-9206
-9205
-9204
-9203
-9202
-9200
-9199
-9199
-9190
-9189
-9189
-9175
-9169
-9167
-9162
-9159
-9156
-9155
-9153
-9153
-9149
-9136
-9128
-9128
-9123
-9123
-9121
-9120
-9119
-9117
-9116
-9115
-9115
-9111
-9111
-9102
-9098
-9095
-9095
-9094
-9088
-9085
-9085
-9083
-9081
-9080
-9076
-9075
-9070
-9067
-9067
-9066
-9064
-9064
-9063
-9057
-9055
-9053
-9052
-9051
-9044
-9026
-9026
-9022
-9018
-9010
-9004
-9002
-9002
-8991
-8977
-8968
-8961
-8958
-8947
-8944
-8938
-8934
-8934
-8934
-8933
-8930
-8924
-8923
-8918
-8915
-8914
-8913
-8907
-8905
-8896
-8895
-8895
-8895
-8886
-8879
-8872
-8863
-8852
-8852
-8849
-8849
-8844
-8838
-8837
-8835
-8831
-8825
-8823
-8821
-8819
-8818
-8817
-8816
-8815
-8809
-8808
-8808
-8801
-8801
-8798
-8793
-8792
-8788
-8785
-8783
-8783
-8781
-8780
-8779
-8774
-8773
-8768
-8765
-8746
-8743
-8739
-8738
-8734
-8730
-8728
-8726
-8723
-8719
-8711
-8709
-8704
-8699
-8689
-8686
-8685
-8681
-8679
-8677
-8673
-8672
-8666
-8665
-8660
-8657
-8655
-8652
-8649
-8648
-8644
-8643
-8642
-8641
-8633
-8632
-8632
-8631
-8623
-8621
-8618
-8614
-8611
-8588
-8587
-8584
-8580
-8577
-8575
-8572
-8571
-8568
-8566
-8565
-8562
-8560
-8554
-8554
-8553
-8546
-8536
-8533
-8526
-8525
-8525
-8524
-8522
-8513
-8513
-8512
-8501
-8499
-8497
-8496
-8490
-8488
-8487
-8487
-8484
-8480
-8477
-8473
-8472
-8464
-8455
-8454
-8452
-8447
-8439
-8439
-8437
-8432
-8432
-8416
-8416
-8410
-8402
-8399
-8396
-8396
-8388
-8365
-8361
-8352
-8348
-8337
-8336
-8329
-8322
-8316
-8313
-8312
-8307
-8298
-8291
-8289
-8288
-8287
-8286
-8284
-8283
-8281
-8277
-8273
-8263
-8259
-8253
-8252
-8246
-8243
-8237
-8232
-8228
-8226
-8224
-8218
-8213
-8206
-8202
-8200
-8188
-8185
-8184
-8178
-8178
-8176
-8175
-8172
-8169
-8166
-8165
-8158
-8157
-8156
-8154
-8153
-8152
-8150
-8142
-8140
-8137
-8132
-8127
-8126
-8124
-8122
-8117
-8113
-8113
-8112
-8106
-8098
-8093
-8090
-8089
-8089
-8087
-8083
-8076
-8066
-8064
-8063
-8054
-8054
-8048
-8048
-8047
-8040
-8038
-8033
-8032
-8031
-8025
-8024
-8019
-8018
-8018
-8018
-8017
-8016
-8014
-8014
-8002
-8001
-8000
-7997
-7996
-7993
-7992
-7985
-7981
-7975
-7973
-7969
-7960
-7954
-7953
-7948
-7946
-7944
-7938
-7936
-7919
-7916
-7914
-7913
-7910
-7908
-7902
-7891
-7891
-7887
-7885
-7881
-7873
-7873
-7872
-7871
-7871
-7866
-7864
-7864
-7863
-7862
-7859
-7859
-7856
-7855
-7855
-7852
-7852
-7851
-7849
-7847
-7845
-7844
-7843
-7841
-7840
-7839
-7839
-7830
-7828
-7825
-7825
-7823
-7812
-7804
-7803
-7803
-7800
-7799
-7796
-7787
-7784
-7783
-7781
-7775
-7772
-7769
-7768
-7766
-7764
-7764
-7763
-7757
-7756
-7754
-7752
-7751
-7748
-7746
-7740
-7732
-7723
-7712
-7712
-7711
-7708
-7707
-7705
-7692
-7687
-7687
-7685
-7683
-7677
-7675
-7673
-7672
-7671
-7665
-7665
-7665
-7657
-7648
-7646
-7643
-7643
-7640
-7638
-7634
-7631
-7625
-7624
-7620
-7615
-7607
-7606
-7602
-7602
-7599
-7596
-7594
-7592
-7591
-7590
-7589
-7583
-7582
-7582
-7581
-7577
-7572
-7571
-7568
-7563
-7557
-7555
-7553
-7552
-7551
-7549
-7539
-7534
-7532
-7525
-7518
-7517
-7516
-7516
-7515
-7511
-7509
-7508
-7508
-7508
-7507
-7503
-7499
-7496
-7493
-7485
-7484
-7483
-7481
-7474
-7468
-7464
-7464
-7456
-7444
-7443
-7439
-7439
-7435
-7433
-7431
-7426
-7416
-7411
-7410
-7407
-7406
-7404
-7396
-7390
-7389
-7387
-7381
-7380
-7378
-7375
-7373
-7371
-7371
-7370
-7366
-7360
-7360
-7359
-7358
-7358
-7357
-7355
-7355
-7355
-7351
-7348
-7347
-7345
-7342
-7339
-7339
-7327
-7326
-7325
-7324
-7324
-7321
-7314
-7312
-7312
-7312
-7311
-7310
-7304
-7302
-7300
-7299
-7297
-7290
-7273
-7269
-7267
-7258
-7256
-7251
-7247
-7245
-7240
-7238
-7235
-7229
-7228
-7225
-7225
-7217
-7213
-7205
-7205
-7203
-7198
-7188
-7180
-7179
-7177
-7177
-7167
-7167
-7166
-7164
-7156
-7142
-7138
-7136
-7133
-7132
-7130
-7128
-7125
-7121
-7115
-7107
-7104
-7101
-7098
-7097
-7089
-7082
-7078
-7077
-7076
-7075
-7070
-7064
-7064
-7056
-7054
-7048
-7046
-7040
-7037
-7033
-7033
-7032
-7030
-7028
-7028
-7024
-7022
-7016
-7016
-7008
-7006
-7006
-7006
-7003
-7003
-7003
-7002
-7001
-7000
-6999
-6993
-6992
-6987
-6986
-6986
-6977
-6977
-6976
-6974
-6970
-6964
-6963
-6960
-6954
-6948
-6947
-6943
-6937
-6932
-6931
-6927
-6921
-6920
-6915
-6910
-6906
-6905
-6901
-6898
-6897
-6896
-6893
-6892
-6890
-6886
-6881
-6874
-6870
-6862
-6860
-6857
-6857
-6853
-6845
-6839
-6836
-6827
-6824
-6823
-6823
-6819
-6817
-6816
-6810
-6806
-6804
-6801
-6801
-6797
-6788
-6786
-6777
-6773
-6769
-6763
-6763
-6763
-6761
-6755
-6754
-6745
-6738
-6738
-6737
-6735
-6734
-6728
-6723
-6721
-6713
-6707
-6705
-6697
-6692
-6688
-6682
-6679
-6673
-6673
-6668
-6666
-6665
-6661
-6660
-6659
-6655
-6649
-6641
-6640
-6638
-6638
-6630
-6629
-6626
-6619
-6617
-6615
-6611
-6611
-6608
-6608
-6598
-6596
-6590
-6583
-6578
-6574
-6564
-6561
-6548
-6548
-6545
-6545
-6541
-6538
-6537
-6537
-6535
-6526
-6521
-6515
-6508
-6507
-6502
-6492
-6488
-6487
-6482
-6476
-6473
-6469
-6465
-6465
-6461
-6461
-6460
-6459
-6455
-6455
-6454
-6452
-6451
-6440
-6440
-6437
-6435
-6430
-6419
-6417
-6415
-6410
-6404
-6399
-6398
-6395
-6393
-6383
-6369
-6359
-6357
-6353
-6348
-6346
-6345
-6339
-6335
-6332
-6328
-6322
-6320
-6314
-6307
-6298
-6298
-6297
-6292
-6287
-6284
-6284
-6276
-6267
-6263
-6263
-6256
-6255
-6253
-6245
-6244
-6238
-6229
-6227
-6226
-6222
-6221
-6214
-6213
-6204
-6203
-6202
-6200
-6197
-6194
-6193
-6187
-6184
-6175
-6169
-6165
-6150
-6148
-6142
-6140
-6138
-6137
-6134
-6130
-6122
-6120
-6116
-6111
-6107
-6103
-6099
-6095
-6091
-6089
-6068
-6064
-6064
-6064
-6060
-6058
-6050
-6050
-6046
-6045
-6042
-6041
-6036
-6035
-6034
-6031
-6019
-6018
-6018
-6016
-6007
-6005
-6003
-6000
-5999
-5999
-5999
-5992
-5990
-5989
-5989
-5988
-5985
-5981
-5980
-5977
-5972
-5964
-5963
-5962
-5952
-5943
-5942
-5942
-5941
-5940
-5940
-5936
-5929
-5926
-5925
-5923
-5921
-5919
-5917
-5917
-5915
-5906
-5903
-5897
-5897
-5892
-5883
-5883
-5882
-5878
-5875
-5874
-5870
-5869
-5868
-5857
-5851
-5848
-5829
-5827
-5823
-5812
-5812
-5806
-5804
-5803
-5799
-5798
-5794
-5785
-5781
-5771
-5762
-5761
-5758
-5756
-5752
-5748
-5746
-5742
-5739
-5728
-5726
-5713
-5710
-5709
-5708
-5706
-5703
-5701
-5700
-5697
-5695
-5693
-5691
-5689
-5687
-5685
-5675
-5666
-5660
-5654
-5651
-5639
-5636
-5630
-5624
-5623
-5623
-5622
-5621
-5621
-5615
-5612
-5612
-5610
-5608
-5598
-5597
-5594
-5586
-5585
-5582
-5582
-5560
-5553
-5553
-5552
-5543
-5540
-5538
-5530
-5529
-5526
-5525
-5524
-5521
-5519
-5516
-5509
-5504
-5501
-5495
-5491
-5490
-5488
-5488
-5483
-5483
-5479
-5472
-5471
-5471
-5466
-5464
-5455
-5451
-5445
-5442
-5442
-5440
-5436
-5431
-5428
-5422
-5421
-5420
-5419
-5408
-5406
-5406
-5400
-5398
-5390
-5390
-5388
-5383
-5380
-5376
-5362
-5361
-5359
-5358
-5358
-5349
-5347
-5346
-5344
-5341
-5336
-5336
-5334
-5332
-5329
-5327
-5324
-5318
-5314
-5309
-5295
-5289
-5285
-5285
-5284
-5279
-5277
-5271
-5269
-5269
-5266
-5264
-5262
-5262
-5260
-5257
-5241
-5240
-5239
-5238
-5233
-5229
-5224
-5221
-5220
-5215
-5212
-5202
-5201
-5200
-5198
-5195
-5194
-5190
-5188
-5186
-5185
-5182
-5176
-5174
-5174
-5173
-5168
-5167
-5166
-5166
-5161
-5161
-5159
-5158
-5157
-5149
-5149
-5138
-5133
-5132
-5127
-5123
-5122
-5112
-5111
-5096
-5095
-5094
-5094
-5089
-5084
-5080
-5078
-5077
-5076
-5064
-5063
-5058
-5054
-5050
-5041
-5038
-5034
-5028
-5024
-5019
-5016
-5015
-5009
-5004
-5002
-4998
-4995
-4991
-4990
-4987
-4985
-4982
-4980
-4980
-4974
-4972
-4967
-4965
-4962
-4960
-4959
-4956
-4956
-4954
-4954
-4950
-4950
-4947
-4944
-4943
-4929
-4926
-4925
-4923
-4910
-4904
-4904
-4903
-4900
-4897
-4885
-4882
-4882
-4880
-4871
-4868
-4867
-4865
-4864
-4851
-4850
-4849
-4849
-4848
-4844
-4844
-4834
-4833
-4826
-4822
-4817
-4816
-4809
-4809
-4804
-4798
-4798
-4793
-4793
-4791
-4784
-4780
-4777
-4775
-4771
-4767
-4764
-4764
-4761
-4757
-4750
-4747
-4743
-4741
-4737
-4725
-4722
-4715
-4713
-4712
-4711
-4709
-4701
-4699
-4692
-4689
-4681
-4680
-4675
-4673
-4671
-4663
-4659
-4655
-4654
-4651
-4650
-4648
-4644
-4642
-4640
-4638
-4630
-4628
-4628
-4625
-4624
-4623
-4622
-4620
-4619
-4617
-4612
-4610
-4603
-4602
-4598
-4597
-4595
-4591
-4590
-4588
-4585
-4585
-4584
-4578
-4564
-4558
-4556
-4549
-4548
-4541
-4538
-4538
-4537
-4536
-4534
-4529
-4529
-4524
-4518
-4518
-4513
-4509
-4508
-4504
-4504
-4501
-4488
-4484
-4479
-4477
-4475
-4475
-4470
-4465
-4464
-4460
-4453
-4453
-4452
-4446
-4445
-4445
-4440
-4439
-4438
-4432
-4431
-4421
-4419
-4419
-4413
-4411
-4410
-4408
-4400
-4398
-4398
-4398
-4396
-4396
-4395
-4395
-4394
-4380
-4378
-4377
-4374
-4373
-4369
-4368
-4368
-4367
-4367
-4364
-4359
-4353
-4352
-4351
-4347
-4341
-4340
-4339
-4336
-4335
-4334
-4334
-4331
-4329
-4329
-4328
-4321
-4309
-4307
-4306
-4300
-4298
-4293
-4288
-4287
-4284
-4280
-4280
-4276
-4264
-4263
-4259
-4258
-4256
-4256
-4256
-4256
-4249
-4246
-4243
-4239
-4239
-4232
-4231
-4229
-4227
-4224
-4224
-4221
-4217
-4216
-4212
-4212
-4211
-4210
-4185
-4182
-4178
-4178
-4173
-4159
-4158
-4155
-4150
-4146
-4146
-4145
-4143
-4142
-4135
-4132
-4128
-4124
-4122
-4120
-4117
-4116
-4114
-4108
-4101
-4095
-4090
-4088
-4088
-4083
-4082
-4081
-4079
-4079
-4077
-4070
-4068
-4062
-4061
-4061
-4055
-4054
-4054
-4051
-4051
-4050
-4044
-4024
-4023
-4019
-4016
-4012
-3999
-3990
-3980
-3978
-3976
-3975
-3973
-3973
-3972
-3972
-3971
-3967
-3966
-3966
-3951
-3945
-3943
-3941
-3940
-3940
-3939
-3934
-3912
-3907
-3904
-3900
-3898
-3896
-3892
-3889
-3888
-3885
-3874
-3873
-3869
-3866
-3864
-3860
-3855
-3851
-3844
-3840
-3836
-3830
-3828
-3824
-3823
-3822
-3821
-3819
-3819
-3818
-3816
-3814
-3812
-3811
-3809
-3809
-3807
-3806
-3802
-3802
-3792
-3780
-3778
-3776
-3765
-3764
-3760
-3758
-3758
-3751
-3751
-3745
-3739
-3731
-3731
-3729
-3729
-3727
-3726
-3721
-3721
-3720
-3713
-3711
-3709
-3707
-3703
-3699
-3698
-3695
-3695
-3689
-3687
-3684
-3683
-3681
-3679
-3679
-3669
-3665
-3665
-3663
-3658
-3656
-3655
-3653
-3652
-3647
-3645
-3642
-3626
-3622
-3617
-3616
-3613
-3612
-3612
-3612
-3611
-3604
-3598
-3595
-3591
-3586
-3583
-3581
-3580
-3577
-3573
-3571
-3570
-3564
-3555
-3549
-3536
-3536
-3536
-3532
-3527
-3525
-3521
-3517
-3515
-3510
-3509
-3506
-3505
-3497
-3497
-3497
-3490
-3489
-3487
-3481
-3477
-3477
-3477
-3470
-3463
-3458
-3457
-3452
-3451
-3449
-3447
-3446
-3435
-3435
-3431
-3431
-3422
-3412
-3406
-3402
-3397
-3392
-3386
-3384
-3379
-3375
-3375
-3370
-3368
-3367
-3365
-3364
-3364
-3348
-3348
-3347
-3346
-3339
-3338
-3329
-3328
-3328
-3321
-3317
-3310
-3309
-3307
-3302
-3302
-3299
-3296
-3295
-3295
-3291
-3285
-3278
-3273
-3272
-3268
-3263
-3262
-3254
-3251
-3248
-3245
-3244
-3244
-3239
-3239
-3238
-3237
-3235
-3230
-3228
-3225
-3221
-3206
-3197
-3193
-3192
-3190
-3189
-3187
-3186
-3183
-3180
-3179
-3175
-3174
-3172
-3157
-3153
-3148
-3146
-3138
-3135
-3130
-3126
-3121
-3109
-3106
-3104
-3101
-3095
-3092
-3092
-3089
-3087
-3086
-3083
-3080
-3078
-3075
-3067
-3058
-3054
-3053
-3053
-3047
-3046
-3045
-3041
-3041
-3040
-3038
-3021
-3021
-3017
-3015
-3009
-3005
-3005
-3004
-3002
-3002
-2998
-2988
-2984
-2984
-2980
-2968
-2961
-2953
-2953
-2952
-2947
-2944
-2940
-2934
-2932
-2928
-2922
-2913
-2912
-2907
-2900
-2899
-2895
-2890
-2883
-2881
-2876
-2874
-2869
-2867
-2858
-2851
-2845
-2842
-2838
-2832
-2831
-2830
-2826
-2826
-2824
-2816
-2815
-2815
-2810
-2810
-2810
-2807
-2804
-2801
-2799
-2796
-2796
-2794
-2789
-2788
-2787
-2783
-2780
-2780
-2774
-2769
-2768
-2768
-2766
-2766
-2764
-2763
-2758
-2758
-2752
-2751
-2748
-2746
-2743
-2739
-2738
-2736
-2734
-2729
-2725
-2723
-2719
-2718
-2716
-2711
-2711
-2709
-2708
-2705
-2703
-2697
-2695
-2694
-2692
-2691
-2688
-2688
-2685
-2684
-2682
-2678
-2678
-2675
-2671
-2669
-2668
-2667
-2667
-2666
-2665
-2665
-2662
-2661
-2661
-2656
-2654
-2651
-2649
-2644
-2639
-2636
-2636
-2634
-2626
-2623
-2614
-2614
-2611
-2606
-2605
-2603
-2598
-2594
-2589
-2588
-2582
-2578
-2577
-2576
-2569
-2549
-2544
-2541
-2528
-2524
-2524
-2519
-2516
-2513
-2511
-2509
-2508
-2507
-2505
-2504
-2502
-2499
-2499
-2493
-2477
-2474
-2474
-2474
-2474
-2473
-2471
-2469
-2468
-2465
-2462
-2461
-2457
-2456
-2453
-2447
-2438
-2435
-2432
-2426
-2419
-2414
-2410
-2408
-2407
-2406
-2399
-2397
-2395
-2391
-2391
-2391
-2384
-2384
-2378
-2374
-2369
-2369
-2358
-2355
-2354
-2348
-2341
-2338
-2333
-2333
-2329
-2329
-2321
-2320
-2319
-2317
-2315
-2315
-2314
-2310
-2307
-2306
-2304
-2303
-2299
-2292
-2288
-2288
-2285
-2274
-2272
-2271
-2271
-2260
-2259
-2258
-2250
-2250
-2242
-2236
-2230
-2230
-2227
-2219
-2217
-2216
-2202
-2201
-2190
-2187
-2185
-2178
-2175
-2171
-2170
-2167
-2162
-2152
-2151
-2150
-2150
-2140
-2139
-2129
-2127
-2124
-2124
-2123
-2122
-2121
-2112
-2107
-2104
-2100
-2098
-2097
-2096
-2088
-2082
-2075
-2072
-2068
-2064
-2062
-2053
-2052
-2048
-2037
-2032
-2027
-2025
-2025
-2024
-2023
-2022
-2020
-2016
-2009
-2007
-2007
-2006
-2006
-2004
-2004
-2004
-2003
-1998
-1997
-1995
-1995
-1993
-1992
-1991
-1987
-1977
-1975
-1971
-1970
-1968
-1964
-1962
-1960
-1960
-1959
-1952
-1945
-1944
-1944
-1940
-1940
-1937
-1935
-1925
-1925
-1925
-1923
-1922
-1921
-1916
-1916
-1909
-1905
-1899
-1898
-1895
-1883
-1879
-1874
-1869
-1868
-1868
-1863
-1860
-1858
-1854
-1854
-1854
-1854
-1853
-1851
-1847
-1841
-1837
-1836
-1834
-1830
-1830
-1830
-1829
-1828
-1823
-1822
-1821
-1817
-1802
-1792
-1780
-1775
-1774
-1768
-1767
-1765
-1761
-1759
-1749
-1746
-1745
-1744
-1742
-1739
-1734
-1726
-1723
-1722
-1721
-1721
-1720
-1716
-1712
-1712
-1712
-1710
-1707
-1702
-1696
-1693
-1693
-1691
-1691
-1690
-1686
-1685
-1684
-1681
-1680
-1678
-1677
-1675
-1674
-1673
-1671
-1660
-1659
-1654
-1653
-1651
-1649
-1649
-1647
-1646
-1646
-1636
-1632
-1622
-1621
-1620
-1619
-1618
-1615
-1613
-1613
-1610
-1608
-1605
-1604
-1601
-1599
-1599
-1595
-1593
-1592
-1589
-1586
-1585
-1583
-1580
-1579
-1576
-1576
-1573
-1564
-1556
-1554
-1554
-1548
-1548
-1547
-1546
-1525
-1525
-1522
-1521
-1520
-1519
-1518
-1517
-1516
-1509
-1505
-1504
-1500
-1497
-1492
-1487
-1485
-1472
-1468
-1467
-1462
-1461
-1461
-1450
-1450
-1447
-1444
-1431
-1427
-1426
-1426
-1420
-1416
-1412
-1400
-1398
-1392
-1391
-1391
-1382
-1379
-1377
-1376
-1375
-1372
-1371
-1364
-1363
-1358
-1353
-1351
-1348
-1337
-1335
-1330
-1322
-1313
-1313
-1308
-1308
-1308
-1308
-1307
-1304
-1303
-1302
-1299
-1296
-1295
-1290
-1285
-1285
-1275
-1272
-1267
-1264
-1261
-1259
-1257
-1251
-1250
-1246
-1243
-1242
-1240
-1236
-1234
-1230
-1223
-1217
-1215
-1213
-1203
-1203
-1202
-1200
-1197
-1197
-1188
-1187
-1185
-1185
-1184
-1174
-1166
-1166
-1165
-1163
-1159
-1145
-1139
-1135
-1134
-1133
-1130
-1129
-1126
-1125
-1123
-1122
-1121
-1115
-1112
-1107
-1106
-1105
-1099
-1085
-1084
-1082
-1082
-1076
-1069
-1063
-1058
-1057
-1054
-1049
-1048
-1034
-1031
-1024
-1021
-1011
-1009
-1004
-1002
-999
-999
-997
-997
-989
-988
-985
-984
-977
-975
-974
-971
-965
-963
-963
-960
-960
-945
-943
-938
-930
-927
-925
-925
-924
-924
-923
-920
-920
-919
-918
-914
-906
-904
-902
-899
-887
-887
-879
-878
-877
-876
-874
-873
-873
-869
-863
-862
-861
-857
-845
-845
-840
-839
-838
-831
-825
-824
-823
-821
-815
-807
-797
-797
-795
-792
-792
-787
-786
-782
-781
-779
-776
-764
-761
-758
-743
-742
-739
-736
-732
-729
-727
-726
-726
-724
-722
-721
-719
-718
-716
-710
-709
-708
-706
-704
-694
-692
-689
-683
-681
-681
-674
-671
-671
-669
-667
-660
-658
-654
-650
-649
-647
-643
-641
-634
-632
-628
-622
-620
-615
-613
-609
-609
-606
-585
-585
-581
-572
-570
-567
-567
-567
-566
-562
-551
-547
-544
-539
-538
-537
-532
-524
-521
-521
-521
-519
-515
-513
-507
-504
-501
-499
-493
-489
-486
-485
-483
-482
-481
-478
-476
-472
-463
-460
-458
-456
-448
-446
-437
-433
-433
-433
-425
-425
-424
-423
-423
-422
-420
-418
-414
-410
-409
-408
-406
-404
-402
-400
-396
-385
-382
-378
-372
-372
-371
-359
-356
-355
-353
-351
-350
-344
-343
-342
-342
-337
-333
-328
-326
-325
-319
-317
-313
-310
-308
-302
-300
-299
-278
-275
-273
-271
-268
-266
-265
-258
-247
-247
-246
-245
-238
-226
-225
-214
-213
-196
-194
-191
-189
-184
-180
-180
-177
-172
-170
-169
-169
-167
-166
-165
-163
-161
-160
-160
-155
-151
-147
-144
-143
-137
-137
-137
-134
-129
-122
-116
-95
-93
-84
-83
-79
-76
-69
-68
-66
-54
-47
-45
-44
-43
-37
-28
-25
-21
-20
-18
-15
-15
-14
-12
-10
-8
-7
-4
-2
1
15
17
19
21
23
28
30
39
41
43
44
45
46
46
48
50
55
68
78
81
82
84
85
85
90
94
107
109
112
114
115
116
118
122
126
133
136
136
151
159
165
171
173
173
176
178
182
184
186
187
189
189
189
195
200
203
204
205
208
210
210
214
218
222
222
225
227
232
235
237
239
241
241
247
248
250
252
257
259
259
265
271
273
274
280
280
282
282
285
288
293
293
297
305
306
308
310
311
313
313
318
332
336
338
338
344
352
356
357
357
359
360
360
366
367
375
375
377
378
379
382
400
401
402
404
413
413
422
433
449
459
460
463
464
467
470
471
478
481
486
487
495
499
499
505
508
509
512
516
517
521
525
525
526
527
530
532
534
539
543
543
544
544
546
547
557
560
561
564
565
573
575
576
577
579
582
583
584
585
588
591
592
594
594
599
604
605
609
611
613
614
618
622
631
632
632
633
636
638
640
649
653
654
654
654
655
655
658
659
673
674
685
691
692
699
708
711
712
717
717
719
722
722
722
723
724
724
729
732
734
738
739
740
744
746
748
749
752
755
757
759
760
760
765
766
769
770
774
776
794
809
809
809
810
813
814
818
821
826
827
827
833
842
846
850
860
862
865
867
867
870
874
877
880
882
884
884
890
895
898
899
910
910
911
912
912
918
921
922
922
924
927
928
935
940
941
953
955
956
956
957
957
958
959
959
960
962
963
964
964
967
971
975
979
981
985
1000
1001
1004
1005
1006
1008
1010
1012
1014
1014
1027
1030
1038
1043
1045
1046
1051
1053
1060
1060
1061
1074
1080
1081
1088
1090
1091
1093
1096
1100
1101
1101
1102
1103
1106
1110
1112
1115
1116
1118
1136
1137
1137
1139
1140
1145
1148
1149
1150
1184
1188
1188
1191
1192
1201
1212
1215
1221
1223
1232
1234
1240
1243
1248
1259
1265
1268
1274
1275
1277
1283
1284
1288
1289
1292
1296
1304
1307
1309
1313
1317
1318
1318
1319
1320
1320
1321
1328
1330
1331
1333
1334
1340
1342
1343
1344
1345
1346
1350
1354
1355
1360
1364
1367
1367
1368
1369
1369
1370
1373
1374
1377
1382
1386
1386
1389
1390
1392
1395
1400
1403
1403
1405
1406
1407
1413
1414
1415
1420
1424
1424
1429
1435
1436
1437
1440
1441
1442
1443
1444
1446
1448
1452
1465
1468
1469
1476
1480
1482
1487
1493
1495
1495
1497
1503
1505
1517
1520
1521
1526
1530
1532
1533
1533
1535
1538
1539
1549
1560
1561
1562
1562
1564
1565
1571
1572
1573
1574
1575
1579
1580
1580
1580
1586
1594
1595
1596
1599
1600
1602
1603
1610
1612
1613
1615
1620
1621
1622
1624
1626
1629
1631
1633
1637
1637
1638
1638
1639
1650
1654
1656
1658
1662
1664
1668
1678
1683
1686
1690
1690
1693
1698
1711
1712
1715
1720
1721
1724
1729
1729
1731
1733
1735
1738
1740
1742
1745
1746
1752
1753
1753
1755
1763
1769
1770
1771
1774
1774
1775
1798
1798
1801
1801
1809
1811
1813
1824
1830
1833
1833
1834
1839
1839
1839
1841
1842
1843
1844
1851
1858
1862
1864
1867
1870
1870
1871
1876
1879
1879
1884
1885
1887
1887
1890
1895
1896
1896
1898
1902
1904
1910
1915
1917
1917
1923
1924
1935
1938
1941
1943
1943
1948
1956
1962
1965
1966
1974
1978
1987
1992
1993
1993
1993
1995
1995
2003
2004
2012
2023
2025
2037
2039
2042
2045
2045
2049
2062
2063
2066
2069
2077
2077
2081
2086
2088
2094
2097
2103
2107
2111
2117
2122
2127
2127
2128
2129
2133
2137
2140
2141
2143
2145
2148
2149
2154
2161
2170
2171
2174
2175
2180
2181
2184
2185
2194
2196
2198
2206
2208
2229
2232
2233
2237
2238
2238
2240
2242
2243
2251
2251
2251
2253
2254
2259
2262
2264
2279
2282
2283
2291
2298
2303
2304
2318
2321
2325
2327
2335
2343
2347
2348
2349
2351
2351
2355
2362
2368
2380
2382
2385
2387
2391
2392
2396
2398
2401
2402
2404
2408
2414
2415
2415
2415
2416
2425
2433
2434
2435
2436
2436
2438
2438
2439
2443
2455
2456
2456
2467
2468
2469
2470
2472
2472
2474
2482
2486
2486
2488
2488
2490
2492
2494
2507
2511
2512
2514
2514
2523
2528
2533
2534
2540
2550
2552
2553
2554
2562
2564
2568
2570
2575
2576
2577
2581
2582
2587
2587
2595
2595
2597
2598
2599
2601
2602
2605
2606
2607
2610
2611
2612
2619
2621
2623
2627
2628
2639
2641
2643
2643
2647
2650
2650
2652
2658
2659
2662
2664
2665
2668
2670
2677
2679
2690
2696
2701
2702
2703
2706
2709
2721
2727
2731
2737
2745
2746
2746
2755
2755
2758
2761
2762
2773
2774
2778
2779
2780
2788
2788
2790
2804
2807
2807
2807
2807
2808
2809
2810
2812
2815
2817
2818
2819
2820
2821
2824
2825
2829
2829
2835
2837
2840
2848
2849
2851
2860
2863
2868
2869
2872
2875
2877
2878
2879
2884
2886
2889
2890
2892
2898
2898
2908
2910
2916
2917
2918
2921
2924
2927
2927
2927
2933
2934
2936
2940
2940
2941
2941
2942
2943
2951
2952
2954
2965
2966
2969
2969
2970
2972
2976
2983
2984
2987
2991
3000
3007
3007
3007
3012
3013
3020
3021
3022
3025
3032
3034
3037
3038
3044
3045
3049
3052
3055
3058
3058
3059
3062
3064
3064
3067
3068
3068
3069
3069
3069
3071
3078
3078
3084
3087
3088
3089
3090
3099
3100
3105
3107
3119
3120
3124
3125
3132
3135
3136
3140
3140
3142
3143
3144
3149
3157
3159
3159
3165
3165
3166
3168
3178
3181
3182
3183
3184
3186
3188
3188
3193
3194
3194
3201
3205
3215
3218
3218
3219
3220
3221
3229
3230
3237
3238
3251
3263
3272
3273
3279
3286
3290
3299
3300
3301
3301
3307
3307
3313
3313
3316
3318
3321
3321
3325
3328
3338
3340
3350
3351
3359
3359
3360
3363
3363
3365
3366
3370
3371
3372
3373
3375
3376
3376
3384
3385
3385
3387
3387
3388
3388
3392
3399
3408
3408
3420
3421
3423
3431
3433
3437
3438
3438
3448
3451
3455
3459
3475
3484
3484
3486
3486
3488
3490
3494
3499
3500
3508
3511
3518
3523
3524
3529
3531
3536
3540
3540
3543
3543
3544
3544
3547
3548
3553
3562
3573
3576
3577
3580
3582
3585
3593
3594
3597
3598
3603
3605
3607
3609
3611
3614
3617
3620
3623
3645
3648
3649
3651
3654
3661
3661
3661
3661
3663
3668
3672
3672
3672
3673
3674
3676
3681
3683
3687
3688
3689
3694
3698
3717
3721
3731
3732
3733
3735
3736
3740
3741
3745
3753
3754
3754
3757
3759
3761
3762
3763
3763
3765
3769
3771
3771
3772
3773
3777
3779
3786
3794
3800
3801
3802
3804
3806
3807
3808
3809
3811
3811
3816
3819
3836
3840
3842
3847
3852
3854
3859
3860
3861
3864
3864
3865
3866
3869
3874
3875
3880
3883
3884
3891
3892
3893
3896
3904
3906
3909
3909
3920
3921
3927
3929
3932
3933
3937
3943
3946
3949
3954
3954
3955
3956
3973
3973
3974
3975
3984
3985
3988
3988
3990
3991
3998
3999
4004
4006
4015
4016
4017
4020
4021
4021
4025
4029
4029
4030
4033
4034
4034
4036
4037
4038
4042
4045
4047
4047
4048
4048
4049
4053
4055
4057
4077
4080
4080
4080
4099
4099
4102
4107
4110
4132
4133
4137
4154
4156
4156
4164
4170
4171
4176
4178
4184
4190
4190
4193
4209
4221
4239
4241
4243
4246
4246
4248
4253
4264
4267
4282
4283
4289
4293
4299
4310
4317
4327
4329
4336
4345
4346
4353
4353
4354
4354
4358
4365
4366
4367
4373
4377
4390
4393
4394
4396
4398
4402
4407
4407
4413
4413
4413
4418
4419
4421
4422
4428
4432
4434
4441
4446
4448
4453
4461
4466
4469
4469
4472
4476
4480
4483
4484
4485
4485
4488
4497
4498
4502
4503
4508
4508
4520
4520
4520
4526
4535
4539
4543
4551
4553
4555
4562
4566
4568
4572
4573
4574
4581
4582
4584
4585
4586
4591
4616
4618
4621
4622
4633
4634
4635
4636
4637
4642
4643
4645
4645
4649
4651
4653
4659
4661
4663
4664
4672
4675
4679
4684
4686
4689
4689
4689
4691
4692
4694
4695
4697
4698
4700
4702
4703
4704
4708
4708
4711
4711
4717
4722
4725
4728
4730
4740
4740
4742
4743
4744
4745
4745
4746
4756
4756
4757
4766
4771
4771
4775
4776
4776
4778
4779
4781
4784
4788
4792
4792
4796
4800
4800
4801
4808
4814
4815
4815
4818
4818
4825
4826
4829
4829
4830
4835
4836
4843
4849
4850
4851
4854
4857
4858
4860
4862
4873
4886
4887
4888
4892
4892
4895
4895
4906
4909
4909
4910
4913
4915
4916
4920
4929
4935
4936
4939
4941
4941
4941
4943
4947
4948
4948
4950
4959
4960
4963
4963
4967
4972
4976
4977
4983
4984
4985
4987
4988
4996
4997
5008
5009
5011
5018
5019
5023
5025
5026
5028
5029
5035
5036
5036
5037
5045
5047
5047
5054
5060
5061
5062
5064
5067
5070
5071
5071
5073
5074
5075
5084
5084
5084
5091
5091
5092
5092
5096
5097
5097
5105
5107
5108
5108
5110
5111
5112
5113
5118
5118
5129
5130
5134
5135
5138
5139
5140
5143
5145
5145
5147
5149
5160
5163
5165
5168
5171
5174
5175
5177
5178
5178
5180
5181
5192
5194
5196
5199
5200
5200
5203
5213
5214
5216
5223
5227
5233
5233
5234
5242
5244
5246
5247
5251
5255
5257
5260
5268
5270
5274
5277
5286
5287
5297
5300
5300
5302
5304
5304
5309
5309
5310
5312
5315
5319
5320
5320
5320
5321
5321
5322
5322
5322
5327
5330
5330
5334
5336
5337
5341
5342
5348
5349
5352
5354
5356
5357
5357
5357
5358
5360
5362
5368
5370
5370
5371
5374
5378
5379
5380
5381
5382
5383
5384
5385
5389
5389
5394
5396
5397
5399
5401
5402
5403
5406
5408
5410
5414
5416
5417
5419
5423
5427
5432
5433
5435
5443
5448
5461
5461
5464
5479
5483
5484
5492
5492
5493
5496
5506
5516
5525
5527
5531
5531
5542
5542
5544
5551
5558
5558
5575
5588
5590
5592
5594
5595
5597
5598
5602
5606
5618
5628
5636
5637
5640
5653
5657
5657
5665
5665
5666
5666
5668
5672
5673
5673
5673
5674
5680
5683
5684
5687
5687
5693
5695
5696
5700
5701
5707
5707
5709
5710
5713
5717
5720
5727
5728
5732
5735
5737
5740
5749
5751
5752
5754
5758
5762
5763
5765
5766
5768
5770
5779
5779
5780
5780
5781
5782
5782
5788
5793
5797
5797
5808
5808
5810
5813
5818
5820
5825
5827
5830
5833
5835
5839
5840
5844
5845
5856
5861
5865
5874
5875
5876
5879
5881
5889
5896
5906
5910
5912
5918
5918
5923
5925
5926
5929
5935
5935
5939
5942
5945
5949
5955
5958
5959
5963
5965
5967
5967
5969
5971
5971
5977
5988
5990
5991
5994
5997
6011
6013
6014
6020
6020
6026
6029
6031
6034
6037
6042
6043
6047
6048
6050
6051
6052
6060
6060
6061
6061
6068
6069
6070
6070
6073
6075
6076
6079
6080
6084
6107
6109
6111
6113
6116
6117
6124
6126
6129
6135
6138
6146
6146
6148
6154
6155
6164
6175
6181
6181
6181
6185
6192
6192
6198
6203
6203
6203
6208
6209
6214
6214
6217
6223
6224
6227
6234
6235
6235
6239
6245
6246
6259
6260
6265
6269
6275
6277
6281
6297
6298
6298
6298
6299
6301
6303
6311
6312
6313
6318
6321
6322
6327
6328
6329
6340
6345
6345
6350
6351
6352
6352
6356
6358
6359
6362
6365
6366
6369
6371
6371
6375
6377
6380
6382
6383
6384
6384
6387
6388
6388
6391
6394
6397
6400
6400
6412
6412
6414
6418
6419
6425
6429
6432
6437
6439
6449
6453
6465
6469
6473
6474
6475
6476
6477
6485
6487
6495
6499
6501
6503
6504
6513
6513
6525
6527
6527
6528
6532
6542
6542
6543
6548
6551
6551
6552
6559
6562
6564
6572
6575
6578
6591
6594
6597
6598
6605
6608
6608
6612
6614
6616
6624
6627
6634
6638
6649
6650
6650
6651
6660
6664
6674
6675
6681
6686
6692
6693
6694
6697
6704
6704
6715
6715
6717
6717
6722
6724
6724
6729
6735
6736
6737
6739
6743
6748
6749
6754
6754
6757
6758
6758
6765
6767
6768
6780
6787
6792
6795
6797
6810
6813
6818
6818
6824
6826
6828
6830
6831
6845
6846
6847
6853
6860
6862
6872
6873
6874
6879
6880
6893
6894
6896
6898
6899
6903
6906
6915
6916
6917
6919
6920
6923
6924
6925
6936
6937
6940
6940
6944
6952
6954
6954
6973
6974
6975
6976
6977
6978
6979
6982
6985
6994
6996
6997
6999
7002
7007
7010
7012
7021
7022
7022
7030
7032
7032
7040
7042
7044
7045
7051
7053
7056
7065
7078
7082
7082
7083
7083
7084
7084
7091
7095
7099
7104
7107
7108
7108
7112
7112
7115
7123
7124
7132
7134
7142
7146
7146
7146
7156
7157
7162
7169
7171
7172
7173
7173
7173
7176
7188
7189
7189
7191
7192
7192
7196
7199
7199
7202
7205
7206
7207
7210
7214
7217
7217
7219
7224
7225
7235
7236
7239
7240
7244
7246
7249
7251
7251
7253
7258
7260
7266
7273
7274
7280
7281
7284
7290
7296
7297
7303
7304
7306
7306
7310
7315
7322
7323
7327
7333
7335
7335
7335
7336
7338
7339
7343
7346
7360
7362
7366
7367
7367
7368
7368
7384
7386
7387
7391
7392
7397
7397
7404
7412
7415
7421
7428
7428
7429
7429
7433
7447
7447
7448
7449
7451
7456
7456
7459
7461
7470
7477
7484
7486
7487
7496
7499
7501
7502
7504
7504
7516
7517
7523
7526
7529
7532
7535
7537
7538
7542
7544
7546
7550
7551
7552
7552
7553
7562
7562
7562
7563
7563
7581
7587
7588
7590
7600
7602
7605
7606
7606
7607
7613
7614
7614
7614
7621
7626
7633
7635
7649
7653
7654
7656
7662
7678
7680
7684
7688
7692
7693
7693
7696
7696
7697
7701
7705
7707
7709
7710
7711
7712
7723
7725
7731
7731
7734
7736
7737
7740
7740
7744
7745
7746
7747
7751
7752
7752
7755
7757
7759
7759
7761
7763
7769
7777
7782
7784
7787
7789
7791
7792
7794
7797
7804
7805
7811
7812
7814
7819
7820
7823
7824
7826
7827
7832
7833
7840
7846
7849
7865
7867
7871
7871
7874
7875
7876
7877
7886
7887
7888
7896
7897
7900
7903
7907
7911
7913
7914
7915
7920
7924
7925
7928
7937
7939
7953
7954
7957
7962
7971
7971
7972
7983
7986
7987
7990
7997
8001
8005
8006
8011
8013
8014
8018
8021
8024
8025
8027
8034
8034
8041
8047
8048
8049
8050
8059
8060
8061
8061
8064
8068
8069
8070
8073
8074
8080
8083
8083
8083
8087
8093
8097
8102
8105
8110
8112
8115
8116
8119
8124
8137
8139
8141
8142
8142
8142
8144
8149
8151
8162
8164
8169
8169
8170
8173
8179
8179
8181
8186
8187
8187
8187
8187
8190
8192
8193
8196
8196
8200
8202
8206
8206
8207
8214
8226
8233
8233
8237
8238
8245
8250
8250
8251
8261
8261
8266
8269
8272
8273
8276
8290
8293
8294
8296
8305
8308
8331
8336
8345
8345
8345
8346
8348
8350
8350
8355
8357
8361
8363
8371
8373
8376
8382
8388
8394
8400
8407
8407
8407
8409
8411
8411
8412
8417
8421
8423
8441
8441
8442
8446
8448
8453
8458
8458
8459
8462
8463
8465
8467
8470
8471
8475
8476
8477
8479
8485
8487
8489
8490
8494
8498
8501
8501
8502
8503
8510
8525
8526
8528
8530
8530
8539
8539
8540
8547
8556
8557
8559
8560
8563
8566
8566
8572
8572
8574
8576
8577
8578
8579
8580
8581
8592
8597
8598
8602
8603
8605
8613
8616
8620
8623
8625
8627
8629
8630
8631
8641
8641
8642
8646
8651
8653
8658
8664
8666
8666
8668
8670
8672
8674
8677
8679
8687
8697
8698
8699
8701
8701
8705
8711
8711
8716
8725
8739
8740
8741
8746
8754
8754
8754
8756
8757
8757
8758
8760
8761
8764
8766
8768
8777
8782
8782
8782
8788
8789
8791
8798
8798
8811
8813
8818
8821
8828
8831
8831
8837
8840
8846
8846
8853
8853
8853
8857
8858
8861
8862
8864
8865
8870
8871
8872
8872
8873
8874
8879
8887
8888
8891
8896
8899
8899
8913
8914
8918
8924
8933
8935
8936
8936
8940
8942
8947
8950
8951
8952
8952
8952
8953
8960
8962
8964
8965
8965
8972
8974
8975
8976
8977
8978
8980
8981
8988
8988
8989
8989
8991
8992
8997
8998
9001
9004
9004
9005
9013
9014
9017
9020
9036
9041
9047
9050
9051
9053
9061
9080
9081
9086
9087
9090
9091
9093
9097
9098
9098
9103
9107
9107
9109
9114
9115
9117
9117
9119
9123
9124
9128
9132
9135
9136
9138
9141
9145
9147
9149
9149
9153
9156
9156
9157
9164
9170
9172
9173
9175
9175
9177
9188
9192
9196
9196
9207
9210
9212
9213
9220
9223
9225
9225
9228
9233
9235
9236
9239
9240
9241
9248
9250
9254
9261
9267
9267
9272
9294
9298
9304
9312
9315
9319
9321
9323
9334
9335
9336
9343
9344
9344
9346
9346
9350
9355
9355
9359
9365
9366
9374
9376
9382
9392
9393
9393
9394
9395
9400
9403
9404
9411
9413
9419
9420
9420
9421
9421
9421
9423
9424
9425
9426
9426
9426
9427
9443
9446
9450
9453
9453
9456
9456
9457
9458
9459
9460
9461
9464
9478
9486
9486
9488
9496
9499
9501
9502
9510
9511
9512
9513
9517
9522
9524
9527
9538
9538
9545
9546
9549
9549
9551
9554
9555
9557
9557
9559
9563
9570
9577
9580
9582
9585
9592
9593
9596
9600
9600
9605
9605
9611
9614
9615
9618
9618
9619
9622
9624
9625
9627
9633
9634
9634
9635
9637
9638
9638
9638
9638
9639
9648
9650
9656
9661
9665
9666
9668
9671
9673
9675
9684
9684
9687
9689
9695
9697
9699
9700
9700
9709
9713
9714
9717
9719
9721
9727
9727
9730
9736
9740
9745
9748
9748
9749
9754
9763
9766
9767
9767
9770
9773
9774
9782
9783
9785
9791
9797
9798
9803
9803
9804
9807
9809
9809
9811
9811
9820
9822
9823
9824
9832
9842
9850
9850
9855
9856
9858
9865
9874
9881
9888
9888
9889
9891
9893
9893
9896
9896
9896
9897
9899
9901
9904
9907
9909
9909
9910
9913
9913
9917
9918
9921
9927
9930
9932
9937
9945
9948
9953
9954
9955
9967
9973
9973
9974
9975
9983
9986
9988
9988
9993
