10000
9993
9990
9988
9986
9986
9981
9976
9973
9972
9970
9970
9957
9953
9947
9946
9943
9943
9934
9933
9926
9925
9921
9915
9913
9909
9909
9908
9906
9899
9897
9896
9894
9887
9883
9880
9878
9877
9877
9871
9866
9866
9865
9864
9859
9859
9859
9856
9846
9846
9842
9840
9839
9838
9833
9830
9827
9826
9823
9818
9817
9800
9798
9797
9794
9793
9792
9791
9789
9772
9772
9772
9770
9769
9768
9762
9760
9755
9754
9752
9750
9750
9749
9748
9746
9745
9744
9743
9742
9741
9739
9739
9720
9719
9719
9714
9709
9706
9700
9697
9696
9693
9691
9690
9680
9678
9674
9668
9664
9657
9655
9646
9642
9641
9640
9626
9626
9624
9622
9619
9615
9613
9613
9610
9607
9605
9602
9601
9599
9596
9596
9594
9593
9590
9589
9585
9581
9575
9574
9559
9555
9554
9552
9552
9547
9545
9542
9542
9540
9539
9536
9535
9534
9527
9520
9508
9507
9506
9506
9502
9501
9500
9497
9496
9491
9484
9480
9478
9473
9471
9470
9466
9466
9464
9462
9461
9459
9453
9451
9448
9447
9446
9445
9440
9433
9433
9432
9432
9430
9427
9425
9424
9423
9416
9407
9405
9401
9400
9391
9388
9387
9381
9381
9380
9377
9373
9373
9370
9369
9363
9363
9361
9361
9360
9359
9358
9348
9348
9343
9334
9334
9333
9332
9332
9331
9326
9323
9316
9311
9311
9309
9304
9302
9299
9298
9291
9290
9290
9284
9283
9283
9281
9279
9279
9270
9264
9256
9256
9256
9254
9253
9253
9252
9244
9242
9239
9233
9230
9230
9228
9224
9222
9221
9220
9213
9208
9205
9205
9205
9195
9195
9195
9194
9192
9188
9188
9186
9186
9185
9168
9167
9166
9162
9159
9159
9156
9150
9147
9145
9144
9144
9137
9131
9128
9121
9118
9117
9111
9097
9096
9096
9094
9093
9087
9087
9078
9077
9073
9072
9071
9071
9061
9061
9059
9054
9052
9050
9049
9041
9035
9033
9033
9028
9027
9026
9025
9024
9009
9008
9007
9005
8993
8993
8988
8985
8980
8975
8974
8967
8963
8962
8961
8956
8956
8947
8945
8942
8941
8940
8939
8933
8933
8932
8915
8914
8911
8904
8900
8900
8896
8887
8884
8883
8883
8881
8880
8875
8866
8859
8853
8850
8850
8842
8840
8839
8837
8832
8826
8824
8817
8813
8811
8805
8803
8801
8797
8797
8787
8787
8783
8782
8782
8778
8775
8769
8766
8761
8752
8750
8748
8747
8742
8739
8738
8738
8737
8732
8729
8728
8726
8721
8718
8717
8714
8713
8712
8710
8710
8702
8701
8696
8695
8694
8693
8688
8688
8687
8684
8684
8684
8684
8680
8674
8674
8673
8668
8667
8663
8663
8661
8659
8658
8655
8653
8645
8643
8640
8640
8634
8633
8631
8622
8621
8619
8616
8615
8615
8613
8610
8610
8610
8607
8606
8601
8598
8597
8595
8595
8592
8588
8588
8583
8583
8579
8575
8574
8573
8573
8571
8564
8559
8556
8554
8554
8550
8546
8544
8539
8538
8537
8537
8535
8534
8532
8530
8529
8523
8519
8516
8516
8509
8509
8504
8500
8499
8497
8495
8492
8485
8483
8482
8481
8478
8470
8468
8452
8445
8436
8435
8426
8425
8425
8423
8420
8418
8418
8417
8408
8408
8408
8404
8400
8400
8396
8395
8393
8392
8386
8384
8380
8380
8374
8371
8371
8360
8358
8358
8355
8352
8350
8349
8348
8346
8343
8343
8337
8336
8336
8334
8332
8323
8321
8319
8319
8314
8314
8307
8307
8304
8303
8302
8301
8296
8294
8290
8289
8276
8271
8268
8265
8265
8261
8260
8256
8248
8248
8246
8239
8236
8228
8227
8226
8221
8220
8215
8209
8208
8205
8201
8199
8198
8197
8194
8191
8190
8179
8173
8172
8161
8160
8158
8151
8149
8148
8146
8145
8137
8136
8135
8135
8134
8131
8129
8128
8125
8118
8118
8116
8104
8103
8102
8100
8097
8095
8094
8091
8091
8087
8084
8077
8074
8072
8070
8066
8063
8062
8062
8057
8057
8055
8054
8053
8048
8044
8042
8042
8041
8041
8040
8036
8030
8027
8026
8024
8019
8018
8017
8015
8013
8012
8007
8007
8002
8001
8000
8000
7998
7997
7996
7995
7982
7981
7974
7972
7962
7957
7957
7955
7951
7949
7943
7939
7938
7937
7934
7932
7929
7920
7920
7920
7917
7914
7910
7909
7907
7904
7904
7899
7898
7894
7891
7888
7886
7885
7882
7881
7879
7876
7874
7873
7872
7870
7867
7864
7863
7861
7858
7858
7855
7854
7850
7849
7849
7840
7837
7833
7832
7829
7817
7817
7816
7810
7809
7806
7803
7801
7800
7795
7793
7791
7788
7787
7786
7785
7785
7780
7774
7772
7772
7769
7768
7767
7767
7766
7764
7764
7764
7759
7759
7758
7755
7749
7743
7741
7741
7741
7728
7727
7721
7720
7718
7706
7702
7698
7686
7680
7675
7672
7671
7671
7671
7670
7669
7667
7663
7659
7653
7652
7650
7649
7647
7645
7644
7643
7640
7636
7632
7623
7622
7620
7620
7617
7614
7611
7603
7599
7599
7598
7597
7595
7587
7586
7585
7573
7572
7571
7568
7568
7566
7566
7563
7557
7557
7555
7540
7534
7533
7530
7528
7525
7522
7520
7519
7514
7513
7513
7511
7511
7510
7508
7504
7503
7502
7492
7489
7487
7484
7484
7483
7480
7479
7477
7472
7470
7468
7467
7465
7463
7461
7461
7459
7459
7457
7455
7449
7448
7446
7444
7440
7439
7438
7437
7436
7435
7432
7428
7426
7422
7414
7410
7409
7398
7396
7392
7390
7386
7383
7382
7379
7379
7379
7369
7368
7366
7362
7360
7360
7359
7355
7352
7349
7348
7344
7344
7339
7338
7338
7337
7336
7329
7329
7327
7326
7324
7319
7317
7315
7309
7305
7304
7304
7303
7303
7300
7298
7293
7291
7288
7287
7279
7279
7274
7274
7274
7273
7269
7268
7267
7265
7264
7260
7258
7253
7251
7250
7248
7248
7246
7245
7242
7242
7237
7234
7233
7232
7231
7231
7216
7215
7210
7208
7204
7204
7203
7192
7183
7181
7178
7178
7173
7167
7166
7166
7164
7163
7160
7160
7155
7136
7133
7129
7128
7123
7120
7119
7118
7113
7101
7095
7092
7090
7090
7089
7085
7079
7073
7073
7067
7064
7059
7057
7055
7052
7049
7045
7044
7040
7033
7028
7028
7024
7023
7022
7021
7020
7020
7020
7019
7017
7015
7008
7001
6999
6990
6990
6988
6986
6983
6978
6975
6972
6967
6966
6965
6957
6949
6947
6942
6942
6941
6941
6936
6932
6931
6931
6931
6927
6925
6924
6921
6918
6911
6910
6902
6901
6901
6900
6899
6898
6895
6892
6886
6885
6873
6873
6863
6863
6862
6860
6860
6856
6851
6850
6847
6845
6840
6838
6838
6837
6833
6833
6825
6822
6820
6818
6817
6814
6810
6809
6799
6797
6794
6790
6787
6787
6783
6779
6774
6771
6754
6748
6733
6732
6731
6729
6729
6722
6721
6713
6703
6703
6702
6701
6700
6700
6698
6696
6695
6694
6692
6683
6682
6681
6677
6677
6677
6675
6673
6672
6672
6670
6669
6666
6665
6665
6663
6658
6657
6655
6654
6653
6653
6652
6652
6651
6651
6651
6648
6647
6643
6635
6634
6630
6628
6626
6625
6614
6613
6610
6609
6609
6606
6604
6603
6584
6584
6582
6579
6578
6576
6571
6570
6565
6559
6558
6556
6556
6549
6548
6545
6545
6542
6541
6538
6536
6535
6525
6519
6519
6513
6509
6508
6506
6505
6505
6503
6496
6495
6493
6488
6485
6484
6483
6479
6470
6458
6455
6450
6439
6435
6428
6427
6422
6420
6419
6410
6410
6409
6402
6401
6399
6388
6387
6383
6376
6369
6362
6361
6356
6354
6351
6349
6347
6347
6346
6344
6342
6341
6332
6327
6324
6322
6321
6317
6317
6316
6312
6309
6306
6303
6285
6284
6283
6280
6278
6276
6273
6271
6271
6270
6267
6255
6253
6252
6250
6250
6246
6246
6245
6242
6241
6239
6237
6237
6236
6235
6212
6212
6211
6207
6207
6201
6201
6199
6198
6197
6197
6191
6190
6190
6181
6179
6177
6176
6175
6169
6165
6156
6156
6156
6155
6151
6144
6143
6143
6141
6141
6141
6141
6133
6130
6128
6128
6109
6107
6106
6102
6094
6094
6093
6092
6091
6090
6086
6081
6080
6076
6076
6074
6069
6065
6058
6057
6056
6056
6054
6053
6051
6047
6043
6040
6040
6037
6031
6031
6025
6024
6024
6021
6017
6015
6009
6009
5999
5999
5999
5999
5997
5988
5987
5981
5980
5976
5969
5965
5965
5964
5958
5956
5950
5949
5945
5943
5936
5927
5927
5925
5925
5922
5902
5901
5900
5900
5899
5893
5882
5882
5878
5878
5868
5865
5863
5858
5854
5854
5849
5844
5844
5844
5830
5828
5826
5822
5820
5812
5809
5809
5801
5799
5797
5794
5793
5792
5789
5789
5779
5773
5769
5766
5765
5759
5759
5757
5754
5752
5742
5739
5736
5734
5732
5731
5725
5721
5721
5717
5706
5694
5687
5682
5679
5679
5670
5666
5666
5665
5665
5664
5657
5656
5651
5649
5648
5646
5644
5641
5633
5632
5619
5607
5599
5594
5592
5589
5588
5585
5583
5581
5580
5579
5578
5575
5573
5572
5570
5569
5568
5567
5564
5562
5557
5556
5553
5553
5549
5540
5540
5540
5539
5536
5533
5528
5528
5522
5521
5517
5515
5510
5509
5504
5502
5499
5490
5482
5481
5472
5471
5468
5467
5467
5465
5442
5441
5440
5429
5424
5416
5416
5409
5409
5408
5404
5403
5400
5399
5396
5394
5393
5390
5387
5386
5385
5385
5384
5375
5371
5369
5366
5366
5363
5361
5357
5351
5350
5347
5346
5346
5345
5336
5332
5327
5319
5317
5309
5307
5304
5302
5294
5293
5283
5277
5272
5270
5269
5269
5262
5259
5259
5255
5253
5251
5245
5242
5240
5240
5237
5234
5230
5225
5218
5210
5205
5203
5203
5201
5196
5185
5183
5182
5177
5170
5170
5169
5164
5163
5163
5162
5162
5159
5159
5158
5157
5157
5154
5154
5147
5136
5134
5132
5126
5123
5120
5118
5116
5113
5096
5095
5077
5072
5068
5063
5056
5055
5046
5046
5043
5041
5041
5039
5037
5037
5036
5034
5034
5034
5032
5024
5023
5020
5017
5017
5014
5014
5013
5010
5006
5004
5000
4999
4997
4996
4996
4994
4994
4992
4983
4973
4971
4971
4969
4961
4960
4958
4956
4954
4952
4948
4947
4946
4944
4943
4940
4931
4929
4927
4917
4915
4913
4908
4907
4905
4902
4902
4895
4894
4894
4888
4886
4884
4883
4883
4882
4879
4878
4877
4871
4870
4868
4862
4851
4851
4847
4844
4843
4840
4840
4838
4837
4833
4833
4832
4831
4829
4828
4828
4826
4824
4824
4823
4822
4820
4817
4817
4814
4811
4811
4805
4804
4803
4799
4797
4797
4795
4794
4793
4793
4792
4783
4782
4781
4779
4778
4768
4767
4764
4764
4761
4753
4751
4749
4748
4748
4742
4737
4736
4735
4732
4731
4726
4725
4722
4721
4720
4720
4714
4708
4708
4705
4704
4704
4695
4695
4691
4683
4681
4678
4671
4668
4663
4660
4657
4652
4651
4650
4642
4640
4639
4635
4629
4625
4622
4621
4618
4611
4611
4609
4604
4602
4600
4596
4594
4588
4587
4585
4583
4582
4582
4581
4581
4579
4578
4577
4575
4573
4570
4570
4566
4562
4560
4559
4555
4552
4547
4546
4546
4544
4544
4541
4540
4535
4532
4530
4528
4528
4525
4523
4515
4515
4507
4503
4499
4498
4495
4481
4479
4478
4476
4473
4467
4466
4465
4462
4462
4458
4452
4444
4442
4440
4435
4432
4429
4422
4418
4418
4402
4402
4391
4389
4383
4383
4379
4376
4375
4374
4372
4371
4369
4365
4364
4364
4362
4360
4357
4354
4349
4348
4344
4344
4343
4335
4332
4330
4330
4329
4327
4325
4322
4317
4315
4307
4304
4303
4303
4302
4301
4301
4299
4297
4296
4292
4288
4285
4281
4281
4280
4279
4278
4275
4274
4258
4256
4253
4251
4246
4246
4243
4242
4242
4240
4240
4239
4235
4233
4225
4223
4219
4218
4216
4214
4214
4211
4211
4209
4201
4199
4197
4196
4191
4191
4190
4190
4186
4182
4174
4171
4170
4170
4169
4167
4167
4165
4165
4164
4163
4161
4160
4159
4158
4152
4152
4152
4150
4149
4148
4144
4143
4141
4139
4138
4138
4138
4135
4131
4131
4128
4128
4126
4120
4120
4114
4112
4111
4108
4105
4101
4095
4095
4089
4088
4082
4076
4069
4069
4066
4065
4064
4056
4055
4047
4046
4044
4044
4032
4029
4028
4024
4022
4022
4021
4021
4017
4016
4015
4015
4011
4008
4005
4004
3997
3994
3992
3992
3987
3985
3982
3979
3978
3975
3972
3964
3960
3956
3955
3955
3945
3938
3929
3927
3926
3920
3919
3917
3912
3910
3907
3907
3904
3900
3900
3899
3897
3894
3892
3890
3887
3884
3883
3883
3882
3873
3873
3868
3866
3861
3861
3859
3853
3852
3851
3849
3844
3843
3834
3832
3827
3826
3824
3814
3813
3803
3797
3794
3790
3788
3771
3769
3766
3762
3761
3757
3756
3751
3747
3739
3732
3730
3728
3727
3720
3718
3715
3715
3714
3714
3712
3709
3706
3703
3702
3701
3700
3700
3690
3684
3680
3671
3669
3669
3667
3667
3660
3659
3658
3658
3651
3648
3647
3646
3645
3639
3639
3637
3629
3628
3627
3623
3617
3616
3615
3612
3610
3607
3606
3603
3587
3584
3583
3579
3578
3577
3576
3575
3574
3570
3569
3565
3562
3560
3560
3559
3558
3558
3553
3551
3551
3549
3546
3544
3541
3539
3537
3537
3533
3532
3532
3531
3529
3527
3524
3515
3515
3514
3510
3509
3509
3506
3505
3504
3498
3496
3494
3493
3489
3481
3477
3476
3471
3471
3469
3467
3466
3464
3462
3456
3449
3443
3437
3425
3425
3421
3410
3408
3407
3398
3394
3384
3383
3378
3378
3376
3373
3361
3360
3356
3355
3352
3349
3347
3343
3337
3334
3329
3328
3319
3318
3314
3310
3307
3301
3295
3293
3285
3281
3275
3274
3273
3266
3256
3255
3253
3251
3250
3250
3243
3243
3241
3241
3240
3239
3237
3232
3229
3223
3220
3219
3217
3216
3216
3213
3213
3210
3209
3208
3206
3205
3205
3200
3198
3196
3189
3183
3176
3173
3168
3167
3165
3162
3160
3156
3153
3152
3144
3143
3143
3138
3137
3135
3126
3117
3116
3115
3108
3107
3107
3103
3098
3092
3087
3086
3081
3079
3077
3075
3074
3073
3070
3069
3069
3068
3064
3061
3057
3055
3051
3050
3049
3048
3044
3041
3037
3032
3025
3025
3021
3019
3011
3004
3001
3001
2999
2995
2993
2989
2989
2987
2986
2980
2978
2978
2978
2977
2973
2971
2962
2958
2957
2956
2954
2954
2954
2952
2951
2940
2938
2931
2931
2930
2929
2928
2926
2926
2921
2920
2920
2919
2916
2915
2912
2910
2908
2907
2905
2905
2905
2904
2903
2901
2900
2897
2895
2895
2889
2887
2886
2880
2880
2879
2871
2867
2862
2861
2861
2856
2852
2851
2846
2846
2845
2844
2844
2843
2842
2840
2840
2838
2829
2826
2822
2820
2816
2816
2815
2813
2813
2812
2812
2812
2807
2807
2806
2805
2802
2801
2799
2795
2794
2784
2784
2784
2778
2775
2773
2773
2770
2768
2765
2763
2763
2760
2760
2760
2760
2759
2758
2755
2753
2750
2748
2748
2739
2739
2738
2735
2732
2729
2728
2727
2726
2725
2724
2722
2714
2712
2707
2704
2695
2693
2686
2685
2679
2670
2670
2670
2669
2669
2665
2665
2665
2664
2662
2656
2655
2655
2654
2645
2643
2638
2635
2628
2621
2619
2610
2610
2608
2605
2604
2599
2597
2595
2592
2589
2581
2578
2577
2568
2566
2565
2563
2558
2558
2557
2556
2555
2550
2550
2547
2539
2533
2533
2531
2529
2523
2521
2516
2512
2511
2508
2506
2504
2502
2501
2500
2493
2485
2480
2474
2473
2472
2472
2464
2461
2460
2455
2450
2447
2446
2441
2439
2427
2425
2419
2413
2406
2404
2401
2400
2397
2395
2387
2379
2376
2373
2370
2364
2363
2363
2361
2354
2353
2344
2343
2341
2338
2334
2333
2331
2326
2319
2317
2314
2313
2309
2305
2305
2304
2303
2301
2299
2295
2286
2280
2279
2277
2275
2273
2268
2266
2266
2259
2258
2256
2251
2247
2247
2242
2239
2237
2237
2237
2236
2235
2235
2234
2226
2219
2214
2213
2211
2210
2208
2208
2207
2206
2205
2202
2200
2199
2197
2194
2193
2184
2183
2182
2177
2174
2167
2164
2164
2159
2159
2157
2145
2143
2142
2139
2132
2126
2126
2126
2123
2122
2118
2114
2108
2108
2108
2106
2102
2101
2097
2096
2090
2088
2084
2084
2073
2071
2069
2069
2065
2065
2064
2064
2062
2050
2044
2041
2040
2039
2035
2033
2027
2023
2022
2010
2007
2007
2000
1999
1999
1996
1996
1995
1985
1980
1976
1972
1972
1970
1961
1959
1956
1954
1952
1951
1943
1938
1938
1938
1934
1933
1917
1912
1904
1902
1901
1901
1895
1895
1893
1888
1888
1884
1883
1880
1876
1872
1870
1870
1867
1864
1864
1855
1854
1843
1839
1826
1826
1826
1825
1824
1818
1811
1808
1804
1801
1800
1798
1789
1786
1784
1777
1773
1756
1754
1754
1752
1749
1746
1741
1738
1736
1734
1731
1728
1724
1723
1721
1714
1711
1708
1706
1705
1703
1703
1702
1702
1697
1696
1696
1696
1692
1689
1688
1686
1682
1678
1676
1672
1670
1663
1649
1647
1647
1646
1646
1643
1642
1638
1636
1632
1624
1624
1623
1622
1622
1619
1612
1612
1610
1607
1607
1606
1605
1605
1602
1587
1582
1580
1577
1575
1575
1569
1569
1568
1566
1555
1553
1552
1549
1546
1545
1537
1536
1536
1524
1522
1521
1520
1520
1520
1513
1507
1504
1503
1502
1493
1491
1489
1485
1482
1482
1478
1478
1475
1466
1465
1465
1456
1454
1448
1448
1447
1444
1442
1438
1437
1432
1431
1431
1430
1430
1428
1426
1423
1420
1419
1417
1415
1415
1413
1412
1411
1401
1400
1392
1388
1384
1374
1372
1365
1360
1359
1355
1343
1343
1342
1341
1341
1335
1335
1334
1330
1328
1325
1324
1324
1323
1321
1321
1320
1315
1314
1310
1309
1309
1306
1306
1306
1305
1303
1302
1298
1293
1289
1289
1288
1285
1284
1282
1282
1278
1278
1277
1274
1271
1266
1264
1264
1263
1253
1253
1252
1243
1237
1236
1233
1230
1228
1220
1217
1214
1209
1205
1202
1198
1196
1196
1188
1187
1187
1185
1181
1179
1178
1175
1165
1159
1156
1154
1154
1151
1146
1144
1143
1135
1133
1133
1131
1125
1124
1124
1122
1119
1119
1118
1116
1109
1108
1101
1097
1093
1092
1090
1089
1085
1080
1079
1073
1072
1072
1072
1067
1067
1066
1064
1062
1062
1060
1059
1053
1052
1050
1046
1046
1045
1045
1044
1043
1041
1039
1034
1034
1033
1031
1028
1019
1018
1018
1008
1003
1002
1000
1000
999
998
992
992
985
978
976
970
965
965
964
964
962
962
959
957
952
948
946
945
943
943
940
938
935
934
931
930
929
927
927
925
925
925
919
918
912
911
911
901
899
894
885
883
881
879
878
875
870
867
864
863
863
857
853
852
847
839
837
833
831
827
826
826
821
819
817
811
809
809
808
804
802
800
797
787
787
781
780
779
777
776
774
771
770
767
766
766
765
759
757
757
749
741
741
737
736
736
735
734
733
732
731
730
727
726
726
724
722
722
722
716
716
714
711
708
706
706
701
684
684
682
677
667
654
653
648
645
640
639
636
636
636
635
631
630
621
617
615
614
609
603
602
602
598
595
594
591
591
591
589
587
585
584
584
581
575
574
568
567
566
562
562
556
551
551
547
546
545
544
543
539
531
530
529
528
524
523
515
513
513
511
509
509
507
504
500
496
494
493
493
492
489
488
485
478
478
471
465
463
459
457
447
444
441
439
430
421
419
417
415
412
412
410
410
408
405
404
402
398
394
384
377
377
376
375
372
363
362
359
358
357
354
352
350
348
348
348
346
343
341
340
338
338
338
335
326
321
320
313
312
308
306
292
286
282
277
277
269
267
264
263
258
257
257
255
250
245
242
241
229
223
220
219
215
214
209
207
197
197
196
192
186
183
181
180
179
179
178
178
173
171
167
167
166
153
151
149
146
143
136
133
131
128
127
125
119
119
116
112
106
104
99
98
96
86
71
68
65
53
52
51
51
51
50
46
45
45
43
42
41
38
35
33
30
29
27
25
24
15
10
9
8
6
3
1
