0
0
1
2
5
8
11
12
12
12
13
14
14
14
14
15
16
16
17
20
20
21
21
22
22
23
24
25
26
28
28
29
30
31
32
33
34
35
35
35
36
37
39
40
43
44
44
44
46
47
47
48
49
49
51
52
53
55
56
57
65
65
65
65
67
67
69
69
69
70
72
73
77
78
78
83
85
85
87
87
89
92
93
93
94
97
99
100
102
102
103
103
107
107
107
108
112
113
113
115
116
118
119
122
125
125
126
126
127
128
129
130
132
132
133
133
135
135
138
139
139
139
144
144
145
145
147
147
148
149
149
150
151
151
152
153
153
153
153
154
159
160
161
162
165
167
169
171
171
171
172
172
174
175
177
177
178
181
182
186
186
187
188
190
195
198
198
199
199
200
200
202
206
207
207
207
209
209
210
212
215
215
217
220
221
222
222
227
228
230
230
231
231
231
233
234
234
235
236
236
237
237
242
243
243
244
245
249
249
250
255
255
256
256
258
258
260
265
265
265
265
267
268
268
270
272
273
274
276
277
277
279
280
284
289
290
294
295
296
298
298
299
299
301
301
302
304
305
306
307
308
310
311
313
314
314
315
315
316
319
322
322
322
323
323
323
324
324
325
325
326
326
326
327
327
329
330
330
331
332
333
334
335
337
338
338
340
340
342
345
345
345
345
348
348
349
349
349
350
352
355
356
358
359
359
360
360
363
364
365
369
370
371
372
372
374
379
381
382
382
382
383
384
385
385
388
390
391
393
396
396
398
399
399
399
399
399
400
401
402
403
406
408
409
410
410
411
413
414
416
418
418
421
422
424
425
426
430
432
434
435
436
440
441
441
444
445
446
447
450
450
450
452
452
452
453
456
456
457
459
460
462
463
464
466
466
467
467
469
470
470
471
471
472
473
474
475
477
477
478
479
479
479
481
481
482
483
484
485
486
486
487
488
490
491
491
492
492
492
495
495
495
498
498
499
501
501
504
504
505
507
507
508
508
508
510
511
513
514
515
516
516
518
519
521
523
525
525
526
528
528
528
531
532
536
536
537
538
538
541
542
543
543
546
546
547
547
547
550
550
551
551
553
553
553
553
557
562
563
564
566
568
571
575
577
580
581
582
582
583
583
584
584
586
589
592
593
594
594
594
595
595
597
597
598
598
600
600
601
602
602
602
603
603
604
607
607
608
609
609
610
611
613
613
614
615
617
619
620
620
620
622
623
624
624
625
625
626
629
630
631
632
634
635
635
637
637
638
640
640
643
645
647
649
649
651
655
657
659
661
661
663
663
666
668
668
670
671
671
672
673
674
674
675
678
679
680
682
684
684
684
684
685
685
687
687
687
688
689
689
689
689
690
690
691
692
692
695
699
700
700
700
700
701
706
706
706
707
711
714
714
715
715
721
722
723
726
726
729
731
732
733
734
737
738
741
742
744
744
746
746
748
750
750
750
751
751
753
754
756
758
759
759
760
760
762
765
766
767
769
770
780
781
783
785
787
791
792
792
793
793
796
798
799
803
803
804
805
806
808
810
810
812
812
813
814
814
814
815
816
816
817
818
818
819
819
819
820
821
821
821
828
829
833
834
836
836
839
841
841
843
844
845
845
845
846
846
847
849
850
851
851
853
857
858
859
860
861
861
862
863
865
867
867
872
873
873
873
874
875
875
875
876
878
880
881
881
883
883
884
885
886
886
886
887
887
888
889
889
890
891
891
893
893
893
894
894
896
898
900
902
903
903
903
904
904
905
905
909
911
912
912
913
913
914
917
918
918
918
919
919
922
924
926
927
927
932
933
933
934
934
935
935
935
936
937
940
941
941
942
943
945
946
948
950
950
953
956
957
957
958
959
959
961
962
963
964
967
968
970
971
975
978
983
986
986
987
990
991
992
992
994
994
995
999
1001
1003
1003
1012
1014
1015
1016
1018
1018
1021
1023
1028
1029
1029
1029
1032
1032
1032
1034
1035
1038
1039
1042
1045
1046
1046
1047
1047
1049
1050
1050
1050
1051
1054
1056
1058
1059
1061
1062
1062
1065
1065
1065
1067
1068
1068
1069
1071
1072
1073
1074
1074
1077
1079
1082
1082
1082
1083
1084
1085
1086
1086
1086
1087
1088
1088
1090
1090
1091
1092
1093
1093
1094
1094
1096
1097
1099
1102
1103
1105
1106
1106
1106
1106
1107
1107
1107
1108
1108
1110
1111
1111
1114
1116
1116
1117
1117
1119
1122
1122
1122
1124
1127
1132
1133
1135
1135
1137
1141
1141
1142
1143
1144
1146
1146
1146
1147
1150
1152
1154
1154
1155
1158
1159
1161
1162
1165
1166
1167
1167
1169
1169
1174
1174
1175
1177
1180
1180
1181
1181
1182
1182
1183
1183
1187
1187
1188
1189
1189
1192
1192
1192
1195
1196
1196
1198
1199
1200
1200
1201
1201
1202
1202
1203
1204
1204
1205
1205
1206
1206
1206
1206
1207
1208
1209
1210
1211
1212
1213
1214
1214
1214
1214
1217
1218
1219
1222
1222
1225
1227
1229
1229
1230
1230
1231
1231
1232
1233
1233
1236
1236
1237
1238
1239
1239
1240
1241
1242
1243
1243
1244
1246
1248
1249
1250
1250
1252
1253
1253
1254
1255
1255
1255
1256
1257
1258
1259
1259
1261
1261
1262
1262
1262
1262
1263
1263
1263
1263
1264
1265
1265
1266
1266
1273
1273
1277
1277
1283
1284
1284
1285
1288
1288
1288
1289
1289
1290
1291
1292
1293
1296
1297
1297
1301
1301
1302
1304
1307
1308
1310
1313
1315
1317
1317
1318
1319
1321
1321
1322
1323
1327
1329
1331
1333
1333
1333
1334
1336
1338
1338
1339
1340
1342
1344
1345
1345
1346
1346
1347
1347
1349
1353
1354
1354
1356
1357
1358
1358
1358
1361
1365
1365
1366
1367
1367
1368
1368
1371
1371
1372
1373
1374
1374
1379
1380
1380
1381
1382
1382
1384
1386
1386
1387
1387
1388
1388
1388
1389
1393
1393
1394
1396
1397
1397
1397
1397
1398
1398
1399
1400
1400
1402
1402
1403
1404
1408
1408
1408
1408
1409
1409
1410
1411
1411
1412
1413
1414
1415
1415
1415
1416
1417
1418
1418
1418
1419
1419
1421
1422
1423
1423
1425
1426
1427
1429
1429
1431
1434
1434
1436
1438
1440
1443
1443
1444
1445
1446
1446
1447
1447
1448
1451
1451
1454
1456
1456
1456
1461
1464
1465
1466
1467
1468
1469
1474
1474
1475
1475
1475
1476
1481
1483
1484
1484
1484
1484
1485
1485
1486
1487
1487
1491
1491
1492
1493
1493
1494
1494
1494
1496
1498
1499
1502
1503
1503
1504
1507
1508
1508
1511
1511
1512
1513
1513
1513
1514
1515
1518
1519
1520
1520
1526
1528
1529
1530
1534
1535
1536
1536
1537
1540
1542
1542
1543
1544
1544
1549
1550
1550
1550
1552
1553
1553
1554
1554
1560
1560
1560
1562
1563
1564
1569
1573
1573
1574
1574
1575
1576
1577
1577
1578
1580
1581
1581
1582
1583
1584
1585
1587
1587
1591
1592
1594
1596
1599
1600
1601
1604
1605
1611
1613
1614
1614
1615
1615
1615
1616
1617
1617
1617
1619
1619
1620
1620
1623
1625
1626
1626
1628
1629
1629
1637
1637
1641
1643
1644
1646
1646
1647
1649
1649
1649
1650
1650
1650
1654
1655
1656
1658
1658
1659
1665
1667
1669
1669
1670
1671
1671
1674
1682
1682
1683
1685
1686
1687
1688
1689
1691
1693
1693
1694
1695
1698
1698
1698
1699
1700
1701
1702
1702
1702
1703
1703
1703
1703
1704
1704
1706
1706
1707
1707
1709
1710
1715
1717
1721
1721
1724
1726
1728
1728
1729
1729
1730
1732
1736
1737
1738
1738
1739
1739
1741
1741
1747
1748
1751
1752
1755
1755
1755
1756
1756
1757
1759
1759
1760
1760
1761
1761
1761
1763
1765
1765
1766
1766
1767
1767
1767
1768
1769
1772
1772
1772
1774
1774
1775
1775
1777
1779
1779
1780
1781
1781
1785
1785
1787
1787
1790
1792
1795
1796
1797
1799
1799
1799
1802
1803
1803
1803
1804
1808
1810
1811
1811
1811
1811
1812
1813
1814
1814
1815
1815
1815
1816
1821
1823
1824
1829
1834
1834
1835
1836
1839
1841
1842
1845
1845
1847
1847
1851
1855
1858
1858
1861
1864
1864
1864
1865
1868
1869
1870
1873
1874
1875
1878
1878
1880
1881
1883
1884
1887
1887
1888
1888
1892
1892
1893
1894
1895
1896
1896
1896
1896
1897
1897
1899
1900
1901
1902
1902
1902
1905
1907
1907
1910
1910
1910
1911
1911
1912
1916
1916
1918
1919
1920
1920
1921
1923
1923
1924
1924
1925
1926
1928
1928
1928
1930
1931
1933
1934
1935
1938
1941
1942
1945
1947
1947
1948
1949
1952
1952
1953
1955
1955
1958
1958
1958
1959
1961
1961
1965
1968
1969
1969
1970
1970
1970
1971
1973
1974
1975
1976
1976
1979
1981
1981
1982
1982
1984
1985
1986
1986
1987
1987
1990
1991
1992
1992
1992
1993
1995
1996
1997
1999
2000
2003
2003
2003
2005
2006
2007
2008
2008
2009
2011
2011
2013
2016
2017
2018
2018
2018
2020
2021
2022
2022
2023
2024
2025
2029
2030
2030
2030
2031
2031
2032
2035
2038
2038
2040
2040
2042
2044
2045
2045
2045
2045
2046
2046
2046
2047
2047
2050
2051
2052
2053
2055
2056
2056
2058
2059
2064
2064
2066
2067
2068
2068
2068
2068
2069
2070
2070
2071
2072
2073
2074
2075
2076
2077
2078
2079
2080
2081
2081
2084
2084
2086
2087
2088
2091
2093
2093
2095
2095
2095
2095
2096
2098
2098
2099
2101
2102
2102
2104
2104
2106
2109
2109
2110
2112
2113
2115
2115
2117
2119
2122
2123
2124
2124
2124
2126
2126
2127
2127
2127
2128
2128
2128
2130
2130
2131
2132
2133
2134
2135
2137
2137
2139
2141
2141
2142
2143
2143
2144
2144
2146
2149
2152
2152
2153
2157
2159
2160
2161
2162
2162
2164
2165
2167
2167
2168
2170
2173
2173
2174
2176
2177
2177
2178
2179
2180
2180
2182
2182
2183
2186
2187
2188
2188
2189
2189
2190
2191
2193
2195
2196
2196
2198
2199
2199
2201
2204
2205
2207
2208
2209
2210
2212
2214
2215
2215
2216
2217
2221
2223
2223
2224
2224
2224
2225
2225
2225
2227
2227
2227
2228
2229
2229
2229
2231
2232
2232
2233
2233
2237
2237
2238
2240
2240
2241
2241
2241
2242
2243
2245
2246
2247
2248
2249
2254
2254
2256
2257
2258
2259
2259
2259
2259
2259
2260
2262
2263
2264
2266
2268
2270
2272
2272
2274
2276
2277
2277
2278
2280
2281
2282
2282
2283
2284
2291
2291
2292
2297
2297
2298
2299
2300
2302
2303
2303
2304
2306
2306
2306
2307
2309
2311
2312
2312
2312
2313
2314
2314
2315
2315
2316
2317
2317
2317
2319
2323
2324
2324
2324
2326
2328
2329
2329
2331
2333
2336
2340
2340
2340
2341
2342
2342
2344
2346
2347
2348
2348
2348
2350
2351
2352
2355
2356
2356
2356
2359
2360
2361
2361
2364
2364
2365
2367
2368
2368
2370
2373
2373
2373
2375
2376
2377
2379
2379
2381
2382
2383
2385
2386
2386
2388
2391
2391
2394
2396
2397
2399
2400
2400
2401
2402
2404
2406
2407
2407
2409
2409
2410
2411
2412
2412
2414
2416
2416
2417
2417
2418
2418
2418
2418
2419
2421
2422
2422
2424
2425
2426
2427
2427
2432
2433
2434
2436
2437
2437
2437
2437
2438
2438
2439
2446
2447
2448
2448
2448
2449
2450
2451
2454
2455
2455
2456
2458
2458
2459
2459
2459
2459
2459
2460
2461
2462
2465
2466
2466
2467
2468
2471
2471
2474
2475
2475
2476
2476
2476
2477
2478
2479
2480
2480
2481
2482
2483
2483
2484
2484
2485
2489
2493
2494
2494
2496
2497
2497
2499
2499
2500
2501
2504
2504
2506
2506
2506
2511
2512
2513
2513
2514
2517
2518
2519
2519
2520
2520
2521
2521
2524
2526
2526
2528
2529
2531
2532
2532
2533
2535
2535
2538
2540
2540
2543
2543
2545
2546
2549
2550
2551
2551
2552
2553
2555
2557
2557
2558
2558
2558
2561
2563
2566
2568
2569
2570
2571
2571
2573
2573
2575
2575
2578
2578
2578
2578
2578
2578
2579
2580
2580
2580
2581
2581
2581
2581
2587
2587
2587
2587
2587
2588
2589
2589
2590
2591
2592
2593
2593
2595
2598
2599
2599
2599
2600
2601
2602
2605
2606
2606
2607
2607
2607
2607
2609
2610
2614
2616
2617
2618
2621
2623
2624
2625
2627
2628
2630
2631
2633
2635
2635
2636
2636
2637
2639
2641
2641
2642
2643
2644
2644
2648
2650
2651
2652
2653
2654
2654
2656
2658
2659
2659
2661
2661
2661
2661
2662
2662
2664
2665
2665
2665
2665
2666
2666
2667
2668
2668
2669
2670
2674
2675
2675
2675
2677
2681
2683
2684
2690
2690
2690
2692
2693
2693
2694
2695
2695
2699
2700
2703
2703
2704
2704
2705
2707
2708
2708
2709
2709
2709
2710
2710
2711
2712
2715
2715
2717
2717
2718
2719
2721
2721
2722
2722
2722
2724
2727
2730
2731
2732
2732
2735
2736
2738
2738
2741
2743
2744
2745
2746
2746
2747
2747
2747
2748
2749
2753
2754
2755
2760
2761
2762
2762
2766
2767
2767
2768
2768
2769
2770
2771
2771
2772
2772
2772
2773
2775
2776
2777
2779
2779
2782
2784
2785
2787
2787
2787
2788
2792
2792
2792
2793
2795
2795
2797
2802
2803
2803
2804
2805
2809
2809
2814
2815
2816
2818
2818
2820
2821
2821
2822
2822
2822
2823
2826
2828
2829
2829
2830
2831
2831
2831
2833
2833
2840
2840
2841
2841
2843
2843
2845
2847
2849
2852
2853
2854
2855
2856
2856
2857
2858
2862
2864
2866
2868
2868
2868
2869
2872
2874
2877
2879
2879
2881
2881
2883
2883
2883
2884
2885
2885
2890
2890
2890
2892
2893
2895
2897
2897
2897
2899
2900
2901
2901
2904
2904
2904
2906
2907
2907
2909
2909
2910
2910
2910
2914
2915
2916
2917
2918
2921
2923
2924
2924
2926
2928
2928
2928
2931
2931
2932
2933
2933
2935
2935
2936
2936
2937
2939
2942
2943
2944
2946
2946
2946
2947
2948
2949
2949
2953
2954
2954
2956
2956
2956
2957
2957
2959
2961
2961
2961
2962
2963
2968
2969
2969
2970
2971
2974
2978
2978
2981
2982
2985
2988
2988
2989
2989
2989
2993
2994
2996
2996
2997
2997
2999
3000
3001
3001
3004
3008
3010
3010
3010
3011
3013
3013
3014
3016
3016
3019
3020
3020
3020
3022
3023
3024
3025
3026
3028
3029
3030
3034
3036
3037
3037
3038
3038
3039
3039
3040
3041
3042
3043
3045
3046
3047
3048
3049
3049
3049
3050
3051
3052
3054
3056
3058
3059
3061
3064
3065
3068
3071
3073
3077
3077
3078
3079
3082
3083
3083
3084
3086
3086
3087
3088
3088
3090
3091
3093
3094
3094
3096
3097
3098
3100
3100
3101
3102
3102
3104
3106
3107
3108
3108
3110
3111
3111
3111
3112
3113
3113
3114
3115
3117
3119
3119
3120
3126
3128
3129
3129
3130
3131
3132
3132
3133
3133
3133
3134
3134
3134
3136
3138
3140
3140
3141
3141
3141
3143
3143
3144
3145
3146
3146
3147
3150
3151
3153
3153
3154
3155
3155
3157
3158
3161
3162
3163
3165
3166
3170
3172
3172
3174
3174
3175
3177
3177
3177
3178
3181
3181
3182
3183
3184
3184
3185
3186
3187
3190
3192
3193
3197
3201
3201
3201
3203
3204
3206
3206
3207
3209
3211
3211
3213
3215
3216
3216
3217
3225
3225
3226
3230
3230
3231
3233
3234
3235
3235
3236
3238
3238
3241
3242
3243
3243
3244
3244
3246
3246
3247
3247
3247
3247
3249
3253
3254
3256
3258
3259
3260
3261
3262
3262
3264
3265
3267
3267
3268
3270
3274
3274
3275
3276
3276
3277
3280
3280
3283
3283
3284
3284
3284
3285
3285
3286
3286
3288
3288
3290
3291
3292
3294
3295
3295
3296
3298
3298
3299
3299
3300
3300
3304
3308
3309
3314
3315
3315
3317
3318
3320
3321
3321
3321
3321
3322
3323
3324
3327
3328
3331
3332
3335
3338
3339
3340
3341
3342
3342
3342
3342
3343
3344
3344
3345
3345
3345
3345
3347
3352
3352
3354
3356
3356
3357
3358
3358
3361
3363
3363
3363
3364
3365
3366
3367
3367
3367
3368
3369
3373
3374
3374
3375
3375
3376
3377
3378
3379
3381
3381
3382
3385
3385
3386
3386
3387
3390
3392
3394
3398
3398
3399
3400
3400
3401
3402
3404
3404
3405
3408
3411
3411
3414
3415
3416
3418
3418
3419
3420
3420
3420
3423
3424
3425
3425
3427
3429
3431
3431
3433
3434
3435
3436
3436
3439
3442
3442
3442
3442
3444
3445
3445
3445
3446
3448
3449
3449
3449
3451
3452
3453
3454
3457
3457
3457
3460
3463
3465
3465
3466
3468
3468
3468
3468
3469
3469
3469
3471
3471
3471
3472
3473
3473
3474
3475
3475
3476
3477
3478
3483
3485
3485
3486
3487
3488
3489
3492
3492
3493
3494
3496
3496
3497
3499
3499
3501
3501
3502
3502
3503
3504
3504
3504
3505
3507
3509
3509
3511
3515
3518
3518
3519
3520
3526
3526
3527
3527
3528
3528
3528
3531
3531
3532
3532
3532
3534
3537
3537
3538
3539
3540
3541
3541
3543
3544
3544
3544
3547
3549
3550
3551
3553
3554
3554
3555
3556
3559
3559
3560
3562
3563
3564
3565
3566
3569
3570
3570
3574
3576
3576
3576
3577
3578
3578
3581
3583
3584
3584
3584
3585
3585
3586
3586
3592
3595
3595
3597
3598
3601
3601
3602
3603
3607
3608
3610
3611
3612
3615
3615
3616
3616
3616
3617
3617
3620
3620
3621
3622
3625
3625
3627
3627
3632
3633
3634
3635
3636
3636
3637
3637
3638
3639
3641
3643
3644
3646
3646
3646
3647
3649
3649
3649
3650
3650
3650
3651
3652
3653
3656
3656
3657
3658
3658
3658
3660
3662
3664
3664
3664
3664
3665
3666
3666
3667
3673
3673
3675
3675
3675
3676
3677
3677
3677
3678
3678
3679
3681
3681
3683
3685
3687
3687
3688
3689
3690
3691
3695
3695
3697
3701
3702
3704
3704
3704
3705
3706
3709
3710
3710
3714
3714
3715
3718
3718
3718
3720
3720
3721
3723
3724
3724
3724
3725
3726
3730
3732
3733
3733
3733
3734
3734
3736
3736
3740
3741
3743
3743
3744
3746
3749
3750
3750
3751
3752
3753
3753
3755
3755
3760
3761
3761
3762
3763
3765
3766
3771
3771
3772
3773
3776
3777
3779
3781
3781
3781
3784
3785
3787
3790
3794
3797
3799
3799
3799
3802
3803
3804
3806
3809
3811
3811
3812
3812
3813
3814
3816
3817
3820
3820
3823
3823
3824
3825
3827
3829
3829
3831
3832
3832
3832
3834
3836
3836
3837
3837
3838
3841
3842
3842
3842
3842
3843
3843
3844
3847
3847
3848
3848
3848
3848
3849
3850
3850
3850
3851
3851
3851
3853
3853
3853
3854
3854
3854
3858
3859
3859
3860
3860
3862
3866
3867
3867
3869
3869
3872
3874
3875
3877
3878
3879
3882
3883
3883
3884
3885
3886
3889
3890
3893
3893
3893
3895
3896
3897
3898
3898
3899
3899
3900
3900
3901
3907
3909
3909
3910
3914
3915
3915
3916
3919
3921
3921
3922
3924
3926
3931
3932
3933
3935
3937
3938
3938
3939
3939
3940
3941
3943
3945
3946
3946
3946
3946
3947
3947
3950
3950
3953
3955
3956
3956
3958
3961
3961
3964
3964
3965
3965
3965
3965
3966
3966
3968
3969
3970
3971
3974
3975
3976
3976
3979
3980
3980
3982
3983
3983
3985
3987
3988
3990
3991
3992
3993
3995
3999
3999
4000
4000
4001
4001
4001
4002
4003
4003
4003
4003
4004
4005
4009
4009
4012
4013
4013
4013
4014
4014
4015
4016
4019
4019
4020
4021
4022
4024
4025
4026
4028
4029
4029
4030
4031
4031
4031
4031
4032
4034
4036
4036
4038
4039
4040
4041
4042
4044
4045
4047
4048
4049
4049
4051
4052
4052
4052
4053
4053
4057
4057
4058
4059
4060
4061
4062
4066
4066
4068
4068
4069
4070
4070
4071
4071
4071
4074
4075
4077
4078
4079
4079
4080
4082
4082
4082
4083
4085
4085
4086
4089
4089
4091
4092
4096
4097
4098
4100
4100
4100
4102
4102
4104
4111
4112
4113
4113
4113
4114
4116
4118
4120
4121
4121
4121
4123
4124
4124
4126
4127
4128
4129
4130
4131
4132
4133
4134
4135
4137
4139
4140
4145
4149
4149
4149
4150
4151
4152
4153
4154
4155
4155
4156
4156
4157
4158
4159
4159
4160
4160
4160
4161
4161
4161
4162
4163
4168
4168
4170
4171
4171
4171
4175
4177
4178
4178
4180
4180
4180
4185
4188
4189
4190
4195
4196
4196
4197
4198
4200
4202
4203
4204
4204
4204
4205
4207
4212
4212
4212
4214
4216
4216
4217
4217
4218
4218
4220
4220
4223
4223
4223
4223
4224
4225
4226
4229
4229
4229
4230
4231
4234
4234
4235
4236
4238
4238
4238
4239
4239
4239
4240
4241
4241
4247
4250
4251
4252
4253
4254
4255
4257
4258
4266
4266
4267
4268
4268
4270
4272
4272
4274
4274
4276
4279
4279
4280
4280
4280
4281
4284
4284
4285
4287
4287
4288
4290
4290
4291
4291
4292
4292
4294
4294
4296
4297
4298
4302
4302
4303
4303
4304
4304
4304
4305
4305
4306
4307
4307
4309
4309
4310
4311
4311
4312
4312
4314
4314
4314
4317
4320
4321
4322
4324
4325
4326
4327
4327
4328
4330
4331
4332
4332
4333
4337
4340
4341
4341
4347
4350
4351
4355
4355
4357
4359
4359
4360
4361
4361
4361
4362
4364
4364
4366
4367
4367
4368
4368
4369
4369
4370
4371
4372
4373
4374
4375
4375
4378
4380
4383
4388
4388
4389
4389
4389
4389
4389
4390
4390
4395
4396
4398
4399
4399
4401
4403
4405
4406
4407
4407
4407
4409
4410
4411
4412
4414
4414
4415
4415
4418
4418
4419
4420
4420
4421
4421
4422
4422
4422
4422
4423
4426
4427
4428
4428
4430
4430
4432
4432
4433
4433
4434
4435
4435
4439
4442
4445
4445
4447
4450
4450
4451
4452
4453
4453
4454
4455
4457
4457
4457
4458
4460
4460
4460
4460
4462
4463
4463
4463
4466
4467
4467
4469
4471
4474
4475
4477
4477
4477
4478
4480
4482
4482
4486
4486
4488
4489
4489
4491
4491
4494
4494
4494
4496
4496
4496
4498
4498
4498
4499
4501
4503
4504
4505
4506
4510
4510
4512
4512
4512
4512
4512
4514
4517
4517
4518
4521
4521
4521
4522
4523
4523
4525
4525
4526
4526
4526
4527
4527
4530
4530
4530
4531
4531
4533
4534
4535
4537
4538
4539
4539
4540
4542
4542
4543
4543
4544
4544
4548
4548
4549
4550
4551
4552
4553
4553
4554
4554
4555
4555
4557
4557
4557
4557
4561
4561
4562
4564
4566
4567
4568
4569
4569
4570
4571
4571
4572
4573
4573
4573
4576
4576
4577
4578
4579
4579
4582
4582
4583
4583
4585
4586
4588
4588
4590
4590
4591
4592
4592
4593
4594
4598
4599
4599
4602
4603
4604
4604
4605
4605
4605
4605
4606
4607
4607
4607
4608
4608
4610
4610
4611
4611
4613
4613
4613
4614
4615
4615
4617
4617
4618
4619
4620
4622
4623
4623
4624
4625
4630
4630
4630
4631
4636
4641
4642
4645
4645
4646
4647
4647
4648
4650
4651
4652
4655
4657
4657
4659
4660
4660
4660
4661
4662
4662
4667
4667
4668
4670
4671
4671
4671
4671
4672
4673
4674
4677
4678
4679
4681
4683
4688
4689
4689
4689
4690
4690
4692
4692
4694
4695
4695
4696
4696
4696
4699
4701
4701
4701
4702
4703
4703
4705
4706
4714
4714
4715
4716
4717
4718
4719
4720
4722
4722
4723
4725
4725
4726
4730
4730
4730
4731
4731
4733
4734
4738
4738
4739
4740
4742
4742
4745
4746
4749
4749
4750
4755
4755
4757
4758
4759
4759
4760
4761
4762
4765
4767
4768
4770
4772
4779
4783
4784
4785
4786
4787
4788
4794
4796
4800
4800
4801
4805
4805
4805
4806
4806
4807
4809
4810
4810
4813
4815
4816
4817
4817
4817
4818
4818
4818
4819
4821
4821
4822
4824
4825
4826
4826
4828
4828
4829
4829
4829
4830
4831
4832
4833
4835
4838
4840
4840
4841
4843
4843
4844
4844
4845
4846
4846
4847
4848
4848
4849
4851
4852
4852
4853
4853
4854
4856
4857
4860
4862
4864
4864
4866
4866
4867
4870
4873
4873
4874
4874
4877
4878
4878
4879
4884
4887
4888
4889
4889
4890
4890
4891
4892
4892
4893
4893
4893
4894
4895
4897
4897
4901
4901
4902
4903
4905
4905
4905
4908
4909
4909
4911
4912
4913
4914
4914
4914
4914
4917
4918
4920
4922
4923
4923
4924
4924
4925
4927
4927
4929
4929
4930
4931
4933
4935
4936
4936
4939
4941
4941
4942
4943
4947
4948
4952
4952
4953
4954
4955
4956
4958
4959
4961
4963
4964
4965
4966
4966
4966
4969
4969
4970
4970
4971
4972
4972
4974
4976
4979
4979
4979
4981
4985
4986
4987
4989
4990
4990
4991
4991
4994
4995
4996
4996
4997
5002
5003
5004
5006
5006
5006
5007
5008
5009
5009
5010
5010
5011
5011
5013
5014
5014
5016
5017
5019
5021
5023
5023
5024
5024
5027
5034
5034
5036
5036
5036
5036
5038
5038
5039
5039
5039
5040
5042
5042
5043
5044
5045
5046
5047
5047
5047
5048
5048
5049
5049
5049
5051
5051
5051
5052
5054
5054
5054
5055
5055
5056
5056
5060
5061
5061
5063
5066
5067
5067
5067
5068
5068
5068
5069
5069
5069
5072
5072
5072
5072
5075
5075
5076
5077
5079
5080
5081
5082
5082
5084
5085
5086
5087
5087
5092
5097
5099
5100
5101
5101
5103
5104
5104
5104
5108
5108
5108
5108
5109
5110
5111
5113
5113
5114
5114
5116
5116
5117
5123
5124
5126
5126
5128
5130
5134
5138
5140
5140
5141
5143
5143
5144
5154
5158
5159
5159
5160
5161
5162
5162
5162
5163
5163
5164
5166
5167
5168
5173
5173
5173
5175
5177
5177
5177
5177
5177
5180
5182
5183
5184
5187
5187
5187
5188
5188
5188
5189
5189
5191
5192
5193
5193
5194
5198
5198
5199
5199
5200
5200
5205
5206
5207
5207
5209
5210
5211
5211
5213
5215
5218
5218
5218
5219
5219
5221
5222
5223
5223
5226
5227
5229
5230
5231
5231
5232
5233
5235
5235
5236
5237
5237
5239
5240
5241
5243
5243
5246
5246
5247
5247
5247
5249
5250
5251
5251
5252
5252
5252
5253
5253
5255
5257
5260
5265
5266
5267
5269
5269
5269
5270
5270
5272
5272
5273
5276
5276
5280
5282
5283
5284
5284
5284
5285
5287
5287
5287
5288
5288
5289
5290
5291
5292
5293
5294
5295
5295
5296
5300
5301
5303
5303
5304
5305
5307
5308
5308
5309
5310
5311
5311
5313
5314
5316
5317
5317
5322
5322
5323
5324
5324
5325
5325
5326
5326
5327
5327
5328
5328
5329
5335
5335
5335
5336
5337
5340
5341
5343
5345
5345
5345
5346
5346
5346
5346
5348
5349
5349
5351
5353
5359
5360
5362
5362
5362
5362
5364
5365
5366
5368
5370
5372
5372
5372
5373
5376
5376
5377
5377
5378
5381
5381
5382
5384
5384
5385
5386
5387
5387
5388
5392
5393
5393
5393
5396
5401
5402
5403
5404
5405
5408
5409
5410
5411
5412
5414
5415
5415
5416
5416
5418
5418
5419
5420
5421
5421
5421
5425
5426
5426
5427
5430
5431
5431
5437
5438
5438
5438
5439
5440
5440
5440
5446
5450
5451
5452
5454
5455
5457
5457
5457
5457
5458
5459
5459
5459
5460
5461
5462
5462
5462
5463
5464
5464
5464
5464
5465
5467
5469
5472
5473
5474
5476
5479
5482
5482
5482
5485
5486
5486
5487
5488
5488
5490
5491
5491
5493
5493
5494
5495
5495
5497
5497
5497
5498
5498
5500
5501
5502
5503
5504
5505
5505
5507
5512
5512
5515
5515
5515
5516
5517
5522
5523
5524
5525
5529
5529
5531
5532
5532
5532
5532
5534
5535
5537
5540
5540
5542
5543
5545
5545
5548
5550
5551
5551
5552
5554
5555
5557
5557
5559
5560
5560
5560
5561
5562
5563
5563
5564
5567
5567
5568
5575
5576
5579
5580
5582
5583
5583
5584
5584
5588
5589
5589
5592
5596
5597
5598
5601
5603
5603
5605
5607
5610
5611
5612
5613
5614
5615
5617
5619
5622
5623
5623
5623
5626
5630
5630
5630
5630
5632
5633
5633
5633
5633
5633
5636
5638
5638
5639
5642
5644
5645
5646
5646
5649
5649
5649
5649
5651
5652
5653
5654
5655
5656
5657
5657
5658
5658
5659
5661
5661
5662
5664
5665
5667
5667
5667
5668
5672
5673
5676
5677
5677
5681
5681
5684
5686
5687
5690
5691
5691
5692
5692
5692
5696
5699
5699
5700
5701
5702
5706
5706
5707
5709
5715
5715
5718
5721
5722
5722
5723
5725
5726
5727
5727
5727
5729
5729
5731
5732
5735
5735
5735
5736
5738
5739
5739
5742
5742
5745
5745
5745
5748
5749
5751
5753
5754
5754
5755
5757
5759
5761
5761
5765
5769
5769
5770
5770
5770
5772
5772
5773
5775
5775
5775
5775
5776
5777
5778
5779
5782
5783
5784
5786
5786
5788
5789
5790
5790
5794
5796
5796
5799
5799
5800
5800
5801
5801
5803
5806
5807
5810
5811
5811
5811
5812
5813
5815
5819
5821
5827
5829
5830
5830
5831
5835
5836
5837
5837
5841
5843
5844
5846
5846
5847
5848
5849
5849
5850
5850
5851
5852
5853
5853
5854
5857
5858
5859
5861
5862
5862
5863
5864
5865
5867
5868
5869
5871
5871
5871
5873
5875
5876
5879
5880
5881
5883
5884
5884
5888
5889
5893
5895
5896
5896
5897
5897
5898
5898
5898
5898
5899
5899
5899
5901
5901
5904
5905
5906
5906
5908
5909
5912
5912
5913
5913
5916
5916
5919
5919
5919
5920
5922
5923
5927
5927
5929
5931
5931
5932
5932
5934
5935
5936
5938
5939
5941
5941
5942
5944
5945
5945
5945
5946
5946
5946
5946
5947
5950
5953
5954
5956
5957
5958
5961
5961
5962
5964
5964
5965
5966
5966
5967
5967
5967
5971
5971
5974
5976
5978
5978
5979
5980
5981
5981
5984
5992
5994
5994
5995
5996
5996
5996
5996
5997
5998
6000
6000
6000
6004
6004
6004
6005
6005
6006
6007
6008
6009
6009
6011
6011
6012
6012
6017
6018
6018
6022
6023
6023
6024
6027
6031
6032
6033
6034
6038
6038
6039
6039
6045
6045
6048
6048
6049
6051
6052
6052
6055
6057
6058
6059
6059
6059
6060
6061
6062
6062
6063
6063
6063
6064
6066
6067
6067
6068
6068
6069
6070
6070
6073
6074
6074
6076
6078
6079
6079
6079
6080
6081
6082
6083
6085
6087
6088
6089
6090
6091
6091
6093
6095
6098
6099
6099
6099
6101
6101
6102
6106
6106
6109
6115
6117
6117
6121
6122
6122
6123
6128
6128
6130
6130
6133
6133
6133
6134
6137
6138
6138
6138
6139
6141
6141
6143
6144
6145
6147
6148
6149
6151
6151
6155
6155
6159
6162
6162
6162
6163
6164
6164
6166
6167
6167
6168
6169
6169
6170
6172
6172
6172
6173
6174
6178
6180
6180
6182
6184
6185
6185
6186
6186
6187
6188
6188
6188
6191
6192
6192
6193
6193
6193
6195
6197
6199
6200
6200
6200
6201
6201
6202
6204
6206
6206
6206
6208
6208
6208
6211
6214
6215
6217
6218
6218
6221
6221
6223
6226
6228
6230
6232
6234
6235
6236
6237
6237
6240
6242
6244
6245
6247
6249
6250
6254
6254
6256
6257
6258
6259
6261
6262
6262
6264
6265
6266
6269
6272
6272
6273
6274
6275
6277
6277
6277
6279
6281
6284
6285
6285
6286
6286
6288
6289
6289
6290
6291
6293
6294
6294
6294
6296
6296
6299
6299
6301
6302
6302
6304
6304
6305
6305
6306
6306
6307
6309
6311
6311
6312
6312
6313
6314
6314
6315
6316
6317
6318
6320
6321
6326
6326
6327
6329
6331
6331
6333
6334
6334
6336
6337
6338
6339
6340
6341
6344
6345
6346
6347
6348
6353
6353
6354
6355
6356
6357
6357
6358
6361
6365
6366
6367
6368
6368
6370
6372
6372
6373
6373
6374
6375
6375
6375
6377
6377
6378
6379
6379
6381
6383
6385
6386
6386
6387
6389
6389
6390
6391
6392
6393
6393
6394
6394
6395
6396
6396
6397
6397
6400
6401
6406
6407
6408
6408
6409
6409
6411
6411
6412
6413
6415
6415
6416
6418
6421
6421
6424
6424
6424
6424
6425
6426
6427
6429
6429
6429
6430
6431
6431
6438
6439
6440
6441
6441
6442
6444
6446
6448
6449
6451
6452
6452
6453
6456
6456
6458
6458
6458
6459
6461
6462
6462
6462
6462
6463
6465
6466
6469
6469
6470
6472
6472
6472
6473
6473
6475
6477
6477
6477
6477
6478
6478
6478
6479
6480
6482
6483
6486
6486
6487
6487
6488
6489
6492
6494
6494
6496
6496
6497
6499
6501
6502
6502
6504
6505
6507
6509
6512
6512
6512
6514
6515
6515
6515
6515
6519
6519
6519
6520
6523
6523
6523
6524
6525
6527
6530
6530
6533
6534
6536
6538
6538
6539
6540
6541
6543
6543
6543
6544
6544
6544
6545
6548
6549
6550
6551
6551
6554
6555
6556
6558
6560
6562
6563
6564
6567
6567
6568
6568
6569
6570
6571
6571
6575
6575
6576
6576
6579
6581
6582
6582
6583
6584
6588
6590
6592
6592
6593
6593
6593
6594
6594
6594
6594
6596
6596
6598
6598
6598
6599
6599
6601
6601
6602
6603
6603
6603
6603
6603
6605
6606
6606
6607
6608
6608
6609
6609
6610
6611
6611
6611
6612
6613
6613
6615
6616
6617
6617
6617
6621
6622
6622
6622
6622
6622
6623
6625
6625
6626
6627
6628
6631
6632
6634
6635
6636
6637
6637
6638
6639
6642
6644
6645
6646
6647
6647
6647
6649
6652
6654
6654
6655
6656
6657
6658
6658
6658
6660
6660
6660
6662
6664
6665
6668
6669
6669
6671
6677
6680
6683
6685
6688
6688
6690
6690
6693
6694
6695
6695
6696
6696
6699
6700
6702
6703
6704
6705
6707
6708
6709
6709
6709
6710
6710
6712
6712
6713
6715
6717
6719
6720
6720
6720
6722
6724
6726
6726
6727
6728
6728
6728
6729
6729
6732
6732
6733
6733
6736
6738
6741
6743
6745
6746
6747
6749
6750
6752
6753
6754
6754
6755
6756
6756
6757
6757
6758
6759
6759
6761
6763
6764
6766
6767
6768
6772
6772
6772
6773
6773
6773
6773
6774
6775
6775
6775
6777
6778
6779
6781
6783
6784
6785
6786
6788
6788
6791
6791
6796
6796
6798
6798
6799
6800
6803
6803
6805
6806
6806
6806
6807
6808
6808
6808
6811
6814
6815
6815
6815
6816
6816
6817
6818
6818
6821
6822
6824
6825
6827
6828
6829
6830
6832
6834
6834
6836
6837
6837
6837
6840
6842
6844
6844
6847
6853
6855
6855
6858
6863
6863
6863
6866
6866
6867
6868
6868
6869
6871
6872
6873
6873
6874
6874
6877
6877
6879
6880
6880
6881
6882
6882
6882
6884
6884
6887
6888
6889
6889
6889
6890
6891
6891
6897
6900
6900
6905
6905
6906
6907
6908
6909
6910
6913
6916
6916
6917
6919
6920
6920
6920
6922
6922
6923
6925
6925
6926
6927
6930
6930
6935
6939
6945
6946
6948
6950
6951
6951
6952
6954
6954
6954
6955
6956
6958
6960
6961
6962
6963
6963
6965
6965
6967
6968
6970
6970
6970
6971
6971
6972
6973
6977
6977
6978
6978
6979
6985
6985
6985
6985
6985
6986
6987
6989
6990
6990
6991
6993
6993
6994
6995
6995
6996
6997
6997
6997
7000
7001
7001
7006
7006
7008
7010
7010
7010
7010
7010
7011
7014
7015
7016
7017
7020
7020
7020
7022
7022
7022
7026
7026
7028
7029
7031
7032
7034
7034
7035
7037
7039
7040
7042
7043
7044
7045
7046
7047
7048
7048
7049
7053
7056
7057
7057
7058
7059
7065
7067
7069
7069
7072
7072
7072
7072
7073
7073
7073
7073
7077
7078
7080
7080
7082
7083
7083
7083
7083
7084
7085
7087
7088
7090
7093
7093
7094
7094
7094
7097
7097
7099
7100
7100
7102
7102
7102
7104
7104
7107
7108
7112
7115
7115
7116
7118
7120
7122
7122
7123
7124
7127
7127
7129
7131
7131
7132
7133
7138
7138
7140
7142
7145
7146
7148
7149
7149
7149
7152
7152
7155
7155
7156
7156
7156
7157
7158
7158
7159
7160
7160
7163
7164
7166
7168
7168
7168
7169
7170
7170
7174
7175
7175
7176
7181
7181
7181
7181
7182
7182
7182
7183
7185
7186
7189
7190
7191
7196
7197
7197
7198
7199
7200
7200
7201
7201
7203
7206
7207
7208
7209
7210
7210
7210
7211
7214
7215
7216
7217
7217
7225
7226
7226
7229
7230
7231
7232
7235
7236
7238
7239
7240
7241
7242
7244
7244
7248
7248
7250
7250
7251
7251
7252
7253
7253
7253
7253
7255
7255
7256
7259
7259
7260
7261
7263
7263
7263
7263
7265
7266
7266
7266
7268
7268
7268
7269
7272
7273
7275
7276
7277
7277
7277
7277
7277
7279
7282
7282
7283
7283
7288
7288
7289
7290
7291
7297
7297
7300
7301
7302
7305
7307
7307
7308
7309
7309
7312
7313
7313
7316
7318
7318
7319
7321
7321
7323
7324
7327
7329
7329
7330
7331
7332
7335
7336
7336
7336
7337
7337
7339
7340
7340
7340
7341
7342
7342
7343
7343
7344
7345
7345
7346
7347
7347
7347
7353
7353
7354
7357
7362
7364
7364
7364
7364
7366
7367
7368
7368
7371
7372
7375
7375
7375
7376
7377
7378
7380
7381
7382
7383
7383
7386
7386
7386
7387
7387
7387
7389
7391
7391
7391
7393
7395
7399
7400
7401
7403
7404
7404
7405
7406
7406
7408
7408
7409
7409
7409
7410
7411
7415
7416
7416
7417
7418
7419
7419
7420
7421
7426
7431
7432
7434
7434
7436
7437
7439
7440
7441
7441
7445
7447
7449
7451
7451
7451
7454
7455
7458
7462
7463
7463
7465
7466
7468
7468
7468
7468
7468
7469
7470
7471
7471
7472
7472
7472
7474
7475
7476
7477
7477
7477
7478
7479
7481
7485
7485
7486
7486
7486
7488
7489
7492
7495
7495
7499
7499
7500
7503
7504
7504
7506
7506
7506
7506
7507
7507
7510
7510
7510
7510
7511
7514
7515
7517
7518
7520
7521
7522
7522
7526
7528
7528
7528
7530
7534
7534
7535
7536
7536
7536
7537
7537
7538
7539
7540
7543
7545
7546
7547
7548
7548
7550
7550
7551
7551
7552
7552
7555
7560
7560
7561
7561
7561
7562
7562
7565
7568
7568
7569
7570
7570
7571
7573
7574
7575
7575
7576
7578
7583
7587
7587
7589
7589
7590
7591
7591
7592
7593
7598
7598
7599
7600
7602
7602
7603
7604
7604
7606
7607
7607
7608
7609
7609
7611
7611
7613
7613
7615
7615
7615
7617
7623
7623
7625
7627
7628
7628
7628
7630
7630
7631
7632
7634
7635
7637
7638
7642
7644
7645
7646
7647
7650
7650
7651
7652
7653
7655
7657
7660
7664
7667
7668
7668
7669
7675
7675
7678
7680
7680
7681
7682
7686
7686
7687
7688
7689
7690
7691
7692
7693
7693
7693
7698
7699
7699
7701
7701
7702
7703
7704
7705
7705
7708
7710
7710
7711
7711
7711
7713
7715
7716
7716
7719
7721
7721
7721
7722
7722
7724
7727
7727
7729
7731
7732
7732
7734
7734
7735
7737
7737
7738
7739
7740
7740
7741
7741
7742
7742
7742
7743
7744
7746
7748
7748
7749
7749
7750
7751
7751
7752
7752
7752
7752
7753
7754
7754
7754
7755
7756
7757
7757
7758
7758
7760
7764
7767
7767
7769
7775
7775
7779
7780
7780
7780
7782
7783
7783
7784
7784
7785
7785
7786
7787
7787
7787
7788
7788
7789
7789
7790
7791
7792
7793
7795
7795
7796
7796
7797
7797
7798
7799
7799
7804
7804
7804
7806
7810
7810
7811
7811
7812
7815
7819
7820
7824
7824
7825
7825
7825
7826
7827
7828
7830
7832
7832
7832
7833
7836
7836
7836
7838
7838
7840
7841
7843
7844
7844
7844
7846
7846
7847
7847
7847
7853
7854
7854
7857
7858
7858
7859
7860
7860
7864
7864
7865
7867
7868
7870
7870
7871
7871
7873
7874
7877
7877
7877
7879
7881
7881
7886
7887
7888
7889
7890
7890
7893
7894
7895
7896
7896
7897
7899
7900
7900
7902
7902
7902
7906
7906
7907
7907
7910
7911
7911
7913
7913
7913
7918
7918
7918
7918
7919
7920
7920
7921
7923
7924
7926
7926
7927
7929
7931
7934
7935
7937
7938
7939
7941
7941
7942
7943
7945
7946
7948
7949
7949
7954
7955
7957
7958
7960
7960
7961
7961
7962
7963
7966
7967
7968
7968
7968
7970
7971
7972
7972
7972
7972
7976
7978
7980
7980
7981
7981
7982
7982
7982
7982
7983
7988
7989
7989
7990
7991
7992
7993
7994
7995
7995
7996
7996
7996
7997
7998
7999
7999
8003
8003
8005
8006
8006
8009
8010
8013
8013
8014
8017
8020
8020
8020
8021
8022
8026
8026
8026
8028
8031
8031
8033
8036
8038
8043
8044
8045
8048
8050
8051
8054
8056
8062
8063
8066
8066
8069
8069
8070
8071
8072
8073
8073
8074
8075
8075
8076
8077
8078
8079
8081
8081
8082
8085
8086
8086
8087
8088
8091
8092
8093
8095
8098
8099
8101
8103
8107
8108
8110
8111
8118
8118
8121
8122
8122
8124
8124
8125
8125
8125
8126
8131
8132
8132
8135
8135
8137
8137
8137
8139
8141
8141
8142
8144
8144
8145
8145
8146
8147
8147
8148
8152
8154
8154
8155
8156
8157
8158
8158
8162
8165
8166
8168
8168
8171
8172
8172
8173
8177
8177
8178
8179
8179
8183
8186
8187
8187
8187
8189
8190
8194
8196
8196
8197
8200
8201
8201
8202
8202
8205
8205
8206
8208
8209
8209
8214
8218
8218
8219
8221
8223
8224
8225
8225
8225
8226
8228
8229
8229
8232
8232
8233
8233
8234
8235
8236
8236
8236
8237
8240
8241
8242
8242
8243
8243
8243
8249
8250
8250
8250
8251
8252
8255
8257
8257
8258
8258
8260
8261
8261
8262
8263
8263
8263
8265
8268
8269
8270
8271
8273
8274
8279
8280
8280
8282
8283
8286
8287
8290
8290
8291
8291
8293
8293
8294
8294
8296
8298
8299
8303
8304
8305
8306
8309
8312
8312
8312
8312
8315
8316
8317
8317
8317
8318
8319
8322
8322
8322
8323
8324
8324
8325
8327
8330
8333
8334
8334
8335
8337
8337
8337
8340
8341
8341
8342
8343
8343
8344
8346
8346
8346
8347
8348
8348
8350
8350
8351
8353
8354
8355
8357
8357
8358
8359
8362
8362
8363
8363
8367
8368
8371
8373
8374
8374
8375
8376
8377
8379
8380
8382
8384
8385
8386
8388
8388
8388
8393
8393
8394
8394
8396
8397
8398
8398
8400
8401
8402
8406
8408
8409
8409
8410
8410
8411
8414
8415
8419
8423
8423
8425
8426
8427
8432
8433
8433
8435
8436
8437
8438
8439
8440
8441
8441
8444
8445
8446
8447
8449
8450
8450
8450
8451
8451
8453
8453
8453
8456
8457
8459
8460
8461
8462
8462
8464
8464
8465
8465
8466
8469
8469
8470
8470
8472
8475
8475
8475
8477
8481
8481
8482
8483
8483
8486
8489
8490
8492
8493
8494
8495
8495
8497
8498
8498
8498
8500
8500
8500
8500
8501
8501
8502
8503
8503
8504
8505
8506
8507
8509
8510
8511
8512
8512
8513
8513
8514
8516
8517
8521
8522
8523
8524
8525
8527
8527
8527
8528
8529
8529
8530
8530
8530
8532
8533
8538
8540
8542
8543
8543
8544
8545
8545
8547
8548
8549
8552
8553
8553
8555
8555
8557
8558
8559
8559
8563
8563
8563
8564
8566
8566
8567
8567
8570
8571
8571
8572
8572
8573
8574
8577
8577
8577
8584
8585
8586
8587
8587
8587
8590
8590
8592
8592
8592
8596
8597
8597
8599
8600
8600
8600
8601
8603
8603
8604
8605
8608
8609
8609
8609
8611
8614
8614
8621
8622
8623
8625
8625
8625
8626
8626
8628
8630
8630
8631
8632
8632
8633
8633
8634
8636
8636
8636
8639
8642
8645
8646
8647
8649
8649
8651
8652
8656
8657
8657
8658
8659
8662
8662
8664
8668
8668
8668
8674
8674
8676
8676
8676
8676
8677
8677
8677
8677
8678
8678
8679
8681
8682
8685
8685
8686
8687
8688
8689
8691
8692
8693
8693
8694
8697
8698
8698
8700
8701
8702
8702
8705
8706
8706
8707
8707
8707
8709
8711
8712
8712
8713
8713
8714
8717
8718
8718
8718
8719
8720
8721
8721
8722
8722
8722
8723
8724
8724
8725
8725
8726
8726
8727
8727
8727
8730
8731
8732
8733
8736
8738
8738
8739
8739
8742
8742
8748
8749
8750
8751
8751
8751
8752
8752
8753
8754
8755
8756
8757
8761
8761
8762
8762
8762
8763
8763
8764
8765
8765
8765
8766
8767
8767
8768
8769
8771
8772
8772
8774
8774
8776
8776
8777
8778
8781
8782
8782
8784
8785
8786
8789
8790
8792
8795
8795
8796
8802
8803
8805
8805
8806
8807
8809
8811
8811
8813
8813
8813
8814
8814
8814
8815
8818
8822
8825
8825
8826
8827
8828
8830
8830
8832
8833
8833
8834
8837
8837
8838
8839
8840
8842
8843
8843
8844
8844
8845
8845
8846
8846
8846
8847
8847
8848
8848
8851
8851
8853
8853
8854
8854
8855
8858
8862
8863
8864
8866
8867
8868
8869
8869
8870
8871
8871
8871
8871
8878
8879
8879
8880
8884
8888
8888
8888
8889
8890
8891
8893
8893
8895
8895
8896
8898
8904
8905
8907
8907
8908
8909
8913
8916
8916
8920
8922
8923
8924
8924
8926
8928
8928
8931
8932
8932
8932
8933
8935
8936
8937
8937
8937
8939
8940
8943
8943
8947
8947
8948
8950
8951
8952
8953
8955
8958
8958
8959
8960
8961
8961
8963
8963
8964
8966
8967
8968
8969
8969
8969
8970
8971
8971
8971
8971
8973
8974
8977
8978
8980
8981
8982
8983
8983
8984
8984
8984
8989
8990
8992
8993
8994
8994
8994
8995
8995
9002
9003
9005
9005
9006
9009
9010
9010
9013
9014
9015
9016
9016
9017
9017
9017
9018
9020
9022
9023
9023
9023
9023
9024
9025
9029
9030
9030
9031
9033
9037
9038
9040
9042
9045
9046
9047
9050
9051
9051
9055
9059
9062
9063
9063
9064
9066
9067
9067
9067
9068
9068
9072
9075
9075
9076
9076
9076
9080
9080
9080
9080
9080
9081
9081
9082
9082
9085
9087
9090
9090
9091
9091
9092
9092
9093
9093
9094
9094
9096
9096
9097
9100
9104
9106
9107
9108
9108
9109
9110
9113
9115
9116
9116
9117
9120
9121
9121
9121
9121
9122
9122
9122
9122
9125
9126
9127
9128
9128
9129
9135
9137
9137
9140
9140
9143
9143
9145
9146
9147
9147
9148
9149
9149
9151
9151
9155
9158
9160
9161
9162
9163
9164
9164
9169
9170
9170
9170
9170
9170
9172
9172
9174
9176
9177
9177
9177
9178
9179
9180
9182
9184
9185
9187
9188
9190
9192
9192
9195
9196
9198
9199
9202
9203
9205
9208
9208
9210
9210
9211
9212
9213
9213
9213
9214
9215
9219
9220
9220
9221
9222
9222
9223
9223
9227
9228
9228
9229
9230
9230
9231
9232
9233
9233
9234
9236
9236
9237
9237
9239
9239
9241
9241
9243
9243
9244
9244
9248
9249
9249
9253
9257
9257
9257
9261
9262
9266
9266
9267
9269
9270
9271
9271
9273
9273
9275
9275
9275
9279
9279
9280
9281
9282
9283
9283
9286
9287
9287
9288
9290
9293
9294
9294
9295
9295
9296
9297
9298
9299
9302
9303
9303
9305
9305
9307
9308
9312
9313
9315
9315
9315
9316
9317
9319
9319
9322
9326
9328
9328
9329
9330
9331
9332
9335
9337
9341
9341
9342
9345
9346
9346
9347
9349
9351
9351
9352
9352
9355
9356
9358
9358
9358
9359
9361
9361
9361
9361
9362
9363
9363
9364
9365
9365
9367
9369
9369
9369
9371
9372
9373
9374
9374
9375
9375
9376
9376
9376
9376
9377
9377
9377
9378
9379
9381
9383
9384
9385
9386
9395
9396
9396
9396
9397
9399
9399
9402
9405
9405
9405
9406
9407
9407
9408
9408
9408
9410
9411
9411
9412
9412
9412
9413
9418
9418
9421
9422
9422
9422
9423
9423
9423
9425
9429
9429
9430
9430
9430
9431
9431
9432
9432
9433
9435
9438
9438
9438
9439
9439
9439
9440
9442
9442
9443
9443
9446
9448
9448
9453
9453
9454
9456
9457
9457
9458
9458
9459
9462
9465
9467
9468
9468
9470
9470
9472
9475
9475
9476
9476
9476
9479
9480
9483
9485
9490
9491
9492
9492
9494
9496
9497
9498
9499
9499
9501
9503
9503
9504
9505
9505
9507
9507
9508
9509
9511
9511
9511
9512
9513
9513
9513
9517
9518
9520
9521
9522
9522
9523
9524
9525
9525
9526
9529
9529
9533
9535
9536
9538
9538
9540
9541
9546
9547
9550
9551
9553
9554
9555
9556
9559
9561
9562
9562
9562
9563
9564
9565
9567
9569
9572
9573
9577
9578
9581
9584
9584
9587
9587
9590
9590
9591
9594
9596
9596
9599
9600
9601
9603
9603
9605
9606
9607
9611
9612
9613
9617
9619
9620
9620
9622
9623
9624
9626
9626
9627
9628
9628
9630
9630
9631
9632
9635
9635
9637
9638
9641
9641
9642
9642
9643
9645
9646
9649
9650
9652
9653
9654
9654
9655
9657
9658
9660
9660
9661
9662
9662
9663
9666
9666
9667
9667
9667
9669
9669
9669
9670
9670
9671
9674
9676
9677
9677
9677
9677
9678
9678
9680
9682
9683
9683
9683
9684
9685
9685
9687
9693
9694
9695
9695
9697
9698
9698
9699
9701
9701
9704
9704
9705
9705
9707
9707
9707
9708
9708
9709
9712
9712
9714
9714
9715
9715
9719
9720
9720
9721
9722
9723
9723
9726
9730
9731
9731
9732
9732
9733
9734
9738
9738
9740
9740
9741
9742
9743
9744
9747
9750
9752
9752
9753
9753
9754
9756
9756
9757
9757
9757
9758
9758
9759
9760
9762
9762
9763
9764
9769
9770
9773
9774
9776
9777
9778
9778
9781
9781
9782
9784
9785
9786
9789
9792
9793
9794
9797
9797
9798
9798
9800
9802
9802
9803
9804
9805
9808
9808
9809
9809
9811
9812
9812
9813
9813
9815
9816
9817
9818
9820
9820
9822
9823
9826
9827
9827
9828
9830
9830
9832
9833
9834
9835
9835
9835
9836
9836
9837
9837
9838
9838
9840
9845
9845
9845
9847
9848
9850
9850
9850
9853
9855
9855
9858
9859
9860
9860
9860
9861
9861
9861
9862
9862
9862
9865
9865
9865
9867
9868
9868
9869
9869
9870
9870
9870
9871
9873
9874
9882
9882
9883
9883
9884
9885
9889
9891
9891
9891
9891
9892
9893
9893
9893
9894
9898
9899
9899
9900
9900
9901
9901
9901
9903
9903
9906
9907
9909
9909
9912
9912
9913
9915
9916
9916
9918
9919
9920
9920
9920
9922
9926
9927
9928
9929
9931
9932
9932
9933
9934
9935
9936
9937
9937
9938
9940
9940
9941
9945
9946
9953
9954
9954
9955
9956
9957
9958
9961
9961
9962
9964
9964
9966
9966
9969
9969
9971
9973
9974
9977
9977
9978
9979
9979
9979
9980
9980
9980
9987
9988
9988
9988
9991
9991
9992
9993
9994
9994
9995
9997
9999
9999
