9990
9989
9988
9987
9986
9986
9984
9983
9982
9972
9971
9969
9964
9962
9961
9960
9954
9953
9952
9951
9950
9950
9949
9946
9944
9943
9942
9941
9939
9937
9936
9931
9928
9927
9924
9924
9922
9922
9907
9906
9901
9901
9900
9899
9899
9896
9892
9890
9889
9884
9883
9879
9877
9875
9870
9863
9862
9855
9853
9853
9852
9850
9848
9848
9845
9838
9837
9836
9835
9833
9831
9826
9825
9824
9824
9822
9821
9818
9813
9813
9804
9803
9793
9793
9792
9785
9769
9765
9764
9763
9763
9760
9751
9749
9740
9739
9737
9736
9734
9728
9727
9725
9723
9722
9719
9719
9717
9716
9715
9711
9709
9708
9707
9704
9703
9696
9696
9695
9692
9689
9689
9689
9684
9683
9680
9678
9676
9676
9672
9671
9669
9668
9665
9664
9661
9657
9652
9652
9652
9650
9649
9648
9648
9648
9645
9641
9639
9639
9639
9631
9623
9623
9621
9620
9620
9616
9615
9614
9612
9607
9604
9604
9602
9591
9577
9575
9571
9570
9568
9564
9560
9560
9560
9558
9558
9555
9552
9551
9548
9543
9542
9538
9537
9533
9530
9525
9521
9518
9517
9513
9508
9504
9499
9499
9499
9498
9498
9491
9484
9484
9483
9483
9483
9483
9479
9478
9477
9474
9461
9453
9448
9446
9445
9445
9439
9435
9434
9432
9431
9427
9426
9424
9423
9422
9421
9417
9409
9406
9404
9402
9398
9397
9396
9395
9392
9384
9383
9382
9380
9379
9377
9375
9373
9371
9371
9370
9369
9367
9365
9363
9362
9358
9347
9346
9344
9342
9341
9338
9337
9332
9332
9328
9322
9322
9311
9303
9300
9299
9297
9296
9295
9294
9294
9293
9285
9283
9281
9280
9280
9278
9277
9276
9276
9270
9269
9267
9266
9264
9256
9255
9253
9249
9246
9244
9242
9236
9230
9227
9225
9224
9218
9218
9195
9193
9192
9192
9190
9178
9177
9176
9175
9161
9158
9150
9149
9145
9142
9141
9137
9129
9126
9125
9124
9119
9118
9117
9105
9100
9098
9095
9094
9094
9083
9083
9082
9080
9080
9079
9076
9072
9072
9070
9064
9063
9063
9060
9058
9054
9048
9048
9047
9047
9035
9034
9033
9031
9030
9030
9029
9023
9023
9021
9018
9018
9011
9008
9008
9005
9004
9004
9003
8994
8991
8990
8984
8982
8981
8978
8977
8977
8975
8973
8971
8970
8970
8967
8961
8960
8959
8956
8954
8947
8938
8933
8930
8928
8926
8924
8921
8914
8904
8897
8894
8888
8887
8884
8870
8868
8868
8867
8866
8865
8864
8863
8858
8857
8855
8854
8852
8850
8847
8846
8844
8840
8840
8839
8837
8836
8835
8835
8834
8831
8831
8829
8828
8824
8824
8824
8817
8816
8809
8804
8803
8801
8800
8797
8796
8793
8792
8792
8792
8787
8787
8786
8785
8783
8778
8774
8773
8768
8767
8767
8763
8763
8761
8760
8758
8755
8755
8755
8755
8754
8753
8746
8743
8741
8741
8740
8738
8737
8736
8733
8731
8729
8728
8726
8725
8722
8721
8719
8717
8716
8714
8711
8709
8708
8694
8694
8692
8689
8679
8676
8672
8672
8667
8665
8663
8662
8658
8656
8651
8650
8646
8643
8637
8635
8634
8631
8628
8626
8619
8617
8617
8616
8614
8612
8612
8612
8612
8611
8610
8608
8606
8605
8600
8599
8598
8597
8596
8582
8580
8577
8577
8576
8575
8570
8566
8558
8554
8552
8547
8547
8542
8539
8538
8528
8527
8526
8523
8521
8520
8515
8512
8505
8502
8502
8497
8494
8492
8491
8490
8490
8488
8487
8486
8474
8462
8457
8456
8450
8449
8446
8446
8441
8439
8439
8437
8433
8429
8427
8417
8417
8415
8415
8410
8407
8404
8398
8392
8383
8382
8378
8375
8368
8365
8364
8363
8359
8356
8351
8346
8343
8342
8337
8333
8330
8330
8327
8322
8319
8316
8314
8309
8308
8307
8307
8303
8302
8302
8299
8299
8298
8297
8295
8293
8289
8284
8284
8283
8279
8278
8271
8265
8259
8255
8248
8244
8242
8239
8239
8235
8234
8230
8227
8225
8225
8224
8223
8218
8217
8215
8210
8204
8203
8195
8194
8194
8189
8184
8183
8180
8179
8179
8176
8176
8175
8170
8170
8169
8162
8157
8153
8150
8148
8147
8143
8143
8142
8141
8139
8139
8139
8136
8126
8125
8121
8120
8117
8115
8110
8107
8106
8105
8102
8094
8091
8090
8090
8089
8083
8082
8079
8078
8071
8070
8067
8063
8053
8048
8045
8042
8040
8035
8032
8032
8032
8030
8028
8026
8022
8018
8014
8012
8011
8011
8008
8001
7998
7996
7995
7992
7991
7986
7985
7976
7976
7976
7972
7971
7970
7970
7968
7968
7968
7963
7962
7962
7960
7957
7957
7947
7946
7945
7940
7939
7937
7929
7929
7929
7926
7924
7923
7920
7917
7913
7909
7909
7908
7906
7906
7904
7904
7904
7902
7900
7896
7896
7895
7890
7883
7878
7878
7876
7874
7873
7868
7867
7866
7864
7863
7861
7860
7855
7851
7847
7845
7844
7841
7839
7827
7822
7815
7812
7811
7811
7811
7810
7808
7807
7806
7795
7787
7784
7777
7776
7773
7773
7771
7771
7770
7770
7769
7767
7766
7763
7763
7752
7751
7749
7749
7748
7747
7747
7732
7729
7728
7727
7726
7726
7723
7721
7715
7706
7706
7696
7694
7694
7693
7692
7691
7685
7683
7682
7678
7672
7671
7669
7666
7666
7665
7663
7662
7658
7658
7654
7652
7651
7650
7649
7648
7647
7640
7639
7634
7624
7623
7619
7616
7615
7615
7610
7609
7605
7604
7598
7597
7597
7588
7586
7584
7584
7560
7559
7555
7550
7549
7544
7542
7541
7527
7526
7515
7509
7506
7503
7498
7497
7496
7491
7488
7488
7484
7480
7480
7476
7473
7469
7465
7463
7463
7461
7456
7455
7453
7451
7449
7447
7441
7438
7433
7429
7428
7426
7425
7425
7420
7418
7417
7416
7416
7413
7411
7409
7403
7402
7400
7398
7394
7391
7390
7390
7389
7388
7387
7385
7383
7383
7379
7374
7374
7372
7371
7370
7366
7357
7356
7354
7353
7353
7350
7350
7349
7347
7344
7336
7335
7334
7331
7331
7326
7326
7325
7318
7317
7314
7313
7312
7308
7305
7305
7302
7301
7294
7292
7292
7288
7284
7281
7273
7270
7270
7267
7264
7264
7260
7259
7258
7256
7256
7252
7249
7245
7244
7244
7243
7243
7238
7236
7234
7228
7227
7222
7219
7213
7204
7200
7194
7191
7189
7186
7184
7183
7182
7181
7178
7178
7175
7173
7171
7169
7166
7166
7156
7154
7152
7144
7142
7141
7140
7134
7134
7133
7130
7122
7119
7119
7115
7109
7108
7107
7106
7098
7095
7093
7084
7082
7081
7076
7076
7072
7069
7066
7065
7063
7062
7059
7052
7050
7047
7041
7038
7036
7034
7033
7028
7027
7025
7023
7020
7018
7018
7015
7015
7009
7006
7003
7001
6999
6995
6991
6987
6984
6983
6983
6982
6982
6982
6981
6981
6980
6978
6970
6968
6965
6958
6947
6947
6946
6939
6939
6938
6934
6929
6928
6928
6926
6921
6913
6906
6902
6902
6899
6896
6885
6885
6876
6876
6868
6867
6864
6862
6862
6861
6859
6857
6856
6855
6854
6849
6849
6848
6847
6842
6838
6834
6831
6829
6826
6823
6822
6819
6818
6816
6813
6811
6810
6804
6800
6799
6798
6797
6796
6792
6791
6789
6783
6782
6780
6779
6779
6775
6774
6773
6773
6771
6769
6768
6765
6764
6761
6760
6754
6753
6748
6747
6745
6745
6744
6739
6732
6731
6730
6728
6727
6725
6721
6720
6717
6711
6707
6698
6695
6695
6689
6689
6687
6684
6682
6682
6681
6681
6681
6680
6679
6675
6674
6672
6672
6671
6667
6667
6663
6658
6658
6649
6648
6648
6646
6646
6643
6642
6638
6638
6628
6625
6624
6621
6621
6620
6618
6616
6615
6612
6608
6606
6603
6603
6598
6598
6596
6595
6589
6588
6582
6581
6575
6569
6567
6565
6562
6561
6561
6558
6556
6550
6549
6547
6539
6538
6535
6533
6531
6529
6529
6524
6521
6519
6518
6513
6510
6509
6507
6505
6499
6498
6498
6498
6491
6490
6487
6486
6483
6483
6482
6481
6479
6475
6475
6471
6470
6468
6467
6467
6463
6463
6458
6451
6451
6444
6442
6439
6435
6431
6430
6430
6427
6427
6427
6425
6423
6421
6420
6419
6415
6413
6412
6411
6410
6408
6408
6407
6406
6402
6400
6399
6399
6395
6390
6384
6381
6379
6374
6366
6365
6363
6362
6360
6359
6356
6355
6352
6352
6347
6343
6335
6332
6331
6326
6326
6323
6322
6321
6319
6317
6313
6303
6299
6296
6295
6293
6290
6282
6278
6277
6272
6272
6269
6265
6262
6257
6256
6254
6248
6248
6238
6231
6230
6221
6220
6216
6216
6208
6208
6206
6204
6202
6199
6196
6194
6191
6190
6187
6186
6185
6183
6182
6181
6177
6175
6173
6171
6168
6167
6166
6166
6166
6163
6159
6153
6149
6146
6139
6139
6136
6134
6126
6124
6117
6117
6115
6114
6112
6112
6110
6107
6107
6106
6098
6098
6097
6096
6096
6090
6089
6088
6088
6087
6086
6085
6084
6084
6083
6079
6070
6070
6069
6068
6067
6065
6062
6062
6060
6056
6055
6054
6053
6053
6047
6046
6040
6038
6037
6034
6033
6031
6024
6019
6019
6018
6016
6013
6007
6006
6006
6006
5998
5998
5998
5996
5993
5990
5985
5981
5971
5967
5966
5962
5960
5957
5952
5949
5943
5940
5935
5934
5934
5934
5933
5932
5928
5925
5925
5918
5917
5916
5907
5906
5906
5902
5894
5890
5888
5881
5876
5876
5875
5871
5869
5866
5866
5866
5864
5863
5858
5858
5857
5857
5856
5853
5852
5849
5846
5845
5844
5843
5841
5840
5840
5837
5834
5825
5823
5818
5807
5802
5782
5781
5781
5777
5772
5767
5764
5759
5757
5756
5749
5746
5744
5742
5740
5739
5724
5721
5721
5719
5717
5717
5715
5711
5709
5702
5697
5697
5691
5690
5682
5680
5679
5678
5677
5676
5675
5675
5675
5674
5672
5670
5660
5660
5658
5658
5657
5654
5651
5650
5647
5644
5643
5640
5637
5636
5633
5624
5623
5622
5621
5618
5615
5611
5608
5607
5599
5588
5587
5581
5578
5577
5574
5572
5569
5567
5566
5562
5559
5551
5547
5547
5545
5543
5540
5534
5533
5519
5516
5516
5515
5513
5511
5509
5509
5508
5508
5507
5507
5506
5502
5498
5488
5485
5482
5478
5472
5471
5470
5469
5468
5464
5463
5461
5459
5458
5456
5454
5453
5451
5449
5447
5444
5441
5440
5437
5432
5429
5423
5418
5413
5413
5408
5402
5400
5399
5395
5385
5383
5381
5381
5379
5378
5377
5376
5374
5373
5367
5366
5366
5365
5348
5347
5346
5345
5340
5339
5339
5335
5333
5330
5324
5323
5319
5318
5317
5313
5311
5311
5310
5309
5306
5297
5291
5289
5286
5285
5284
5282
5281
5279
5278
5278
5273
5272
5272
5265
5260
5258
5258
5256
5253
5246
5245
5244
5239
5239
5236
5228
5228
5225
5224
5224
5217
5216
5213
5213
5209
5206
5204
5203
5202
5200
5199
5197
5196
5194
5192
5190
5186
5183
5183
5182
5177
5172
5170
5168
5162
5161
5159
5159
5158
5156
5154
5152
5148
5147
5146
5140
5137
5137
5134
5129
5128
5126
5121
5120
5119
5118
5114
5113
5106
5102
5102
5100
5095
5092
5084
5084
5084
5082
5081
5075
5072
5065
5065
5064
5051
5049
5045
5045
5045
5037
5033
5027
5026
5014
5014
5013
5011
5010
5004
5003
4994
4987
4987
4986
4984
4984
4982
4973
4973
4972
4968
4966
4959
4958
4958
4957
4956
4953
4947
4947
4945
4943
4942
4941
4939
4934
4933
4928
4928
4927
4927
4927
4920
4919
4918
4910
4910
4910
4909
4909
4908
4908
4900
4898
4898
4893
4893
4893
4885
4884
4880
4878
4873
4872
4866
4865
4860
4860
4854
4849
4848
4845
4844
4843
4843
4841
4839
4837
4835
4832
4829
4823
4822
4821
4819
4816
4808
4804
4803
4803
4800
4795
4792
4792
4791
4789
4787
4784
4782
4782
4780
4777
4774
4765
4764
4763
4762
4760
4759
4757
4756
4755
4754
4753
4747
4746
4744
4737
4733
4733
4732
4731
4729
4729
4728
4725
4722
4721
4719
4713
4709
4709
4708
4708
4696
4695
4694
4693
4693
4692
4690
4688
4688
4686
4685
4679
4675
4673
4672
4668
4668
4663
4662
4662
4661
4661
4659
4658
4655
4654
4654
4650
4642
4628
4627
4625
4618
4617
4616
4615
4614
4614
4611
4607
4606
4606
4605
4602
4602
4595
4588
4586
4576
4575
4574
4570
4569
4563
4561
4561
4559
4556
4553
4553
4549
4547
4538
4535
4530
4526
4525
4525
4520
4514
4510
4509
4507
4506
4505
4504
4504
4501
4497
4489
4488
4487
4484
4482
4477
4476
4476
4475
4474
4473
4468
4467
4467
4464
4456
4455
4454
4453
4450
4450
4449
4444
4443
4440
4437
4434
4432
4432
4428
4428
4426
4420
4417
4412
4410
4391
4391
4391
4390
4388
4386
4382
4376
4375
4375
4374
4374
4371
4370
4369
4368
4368
4361
4359
4359
4359
4356
4354
4354
4353
4344
4344
4339
4338
4337
4335
4333
4328
4319
4318
4318
4317
4316
4314
4314
4311
4306
4304
4302
4300
4298
4298
4298
4295
4294
4292
4292
4290
4282
4280
4278
4270
4266
4265
4264
4263
4261
4261
4259
4257
4255
4250
4243
4243
4241
4239
4236
4235
4232
4227
4226
4225
4225
4221
4218
4212
4212
4207
4199
4192
4192
4189
4188
4185
4180
4179
4177
4176
4173
4173
4172
4171
4171
4164
4157
4156
4156
4155
4154
4151
4151
4147
4144
4139
4139
4137
4131
4126
4125
4122
4121
4121
4118
4115
4105
4094
4093
4093
4087
4085
4081
4077
4077
4075
4073
4072
4071
4069
4067
4067
4064
4063
4061
4057
4054
4054
4050
4045
4044
4040
4038
4033
4032
4030
4023
4022
4017
4016
4016
4016
4012
4006
3998
3996
3995
3987
3982
3980
3975
3965
3964
3964
3962
3952
3945
3945
3943
3942
3936
3934
3928
3925
3921
3921
3919
3919
3913
3912
3910
3901
3898
3896
3894
3893
3892
3888
3887
3886
3884
3884
3879
3877
3876
3875
3873
3856
3855
3850
3850
3848
3847
3845
3844
3836
3836
3835
3830
3829
3825
3824
3824
3822
3820
3820
3820
3814
3812
3810
3810
3804
3798
3794
3793
3791
3789
3778
3777
3774
3774
3773
3772
3762
3761
3760
3759
3758
3755
3754
3754
3754
3753
3751
3746
3744
3738
3738
3736
3736
3732
3732
3725
3719
3718
3718
3717
3716
3714
3713
3708
3708
3706
3702
3699
3692
3692
3690
3689
3686
3679
3679
3677
3675
3669
3665
3659
3655
3654
3651
3650
3646
3641
3639
3634
3622
3616
3611
3611
3610
3608
3602
3598
3597
3591
3589
3589
3588
3579
3579
3576
3576
3573
3569
3557
3556
3555
3550
3545
3542
3542
3540
3537
3536
3534
3533
3531
3530
3529
3529
3528
3523
3518
3518
3513
3512
3508
3504
3502
3497
3493
3492
3488
3488
3488
3485
3485
3480
3479
3478
3465
3464
3461
3460
3458
3455
3452
3446
3446
3444
3440
3439
3435
3434
3420
3420
3418
3414
3414
3410
3409
3407
3406
3403
3400
3396
3395
3394
3394
3392
3389
3387
3379
3378
3377
3375
3372
3370
3367
3366
3365
3365
3354
3352
3349
3349
3346
3344
3341
3337
3336
3334
3331
3323
3305
3304
3299
3295
3294
3291
3288
3287
3284
3283
3280
3277
3274
3273
3273
3272
3271
3265
3258
3257
3256
3253
3250
3245
3242
3241
3236
3236
3231
3228
3227
3226
3224
3222
3222
3217
3216
3204
3203
3201
3194
3194
3192
3188
3188
3186
3182
3180
3178
3175
3175
3174
3174
3173
3172
3169
3168
3160
3159
3151
3148
3148
3146
3140
3135
3135
3134
3125
3119
3118
3116
3110
3110
3108
3104
3104
3098
3089
3089
3082
3077
3075
3073
3072
3070
3069
3065
3063
3063
3061
3059
3059
3054
3052
3048
3043
3043
3041
3039
3036
3028
3015
3015
3014
3013
3012
3012
3005
3001
3000
2998
2998
2991
2991
2990
2989
2989
2989
2979
2977
2974
2971
2970
2964
2962
2959
2957
2957
2950
2950
2945
2941
2938
2937
2935
2935
2928
2926
2925
2924
2923
2923
2922
2922
2921
2919
2918
2914
2913
2912
2911
2911
2910
2906
2905
2903
2900
2897
2896
2895
2894
2892
2890
2881
2877
2875
2867
2866
2863
2858
2858
2856
2853
2850
2850
2850
2831
2830
2823
2821
2820
2820
2817
2817
2813
2812
2812
2811
2811
2808
2806
2798
2798
2797
2796
2796
2795
2793
2785
2782
2781
2779
2777
2777
2777
2777
2773
2773
2767
2766
2764
2763
2757
2753
2753
2752
2749
2748
2748
2745
2741
2739
2739
2735
2734
2733
2723
2721
2721
2717
2716
2715
2710
2707
2702
2699
2697
2696
2694
2694
2690
2689
2687
2683
2683
2681
2680
2679
2674
2672
2664
2663
2655
2651
2639
2638
2636
2635
2626
2620
2618
2609
2607
2601
2601
2600
2600
2599
2597
2596
2596
2594
2591
2591
2588
2587
2580
2580
2580
2576
2572
2570
2568
2568
2565
2555
2555
2548
2541
2538
2535
2535
2529
2527
2525
2523
2522
2520
2516
2511
2511
2510
2504
2504
2499
2499
2497
2491
2482
2481
2480
2479
2474
2472
2471
2469
2466
2456
2447
2441
2439
2436
2430
2429
2428
2424
2421
2420
2418
2415
2410
2409
2409
2405
2397
2394
2392
2390
2388
2373
2372
2370
2369
2367
2365
2364
2362
2357
2357
2356
2353
2353
2351
2349
2347
2345
2344
2340
2332
2329
2328
2326
2322
2320
2319
2319
2319
2317
2314
2311
2307
2307
2307
2305
2305
2301
2299
2299
2299
2296
2296
2292
2292
2289
2289
2285
2285
2285
2281
2278
2275
2274
2273
2271
2269
2260
2258
2258
2257
2255
2255
2254
2245
2242
2242
2241
2241
2234
2233
2232
2232
2232
2232
2229
2220
2213
2210
2209
2191
2190
2190
2190
2189
2187
2183
2175
2168
2168
2168
2166
2164
2163
2160
2160
2159
2158
2157
2156
2155
2150
2146
2146
2123
2116
2115
2108
2100
2099
2099
2098
2097
2093
2092
2091
2085
2084
2082
2082
2081
2081
2078
2075
2068
2066
2063
2055
2054
2053
2051
2049
2043
2040
2037
2035
2031
2031
2030
2028
2028
2023
2021
2018
2018
2014
2011
2010
2002
2001
1997
1996
1995
1992
1990
1989
1989
1989
1988
1982
1971
1970
1968
1967
1960
1960
1958
1953
1948
1944
1939
1938
1937
1936
1934
1933
1931
1928
1928
1923
1921
1917
1916
1916
1912
1911
1905
1903
1902
1901
1901
1901
1901
1898
1898
1895
1895
1886
1885
1885
1884
1878
1876
1876
1873
1871
1870
1869
1866
1865
1865
1864
1863
1861
1860
1856
1851
1851
1840
1839
1834
1834
1833
1833
1830
1825
1825
1819
1816
1816
1814
1814
1814
1814
1813
1813
1805
1801
1799
1798
1791
1790
1789
1788
1787
1786
1786
1783
1781
1779
1778
1774
1773
1765
1762
1758
1758
1754
1751
1751
1748
1746
1743
1741
1741
1735
1734
1731
1724
1720
1718
1710
1708
1707
1703
1695
1694
1691
1687
1687
1687
1687
1678
1672
1668
1667
1665
1664
1664
1663
1663
1661
1659
1655
1652
1648
1646
1646
1642
1637
1636
1635
1633
1630
1629
1628
1622
1622
1622
1621
1617
1617
1617
1612
1612
1610
1605
1605
1602
1598
1597
1594
1587
1587
1586
1585
1585
1584
1579
1578
1576
1574
1574
1572
1561
1558
1556
1553
1549
1549
1544
1543
1540
1539
1537
1537
1535
1531
1530
1530
1530
1529
1524
1517
1510
1505
1501
1498
1496
1494
1493
1493
1486
1483
1482
1476
1474
1474
1468
1465
1463
1462
1461
1459
1454
1444
1441
1433
1433
1428
1427
1427
1426
1416
1412
1411
1396
1396
1395
1392
1386
1378
1377
1376
1375
1371
1370
1365
1365
1364
1363
1358
1357
1357
1356
1355
1351
1351
1346
1344
1334
1323
1322
1317
1315
1314
1313
1311
1311
1310
1306
1306
1304
1298
1297
1293
1292
1289
1281
1281
1281
1274
1273
1270
1269
1267
1265
1262
1259
1255
1255
1251
1251
1248
1245
1243
1239
1238
1234
1233
1232
1232
1231
1231
1230
1226
1224
1222
1219
1218
1217
1216
1209
1207
1202
1201
1199
1197
1193
1191
1189
1188
1185
1183
1170
1161
1160
1158
1152
1152
1148
1144
1130
1126
1125
1125
1123
1121
1120
1115
1112
1110
1104
1099
1098
1098
1092
1088
1086
1086
1085
1085
1084
1078
1078
1077
1077
1075
1074
1070
1067
1067
1066
1059
1058
1057
1056
1054
1052
1049
1046
1044
1041
1033
1032
1030
1029
1028
1026
1022
1018
1012
1008
1007
1005
999
996
995
993
992
990
989
983
982
970
969
966
962
959
955
950
947
946
945
932
931
927
924
912
906
905
903
901
901
900
900
897
888
887
886
886
884
884
879
878
874
861
860
859
857
854
854
850
850
848
846
846
842
842
840
838
834
833
833
828
823
821
821
816
815
813
808
800
789
788
782
781
778
776
771
764
759
757
755
751
749
749
741
739
734
731
730
730
722
721
713
712
712
706
705
702
701
700
697
695
690
690
689
689
686
685
685
675
675
669
662
641
639
635
628
628
624
620
619
614
608
607
604
601
600
600
600
599
593
593
593
590
589
589
578
578
578
577
576
575
573
568
568
567
567
562
562
562
554
549
540
537
535
535
533
527
516
510
510
507
504
502
500
499
496
495
495
481
478
473
473
471
465
454
453
449
448
446
444
444
441
433
428
424
415
415
414
401
399
398
398
397
395
388
387
386
384
382
380
376
375
373
372
365
364
362
361
360
360
360
359
358
355
351
351
349
344
341
337
336
328
327
324
316
316
316
315
314
303
302
300
294
290
290
287
286
284
281
281
280
279
275
273
266
266
265
264
257
256
256
249
249
241
235
235
227
226
225
224
223
222
222
218
210
205
205
196
196
189
187
185
185
182
181
178
175
174
172
167
165
164
164
164
162
160
157
157
151
150
146
145
145
136
135
130
128
128
126
126
122
120
119
117
110
108
108
107
104
103
100
97
97
94
90
86
86
83
83
80
79
73
69
68
68
65
64
61
61
61
55
55
50
47
47
44
43
43
37
36
34
31
30
28
28
28
25
23
23
22
20
18
17
9
5
1
-2
-4
-7
-12
-12
-21
-22
-26
-27
-33
-34
-35
-37
-38
-39
-39
-46
-48
-49
-61
-63
-72
-73
-77
-77
-82
-83
-84
-90
-91
-92
-93
-102
-103
-103
-104
-107
-108
-109
-116
-116
-117
-117
-121
-121
-126
-126
-132
-133
-140
-140
-141
-148
-152
-156
-158
-159
-159
-163
-169
-170
-176
-177
-178
-179
-184
-184
-185
-185
-186
-188
-189
-190
-198
-200
-201
-205
-207
-218
-220
-222
-225
-225
-226
-227
-235
-237
-250
-266
-268
-270
-270
-277
-279
-283
-287
-289
-294
-295
-295
-301
-302
-308
-308
-310
-312
-314
-315
-316
-322
-327
-330
-331
-337
-342
-343
-343
-344
-344
-350
-350
-357
-363
-366
-373
-375
-376
-379
-380
-387
-393
-393
-393
-396
-396
-397
-398
-406
-407
-409
-411
-412
-415
-421
-423
-424
-425
-425
-425
-426
-427
-429
-433
-436
-443
-447
-453
-454
-455
-457
-457
-464
-467
-469
-469
-470
-471
-473
-475
-478
-479
-480
-482
-486
-487
-489
-492
-494
-499
-501
-502
-506
-509
-510
-512
-513
-515
-515
-516
-525
-526
-537
-543
-545
-545
-547
-551
-553
-557
-558
-559
-560
-563
-565
-569
-573
-573
-577
-583
-586
-586
-590
-592
-593
-594
-596
-597
-602
-604
-605
-605
-612
-614
-617
-623
-627
-628
-629
-634
-637
-638
-640
-640
-641
-646
-646
-646
-648
-649
-658
-660
-662
-663
-663
-669
-676
-676
-678
-678
-683
-684
-689
-690
-691
-692
-694
-694
-698
-699
-703
-705
-706
-707
-714
-715
-715
-717
-720
-724
-727
-727
-739
-742
-743
-751
-755
-755
-759
-760
-764
-767
-767
-768
-770
-771
-773
-774
-779
-779
-780
-780
-781
-781
-783
-784
-793
-800
-812
-813
-822
-826
-833
-833
-835
-847
-848
-851
-857
-860
-864
-865
-865
-866
-867
-874
-874
-876
-876
-877
-878
-880
-882
-883
-888
-888
-894
-895
-895
-902
-904
-907
-908
-912
-913
-918
-922
-923
-929
-936
-937
-937
-940
-940
-940
-946
-951
-952
-955
-955
-961
-962
-962
-964
-968
-972
-976
-982
-984
-984
-987
-987
-989
-992
-994
-999
-1007
-1012
-1014
-1016
-1016
-1021
-1029
-1031
-1032
-1033
-1034
-1034
-1035
-1040
-1045
-1048
-1054
-1068
-1069
-1072
-1074
-1077
-1079
-1084
-1086
-1093
-1094
-1094
-1097
-1101
-1101
-1102
-1104
-1106
-1107
-1111
-1111
-1112
-1121
-1121
-1122
-1124
-1125
-1126
-1127
-1129
-1131
-1133
-1134
-1138
-1139
-1142
-1143
-1150
-1151
-1156
-1158
-1164
-1167
-1168
-1168
-1170
-1170
-1171
-1175
-1176
-1180
-1181
-1185
-1192
-1192
-1195
-1198
-1199
-1209
-1210
-1215
-1216
-1219
-1220
-1221
-1227
-1231
-1232
-1234
-1236
-1245
-1250
-1254
-1255
-1259
-1262
-1263
-1269
-1270
-1271
-1274
-1281
-1285
-1289
-1295
-1296
-1299
-1300
-1303
-1305
-1311
-1315
-1315
-1319
-1319
-1322
-1325
-1326
-1331
-1336
-1337
-1341
-1343
-1343
-1344
-1347
-1362
-1362
-1364
-1371
-1372
-1377
-1378
-1381
-1385
-1388
-1393
-1395
-1401
-1403
-1404
-1408
-1417
-1417
-1419
-1424
-1425
-1426
-1426
-1426
-1429
-1431
-1432
-1436
-1436
-1440
-1440
-1440
-1441
-1441
-1444
-1448
-1450
-1451
-1455
-1455
-1457
-1459
-1460
-1462
-1468
-1469
-1472
-1477
-1480
-1481
-1482
-1483
-1489
-1493
-1495
-1496
-1497
-1503
-1504
-1512
-1513
-1518
-1523
-1537
-1537
-1548
-1551
-1553
-1555
-1558
-1562
-1568
-1574
-1579
-1581
-1586
-1587
-1597
-1602
-1611
-1611
-1617
-1620
-1621
-1622
-1622
-1632
-1637
-1641
-1645
-1649
-1649
-1650
-1654
-1657
-1659
-1660
-1663
-1664
-1664
-1665
-1666
-1668
-1672
-1674
-1677
-1678
-1678
-1685
-1686
-1687
-1690
-1696
-1697
-1699
-1701
-1710
-1713
-1725
-1726
-1728
-1732
-1732
-1734
-1735
-1735
-1736
-1736
-1740
-1744
-1745
-1745
-1748
-1750
-1751
-1757
-1759
-1760
-1766
-1766
-1775
-1780
-1782
-1784
-1785
-1786
-1787
-1789
-1791
-1795
-1797
-1800
-1803
-1808
-1811
-1812
-1813
-1814
-1814
-1817
-1818
-1831
-1832
-1832
-1836
-1837
-1840
-1843
-1844
-1846
-1847
-1849
-1851
-1854
-1869
-1875
-1876
-1877
-1878
-1880
-1881
-1882
-1883
-1891
-1896
-1897
-1898
-1901
-1906
-1907
-1914
-1914
-1914
-1916
-1921
-1921
-1924
-1924
-1930
-1931
-1934
-1936
-1942
-1942
-1942
-1943
-1948
-1949
-1951
-1953
-1955
-1957
-1959
-1959
-1960
-1963
-1966
-1968
-1973
-1976
-1985
-1986
-1989
-1989
-1992
-1993
-1994
-1995
-1999
-2000
-2001
-2001
-2006
-2009
-2009
-2011
-2013
-2017
-2019
-2020
-2021
-2026
-2029
-2039
-2044
-2048
-2058
-2059
-2061
-2066
-2067
-2070
-2078
-2082
-2086
-2093
-2095
-2105
-2106
-2108
-2111
-2113
-2115
-2116
-2117
-2121
-2126
-2126
-2131
-2137
-2137
-2138
-2143
-2146
-2153
-2158
-2159
-2161
-2162
-2165
-2166
-2168
-2171
-2171
-2173
-2183
-2184
-2186
-2190
-2192
-2195
-2196
-2197
-2200
-2211
-2222
-2224
-2224
-2225
-2226
-2226
-2228
-2228
-2233
-2236
-2238
-2239
-2244
-2252
-2254
-2262
-2264
-2265
-2266
-2274
-2278
-2295
-2301
-2302
-2306
-2309
-2310
-2314
-2316
-2323
-2328
-2333
-2337
-2348
-2349
-2354
-2357
-2361
-2363
-2364
-2366
-2369
-2369
-2373
-2374
-2375
-2377
-2382
-2382
-2388
-2389
-2393
-2395
-2397
-2397
-2401
-2404
-2406
-2412
-2416
-2418
-2420
-2420
-2424
-2425
-2426
-2426
-2430
-2434
-2434
-2434
-2435
-2437
-2437
-2437
-2439
-2439
-2448
-2449
-2451
-2452
-2453
-2456
-2456
-2457
-2460
-2468
-2468
-2470
-2470
-2473
-2476
-2478
-2487
-2490
-2491
-2496
-2497
-2498
-2498
-2498
-2501
-2505
-2511
-2511
-2512
-2513
-2514
-2516
-2516
-2518
-2523
-2524
-2526
-2533
-2533
-2536
-2536
-2547
-2552
-2555
-2556
-2558
-2565
-2571
-2574
-2577
-2582
-2584
-2585
-2587
-2588
-2592
-2594
-2595
-2595
-2596
-2596
-2600
-2601
-2601
-2602
-2602
-2603
-2605
-2606
-2606
-2607
-2608
-2608
-2621
-2628
-2635
-2636
-2637
-2641
-2646
-2647
-2657
-2657
-2661
-2662
-2664
-2665
-2671
-2673
-2674
-2674
-2679
-2685
-2686
-2686
-2687
-2688
-2690
-2693
-2693
-2696
-2697
-2702
-2705
-2710
-2711
-2712
-2713
-2714
-2719
-2720
-2721
-2722
-2723
-2726
-2726
-2726
-2727
-2730
-2730
-2734
-2735
-2737
-2745
-2749
-2750
-2753
-2760
-2760
-2768
-2768
-2774
-2775
-2778
-2778
-2779
-2779
-2784
-2785
-2787
-2788
-2791
-2795
-2797
-2798
-2810
-2811
-2812
-2813
-2813
-2817
-2819
-2820
-2830
-2830
-2836
-2836
-2840
-2840
-2843
-2844
-2851
-2852
-2853
-2858
-2859
-2864
-2866
-2867
-2867
-2872
-2878
-2880
-2882
-2883
-2894
-2895
-2895
-2895
-2896
-2901
-2902
-2903
-2904
-2907
-2915
-2931
-2933
-2933
-2934
-2938
-2943
-2944
-2945
-2947
-2956
-2962
-2966
-2967
-2968
-2969
-2970
-2977
-2979
-2980
-2983
-2985
-2990
-2990
-2991
-2992
-2993
-2996
-2996
-2998
-2999
-3002
-3008
-3010
-3020
-3024
-3026
-3033
-3035
-3042
-3043
-3045
-3053
-3057
-3061
-3064
-3064
-3067
-3069
-3073
-3074
-3078
-3079
-3081
-3081
-3085
-3088
-3089
-3089
-3098
-3103
-3103
-3105
-3110
-3110
-3111
-3112
-3112
-3113
-3116
-3119
-3122
-3129
-3132
-3136
-3138
-3145
-3152
-3154
-3155
-3157
-3157
-3164
-3167
-3167
-3170
-3175
-3185
-3186
-3187
-3189
-3189
-3190
-3195
-3198
-3201
-3202
-3202
-3211
-3211
-3218
-3219
-3219
-3219
-3220
-3221
-3229
-3230
-3232
-3232
-3232
-3234
-3239
-3245
-3245
-3245
-3247
-3249
-3250
-3251
-3251
-3253
-3253
-3255
-3257
-3257
-3258
-3264
-3264
-3268
-3271
-3272
-3274
-3277
-3279
-3282
-3283
-3293
-3296
-3298
-3298
-3302
-3302
-3310
-3310
-3314
-3315
-3318
-3325
-3326
-3326
-3327
-3336
-3337
-3342
-3344
-3349
-3350
-3352
-3356
-3356
-3365
-3369
-3376
-3382
-3384
-3384
-3385
-3387
-3392
-3395
-3397
-3399
-3400
-3404
-3405
-3405
-3406
-3409
-3411
-3414
-3419
-3422
-3422
-3425
-3426
-3430
-3436
-3436
-3438
-3439
-3443
-3445
-3446
-3447
-3451
-3451
-3451
-3452
-3453
-3459
-3460
-3469
-3472
-3474
-3476
-3478
-3485
-3489
-3497
-3498
-3498
-3504
-3505
-3506
-3508
-3511
-3512
-3515
-3515
-3517
-3517
-3520
-3524
-3526
-3526
-3529
-3530
-3534
-3534
-3534
-3536
-3539
-3541
-3544
-3552
-3553
-3556
-3557
-3559
-3560
-3561
-3568
-3568
-3569
-3569
-3570
-3571
-3572
-3572
-3576
-3580
-3584
-3584
-3586
-3589
-3591
-3593
-3594
-3595
-3598
-3598
-3613
-3615
-3617
-3620
-3624
-3625
-3626
-3626
-3627
-3631
-3633
-3634
-3644
-3646
-3648
-3648
-3653
-3654
-3654
-3654
-3654
-3657
-3658
-3658
-3660
-3663
-3666
-3668
-3668
-3669
-3675
-3677
-3679
-3681
-3688
-3688
-3691
-3694
-3695
-3698
-3699
-3700
-3702
-3707
-3711
-3713
-3718
-3719
-3725
-3725
-3731
-3737
-3737
-3744
-3747
-3749
-3755
-3757
-3759
-3764
-3772
-3774
-3775
-3779
-3780
-3781
-3781
-3783
-3790
-3791
-3797
-3798
-3798
-3802
-3803
-3804
-3804
-3804
-3811
-3814
-3814
-3815
-3817
-3818
-3824
-3825
-3829
-3830
-3835
-3836
-3838
-3840
-3843
-3844
-3850
-3857
-3858
-3861
-3863
-3867
-3868
-3868
-3869
-3871
-3871
-3871
-3873
-3879
-3882
-3883
-3886
-3890
-3891
-3893
-3894
-3900
-3901
-3901
-3906
-3908
-3910
-3911
-3913
-3916
-3916
-3922
-3925
-3927
-3928
-3929
-3936
-3937
-3937
-3943
-3944
-3945
-3946
-3948
-3950
-3950
-3951
-3953
-3958
-3968
-3971
-3977
-3984
-3990
-3990
-3996
-3999
-4000
-4000
-4003
-4005
-4005
-4005
-4006
-4011
-4013
-4016
-4018
-4021
-4021
-4022
-4024
-4027
-4028
-4029
-4033
-4039
-4043
-4045
-4045
-4056
-4057
-4058
-4060
-4061
-4062
-4062
-4062
-4067
-4067
-4070
-4073
-4076
-4082
-4085
-4086
-4087
-4091
-4091
-4099
-4108
-4108
-4110
-4110
-4111
-4115
-4118
-4124
-4125
-4126
-4127
-4131
-4131
-4140
-4141
-4147
-4150
-4158
-4161
-4162
-4162
-4167
-4167
-4168
-4171
-4171
-4173
-4182
-4188
-4188
-4190
-4193
-4194
-4195
-4196
-4196
-4197
-4207
-4229
-4235
-4247
-4252
-4253
-4259
-4260
-4263
-4264
-4265
-4265
-4265
-4269
-4270
-4275
-4282
-4286
-4287
-4289
-4290
-4291
-4295
-4301
-4303
-4305
-4306
-4309
-4313
-4319
-4330
-4333
-4336
-4339
-4344
-4345
-4346
-4349
-4354
-4354
-4364
-4366
-4370
-4373
-4377
-4377
-4380
-4381
-4381
-4382
-4385
-4391
-4393
-4394
-4397
-4397
-4398
-4399
-4399
-4400
-4403
-4405
-4405
-4409
-4409
-4409
-4411
-4411
-4414
-4414
-4416
-4421
-4428
-4435
-4437
-4438
-4438
-4439
-4440
-4444
-4447
-4451
-4459
-4463
-4467
-4473
-4474
-4477
-4498
-4498
-4498
-4500
-4500
-4502
-4502
-4504
-4509
-4512
-4513
-4518
-4522
-4522
-4523
-4526
-4529
-4531
-4533
-4535
-4544
-4548
-4553
-4554
-4557
-4562
-4562
-4566
-4571
-4574
-4575
-4576
-4579
-4581
-4588
-4590
-4593
-4594
-4594
-4595
-4596
-4603
-4604
-4607
-4609
-4615
-4620
-4627
-4627
-4628
-4628
-4631
-4636
-4637
-4643
-4645
-4646
-4647
-4647
-4648
-4648
-4660
-4664
-4668
-4671
-4671
-4672
-4672
-4674
-4677
-4679
-4679
-4679
-4679
-4680
-4681
-4688
-4689
-4695
-4696
-4701
-4703
-4703
-4706
-4707
-4709
-4711
-4712
-4715
-4715
-4715
-4716
-4716
-4718
-4723
-4733
-4733
-4733
-4738
-4739
-4744
-4757
-4758
-4760
-4769
-4772
-4772
-4776
-4778
-4780
-4780
-4784
-4787
-4789
-4791
-4792
-4792
-4794
-4800
-4800
-4800
-4802
-4803
-4810
-4813
-4814
-4818
-4830
-4831
-4833
-4836
-4849
-4853
-4859
-4860
-4861
-4862
-4870
-4874
-4874
-4877
-4878
-4878
-4879
-4879
-4883
-4883
-4886
-4891
-4891
-4899
-4904
-4905
-4907
-4919
-4931
-4939
-4941
-4942
-4948
-4948
-4952
-4954
-4967
-4968
-4969
-4970
-4973
-4973
-4978
-4981
-4982
-4984
-4989
-4992
-4992
-5002
-5005
-5005
-5006
-5006
-5011
-5011
-5012
-5014
-5022
-5035
-5039
-5042
-5046
-5047
-5048
-5048
-5049
-5049
-5052
-5052
-5052
-5053
-5055
-5059
-5065
-5069
-5069
-5069
-5071
-5072
-5076
-5077
-5082
-5082
-5091
-5094
-5104
-5106
-5112
-5114
-5115
-5115
-5115
-5115
-5117
-5127
-5127
-5128
-5130
-5132
-5137
-5143
-5143
-5145
-5146
-5149
-5152
-5152
-5153
-5155
-5161
-5167
-5170
-5171
-5172
-5175
-5175
-5177
-5178
-5178
-5180
-5187
-5188
-5192
-5194
-5198
-5198
-5199
-5200
-5200
-5203
-5213
-5218
-5219
-5225
-5229
-5229
-5229
-5234
-5235
-5235
-5240
-5242
-5243
-5245
-5245
-5250
-5252
-5254
-5255
-5257
-5257
-5258
-5258
-5259
-5260
-5262
-5263
-5267
-5267
-5274
-5274
-5274
-5275
-5279
-5282
-5283
-5286
-5287
-5287
-5289
-5295
-5296
-5299
-5300
-5305
-5307
-5310
-5311
-5314
-5316
-5320
-5325
-5327
-5337
-5340
-5343
-5345
-5346
-5347
-5348
-5353
-5353
-5355
-5356
-5358
-5361
-5366
-5366
-5369
-5376
-5376
-5376
-5377
-5383
-5389
-5390
-5394
-5395
-5395
-5400
-5405
-5406
-5407
-5407
-5409
-5414
-5419
-5419
-5422
-5425
-5425
-5426
-5428
-5434
-5436
-5436
-5444
-5446
-5447
-5447
-5460
-5467
-5468
-5470
-5472
-5472
-5473
-5474
-5474
-5480
-5486
-5489
-5490
-5492
-5494
-5502
-5502
-5504
-5505
-5508
-5509
-5511
-5513
-5516
-5519
-5521
-5526
-5528
-5529
-5530
-5532
-5532
-5533
-5538
-5540
-5541
-5542
-5543
-5546
-5546
-5550
-5553
-5554
-5564
-5565
-5565
-5567
-5569
-5571
-5572
-5579
-5585
-5586
-5593
-5599
-5600
-5603
-5609
-5609
-5615
-5615
-5622
-5626
-5630
-5634
-5637
-5639
-5639
-5643
-5643
-5645
-5645
-5648
-5649
-5651
-5653
-5660
-5665
-5670
-5674
-5677
-5681
-5685
-5685
-5686
-5687
-5691
-5694
-5695
-5698
-5701
-5704
-5705
-5705
-5706
-5707
-5708
-5710
-5714
-5717
-5720
-5721
-5722
-5722
-5723
-5724
-5725
-5725
-5727
-5732
-5734
-5739
-5742
-5744
-5746
-5746
-5750
-5751
-5753
-5755
-5762
-5763
-5765
-5769
-5770
-5774
-5780
-5781
-5781
-5782
-5784
-5792
-5795
-5799
-5802
-5803
-5807
-5808
-5812
-5814
-5815
-5816
-5822
-5823
-5824
-5825
-5825
-5828
-5829
-5831
-5833
-5836
-5842
-5843
-5848
-5849
-5850
-5854
-5855
-5857
-5858
-5861
-5861
-5864
-5865
-5865
-5866
-5866
-5869
-5870
-5872
-5879
-5887
-5887
-5888
-5888
-5890
-5895
-5897
-5902
-5904
-5909
-5909
-5910
-5912
-5915
-5916
-5920
-5921
-5922
-5923
-5923
-5927
-5929
-5933
-5934
-5940
-5941
-5946
-5953
-5953
-5954
-5958
-5958
-5959
-5961
-5970
-5971
-5972
-5973
-5975
-5976
-5985
-5986
-5990
-5996
-5999
-6003
-6005
-6006
-6007
-6008
-6010
-6013
-6015
-6020
-6026
-6030
-6030
-6037
-6037
-6042
-6042
-6043
-6043
-6052
-6056
-6062
-6064
-6064
-6065
-6068
-6070
-6075
-6078
-6082
-6085
-6090
-6090
-6092
-6097
-6099
-6101
-6101
-6103
-6104
-6114
-6115
-6116
-6116
-6117
-6118
-6123
-6126
-6127
-6132
-6137
-6139
-6142
-6143
-6156
-6163
-6165
-6169
-6169
-6172
-6173
-6175
-6181
-6184
-6187
-6187
-6187
-6188
-6197
-6199
-6201
-6204
-6210
-6211
-6216
-6217
-6218
-6220
-6222
-6224
-6237
-6239
-6251
-6255
-6257
-6260
-6265
-6265
-6274
-6276
-6279
-6282
-6282
-6283
-6286
-6286
-6288
-6288
-6290
-6291
-6293
-6303
-6307
-6309
-6309
-6312
-6313
-6316
-6323
-6325
-6329
-6333
-6339
-6345
-6348
-6349
-6351
-6354
-6356
-6358
-6359
-6363
-6363
-6365
-6370
-6371
-6380
-6380
-6387
-6389
-6391
-6394
-6396
-6405
-6405
-6412
-6414
-6414
-6418
-6418
-6420
-6421
-6423
-6426
-6428
-6433
-6433
-6436
-6438
-6439
-6443
-6452
-6452
-6455
-6460
-6463
-6463
-6467
-6467
-6468
-6469
-6469
-6470
-6470
-6472
-6473
-6474
-6477
-6484
-6485
-6487
-6487
-6490
-6491
-6492
-6499
-6499
-6501
-6501
-6502
-6505
-6514
-6514
-6515
-6518
-6520
-6521
-6524
-6524
-6527
-6528
-6532
-6535
-6536
-6539
-6543
-6544
-6544
-6544
-6545
-6547
-6548
-6549
-6553
-6553
-6554
-6555
-6557
-6560
-6563
-6564
-6565
-6572
-6572
-6575
-6576
-6577
-6577
-6579
-6582
-6583
-6589
-6596
-6597
-6601
-6601
-6603
-6606
-6609
-6614
-6615
-6616
-6617
-6621
-6622
-6626
-6631
-6634
-6635
-6635
-6637
-6640
-6647
-6650
-6653
-6653
-6654
-6656
-6658
-6662
-6666
-6667
-6668
-6668
-6669
-6672
-6679
-6681
-6684
-6691
-6695
-6696
-6698
-6707
-6710
-6712
-6713
-6715
-6716
-6722
-6723
-6728
-6729
-6729
-6731
-6733
-6734
-6738
-6738
-6740
-6742
-6743
-6744
-6747
-6749
-6751
-6757
-6758
-6764
-6764
-6765
-6765
-6766
-6768
-6775
-6776
-6776
-6777
-6783
-6790
-6791
-6791
-6794
-6794
-6794
-6798
-6800
-6801
-6803
-6804
-6804
-6807
-6811
-6817
-6818
-6824
-6826
-6827
-6827
-6828
-6830
-6831
-6832
-6833
-6837
-6838
-6838
-6838
-6841
-6841
-6843
-6846
-6856
-6858
-6865
-6867
-6870
-6871
-6873
-6874
-6878
-6880
-6883
-6884
-6887
-6888
-6889
-6895
-6900
-6901
-6902
-6902
-6903
-6904
-6906
-6909
-6910
-6914
-6915
-6926
-6927
-6928
-6929
-6931
-6935
-6935
-6939
-6943
-6945
-6950
-6953
-6956
-6960
-6961
-6965
-6966
-6972
-6978
-6978
-6979
-6980
-6982
-6986
-6993
-6993
-6993
-6997
-7002
-7004
-7007
-7008
-7009
-7011
-7016
-7017
-7018
-7018
-7024
-7026
-7027
-7030
-7032
-7034
-7035
-7037
-7040
-7043
-7043
-7044
-7050
-7052
-7053
-7055
-7055
-7056
-7057
-7059
-7067
-7074
-7078
-7082
-7083
-7084
-7088
-7088
-7093
-7096
-7105
-7111
-7120
-7121
-7124
-7125
-7126
-7127
-7128
-7128
-7128
-7129
-7129
-7130
-7132
-7138
-7138
-7138
-7138
-7140
-7140
-7141
-7143
-7145
-7147
-7154
-7160
-7161
-7167
-7171
-7173
-7175
-7177
-7177
-7178
-7178
-7179
-7184
-7186
-7186
-7188
-7191
-7193
-7199
-7209
-7210
-7213
-7215
-7216
-7216
-7218
-7219
-7223
-7224
-7224
-7224
-7224
-7228
-7229
-7230
-7230
-7233
-7235
-7239
-7243
-7245
-7245
-7248
-7252
-7252
-7255
-7257
-7257
-7259
-7261
-7261
-7263
-7263
-7264
-7264
-7265
-7267
-7268
-7269
-7275
-7275
-7279
-7281
-7288
-7289
-7294
-7296
-7296
-7300
-7304
-7305
-7309
-7311
-7314
-7315
-7318
-7320
-7320
-7321
-7322
-7326
-7327
-7336
-7336
-7342
-7343
-7347
-7350
-7351
-7354
-7355
-7360
-7360
-7361
-7364
-7367
-7369
-7373
-7374
-7375
-7381
-7385
-7390
-7390
-7390
-7391
-7400
-7405
-7413
-7415
-7418
-7422
-7422
-7424
-7425
-7426
-7426
-7430
-7433
-7434
-7435
-7436
-7443
-7447
-7447
-7449
-7453
-7455
-7459
-7463
-7466
-7473
-7473
-7478
-7479
-7483
-7483
-7486
-7491
-7491
-7493
-7501
-7508
-7509
-7511
-7512
-7512
-7515
-7515
-7516
-7519
-7519
-7521
-7521
-7529
-7529
-7530
-7531
-7533
-7537
-7537
-7541
-7543
-7543
-7543
-7543
-7547
-7548
-7551
-7553
-7554
-7557
-7561
-7561
-7566
-7570
-7571
-7576
-7578
-7580
-7581
-7581
-7582
-7584
-7585
-7589
-7589
-7591
-7594
-7595
-7602
-7610
-7613
-7614
-7616
-7620
-7620
-7620
-7625
-7626
-7629
-7633
-7644
-7647
-7652
-7654
-7658
-7658
-7659
-7660
-7666
-7667
-7676
-7676
-7677
-7677
-7681
-7686
-7689
-7689
-7690
-7696
-7702
-7704
-7707
-7711
-7719
-7730
-7730
-7732
-7737
-7739
-7742
-7743
-7744
-7746
-7749
-7750
-7751
-7752
-7753
-7753
-7754
-7755
-7756
-7758
-7768
-7769
-7771
-7771
-7772
-7775
-7777
-7779
-7783
-7786
-7794
-7796
-7798
-7799
-7806
-7807
-7810
-7810
-7812
-7817
-7819
-7820
-7822
-7826
-7837
-7838
-7840
-7845
-7847
-7847
-7847
-7847
-7854
-7855
-7863
-7863
-7870
-7872
-7873
-7877
-7879
-7880
-7880
-7885
-7886
-7887
-7888
-7891
-7894
-7903
-7908
-7910
-7911
-7912
-7915
-7916
-7921
-7921
-7923
-7923
-7930
-7932
-7934
-7934
-7934
-7936
-7936
-7939
-7939
-7946
-7947
-7949
-7951
-7952
-7960
-7960
-7960
-7962
-7962
-7967
-7980
-7985
-7987
-7990
-7991
-7993
-8001
-8006
-8012
-8015
-8019
-8025
-8026
-8027
-8028
-8030
-8030
-8035
-8036
-8037
-8040
-8041
-8046
-8050
-8054
-8054
-8061
-8065
-8069
-8070
-8072
-8075
-8077
-8078
-8080
-8081
-8082
-8082
-8086
-8088
-8089
-8091
-8092
-8093
-8098
-8100
-8105
-8106
-8108
-8115
-8120
-8122
-8123
-8127
-8131
-8132
-8136
-8138
-8138
-8139
-8142
-8142
-8148
-8149
-8152
-8152
-8156
-8157
-8158
-8160
-8166
-8166
-8175
-8180
-8181
-8201
-8204
-8209
-8210
-8210
-8213
-8219
-8219
-8220
-8221
-8224
-8230
-8232
-8233
-8237
-8238
-8239
-8240
-8240
-8242
-8242
-8244
-8249
-8253
-8256
-8257
-8257
-8259
-8264
-8265
-8266
-8267
-8267
-8269
-8270
-8270
-8271
-8273
-8275
-8276
-8276
-8280
-8283
-8285
-8285
-8287
-8287
-8290
-8293
-8293
-8299
-8300
-8300
-8301
-8302
-8306
-8307
-8312
-8312
-8313
-8321
-8331
-8332
-8332
-8336
-8337
-8337
-8338
-8345
-8348
-8353
-8354
-8354
-8355
-8359
-8360
-8364
-8364
-8366
-8370
-8371
-8373
-8378
-8378
-8382
-8385
-8386
-8387
-8390
-8397
-8401
-8410
-8415
-8424
-8426
-8427
-8429
-8432
-8432
-8433
-8442
-8443
-8446
-8446
-8448
-8449
-8449
-8449
-8452
-8458
-8458
-8458
-8459
-8460
-8464
-8470
-8471
-8473
-8475
-8482
-8491
-8493
-8497
-8501
-8504
-8504
-8506
-8507
-8512
-8514
-8521
-8523
-8527
-8530
-8531
-8532
-8541
-8542
-8546
-8546
-8547
-8547
-8548
-8548
-8549
-8552
-8556
-8562
-8568
-8570
-8571
-8571
-8575
-8575
-8578
-8579
-8579
-8583
-8587
-8593
-8594
-8595
-8596
-8599
-8600
-8601
-8602
-8604
-8605
-8606
-8607
-8615
-8617
-8619
-8625
-8630
-8634
-8638
-8643
-8647
-8654
-8655
-8657
-8661
-8662
-8662
-8669
-8669
-8670
-8670
-8676
-8676
-8676
-8679
-8680
-8686
-8687
-8688
-8690
-8695
-8700
-8703
-8705
-8707
-8709
-8710
-8712
-8716
-8716
-8719
-8720
-8721
-8721
-8723
-8724
-8725
-8730
-8741
-8744
-8745
-8747
-8747
-8749
-8753
-8755
-8755
-8763
-8763
-8764
-8764
-8767
-8767
-8767
-8768
-8771
-8774
-8775
-8777
-8778
-8780
-8782
-8785
-8786
-8786
-8787
-8787
-8787
-8793
-8794
-8795
-8798
-8799
-8802
-8803
-8805
-8809
-8810
-8813
-8815
-8816
-8820
-8824
-8844
-8850
-8851
-8854
-8864
-8867
-8867
-8871
-8871
-8872
-8873
-8874
-8874
-8876
-8882
-8884
-8884
-8885
-8886
-8886
-8890
-8892
-8893
-8893
-8896
-8898
-8899
-8903
-8904
-8906
-8907
-8910
-8912
-8912
-8913
-8914
-8918
-8920
-8927
-8938
-8939
-8939
-8941
-8947
-8949
-8950
-8951
-8963
-8966
-8967
-8970
-8971
-8973
-8978
-8978
-8980
-8982
-8984
-8985
-8985
-8986
-8988
-8988
-8991
-8992
-8994
-9001
-9001
-9002
-9003
-9004
-9010
-9012
-9013
-9013
-9013
-9014
-9017
-9019
-9020
-9021
-9024
-9028
-9032
-9039
-9040
-9040
-9047
-9049
-9054
-9056
-9065
-9067
-9068
-9071
-9075
-9079
-9079
-9082
-9084
-9085
-9086
-9096
-9098
-9099
-9106
-9106
-9114
-9116
-9123
-9126
-9131
-9134
-9135
-9138
-9148
-9148
-9159
-9161
-9163
-9165
-9165
-9168
-9169
-9175
-9176
-9180
-9180
-9191
-9193
-9195
-9195
-9197
-9201
-9203
-9205
-9205
-9207
-9210
-9210
-9216
-9217
-9218
-9220
-9223
-9225
-9230
-9232
-9234
-9235
-9237
-9238
-9242
-9243
-9252
-9254
-9257
-9260
-9269
-9273
-9276
-9280
-9281
-9281
-9281
-9284
-9293
-9294
-9298
-9298
-9299
-9309
-9309
-9310
-9311
-9317
-9317
-9319
-9322
-9323
-9323
-9324
-9330
-9333
-9333
-9341
-9341
-9343
-9344
-9346
-9353
-9354
-9354
-9359
-9362
-9362
-9366
-9367
-9370
-9370
-9372
-9383
-9383
-9397
-9397
-9399
-9399
-9400
-9403
-9410
-9410
-9416
-9418
-9432
-9433
-9434
-9434
-9434
-9440
-9442
-9444
-9444
-9448
-9451
-9463
-9463
-9464
-9465
-9467
-9468
-9478
-9480
-9483
-9484
-9485
-9488
-9490
-9491
-9493
-9493
-9496
-9501
-9517
-9518
-9520
-9526
-9526
-9531
-9532
-9532
-9544
-9545
-9546
-9548
-9556
-9560
-9571
-9573
-9576
-9576
-9577
-9578
-9583
-9584
-9584
-9589
-9594
-9595
-9604
-9604
-9605
-9611
-9616
-9617
-9618
-9622
-9623
-9624
-9625
-9628
-9653
-9655
-9657
-9658
-9658
-9662
-9666
-9669
-9671
-9671
-9672
-9677
-9680
-9684
-9684
-9684
-9685
-9685
-9690
-9691
-9695
-9704
-9707
-9712
-9718
-9719
-9720
-9723
-9734
-9742
-9744
-9751
-9752
-9755
-9756
-9756
-9761
-9767
-9767
-9767
-9770
-9770
-9776
-9778
-9787
-9788
-9788
-9789
-9791
-9802
-9803
-9807
-9813
-9815
-9816
-9818
-9818
-9819
-9819
-9824
-9828
-9829
-9832
-9833
-9836
-9837
-9838
-9842
-9843
-9846
-9847
-9854
-9860
-9865
-9867
-9868
-9870
-9874
-9875
-9877
-9877
-9877
-9880
-9882
-9882
-9883
-9885
-9886
-9888
-9890
-9891
-9896
-9897
-9902
-9908
-9909
-9910
-9910
-9915
-9919
-9926
-9927
-9932
-9932
-9934
-9938
-9939
-9939
-9940
-9940
-9943
-9947
-9947
-9948
-9951
-9952
-9953
-9955
-9963
-9967
-9969
-9980
-9986
-9988
-9989
-9990
-9997
