-9999
-9981
-9979
-9978
-9978
-9976
-9975
-9964
-9960
-9959
-9959
-9958
-9946
-9945
-9944
-9943
-9937
-9936
-9924
-9921
-9919
-9916
-9914
-9911
-9902
-9901
-9900
-9899
-9897
-9894
-9894
-9892
-9876
-9875
-9873
-9862
-9862
-9861
-9855
-9848
-9845
-9845
-9841
-9840
-9837
-9833
-9823
-9816
-9814
-9797
-9797
-9793
-9793
-9789
-9787
-9787
-9786
-9772
-9758
-9752
-9750
-9735
-9731
-9731
-9728
-9726
-9720
-9717
-9706
-9702
-9694
-9692
-9689
-9683
-9680
-9674
-9673
-9671
-9647
-9641
-9637
-9635
-9633
-9612
-9609
-9608
-9604
-9598
-9594
-9591
-9590
-9590
-9586
-9578
-9578
-9574
-9571
-9571
-9570
-9566
-9558
-9558
-9555
-9553
-9551
-9550
-9550
-9548
-9546
-9546
-9542
-9540
-9536
-9534
-9531
-9531
-9527
-9523
-9517
-9515
-9512
-9512
-9510
-9508
-9501
-9497
-9496
-9492
-9488
-9487
-9479
-9477
-9477
-9471
-9469
-9466
-9464
-9462
-9454
-9453
-9451
-9450
-9449
-9449
-9428
-9428
-9422
-9421
-9421
-9416
-9408
-9404
-9390
-9387
-9384
-9381
-9380
-9380
-9379
-9373
-9372
-9370
-9369
-9369
-9363
-9362
-9361
-9358
-9354
-9353
-9352
-9352
-9342
-9342
-9336
-9336
-9336
-9331
-9330
-9330
-9330
-9324
-9320
-9318
-9303
-9302
-9296
-9290
-9288
-9282
-9281
-9281
-9280
-9270
-9267
-9262
-9261
-9260
-9258
-9258
-9257
-9252
-9247
-9243
-9232
-9231
-9229
-9212
-9211
-9209
-9199
-9195
-9190
-9189
-9188
-9184
-9180
-9178
-9176
-9175
-9171
-9161
-9160
-9159
-9156
-9154
-9149
-9145
-9137
-9132
-9131
-9129
-9128
-9122
-9122
-9121
-9118
-9116
-9105
-9097
-9091
-9091
-9090
-9088
-9086
-9080
-9076
-9074
-9068
-9067
-9065
-9054
-9052
-9046
-9043
-9042
-9039
-9038
-9038
-9034
-9034
-9033
-9032
-9030
-9028
-9025
-9022
-9011
-9005
-8999
-8980
-8976
-8972
-8969
-8958
-8956
-8952
-8951
-8949
-8948
-8932
-8931
-8928
-8923
-8918
-8912
-8902
-8900
-8897
-8895
-8890
-8890
-8887
-8887
-8885
-8881
-8880
-8879
-8875
-8871
-8870
-8865
-8865
-8862
-8858
-8857
-8855
-8852
-8852
-8852
-8846
-8844
-8843
-8843
-8841
-8836
-8822
-8822
-8817
-8817
-8810
-8806
-8806
-8795
-8793
-8792
-8783
-8779
-8766
-8766
-8762
-8761
-8757
-8748
-8739
-8735
-8730
-8715
-8712
-8710
-8703
-8703
-8698
-8698
-8697
-8695
-8684
-8676
-8673
-8672
-8672
-8665
-8662
-8662
-8659
-8658
-8656
-8656
-8653
-8652
-8652
-8649
-8646
-8644
-8641
-8641
-8634
-8633
-8630
-8621
-8621
-8621
-8618
-8617
-8614
-8603
-8602
-8597
-8587
-8585
-8583
-8580
-8580
-8567
-8564
-8563
-8549
-8544
-8540
-8538
-8534
-8532
-8528
-8527
-8527
-8527
-8526
-8525
-8524
-8523
-8517
-8515
-8514
-8514
-8513
-8510
-8508
-8506
-8491
-8485
-8484
-8483
-8480
-8471
-8470
-8467
-8463
-8457
-8447
-8447
-8445
-8443
-8441
-8439
-8439
-8438
-8435
-8431
-8426
-8420
-8420
-8415
-8405
-8389
-8389
-8387
-8385
-8373
-8370
-8368
-8364
-8362
-8360
-8358
-8357
-8351
-8350
-8340
-8330
-8329
-8328
-8325
-8322
-8321
-8316
-8314
-8312
-8309
-8309
-8306
-8305
-8302
-8301
-8299
-8298
-8288
-8285
-8279
-8279
-8278
-8277
-8277
-8276
-8276
-8267
-8267
-8267
-8266
-8265
-8262
-8259
-8244
-8241
-8240
-8234
-8226
-8226
-8225
-8216
-8212
-8207
-8201
-8197
-8193
-8193
-8192
-8190
-8190
-8189
-8186
-8185
-8178
-8170
-8168
-8168
-8163
-8161
-8160
-8155
-8154
-8153
-8151
-8149
-8137
-8131
-8119
-8110
-8105
-8104
-8099
-8090
-8086
-8067
-8066
-8061
-8060
-8057
-8056
-8051
-8049
-8047
-8044
-8043
-8042
-8037
-8035
-8027
-8026
-8023
-8019
-8017
-8011
-8011
-8009
-8008
-8001
-8000
-7996
-7995
-7992
-7987
-7987
-7981
-7978
-7976
-7972
-7966
-7965
-7962
-7959
-7953
-7951
-7943
-7940
-7939
-7932
-7926
-7925
-7920
-7917
-7917
-7911
-7906
-7905
-7897
-7895
-7886
-7885
-7882
-7876
-7869
-7869
-7866
-7864
-7858
-7855
-7855
-7849
-7843
-7842
-7833
-7832
-7830
-7826
-7821
-7817
-7814
-7812
-7810
-7808
-7805
-7798
-7795
-7792
-7792
-7786
-7786
-7783
-7777
-7776
-7771
-7767
-7759
-7759
-7750
-7748
-7747
-7746
-7742
-7741
-7737
-7735
-7731
-7730
-7728
-7721
-7717
-7713
-7710
-7709
-7701
-7697
-7695
-7692
-7690
-7686
-7682
-7679
-7678
-7677
-7676
-7674
-7673
-7668
-7664
-7663
-7659
-7654
-7652
-7651
-7649
-7649
-7647
-7646
-7643
-7642
-7642
-7639
-7637
-7631
-7631
-7629
-7629
-7626
-7624
-7621
-7620
-7616
-7614
-7605
-7601
-7600
-7600
-7593
-7593
-7592
-7588
-7586
-7585
-7581
-7579
-7568
-7568
-7565
-7562
-7560
-7559
-7557
-7551
-7550
-7547
-7545
-7544
-7538
-7535
-7533
-7533
-7532
-7532
-7527
-7520
-7513
-7512
-7508
-7503
-7501
-7500
-7497
-7496
-7487
-7484
-7481
-7481
-7476
-7476
-7469
-7468
-7466
-7461
-7457
-7451
-7442
-7439
-7438
-7432
-7432
-7426
-7425
-7423
-7420
-7420
-7420
-7416
-7413
-7410
-7401
-7398
-7394
-7389
-7382
-7378
-7374
-7371
-7365
-7364
-7363
-7359
-7358
-7356
-7355
-7354
-7350
-7344
-7339
-7335
-7332
-7331
-7317
-7311
-7311
-7308
-7305
-7297
-7292
-7291
-7291
-7290
-7289
-7250
-7249
-7247
-7245
-7242
-7241
-7240
-7238
-7236
-7236
-7228
-7215
-7215
-7213
-7213
-7208
-7208
-7203
-7200
-7200
-7198
-7197
-7195
-7194
-7191
-7190
-7189
-7184
-7181
-7179
-7168
-7165
-7164
-7161
-7154
-7154
-7153
-7152
-7148
-7140
-7136
-7135
-7132
-7130
-7130
-7128
-7128
-7120
-7113
-7111
-7108
-7107
-7107
-7106
-7104
-7102
-7100
-7098
-7096
-7093
-7084
-7076
-7075
-7065
-7065
-7061
-7056
-7054
-7044
-7040
-7039
-7039
-7036
-7036
-7033
-7032
-7031
-7028
-7025
-7025
-7025
-7025
-7019
-7016
-7015
-7014
-7014
-7008
-7007
-6998
-6998
-6995
-6991
-6990
-6988
-6980
-6965
-6963
-6958
-6950
-6948
-6947
-6945
-6940
-6922
-6921
-6912
-6897
-6896
-6896
-6887
-6886
-6884
-6869
-6867
-6867
-6859
-6858
-6852
-6851
-6850
-6850
-6847
-6844
-6842
-6839
-6835
-6833
-6831
-6822
-6821
-6821
-6812
-6811
-6804
-6801
-6796
-6791
-6788
-6784
-6784
-6779
-6779
-6778
-6776
-6775
-6771
-6770
-6769
-6766
-6764
-6764
-6761
-6760
-6760
-6757
-6753
-6748
-6741
-6736
-6731
-6727
-6725
-6724
-6717
-6715
-6714
-6707
-6705
-6698
-6698
-6698
-6689
-6687
-6685
-6680
-6677
-6673
-6671
-6667
-6667
-6661
-6658
-6654
-6639
-6639
-6635
-6632
-6629
-6629
-6627
-6625
-6623
-6617
-6617
-6610
-6609
-6608
-6607
-6604
-6604
-6598
-6593
-6590
-6583
-6582
-6574
-6567
-6561
-6555
-6552
-6551
-6547
-6546
-6544
-6542
-6542
-6538
-6531
-6531
-6521
-6519
-6516
-6508
-6504
-6504
-6499
-6492
-6490
-6476
-6473
-6471
-6470
-6462
-6460
-6459
-6454
-6450
-6448
-6433
-6432
-6430
-6429
-6419
-6416
-6407
-6401
-6400
-6400
-6397
-6397
-6390
-6386
-6385
-6365
-6363
-6354
-6353
-6350
-6345
-6342
-6340
-6339
-6328
-6324
-6322
-6304
-6302
-6299
-6295
-6291
-6280
-6279
-6269
-6266
-6259
-6256
-6244
-6243
-6240
-6240
-6238
-6235
-6222
-6221
-6219
-6219
-6215
-6211
-6210
-6204
-6194
-6191
-6190
-6187
-6186
-6183
-6181
-6180
-6179
-6179
-6172
-6167
-6166
-6165
-6164
-6162
-6161
-6158
-6158
-6155
-6153
-6150
-6144
-6141
-6140
-6135
-6132
-6127
-6122
-6119
-6118
-6116
-6115
-6112
-6111
-6107
-6105
-6098
-6092
-6084
-6081
-6068
-6066
-6061
-6061
-6059
-6059
-6058
-6055
-6047
-6047
-6042
-6038
-6036
-6035
-6031
-6026
-6025
-6024
-6024
-6020
-6020
-6019
-6016
-6016
-6014
-6013
-6012
-6011
-6010
-6007
-6006
-6003
-6002
-6000
-5996
-5995
-5994
-5994
-5993
-5990
-5981
-5981
-5979
-5977
-5972
-5968
-5955
-5952
-5951
-5948
-5946
-5943
-5930
-5921
-5921
-5916
-5915
-5914
-5910
-5907
-5907
-5900
-5885
-5883
-5883
-5882
-5881
-5873
-5866
-5856
-5852
-5846
-5835
-5825
-5819
-5818
-5817
-5807
-5805
-5802
-5799
-5798
-5796
-5790
-5785
-5770
-5756
-5756
-5751
-5750
-5749
-5748
-5734
-5734
-5726
-5726
-5724
-5718
-5714
-5714
-5706
-5704
-5704
-5703
-5700
-5698
-5695
-5691
-5683
-5677
-5673
-5671
-5670
-5669
-5666
-5664
-5663
-5661
-5659
-5655
-5645
-5638
-5637
-5636
-5629
-5623
-5623
-5617
-5615
-5615
-5614
-5610
-5606
-5597
-5597
-5592
-5582
-5578
-5577
-5569
-5557
-5554
-5553
-5552
-5548
-5548
-5545
-5543
-5542
-5540
-5537
-5530
-5513
-5511
-5510
-5507
-5501
-5501
-5497
-5492
-5486
-5475
-5470
-5460
-5456
-5444
-5440
-5437
-5434
-5432
-5429
-5411
-5411
-5410
-5408
-5398
-5392
-5387
-5386
-5386
-5385
-5381
-5377
-5371
-5369
-5368
-5368
-5366
-5366
-5365
-5363
-5362
-5356
-5352
-5348
-5347
-5335
-5332
-5327
-5325
-5325
-5317
-5313
-5306
-5300
-5300
-5295
-5293
-5291
-5286
-5277
-5272
-5271
-5263
-5260
-5260
-5258
-5249
-5249
-5248
-5239
-5231
-5230
-5224
-5220
-5218
-5217
-5215
-5214
-5212
-5199
-5195
-5193
-5191
-5190
-5188
-5184
-5183
-5182
-5174
-5171
-5165
-5162
-5154
-5144
-5140
-5139
-5139
-5137
-5136
-5134
-5127
-5124
-5119
-5114
-5111
-5104
-5101
-5099
-5098
-5097
-5094
-5092
-5092
-5090
-5088
-5083
-5082
-5074
-5068
-5067
-5065
-5064
-5061
-5060
-5056
-5052
-5052
-5041
-5039
-5036
-5033
-5029
-5028
-5027
-5018
-5007
-5002
-4998
-4986
-4977
-4976
-4975
-4974
-4973
-4970
-4964
-4964
-4962
-4962
-4961
-4953
-4952
-4946
-4943
-4939
-4939
-4939
-4937
-4933
-4933
-4929
-4927
-4926
-4925
-4922
-4918
-4908
-4906
-4905
-4900
-4899
-4899
-4897
-4894
-4888
-4884
-4882
-4882
-4878
-4878
-4876
-4866
-4865
-4862
-4856
-4856
-4855
-4850
-4850
-4849
-4849
-4848
-4847
-4839
-4838
-4837
-4834
-4830
-4830
-4830
-4829
-4828
-4826
-4824
-4824
-4823
-4821
-4818
-4817
-4813
-4812
-4810
-4807
-4806
-4803
-4796
-4796
-4793
-4787
-4782
-4781
-4779
-4773
-4772
-4772
-4769
-4763
-4752
-4751
-4741
-4735
-4734
-4734
-4727
-4726
-4723
-4716
-4704
-4702
-4693
-4684
-4677
-4676
-4666
-4658
-4658
-4653
-4652
-4652
-4649
-4643
-4631
-4630
-4627
-4619
-4615
-4613
-4610
-4609
-4605
-4601
-4599
-4599
-4596
-4593
-4592
-4590
-4583
-4577
-4572
-4569
-4566
-4565
-4564
-4560
-4559
-4556
-4555
-4554
-4552
-4544
-4544
-4541
-4541
-4539
-4538
-4537
-4533
-4529
-4523
-4519
-4517
-4515
-4514
-4513
-4512
-4511
-4508
-4508
-4503
-4499
-4496
-4495
-4492
-4490
-4489
-4483
-4480
-4478
-4474
-4466
-4458
-4446
-4445
-4437
-4436
-4431
-4427
-4420
-4419
-4418
-4416
-4413
-4413
-4413
-4405
-4405
-4403
-4403
-4397
-4390
-4383
-4382
-4381
-4373
-4371
-4368
-4366
-4364
-4363
-4359
-4352
-4351
-4349
-4344
-4342
-4337
-4334
-4329
-4328
-4327
-4323
-4307
-4304
-4296
-4290
-4287
-4285
-4282
-4280
-4276
-4273
-4265
-4254
-4252
-4251
-4250
-4246
-4230
-4225
-4224
-4218
-4217
-4214
-4214
-4212
-4209
-4209
-4206
-4205
-4203
-4198
-4194
-4194
-4193
-4193
-4182
-4179
-4178
-4175
-4173
-4172
-4170
-4166
-4163
-4158
-4156
-4151
-4149
-4149
-4145
-4142
-4142
-4137
-4134
-4131
-4131
-4131
-4125
-4124
-4120
-4120
-4116
-4115
-4115
-4114
-4113
-4112
-4107
-4106
-4098
-4091
-4090
-4082
-4078
-4070
-4067
-4067
-4066
-4063
-4050
-4046
-4043
-4038
-4034
-4032
-4030
-4022
-4019
-4017
-4016
-4015
-4013
-4011
-4007
-4006
-3999
-3995
-3991
-3986
-3982
-3981
-3977
-3975
-3966
-3964
-3957
-3956
-3945
-3938
-3929
-3921
-3920
-3920
-3916
-3914
-3911
-3905
-3903
-3898
-3893
-3886
-3883
-3876
-3872
-3870
-3856
-3853
-3852
-3851
-3829
-3824
-3823
-3821
-3820
-3820
-3819
-3818
-3817
-3814
-3813
-3806
-3800
-3796
-3796
-3791
-3790
-3786
-3781
-3781
-3780
-3780
-3779
-3778
-3777
-3776
-3773
-3766
-3745
-3736
-3735
-3731
-3726
-3724
-3711
-3705
-3702
-3695
-3694
-3691
-3686
-3684
-3684
-3683
-3679
-3671
-3670
-3670
-3669
-3668
-3663
-3661
-3659
-3659
-3656
-3651
-3646
-3642
-3638
-3638
-3634
-3634
-3629
-3628
-3623
-3618
-3612
-3606
-3603
-3602
-3602
-3601
-3598
-3592
-3591
-3587
-3584
-3581
-3571
-3568
-3565
-3561
-3526
-3526
-3521
-3515
-3512
-3508
-3492
-3492
-3481
-3480
-3480
-3477
-3472
-3468
-3468
-3459
-3456
-3452
-3451
-3442
-3439
-3438
-3435
-3435
-3434
-3431
-3429
-3426
-3420
-3417
-3414
-3411
-3409
-3409
-3401
-3399
-3397
-3393
-3387
-3380
-3379
-3377
-3364
-3364
-3362
-3361
-3352
-3350
-3342
-3341
-3340
-3338
-3337
-3336
-3331
-3319
-3313
-3311
-3298
-3296
-3295
-3293
-3290
-3290
-3287
-3286
-3285
-3284
-3266
-3266
-3265
-3259
-3257
-3255
-3253
-3253
-3253
-3253
-3249
-3248
-3247
-3242
-3240
-3239
-3237
-3236
-3234
-3233
-3231
-3229
-3222
-3220
-3218
-3216
-3212
-3211
-3211
-3206
-3202
-3189
-3186
-3185
-3180
-3179
-3178
-3162
-3160
-3155
-3149
-3126
-3121
-3121
-3117
-3111
-3105
-3100
-3091
-3084
-3082
-3076
-3075
-3074
-3070
-3068
-3067
-3063
-3063
-3059
-3053
-3052
-3038
-3038
-3036
-3027
-3026
-3017
-3014
-3005
-3001
-3000
-2993
-2986
-2984
-2984
-2983
-2981
-2975
-2972
-2972
-2969
-2960
-2958
-2951
-2951
-2949
-2947
-2944
-2936
-2929
-2921
-2920
-2917
-2917
-2912
-2912
-2911
-2907
-2895
-2892
-2890
-2884
-2874
-2873
-2862
-2860
-2855
-2855
-2852
-2839
-2836
-2834
-2831
-2828
-2817
-2814
-2812
-2811
-2809
-2805
-2805
-2805
-2804
-2802
-2801
-2785
-2781
-2780
-2774
-2769
-2760
-2749
-2745
-2737
-2736
-2736
-2733
-2730
-2724
-2721
-2720
-2717
-2716
-2716
-2715
-2713
-2712
-2712
-2703
-2702
-2698
-2698
-2690
-2690
-2681
-2672
-2671
-2671
-2660
-2660
-2659
-2659
-2657
-2656
-2655
-2655
-2654
-2649
-2646
-2643
-2639
-2635
-2630
-2627
-2622
-2619
-2618
-2614
-2606
-2606
-2605
-2602
-2601
-2601
-2599
-2597
-2585
-2582
-2582
-2581
-2574
-2573
-2570
-2568
-2566
-2551
-2544
-2544
-2531
-2528
-2520
-2516
-2513
-2506
-2493
-2492
-2488
-2479
-2479
-2474
-2473
-2461
-2458
-2456
-2454
-2454
-2446
-2444
-2443
-2432
-2432
-2431
-2431
-2430
-2423
-2416
-2414
-2405
-2402
-2400
-2400
-2400
-2398
-2393
-2392
-2384
-2383
-2383
-2382
-2375
-2364
-2360
-2359
-2359
-2357
-2344
-2342
-2342
-2339
-2337
-2336
-2335
-2332
-2332
-2330
-2329
-2328
-2328
-2323
-2323
-2321
-2318
-2316
-2315
-2314
-2307
-2305
-2292
-2292
-2290
-2288
-2283
-2278
-2278
-2260
-2255
-2255
-2253
-2253
-2247
-2244
-2243
-2243
-2237
-2237
-2237
-2235
-2235
-2234
-2228
-2226
-2217
-2215
-2214
-2210
-2208
-2208
-2205
-2199
-2193
-2190
-2187
-2182
-2182
-2179
-2172
-2171
-2169
-2169
-2168
-2163
-2158
-2157
-2150
-2145
-2145
-2145
-2144
-2131
-2130
-2129
-2121
-2119
-2117
-2116
-2112
-2111
-2109
-2105
-2094
-2093
-2092
-2090
-2084
-2081
-2078
-2078
-2077
-2074
-2063
-2062
-2061
-2061
-2061
-2058
-2052
-2039
-2034
-2028
-2007
-2005
-2004
-2002
-2000
-1999
-1992
-1992
-1991
-1985
-1985
-1982
-1981
-1980
-1978
-1975
-1975
-1970
-1970
-1966
-1961
-1959
-1959
-1948
-1947
-1943
-1942
-1937
-1936
-1935
-1933
-1922
-1917
-1915
-1910
-1902
-1902
-1898
-1896
-1874
-1874
-1873
-1869
-1863
-1855
-1854
-1853
-1850
-1841
-1837
-1831
-1826
-1820
-1819
-1819
-1817
-1814
-1814
-1814
-1810
-1809
-1785
-1781
-1780
-1778
-1776
-1769
-1768
-1762
-1762
-1761
-1760
-1759
-1757
-1755
-1754
-1753
-1750
-1750
-1748
-1747
-1741
-1738
-1736
-1731
-1729
-1722
-1720
-1714
-1712
-1709
-1707
-1703
-1698
-1698
-1697
-1691
-1685
-1674
-1673
-1673
-1670
-1663
-1661
-1658
-1656
-1654
-1648
-1648
-1644
-1636
-1632
-1628
-1621
-1616
-1613
-1607
-1593
-1592
-1591
-1588
-1587
-1586
-1579
-1579
-1578
-1575
-1574
-1573
-1570
-1570
-1566
-1563
-1561
-1555
-1555
-1542
-1533
-1532
-1531
-1530
-1514
-1513
-1513
-1513
-1509
-1508
-1508
-1507
-1503
-1502
-1500
-1498
-1497
-1496
-1496
-1496
-1492
-1491
-1489
-1489
-1486
-1483
-1478
-1471
-1460
-1458
-1454
-1453
-1451
-1449
-1428
-1421
-1419
-1416
-1414
-1412
-1410
-1410
-1409
-1407
-1405
-1395
-1395
-1394
-1390
-1389
-1388
-1387
-1382
-1372
-1371
-1370
-1366
-1363
-1362
-1359
-1352
-1352
-1351
-1347
-1341
-1341
-1334
-1332
-1332
-1328
-1326
-1322
-1320
-1317
-1310
-1302
-1302
-1293
-1283
-1283
-1280
-1274
-1272
-1272
-1270
-1263
-1251
-1250
-1246
-1240
-1239
-1230
-1224
-1224
-1213
-1204
-1203
-1201
-1193
-1192
-1186
-1183
-1183
-1182
-1162
-1162
-1161
-1158
-1155
-1155
-1146
-1143
-1142
-1142
-1137
-1137
-1136
-1133
-1125
-1106
-1095
-1095
-1094
-1090
-1085
-1080
-1079
-1077
-1069
-1066
-1056
-1055
-1044
-1040
-1039
-1032
-1028
-1015
-1015
-1014
-1010
-1009
-1009
-1002
-1001
-991
-990
-987
-983
-979
-977
-973
-968
-963
-959
-959
-956
-956
-951
-947
-945
-944
-941
-929
-927
-923
-919
-911
-908
-907
-906
-904
-901
-901
-899
-892
-892
-888
-883
-878
-864
-864
-863
-853
-852
-847
-845
-844
-837
-830
-829
-820
-817
-816
-814
-810
-803
-802
-798
-787
-786
-785
-783
-783
-778
-777
-775
-771
-769
-768
-767
-766
-764
-763
-760
-760
-752
-748
-743
-743
-730
-729
-717
-712
-709
-708
-706
-705
-692
-692
-689
-685
-683
-678
-678
-676
-674
-670
-667
-664
-659
-656
-651
-650
-650
-646
-642
-639
-628
-628
-623
-622
-622
-621
-612
-610
-608
-608
-605
-603
-597
-588
-584
-579
-577
-575
-574
-566
-562
-560
-560
-553
-547
-546
-541
-539
-538
-537
-537
-536
-536
-530
-530
-523
-514
-507
-507
-503
-503
-503
-501
-500
-494
-487
-486
-486
-481
-479
-477
-475
-475
-469
-465
-462
-461
-457
-453
-451
-447
-442
-441
-441
-434
-430
-426
-423
-420
-417
-415
-406
-406
-374
-374
-373
-368
-367
-358
-351
-351
-340
-336
-332
-332
-332
-331
-330
-324
-321
-318
-318
-315
-315
-309
-307
-305
-301
-301
-296
-293
-287
-276
-274
-273
-271
-260
-260
-257
-256
-250
-244
-242
-227
-226
-223
-222
-222
-222
-219
-217
-216
-215
-211
-208
-205
-203
-193
-193
-193
-190
-189
-185
-182
-178
-178
-175
-174
-169
-168
-164
-162
-158
-157
-151
-144
-144
-139
-136
-135
-133
-118
-115
-112
-100
-91
-88
-86
-85
-83
-80
-77
-76
-65
-60
-59
-57
-47
-46
-46
-45
-42
-36
-32
-29
-21
-21
-10
-4
3
6
7
10
16
18
21
24
33
34
40
42
56
61
70
70
71
73
84
84
85
85
86
86
92
96
97
97
98
99
103
105
109
116
116
120
120
121
124
126
126
127
127
128
128
133
134
139
143
144
145
146
154
163
167
168
169
170
172
172
186
188
192
193
193
193
195
195
195
197
197
198
201
202
211
213
213
218
219
220
220
222
222
223
229
230
233
235
236
247
247
248
251
253
258
260
262
263
268
268
273
278
285
286
286
293
294
297
299
300
304
304
304
305
319
321
322
327
333
339
339
342
345
349
351
354
355
366
369
369
370
371
375
377
379
382
391
397
398
398
398
400
402
411
420
424
425
428
435
436
439
441
441
443
452
453
453
454
463
468
482
496
496
499
499
504
511
518
519
524
526
529
530
537
538
542
543
545
545
545
546
548
550
553
553
553
560
560
566
568
570
573
578
579
585
591
597
598
602
605
607
609
613
635
636
643
644
649
649
651
652
654
657
657
658
658
665
669
671
672
676
679
682
687
690
698
701
701
702
706
707
712
713
717
719
722
724
726
728
730
740
757
763
764
765
766
766
776
786
788
794
794
800
803
810
816
817
817
818
819
823
823
827
840
841
844
848
850
859
859
865
866
871
873
877
878
885
888
888
889
889
900
902
910
916
923
931
931
933
940
942
944
949
949
949
952
953
955
962
962
962
963
966
966
975
977
977
979
982
987
994
994
996
1004
1013
1013
1016
1016
1019
1020
1023
1025
1037
1041
1044
1044
1046
1063
1083
1086
1086
1094
1095
1097
1098
1100
1106
1111
1111
1114
1117
1126
1127
1128
1133
1140
1150
1155
1157
1161
1169
1171
1171
1172
1174
1174
1174
1195
1197
1201
1206
1210
1212
1214
1214
1223
1223
1226
1235
1252
1252
1253
1256
1264
1267
1269
1272
1277
1284
1287
1295
1296
1298
1302
1307
1308
1313
1317
1318
1323
1325
1326
1326
1336
1340
1344
1348
1348
1349
1351
1351
1352
1353
1354
1357
1360
1362
1371
1375
1382
1385
1391
1396
1401
1404
1405
1407
1408
1409
1417
1417
1421
1426
1429
1430
1435
1442
1446
1451
1454
1455
1458
1459
1460
1467
1471
1471
1472
1474
1476
1476
1481
1482
1482
1487
1490
1490
1491
1492
1498
1499
1503
1504
1507
1512
1515
1516
1518
1528
1534
1540
1555
1556
1557
1559
1566
1581
1586
1600
1602
1612
1622
1641
1643
1645
1645
1649
1658
1658
1660
1662
1664
1665
1665
1674
1680
1680
1683
1685
1689
1690
1693
1697
1698
1700
1700
1701
1703
1704
1704
1708
1712
1714
1718
1720
1721
1725
1728
1728
1732
1751
1752
1752
1754
1755
1758
1761
1762
1766
1767
1767
1768
1776
1777
1779
1779
1782
1783
1788
1793
1794
1795
1797
1804
1805
1814
1817
1823
1824
1825
1831
1839
1850
1862
1862
1867
1869
1875
1880
1882
1889
1890
1891
1894
1897
1908
1915
1915
1926
1926
1933
1937
1939
1941
1942
1944
1953
1956
1968
1982
1990
1991
1997
1997
1998
2001
2006
2011
2013
2024
2041
2042
2043
2045
2050
2050
2059
2065
2066
2072
2073
2085
2093
2094
2094
2102
2106
2109
2109
2110
2115
2117
2117
2117
2119
2124
2134
2137
2143
2147
2149
2155
2155
2156
2156
2158
2159
2161
2164
2166
2171
2171
2172
2172
2174
2175
2176
2180
2189
2194
2194
2198
2215
2222
2224
2224
2229
2232
2240
2242
2243
2247
2252
2252
2258
2258
2258
2269
2275
2277
2283
2285
2286
2306
2306
2309
2313
2322
2324
2327
2332
2348
2348
2354
2356
2361
2369
2371
2374
2375
2376
2378
2379
2383
2385
2388
2389
2392
2399
2400
2405
2405
2406
2410
2415
2426
2430
2439
2440
2444
2444
2444
2445
2446
2453
2454
2465
2478
2478
2483
2491
2509
2515
2523
2533
2537
2539
2540
2541
2546
2546
2546
2550
2558
2566
2573
2577
2580
2590
2593
2594
2596
2603
2605
2606
2610
2614
2617
2621
2624
2625
2626
2627
2627
2629
2634
2635
2636
2650
2657
2658
2661
2662
2676
2688
2690
2699
2702
2705
2711
2713
2716
2723
2728
2732
2734
2743
2746
2747
2748
2756
2775
2778
2784
2788
2791
2792
2796
2801
2801
2806
2807
2825
2828
2829
2839
2851
2852
2855
2869
2869
2870
2874
2879
2881
2882
2893
2895
2897
2903
2907
2911
2914
2916
2917
2927
2930
2933
2942
2950
2953
2958
2958
2961
2968
2968
2973
2981
2982
2984
2984
2988
2993
2995
2996
2999
3004
3005
3006
3007
3010
3011
3014
3019
3026
3028
3029
3030
3030
3036
3037
3039
3040
3051
3061
3063
3065
3065
3066
3066
3075
3078
3086
3087
3088
3088
3098
3099
3099
3100
3101
3102
3103
3103
3108
3111
3115
3122
3123
3124
3126
3126
3127
3137
3145
3145
3146
3146
3147
3151
3159
3180
3180
3184
3184
3185
3188
3188
3197
3198
3202
3203
3206
3206
3209
3210
3220
3223
3227
3241
3246
3247
3253
3254
3258
3259
3263
3263
3264
3267
3267
3267
3271
3275
3276
3278
3282
3286
3286
3289
3290
3290
3297
3298
3299
3302
3304
3307
3320
3320
3320
3325
3327
3327
3328
3330
3330
3335
3337
3337
3338
3342
3346
3347
3347
3350
3356
3357
3358
3359
3362
3372
3377
3380
3383
3400
3402
3407
3408
3409
3410
3428
3435
3436
3450
3452
3459
3467
3474
3479
3480
3484
3490
3495
3496
3498
3502
3508
3509
3509
3514
3517
3518
3519
3520
3521
3527
3534
3544
3551
3551
3553
3555
3558
3559
3559
3560
3561
3566
3568
3577
3583
3584
3585
3592
3594
3599
3600
3601
3616
3619
3632
3634
3640
3641
3645
3647
3647
3650
3652
3662
3664
3665
3668
3673
3673
3682
3682
3682
3684
3687
3694
3694
3695
3697
3713
3716
3716
3718
3718
3719
3726
3728
3734
3738
3742
3744
3746
3750
3760
3760
3761
3762
3765
3773
3779
3780
3788
3792
3794
3798
3800
3809
3813
3824
3825
3839
3840
3843
3844
3852
3862
3867
3870
3872
3874
3876
3879
3882
3887
3893
3906
3906
3909
3909
3911
3915
3917
3921
3922
3928
3931
3942
3943
3950
3953
3953
3955
3968
3973
3980
3982
3982
3994
3998
4010
4011
4017
4017
4018
4019
4025
4037
4037
4044
4045
4060
4061
4065
4067
4071
4082
4102
4102
4105
4106
4107
4109
4109
4110
4121
4122
4139
4139
4140
4142
4144
4147
4147
4148
4149
4151
4155
4158
4161
4164
4170
4177
4180
4180
4186
4188
4190
4191
4195
4206
4207
4211
4224
4249
4251
4252
4254
4255
4262
4266
4266
4266
4269
4270
4273
4285
4290
4290
4291
4305
4305
4306
4307
4314
4317
4319
4320
4322
4322
4331
4334
4335
4337
4345
4351
4351
4354
4356
4358
4360
4363
4364
4367
4368
4371
4372
4374
4376
4376
4378
4389
4391
4399
4402
4405
4406
4409
4410
4414
4415
4419
4425
4429
4430
4436
4441
4442
4443
4450
4453
4454
4458
4459
4460
4470
4470
4474
4478
4479
4486
4486
4486
4500
4507
4511
4514
4515
4518
4525
4526
4537
4539
4541
4553
4553
4559
4562
4564
4567
4572
4578
4588
4592
4593
4593
4596
4602
4604
4606
4607
4610
4612
4619
4619
4619
4625
4631
4635
4637
4645
4645
4646
4648
4653
4658
4662
4663
4663
4670
4671
4681
4684
4685
4688
4690
4691
4694
4695
4697
4700
4701
4707
4708
4708
4708
4714
4723
4724
4725
4726
4727
4727
4732
4737
4737
4741
4742
4743
4745
4745
4747
4752
4753
4760
4764
4770
4771
4772
4774
4774
4777
4779
4780
4787
4788
4800
4800
4809
4810
4815
4815
4815
4817
4824
4834
4836
4842
4845
4847
4851
4855
4857
4861
4861
4864
4867
4868
4871
4875
4877
4891
4891
4892
4901
4904
4906
4913
4918
4922
4922
4932
4936
4937
4942
4942
4943
4945
4946
4949
4951
4954
4957
4961
4962
4963
4967
4969
4972
4974
4975
4982
4983
4994
4997
4997
4998
5003
5006
5008
5008
5019
5026
5026
5030
5038
5038
5046
5052
5052
5052
5052
5058
5060
5064
5064
5065
5066
5067
5071
5082
5093
5100
5101
5104
5108
5110
5112
5119
5123
5124
5125
5127
5128
5130
5132
5140
5141
5141
5143
5145
5146
5147
5148
5151
5151
5159
5164
5165
5168
5170
5170
5176
5177
5179
5181
5182
5183
5184
5185
5193
5195
5200
5201
5203
5204
5205
5208
5216
5217
5220
5227
5228
5228
5234
5235
5241
5243
5248
5252
5263
5273
5273
5275
5280
5281
5282
5286
5288
5291
5292
5295
5298
5300
5303
5303
5307
5311
5316
5323
5325
5330
5335
5336
5339
5348
5355
5360
5366
5367
5370
5373
5378
5379
5393
5403
5404
5408
5416
5422
5425
5426
5432
5435
5441
5444
5446
5450
5456
5460
5462
5469
5474
5478
5481
5484
5487
5487
5489
5491
5501
5511
5511
5512
5513
5514
5514
5515
5521
5523
5528
5530
5538
5539
5552
5552
5558
5560
5563
5563
5569
5575
5579
5590
5592
5595
5599
5606
5608
5614
5619
5621
5631
5632
5634
5639
5639
5643
5647
5652
5659
5664
5669
5670
5670
5675
5675
5681
5687
5704
5717
5718
5718
5719
5720
5725
5728
5729
5740
5742
5743
5745
5750
5764
5765
5765
5767
5771
5777
5780
5781
5783
5790
5793
5795
5795
5800
5807
5807
5809
5819
5826
5830
5834
5835
5836
5838
5841
5844
5848
5850
5851
5853
5853
5861
5862
5871
5878
5880
5889
5889
5890
5890
5896
5898
5901
5908
5913
5917
5917
5918
5927
5948
5952
5958
5959
5960
5967
5982
5988
5996
5998
6000
6001
6002
6005
6014
6014
6016
6024
6025
6038
6042
6043
6056
6060
6064
6067
6068
6076
6082
6083
6089
6090
6093
6095
6100
6101
6101
6106
6110
6112
6117
6125
6129
6132
6135
6135
6139
6140
6144
6145
6147
6160
6163
6165
6171
6173
6175
6180
6180
6186
6187
6194
6196
6198
6200
6202
6208
6209
6219
6222
6226
6229
6235
6237
6238
6238
6244
6251
6256
6258
6259
6261
6274
6278
6281
6285
6287
6289
6295
6295
6297
6298
6299
6300
6302
6304
6313
6316
6318
6324
6327
6332
6336
6340
6340
6343
6345
6355
6358
6359
6361
6362
6365
6367
6387
6391
6392
6392
6395
6398
6400
6405
6410
6425
6427
6431
6431
6434
6437
6448
6448
6448
6453
6456
6458
6471
6475
6477
6478
6478
6478
6479
6480
6482
6483
6485
6486
6487
6496
6503
6503
6505
6508
6519
6520
6520
6527
6527
6529
6530
6530
6538
6544
6545
6546
6552
6557
6558
6559
6560
6560
6563
6563
6568
6570
6574
6576
6582
6585
6587
6588
6594
6594
6595
6596
6596
6596
6602
6605
6606
6606
6606
6611
6618
6622
6624
6624
6628
6629
6632
6634
6639
6640
6643
6647
6653
6663
6672
6675
6688
6693
6714
6714
6719
6726
6727
6728
6734
6740
6745
6745
6745
6752
6766
6770
6771
6773
6775
6777
6787
6792
6794
6796
6798
6802
6802
6804
6807
6815
6815
6815
6815
6820
6829
6830
6835
6836
6838
6838
6840
6841
6843
6846
6847
6850
6865
6865
6874
6877
6887
6888
6889
6904
6906
6909
6910
6918
6923
6930
6931
6933
6933
6935
6936
6952
6956
6957
6962
6974
6976
6982
6983
6984
6986
6986
6993
7012
7013
7016
7029
7032
7033
7034
7034
7039
7044
7044
7045
7045
7050
7052
7054
7055
7055
7070
7073
7073
7080
7081
7086
7086
7087
7090
7091
7092
7099
7099
7106
7110
7115
7115
7115
7115
7117
7119
7122
7125
7131
7131
7135
7135
7139
7140
7146
7148
7159
7163
7166
7167
7169
7174
7180
7184
7185
7196
7198
7199
7204
7206
7208
7215
7216
7220
7221
7223
7225
7226
7240
7244
7269
7278
7284
7285
7286
7291
7292
7293
7300
7301
7302
7303
7306
7329
7334
7335
7336
7336
7338
7339
7341
7342
7343
7348
7366
7366
7371
7372
7375
7375
7380
7383
7385
7385
7389
7390
7396
7402
7402
7403
7403
7406
7409
7415
7420
7441
7447
7451
7453
7457
7463
7463
7472
7473
7475
7478
7484
7485
7488
7489
7492
7501
7502
7508
7521
7530
7533
7535
7536
7549
7552
7553
7555
7557
7559
7566
7570
7581
7587
7589
7594
7594
7596
7602
7613
7616
7622
7624
7628
7634
7635
7640
7649
7651
7663
7664
7665
7668
7673
7680
7681
7685
7687
7689
7694
7697
7697
7706
7706
7707
7712
7718
7725
7732
7738
7744
7749
7752
7753
7762
7764
7765
7770
7778
7781
7782
7784
7786
7790
7791
7791
7797
7797
7798
7799
7817
7825
7830
7832
7836
7838
7839
7847
7856
7860
7861
7863
7869
7871
7872
7872
7873
7875
7881
7889
7890
7895
7896
7897
7897
7907
7920
7923
7926
7929
7929
7934
7936
7937
7938
7942
7951
7952
7952
7955
7957
7960
7961
7965
7972
7975
7976
7978
7981
7983
7986
7990
7992
7996
8000
8002
8005
8006
8006
8009
8009
8017
8023
8023
8025
8031
8035
8038
8039
8041
8042
8045
8047
8047
8053
8054
8063
8069
8073
8077
8083
8084
8085
8092
8094
8097
8101
8105
8107
8110
8121
8126
8129
8136
8139
8148
8161
8177
8179
8182
8183
8185
8190
8191
8192
8195
8197
8201
8202
8204
8209
8209
8210
8211
8217
8217
8219
8228
8230
8245
8248
8249
8256
8256
8257
8261
8270
8271
8278
8282
8290
8291
8294
8301
8302
8305
8313
8314
8324
8324
8333
8338
8338
8348
8349
8358
8373
8375
8381
8387
8391
8393
8393
8399
8400
8404
8414
8415
8416
8420
8422
8423
8427
8437
8439
8444
8444
8449
8462
8466
8466
8476
8479
8480
8484
8486
8487
8487
8491
8497
8513
8520
8521
8524
8525
8531
8535
8537
8537
8540
8543
8544
8546
8549
8558
8574
8577
8578
8585
8588
8592
8606
8627
8627
8629
8629
8635
8635
8637
8638
8640
8641
8643
8644
8644
8647
8648
8649
8652
8659
8661
8662
8663
8670
8680
8686
8686
8687
8688
8696
8698
8706
8706
8710
8710
8720
8727
8732
8738
8742
8755
8758
8758
8766
8766
8767
8769
8770
8770
8778
8780
8783
8788
8789
8793
8800
8800
8812
8813
8814
8817
8817
8819
8821
8821
8824
8824
8826
8827
8829
8829
8831
8832
8832
8840
8852
8852
8862
8863
8863
8863
8864
8870
8872
8872
8873
8874
8875
8875
8876
8878
8881
8885
8898
8909
8913
8916
8918
8920
8924
8926
8926
8928
8933
8933
8936
8944
8944
8947
8947
8949
8950
8951
8953
8961
8969
8969
8974
8975
8975
8977
8979
8981
8981
8982
8989
8990
8992
8996
9001
9013
9017
9018
9021
9021
9032
9032
9037
9041
9043
9043
9055
9057
9069
9073
9074
9076
9078
9081
9085
9092
9103
9105
9113
9118
9119
9123
9127
9129
9133
9136
9136
9137
9142
9147
9151
9159
9164
9165
9174
9176
9176
9177
9184
9196
9200
9202
9205
9206
9208
9209
9212
9213
9221
9228
9228
9251
9253
9258
9259
9264
9268
9269
9271
9271
9273
9275
9280
9283
9288
9288
9290
9292
9293
9299
9300
9305
9309
9310
9311
9317
9317
9318
9326
9333
9340
9340
9346
9350
9352
9353
9365
9366
9366
9367
9370
9379
9381
9383
9389
9391
9393
9395
9398
9399
9400
9402
9422
9426
9428
9429
9431
9432
9434
9435
9437
9437
9438
9438
9445
9446
9455
9462
9464
9473
9473
9482
9491
9497
9498
9500
9503
9505
9506
9521
9525
9525
9527
9535
9537
9539
9540
9540
9545
9546
9548
9553
9556
9563
9565
9566
9567
9573
9573
9588
9589
9596
9609
9611
9613
9621
9623
9634
9634
9636
9650
9651
9655
9657
9663
9664
9677
9686
9688
9689
9689
9690
9692
9695
9698
9700
9702
9707
9709
9723
9729
9729
9731
9731
9734
9738
9738
9740
9746
9756
9759
9760
9762
9763
9764
9765
9769
9776
9777
9777
9781
9788
9789
9791
9792
9793
9797
9799
9804
9805
9806
9809
9816
9819
9821
9832
9833
9834
9836
9841
9843
9845
9847
9849
9856
9858
9859
9864
9864
9865
9867
9867
9874
9875
9875
9875
9878
9880
9881
9884
9892
9898
9898
9900
9908
9909
9909
9909
9911
9917
9919
9925
9934
9935
9935
9938
9938
9940
9945
9947
9949
9951
9953
9956
9965
9968
9969
9970
9974
9977
9990
9992
