10000
9989
9987
9986
9986
9984
9984
9983
9981
9980
9980
9979
9977
9977
9976
9975
9975
9973
9973
9972
9972
9971
9971
9970
9968
9966
9965
9964
9963
9963
9963
9961
9959
9957
9957
9956
9949
9948
9947
9946
9946
9944
9943
9943
9943
9940
9940
9939
9938
9938
9937
9937
9937
9936
9936
9935
9934
9933
9929
9928
9927
9927
9925
9922
9922
9922
9919
9918
9916
9916
9915
9915
9913
9913
9912
9910
9910
9909
9908
9906
9905
9905
9904
9903
9903
9901
9899
9898
9898
9896
9896
9896
9895
9892
9892
9891
9890
9890
9889
9889
9888
9888
9885
9884
9884
9884
9883
9883
9882
9882
9881
9880
9879
9878
9877
9876
9875
9875
9875
9875
9871
9870
9870
9869
9868
9868
9865
9863
9862
9861
9861
9860
9860
9860
9860
9860
9859
9859
9858
9858
9857
9854
9853
9850
9848
9848
9848
9845
9844
9844
9842
9841
9840
9838
9837
9836
9836
9835
9835
9835
9833
9833
9832
9831
9829
9829
9828
9827
9827
9826
9826
9826
9824
9824
9823
9822
9821
9820
9820
9818
9816
9815
9812
9811
9810
9806
9805
9803
9803
9802
9802
9801
9801
9799
9799
9796
9795
9794
9793
9791
9789
9789
9789
9786
9785
9784
9784
9782
9778
9777
9776
9776
9775
9775
9775
9774
9773
9771
9767
9765
9764
9763
9763
9762
9762
9762
9762
9761
9761
9760
9760
9760
9760
9756
9756
9755
9754
9754
9753
9753
9749
9748
9748
9748
9746
9746
9744
9742
9742
9741
9740
9739
9738
9738
9738
9737
9736
9735
9734
9733
9731
9731
9730
9730
9730
9729
9728
9727
9726
9725
9725
9725
9725
9722
9719
9718
9716
9716
9713
9713
9711
9710
9709
9708
9707
9706
9706
9704
9703
9702
9701
9700
9697
9697
9697
9694
9694
9694
9693
9693
9693
9693
9692
9692
9692
9691
9688
9687
9687
9686
9686
9686
9686
9685
9682
9681
9681
9681
9680
9680
9676
9675
9673
9672
9671
9671
9670
9669
9668
9667
9667
9666
9662
9660
9660
9660
9659
9658
9656
9656
9654
9654
9654
9651
9650
9649
9648
9648
9646
9645
9645
9645
9644
9643
9642
9642
9641
9641
9641
9640
9640
9637
9636
9635
9632
9631
9629
9627
9627
9627
9626
9625
9625
9623
9622
9622
9622
9618
9618
9617
9617
9616
9616
9616
9616
9615
9614
9613
9612
9612
9611
9611
9611
9610
9608
9608
9608
9608
9606
9605
9605
9603
9603
9602
9601
9601
9600
9600
9599
9599
9598
9597
9596
9596
9595
9595
9595
9593
9593
9592
9591
9591
9589
9586
9585
9585
9583
9583
9582
9582
9581
9580
9579
9579
9577
9577
9575
9575
9573
9572
9571
9570
9569
9566
9566
9566
9565
9563
9562
9561
9559
9558
9558
9556
9555
9555
9554
9553
9551
9551
9550
9547
9547
9546
9545
9545
9544
9543
9543
9542
9541
9539
9538
9537
9536
9536
9533
9533
9531
9529
9528
9527
9525
9521
9520
9519
9519
9518
9514
9514
9513
9512
9509
9508
9505
9504
9504
9503
9502
9502
9501
9500
9498
9495
9495
9495
9494
9493
9488
9488
9488
9487
9485
9484
9484
9483
9483
9483
9479
9478
9477
9477
9476
9475
9475
9475
9474
9473
9472
9472
9472
9471
9471
9470
9470
9464
9463
9460
9457
9457
9455
9448
9446
9444
9444
9444
9442
9441
9441
9440
9438
9438
9438
9436
9433
9433
9433
9433
9433
9430
9429
9429
9423
9422
9420
9418
9417
9417
9414
9413
9412
9412
9411
9409
9408
9407
9406
9402
9402
9400
9400
9400
9399
9398
9396
9394
9393
9393
9393
9393
9393
9392
9391
9391
9390
9390
9388
9385
9385
9385
9384
9384
9380
9379
9379
9379
9379
9378
9376
9376
9375
9374
9373
9372
9372
9371
9369
9368
9367
9367
9364
9363
9363
9362
9361
9358
9356
9355
9354
9351
9351
9350
9349
9348
9347
9345
9343
9343
9340
9340
9338
9338
9335
9335
9333
9332
9331
9330
9330
9329
9327
9326
9323
9320
9318
9315
9315
9314
9314
9312
9312
9312
9310
9309
9309
9307
9307
9305
9304
9303
9303
9302
9302
9301
9301
9300
9297
9297
9295
9292
9291
9291
9290
9290
9289
9288
9284
9283
9283
9283
9282
9282
9279
9279
9277
9276
9276
9271
9270
9270
9270
9270
9269
9266
9266
9266
9265
9263
9262
9261
9259
9259
9259
9258
9256
9255
9253
9251
9251
9251
9249
9248
9247
9246
9244
9239
9238
9236
9236
9235
9234
9233
9233
9231
9229
9228
9227
9224
9223
9221
9221
9220
9220
9220
9220
9219
9218
9217
9213
9213
9212
9211
9210
9210
9210
9209
9206
9206
9206
9205
9204
9204
9202
9202
9201
9199
9199
9197
9196
9195
9195
9194
9193
9193
9191
9189
9189
9189
9188
9187
9187
9184
9183
9183
9183
9182
9180
9177
9177
9174
9172
9171
9171
9167
9167
9165
9165
9164
9162
9162
9160
9160
9159
9156
9156
9155
9153
9152
9151
9151
9151
9150
9150
9149
9149
9148
9148
9144
9144
9143
9143
9143
9143
9141
9141
9140
9139
9139
9136
9135
9134
9132
9131
9131
9131
9131
9130
9129
9129
9128
9128
9125
9124
9124
9124
9122
9121
9121
9119
9117
9116
9116
9113
9113
9112
9112
9111
9111
9110
9110
9109
9109
9108
9107
9107
9107
9105
9104
9104
9103
9103
9101
9101
9101
9101
9099
9098
9096
9095
9095
9094
9094
9094
9094
9091
9090
9090
9090
9088
9087
9087
9086
9086
9085
9082
9082
9078
9076
9076
9074
9073
9073
9073
9070
9070
9069
9069
9068
9068
9066
9064
9062
9061
9059
9057
9055
9055
9055
9054
9054
9054
9053
9052
9052
9052
9051
9049
9048
9044
9044
9043
9043
9043
9042
9041
9041
9040
9040
9038
9037
9037
9036
9035
9035
9035
9035
9034
9032
9030
9030
9030
9030
9029
9029
9029
9028
9027
9025
9024
9019
9018
9017
9017
9017
9014
9012
9012
9011
9010
9009
9009
9008
9008
9006
9005
9004
9004
9003
9002
9001
8995
8995
8995
8994
8991
8991
8991
8989
8988
8988
8987
8985
8985
8985
8985
8984
8984
8983
8982
8981
8980
8978
8977
8976
8976
8976
8975
8975
8972
8970
8969
8968
8966
8965
8963
8962
8962
8958
8955
8952
8952
8952
8952
8950
8947
8945
8944
8943
8941
8939
8939
8937
8936
8934
8930
8926
8926
8926
8925
8924
8922
8922
8921
8919
8917
8915
8914
8914
8911
8910
8909
8906
8906
8905
8905
8905
8905
8903
8902
8902
8900
8898
8894
8891
8891
8890
8890
8890
8889
8888
8886
8886
8885
8885
8882
8881
8881
8879
8878
8876
8874
8874
8873
8873
8872
8871
8871
8870
8870
8870
8869
8868
8868
8867
8866
8858
8858
8858
8856
8856
8854
8852
8850
8849
8847
8843
8840
8840
8840
8837
8837
8835
8835
8834
8832
8832
8831
8831
8830
8829
8827
8827
8826
8825
8825
8822
8821
8821
8817
8817
8816
8816
8815
8814
8812
8810
8810
8810
8804
8803
8802
8801
8800
8800
8798
8797
8797
8797
8792
8792
8788
8788
8788
8788
8785
8785
8785
8784
8783
8783
8783
8781
8780
8777
8776
8776
8775
8775
8773
8773
8772
8772
8770
8768
8765
8762
8762
8759
8757
8757
8755
8754
8753
8753
8750
8750
8749
8747
8747
8746
8746
8746
8742
8742
8741
8741
8738
8737
8737
8737
8737
8734
8733
8732
8732
8729
8729
8728
8726
8726
8723
8722
8722
8718
8715
8714
8712
8712
8712
8711
8710
8710
8710
8709
8709
8708
8706
8705
8705
8702
8702
8702
8700
8700
8698
8697
8695
8695
8694
8692
8690
8688
8684
8680
8678
8678
8677
8677
8677
8676
8676
8673
8673
8672
8671
8669
8665
8664
8662
8661
8659
8659
8658
8658
8658
8655
8654
8653
8652
8650
8650
8649
8648
8647
8647
8646
8645
8645
8645
8644
8644
8643
8641
8640
8640
8639
8636
8635
8635
8635
8635
8634
8634
8634
8634
8633
8632
8632
8630
8629
8625
8623
8622
8622
8620
8617
8616
8614
8613
8613
8612
8612
8611
8611
8610
8609
8608
8608
8608
8607
8607
8607
8607
8605
8604
8604
8603
8598
8597
8597
8594
8593
8593
8592
8591
8591
8589
8587
8587
8586
8583
8583
8579
8579
8577
8575
8572
8572
8571
8569
8569
8569
8565
8561
8560
8560
8556
8554
8554
8549
8547
8547
8542
8539
8536
8535
8535
8534
8532
8531
8531
8531
8529
8528
8527
8526
8526
8523
8521
8520
8518
8518
8516
8516
8514
8514
8513
8512
8512
8511
8509
8509
8508
8507
8507
8507
8502
8501
8501
8501
8501
8499
8498
8498
8496
8495
8493
8491
8489
8488
8487
8487
8484
8482
8481
8481
8481
8480
8479
8477
8475
8474
8473
8472
8470
8468
8467
8464
8464
8462
8461
8458
8455
8454
8451
8451
8450
8449
8449
8449
8448
8447
8445
8444
8443
8442
8441
8440
8440
8437
8437
8436
8435
8434
8434
8434
8431
8431
8431
8431
8430
8429
8429
8428
8428
8428
8425
8422
8421
8421
8421
8421
8420
8417
8417
8417
8415
8413
8411
8411
8410
8409
8409
8408
8406
8406
8404
8403
8403
8401
8398
8397
8396
8396
8392
8392
8391
8390
8389
8388
8387
8385
8384
8384
8384
8380
8380
8379
8378
8378
8376
8376
8374
8371
8371
8370
8362
8360
8358
8358
8357
8357
8356
8356
8356
8355
8354
8354
8354
8352
8349
8348
8347
8347
8346
8346
8346
8346
8343
8342
8342
8340
8338
8336
8335
8335
8334
8334
8334
8331
8331
8331
8330
8329
8328
8328
8326
8326
8325
8324
8323
8322
8321
8320
8318
8316
8316
8316
8315
8315
8313
8312
8310
8309
8309
8308
8307
8306
8306
8304
8302
8302
8301
8301
8301
8298
8297
8297
8297
8294
8293
8292
8291
8290
8289
8288
8285
8285
8284
8279
8279
8277
8275
8273
8273
8272
8271
8269
8268
8268
8268
8267
8267
8265
8265
8264
8264
8261
8261
8261
8260
8260
8260
8258
8256
8254
8253
8253
8252
8252
8251
8251
8251
8249
8249
8245
8244
8244
8243
8242
8242
8241
8240
8239
8238
8238
8236
8235
8235
8235
8232
8227
8226
8226
8226
8225
8225
8224
8223
8222
8220
8220
8219
8218
8218
8217
8217
8216
8215
8215
8212
8210
8209
8208
8208
8206
8204
8203
8202
8202
8201
8198
8197
8195
8195
8192
8191
8190
8190
8188
8188
8185
8185
8185
8183
8182
8179
8179
8177
8176
8174
8174
8173
8171
8171
8170
8170
8169
8168
8165
8164
8163
8162
8162
8161
8160
8158
8158
8157
8157
8156
8156
8156
8153
8153
8153
8152
8151
8150
8149
8149
8147
8146
8146
8145
8145
8145
8144
8140
8140
8139
8139
8138
8136
8136
8134
8134
8133
8131
8128
8126
8125
8123
8120
8117
8117
8117
8115
8115
8114
8114
8114
8113
8111
8111
8111
8110
8109
8108
8106
8106
8105
8105
8105
8104
8102
8100
8099
8099
8099
8097
8096
8095
8094
8093
8090
8090
8090
8089
8089
8089
8086
8086
8086
8084
8084
8083
8082
8081
8074
8073
8070
8070
8069
8068
8068
8067
8066
8066
8064
8063
8063
8063
8063
8062
8062
8061
8060
8059
8055
8053
8053
8047
8045
8043
8043
8043
8042
8042
8042
8040
8039
8038
8037
8037
8036
8035
8034
8032
8032
8031
8031
8030
8029
8029
8028
8024
8023
8020
8018
8017
8015
8015
8014
8014
8013
8012
8012
8012
8010
8009
8008
8007
8006
8005
8003
8002
8002
8001
8000
7998
7996
7994
7994
7994
7991
7988
7988
7985
7983
7982
7982
7979
7977
7977
7976
7975
7975
7975
7972
7970
7970
7970
7968
7968
7967
7965
7963
7962
7960
7959
7958
7956
7954
7954
7952
7952
7948
7948
7946
7945
7943
7942
7942
7940
7939
7939
7936
7935
7933
7932
7931
7931
7930
7929
7928
7928
7927
7926
7924
7923
7921
7919
7918
7916
7915
7915
7915
7914
7913
7912
7912
7910
7909
7906
7905
7904
7902
7900
7900
7899
7896
7896
7896
7896
7896
7895
7894
7892
7892
7892
7891
7891
7890
7890
7889
7888
7887
7886
7885
7885
7884
7884
7884
7883
7880
7878
7877
7876
7875
7874
7873
7872
7871
7869
7865
7864
7863
7863
7862
7862
7860
7858
7857
7856
7855
7854
7854
7853
7852
7852
7852
7851
7851
7848
7846
7846
7845
7845
7844
7844
7844
7842
7840
7840
7839
7838
7837
7836
7836
7835
7834
7833
7831
7830
7829
7828
7827
7824
7824
7823
7821
7821
7818
7817
7817
7813
7811
7809
7808
7807
7807
7807
7806
7806
7806
7804
7804
7803
7802
7802
7801
7801
7800
7800
7799
7798
7798
7797
7796
7796
7794
7793
7792
7792
7791
7791
7787
7786
7785
7780
7780
7779
7778
7776
7775
7775
7775
7772
7772
7772
7770
7769
7768
7765
7764
7764
7763
7763
7761
7760
7758
7758
7756
7756
7754
7751
7751
7749
7749
7749
7748
7746
7746
7745
7744
7744
7743
7742
7742
7741
7738
7737
7735
7735
7735
7733
7733
7733
7731
7730
7729
7727
7726
7726
7725
7724
7723
7723
7723
7723
7723
7720
7719
7719
7718
7717
7716
7714
7713
7711
7709
7706
7706
7704
7702
7702
7699
7698
7697
7695
7690
7688
7688
7686
7686
7685
7684
7684
7683
7682
7682
7682
7681
7679
7679
7679
7677
7676
7675
7672
7672
7671
7671
7671
7670
7669
7668
7667
7667
7666
7665
7664
7664
7662
7662
7661
7661
7660
7660
7658
7658
7658
7656
7656
7653
7651
7651
7650
7648
7648
7647
7647
7647
7646
7646
7646
7645
7644
7644
7644
7642
7641
7641
7638
7637
7637
7636
7636
7635
7633
7632
7632
7632
7632
7627
7627
7626
7626
7626
7625
7624
7623
7621
7620
7618
7618
7616
7615
7615
7615
7613
7613
7613
7612
7610
7609
7609
7608
7608
7607
7606
7605
7603
7601
7601
7601
7599
7596
7594
7593
7591
7589
7588
7587
7587
7586
7584
7584
7581
7581
7578
7576
7575
7574
7574
7573
7573
7573
7573
7572
7571
7571
7570
7568
7566
7566
7566
7566
7566
7564
7562
7561
7561
7556
7554
7554
7554
7554
7553
7552
7550
7545
7545
7543
7539
7536
7535
7534
7534
7534
7534
7534
7529
7525
7525
7524
7522
7522
7521
7521
7519
7519
7519
7518
7517
7517
7516
7515
7514
7513
7512
7509
7508
7507
7507
7506
7506
7506
7505
7504
7504
7504
7503
7503
7503
7501
7501
7500
7499
7498
7498
7495
7494
7493
7492
7489
7489
7486
7485
7484
7482
7481
7481
7481
7480
7480
7479
7475
7474
7473
7472
7472
7471
7469
7468
7468
7467
7467
7465
7464
7464
7461
7460
7457
7456
7455
7454
7452
7452
7452
7451
7451
7450
7448
7448
7446
7445
7441
7441
7439
7438
7436
7434
7433
7428
7428
7427
7426
7422
7420
7419
7419
7417
7416
7416
7415
7415
7415
7413
7410
7410
7407
7407
7404
7404
7402
7402
7398
7397
7395
7394
7392
7392
7388
7386
7385
7384
7384
7384
7383
7382
7381
7379
7378
7377
7376
7374
7371
7371
7370
7370
7369
7366
7362
7362
7361
7359
7359
7357
7356
7356
7353
7353
7352
7352
7352
7351
7350
7349
7347
7347
7346
7345
7345
7343
7343
7341
7339
7338
7336
7336
7336
7335
7334
7333
7333
7333
7333
7331
7331
7330
7329
7328
7328
7327
7325
7325
7325
7324
7324
7323
7320
7319
7319
7318
7316
7315
7312
7308
7308
7308
7307
7307
7306
7298
7298
7297
7294
7294
7294
7293
7291
7289
7288
7288
7285
7284
7284
7284
7282
7282
7280
7278
7275
7272
7271
7268
7267
7266
7265
7265
7263
7261
7261
7260
7256
7255
7255
7252
7248
7248
7246
7244
7241
7240
7239
7239
7239
7235
7235
7234
7232
7232
7231
7231
7230
7229
7229
7228
7228
7225
7224
7224
7222
7222
7221
7221
7221
7220
7217
7217
7216
7215
7214
7211
7209
7209
7208
7207
7207
7207
7206
7206
7205
7204
7204
7200
7198
7197
7195
7190
7190
7189
7188
7188
7188
7186
7185
7184
7184
7183
7182
7180
7180
7178
7178
7176
7176
7176
7175
7174
7173
7172
7172
7171
7170
7168
7168
7166
7164
7164
7163
7162
7161
7159
7157
7157
7152
7151
7151
7149
7149
7148
7147
7147
7146
7146
7146
7145
7142
7141
7141
7141
7140
7137
7136
7136
7132
7131
7129
7129
7128
7128
7127
7126
7124
7124
7123
7121
7119
7119
7119
7118
7118
7116
7114
7114
7113
7111
7111
7111
7108
7106
7106
7104
7104
7101
7098
7097
7095
7094
7093
7092
7088
7087
7086
7084
7084
7082
7082
7081
7079
7078
7077
7077
7077
7076
7076
7075
7075
7074
7072
7070
7070
7067
7064
7064
7061
7061
7060
7059
7059
7058
7058
7057
7057
7057
7057
7054
7054
7053
7052
7049
7049
7045
7045
7045
7043
7043
7043
7043
7041
7040
7040
7040
7040
7039
7039
7038
7037
7034
7032
7029
7029
7029
7028
7028
7026
7022
7022
7022
7021
7020
7019
7018
7017
7017
7016
7016
7016
7014
7013
7011
7011
7008
7008
7007
7006
7004
7004
7003
7003
7002
7002
7001
6999
6992
6992
6991
6990
6989
6988
6985
6984
6984
6983
6983
6983
6983
6983
6982
6978
6976
6976
6975
6972
6971
6970
6970
6969
6969
6968
6968
6964
6961
6961
6961
6960
6958
6956
6956
6956
6955
6954
6953
6950
6949
6949
6948
6947
6947
6946
6945
6944
6944
6944
6942
6941
6940
6939
6936
6936
6935
6933
6933
6933
6932
6931
6931
6931
6929
6926
6923
6920
6920
6919
6913
6911
6909
6907
6906
6905
6905
6905
6903
6903
6901
6897
6896
6895
6894
6893
6891
6891
6891
6890
6889
6888
6886
6884
6884
6883
6881
6879
6877
6876
6875
6874
6872
6870
6870
6868
6867
6866
6866
6865
6865
6864
6863
6862
6862
6859
6855
6854
6853
6852
6851
6851
6848
6848
6848
6847
6846
6846
6845
6844
6844
6844
6843
6842
6841
6841
6841
6840
6840
6840
6840
6836
6835
6834
6834
6834
6833
6832
6830
6829
6824
6824
6824
6823
6822
6822
6821
6818
6817
6815
6814
6814
6813
6813
6813
6810
6810
6809
6808
6808
6806
6804
6804
6803
6800
6800
6800
6800
6799
6798
6796
6792
6791
6791
6790
6788
6783
6783
6782
6782
6782
6781
6780
6778
6777
6776
6776
6774
6771
6768
6766
6766
6765
6765
6764
6762
6762
6761
6758
6757
6756
6752
6752
6750
6749
6748
6745
6745
6743
6742
6741
6741
6740
6740
6739
6739
6738
6736
6736
6735
6734
6733
6732
6732
6728
6726
6726
6723
6722
6722
6721
6720
6719
6718
6717
6717
6716
6716
6713
6711
6710
6710
6710
6709
6708
6706
6706
6703
6702
6700
6699
6698
6697
6696
6694
6693
6691
6691
6689
6688
6687
6686
6683
6683
6682
6682
6680
6680
6678
6676
6676
6674
6670
6669
6668
6667
6665
6665
6663
6663
6659
6658
6658
6654
6654
6653
6653
6651
6651
6650
6649
6648
6646
6643
6642
6641
6639
6638
6638
6637
6637
6637
6636
6636
6635
6634
6634
6633
6631
6631
6631
6630
6629
6629
6628
6627
6626
6625
6625
6625
6621
6619
6618
6615
6615
6613
6612
6612
6611
6611
6610
6609
6607
6607
6607
6605
6604
6603
6602
6602
6602
6601
6599
6599
6599
6596
6596
6594
6594
6594
6592
6592
6591
6589
6589
6586
6586
6586
6585
6584
6584
6581
6580
6580
6579
6578
6577
6577
6576
6574
6572
6572
6572
6570
6569
6568
6566
6566
6566
6565
6564
6564
6564
6563
6563
6561
6560
6559
6556
6556
6555
6554
6553
6552
6551
6550
6550
6549
6548
6548
6547
6546
6546
6543
6540
6539
6537
6536
6536
6536
6531
6530
6528
6527
6527
6526
6525
6523
6518
6518
6517
6516
6514
6512
6511
6510
6509
6508
6508
6508
6507
6507
6506
6506
6505
6505
6505
6502
6502
6501
6501
6499
6497
6493
6493
6491
6489
6488
6488
6483
6482
6482
6482
6481
6480
6478
6478
6477
6475
6475
6474
6472
6470
6469
6469
6464
6463
6463
6459
6458
6458
6457
6456
6455
6455
6455
6454
6453
6451
6448
6446
6445
6444
6444
6443
6443
6442
6442
6441
6440
6439
6438
6436
6436
6436
6435
6432
6431
6430
6428
6426
6425
6423
6423
6423
6422
6420
6420
6420
6419
6418
6417
6415
6415
6415
6414
6414
6413
6412
6412
6410
6409
6409
6407
6407
6406
6405
6404
6404
6403
6403
6401
6401
6400
6400
6399
6399
6398
6398
6398
6393
6393
6386
6384
6382
6382
6381
6377
6377
6375
6373
6371
6370
6369
6369
6369
6364
6362
6362
6362
6360
6360
6356
6349
6349
6349
6349
6348
6346
6346
6345
6345
6344
6344
6343
6342
6341
6339
6339
6337
6336
6335
6332
6332
6331
6330
6330
6329
6328
6327
6326
6325
6325
6325
6321
6320
6320
6319
6312
6309
6307
6306
6305
6304
6304
6303
6302
6301
6300
6300
6299
6297
6297
6297
6296
6296
6296
6295
6294
6293
6292
6292
6292
6288
6287
6287
6286
6285
6285
6283
6281
6281
6279
6279
6279
6277
6276
6275
6274
6274
6274
6272
6271
6269
6267
6266
6264
6264
6262
6262
6261
6261
6260
6259
6258
6258
6257
6256
6256
6255
6255
6255
6254
6252
6251
6251
6251
6249
6248
6248
6247
6247
6245
6244
6243
6242
6242
6242
6239
6238
6234
6233
6232
6230
6229
6228
6227
6227
6226
6225
6225
6225
6219
6219
6218
6217
6217
6216
6216
6215
6215
6215
6213
6212
6210
6207
6205
6204
6204
6203
6203
6201
6201
6199
6197
6195
6195
6193
6193
6192
6192
6191
6189
6188
6187
6187
6185
6184
6184
6181
6180
6179
6177
6177
6176
6176
6174
6174
6172
6172
6172
6171
6170
6168
6167
6167
6165
6164
6162
6161
6159
6159
6157
6155
6155
6154
6152
6151
6149
6149
6149
6149
6149
6149
6148
6148
6147
6144
6144
6144
6143
6143
6141
6138
6137
6137
6136
6136
6135
6135
6134
6134
6130
6129
6129
6127
6125
6124
6124
6124
6124
6123
6122
6121
6120
6119
6119
6118
6117
6117
6117
6115
6114
6111
6108
6107
6106
6104
6103
6101
6099
6098
6098
6096
6096
6096
6096
6095
6095
6094
6094
6093
6089
6087
6086
6086
6085
6085
6082
6081
6081
6080
6078
6078
6076
6076
6076
6076
6073
6070
6070
6067
6066
6061
6061
6060
6059
6058
6058
6057
6055
6052
6052
6052
6051
6051
6050
6048
6048
6048
6047
6046
6046
6044
6044
6043
6043
6042
6041
6040
6040
6039
6037
6036
6035
6035
6035
6035
6035
6034
6033
6033
6033
6031
6027
6027
6026
6023
6023
6022
6021
6019
6019
6019
6019
6019
6018
6017
6016
6013
6011
6006
6006
6006
6005
6004
6004
6004
6003
6002
6001
6000
5997
5996
5995
5995
5994
5994
5993
5992
5991
5991
5989
5989
5987
5987
5984
5984
5983
5981
5980
5979
5978
5977
5974
5974
5974
5974
5972
5969
5969
5969
5968
5966
5965
5964
5963
5962
5959
5956
5956
5955
5952
5952
5951
5951
5951
5948
5948
5946
5943
5943
5942
5939
5938
5937
5937
5934
5934
5933
5933
5933
5933
5932
5931
5930
5929
5929
5928
5928
5928
5926
5926
5926
5925
5923
5922
5921
5921
5921
5920
5917
5917
5913
5913
5912
5912
5910
5907
5905
5904
5903
5903
5903
5902
5902
5902
5901
5900
5900
5899
5899
5898
5897
5897
5894
5893
5891
5890
5889
5888
5886
5885
5884
5884
5884
5883
5883
5882
5880
5879
5876
5875
5874
5873
5870
5870
5870
5868
5868
5867
5866
5866
5864
5863
5862
5861
5861
5861
5861
5860
5860
5859
5859
5858
5858
5856
5856
5855
5854
5851
5848
5848
5843
5842
5842
5841
5841
5840
5839
5837
5837
5837
5836
5834
5833
5832
5831
5831
5831
5831
5829
5829
5828
5825
5823
5822
5821
5820
5820
5820
5820
5819
5818
5816
5815
5814
5814
5813
5812
5811
5810
5809
5808
5805
5804
5804
5804
5803
5802
5801
5801
5799
5799
5797
5797
5793
5791
5790
5785
5783
5778
5775
5774
5774
5773
5772
5772
5771
5769
5768
5767
5764
5763
5762
5761
5761
5761
5761
5761
5760
5760
5758
5756
5756
5753
5752
5751
5751
5750
5749
5749
5748
5747
5746
5745
5743
5743
5742
5740
5736
5733
5733
5733
5733
5732
5731
5731
5730
5729
5729
5727
5725
5725
5722
5722
5720
5720
5720
5719
5719
5718
5717
5716
5714
5711
5711
5710
5710
5709
5709
5708
5707
5707
5707
5706
5706
5705
5705
5705
5703
5703
5702
5701
5700
5700
5699
5697
5697
5697
5696
5694
5693
5691
5691
5690
5690
5690
5689
5687
5686
5685
5685
5681
5681
5680
5680
5679
5677
5676
5676
5675
5675
5675
5675
5674
5674
5672
5669
5668
5668
5668
5667
5667
5666
5665
5664
5663
5660
5660
5659
5658
5658
5656
5653
5652
5651
5650
5648
5648
5648
5646
5646
5642
5640
5639
5638
5637
5636
5636
5634
5632
5630
5629
5629
5628
5626
5626
5626
5625
5623
5623
5622
5621
5620
5620
5620
5618
5616
5616
5615
5613
5613
5611
5610
5610
5609
5608
5607
5607
5606
5605
5605
5604
5604
5602
5600
5600
5598
5596
5595
5595
5594
5593
5592
5591
5591
5590
5588
5587
5586
5581
5581
5581
5581
5580
5580
5578
5576
5575
5573
5573
5572
5571
5571
5570
5570
5569
5569
5568
5567
5565
5564
5563
5561
5557
5557
5555
5555
5555
5555
5553
5553
5548
5545
5543
5540
5539
5539
5537
5536
5534
5533
5532
5532
5532
5530
5530
5529
5529
5527
5525
5525
5524
5522
5521
5521
5521
5519
5519
5516
5515
5515
5514
5514
5509
5509
5508
5508
5507
5505
5502
5498
5498
5497
5497
5496
5496
5496
5494
5493
5491
5491
5487
5485
5484
5484
5483
5483
5483
5483
5480
5478
5477
5477
5476
5475
5475
5474
5473
5473
5472
5472
5472
5470
5470
5468
5464
5463
5463
5463
5462
5459
5458
5454
5454
5453
5451
5450
5449
5449
5449
5448
5446
5446
5445
5444
5443
5442
5441
5440
5440
5436
5435
5435
5434
5432
5432
5431
5431
5430
5429
5428
5428
5428
5428
5428
5428
5427
5423
5422
5422
5421
5421
5418
5416
5416
5416
5416
5414
5413
5412
5412
5411
5410
5410
5409
5408
5408
5406
5406
5405
5405
5404
5403
5398
5398
5396
5396
5394
5394
5394
5394
5390
5387
5387
5386
5385
5383
5382
5381
5380
5380
5378
5378
5378
5378
5377
5377
5377
5376
5372
5371
5370
5370
5369
5367
5366
5364
5363
5361
5360
5360
5359
5357
5357
5355
5353
5352
5351
5351
5350
5350
5350
5349
5349
5346
5345
5345
5344
5344
5342
5342
5341
5339
5338
5336
5333
5331
5331
5328
5327
5326
5325
5325
5325
5324
5323
5322
5322
5321
5317
5317
5315
5314
5313
5313
5313
5311
5311
5308
5308
5306
5305
5304
5304
5303
5299
5299
5299
5299
5296
5293
5291
5291
5291
5290
5289
5289
5288
5287
5285
5282
5281
5281
5280
5279
5279
5273
5271
5270
5270
5269
5269
5269
5269
5268
5268
5266
5265
5264
5263
5261
5260
5260
5258
5257
5257
5255
5255
5254
5251
5249
5248
5247
5247
5246
5245
5245
5243
5242
5241
5240
5240
5239
5236
5235
5233
5233
5232
5231
5231
5229
5229
5228
5228
5227
5226
5225
5223
5222
5221
5221
5219
5218
5215
5215
5215
5214
5213
5205
5203
5202
5201
5201
5200
5199
5199
5198
5198
5196
5195
5195
5193
5192
5191
5189
5188
5187
5184
5182
5181
5181
5181
5181
5180
5171
5171
5170
5168
5167
5167
5166
5166
5164
5164
5163
5161
5159
5159
5158
5158
5157
5155
5152
5150
5149
5147
5146
5146
5146
5145
5145
5144
5143
5143
5142
5137
5137
5136
5135
5134
5134
5130
5129
5128
5128
5126
5126
5125
5125
5125
5124
5122
5122
5121
5121
5119
5118
5116
5116
5111
5111
5107
5107
5107
5105
5104
5103
5103
5103
5103
5102
5101
5100
5095
5095
5093
5091
5090
5090
5090
5089
5089
5088
5087
5086
5082
5082
5079
5079
5074
5074
5069
5069
5067
5067
5066
5066
5063
5063
5062
5062
5058
5058
5058
5057
5057
5057
5057
5053
5053
5050
5046
5046
5043
5040
5039
5035
5035
5033
5029
5029
5026
5024
5023
5022
5021
5020
5020
5019
5017
5015
5014
5010
5009
5007
5006
5005
5005
5004
5003
5003
5002
5001
5000
4999
4998
4998
4996
4996
4994
4991
4989
4989
4988
4985
4982
4982
4979
4978
4976
4976
4974
4973
4972
4969
4969
4967
4966
4965
4964
4963
4959
4959
4956
4955
4955
4954
4952
4951
4951
4944
4943
4942
4942
4940
4940
4938
4937
4934
4934
4933
4931
4930
4928
4928
4927
4922
4922
4921
4920
4919
4916
4915
4915
4913
4913
4911
4911
4907
4906
4906
4905
4905
4904
4904
4903
4902
4902
4902
4902
4901
4901
4900
4900
4898
4897
4895
4894
4893
4891
4891
4891
4890
4890
4887
4886
4886
4885
4882
4882
4879
4878
4877
4876
4871
4870
4869
4868
4866
4865
4863
4862
4860
4860
4859
4859
4857
4857
4856
4856
4855
4854
4853
4852
4850
4849
4846
4846
4842
4842
4840
4839
4838
4837
4837
4836
4835
4835
4835
4833
4832
4829
4829
4827
4827
4826
4824
4824
4822
4822
4821
4818
4816
4815
4815
4815
4813
4810
4809
4809
4808
4806
4805
4804
4801
4801
4799
4798
4798
4795
4794
4794
4794
4793
4790
4790
4790
4790
4788
4788
4786
4785
4784
4782
4781
4781
4775
4770
4767
4766
4765
4765
4764
4763
4761
4761
4758
4755
4754
4752
4752
4752
4751
4749
4749
4748
4747
4745
4742
4739
4738
4738
4738
4737
4736
4736
4735
4734
4733
4732
4729
4728
4728
4727
4724
4721
4720
4720
4719
4719
4718
4717
4716
4715
4714
4714
4713
4713
4713
4712
4708
4708
4707
4704
4703
4703
4702
4702
4701
4700
4700
4699
4699
4699
4699
4699
4698
4697
4696
4696
4695
4695
4695
4693
4692
4692
4691
4685
4685
4684
4684
4683
4682
4679
4678
4677
4673
4669
4666
4666
4665
4665
4664
4663
4663
4662
4661
4660
4660
4659
4659
4658
4658
4657
4657
4656
4656
4656
4655
4654
4653
4653
4652
4652
4651
4651
4649
4648
4648
4647
4646
4646
4646
4644
4641
4640
4640
4640
4639
4639
4636
4636
4636
4636
4636
4635
4634
4630
4630
4628
4628
4627
4625
4625
4624
4622
4621
4619
4619
4618
4618
4617
4617
4615
4612
4609
4608
4608
4603
4603
4601
4601
4600
4599
4597
4597
4597
4595
4593
4592
4590
4587
4587
4585
4585
4582
4582
4581
4580
4580
4578
4574
4574
4573
4572
4571
4571
4571
4567
4567
4567
4566
4565
4563
4562
4562
4562
4561
4560
4557
4556
4555
4554
4552
4551
4550
4548
4547
4547
4546
4545
4542
4542
4542
4541
4541
4540
4540
4537
4536
4536
4536
4536
4535
4535
4534
4534
4533
4533
4532
4532
4527
4525
4525
4524
4524
4522
4521
4520
4520
4520
4520
4519
4519
4518
4517
4514
4513
4512
4507
4507
4506
4505
4504
4503
4502
4502
4501
4499
4498
4495
4495
4494
4494
4492
4492
4492
4491
4491
4488
4487
4486
4485
4484
4481
4481
4481
4480
4478
4477
4475
4474
4474
4473
4471
4470
4470
4469
4466
4466
4466
4460
4459
4459
4458
4457
4457
4454
4454
4454
4452
4450
4450
4450
4450
4450
4449
4449
4446
4445
4445
4445
4442
4441
4441
4441
4439
4437
4437
4436
4436
4433
4433
4431
4431
4431
4429
4428
4428
4428
4428
4427
4426
4424
4423
4422
4421
4413
4412
4411
4409
4407
4407
4405
4402
4401
4401
4400
4400
4399
4398
4398
4397
4397
4397
4397
4395
4395
4393
4393
4393
4393
4390
4387
4386
4384
4381
4379
4378
4376
4376
4375
4374
4374
4373
4373
4371
4368
4368
4366
4366
4364
4364
4362
4362
4361
4361
4360
4360
4359
4359
4358
4358
4354
4353
4353
4352
4351
4350
4350
4350
4349
4348
4347
4345
4344
4343
4343
4342
4342
4341
4340
4339
4339
4338
4338
4335
4334
4333
4332
4332
4330
4329
4328
4328
4326
4325
4324
4323
4321
4320
4318
4318
4317
4316
4316
4316
4315
4314
4314
4314
4314
4311
4309
4307
4306
4306
4303
4303
4303
4302
4302
4301
4301
4299
4297
4297
4292
4291
4290
4290
4290
4289
4288
4287
4285
4284
4283
4282
4282
4282
4282
4281
4281
4281
4280
4280
4279
4278
4277
4275
4275
4274
4274
4273
4272
4272
4271
4270
4270
4270
4269
4266
4266
4266
4263
4261
4260
4260
4258
4257
4256
4255
4254
4251
4251
4247
4246
4245
4243
4243
4243
4241
4241
4239
4239
4237
4237
4236
4234
4234
4232
4232
4231
4231
4230
4229
4228
4228
4228
4227
4226
4224
4223
4222
4222
4222
4222
4221
4219
4218
4217
4216
4215
4213
4213
4212
4212
4207
4206
4204
4204
4203
4202
4199
4196
4194
4194
4194
4194
4193
4193
4192
4191
4190
4190
4190
4190
4189
4186
4185
4182
4180
4179
4178
4177
4175
4174
4173
4171
4170
4169
4166
4163
4163
4162
4158
4156
4155
4155
4151
4151
4150
4149
4149
4149
4149
4146
4145
4145
4144
4143
4142
4142
4142
4141
4140
4139
4138
4136
4136
4135
4135
4135
4135
4135
4132
4132
4129
4129
4128
4127
4127
4123
4121
4119
4119
4117
4113
4111
4109
4107
4105
4103
4102
4101
4100
4099
4098
4097
4096
4093
4093
4092
4088
4088
4087
4086
4081
4079
4078
4075
4074
4074
4072
4070
4069
4068
4068
4067
4066
4065
4064
4064
4064
4062
4062
4062
4062
4061
4061
4061
4060
4058
4058
4058
4058
4057
4056
4055
4054
4052
4051
4051
4049
4046
4045
4045
4044
4043
4040
4039
4039
4039
4039
4038
4035
4034
4033
4033
4032
4031
4030
4028
4027
4027
4026
4026
4025
4025
4025
4025
4024
4023
4023
4023
4022
4021
4021
4020
4018
4017
4017
4017
4017
4017
4017
4016
4015
4014
4013
4012
4011
4010
4008
4007
4007
4006
4005
4005
4003
4003
4003
4003
4001
3999
3998
3998
3993
3992
3991
3987
3986
3984
3982
3981
3979
3977
3976
3976
3975
3975
3972
3969
3969
3969
3968
3967
3967
3966
3965
3965
3965
3964
3962
3961
3960
3959
3957
3957
3955
3955
3955
3953
3952
3951
3949
3946
3945
3942
3941
3939
3939
3936
3934
3934
3933
3932
3930
3929
3929
3928
3926
3926
3925
3924
3924
3920
3919
3919
3917
3914
3909
3908
3906
3906
3903
3900
3898
3896
3893
3893
3892
3892
3891
3890
3885
3883
3883
3882
3881
3876
3876
3876
3876
3875
3874
3873
3872
3871
3871
3868
3867
3867
3867
3866
3865
3863
3863
3863
3863
3862
3861
3861
3861
3857
3857
3857
3855
3855
3855
3849
3849
3848
3847
3846
3846
3845
3845
3843
3842
3842
3842
3838
3838
3837
3836
3836
3836
3835
3835
3835
3834
3832
3832
3832
3829
3829
3827
3825
3825
3823
3823
3821
3820
3820
3817
3816
3815
3815
3814
3814
3814
3813
3812
3812
3809
3808
3807
3807
3804
3803
3803
3803
3803
3802
3802
3801
3799
3799
3798
3797
3794
3793
3792
3791
3791
3790
3789
3787
3786
3782
3781
3780
3779
3777
3773
3773
3772
3771
3769
3766
3765
3764
3763
3762
3760
3757
3753
3753
3753
3752
3749
3747
3746
3746
3745
3744
3744
3743
3742
3741
3741
3741
3741
3739
3739
3738
3736
3733
3733
3732
3730
3729
3728
3726
3726
3726
3725
3725
3722
3720
3720
3719
3717
3717
3716
3716
3716
3716
3715
3715
3714
3713
3712
3712
3712
3710
3708
3706
3704
3702
3701
3701
3699
3699
3698
3698
3696
3695
3695
3695
3695
3693
3692
3688
3687
3685
3685
3684
3683
3681
3679
3676
3674
3673
3671
3670
3668
3668
3667
3667
3667
3667
3667
3666
3666
3663
3661
3661
3660
3659
3659
3658
3658
3658
3657
3656
3653
3651
3651
3651
3649
3647
3646
3646
3644
3644
3644
3644
3643
3640
3639
3637
3637
3636
3633
3633
3631
3631
3630
3630
3629
3628
3628
3628
3625
3625
3624
3624
3622
3622
3622
3621
3618
3618
3615
3613
3613
3612
3612
3612
3611
3609
3608
3608
3608
3607
3607
3605
3602
3601
3601
3601
3599
3597
3597
3596
3595
3594
3594
3594
3593
3592
3592
3591
3590
3589
3589
3588
3588
3587
3586
3585
3585
3584
3584
3582
3582
3581
3581
3581
3580
3580
3579
3577
3574
3574
3573
3570
3569
3569
3567
3567
3567
3566
3566
3565
3564
3563
3562
3560
3558
3556
3556
3556
3554
3553
3552
3552
3551
3550
3550
3545
3543
3541
3541
3541
3540
3539
3535
3534
3532
3531
3531
3530
3529
3527
3527
3526
3526
3523
3522
3522
3522
3519
3519
3516
3515
3515
3512
3512
3511
3507
3506
3506
3501
3499
3498
3497
3492
3491
3489
3488
3487
3487
3485
3484
3482
3478
3473
3473
3472
3471
3469
3469
3468
3468
3466
3465
3464
3462
3461
3460
3459
3458
3458
3456
3454
3453
3450
3449
3449
3446
3446
3446
3445
3445
3445
3443
3442
3441
3439
3439
3435
3434
3429
3428
3427
3427
3427
3425
3425
3424
3422
3421
3420
3420
3419
3417
3417
3417
3415
3415
3415
3414
3414
3414
3414
3413
3413
3413
3412
3410
3410
3410
3408
3406
3406
3405
3405
3404
3404
3403
3402
3402
3401
3400
3399
3398
3398
3397
3397
3397
3396
3396
3396
3395
3394
3394
3392
3391
3387
3386
3386
3382
3379
3377
3375
3374
3374
3373
3373
3372
3371
3370
3369
3365
3365
3365
3365
3364
3363
3362
3362
3362
3362
3361
3360
3358
3356
3355
3355
3353
3353
3353
3351
3350
3350
3350
3350
3349
3349
3347
3346
3345
3344
3344
3342
3342
3341
3339
3338
3338
3337
3335
3335
3334
3334
3334
3333
3333
3332
3332
3331
3331
3331
3329
3329
3329
3327
3325
3323
3322
3321
3320
3320
3320
3319
3318
3317
3317
3315
3315
3314
3314
3311
3310
3310
3309
3308
3308
3306
3306
3305
3304
3304
3302
3302
3302
3302
3302
3301
3301
3298
3296
3296
3294
3291
3291
3291
3291
3291
3290
3289
3288
3288
3287
3286
3285
3285
3284
3284
3283
3282
3282
3278
3275
3274
3273
3273
3269
3266
3265
3264
3263
3263
3261
3260
3259
3258
3253
3252
3247
3247
3246
3246
3245
3244
3243
3243
3242
3242
3241
3241
3238
3238
3235
3233
3232
3231
3230
3230
3230
3227
3226
3225
3224
3223
3222
3220
3219
3218
3214
3214
3207
3205
3203
3203
3201
3201
3198
3197
3196
3195
3194
3194
3190
3188
3188
3187
3180
3179
3178
3178
3178
3175
3175
3174
3170
3170
3168
3167
3167
3163
3161
3160
3158
3156
3156
3155
3154
3153
3153
3151
3150
3146
3145
3144
3143
3143
3139
3138
3135
3132
3132
3130
3127
3124
3123
3122
3122
3121
3119
3118
3118
3116
3114
3114
3113
3113
3112
3109
3109
3109
3108
3108
3104
3104
3102
3100
3099
3099
3098
3098
3098
3096
3095
3093
3092
3091
3089
3087
3087
3087
3086
3084
3084
3084
3083
3083
3083
3082
3081
3079
3079
3078
3076
3072
3071
3070
3069
3067
3065
3065
3065
3064
3063
3063
3063
3062
3061
3061
3060
3059
3059
3059
3058
3056
3056
3055
3054
3053
3053
3053
3052
3051
3049
3048
3048
3047
3047
3046
3046
3042
3041
3038
3037
3036
3035
3034
3034
3033
3033
3032
3031
3030
3028
3028
3027
3025
3024
3024
3022
3018
3018
3017
3016
3016
3016
3015
3013
3012
3009
3009
3009
3006
3005
3005
3004
3004
3004
3003
3003
3001
3001
3001
3000
2999
2999
2998
2997
2995
2995
2994
2994
2994
2993
2992
2991
2989
2988
2988
2987
2985
2982
2982
2981
2980
2978
2978
2978
2978
2978
2976
2974
2974
2973
2972
2972
2972
2971
2971
2971
2969
2968
2968
2966
2965
2960
2955
2954
2953
2953
2951
2951
2951
2950
2950
2950
2949
2948
2947
2945
2944
2943
2942
2942
2940
2940
2939
2939
2938
2936
2933
2933
2926
2924
2924
2923
2922
2921
2921
2921
2921
2918
2915
2915
2914
2914
2913
2913
2912
2910
2908
2906
2905
2902
2902
2899
2899
2898
2897
2897
2896
2895
2895
2895
2895
2893
2893
2892
2892
2891
2890
2887
2886
2885
2881
2880
2880
2879
2879
2879
2878
2877
2876
2875
2875
2873
2873
2870
2869
2868
2866
2866
2866
2865
2864
2863
2861
2861
2860
2858
2858
2858
2858
2857
2857
2856
2854
2854
2852
2852
2850
2848
2847
2847
2844
2844
2842
2840
2839
2839
2837
2836
2835
2835
2833
2831
2829
2828
2827
2827
2826
2825
2825
2824
2822
2821
2820
2814
2813
2812
2812
2811
2810
2810
2809
2808
2807
2806
2804
2803
2803
2802
2802
2802
2800
2799
2799
2797
2796
2793
2792
2791
2789
2789
2786
2786
2783
2781
2781
2779
2778
2778
2777
2777
2776
2775
2773
2771
2771
2770
2769
2768
2768
2768
2768
2768
2766
2766
2766
2765
2764
2764
2764
2763
2763
2763
2762
2760
2760
2760
2760
2760
2758
2755
2754
2754
2753
2753
2752
2752
2752
2752
2752
2750
2750
2749
2747
2746
2746
2746
2745
2743
2742
2739
2739
2737
2736
2736
2736
2735
2735
2735
2732
2732
2730
2729
2729
2728
2728
2727
2727
2725
2724
2722
2722
2721
2721
2721
2720
2720
2719
2718
2718
2717
2717
2715
2715
2715
2713
2711
2710
2709
2709
2709
2708
2708
2703
2701
2700
2699
2699
2698
2697
2694
2691
2691
2690
2688
2688
2685
2684
2683
2682
2681
2680
2678
2676
2675
2674
2671
2669
2669
2665
2665
2663
2663
2663
2662
2660
2660
2659
2659
2657
2657
2656
2655
2655
2654
2654
2652
2649
2649
2648
2647
2646
2645
2641
2638
2637
2635
2634
2633
2632
2631
2630
2630
2629
2629
2628
2628
2626
2625
2625
2621
2619
2618
2617
2613
2613
2613
2612
2611
2611
2608
2607
2606
2606
2605
2604
2603
2602
2602
2601
2601
2600
2599
2598
2596
2595
2594
2591
2588
2587
2587
2580
2579
2577
2576
2575
2573
2568
2568
2568
2568
2567
2566
2564
2564
2563
2562
2561
2559
2556
2555
2554
2554
2552
2551
2550
2549
2549
2548
2547
2546
2544
2543
2541
2540
2539
2536
2536
2536
2535
2532
2532
2532
2531
2530
2530
2529
2529
2529
2528
2527
2526
2526
2525
2524
2522
2522
2522
2522
2520
2520
2520
2518
2517
2515
2514
2514
2513
2513
2512
2511
2509
2508
2508
2507
2506
2504
2503
2501
2500
2498
2497
2495
2495
2495
2495
2494
2493
2491
2490
2489
2486
2483
2482
2479
2478
2475
2473
2472
2471
2471
2470
2469
2469
2469
2467
2467
2466
2462
2461
2459
2456
2455
2455
2453
2449
2448
2448
2446
2445
2444
2444
2443
2442
2441
2441
2440
2440
2439
2439
2439
2438
2437
2436
2436
2435
2433
2430
2429
2429
2428
2427
2426
2425
2423
2422
2420
2420
2420
2418
2418
2418
2415
2412
2412
2411
2410
2409
2409
2409
2409
2409
2406
2404
2404
2403
2402
2402
2402
2401
2397
2397
2395
2394
2391
2391
2391
2390
2388
2388
2388
2387
2387
2386
2386
2385
2385
2384
2383
2380
2379
2378
2378
2378
2377
2376
2369
2367
2367
2365
2365
2361
2361
2361
2360
2359
2357
2357
2356
2355
2352
2348
2347
2345
2344
2342
2341
2341
2341
2337
2336
2335
2334
2333
2333
2332
2331
2328
2327
2326
2326
2325
2324
2324
2323
2323
2321
2317
2317
2315
2313
2313
2313
2312
2312
2311
2311
2311
2308
2305
2305
2302
2299
2298
2297
2297
2294
2291
2291
2289
2288
2286
2286
2286
2285
2284
2282
2282
2282
2281
2280
2279
2279
2279
2278
2276
2276
2275
2275
2273
2273
2273
2273
2271
2268
2267
2267
2267
2264
2264
2261
2259
2258
2258
2257
2257
2254
2254
2254
2251
2251
2250
2250
2249
2248
2247
2247
2246
2244
2242
2240
2239
2239
2238
2236
2236
2235
2234
2234
2233
2233
2232
2231
2230
2228
2228
2226
2225
2225
2223
2222
2222
2219
2217
2215
2213
2211
2211
2210
2208
2208
2204
2204
2204
2203
2202
2201
2200
2198
2198
2195
2195
2195
2193
2192
2190
2190
2190
2190
2190
2188
2188
2187
2187
2184
2184
2182
2182
2182
2181
2181
2180
2180
2179
2178
2178
2178
2177
2177
2176
2175
2174
2174
2173
2173
2172
2171
2170
2170
2170
2169
2169
2168
2168
2168
2167
2167
2163
2162
2162
2159
2159
2159
2158
2157
2157
2156
2156
2156
2156
2155
2153
2153
2153
2149
2148
2147
2145
2144
2144
2143
2142
2141
2141
2141
2139
2138
2136
2135
2134
2133
2129
2128
2126
2126
2125
2123
2123
2119
2119
2119
2118
2117
2117
2116
2116
2114
2113
2111
2111
2110
2107
2107
2107
2106
2105
2103
2102
2101
2101
2098
2098
2096
2096
2095
2093
2092
2092
2091
2091
2090
2089
2088
2087
2086
2085
2084
2084
2082
2081
2078
2078
2077
2077
2076
2075
2072
2070
2070
2069
2068
2067
2065
2064
2061
2058
2057
2054
2054
2054
2053
2052
2051
2049
2049
2049
2045
2043
2043
2041
2040
2040
2040
2040
2037
2036
2036
2034
2034
2030
2030
2029
2026
2024
2022
2020
2019
2018
2017
2016
2015
2015
2015
2013
2012
2011
2011
2008
2007
2007
2007
2007
2005
2005
2004
2004
2001
2001
2000
1999
1998
1998
1995
1995
1994
1993
1991
1991
1990
1989
1989
1987
1984
1984
1983
1980
1979
1979
1977
1975
1975
1975
1970
1968
1968
1967
1966
1966
1965
1963
1962
1961
1960
1960
1959
1959
1958
1957
1956
1956
1956
1956
1955
1954
1954
1952
1950
1950
1950
1947
1945
1944
1941
1940
1939
1936
1936
1935
1934
1934
1933
1932
1931
1930
1929
1929
1929
1927
1926
1924
1923
1923
1921
1921
1921
1920
1919
1918
1915
1915
1914
1911
1910
1910
1910
1909
1909
1909
1908
1905
1904
1903
1902
1902
1900
1896
1895
1895
1894
1893
1893
1890
1888
1887
1884
1883
1882
1881
1880
1878
1877
1875
1875
1875
1873
1872
1872
1871
1871
1871
1867
1867
1865
1863
1863
1862
1860
1859
1857
1857
1857
1857
1857
1856
1855
1854
1854
1854
1853
1852
1851
1850
1848
1847
1845
1844
1844
1844
1843
1843
1842
1842
1842
1842
1840
1839
1838
1835
1834
1834
1833
1830
1829
1827
1825
1823
1818
1818
1817
1815
1814
1814
1814
1810
1810
1809
1808
1807
1806
1804
1802
1802
1799
1797
1797
1797
1795
1795
1793
1793
1791
1791
1790
1789
1788
1788
1787
1787
1785
1785
1783
1782
1781
1781
1779
1777
1777
1775
1775
1774
1771
1770
1769
1768
1768
1768
1767
1764
1762
1761
1761
1760
1760
1757
1756
1756
1752
1751
1750
1750
1749
1749
1748
1747
1745
1744
1744
1743
1741
1741
1741
1738
1735
1733
1732
1730
1729
1727
1725
1724
1724
1721
1721
1721
1721
1720
1719
1719
1719
1719
1719
1718
1718
1717
1716
1715
1715
1714
1713
1710
1710
1707
1704
1704
1704
1704
1701
1699
1696
1696
1694
1693
1692
1690
1689
1686
1686
1685
1683
1680
1680
1678
1677
1677
1676
1674
1674
1673
1669
1667
1667
1665
1665
1664
1664
1664
1663
1663
1662
1657
1654
1653
1653
1652
1649
1645
1644
1642
1642
1641
1641
1640
1640
1637
1636
1635
1634
1634
1634
1631
1628
1628
1628
1628
1626
1626
1626
1622
1621
1617
1616
1616
1615
1611
1611
1610
1610
1610
1609
1608
1607
1606
1604
1603
1601
1599
1599
1599
1597
1596
1595
1595
1594
1592
1592
1585
1582
1582
1581
1581
1578
1577
1577
1574
1571
1570
1569
1569
1564
1564
1561
1561
1560
1558
1557
1557
1555
1555
1554
1553
1553
1552
1551
1547
1547
1547
1545
1542
1541
1540
1540
1537
1537
1537
1536
1536
1536
1535
1532
1530
1530
1528
1526
1522
1521
1520
1520
1519
1517
1517
1516
1513
1513
1512
1512
1510
1506
1505
1503
1503
1503
1503
1502
1500
1500
1499
1498
1497
1497
1494
1494
1493
1493
1492
1492
1490
1489
1488
1487
1484
1481
1481
1481
1479
1475
1475
1475
1475
1475
1466
1465
1461
1458
1457
1457
1457
1456
1456
1454
1453
1453
1452
1451
1451
1450
1450
1447
1446
1446
1443
1440
1440
1440
1438
1438
1437
1437
1436
1436
1435
1434
1433
1432
1428
1428
1427
1427
1425
1425
1422
1419
1417
1417
1416
1415
1414
1414
1412
1411
1408
1406
1406
1404
1403
1403
1402
1402
1402
1401
1398
1397
1397
1395
1394
1392
1391
1390
1386
1385
1383
1382
1379
1377
1377
1377
1377
1375
1375
1375
1370
1369
1369
1369
1369
1368
1367
1367
1367
1366
1365
1363
1362
1360
1358
1358
1356
1355
1354
1354
1351
1350
1349
1348
1348
1347
1346
1346
1344
1344
1343
1343
1343
1342
1337
1335
1333
1332
1330
1324
1324
1324
1323
1323
1322
1320
1315
1315
1314
1313
1312
1310
1309
1305
1304
1303
1302
1302
1302
1300
1299
1299
1296
1294
1292
1292
1290
1289
1288
1288
1288
1286
1285
1285
1285
1281
1281
1280
1278
1278
1276
1276
1275
1275
1274
1274
1274
1273
1272
1272
1272
1268
1267
1267
1266
1266
1266
1266
1263
1262
1262
1260
1259
1258
1258
1258
1257
1253
1252
1252
1249
1248
1248
1247
1246
1243
1242
1242
1240
1240
1239
1236
1236
1235
1232
1231
1231
1229
1228
1227
1226
1226
1225
1224
1220
1220
1219
1217
1217
1216
1215
1213
1213
1212
1211
1210
1210
1209
1208
1208
1205
1203
1203
1202
1202
1199
1199
1198
1197
1195
1192
1188
1188
1187
1187
1185
1185
1184
1184
1183
1183
1182
1181
1181
1180
1178
1174
1173
1172
1170
1166
1164
1163
1161
1161
1158
1155
1152
1152
1152
1151
1151
1150
1149
1147
1146
1146
1145
1144
1143
1142
1141
1140
1140
1139
1139
1139
1139
1135
1131
1130
1130
1128
1126
1125
1124
1124
1123
1121
1119
1118
1117
1117
1117
1116
1112
1111
1111
1109
1105
1100
1098
1097
1096
1096
1096
1093
1093
1092
1092
1091
1091
1091
1090
1089
1088
1083
1082
1082
1082
1081
1078
1078
1078
1078
1077
1077
1076
1072
1070
1068
1068
1062
1057
1057
1057
1057
1056
1054
1050
1048
1048
1047
1045
1044
1044
1043
1041
1040
1040
1038
1038
1035
1035
1033
1032
1032
1031
1030
1028
1027
1021
1019
1019
1014
1013
1013
1011
1011
1009
1007
1007
1007
1007
1004
1002
1001
1000
1000
999
999
996
995
994
994
993
993
992
991
991
987
987
987
986
986
983
983
980
980
978
974
972
971
968
967
962
962
962
960
959
958
958
957
955
954
954
952
951
949
945
945
944
944
944
944
942
942
940
940
939
937
935
931
930
928
926
925
924
920
918
917
917
917
915
915
914
912
911
908
908
906
906
905
905
904
902
901
900
900
898
898
897
896
895
894
894
893
893
890
889
887
886
884
884
884
882
882
879
878
877
876
875
875
874
873
871
870
870
869
868
868
865
864
861
861
861
859
859
858
856
856
856
855
855
853
853
853
851
849
848
847
846
844
844
842
842
842
841
838
838
837
835
834
833
833
833
831
831
831
830
826
825
824
824
824
822
821
821
821
820
819
818
815
815
815
813
813
813
812
811
810
807
807
805
805
805
804
803
801
801
800
796
796
794
791
791
790
790
789
788
788
787
787
787
785
785
785
785
782
780
780
778
778
777
777
777
776
776
775
774
773
773
772
771
768
767
767
765
763
763
762
761
761
758
758
755
755
754
754
750
749
746
746
745
742
741
741
740
740
739
738
738
735
732
729
729
726
722
722
722
722
720
718
718
718
716
713
711
709
709
707
705
704
704
702
700
698
698
697
696
695
694
694
693
692
691
686
686
685
685
684
684
684
684
684
683
682
682
680
679
677
676
676
672
672
670
670
669
668
667
666
663
662
661
660
658
658
658
655
655
653
653
653
652
649
646
645
645
645
645
645
643
641
639
638
635
634
634
632
631
631
630
627
627
625
623
621
621
620
615
615
613
613
612
611
610
608
608
608
607
607
607
607
606
605
605
603
603
601
599
599
598
598
598
593
593
592
592
591
590
589
589
589
585
584
583
581
578
576
574
573
570
567
565
563
562
561
560
560
558
558
558
556
556
554
553
551
551
550
550
550
546
546
546
545
545
545
544
540
540
539
537
536
536
535
535
534
533
533
530
526
523
523
522
522
522
522
521
520
519
518
518
515
514
514
513
511
510
509
508
507
507
505
503
499
498
497
495
495
495
494
492
492
491
490
490
490
490
489
488
488
485
485
484
483
481
481
480
479
476
475
474
474
472
467
465
463
462
460
460
457
457
456
454
454
453
452
452
451
451
450
450
450
449
449
448
447
445
444
443
440
438
438
436
435
435
435
434
433
432
431
429
427
424
422
422
422
419
418
417
416
416
413
413
413
411
408
405
403
402
401
400
396
396
392
392
391
391
391
390
389
389
389
387
385
384
384
383
382
381
380
379
378
377
377
375
371
370
370
369
369
369
366
365
364
364
363
363
362
359
359
358
356
355
355
355
355
352
350
348
347
345
345
344
343
342
341
341
338
338
337
336
335
333
333
331
330
330
327
327
326
326
324
324
324
323
321
320
320
319
319
318
318
317
316
316
314
311
310
310
310
309
309
306
306
305
304
304
303
303
303
303
302
301
301
301
300
299
299
298
298
297
294
292
291
291
291
290
290
288
288
286
283
277
275
275
274
273
273
271
271
270
269
266
266
265
265
265
264
263
263
262
261
259
258
258
256
255
255
254
253
253
253
252
251
250
250
246
246
245
245
243
243
242
242
241
241
240
236
236
236
236
234
234
233
232
232
230
230
229
227
227
225
225
222
220
219
218
218
217
216
215
214
213
212
209
208
207
206
204
202
200
200
199
194
193
190
190
188
187
186
186
185
185
185
184
182
181
180
179
177
177
176
175
173
171
170
169
169
165
160
158
158
158
156
156
155
154
153
152
152
148
147
146
146
144
144
143
143
141
140
140
139
139
138
138
136
134
133
131
131
129
129
128
127
126
126
125
124
124
123
123
121
120
119
119
119
119
119
113
112
112
112
111
110
110
110
108
107
106
104
102
100
98
97
96
95
95
94
94
94
93
91
91
90
87
87
87
86
86
85
84
84
83
82
77
75
75
73
73
72
70
68
68
67
67
67
64
64
63
62
62
62
61
61
60
58
55
55
54
54
54
53
52
51
51
46
45
44
42
42
41
40
40
40
39
38
36
35
33
32
32
31
30
29
29
28
27
27
27
26
25
23
22
19
19
19
19
18
18
18
17
16
14
13
13
12
11
11
9
8
7
7
4
2
1
1
0
0
