9998
9997
9994
9988
9986
9981
9971
9956
9954
9951
9944
9943
9941
9935
9935
9934
9932
9930
9918
9917
9916
9909
9902
9902
9898
9888
9887
9885
9883
9875
9867
9867
9866
9864
9861
9856
9856
9855
9848
9832
9822
9819
9816
9814
9807
9801
9797
9795
9793
9787
9778
9774
9772
9762
9745
9737
9735
9726
9711
9707
9706
9696
9696
9695
9690
9689
9689
9683
9677
9669
9661
9658
9656
9655
9647
9644
9638
9637
9625
9624
9623
9621
9609
9609
9607
9604
9602
9601
9592
9582
9578
9577
9576
9571
9571
9563
9549
9544
9544
9536
9535
9532
9521
9517
9511
9507
9505
9487
9485
9483
9482
9477
9467
9445
9439
9438
9435
9431
9423
9421
9419
9418
9416
9413
9410
9410
9393
9391
9389
9379
9378
9371
9359
9351
9350
9349
9346
9346
9339
9339
9337
9333
9322
9320
9311
9310
9307
9299
9296
9292
9292
9289
9288
9284
9281
9266
9261
9258
9256
9252
9252
9250
9249
9244
9244
9227
9223
9220
9220
9220
9220
9209
9200
9196
9187
9186
9178
9172
9170
9167
9164
9153
9138
9131
9121
9120
9119
9108
9106
9105
9102
9101
9086
9075
9073
9070
9068
9062
9055
9052
9052
9039
9035
9034
9024
9020
9008
9004
9004
8994
8991
8985
8985
8982
8982
8974
8970
8964
8953
8948
8940
8939
8937
8905
8889
8888
8886
8884
8883
8882
8881
8879
8878
8877
8871
8868
8861
8860
8852
8850
8849
8848
8847
8844
8839
8837
8836
8833
8826
8824
8815
8813
8813
8809
8808
8806
8802
8802
8801
8798
8789
8789
8788
8785
8773
8771
8770
8770
8767
8761
8746
8744
8737
8733
8728
8724
8721
8721
8714
8706
8704
8700
8692
8689
8681
8673
8672
8671
8670
8665
8664
8662
8633
8632
8631
8627
8625
8625
8622
8621
8621
8618
8612
8612
8611
8609
8603
8599
8599
8597
8594
8583
8582
8576
8570
8561
8558
8552
8550
8549
8544
8544
8542
8528
8493
8491
8489
8479
8479
8475
8472
8467
8455
8446
8446
8445
8445
8442
8440
8436
8432
8427
8426
8417
8416
8407
8404
8404
8391
8389
8389
8387
8387
8384
8378
8371
8368
8359
8357
8351
8345
8344
8337
8336
8333
8333
8331
8325
8322
8315
8312
8311
8306
8303
8301
8300
8296
8296
8293
8289
8288
8286
8283
8278
8277
8272
8260
8258
8248
8240
8240
8238
8233
8227
8204
8201
8201
8195
8193
8190
8184
8184
8178
8177
8177
8175
8174
8171
8170
8168
8167
8167
8165
8158
8153
8152
8149
8149
8145
8142
8131
8130
8127
8116
8112
8108
8105
8095
8088
8088
8087
8085
8084
8080
8075
8075
8073
8065
8062
8053
8025
8019
8014
8007
7998
7994
7993
7993
7992
7986
7980
7975
7966
7965
7963
7954
7943
7941
7939
7939
7937
7926
7924
7924
7915
7910
7906
7905
7901
7892
7892
7892
7875
7865
7861
7859
7856
7856
7849
7842
7831
7824
7814
7808
7802
7796
7790
7788
7787
7787
7781
7779
7766
7765
7755
7749
7742
7738
7720
7713
7711
7710
7709
7700
7696
7686
7681
7679
7677
7674
7674
7661
7657
7654
7653
7647
7642
7638
7635
7635
7629
7626
7624
7619
7608
7608
7605
7604
7604
7603
7598
7597
7581
7579
7576
7575
7570
7566
7559
7558
7554
7545
7540
7532
7519
7518
7515
7509
7504
7503
7495
7491
7485
7484
7481
7480
7477
7471
7470
7466
7465
7459
7452
7451
7438
7434
7431
7421
7416
7415
7405
7404
7404
7402
7398
7395
7392
7390
7384
7378
7377
7370
7369
7367
7357
7353
7346
7342
7340
7320
7320
7313
7306
7303
7303
7297
7293
7292
7290
7289
7288
7288
7276
7272
7267
7267
7260
7259
7256
7254
7247
7241
7236
7233
7228
7224
7223
7212
7210
7208
7202
7200
7193
7193
7192
7189
7188
7182
7175
7171
7171
7171
7168
7164
7163
7161
7152
7150
7141
7139
7134
7133
7129
7128
7113
7110
7102
7102
7102
7101
7097
7094
7094
7080
7076
7076
7069
7066
7062
7055
7052
7048
7046
7043
7042
7036
7035
7032
7024
7023
7016
7016
7012
7010
7009
7006
6993
6989
6987
6985
6984
6983
6978
6977
6976
6973
6972
6972
6964
6961
6954
6952
6950
6945
6943
6943
6935
6919
6918
6912
6900
6899
6898
6892
6890
6885
6883
6876
6866
6863
6860
6847
6846
6837
6832
6820
6819
6816
6816
6813
6813
6811
6808
6793
6792
6781
6779
6772
6770
6770
6768
6767
6762
6753
6747
6743
6743
6733
6733
6730
6725
6719
6706
6704
6697
6690
6688
6686
6684
6682
6681
6679
6676
6672
6670
6670
6659
6658
6657
6643
6633
6627
6627
6619
6609
6594
6592
6591
6591
6586
6582
6581
6574
6574
6568
6566
6566
6563
6555
6550
6549
6545
6539
6533
6533
6532
6526
6521
6520
6514
6508
6494
6494
6492
6488
6485
6477
6471
6465
6463
6458
6457
6455
6452
6450
6448
6444
6441
6438
6431
6429
6416
6416
6410
6407
6404
6402
6400
6398
6379
6377
6369
6368
6364
6358
6355
6354
6348
6342
6337
6336
6330
6327
6324
6320
6318
6314
6295
6286
6285
6279
6278
6261
6260
6254
6232
6224
6223
6222
6212
6207
6207
6204
6193
6189
6172
6164
6161
6158
6156
6156
6147
6140
6133
6130
6127
6117
6111
6108
6106
6103
6100
6084
6080
6073
6070
6067
6063
6057
6057
6049
6042
6041
6037
6032
6031
6024
6023
6016
6015
6011
6011
6002
5997
5996
5989
5981
5976
5974
5973
5966
5962
5961
5942
5938
5930
5930
5917
5911
5910
5909
5909
5907
5906
5897
5893
5890
5886
5885
5877
5876
5875
5866
5864
5864
5861
5849
5842
5842
5829
5825
5806
5792
5784
5778
5773
5768
5766
5763
5762
5762
5756
5748
5745
5743
5742
5732
5722
5717
5707
5707
5706
5691
5687
5683
5683
5667
5659
5654
5652
5648
5647
5642
5633
5628
5615
5612
5604
5597
5589
5584
5582
5576
5571
5571
5570
5561
5559
5549
5540
5528
5520
5518
5511
5508
5501
5495
5495
5491
5486
5484
5474
5466
5456
5453
5436
5430
5426
5422
5418
5416
5414
5411
5407
5399
5397
5394
5389
5377
5370
5367
5361
5358
5352
5348
5347
5345
5343
5338
5327
5322
5321
5320
5319
5318
5314
5314
5313
5310
5309
5296
5294
5294
5290
5287
5285
5279
5275
5267
5251
5251
5251
5243
5243
5242
5242
5238
5237
5228
5227
5225
5223
5215
5212
5210
5208
5204
5203
5202
5197
5195
5189
5181
5180
5174
5163
5157
5146
5144
5133
5130
5126
5118
5112
5111
5102
5100
5098
5098
5094
5093
5082
5080
5078
5077
5076
5074
5074
5071
5059
5040
5035
5035
5034
5034
5021
5018
5017
5016
5013
5009
5008
5002
4996
4995
4989
4987
4981
4966
4966
4953
4951
4951
4948
4942
4941
4937
4935
4932
4932
4931
4929
4926
4925
4923
4921
4920
4916
4909
4908
4898
4897
4893
4891
4887
4886
4886
4885
4885
4884
4880
4876
4870
4867
4859
4859
4858
4852
4852
4851
4834
4834
4829
4826
4823
4821
4818
4807
4801
4790
4787
4786
4774
4772
4770
4762
4761
4743
4741
4727
4722
4714
4712
4711
4689
4688
4677
4675
4675
4674
4669
4664
4656
4655
4643
4642
4640
4631
4630
4616
4616
4612
4609
4609
4603
4594
4591
4584
4579
4569
4569
4564
4559
4551
4548
4547
4546
4543
4542
4540
4539
4537
4536
4533
4527
4525
4520
4520
4518
4506
4505
4505
4503
4497
4497
4495
4491
4483
4471
4467
4439
4437
4437
4437
4436
4427
4422
4420
4412
4411
4408
4402
4401
4398
4396
4389
4388
4382
4378
4378
4373
4369
4366
4365
4359
4358
4354
4353
4352
4351
4349
4345
4345
4342
4337
4337
4335
4333
4333
4319
4317
4314
4313
4304
4301
4298
4296
4296
4293
4292
4286
4285
4281
4279
4269
4261
4253
4253
4239
4237
4237
4231
4224
4219
4217
4217
4213
4211
4207
4203
4194
4193
4188
4185
4181
4179
4178
4176
4176
4173
4168
4163
4158
4158
4144
4140
4138
4137
4133
4132
4122
4119
4116
4113
4097
4088
4087
4087
4085
4080
4078
4076
4057
4049
4047
4043
4037
4020
4018
4018
4018
4008
4007
4000
3999
3996
3995
3995
3992
3988
3981
3980
3973
3972
3969
3967
3962
3961
3960
3952
3947
3945
3941
3941
3925
3919
3918
3907
3906
3900
3894
3886
3880
3868
3867
3855
3852
3850
3846
3838
3831
3830
3829
3826
3819
3818
3818
3817
3816
3810
3809
3808
3807
3789
3789
3774
3774
3774
3772
3766
3765
3743
3732
3701
3700
3699
3697
3696
3691
3685
3683
3670
3661
3661
3652
3649
3633
3630
3628
3622
3605
3601
3601
3597
3596
3590
3590
3585
3580
3579
3576
3562
3560
3555
3554
3550
3545
3542
3529
3529
3524
3523
3521
3512
3512
3509
3503
3496
3488
3487
3486
3482
3481
3468
3468
3468
3464
3460
3454
3452
3451
3439
3430
3422
3419
3416
3416
3408
3405
3402
3401
3392
3385
3368
3365
3364
3355
3354
3353
3353
3348
3342
3340
3336
3330
3329
3324
3323
3313
3309
3304
3289
3285
3284
3277
3273
3271
3261
3257
3256
3254
3251
3248
3248
3244
3240
3239
3239
3236
3236
3230
3217
3212
3205
3205
3202
3196
3188
3185
3183
3178
3178
3157
3146
3144
3144
3142
3137
3135
3129
3127
3125
3125
3123
3111
3104
3097
3095
3094
3086
3082
3073
3073
3072
3070
3060
3054
3051
3048
3046
3039
3038
3038
3034
3030
3026
3020
3011
3009
3009
2998
2993
2984
2982
2977
2977
2975
2969
2964
2955
2951
2946
2930
2929
2924
2917
2916
2901
2898
2896
2894
2894
2891
2891
2891
2889
2884
2883
2875
2868
2853
2847
2846
2842
2841
2837
2834
2834
2830
2829
2824
2814
2811
2811
2810
2809
2807
2801
2796
2786
2786
2783
2783
2782
2776
2775
2771
2770
2765
2765
2755
2740
2735
2735
2733
2722
2720
2714
2712
2711
2707
2706
2700
2699
2696
2695
2694
2690
2686
2679
2677
2673
2670
2668
2667
2662
2658
2657
2656
2641
2640
2638
2636
2634
2624
2612
2612
2610
2608
2608
2602
2600
2600
2593
2585
2585
2583
2574
2572
2570
2569
2566
2556
2551
2544
2542
2541
2535
2529
2520
2516
2508
2505
2498
2488
2484
2480
2477
2472
2468
2460
2459
2453
2452
2445
2441
2438
2431
2422
2417
2413
2412
2411
2407
2406
2405
2405
2387
2385
2384
2377
2377
2376
2376
2376
2366
2357
2355
2345
2337
2335
2322
2320
2320
2317
2317
2314
2314
2313
2300
2297
2291
2287
2285
2283
2281
2280
2272
2268
2263
2256
2245
2240
2236
2236
2235
2234
2233
2226
2225
2224
2222
2218
2211
2209
2207
2207
2200
2200
2190
2180
2175
2174
2172
2164
2152
2149
2149
2141
2133
2122
2120
2119
2106
2101
2100
2092
2088
2084
2069
2068
2063
2059
2057
2057
2047
2043
2036
2030
2030
2030
2016
2010
2004
2003
1999
1998
1990
1983
1981
1978
1977
1972
1972
1971
1968
1965
1961
1960
1958
1956
1954
1952
1951
1949
1947
1945
1942
1942
1940
1939
1936
1933
1932
1928
1924
1919
1916
1910
1909
1905
1904
1902
1897
1897
1894
1894
1892
1891
1887
1887
1880
1879
1873
1863
1858
1855
1854
1853
1851
1844
1839
1833
1828
1822
1819
1814
1811
1810
1808
1803
1801
1792
1790
1788
1787
1783
1767
1765
1763
1762
1761
1760
1757
1757
1734
1728
1726
1724
1722
1722
1721
1720
1713
1708
1706
1690
1689
1686
1683
1678
1660
1651
1648
1635
1632
1631
1617
1613
1596
1594
1592
1591
1586
1585
1577
1575
1571
1569
1565
1563
1558
1556
1555
1546
1540
1533
1530
1528
1523
1521
1521
1516
1515
1514
1514
1509
1500
1492
1484
1483
1479
1479
1478
1469
1468
1452
1443
1438
1434
1430
1428
1426
1422
1421
1419
1410
1405
1392
1391
1389
1388
1377
1371
1367
1366
1365
1364
1352
1351
1349
1348
1345
1334
1331
1324
1323
1319
1316
1306
1302
1301
1300
1295
1294
1284
1269
1266
1266
1264
1255
1251
1250
1250
1246
1239
1237
1236
1230
1223
1217
1217
1211
1208
1203
1202
1195
1194
1192
1180
1175
1168
1166
1150
1130
1130
1128
1121
1121
1113
1113
1105
1098
1095
1093
1089
1087
1086
1080
1077
1072
1058
1051
1049
1039
1039
1036
1036
1035
1029
1027
1025
1024
1020
1013
1003
1001
999
992
985
984
963
955
954
953
948
946
943
941
936
925
916
911
905
904
894
891
890
888
887
886
877
875
873
872
867
867
865
865
861
860
857
854
852
846
845
843
836
833
828
826
821
818
817
810
807
798
795
790
788
787
781
777
775
775
771
756
750
748
741
736
733
733
732
730
730
728
727
724
711
710
708
696
695
682
680
675
670
666
664
658
654
651
651
647
645
644
642
636
633
624
621
615
615
611
610
604
598
598
593
584
576
569
565
553
549
546
537
536
523
523
522
513
509
499
491
484
477
473
470
450
450
446
429
429
423
416
397
390
378
370
368
341
328
326
323
314
312
303
301
300
298
297
291
277
276
263
262
257
256
252
248
246
240
237
232
230
228
221
217
216
212
208
192
192
191
184
184
183
172
170
160
154
151
151
142
141
139
135
134
125
124
120
116
114
109
107
105
104
102
100
86
84
80
64
62
58
51
47
45
44
42
40
35
33
23
22
21
19
10
10
-4
-5
-5
-8
-14
-15
-17
-19
-19
-21
-32
-34
-36
-40
-42
-42
-49
-51
-53
-71
-77
-77
-77
-84
-86
-86
-89
-94
-99
-103
-108
-109
-110
-116
-117
-117
-117
-125
-128
-129
-133
-134
-134
-142
-149
-151
-155
-162
-165
-166
-169
-171
-180
-184
-185
-189
-190
-190
-193
-199
-202
-204
-205
-218
-233
-235
-237
-240
-240
-241
-243
-251
-257
-273
-279
-290
-291
-291
-294
-295
-296
-297
-311
-317
-321
-338
-349
-357
-359
-360
-366
-373
-376
-386
-389
-391
-391
-401
-405
-406
-408
-415
-417
-424
-424
-425
-430
-436
-438
-441
-445
-447
-449
-455
-455
-456
-457
-461
-464
-470
-480
-504
-513
-514
-521
-533
-534
-535
-543
-555
-559
-564
-564
-569
-571
-578
-580
-580
-581
-581
-582
-584
-587
-587
-589
-592
-598
-599
-599
-601
-602
-607
-610
-613
-618
-618
-622
-629
-630
-632
-634
-638
-638
-638
-642
-651
-653
-654
-661
-669
-670
-674
-676
-680
-682
-682
-685
-687
-688
-690
-692
-718
-721
-727
-727
-731
-734
-738
-739
-739
-742
-743
-748
-749
-754
-756
-762
-763
-767
-776
-779
-779
-784
-788
-789
-790
-798
-803
-806
-810
-814
-815
-816
-817
-818
-833
-834
-836
-839
-844
-844
-846
-848
-850
-850
-851
-853
-863
-867
-874
-877
-880
-885
-890
-890
-891
-897
-898
-903
-907
-909
-909
-911
-915
-920
-924
-932
-938
-938
-940
-950
-950
-950
-951
-954
-959
-962
-967
-971
-997
-997
-1007
-1023
-1028
-1039
-1048
-1049
-1053
-1060
-1069
-1075
-1077
-1078
-1085
-1086
-1096
-1098
-1100
-1100
-1106
-1111
-1114
-1124
-1133
-1136
-1137
-1143
-1147
-1147
-1148
-1156
-1159
-1161
-1167
-1170
-1170
-1172
-1181
-1185
-1186
-1187
-1192
-1194
-1195
-1195
-1196
-1197
-1199
-1201
-1203
-1208
-1217
-1219
-1223
-1234
-1240
-1243
-1249
-1251
-1262
-1265
-1267
-1274
-1277
-1278
-1281
-1289
-1296
-1301
-1306
-1308
-1308
-1309
-1311
-1319
-1321
-1322
-1328
-1331
-1335
-1339
-1340
-1352
-1374
-1381
-1387
-1403
-1406
-1409
-1409
-1410
-1413
-1414
-1415
-1425
-1427
-1430
-1432
-1443
-1446
-1447
-1458
-1467
-1472
-1473
-1478
-1482
-1487
-1488
-1490
-1492
-1495
-1495
-1503
-1506
-1510
-1512
-1513
-1526
-1527
-1527
-1532
-1539
-1543
-1546
-1548
-1553
-1562
-1563
-1568
-1572
-1576
-1578
-1582
-1585
-1587
-1588
-1596
-1600
-1602
-1608
-1609
-1613
-1613
-1619
-1623
-1630
-1639
-1655
-1658
-1660
-1662
-1676
-1681
-1690
-1694
-1695
-1701
-1702
-1704
-1708
-1709
-1711
-1715
-1717
-1725
-1726
-1727
-1728
-1728
-1730
-1731
-1735
-1735
-1738
-1744
-1747
-1755
-1762
-1767
-1770
-1778
-1778
-1780
-1781
-1786
-1797
-1800
-1805
-1806
-1818
-1822
-1827
-1828
-1835
-1837
-1840
-1844
-1846
-1852
-1852
-1863
-1869
-1870
-1871
-1875
-1888
-1898
-1909
-1916
-1930
-1932
-1937
-1945
-1948
-1948
-1949
-1949
-1950
-1953
-1955
-1968
-1980
-1983
-1988
-1991
-2002
-2005
-2006
-2006
-2010
-2017
-2017
-2018
-2019
-2029
-2031
-2033
-2037
-2037
-2042
-2055
-2056
-2058
-2071
-2073
-2081
-2092
-2095
-2098
-2099
-2101
-2112
-2119
-2120
-2123
-2123
-2129
-2131
-2137
-2146
-2149
-2149
-2158
-2161
-2161
-2164
-2164
-2166
-2176
-2178
-2178
-2189
-2194
-2194
-2199
-2210
-2213
-2213
-2216
-2217
-2222
-2228
-2240
-2240
-2244
-2273
-2280
-2286
-2286
-2289
-2290
-2291
-2294
-2296
-2304
-2305
-2315
-2325
-2328
-2342
-2349
-2350
-2360
-2362
-2363
-2371
-2379
-2385
-2386
-2393
-2396
-2405
-2414
-2417
-2418
-2426
-2431
-2432
-2437
-2440
-2445
-2446
-2448
-2458
-2461
-2463
-2468
-2469
-2469
-2473
-2474
-2474
-2475
-2475
-2478
-2479
-2479
-2492
-2493
-2503
-2505
-2513
-2524
-2532
-2544
-2545
-2555
-2560
-2565
-2566
-2570
-2571
-2572
-2576
-2578
-2588
-2589
-2591
-2593
-2594
-2594
-2595
-2601
-2602
-2604
-2606
-2611
-2611
-2613
-2620
-2627
-2630
-2634
-2635
-2635
-2636
-2642
-2642
-2643
-2647
-2651
-2669
-2672
-2679
-2687
-2695
-2704
-2709
-2721
-2732
-2747
-2747
-2751
-2759
-2767
-2768
-2770
-2771
-2773
-2777
-2779
-2780
-2786
-2799
-2803
-2804
-2807
-2807
-2810
-2813
-2816
-2819
-2821
-2822
-2825
-2827
-2838
-2843
-2844
-2851
-2859
-2861
-2861
-2868
-2868
-2868
-2873
-2880
-2907
-2915
-2919
-2919
-2921
-2921
-2926
-2928
-2936
-2937
-2938
-2941
-2942
-2946
-2946
-2948
-2952
-2953
-2955
-2955
-2958
-2960
-2965
-2966
-2968
-2969
-2977
-2979
-2981
-2984
-2992
-2994
-3002
-3005
-3011
-3017
-3017
-3021
-3025
-3028
-3028
-3030
-3032
-3034
-3037
-3057
-3063
-3070
-3074
-3077
-3079
-3080
-3083
-3087
-3101
-3101
-3104
-3105
-3107
-3112
-3117
-3117
-3119
-3122
-3122
-3126
-3129
-3137
-3142
-3149
-3154
-3161
-3171
-3174
-3176
-3176
-3181
-3183
-3186
-3192
-3200
-3202
-3204
-3222
-3225
-3225
-3229
-3230
-3232
-3233
-3239
-3240
-3242
-3244
-3249
-3261
-3261
-3265
-3270
-3273
-3279
-3282
-3288
-3290
-3296
-3298
-3305
-3318
-3323
-3329
-3336
-3344
-3350
-3353
-3357
-3362
-3365
-3369
-3369
-3380
-3384
-3387
-3393
-3393
-3399
-3402
-3409
-3410
-3413
-3415
-3420
-3423
-3423
-3425
-3431
-3432
-3435
-3435
-3449
-3449
-3455
-3456
-3461
-3462
-3462
-3466
-3466
-3469
-3474
-3477
-3480
-3482
-3484
-3484
-3495
-3512
-3517
-3517
-3522
-3524
-3525
-3527
-3530
-3532
-3537
-3545
-3549
-3550
-3551
-3551
-3555
-3562
-3565
-3566
-3567
-3571
-3592
-3613
-3617
-3619
-3627
-3627
-3629
-3631
-3632
-3634
-3636
-3637
-3644
-3645
-3645
-3651
-3651
-3651
-3652
-3653
-3656
-3656
-3657
-3659
-3660
-3664
-3666
-3675
-3677
-3682
-3683
-3688
-3699
-3703
-3704
-3704
-3717
-3719
-3724
-3729
-3732
-3736
-3755
-3755
-3759
-3764
-3770
-3775
-3791
-3797
-3799
-3802
-3806
-3808
-3808
-3811
-3816
-3818
-3819
-3824
-3835
-3836
-3840
-3840
-3845
-3847
-3847
-3853
-3858
-3859
-3859
-3863
-3873
-3874
-3875
-3875
-3886
-3889
-3893
-3902
-3902
-3903
-3905
-3906
-3909
-3910
-3913
-3915
-3922
-3937
-3944
-3945
-3946
-3964
-3980
-3981
-3981
-3982
-3987
-3987
-3988
-3989
-3989
-3993
-4000
-4001
-4003
-4008
-4010
-4018
-4019
-4023
-4024
-4026
-4038
-4050
-4057
-4059
-4059
-4062
-4063
-4065
-4079
-4082
-4084
-4086
-4091
-4099
-4100
-4107
-4111
-4112
-4117
-4120
-4125
-4126
-4129
-4134
-4137
-4138
-4142
-4150
-4153
-4154
-4154
-4154
-4154
-4156
-4166
-4168
-4170
-4172
-4196
-4204
-4214
-4214
-4219
-4248
-4252
-4252
-4260
-4263
-4267
-4269
-4270
-4273
-4274
-4281
-4283
-4286
-4286
-4288
-4292
-4298
-4299
-4300
-4301
-4301
-4304
-4314
-4316
-4336
-4338
-4356
-4358
-4371
-4372
-4381
-4388
-4394
-4402
-4405
-4406
-4411
-4411
-4412
-4415
-4420
-4425
-4426
-4427
-4430
-4433
-4436
-4440
-4441
-4451
-4452
-4454
-4458
-4468
-4470
-4478
-4479
-4479
-4480
-4482
-4487
-4487
-4497
-4497
-4500
-4505
-4507
-4524
-4529
-4529
-4530
-4533
-4533
-4536
-4546
-4549
-4551
-4561
-4564
-4565
-4568
-4585
-4593
-4594
-4597
-4600
-4601
-4605
-4625
-4632
-4636
-4637
-4638
-4656
-4664
-4664
-4667
-4668
-4679
-4682
-4688
-4701
-4704
-4704
-4704
-4706
-4709
-4715
-4720
-4724
-4728
-4730
-4732
-4739
-4741
-4746
-4754
-4761
-4763
-4766
-4766
-4768
-4771
-4775
-4783
-4789
-4804
-4808
-4816
-4817
-4819
-4824
-4824
-4827
-4835
-4836
-4841
-4849
-4854
-4863
-4868
-4877
-4882
-4883
-4890
-4891
-4900
-4903
-4906
-4907
-4909
-4909
-4918
-4929
-4938
-4938
-4944
-4949
-4951
-4954
-4966
-4971
-4979
-4980
-4983
-4983
-4986
-4993
-5007
-5026
-5027
-5033
-5033
-5033
-5036
-5047
-5049
-5050
-5051
-5051
-5053
-5062
-5066
-5069
-5074
-5077
-5080
-5081
-5081
-5084
-5084
-5085
-5093
-5101
-5106
-5123
-5135
-5139
-5144
-5146
-5149
-5152
-5155
-5160
-5166
-5170
-5171
-5172
-5186
-5189
-5194
-5208
-5208
-5213
-5213
-5214
-5216
-5216
-5217
-5220
-5226
-5232
-5235
-5241
-5243
-5248
-5249
-5252
-5253
-5254
-5257
-5260
-5260
-5267
-5268
-5269
-5269
-5272
-5280
-5286
-5292
-5305
-5319
-5328
-5347
-5349
-5353
-5361
-5364
-5369
-5373
-5381
-5383
-5389
-5391
-5394
-5404
-5414
-5416
-5428
-5446
-5446
-5448
-5451
-5458
-5466
-5470
-5477
-5478
-5501
-5502
-5504
-5504
-5504
-5510
-5513
-5524
-5525
-5525
-5528
-5529
-5529
-5532
-5533
-5535
-5538
-5543
-5547
-5553
-5554
-5555
-5556
-5559
-5559
-5568
-5577
-5580
-5583
-5584
-5588
-5592
-5592
-5597
-5598
-5602
-5606
-5608
-5610
-5614
-5620
-5626
-5630
-5634
-5635
-5637
-5648
-5649
-5654
-5658
-5658
-5662
-5670
-5671
-5674
-5676
-5677
-5681
-5682
-5682
-5683
-5696
-5698
-5703
-5704
-5704
-5707
-5713
-5716
-5719
-5728
-5738
-5744
-5744
-5745
-5748
-5757
-5759
-5770
-5772
-5772
-5773
-5781
-5781
-5781
-5785
-5786
-5789
-5789
-5794
-5800
-5801
-5812
-5819
-5835
-5839
-5848
-5848
-5853
-5854
-5857
-5867
-5875
-5882
-5884
-5889
-5891
-5893
-5901
-5908
-5910
-5912
-5926
-5928
-5929
-5944
-5945
-5946
-5950
-5954
-5960
-5962
-5966
-5972
-5974
-5986
-5987
-6005
-6007
-6008
-6014
-6014
-6021
-6022
-6023
-6027
-6049
-6050
-6054
-6054
-6066
-6072
-6078
-6079
-6087
-6089
-6091
-6092
-6101
-6113
-6125
-6131
-6133
-6134
-6142
-6154
-6157
-6158
-6160
-6166
-6167
-6168
-6172
-6177
-6179
-6186
-6187
-6189
-6192
-6194
-6194
-6200
-6216
-6217
-6220
-6236
-6237
-6240
-6241
-6244
-6245
-6246
-6248
-6255
-6255
-6256
-6261
-6269
-6270
-6271
-6280
-6284
-6285
-6293
-6294
-6295
-6298
-6298
-6312
-6313
-6313
-6317
-6321
-6322
-6322
-6325
-6327
-6327
-6330
-6335
-6335
-6337
-6343
-6344
-6344
-6352
-6355
-6365
-6365
-6369
-6375
-6385
-6386
-6392
-6401
-6404
-6405
-6409
-6412
-6416
-6429
-6431
-6433
-6445
-6447
-6452
-6453
-6459
-6459
-6464
-6464
-6467
-6469
-6475
-6476
-6476
-6502
-6505
-6517
-6519
-6523
-6526
-6528
-6531
-6532
-6539
-6547
-6547
-6551
-6554
-6557
-6558
-6566
-6568
-6568
-6579
-6582
-6584
-6604
-6617
-6621
-6629
-6631
-6658
-6660
-6669
-6672
-6673
-6683
-6684
-6695
-6699
-6700
-6703
-6711
-6715
-6734
-6750
-6755
-6755
-6758
-6767
-6774
-6778
-6779
-6781
-6792
-6792
-6798
-6799
-6801
-6807
-6807
-6809
-6817
-6822
-6824
-6827
-6828
-6828
-6829
-6834
-6850
-6855
-6857
-6858
-6858
-6859
-6862
-6862
-6865
-6865
-6868
-6868
-6869
-6870
-6871
-6884
-6888
-6889
-6889
-6891
-6897
-6901
-6903
-6908
-6912
-6925
-6934
-6938
-6945
-6951
-6960
-6961
-6966
-6969
-6970
-6980
-6982
-6996
-6996
-7010
-7020
-7027
-7027
-7029
-7032
-7034
-7037
-7041
-7045
-7047
-7050
-7055
-7055
-7056
-7057
-7065
-7076
-7078
-7088
-7089
-7093
-7095
-7101
-7101
-7103
-7109
-7111
-7121
-7122
-7125
-7126
-7130
-7133
-7133
-7134
-7136
-7137
-7149
-7154
-7158
-7175
-7176
-7178
-7179
-7181
-7182
-7184
-7194
-7196
-7199
-7204
-7210
-7220
-7226
-7232
-7232
-7243
-7245
-7252
-7253
-7254
-7258
-7269
-7270
-7273
-7276
-7293
-7294
-7296
-7297
-7297
-7300
-7300
-7300
-7304
-7304
-7305
-7315
-7318
-7326
-7328
-7329
-7329
-7338
-7345
-7346
-7354
-7365
-7368
-7373
-7382
-7384
-7384
-7385
-7387
-7390
-7390
-7392
-7394
-7396
-7397
-7397
-7397
-7402
-7409
-7410
-7412
-7437
-7442
-7445
-7452
-7453
-7461
-7467
-7469
-7469
-7475
-7477
-7489
-7493
-7494
-7499
-7499
-7501
-7504
-7505
-7507
-7522
-7528
-7535
-7543
-7547
-7549
-7549
-7549
-7555
-7564
-7572
-7572
-7573
-7574
-7583
-7584
-7585
-7589
-7589
-7597
-7603
-7625
-7626
-7639
-7640
-7653
-7659
-7660
-7676
-7679
-7684
-7694
-7700
-7705
-7711
-7714
-7729
-7731
-7735
-7737
-7749
-7749
-7768
-7769
-7769
-7773
-7781
-7783
-7788
-7789
-7796
-7798
-7801
-7811
-7815
-7837
-7840
-7841
-7842
-7845
-7848
-7849
-7852
-7858
-7860
-7862
-7864
-7869
-7875
-7877
-7883
-7885
-7886
-7891
-7892
-7897
-7898
-7899
-7909
-7912
-7913
-7917
-7918
-7918
-7930
-7934
-7949
-7951
-7955
-7961
-7962
-7969
-7975
-7977
-7981
-7984
-7991
-8009
-8010
-8014
-8019
-8021
-8024
-8025
-8026
-8036
-8039
-8044
-8046
-8057
-8058
-8059
-8059
-8067
-8072
-8072
-8075
-8075
-8082
-8084
-8085
-8086
-8089
-8093
-8098
-8102
-8104
-8108
-8113
-8117
-8131
-8132
-8132
-8133
-8134
-8143
-8146
-8156
-8160
-8161
-8168
-8169
-8169
-8176
-8178
-8178
-8184
-8192
-8197
-8197
-8203
-8212
-8227
-8228
-8229
-8232
-8233
-8234
-8235
-8235
-8237
-8241
-8243
-8244
-8245
-8246
-8249
-8252
-8255
-8256
-8256
-8259
-8259
-8260
-8262
-8272
-8276
-8279
-8280
-8289
-8292
-8302
-8304
-8307
-8311
-8314
-8314
-8320
-8324
-8331
-8336
-8338
-8340
-8341
-8342
-8345
-8350
-8354
-8357
-8357
-8359
-8362
-8368
-8368
-8370
-8373
-8375
-8378
-8379
-8382
-8392
-8411
-8424
-8432
-8432
-8445
-8446
-8456
-8460
-8462
-8465
-8465
-8466
-8469
-8472
-8473
-8474
-8475
-8477
-8480
-8482
-8482
-8483
-8488
-8493
-8494
-8500
-8506
-8506
-8514
-8524
-8525
-8526
-8529
-8529
-8532
-8536
-8542
-8544
-8545
-8550
-8556
-8558
-8559
-8564
-8574
-8576
-8581
-8583
-8587
-8588
-8593
-8598
-8599
-8599
-8602
-8606
-8627
-8629
-8630
-8634
-8634
-8637
-8638
-8640
-8642
-8646
-8650
-8654
-8654
-8655
-8665
-8666
-8688
-8695
-8698
-8703
-8704
-8709
-8710
-8711
-8715
-8717
-8722
-8723
-8724
-8730
-8730
-8730
-8736
-8741
-8750
-8751
-8768
-8768
-8771
-8771
-8777
-8779
-8779
-8787
-8791
-8793
-8793
-8800
-8805
-8808
-8811
-8814
-8814
-8819
-8822
-8828
-8834
-8838
-8842
-8846
-8852
-8855
-8859
-8861
-8865
-8871
-8879
-8882
-8886
-8893
-8897
-8908
-8915
-8915
-8917
-8919
-8921
-8934
-8937
-8951
-8954
-8958
-8958
-8958
-8961
-8961
-8964
-8970
-8974
-8976
-8987
-8988
-8989
-8994
-8995
-8999
-8999
-9002
-9003
-9011
-9013
-9019
-9024
-9026
-9026
-9029
-9033
-9038
-9039
-9049
-9049
-9052
-9057
-9061
-9066
-9067
-9075
-9080
-9088
-9090
-9090
-9095
-9104
-9110
-9113
-9125
-9125
-9127
-9131
-9131
-9138
-9142
-9143
-9150
-9163
-9168
-9178
-9182
-9185
-9190
-9190
-9203
-9205
-9222
-9223
-9225
-9249
-9253
-9262
-9264
-9278
-9279
-9284
-9285
-9285
-9301
-9305
-9309
-9309
-9314
-9315
-9316
-9330
-9335
-9338
-9340
-9344
-9346
-9358
-9362
-9363
-9365
-9366
-9376
-9385
-9391
-9394
-9397
-9400
-9406
-9407
-9419
-9427
-9428
-9428
-9428
-9433
-9433
-9435
-9436
-9438
-9444
-9446
-9448
-9450
-9458
-9458
-9461
-9462
-9462
-9465
-9470
-9471
-9476
-9487
-9497
-9501
-9502
-9503
-9508
-9508
-9523
-9523
-9528
-9530
-9530
-9537
-9541
-9543
-9543
-9545
-9550
-9568
-9570
-9570
-9571
-9574
-9578
-9582
-9594
-9595
-9597
-9600
-9603
-9604
-9609
-9612
-9617
-9621
-9629
-9637
-9639
-9640
-9646
-9648
-9670
-9670
-9672
-9674
-9682
-9693
-9700
-9700
-9707
-9708
-9708
-9711
-9722
-9727
-9727
-9739
-9741
-9748
-9749
-9753
-9755
-9756
-9759
-9767
-9769
-9787
-9791
-9799
-9800
-9802
-9809
-9810
-9812
-9827
-9832
-9834
-9835
-9838
-9839
-9840
-9843
-9851
-9857
-9858
-9859
-9870
-9871
-9875
-9878
-9886
-9888
-9892
-9900
-9910
-9927
-9927
-9932
-9934
-9937
-9940
-9947
-9952
-9955
-9961
-9963
-9973
-9975
-9981
-9986
-9990
-9993
-10000
