1
5
8
12
17
19
22
25
28
31
31
33
33
35
40
41
44
45
45
45
47
48
49
50
51
52
53
55
55
56
60
61
62
64
65
67
68
69
70
71
72
73
76
78
79
80
84
84
87
96
96
97
98
99
100
104
104
105
107
108
112
113
113
116
121
123
123
127
127
129
131
137
142
142
143
146
154
154
154
155
156
159
159
163
171
173
175
180
189
189
189
189
189
200
204
206
207
214
218
220
221
222
223
224
226
227
228
234
238
244
249
250
253
259
261
261
265
265
265
271
281
283
286
289
289
293
294
298
308
312
315
318
319
319
320
325
326
327
331
331
339
340
342
342
343
344
349
351
353
355
358
364
369
371
373
374
376
388
390
391
394
400
404
405
405
406
412
412
414
415
420
421
423
424
434
435
438
447
451
453
453
454
458
465
465
468
472
472
473
481
483
485
488
493
493
494
498
500
504
505
506
507
509
510
513
513
516
518
520
521
524
526
526
527
527
527
529
530
535
541
542
546
547
551
551
556
558
565
571
572
573
576
576
578
579
580
585
587
591
592
593
598
601
605
606
616
618
622
626
626
626
626
628
631
635
635
635
636
637
638
638
639
639
639
645
646
648
648
650
654
656
661
661
665
665
666
667
668
670
674
676
677
679
685
686
687
689
690
692
694
696
700
704
708
709
712
716
716
717
721
724
725
731
731
733
737
737
742
742
743
744
756
758
763
767
769
772
773
775
781
784
787
791
792
796
803
811
811
812
812
816
820
820
820
826
828
830
830
832
833
835
837
847
849
849
850
851
851
856
859
862
863
866
869
874
875
876
878
880
883
886
886
886
889
890
890
893
893
894
897
902
902
903
906
906
909
911
911
917
919
921
922
925
927
927
928
933
934
936
937
938
940
942
942
944
944
944
945
945
947
949
950
951
955
957
965
967
968
969
969
970
971
972
975
978
980
981
981
982
986
986
993
997
997
998
999
1000
1001
1003
1007
1008
1009
1009
1010
1013
1016
1019
1021
1026
1027
1027
1030
1032
1033
1033
1033
1036
1038
1042
1048
1052
1054
1062
1064
1066
1066
1067
1070
1071
1073
1074
1075
1076
1076
1077
1083
1085
1086
1087
1089
1092
1095
1096
1097
1100
1103
1103
1104
1104
1107
1116
1121
1122
1122
1123
1132
1133
1137
1140
1141
1144
1148
1149
1152
1153
1157
1160
1161
1161
1163
1166
1168
1173
1175
1178
1179
1179
1180
1182
1186
1188
1191
1193
1196
1197
1198
1199
1200
1200
1201
1206
1211
1213
1214
1216
1221
1224
1224
1225
1230
1236
1237
1239
1239
1243
1243
1244
1249
1249
1253
1254
1259
1260
1263
1265
1266
1268
1273
1276
1278
1281
1281
1282
1283
1287
1290
1290
1293
1294
1295
1297
1300
1301
1301
1302
1303
1304
1305
1305
1306
1307
1309
1310
1313
1318
1321
1325
1330
1332
1342
1345
1345
1346
1355
1355
1357
1360
1362
1362
1363
1367
1368
1370
1372
1373
1374
1375
1375
1380
1382
1382
1386
1388
1392
1393
1397
1400
1400
1400
1402
1403
1404
1405
1415
1418
1419
1422
1423
1440
1445
1446
1449
1452
1455
1458
1461
1462
1475
1477
1478
1479
1486
1488
1489
1491
1497
1498
1503
1507
1514
1516
1520
1523
1524
1526
1527
1528
1531
1532
1535
1536
1542
1548
1549
1556
1562
1562
1563
1567
1570
1579
1580
1588
1590
1592
1598
1603
1603
1603
1609
1611
1615
1623
1625
1629
1633
1651
1652
1652
1656
1656
1658
1659
1659
1662
1672
1673
1678
1681
1685
1686
1690
1694
1694
1695
1698
1698
1700
1708
1708
1708
1709
1710
1715
1719
1719
1721
1723
1724
1724
1727
1732
1734
1735
1740
1741
1742
1742
1746
1748
1748
1748
1755
1770
1773
1774
1778
1778
1783
1788
1789
1791
1793
1794
1796
1797
1802
1804
1805
1807
1807
1808
1808
1810
1812
1812
1816
1819
1820
1820
1821
1823
1824
1826
1828
1829
1833
1836
1837
1837
1838
1840
1840
1841
1842
1842
1843
1843
1849
1851
1853
1858
1860
1861
1861
1862
1869
1872
1872
1873
1874
1882
1882
1883
1883
1885
1886
1889
1902
1903
1906
1906
1907
1908
1909
1912
1912
1917
1929
1930
1934
1934
1941
1943
1947
1954
1954
1959
1963
1965
1967
1969
1971
1972
1973
1974
1977
1981
1983
1986
1988
1989
1990
1992
1994
1994
1998
2005
2007
2008
2016
2019
2020
2022
2024
2026
2028
2036
2039
2040
2042
2043
2043
2049
2049
2052
2053
2053
2055
2055
2056
2061
2063
2066
2068
2068
2069
2072
2073
2078
2079
2082
2083
2083
2096
2096
2098
2108
2113
2119
2121
2127
2128
2132
2137
2137
2141
2141
2142
2147
2152
2153
2154
2158
2159
2167
2169
2169
2170
2172
2173
2177
2180
2182
2182
2183
2183
2183
2188
2192
2196
2198
2201
2208
2212
2214
2214
2218
2218
2221
2221
2222
2224
2229
2230
2232
2233
2234
2234
2235
2235
2240
2246
2250
2250
2251
2251
2254
2258
2258
2261
2264
2266
2271
2273
2274
2278
2281
2282
2284
2286
2287
2292
2292
2295
2297
2301
2302
2304
2310
2313
2314
2314
2315
2317
2322
2330
2333
2334
2334
2335
2335
2337
2340
2343
2348
2350
2350
2350
2351
2356
2357
2363
2369
2369
2373
2374
2374
2374
2378
2379
2380
2383
2391
2393
2394
2397
2400
2404
2405
2405
2408
2409
2413
2414
2414
2417
2418
2423
2423
2429
2433
2461
2462
2463
2466
2470
2470
2472
2474
2475
2476
2476
2477
2479
2482
2487
2489
2490
2492
2495
2495
2497
2501
2508
2509
2509
2512
2513
2516
2516
2517
2517
2518
2522
2533
2534
2536
2538
2544
2545
2548
2551
2552
2553
2558
2559
2560
2560
2560
2561
2563
2564
2564
2565
2566
2571
2580
2580
2585
2586
2586
2587
2594
2596
2597
2599
2605
2606
2607
2607
2608
2608
2614
2615
2615
2616
2616
2618
2618
2621
2623
2624
2624
2624
2626
2626
2627
2631
2635
2636
2636
2640
2641
2641
2652
2652
2655
2656
2659
2660
2660
2663
2664
2664
2668
2670
2677
2677
2691
2691
2695
2698
2700
2704
2705
2706
2709
2713
2717
2719
2720
2724
2724
2728
2732
2736
2737
2739
2741
2741
2742
2744
2745
2749
2751
2753
2756
2757
2757
2759
2760
2767
2768
2772
2772
2775
2782
2783
2785
2787
2790
2791
2792
2793
2797
2797
2797
2799
2799
2800
2805
2809
2809
2811
2812
2815
2816
2818
2820
2820
2823
2824
2830
2831
2835
2839
2848
2850
2850
2853
2855
2860
2863
2866
2867
2874
2876
2877
2878
2878
2879
2880
2882
2886
2886
2887
2888
2889
2889
2893
2896
2897
2903
2909
2916
2922
2924
2925
2925
2926
2929
2932
2935
2938
2939
2940
2940
2940
2945
2953
2954
2956
2958
2959
2960
2965
2965
2967
2969
2971
2971
2974
2975
2977
2979
2982
2983
2989
2989
2991
2991
2992
2992
2992
2998
2998
2999
3003
3005
3005
3006
3007
3008
3009
3009
3010
3011
3011
3017
3019
3020
3025
3026
3027
3032
3034
3036
3037
3038
3045
3046
3046
3046
3050
3054
3057
3058
3062
3064
3065
3067
3068
3073
3074
3077
3081
3089
3090
3090
3091
3093
3095
3101
3102
3104
3109
3110
3115
3115
3117
3119
3119
3121
3122
3122
3128
3128
3133
3141
3143
3148
3149
3150
3152
3155
3158
3164
3164
3164
3165
3165
3165
3166
3171
3171
3171
3172
3173
3175
3176
3178
3181
3184
3186
3186
3187
3189
3193
3194
3194
3197
3200
3202
3204
3205
3206
3210
3216
3224
3229
3231
3232
3233
3233
3240
3241
3241
3249
3249
3251
3251
3251
3252
3252
3255
3258
3259
3265
3265
3265
3266
3268
3269
3269
3270
3270
3271
3277
3279
3280
3283
3283
3283
3289
3289
3290
3291
3292
3294
3296
3296
3298
3298
3299
3300
3301
3303
3304
3308
3310
3311
3312
3314
3316
3320
3321
3323
3325
3326
3328
3329
3330
3330
3330
3335
3337
3338
3342
3342
3343
3343
3344
3345
3346
3348
3356
3364
3366
3367
3368
3371
3376
3377
3377
3378
3382
3387
3389
3389
3390
3392
3398
3401
3406
3410
3414
3414
3414
3415
3416
3418
3422
3425
3426
3427
3430
3430
3433
3433
3433
3433
3435
3436
3437
3440
3440
3442
3444
3447
3455
3457
3457
3458
3459
3460
3462
3462
3465
3466
3468
3472
3473
3477
3482
3483
3490
3491
3493
3494
3494
3494
3498
3502
3509
3516
3516
3516
3520
3528
3528
3529
3529
3532
3535
3536
3536
3538
3539
3541
3542
3542
3546
3553
3554
3556
3556
3558
3559
3560
3561
3567
3567
3568
3571
3572
3573
3576
3577
3577
3579
3580
3585
3588
3591
3591
3592
3592
3594
3595
3604
3605
3605
3611
3613
3620
3621
3622
3626
3626
3626
3627
3629
3631
3633
3633
3634
3641
3642
3645
3656
3656
3660
3662
3663
3665
3668
3670
3674
3675
3677
3677
3682
3682
3685
3687
3687
3689
3690
3698
3704
3707
3708
3710
3711
3715
3717
3717
3719
3721
3721
3723
3724
3725
3726
3729
3730
3730
3732
3733
3736
3737
3738
3744
3745
3751
3751
3756
3756
3757
3758
3758
3761
3761
3762
3763
3764
3770
3771
3773
3773
3777
3785
3790
3795
3804
3804
3807
3810
3810
3816
3816
3818
3818
3820
3827
3830
3832
3832
3835
3838
3839
3843
3844
3844
3846
3848
3851
3852
3852
3855
3858
3858
3860
3863
3865
3866
3874
3874
3876
3878
3883
3883
3888
3889
3889
3892
3893
3896
3900
3907
3908
3908
3913
3914
3915
3915
3917
3918
3922
3924
3927
3928
3929
3931
3931
3933
3933
3936
3939
3940
3941
3946
3947
3951
3955
3955
3960
3962
3962
3962
3963
3963
3966
3973
3975
3976
3976
3977
3984
3985
3990
3990
3991
3991
4001
4003
4003
4003
4006
4009
4010
4011
4016
4019
4020
4024
4025
4026
4026
4028
4028
4033
4035
4037
4040
4042
4042
4044
4048
4049
4050
4055
4056
4058
4060
4066
4071
4072
4073
4073
4078
4078
4081
4082
4084
4084
4086
4088
4088
4092
4092
4100
4102
4105
4105
4106
4106
4109
4111
4116
4118
4120
4122
4122
4123
4123
4125
4125
4126
4129
4130
4130
4131
4131
4131
4134
4136
4137
4139
4145
4147
4148
4149
4150
4154
4156
4160
4162
4165
4167
4168
4170
4171
4175
4176
4176
4178
4182
4182
4186
4188
4189
4192
4194
4199
4199
4203
4206
4208
4208
4208
4212
4213
4213
4214
4216
4220
4220
4221
4221
4222
4223
4224
4224
4225
4226
4229
4230
4232
4236
4237
4240
4248
4254
4255
4256
4258
4259
4264
4265
4270
4273
4276
4279
4280
4282
4292
4298
4302
4304
4306
4307
4309
4313
4315
4321
4327
4327
4328
4331
4332
4337
4339
4340
4344
4345
4347
4348
4350
4357
4357
4359
4360
4362
4378
4384
4387
4387
4387
4388
4389
4391
4393
4399
4399
4404
4407
4410
4410
4417
4418
4419
4424
4425
4431
4436
4439
4440
4440
4441
4441
4444
4445
4447
4448
4451
4452
4452
4457
4460
4464
4465
4474
4475
4476
4479
4484
4488
4496
4498
4499
4502
4511
4511
4513
4514
4515
4516
4517
4525
4526
4529
4530
4537
4539
4542
4544
4546
4547
4549
4550
4551
4553
4554
4554
4555
4556
4556
4557
4560
4564
4564
4570
4571
4572
4578
4578
4589
4592
4596
4597
4601
4602
4605
4606
4607
4610
4611
4611
4613
4613
4613
4614
4615
4618
4620
4621
4621
4623
4630
4632
4636
4637
4651
4652
4652
4653
4653
4655
4658
4663
4664
4665
4666
4668
4670
4672
4676
4679
4683
4685
4687
4688
4689
4691
4692
4692
4694
4695
4695
4698
4707
4707
4709
4712
4713
4713
4713
4715
4718
4718
4721
4724
4726
4727
4727
4730
4733
4734
4736
4739
4743
4745
4746
4746
4748
4751
4754
4755
4756
4762
4762
4763
4768
4769
4773
4777
4777
4787
4788
4790
4792
4799
4800
4801
4803
4809
4811
4812
4815
4816
4820
4821
4822
4822
4823
4824
4825
4832
4834
4835
4836
4836
4837
4841
4844
4846
4846
4849
4850
4850
4851
4851
4851
4854
4859
4865
4866
4867
4868
4869
4871
4871
4872
4879
4882
4883
4888
4888
4889
4889
4891
4896
4899
4901
4903
4907
4910
4916
4916
4919
4922
4924
4924
4927
4927
4930
4932
4933
4933
4940
4941
4944
4949
4952
4953
4959
4971
4971
4974
4975
4977
4977
4979
4980
4983
4985
4990
4994
4996
4999
5002
5003
5007
5007
5019
5030
5031
5032
5036
5037
5039
5042
5043
5045
5046
5051
5053
5057
5057
5059
5060
5063
5065
5065
5067
5069
5072
5075
5079
5079
5080
5082
5082
5083
5085
5086
5086
5086
5088
5090
5092
5095
5097
5099
5101
5106
5107
5107
5107
5108
5109
5113
5114
5115
5116
5117
5118
5118
5119
5124
5125
5126
5126
5127
5128
5136
5138
5142
5147
5149
5152
5154
5159
5159
5159
5161
5164
5164
5166
5167
5168
5170
5177
5177
5180
5181
5183
5184
5185
5187
5187
5192
5193
5194
5199
5207
5210
5210
5212
5214
5214
5218
5218
5224
5224
5227
5227
5229
5229
5231
5231
5234
5236
5238
5239
5239
5242
5246
5247
5248
5253
5254
5255
5258
5258
5259
5260
5261
5266
5275
5275
5275
5282
5284
5289
5289
5292
5292
5299
5304
5304
5307
5310
5314
5316
5319
5321
5323
5329
5329
5330
5335
5337
5341
5341
5343
5343
5345
5348
5349
5350
5353
5357
5357
5359
5360
5362
5364
5368
5373
5377
5381
5385
5388
5388
5388
5388
5388
5389
5390
5391
5392
5396
5397
5398
5398
5405
5405
5405
5407
5409
5409
5415
5415
5422
5425
5429
5434
5437
5441
5443
5446
5449
5451
5458
5464
5469
5471
5472
5475
5475
5476
5476
5477
5478
5479
5480
5481
5482
5483
5484
5485
5486
5486
5488
5491
5494
5496
5496
5497
5500
5506
5512
5514
5514
5516
5516
5516
5516
5520
5522
5522
5523
5535
5536
5539
5541
5544
5546
5549
5550
5552
5556
5564
5568
5571
5572
5574
5577
5577
5578
5578
5581
5581
5581
5582
5587
5590
5592
5593
5596
5608
5611
5616
5619
5622
5622
5622
5622
5622
5627
5627
5628
5628
5630
5634
5635
5636
5638
5639
5640
5644
5645
5647
5648
5651
5657
5659
5659
5660
5662
5669
5671
5672
5672
5676
5678
5679
5679
5680
5681
5689
5693
5699
5701
5701
5702
5704
5705
5710
5713
5715
5715
5719
5723
5724
5727
5729
5731
5731
5733
5735
5735
5743
5748
5748
5749
5751
5752
5753
5760
5761
5762
5768
5769
5770
5771
5771
5772
5776
5777
5777
5778
5779
5782
5784
5784
5787
5788
5789
5789
5796
5798
5804
5806
5807
5807
5809
5810
5814
5819
5827
5831
5833
5834
5834
5836
5841
5842
5845
5846
5846
5850
5851
5852
5853
5854
5856
5856
5857
5858
5859
5863
5864
5864
5869
5872
5875
5876
5879
5881
5886
5887
5888
5889
5890
5891
5892
5893
5895
5897
5900
5901
5901
5902
5904
5905
5914
5915
5919
5925
5926
5935
5938
5939
5939
5940
5948
5949
5951
5952
5963
5967
5971
5973
5975
5975
5976
5977
5977
5979
5983
5983
5983
5985
5985
5987
5988
5989
5992
5994
5996
6001
6003
6009
6010
6011
6018
6022
6024
6026
6026
6027
6030
6034
6034
6034
6034
6036
6037
6039
6042
6043
6044
6044
6052
6055
6057
6058
6066
6082
6083
6086
6089
6091
6095
6095
6101
6104
6110
6112
6113
6115
6117
6118
6125
6127
6129
6133
6136
6138
6140
6140
6144
6147
6150
6154
6155
6159
6160
6161
6162
6166
6166
6167
6169
6177
6183
6189
6190
6191
6191
6192
6196
6198
6201
6203
6209
6210
6220
6221
6223
6232
6235
6239
6240
6241
6242
6243
6246
6247
6249
6249
6252
6252
6255
6256
6261
6262
6264
6264
6265
6270
6279
6279
6281
6282
6283
6283
6285
6285
6286
6295
6300
6301
6301
6302
6303
6304
6305
6306
6307
6308
6308
6309
6311
6311
6312
6313
6314
6315
6316
6316
6317
6318
6319
6319
6319
6320
6330
6330
6331
6331
6332
6332
6336
6340
6341
6347
6348
6351
6354
6354
6358
6362
6363
6365
6365
6367
6368
6371
6375
6376
6377
6377
6378
6388
6389
6392
6392
6396
6399
6405
6406
6410
6414
6415
6415
6418
6425
6429
6431
6432
6435
6436
6438
6439
6440
6445
6450
6455
6456
6456
6458
6459
6461
6462
6463
6464
6465
6465
6466
6468
6469
6469
6478
6478
6479
6480
6481
6482
6487
6492
6493
6494
6494
6494
6497
6498
6498
6498
6506
6507
6508
6509
6510
6510
6512
6513
6516
6521
6527
6527
6527
6528
6532
6533
6538
6539
6543
6543
6543
6544
6544
6547
6553
6555
6563
6565
6565
6567
6569
6580
6584
6589
6590
6591
6595
6596
6596
6596
6598
6600
6603
6603
6605
6605
6606
6606
6608
6609
6610
6616
6617
6618
6623
6624
6625
6626
6627
6629
6630
6631
6633
6633
6638
6639
6639
6643
6649
6650
6655
6657
6658
6658
6659
6662
6662
6664
6664
6666
6667
6667
6668
6674
6676
6678
6682
6683
6689
6690
6692
6694
6698
6699
6702
6702
6702
6704
6704
6705
6705
6709
6709
6710
6711
6714
6715
6716
6719
6720
6723
6724
6724
6726
6726
6727
6728
6729
6732
6735
6738
6739
6739
6742
6742
6743
6752
6752
6756
6762
6766
6766
6768
6769
6769
6770
6772
6772
6772
6773
6775
6776
6777
6778
6782
6785
6789
6789
6789
6790
6791
6793
6794
6796
6798
6798
6805
6805
6806
6807
6808
6811
6813
6814
6814
6816
6816
6816
6822
6824
6826
6829
6830
6831
6833
6836
6837
6841
6841
6842
6848
6848
6857
6859
6861
6862
6866
6867
6875
6875
6882
6885
6887
6888
6892
6894
6896
6896
6897
6908
6908
6908
6910
6912
6913
6922
6926
6930
6930
6932
6934
6934
6935
6939
6940
6940
6941
6941
6942
6946
6947
6954
6955
6959
6960
6961
6961
6963
6969
6971
6973
6976
6980
6982
6985
6986
6988
6990
6991
6991
6992
6995
6997
6998
6999
7003
7005
7008
7009
7010
7013
7013
7017
7023
7024
7024
7028
7028
7028
7029
7030
7031
7035
7035
7036
7036
7040
7042
7044
7044
7046
7048
7048
7049
7050
7051
7052
7053
7059
7060
7064
7067
7068
7069
7076
7081
7082
7087
7089
7090
7097
7097
7100
7102
7104
7104
7107
7109
7112
7114
7114
7115
7120
7121
7121
7121
7125
7126
7126
7136
7142
7142
7148
7149
7151
7152
7156
7158
7158
7160
7166
7171
7172
7173
7173
7175
7180
7182
7183
7184
7186
7189
7193
7194
7199
7200
7201
7206
7208
7208
7210
7210
7211
7212
7213
7216
7216
7217
7221
7225
7227
7228
7230
7230
7234
7235
7237
7240
7240
7242
7243
7245
7248
7249
7251
7260
7264
7268
7268
7270
7271
7271
7273
7278
7279
7279
7283
7284
7284
7288
7289
7289
7290
7292
7293
7296
7300
7301
7301
7302
7302
7310
7311
7312
7313
7316
7318
7323
7326
7326
7326
7329
7330
7331
7332
7334
7335
7340
7354
7365
7366
7372
7374
7376
7376
7381
7383
7385
7386
7386
7387
7388
7390
7390
7392
7398
7402
7403
7407
7409
7409
7412
7417
7417
7419
7430
7430
7436
7437
7439
7442
7443
7444
7446
7447
7448
7448
7450
7451
7452
7453
7456
7457
7459
7459
7464
7465
7465
7466
7467
7468
7468
7469
7473
7473
7475
7476
7480
7480
7483
7483
7485
7486
7489
7496
7499
7505
7511
7512
7514
7515
7526
7528
7528
7534
7537
7537
7537
7539
7540
7540
7541
7544
7545
7546
7546
7552
7562
7569
7569
7570
7571
7575
7577
7584
7588
7594
7596
7601
7602
7603
7604
7604
7604
7606
7607
7611
7612
7614
7619
7623
7624
7624
7624
7626
7627
7627
7631
7633
7637
7638
7638
7643
7649
7652
7652
7654
7656
7659
7663
7664
7666
7677
7685
7689
7691
7695
7698
7700
7701
7703
7705
7708
7711
7712
7715
7719
7724
7731
7737
7740
7741
7743
7744
7744
7752
7754
7754
7758
7759
7759
7761
7763
7763
7764
7769
7771
7775
7775
7778
7779
7780
7781
7783
7784
7785
7785
7801
7802
7803
7805
7806
7806
7807
7807
7808
7810
7812
7815
7818
7821
7825
7825
7828
7830
7833
7835
7838
7838
7844
7845
7847
7849
7853
7858
7862
7864
7865
7867
7871
7871
7872
7874
7876
7877
7878
7879
7882
7888
7888
7889
7892
7896
7897
7898
7901
7904
7907
7911
7911
7914
7915
7916
7916
7920
7921
7923
7923
7926
7932
7932
7934
7935
7936
7937
7939
7942
7943
7947
7947
7951
7951
7952
7953
7964
7967
7973
7974
7974
7977
7980
7983
7983
7985
7986
7987
7988
7992
7994
7996
8000
8000
8000
8003
8003
8007
8008
8009
8015
8016
8016
8017
8022
8023
8024
8033
8036
8038
8039
8041
8042
8045
8046
8047
8048
8048
8048
8049
8049
8050
8055
8060
8063
8065
8067
8072
8073
8073
8076
8078
8079
8080
8081
8084
8085
8087
8092
8094
8097
8101
8102
8103
8104
8107
8108
8111
8112
8115
8117
8122
8122
8122
8124
8125
8126
8128
8133
8135
8135
8138
8144
8144
8148
8149
8152
8152
8153
8157
8157
8159
8159
8161
8163
8166
8167
8171
8173
8173
8175
8177
8178
8179
8179
8180
8181
8182
8183
8185
8189
8190
8195
8195
8195
8197
8203
8206
8208
8209
8209
8211
8214
8219
8221
8223
8224
8225
8230
8234
8236
8236
8240
8241
8241
8243
8258
8261
8262
8263
8264
8266
8269
8270
8277
8278
8278
8281
8283
8285
8286
8287
8291
8296
8297
8300
8302
8302
8302
8303
8303
8306
8307
8310
8314
8314
8315
8316
8316
8323
8323
8326
8328
8328
8330
8331
8335
8336
8338
8339
8339
8340
8340
8341
8341
8342
8345
8348
8348
8350
8356
8358
8360
8361
8365
8366
8375
8378
8379
8383
8386
8395
8396
8396
8407
8407
8407
8410
8412
8413
8414
8414
8416
8421
8423
8423
8424
8424
8431
8435
8436
8437
8439
8444
8446
8447
8449
8449
8451
8452
8456
8457
8459
8464
8467
8473
8474
8475
8479
8482
8489
8490
8490
8497
8499
8501
8505
8509
8512
8513
8514
8517
8522
8525
8525
8528
8531
8533
8537
8538
8543
8547
8550
8551
8552
8555
8555
8557
8567
8570
8571
8572
8573
8578
8580
8581
8582
8585
8586
8586
8588
8589
8589
8591
8593
8594
8598
8605
8607
8611
8614
8620
8620
8621
8622
8627
8628
8636
8636
8638
8640
8642
8644
8645
8645
8646
8649
8650
8650
8652
8653
8657
8657
8660
8660
8661
8662
8670
8673
8675
8675
8677
8680
8682
8683
8683
8688
8691
8693
8702
8704
8706
8709
8713
8714
8717
8718
8722
8722
8724
8724
8726
8728
8731
8731
8732
8734
8735
8736
8737
8739
8741
8742
8748
8748
8750
8750
8752
8755
8756
8758
8761
8763
8766
8766
8767
8767
8771
8777
8778
8779
8779
8782
8784
8787
8790
8794
8797
8798
8798
8798
8799
8801
8803
8806
8808
8812
8816
8816
8816
8816
8817
8824
8824
8826
8828
8828
8829
8835
8838
8840
8840
8849
8850
8852
8857
8858
8859
8867
8868
8870
8871
8876
8878
8881
8885
8886
8886
8888
8890
8895
8895
8899
8901
8902
8904
8908
8911
8915
8918
8920
8921
8921
8921
8923
8926
8927
8929
8930
8930
8931
8932
8936
8937
8938
8939
8941
8941
8944
8946
8946
8947
8950
8951
8952
8952
8960
8964
8966
8968
8972
8974
8978
8981
8988
8989
8991
8991
8991
8993
8997
8997
8998
9004
9006
9009
9010
9013
9021
9022
9026
9029
9030
9030
9032
9033
9033
9036
9037
9040
9041
9042
9042
9044
9045
9046
9047
9049
9050
9051
9052
9053
9057
9059
9059
9062
9065
9065
9066
9067
9068
9069
9071
9072
9074
9080
9081
9082
9082
9083
9085
9086
9088
9093
9094
9094
9099
9102
9104
9107
9108
9109
9110
9114
9119
9121
9122
9124
9133
9148
9150
9152
9152
9153
9154
9160
9163
9163
9164
9164
9165
9169
9170
9171
9172
9176
9179
9182
9184
9186
9190
9192
9193
9197
9197
9199
9200
9209
9216
9220
9221
9224
9225
9226
9227
9228
9236
9238
9238
9242
9248
9248
9248
9249
9250
9255
9257
9259
9261
9261
9261
9263
9267
9268
9272
9273
9274
9278
9279
9279
9282
9283
9286
9287
9289
9290
9290
9290
9295
9295
9296
9296
9301
9304
9307
9308
9309
9309
9316
9316
9321
9324
9324
9325
9325
9325
9328
9337
9343
9344
9345
9346
9348
9352
9355
9357
9360
9360
9362
9366
9369
9370
9371
9372
9374
9374
9377
9379
9381
9381
9381
9385
9386
9386
9387
9388
9390
9390
9392
9400
9401
9404
9405
9405
9411
9412
9413
9414
9416
9416
9418
9425
9427
9429
9429
9431
9435
9438
9442
9446
9447
9448
9449
9452
9455
9458
9458
9461
9462
9463
9464
9465
9466
9466
9469
9470
9472
9472
9475
9476
9479
9484
9485
9486
9487
9488
9488
9497
9497
9502
9503
9505
9505
9507
9507
9507
9507
9510
9512
9513
9521
9528
9528
9529
9533
9534
9535
9537
9542
9543
9543
9544
9545
9546
9547
9549
9549
9549
9551
9553
9553
9554
9556
9565
9567
9569
9571
9574
9579
9579
9580
9583
9588
9590
9591
9592
9593
9594
9595
9595
9596
9600
9602
9602
9603
9607
9608
9610
9612
9617
9619
9623
9623
9631
9633
9635
9636
9638
9641
9641
9642
9642
9648
9651
9656
9656
9658
9658
9660
9669
9669
9670
9674
9676
9677
9682
9683
9689
9690
9691
9692
9693
9695
9695
9697
9699
9704
9707
9715
9715
9716
9721
9722
9722
9724
9725
9728
9728
9730
9733
9733
9733
9739
9740
9740
9742
9744
9748
9751
9752
9754
9756
9759
9762
9764
9770
9771
9774
9774
9776
9782
9782
9782
9782
9787
9789
9793
9793
9795
9795
9795
9796
9797
9797
9799
9802
9803
9804
9805
9805
9812
9812
9812
9813
9813
9818
9820
9822
9823
9826
9826
9830
9830
9833
9833
9838
9839
9839
9842
9846
9852
9852
9854
9855
9864
9868
9870
9871
9872
9875
9878
9878
9879
9880
9880
9881
9882
9884
9886
9889
9889
9896
9899
9900
9901
9901
9906
9906
9908
9908
9911
9915
9922
9922
9926
9930
9933
9934
9939
9944
9944
9945
9945
9955
9955
9959
9959
9960
9961
9961
9961
9961
9962
9963
9963
9968
9970
9971
9972
9972
9975
9983
9986
9990
9991
9993
9995
9997
