-9998
-9961
-9959
-9940
-9912
-9875
-9871
-9825
-9791
-9789
-9674
-9546
-9514
-9503
-9479
-9448
-9446
-9432
-9427
-9417
-9399
-9383
-9381
-9380
-9380
-9369
-9349
-9242
-9232
-9231
-9217
-9195
-9189
-9077
-9063
-9050
-9031
-8991
-8982
-8971
-8903
-8877
-8826
-8826
-8783
-8693
-8640
-8611
-8600
-8597
-8596
-8565
-8564
-8554
-8542
-8512
-8504
-8501
-8453
-8399
-8392
-8392
-8357
-8329
-8325
-8324
-8310
-8291
-8290
-8277
-8262
-8174
-8170
-8167
-8150
-8119
-8110
-8106
-8101
-8050
-8049
-8042
-8028
-8026
-7965
-7958
-7944
-7941
-7937
-7883
-7878
-7867
-7852
-7846
-7829
-7786
-7779
-7764
-7755
-7755
-7738
-7738
-7728
-7690
-7681
-7677
-7643
-7634
-7626
-7618
-7600
-7577
-7527
-7497
-7490
-7469
-7467
-7437
-7424
-7419
-7416
-7409
-7382
-7316
-7294
-7293
-7278
-7227
-7196
-7155
-7105
-7070
-7068
-7067
-7047
-7038
-6896
-6889
-6876
-6871
-6863
-6823
-6811
-6801
-6796
-6765
-6760
-6754
-6742
-6733
-6708
-6688
-6657
-6643
-6616
-6610
-6600
-6600
-6589
-6577
-6568
-6557
-6543
-6542
-6521
-6498
-6492
-6483
-6440
-6429
-6405
-6404
-6398
-6377
-6370
-6363
-6358
-6348
-6308
-6265
-6229
-6190
-6188
-6175
-6115
-6113
-6083
-6030
-6014
-6010
-5988
-5960
-5913
-5886
-5842
-5834
-5827
-5812
-5809
-5784
-5757
-5743
-5701
-5681
-5677
-5668
-5664
-5656
-5583
-5548
-5526
-5518
-5513
-5501
-5465
-5465
-5439
-5414
-5412
-5353
-5307
-5302
-5299
-5298
-5267
-5265
-5262
-5251
-5225
-5218
-5182
-5152
-5137
-5121
-5073
-5043
-5015
-4981
-4962
-4935
-4935
-4931
-4875
-4869
-4863
-4849
-4843
-4767
-4708
-4705
-4676
-4671
-4669
-4663
-4660
-4649
-4585
-4556
-4549
-4549
-4548
-4506
-4480
-4473
-4469
-4427
-4425
-4323
-4194
-4181
-4151
-4149
-4144
-4137
-4134
-4130
-4044
-4038
-4006
-3974
-3964
-3932
-3910
-3881
-3845
-3838
-3833
-3825
-3808
-3783
-3740
-3669
-3663
-3649
-3594
-3545
-3535
-3531
-3507
-3504
-3503
-3474
-3441
-3440
-3425
-3422
-3393
-3369
-3331
-3323
-3322
-3300
-3285
-3269
-3264
-3154
-3151
-3125
-3098
-3093
-3080
-3049
-2983
-2969
-2954
-2892
-2873
-2858
-2851
-2827
-2809
-2782
-2773
-2770
-2757
-2751
-2741
-2739
-2732
-2718
-2674
-2669
-2663
-2657
-2609
-2589
-2584
-2541
-2493
-2478
-2467
-2435
-2435
-2395
-2392
-2380
-2371
-2357
-2276
-2231
-2231
-2204
-2182
-2173
-2152
-2145
-2131
-2126
-2109
-2099
-2099
-2075
-2051
-2043
-2028
-1936
-1827
-1773
-1767
-1750
-1711
-1707
-1660
-1641
-1603
-1582
-1578
-1576
-1549
-1482
-1453
-1453
-1407
-1406
-1385
-1370
-1341
-1328
-1311
-1284
-1242
-1193
-1192
-1152
-1142
-1128
-1103
-1100
-1100
-1096
-1093
-1066
-1063
-1039
-1033
-1032
-978
-952
-913
-854
-840
-686
-681
-680
-662
-611
-592
-569
-563
-558
-458
-440
-432
-420
-402
-388
-371
-367
-341
-301
-281
-265
-256
-240
-240
-237
-220
-218
-211
-181
-171
-67
-47
-43
-32
-16
6
11
47
47
88
95
145
169
186
192
243
252
262
264
269
297
310
329
369
373
394
396
414
418
422
423
430
452
461
478
481
561
611
614
622
627
680
687
687
720
720
720
748
794
832
849
864
913
953
974
983
983
1056
1116
1117
1118
1150
1154
1179
1184
1246
1263
1267
1268
1269
1299
1301
1312
1318
1333
1336
1337
1367
1369
1394
1454
1458
1479
1496
1534
1549
1554
1578
1588
1592
1603
1634
1643
1732
1737
1741
1746
1841
1842
1869
1897
1912
1962
1963
1973
2005
2023
2025
2026
2051
2061
2068
2084
2100
2121
2131
2200
2217
2219
2310
2385
2399
2406
2431
2440
2458
2464
2481
2485
2529
2547
2574
2607
2615
2626
2632
2655
2669
2684
2691
2694
2713
2742
2770
2786
2832
2847
2871
2899
2907
2949
2950
2963
2988
2993
3024
3032
3047
3052
3068
3090
3121
3135
3145
3148
3148
3160
3175
3187
3196
3218
3225
3243
3267
3294
3310
3326
3410
3423
3504
3526
3534
3549
3589
3618
3620
3634
3645
3651
3655
3663
3670
3678
3725
3754
3785
3785
3793
3796
3807
3831
3843
3884
3918
3922
3929
3932
4031
4053
4086
4126
4150
4152
4187
4208
4248
4251
4265
4269
4272
4346
4373
4399
4414
4435
4436
4442
4455
4469
4474
4504
4553
4556
4572
4595
4609
4639
4668
4699
4715
4721
4724
4726
4739
4800
4811
4813
4818
4832
4901
4909
4923
4980
4982
5002
5012
5016
5033
5044
5070
5105
5121
5134
5144
5195
5272
5290
5311
5313
5343
5399
5459
5481
5562
5563
5572
5587
5595
5603
5621
5683
5695
5700
5706
5718
5722
5734
5751
5753
5755
5810
5835
5846
5851
5859
5888
5895
5896
5916
5931
5937
5952
5954
5968
5973
5973
6109
6142
6162
6191
6195
6215
6235
6251
6274
6277
6292
6305
6365
6367
6379
6393
6410
6411
6457
6483
6491
6496
6559
6582
6585
6637
6643
6709
6760
6784
6787
6801
6836
6854
6861
6872
6989
7001
7029
7060
7062
7062
7085
7121
7176
7194
7194
7233
7253
7276
7315
7344
7359
7367
7373
7389
7434
7460
7501
7526
7534
7547
7555
7558
7561
7598
7659
7669
7681
7683
7728
7732
7749
7754
7773
7777
7777
7781
7809
7823
7851
7887
7964
8014
8031
8077
8097
8099
8145
8177
8208
8290
8310
8314
8321
8342
8358
8360
8397
8456
8457
8462
8464
8477
8478
8518
8549
8556
8563
8569
8586
8591
8607
8608
8612
8615
8619
8657
8666
8689
8720
8726
8746
8748
8802
8847
8860
8863
8882
8882
8937
8940
8949
8954
8965
8976
8999
9015
9047
9050
9058
9078
9105
9110
9115
9129
9136
9181
9187
9193
9195
9237
9262
9287
9287
9328
9331
9361
9364
9407
9433
9463
9488
9506
9511
9568
9574
9616
9643
9677
9701
9726
9771
9776
9786
9805
9821
9868
9880
9914
