9998
9996
9995
9994
9990
9990
9989
9987
9987
9986
9986
9984
9984
9983
9983
9983
9981
9981
9980
9979
9979
9979
9978
9978
9977
9975
9974
9971
9971
9971
9966
9963
9960
9959
9957
9956
9954
9952
9951
9950
9949
9949
9947
9946
9945
9945
9945
9943
9943
9942
9941
9938
9937
9937
9936
9936
9931
9930
9929
9927
9926
9922
9921
9921
9920
9920
9919
9915
9914
9913
9913
9913
9911
9911
9910
9910
9909
9908
9907
9905
9904
9903
9903
9902
9902
9901
9901
9900
9900
9899
9898
9898
9895
9894
9893
9891
9890
9890
9890
9890
9889
9888
9888
9887
9887
9886
9882
9882
9882
9881
9877
9877
9875
9873
9873
9872
9872
9872
9871
9871
9871
9870
9868
9868
9868
9867
9867
9867
9866
9864
9864
9863
9861
9860
9860
9858
9857
9856
9854
9853
9853
9848
9847
9846
9846
9846
9845
9845
9843
9842
9842
9840
9839
9838
9837
9837
9836
9834
9834
9834
9833
9833
9833
9832
9831
9830
9828
9828
9828
9827
9827
9825
9825
9825
9824
9823
9823
9822
9820
9819
9819
9819
9816
9815
9815
9814
9812
9812
9812
9809
9809
9809
9808
9806
9804
9803
9803
9803
9802
9801
9801
9801
9799
9797
9796
9794
9793
9793
9793
9793
9792
9792
9792
9785
9784
9784
9783
9783
9783
9782
9782
9781
9779
9778
9777
9774
9771
9771
9770
9769
9768
9766
9765
9765
9765
9764
9761
9760
9759
9758
9757
9757
9757
9756
9756
9755
9754
9753
9752
9751
9750
9750
9749
9748
9748
9746
9746
9744
9743
9743
9742
9741
9741
9737
9737
9737
9734
9734
9733
9730
9729
9727
9727
9726
9726
9725
9724
9723
9723
9722
9722
9721
9716
9715
9715
9714
9714
9714
9711
9709
9709
9707
9706
9705
9705
9703
9701
9698
9697
9697
9697
9696
9693
9693
9692
9692
9691
9690
9689
9689
9686
9684
9683
9683
9683
9683
9683
9682
9682
9681
9679
9679
9679
9678
9678
9674
9670
9670
9667
9665
9664
9664
9663
9662
9662
9661
9661
9660
9655
9655
9655
9654
9654
9653
9652
9651
9651
9650
9649
9649
9648
9647
9644
9643
9641
9640
9640
9635
9633
9633
9633
9630
9629
9627
9624
9622
9619
9618
9618
9615
9613
9613
9612
9612
9611
9606
9605
9604
9603
9603
9603
9603
9599
9599
9596
9596
9594
9591
9590
9589
9587
9587
9586
9586
9585
9585
9583
9583
9583
9583
9582
9582
9581
9581
9576
9575
9575
9574
9572
9572
9572
9570
9570
9570
9570
9567
9565
9565
9562
9561
9560
9558
9558
9557
9557
9556
9553
9553
9552
9552
9551
9549
9549
9548
9547
9546
9543
9543
9541
9538
9538
9535
9534
9533
9533
9532
9532
9531
9531
9527
9527
9527
9527
9525
9524
9524
9522
9520
9520
9519
9515
9514
9513
9513
9512
9512
9511
9511
9510
9508
9508
9506
9506
9505
9505
9504
9502
9499
9499
9498
9498
9496
9495
9492
9492
9490
9490
9484
9483
9482
9481
9480
9479
9478
9475
9475
9474
9473
9472
9472
9472
9471
9469
9466
9466
9465
9465
9462
9462
9462
9461
9461
9461
9461
9458
9458
9457
9456
9455
9455
9454
9454
9449
9449
9449
9448
9448
9447
9447
9446
9445
9445
9443
9443
9442
9442
9442
9441
9439
9438
9438
9437
9437
9436
9436
9436
9436
9435
9432
9432
9431
9431
9430
9428
9426
9424
9421
9418
9417
9417
9414
9414
9413
9412
9411
9410
9410
9408
9407
9406
9405
9404
9400
9398
9396
9394
9393
9391
9390
9390
9387
9384
9383
9383
9382
9380
9378
9378
9378
9377
9375
9375
9375
9370
9369
9369
9366
9366
9365
9365
9364
9363
9359
9358
9356
9356
9355
9355
9353
9344
9344
9343
9343
9342
9342
9341
9340
9340
9338
9338
9338
9338
9337
9337
9336
9332
9332
9330
9329
9329
9327
9327
9325
9324
9323
9323
9322
9318
9316
9315
9315
9312
9312
9312
9311
9311
9309
9308
9308
9307
9307
9306
9305
9304
9303
9303
9301
9301
9297
9297
9295
9293
9292
9292
9292
9290
9290
9289
9289
9288
9287
9287
9286
9285
9283
9283
9283
9282
9282
9279
9277
9276
9275
9275
9274
9274
9272
9271
9271
9267
9265
9264
9263
9262
9262
9259
9259
9258
9256
9255
9255
9255
9254
9254
9254
9254
9252
9250
9248
9247
9246
9246
9245
9240
9239
9238
9235
9233
9233
9231
9228
9228
9228
9227
9227
9225
9222
9219
9217
9216
9216
9215
9214
9212
9209
9208
9207
9204
9202
9201
9201
9198
9195
9195
9194
9193
9193
9193
9192
9192
9190
9190
9189
9187
9187
9186
9186
9185
9181
9181
9179
9178
9176
9173
9172
9172
9171
9170
9169
9169
9169
9168
9165
9165
9162
9161
9161
9160
9160
9154
9151
9149
9147
9147
9147
9146
9145
9144
9142
9141
9141
9133
9133
9131
9130
9129
9129
9129
9129
9128
9128
9128
9127
9126
9124
9124
9123
9122
9120
9117
9116
9115
9114
9114
9112
9111
9111
9111
9108
9106
9105
9104
9104
9100
9099
9098
9097
9097
9096
9096
9095
9093
9092
9092
9092
9090
9090
9087
9086
9082
9080
9079
9077
9077
9076
9076
9075
9074
9073
9073
9072
9070
9069
9066
9065
9064
9064
9063
9062
9061
9061
9060
9059
9058
9057
9057
9056
9055
9054
9052
9051
9051
9051
9050
9050
9049
9048
9047
9044
9041
9041
9041
9040
9040
9040
9038
9038
9037
9036
9036
9033
9031
9031
9031
9029
9028
9028
9027
9027
9023
9021
9020
9020
9019
9018
9018
9018
9017
9017
9012
9008
9007
9007
9004
9003
9001
8999
8999
8997
8996
8994
8992
8990
8990
8989
8989
8989
8987
8985
8984
8984
8982
8982
8982
8982
8981
8981
8981
8980
8980
8980
8980
8979
8978
8977
8977
8976
8975
8974
8974
8973
8973
8972
8971
8971
8970
8970
8968
8968
8968
8967
8967
8961
8961
8961
8957
8956
8956
8954
8952
8950
8950
8950
8950
8950
8948
8948
8947
8945
8944
8944
8943
8941
8941
8941
8939
8939
8938
8937
8937
8936
8936
8935
8931
8928
8926
8925
8925
8924
8923
8923
8918
8917
8917
8916
8911
8911
8910
8909
8906
8906
8902
8902
8901
8899
8899
8898
8898
8896
8895
8895
8893
8893
8892
8888
8882
8882
8880
8875
8872
8872
8871
8870
8869
8869
8869
8867
8867
8866
8863
8860
8860
8858
8856
8855
8853
8852
8852
8851
8850
8847
8846
8845
8845
8843
8842
8842
8840
8839
8838
8838
8837
8836
8836
8836
8832
8832
8831
8830
8829
8828
8827
8824
8824
8823
8822
8822
8821
8819
8817
8817
8816
8815
8815
8814
8814
8810
8810
8807
8806
8806
8806
8803
8802
8801
8798
8798
8796
8796
8794
8793
8793
8792
8791
8791
8790
8788
8788
8784
8784
8783
8782
8781
8781
8779
8779
8779
8778
8777
8776
8776
8776
8773
8773
8771
8771
8768
8768
8768
8766
8765
8763
8763
8761
8760
8759
8758
8757
8756
8756
8755
8754
8754
8754
8752
8750
8750
8749
8748
8745
8744
8744
8743
8742
8742
8742
8741
8740
8740
8739
8739
8739
8738
8738
8733
8731
8730
8728
8726
8726
8726
8726
8726
8725
8724
8724
8722
8719
8719
8714
8714
8714
8714
8713
8713
8712
8711
8709
8709
8707
8706
8703
8703
8703
8701
8700
8699
8699
8696
8696
8696
8695
8693
8689
8685
8684
8683
8682
8680
8679
8678
8677
8676
8675
8674
8673
8667
8666
8665
8664
8662
8660
8659
8657
8656
8656
8649
8649
8648
8645
8645
8643
8642
8640
8640
8639
8638
8638
8636
8635
8635
8634
8634
8634
8632
8632
8632
8631
8630
8629
8628
8627
8627
8627
8626
8626
8625
8624
8623
8623
8622
8620
8618
8617
8615
8614
8614
8613
8611
8611
8610
8610
8609
8608
8607
8606
8605
8603
8603
8603
8602
8600
8599
8599
8598
8598
8597
8597
8597
8596
8596
8596
8595
8594
8591
8590
8590
8589
8588
8587
8587
8585
8584
8584
8582
8580
8580
8576
8576
8575
8574
8574
8573
8573
8573
8572
8571
8570
8570
8567
8565
8557
8556
8556
8555
8553
8552
8552
8551
8549
8549
8548
8548
8547
8547
8546
8545
8545
8544
8544
8543
8543
8543
8542
8540
8539
8538
8537
8536
8535
8535
8533
8533
8533
8532
8532
8531
8529
8524
8523
8523
8523
8522
8521
8520
8519
8518
8517
8516
8514
8512
8511
8511
8510
8509
8509
8509
8508
8508
8507
8506
8505
8500
8499
8498
8496
8493
8493
8491
8491
8488
8483
8481
8480
8478
8476
8476
8475
8472
8467
8467
8466
8466
8465
8464
8463
8463
8460
8459
8457
8456
8456
8455
8451
8451
8450
8450
8447
8445
8445
8444
8443
8442
8440
8440
8440
8439
8438
8438
8438
8432
8431
8431
8430
8429
8428
8426
8423
8422
8420
8419
8419
8416
8412
8412
8412
8411
8411
8409
8409
8407
8406
8406
8405
8404
8402
8401
8401
8401
8400
8400
8398
8397
8397
8396
8396
8396
8394
8393
8393
8392
8391
8390
8387
8387
8385
8385
8382
8381
8380
8380
8378
8378
8377
8375
8375
8373
8373
8373
8371
8370
8369
8368
8365
8365
8363
8357
8356
8354
8353
8353
8353
8352
8351
8351
8349
8349
8347
8346
8343
8343
8341
8339
8339
8339
8336
8335
8335
8334
8330
8329
8328
8328
8325
8324
8321
8319
8318
8317
8317
8316
8316
8316
8316
8315
8314
8314
8310
8310
8308
8307
8306
8305
8303
8303
8299
8299
8299
8297
8295
8295
8294
8294
8294
8293
8293
8292
8291
8289
8287
8284
8281
8280
8280
8280
8276
8274
8274
8273
8272
8271
8271
8270
8268
8267
8265
8264
8261
8260
8260
8260
8259
8258
8257
8257
8257
8256
8255
8254
8254
8253
8250
8250
8248
8248
8247
8245
8245
8244
8241
8240
8240
8240
8238
8237
8237
8236
8234
8233
8233
8232
8230
8228
8226
8225
8224
8224
8224
8223
8222
8222
8221
8220
8220
8218
8216
8214
8213
8211
8211
8211
8209
8209
8208
8207
8206
8205
8205
8205
8202
8201
8200
8200
8199
8198
8197
8196
8195
8194
8193
8193
8192
8191
8190
8190
8189
8188
8188
8188
8185
8183
8182
8182
8181
8181
8181
8181
8178
8178
8178
8178
8177
8171
8170
8168
8168
8167
8166
8166
8164
8159
8159
8158
8158
8156
8155
8154
8153
8151
8151
8151
8149
8147
8146
8145
8142
8141
8140
8137
8136
8136
8135
8134
8134
8133
8131
8130
8130
8130
8129
8128
8127
8127
8127
8127
8127
8126
8122
8121
8121
8120
8119
8118
8117
8116
8116
8116
8114
8114
8112
8111
8109
8109
8108
8107
8107
8107
8106
8105
8103
8103
8102
8102
8101
8098
8097
8094
8092
8090
8090
8087
8084
8084
8082
8080
8078
8077
8074
8074
8074
8073
8072
8070
8070
8067
8067
8064
8063
8062
8061
8061
8058
8057
8055
8055
8054
8053
8053
8051
8049
8048
8047
8046
8046
8042
8041
8041
8040
8040
8036
8035
8034
8033
8033
8033
8029
8026
8025
8023
8022
8021
8020
8018
8015
8014
8013
8013
8013
8013
8012
8012
8012
8011
8011
8009
8008
8007
8006
8006
8006
8006
8006
8005
8004
8003
8002
8001
7998
7998
7996
7996
7995
7994
7994
7993
7992
7991
7989
7989
7989
7987
7987
7986
7986
7984
7982
7980
7974
7969
7969
7967
7966
7965
7964
7964
7961
7956
7956
7956
7956
7954
7952
7952
7951
7951
7951
7948
7946
7946
7945
7944
7942
7941
7941
7941
7940
7936
7933
7932
7931
7930
7927
7927
7925
7925
7923
7922
7922
7921
7918
7917
7917
7917
7916
7916
7915
7913
7912
7910
7909
7907
7905
7905
7905
7903
7903
7901
7901
7900
7900
7900
7900
7897
7897
7896
7895
7892
7890
7889
7888
7887
7884
7879
7879
7878
7877
7876
7875
7875
7875
7875
7874
7872
7871
7870
7870
7870
7868
7866
7865
7863
7861
7861
7860
7859
7858
7857
7857
7857
7855
7850
7850
7847
7846
7845
7842
7841
7841
7840
7837
7836
7835
7833
7832
7831
7830
7830
7828
7824
7823
7822
7818
7817
7815
7808
7808
7808
7807
7806
7805
7805
7805
7803
7802
7798
7798
7797
7796
7794
7794
7791
7785
7784
7783
7783
7783
7782
7778
7777
7777
7777
7776
7776
7775
7773
7770
7770
7769
7769
7768
7767
7765
7765
7763
7763
7762
7761
7760
7759
7756
7755
7755
7755
7754
7752
7752
7748
7746
7746
7746
7744
7743
7741
7737
7736
7734
7733
7731
7730
7729
7729
7726
7724
7724
7723
7722
7715
7713
7713
7712
7711
7711
7709
7706
7705
7704
7703
7701
7699
7699
7698
7694
7693
7693
7692
7690
7688
7685
7682
7681
7679
7678
7678
7678
7678
7675
7675
7672
7672
7670
7670
7667
7664
7664
7663
7663
7662
7660
7659
7658
7657
7657
7655
7653
7653
7652
7650
7650
7650
7649
7648
7648
7647
7646
7645
7644
7643
7642
7642
7641
7641
7640
7638
7637
7635
7633
7630
7629
7629
7628
7628
7627
7624
7623
7623
7622
7622
7621
7621
7620
7618
7618
7617
7615
7614
7612
7609
7609
7609
7609
7608
7607
7607
7605
7605
7603
7602
7601
7599
7598
7598
7597
7596
7593
7589
7588
7587
7587
7586
7584
7584
7583
7581
7581
7581
7578
7578
7577
7577
7577
7575
7573
7573
7571
7566
7565
7564
7562
7561
7557
7556
7555
7555
7555
7553
7552
7552
7552
7552
7551
7551
7548
7548
7547
7544
7544
7544
7544
7542
7538
7535
7534
7532
7530
7529
7525
7520
7518
7518
7516
7514
7512
7512
7511
7511
7511
7511
7509
7508
7508
7506
7506
7506
7505
7504
7504
7503
7501
7500
7499
7497
7495
7495
7495
7494
7493
7491
7490
7490
7489
7488
7487
7487
7486
7485
7483
7483
7482
7482
7480
7479
7478
7477
7477
7477
7476
7474
7473
7473
7472
7468
7467
7463
7461
7460
7460
7459
7459
7459
7458
7457
7453
7452
7450
7450
7448
7447
7447
7446
7445
7444
7443
7442
7442
7441
7440
7440
7439
7438
7437
7436
7434
7433
7432
7429
7428
7426
7425
7423
7422
7422
7421
7419
7418
7418
7417
7416
7415
7413
7413
7409
7408
7408
7407
7407
7407
7406
7406
7404
7404
7402
7401
7400
7399
7399
7399
7398
7397
7397
7392
7391
7390
7390
7389
7389
7389
7388
7386
7384
7382
7382
7382
7381
7379
7377
7374
7372
7372
7371
7371
7370
7369
7368
7367
7365
7365
7363
7362
7362
7361
7360
7359
7357
7355
7355
7355
7353
7353
7350
7347
7346
7345
7343
7340
7338
7337
7337
7337
7335
7330
7329
7328
7328
7327
7326
7325
7323
7322
7322
7322
7321
7321
7321
7320
7320
7319
7318
7318
7318
7317
7316
7314
7314
7312
7311
7310
7309
7308
7308
7307
7307
7307
7305
7300
7299
7299
7298
7297
7295
7295
7294
7294
7292
7290
7288
7288
7284
7283
7281
7281
7277
7275
7275
7274
7273
7272
7272
7271
7271
7270
7269
7268
7266
7266
7265
7265
7260
7259
7258
7254
7254
7254
7252
7250
7247
7246
7243
7241
7240
7240
7239
7239
7238
7238
7238
7238
7237
7236
7234
7233
7231
7229
7227
7227
7224
7222
7222
7221
7220
7220
7218
7217
7217
7217
7216
7214
7214
7214
7212
7211
7211
7211
7210
7206
7206
7203
7202
7201
7201
7200
7199
7197
7197
7196
7195
7195
7194
7193
7192
7189
7187
7185
7184
7184
7181
7181
7181
7179
7178
7177
7175
7175
7173
7171
7169
7167
7166
7165
7162
7160
7158
7158
7158
7157
7156
7156
7154
7153
7153
7153
7153
7153
7152
7152
7149
7149
7148
7146
7142
7141
7141
7141
7140
7140
7139
7137
7137
7137
7136
7135
7135
7133
7130
7129
7129
7128
7127
7126
7125
7125
7124
7124
7123
7122
7122
7122
7120
7119
7118
7117
7116
7116
7115
7113
7112
7112
7111
7108
7107
7106
7104
7103
7101
7101
7100
7100
7100
7099
7099
7095
7095
7090
7088
7086
7084
7084
7083
7082
7078
7077
7077
7074
7073
7072
7070
7070
7070
7070
7070
7069
7069
7067
7065
7065
7064
7062
7062
7059
7059
7059
7059
7058
7058
7057
7055
7053
7052
7051
7049
7048
7046
7046
7045
7045
7045
7044
7044
7044
7044
7041
7041
7040
7039
7034
7033
7032
7031
7030
7030
7029
7029
7027
7027
7026
7025
7024
7023
7022
7020
7017
7012
7010
7007
7007
7006
7005
7004
7004
7003
7001
7001
6999
6998
6997
6996
6996
6995
6995
6990
6989
6989
6989
6987
6986
6986
6986
6985
6981
6981
6981
6981
6978
6978
6978
6977
6977
6976
6975
6975
6973
6972
6971
6970
6969
6967
6967
6965
6965
6964
6964
6964
6964
6963
6961
6960
6959
6958
6957
6956
6956
6956
6955
6955
6954
6954
6954
6954
6954
6951
6950
6949
6947
6946
6944
6940
6938
6938
6936
6936
6935
6931
6930
6930
6930
6926
6925
6924
6918
6918
6917
6916
6915
6914
6913
6912
6912
6911
6911
6910
6909
6909
6908
6907
6907
6906
6906
6905
6904
6902
6902
6902
6902
6902
6900
6899
6899
6899
6897
6897
6895
6895
6892
6891
6891
6890
6889
6889
6887
6886
6884
6884
6879
6878
6874
6874
6874
6869
6867
6866
6866
6863
6861
6861
6861
6860
6860
6858
6858
6858
6858
6857
6855
6854
6854
6853
6853
6850
6850
6849
6847
6844
6844
6837
6837
6836
6834
6834
6832
6829
6828
6827
6826
6825
6824
6824
6823
6823
6822
6822
6822
6821
6821
6821
6819
6818
6817
6816
6815
6815
6811
6811
6810
6810
6809
6808
6807
6806
6805
6802
6802
6801
6801
6800
6800
6798
6797
6797
6796
6793
6791
6790
6788
6784
6781
6781
6781
6780
6778
6776
6775
6775
6774
6771
6770
6770
6770
6762
6762
6761
6761
6759
6757
6757
6756
6755
6755
6755
6754
6749
6748
6746
6745
6745
6744
6743
6742
6742
6738
6736
6736
6735
6734
6732
6731
6730
6730
6730
6730
6728
6725
6723
6723
6721
6720
6719
6716
6715
6715
6715
6714
6713
6712
6712
6709
6706
6706
6705
6704
6703
6698
6696
6696
6694
6694
6692
6692
6691
6689
6687
6687
6686
6686
6685
6684
6684
6683
6681
6680
6678
6678
6678
6677
6675
6675
6674
6673
6673
6673
6673
6672
6672
6671
6670
6669
6669
6668
6668
6666
6666
6664
6663
6663
6662
6660
6659
6659
6654
6647
6647
6646
6645
6645
6644
6644
6642
6641
6641
6640
6640
6639
6634
6634
6634
6633
6633
6631
6630
6629
6628
6628
6627
6625
6624
6624
6621
6621
6620
6618
6617
6616
6616
6611
6610
6610
6609
6609
6608
6607
6607
6605
6605
6604
6604
6602
6601
6601
6601
6600
6599
6599
6597
6596
6595
6592
6592
6589
6588
6588
6587
6587
6586
6586
6586
6586
6585
6585
6584
6581
6581
6580
6580
6580
6578
6576
6575
6574
6573
6570
6569
6568
6568
6561
6559
6559
6555
6554
6554
6550
6550
6549
6547
6547
6546
6544
6541
6540
6540
6538
6536
6536
6535
6534
6534
6533
6532
6532
6531
6530
6529
6528
6527
6527
6526
6525
6525
6522
6521
6521
6521
6520
6520
6520
6518
6516
6516
6514
6513
6513
6513
6510
6510
6510
6509
6508
6506
6504
6504
6502
6500
6498
6498
6498
6497
6497
6496
6496
6495
6495
6494
6494
6491
6491
6491
6490
6489
6488
6485
6485
6482
6482
6480
6478
6477
6477
6476
6475
6475
6475
6474
6474
6474
6473
6473
6473
6472
6472
6472
6471
6470
6466
6465
6464
6464
6462
6462
6461
6460
6460
6460
6459
6459
6458
6456
6456
6452
6451
6451
6450
6450
6449
6448
6447
6445
6445
6444
6444
6443
6443
6442
6441
6440
6440
6440
6438
6438
6437
6437
6437
6436
6435
6433
6428
6425
6423
6423
6423
6423
6422
6422
6422
6422
6419
6416
6414
6413
6410
6408
6408
6407
6407
6406
6405
6403
6402
6401
6401
6400
6399
6399
6395
6395
6395
6394
6393
6392
6391
6391
6390
6390
6389
6389
6384
6384
6383
6382
6380
6380
6379
6377
6376
6374
6372
6371
6370
6370
6368
6366
6365
6364
6364
6363
6362
6362
6361
6361
6360
6360
6360
6359
6358
6357
6355
6354
6352
6349
6349
6348
6346
6346
6346
6343
6342
6342
6341
6340
6339
6339
6336
6336
6334
6333
6332
6332
6329
6328
6327
6327
6326
6326
6326
6326
6326
6325
6325
6324
6323
6323
6321
6319
6318
6317
6316
6316
6312
6311
6308
6308
6308
6307
6306
6304
6300
6299
6298
6298
6298
6297
6296
6295
6292
6292
6290
6290
6290
6289
6289
6286
6286
6286
6286
6284
6282
6282
6281
6279
6279
6275
6274
6273
6272
6272
6271
6270
6268
6265
6265
6264
6264
6261
6260
6258
6258
6256
6256
6255
6251
6250
6250
6249
6248
6248
6245
6245
6244
6242
6242
6241
6239
6238
6238
6237
6237
6236
6236
6236
6235
6232
6232
6229
6225
6225
6224
6224
6223
6223
6222
6222
6221
6221
6221
6218
6217
6216
6216
6215
6213
6212
6211
6211
6210
6210
6210
6210
6208
6208
6205
6203
6202
6201
6200
6200
6199
6198
6198
6197
6197
6195
6195
6194
6194
6193
6193
6191
6190
6190
6187
6187
6185
6182
6182
6180
6178
6178
6178
6178
6175
6174
6172
6171
6171
6170
6170
6170
6168
6168
6167
6167
6167
6166
6165
6164
6163
6162
6160
6159
6159
6158
6157
6157
6156
6156
6156
6155
6152
6150
6149
6149
6148
6148
6146
6146
6145
6144
6144
6144
6142
6141
6140
6138
6138
6136
6134
6133
6132
6131
6129
6125
6122
6121
6118
6117
6116
6114
6114
6114
6113
6111
6111
6111
6110
6110
6107
6104
6104
6103
6102
6101
6101
6098
6096
6095
6094
6093
6093
6093
6092
6089
6088
6086
6086
6085
6078
6078
6078
6077
6077
6073
6073
6071
6071
6070
6067
6066
6065
6065
6063
6059
6058
6055
6054
6053
6052
6049
6048
6045
6044
6042
6041
6040
6039
6038
6037
6037
6036
6035
6034
6034
6032
6032
6031
6030
6030
6028
6028
6027
6026
6024
6022
6021
6019
6018
6017
6017
6016
6016
6015
6014
6013
6013
6012
6012
6010
6010
6008
6007
6006
6006
6005
6004
6004
6003
6001
6001
6001
6000
6000
6000
5996
5994
5992
5992
5987
5986
5985
5985
5984
5983
5981
5978
5976
5976
5973
5973
5972
5972
5972
5969
5969
5968
5967
5960
5955
5953
5953
5953
5950
5947
5947
5947
5946
5946
5945
5944
5942
5940
5940
5939
5938
5937
5936
5935
5935
5934
5934
5933
5931
5929
5929
5928
5928
5927
5925
5925
5924
5921
5920
5919
5917
5916
5916
5914
5913
5913
5912
5912
5910
5910
5909
5908
5907
5906
5905
5903
5903
5903
5902
5902
5902
5901
5900
5899
5899
5899
5898
5893
5893
5892
5891
5890
5887
5885
5883
5879
5877
5877
5877
5876
5875
5875
5875
5874
5873
5872
5870
5870
5869
5868
5867
5866
5864
5864
5864
5862
5859
5859
5859
5859
5858
5854
5854
5854
5852
5851
5848
5847
5846
5846
5846
5845
5845
5845
5845
5844
5844
5843
5843
5842
5841
5841
5840
5838
5838
5837
5837
5837
5835
5834
5834
5833
5832
5832
5831
5831
5828
5827
5826
5826
5823
5823
5823
5823
5822
5822
5820
5818
5818
5817
5817
5816
5815
5814
5813
5812
5810
5809
5808
5807
5807
5804
5798
5796
5795
5792
5791
5790
5789
5788
5786
5785
5783
5782
5781
5780
5780
5779
5779
5778
5777
5776
5775
5775
5774
5774
5773
5773
5772
5771
5769
5767
5765
5765
5763
5762
5762
5761
5761
5761
5760
5760
5759
5758
5757
5755
5754
5754
5751
5751
5749
5748
5748
5744
5742
5740
5740
5740
5738
5738
5733
5733
5733
5729
5728
5728
5728
5722
5722
5721
5721
5719
5717
5715
5714
5713
5711
5709
5709
5704
5702
5700
5699
5699
5692
5692
5691
5690
5689
5688
5688
5685
5685
5684
5683
5683
5680
5680
5680
5679
5678
5675
5673
5673
5672
5672
5670
5670
5669
5667
5667
5664
5663
5663
5662
5660
5657
5656
5656
5656
5654
5654
5653
5652
5651
5650
5649
5647
5646
5641
5641
5640
5634
5632
5632
5632
5632
5631
5630
5629
5629
5628
5628
5627
5626
5625
5624
5623
5623
5622
5622
5620
5620
5618
5616
5616
5615
5614
5611
5611
5611
5611
5610
5609
5609
5607
5606
5605
5605
5601
5600
5599
5597
5596
5596
5592
5592
5591
5591
5590
5589
5589
5588
5587
5586
5586
5586
5582
5581
5581
5580
5580
5580
5579
5577
5576
5575
5575
5573
5573
5573
5573
5572
5571
5571
5567
5566
5565
5564
5564
5563
5563
5562
5562
5562
5561
5560
5560
5560
5559
5559
5557
5554
5554
5554
5552
5551
5551
5549
5548
5548
5548
5546
5545
5545
5545
5545
5544
5544
5544
5543
5541
5541
5538
5538
5536
5532
5531
5530
5530
5530
5529
5527
5525
5525
5524
5522
5522
5522
5521
5521
5521
5519
5518
5517
5516
5516
5516
5514
5514
5509
5509
5507
5507
5506
5506
5503
5498
5495
5494
5489
5489
5489
5489
5486
5485
5481
5480
5480
5479
5478
5477
5477
5477
5474
5474
5469
5469
5468
5468
5467
5467
5466
5465
5465
5464
5464
5463
5463
5463
5463
5462
5461
5461
5459
5457
5456
5456
5453
5453
5453
5452
5451
5450
5448
5448
5448
5448
5445
5444
5443
5442
5442
5441
5440
5440
5439
5438
5436
5434
5432
5432
5431
5429
5429
5428
5426
5425
5423
5422
5422
5422
5415
5414
5412
5411
5410
5409
5406
5406
5404
5403
5402
5401
5398
5398
5397
5393
5392
5391
5391
5390
5390
5390
5389
5387
5386
5383
5382
5381
5380
5379
5373
5373
5371
5370
5370
5368
5366
5366
5365
5364
5364
5362
5362
5362
5362
5361
5359
5357
5357
5356
5355
5354
5354
5354
5351
5345
5345
5345
5341
5340
5339
5338
5337
5335
5335
5333
5333
5329
5329
5328
5328
5326
5326
5321
5320
5319
5319
5316
5316
5316
5314
5313
5311
5310
5310
5309
5308
5308
5306
5306
5305
5303
5301
5301
5299
5296
5296
5295
5295
5292
5289
5287
5287
5286
5285
5283
5283
5280
5278
5277
5277
5276
5275
5274
5273
5272
5272
5271
5270
5269
5269
5266
5264
5261
5259
5258
5257
5256
5256
5255
5255
5255
5252
5251
5251
5250
5249
5248
5248
5247
5246
5245
5244
5243
5241
5240
5238
5235
5231
5231
5230
5229
5228
5224
5224
5224
5220
5219
5217
5212
5212
5210
5210
5209
5209
5208
5207
5206
5206
5204
5204
5203
5203
5202
5201
5201
5200
5197
5196
5195
5195
5193
5192
5190
5190
5189
5189
5189
5186
5186
5185
5185
5184
5183
5183
5180
5178
5176
5175
5173
5171
5169
5164
5164
5164
5164
5162
5162
5161
5159
5158
5158
5158
5157
5155
5154
5154
5153
5153
5149
5147
5147
5146
5146
5146
5143
5142
5142
5141
5141
5140
5138
5138
5137
5137
5137
5137
5137
5131
5130
5130
5129
5129
5128
5128
5126
5125
5123
5123
5120
5120
5119
5119
5118
5116
5116
5115
5115
5112
5111
5111
5111
5110
5109
5108
5108
5108
5108
5107
5106
5105
5104
5103
5102
5102
5100
5098
5096
5095
5095
5092
5091
5091
5091
5089
5089
5087
5085
5085
5084
5083
5083
5082
5082
5079
5078
5078
5077
5076
5076
5076
5076
5075
5074
5071
5067
5066
5066
5061
5061
5060
5060
5059
5057
5056
5056
5054
5054
5054
5054
5053
5051
5051
5051
5051
5050
5048
5048
5046
5045
5045
5044
5044
5041
5040
5037
5037
5034
5033
5032
5030
5029
5029
5028
5027
5024
5024
5022
5021
5019
5018
5017
5017
5015
5012
5011
5011
5010
5009
5009
5008
5006
5005
5000
5000
4998
4995
4994
4994
4993
4993
4992
4989
4989
4987
4986
4985
4984
4984
4984
4983
4982
4981
4980
4979
4978
4977
4977
4972
4972
4971
4970
4970
4970
4969
4969
4968
4968
4967
4967
4965
4964
4964
4963
4962
4960
4959
4958
4953
4949
4949
4945
4944
4943
4943
4942
4941
4940
4938
4937
4937
4935
4934
4933
4933
4932
4931
4931
4928
4926
4925
4924
4924
4924
4923
4920
4917
4917
4917
4917
4915
4915
4913
4912
4911
4910
4910
4909
4909
4908
4907
4904
4903
4903
4900
4900
4899
4898
4897
4896
4894
4892
4890
4889
4888
4888
4886
4886
4883
4878
4877
4875
4875
4874
4869
4869
4869
4868
4867
4866
4865
4864
4863
4862
4859
4859
4858
4858
4857
4857
4854
4853
4853
4852
4850
4849
4847
4846
4846
4844
4844
4843
4841
4837
4837
4835
4834
4831
4830
4828
4825
4825
4824
4824
4824
4822
4822
4821
4820
4820
4818
4818
4817
4816
4815
4814
4813
4813
4812
4811
4810
4810
4810
4810
4808
4807
4807
4807
4806
4805
4805
4804
4804
4803
4802
4801
4800
4800
4800
4800
4799
4798
4797
4797
4796
4796
4794
4793
4793
4790
4789
4789
4789
4789
4787
4786
4786
4784
4783
4781
4779
4775
4774
4774
4773
4772
4771
4771
4768
4767
4767
4766
4763
4761
4759
4755
4754
4754
4753
4753
4752
4751
4750
4750
4750
4748
4748
4746
4743
4742
4740
4737
4737
4734
4734
4734
4734
4733
4732
4731
4731
4730
4729
4729
4728
4728
4727
4727
4726
4721
4717
4717
4716
4716
4714
4713
4713
4712
4712
4712
4711
4707
4707
4706
4705
4703
4703
4702
4701
4698
4698
4698
4697
4694
4693
4691
4690
4690
4689
4689
4686
4685
4685
4683
4681
4680
4680
4678
4678
4678
4676
4676
4675
4670
4669
4669
4668
4666
4666
4666
4663
4663
4663
4662
4661
4661
4660
4659
4658
4657
4655
4654
4654
4652
4651
4650
4649
4647
4647
4643
4641
4639
4638
4636
4636
4636
4635
4631
4631
4628
4627
4627
4626
4625
4624
4624
4623
4620
4620
4619
4617
4614
4613
4612
4612
4611
4609
4608
4607
4603
4601
4599
4599
4598
4596
4595
4592
4588
4588
4587
4587
4586
4583
4582
4578
4578
4572
4571
4570
4569
4569
4569
4569
4568
4565
4564
4563
4563
4562
4561
4557
4555
4553
4552
4551
4550
4550
4550
4550
4549
4549
4547
4544
4544
4542
4541
4534
4533
4531
4529
4529
4528
4525
4523
4523
4520
4520
4519
4519
4516
4514
4514
4513
4513
4513
4512
4512
4511
4510
4507
4506
4505
4504
4504
4502
4500
4498
4495
4492
4491
4491
4490
4489
4488
4488
4488
4487
4485
4484
4481
4480
4478
4478
4476
4476
4473
4472
4471
4470
4470
4469
4467
4465
4464
4463
4459
4458
4457
4456
4455
4454
4453
4453
4453
4453
4451
4451
4446
4445
4443
4443
4442
4442
4441
4441
4441
4440
4439
4438
4438
4436
4436
4436
4435
4435
4435
4431
4430
4428
4426
4426
4425
4424
4422
4420
4419
4418
4417
4417
4416
4416
4415
4414
4413
4411
4411
4410
4407
4407
4407
4405
4404
4403
4402
4400
4398
4396
4396
4396
4394
4394
4394
4394
4393
4393
4392
4392
4387
4387
4386
4386
4385
4385
4384
4382
4380
4378
4377
4377
4376
4375
4375
4375
4374
4373
4373
4373
4372
4372
4370
4370
4367
4367
4366
4366
4364
4364
4363
4361
4361
4361
4359
4359
4358
4356
4356
4356
4356
4356
4356
4355
4354
4352
4351
4350
4349
4349
4347
4346
4346
4345
4344
4344
4344
4344
4344
4340
4339
4335
4334
4334
4334
4333
4333
4331
4328
4328
4328
4326
4323
4322
4322
4321
4320
4316
4315
4315
4314
4314
4311
4310
4308
4307
4307
4306
4306
4305
4303
4302
4302
4301
4301
4300
4298
4298
4297
4297
4295
4294
4294
4293
4293
4293
4292
4292
4288
4288
4285
4284
4283
4283
4282
4280
4278
4278
4275
4274
4274
4272
4271
4271
4270
4269
4269
4267
4266
4266
4264
4264
4263
4261
4261
4261
4260
4259
4256
4256
4255
4255
4255
4255
4255
4254
4254
4253
4250
4249
4248
4247
4247
4246
4244
4241
4241
4240
4240
4237
4237
4236
4235
4232
4231
4231
4231
4230
4228
4228
4226
4225
4223
4223
4222
4222
4219
4218
4218
4217
4217
4212
4211
4211
4210
4210
4210
4209
4209
4208
4208
4205
4204
4203
4201
4201
4200
4199
4198
4197
4196
4195
4195
4192
4191
4190
4188
4187
4187
4187
4187
4187
4186
4185
4185
4183
4181
4179
4178
4176
4175
4173
4172
4170
4170
4169
4169
4168
4167
4166
4166
4162
4162
4161
4159
4157
4157
4156
4156
4155
4155
4154
4152
4152
4152
4151
4151
4151
4150
4149
4148
4145
4143
4143
4142
4142
4139
4139
4139
4138
4137
4135
4134
4131
4131
4129
4129
4127
4125
4124
4124
4120
4120
4119
4118
4117
4115
4115
4115
4113
4113
4113
4111
4109
4108
4108
4107
4106
4106
4104
4103
4102
4102
4100
4099
4099
4099
4099
4096
4096
4095
4094
4093
4091
4089
4088
4088
4086
4086
4085
4084
4082
4081
4079
4078
4078
4077
4076
4075
4072
4069
4067
4067
4066
4065
4064
4062
4059
4058
4057
4056
4055
4053
4052
4048
4048
4042
4042
4040
4039
4039
4036
4033
4032
4032
4027
4027
4026
4026
4024
4024
4019
4018
4018
4017
4017
4015
4014
4010
4009
4008
4008
4007
4007
4005
4004
4004
4002
4000
3999
3998
3997
3997
3996
3996
3995
3995
3991
3990
3989
3988
3988
3986
3984
3984
3983
3983
3980
3978
3977
3976
3976
3975
3974
3973
3971
3970
3969
3967
3965
3965
3964
3964
3964
3963
3961
3961
3960
3959
3958
3957
3956
3954
3954
3950
3949
3949
3947
3946
3945
3943
3942
3942
3941
3940
3939
3938
3937
3937
3935
3935
3934
3934
3933
3933
3932
3931
3928
3928
3928
3928
3924
3923
3923
3921
3920
3918
3917
3916
3916
3915
3914
3911
3911
3908
3908
3907
3906
3906
3904
3903
3902
3901
3901
3901
3898
3896
3894
3894
3894
3892
3891
3889
3889
3887
3886
3885
3885
3884
3884
3883
3883
3881
3880
3880
3879
3878
3878
3876
3876
3876
3875
3874
3873
3873
3873
3873
3872
3868
3866
3866
3866
3866
3866
3864
3863
3862
3861
3860
3859
3858
3856
3855
3854
3853
3851
3851
3847
3847
3846
3845
3844
3844
3843
3841
3839
3838
3837
3835
3834
3833
3831
3830
3829
3826
3824
3821
3821
3817
3817
3813
3813
3812
3811
3811
3810
3808
3808
3808
3806
3805
3804
3804
3803
3802
3802
3799
3799
3798
3797
3797
3796
3795
3793
3790
3789
3788
3784
3782
3781
3780
3779
3778
3778
3775
3773
3770
3770
3769
3769
3768
3767
3766
3765
3764
3762
3762
3753
3750
3748
3747
3747
3746
3746
3746
3745
3745
3744
3744
3742
3742
3741
3740
3738
3737
3735
3733
3728
3726
3726
3724
3723
3721
3718
3718
3717
3716
3716
3714
3711
3711
3711
3710
3709
3709
3708
3702
3701
3701
3698
3695
3694
3694
3692
3687
3686
3686
3686
3681
3680
3679
3679
3677
3676
3675
3672
3672
3671
3670
3667
3666
3666
3665
3665
3660
3660
3659
3659
3658
3658
3658
3653
3652
3651
3650
3650
3649
3647
3647
3646
3646
3646
3645
3644
3639
3639
3635
3632
3632
3630
3629
3626
3625
3625
3624
3624
3624
3624
3621
3619
3618
3616
3615
3615
3615
3614
3612
3611
3611
3610
3607
3601
3600
3599
3598
3597
3595
3593
3593
3590
3590
3589
3589
3589
3587
3587
3585
3585
3584
3583
3582
3580
3576
3575
3574
3573
3572
3570
3570
3567
3565
3564
3564
3563
3563
3560
3559
3559
3557
3556
3554
3553
3552
3552
3551
3549
3548
3547
3546
3545
3544
3544
3544
3543
3538
3533
3531
3529
3529
3529
3528
3527
3526
3525
3521
3520
3518
3518
3516
3516
3513
3513
3512
3512
3511
3511
3510
3510
3506
3504
3503
3501
3500
3498
3494
3492
3491
3491
3491
3487
3486
3485
3479
3478
3478
3475
3475
3475
3475
3474
3472
3471
3467
3465
3464
3463
3462
3458
3457
3457
3457
3456
3454
3453
3452
3452
3452
3451
3451
3450
3449
3447
3447
3445
3443
3442
3442
3441
3441
3438
3437
3437
3435
3434
3429
3429
3428
3428
3428
3427
3427
3426
3425
3424
3423
3422
3421
3421
3420
3420
3419
3419
3419
3418
3417
3415
3415
3414
3412
3409
3408
3407
3407
3406
3406
3406
3403
3403
3401
3400
3398
3398
3397
3397
3394
3392
3392
3391
3388
3388
3388
3386
3385
3381
3381
3381
3380
3379
3379
3376
3374
3373
3373
3371
3369
3369
3368
3368
3364
3361
3357
3357
3357
3354
3352
3351
3350
3350
3350
3349
3346
3343
3343
3343
3341
3341
3340
3340
3338
3337
3335
3335
3334
3334
3333
3332
3332
3331
3331
3330
3327
3327
3327
3326
3326
3323
3322
3317
3316
3315
3313
3313
3312
3311
3310
3310
3310
3309
3309
3307
3307
3306
3302
3301
3301
3300
3299
3298
3297
3297
3297
3295
3294
3293
3292
3292
3292
3291
3286
3286
3285
3284
3284
3284
3283
3283
3283
3283
3282
3281
3281
3281
3281
3279
3278
3278
3277
3277
3273
3271
3268
3268
3267
3267
3267
3266
3261
3260
3257
3256
3255
3254
3253
3253
3253
3249
3245
3244
3242
3240
3240
3238
3238
3237
3236
3236
3234
3234
3234
3233
3232
3231
3230
3229
3228
3228
3227
3227
3226
3226
3226
3226
3226
3225
3224
3224
3223
3223
3222
3222
3220
3220
3218
3218
3217
3216
3214
3214
3214
3213
3213
3213
3212
3212
3212
3211
3210
3209
3209
3209
3208
3207
3206
3203
3203
3201
3200
3200
3199
3197
3196
3196
3193
3193
3191
3190
3190
3189
3189
3188
3185
3185
3180
3180
3179
3177
3176
3176
3176
3175
3175
3174
3173
3173
3170
3169
3168
3166
3166
3165
3160
3158
3157
3157
3156
3156
3156
3153
3151
3151
3151
3150
3150
3147
3146
3145
3145
3144
3143
3143
3134
3131
3130
3129
3127
3126
3126
3124
3124
3124
3123
3122
3121
3121
3120
3119
3119
3118
3116
3114
3112
3111
3110
3110
3109
3109
3108
3105
3103
3102
3101
3101
3101
3100
3100
3099
3099
3098
3097
3096
3095
3095
3094
3094
3094
3094
3093
3092
3091
3091
3089
3089
3088
3087
3085
3084
3083
3082
3080
3079
3078
3077
3076
3075
3073
3071
3069
3068
3068
3067
3067
3065
3064
3064
3062
3059
3059
3059
3058
3057
3057
3056
3055
3055
3055
3055
3053
3050
3049
3048
3048
3047
3047
3046
3046
3045
3043
3043
3042
3041
3041
3040
3040
3040
3038
3037
3036
3036
3034
3033
3033
3033
3032
3032
3031
3031
3031
3030
3029
3029
3029
3029
3025
3025
3019
3019
3018
3017
3017
3017
3016
3015
3013
3013
3012
3011
3011
3010
3010
3009
3009
3008
3006
3002
2998
2998
2997
2997
2997
2997
2995
2993
2993
2992
2992
2991
2991
2991
2990
2987
2986
2984
2983
2983
2981
2979
2978
2976
2975
2974
2972
2969
2969
2968
2968
2967
2967
2965
2961
2959
2959
2959
2957
2957
2956
2956
2954
2954
2953
2953
2952
2952
2952
2951
2950
2950
2950
2946
2945
2942
2941
2941
2940
2937
2937
2937
2936
2935
2931
2929
2927
2923
2922
2921
2921
2920
2920
2920
2919
2919
2918
2918
2916
2916
2915
2914
2914
2913
2913
2911
2908
2907
2905
2905
2904
2904
2903
2903
2902
2901
2900
2900
2899
2898
2898
2898
2896
2893
2892
2891
2890
2890
2887
2886
2885
2885
2885
2884
2883
2883
2882
2881
2881
2877
2876
2876
2875
2871
2869
2867
2866
2866
2865
2864
2864
2863
2863
2863
2857
2857
2857
2857
2855
2854
2854
2854
2853
2853
2853
2852
2847
2846
2846
2843
2843
2842
2838
2834
2831
2829
2826
2826
2825
2825
2824
2823
2820
2820
2819
2819
2818
2818
2816
2816
2815
2815
2814
2814
2813
2812
2809
2808
2807
2806
2806
2805
2804
2804
2803
2802
2800
2799
2799
2798
2796
2794
2793
2793
2789
2788
2787
2786
2785
2784
2782
2781
2781
2779
2777
2777
2776
2776
2775
2774
2773
2773
2772
2772
2772
2771
2771
2771
2770
2769
2765
2764
2761
2761
2760
2760
2760
2759
2759
2759
2757
2757
2757
2755
2754
2752
2751
2751
2750
2749
2749
2749
2747
2746
2746
2745
2745
2741
2740
2739
2739
2737
2734
2732
2732
2732
2731
2730
2730
2729
2729
2727
2726
2726
2723
2723
2723
2722
2722
2719
2717
2715
2712
2712
2712
2711
2708
2708
2708
2707
2704
2697
2697
2697
2697
2696
2695
2693
2692
2689
2689
2687
2686
2685
2684
2683
2683
2680
2680
2679
2677
2675
2673
2671
2669
2669
2665
2665
2664
2664
2663
2663
2663
2661
2661
2659
2659
2659
2658
2656
2656
2656
2655
2653
2651
2651
2651
2651
2650
2649
2648
2646
2646
2646
2645
2645
2643
2643
2643
2642
2641
2641
2640
2638
2636
2636
2635
2633
2631
2629
2629
2628
2628
2626
2625
2625
2624
2624
2623
2622
2622
2621
2619
2619
2619
2618
2618
2618
2618
2617
2614
2611
2611
2609
2608
2607
2607
2606
2606
2602
2602
2601
2599
2599
2597
2596
2595
2595
2592
2592
2590
2590
2588
2587
2586
2586
2580
2578
2578
2577
2577
2576
2576
2576
2574
2572
2572
2570
2569
2568
2567
2563
2557
2557
2557
2556
2555
2555
2554
2552
2552
2551
2549
2548
2548
2546
2545
2544
2544
2543
2543
2542
2541
2541
2539
2538
2538
2535
2534
2533
2533
2531
2531
2531
2529
2528
2526
2525
2524
2523
2523
2522
2521
2521
2520
2520
2517
2516
2515
2514
2514
2513
2513
2513
2512
2512
2511
2510
2509
2509
2508
2506
2506
2505
2505
2505
2505
2504
2503
2501
2497
2492
2492
2491
2491
2485
2484
2484
2483
2481
2479
2479
2478
2475
2473
2472
2472
2471
2469
2468
2468
2466
2466
2464
2464
2461
2460
2459
2458
2456
2453
2453
2451
2451
2449
2449
2449
2447
2447
2445
2444
2444
2444
2444
2443
2443
2443
2441
2439
2438
2436
2433
2432
2431
2431
2430
2430
2430
2427
2425
2424
2422
2422
2421
2419
2418
2417
2417
2415
2415
2414
2411
2411
2411
2410
2407
2404
2403
2402
2401
2400
2399
2399
2398
2396
2396
2395
2394
2393
2392
2390
2387
2386
2385
2384
2384
2384
2380
2379
2378
2375
2374
2374
2374
2373
2372
2371
2370
2370
2368
2366
2365
2365
2364
2363
2363
2363
2363
2362
2362
2362
2361
2358
2357
2357
2352
2351
2351
2350
2347
2344
2343
2340
2340
2339
2339
2339
2334
2333
2331
2330
2330
2328
2328
2324
2323
2322
2320
2319
2319
2317
2315
2312
2311
2308
2306
2305
2304
2302
2300
2300
2300
2299
2295
2294
2292
2291
2290
2287
2286
2286
2284
2283
2282
2280
2279
2277
2276
2275
2274
2273
2271
2271
2270
2270
2268
2268
2267
2267
2266
2266
2264
2263
2262
2262
2261
2259
2259
2258
2256
2255
2254
2253
2253
2252
2249
2249
2248
2248
2248
2247
2245
2245
2244
2244
2243
2242
2239
2239
2239
2235
2235
2233
2231
2231
2229
2229
2225
2224
2224
2223
2222
2221
2221
2220
2218
2218
2216
2215
2214
2213
2212
2208
2207
2207
2206
2205
2205
2204
2203
2203
2203
2201
2200
2199
2196
2195
2194
2194
2192
2192
2188
2188
2187
2185
2184
2181
2178
2176
2176
2176
2173
2173
2172
2172
2172
2171
2170
2169
2168
2165
2165
2165
2164
2164
2162
2161
2159
2157
2156
2156
2152
2152
2151
2149
2149
2148
2147
2146
2144
2143
2142
2142
2141
2140
2139
2137
2135
2135
2135
2133
2132
2132
2132
2131
2131
2131
2130
2128
2128
2126
2126
2124
2124
2122
2121
2121
2121
2120
2120
2119
2119
2117
2115
2113
2113
2112
2112
2111
2109
2107
2107
2105
2104
2102
2102
2102
2101
2101
2101
2099
2098
2098
2098
2097
2095
2095
2094
2094
2094
2093
2093
2092
2091
2091
2091
2090
2090
2089
2088
2084
2083
2083
2079
2078
2078
2076
2074
2073
2072
2071
2069
2068
2068
2067
2067
2066
2064
2064
2062
2061
2060
2059
2059
2059
2057
2057
2056
2054
2053
2053
2053
2052
2050
2048
2045
2042
2042
2042
2041
2039
2039
2038
2037
2036
2035
2035
2035
2034
2033
2031
2030
2029
2029
2029
2029
2028
2026
2024
2023
2022
2021
2020
2020
2019
2019
2018
2016
2015
2011
2007
2006
2006
2005
2005
2004
2004
2003
1999
1999
1998
1997
1997
1992
1986
1986
1986
1985
1985
1983
1983
1978
1976
1976
1976
1975
1975
1973
1973
1971
1971
1970
1970
1969
1966
1963
1962
1962
1957
1956
1956
1955
1953
1953
1952
1952
1951
1951
1951
1950
1950
1948
1948
1947
1946
1946
1945
1943
1941
1941
1940
1940
1937
1935
1935
1932
1931
1929
1926
1924
1922
1921
1920
1920
1920
1918
1918
1917
1916
1915
1914
1913
1913
1913
1912
1912
1912
1911
1907
1905
1904
1903
1903
1900
1900
1900
1899
1897
1894
1892
1891
1890
1888
1888
1885
1885
1885
1884
1883
1883
1879
1874
1872
1871
1870
1870
1869
1868
1863
1863
1863
1863
1859
1858
1857
1857
1855
1854
1854
1852
1850
1850
1849
1847
1847
1845
1844
1844
1843
1843
1842
1842
1839
1838
1838
1837
1836
1835
1833
1832
1830
1829
1829
1828
1827
1826
1825
1825
1824
1824
1823
1823
1822
1822
1821
1821
1821
1821
1820
1820
1819
1818
1815
1814
1814
1813
1813
1812
1811
1811
1811
1810
1810
1810
1808
1806
1805
1803
1800
1800
1799
1799
1799
1799
1798
1797
1796
1795
1794
1789
1788
1788
1788
1787
1787
1787
1786
1785
1785
1784
1783
1782
1781
1779
1778
1778
1776
1776
1776
1775
1775
1774
1773
1772
1772
1771
1768
1766
1765
1765
1761
1760
1759
1758
1758
1756
1756
1755
1754
1753
1753
1752
1752
1751
1751
1750
1750
1749
1747
1746
1745
1744
1744
1743
1743
1741
1740
1738
1738
1738
1736
1736
1735
1734
1734
1734
1732
1731
1730
1729
1728
1728
1727
1726
1726
1726
1725
1723
1719
1718
1718
1718
1718
1717
1717
1716
1715
1715
1713
1712
1711
1710
1709
1708
1707
1707
1706
1705
1703
1702
1702
1700
1700
1695
1694
1691
1690
1690
1689
1689
1688
1688
1687
1685
1685
1684
1684
1683
1683
1682
1682
1680
1678
1674
1673
1673
1673
1672
1670
1670
1669
1669
1668
1668
1668
1666
1666
1665
1664
1660
1660
1659
1658
1657
1657
1657
1651
1649
1647
1641
1640
1638
1637
1637
1636
1635
1635
1633
1632
1630
1627
1627
1626
1626
1626
1625
1624
1623
1622
1619
1618
1618
1618
1617
1617
1617
1616
1616
1614
1614
1612
1610
1608
1607
1606
1604
1602
1600
1598
1597
1596
1590
1587
1585
1584
1584
1583
1581
1579
1579
1579
1578
1577
1575
1575
1574
1573
1573
1572
1571
1571
1569
1569
1565
1564
1564
1560
1560
1553
1553
1551
1551
1545
1543
1542
1541
1540
1540
1539
1537
1536
1534
1533
1533
1532
1530
1527
1527
1526
1526
1525
1525
1524
1523
1521
1521
1520
1519
1519
1518
1518
1517
1515
1514
1512
1510
1510
1508
1507
1507
1505
1505
1503
1503
1501
1497
1497
1497
1496
1492
1492
1492
1491
1491
1490
1490
1488
1487
1486
1486
1485
1484
1482
1482
1482
1481
1479
1478
1478
1477
1476
1476
1475
1472
1472
1472
1471
1468
1467
1466
1466
1464
1464
1464
1462
1460
1459
1459
1459
1455
1454
1452
1450
1450
1450
1448
1448
1447
1447
1447
1446
1446
1445
1444
1443
1443
1443
1443
1441
1439
1437
1436
1434
1432
1432
1431
1431
1428
1427
1426
1424
1424
1421
1420
1417
1417
1417
1416
1415
1414
1413
1413
1410
1409
1407
1407
1405
1404
1404
1402
1401
1401
1400
1398
1398
1398
1396
1390
1389
1389
1389
1388
1385
1384
1383
1382
1381
1380
1376
1375
1375
1374
1372
1372
1372
1372
1371
1369
1368
1365
1365
1364
1363
1362
1362
1361
1361
1361
1355
1355
1354
1354
1353
1352
1352
1351
1350
1348
1347
1347
1346
1345
1345
1345
1344
1343
1343
1342
1340
1335
1334
1333
1332
1332
1329
1329
1328
1327
1327
1324
1323
1323
1323
1322
1321
1320
1319
1317
1316
1315
1315
1314
1313
1312
1312
1310
1310
1309
1308
1306
1305
1305
1304
1302
1299
1298
1297
1296
1295
1294
1293
1291
1290
1290
1289
1285
1284
1282
1282
1282
1281
1280
1278
1278
1278
1277
1275
1275
1271
1270
1268
1266
1266
1266
1265
1263
1262
1261
1259
1259
1258
1256
1255
1254
1253
1252
1251
1250
1250
1249
1248
1247
1241
1239
1238
1237
1236
1236
1236
1233
1233
1231
1231
1231
1230
1230
1226
1225
1224
1224
1224
1216
1215
1214
1209
1209
1207
1206
1203
1201
1201
1200
1196
1196
1195
1194
1191
1190
1190
1188
1187
1187
1186
1185
1185
1181
1181
1180
1179
1178
1178
1174
1173
1167
1166
1164
1164
1163
1162
1161
1159
1158
1157
1154
1152
1150
1146
1145
1144
1143
1141
1141
1139
1138
1137
1136
1133
1132
1130
1130
1129
1127
1126
1126
1126
1123
1122
1121
1121
1120
1117
1116
1113
1110
1110
1110
1109
1109
1105
1104
1103
1101
1100
1099
1099
1097
1095
1093
1090
1090
1088
1087
1084
1083
1082
1080
1080
1079
1078
1076
1072
1070
1070
1070
1067
1066
1066
1065
1064
1062
1059
1058
1057
1056
1056
1056
1054
1052
1051
1051
1050
1050
1050
1050
1049
1049
1048
1046
1045
1044
1044
1042
1041
1040
1039
1039
1038
1034
1033
1033
1030
1028
1027
1027
1026
1025
1024
1017
1017
1016
1015
1012
1012
1009
1009
1007
1006
1006
1005
1004
1003
999
998
998
996
995
994
994
993
993
993
992
987
984
984
983
980
978
976
975
972
972
970
966
961
958
956
955
954
954
954
954
951
950
949
948
946
945
944
944
944
943
941
940
939
939
938
936
935
935
933
933
931
929
928
926
925
924
924
923
922
922
922
922
921
921
921
921
920
920
920
919
913
913
913
910
907
907
906
906
904
902
902
901
900
894
892
891
891
890
890
890
889
888
885
884
884
882
882
882
881
880
880
879
878
878
878
876
875
875
875
875
874
873
873
872
870
869
867
865
863
862
862
861
861
859
859
852
848
848
848
847
845
843
840
839
838
837
836
836
834
833
832
830
828
827
827
826
826
824
822
818
818
817
814
812
811
810
809
809
807
806
806
806
805
805
804
803
802
802
800
798
797
795
794
792
790
790
789
788
788
786
786
785
784
783
783
782
779
778
777
776
774
774
772
771
769
766
766
766
765
764
762
761
758
758
758
755
754
754
752
749
748
748
746
744
744
744
743
743
742
741
741
740
739
739
738
738
736
736
735
735
734
730
728
728
728
727
727
727
727
725
724
722
722
721
721
719
718
718
717
715
714
713
713
709
707
705
704
703
703
703
702
702
701
701
701
699
699
698
694
694
693
693
692
691
690
687
684
680
679
679
676
676
672
670
670
667
666
664
664
663
662
662
662
661
661
661
658
658
657
657
655
655
655
654
654
654
653
652
651
648
646
645
642
641
641
641
639
638
636
636
635
634
633
633
632
632
632
631
631
630
629
629
628
628
626
625
624
622
622
620
617
615
615
614
614
614
613
612
610
609
609
606
606
605
601
598
598
598
595
594
588
583
582
582
581
579
579
578
574
573
573
571
570
569
568
567
564
561
561
558
558
558
557
555
554
553
553
553
553
551
551
550
550
550
550
549
548
546
546
546
545
545
545
542
542
540
540
539
538
537
536
535
534
534
533
533
532
530
530
527
526
521
520
520
519
516
516
516
516
515
515
514
514
513
509
508
507
506
505
503
501
497
497
495
494
493
493
492
491
491
490
490
490
488
488
488
487
487
486
485
484
481
481
480
480
473
472
471
471
471
469
469
468
467
467
466
466
466
464
464
462
462
459
459
459
458
458
454
449
448
447
446
446
445
444
438
438
435
434
433
433
430
428
428
427
423
423
422
417
417
416
415
415
414
410
410
409
408
408
408
407
407
406
406
406
405
404
403
402
402
402
401
401
400
400
399
399
398
397
396
395
393
392
392
391
391
390
390
386
385
383
383
382
382
381
381
380
379
378
378
376
375
374
374
374
369
368
368
368
365
364
363
360
357
356
355
355
355
352
350
348
348
345
345
344
343
342
342
339
338
334
334
333
331
329
325
324
323
321
320
319
318
318
316
316
315
315
315
315
312
309
308
305
303
303
303
301
300
300
296
295
295
294
294
293
293
290
289
289
288
288
288
285
281
280
279
279
277
276
276
276
274
273
273
273
273
272
272
272
272
270
269
268
268
266
265
265
265
265
264
263
262
260
259
259
258
256
255
254
253
253
252
252
252
250
249
248
247
247
247
242
241
239
238
238
238
235
234
233
231
230
230
229
229
229
228
228
227
225
224
221
219
219
218
218
217
215
214
212
211
209
206
204
204
204
202
202
202
201
201
199
197
196
195
194
193
193
191
190
186
186
184
184
184
182
179
179
178
175
173
172
172
172
171
171
171
168
167
165
163
162
161
159
157
156
154
153
153
152
151
150
150
149
148
146
145
145
144
144
144
141
139
138
138
137
136
136
135
135
130
130
129
128
127
127
127
125
125
124
119
118
117
114
114
113
112
112
110
109
107
106
105
103
101
101
101
100
100
99
99
99
99
99
98
97
93
92
91
89
89
87
87
86
85
83
83
82
80
80
77
76
76
74
68
67
66
66
65
64
61
61
59
59
58
58
55
55
54
54
53
52
52
52
51
51
51
51
51
51
48
48
47
46
43
41
41
39
38
38
38
37
36
36
35
35
34
31
31
30
30
29
28
24
23
22
20
17
17
16
15
14
13
13
10
10
9
8
7
7
5
4
2
1
0
