-9995
-9995
-9992
-9957
-9956
-9952
-9945
-9943
-9940
-9933
-9916
-9910
-9901
-9899
-9893
-9879
-9872
-9841
-9825
-9825
-9820
-9811
-9801
-9739
-9735
-9706
-9674
-9642
-9629
-9618
-9610
-9609
-9592
-9589
-9579
-9555
-9549
-9532
-9530
-9518
-9514
-9513
-9478
-9477
-9444
-9444
-9421
-9418
-9415
-9400
-9399
-9396
-9391
-9364
-9346
-9332
-9320
-9301
-9296
-9293
-9292
-9291
-9288
-9281
-9268
-9242
-9241
-9210
-9202
-9190
-9181
-9180
-9158
-9126
-9125
-9116
-9115
-9109
-9077
-9024
-9017
-8994
-8986
-8960
-8960
-8959
-8956
-8947
-8927
-8913
-8911
-8903
-8902
-8879
-8856
-8855
-8842
-8841
-8831
-8830
-8810
-8798
-8795
-8794
-8775
-8751
-8751
-8745
-8730
-8729
-8718
-8709
-8678
-8668
-8663
-8663
-8607
-8587
-8563
-8562
-8530
-8518
-8517
-8510
-8490
-8455
-8439
-8439
-8416
-8390
-8390
-8372
-8341
-8334
-8319
-8254
-8226
-8178
-8177
-8171
-8166
-8165
-8139
-8133
-8121
-8103
-8096
-8090
-8085
-8070
-8067
-8052
-8027
-8021
-8020
-8001
-7990
-7974
-7965
-7965
-7964
-7952
-7923
-7915
-7910
-7907
-7897
-7880
-7874
-7834
-7832
-7819
-7819
-7814
-7801
-7800
-7788
-7781
-7780
-7772
-7772
-7760
-7748
-7734
-7729
-7727
-7722
-7716
-7697
-7670
-7646
-7643
-7641
-7640
-7625
-7622
-7616
-7613
-7604
-7561
-7550
-7531
-7519
-7518
-7516
-7515
-7502
-7501
-7501
-7500
-7488
-7474
-7471
-7454
-7426
-7411
-7400
-7386
-7369
-7363
-7329
-7301
-7300
-7296
-7278
-7274
-7268
-7266
-7264
-7258
-7228
-7226
-7210
-7179
-7173
-7154
-7124
-7124
-7124
-7110
-7098
-7079
-7060
-7055
-7037
-7033
-7027
-7013
-7013
-7006
-6997
-6966
-6963
-6953
-6951
-6937
-6931
-6926
-6913
-6902
-6890
-6886
-6877
-6866
-6863
-6846
-6818
-6805
-6801
-6780
-6779
-6750
-6742
-6724
-6723
-6711
-6688
-6686
-6684
-6680
-6644
-6588
-6579
-6565
-6536
-6518
-6514
-6498
-6493
-6468
-6466
-6457
-6449
-6442
-6439
-6438
-6423
-6423
-6421
-6418
-6379
-6378
-6377
-6371
-6368
-6365
-6346
-6310
-6306
-6288
-6282
-6180
-6178
-6155
-6153
-6128
-6122
-6116
-6089
-6077
-6063
-6058
-6047
-6034
-6034
-6032
-5954
-5905
-5881
-5845
-5844
-5844
-5831
-5827
-5812
-5791
-5785
-5762
-5757
-5717
-5715
-5705
-5701
-5699
-5678
-5677
-5665
-5660
-5653
-5647
-5640
-5578
-5570
-5567
-5543
-5541
-5535
-5518
-5509
-5504
-5502
-5496
-5491
-5487
-5487
-5468
-5459
-5450
-5424
-5422
-5418
-5413
-5404
-5387
-5381
-5379
-5376
-5370
-5344
-5340
-5331
-5326
-5309
-5291
-5287
-5276
-5273
-5237
-5229
-5227
-5195
-5194
-5181
-5176
-5175
-5141
-5128
-5079
-5073
-5059
-5045
-5037
-5022
-4950
-4941
-4940
-4937
-4925
-4922
-4900
-4889
-4885
-4870
-4868
-4846
-4843
-4829
-4823
-4810
-4805
-4763
-4744
-4737
-4701
-4701
-4679
-4675
-4664
-4664
-4663
-4661
-4651
-4638
-4637
-4632
-4595
-4591
-4585
-4577
-4555
-4554
-4511
-4508
-4498
-4485
-4460
-4460
-4429
-4424
-4408
-4404
-4403
-4389
-4374
-4373
-4368
-4363
-4347
-4327
-4323
-4312
-4310
-4298
-4295
-4285
-4284
-4258
-4242
-4241
-4219
-4217
-4206
-4203
-4181
-4173
-4134
-4124
-4106
-4106
-4103
-4100
-4083
-4081
-4047
-4044
-4023
-4018
-4010
-3994
-3974
-3966
-3964
-3962
-3961
-3935
-3915
-3871
-3866
-3862
-3846
-3841
-3840
-3819
-3814
-3792
-3731
-3723
-3722
-3705
-3671
-3662
-3648
-3647
-3632
-3631
-3630
-3610
-3608
-3599
-3596
-3593
-3588
-3583
-3558
-3556
-3531
-3509
-3469
-3458
-3457
-3440
-3417
-3378
-3355
-3352
-3348
-3344
-3313
-3309
-3308
-3298
-3263
-3257
-3237
-3146
-3140
-3135
-3116
-3112
-3110
-3092
-3088
-3086
-3068
-3065
-3054
-3053
-3045
-3042
-3037
-3018
-3018
-2993
-2969
-2965
-2938
-2935
-2928
-2923
-2923
-2873
-2871
-2863
-2838
-2831
-2822
-2815
-2755
-2748
-2735
-2734
-2722
-2708
-2695
-2671
-2623
-2613
-2605
-2602
-2600
-2599
-2595
-2578
-2574
-2559
-2557
-2544
-2544
-2531
-2507
-2479
-2477
-2465
-2450
-2401
-2371
-2367
-2365
-2364
-2351
-2334
-2297
-2247
-2247
-2225
-2221
-2220
-2220
-2206
-2206
-2203
-2193
-2186
-2186
-2182
-2161
-2155
-2152
-2104
-2098
-2090
-2090
-2089
-2073
-2069
-2065
-2061
-2051
-2036
-2028
-1976
-1969
-1968
-1956
-1953
-1946
-1945
-1935
-1932
-1928
-1926
-1858
-1848
-1830
-1829
-1823
-1813
-1806
-1800
-1794
-1794
-1784
-1773
-1757
-1741
-1722
-1716
-1716
-1709
-1699
-1684
-1670
-1665
-1642
-1628
-1607
-1599
-1563
-1531
-1511
-1505
-1494
-1486
-1474
-1470
-1458
-1446
-1439
-1418
-1409
-1408
-1407
-1406
-1358
-1351
-1329
-1328
-1315
-1314
-1300
-1292
-1281
-1272
-1253
-1234
-1198
-1185
-1145
-1143
-1130
-1128
-1128
-1119
-1105
-1104
-1104
-1091
-1087
-1082
-1050
-1016
-1015
-1014
-996
-948
-906
-902
-895
-895
-891
-884
-875
-865
-864
-826
-824
-813
-808
-790
-788
-781
-775
-754
-724
-714
-656
-649
-626
-610
-609
-606
-596
-590
-576
-563
-546
-544
-525
-514
-510
-505
-504
-489
-466
-465
-444
-441
-432
-429
-421
-398
-383
-371
-349
-337
-323
-317
-314
-313
-312
-291
-282
-276
-275
-268
-231
-214
-187
-183
-179
-157
-145
-142
-122
-119
-112
-108
-104
-98
-84
-78
-50
-49
-42
-38
-24
-11
-5
2
17
39
56
59
74
109
115
133
156
171
183
184
185
188
190
218
222
224
236
241
260
268
275
276
292
309
321
321
337
338
344
347
354
358
378
413
426
433
440
460
498
515
537
573
576
577
581
586
612
623
633
636
645
654
659
672
747
753
773
778
781
823
849
850
852
852
866
869
875
878
893
895
898
917
917
937
964
984
984
985
1008
1013
1020
1024
1034
1042
1054
1069
1069
1070
1074
1081
1086
1107
1119
1132
1173
1182
1184
1195
1198
1208
1208
1211
1221
1226
1231
1277
1285
1299
1316
1329
1337
1355
1378
1378
1381
1382
1384
1384
1412
1447
1454
1468
1476
1487
1492
1501
1503
1511
1512
1518
1518
1526
1531
1547
1583
1587
1592
1594
1605
1610
1643
1646
1658
1669
1672
1684
1688
1691
1699
1700
1711
1713
1714
1742
1767
1771
1815
1833
1847
1889
1892
1896
1899
1900
1908
1909
1914
1925
1927
1930
1934
1973
1982
1993
2012
2013
2025
2027
2032
2038
2039
2080
2088
2111
2117
2118
2138
2164
2172
2181
2228
2277
2296
2303
2304
2316
2321
2322
2347
2417
2432
2442
2450
2450
2469
2494
2499
2501
2523
2528
2563
2564
2628
2646
2651
2709
2734
2735
2735
2736
2749
2753
2789
2820
2830
2837
2838
2849
2856
2875
2876
2890
2898
2911
2916
2933
2967
2984
2989
3000
3010
3010
3019
3026
3040
3040
3049
3055
3059
3062
3070
3083
3101
3108
3111
3119
3122
3164
3173
3198
3215
3238
3249
3281
3284
3288
3291
3312
3329
3372
3378
3385
3398
3402
3403
3406
3415
3420
3421
3427
3453
3478
3488
3494
3513
3514
3527
3542
3582
3583
3586
3588
3593
3605
3633
3675
3675
3710
3714
3718
3725
3772
3773
3780
3795
3802
3817
3835
3835
3836
3848
3882
3887
3893
3893
3895
3908
3911
3912
3913
3920
3929
3930
3934
3939
3950
3963
3964
3970
3976
3980
4018
4024
4027
4046
4059
4060
4062
4063
4063
4066
4071
4077
4092
4098
4120
4127
4134
4151
4156
4178
4185
4188
4195
4235
4277
4279
4281
4302
4307
4323
4349
4350
4353
4372
4379
4381
4381
4383
4397
4407
4410
4412
4430
4467
4495
4519
4531
4550
4553
4600
4615
4631
4635
4661
4736
4757
4763
4764
4777
4786
4795
4805
4819
4824
4836
4867
4867
4867
4880
4881
4899
4906
4912
4916
4936
4954
4955
4964
4981
4982
4986
4986
4994
5014
5017
5030
5032
5037
5042
5060
5066
5067
5069
5077
5088
5094
5113
5114
5114
5114
5115
5131
5145
5156
5188
5200
5209
5215
5227
5228
5243
5250
5250
5266
5277
5284
5295
5321
5327
5337
5341
5353
5356
5367
5378
5412
5429
5436
5437
5464
5465
5474
5486
5492
5503
5512
5529
5535
5537
5537
5546
5561
5580
5584
5588
5596
5623
5625
5627
5633
5633
5640
5648
5648
5650
5694
5714
5735
5737
5748
5755
5756
5766
5808
5827
5832
5853
5871
5879
5917
5934
5950
5967
5975
5985
6004
6008
6010
6016
6020
6035
6036
6043
6055
6055
6088
6094
6111
6119
6126
6132
6140
6155
6183
6191
6200
6202
6278
6295
6299
6321
6341
6343
6351
6354
6374
6382
6386
6395
6412
6417
6429
6432
6451
6467
6477
6477
6492
6501
6511
6516
6518
6520
6540
6541
6550
6562
6565
6583
6614
6618
6624
6634
6635
6640
6684
6685
6685
6701
6713
6742
6759
6761
6775
6778
6783
6786
6787
6806
6818
6828
6835
6865
6878
6882
6904
6925
6941
6986
7006
7013
7015
7023
7033
7033
7073
7097
7104
7126
7141
7151
7158
7160
7161
7166
7173
7178
7217
7223
7227
7248
7253
7285
7291
7292
7314
7386
7398
7406
7419
7435
7441
7465
7484
7510
7525
7529
7531
7543
7548
7552
7564
7565
7575
7579
7588
7599
7618
7626
7630
7632
7651
7654
7657
7678
7718
7737
7753
7753
7777
7782
7805
7805
7829
7845
7846
7851
7853
7857
7869
7876
7880
7905
7917
7918
7934
7948
7949
7987
7994
8008
8033
8038
8042
8060
8080
8107
8193
8194
8227
8228
8228
8234
8239
8244
8247
8250
8251
8255
8258
8280
8286
8306
8310
8322
8341
8353
8381
8404
8414
8423
8424
8440
8472
8476
8478
8482
8487
8487
8526
8573
8596
8597
8597
8600
8605
8639
8640
8641
8648
8651
8665
8672
8674
8676
8680
8703
8717
8722
8730
8735
8757
8782
8796
8807
8829
8847
8850
8859
8860
8868
8884
8885
8889
8926
8930
8941
8960
8969
9023
9061
9062
9084
9086
9102
9113
9119
9120
9141
9142
9146
9218
9226
9238
9245
9267
9306
9329
9334
9347
9382
9418
9430
9435
9442
9461
9465
9466
9474
9486
9510
9512
9520
9522
9524
9532
9533
9534
9578
9581
9584
9596
9613
9634
9667
9674
9699
9700
9731
9734
9750
9765
9767
9783
9839
9883
9895
9902
9909
9917
9961
9969
9987
9988
10000
