-9998
-9980
-9977
-9963
-9941
-9926
-9923
-9908
-9894
-9879
-9873
-9866
-9856
-9852
-9781
-9758
-9756
-9731
-9722
-9713
-9711
-9707
-9704
-9700
-9695
-9659
-9644
-9622
-9619
-9615
-9603
-9585
-9568
-9557
-9552
-9538
-9526
-9503
-9496
-9493
-9479
-9440
-9420
-9385
-9314
-9309
-9302
-9299
-9288
-9287
-9278
-9275
-9238
-9229
-9229
-9220
-9214
-9207
-9201
-9190
-9181
-9171
-9171
-9163
-9163
-9151
-9150
-9132
-9116
-9106
-9094
-9079
-9076
-9073
-9064
-9040
-9006
-8994
-8942
-8940
-8929
-8914
-8874
-8824
-8808
-8790
-8788
-8775
-8765
-8765
-8762
-8760
-8751
-8723
-8721
-8717
-8702
-8627
-8619
-8615
-8608
-8606
-8598
-8580
-8570
-8563
-8555
-8539
-8537
-8533
-8519
-8505
-8499
-8498
-8485
-8468
-8465
-8459
-8450
-8423
-8415
-8377
-8370
-8368
-8345
-8332
-8331
-8281
-8242
-8220
-8208
-8198
-8193
-8158
-8148
-8146
-8143
-8112
-8079
-8072
-8071
-8055
-8045
-8042
-8038
-8034
-8026
-8004
-7994
-7985
-7981
-7951
-7923
-7921
-7919
-7912
-7903
-7891
-7886
-7886
-7863
-7823
-7809
-7790
-7768
-7694
-7678
-7609
-7608
-7577
-7555
-7539
-7528
-7509
-7502
-7480
-7471
-7460
-7449
-7444
-7440
-7438
-7400
-7293
-7284
-7284
-7247
-7243
-7221
-7220
-7218
-7212
-7208
-7204
-7194
-7176
-7160
-7158
-7149
-7132
-7131
-7124
-7123
-7123
-7119
-7086
-7062
-7049
-7041
-7034
-7034
-7023
-7002
-6996
-6989
-6981
-6970
-6953
-6882
-6879
-6874
-6872
-6847
-6826
-6806
-6768
-6756
-6751
-6737
-6725
-6676
-6652
-6646
-6635
-6616
-6611
-6587
-6584
-6580
-6549
-6543
-6535
-6477
-6464
-6406
-6402
-6399
-6388
-6383
-6363
-6334
-6307
-6298
-6290
-6285
-6270
-6266
-6217
-6215
-6212
-6170
-6165
-6143
-6127
-6122
-6095
-6077
-6073
-6069
-6051
-6008
-5983
-5962
-5934
-5933
-5891
-5884
-5873
-5869
-5865
-5864
-5843
-5816
-5816
-5792
-5773
-5769
-5768
-5759
-5752
-5748
-5701
-5701
-5684
-5679
-5669
-5665
-5650
-5606
-5565
-5564
-5559
-5554
-5553
-5529
-5505
-5495
-5492
-5480
-5452
-5392
-5361
-5334
-5296
-5274
-5267
-5259
-5241
-5223
-5197
-5169
-5152
-5145
-5145
-5143
-5136
-5089
-5065
-5058
-5047
-5027
-4979
-4967
-4958
-4951
-4945
-4937
-4902
-4892
-4869
-4868
-4858
-4852
-4843
-4837
-4827
-4815
-4793
-4764
-4755
-4735
-4691
-4683
-4676
-4656
-4655
-4631
-4590
-4583
-4557
-4536
-4516
-4510
-4492
-4488
-4487
-4485
-4445
-4445
-4425
-4373
-4367
-4349
-4343
-4311
-4307
-4300
-4300
-4298
-4294
-4261
-4251
-4227
-4223
-4222
-4221
-4221
-4191
-4168
-4163
-4153
-4146
-4142
-4109
-4105
-4074
-4074
-4052
-4052
-4041
-4014
-3987
-3935
-3932
-3926
-3925
-3902
-3900
-3884
-3883
-3869
-3865
-3843
-3831
-3816
-3800
-3792
-3780
-3779
-3769
-3753
-3725
-3711
-3709
-3682
-3669
-3664
-3619
-3617
-3609
-3595
-3568
-3563
-3559
-3558
-3536
-3517
-3503
-3501
-3500
-3485
-3470
-3464
-3434
-3428
-3400
-3399
-3392
-3390
-3390
-3375
-3371
-3371
-3364
-3360
-3359
-3332
-3317
-3274
-3253
-3245
-3235
-3209
-3204
-3184
-3149
-3139
-3101
-3087
-3084
-3083
-3077
-3071
-3070
-3066
-3065
-3062
-3061
-3059
-3031
-3025
-2960
-2936
-2935
-2924
-2913
-2869
-2822
-2817
-2786
-2775
-2765
-2723
-2722
-2718
-2689
-2673
-2650
-2649
-2614
-2606
-2569
-2567
-2544
-2533
-2531
-2523
-2508
-2504
-2495
-2488
-2485
-2480
-2478
-2448
-2407
-2405
-2394
-2391
-2391
-2367
-2357
-2250
-2246
-2228
-2208
-2192
-2172
-2165
-2161
-2151
-2151
-2149
-2127
-2120
-2116
-2108
-2084
-2082
-2059
-2041
-2040
-2022
-1998
-1937
-1936
-1916
-1906
-1900
-1896
-1888
-1886
-1878
-1866
-1856
-1837
-1836
-1830
-1798
-1789
-1786
-1782
-1765
-1761
-1733
-1733
-1684
-1626
-1610
-1602
-1579
-1574
-1525
-1472
-1464
-1461
-1459
-1458
-1421
-1415
-1403
-1384
-1369
-1349
-1321
-1315
-1272
-1271
-1256
-1243
-1237
-1235
-1223
-1222
-1200
-1190
-1174
-1155
-1131
-1120
-1112
-1104
-1072
-1065
-1053
-1045
-1034
-1023
-1000
-981
-964
-955
-914
-903
-879
-851
-841
-743
-707
-703
-680
-659
-650
-600
-590
-559
-495
-486
-437
-433
-431
-424
-415
-385
-376
-367
-367
-322
-295
-284
-268
-253
-241
-239
-232
-177
-148
-147
-143
-140
-138
-134
-127
-100
-85
-75
-73
-70
-61
13
13
36
37
50
54
68
70
82
85
104
124
145
147
148
175
183
196
214
235
245
267
268
275
276
291
317
318
320
325
333
343
345
349
355
364
426
454
484
484
521
541
548
557
557
560
569
570
570
574
578
594
599
618
627
646
655
659
669
691
708
729
730
783
786
806
826
827
832
834
870
893
901
929
948
992
998
1002
1021
1025
1034
1035
1039
1060
1074
1078
1105
1115
1140
1168
1170
1179
1198
1244
1247
1262
1287
1293
1317
1323
1328
1344
1362
1366
1374
1380
1387
1400
1440
1449
1451
1457
1471
1472
1496
1531
1532
1539
1588
1594
1598
1600
1617
1630
1636
1649
1702
1788
1791
1812
1824
1828
1837
1848
1855
1857
1883
1884
1893
1899
1900
1907
1923
1956
1965
1986
2005
2014
2017
2046
2050
2077
2082
2086
2087
2104
2108
2130
2134
2149
2165
2195
2196
2202
2222
2254
2269
2273
2280
2286
2306
2320
2336
2394
2395
2398
2455
2489
2493
2496
2503
2505
2526
2562
2565
2567
2602
2609
2623
2627
2634
2643
2651
2662
2669
2684
2685
2697
2702
2721
2724
2732
2738
2741
2746
2753
2757
2778
2793
2797
2829
2834
2845
2873
2916
2939
2940
2956
2972
2991
3024
3052
3084
3093
3097
3100
3101
3115
3135
3143
3144
3166
3167
3211
3215
3220
3220
3239
3246
3252
3293
3294
3336
3351
3357
3398
3402
3407
3421
3422
3454
3455
3467
3477
3491
3495
3502
3511
3522
3526
3544
3565
3569
3574
3593
3600
3610
3635
3644
3685
3687
3709
3723
3728
3730
3739
3751
3755
3767
3788
3798
3810
3820
3828
3837
3847
3856
3866
3883
3883
3884
3889
3953
3958
3961
3963
3970
3978
3981
3997
4017
4025
4027
4047
4066
4072
4107
4125
4160
4163
4171
4174
4177
4180
4236
4241
4252
4257
4292
4309
4358
4360
4372
4394
4394
4432
4441
4456
4468
4475
4476
4484
4515
4538
4561
4571
4572
4582
4586
4615
4615
4625
4625
4666
4690
4694
4695
4703
4724
4740
4769
4778
4779
4784
4797
4797
4832
4838
4839
4880
4907
4920
4937
4959
4961
4970
5015
5034
5043
5078
5079
5104
5104
5125
5136
5173
5176
5214
5218
5218
5220
5222
5245
5275
5324
5329
5367
5373
5380
5380
5406
5412
5423
5426
5464
5471
5488
5504
5508
5521
5547
5560
5564
5571
5629
5629
5664
5669
5684
5702
5719
5724
5726
5728
5758
5769
5780
5792
5804
5811
5815
5825
5836
5865
5871
5907
5911
5932
5939
6032
6043
6073
6074
6104
6125
6141
6220
6224
6234
6244
6280
6289
6292
6301
6330
6333
6338
6340
6415
6426
6452
6483
6497
6497
6513
6519
6529
6545
6556
6582
6584
6630
6635
6637
6638
6639
6659
6664
6683
6709
6710
6726
6732
6752
6755
6756
6759
6791
6798
6808
6854
6862
6875
6881
6911
6912
6916
6927
6976
6995
7005
7020
7022
7023
7033
7070
7072
7076
7076
7080
7085
7085
7089
7092
7098
7100
7115
7126
7134
7161
7189
7210
7244
7266
7281
7289
7313
7356
7396
7398
7408
7419
7422
7423
7423
7435
7465
7490
7493
7524
7541
7545
7579
7630
7645
7680
7693
7704
7707
7798
7802
7805
7807
7816
7854
7861
7887
7894
7910
7935
7943
7945
7973
7986
7990
7994
8042
8062
8067
8072
8075
8090
8091
8093
8155
8174
8201
8201
8222
8226
8244
8248
8257
8277
8289
8289
8295
8311
8311
8313
8316
8320
8326
8328
8349
8368
8372
8387
8391
8396
8403
8426
8431
8442
8445
8446
8452
8464
8471
8486
8487
8490
8506
8525
8527
8561
8567
8568
8619
8634
8644
8661
8664
8671
8708
8760
8798
8825
8839
8840
8857
8872
8878
8915
8944
8949
8955
8965
8973
9032
9038
9043
9059
9090
9106
9119
9124
9135
9143
9144
9159
9169
9183
9214
9219
9221
9221
9227
9246
9289
9308
9308
9326
9332
9337
9353
9358
9394
9415
9427
9451
9468
9471
9499
9503
9504
9504
9548
9588
9596
9619
9648
9659
9673
9682
9688
9724
9726
9730
9736
9740
9778
9780
9808
9820
9839
9856
9862
9865
9900
9913
9919
9921
9926
9927
9943
9948
9954
9963
9982
