10000
9993
9974
9957
9939
9926
9895
9892
9887
9886
9884
9876
9875
9868
9850
9848
9843
9826
9809
9808
9808
9806
9804
9796
9752
9732
9694
9673
9667
9662
9661
9631
9625
9596
9557
9537
9536
9524
9518
9498
9480
9430
9384
9377
9370
9356
9323
9292
9292
9253
9253
9251
9246
9233
9229
9208
9206
9172
9170
9142
9140
9108
9056
9050
9038
9018
9006
8992
8968
8966
8955
8916
8915
8864
8829
8823
8783
8768
8768
8765
8746
8744
8739
8720
8702
8700
8688
8665
8653
8640
8626
8622
8600
8595
8583
8566
8507
8507
8504
8497
8484
8463
8440
8431
8426
8425
8394
8382
8337
8331
8330
8324
8297
8275
8223
8197
8193
8190
8184
8174
8160
8156
8154
8126
8125
8101
8100
8097
8082
8076
8064
8057
8026
8019
8000
7994
7979
7975
7966
7959
7957
7955
7953
7951
7933
7931
7919
7902
7899
7896
7893
7892
7845
7791
7749
7745
7737
7710
7674
7666
7665
7659
7651
7601
7593
7589
7565
7561
7557
7547
7491
7454
7442
7431
7386
7375
7358
7354
7340
7337
7328
7321
7314
7309
7307
7297
7286
7233
7221
7212
7167
7138
7132
7125
7100
7074
7062
7054
7045
7040
7027
7009
7004
6996
6974
6974
6958
6955
6950
6940
6938
6930
6921
6901
6856
6832
6830
6829
6809
6800
6784
6767
6767
6740
6724
6699
6699
6696
6695
6694
6684
6681
6674
6674
6665
6652
6632
6625
6621
6563
6554
6537
6523
6505
6441
6403
6386
6381
6334
6282
6279
6275
6270
6256
6241
6218
6213
6202
6194
6137
6137
6136
6135
6093
6074
6054
6050
6050
6030
6023
6015
6002
5990
5988
5984
5976
5969
5954
5930
5912
5906
5900
5895
5880
5867
5860
5845
5824
5808
5789
5780
5779
5766
5762
5754
5732
5722
5691
5681
5671
5660
5657
5624
5618
5610
5610
5604
5600
5588
5584
5582
5578
5571
5567
5556
5556
5544
5495
5494
5493
5491
5478
5465
5459
5458
5449
5443
5431
5429
5421
5401
5379
5350
5328
5299
5257
5234
5232
5215
5209
5208
5206
5143
5127
5109
5103
5098
5096
5093
5087
5081
5078
5078
5064
5033
5017
4963
4962
4942
4932
4930
4928
4913
4902
4894
4889
4885
4885
4840
4838
4828
4814
4789
4778
4777
4777
4776
4769
4721
4708
4707
4704
4689
4679
4658
4657
4648
4637
4621
4605
4605
4596
4572
4536
4528
4519
4490
4489
4478
4468
4456
4455
4441
4438
4429
4427
4426
4420
4381
4368
4349
4332
4312
4304
4298
4290
4290
4289
4282
4271
4257
4239
4229
4213
4211
4202
4199
4194
4182
4156
4144
4144
4128
4124
4114
4106
4078
4072
4026
4017
4007
3980
3966
3963
3958
3943
3930
3924
3908
3905
3866
3851
3837
3827
3826
3812
3786
3775
3762
3758
3753
3753
3752
3737
3724
3723
3711
3660
3646
3639
3601
3581
3575
3570
3557
3553
3548
3547
3545
3536
3536
3509
3496
3495
3494
3491
3484
3462
3461
3459
3434
3429
3377
3364
3346
3327
3316
3316
3314
3290
3245
3228
3226
3207
3182
3160
3153
3151
3136
3133
3114
3107
3098
3087
3085
3078
3064
3060
3033
3008
3005
3001
2965
2956
2943
2938
2934
2907
2891
2878
2843
2797
2774
2765
2764
2762
2757
2745
2714
2639
2627
2594
2580
2580
2578
2487
2481
2479
2479
2471
2461
2453
2444
2426
2414
2411
2392
2384
2371
2334
2334
2318
2295
2271
2267
2256
2253
2249
2245
2239
2165
2141
2137
2129
2123
2121
2118
2115
2110
2083
2052
2027
2016
2009
1966
1963
1955
1954
1953
1952
1940
1936
1932
1920
1917
1901
1898
1890
1873
1853
1816
1811
1810
1796
1789
1781
1776
1752
1749
1748
1734
1714
1711
1697
1673
1662
1657
1651
1612
1607
1597
1591
1587
1552
1536
1521
1516
1512
1510
1493
1472
1464
1460
1455
1413
1405
1369
1361
1359
1312
1311
1309
1304
1258
1251
1249
1245
1245
1224
1187
1184
1171
1166
1156
1144
1072
1041
1026
1001
1000
987
963
942
938
932
923
922
918
887
873
864
860
860
842
833
830
821
792
742
739
725
684
674
655
633
610
608
577
561
557
555
551
512
481
452
443
430
395
394
372
355
346
334
320
318
318
315
307
286
261
259
240
231
225
169
161
159
149
117
113
108
100
99
96
19
13
2
-14
-18
-27
-61
-68
-70
-70
-101
-113
-117
-123
-132
-135
-145
-147
-153
-158
-182
-187
-218
-239
-248
-270
-273
-275
-287
-290
-294
-321
-326
-376
-387
-408
-420
-454
-457
-467
-468
-469
-474
-484
-505
-557
-578
-591
-599
-603
-610
-615
-621
-653
-687
-698
-708
-718
-742
-761
-766
-774
-780
-783
-798
-819
-856
-874
-884
-888
-892
-895
-931
-945
-950
-956
-972
-1007
-1013
-1024
-1026
-1066
-1081
-1081
-1093
-1096
-1101
-1101
-1106
-1127
-1134
-1158
-1174
-1183
-1197
-1200
-1215
-1276
-1278
-1298
-1302
-1337
-1351
-1383
-1396
-1402
-1413
-1421
-1434
-1468
-1469
-1489
-1493
-1493
-1532
-1547
-1567
-1576
-1576
-1604
-1621
-1625
-1664
-1679
-1680
-1684
-1688
-1751
-1789
-1798
-1831
-1846
-1856
-1860
-1867
-1867
-1869
-1878
-1886
-1900
-1906
-1909
-1924
-1974
-1984
-1994
-1999
-2014
-2031
-2036
-2061
-2108
-2127
-2143
-2148
-2169
-2203
-2214
-2234
-2249
-2252
-2257
-2270
-2275
-2310
-2315
-2346
-2352
-2369
-2384
-2387
-2387
-2407
-2413
-2421
-2423
-2423
-2423
-2468
-2474
-2492
-2515
-2522
-2543
-2548
-2574
-2575
-2576
-2576
-2586
-2589
-2591
-2599
-2620
-2638
-2639
-2642
-2651
-2661
-2722
-2743
-2747
-2751
-2794
-2798
-2900
-2904
-2940
-2952
-2966
-2993
-3020
-3022
-3023
-3033
-3049
-3059
-3098
-3109
-3142
-3194
-3206
-3208
-3233
-3266
-3269
-3300
-3319
-3326
-3353
-3363
-3364
-3372
-3373
-3374
-3380
-3386
-3389
-3407
-3415
-3469
-3477
-3498
-3508
-3515
-3546
-3547
-3548
-3581
-3595
-3633
-3649
-3665
-3674
-3674
-3676
-3686
-3690
-3714
-3727
-3730
-3740
-3755
-3783
-3784
-3793
-3799
-3813
-3828
-3837
-3887
-3888
-3911
-3912
-3942
-3945
-3957
-3964
-4005
-4031
-4033
-4037
-4048
-4059
-4059
-4070
-4082
-4092
-4097
-4121
-4126
-4138
-4162
-4165
-4181
-4228
-4248
-4252
-4291
-4311
-4339
-4349
-4357
-4373
-4425
-4428
-4434
-4452
-4458
-4466
-4474
-4490
-4500
-4515
-4543
-4563
-4571
-4586
-4600
-4609
-4611
-4613
-4636
-4637
-4702
-4717
-4763
-4769
-4785
-4793
-4815
-4831
-4835
-4850
-4857
-4866
-4880
-4891
-4895
-4895
-4899
-4905
-4909
-4910
-4971
-4988
-5028
-5060
-5098
-5118
-5144
-5153
-5185
-5187
-5242
-5254
-5280
-5287
-5297
-5299
-5305
-5351
-5388
-5515
-5523
-5525
-5540
-5560
-5578
-5615
-5617
-5657
-5684
-5699
-5730
-5732
-5747
-5764
-5765
-5791
-5799
-5811
-5858
-5880
-5887
-6004
-6006
-6009
-6016
-6034
-6043
-6072
-6076
-6090
-6102
-6140
-6143
-6146
-6159
-6163
-6164
-6166
-6182
-6196
-6201
-6204
-6225
-6231
-6261
-6284
-6284
-6284
-6328
-6332
-6337
-6346
-6347
-6352
-6376
-6390
-6406
-6410
-6436
-6472
-6483
-6503
-6506
-6512
-6587
-6632
-6633
-6671
-6673
-6678
-6680
-6683
-6697
-6700
-6753
-6762
-6789
-6805
-6809
-6812
-6824
-6832
-6897
-6900
-6917
-6925
-6926
-6938
-6945
-6961
-6962
-6962
-6964
-6969
-6980
-6984
-6989
-6998
-7007
-7011
-7026
-7038
-7041
-7051
-7062
-7087
-7097
-7099
-7119
-7122
-7157
-7164
-7164
-7173
-7175
-7184
-7198
-7209
-7213
-7216
-7219
-7224
-7238
-7251
-7255
-7272
-7305
-7305
-7310
-7321
-7322
-7323
-7336
-7353
-7379
-7381
-7389
-7395
-7405
-7414
-7419
-7425
-7450
-7452
-7466
-7477
-7516
-7524
-7525
-7528
-7543
-7549
-7572
-7605
-7607
-7616
-7626
-7634
-7637
-7643
-7656
-7659
-7661
-7671
-7674
-7709
-7721
-7722
-7725
-7749
-7753
-7782
-7790
-7821
-7823
-7842
-7876
-7898
-7926
-7949
-7955
-7973
-7974
-7984
-7987
-7993
-8006
-8009
-8038
-8041
-8051
-8053
-8053
-8066
-8073
-8073
-8078
-8089
-8116
-8117
-8124
-8143
-8152
-8158
-8161
-8164
-8181
-8188
-8194
-8235
-8258
-8272
-8289
-8337
-8341
-8344
-8355
-8361
-8365
-8379
-8393
-8412
-8526
-8528
-8570
-8573
-8601
-8608
-8615
-8617
-8620
-8624
-8630
-8667
-8669
-8670
-8680
-8690
-8738
-8750
-8751
-8756
-8764
-8767
-8775
-8776
-8777
-8793
-8808
-8816
-8824
-8875
-8882
-8884
-8900
-8921
-8928
-8932
-8973
-8992
-9004
-9014
-9023
-9031
-9033
-9040
-9050
-9072
-9132
-9141
-9154
-9157
-9161
-9188
-9196
-9203
-9210
-9216
-9231
-9264
-9264
-9268
-9277
-9282
-9304
-9312
-9315
-9317
-9326
-9338
-9350
-9350
-9351
-9364
-9375
-9381
-9426
-9447
-9483
-9519
-9539
-9542
-9560
-9572
-9583
-9602
-9605
-9620
-9630
-9635
-9637
-9651
-9659
-9679
-9687
-9689
-9695
-9696
-9707
-9732
-9737
-9759
-9772
-9782
-9793
-9858
-9863
-9865
-9888
-9897
-9935
-9945
-9956
-9984
-9985
-9989
