4
5
9
11
12
12
14
14
14
15
15
16
16
17
18
18
18
18
19
19
20
22
23
24
27
28
29
29
31
33
34
35
36
37
37
37
38
39
40
41
42
44
44
45
45
45
46
49
50
50
50
51
52
53
54
55
55
59
60
61
61
61
62
65
66
67
67
69
69
69
72
73
73
73
75
77
77
78
79
80
83
84
86
86
87
89
92
92
92
95
95
96
96
97
97
99
100
102
102
102
104
104
105
105
107
108
110
111
112
113
113
114
115
115
115
117
117
121
121
121
121
124
125
125
125
125
126
126
127
128
129
129
130
131
131
133
133
136
139
140
140
142
143
144
144
144
145
148
149
150
153
153
154
154
155
156
156
158
159
160
160
161
161
163
165
166
167
167
168
171
173
174
174
175
176
176
177
177
177
178
178
180
180
181
181
183
184
185
186
187
193
197
198
199
204
204
206
208
208
209
211
211
213
216
219
219
220
222
223
224
226
226
228
228
229
231
232
232
233
234
238
239
240
241
242
243
244
245
246
247
247
248
248
249
250
250
250
251
251
252
255
255
258
259
260
261
262
264
267
268
268
269
269
270
271
271
272
272
273
274
274
277
279
279
280
282
283
284
284
286
288
288
289
291
291
293
294
296
297
299
300
302
302
302
309
309
309
310
314
318
319
321
322
322
322
323
323
325
327
328
328
328
330
332
334
335
336
336
336
338
339
340
340
341
342
344
345
345
347
348
349
350
351
352
352
354
355
356
361
362
366
368
369
369
370
370
371
373
375
376
378
381
382
382
383
386
389
389
389
389
391
392
392
393
394
395
396
398
400
400
401
402
404
405
405
407
409
409
412
413
413
413
413
415
417
417
418
419
419
419
420
422
422
423
428
428
428
429
430
431
432
433
435
435
435
436
437
437
437
437
438
441
441
443
443
443
444
446
446
447
447
448
453
455
455
456
457
457
459
461
462
464
467
467
468
468
471
471
472
473
474
476
478
478
479
480
481
481
481
482
484
484
486
487
487
488
489
491
492
493
494
494
494
494
494
494
495
496
497
497
500
500
500
501
501
502
503
503
504
512
512
514
516
516
522
522
524
525
530
531
536
537
539
540
540
541
541
544
544
544
546
546
548
550
554
556
557
558
558
559
560
561
563
564
565
568
568
569
571
574
574
576
578
579
579
580
581
582
582
590
591
593
594
595
596
597
599
601
603
605
605
605
606
606
607
609
610
611
611
611
611
612
613
615
615
616
618
618
620
621
623
623
624
624
627
632
634
638
639
640
641
641
642
642
646
647
648
648
650
650
653
653
653
654
655
655
656
657
658
658
659
659
659
660
660
661
661
662
664
664
664
665
666
669
670
671
673
673
674
674
676
677
678
678
679
679
679
681
683
683
686
687
687
688
688
689
690
691
692
694
695
696
698
699
699
699
701
701
701
701
702
702
704
705
706
707
708
708
708
711
711
712
713
713
715
716
721
721
722
722
723
723
724
725
726
726
728
731
731
734
735
737
743
743
744
747
748
749
750
751
753
753
755
755
756
757
759
759
759
760
760
760
763
767
767
769
769
771
773
775
777
778
778
779
780
781
781
782
782
783
783
783
787
790
791
793
795
795
796
797
802
802
803
803
804
804
805
806
807
807
808
811
812
812
815
815
815
816
816
819
820
823
824
825
826
829
831
831
833
833
834
835
836
837
839
840
843
843
843
845
845
846
849
851
852
854
855
856
856
857
858
859
860
860
860
861
862
862
863
864
864
865
865
870
873
874
877
881
882
885
888
890
891
891
892
895
895
895
896
898
898
899
899
902
903
903
903
904
905
911
911
913
913
913
914
914
916
916
918
918
921
922
923
923
924
924
924
925
926
927
928
929
931
932
933
933
936
937
937
939
940
940
942
942
942
943
946
947
949
951
951
952
953
954
954
954
955
955
959
960
961
963
965
965
966
967
968
969
969
969
970
971
971
972
973
974
974
974
974
978
979
979
980
980
982
982
983
985
986
987
987
987
987
988
989
991
991
991
991
994
997
998
998
998
1000
1000
1000
1001
1002
1004
1005
1007
1008
1009
1011
1011
1015
1016
1018
1021
1022
1025
1025
1025
1025
1026
1027
1027
1027
1028
1028
1028
1028
1030
1031
1032
1034
1034
1034
1035
1036
1037
1038
1040
1041
1041
1042
1043
1044
1045
1045
1047
1047
1047
1048
1050
1052
1052
1053
1054
1058
1060
1061
1062
1063
1064
1065
1066
1066
1066
1069
1069
1070
1070
1070
1070
1071
1071
1072
1073
1074
1074
1074
1074
1075
1077
1077
1078
1078
1080
1081
1082
1084
1085
1085
1086
1087
1088
1091
1094
1094
1094
1095
1095
1097
1098
1103
1103
1104
1106
1107
1108
1108
1110
1110
1111
1112
1113
1114
1115
1117
1118
1119
1119
1119
1120
1121
1122
1122
1124
1125
1127
1129
1131
1132
1134
1135
1135
1136
1138
1138
1138
1143
1143
1144
1145
1146
1146
1146
1148
1149
1149
1153
1154
1155
1156
1156
1156
1159
1159
1160
1160
1163
1163
1164
1166
1170
1170
1170
1171
1172
1172
1172
1173
1173
1174
1174
1175
1180
1180
1182
1184
1187
1188
1188
1188
1192
1192
1194
1194
1194
1194
1194
1195
1197
1200
1200
1200
1201
1201
1202
1202
1203
1206
1207
1208
1209
1211
1212
1214
1217
1219
1220
1220
1221
1223
1224
1225
1225
1225
1228
1229
1230
1231
1231
1235
1235
1235
1236
1240
1241
1241
1243
1244
1244
1244
1245
1245
1246
1248
1249
1252
1252
1256
1259
1260
1260
1261
1262
1262
1265
1265
1270
1270
1271
1272
1273
1273
1273
1277
1277
1278
1279
1280
1280
1283
1285
1288
1288
1291
1291
1293
1294
1294
1295
1295
1296
1299
1300
1300
1301
1301
1306
1307
1308
1309
1309
1311
1315
1315
1316
1318
1319
1321
1325
1326
1326
1327
1327
1328
1331
1333
1335
1336
1336
1337
1340
1343
1343
1344
1344
1346
1346
1347
1347
1348
1348
1350
1350
1352
1353
1353
1354
1356
1356
1357
1358
1359
1359
1362
1364
1364
1364
1365
1367
1367
1368
1369
1371
1372
1373
1374
1376
1376
1377
1379
1383
1384
1386
1390
1391
1392
1393
1393
1395
1397
1397
1398
1398
1400
1401
1401
1402
1403
1404
1406
1407
1410
1411
1412
1414
1415
1418
1419
1419
1419
1420
1424
1425
1426
1426
1426
1427
1428
1429
1430
1430
1438
1438
1439
1440
1440
1440
1442
1443
1445
1445
1446
1446
1448
1449
1450
1450
1453
1453
1454
1455
1455
1455
1456
1458
1459
1459
1460
1460
1460
1461
1466
1466
1468
1468
1473
1474
1475
1475
1476
1476
1477
1477
1477
1478
1478
1478
1478
1479
1479
1481
1482
1482
1484
1485
1485
1486
1487
1487
1488
1489
1489
1496
1496
1497
1497
1500
1500
1501
1503
1504
1504
1505
1505
1505
1505
1506
1509
1509
1510
1511
1515
1516
1517
1518
1519
1520
1521
1521
1522
1522
1524
1526
1527
1527
1527
1528
1528
1529
1530
1531
1531
1532
1536
1539
1540
1542
1543
1543
1544
1544
1546
1547
1547
1549
1549
1551
1551
1551
1553
1557
1557
1559
1561
1561
1564
1565
1565
1565
1568
1568
1568
1569
1572
1572
1574
1575
1575
1576
1577
1577
1578
1579
1580
1582
1582
1583
1583
1584
1585
1587
1588
1589
1591
1593
1597
1599
1600
1601
1601
1607
1608
1609
1609
1612
1613
1613
1615
1620
1623
1627
1628
1628
1628
1629
1630
1631
1632
1633
1633
1635
1635
1639
1641
1642
1643
1643
1643
1644
1647
1650
1650
1650
1651
1651
1652
1653
1653
1654
1655
1656
1657
1657
1659
1660
1660
1661
1663
1664
1664
1664
1665
1667
1670
1671
1676
1676
1677
1683
1684
1684
1686
1687
1687
1687
1688
1688
1688
1689
1689
1691
1694
1695
1695
1697
1699
1700
1700
1701
1702
1703
1704
1704
1705
1706
1706
1706
1708
1708
1709
1711
1713
1715
1717
1718
1719
1724
1726
1726
1727
1727
1729
1731
1734
1734
1735
1737
1737
1740
1740
1745
1746
1746
1747
1750
1751
1751
1752
1753
1755
1755
1755
1756
1758
1759
1762
1762
1767
1767
1767
1771
1771
1773
1774
1774
1775
1776
1776
1778
1782
1782
1782
1782
1783
1784
1785
1788
1791
1791
1791
1791
1793
1794
1795
1796
1799
1801
1802
1803
1803
1804
1806
1806
1807
1807
1808
1808
1811
1814
1814
1816
1816
1818
1819
1821
1822
1823
1823
1823
1823
1824
1824
1826
1827
1828
1829
1829
1829
1830
1831
1831
1832
1833
1837
1838
1839
1839
1841
1842
1842
1843
1845
1845
1846
1847
1848
1849
1852
1854
1854
1855
1855
1859
1859
1860
1860
1861
1862
1862
1863
1863
1863
1865
1866
1867
1870
1870
1871
1873
1873
1874
1874
1874
1874
1874
1877
1877
1878
1878
1880
1881
1883
1883
1883
1884
1886
1886
1888
1889
1889
1890
1890
1891
1893
1894
1895
1896
1896
1898
1901
1901
1902
1903
1910
1913
1913
1915
1916
1916
1918
1919
1920
1921
1922
1923
1924
1924
1927
1928
1928
1929
1930
1930
1932
1933
1936
1936
1938
1939
1941
1941
1941
1942
1942
1942
1943
1944
1944
1944
1948
1950
1953
1955
1957
1957
1958
1958
1959
1959
1961
1962
1962
1962
1962
1964
1964
1966
1967
1969
1972
1976
1976
1976
1977
1979
1981
1982
1985
1985
1986
1986
1987
1988
1989
1989
1992
1993
1993
1995
1996
1999
2000
2000
2001
2003
2004
2004
2005
2005
2007
2007
2008
2008
2008
2008
2010
2011
2011
2012
2013
2014
2015
2020
2021
2021
2021
2021
2023
2024
2027
2031
2033
2036
2037
2037
2037
2037
2038
2041
2042
2045
2049
2050
2050
2050
2051
2052
2054
2054
2056
2056
2056
2056
2058
2060
2060
2060
2061
2062
2063
2064
2064
2068
2070
2072
2072
2075
2078
2079
2080
2081
2086
2088
2089
2092
2093
2096
2096
2097
2098
2100
2101
2103
2103
2103
2104
2107
2109
2109
2111
2113
2115
2115
2116
2120
2122
2122
2123
2123
2125
2125
2125
2127
2128
2129
2129
2130
2132
2134
2135
2136
2138
2138
2140
2140
2141
2141
2142
2143
2143
2144
2145
2145
2147
2149
2151
2151
2151
2152
2152
2153
2153
2154
2155
2155
2156
2156
2159
2160
2161
2164
2170
2170
2171
2172
2173
2174
2175
2175
2176
2177
2177
2179
2180
2181
2181
2182
2182
2183
2183
2184
2184
2185
2185
2186
2187
2187
2187
2190
2191
2193
2194
2197
2197
2199
2199
2200
2203
2203
2204
2204
2205
2207
2207
2207
2210
2211
2212
2213
2214
2214
2214
2214
2215
2216
2217
2218
2219
2219
2220
2221
2224
2224
2226
2227
2228
2229
2229
2231
2231
2233
2233
2234
2237
2237
2238
2239
2239
2239
2240
2240
2243
2245
2246
2247
2248
2249
2249
2250
2251
2251
2254
2254
2254
2255
2256
2256
2258
2258
2259
2261
2264
2269
2270
2270
2272
2273
2274
2275
2277
2277
2278
2278
2279
2279
2280
2280
2282
2282
2283
2284
2286
2287
2288
2289
2289
2289
2289
2290
2290
2291
2292
2292
2292
2292
2293
2293
2294
2296
2296
2298
2302
2303
2303
2303
2303
2305
2306
2308
2309
2310
2310
2310
2311
2311
2316
2317
2320
2320
2321
2321
2326
2326
2326
2328
2329
2330
2331
2332
2336
2336
2336
2339
2340
2342
2343
2343
2344
2345
2348
2349
2349
2351
2354
2354
2355
2356
2356
2358
2358
2358
2358
2359
2360
2360
2361
2364
2364
2364
2364
2365
2365
2369
2369
2371
2371
2374
2374
2374
2375
2375
2380
2380
2381
2384
2384
2386
2387
2387
2388
2391
2391
2394
2395
2395
2396
2396
2396
2397
2398
2398
2398
2398
2399
2399
2402
2402
2404
2404
2404
2405
2406
2406
2406
2407
2409
2410
2412
2413
2415
2416
2420
2421
2422
2423
2425
2426
2428
2430
2430
2431
2431
2433
2434
2435
2436
2439
2440
2441
2442
2442
2448
2449
2449
2451
2451
2453
2454
2458
2459
2460
2461
2462
2463
2463
2466
2468
2469
2471
2472
2473
2473
2473
2473
2474
2475
2478
2480
2481
2481
2484
2489
2490
2491
2491
2491
2492
2492
2494
2495
2497
2498
2499
2500
2501
2502
2503
2504
2504
2504
2506
2507
2511
2513
2513
2514
2514
2516
2516
2517
2518
2518
2520
2521
2521
2522
2522
2523
2523
2526
2527
2527
2531
2534
2535
2536
2537
2538
2538
2538
2540
2541
2542
2542
2543
2543
2544
2545
2545
2546
2550
2551
2552
2552
2552
2553
2553
2553
2556
2557
2557
2557
2557
2558
2558
2558
2558
2560
2562
2563
2566
2567
2567
2567
2568
2568
2569
2569
2573
2575
2577
2579
2579
2580
2581
2582
2584
2584
2585
2586
2587
2588
2591
2592
2593
2593
2594
2595
2596
2598
2598
2600
2601
2603
2604
2604
2604
2605
2605
2605
2606
2611
2613
2614
2615
2616
2617
2618
2618
2619
2620
2621
2621
2621
2622
2622
2623
2624
2626
2626
2628
2632
2634
2634
2635
2636
2636
2637
2637
2639
2641
2641
2641
2642
2643
2643
2643
2645
2646
2646
2648
2649
2652
2655
2655
2656
2657
2657
2659
2661
2662
2663
2665
2666
2666
2666
2667
2669
2671
2671
2672
2674
2674
2675
2675
2676
2677
2677
2678
2679
2679
2679
2681
2684
2684
2685
2688
2690
2693
2693
2694
2697
2699
2700
2700
2702
2702
2703
2708
2710
2710
2710
2711
2711
2712
2717
2719
2719
2720
2721
2722
2722
2724
2725
2727
2727
2730
2731
2731
2732
2733
2737
2739
2740
2741
2742
2743
2744
2744
2745
2748
2748
2748
2750
2751
2752
2752
2754
2754
2755
2755
2755
2755
2755
2756
2757
2758
2765
2766
2766
2766
2767
2768
2770
2771
2772
2773
2774
2775
2775
2775
2775
2778
2780
2780
2781
2782
2783
2786
2787
2787
2789
2790
2791
2791
2791
2791
2792
2794
2800
2801
2801
2801
2801
2802
2802
2803
2804
2806
2807
2810
2811
2814
2814
2814
2815
2816
2816
2818
2821
2823
2823
2825
2825
2826
2826
2828
2829
2830
2832
2833
2833
2833
2835
2836
2836
2838
2841
2841
2842
2842
2842
2843
2844
2844
2845
2845
2846
2847
2848
2849
2849
2851
2851
2852
2853
2856
2856
2856
2858
2858
2858
2859
2860
2861
2862
2863
2863
2864
2865
2867
2867
2868
2869
2869
2869
2870
2874
2877
2878
2878
2878
2878
2878
2882
2885
2886
2887
2890
2892
2893
2895
2895
2895
2895
2899
2900
2900
2902
2902
2903
2903
2906
2906
2907
2907
2908
2911
2912
2912
2913
2913
2914
2914
2914
2915
2919
2921
2924
2925
2928
2928
2929
2929
2929
2930
2930
2931
2933
2933
2934
2934
2935
2935
2938
2938
2938
2939
2940
2941
2942
2943
2945
2949
2949
2951
2952
2952
2956
2957
2958
2959
2962
2963
2964
2967
2969
2969
2971
2973
2973
2974
2975
2976
2976
2977
2977
2977
2978
2983
2983
2983
2986
2986
2988
2989
2989
2989
2989
2990
2993
2993
2994
2995
2995
2997
3001
3005
3006
3007
3008
3008
3009
3010
3012
3013
3017
3018
3018
3020
3020
3021
3022
3022
3022
3027
3027
3028
3029
3029
3031
3031
3032
3033
3034
3035
3035
3036
3037
3039
3040
3040
3041
3042
3042
3043
3043
3043
3047
3047
3048
3048
3051
3053
3053
3055
3056
3056
3057
3058
3059
3060
3060
3061
3062
3062
3063
3063
3064
3064
3065
3066
3066
3066
3067
3067
3068
3068
3068
3068
3069
3069
3070
3072
3076
3077
3077
3078
3078
3079
3080
3081
3081
3084
3085
3086
3087
3087
3088
3090
3093
3094
3098
3099
3099
3099
3099
3102
3103
3103
3103
3104
3105
3105
3105
3106
3107
3107
3108
3108
3110
3111
3113
3115
3115
3115
3116
3117
3117
3117
3118
3119
3120
3120
3121
3123
3126
3126
3128
3129
3130
3130
3132
3133
3134
3136
3136
3138
3138
3138
3139
3140
3141
3144
3144
3147
3150
3151
3152
3152
3154
3156
3158
3158
3159
3164
3165
3165
3166
3167
3169
3171
3172
3172
3172
3173
3174
3175
3177
3178
3180
3180
3180
3181
3182
3183
3184
3184
3185
3188
3190
3191
3191
3192
3193
3194
3195
3195
3195
3196
3196
3196
3197
3199
3205
3207
3210
3211
3214
3215
3217
3223
3223
3227
3227
3227
3228
3229
3230
3232
3233
3233
3234
3234
3237
3237
3238
3238
3239
3241
3241
3244
3249
3250
3255
3255
3256
3256
3257
3258
3258
3259
3260
3260
3260
3261
3261
3261
3264
3265
3266
3266
3268
3268
3268
3269
3270
3270
3270
3272
3273
3274
3277
3278
3279
3280
3280
3281
3282
3283
3285
3285
3286
3287
3287
3288
3290
3290
3291
3292
3294
3294
3297
3298
3298
3299
3299
3299
3300
3304
3307
3309
3310
3310
3311
3318
3321
3321
3323
3323
3323
3324
3324
3325
3326
3328
3332
3333
3334
3334
3337
3337
3343
3343
3343
3346
3346
3347
3349
3350
3351
3351
3352
3353
3353
3355
3356
3356
3357
3357
3358
3358
3358
3362
3363
3363
3363
3365
3366
3368
3368
3368
3370
3372
3372
3373
3374
3375
3375
3375
3375
3376
3376
3378
3379
3381
3381
3381
3386
3386
3389
3390
3391
3391
3392
3392
3392
3393
3394
3402
3409
3409
3410
3410
3411
3412
3414
3415
3415
3418
3418
3420
3422
3422
3422
3423
3424
3424
3424
3424
3425
3427
3427
3430
3431
3434
3436
3437
3439
3439
3440
3440
3442
3442
3443
3443
3445
3445
3445
3448
3448
3449
3451
3453
3454
3454
3454
3455
3455
3456
3457
3458
3461
3462
3463
3466
3468
3469
3472
3472
3472
3473
3473
3475
3476
3476
3478
3478
3479
3480
3481
3481
3482
3482
3482
3483
3484
3485
3487
3488
3489
3489
3490
3491
3491
3493
3494
3494
3496
3496
3497
3497
3498
3498
3502
3504
3507
3513
3514
3516
3516
3517
3518
3520
3522
3522
3523
3524
3529
3531
3532
3533
3534
3534
3535
3537
3540
3540
3541
3544
3545
3545
3546
3547
3548
3548
3549
3550
3551
3551
3552
3552
3552
3556
3559
3560
3561
3563
3565
3565
3568
3568
3569
3571
3573
3574
3574
3574
3575
3576
3577
3579
3580
3580
3581
3582
3582
3583
3584
3586
3591
3591
3593
3596
3597
3597
3597
3598
3599
3602
3602
3604
3606
3607
3607
3607
3608
3609
3609
3610
3610
3611
3611
3613
3614
3615
3615
3615
3617
3617
3619
3619
3620
3621
3622
3623
3623
3626
3629
3631
3633
3636
3637
3637
3640
3640
3641
3641
3641
3642
3642
3644
3648
3648
3648
3649
3651
3653
3656
3656
3659
3659
3662
3662
3663
3663
3664
3668
3670
3670
3672
3674
3674
3675
3675
3679
3680
3682
3683
3686
3691
3691
3691
3693
3693
3694
3694
3695
3695
3696
3696
3697
3698
3698
3699
3700
3701
3702
3702
3702
3703
3704
3704
3706
3707
3708
3708
3708
3709
3710
3711
3711
3714
3715
3719
3719
3719
3720
3721
3722
3724
3725
3725
3725
3730
3732
3734
3734
3735
3736
3736
3736
3737
3737
3740
3740
3741
3741
3741
3742
3746
3746
3747
3747
3753
3754
3755
3757
3758
3758
3759
3760
3760
3762
3762
3764
3764
3765
3765
3766
3767
3768
3772
3773
3774
3774
3776
3776
3777
3777
3778
3779
3780
3790
3790
3791
3792
3792
3793
3793
3794
3794
3795
3795
3795
3796
3802
3802
3803
3804
3804
3804
3804
3804
3805
3806
3806
3807
3808
3809
3809
3809
3810
3812
3812
3813
3815
3816
3816
3816
3820
3820
3820
3821
3822
3823
3824
3824
3824
3824
3825
3827
3828
3829
3832
3832
3833
3835
3836
3838
3839
3841
3841
3842
3842
3844
3844
3845
3848
3848
3849
3850
3850
3851
3853
3853
3854
3855
3857
3859
3860
3861
3861
3861
3862
3863
3864
3865
3868
3869
3870
3870
3872
3872
3873
3874
3875
3876
3878
3878
3879
3879
3880
3884
3887
3888
3891
3893
3893
3893
3894
3894
3895
3895
3899
3900
3901
3904
3909
3909
3909
3910
3910
3911
3912
3915
3916
3916
3917
3917
3919
3921
3921
3922
3927
3928
3929
3930
3931
3932
3933
3935
3935
3935
3935
3936
3937
3938
3938
3943
3944
3945
3949
3951
3953
3954
3959
3959
3962
3962
3963
3963
3965
3966
3967
3968
3968
3970
3972
3972
3973
3973
3975
3975
3975
3975
3975
3977
3978
3979
3980
3981
3984
3987
3987
3989
3995
3996
3996
3997
3998
3999
3999
4002
4002
4004
4004
4005
4006
4010
4012
4012
4013
4017
4019
4019
4023
4023
4024
4026
4029
4031
4037
4038
4039
4039
4040
4041
4042
4043
4043
4043
4045
4045
4045
4048
4049
4050
4050
4051
4055
4057
4057
4058
4059
4059
4060
4061
4061
4063
4063
4065
4066
4067
4070
4072
4074
4075
4083
4083
4083
4085
4085
4085
4086
4086
4087
4088
4089
4090
4093
4095
4096
4096
4098
4099
4102
4104
4106
4106
4106
4108
4109
4110
4110
4111
4112
4112
4112
4114
4115
4116
4117
4118
4118
4118
4118
4119
4120
4121
4122
4122
4123
4123
4124
4125
4126
4127
4127
4128
4128
4131
4132
4132
4134
4134
4135
4135
4135
4136
4136
4137
4137
4137
4143
4144
4144
4146
4146
4148
4148
4149
4150
4150
4153
4156
4156
4157
4157
4158
4159
4162
4164
4165
4165
4166
4167
4168
4168
4172
4173
4178
4179
4181
4181
4181
4182
4182
4182
4183
4185
4186
4187
4188
4189
4189
4191
4191
4193
4194
4195
4195
4196
4197
4198
4199
4200
4203
4203
4204
4205
4205
4208
4208
4208
4209
4209
4210
4213
4215
4216
4216
4216
4216
4220
4220
4221
4222
4225
4226
4228
4229
4229
4229
4230
4230
4231
4232
4232
4233
4233
4234
4235
4236
4237
4238
4240
4240
4244
4246
4247
4248
4251
4255
4256
4256
4257
4258
4259
4259
4260
4261
4262
4263
4265
4265
4266
4266
4267
4268
4270
4270
4271
4272
4274
4274
4274
4274
4275
4275
4276
4276
4278
4278
4278
4280
4280
4281
4281
4282
4282
4283
4283
4285
4285
4286
4286
4289
4291
4292
4292
4296
4296
4298
4299
4300
4300
4302
4302
4304
4304
4304
4307
4308
4308
4309
4309
4309
4310
4313
4314
4314
4315
4317
4319
4321
4321
4321
4322
4324
4328
4329
4330
4330
4330
4331
4332
4333
4334
4336
4338
4338
4339
4339
4340
4340
4341
4341
4341
4342
4343
4344
4345
4348
4349
4349
4351
4352
4353
4354
4354
4355
4355
4357
4358
4358
4358
4360
4362
4366
4367
4368
4369
4370
4370
4371
4372
4372
4372
4374
4375
4375
4377
4378
4381
4383
4383
4383
4384
4384
4385
4386
4386
4387
4388
4389
4390
4392
4393
4394
4395
4395
4395
4395
4396
4398
4398
4400
4400
4402
4403
4405
4405
4405
4406
4407
4408
4408
4408
4411
4412
4413
4413
4419
4420
4420
4422
4422
4424
4424
4425
4425
4426
4426
4426
4427
4427
4427
4428
4428
4430
4431
4432
4433
4435
4435
4436
4437
4438
4439
4444
4444
4444
4447
4447
4448
4449
4450
4450
4451
4452
4453
4453
4454
4455
4455
4457
4458
4458
4459
4460
4462
4464
4465
4466
4467
4467
4468
4474
4476
4476
4479
4482
4482
4483
4486
4486
4487
4488
4489
4489
4489
4490
4490
4491
4491
4492
4494
4497
4497
4498
4498
4498
4498
4499
4502
4503
4505
4506
4507
4508
4509
4510
4511
4513
4514
4515
4516
4518
4519
4520
4521
4522
4523
4524
4528
4531
4531
4531
4532
4533
4535
4535
4535
4538
4538
4538
4540
4540
4542
4543
4543
4544
4545
4545
4545
4550
4550
4551
4552
4552
4553
4556
4559
4559
4560
4560
4565
4566
4569
4569
4569
4570
4576
4576
4577
4578
4583
4585
4586
4586
4587
4587
4588
4588
4591
4591
4591
4592
4594
4594
4595
4597
4598
4598
4599
4599
4601
4601
4602
4603
4604
4605
4606
4606
4606
4607
4607
4610
4610
4612
4613
4614
4616
4616
4617
4617
4618
4622
4624
4625
4630
4632
4632
4632
4634
4635
4636
4637
4637
4640
4641
4641
4643
4643
4646
4646
4646
4646
4648
4649
4651
4651
4652
4655
4657
4658
4659
4660
4660
4660
4662
4667
4668
4669
4672
4673
4675
4675
4676
4678
4681
4682
4683
4684
4684
4688
4691
4691
4691
4694
4694
4695
4695
4696
4697
4699
4699
4700
4701
4702
4702
4704
4704
4705
4706
4706
4709
4710
4713
4714
4714
4715
4716
4717
4717
4718
4718
4718
4720
4720
4721
4725
4727
4728
4731
4732
4735
4735
4735
4738
4738
4739
4740
4741
4741
4742
4747
4750
4752
4753
4754
4754
4755
4756
4758
4758
4760
4764
4764
4765
4767
4767
4769
4771
4773
4774
4774
4775
4778
4779
4780
4781
4781
4786
4788
4788
4788
4788
4788
4788
4789
4790
4792
4792
4794
4794
4794
4795
4796
4797
4800
4804
4805
4806
4808
4810
4810
4813
4813
4813
4814
4815
4816
4816
4817
4818
4819
4820
4821
4824
4824
4827
4831
4832
4833
4834
4838
4841
4842
4845
4846
4847
4849
4851
4851
4852
4853
4854
4854
4854
4854
4855
4856
4858
4860
4860
4863
4864
4864
4866
4867
4868
4868
4869
4870
4873
4875
4875
4877
4877
4877
4878
4878
4879
4879
4881
4882
4884
4884
4884
4888
4889
4890
4892
4893
4893
4898
4898
4899
4899
4900
4900
4903
4904
4904
4904
4906
4909
4910
4913
4913
4914
4917
4917
4918
4920
4921
4922
4922
4922
4927
4928
4929
4930
4931
4932
4933
4934
4935
4937
4938
4941
4945
4945
4945
4950
4951
4952
4953
4953
4953
4954
4954
4954
4955
4956
4956
4958
4960
4960
4960
4961
4962
4964
4964
4971
4975
4975
4975
4976
4977
4979
4980
4982
4985
4986
4986
4987
4988
4989
4991
4991
4991
4992
4994
4997
4998
4999
4999
5001
5004
5005
5005
5006
5007
5009
5012
5012
5013
5014
5014
5016
5020
5021
5021
5024
5024
5024
5025
5026
5026
5028
5029
5029
5030
5032
5033
5034
5034
5035
5036
5036
5037
5039
5040
5040
5042
5042
5042
5043
5045
5048
5050
5051
5052
5053
5053
5055
5056
5057
5057
5057
5058
5061
5062
5063
5063
5064
5065
5065
5066
5066
5066
5066
5067
5071
5072
5072
5073
5073
5074
5075
5075
5075
5075
5078
5078
5078
5079
5080
5080
5081
5081
5082
5085
5088
5089
5091
5092
5094
5094
5095
5096
5097
5100
5101
5102
5104
5106
5107
5107
5108
5108
5109
5109
5109
5112
5115
5116
5118
5118
5119
5119
5120
5120
5121
5123
5125
5125
5125
5126
5126
5127
5127
5128
5129
5129
5130
5130
5131
5133
5134
5135
5137
5138
5138
5139
5140
5140
5141
5141
5142
5144
5145
5146
5147
5148
5150
5150
5151
5151
5153
5156
5158
5159
5161
5161
5161
5163
5165
5166
5166
5168
5169
5169
5170
5171
5172
5173
5174
5175
5175
5176
5176
5177
5178
5179
5180
5181
5181
5183
5184
5185
5185
5186
5186
5188
5188
5189
5193
5194
5194
5194
5194
5198
5202
5203
5205
5206
5207
5207
5207
5208
5209
5209
5210
5210
5211
5214
5215
5216
5217
5217
5218
5219
5219
5221
5223
5223
5224
5224
5225
5227
5227
5228
5228
5228
5230
5230
5231
5235
5235
5236
5237
5238
5239
5240
5242
5242
5242
5244
5246
5246
5249
5250
5250
5250
5251
5252
5253
5253
5254
5256
5256
5257
5262
5264
5265
5266
5266
5266
5267
5270
5271
5272
5273
5275
5275
5277
5278
5278
5279
5279
5282
5282
5283
5285
5286
5287
5288
5288
5290
5291
5292
5295
5296
5296
5297
5299
5302
5303
5306
5306
5307
5307
5312
5312
5312
5312
5313
5314
5317
5318
5319
5319
5321
5321
5324
5325
5325
5325
5325
5327
5327
5327
5328
5328
5330
5331
5334
5334
5335
5335
5336
5337
5338
5338
5338
5339
5339
5340
5344
5346
5351
5351
5354
5357
5360
5360
5361
5362
5362
5362
5362
5362
5365
5365
5365
5367
5367
5367
5368
5369
5369
5370
5371
5375
5377
5377
5378
5378
5379
5384
5386
5386
5387
5388
5390
5392
5393
5395
5395
5395
5396
5397
5399
5400
5401
5405
5408
5410
5411
5412
5413
5413
5414
5414
5414
5415
5415
5418
5420
5420
5421
5421
5423
5425
5425
5427
5427
5429
5432
5432
5432
5436
5436
5437
5437
5438
5438
5440
5441
5441
5443
5445
5445
5445
5447
5449
5450
5451
5452
5454
5454
5455
5456
5456
5456
5457
5458
5458
5458
5458
5459
5460
5460
5460
5462
5463
5466
5469
5470
5470
5471
5471
5474
5475
5480
5481
5482
5487
5487
5490
5490
5490
5493
5494
5497
5497
5498
5499
5502
5502
5502
5505
5506
5507
5512
5513
5516
5518
5522
5522
5524
5525
5525
5526
5529
5529
5530
5531
5531
5532
5533
5534
5536
5536
5536
5539
5542
5546
5546
5547
5551
5552
5553
5553
5553
5554
5556
5557
5558
5558
5558
5559
5560
5561
5562
5563
5564
5567
5567
5568
5570
5570
5572
5572
5572
5573
5573
5573
5574
5574
5576
5578
5579
5580
5582
5582
5583
5585
5586
5587
5588
5589
5589
5591
5592
5592
5593
5593
5593
5595
5596
5599
5600
5600
5601
5602
5603
5604
5605
5605
5605
5606
5607
5607
5608
5609
5609
5610
5614
5615
5615
5616
5617
5618
5621
5622
5623
5623
5623
5624
5625
5625
5625
5626
5626
5627
5629
5629
5630
5636
5636
5637
5637
5640
5641
5641
5643
5644
5646
5647
5647
5648
5650
5650
5652
5654
5658
5659
5659
5665
5666
5669
5669
5669
5669
5671
5671
5674
5674
5675
5677
5678
5679
5680
5682
5683
5684
5685
5685
5685
5686
5686
5688
5689
5690
5692
5693
5696
5696
5697
5697
5698
5703
5703
5704
5705
5705
5706
5710
5711
5711
5712
5714
5716
5716
5716
5716
5717
5718
5718
5720
5721
5722
5724
5725
5726
5727
5727
5728
5730
5730
5731
5732
5732
5733
5734
5735
5736
5738
5738
5743
5743
5744
5744
5748
5749
5752
5752
5752
5753
5754
5754
5755
5758
5758
5759
5759
5760
5760
5761
5763
5763
5763
5764
5765
5765
5765
5766
5768
5768
5770
5771
5772
5779
5783
5784
5785
5785
5785
5789
5789
5792
5792
5792
5792
5793
5793
5797
5799
5799
5800
5803
5804
5805
5805
5807
5809
5809
5810
5810
5812
5813
5814
5814
5815
5816
5818
5818
5819
5819
5820
5820
5821
5823
5823
5824
5824
5826
5826
5828
5831
5831
5833
5835
5836
5836
5841
5841
5842
5842
5842
5843
5843
5843
5844
5844
5845
5845
5848
5848
5849
5849
5850
5854
5855
5856
5857
5858
5859
5860
5861
5861
5862
5864
5864
5866
5867
5869
5871
5872
5875
5876
5880
5881
5883
5884
5884
5885
5886
5886
5887
5891
5892
5893
5894
5895
5896
5896
5897
5899
5900
5900
5901
5902
5902
5903
5904
5904
5905
5906
5907
5907
5907
5911
5913
5913
5914
5914
5915
5917
5918
5918
5919
5921
5922
5922
5923
5923
5925
5927
5930
5930
5931
5931
5932
5933
5933
5938
5938
5939
5939
5941
5941
5942
5943
5943
5943
5946
5948
5949
5949
5950
5952
5952
5953
5956
5956
5958
5958
5958
5959
5960
5960
5962
5963
5964
5964
5965
5966
5967
5970
5971
5972
5973
5975
5975
5975
5976
5976
5981
5981
5982
5983
5984
5984
5986
5988
5989
5991
5992
5993
5995
5995
5997
5997
6001
6002
6002
6004
6004
6005
6006
6006
6008
6008
6010
6010
6010
6010
6013
6014
6014
6015
6018
6019
6021
6022
6024
6025
6026
6026
6028
6028
6030
6031
6033
6034
6034
6038
6038
6039
6039
6041
6041
6044
6044
6046
6046
6047
6047
6052
6052
6053
6053
6054
6056
6058
6058
6058
6058
6062
6062
6062
6063
6064
6067
6068
6068
6068
6069
6069
6070
6071
6071
6072
6074
6074
6075
6078
6079
6080
6081
6084
6084
6086
6087
6090
6093
6094
6095
6096
6098
6098
6100
6101
6101
6101
6102
6102
6103
6103
6103
6104
6105
6108
6108
6110
6112
6113
6114
6114
6115
6118
6119
6119
6120
6121
6122
6123
6124
6129
6130
6130
6131
6131
6131
6132
6133
6133
6134
6136
6138
6139
6140
6140
6140
6142
6142
6143
6144
6145
6146
6147
6147
6147
6148
6148
6150
6151
6152
6153
6153
6153
6155
6155
6155
6156
6159
6159
6160
6161
6164
6164
6165
6166
6167
6167
6169
6170
6170
6173
6174
6176
6176
6178
6179
6179
6181
6181
6184
6184
6185
6188
6189
6189
6191
6191
6191
6193
6194
6195
6195
6196
6197
6197
6200
6201
6202
6203
6205
6206
6207
6207
6207
6209
6209
6211
6212
6213
6214
6215
6216
6217
6218
6220
6221
6222
6223
6224
6225
6226
6228
6230
6231
6231
6233
6235
6239
6240
6241
6241
6242
6242
6246
6248
6250
6251
6253
6254
6259
6262
6264
6264
6264
6264
6266
6267
6269
6269
6269
6271
6274
6274
6276
6277
6279
6280
6282
6285
6286
6287
6288
6288
6289
6289
6289
6291
6293
6293
6294
6295
6298
6299
6299
6300
6301
6301
6302
6304
6304
6304
6305
6306
6307
6308
6308
6308
6311
6312
6312
6313
6313
6313
6314
6315
6315
6316
6316
6318
6318
6318
6318
6319
6319
6319
6319
6320
6322
6322
6323
6324
6325
6330
6333
6334
6335
6335
6335
6336
6336
6336
6339
6339
6340
6341
6341
6343
6346
6347
6348
6349
6353
6353
6353
6356
6358
6358
6360
6360
6360
6361
6364
6364
6365
6365
6366
6366
6367
6367
6368
6372
6373
6374
6375
6378
6378
6380
6380
6381
6382
6382
6384
6388
6388
6389
6389
6392
6392
6393
6394
6395
6398
6401
6402
6403
6405
6406
6406
6407
6407
6409
6409
6411
6412
6413
6413
6418
6419
6421
6421
6422
6423
6424
6425
6425
6426
6426
6431
6431
6431
6432
6432
6432
6434
6434
6436
6437
6437
6438
6439
6439
6439
6440
6441
6441
6441
6444
6444
6444
6445
6445
6445
6447
6450
6452
6453
6453
6455
6455
6455
6457
6459
6460
6460
6461
6461
6466
6469
6470
6471
6472
6472
6476
6476
6477
6477
6479
6479
6479
6480
6480
6481
6481
6481
6482
6484
6487
6487
6487
6487
6488
6489
6491
6492
6494
6494
6495
6496
6496
6496
6497
6497
6499
6501
6501
6503
6505
6505
6505
6508
6514
6514
6515
6516
6516
6518
6518
6519
6520
6522
6524
6524
6524
6524
6525
6529
6529
6531
6535
6537
6538
6540
6540
6541
6542
6546
6547
6548
6549
6550
6551
6553
6556
6558
6562
6563
6565
6567
6567
6568
6568
6569
6569
6571
6571
6572
6572
6572
6576
6578
6579
6581
6582
6584
6585
6586
6587
6590
6591
6591
6591
6591
6593
6594
6596
6596
6597
6598
6600
6600
6608
6608
6610
6611
6612
6614
6614
6616
6617
6617
6618
6619
6619
6622
6630
6630
6630
6633
6634
6634
6634
6634
6636
6637
6638
6639
6639
6642
6648
6649
6649
6650
6651
6653
6653
6654
6654
6655
6657
6658
6659
6659
6660
6661
6661
6661
6662
6662
6663
6666
6666
6666
6667
6668
6669
6669
6669
6670
6671
6675
6677
6678
6678
6680
6680
6681
6682
6683
6685
6686
6686
6687
6688
6688
6689
6689
6690
6691
6692
6694
6697
6698
6699
6702
6703
6703
6705
6709
6711
6713
6715
6716
6719
6720
6720
6721
6722
6722
6723
6723
6723
6725
6727
6728
6729
6730
6731
6732
6732
6732
6733
6733
6734
6734
6736
6737
6739
6739
6740
6741
6742
6743
6744
6744
6745
6746
6746
6746
6747
6747
6748
6748
6750
6750
6750
6750
6751
6754
6755
6757
6759
6760
6761
6762
6764
6767
6768
6769
6769
6772
6772
6772
6774
6775
6775
6776
6778
6779
6780
6781
6781
6781
6782
6782
6784
6784
6792
6792
6794
6795
6795
6796
6796
6799
6801
6801
6802
6803
6805
6805
6806
6806
6806
6807
6811
6813
6814
6815
6817
6818
6819
6820
6822
6822
6822
6823
6823
6824
6825
6826
6829
6830
6832
6833
6833
6834
6834
6837
6838
6838
6840
6840
6840
6841
6843
6844
6845
6845
6846
6846
6847
6848
6849
6850
6851
6854
6855
6857
6857
6859
6860
6860
6863
6869
6869
6870
6871
6872
6874
6875
6875
6875
6875
6877
6879
6879
6880
6884
6884
6885
6888
6890
6890
6891
6891
6892
6892
6893
6900
6900
6901
6902
6903
6904
6904
6908
6908
6910
6911
6911
6913
6915
6915
6915
6918
6918
6918
6918
6920
6920
6922
6924
6924
6925
6926
6928
6928
6928
6933
6934
6934
6934
6935
6936
6939
6941
6941
6941
6942
6943
6944
6945
6945
6946
6946
6948
6948
6949
6950
6950
6951
6954
6955
6955
6956
6957
6961
6962
6965
6969
6969
6972
6973
6973
6975
6975
6975
6977
6982
6983
6984
6985
6986
6989
6989
6990
6992
6992
6993
6993
6995
6995
6996
6997
6998
6998
6999
7003
7003
7004
7004
7005
7008
7008
7010
7012
7014
7016
7018
7019
7020
7020
7021
7022
7024
7026
7027
7028
7030
7032
7034
7036
7036
7037
7038
7038
7045
7049
7049
7051
7053
7053
7055
7057
7057
7059
7061
7061
7062
7062
7062
7063
7064
7064
7067
7068
7068
7069
7070
7072
7073
7074
7074
7075
7076
7077
7077
7077
7077
7078
7079
7081
7083
7083
7084
7084
7085
7085
7086
7086
7087
7088
7090
7090
7090
7091
7091
7091
7092
7093
7093
7093
7095
7097
7097
7098
7098
7099
7100
7100
7100
7101
7102
7103
7104
7105
7105
7107
7109
7109
7110
7113
7113
7113
7113
7114
7114
7117
7118
7118
7118
7121
7121
7122
7122
7122
7123
7124
7125
7126
7127
7129
7134
7135
7135
7135
7136
7136
7140
7140
7141
7142
7143
7144
7149
7149
7150
7150
7150
7150
7152
7153
7158
7159
7160
7161
7161
7161
7162
7166
7167
7168
7169
7169
7169
7169
7170
7170
7171
7172
7173
7174
7174
7175
7179
7180
7182
7183
7184
7186
7186
7187
7187
7189
7191
7194
7195
7197
7198
7198
7198
7200
7200
7201
7202
7202
7203
7203
7205
7207
7207
7211
7213
7213
7217
7218
7219
7220
7220
7220
7221
7223
7223
7223
7224
7225
7226
7228
7228
7229
7229
7229
7230
7231
7231
7231
7235
7235
7235
7236
7236
7236
7239
7243
7243
7244
7244
7245
7245
7246
7246
7246
7248
7248
7249
7249
7249
7251
7253
7254
7256
7259
7261
7262
7263
7263
7264
7265
7266
7267
7268
7268
7268
7270
7271
7273
7274
7275
7275
7275
7276
7277
7278
7279
7279
7280
7280
7281
7281
7281
7283
7283
7285
7287
7288
7289
7289
7289
7293
7294
7296
7296
7297
7298
7298
7301
7302
7302
7303
7304
7304
7305
7306
7306
7307
7307
7308
7308
7308
7312
7313
7314
7314
7318
7318
7318
7319
7324
7325
7327
7329
7329
7330
7330
7332
7332
7333
7334
7336
7338
7339
7340
7341
7341
7342
7343
7343
7345
7347
7347
7347
7347
7349
7351
7353
7355
7355
7357
7359
7359
7360
7363
7364
7365
7367
7367
7369
7372
7373
7376
7377
7378
7378
7378
7379
7380
7380
7381
7381
7382
7386
7387
7388
7388
7389
7389
7392
7392
7393
7393
7394
7394
7395
7395
7397
7398
7398
7401
7401
7402
7402
7403
7405
7405
7408
7410
7410
7411
7414
7415
7415
7415
7417
7419
7419
7420
7422
7423
7424
7424
7425
7425
7426
7427
7431
7431
7431
7433
7436
7438
7438
7439
7439
7440
7440
7441
7442
7442
7444
7444
7445
7445
7445
7446
7447
7447
7447
7447
7451
7451
7452
7453
7455
7456
7457
7459
7461
7465
7465
7466
7466
7467
7468
7469
7470
7471
7471
7471
7473
7473
7477
7479
7480
7481
7482
7486
7486
7486
7487
7488
7489
7490
7491
7492
7493
7493
7493
7494
7494
7499
7503
7503
7504
7504
7506
7506
7512
7514
7514
7515
7515
7515
7515
7516
7520
7521
7521
7524
7525
7525
7526
7527
7528
7529
7530
7531
7531
7539
7539
7541
7541
7542
7543
7545
7548
7551
7552
7553
7555
7555
7556
7556
7559
7560
7561
7561
7562
7564
7565
7565
7565
7565
7567
7567
7567
7568
7569
7569
7570
7573
7574
7575
7575
7575
7576
7580
7580
7582
7583
7586
7587
7587
7589
7591
7593
7593
7595
7596
7600
7600
7601
7603
7603
7604
7604
7604
7605
7609
7609
7610
7610
7611
7617
7617
7619
7620
7620
7620
7621
7622
7622
7624
7624
7625
7625
7626
7627
7627
7631
7636
7639
7639
7642
7643
7644
7645
7645
7646
7647
7647
7648
7648
7648
7650
7650
7651
7654
7654
7655
7656
7659
7660
7662
7663
7665
7666
7666
7666
7666
7669
7669
7670
7673
7674
7674
7677
7678
7678
7679
7681
7682
7684
7686
7687
7688
7688
7689
7689
7691
7692
7693
7694
7695
7695
7695
7696
7696
7696
7699
7699
7700
7702
7703
7704
7705
7706
7708
7711
7713
7714
7716
7717
7718
7722
7730
7730
7732
7732
7733
7733
7733
7733
7733
7736
7737
7740
7740
7741
7741
7741
7741
7742
7742
7744
7748
7750
7751
7751
7752
7752
7753
7753
7754
7757
7757
7759
7760
7761
7761
7761
7763
7764
7766
7767
7769
7771
7771
7773
7773
7773
7775
7775
7776
7779
7782
7786
7787
7790
7791
7792
7793
7794
7795
7795
7796
7799
7800
7800
7800
7801
7801
7802
7802
7802
7804
7804
7805
7806
7807
7808
7808
7808
7809
7809
7809
7810
7811
7813
7813
7815
7816
7817
7817
7818
7818
7819
7820
7821
7821
7825
7825
7826
7827
7829
7829
7830
7832
7832
7835
7835
7836
7838
7838
7839
7840
7840
7841
7841
7842
7843
7844
7844
7845
7845
7845
7846
7849
7853
7855
7857
7860
7860
7860
7860
7861
7861
7863
7864
7865
7866
7867
7868
7869
7870
7872
7874
7876
7877
7878
7878
7879
7879
7879
7881
7883
7884
7885
7885
7886
7887
7889
7889
7892
7893
7893
7895
7896
7896
7896
7896
7897
7899
7899
7905
7905
7906
7906
7907
7907
7908
7908
7911
7912
7912
7913
7914
7914
7916
7917
7918
7920
7920
7927
7928
7929
7929
7932
7933
7934
7935
7939
7940
7942
7943
7943
7948
7948
7950
7952
7952
7952
7953
7954
7954
7955
7957
7957
7959
7959
7959
7960
7960
7961
7961
7961
7962
7964
7965
7965
7968
7968
7969
7970
7972
7973
7975
7977
7977
7979
7980
7981
7982
7982
7983
7986
7989
7991
7993
7993
7993
7995
7995
7996
7999
8002
8002
8004
8006
8008
8011
8011
8015
8016
8017
8018
8019
8020
8021
8025
8025
8030
8031
8035
8037
8037
8041
8041
8043
8044
8045
8045
8046
8046
8047
8049
8050
8051
8052
8052
8053
8054
8056
8057
8057
8059
8059
8060
8060
8060
8061
8064
8065
8068
8069
8069
8069
8070
8070
8070
8070
8072
8072
8073
8074
8074
8075
8081
8081
8081
8081
8082
8083
8084
8088
8090
8091
8092
8092
8092
8094
8096
8100
8103
8104
8105
8106
8107
8109
8110
8110
8113
8114
8114
8114
8116
8118
8120
8120
8121
8122
8122
8123
8123
8124
8124
8130
8130
8131
8132
8132
8134
8135
8139
8139
8140
8141
8141
8142
8142
8142
8142
8145
8146
8147
8148
8149
8150
8150
8151
8152
8154
8156
8157
8157
8158
8160
8169
8173
8174
8175
8175
8176
8176
8176
8176
8176
8177
8179
8181
8181
8182
8187
8188
8189
8190
8193
8194
8195
8195
8197
8198
8203
8203
8203
8203
8204
8205
8205
8209
8211
8212
8212
8214
8214
8214
8216
8216
8216
8225
8225
8226
8226
8228
8231
8231
8232
8233
8235
8235
8235
8237
8238
8240
8240
8242
8247
8247
8247
8248
8249
8250
8251
8253
8254
8254
8255
8257
8258
8264
8264
8266
8266
8267
8272
8273
8273
8274
8274
8274
8276
8277
8278
8279
8280
8281
8281
8281
8282
8283
8284
8284
8284
8284
8285
8290
8291
8293
8294
8296
8296
8297
8297
8297
8298
8299
8299
8299
8301
8301
8301
8302
8303
8304
8306
8307
8310
8311
8311
8313
8314
8316
8318
8319
8320
8320
8321
8322
8323
8323
8327
8329
8329
8331
8332
8332
8333
8333
8333
8336
8344
8345
8346
8348
8348
8349
8350
8350
8351
8354
8355
8356
8357
8358
8358
8360
8360
8361
8362
8362
8363
8365
8367
8367
8367
8369
8369
8369
8369
8370
8371
8371
8373
8373
8374
8374
8379
8379
8380
8380
8380
8381
8383
8384
8385
8387
8388
8389
8392
8394
8396
8398
8399
8400
8400
8400
8402
8407
8407
8408
8408
8410
8411
8411
8413
8414
8414
8415
8415
8415
8415
8417
8420
8424
8426
8427
8428
8429
8430
8431
8432
8432
8434
8434
8437
8437
8438
8440
8441
8442
8442
8445
8445
8445
8446
8446
8446
8449
8449
8449
8452
8453
8453
8454
8456
8456
8459
8460
8465
8465
8466
8467
8467
8467
8468
8470
8471
8471
8472
8474
8474
8479
8479
8480
8481
8482
8483
8483
8483
8485
8489
8490
8492
8493
8494
8495
8496
8497
8499
8500
8501
8503
8503
8506
8506
8507
8507
8508
8512
8512
8514
8514
8515
8516
8517
8518
8519
8523
8525
8527
8530
8531
8532
8534
8536
8537
8537
8537
8538
8539
8540
8540
8544
8546
8546
8546
8546
8546
8547
8547
8549
8550
8552
8553
8554
8555
8556
8556
8559
8560
8561
8562
8562
8562
8564
8564
8564
8564
8566
8567
8569
8569
8570
8570
8570
8571
8572
8572
8572
8573
8574
8575
8575
8577
8580
8582
8584
8585
8587
8589
8590
8592
8594
8594
8595
8599
8600
8600
8601
8603
8604
8604
8605
8608
8608
8608
8609
8610
8611
8613
8615
8618
8620
8622
8623
8626
8627
8628
8629
8629
8632
8633
8634
8634
8635
8635
8636
8639
8639
8640
8641
8642
8644
8644
8644
8645
8646
8646
8646
8647
8647
8648
8650
8651
8651
8653
8653
8653
8653
8653
8655
8657
8658
8659
8660
8662
8663
8665
8665
8667
8668
8668
8668
8668
8669
8671
8671
8672
8676
8677
8679
8680
8681
8683
8685
8685
8685
8685
8687
8688
8688
8689
8691
8693
8694
8694
8694
8695
8700
8701
8701
8702
8703
8706
8706
8707
8708
8709
8711
8714
8714
8715
8716
8718
8719
8721
8725
8725
8727
8729
8730
8732
8733
8733
8735
8736
8737
8737
8740
8742
8745
8745
8745
8746
8748
8749
8751
8751
8752
8753
8755
8757
8758
8758
8759
8759
8759
8760
8763
8765
8766
8768
8768
8768
8769
8770
8771
8771
8771
8772
8772
8773
8775
8776
8780
8782
8782
8787
8790
8790
8791
8792
8792
8793
8794
8794
8794
8795
8795
8796
8796
8796
8797
8798
8799
8801
8801
8806
8807
8808
8810
8812
8813
8815
8816
8817
8817
8817
8823
8825
8826
8826
8826
8827
8828
8830
8830
8833
8833
8833
8833
8835
8836
8836
8837
8838
8838
8839
8840
8840
8843
8844
8847
8847
8848
8852
8852
8854
8858
8861
8862
8862
8864
8864
8865
8866
8866
8866
8869
8871
8874
8878
8879
8879
8880
8880
8883
8884
8886
8887
8888
8889
8889
8889
8889
8890
8891
8893
8894
8898
8898
8899
8902
8903
8905
8908
8910
8913
8914
8914
8915
8916
8919
8919
8920
8920
8927
8927
8928
8929
8929
8929
8930
8930
8936
8940
8942
8942
8942
8943
8945
8946
8953
8955
8955
8956
8956
8957
8959
8959
8961
8962
8964
8964
8965
8965
8965
8966
8969
8970
8971
8971
8973
8974
8976
8976
8977
8978
8980
8980
8980
8980
8981
8981
8983
8984
8985
8985
8986
8986
8987
8987
8987
8988
8988
8989
8992
8993
8995
8996
8998
9004
9004
9004
9010
9012
9013
9014
9014
9016
9017
9017
9017
9017
9018
9019
9019
9023
9024
9024
9024
9026
9027
9028
9030
9031
9032
9033
9034
9037
9040
9041
9042
9043
9043
9043
9044
9044
9045
9046
9048
9048
9048
9049
9051
9051
9052
9054
9055
9055
9055
9059
9061
9062
9062
9062
9063
9064
9065
9066
9069
9069
9071
9073
9073
9074
9074
9076
9077
9078
9081
9083
9083
9086
9086
9087
9089
9089
9090
9093
9093
9094
9095
9098
9100
9103
9103
9105
9105
9106
9106
9107
9107
9108
9110
9113
9116
9117
9118
9118
9120
9121
9121
9121
9122
9122
9123
9124
9126
9127
9129
9129
9129
9130
9132
9133
9133
9135
9136
9137
9138
9139
9142
9144
9145
9145
9146
9147
9147
9147
9148
9149
9150
9150
9150
9151
9151
9152
9153
9155
9155
9156
9156
9160
9164
9166
9168
9169
9170
9173
9173
9174
9175
9175
9176
9177
9177
9177
9178
9178
9179
9180
9181
9181
9182
9184
9186
9186
9187
9188
9189
9189
9189
9193
9198
9198
9201
9201
9203
9205
9205
9205
9208
9209
9210
9210
9211
9212
9218
9218
9219
9220
9220
9221
9222
9222
9222
9222
9223
9224
9227
9228
9228
9230
9232
9233
9233
9233
9234
9235
9236
9236
9238
9240
9241
9242
9242
9242
9244
9248
9248
9254
9254
9255
9256
9257
9257
9257
9258
9259
9262
9263
9265
9265
9265
9265
9267
9268
9269
9271
9272
9276
9277
9277
9277
9278
9280
9281
9282
9283
9283
9283
9284
9284
9284
9285
9287
9289
9289
9293
9294
9294
9296
9298
9300
9301
9301
9302
9306
9307
9309
9312
9313
9314
9315
9315
9318
9319
9319
9319
9321
9322
9322
9322
9323
9324
9325
9326
9328
9330
9331
9335
9337
9338
9338
9339
9339
9340
9341
9342
9342
9343
9344
9346
9347
9353
9353
9354
9354
9357
9357
9358
9359
9360
9362
9362
9362
9363
9364
9364
9364
9365
9367
9367
9374
9375
9377
9377
9378
9379
9380
9385
9386
9386
9389
9392
9392
9393
9393
9394
9396
9397
9399
9399
9403
9404
9404
9405
9406
9406
9406
9406
9407
9408
9411
9411
9413
9415
9415
9416
9417
9419
9421
9421
9421
9421
9422
9422
9422
9426
9426
9427
9428
9429
9429
9431
9431
9432
9433
9433
9435
9435
9435
9437
9439
9439
9440
9440
9440
9440
9441
9442
9443
9446
9451
9451
9452
9453
9454
9454
9456
9456
9457
9458
9458
9460
9461
9464
9464
9464
9466
9466
9467
9468
9469
9470
9471
9472
9472
9473
9475
9478
9479
9481
9482
9483
9486
9487
9488
9489
9496
9497
9498
9499
9499
9499
9500
9501
9502
9505
9507
9508
9508
9509
9509
9510
9511
9512
9512
9512
9512
9513
9516
9516
9517
9517
9518
9518
9519
9520
9522
9523
9529
9529
9530
9532
9532
9534
9534
9534
9535
9536
9537
9538
9539
9540
9541
9541
9542
9543
9546
9547
9548
9548
9551
9552
9555
9561
9563
9563
9564
9565
9566
9569
9569
9573
9573
9574
9574
9576
9577
9577
9578
9579
9579
9581
9585
9585
9586
9586
9586
9587
9587
9587
9589
9589
9590
9590
9591
9595
9595
9596
9597
9598
9599
9599
9601
9602
9602
9603
9604
9606
9607
9608
9609
9609
9614
9614
9615
9618
9619
9620
9620
9621
9623
9625
9627
9628
9629
9629
9631
9632
9632
9633
9633
9635
9636
9636
9637
9642
9645
9646
9646
9650
9651
9652
9653
9653
9654
9655
9655
9659
9659
9660
9661
9662
9662
9662
9663
9664
9664
9664
9667
9669
9669
9674
9676
9677
9678
9678
9680
9681
9681
9682
9682
9683
9684
9684
9685
9688
9690
9690
9690
9692
9693
9697
9699
9703
9707
9710
9712
9713
9717
9717
9720
9723
9723
9723
9724
9726
9726
9726
9729
9731
9732
9733
9733
9733
9733
9735
9737
9737
9744
9744
9744
9745
9746
9746
9746
9746
9749
9749
9749
9751
9752
9752
9754
9757
9758
9758
9762
9765
9766
9767
9770
9771
9771
9771
9773
9773
9774
9774
9775
9776
9776
9776
9780
9782
9783
9783
9785
9788
9788
9788
9789
9790
9791
9792
9793
9794
9795
9796
9797
9798
9798
9801
9801
9801
9803
9803
9803
9804
9805
9807
9807
9809
9810
9811
9814
9814
9817
9818
9819
9821
9822
9824
9824
9824
9824
9824
9825
9826
9828
9828
9829
9831
9832
9832
9832
9833
9833
9835
9835
9835
9835
9836
9837
9837
9841
9841
9841
9843
9844
9847
9848
9849
9852
9853
9855
9855
9856
9858
9858
9859
9859
9860
9861
9861
9862
9862
9864
9865
9865
9866
9867
9867
9868
9869
9871
9872
9873
9875
9875
9875
9876
9878
9881
9882
9885
9885
9885
9886
9888
9888
9888
9888
9889
9890
9891
9893
9893
9897
9899
9900
9902
9904
9905
9905
9907
9911
9911
9911
9911
9912
9913
9913
9914
9926
9927
9929
9929
9931
9933
9934
9938
9939
9946
9946
9947
9947
9948
9948
9948
9948
9949
9949
9949
9949
9950
9953
9953
9953
9955
9957
9957
9959
9960
9962
9962
9964
9965
9967
9968
9973
9973
9974
9975
9975
9975
9975
9976
9978
9979
9979
9980
9981
9982
9983
9984
9985
9987
9987
9988
9988
9989
9993
9994
9995
9995
9999
10000
10000
10000
