1
2
5
10
10
12
14
16
18
19
21
23
23
25
26
27
29
30
30
31
33
36
38
41
43
44
44
46
47
50
52
53
53
59
62
62
63
67
67
67
68
71
71
74
74
75
75
77
82
83
84
85
87
87
88
92
92
94
94
96
96
100
102
104
107
107
109
110
117
117
117
121
125
125
126
127
128
129
131
132
134
135
137
137
138
139
142
143
143
143
144
145
147
149
150
151
154
155
156
159
162
165
167
168
170
171
172
172
173
175
175
180
182
183
183
186
186
187
191
192
193
195
197
199
201
203
204
207
210
212
216
218
219
220
220
224
229
230
231
233
236
240
244
245
245
246
250
251
253
254
254
257
258
259
259
261
264
265
267
267
271
274
275
275
277
281
283
284
284
285
286
286
288
291
294
294
297
297
299
300
300
303
306
309
309
314
315
319
321
321
322
323
324
325
328
329
330
330
331
333
333
335
335
335
335
338
340
340
342
342
342
343
345
347
350
352
352
354
354
355
356
357
357
359
362
363
363
364
365
369
372
375
385
385
391
392
399
399
399
400
401
401
402
403
404
405
408
410
411
411
412
412
412
413
413
414
416
417
417
419
420
420
428
428
429
431
434
434
435
438
438
439
440
442
445
445
447
453
454
459
460
461
462
463
464
464
468
468
469
470
471
473
474
475
475
476
476
477
479
481
483
484
485
486
487
488
488
489
490
493
496
497
498
501
502
504
504
509
511
517
518
519
519
520
520
521
521
527
529
529
530
532
534
534
538
538
539
540
542
548
549
554
554
558
558
562
563
565
565
565
565
565
568
568
569
574
578
583
585
586
586
587
587
589
591
592
592
593
594
594
595
596
596
600
600
606
609
609
612
612
614
614
617
618
618
619
622
623
624
625
625
627
629
629
631
632
633
635
637
644
651
654
663
663
664
665
665
669
672
672
673
674
677
677
680
683
685
685
685
686
687
687
690
691
692
694
696
696
697
698
702
702
702
708
713
714
715
716
716
718
719
719
721
721
723
725
725
727
728
729
731
734
735
738
739
739
740
740
741
742
742
743
745
745
745
748
750
758
760
761
762
769
771
773
776
776
777
778
781
781
782
784
786
787
787
787
788
788
789
789
792
796
797
797
798
799
799
802
802
805
807
807
808
809
809
810
811
813
818
820
820
822
824
825
827
827
830
830
831
835
835
838
841
845
845
847
848
849
850
851
851
852
858
860
860
861
861
863
866
867
868
868
870
871
872
873
874
874
874
875
875
877
878
879
880
883
883
886
887
887
887
889
894
898
899
901
901
901
905
906
907
908
909
910
910
911
911
914
915
917
918
918
919
919
920
920
923
923
924
925
928
928
935
937
937
938
939
941
942
942
943
944
945
947
949
952
953
953
954
954
957
957
959
959
959
961
971
975
976
976
977
979
981
983
985
985
987
988
990
990
990
994
998
999
1001
1002
1003
1003
1004
1008
1008
1010
1011
1012
1016
1017
1017
1018
1019
1024
1025
1027
1028
1032
1035
1037
1039
1040
1041
1044
1048
1050
1050
1052
1052
1052
1055
1056
1057
1060
1062
1064
1065
1065
1065
1066
1066
1070
1070
1072
1072
1072
1072
1074
1076
1078
1080
1082
1085
1085
1086
1093
1094
1095
1095
1098
1100
1100
1101
1103
1105
1107
1107
1109
1112
1118
1118
1120
1121
1123
1124
1126
1130
1130
1136
1136
1137
1141
1147
1148
1148
1149
1153
1157
1158
1162
1162
1163
1167
1169
1170
1170
1172
1172
1174
1178
1179
1179
1181
1182
1184
1189
1189
1192
1193
1196
1197
1199
1199
1200
1201
1201
1202
1204
1204
1207
1207
1209
1210
1211
1214
1215
1216
1223
1227
1231
1231
1236
1239
1239
1239
1245
1246
1247
1247
1248
1252
1255
1255
1256
1257
1257
1259
1259
1260
1260
1261
1262
1263
1263
1264
1269
1271
1271
1272
1272
1272
1273
1273
1274
1275
1275
1276
1277
1281
1282
1284
1284
1287
1288
1289
1290
1293
1294
1297
1300
1300
1301
1304
1304
1309
1312
1314
1315
1318
1318
1319
1321
1322
1323
1323
1324
1331
1331
1332
1332
1334
1335
1340
1341
1342
1346
1353
1355
1363
1366
1371
1373
1373
1376
1377
1379
1380
1381
1382
1383
1388
1389
1389
1400
1402
1403
1403
1404
1406
1412
1413
1414
1415
1415
1416
1418
1418
1419
1423
1424
1430
1431
1432
1434
1434
1435
1437
1437
1437
1444
1445
1448
1448
1451
1451
1451
1453
1454
1454
1456
1459
1461
1462
1465
1465
1466
1469
1473
1473
1473
1476
1478
1481
1483
1483
1483
1485
1485
1488
1494
1494
1494
1494
1497
1502
1503
1503
1504
1504
1508
1509
1513
1517
1518
1521
1521
1522
1523
1524
1525
1525
1525
1526
1529
1529
1533
1533
1535
1535
1536
1540
1540
1542
1542
1542
1542
1546
1547
1547
1549
1553
1556
1558
1558
1560
1562
1565
1565
1567
1567
1570
1570
1570
1573
1573
1574
1574
1575
1575
1575
1580
1582
1583
1583
1583
1583
1586
1587
1587
1587
1587
1589
1590
1590
1593
1594
1599
1601
1602
1603
1606
1612
1613
1615
1617
1617
1618
1619
1619
1620
1621
1621
1622
1623
1623
1627
1627
1631
1633
1638
1638
1639
1640
1640
1641
1642
1642
1646
1647
1647
1648
1648
1651
1653
1654
1655
1655
1656
1657
1659
1660
1661
1663
1664
1665
1665
1665
1666
1671
1673
1674
1674
1677
1677
1678
1682
1685
1686
1689
1689
1691
1691
1692
1692
1693
1695
1698
1702
1703
1705
1706
1707
1711
1716
1716
1717
1718
1719
1719
1720
1720
1721
1722
1725
1728
1732
1734
1735
1736
1737
1737
1738
1739
1742
1744
1745
1747
1757
1757
1758
1758
1761
1764
1768
1769
1769
1772
1775
1775
1776
1777
1777
1778
1780
1780
1783
1784
1785
1788
1791
1795
1796
1797
1798
1799
1800
1802
1804
1807
1810
1810
1810
1813
1824
1826
1826
1827
1828
1828
1829
1831
1832
1832
1833
1833
1834
1837
1838
1839
1839
1840
1845
1848
1849
1849
1849
1850
1856
1858
1859
1859
1859
1860
1866
1868
1869
1873
1873
1874
1879
1880
1882
1883
1890
1890
1893
1893
1895
1897
1898
1898
1898
1899
1902
1905
1905
1911
1912
1914
1914
1915
1915
1916
1916
1920
1921
1923
1924
1926
1926
1926
1927
1927
1928
1929
1931
1932
1933
1933
1934
1934
1935
1938
1938
1942
1944
1945
1946
1948
1948
1948
1952
1952
1955
1956
1956
1960
1968
1968
1969
1972
1973
1977
1978
1979
1979
1981
1982
1982
1983
1986
1987
1990
1991
1991
1995
2001
2004
2004
2004
2007
2007
2008
2008
2013
2017
2019
2020
2022
2022
2023
2024
2025
2025
2027
2031
2031
2031
2034
2035
2035
2039
2041
2041
2044
2044
2046
2047
2048
2048
2053
2055
2056
2056
2057
2064
2065
2073
2074
2075
2078
2080
2081
2082
2083
2084
2086
2089
2090
2092
2093
2095
2097
2101
2105
2106
2108
2114
2115
2117
2117
2125
2126
2127
2127
2128
2130
2132
2134
2135
2136
2139
2140
2140
2140
2142
2144
2146
2147
2150
2151
2158
2159
2159
2164
2165
2170
2174
2181
2181
2182
2184
2187
2187
2187
2187
2188
2190
2191
2191
2191
2193
2194
2194
2200
2204
2205
2207
2209
2209
2214
2215
2215
2216
2218
2221
2223
2223
2227
2227
2227
2228
2229
2236
2238
2244
2253
2258
2259
2261
2262
2263
2263
2264
2270
2271
2271
2271
2273
2273
2278
2279
2279
2280
2282
2282
2282
2282
2282
2283
2284
2285
2285
2286
2286
2289
2292
2292
2295
2299
2299
2301
2302
2302
2305
2305
2306
2307
2308
2311
2312
2313
2314
2314
2315
2318
2319
2320
2320
2320
2321
2322
2323
2323
2326
2327
2327
2331
2335
2343
2345
2346
2347
2348
2351
2351
2352
2354
2355
2357
2358
2359
2360
2361
2362
2364
2365
2367
2370
2370
2372
2373
2376
2376
2379
2381
2382
2385
2387
2390
2391
2393
2397
2402
2405
2407
2413
2414
2415
2417
2419
2420
2424
2425
2426
2426
2431
2432
2432
2435
2437
2438
2439
2440
2440
2442
2442
2445
2447
2447
2450
2451
2454
2456
2457
2458
2458
2463
2463
2463
2464
2464
2467
2470
2472
2478
2478
2480
2481
2482
2483
2483
2485
2486
2486
2486
2486
2487
2487
2487
2489
2489
2490
2493
2493
2494
2495
2495
2495
2496
2496
2500
2500
2505
2506
2506
2508
2509
2512
2512
2513
2513
2514
2520
2521
2522
2522
2525
2528
2531
2531
2532
2534
2538
2541
2542
2543
2547
2548
2549
2551
2554
2554
2556
2557
2560
2562
2564
2565
2568
2569
2573
2574
2574
2575
2575
2575
2578
2580
2585
2586
2587
2590
2592
2592
2592
2592
2593
2596
2596
2597
2603
2604
2605
2606
2606
2606
2606
2611
2613
2614
2616
2617
2621
2625
2633
2635
2635
2636
2639
2642
2643
2643
2645
2647
2648
2649
2650
2651
2654
2655
2656
2656
2658
2660
2661
2661
2662
2665
2666
2666
2669
2670
2671
2672
2673
2675
2675
2677
2678
2679
2679
2679
2681
2682
2690
2690
2692
2694
2701
2705
2706
2707
2709
2713
2714
2717
2725
2726
2727
2729
2731
2731
2731
2734
2735
2738
2738
2739
2739
2741
2744
2747
2749
2750
2750
2755
2755
2757
2759
2760
2761
2761
2765
2766
2766
2767
2769
2770
2771
2771
2772
2772
2774
2775
2776
2777
2778
2781
2782
2785
2785
2786
2787
2788
2800
2803
2804
2807
2810
2811
2813
2813
2815
2817
2818
2818
2822
2823
2827
2829
2834
2834
2835
2836
2836
2838
2839
2839
2844
2846
2847
2854
2854
2855
2855
2857
2860
2862
2863
2864
2864
2869
2869
2871
2871
2873
2874
2876
2876
2878
2882
2884
2886
2886
2887
2888
2889
2890
2890
2892
2892
2897
2897
2898
2899
2900
2902
2905
2906
2906
2906
2907
2908
2911
2912
2913
2916
2916
2919
2923
2924
2925
2927
2928
2929
2930
2931
2934
2936
2938
2940
2941
2945
2946
2948
2948
2952
2952
2958
2959
2963
2963
2964
2964
2965
2966
2966
2968
2968
2968
2969
2970
2970
2972
2972
2972
2973
2975
2975
2976
2980
2984
2984
2985
2988
2991
2992
2992
2992
2995
2997
2997
2997
2998
2998
2999
3000
3000
3003
3006
3007
3009
3011
3012
3012
3014
3015
3016
3023
3024
3025
3030
3031
3036
3037
3038
3038
3040
3041
3042
3042
3043
3043
3045
3046
3046
3047
3047
3050
3051
3051
3052
3053
3054
3054
3055
3055
3056
3056
3060
3061
3062
3062
3062
3062
3065
3066
3066
3067
3067
3067
3069
3070
3071
3076
3078
3082
3083
3088
3088
3090
3090
3091
3092
3094
3097
3098
3101
3104
3111
3114
3118
3120
3121
3127
3127
3127
3127
3129
3131
3131
3131
3135
3137
3140
3140
3143
3143
3146
3146
3147
3149
3149
3150
3151
3151
3151
3157
3160
3168
3168
3169
3171
3172
3172
3173
3174
3177
3177
3180
3181
3182
3183
3188
3191
3193
3194
3195
3197
3198
3198
3202
3203
3204
3207
3208
3209
3210
3212
3212
3213
3215
3215
3218
3220
3221
3222
3222
3226
3228
3238
3239
3242
3243
3244
3246
3250
3251
3255
3255
3259
3260
3262
3264
3264
3266
3269
3269
3269
3270
3271
3272
3273
3273
3274
3275
3275
3281
3285
3287
3287
3291
3296
3297
3298
3298
3299
3301
3303
3303
3304
3305
3307
3310
3311
3316
3319
3321
3325
3326
3327
3331
3331
3333
3334
3336
3339
3341
3343
3356
3357
3361
3362
3364
3364
3365
3365
3369
3372
3373
3374
3375
3376
3378
3379
3385
3388
3389
3392
3396
3396
3401
3403
3403
3404
3405
3406
3407
3408
3409
3414
3415
3415
3417
3421
3423
3424
3424
3424
3428
3429
3431
3432
3433
3436
3440
3442
3443
3444
3444
3445
3446
3446
3448
3448
3452
3453
3455
3456
3456
3457
3461
3463
3464
3467
3472
3472
3473
3475
3478
3478
3479
3483
3483
3484
3484
3485
3488
3489
3491
3492
3496
3497
3500
3504
3504
3504
3505
3509
3512
3512
3512
3515
3515
3520
3521
3521
3521
3522
3525
3525
3531
3531
3532
3533
3536
3537
3538
3541
3541
3541
3542
3542
3542
3542
3545
3547
3548
3551
3552
3555
3555
3558
3558
3560
3561
3563
3564
3565
3566
3566
3566
3567
3568
3569
3570
3571
3573
3574
3575
3579
3580
3580
3585
3587
3587
3587
3587
3587
3592
3593
3594
3594
3595
3598
3599
3601
3601
3602
3602
3605
3606
3609
3611
3612
3612
3615
3615
3616
3619
3620
3621
3623
3628
3628
3628
3632
3633
3633
3639
3639
3640
3641
3641
3641
3642
3643
3645
3646
3647
3647
3651
3652
3653
3657
3664
3668
3669
3671
3672
3672
3672
3673
3673
3676
3676
3680
3686
3687
3691
3691
3695
3700
3707
3707
3715
3716
3717
3718
3719
3722
3722
3725
3726
3727
3727
3730
3733
3736
3736
3737
3737
3738
3738
3740
3740
3742
3742
3743
3743
3745
3745
3748
3750
3751
3752
3752
3754
3754
3754
3755
3757
3758
3761
3763
3764
3765
3767
3767
3767
3768
3770
3771
3774
3776
3776
3779
3782
3782
3782
3783
3786
3788
3788
3788
3790
3791
3792
3792
3798
3799
3799
3800
3800
3801
3807
3807
3808
3811
3815
3817
3818
3822
3826
3832
3837
3842
3849
3854
3854
3856
3857
3860
3861
3863
3865
3865
3865
3865
3868
3869
3870
3872
3872
3872
3874
3876
3880
3881
3881
3881
3885
3885
3890
3892
3899
3901
3905
3905
3907
3915
3916
3917
3918
3920
3921
3921
3921
3925
3926
3933
3933
3937
3938
3938
3938
3945
3946
3949
3953
3954
3957
3958
3959
3959
3960
3961
3962
3969
3973
3974
3974
3975
3980
3983
3983
3987
3988
3988
3990
3992
3992
3995
3999
3999
4000
4001
4001
4005
4006
4007
4011
4015
4018
4020
4021
4022
4023
4027
4028
4029
4031
4031
4035
4040
4040
4040
4041
4048
4051
4052
4053
4057
4058
4063
4066
4069
4069
4069
4074
4074
4082
4083
4083
4087
4088
4088
4088
4089
4089
4089
4090
4095
4097
4098
4098
4100
4100
4103
4104
4105
4108
4110
4110
4112
4115
4116
4119
4119
4120
4122
4123
4124
4126
4128
4130
4136
4139
4140
4140
4141
4152
4153
4155
4155
4156
4159
4167
4167
4168
4169
4169
4171
4171
4171
4172
4172
4174
4182
4182
4182
4183
4186
4186
4193
4193
4194
4196
4196
4197
4201
4202
4202
4203
4208
4209
4211
4216
4219
4220
4221
4226
4227
4227
4234
4236
4238
4238
4240
4240
4242
4244
4245
4247
4247
4252
4255
4256
4258
4258
4259
4260
4260
4270
4274
4277
4278
4284
4286
4286
4287
4288
4289
4289
4290
4291
4292
4295
4300
4301
4302
4302
4303
4303
4305
4306
4306
4307
4307
4308
4312
4315
4318
4318
4321
4322
4324
4325
4329
4331
4335
4335
4336
4338
4338
4339
4340
4341
4343
4345
4345
4346
4349
4350
4351
4351
4352
4352
4355
4355
4356
4358
4358
4360
4365
4367
4368
4370
4374
4376
4376
4377
4381
4382
4384
4385
4385
4385
4387
4387
4388
4389
4392
4392
4393
4395
4396
4396
4396
4399
4404
4404
4407
4409
4410
4410
4410
4418
4419
4420
4420
4421
4421
4423
4423
4428
4431
4432
4433
4437
4437
4442
4443
4443
4446
4448
4448
4449
4451
4452
4453
4453
4453
4455
4459
4461
4463
4465
4467
4471
4471
4473
4473
4474
4474
4475
4475
4476
4476
4480
4480
4480
4482
4490
4491
4492
4493
4498
4500
4500
4501
4506
4506
4507
4507
4508
4508
4508
4509
4509
4511
4513
4514
4520
4522
4525
4525
4530
4532
4538
4538
4540
4542
4543
4544
4547
4548
4549
4550
4550
4550
4553
4554
4556
4556
4559
4565
4566
4567
4570
4572
4575
4575
4581
4582
4582
4586
4587
4588
4589
4590
4590
4591
4592
4593
4594
4597
4599
4604
4605
4609
4610
4611
4611
4615
4616
4616
4617
4619
4620
4621
4621
4624
4632
4632
4636
4640
4642
4643
4644
4647
4649
4651
4652
4654
4655
4656
4657
4659
4661
4661
4662
4667
4668
4669
4670
4670
4670
4670
4671
4671
4672
4678
4678
4679
4682
4682
4682
4685
4686
4688
4690
4693
4693
4693
4694
4703
4703
4704
4705
4705
4705
4706
4709
4711
4715
4716
4722
4724
4734
4735
4735
4736
4736
4739
4743
4744
4744
4744
4745
4747
4749
4749
4750
4751
4751
4752
4756
4759
4760
4763
4763
4765
4768
4769
4769
4772
4773
4773
4774
4774
4775
4777
4778
4786
4788
4791
4792
4792
4792
4794
4796
4797
4798
4799
4802
4806
4806
4806
4806
4808
4808
4809
4810
4810
4811
4811
4811
4812
4814
4815
4817
4819
4821
4822
4822
4823
4824
4827
4829
4832
4836
4836
4836
4838
4839
4841
4842
4844
4845
4849
4849
4850
4851
4862
4866
4868
4869
4870
4874
4874
4874
4875
4878
4880
4880
4885
4886
4886
4887
4888
4889
4896
4897
4897
4898
4898
4899
4901
4902
4904
4906
4909
4909
4910
4913
4913
4914
4915
4918
4921
4931
4932
4934
4934
4935
4936
4937
4938
4938
4941
4943
4944
4945
4946
4948
4953
4956
4958
4962
4963
4963
4964
4965
4965
4969
4971
4972
4976
4978
4978
4979
4981
4983
4986
4987
4987
4988
4997
4997
4997
4999
5002
5002
5003
5009
5010
5011
5013
5013
5015
5015
5016
5017
5018
5019
5020
5021
5022
5023
5023
5025
5027
5028
5031
5031
5032
5032
5033
5035
5036
5038
5042
5045
5046
5048
5049
5052
5056
5060
5061
5064
5068
5070
5071
5076
5077
5078
5082
5084
5090
5091
5092
5094
5095
5095
5096
5098
5100
5107
5107
5109
5114
5115
5115
5124
5125
5128
5131
5131
5132
5133
5134
5134
5135
5136
5137
5150
5152
5153
5154
5155
5155
5156
5158
5160
5162
5163
5166
5170
5171
5171
5175
5175
5177
5182
5184
5184
5185
5187
5187
5187
5188
5190
5193
5194
5195
5196
5198
5198
5199
5201
5204
5209
5210
5210
5211
5211
5212
5214
5215
5219
5220
5224
5225
5226
5228
5229
5230
5231
5232
5236
5238
5238
5238
5239
5239
5240
5246
5247
5250
5252
5254
5256
5257
5261
5265
5268
5268
5269
5273
5273
5275
5278
5279
5280
5282
5283
5284
5284
5285
5285
5288
5290
5293
5298
5299
5300
5301
5305
5306
5307
5309
5313
5316
5316
5317
5319
5324
5328
5331
5332
5334
5335
5336
5336
5337
5341
5343
5346
5348
5348
5355
5360
5360
5363
5363
5364
5366
5367
5368
5371
5372
5373
5374
5376
5376
5377
5378
5379
5379
5380
5381
5383
5383
5385
5387
5388
5388
5389
5390
5394
5396
5403
5403
5403
5405
5405
5405
5405
5407
5408
5408
5409
5410
5411
5412
5412
5414
5420
5423
5423
5424
5426
5426
5427
5430
5432
5432
5433
5433
5435
5435
5437
5441
5441
5444
5447
5448
5452
5453
5454
5454
5456
5456
5457
5460
5464
5464
5465
5466
5469
5469
5470
5471
5471
5472
5472
5475
5475
5475
5478
5479
5479
5480
5481
5482
5482
5483
5485
5486
5487
5490
5491
5496
5497
5498
5503
5506
5507
5508
5509
5509
5509
5510
5511
5512
5514
5519
5520
5525
5530
5534
5535
5535
5536
5537
5538
5540
5544
5544
5545
5546
5549
5549
5551
5554
5554
5556
5558
5560
5569
5569
5569
5570
5570
5572
5573
5574
5574
5576
5578
5578
5580
5581
5582
5582
5583
5584
5584
5585
5587
5588
5588
5589
5589
5591
5594
5596
5596
5596
5596
5596
5597
5597
5599
5600
5600
5600
5601
5603
5604
5605
5605
5605
5608
5609
5613
5615
5615
5619
5621
5624
5625
5626
5627
5627
5628
5628
5628
5630
5633
5636
5639
5640
5640
5640
5640
5640
5643
5643
5647
5648
5648
5651
5654
5655
5656
5662
5663
5665
5665
5666
5666
5667
5667
5667
5668
5669
5672
5675
5677
5680
5681
5689
5691
5691
5691
5693
5694
5694
5694
5694
5696
5702
5704
5709
5709
5710
5714
5715
5715
5718
5721
5723
5724
5727
5727
5728
5731
5734
5736
5736
5736
5736
5737
5738
5740
5741
5742
5743
5745
5746
5747
5749
5752
5753
5757
5759
5759
5762
5764
5765
5772
5777
5778
5779
5779
5784
5786
5792
5795
5796
5796
5800
5801
5803
5805
5807
5807
5809
5809
5810
5810
5811
5811
5812
5812
5813
5821
5821
5823
5825
5826
5826
5827
5828
5830
5834
5834
5837
5841
5842
5842
5843
5844
5844
5847
5849
5850
5851
5852
5854
5860
5860
5861
5862
5867
5867
5868
5868
5869
5869
5869
5871
5872
5876
5876
5877
5878
5880
5880
5880
5881
5884
5884
5886
5887
5890
5891
5892
5893
5895
5896
5900
5900
5901
5903
5904
5904
5905
5908
5910
5910
5912
5915
5919
5921
5923
5926
5929
5933
5936
5939
5939
5940
5941
5941
5945
5945
5946
5947
5947
5947
5949
5956
5963
5969
5969
5970
5973
5974
5976
5977
5978
5979
5980
5981
5982
5984
5985
5985
6006
6010
6010
6012
6013
6013
6014
6014
6014
6017
6018
6018
6018
6019
6021
6024
6024
6026
6027
6027
6027
6028
6029
6033
6033
6034
6035
6036
6037
6043
6046
6046
6046
6046
6054
6056
6063
6065
6066
6069
6071
6072
6075
6077
6080
6083
6084
6084
6084
6084
6086
6088
6089
6090
6090
6090
6091
6092
6093
6094
6094
6096
6097
6099
6101
6107
6108
6109
6109
6116
6118
6120
6121
6121
6123
6125
6129
6131
6136
6139
6142
6142
6146
6147
6150
6154
6156
6157
6157
6158
6159
6169
6170
6170
6174
6175
6180
6180
6181
6182
6183
6187
6191
6195
6198
6201
6208
6210
6212
6213
6215
6219
6220
6220
6221
6221
6224
6225
6227
6230
6232
6232
6235
6235
6235
6238
6239
6240
6241
6241
6243
6247
6247
6247
6252
6255
6256
6257
6259
6260
6260
6263
6265
6267
6270
6273
6273
6274
6276
6277
6283
6283
6285
6285
6286
6287
6289
6290
6295
6295
6298
6303
6305
6306
6307
6309
6309
6310
6312
6312
6314
6316
6316
6318
6320
6321
6322
6322
6322
6323
6325
6327
6332
6332
6332
6334
6335
6335
6336
6336
6337
6339
6339
6340
6341
6342
6343
6344
6345
6349
6349
6352
6353
6355
6358
6359
6362
6365
6365
6367
6369
6372
6373
6373
6374
6374
6376
6378
6379
6380
6382
6384
6385
6386
6387
6393
6393
6395
6396
6396
6397
6397
6398
6399
6400
6404
6404
6406
6406
6409
6410
6412
6412
6415
6417
6417
6419
6420
6423
6423
6424
6432
6437
6439
6439
6439
6439
6442
6444
6444
6445
6446
6447
6449
6449
6450
6452
6454
6456
6456
6457
6459
6459
6460
6460
6462
6465
6470
6474
6479
6479
6482
6482
6482
6483
6490
6490
6492
6495
6496
6497
6498
6498
6499
6499
6499
6502
6502
6511
6515
6515
6516
6516
6516
6517
6519
6519
6520
6521
6522
6522
6523
6524
6525
6530
6533
6534
6534
6537
6538
6538
6541
6544
6545
6548
6549
6551
6551
6557
6561
6564
6564
6566
6567
6574
6575
6576
6578
6579
6579
6580
6581
6582
6585
6588
6589
6591
6592
6597
6597
6597
6599
6606
6606
6606
6607
6607
6610
6611
6612
6614
6618
6620
6622
6624
6627
6627
6631
6632
6634
6635
6635
6636
6638
6638
6643
6643
6645
6649
6652
6653
6656
6658
6658
6662
6662
6663
6666
6667
6667
6671
6674
6675
6679
6679
6679
6679
6680
6682
6683
6687
6688
6693
6696
6697
6701
6702
6702
6707
6709
6712
6714
6714
6714
6716
6718
6723
6726
6730
6731
6732
6732
6733
6734
6735
6737
6739
6740
6741
6742
6742
6742
6745
6748
6749
6751
6751
6751
6754
6754
6754
6755
6755
6755
6755
6758
6759
6759
6760
6762
6764
6765
6769
6771
6773
6774
6776
6778
6779
6779
6779
6782
6782
6782
6784
6794
6795
6795
6796
6799
6801
6804
6807
6808
6811
6813
6816
6816
6817
6821
6821
6826
6833
6833
6834
6837
6838
6839
6843
6845
6846
6849
6850
6854
6855
6858
6858
6858
6859
6861
6863
6868
6869
6870
6871
6872
6873
6874
6878
6879
6880
6881
6882
6883
6883
6886
6887
6889
6893
6893
6894
6894
6895
6895
6897
6897
6898
6898
6901
6901
6901
6903
6904
6905
6906
6913
6914
6914
6917
6917
6919
6920
6922
6924
6925
6925
6929
6930
6931
6932
6932
6936
6941
6944
6944
6946
6948
6950
6951
6952
6953
6955
6956
6957
6958
6958
6958
6960
6961
6964
6969
6981
6983
6985
6985
6988
6990
6990
6993
6994
6998
6999
7000
7000
7004
7004
7006
7007
7007
7007
7008
7008
7012
7013
7015
7015
7016
7016
7016
7018
7019
7022
7022
7025
7027
7036
7040
7041
7042
7044
7044
7047
7050
7051
7054
7055
7060
7060
7060
7060
7061
7061
7065
7065
7065
7066
7067
7067
7068
7070
7071
7077
7083
7085
7086
7086
7087
7089
7090
7093
7093
7094
7094
7094
7096
7097
7097
7098
7099
7103
7109
7110
7111
7113
7113
7117
7117
7122
7124
7125
7129
7130
7130
7138
7138
7139
7140
7141
7141
7141
7142
7143
7146
7151
7152
7152
7154
7154
7155
7155
7159
7159
7159
7160
7160
7161
7162
7162
7164
7165
7165
7165
7166
7166
7167
7167
7170
7172
7172
7174
7177
7181
7183
7189
7192
7195
7195
7203
7204
7206
7209
7210
7212
7215
7216
7217
7218
7219
7221
7222
7226
7229
7231
7233
7234
7235
7235
7235
7236
7238
7239
7241
7242
7243
7243
7246
7247
7251
7252
7254
7257
7258
7261
7263
7263
7266
7267
7275
7278
7278
7279
7280
7282
7284
7289
7291
7292
7295
7295
7295
7297
7299
7305
7307
7308
7308
7313
7316
7316
7317
7319
7324
7325
7326
7326
7329
7332
7333
7334
7336
7337
7340
7342
7347
7348
7350
7350
7351
7351
7353
7360
7367
7368
7369
7369
7371
7372
7373
7373
7373
7376
7377
7379
7381
7382
7383
7385
7386
7391
7391
7396
7398
7398
7399
7401
7404
7405
7407
7409
7410
7411
7412
7414
7415
7416
7416
7420
7422
7422
7423
7424
7425
7427
7427
7427
7430
7431
7432
7435
7435
7438
7439
7442
7443
7444
7446
7450
7452
7452
7460
7461
7461
7462
7464
7466
7466
7467
7472
7473
7474
7474
7477
7480
7481
7485
7487
7488
7489
7492
7492
7493
7501
7502
7504
7504
7505
7505
7511
7514
7516
7516
7516
7520
7521
7522
7522
7523
7525
7525
7526
7527
7527
7529
7530
7532
7533
7533
7538
7539
7540
7541
7543
7544
7545
7545
7546
7547
7550
7551
7552
7560
7561
7564
7566
7569
7571
7572
7574
7575
7577
7585
7586
7587
7588
7589
7592
7595
7596
7597
7598
7598
7599
7603
7604
7604
7604
7605
7606
7606
7606
7608
7612
7618
7626
7628
7629
7630
7635
7637
7638
7641
7641
7642
7643
7644
7645
7646
7647
7650
7650
7653
7654
7657
7657
7657
7658
7658
7664
7664
7666
7667
7668
7668
7674
7674
7675
7675
7679
7680
7682
7682
7682
7683
7686
7686
7688
7691
7694
7695
7697
7698
7700
7701
7702
7703
7704
7707
7707
7709
7712
7712
7713
7716
7717
7721
7723
7726
7727
7730
7733
7735
7737
7741
7742
7744
7749
7749
7752
7752
7753
7754
7755
7757
7760
7772
7773
7775
7776
7777
7782
7783
7785
7785
7789
7790
7794
7794
7795
7797
7798
7799
7799
7800
7805
7809
7810
7811
7811
7813
7813
7819
7820
7820
7821
7821
7822
7826
7830
7830
7832
7832
7833
7835
7836
7836
7836
7836
7841
7841
7841
7845
7845
7848
7849
7849
7851
7851
7852
7854
7854
7855
7855
7857
7857
7858
7859
7864
7867
7868
7869
7870
7871
7871
7875
7876
7878
7878
7879
7881
7881
7882
7883
7885
7886
7886
7889
7891
7892
7895
7897
7900
7900
7904
7907
7908
7913
7916
7916
7917
7921
7923
7925
7926
7926
7928
7929
7930
7932
7933
7934
7935
7936
7938
7939
7941
7942
7948
7948
7949
7951
7951
7955
7956
7958
7959
7962
7963
7965
7965
7966
7970
7970
7971
7971
7972
7972
7972
7973
7974
7977
7978
7985
7986
7991
7994
7994
7995
7997
7998
7999
8000
8001
8002
8003
8004
8005
8006
8006
8009
8012
8015
8015
8018
8022
8024
8025
8025
8026
8028
8030
8034
8034
8038
8038
8039
8039
8040
8040
8044
8044
8044
8044
8046
8046
8047
8047
8050
8050
8052
8053
8054
8054
8054
8055
8056
8057
8058
8060
8060
8062
8065
8065
8066
8067
8068
8072
8072
8072
8072
8074
8076
8076
8076
8076
8079
8083
8084
8084
8085
8086
8088
8088
8089
8089
8091
8092
8093
8095
8096
8097
8098
8100
8101
8101
8104
8104
8107
8109
8110
8110
8112
8112
8113
8113
8115
8116
8117
8119
8121
8126
8132
8133
8134
8135
8135
8136
8137
8138
8141
8142
8145
8146
8147
8148
8149
8150
8150
8150
8152
8152
8153
8157
8157
8158
8158
8159
8159
8159
8160
8160
8160
8161
8165
8168
8168
8168
8169
8169
8170
8171
8171
8171
8172
8172
8174
8176
8176
8179
8180
8182
8185
8187
8188
8189
8190
8195
8195
8196
8200
8203
8206
8206
8208
8208
8209
8211
8211
8214
8215
8215
8218
8220
8221
8224
8224
8230
8232
8233
8234
8236
8236
8237
8238
8239
8243
8243
8243
8243
8246
8249
8252
8252
8255
8255
8258
8260
8262
8265
8267
8269
8271
8275
8280
8281
8282
8282
8285
8285
8287
8287
8288
8296
8299
8300
8301
8303
8304
8304
8307
8315
8315
8315
8321
8321
8322
8326
8329
8329
8332
8333
8333
8333
8334
8334
8337
8337
8338
8338
8340
8342
8343
8343
8345
8347
8349
8350
8353
8356
8357
8358
8359
8360
8361
8363
8363
8364
8366
8366
8366
8366
8367
8370
8372
8375
8376
8377
8384
8388
8389
8389
8389
8392
8397
8398
8399
8400
8401
8402
8403
8404
8408
8409
8414
8419
8421
8425
8427
8427
8428
8428
8429
8429
8430
8430
8431
8433
8435
8438
8440
8444
8445
8447
8447
8448
8449
8450
8451
8452
8453
8456
8456
8459
8461
8462
8462
8463
8465
8470
8473
8475
8476
8478
8478
8479
8479
8481
8483
8483
8485
8486
8487
8489
8489
8498
8501
8505
8505
8505
8507
8508
8509
8514
8516
8517
8519
8523
8525
8530
8532
8532
8532
8533
8534
8534
8536
8537
8543
8545
8550
8550
8550
8552
8552
8553
8554
8558
8559
8562
8563
8564
8565
8566
8568
8568
8572
8575
8575
8577
8580
8583
8585
8588
8589
8590
8590
8594
8594
8595
8597
8601
8604
8604
8605
8606
8606
8615
8615
8618
8619
8622
8623
8624
8625
8626
8627
8628
8632
8632
8639
8639
8641
8642
8645
8645
8647
8652
8653
8654
8657
8660
8660
8661
8662
8662
8663
8666
8668
8668
8669
8670
8670
8672
8672
8673
8675
8675
8675
8676
8676
8676
8678
8679
8680
8680
8681
8682
8684
8685
8687
8691
8692
8694
8699
8701
8701
8704
8707
8710
8710
8711
8712
8716
8716
8716
8719
8721
8724
8726
8728
8731
8737
8737
8738
8740
8742
8743
8743
8744
8747
8748
8750
8750
8752
8754
8754
8758
8763
8771
8773
8773
8774
8774
8777
8778
8780
8781
8785
8786
8787
8790
8792
8794
8794
8797
8804
8804
8805
8806
8809
8809
8810
8810
8812
8813
8813
8818
8823
8824
8825
8826
8826
8829
8832
8834
8837
8838
8842
8844
8846
8853
8855
8857
8857
8857
8859
8860
8862
8865
8866
8866
8867
8867
8868
8868
8869
8871
8872
8874
8877
8880
8883
8886
8887
8893
8896
8897
8898
8900
8902
8906
8906
8919
8920
8922
8923
8924
8926
8928
8928
8928
8933
8935
8935
8936
8937
8938
8939
8940
8941
8942
8943
8947
8947
8948
8948
8948
8949
8952
8953
8954
8956
8957
8962
8962
8966
8966
8968
8970
8971
8971
8972
8972
8973
8975
8979
8980
8980
8981
8986
8987
8987
8989
8990
8991
8992
8993
8997
9002
9007
9008
9010
9012
9012
9015
9018
9018
9019
9021
9023
9024
9024
9025
9028
9030
9030
9032
9032
9037
9040
9041
9045
9046
9046
9050
9052
9058
9059
9059
9059
9060
9061
9065
9066
9068
9070
9071
9072
9075
9077
9077
9078
9079
9080
9080
9081
9082
9083
9084
9084
9086
9089
9089
9089
9090
9091
9091
9091
9093
9095
9095
9099
9100
9101
9101
9102
9102
9102
9104
9106
9110
9112
9113
9116
9118
9118
9120
9122
9123
9123
9125
9126
9126
9128
9129
9130
9131
9132
9132
9132
9133
9134
9134
9134
9135
9139
9145
9148
9150
9150
9151
9151
9152
9152
9153
9154
9157
9158
9158
9158
9159
9159
9160
9160
9162
9163
9163
9164
9165
9167
9167
9168
9170
9170
9172
9172
9179
9180
9181
9182
9182
9188
9188
9191
9192
9194
9195
9198
9200
9201
9202
9202
9206
9208
9211
9211
9212
9217
9217
9217
9218
9220
9223
9223
9225
9226
9228
9229
9229
9236
9238
9239
9239
9241
9242
9243
9245
9245
9248
9253
9255
9256
9256
9261
9261
9264
9265
9266
9267
9269
9272
9273
9274
9275
9277
9277
9278
9278
9283
9285
9287
9291
9292
9293
9293
9295
9296
9299
9300
9300
9301
9304
9305
9305
9305
9306
9306
9306
9309
9309
9310
9311
9312
9313
9314
9314
9315
9315
9318
9321
9322
9322
9324
9328
9329
9331
9333
9334
9335
9336
9338
9343
9344
9347
9347
9348
9355
9360
9361
9363
9364
9364
9368
9372
9374
9374
9375
9377
9377
9378
9382
9385
9386
9386
9387
9390
9390
9390
9391
9391
9394
9394
9397
9400
9400
9400
9401
9402
9402
9403
9404
9405
9407
9407
9408
9409
9410
9412
9415
9419
9420
9423
9423
9424
9426
9426
9427
9427
9428
9428
9429
9429
9432
9434
9437
9439
9440
9440
9442
9444
9444
9446
9448
9448
9449
9449
9450
9450
9450
9451
9452
9452
9452
9453
9455
9456
9461
9461
9462
9463
9464
9465
9465
9468
9469
9469
9471
9475
9476
9480
9482
9483
9485
9487
9488
9490
9491
9491
9492
9500
9501
9503
9507
9514
9515
9517
9517
9518
9518
9518
9520
9521
9526
9527
9528
9528
9530
9530
9534
9534
9535
9536
9537
9539
9539
9541
9543
9543
9543
9546
9546
9546
9547
9548
9548
9550
9551
9552
9553
9557
9558
9558
9560
9560
9561
9562
9563
9569
9570
9571
9572
9575
9578
9580
9581
9583
9589
9593
9595
9595
9598
9599
9600
9601
9602
9608
9612
9616
9621
9623
9626
9627
9627
9628
9629
9629
9630
9631
9631
9632
9633
9634
9635
9636
9639
9642
9644
9645
9646
9647
9648
9648
9649
9649
9651
9651
9652
9653
9658
9658
9671
9672
9678
9678
9679
9680
9681
9681
9686
9687
9692
9692
9693
9693
9695
9699
9702
9704
9704
9707
9709
9716
9718
9719
9720
9722
9724
9725
9725
9726
9730
9730
9730
9733
9736
9737
9739
9742
9743
9746
9746
9749
9749
9749
9750
9751
9753
9753
9754
9755
9756
9758
9758
9762
9764
9765
9773
9773
9774
9775
9776
9778
9778
9779
9779
9782
9782
9783
9784
9786
9787
9791
9791
9794
9796
9797
9797
9798
9801
9805
9808
9810
9812
9817
9818
9820
9822
9825
9832
9833
9837
9839
9841
9843
9844
9847
9848
9849
9855
9855
9858
9859
9862
9863
9868
9870
9870
9872
9875
9876
9878
9879
9880
9884
9885
9887
9889
9889
9890
9894
9895
9897
9899
9900
9903
9903
9906
9909
9912
9912
9915
9916
9917
9921
9922
9923
9930
9930
9931
9932
9934
9935
9938
9940
9942
9947
9948
9950
9955
9960
9962
9962
9965
9967
9977
9981
9982
9984
9986
9987
9988
9988
9989
9996
9999
9999
10000
