9995
9994
9991
9985
9983
9983
9979
9979
9978
9972
9971
9966
9960
9959
9958
9956
9952
9950
9948
9947
9937
9934
9933
9931
9928
9927
9922
9920
9918
9917
9913
9912
9912
9911
9911
9910
9905
9901
9901
9900
9895
9894
9892
9891
9887
9883
9883
9883
9882
9879
9879
9878
9878
9874
9872
9871
9867
9867
9866
9861
9857
9856
9855
9855
9853
9850
9849
9847
9846
9843
9839
9837
9835
9831
9831
9830
9828
9825
9824
9824
9822
9822
9822
9820
9820
9816
9813
9811
9809
9808
9807
9806
9805
9804
9800
9800
9794
9789
9788
9788
9784
9783
9773
9771
9770
9769
9768
9766
9763
9758
9756
9753
9748
9744
9740
9739
9739
9737
9737
9736
9736
9734
9734
9728
9723
9721
9719
9719
9716
9713
9707
9700
9700
9697
9691
9689
9688
9684
9683
9682
9682
9681
9681
9681
9678
9676
9671
9670
9668
9667
9666
9660
9655
9653
9653
9651
9651
9648
9647
9647
9643
9641
9640
9637
9636
9635
9630
9626
9626
9625
9623
9623
9620
9619
9616
9616
9615
9613
9610
9608
9607
9601
9600
9600
9600
9600
9595
9594
9593
9593
9593
9590
9588
9587
9584
9580
9577
9575
9574
9573
9571
9571
9569
9567
9564
9563
9562
9561
9561
9560
9558
9556
9555
9554
9552
9550
9548
9547
9544
9544
9542
9539
9537
9537
9532
9527
9526
9525
9524
9520
9516
9514
9511
9504
9503
9499
9499
9496
9490
9487
9487
9485
9485
9480
9480
9479
9470
9469
9466
9465
9462
9461
9456
9450
9449
9445
9439
9439
9438
9437
9435
9434
9427
9426
9425
9425
9424
9423
9421
9421
9419
9419
9418
9418
9410
9408
9408
9404
9396
9395
9395
9390
9389
9389
9388
9387
9383
9383
9380
9380
9379
9375
9375
9366
9364
9361
9360
9358
9357
9356
9355
9355
9353
9353
9350
9347
9346
9346
9346
9341
9338
9336
9331
9330
9327
9320
9314
9314
9312
9306
9302
9297
9297
9297
9296
9296
9290
9290
9289
9288
9287
9282
9278
9277
9276
9275
9274
9274
9272
9272
9271
9270
9266
9264
9263
9262
9261
9261
9260
9260
9259
9258
9257
9257
9254
9253
9249
9247
9246
9243
9243
9242
9239
9236
9236
9235
9234
9231
9230
9229
9227
9225
9224
9224
9218
9218
9211
9209
9206
9205
9199
9198
9197
9195
9193
9186
9186
9185
9182
9182
9182
9181
9180
9178
9176
9174
9170
9170
9169
9169
9168
9168
9165
9162
9160
9159
9157
9154
9147
9138
9135
9131
9131
9127
9121
9120
9120
9119
9119
9115
9113
9108
9107
9105
9104
9101
9100
9096
9095
9095
9094
9093
9092
9091
9090
9089
9085
9084
9078
9077
9075
9074
9072
9069
9066
9065
9062
9056
9054
9052
9051
9050
9050
9045
9044
9043
9042
9042
9041
9037
9031
9028
9027
9026
9026
9026
9023
9021
9019
9017
9014
9012
9011
9011
9009
9008
9008
9006
9005
9005
9001
8999
8996
8993
8992
8992
8991
8991
8987
8985
8985
8982
8981
8979
8978
8977
8973
8969
8969
8967
8966
8963
8960
8960
8958
8957
8956
8951
8947
8946
8942
8942
8941
8939
8937
8936
8934
8933
8932
8930
8930
8925
8922
8921
8920
8920
8920
8918
8918
8917
8913
8910
8908
8907
8905
8905
8904
8903
8903
8903
8902
8902
8899
8898
8897
8896
8893
8892
8892
8890
8889
8882
8878
8877
8877
8875
8875
8875
8870
8867
8867
8865
8863
8861
8861
8859
8854
8853
8852
8850
8848
8846
8842
8841
8840
8840
8839
8837
8836
8835
8828
8827
8826
8823
8823
8823
8820
8819
8818
8817
8813
8810
8809
8799
8799
8798
8797
8795
8793
8791
8789
8788
8785
8781
8779
8778
8778
8775
8773
8773
8772
8770
8770
8769
8763
8763
8762
8760
8755
8752
8752
8751
8749
8745
8743
8743
8741
8741
8740
8736
8736
8735
8735
8733
8733
8730
8729
8720
8719
8712
8711
8710
8705
8705
8705
8704
8702
8699
8698
8694
8693
8691
8690
8678
8677
8677
8673
8671
8671
8668
8664
8661
8659
8657
8656
8654
8652
8652
8651
8646
8641
8640
8638
8634
8631
8630
8627
8627
8627
8627
8626
8625
8625
8623
8622
8621
8620
8620
8619
8616
8615
8606
8605
8605
8603
8600
8599
8594
8594
8592
8588
8588
8587
8586
8586
8579
8578
8576
8576
8575
8575
8573
8569
8569
8564
8564
8564
8564
8560
8557
8556
8556
8554
8550
8548
8538
8537
8534
8532
8530
8529
8527
8526
8520
8520
8517
8515
8515
8511
8509
8507
8506
8504
8496
8494
8493
8489
8489
8487
8485
8483
8482
8482
8479
8479
8479
8478
8477
8475
8474
8474
8468
8466
8465
8463
8461
8459
8459
8458
8456
8455
8452
8451
8450
8450
8448
8448
8445
8444
8443
8443
8441
8439
8438
8438
8436
8436
8428
8428
8427
8422
8419
8416
8415
8414
8412
8411
8411
8407
8406
8404
8404
8401
8394
8392
8390
8390
8388
8388
8384
8381
8378
8378
8375
8370
8367
8366
8365
8364
8364
8359
8359
8359
8357
8356
8355
8355
8354
8353
8350
8350
8349
8347
8346
8337
8333
8332
8331
8330
8328
8316
8302
8301
8300
8299
8297
8296
8296
8295
8294
8294
8292
8280
8280
8280
8279
8275
8274
8272
8269
8269
8268
8267
8267
8267
8263
8261
8258
8255
8247
8247
8244
8242
8241
8240
8238
8231
8229
8222
8222
8217
8212
8210
8210
8208
8206
8203
8202
8201
8199
8197
8195
8194
8192
8182
8180
8177
8175
8171
8168
8164
8164
8162
8162
8161
8158
8152
8151
8150
8149
8148
8146
8145
8144
8143
8139
8137
8135
8134
8132
8128
8128
8127
8127
8122
8122
8122
8118
8114
8114
8114
8112
8112
8111
8110
8108
8107
8107
8107
8102
8102
8101
8100
8099
8098
8096
8091
8090
8087
8084
8084
8083
8079
8075
8073
8072
8070
8070
8068
8068
8067
8065
8065
8064
8061
8061
8059
8057
8054
8052
8052
8052
8050
8046
8041
8037
8037
8036
8032
8032
8032
8027
8024
8020
8018
8016
8013
8011
8007
8005
8004
8002
8000
7998
7996
7995
7995
7992
7991
7991
7990
7990
7987
7986
7983
7982
7977
7976
7973
7968
7966
7966
7964
7962
7962
7961
7961
7960
7958
7952
7951
7950
7949
7941
7940
7938
7932
7932
7929
7929
7929
7929
7928
7927
7926
7926
7924
7923
7923
7915
7909
7907
7907
7904
7901
7898
7895
7895
7895
7889
7888
7887
7887
7883
7883
7881
7880
7877
7876
7872
7866
7861
7848
7847
7847
7845
7844
7842
7842
7841
7840
7840
7840
7838
7837
7835
7835
7835
7833
7833
7832
7831
7830
7829
7828
7828
7828
7826
7823
7819
7819
7818
7818
7811
7807
7802
7802
7800
7798
7797
7796
7795
7795
7792
7786
7784
7784
7783
7781
7777
7772
7763
7763
7760
7760
7758
7756
7756
7752
7752
7751
7750
7749
7748
7747
7743
7743
7741
7739
7739
7738
7736
7731
7731
7731
7730
7726
7716
7715
7713
7712
7711
7710
7707
7703
7703
7703
7699
7699
7697
7693
7689
7687
7680
7676
7674
7673
7672
7668
7667
7664
7659
7656
7655
7654
7654
7650
7650
7648
7648
7645
7645
7644
7640
7632
7624
7617
7615
7614
7613
7611
7611
7608
7603
7603
7601
7601
7597
7593
7592
7592
7591
7590
7590
7585
7584
7578
7575
7574
7574
7571
7569
7552
7551
7550
7547
7543
7542
7541
7539
7538
7538
7536
7533
7532
7529
7526
7520
7519
7516
7512
7512
7511
7511
7509
7509
7508
7507
7505
7503
7503
7503
7501
7498
7497
7496
7496
7489
7488
7486
7483
7482
7479
7477
7477
7475
7475
7473
7471
7467
7466
7464
7461
7461
7456
7456
7454
7453
7448
7444
7441
7436
7434
7433
7433
7431
7430
7428
7427
7423
7423
7422
7422
7420
7418
7417
7412
7409
7407
7391
7391
7389
7388
7387
7387
7384
7383
7383
7382
7381
7378
7378
7369
7368
7367
7366
7363
7363
7363
7362
7361
7360
7357
7350
7347
7345
7344
7343
7342
7341
7341
7340
7339
7338
7338
7335
7331
7330
7326
7324
7324
7324
7322
7321
7315
7306
7304
7303
7300
7299
7296
7295
7295
7294
7294
7284
7280
7275
7274
7271
7270
7268
7267
7267
7265
7258
7254
7254
7254
7253
7252
7252
7251
7251
7249
7248
7246
7245
7244
7244
7242
7242
7241
7241
7239
7238
7236
7232
7231
7231
7228
7224
7221
7221
7220
7219
7218
7213
7213
7208
7208
7206
7205
7204
7203
7200
7198
7197
7197
7196
7196
7192
7190
7190
7189
7187
7187
7180
7180
7179
7173
7172
7169
7168
7168
7167
7165
7160
7160
7159
7157
7154
7151
7146
7142
7141
7140
7140
7134
7132
7131
7130
7130
7127
7126
7123
7122
7115
7115
7111
7108
7101
7100
7099
7096
7094
7093
7092
7092
7086
7085
7083
7082
7080
7079
7074
7073
7072
7070
7069
7065
7062
7060
7058
7057
7056
7055
7054
7053
7052
7048
7047
7046
7045
7045
7040
7039
7037
7035
7035
7035
7033
7033
7033
7032
7030
7029
7019
7014
7014
7013
7012
7010
7007
7007
7004
6998
6997
6995
6994
6993
6990
6985
6979
6976
6974
6972
6972
6968
6967
6966
6965
6964
6962
6960
6957
6956
6956
6956
6956
6953
6952
6947
6942
6942
6941
6936
6935
6932
6931
6930
6928
6928
6927
6927
6925
6923
6921
6920
6919
6918
6916
6913
6912
6912
6911
6910
6903
6897
6895
6894
6893
6890
6885
6885
6882
6880
6879
6877
6875
6875
6873
6872
6869
6868
6868
6865
6865
6863
6859
6854
6851
6844
6843
6840
6839
6839
6838
6835
6834
6828
6817
6816
6816
6815
6814
6806
6800
6798
6795
6792
6792
6791
6789
6789
6788
6786
6785
6783
6777
6774
6773
6773
6770
6766
6763
6760
6752
6751
6751
6751
6749
6748
6745
6742
6739
6737
6736
6731
6730
6729
6727
6726
6719
6716
6715
6712
6710
6709
6708
6704
6704
6703
6690
6689
6688
6686
6686
6686
6686
6683
6680
6678
6677
6674
6673
6672
6671
6670
6669
6669
6665
6661
6658
6657
6657
6652
6650
6650
6646
6645
6643
6633
6628
6624
6621
6621
6619
6618
6617
6616
6609
6609
6607
6604
6602
6597
6595
6595
6594
6588
6585
6584
6582
6581
6581
6580
6579
6576
6573
6572
6567
6567
6565
6563
6562
6562
6562
6561
6557
6556
6553
6553
6550
6550
6548
6546
6545
6544
6543
6543
6539
6538
6537
6534
6533
6531
6530
6525
6525
6523
6523
6521
6521
6518
6516
6514
6513
6513
6511
6506
6505
6500
6498
6498
6494
6493
6492
6491
6490
6488
6486
6486
6481
6481
6480
6473
6470
6469
6464
6460
6458
6457
6457
6455
6453
6450
6449
6448
6448
6448
6447
6446
6446
6445
6445
6442
6440
6438
6436
6430
6430
6429
6425
6415
6415
6415
6407
6397
6392
6391
6391
6389
6386
6385
6384
6378
6376
6376
6375
6369
6369
6368
6367
6366
6363
6359
6356
6353
6348
6344
6342
6339
6335
6331
6330
6328
6326
6323
6323
6321
6320
6318
6316
6316
6312
6311
6311
6311
6308
6308
6308
6308
6304
6303
6302
6301
6300
6297
6296
6296
6295
6293
6288
6279
6279
6276
6274
6274
6269
6268
6267
6261
6259
6253
6252
6252
6249
6248
6247
6246
6244
6241
6239
6236
6233
6229
6227
6221
6221
6220
6219
6215
6208
6206
6204
6202
6198
6194
6191
6188
6187
6183
6182
6181
6181
6180
6179
6176
6176
6175
6175
6175
6174
6172
6171
6171
6170
6168
6166
6165
6165
6165
6164
6163
6161
6161
6159
6153
6150
6146
6139
6138
6137
6136
6135
6131
6130
6123
6123
6122
6118
6115
6114
6113
6113
6112
6111
6110
6108
6107
6107
6105
6103
6101
6096
6089
6089
6086
6080
6066
6066
6065
6065
6063
6058
6058
6057
6044
6042
6036
6033
6032
6032
6026
6025
6025
6018
6017
6016
6013
6013
6011
6004
6004
6004
6004
6004
6003
6003
5999
5997
5995
5993
5991
5990
5989
5989
5988
5987
5985
5979
5978
5977
5977
5976
5975
5973
5972
5970
5970
5967
5966
5965
5960
5959
5959
5956
5956
5955
5955
5953
5952
5947
5943
5938
5938
5936
5931
5929
5926
5924
5920
5919
5919
5919
5917
5916
5915
5915
5912
5911
5909
5907
5906
5905
5900
5896
5896
5895
5892
5891
5888
5884
5882
5881
5877
5876
5876
5875
5872
5870
5866
5865
5863
5861
5859
5856
5854
5853
5851
5851
5851
5850
5850
5850
5849
5849
5845
5844
5842
5841
5838
5837
5835
5834
5828
5828
5827
5825
5824
5823
5823
5821
5818
5816
5816
5815
5809
5802
5796
5795
5790
5790
5788
5784
5780
5779
5778
5771
5770
5770
5769
5769
5768
5768
5767
5767
5766
5763
5762
5761
5759
5758
5757
5754
5753
5751
5748
5747
5746
5744
5744
5743
5737
5734
5733
5730
5728
5726
5722
5722
5721
5718
5717
5715
5713
5713
5711
5710
5709
5706
5705
5700
5699
5696
5695
5692
5691
5690
5689
5686
5682
5678
5678
5678
5677
5674
5672
5671
5669
5668
5667
5662
5660
5657
5655
5654
5653
5651
5651
5650
5647
5647
5646
5645
5645
5645
5644
5644
5641
5641
5641
5640
5632
5628
5628
5628
5627
5624
5623
5621
5614
5613
5604
5602
5601
5601
5600
5600
5599
5596
5593
5590
5589
5589
5588
5588
5588
5580
5579
5576
5575
5575
5572
5569
5563
5561
5559
5549
5548
5547
5545
5545
5544
5544
5538
5537
5535
5534
5533
5532
5531
5531
5528
5528
5527
5527
5527
5525
5525
5517
5511
5511
5510
5510
5504
5503
5501
5500
5499
5496
5495
5494
5490
5489
5488
5485
5485
5484
5474
5473
5473
5470
5463
5463
5462
5460
5455
5452
5450
5447
5445
5441
5439
5434
5431
5429
5429
5428
5427
5426
5425
5422
5417
5417
5417
5415
5414
5412
5412
5411
5407
5406
5403
5403
5402
5399
5399
5397
5397
5391
5391
5390
5385
5385
5374
5374
5373
5368
5366
5364
5362
5361
5357
5356
5354
5353
5352
5351
5349
5347
5341
5340
5338
5338
5333
5329
5327
5326
5323
5323
5318
5318
5317
5312
5311
5307
5306
5304
5304
5304
5300
5300
5298
5298
5295
5295
5295
5293
5291
5291
5289
5284
5282
5281
5278
5277
5277
5276
5276
5276
5275
5275
5271
5266
5265
5255
5254
5254
5250
5248
5247
5246
5246
5244
5244
5242
5239
5238
5236
5236
5235
5232
5231
5229
5228
5228
5224
5218
5215
5212
5212
5212
5209
5208
5207
5205
5204
5204
5197
5193
5190
5188
5187
5187
5178
5175
5174
5174
5172
5170
5169
5165
5160
5156
5156
5155
5152
5152
5148
5147
5146
5145
5144
5137
5135
5133
5133
5128
5127
5126
5126
5122
5120
5119
5108
5108
5108
5105
5103
5102
5100
5100
5100
5099
5096
5095
5094
5090
5090
5086
5080
5080
5077
5076
5074
5073
5072
5070
5062
5059
5055
5054
5053
5053
5053
5050
5050
5048
5041
5041
5041
5037
5034
5033
5033
5031
5025
5023
5022
5021
5019
5019
5019
5018
5018
5016
5012
5011
5011
5010
5010
5009
5008
5008
5007
5007
5005
5004
5004
5000
4999
4997
4994
4994
4993
4992
4992
4991
4991
4989
4986
4982
4981
4981
4981
4981
4978
4977
4977
4977
4974
4973
4973
4968
4967
4965
4961
4958
4958
4952
4949
4947
4941
4939
4938
4937
4933
4931
4930
4928
4927
4927
4925
4925
4924
4924
4922
4922
4915
4912
4907
4907
4905
4904
4902
4901
4900
4900
4898
4895
4894
4892
4892
4892
4890
4890
4889
4888
4887
4886
4882
4882
4876
4876
4875
4873
4870
4868
4866
4864
4861
4860
4858
4856
4852
4851
4851
4851
4850
4850
4849
4848
4848
4845
4842
4837
4832
4826
4822
4822
4817
4817
4816
4815
4812
4810
4809
4806
4806
4805
4799
4797
4797
4795
4795
4795
4794
4792
4790
4779
4778
4777
4777
4769
4768
4765
4763
4763
4760
4759
4759
4757
4754
4753
4751
4750
4749
4749
4749
4748
4745
4744
4733
4732
4732
4728
4727
4727
4727
4726
4725
4723
4720
4717
4715
4714
4711
4710
4708
4708
4706
4703
4701
4700
4700
4698
4697
4697
4695
4694
4694
4688
4688
4683
4682
4682
4681
4681
4675
4673
4667
4666
4665
4664
4662
4660
4658
4657
4654
4647
4645
4644
4643
4641
4641
4637
4637
4634
4634
4631
4629
4628
4628
4626
4625
4624
4623
4619
4614
4612
4611
4610
4608
4607
4602
4600
4598
4597
4596
4594
4594
4592
4591
4590
4582
4580
4579
4576
4575
4572
4570
4568
4567
4567
4566
4563
4560
4552
4551
4551
4551
4549
4545
4544
4542
4540
4539
4539
4536
4534
4533
4533
4532
4526
4525
4521
4518
4517
4517
4516
4514
4513
4513
4511
4510
4507
4506
4506
4505
4503
4501
4499
4491
4490
4489
4486
4486
4480
4480
4478
4478
4472
4471
4466
4466
4466
4465
4465
4464
4459
4458
4453
4453
4452
4445
4445
4444
4442
4442
4437
4437
4434
4433
4429
4427
4425
4424
4424
4422
4421
4419
4418
4417
4417
4414
4413
4411
4410
4409
4408
4408
4407
4405
4402
4400
4398
4397
4395
4394
4392
4391
4390
4388
4387
4387
4387
4387
4386
4379
4379
4375
4374
4370
4369
4366
4363
4358
4357
4356
4352
4344
4344
4341
4338
4337
4336
4336
4330
4329
4329
4328
4328
4327
4326
4321
4316
4314
4299
4299
4291
4291
4290
4290
4286
4285
4284
4283
4282
4279
4279
4274
4271
4270
4268
4266
4263
4262
4262
4261
4260
4258
4256
4255
4254
4253
4252
4250
4249
4248
4248
4246
4240
4236
4236
4234
4233
4232
4230
4229
4227
4226
4226
4218
4217
4217
4215
4213
4212
4212
4212
4205
4202
4200
4200
4196
4196
4194
4192
4191
4183
4182
4180
4179
4178
4178
4177
4176
4175
4174
4174
4173
4171
4168
4168
4167
4166
4164
4163
4163
4163
4157
4155
4154
4154
4153
4151
4151
4149
4148
4147
4143
4140
4134
4131
4131
4130
4129
4125
4123
4120
4119
4118
4109
4107
4107
4106
4102
4101
4098
4098
4097
4096
4086
4085
4080
4079
4075
4072
4071
4070
4068
4067
4065
4062
4060
4059
4057
4057
4051
4050
4047
4046
4042
4042
4041
4030
4027
4026
4025
4023
4023
4020
4019
4018
4013
4011
4011
4010
4008
4005
4000
3999
3992
3991
3981
3980
3980
3977
3976
3975
3974
3972
3971
3971
3970
3966
3965
3965
3962
3960
3952
3949
3946
3945
3943
3943
3937
3933
3931
3930
3925
3925
3924
3923
3923
3918
3918
3918
3917
3913
3912
3911
3909
3908
3907
3905
3904
3901
3900
3899
3897
3897
3889
3889
3889
3887
3886
3883
3883
3883
3878
3873
3869
3864
3864
3861
3861
3860
3856
3853
3852
3850
3849
3848
3846
3845
3843
3841
3840
3836
3836
3836
3835
3828
3828
3827
3826
3826
3824
3824
3824
3824
3823
3823
3822
3819
3817
3808
3807
3807
3800
3799
3798
3797
3795
3774
3774
3769
3768
3767
3765
3763
3759
3758
3758
3756
3752
3751
3748
3748
3747
3745
3742
3740
3740
3739
3737
3733
3732
3730
3723
3722
3720
3719
3718
3715
3715
3714
3713
3709
3708
3706
3703
3703
3701
3698
3697
3694
3694
3692
3690
3688
3686
3683
3681
3678
3677
3672
3671
3670
3670
3669
3667
3666
3664
3661
3657
3657
3656
3656
3653
3649
3647
3644
3644
3642
3642
3641
3640
3636
3635
3632
3629
3627
3627
3627
3625
3625
3623
3619
3619
3616
3616
3611
3610
3608
3607
3606
3605
3603
3594
3593
3592
3588
3587
3585
3584
3583
3582
3580
3578
3578
3575
3574
3574
3570
3568
3568
3561
3561
3554
3550
3548
3548
3547
3547
3546
3545
3545
3544
3543
3539
3539
3535
3534
3533
3533
3532
3528
3526
3525
3521
3521
3515
3514
3513
3512
3510
3508
3505
3504
3502
3500
3498
3497
3493
3493
3493
3492
3490
3488
3487
3482
3482
3480
3480
3480
3479
3476
3469
3462
3459
3458
3455
3455
3451
3451
3451
3449
3449
3447
3445
3443
3440
3438
3438
3438
3437
3432
3428
3417
3415
3415
3414
3414
3412
3409
3404
3401
3400
3397
3396
3394
3394
3390
3385
3384
3381
3378
3376
3375
3372
3371
3370
3368
3363
3362
3361
3355
3351
3351
3349
3345
3336
3336
3336
3336
3334
3331
3331
3330
3328
3322
3321
3319
3312
3312
3310
3306
3305
3304
3304
3298
3297
3291
3291
3290
3290
3289
3285
3284
3283
3280
3279
3277
3276
3271
3270
3266
3266
3264
3261
3260
3255
3252
3249
3248
3246
3242
3241
3238
3236
3235
3235
3229
3228
3224
3221
3219
3219
3216
3213
3212
3210
3208
3206
3206
3204
3203
3202
3202
3202
3200
3199
3192
3190
3189
3189
3185
3183
3175
3173
3172
3171
3170
3168
3166
3163
3157
3155
3154
3152
3150
3147
3146
3145
3144
3141
3141
3140
3139
3138
3135
3133
3132
3130
3129
3128
3128
3128
3125
3125
3121
3121
3120
3119
3115
3114
3114
3113
3111
3108
3108
3107
3102
3100
3099
3098
3097
3097
3090
3090
3087
3078
3078
3078
3077
3076
3074
3072
3068
3065
3061
3061
3059
3059
3056
3052
3042
3040
3039
3037
3028
3028
3027
3023
3023
3023
3018
3017
3014
3014
3011
3011
3008
3007
3007
3004
3003
2999
2998
2998
2995
2994
2993
2988
2977
2976
2975
2974
2973
2967
2966
2966
2965
2965
2962
2960
2951
2947
2946
2942
2941
2937
2933
2931
2931
2929
2928
2928
2926
2925
2914
2912
2912
2912
2908
2902
2898
2896
2892
2891
2890
2888
2887
2887
2886
2884
2879
2878
2877
2874
2872
2871
2868
2868
2867
2866
2863
2863
2862
2861
2860
2860
2857
2856
2850
2849
2846
2843
2840
2834
2834
2834
2832
2832
2831
2829
2822
2822
2821
2817
2817
2816
2816
2815
2814
2814
2814
2812
2811
2810
2808
2807
2806
2806
2806
2806
2801
2800
2798
2797
2796
2796
2792
2792
2791
2789
2788
2788
2787
2784
2780
2778
2777
2777
2777
2776
2775
2773
2772
2772
2771
2768
2764
2757
2754
2753
2751
2750
2749
2748
2746
2746
2746
2745
2744
2741
2741
2739
2738
2735
2734
2734
2732
2732
2729
2729
2728
2727
2725
2724
2722
2722
2721
2721
2719
2717
2716
2710
2710
2710
2710
2709
2708
2707
2703
2696
2696
2694
2690
2690
2689
2688
2688
2688
2687
2682
2681
2680
2677
2677
2676
2675
2672
2672
2670
2667
2665
2661
2654
2653
2653
2652
2651
2649
2649
2648
2644
2642
2641
2640
2639
2635
2633
2627
2626
2622
2619
2616
2613
2612
2607
2603
2601
2596
2595
2592
2590
2586
2586
2586
2585
2582
2582
2581
2577
2576
2574
2572
2572
2571
2571
2568
2567
2566
2563
2563
2561
2560
2557
2556
2556
2556
2556
2556
2555
2551
2548
2546
2544
2543
2540
2537
2530
2530
2527
2524
2523
2522
2519
2514
2511
2510
2508
2508
2507
2506
2503
2502
2501
2500
2498
2496
2496
2492
2491
2487
2487
2486
2480
2478
2474
2474
2472
2470
2462
2460
2456
2453
2449
2449
2448
2446
2444
2443
2443
2442
2439
2438
2435
2434
2433
2430
2429
2426
2421
2417
2417
2412
2409
2408
2406
2404
2403
2403
2399
2398
2397
2395
2395
2394
2394
2393
2391
2391
2388
2381
2376
2373
2371
2369
2367
2366
2363
2361
2361
2360
2359
2359
2358
2358
2357
2356
2349
2347
2346
2345
2345
2343
2339
2338
2337
2335
2335
2334
2330
2330
2326
2326
2325
2322
2321
2321
2321
2317
2317
2316
2316
2312
2311
2311
2311
2307
2307
2306
2306
2305
2304
2301
2297
2297
2296
2293
2288
2287
2286
2281
2278
2278
2276
2270
2267
2263
2263
2260
2259
2258
2257
2253
2253
2252
2252
2250
2248
2243
2242
2241
2238
2238
2238
2235
2234
2226
2225
2221
2220
2219
2219
2217
2217
2216
2214
2213
2213
2212
2211
2206
2202
2201
2200
2199
2198
2196
2196
2193
2193
2192
2190
2185
2184
2184
2184
2182
2180
2180
2180
2178
2178
2175
2173
2173
2172
2172
2169
2168
2168
2166
2166
2166
2166
2165
2163
2163
2161
2161
2159
2152
2149
2148
2147
2140
2139
2139
2136
2134
2132
2131
2126
2126
2126
2124
2123
2122
2121
2120
2117
2105
2104
2099
2099
2096
2093
2091
2090
2088
2087
2084
2083
2082
2079
2077
2074
2074
2072
2070
2069
2069
2068
2065
2064
2059
2058
2058
2056
2055
2054
2052
2051
2050
2048
2044
2042
2036
2036
2034
2033
2033
2031
2030
2030
2028
2027
2026
2022
2018
2015
2012
2011
2011
2008
2007
2007
2006
2003
2000
1999
1998
1993
1986
1985
1985
1983
1983
1982
1981
1977
1975
1972
1970
1968
1966
1965
1963
1963
1962
1960
1959
1959
1958
1958
1957
1950
1947
1946
1946
1945
1943
1942
1940
1940
1939
1937
1937
1935
1935
1935
1932
1931
1931
1929
1927
1921
1913
1912
1910
1910
1908
1903
1903
1902
1900
1899
1898
1898
1898
1898
1896
1895
1893
1890
1889
1887
1885
1884
1881
1878
1877
1875
1872
1867
1861
1861
1860
1859
1859
1853
1852
1851
1849
1849
1846
1842
1841
1838
1834
1833
1833
1832
1832
1829
1825
1820
1820
1819
1813
1812
1810
1804
1803
1798
1796
1796
1796
1795
1792
1790
1787
1787
1783
1783
1782
1781
1780
1776
1775
1775
1774
1774
1772
1771
1765
1763
1763
1758
1754
1753
1753
1751
1751
1750
1750
1746
1741
1741
1740
1732
1732
1726
1723
1723
1720
1719
1718
1716
1716
1716
1714
1712
1711
1709
1709
1706
1706
1704
1704
1701
1699
1698
1697
1697
1692
1689
1688
1685
1683
1675
1675
1673
1670
1670
1670
1668
1668
1667
1667
1665
1664
1663
1663
1663
1659
1656
1655
1655
1652
1652
1652
1649
1649
1649
1647
1647
1646
1644
1640
1637
1625
1620
1619
1609
1609
1607
1606
1604
1601
1601
1599
1598
1598
1595
1594
1591
1590
1587
1584
1579
1578
1576
1576
1572
1571
1567
1565
1559
1557
1556
1550
1538
1538
1538
1537
1536
1534
1532
1531
1528
1527
1526
1522
1522
1516
1513
1512
1512
1511
1510
1507
1505
1505
1502
1498
1495
1495
1493
1492
1492
1492
1487
1485
1485
1484
1483
1480
1480
1477
1475
1472
1469
1465
1465
1462
1459
1453
1453
1451
1450
1443
1435
1433
1433
1433
1431
1427
1425
1418
1416
1413
1413
1413
1412
1408
1407
1406
1403
1399
1399
1398
1397
1395
1394
1393
1381
1378
1376
1376
1374
1372
1369
1365
1363
1361
1355
1350
1348
1348
1345
1341
1341
1341
1340
1339
1338
1338
1337
1337
1331
1330
1329
1325
1324
1323
1323
1320
1317
1316
1315
1314
1309
1309
1306
1304
1303
1301
1296
1295
1294
1293
1285
1284
1283
1283
1281
1278
1275
1272
1271
1270
1269
1268
1262
1261
1260
1259
1258
1255
1255
1254
1252
1251
1249
1246
1243
1243
1240
1234
1230
1230
1227
1227
1226
1220
1217
1217
1216
1215
1206
1205
1203
1202
1196
1194
1194
1193
1191
1189
1183
1182
1174
1172
1166
1161
1161
1160
1158
1158
1153
1147
1147
1145
1145
1143
1137
1134
1133
1133
1132
1129
1128
1128
1123
1119
1118
1108
1105
1104
1104
1103
1099
1098
1097
1096
1094
1094
1093
1092
1091
1091
1087
1087
1087
1087
1086
1085
1085
1081
1076
1076
1075
1075
1068
1059
1057
1054
1054
1051
1051
1049
1046
1045
1044
1044
1043
1041
1040
1039
1038
1037
1034
1033
1032
1029
1028
1024
1022
1021
1019
1017
1016
1011
1006
1005
1005
999
992
992
991
991
990
987
983
980
980
980
979
977
976
976
970
970
966
961
956
954
954
953
952
949
946
945
945
943
942
940
939
939
938
931
930
926
926
925
923
923
921
921
919
918
913
912
912
910
910
909
908
906
902
901
891
886
886
884
884
883
883
882
881
880
879
878
878
875
873
868
867
867
865
863
862
861
860
858
858
858
856
853
850
849
848
848
846
845
845
844
841
841
840
839
836
833
830
829
828
825
821
819
818
816
815
813
812
812
811
810
808
808
807
803
803
803
801
800
792
791
788
786
785
784
783
775
774
773
773
771
765
763
760
755
755
750
750
750
748
747
747
733
729
728
726
725
724
722
722
722
714
714
711
709
701
700
698
694
687
685
684
683
682
675
673
670
669
668
664
664
664
663
662
661
653
652
646
644
643
639
638
636
636
635
632
631
628
628
627
626
623
621
620
619
618
617
614
611
609
607
607
603
603
601
595
595
595
594
589
587
586
586
582
580
579
577
575
575
573
572
571
570
569
568
568
567
565
565
563
563
563
560
559
558
558
558
556
555
552
550
548
547
547
543
543
542
542
539
534
531
530
521
521
520
519
517
517
514
511
510
510
508
504
503
503
503
502
501
499
499
496
494
492
480
478
477
477
477
471
471
470
469
469
468
467
464
462
461
453
452
450
447
445
445
444
444
442
441
439
438
434
430
429
425
418
414
413
413
412
412
409
408
406
401
400
399
399
398
396
394
383
380
380
378
378
374
374
372
366
366
365
364
363
361
359
358
356
354
353
352
350
349
349
348
348
345
341
341
339
337
325
324
323
323
321
321
320
317
316
314
311
309
306
305
300
300
294
294
293
292
291
289
273
273
267
265
261
261
253
251
248
248
247
244
239
239
237
237
234
234
231
230
227
226
224
223
220
217
215
215
211
208
208
199
199
198
198
197
196
192
188
183
180
175
172
171
169
168
162
162
162
159
156
155
155
153
150
148
147
145
143
141
139
139
139
134
133
127
125
121
118
118
115
114
113
108
106
102
96
88
85
85
82
81
77
76
75
73
72
70
67
65
64
58
56
56
55
54
54
52
49
43
43
42
41
30
26
25
25
20
18
18
17
14
14
13
10
10
7
5
4
4
4
3
1
0
0
-2
-4
-4
-6
-8
-8
-9
-9
-10
-15
-16
-17
-21
-24
-24
-25
-25
-26
-32
-35
-35
-36
-36
-38
-40
-40
-41
-42
-44
-48
-52
-54
-56
-58
-58
-58
-61
-64
-67
-68
-68
-69
-69
-77
-82
-85
-86
-87
-87
-87
-87
-89
-93
-94
-95
-95
-97
-98
-98
-98
-99
-103
-104
-107
-108
-109
-109
-110
-118
-124
-125
-126
-130
-131
-132
-132
-135
-135
-138
-141
-142
-144
-145
-145
-147
-148
-154
-156
-158
-160
-160
-161
-162
-162
-163
-165
-165
-168
-170
-171
-176
-177
-180
-181
-181
-182
-184
-184
-186
-193
-194
-195
-198
-200
-202
-208
-209
-210
-212
-214
-216
-220
-220
-229
-232
-235
-237
-238
-239
-243
-245
-247
-249
-255
-261
-266
-266
-267
-271
-272
-274
-278
-279
-281
-282
-283
-283
-288
-289
-290
-290
-292
-293
-293
-293
-298
-300
-306
-309
-312
-314
-318
-319
-325
-328
-328
-331
-335
-339
-339
-339
-340
-341
-343
-345
-348
-350
-354
-357
-357
-358
-361
-362
-362
-365
-368
-372
-378
-379
-380
-380
-380
-381
-382
-382
-385
-390
-391
-391
-393
-394
-399
-400
-400
-402
-402
-405
-407
-407
-408
-408
-408
-410
-411
-411
-412
-414
-417
-420
-427
-427
-429
-429
-430
-431
-433
-438
-443
-445
-445
-446
-448
-448
-448
-450
-452
-452
-453
-454
-456
-460
-460
-463
-464
-468
-474
-474
-476
-477
-477
-479
-480
-484
-484
-487
-488
-492
-492
-496
-498
-499
-506
-507
-507
-508
-508
-510
-510
-511
-513
-524
-525
-525
-531
-534
-536
-537
-538
-540
-542
-547
-548
-550
-550
-553
-554
-560
-562
-567
-568
-569
-569
-570
-570
-571
-571
-575
-577
-580
-581
-582
-587
-591
-593
-602
-605
-605
-605
-607
-611
-615
-618
-620
-620
-621
-621
-621
-622
-622
-624
-625
-627
-628
-629
-630
-630
-631
-634
-637
-637
-638
-644
-648
-651
-654
-655
-655
-658
-660
-660
-663
-663
-663
-664
-672
-672
-674
-676
-677
-689
-692
-693
-696
-697
-697
-698
-698
-699
-703
-707
-708
-709
-715
-717
-720
-720
-725
-727
-729
-729
-732
-734
-734
-735
-735
-735
-737
-739
-739
-743
-745
-748
-751
-752
-753
-755
-755
-756
-757
-757
-759
-761
-764
-765
-766
-767
-769
-769
-776
-779
-780
-785
-787
-788
-788
-789
-790
-791
-794
-795
-796
-806
-808
-809
-810
-810
-811
-812
-813
-815
-816
-822
-826
-826
-828
-829
-832
-835
-835
-835
-841
-843
-851
-851
-852
-852
-860
-861
-862
-863
-864
-866
-868
-873
-874
-877
-879
-881
-883
-883
-884
-884
-886
-886
-887
-891
-892
-896
-899
-901
-901
-902
-903
-903
-904
-904
-904
-907
-907
-908
-909
-914
-917
-921
-921
-922
-925
-927
-928
-929
-932
-934
-937
-938
-938
-941
-942
-948
-949
-950
-951
-954
-954
-956
-957
-958
-959
-959
-962
-962
-963
-963
-964
-974
-978
-981
-982
-983
-985
-990
-990
-991
-991
-992
-997
-997
-1002
-1002
-1003
-1003
-1008
-1011
-1016
-1018
-1018
-1020
-1023
-1023
-1024
-1025
-1027
-1030
-1031
-1032
-1036
-1036
-1038
-1040
-1040
-1040
-1042
-1044
-1048
-1048
-1048
-1049
-1052
-1054
-1057
-1057
-1057
-1058
-1058
-1059
-1061
-1064
-1068
-1069
-1069
-1074
-1082
-1083
-1086
-1089
-1090
-1093
-1094
-1095
-1100
-1101
-1102
-1103
-1109
-1109
-1112
-1116
-1117
-1117
-1118
-1121
-1123
-1125
-1129
-1129
-1133
-1136
-1136
-1144
-1146
-1147
-1150
-1160
-1162
-1162
-1166
-1169
-1172
-1174
-1180
-1181
-1182
-1183
-1184
-1186
-1187
-1188
-1191
-1193
-1193
-1194
-1204
-1208
-1213
-1216
-1219
-1228
-1230
-1230
-1234
-1235
-1239
-1240
-1244
-1244
-1247
-1248
-1249
-1249
-1251
-1251
-1251
-1254
-1255
-1258
-1258
-1262
-1265
-1265
-1270
-1271
-1272
-1272
-1273
-1274
-1274
-1274
-1275
-1278
-1279
-1280
-1281
-1282
-1284
-1285
-1287
-1288
-1288
-1292
-1294
-1298
-1298
-1298
-1301
-1302
-1304
-1304
-1305
-1306
-1307
-1312
-1314
-1316
-1318
-1319
-1320
-1325
-1325
-1326
-1327
-1328
-1329
-1330
-1331
-1332
-1333
-1334
-1338
-1338
-1341
-1341
-1343
-1345
-1345
-1357
-1359
-1359
-1359
-1360
-1360
-1361
-1363
-1370
-1370
-1372
-1372
-1374
-1374
-1375
-1376
-1378
-1378
-1381
-1384
-1386
-1387
-1388
-1392
-1395
-1397
-1399
-1400
-1406
-1406
-1406
-1407
-1409
-1411
-1412
-1415
-1418
-1421
-1426
-1428
-1428
-1429
-1434
-1438
-1439
-1439
-1440
-1443
-1452
-1454
-1466
-1468
-1468
-1470
-1474
-1479
-1480
-1480
-1481
-1482
-1483
-1486
-1487
-1488
-1492
-1492
-1495
-1495
-1495
-1498
-1502
-1505
-1505
-1508
-1510
-1512
-1513
-1520
-1521
-1531
-1531
-1535
-1537
-1537
-1541
-1544
-1546
-1555
-1561
-1562
-1568
-1569
-1570
-1573
-1578
-1579
-1580
-1586
-1589
-1591
-1594
-1597
-1597
-1598
-1599
-1606
-1608
-1609
-1610
-1610
-1611
-1614
-1617
-1619
-1620
-1624
-1626
-1626
-1627
-1628
-1630
-1631
-1633
-1634
-1635
-1636
-1637
-1639
-1640
-1642
-1642
-1642
-1642
-1652
-1654
-1657
-1657
-1658
-1658
-1659
-1661
-1663
-1663
-1664
-1670
-1673
-1676
-1676
-1678
-1679
-1679
-1680
-1685
-1687
-1688
-1688
-1692
-1693
-1698
-1700
-1702
-1707
-1711
-1712
-1712
-1716
-1717
-1717
-1718
-1722
-1723
-1729
-1732
-1735
-1735
-1737
-1737
-1737
-1738
-1739
-1741
-1744
-1746
-1748
-1750
-1751
-1752
-1752
-1753
-1756
-1758
-1760
-1762
-1762
-1763
-1763
-1765
-1766
-1767
-1772
-1773
-1774
-1776
-1777
-1777
-1777
-1779
-1782
-1783
-1784
-1784
-1785
-1785
-1787
-1788
-1790
-1791
-1792
-1793
-1793
-1793
-1794
-1796
-1797
-1799
-1801
-1806
-1808
-1809
-1810
-1811
-1813
-1815
-1819
-1824
-1828
-1834
-1837
-1838
-1839
-1839
-1842
-1843
-1848
-1851
-1853
-1854
-1855
-1858
-1858
-1860
-1865
-1867
-1868
-1868
-1870
-1874
-1874
-1874
-1876
-1881
-1884
-1884
-1885
-1886
-1890
-1891
-1893
-1896
-1896
-1897
-1899
-1900
-1903
-1903
-1903
-1903
-1903
-1904
-1905
-1910
-1912
-1913
-1915
-1920
-1921
-1922
-1922
-1928
-1928
-1928
-1930
-1933
-1934
-1935
-1937
-1939
-1944
-1945
-1949
-1950
-1954
-1957
-1958
-1959
-1959
-1960
-1962
-1967
-1968
-1970
-1975
-1977
-1979
-1980
-1981
-1983
-1986
-1988
-1990
-1995
-1996
-2000
-2003
-2005
-2006
-2007
-2008
-2013
-2013
-2014
-2016
-2016
-2017
-2021
-2023
-2023
-2025
-2027
-2031
-2032
-2035
-2036
-2038
-2039
-2040
-2048
-2049
-2053
-2055
-2055
-2056
-2060
-2060
-2063
-2064
-2068
-2069
-2069
-2070
-2071
-2072
-2073
-2075
-2077
-2079
-2080
-2081
-2081
-2083
-2083
-2088
-2088
-2088
-2091
-2092
-2094
-2095
-2095
-2095
-2101
-2101
-2106
-2110
-2113
-2116
-2116
-2117
-2119
-2126
-2129
-2132
-2132
-2135
-2138
-2150
-2151
-2156
-2157
-2161
-2161
-2162
-2162
-2163
-2163
-2164
-2166
-2167
-2171
-2172
-2173
-2174
-2177
-2179
-2179
-2180
-2181
-2181
-2181
-2190
-2191
-2193
-2195
-2198
-2198
-2201
-2203
-2204
-2205
-2208
-2208
-2210
-2213
-2215
-2216
-2217
-2221
-2224
-2224
-2228
-2229
-2229
-2236
-2236
-2239
-2240
-2241
-2248
-2252
-2254
-2256
-2258
-2258
-2259
-2259
-2263
-2263
-2264
-2270
-2271
-2277
-2278
-2278
-2279
-2283
-2284
-2286
-2291
-2295
-2302
-2304
-2305
-2305
-2309
-2309
-2314
-2314
-2316
-2318
-2318
-2319
-2319
-2320
-2322
-2322
-2325
-2326
-2326
-2326
-2326
-2328
-2330
-2330
-2330
-2331
-2332
-2332
-2332
-2333
-2333
-2334
-2334
-2335
-2339
-2345
-2347
-2347
-2348
-2348
-2350
-2355
-2355
-2359
-2360
-2361
-2362
-2363
-2364
-2367
-2370
-2370
-2373
-2378
-2380
-2383
-2383
-2384
-2385
-2388
-2389
-2391
-2392
-2396
-2397
-2397
-2398
-2398
-2401
-2402
-2404
-2404
-2404
-2404
-2413
-2413
-2415
-2415
-2415
-2418
-2420
-2425
-2426
-2427
-2431
-2432
-2437
-2437
-2441
-2443
-2448
-2451
-2453
-2454
-2460
-2461
-2461
-2461
-2463
-2465
-2466
-2480
-2480
-2481
-2485
-2488
-2491
-2493
-2493
-2493
-2497
-2497
-2498
-2498
-2499
-2499
-2500
-2502
-2507
-2508
-2510
-2514
-2514
-2517
-2524
-2524
-2524
-2536
-2538
-2541
-2542
-2544
-2547
-2547
-2558
-2559
-2561
-2561
-2564
-2565
-2568
-2569
-2570
-2576
-2578
-2581
-2587
-2589
-2592
-2593
-2593
-2600
-2602
-2602
-2605
-2606
-2612
-2614
-2615
-2617
-2618
-2621
-2621
-2621
-2622
-2624
-2624
-2631
-2632
-2633
-2641
-2641
-2643
-2651
-2652
-2653
-2654
-2655
-2657
-2660
-2663
-2667
-2669
-2671
-2676
-2678
-2688
-2696
-2700
-2703
-2704
-2709
-2710
-2711
-2712
-2712
-2712
-2717
-2718
-2718
-2719
-2720
-2725
-2729
-2740
-2742
-2749
-2752
-2754
-2755
-2759
-2762
-2766
-2766
-2766
-2767
-2769
-2771
-2772
-2776
-2777
-2778
-2785
-2790
-2790
-2794
-2799
-2799
-2802
-2804
-2805
-2808
-2813
-2815
-2816
-2817
-2822
-2823
-2827
-2830
-2831
-2833
-2838
-2839
-2839
-2840
-2841
-2844
-2846
-2849
-2849
-2851
-2853
-2854
-2855
-2856
-2859
-2861
-2861
-2862
-2863
-2864
-2866
-2866
-2867
-2870
-2873
-2876
-2877
-2878
-2879
-2881
-2893
-2898
-2899
-2899
-2901
-2904
-2906
-2906
-2908
-2908
-2909
-2909
-2911
-2913
-2913
-2915
-2922
-2928
-2930
-2930
-2932
-2934
-2934
-2936
-2937
-2937
-2938
-2939
-2940
-2941
-2944
-2944
-2944
-2945
-2951
-2955
-2956
-2957
-2958
-2958
-2959
-2960
-2961
-2962
-2963
-2964
-2964
-2965
-2967
-2969
-2970
-2974
-2977
-2979
-2981
-2982
-2984
-2984
-2987
-2990
-2992
-2995
-2995
-2996
-2997
-2998
-2999
-3002
-3004
-3009
-3010
-3012
-3013
-3017
-3021
-3021
-3022
-3032
-3033
-3033
-3034
-3035
-3035
-3036
-3037
-3044
-3044
-3046
-3046
-3048
-3049
-3052
-3056
-3061
-3065
-3067
-3071
-3074
-3077
-3077
-3078
-3078
-3081
-3082
-3084
-3085
-3088
-3088
-3089
-3090
-3093
-3097
-3099
-3099
-3099
-3101
-3102
-3102
-3104
-3105
-3105
-3111
-3113
-3116
-3117
-3119
-3120
-3123
-3125
-3125
-3128
-3128
-3131
-3151
-3152
-3155
-3156
-3157
-3158
-3159
-3161
-3178
-3178
-3181
-3182
-3184
-3185
-3186
-3188
-3188
-3189
-3190
-3193
-3193
-3196
-3202
-3203
-3206
-3206
-3207
-3207
-3214
-3215
-3215
-3215
-3216
-3219
-3222
-3225
-3226
-3228
-3228
-3230
-3233
-3234
-3241
-3245
-3245
-3250
-3255
-3258
-3264
-3267
-3269
-3270
-3271
-3274
-3278
-3281
-3282
-3286
-3288
-3291
-3293
-3295
-3299
-3301
-3301
-3306
-3311
-3314
-3318
-3319
-3321
-3321
-3322
-3323
-3325
-3326
-3328
-3331
-3331
-3332
-3333
-3341
-3342
-3344
-3345
-3346
-3348
-3350
-3354
-3355
-3357
-3360
-3361
-3364
-3370
-3372
-3375
-3380
-3382
-3383
-3383
-3383
-3386
-3387
-3387
-3388
-3388
-3391
-3392
-3394
-3395
-3395
-3397
-3402
-3403
-3403
-3405
-3409
-3410
-3411
-3411
-3417
-3417
-3421
-3425
-3425
-3426
-3431
-3432
-3435
-3442
-3442
-3445
-3447
-3450
-3451
-3451
-3455
-3464
-3467
-3469
-3471
-3471
-3475
-3475
-3480
-3480
-3481
-3484
-3486
-3486
-3491
-3494
-3494
-3499
-3502
-3502
-3502
-3504
-3507
-3508
-3510
-3513
-3513
-3516
-3519
-3521
-3523
-3525
-3528
-3528
-3530
-3531
-3534
-3535
-3536
-3536
-3536
-3537
-3541
-3545
-3545
-3547
-3547
-3547
-3549
-3552
-3554
-3555
-3556
-3560
-3562
-3563
-3564
-3564
-3573
-3574
-3575
-3578
-3579
-3589
-3592
-3596
-3596
-3597
-3599
-3600
-3601
-3601
-3601
-3605
-3607
-3610
-3610
-3611
-3613
-3614
-3615
-3616
-3616
-3617
-3621
-3624
-3625
-3627
-3629
-3631
-3634
-3637
-3643
-3645
-3651
-3652
-3655
-3659
-3663
-3664
-3666
-3669
-3671
-3677
-3678
-3680
-3680
-3682
-3685
-3686
-3688
-3688
-3691
-3695
-3696
-3697
-3699
-3701
-3704
-3704
-3707
-3709
-3714
-3716
-3717
-3719
-3721
-3721
-3721
-3722
-3728
-3733
-3739
-3739
-3739
-3740
-3745
-3746
-3749
-3749
-3754
-3754
-3755
-3760
-3765
-3767
-3770
-3770
-3778
-3779
-3784
-3784
-3785
-3785
-3786
-3786
-3790
-3790
-3790
-3792
-3798
-3799
-3807
-3808
-3808
-3818
-3820
-3820
-3822
-3827
-3828
-3828
-3831
-3835
-3835
-3836
-3837
-3840
-3840
-3840
-3844
-3848
-3849
-3850
-3852
-3853
-3853
-3855
-3857
-3860
-3861
-3863
-3866
-3867
-3867
-3869
-3872
-3872
-3872
-3872
-3873
-3878
-3882
-3886
-3888
-3892
-3894
-3894
-3896
-3896
-3903
-3903
-3906
-3907
-3910
-3913
-3913
-3916
-3917
-3918
-3918
-3919
-3920
-3921
-3925
-3925
-3928
-3929
-3929
-3932
-3932
-3934
-3936
-3936
-3939
-3941
-3943
-3944
-3946
-3947
-3948
-3948
-3949
-3950
-3950
-3954
-3957
-3961
-3961
-3962
-3962
-3963
-3963
-3965
-3966
-3970
-3973
-3973
-3977
-3978
-3979
-3980
-3990
-3994
-3995
-3997
-3997
-3997
-3999
-4003
-4003
-4003
-4004
-4009
-4014
-4021
-4022
-4025
-4028
-4032
-4036
-4041
-4043
-4043
-4046
-4057
-4062
-4063
-4075
-4075
-4077
-4078
-4078
-4079
-4079
-4081
-4083
-4087
-4090
-4090
-4091
-4092
-4094
-4095
-4096
-4102
-4102
-4104
-4104
-4105
-4106
-4109
-4110
-4112
-4115
-4118
-4120
-4125
-4126
-4127
-4129
-4129
-4130
-4131
-4132
-4133
-4134
-4137
-4137
-4140
-4143
-4146
-4147
-4147
-4147
-4148
-4150
-4153
-4154
-4154
-4155
-4155
-4156
-4159
-4161
-4161
-4163
-4163
-4165
-4167
-4170
-4174
-4175
-4176
-4180
-4184
-4184
-4184
-4185
-4187
-4190
-4192
-4194
-4195
-4195
-4197
-4198
-4199
-4200
-4201
-4202
-4203
-4204
-4205
-4206
-4207
-4207
-4207
-4207
-4209
-4209
-4209
-4209
-4211
-4214
-4217
-4219
-4220
-4221
-4222
-4222
-4228
-4229
-4231
-4231
-4233
-4238
-4239
-4240
-4240
-4241
-4241
-4247
-4248
-4248
-4253
-4254
-4255
-4258
-4259
-4261
-4261
-4261
-4264
-4266
-4275
-4278
-4279
-4281
-4281
-4283
-4285
-4287
-4297
-4298
-4311
-4317
-4317
-4318
-4319
-4319
-4320
-4321
-4322
-4323
-4323
-4326
-4330
-4333
-4334
-4340
-4343
-4343
-4345
-4348
-4349
-4349
-4351
-4351
-4354
-4356
-4358
-4359
-4359
-4364
-4366
-4368
-4371
-4372
-4372
-4374
-4376
-4377
-4378
-4379
-4381
-4384
-4385
-4386
-4391
-4392
-4395
-4396
-4402
-4404
-4407
-4410
-4411
-4411
-4415
-4423
-4424
-4426
-4427
-4430
-4430
-4430
-4435
-4438
-4439
-4441
-4443
-4444
-4445
-4448
-4449
-4449
-4454
-4456
-4461
-4463
-4464
-4465
-4465
-4466
-4467
-4467
-4468
-4471
-4473
-4475
-4476
-4476
-4476
-4485
-4494
-4494
-4500
-4501
-4502
-4503
-4504
-4504
-4504
-4505
-4505
-4507
-4508
-4508
-4508
-4508
-4510
-4510
-4512
-4512
-4516
-4518
-4518
-4518
-4521
-4521
-4522
-4525
-4525
-4528
-4528
-4528
-4529
-4532
-4535
-4536
-4536
-4542
-4544
-4548
-4548
-4549
-4549
-4550
-4553
-4555
-4555
-4557
-4560
-4561
-4562
-4563
-4564
-4564
-4566
-4566
-4569
-4570
-4571
-4573
-4573
-4589
-4591
-4593
-4595
-4595
-4596
-4596
-4597
-4599
-4607
-4611
-4612
-4613
-4614
-4632
-4632
-4633
-4633
-4633
-4634
-4634
-4634
-4635
-4637
-4640
-4641
-4643
-4644
-4650
-4651
-4652
-4654
-4657
-4659
-4659
-4663
-4664
-4668
-4668
-4668
-4670
-4671
-4672
-4673
-4675
-4676
-4676
-4679
-4679
-4681
-4682
-4684
-4684
-4684
-4686
-4691
-4691
-4693
-4698
-4701
-4701
-4701
-4702
-4703
-4707
-4709
-4711
-4714
-4715
-4716
-4720
-4722
-4726
-4727
-4731
-4731
-4736
-4739
-4740
-4741
-4744
-4746
-4748
-4750
-4751
-4751
-4755
-4756
-4767
-4768
-4770
-4777
-4779
-4781
-4784
-4786
-4790
-4790
-4793
-4799
-4801
-4803
-4805
-4807
-4807
-4808
-4808
-4810
-4810
-4810
-4814
-4816
-4816
-4817
-4820
-4821
-4822
-4825
-4825
-4826
-4827
-4831
-4831
-4834
-4835
-4836
-4836
-4837
-4837
-4840
-4844
-4847
-4849
-4851
-4856
-4859
-4860
-4861
-4863
-4864
-4869
-4872
-4875
-4877
-4878
-4879
-4882
-4882
-4882
-4883
-4883
-4889
-4891
-4895
-4895
-4898
-4898
-4899
-4899
-4904
-4905
-4909
-4912
-4914
-4914
-4917
-4917
-4929
-4930
-4930
-4933
-4937
-4938
-4940
-4941
-4942
-4942
-4946
-4948
-4949
-4950
-4954
-4955
-4956
-4957
-4959
-4959
-4961
-4963
-4965
-4965
-4967
-4969
-4969
-4970
-4972
-4976
-4977
-4978
-4983
-4984
-4985
-4987
-4988
-4992
-4993
-4994
-4995
-4997
-4997
-4998
-5004
-5007
-5008
-5008
-5009
-5015
-5015
-5015
-5016
-5017
-5017
-5017
-5018
-5020
-5023
-5024
-5026
-5028
-5030
-5034
-5035
-5037
-5039
-5044
-5047
-5049
-5052
-5052
-5054
-5055
-5056
-5058
-5058
-5063
-5063
-5065
-5067
-5067
-5068
-5069
-5070
-5074
-5083
-5084
-5085
-5087
-5087
-5090
-5096
-5096
-5106
-5107
-5109
-5110
-5111
-5113
-5118
-5122
-5123
-5124
-5125
-5129
-5130
-5132
-5133
-5133
-5134
-5137
-5140
-5143
-5150
-5152
-5154
-5158
-5165
-5171
-5171
-5171
-5176
-5177
-5178
-5179
-5181
-5183
-5186
-5187
-5188
-5193
-5198
-5198
-5198
-5199
-5205
-5207
-5210
-5212
-5213
-5214
-5217
-5220
-5221
-5223
-5224
-5229
-5229
-5230
-5231
-5231
-5231
-5233
-5240
-5245
-5246
-5252
-5255
-5256
-5258
-5259
-5260
-5260
-5263
-5263
-5264
-5268
-5270
-5271
-5273
-5274
-5274
-5275
-5276
-5276
-5277
-5280
-5282
-5283
-5283
-5283
-5286
-5291
-5292
-5297
-5297
-5297
-5298
-5299
-5302
-5302
-5302
-5306
-5311
-5313
-5313
-5317
-5319
-5320
-5323
-5323
-5328
-5334
-5341
-5343
-5344
-5347
-5347
-5350
-5350
-5359
-5364
-5366
-5367
-5368
-5373
-5376
-5378
-5378
-5379
-5380
-5380
-5383
-5384
-5385
-5386
-5387
-5388
-5390
-5392
-5392
-5394
-5396
-5397
-5398
-5401
-5403
-5404
-5404
-5406
-5410
-5411
-5412
-5413
-5415
-5424
-5425
-5425
-5427
-5428
-5430
-5433
-5433
-5436
-5436
-5438
-5440
-5442
-5443
-5443
-5449
-5449
-5453
-5454
-5461
-5465
-5465
-5466
-5472
-5474
-5476
-5477
-5478
-5479
-5480
-5481
-5483
-5487
-5490
-5491
-5491
-5495
-5496
-5498
-5499
-5499
-5500
-5501
-5503
-5504
-5505
-5508
-5508
-5512
-5516
-5518
-5521
-5524
-5528
-5532
-5533
-5535
-5535
-5537
-5537
-5538
-5539
-5539
-5539
-5540
-5543
-5546
-5547
-5549
-5551
-5554
-5556
-5558
-5561
-5561
-5564
-5565
-5565
-5567
-5568
-5569
-5569
-5569
-5569
-5570
-5570
-5571
-5571
-5574
-5576
-5578
-5582
-5583
-5584
-5585
-5586
-5588
-5592
-5593
-5594
-5594
-5595
-5601
-5603
-5607
-5608
-5610
-5611
-5614
-5615
-5616
-5618
-5620
-5624
-5625
-5627
-5628
-5635
-5636
-5637
-5638
-5638
-5639
-5639
-5640
-5642
-5644
-5645
-5648
-5648
-5649
-5650
-5654
-5658
-5660
-5661
-5668
-5668
-5670
-5670
-5672
-5674
-5675
-5677
-5678
-5680
-5680
-5689
-5691
-5692
-5695
-5695
-5697
-5698
-5699
-5700
-5702
-5702
-5703
-5703
-5705
-5706
-5709
-5719
-5720
-5725
-5726
-5726
-5726
-5730
-5731
-5733
-5735
-5737
-5741
-5743
-5751
-5757
-5759
-5762
-5768
-5776
-5784
-5785
-5786
-5788
-5789
-5789
-5791
-5793
-5797
-5798
-5800
-5808
-5809
-5812
-5812
-5818
-5819
-5820
-5820
-5820
-5821
-5822
-5823
-5825
-5828
-5829
-5829
-5831
-5835
-5840
-5841
-5843
-5845
-5846
-5848
-5852
-5854
-5854
-5855
-5855
-5856
-5856
-5863
-5864
-5864
-5866
-5869
-5871
-5872
-5872
-5875
-5876
-5878
-5883
-5884
-5884
-5886
-5887
-5890
-5899
-5903
-5906
-5906
-5907
-5915
-5915
-5925
-5930
-5930
-5930
-5932
-5935
-5941
-5943
-5947
-5948
-5950
-5955
-5958
-5959
-5964
-5970
-5972
-5975
-5975
-5977
-5978
-5978
-5979
-5979
-5986
-5988
-5989
-5990
-5991
-5992
-5992
-6000
-6001
-6001
-6002
-6007
-6013
-6013
-6013
-6021
-6022
-6025
-6025
-6027
-6028
-6030
-6032
-6033
-6035
-6035
-6040
-6041
-6048
-6048
-6049
-6050
-6052
-6053
-6053
-6054
-6057
-6058
-6059
-6059
-6060
-6063
-6064
-6065
-6067
-6076
-6079
-6082
-6083
-6083
-6086
-6090
-6091
-6093
-6094
-6096
-6098
-6099
-6101
-6101
-6102
-6103
-6106
-6107
-6109
-6109
-6117
-6124
-6127
-6128
-6130
-6130
-6131
-6132
-6135
-6136
-6137
-6137
-6137
-6141
-6142
-6144
-6147
-6147
-6147
-6148
-6149
-6150
-6158
-6165
-6167
-6168
-6172
-6176
-6178
-6179
-6179
-6181
-6182
-6182
-6182
-6183
-6186
-6187
-6188
-6189
-6192
-6193
-6197
-6198
-6200
-6201
-6205
-6205
-6206
-6209
-6209
-6210
-6213
-6216
-6217
-6218
-6218
-6219
-6222
-6224
-6226
-6229
-6232
-6232
-6233
-6237
-6239
-6241
-6242
-6242
-6247
-6248
-6248
-6249
-6249
-6250
-6251
-6251
-6252
-6253
-6253
-6255
-6256
-6260
-6263
-6265
-6266
-6268
-6270
-6271
-6273
-6277
-6277
-6279
-6280
-6282
-6282
-6283
-6283
-6283
-6290
-6293
-6296
-6299
-6303
-6304
-6308
-6308
-6309
-6313
-6316
-6319
-6320
-6322
-6322
-6326
-6327
-6330
-6333
-6337
-6339
-6339
-6340
-6342
-6345
-6346
-6347
-6347
-6348
-6349
-6350
-6355
-6356
-6356
-6359
-6361
-6366
-6371
-6371
-6372
-6373
-6375
-6376
-6377
-6378
-6379
-6380
-6388
-6389
-6391
-6392
-6392
-6394
-6398
-6399
-6399
-6400
-6401
-6408
-6412
-6413
-6416
-6417
-6417
-6420
-6421
-6422
-6423
-6428
-6429
-6431
-6432
-6443
-6444
-6449
-6450
-6451
-6454
-6459
-6459
-6463
-6464
-6471
-6471
-6476
-6479
-6480
-6480
-6481
-6481
-6486
-6486
-6486
-6487
-6487
-6488
-6491
-6496
-6501
-6502
-6502
-6503
-6503
-6504
-6512
-6514
-6516
-6519
-6520
-6520
-6521
-6522
-6527
-6528
-6530
-6532
-6533
-6536
-6537
-6539
-6539
-6545
-6548
-6550
-6550
-6554
-6555
-6560
-6560
-6562
-6562
-6563
-6566
-6567
-6567
-6569
-6572
-6572
-6574
-6577
-6579
-6580
-6581
-6582
-6585
-6588
-6589
-6589
-6594
-6601
-6601
-6603
-6604
-6605
-6609
-6612
-6612
-6612
-6612
-6613
-6617
-6618
-6622
-6623
-6624
-6625
-6625
-6626
-6627
-6638
-6640
-6641
-6641
-6641
-6642
-6643
-6643
-6647
-6647
-6649
-6650
-6651
-6654
-6657
-6658
-6666
-6666
-6666
-6667
-6670
-6675
-6680
-6681
-6681
-6681
-6682
-6685
-6686
-6687
-6690
-6690
-6693
-6697
-6698
-6704
-6705
-6706
-6708
-6709
-6711
-6712
-6716
-6720
-6724
-6727
-6729
-6734
-6737
-6737
-6738
-6750
-6751
-6754
-6755
-6759
-6759
-6760
-6769
-6774
-6775
-6776
-6777
-6777
-6778
-6779
-6783
-6787
-6789
-6791
-6792
-6795
-6799
-6799
-6800
-6802
-6803
-6804
-6809
-6810
-6812
-6813
-6818
-6819
-6822
-6825
-6825
-6826
-6826
-6826
-6826
-6827
-6828
-6832
-6833
-6833
-6838
-6838
-6839
-6842
-6844
-6847
-6849
-6851
-6859
-6860
-6861
-6863
-6863
-6863
-6864
-6865
-6867
-6867
-6868
-6872
-6873
-6874
-6875
-6875
-6876
-6877
-6881
-6881
-6888
-6888
-6892
-6895
-6896
-6897
-6902
-6903
-6905
-6906
-6910
-6912
-6917
-6918
-6922
-6923
-6923
-6927
-6935
-6937
-6937
-6939
-6944
-6944
-6948
-6950
-6954
-6956
-6960
-6965
-6966
-6967
-6968
-6969
-6975
-6976
-6977
-6986
-6988
-6988
-6991
-6994
-6997
-7003
-7004
-7005
-7005
-7006
-7008
-7015
-7016
-7017
-7018
-7019
-7020
-7020
-7023
-7027
-7029
-7030
-7030
-7030
-7031
-7034
-7035
-7036
-7036
-7036
-7036
-7037
-7040
-7040
-7041
-7042
-7044
-7046
-7046
-7049
-7051
-7053
-7055
-7057
-7058
-7058
-7061
-7061
-7065
-7065
-7067
-7067
-7067
-7069
-7070
-7074
-7075
-7076
-7081
-7086
-7089
-7091
-7092
-7093
-7093
-7094
-7098
-7098
-7099
-7099
-7101
-7102
-7104
-7108
-7109
-7111
-7111
-7111
-7114
-7115
-7115
-7117
-7118
-7121
-7123
-7127
-7129
-7133
-7134
-7135
-7136
-7136
-7137
-7140
-7142
-7143
-7144
-7144
-7147
-7147
-7152
-7155
-7156
-7156
-7162
-7166
-7167
-7172
-7173
-7182
-7186
-7186
-7187
-7193
-7198
-7202
-7204
-7205
-7208
-7208
-7211
-7220
-7225
-7232
-7233
-7234
-7235
-7237
-7238
-7241
-7242
-7245
-7249
-7249
-7250
-7252
-7252
-7256
-7260
-7265
-7268
-7275
-7281
-7283
-7285
-7287
-7289
-7290
-7292
-7294
-7297
-7299
-7299
-7299
-7299
-7309
-7314
-7317
-7317
-7318
-7320
-7321
-7323
-7323
-7326
-7327
-7328
-7330
-7330
-7332
-7333
-7337
-7341
-7343
-7349
-7352
-7356
-7357
-7365
-7366
-7367
-7367
-7369
-7373
-7374
-7382
-7385
-7387
-7388
-7391
-7392
-7394
-7397
-7399
-7403
-7403
-7407
-7408
-7408
-7414
-7415
-7416
-7418
-7422
-7423
-7426
-7427
-7433
-7440
-7440
-7441
-7446
-7447
-7448
-7448
-7449
-7451
-7456
-7457
-7457
-7457
-7457
-7457
-7458
-7458
-7458
-7462
-7462
-7462
-7467
-7468
-7471
-7473
-7475
-7475
-7477
-7482
-7483
-7484
-7486
-7486
-7487
-7494
-7496
-7498
-7499
-7500
-7501
-7502
-7504
-7504
-7505
-7505
-7506
-7507
-7509
-7510
-7517
-7518
-7521
-7526
-7540
-7544
-7547
-7549
-7562
-7563
-7566
-7569
-7571
-7571
-7572
-7572
-7575
-7575
-7576
-7578
-7579
-7580
-7581
-7582
-7588
-7589
-7590
-7594
-7595
-7595
-7596
-7596
-7598
-7605
-7610
-7610
-7611
-7611
-7613
-7614
-7617
-7620
-7623
-7627
-7628
-7628
-7629
-7631
-7631
-7632
-7634
-7636
-7638
-7642
-7642
-7649
-7649
-7650
-7650
-7654
-7658
-7658
-7658
-7664
-7670
-7673
-7677
-7679
-7691
-7692
-7696
-7698
-7698
-7700
-7702
-7703
-7705
-7705
-7710
-7712
-7715
-7716
-7717
-7717
-7717
-7718
-7721
-7721
-7723
-7724
-7727
-7728
-7730
-7732
-7732
-7733
-7737
-7738
-7740
-7743
-7745
-7746
-7749
-7750
-7750
-7754
-7756
-7757
-7757
-7766
-7770
-7773
-7776
-7780
-7781
-7783
-7786
-7791
-7792
-7797
-7798
-7799
-7803
-7803
-7804
-7804
-7805
-7806
-7810
-7812
-7821
-7821
-7828
-7828
-7829
-7830
-7836
-7837
-7838
-7845
-7850
-7851
-7852
-7858
-7859
-7867
-7869
-7871
-7872
-7872
-7876
-7881
-7885
-7885
-7886
-7890
-7895
-7896
-7899
-7902
-7904
-7905
-7906
-7910
-7911
-7913
-7916
-7923
-7924
-7927
-7929
-7932
-7933
-7935
-7936
-7940
-7943
-7943
-7945
-7946
-7951
-7954
-7956
-7959
-7962
-7963
-7964
-7964
-7965
-7965
-7970
-7971
-7974
-7974
-7979
-7981
-7982
-7984
-7985
-7992
-7994
-7994
-7994
-7995
-7995
-7997
-8001
-8001
-8005
-8006
-8008
-8010
-8011
-8012
-8013
-8018
-8019
-8021
-8023
-8024
-8024
-8025
-8026
-8029
-8030
-8035
-8036
-8036
-8037
-8039
-8040
-8041
-8046
-8050
-8051
-8052
-8052
-8056
-8057
-8057
-8059
-8061
-8062
-8063
-8063
-8063
-8065
-8066
-8066
-8069
-8070
-8071
-8076
-8078
-8078
-8081
-8082
-8083
-8084
-8085
-8091
-8095
-8097
-8097
-8098
-8098
-8101
-8102
-8103
-8105
-8106
-8116
-8116
-8118
-8120
-8122
-8124
-8124
-8125
-8125
-8130
-8135
-8137
-8137
-8139
-8140
-8142
-8144
-8145
-8148
-8149
-8150
-8151
-8153
-8159
-8164
-8167
-8169
-8171
-8174
-8176
-8176
-8180
-8182
-8186
-8186
-8187
-8193
-8193
-8196
-8196
-8201
-8203
-8205
-8209
-8211
-8214
-8216
-8218
-8221
-8223
-8223
-8223
-8224
-8224
-8226
-8227
-8229
-8231
-8232
-8234
-8235
-8236
-8237
-8237
-8238
-8239
-8244
-8247
-8251
-8259
-8269
-8274
-8274
-8276
-8282
-8286
-8289
-8291
-8292
-8294
-8294
-8295
-8296
-8297
-8298
-8300
-8301
-8302
-8303
-8304
-8305
-8306
-8306
-8307
-8309
-8311
-8313
-8314
-8315
-8315
-8320
-8321
-8323
-8330
-8333
-8334
-8335
-8337
-8339
-8342
-8345
-8354
-8359
-8360
-8363
-8364
-8364
-8367
-8368
-8368
-8370
-8373
-8373
-8375
-8375
-8377
-8379
-8379
-8382
-8382
-8383
-8383
-8384
-8387
-8388
-8388
-8389
-8391
-8392
-8392
-8394
-8398
-8398
-8401
-8406
-8408
-8409
-8411
-8421
-8422
-8423
-8427
-8428
-8430
-8433
-8433
-8434
-8435
-8435
-8436
-8437
-8437
-8443
-8444
-8445
-8446
-8448
-8449
-8450
-8453
-8455
-8456
-8457
-8460
-8461
-8464
-8468
-8469
-8470
-8470
-8471
-8474
-8480
-8484
-8487
-8489
-8492
-8493
-8497
-8498
-8501
-8504
-8505
-8506
-8508
-8509
-8509
-8510
-8512
-8518
-8520
-8523
-8523
-8524
-8524
-8527
-8527
-8529
-8531
-8535
-8535
-8537
-8538
-8538
-8540
-8544
-8547
-8547
-8547
-8550
-8551
-8553
-8563
-8564
-8569
-8571
-8572
-8573
-8576
-8576
-8576
-8576
-8577
-8577
-8577
-8579
-8582
-8583
-8589
-8590
-8590
-8591
-8598
-8599
-8602
-8603
-8603
-8604
-8605
-8606
-8609
-8609
-8612
-8614
-8614
-8614
-8616
-8617
-8620
-8622
-8623
-8624
-8624
-8625
-8626
-8628
-8632
-8632
-8641
-8644
-8645
-8648
-8649
-8651
-8657
-8657
-8659
-8663
-8663
-8668
-8669
-8669
-8671
-8671
-8673
-8677
-8679
-8683
-8687
-8687
-8688
-8688
-8694
-8697
-8708
-8710
-8711
-8713
-8717
-8718
-8719
-8721
-8725
-8725
-8727
-8727
-8727
-8730
-8731
-8732
-8733
-8741
-8741
-8742
-8746
-8747
-8749
-8750
-8755
-8758
-8762
-8763
-8764
-8765
-8767
-8768
-8770
-8770
-8771
-8772
-8772
-8773
-8773
-8779
-8779
-8780
-8780
-8782
-8784
-8787
-8793
-8795
-8802
-8804
-8804
-8804
-8804
-8805
-8805
-8809
-8811
-8811
-8813
-8814
-8814
-8814
-8820
-8820
-8823
-8824
-8826
-8830
-8831
-8834
-8839
-8839
-8840
-8841
-8843
-8844
-8845
-8846
-8849
-8850
-8850
-8851
-8851
-8852
-8854
-8857
-8857
-8858
-8859
-8859
-8860
-8864
-8867
-8874
-8875
-8883
-8884
-8884
-8885
-8887
-8887
-8889
-8889
-8890
-8890
-8891
-8891
-8892
-8892
-8892
-8895
-8898
-8900
-8905
-8905
-8908
-8914
-8914
-8917
-8922
-8925
-8926
-8927
-8928
-8930
-8936
-8937
-8938
-8943
-8943
-8944
-8945
-8946
-8950
-8950
-8952
-8953
-8954
-8954
-8955
-8955
-8959
-8959
-8961
-8962
-8963
-8964
-8965
-8970
-8970
-8970
-8971
-8972
-8973
-8974
-8976
-8988
-8991
-8993
-8994
-8997
-8997
-8998
-8998
-9003
-9007
-9007
-9007
-9008
-9011
-9013
-9013
-9014
-9014
-9016
-9017
-9019
-9028
-9028
-9028
-9031
-9033
-9034
-9036
-9039
-9040
-9041
-9048
-9049
-9051
-9052
-9057
-9063
-9065
-9074
-9081
-9082
-9082
-9083
-9083
-9084
-9085
-9085
-9091
-9107
-9108
-9109
-9111
-9113
-9116
-9116
-9121
-9121
-9123
-9124
-9124
-9125
-9129
-9130
-9131
-9131
-9132
-9135
-9142
-9142
-9145
-9148
-9149
-9152
-9154
-9156
-9157
-9157
-9157
-9160
-9164
-9167
-9168
-9170
-9170
-9171
-9174
-9174
-9174
-9176
-9177
-9178
-9179
-9180
-9191
-9197
-9201
-9203
-9204
-9205
-9206
-9207
-9208
-9211
-9213
-9214
-9215
-9215
-9216
-9220
-9223
-9227
-9229
-9233
-9234
-9235
-9236
-9236
-9246
-9246
-9249
-9250
-9250
-9259
-9261
-9263
-9267
-9269
-9271
-9272
-9273
-9275
-9278
-9278
-9282
-9282
-9287
-9291
-9292
-9292
-9292
-9294
-9297
-9298
-9300
-9303
-9307
-9309
-9310
-9317
-9317
-9317
-9319
-9320
-9322
-9323
-9324
-9327
-9327
-9333
-9333
-9335
-9337
-9337
-9340
-9340
-9341
-9342
-9342
-9347
-9349
-9351
-9353
-9356
-9357
-9358
-9359
-9361
-9363
-9364
-9366
-9366
-9372
-9372
-9375
-9381
-9383
-9383
-9384
-9385
-9387
-9389
-9390
-9391
-9391
-9391
-9393
-9395
-9398
-9398
-9401
-9402
-9402
-9402
-9402
-9406
-9410
-9411
-9413
-9413
-9413
-9417
-9419
-9421
-9421
-9422
-9424
-9426
-9426
-9426
-9427
-9428
-9429
-9436
-9436
-9442
-9443
-9445
-9447
-9449
-9449
-9453
-9453
-9456
-9456
-9457
-9459
-9469
-9472
-9474
-9478
-9478
-9480
-9481
-9484
-9485
-9485
-9488
-9488
-9489
-9494
-9494
-9495
-9498
-9504
-9505
-9505
-9506
-9508
-9509
-9510
-9511
-9514
-9515
-9517
-9517
-9518
-9520
-9521
-9522
-9522
-9523
-9524
-9524
-9529
-9531
-9531
-9532
-9533
-9534
-9534
-9536
-9537
-9537
-9540
-9546
-9546
-9547
-9548
-9548
-9548
-9549
-9550
-9551
-9554
-9558
-9558
-9559
-9562
-9564
-9568
-9568
-9568
-9570
-9572
-9573
-9573
-9574
-9576
-9580
-9580
-9582
-9587
-9590
-9590
-9592
-9593
-9595
-9595
-9597
-9598
-9598
-9599
-9603
-9605
-9607
-9608
-9611
-9611
-9612
-9612
-9613
-9614
-9615
-9616
-9619
-9621
-9625
-9628
-9629
-9630
-9631
-9633
-9633
-9634
-9636
-9636
-9639
-9645
-9645
-9649
-9657
-9661
-9663
-9664
-9666
-9671
-9672
-9672
-9674
-9677
-9678
-9680
-9681
-9682
-9685
-9686
-9687
-9691
-9694
-9702
-9702
-9705
-9708
-9713
-9717
-9718
-9718
-9720
-9721
-9722
-9722
-9727
-9728
-9731
-9732
-9736
-9738
-9739
-9743
-9744
-9747
-9749
-9753
-9755
-9756
-9757
-9759
-9761
-9761
-9764
-9770
-9770
-9771
-9772
-9773
-9775
-9777
-9778
-9781
-9783
-9787
-9792
-9793
-9794
-9795
-9800
-9801
-9801
-9803
-9806
-9806
-9806
-9807
-9808
-9812
-9816
-9821
-9821
-9822
-9823
-9824
-9826
-9826
-9828
-9833
-9833
-9837
-9839
-9841
-9842
-9843
-9844
-9845
-9847
-9847
-9847
-9848
-9850
-9852
-9853
-9855
-9858
-9859
-9861
-9863
-9864
-9864
-9865
-9865
-9867
-9868
-9869
-9869
-9870
-9871
-9872
-9874
-9876
-9876
-9877
-9878
-9879
-9879
-9887
-9888
-9890
-9892
-9894
-9895
-9896
-9896
-9898
-9898
-9898
-9900
-9900
-9900
-9900
-9901
-9902
-9903
-9903
-9904
-9907
-9908
-9909
-9909
-9910
-9912
-9913
-9915
-9919
-9920
-9920
-9923
-9923
-9923
-9925
-9926
-9928
-9932
-9933
-9935
-9940
-9943
-9943
-9944
-9946
-9950
-9951
-9954
-9954
-9957
-9959
-9959
-9960
-9961
-9962
-9963
-9969
-9970
-9971
-9973
-9977
-9979
-9985
-9992
-9992
-9993
-10000
-10000
