9995
9993
9979
9979
9979
9978
9971
9964
9956
9937
9930
9923
9919
9908
9908
9905
9904
9903
9898
9894
9887
9881
9876
9868
9867
9856
9854
9844
9839
9834
9833
9826
9824
9814
9803
9800
9792
9792
9791
9783
9781
9781
9766
9763
9762
9751
9738
9731
9729
9728
9724
9721
9721
9693
9691
9691
9678
9674
9673
9673
9668
9665
9661
9648
9648
9647
9645
9644
9643
9642
9631
9619
9617
9614
9613
9603
9603
9601
9591
9579
9576
9571
9552
9542
9531
9530
9530
9511
9510
9509
9498
9495
9494
9483
9480
9479
9469
9466
9461
9441
9439
9429
9426
9422
9419
9417
9415
9410
9408
9407
9397
9389
9389
9388
9376
9373
9373
9368
9364
9362
9354
9344
9340
9325
9322
9320
9314
9311
9309
9305
9288
9277
9273
9260
9238
9221
9218
9217
9217
9203
9200
9197
9192
9191
9178
9176
9173
9141
9140
9137
9130
9125
9123
9123
9122
9121
9121
9120
9116
9114
9113
9105
9103
9098
9085
9082
9069
9060
9059
9052
9046
9042
9027
9022
9006
9000
8993
8990
8985
8981
8966
8962
8953
8951
8948
8935
8933
8932
8930
8930
8927
8921
8912
8909
8896
8892
8889
8889
8888
8883
8879
8878
8853
8849
8843
8839
8837
8835
8835
8824
8823
8820
8819
8818
8798
8794
8793
8793
8785
8782
8781
8778
8769
8769
8767
8763
8753
8753
8749
8737
8734
8729
8726
8722
8722
8721
8719
8716
8702
8700
8698
8695
8694
8675
8674
8669
8668
8657
8656
8653
8646
8642
8637
8634
8631
8626
8625
8625
8625
8620
8611
8610
8604
8603
8599
8594
8590
8574
8556
8555
8543
8538
8537
8537
8537
8520
8517
8517
8516
8511
8511
8509
8509
8500
8490
8487
8484
8481
8470
8468
8456
8452
8449
8449
8448
8445
8442
8438
8426
8426
8409
8404
8403
8396
8396
8390
8384
8383
8381
8377
8373
8370
8367
8365
8357
8353
8352
8349
8348
8344
8343
8343
8342
8341
8335
8330
8330
8325
8325
8322
8313
8312
8312
8293
8286
8272
8272
8268
8264
8261
8261
8257
8251
8241
8239
8238
8222
8202
8201
8185
8162
8159
8157
8157
8135
8134
8125
8114
8110
8090
8071
8061
8045
8038
8034
8014
8005
8000
8000
7998
7997
7985
7983
7975
7974
7973
7967
7965
7955
7953
7949
7949
7947
7942
7935
7929
7923
7907
7907
7906
7900
7890
7882
7874
7866
7862
7860
7842
7839
7835
7820
7818
7807
7803
7801
7795
7776
7771
7763
7763
7745
7739
7724
7719
7718
7712
7712
7707
7707
7702
7695
7673
7663
7663
7654
7653
7648
7646
7643
7642
7642
7634
7633
7629
7626
7625
7624
7624
7624
7623
7622
7620
7620
7606
7605
7604
7601
7594
7588
7577
7577
7576
7567
7564
7562
7554
7552
7546
7543
7541
7538
7510
7509
7501
7488
7486
7481
7479
7475
7459
7454
7451
7441
7439
7433
7433
7428
7426
7426
7413
7393
7387
7387
7382
7380
7377
7365
7364
7353
7347
7345
7344
7342
7340
7339
7338
7337
7336
7333
7327
7325
7322
7311
7311
7307
7294
7292
7287
7286
7285
7278
7273
7268
7255
7252
7251
7246
7234
7234
7232
7231
7230
7228
7220
7216
7213
7209
7204
7195
7190
7181
7178
7177
7163
7163
7158
7155
7153
7150
7147
7141
7138
7136
7136
7131
7122
7121
7118
7109
7107
7097
7083
7077
7076
7076
7074
7073
7064
7061
7059
7054
7050
7049
7047
7042
7036
7035
7032
7032
7005
7005
7004
7000
6988
6983
6976
6972
6971
6960
6959
6953
6951
6951
6944
6939
6938
6938
6933
6933
6929
6918
6915
6915
6914
6911
6911
6906
6904
6901
6901
6885
6884
6876
6874
6872
6866
6861
6850
6848
6848
6847
6837
6833
6829
6826
6819
6796
6793
6792
6785
6782
6781
6778
6766
6761
6757
6750
6735
6733
6729
6728
6727
6722
6721
6716
6707
6704
6676
6673
6663
6655
6640
6632
6632
6622
6622
6617
6605
6594
6586
6581
6579
6578
6576
6574
6553
6549
6548
6547
6547
6545
6533
6529
6526
6519
6512
6506
6503
6496
6492
6482
6482
6470
6455
6449
6448
6447
6441
6429
6429
6428
6413
6411
6410
6410
6409
6405
6404
6404
6404
6396
6394
6389
6379
6378
6378
6374
6368
6363
6355
6351
6346
6341
6334
6321
6317
6314
6301
6298
6281
6278
6278
6278
6277
6274
6269
6255
6248
6238
6236
6236
6232
6231
6231
6228
6226
6225
6225
6223
6216
6213
6212
6209
6208
6204
6199
6199
6195
6190
6189
6171
6157
6155
6153
6140
6137
6131
6128
6113
6110
6102
6075
6065
6038
6037
6031
6027
6022
6018
6016
6013
6011
6010
6005
5995
5987
5984
5982
5978
5973
5964
5961
5959
5958
5938
5935
5933
5931
5930
5921
5915
5907
5900
5896
5883
5883
5869
5868
5865
5860
5860
5857
5856
5856
5853
5853
5846
5841
5837
5836
5828
5827
5823
5816
5816
5812
5809
5805
5799
5791
5783
5773
5773
5772
5770
5767
5760
5749
5742
5742
5737
5734
5732
5732
5725
5719
5702
5699
5697
5684
5680
5674
5672
5667
5664
5654
5649
5642
5639
5636
5635
5628
5614
5614
5610
5608
5606
5605
5603
5601
5598
5587
5580
5570
5563
5561
5555
5551
5551
5541
5541
5540
5539
5534
5534
5532
5530
5526
5521
5520
5513
5495
5480
5477
5476
5473
5457
5457
5455
5451
5440
5423
5418
5418
5418
5416
5416
5399
5392
5387
5386
5377
5376
5375
5375
5369
5354
5348
5333
5322
5317
5306
5305
5282
5278
5273
5267
5262
5261
5252
5247
5232
5230
5217
5217
5213
5212
5204
5184
5183
5181
5175
5175
5161
5156
5156
5151
5147
5145
5142
5131
5130
5121
5118
5117
5114
5112
5108
5101
5098
5096
5094
5093
5090
5084
5081
5077
5076
5067
5063
5060
5058
5054
5053
5051
5047
5041
5041
5041
5040
5030
5026
5023
5019
5009
5005
4996
4992
4988
4985
4985
4978
4977
4971
4961
4960
4955
4949
4949
4944
4940
4937
4923
4921
4912
4912
4905
4901
4897
4890
4883
4868
4868
4864
4855
4842
4840
4838
4834
4829
4827
4827
4817
4817
4813
4805
4803
4803
4797
4794
4785
4778
4776
4773
4760
4749
4746
4746
4744
4739
4729
4707
4703
4699
4696
4682
4679
4654
4653
4649
4644
4644
4637
4636
4636
4633
4631
4629
4618
4615
4600
4597
4581
4573
4572
4550
4537
4534
4525
4502
4492
4486
4484
4482
4482
4476
4461
4460
4459
4454
4447
4446
4437
4435
4425
4424
4418
4412
4411
4408
4405
4402
4396
4390
4385
4376
4374
4358
4358
4354
4353
4353
4344
4335
4334
4331
4327
4323
4318
4316
4300
4296
4293
4292
4290
4287
4278
4278
4274
4268
4263
4243
4233
4231
4218
4216
4214
4203
4201
4197
4189
4188
4187
4186
4186
4174
4164
4155
4153
4119
4119
4104
4096
4094
4082
4070
4063
4060
4054
4050
4044
4042
4039
4038
4027
4024
4023
4017
4007
4000
3999
3994
3987
3985
3974
3971
3958
3957
3957
3948
3937
3937
3929
3926
3918
3903
3902
3884
3868
3863
3863
3858
3855
3854
3851
3848
3842
3840
3835
3834
3815
3812
3811
3806
3802
3800
3793
3789
3782
3778
3769
3765
3761
3759
3756
3752
3742
3736
3735
3722
3688
3686
3685
3682
3680
3665
3665
3659
3647
3647
3646
3643
3640
3640
3632
3612
3606
3606
3601
3596
3590
3585
3550
3545
3542
3539
3536
3535
3530
3526
3525
3522
3522
3512
3508
3507
3506
3490
3489
3483
3480
3478
3473
3467
3463
3463
3460
3459
3458
3456
3456
3453
3451
3444
3429
3425
3425
3418
3418
3416
3402
3396
3393
3377
3373
3370
3357
3352
3322
3318
3308
3302
3290
3287
3281
3272
3262
3259
3257
3244
3242
3240
3240
3226
3224
3215
3204
3196
3195
3191
3189
3182
3154
3153
3152
3132
3131
3126
3126
3124
3123
3121
3119
3116
3110
3108
3074
3069
3067
3061
3045
3043
3042
3038
3038
3022
3021
3016
3010
3003
2996
2976
2972
2971
2971
2967
2958
2950
2948
2938
2935
2921
2912
2905
2902
2899
2892
2892
2880
2875
2875
2869
2862
2861
2856
2856
2836
2827
2824
2811
2810
2802
2774
2771
2764
2762
2747
2746
2745
2741
2738
2732
2724
2724
2724
2721
2716
2710
2706
2705
2703
2703
2702
2702
2701
2698
2696
2693
2688
2683
2673
2665
2665
2662
2662
2650
2650
2628
2625
2597
2587
2582
2558
2555
2545
2545
2535
2531
2525
2522
2518
2515
2515
2504
2500
2495
2485
2483
2478
2475
2474
2470
2464
2455
2445
2443
2440
2424
2404
2397
2383
2377
2376
2370
2362
2349
2347
2335
2327
2316
2311
2300
2295
2291
2283
2267
2259
2253
2252
2242
2236
2231
2224
2221
2214
2214
2195
2192
2191
2189
2179
2176
2172
2172
2163
2163
2163
2162
2162
2162
2159
2152
2151
2143
2131
2129
2124
2123
2119
2114
2113
2105
2105
2102
2098
2093
2091
2077
2070
2062
2055
2054
2043
2028
2006
2001
1992
1983
1982
1981
1958
1941
1939
1937
1932
1930
1928
1927
1927
1926
1924
1920
1918
1918
1913
1906
1905
1901
1900
1899
1898
1895
1895
1893
1888
1879
1876
1874
1860
1859
1850
1847
1841
1840
1839
1834
1828
1824
1822
1804
1798
1791
1788
1777
1770
1769
1768
1756
1754
1753
1752
1750
1747
1739
1738
1731
1723
1720
1717
1715
1711
1705
1700
1700
1695
1691
1689
1684
1679
1673
1672
1672
1671
1650
1648
1642
1616
1616
1615
1613
1609
1596
1596
1591
1587
1582
1580
1579
1578
1576
1571
1571
1570
1569
1566
1564
1558
1548
1533
1530
1530
1529
1521
1511
1511
1508
1489
1487
1486
1482
1480
1477
1468
1467
1458
1449
1442
1433
1432
1430
1428
1423
1422
1420
1415
1408
1406
1406
1404
1404
1394
1393
1392
1391
1389
1386
1383
1379
1379
1366
1357
1355
1353
1351
1348
1343
1337
1337
1336
1335
1330
1330
1329
1328
1327
1317
1317
1313
1304
1299
1283
1278
1276
1275
1273
1259
1253
1246
1241
1235
1235
1233
1227
1227
1216
1208
1207
1207
1207
1198
1197
1193
1193
1174
1172
1155
1152
1147
1145
1145
1145
1136
1133
1132
1132
1124
1122
1119
1114
1107
1106
1102
1101
1100
1099
1098
1094
1092
1091
1087
1072
1070
1065
1064
1053
1048
1041
1041
1039
1019
1014
1004
1003
1003
997
995
992
991
989
987
961
957
950
943
943
934
933
916
912
902
892
888
881
875
872
866
865
864
861
857
855
850
849
835
827
823
821
803
801
783
779
779
776
773
770
769
768
754
749
743
741
738
734
732
728
728
725
724
721
717
708
699
686
677
672
649
644
639
637
635
622
621
616
615
614
613
605
600
583
573
570
567
567
565
556
554
549
545
545
544
533
521
520
519
518
511
504
499
494
487
486
483
469
468
457
455
453
452
443
440
440
439
432
424
419
418
418
418
416
414
410
407
406
405
402
393
380
376
375
375
368
364
359
353
351
351
349
349
348
348
343
336
331
331
323
317
309
309
309
308
304
298
279
278
277
274
272
267
265
264
257
255
245
237
233
210
206
204
200
195
195
181
180
178
178
169
165
161
154
151
145
139
138
130
129
119
119
116
116
114
110
106
102
96
92
91
80
65
64
53
44
40
34
32
26
13
-6
-9
-13
-15
-26
-27
-28
-34
-38
-38
-55
-58
-60
-69
-71
-83
-84
-85
-86
-100
-116
-120
-126
-127
-135
-146
-149
-154
-169
-176
-178
-182
-185
-189
-193
-207
-209
-213
-222
-223
-231
-232
-233
-239
-239
-246
-246
-249
-260
-269
-273
-280
-294
-298
-299
-314
-317
-327
-330
-332
-337
-348
-349
-351
-351
-352
-354
-357
-362
-366
-377
-404
-407
-413
-414
-421
-438
-447
-463
-479
-483
-494
-499
-500
-502
-503
-520
-532
-532
-537
-538
-541
-542
-546
-549
-551
-554
-557
-557
-566
-576
-580
-581
-591
-594
-597
-606
-606
-608
-613
-613
-618
-624
-625
-635
-637
-637
-640
-641
-652
-662
-672
-674
-674
-675
-683
-688
-692
-697
-698
-705
-720
-720
-724
-724
-727
-728
-742
-747
-748
-751
-754
-761
-765
-769
-774
-776
-776
-778
-780
-790
-790
-795
-798
-806
-812
-814
-814
-819
-822
-832
-846
-853
-860
-861
-868
-877
-879
-880
-883
-895
-896
-899
-902
-907
-910
-913
-915
-935
-935
-940
-948
-955
-959
-962
-965
-965
-966
-970
-984
-986
-988
-993
-1003
-1012
-1019
-1030
-1032
-1035
-1037
-1052
-1053
-1054
-1066
-1070
-1082
-1085
-1099
-1100
-1109
-1132
-1139
-1140
-1142
-1154
-1156
-1161
-1170
-1187
-1188
-1195
-1195
-1199
-1206
-1208
-1210
-1211
-1232
-1239
-1240
-1251
-1253
-1267
-1267
-1273
-1281
-1305
-1324
-1325
-1339
-1339
-1353
-1364
-1366
-1368
-1374
-1379
-1384
-1384
-1384
-1389
-1394
-1402
-1406
-1411
-1413
-1423
-1423
-1425
-1426
-1427
-1438
-1439
-1441
-1443
-1454
-1462
-1464
-1470
-1479
-1491
-1492
-1494
-1495
-1498
-1502
-1505
-1505
-1509
-1516
-1518
-1521
-1528
-1528
-1549
-1564
-1571
-1579
-1580
-1585
-1612
-1614
-1617
-1627
-1633
-1637
-1640
-1645
-1649
-1655
-1659
-1670
-1671
-1686
-1689
-1689
-1691
-1709
-1721
-1722
-1726
-1734
-1735
-1735
-1736
-1738
-1740
-1742
-1750
-1752
-1753
-1758
-1769
-1772
-1773
-1775
-1775
-1783
-1785
-1803
-1806
-1808
-1818
-1821
-1834
-1845
-1848
-1851
-1851
-1858
-1858
-1860
-1867
-1874
-1887
-1903
-1906
-1906
-1915
-1919
-1919
-1920
-1932
-1933
-1940
-1941
-1941
-1946
-1946
-1950
-1958
-1958
-1975
-1975
-1977
-1978
-1984
-1985
-2000
-2018
-2020
-2026
-2043
-2049
-2053
-2056
-2064
-2066
-2076
-2084
-2086
-2088
-2092
-2094
-2099
-2118
-2120
-2124
-2126
-2127
-2137
-2137
-2147
-2148
-2151
-2163
-2172
-2174
-2179
-2191
-2191
-2194
-2200
-2201
-2202
-2204
-2206
-2217
-2231
-2233
-2235
-2238
-2239
-2246
-2247
-2248
-2264
-2268
-2269
-2284
-2295
-2296
-2307
-2313
-2320
-2320
-2321
-2325
-2326
-2332
-2334
-2337
-2338
-2344
-2346
-2350
-2355
-2365
-2368
-2370
-2372
-2376
-2376
-2381
-2388
-2392
-2394
-2397
-2400
-2404
-2405
-2406
-2408
-2408
-2416
-2416
-2426
-2427
-2435
-2449
-2453
-2459
-2468
-2468
-2471
-2473
-2477
-2486
-2488
-2488
-2491
-2494
-2498
-2505
-2508
-2511
-2534
-2544
-2557
-2573
-2577
-2599
-2604
-2610
-2611
-2614
-2619
-2632
-2634
-2634
-2637
-2644
-2653
-2653
-2655
-2657
-2676
-2677
-2696
-2703
-2706
-2707
-2710
-2710
-2711
-2712
-2723
-2724
-2725
-2729
-2730
-2733
-2734
-2737
-2741
-2743
-2743
-2746
-2746
-2750
-2752
-2760
-2767
-2770
-2771
-2775
-2779
-2781
-2784
-2789
-2800
-2801
-2802
-2818
-2821
-2824
-2836
-2839
-2840
-2843
-2854
-2859
-2861
-2871
-2876
-2877
-2877
-2884
-2885
-2886
-2886
-2900
-2911
-2917
-2918
-2919
-2922
-2933
-2936
-2942
-2947
-2955
-2956
-2960
-2960
-2963
-2972
-2975
-2998
-3007
-3020
-3023
-3024
-3027
-3032
-3032
-3036
-3038
-3053
-3054
-3058
-3073
-3074
-3074
-3085
-3087
-3090
-3103
-3104
-3105
-3105
-3114
-3116
-3121
-3125
-3125
-3134
-3142
-3150
-3151
-3167
-3168
-3171
-3187
-3190
-3192
-3213
-3214
-3219
-3222
-3222
-3234
-3235
-3245
-3246
-3262
-3276
-3276
-3281
-3289
-3289
-3291
-3293
-3298
-3299
-3301
-3302
-3304
-3316
-3317
-3317
-3324
-3330
-3342
-3351
-3358
-3358
-3362
-3362
-3364
-3368
-3382
-3383
-3386
-3400
-3401
-3403
-3403
-3407
-3409
-3411
-3414
-3414
-3416
-3422
-3424
-3426
-3432
-3439
-3445
-3446
-3447
-3449
-3455
-3460
-3460
-3464
-3467
-3477
-3486
-3488
-3498
-3510
-3518
-3519
-3522
-3524
-3526
-3533
-3542
-3549
-3553
-3554
-3556
-3560
-3565
-3567
-3568
-3576
-3577
-3581
-3589
-3592
-3600
-3601
-3601
-3611
-3613
-3618
-3619
-3623
-3627
-3632
-3636
-3641
-3652
-3662
-3671
-3677
-3695
-3711
-3716
-3721
-3725
-3727
-3732
-3734
-3735
-3745
-3749
-3757
-3767
-3769
-3777
-3786
-3791
-3797
-3802
-3803
-3804
-3807
-3818
-3822
-3826
-3828
-3828
-3830
-3834
-3837
-3837
-3840
-3862
-3863
-3866
-3886
-3891
-3892
-3893
-3895
-3897
-3899
-3906
-3912
-3913
-3921
-3925
-3928
-3936
-3941
-3945
-3958
-3973
-3973
-3974
-3974
-3975
-3978
-3979
-3982
-3993
-3997
-4001
-4012
-4013
-4013
-4018
-4023
-4025
-4030
-4030
-4032
-4034
-4048
-4048
-4050
-4054
-4057
-4058
-4063
-4066
-4066
-4068
-4070
-4074
-4079
-4079
-4079
-4081
-4081
-4081
-4082
-4084
-4086
-4089
-4090
-4092
-4100
-4108
-4114
-4117
-4120
-4126
-4126
-4127
-4130
-4132
-4141
-4144
-4146
-4147
-4147
-4157
-4157
-4159
-4163
-4167
-4175
-4181
-4184
-4187
-4198
-4198
-4214
-4225
-4226
-4234
-4238
-4238
-4240
-4245
-4250
-4253
-4253
-4259
-4260
-4274
-4277
-4278
-4289
-4291
-4291
-4291
-4295
-4314
-4315
-4317
-4319
-4324
-4331
-4332
-4341
-4347
-4353
-4354
-4363
-4367
-4387
-4398
-4399
-4407
-4407
-4409
-4410
-4412
-4415
-4418
-4419
-4419
-4419
-4422
-4437
-4450
-4462
-4469
-4469
-4469
-4470
-4474
-4475
-4475
-4475
-4483
-4486
-4489
-4505
-4510
-4517
-4521
-4521
-4540
-4547
-4553
-4574
-4577
-4578
-4584
-4592
-4599
-4605
-4606
-4608
-4610
-4610
-4611
-4622
-4623
-4626
-4640
-4646
-4653
-4653
-4656
-4656
-4661
-4662
-4667
-4670
-4672
-4676
-4679
-4694
-4709
-4711
-4712
-4713
-4724
-4726
-4728
-4728
-4733
-4734
-4734
-4747
-4748
-4749
-4752
-4753
-4760
-4771
-4781
-4782
-4789
-4804
-4806
-4811
-4819
-4825
-4826
-4828
-4830
-4834
-4841
-4841
-4843
-4846
-4850
-4851
-4854
-4874
-4881
-4882
-4882
-4885
-4907
-4908
-4915
-4919
-4921
-4930
-4932
-4935
-4942
-4943
-4945
-4947
-4952
-4961
-4966
-4970
-4971
-4986
-4990
-4991
-4994
-4996
-5003
-5007
-5010
-5017
-5019
-5019
-5019
-5022
-5023
-5032
-5033
-5038
-5041
-5044
-5056
-5066
-5076
-5082
-5084
-5091
-5100
-5105
-5109
-5116
-5117
-5118
-5124
-5131
-5136
-5156
-5162
-5165
-5170
-5172
-5177
-5181
-5185
-5194
-5194
-5201
-5201
-5204
-5204
-5211
-5215
-5225
-5231
-5236
-5236
-5240
-5245
-5248
-5254
-5257
-5258
-5259
-5264
-5264
-5266
-5271
-5280
-5280
-5290
-5293
-5293
-5298
-5302
-5303
-5309
-5316
-5325
-5327
-5328
-5328
-5329
-5336
-5348
-5349
-5353
-5360
-5365
-5381
-5386
-5391
-5393
-5393
-5402
-5403
-5407
-5408
-5410
-5412
-5424
-5430
-5433
-5443
-5451
-5456
-5458
-5467
-5468
-5472
-5479
-5486
-5491
-5495
-5496
-5498
-5498
-5512
-5512
-5512
-5516
-5521
-5522
-5522
-5531
-5536
-5539
-5545
-5564
-5568
-5568
-5576
-5577
-5586
-5587
-5589
-5592
-5603
-5605
-5608
-5610
-5615
-5617
-5623
-5636
-5641
-5643
-5643
-5650
-5659
-5665
-5670
-5674
-5682
-5683
-5685
-5695
-5698
-5717
-5731
-5735
-5746
-5751
-5758
-5761
-5762
-5767
-5783
-5786
-5797
-5798
-5799
-5800
-5800
-5810
-5825
-5827
-5828
-5829
-5836
-5839
-5844
-5855
-5856
-5863
-5866
-5882
-5889
-5891
-5892
-5900
-5904
-5910
-5914
-5915
-5923
-5928
-5930
-5938
-5939
-5940
-5942
-5944
-5953
-5958
-5958
-5958
-5977
-5979
-5989
-5991
-5999
-6006
-6009
-6009
-6018
-6019
-6024
-6024
-6030
-6036
-6039
-6050
-6050
-6057
-6062
-6062
-6066
-6066
-6073
-6079
-6083
-6084
-6090
-6090
-6092
-6097
-6098
-6105
-6106
-6106
-6115
-6116
-6119
-6120
-6121
-6157
-6159
-6164
-6178
-6179
-6184
-6192
-6205
-6213
-6221
-6229
-6234
-6239
-6239
-6246
-6248
-6262
-6264
-6267
-6270
-6271
-6273
-6275
-6282
-6285
-6286
-6286
-6305
-6307
-6308
-6315
-6323
-6330
-6338
-6344
-6353
-6354
-6369
-6372
-6376
-6384
-6387
-6389
-6391
-6405
-6408
-6411
-6412
-6417
-6424
-6434
-6453
-6457
-6465
-6469
-6479
-6480
-6482
-6499
-6503
-6512
-6525
-6527
-6530
-6543
-6549
-6557
-6564
-6583
-6584
-6584
-6584
-6588
-6604
-6607
-6634
-6635
-6639
-6650
-6652
-6657
-6658
-6659
-6663
-6665
-6667
-6667
-6677
-6678
-6682
-6692
-6697
-6699
-6699
-6700
-6703
-6703
-6709
-6720
-6726
-6732
-6737
-6742
-6756
-6770
-6774
-6777
-6781
-6791
-6799
-6802
-6804
-6809
-6809
-6827
-6831
-6846
-6851
-6851
-6858
-6862
-6881
-6886
-6889
-6890
-6895
-6910
-6916
-6936
-6937
-6944
-6950
-6953
-6954
-6960
-6962
-6963
-6964
-6965
-6974
-6974
-6976
-6977
-6983
-6984
-6995
-6998
-6999
-7003
-7004
-7006
-7010
-7012
-7016
-7022
-7025
-7030
-7033
-7040
-7041
-7044
-7047
-7071
-7071
-7073
-7076
-7079
-7082
-7089
-7094
-7097
-7099
-7106
-7107
-7125
-7126
-7128
-7128
-7133
-7135
-7147
-7164
-7176
-7177
-7178
-7179
-7179
-7179
-7185
-7187
-7192
-7194
-7194
-7202
-7206
-7213
-7221
-7225
-7230
-7234
-7235
-7235
-7239
-7242
-7245
-7247
-7255
-7261
-7277
-7279
-7284
-7287
-7289
-7290
-7291
-7302
-7307
-7317
-7325
-7334
-7335
-7344
-7345
-7351
-7357
-7362
-7364
-7367
-7375
-7378
-7384
-7384
-7386
-7392
-7393
-7394
-7398
-7399
-7401
-7405
-7405
-7411
-7431
-7438
-7440
-7441
-7444
-7460
-7463
-7464
-7466
-7471
-7476
-7485
-7485
-7493
-7502
-7515
-7519
-7526
-7531
-7539
-7550
-7570
-7574
-7577
-7588
-7590
-7594
-7594
-7596
-7608
-7613
-7621
-7631
-7637
-7640
-7652
-7652
-7655
-7657
-7671
-7671
-7674
-7676
-7681
-7683
-7684
-7700
-7709
-7711
-7717
-7723
-7730
-7734
-7743
-7746
-7747
-7751
-7758
-7767
-7770
-7773
-7779
-7782
-7797
-7801
-7802
-7805
-7806
-7821
-7822
-7822
-7823
-7828
-7830
-7839
-7841
-7843
-7843
-7846
-7854
-7857
-7858
-7859
-7868
-7879
-7883
-7885
-7897
-7902
-7903
-7914
-7926
-7929
-7930
-7940
-7941
-7951
-7966
-7971
-7975
-7993
-7994
-8001
-8008
-8011
-8012
-8017
-8017
-8023
-8025
-8026
-8028
-8029
-8030
-8040
-8042
-8045
-8050
-8052
-8067
-8070
-8079
-8090
-8091
-8094
-8136
-8138
-8150
-8150
-8152
-8153
-8157
-8160
-8167
-8178
-8180
-8186
-8187
-8188
-8195
-8222
-8223
-8233
-8237
-8251
-8252
-8264
-8275
-8276
-8281
-8291
-8297
-8308
-8320
-8322
-8323
-8325
-8337
-8338
-8341
-8343
-8349
-8359
-8362
-8364
-8366
-8370
-8375
-8387
-8390
-8400
-8418
-8421
-8431
-8436
-8437
-8443
-8446
-8475
-8476
-8479
-8483
-8490
-8496
-8503
-8507
-8511
-8512
-8521
-8525
-8531
-8532
-8534
-8541
-8548
-8549
-8552
-8560
-8560
-8562
-8564
-8564
-8565
-8565
-8567
-8577
-8579
-8582
-8582
-8591
-8593
-8593
-8598
-8598
-8601
-8634
-8634
-8644
-8654
-8662
-8664
-8668
-8675
-8677
-8686
-8697
-8699
-8708
-8709
-8718
-8718
-8719
-8722
-8730
-8734
-8741
-8742
-8758
-8762
-8767
-8775
-8777
-8781
-8782
-8785
-8794
-8804
-8810
-8814
-8823
-8823
-8834
-8836
-8844
-8846
-8852
-8854
-8858
-8859
-8862
-8871
-8874
-8876
-8882
-8887
-8891
-8895
-8903
-8908
-8912
-8913
-8949
-8949
-8951
-8953
-8971
-8976
-8977
-8986
-8987
-8988
-8991
-8997
-9000
-9000
-9001
-9020
-9026
-9028
-9029
-9030
-9031
-9034
-9053
-9055
-9059
-9060
-9061
-9064
-9070
-9079
-9079
-9087
-9095
-9105
-9130
-9131
-9134
-9134
-9143
-9143
-9147
-9149
-9152
-9167
-9173
-9179
-9181
-9183
-9199
-9206
-9208
-9220
-9221
-9222
-9229
-9237
-9239
-9243
-9245
-9247
-9258
-9260
-9263
-9283
-9290
-9297
-9298
-9298
-9300
-9303
-9309
-9312
-9316
-9319
-9336
-9337
-9346
-9350
-9350
-9354
-9356
-9370
-9370
-9379
-9395
-9400
-9401
-9404
-9409
-9414
-9420
-9423
-9436
-9440
-9455
-9467
-9478
-9487
-9496
-9497
-9499
-9529
-9535
-9535
-9535
-9538
-9539
-9546
-9547
-9551
-9552
-9566
-9573
-9577
-9581
-9581
-9583
-9584
-9595
-9600
-9602
-9606
-9609
-9623
-9629
-9658
-9660
-9669
-9671
-9673
-9675
-9679
-9687
-9696
-9696
-9705
-9724
-9724
-9726
-9729
-9729
-9732
-9736
-9752
-9754
-9763
-9767
-9774
-9778
-9785
-9786
-9788
-9789
-9794
-9806
-9824
-9827
-9836
-9852
-9856
-9863
-9866
-9887
-9906
-9914
-9916
-9920
-9925
-9931
-9932
-9937
-9951
-9955
-9956
-9960
-9994
-9996
