38
82
164
212
215
260
261
267
280
327
334
348
375
423
429
515
534
566
597
609
610
611
630
644
745
869
875
883
894
895
936
953
955
982
987
1023
1029
1084
1114
1141
1159
1167
1216
1232
1250
1259
1280
1281
1308
1351
1371
1395
1415
1432
1449
1457
1463
1474
1484
1509
1566
1596
1603
1622
1629
1660
1665
1666
1737
1785
1808
1832
1835
1941
1958
1992
2005
2105
2109
2114
2130
2135
2222
2223
2257
2258
2259
2300
2348
2366
2447
2471
2492
2508
2512
2528
2596
2622
2633
2667
2701
2776
2802
2812
2879
2906
2925
2991
3016
3062
3079
3091
3097
3111
3119
3151
3154
3163
3166
3199
3204
3226
3315
3315
3317
3358
3367
3391
3436
3448
3464
3465
3482
3504
3513
3571
3588
3590
3619
3655
3686
3703
3714
3715
3722
3760
3791
3802
3852
3852
3869
3910
3925
3935
3939
4011
4052
4092
4093
4103
4154
4205
4244
4271
4356
4394
4506
4511
4536
4554
4568
4584
4588
4613
4658
4674
4682
4721
4724
4756
4759
4777
4796
4876
4889
4893
4911
4922
4955
4991
4995
5020
5058
5156
5167
5178
5206
5257
5263
5281
5287
5308
5323
5326
5327
5337
5341
5437
5466
5483
5499
5505
5525
5534
5565
5600
5631
5733
5735
5779
5813
5847
5848
5892
5916
5927
5953
5955
5959
5993
6035
6050
6061
6124
6171
6177
6185
6195
6211
6214
6253
6296
6329
6347
6374
6382
6393
6470
6496
6502
6512
6575
6575
6606
6688
6702
6773
6784
6798
6811
6851
6880
6977
6983
6983
6995
7000
7008
7053
7092
7117
7131
7138
7196
7262
7284
7295
7296
7345
7348
7360
7374
7387
7456
7474
7477
7565
7632
7635
7697
7754
7769
7777
7778
7779
7858
7859
7867
7870
7904
7928
7981
7988
8002
8004
8006
8006
8012
8027
8122
8153
8156
8162
8181
8196
8197
8285
8391
8393
8414
8440
8462
8484
8493
8556
8571
8593
8650
8653
8692
8730
8817
8858
8956
9048
9063
9064
9097
9108
9121
9173
9211
9242
9250
9316
9382
9477
9493
9507
9545
9609
9643
9664
9673
9740
9794
9819
9835
9853
9872
9936
9963
9966
9999
