6
8
12
14
14
16
17
18
18
20
22
23
24
26
27
28
28
29
29
30
30
30
32
33
36
36
37
45
46
47
51
53
55
57
58
63
64
64
65
70
70
70
71
73
73
73
73
76
79
80
81
81
82
82
82
83
83
85
85
85
86
89
89
89
91
92
95
95
98
99
101
103
107
107
111
112
113
113
114
115
116
116
118
118
121
122
122
122
125
125
134
137
138
139
139
141
142
143
145
148
150
151
154
156
157
160
161
163
163
164
165
166
166
169
170
170
173
173
173
174
176
176
176
177
177
178
180
180
180
181
182
182
182
185
185
188
188
190
192
193
194
194
198
200
203
204
204
206
208
213
214
214
214
215
215
216
217
218
219
220
228
228
228
229
229
232
234
234
235
235
238
239
241
242
243
243
244
246
247
248
248
248
251
256
259
261
263
264
264
266
267
267
268
269
270
270
271
271
271
273
275
275
275
277
277
283
284
284
285
286
286
287
288
291
293
295
298
306
306
308
308
308
311
313
313
314
317
317
322
322
322
327
327
329
332
332
333
335
336
337
337
338
339
339
339
342
344
345
348
348
348
351
353
353
354
354
357
357
358
358
359
359
362
362
363
363
365
366
366
368
368
368
371
371
373
373
373
375
376
376
377
378
381
381
381
381
383
384
387
391
393
395
397
398
398
398
404
404
405
406
406
407
407
410
413
413
413
414
416
418
420
421
422
427
427
429
430
430
432
438
438
439
441
443
445
448
449
449
453
456
459
461
464
464
466
467
467
467
468
469
470
474
474
475
475
476
482
482
483
484
487
489
491
493
497
498
500
501
502
504
506
507
508
508
509
511
511
515
516
520
520
525
526
531
532
533
533
534
535
535
536
537
538
540
540
541
543
543
544
544
545
548
549
555
555
559
560
561
564
564
564
565
565
570
573
573
575
575
578
580
584
586
590
592
595
597
598
599
602
603
604
606
607
609
610
610
610
612
613
614
614
615
617
617
619
619
621
622
622
624
624
626
626
627
629
632
633
634
634
634
640
640
641
646
646
648
650
651
651
652
655
655
656
658
659
661
661
667
672
673
675
677
677
677
678
678
680
683
685
689
689
695
696
696
699
703
705
706
706
708
708
710
712
712
720
721
721
723
724
724
726
727
730
731
733
735
737
737
738
738
741
744
745
745
746
749
749
750
750
750
752
752
754
755
755
756
757
760
760
768
769
770
771
773
774
776
777
777
784
784
789
789
789
791
794
796
797
802
802
804
805
811
814
816
816
816
817
817
818
819
819
821
822
823
826
827
828
831
832
835
836
838
840
841
841
844
846
846
847
850
855
857
859
859
860
861
861
861
862
862
863
864
864
867
868
869
874
877
878
881
884
887
888
888
889
889
890
893
895
896
899
901
903
903
904
905
906
906
907
909
911
912
914
915
916
918
918
919
925
930
931
933
938
939
940
943
943
943
947
951
953
959
959
960
961
961
961
969
970
971
971
972
973
975
976
976
976
979
980
980
986
986
988
988
990
994
997
997
998
999
1001
1002
1004
1008
1009
1011
1011
1017
1019
1020
1020
1022
1024
1025
1026
1026
1030
1032
1032
1033
1034
1034
1035
1037
1038
1039
1039
1042
1044
1044
1045
1046
1050
1050
1053
1056
1057
1058
1058
1060
1061
1062
1064
1065
1065
1066
1067
1068
1068
1070
1070
1071
1072
1074
1075
1078
1079
1080
1083
1083
1094
1094
1094
1095
1096
1096
1097
1103
1103
1108
1110
1112
1112
1114
1114
1115
1115
1117
1118
1118
1120
1120
1122
1123
1124
1127
1134
1135
1135
1136
1139
1140
1141
1144
1144
1146
1146
1147
1148
1148
1150
1152
1154
1155
1156
1158
1161
1166
1167
1169
1171
1171
1172
1172
1174
1174
1174
1177
1177
1179
1179
1184
1186
1188
1190
1191
1196
1198
1198
1198
1200
1203
1203
1204
1209
1210
1211
1212
1214
1217
1219
1219
1219
1220
1220
1221
1222
1225
1226
1226
1226
1228
1228
1231
1235
1236
1236
1236
1238
1238
1239
1239
1241
1243
1243
1243
1244
1247
1247
1248
1249
1249
1253
1255
1256
1257
1260
1261
1262
1263
1265
1266
1267
1268
1269
1271
1272
1275
1277
1279
1281
1282
1282
1283
1285
1285
1286
1287
1288
1288
1288
1289
1289
1291
1294
1295
1296
1297
1298
1299
1301
1307
1309
1309
1309
1309
1314
1314
1322
1325
1326
1327
1328
1328
1329
1330
1331
1332
1333
1334
1337
1339
1341
1341
1342
1345
1347
1348
1350
1355
1355
1355
1357
1360
1360
1363
1364
1366
1367
1370
1372
1373
1376
1377
1378
1378
1379
1380
1383
1385
1388
1391
1391
1399
1399
1399
1400
1409
1410
1411
1411
1412
1417
1418
1419
1421
1422
1422
1423
1424
1425
1426
1429
1430
1431
1433
1435
1436
1437
1438
1439
1444
1444
1445
1446
1446
1447
1448
1448
1452
1452
1452
1452
1453
1454
1456
1456
1456
1458
1460
1463
1464
1465
1465
1466
1466
1469
1469
1470
1471
1473
1475
1476
1477
1477
1477
1478
1480
1482
1483
1484
1485
1487
1488
1490
1490
1491
1492
1494
1496
1498
1499
1501
1501
1502
1503
1508
1515
1515
1517
1519
1519
1520
1521
1521
1522
1522
1524
1526
1527
1527
1534
1536
1538
1540
1542
1543
1544
1546
1546
1548
1554
1554
1555
1558
1558
1561
1561
1564
1565
1567
1569
1570
1573
1579
1579
1580
1581
1583
1586
1594
1594
1595
1595
1595
1596
1596
1598
1598
1598
1598
1598
1600
1601
1601
1605
1608
1610
1610
1611
1612
1613
1615
1615
1617
1619
1620
1624
1625
1626
1629
1630
1633
1634
1635
1635
1642
1642
1643
1643
1645
1647
1648
1648
1650
1654
1654
1656
1658
1660
1661
1662
1664
1665
1665
1666
1667
1667
1669
1670
1671
1672
1673
1673
1673
1674
1677
1678
1678
1679
1679
1684
1684
1686
1688
1688
1691
1691
1693
1693
1695
1696
1696
1699
1701
1705
1707
1709
1710
1713
1717
1718
1719
1720
1724
1724
1727
1729
1734
1736
1737
1739
1741
1745
1746
1747
1748
1750
1757
1761
1762
1762
1764
1767
1767
1768
1769
1772
1773
1777
1779
1783
1784
1785
1792
1793
1793
1795
1795
1797
1798
1804
1804
1805
1807
1811
1816
1817
1818
1818
1820
1820
1823
1823
1824
1826
1826
1826
1827
1828
1830
1830
1830
1830
1832
1832
1833
1833
1833
1839
1840
1841
1842
1843
1845
1851
1852
1857
1857
1859
1860
1861
1861
1862
1864
1868
1870
1872
1873
1875
1878
1879
1880
1881
1882
1883
1884
1885
1885
1887
1889
1892
1893
1895
1895
1898
1899
1903
1904
1905
1909
1913
1913
1915
1919
1919
1919
1920
1920
1921
1923
1927
1927
1928
1928
1933
1933
1936
1937
1939
1941
1941
1941
1943
1945
1948
1949
1951
1952
1953
1954
1954
1959
1960
1962
1962
1964
1964
1965
1969
1975
1975
1976
1976
1978
1983
1983
1983
1983
1985
1985
1986
1986
1986
1987
1989
1991
1992
1993
1996
1997
1997
1998
2001
2004
2006
2009
2010
2010
2010
2012
2013
2013
2013
2015
2016
2018
2018
2023
2023
2026
2027
2028
2029
2030
2033
2033
2035
2037
2039
2039
2040
2041
2041
2042
2042
2047
2049
2050
2052
2056
2059
2061
2063
2064
2064
2066
2067
2067
2068
2073
2074
2076
2078
2080
2081
2082
2084
2087
2087
2087
2089
2090
2093
2097
2099
2104
2105
2105
2108
2109
2110
2111
2111
2113
2113
2113
2115
2117
2119
2119
2119
2123
2123
2125
2126
2128
2131
2131
2132
2135
2136
2137
2138
2138
2138
2141
2141
2141
2141
2141
2142
2148
2149
2149
2150
2154
2154
2157
2157
2157
2160
2161
2161
2162
2163
2164
2165
2166
2169
2169
2169
2172
2174
2174
2177
2178
2178
2181
2182
2183
2187
2187
2187
2187
2194
2195
2199
2201
2201
2202
2206
2206
2208
2208
2209
2211
2212
2213
2215
2216
2216
2219
2219
2221
2226
2230
2230
2231
2232
2235
2235
2237
2247
2247
2249
2250
2251
2251
2252
2253
2254
2255
2259
2259
2264
2267
2269
2270
2273
2273
2274
2275
2276
2279
2280
2282
2284
2285
2285
2286
2288
2290
2290
2291
2292
2294
2295
2296
2301
2301
2302
2303
2306
2306
2308
2309
2310
2310
2313
2314
2314
2314
2316
2319
2324
2329
2331
2331
2332
2332
2335
2335
2337
2337
2340
2341
2343
2345
2348
2348
2349
2349
2350
2352
2353
2353
2358
2361
2362
2363
2364
2365
2366
2368
2369
2370
2370
2372
2374
2375
2377
2378
2379
2379
2383
2386
2398
2399
2399
2399
2399
2401
2402
2403
2404
2408
2408
2410
2412
2419
2420
2429
2429
2430
2433
2434
2437
2438
2439
2440
2441
2443
2444
2444
2446
2447
2448
2449
2449
2451
2455
2456
2457
2461
2461
2461
2462
2464
2464
2466
2466
2467
2470
2476
2476
2476
2477
2479
2481
2482
2483
2487
2490
2490
2492
2498
2501
2502
2504
2507
2507
2507
2510
2511
2512
2513
2515
2515
2516
2516
2517
2518
2518
2520
2524
2524
2527
2528
2529
2530
2532
2534
2539
2540
2543
2548
2550
2552
2553
2553
2554
2556
2556
2557
2557
2557
2558
2559
2560
2562
2562
2562
2562
2564
2565
2568
2568
2569
2570
2573
2574
2576
2578
2581
2581
2582
2583
2583
2584
2585
2586
2589
2590
2591
2592
2592
2597
2597
2598
2600
2600
2600
2600
2601
2602
2604
2604
2606
2607
2607
2607
2611
2612
2612
2615
2617
2617
2618
2621
2622
2624
2630
2632
2632
2635
2636
2636
2639
2640
2642
2644
2645
2648
2649
2654
2655
2656
2662
2664
2664
2667
2672
2674
2675
2676
2679
2680
2680
2682
2683
2685
2686
2686
2688
2689
2689
2693
2696
2698
2700
2701
2702
2703
2705
2708
2709
2709
2711
2718
2720
2721
2724
2725
2726
2728
2730
2731
2736
2738
2740
2741
2742
2742
2745
2746
2748
2749
2750
2750
2750
2752
2753
2756
2757
2758
2759
2759
2762
2763
2766
2768
2770
2770
2773
2776
2778
2781
2783
2784
2784
2784
2786
2786
2791
2800
2802
2803
2804
2806
2808
2809
2811
2811
2812
2813
2814
2814
2815
2817
2818
2824
2826
2826
2826
2827
2829
2830
2830
2831
2831
2832
2834
2834
2837
2837
2837
2838
2838
2839
2847
2848
2848
2852
2856
2856
2857
2858
2863
2863
2864
2864
2867
2867
2870
2870
2870
2872
2873
2874
2874
2875
2876
2877
2877
2879
2882
2883
2883
2886
2887
2888
2888
2890
2892
2894
2900
2901
2901
2903
2903
2904
2908
2910
2912
2912
2912
2914
2916
2923
2925
2925
2925
2927
2930
2932
2933
2938
2938
2939
2940
2945
2945
2946
2946
2946
2947
2948
2950
2953
2954
2956
2957
2958
2960
2962
2964
2970
2972
2973
2975
2975
2976
2980
2981
2983
2986
2989
2990
2991
2991
2991
2993
2993
2994
2994
2995
2997
2997
2998
2998
3002
3002
3003
3004
3004
3004
3005
3005
3006
3006
3007
3008
3011
3015
3016
3017
3018
3019
3020
3020
3021
3024
3025
3025
3026
3026
3027
3030
3030
3030
3035
3038
3041
3041
3044
3045
3045
3046
3047
3047
3050
3052
3052
3054
3058
3059
3061
3062
3064
3064
3065
3069
3071
3073
3074
3075
3076
3076
3078
3078
3078
3079
3083
3084
3086
3087
3089
3089
3090
3090
3091
3099
3099
3099
3102
3106
3106
3106
3109
3110
3111
3111
3112
3113
3113
3114
3115
3118
3118
3119
3123
3127
3127
3129
3131
3137
3142
3142
3146
3147
3150
3151
3153
3153
3154
3158
3158
3160
3161
3164
3164
3165
3172
3173
3174
3174
3175
3180
3185
3187
3189
3190
3192
3193
3194
3195
3195
3195
3197
3202
3205
3210
3212
3212
3213
3216
3217
3217
3221
3221
3222
3223
3224
3224
3225
3226
3227
3227
3235
3236
3237
3240
3243
3245
3247
3248
3258
3258
3259
3260
3260
3266
3266
3269
3272
3273
3274
3275
3279
3284
3284
3288
3288
3289
3289
3291
3292
3294
3294
3295
3295
3300
3301
3304
3306
3306
3307
3307
3309
3310
3311
3311
3312
3312
3312
3313
3315
3317
3319
3319
3320
3321
3322
3322
3328
3332
3333
3334
3334
3334
3340
3342
3343
3344
3347
3349
3351
3351
3352
3353
3353
3354
3355
3356
3358
3358
3361
3361
3361
3361
3364
3367
3367
3370
3375
3375
3380
3380
3381
3381
3384
3385
3385
3386
3387
3388
3391
3391
3394
3398
3402
3403
3404
3405
3406
3407
3409
3409
3411
3412
3412
3420
3420
3420
3420
3422
3423
3423
3426
3426
3427
3428
3429
3430
3431
3432
3432
3433
3435
3438
3441
3442
3442
3443
3444
3444
3446
3447
3449
3450
3451
3454
3455
3457
3460
3460
3461
3461
3463
3468
3469
3469
3472
3474
3475
3478
3480
3490
3490
3495
3496
3496
3497
3499
3499
3502
3503
3505
3505
3512
3514
3514
3514
3515
3515
3515
3516
3518
3518
3520
3522
3523
3523
3524
3528
3528
3528
3532
3534
3536
3536
3537
3537
3539
3540
3545
3547
3550
3552
3557
3559
3563
3565
3566
3566
3567
3568
3568
3569
3571
3573
3573
3573
3576
3578
3578
3580
3581
3582
3582
3588
3592
3593
3594
3594
3595
3596
3596
3597
3598
3600
3600
3600
3602
3603
3604
3605
3605
3606
3607
3609
3610
3612
3613
3613
3628
3628
3630
3630
3631
3631
3631
3632
3633
3635
3636
3636
3637
3639
3640
3641
3642
3642
3643
3646
3646
3649
3650
3651
3654
3654
3656
3656
3657
3657
3660
3661
3662
3664
3669
3670
3672
3673
3675
3676
3678
3682
3687
3689
3689
3689
3690
3690
3690
3691
3692
3693
3695
3697
3697
3698
3700
3700
3701
3701
3706
3707
3708
3709
3713
3715
3722
3723
3725
3726
3728
3729
3732
3733
3733
3734
3735
3736
3738
3739
3744
3745
3746
3751
3758
3759
3759
3761
3761
3763
3766
3767
3769
3773
3777
3779
3786
3787
3788
3789
3789
3790
3790
3791
3793
3794
3797
3800
3801
3803
3805
3807
3807
3809
3810
3811
3812
3814
3815
3815
3818
3818
3818
3820
3820
3820
3820
3820
3822
3824
3824
3830
3830
3830
3833
3833
3833
3834
3835
3838
3840
3842
3843
3843
3845
3847
3849
3850
3852
3853
3855
3855
3855
3857
3858
3859
3861
3862
3867
3868
3868
3869
3870
3871
3871
3875
3875
3877
3878
3879
3880
3880
3882
3887
3888
3891
3892
3898
3901
3904
3904
3906
3909
3909
3920
3920
3922
3925
3927
3928
3928
3928
3929
3929
3929
3931
3936
3938
3940
3940
3940
3945
3945
3947
3947
3948
3951
3952
3952
3953
3956
3957
3957
3958
3959
3960
3962
3964
3965
3965
3969
3973
3975
3975
3975
3976
3977
3978
3979
3981
3981
3982
3983
3983
3986
3987
3987
3988
3989
3994
3995
3996
3996
3997
3998
4001
4001
4002
4003
4006
4011
4011
4014
4020
4022
4023
4023
4024
4025
4025
4030
4030
4032
4033
4038
4038
4041
4042
4043
4044
4046
4046
4048
4051
4052
4052
4053
4053
4055
4056
4057
4060
4065
4065
4065
4067
4069
4074
4074
4075
4076
4077
4078
4078
4081
4082
4082
4085
4086
4088
4088
4089
4089
4090
4090
4092
4092
4094
4095
4097
4100
4100
4101
4102
4105
4105
4105
4105
4105
4106
4108
4109
4110
4112
4113
4118
4119
4120
4120
4120
4120
4120
4121
4121
4123
4123
4125
4125
4130
4131
4131
4137
4137
4144
4147
4148
4152
4152
4152
4152
4154
4158
4159
4161
4161
4161
4161
4162
4163
4163
4164
4167
4167
4169
4170
4171
4174
4177
4178
4179
4180
4180
4182
4183
4184
4184
4185
4187
4192
4194
4196
4196
4198
4198
4198
4200
4203
4205
4207
4208
4210
4213
4214
4215
4216
4217
4219
4222
4225
4229
4230
4230
4231
4231
4232
4233
4234
4234
4235
4237
4240
4241
4244
4245
4247
4247
4248
4249
4251
4251
4257
4264
4265
4266
4269
4280
4281
4283
4286
4287
4288
4288
4290
4290
4291
4296
4299
4300
4300
4301
4302
4307
4309
4310
4314
4314
4316
4320
4322
4322
4323
4324
4324
4325
4326
4333
4333
4335
4336
4337
4339
4340
4341
4342
4342
4343
4352
4353
4353
4355
4355
4357
4358
4359
4359
4359
4360
4361
4362
4364
4366
4368
4368
4371
4371
4375
4375
4375
4376
4378
4381
4382
4385
4385
4386
4388
4389
4391
4393
4397
4398
4399
4402
4405
4406
4406
4407
4408
4408
4409
4410
4411
4413
4415
4419
4419
4420
4420
4423
4424
4426
4429
4432
4433
4434
4439
4439
4440
4446
4449
4449
4449
4449
4452
4452
4452
4453
4453
4454
4457
4459
4461
4462
4462
4462
4463
4463
4464
4465
4468
4473
4474
4476
4480
4481
4482
4484
4484
4485
4485
4485
4488
4491
4491
4492
4493
4493
4494
4496
4498
4503
4504
4504
4505
4505
4505
4506
4506
4506
4507
4508
4509
4510
4511
4513
4516
4516
4519
4520
4521
4524
4525
4525
4526
4527
4529
4532
4532
4533
4533
4533
4535
4539
4540
4544
4544
4545
4550
4551
4552
4553
4553
4553
4558
4559
4561
4561
4561
4561
4562
4563
4566
4568
4576
4577
4579
4580
4580
4580
4581
4584
4584
4586
4589
4589
4593
4593
4595
4596
4597
4598
4598
4601
4605
4606
4612
4612
4613
4623
4625
4626
4626
4626
4627
4628
4629
4633
4633
4633
4636
4638
4641
4642
4643
4647
4647
4648
4654
4654
4658
4658
4664
4665
4666
4667
4668
4670
4671
4672
4673
4674
4674
4675
4676
4677
4678
4679
4680
4681
4681
4682
4682
4684
4685
4686
4690
4690
4691
4691
4694
4694
4695
4695
4696
4699
4700
4700
4701
4703
4704
4708
4708
4711
4715
4716
4723
4726
4726
4731
4732
4736
4738
4739
4740
4744
4745
4746
4746
4747
4748
4748
4750
4753
4754
4755
4756
4757
4757
4758
4759
4761
4763
4764
4765
4766
4768
4769
4771
4772
4773
4774
4775
4776
4778
4779
4779
4781
4782
4782
4784
4784
4785
4786
4787
4787
4793
4793
4794
4795
4797
4799
4799
4801
4802
4802
4803
4803
4805
4806
4807
4809
4812
4814
4814
4815
4816
4818
4822
4822
4823
4823
4824
4825
4826
4826
4827
4828
4830
4837
4839
4840
4840
4841
4843
4843
4843
4844
4845
4846
4848
4849
4852
4853
4855
4859
4861
4861
4861
4864
4864
4864
4868
4868
4869
4872
4872
4874
4876
4880
4881
4881
4886
4887
4887
4894
4894
4894
4895
4899
4899
4900
4900
4900
4902
4903
4903
4905
4906
4907
4908
4908
4908
4910
4910
4911
4913
4914
4915
4915
4918
4918
4918
4918
4921
4921
4921
4922
4922
4923
4925
4927
4929
4930
4930
4937
4937
4939
4939
4940
4940
4941
4944
4946
4950
4951
4952
4952
4953
4955
4955
4955
4958
4959
4965
4968
4969
4971
4975
4979
4980
4984
4987
4989
4991
4993
4993
5000
5001
5001
5002
5002
5009
5009
5010
5010
5011
5014
5015
5015
5022
5026
5029
5030
5030
5032
5035
5036
5040
5042
5042
5043
5045
5045
5046
5047
5054
5055
5055
5056
5058
5059
5060
5061
5061
5062
5063
5064
5064
5067
5070
5071
5075
5076
5076
5080
5082
5087
5087
5088
5089
5090
5094
5097
5101
5101
5101
5101
5104
5105
5110
5114
5114
5118
5119
5120
5121
5126
5127
5129
5130
5132
5132
5133
5133
5141
5143
5144
5144
5145
5145
5145
5146
5146
5148
5148
5148
5151
5153
5155
5158
5159
5160
5163
5164
5165
5165
5166
5166
5168
5170
5170
5171
5172
5174
5180
5181
5182
5184
5186
5186
5187
5187
5188
5189
5191
5195
5196
5199
5200
5200
5201
5204
5204
5206
5208
5208
5208
5209
5209
5210
5211
5213
5213
5214
5215
5216
5218
5220
5220
5220
5221
5223
5225
5225
5225
5227
5227
5228
5231
5235
5237
5242
5246
5246
5249
5251
5251
5252
5256
5261
5261
5264
5265
5265
5266
5267
5267
5268
5270
5271
5274
5277
5278
5278
5280
5281
5282
5285
5289
5290
5294
5296
5297
5299
5300
5301
5302
5302
5305
5308
5308
5311
5316
5318
5320
5321
5322
5323
5326
5327
5328
5331
5332
5334
5338
5339
5345
5346
5347
5347
5348
5350
5352
5354
5357
5357
5358
5359
5360
5361
5366
5366
5368
5370
5371
5371
5372
5377
5380
5382
5382
5384
5385
5386
5389
5389
5391
5392
5392
5393
5396
5399
5399
5400
5402
5404
5404
5409
5410
5411
5415
5418
5422
5425
5426
5430
5430
5434
5435
5436
5437
5441
5442
5443
5447
5449
5450
5451
5452
5453
5454
5457
5460
5462
5463
5463
5465
5466
5470
5471
5471
5475
5475
5475
5476
5477
5478
5480
5480
5480
5481
5482
5482
5483
5486
5492
5493
5496
5496
5498
5500
5501
5501
5503
5503
5504
5510
5511
5513
5513
5513
5515
5516
5518
5518
5519
5519
5522
5531
5531
5531
5540
5543
5547
5548
5551
5554
5554
5554
5555
5555
5557
5558
5564
5565
5566
5570
5572
5572
5573
5575
5578
5581
5584
5596
5602
5603
5605
5606
5608
5609
5609
5612
5614
5614
5615
5615
5617
5620
5620
5620
5620
5620
5627
5631
5631
5632
5633
5634
5635
5635
5637
5637
5641
5641
5642
5643
5644
5647
5647
5648
5652
5655
5656
5660
5663
5664
5667
5668
5668
5670
5671
5671
5672
5672
5678
5681
5683
5684
5689
5689
5690
5693
5698
5699
5700
5700
5705
5705
5709
5712
5712
5714
5715
5723
5723
5724
5725
5726
5727
5729
5729
5731
5732
5738
5738
5738
5740
5746
5747
5749
5749
5750
5753
5755
5755
5756
5758
5759
5760
5761
5761
5763
5763
5764
5766
5768
5771
5772
5776
5781
5782
5782
5783
5783
5784
5787
5787
5791
5791
5793
5794
5795
5796
5802
5811
5812
5813
5815
5816
5819
5819
5819
5822
5822
5824
5825
5827
5827
5827
5833
5833
5836
5838
5840
5840
5841
5845
5846
5849
5849
5858
5865
5870
5871
5871
5872
5874
5874
5876
5876
5876
5877
5877
5883
5883
5883
5886
5892
5892
5893
5897
5897
5898
5899
5902
5902
5902
5907
5907
5907
5909
5910
5911
5915
5915
5918
5920
5922
5923
5928
5930
5935
5935
5936
5938
5939
5941
5943
5945
5949
5949
5952
5952
5953
5954
5954
5955
5956
5956
5957
5958
5961
5961
5961
5963
5965
5965
5967
5967
5969
5970
5973
5979
5979
5980
5980
5983
5985
5985
5985
5986
5988
5988
5990
5991
5991
5994
5995
5997
5998
5999
5999
5999
6001
6002
6006
6007
6008
6008
6011
6012
6012
6014
6014
6014
6016
6016
6017
6017
6018
6019
6020
6023
6024
6026
6027
6029
6029
6030
6030
6030
6036
6036
6039
6039
6040
6041
6041
6043
6045
6048
6051
6052
6053
6054
6054
6055
6055
6058
6059
6060
6063
6064
6064
6066
6067
6068
6068
6070
6070
6070
6072
6074
6076
6081
6082
6082
6082
6083
6084
6086
6088
6089
6090
6092
6092
6097
6099
6102
6112
6114
6115
6117
6117
6118
6118
6118
6121
6121
6122
6126
6126
6127
6129
6129
6132
6137
6137
6142
6144
6148
6149
6151
6151
6152
6152
6156
6157
6158
6160
6164
6165
6166
6166
6173
6173
6178
6179
6183
6185
6186
6187
6188
6191
6191
6193
6197
6198
6200
6202
6204
6204
6208
6210
6211
6212
6212
6212
6216
6218
6219
6220
6221
6224
6224
6225
6227
6233
6237
6240
6242
6245
6246
6247
6250
6250
6250
6252
6254
6259
6263
6267
6268
6271
6272
6276
6282
6286
6287
6289
6289
6290
6293
6294
6294
6295
6302
6304
6305
6306
6307
6307
6307
6308
6308
6309
6309
6310
6311
6311
6314
6314
6315
6315
6318
6318
6319
6320
6322
6323
6327
6328
6329
6332
6332
6335
6335
6336
6337
6337
6346
6346
6346
6347
6348
6350
6351
6352
6354
6356
6358
6358
6359
6363
6364
6367
6368
6370
6371
6372
6372
6376
6377
6378
6380
6381
6381
6387
6389
6391
6391
6394
6395
6397
6397
6398
6398
6398
6400
6400
6400
6400
6401
6402
6404
6405
6405
6408
6409
6412
6414
6416
6417
6417
6418
6422
6422
6423
6424
6425
6427
6428
6428
6431
6431
6434
6437
6437
6438
6441
6442
6443
6446
6446
6450
6452
6452
6454
6454
6457
6458
6462
6465
6466
6466
6467
6468
6470
6470
6470
6473
6475
6476
6476
6477
6487
6487
6491
6492
6492
6493
6499
6501
6502
6503
6504
6504
6507
6510
6511
6512
6518
6520
6521
6522
6523
6523
6527
6533
6537
6538
6538
6538
6539
6541
6542
6543
6544
6546
6549
6550
6552
6553
6553
6554
6555
6558
6561
6561
6562
6562
6563
6563
6565
6565
6566
6567
6571
6572
6575
6576
6577
6579
6584
6585
6586
6586
6587
6587
6589
6591
6592
6597
6601
6602
6603
6604
6604
6608
6608
6609
6611
6612
6615
6616
6618
6620
6622
6623
6624
6625
6630
6634
6640
6640
6642
6646
6647
6650
6651
6651
6655
6658
6659
6659
6661
6661
6665
6665
6666
6666
6668
6670
6671
6671
6672
6672
6674
6675
6677
6680
6681
6681
6682
6683
6684
6687
6687
6690
6691
6692
6692
6693
6696
6698
6700
6703
6703
6703
6704
6706
6706
6707
6708
6709
6711
6715
6718
6719
6724
6724
6725
6727
6731
6731
6733
6734
6735
6739
6739
6743
6747
6748
6753
6755
6757
6758
6758
6765
6767
6768
6768
6769
6771
6772
6777
6778
6778
6782
6782
6783
6783
6784
6788
6789
6791
6791
6792
6792
6794
6796
6797
6798
6799
6801
6801
6806
6806
6806
6807
6810
6813
6816
6818
6818
6827
6833
6834
6835
6837
6838
6840
6841
6841
6842
6843
6846
6846
6847
6848
6848
6849
6849
6851
6852
6853
6856
6856
6858
6859
6861
6862
6864
6868
6870
6872
6874
6880
6881
6885
6886
6892
6894
6894
6896
6897
6900
6901
6901
6903
6904
6908
6909
6912
6913
6913
6916
6916
6916
6918
6918
6920
6921
6922
6924
6924
6927
6928
6929
6930
6934
6935
6940
6940
6941
6944
6948
6953
6955
6957
6958
6958
6961
6963
6965
6965
6969
6971
6972
6973
6974
6975
6975
6981
6983
6986
6987
6988
6990
6991
6992
6993
6993
6993
6998
6999
7000
7004
7004
7006
7009
7009
7010
7011
7013
7013
7014
7015
7015
7018
7022
7023
7025
7025
7029
7031
7035
7036
7038
7039
7039
7040
7047
7047
7049
7050
7052
7053
7054
7059
7059
7067
7067
7067
7069
7072
7072
7072
7073
7074
7074
7076
7076
7080
7083
7084
7085
7085
7085
7085
7087
7088
7092
7092
7093
7093
7094
7099
7101
7101
7102
7103
7103
7103
7106
7107
7107
7109
7109
7110
7115
7117
7118
7118
7120
7121
7121
7122
7122
7122
7123
7124
7125
7125
7127
7128
7129
7129
7130
7132
7134
7138
7139
7142
7143
7144
7144
7146
7146
7150
7152
7152
7152
7154
7158
7158
7159
7160
7163
7167
7167
7170
7170
7171
7172
7172
7173
7181
7182
7182
7183
7183
7185
7187
7188
7190
7191
7194
7198
7201
7209
7210
7218
7222
7225
7226
7228
7228
7230
7231
7232
7232
7233
7240
7240
7241
7243
7245
7245
7250
7250
7251
7252
7253
7256
7257
7259
7259
7260
7261
7261
7264
7264
7265
7265
7271
7272
7272
7276
7277
7279
7279
7280
7282
7284
7287
7289
7291
7293
7296
7296
7297
7298
7299
7299
7300
7302
7304
7307
7309
7309
7311
7312
7312
7313
7314
7319
7319
7319
7321
7321
7324
7325
7326
7331
7333
7334
7334
7334
7338
7338
7338
7339
7343
7343
7346
7349
7350
7354
7354
7355
7355
7356
7357
7362
7363
7364
7368
7368
7372
7376
7376
7380
7382
7387
7389
7390
7390
7390
7391
7391
7393
7395
7398
7399
7399
7399
7401
7403
7405
7408
7410
7410
7411
7411
7416
7416
7422
7423
7423
7423
7424
7425
7428
7428
7428
7428
7429
7429
7429
7432
7433
7437
7437
7437
7438
7438
7440
7443
7446
7446
7447
7448
7450
7450
7455
7458
7459
7461
7464
7465
7465
7466
7469
7472
7472
7473
7473
7474
7475
7477
7478
7479
7480
7483
7485
7486
7487
7490
7494
7495
7498
7498
7499
7500
7501
7501
7502
7505
7509
7510
7510
7511
7511
7513
7513
7514
7515
7515
7516
7516
7520
7521
7524
7524
7526
7530
7531
7531
7534
7534
7540
7541
7541
7541
7542
7543
7544
7547
7548
7553
7554
7555
7557
7557
7558
7562
7563
7563
7570
7571
7571
7574
7574
7574
7575
7575
7576
7576
7577
7577
7579
7580
7581
7584
7584
7584
7585
7586
7588
7588
7591
7592
7594
7596
7597
7598
7602
7602
7606
7607
7609
7610
7613
7618
7619
7619
7619
7622
7623
7624
7625
7632
7636
7636
7636
7640
7646
7649
7650
7651
7653
7654
7656
7656
7658
7658
7659
7659
7659
7660
7661
7663
7664
7667
7668
7668
7670
7671
7673
7677
7677
7677
7680
7682
7683
7684
7687
7689
7690
7690
7691
7692
7694
7694
7695
7696
7698
7700
7701
7702
7702
7702
7703
7703
7706
7708
7711
7713
7716
7717
7717
7720
7721
7722
7723
7725
7727
7727
7729
7731
7734
7736
7736
7737
7737
7738
7739
7740
7744
7745
7750
7752
7753
7756
7756
7758
7761
7762
7763
7764
7765
7765
7767
7769
7774
7775
7775
7776
7776
7777
7778
7780
7781
7781
7782
7783
7785
7788
7789
7790
7791
7791
7792
7795
7798
7798
7798
7800
7803
7806
7811
7811
7812
7813
7813
7815
7817
7817
7819
7819
7823
7823
7824
7824
7827
7827
7828
7829
7832
7832
7834
7835
7838
7839
7840
7840
7841
7841
7843
7846
7848
7851
7851
7851
7852
7852
7853
7855
7855
7857
7857
7859
7860
7861
7862
7863
7865
7867
7869
7870
7871
7871
7876
7878
7880
7883
7884
7887
7888
7888
7889
7889
7892
7892
7893
7895
7895
7896
7897
7897
7903
7908
7909
7910
7914
7916
7916
7921
7922
7923
7923
7923
7925
7926
7928
7928
7931
7932
7932
7932
7934
7934
7935
7936
7936
7936
7938
7941
7943
7944
7951
7951
7954
7954
7955
7956
7956
7956
7956
7956
7956
7957
7960
7962
7962
7967
7968
7968
7969
7970
7973
7980
7982
7986
7990
7991
7992
7993
7994
7996
7997
8001
8003
8005
8006
8007
8009
8009
8009
8011
8012
8012
8014
8014
8015
8016
8016
8016
8017
8018
8021
8021
8031
8032
8033
8037
8038
8042
8042
8043
8043
8044
8047
8049
8050
8051
8051
8054
8055
8056
8057
8061
8061
8064
8064
8068
8069
8071
8074
8074
8075
8078
8085
8086
8086
8090
8096
8097
8100
8100
8100
8101
8103
8104
8107
8107
8107
8112
8113
8114
8119
8119
8119
8124
8124
8126
8132
8132
8132
8133
8134
8134
8135
8136
8137
8137
8138
8140
8142
8143
8147
8148
8149
8155
8156
8156
8158
8158
8161
8164
8165
8166
8168
8168
8169
8170
8170
8173
8174
8174
8174
8175
8181
8181
8181
8185
8186
8187
8187
8188
8188
8188
8189
8189
8192
8194
8194
8200
8202
8202
8205
8209
8210
8211
8212
8214
8215
8216
8216
8218
8219
8219
8220
8220
8221
8223
8224
8225
8226
8227
8230
8230
8231
8231
8232
8238
8238
8240
8240
8240
8241
8248
8250
8250
8251
8253
8253
8256
8260
8261
8261
8261
8263
8265
8265
8266
8267
8268
8269
8272
8272
8273
8274
8281
8282
8282
8284
8284
8284
8285
8285
8285
8288
8290
8291
8293
8298
8298
8301
8303
8306
8307
8308
8309
8311
8313
8313
8316
8318
8318
8319
8322
8323
8324
8324
8325
8325
8325
8328
8329
8331
8332
8334
8335
8339
8340
8342
8344
8349
8352
8352
8352
8353
8354
8357
8358
8360
8361
8362
8362
8363
8363
8365
8367
8371
8371
8373
8373
8378
8378
8379
8379
8379
8381
8382
8384
8385
8387
8388
8388
8393
8395
8396
8398
8399
8401
8401
8401
8402
8402
8403
8405
8408
8410
8411
8414
8414
8416
8423
8424
8424
8425
8425
8425
8426
8427
8427
8429
8431
8431
8436
8438
8439
8441
8442
8444
8445
8445
8446
8446
8447
8447
8447
8448
8449
8450
8453
8455
8462
8463
8465
8466
8466
8469
8471
8474
8475
8475
8476
8476
8478
8480
8484
8488
8490
8491
8491
8492
8494
8494
8495
8497
8498
8498
8500
8500
8502
8506
8509
8510
8511
8515
8515
8518
8522
8525
8527
8529
8531
8531
8534
8535
8538
8540
8541
8541
8544
8544
8546
8547
8550
8550
8551
8556
8556
8556
8558
8563
8563
8566
8568
8570
8570
8571
8575
8576
8576
8577
8579
8580
8584
8589
8590
8590
8591
8592
8592
8594
8594
8595
8600
8601
8604
8604
8605
8607
8609
8609
8610
8611
8612
8614
8615
8617
8618
8624
8625
8627
8628
8628
8628
8628
8628
8629
8630
8630
8630
8632
8633
8635
8636
8637
8638
8638
8640
8641
8642
8643
8644
8646
8649
8652
8657
8658
8658
8660
8660
8663
8663
8667
8668
8674
8674
8675
8677
8678
8679
8679
8680
8681
8683
8686
8686
8687
8687
8688
8688
8689
8692
8693
8695
8695
8696
8697
8698
8702
8703
8705
8705
8707
8708
8709
8709
8710
8713
8713
8714
8714
8716
8717
8717
8718
8718
8719
8720
8720
8723
8726
8727
8729
8729
8729
8730
8731
8731
8731
8732
8735
8736
8737
8739
8740
8741
8742
8744
8745
8746
8747
8747
8749
8749
8750
8754
8758
8760
8761
8761
8765
8768
8769
8770
8770
8771
8772
8772
8776
8778
8778
8780
8780
8781
8782
8783
8785
8785
8787
8791
8791
8791
8792
8795
8805
8806
8808
8809
8813
8815
8816
8818
8819
8822
8823
8823
8825
8826
8828
8831
8833
8833
8835
8835
8836
8838
8839
8841
8848
8848
8851
8854
8855
8857
8857
8857
8862
8862
8862
8862
8866
8869
8871
8871
8871
8872
8872
8876
8876
8876
8878
8879
8879
8879
8883
8883
8888
8889
8890
8891
8891
8892
8893
8894
8897
8898
8898
8900
8900
8900
8901
8901
8904
8904
8905
8906
8907
8909
8912
8919
8921
8921
8925
8925
8931
8931
8936
8941
8942
8945
8945
8945
8945
8949
8949
8949
8952
8952
8953
8955
8956
8958
8961
8963
8963
8964
8965
8971
8974
8975
8977
8978
8980
8981
8985
8988
8989
8989
8990
8992
8993
8997
8999
9001
9004
9007
9007
9009
9009
9009
9012
9013
9013
9014
9014
9015
9017
9018
9019
9020
9026
9026
9027
9027
9029
9030
9031
9031
9031
9031
9034
9034
9037
9039
9040
9042
9042
9050
9053
9055
9056
9058
9058
9061
9063
9064
9064
9065
9066
9067
9068
9069
9070
9071
9071
9072
9075
9076
9077
9079
9083
9085
9089
9090
9091
9092
9094
9095
9095
9095
9096
9096
9097
9099
9102
9108
9109
9110
9111
9113
9113
9116
9117
9118
9120
9122
9123
9124
9124
9124
9127
9128
9128
9131
9131
9135
9135
9136
9138
9142
9143
9144
9144
9146
9149
9149
9155
9155
9156
9156
9158
9158
9165
9176
9176
9178
9178
9179
9179
9180
9183
9185
9185
9190
9192
9192
9193
9193
9194
9194
9194
9195
9196
9197
9198
9200
9201
9201
9205
9205
9209
9210
9210
9214
9215
9217
9219
9222
9223
9226
9226
9226
9227
9227
9231
9236
9236
9241
9242
9242
9243
9247
9249
9250
9252
9257
9257
9259
9261
9261
9262
9271
9272
9272
9272
9273
9274
9274
9277
9278
9279
9279
9280
9282
9288
9289
9290
9292
9293
9294
9294
9294
9296
9298
9299
9300
9302
9306
9307
9309
9309
9310
9313
9313
9313
9314
9316
9317
9317
9319
9320
9321
9323
9324
9329
9329
9333
9334
9336
9339
9340
9343
9343
9343
9344
9345
9347
9348
9348
9349
9351
9352
9355
9355
9357
9361
9364
9365
9365
9366
9368
9369
9370
9372
9373
9374
9377
9378
9378
9380
9381
9381
9381
9383
9388
9390
9391
9392
9393
9395
9395
9395
9396
9398
9398
9399
9399
9400
9403
9405
9405
9405
9406
9410
9411
9412
9414
9414
9420
9423
9425
9428
9429
9429
9430
9430
9431
9432
9433
9434
9434
9436
9436
9438
9442
9444
9444
9446
9447
9448
9449
9449
9452
9455
9456
9456
9457
9461
9462
9464
9464
9466
9468
9469
9470
9471
9472
9473
9476
9477
9478
9479
9480
9481
9482
9483
9484
9484
9485
9485
9487
9487
9490
9490
9491
9492
9493
9494
9497
9498
9499
9499
9501
9501
9502
9502
9504
9504
9505
9506
9507
9509
9511
9512
9513
9516
9516
9516
9518
9519
9522
9523
9523
9524
9525
9527
9528
9529
9530
9530
9530
9532
9533
9534
9535
9537
9539
9547
9547
9548
9549
9549
9553
9554
9558
9561
9561
9562
9563
9563
9564
9570
9570
9575
9575
9576
9579
9579
9584
9585
9585
9586
9586
9587
9588
9590
9591
9592
9593
9593
9594
9599
9600
9600
9601
9605
9607
9610
9611
9611
9613
9613
9613
9614
9618
9619
9622
9630
9633
9633
9636
9640
9640
9641
9643
9643
9645
9647
9650
9654
9654
9655
9655
9655
9656
9658
9660
9660
9661
9663
9663
9664
9666
9668
9668
9668
9672
9672
9674
9674
9674
9676
9676
9678
9679
9680
9681
9683
9683
9688
9689
9690
9690
9692
9693
9695
9696
9696
9698
9700
9702
9703
9704
9705
9706
9707
9709
9710
9712
9714
9717
9719
9721
9721
9727
9728
9729
9730
9731
9731
9733
9734
9736
9736
9737
9738
9739
9740
9740
9741
9743
9743
9744
9746
9748
9750
9751
9751
9752
9754
9755
9756
9756
9756
9756
9758
9762
9763
9763
9764
9764
9765
9768
9770
9773
9774
9775
9776
9777
9781
9784
9784
9787
9787
9788
9792
9793
9799
9799
9801
9806
9807
9809
9810
9811
9813
9814
9815
9816
9818
9818
9819
9820
9822
9823
9823
9824
9826
9826
9829
9829
9831
9831
9831
9832
9833
9838
9842
9844
9846
9849
9849
9850
9850
9851
9852
9858
9858
9862
9867
9867
9871
9871
9873
9876
9877
9877
9879
9881
9882
9883
9885
9886
9887
9887
9888
9888
9890
9893
9893
9893
9894
9897
9898
9904
9904
9906
9907
9907
9911
9911
9911
9913
9913
9914
9916
9917
9917
9918
9918
9920
9920
9920
9924
9925
9928
9928
9928
9929
9930
9930
9933
9935
9935
9938
9939
9940
9941
9941
9944
9949
9950
9952
9954
9954
9954
9956
9958
9959
9962
9965
9965
9966
9967
9968
9970
9971
9972
9972
9975
9975
9975
9977
9977
9979
9982
9983
9983
9984
9987
9987
9987
9988
9988
9989
9993
9993
9994
9995
9997
9997
9997
9999
10000
