-9994
-9993
-9993
-9992
-9992
-9991
-9990
-9990
-9988
-9984
-9984
-9979
-9977
-9970
-9970
-9968
-9967
-9960
-9955
-9955
-9954
-9940
-9930
-9926
-9922
-9919
-9918
-9913
-9912
-9911
-9905
-9903
-9903
-9891
-9890
-9886
-9884
-9881
-9872
-9856
-9856
-9847
-9845
-9831
-9823
-9822
-9811
-9808
-9807
-9804
-9802
-9800
-9799
-9798
-9789
-9783
-9778
-9777
-9776
-9774
-9766
-9765
-9758
-9753
-9748
-9734
-9721
-9720
-9720
-9718
-9716
-9710
-9710
-9706
-9702
-9702
-9701
-9700
-9698
-9695
-9692
-9686
-9685
-9684
-9675
-9675
-9674
-9673
-9669
-9668
-9665
-9661
-9649
-9641
-9630
-9629
-9620
-9618
-9614
-9612
-9608
-9607
-9600
-9599
-9595
-9594
-9584
-9574
-9572
-9572
-9563
-9562
-9559
-9556
-9548
-9547
-9543
-9534
-9532
-9528
-9520
-9520
-9509
-9499
-9487
-9479
-9465
-9458
-9445
-9442
-9435
-9435
-9419
-9414
-9409
-9406
-9405
-9402
-9401
-9401
-9400
-9400
-9398
-9395
-9392
-9390
-9387
-9381
-9380
-9379
-9374
-9372
-9364
-9362
-9360
-9360
-9355
-9352
-9349
-9347
-9342
-9337
-9334
-9326
-9323
-9316
-9316
-9309
-9306
-9299
-9294
-9294
-9285
-9280
-9276
-9276
-9275
-9271
-9270
-9255
-9254
-9249
-9246
-9243
-9243
-9240
-9229
-9228
-9228
-9226
-9220
-9215
-9213
-9208
-9203
-9203
-9199
-9198
-9191
-9185
-9184
-9183
-9181
-9178
-9177
-9171
-9171
-9170
-9150
-9149
-9137
-9137
-9130
-9129
-9126
-9124
-9123
-9122
-9108
-9103
-9093
-9091
-9076
-9074
-9068
-9060
-9060
-9059
-9057
-9056
-9053
-9045
-9044
-9043
-9042
-9038
-9023
-9023
-9020
-9018
-9015
-9013
-9013
-9012
-9012
-9004
-9002
-8996
-8996
-8994
-8992
-8991
-8978
-8968
-8965
-8957
-8946
-8943
-8939
-8939
-8938
-8926
-8920
-8915
-8913
-8911
-8901
-8898
-8896
-8887
-8885
-8881
-8870
-8870
-8870
-8866
-8865
-8859
-8858
-8858
-8848
-8844
-8843
-8840
-8833
-8825
-8825
-8822
-8801
-8794
-8789
-8785
-8781
-8780
-8775
-8760
-8755
-8753
-8753
-8748
-8742
-8737
-8735
-8733
-8730
-8712
-8707
-8702
-8694
-8694
-8694
-8693
-8692
-8692
-8691
-8684
-8678
-8677
-8676
-8670
-8659
-8658
-8656
-8654
-8651
-8651
-8649
-8641
-8636
-8635
-8631
-8631
-8628
-8627
-8620
-8617
-8602
-8601
-8592
-8585
-8577
-8576
-8554
-8549
-8548
-8539
-8527
-8522
-8519
-8512
-8509
-8508
-8499
-8498
-8497
-8492
-8484
-8471
-8469
-8463
-8458
-8458
-8457
-8455
-8451
-8445
-8437
-8432
-8431
-8420
-8420
-8419
-8419
-8417
-8413
-8412
-8409
-8408
-8397
-8396
-8391
-8385
-8377
-8376
-8373
-8367
-8366
-8365
-8363
-8362
-8361
-8358
-8352
-8344
-8337
-8336
-8325
-8319
-8311
-8309
-8298
-8297
-8297
-8297
-8295
-8292
-8291
-8288
-8282
-8281
-8278
-8267
-8262
-8261
-8260
-8257
-8254
-8254
-8252
-8245
-8242
-8238
-8229
-8228
-8216
-8214
-8214
-8213
-8213
-8212
-8211
-8209
-8206
-8205
-8201
-8199
-8198
-8182
-8160
-8153
-8152
-8140
-8140
-8135
-8130
-8128
-8127
-8126
-8119
-8118
-8087
-8079
-8078
-8075
-8069
-8067
-8065
-8062
-8062
-8057
-8052
-8039
-8030
-8030
-8026
-8026
-8012
-8009
-8007
-8000
-7998
-7997
-7993
-7988
-7987
-7985
-7982
-7982
-7981
-7981
-7981
-7980
-7974
-7970
-7967
-7967
-7966
-7965
-7964
-7964
-7963
-7954
-7946
-7941
-7937
-7935
-7925
-7923
-7917
-7915
-7911
-7910
-7909
-7907
-7897
-7889
-7886
-7885
-7879
-7872
-7868
-7864
-7860
-7850
-7850
-7849
-7844
-7838
-7836
-7835
-7832
-7832
-7827
-7825
-7822
-7818
-7817
-7810
-7810
-7808
-7803
-7791
-7781
-7781
-7781
-7777
-7775
-7774
-7757
-7756
-7752
-7747
-7741
-7740
-7737
-7729
-7729
-7725
-7724
-7717
-7717
-7712
-7706
-7700
-7693
-7688
-7688
-7687
-7685
-7683
-7679
-7673
-7664
-7655
-7645
-7642
-7637
-7635
-7633
-7625
-7625
-7620
-7617
-7605
-7601
-7600
-7600
-7596
-7595
-7593
-7590
-7589
-7586
-7581
-7578
-7575
-7560
-7555
-7538
-7533
-7532
-7516
-7505
-7502
-7501
-7497
-7495
-7492
-7492
-7487
-7478
-7463
-7463
-7453
-7451
-7451
-7445
-7444
-7441
-7432
-7428
-7424
-7422
-7412
-7406
-7401
-7400
-7395
-7394
-7392
-7390
-7389
-7385
-7383
-7383
-7382
-7379
-7379
-7377
-7373
-7366
-7364
-7359
-7357
-7356
-7350
-7342
-7319
-7308
-7304
-7297
-7290
-7289
-7283
-7277
-7276
-7275
-7272
-7271
-7266
-7264
-7259
-7259
-7254
-7253
-7245
-7245
-7231
-7230
-7217
-7212
-7210
-7199
-7195
-7193
-7173
-7166
-7164
-7156
-7142
-7139
-7136
-7131
-7131
-7131
-7121
-7120
-7119
-7118
-7117
-7115
-7114
-7110
-7092
-7085
-7075
-7070
-7069
-7069
-7068
-7065
-7063
-7059
-7057
-7052
-7050
-7047
-7041
-7035
-7033
-7032
-7031
-7028
-7025
-7024
-7019
-7018
-7017
-7017
-7015
-7011
-7004
-7000
-6992
-6990
-6983
-6975
-6975
-6973
-6969
-6965
-6956
-6950
-6946
-6943
-6937
-6936
-6932
-6916
-6915
-6910
-6902
-6898
-6896
-6888
-6882
-6880
-6876
-6875
-6869
-6868
-6868
-6863
-6861
-6861
-6857
-6856
-6855
-6848
-6843
-6841
-6839
-6839
-6837
-6836
-6833
-6829
-6828
-6827
-6826
-6823
-6822
-6820
-6815
-6812
-6810
-6805
-6798
-6786
-6786
-6785
-6781
-6779
-6777
-6777
-6775
-6771
-6770
-6764
-6758
-6748
-6744
-6738
-6738
-6726
-6726
-6714
-6712
-6712
-6709
-6705
-6702
-6701
-6699
-6698
-6691
-6668
-6662
-6662
-6657
-6652
-6649
-6633
-6633
-6623
-6621
-6618
-6612
-6609
-6607
-6605
-6604
-6600
-6596
-6594
-6585
-6581
-6575
-6573
-6572
-6567
-6553
-6552
-6552
-6546
-6537
-6535
-6530
-6530
-6524
-6521
-6519
-6510
-6509
-6501
-6496
-6495
-6488
-6475
-6473
-6469
-6466
-6466
-6463
-6459
-6458
-6448
-6444
-6440
-6435
-6435
-6430
-6425
-6425
-6424
-6422
-6417
-6415
-6404
-6404
-6403
-6398
-6397
-6391
-6388
-6387
-6378
-6374
-6360
-6359
-6357
-6357
-6357
-6350
-6345
-6344
-6343
-6332
-6329
-6326
-6316
-6312
-6306
-6294
-6288
-6286
-6285
-6282
-6278
-6277
-6275
-6275
-6272
-6271
-6270
-6269
-6268
-6266
-6263
-6257
-6253
-6241
-6215
-6206
-6204
-6203
-6202
-6200
-6191
-6187
-6180
-6180
-6174
-6173
-6172
-6171
-6163
-6159
-6158
-6150
-6149
-6145
-6144
-6135
-6128
-6121
-6117
-6116
-6114
-6113
-6112
-6098
-6090
-6084
-6072
-6066
-6066
-6066
-6064
-6061
-6052
-6051
-6050
-6034
-6028
-6025
-6022
-6017
-6002
-5999
-5999
-5997
-5992
-5988
-5984
-5982
-5981
-5980
-5979
-5978
-5977
-5975
-5975
-5959
-5955
-5948
-5940
-5939
-5939
-5937
-5933
-5932
-5928
-5927
-5926
-5921
-5907
-5906
-5902
-5900
-5899
-5897
-5897
-5881
-5873
-5872
-5861
-5853
-5853
-5843
-5840
-5835
-5831
-5829
-5826
-5811
-5803
-5801
-5794
-5789
-5786
-5778
-5770
-5770
-5768
-5766
-5765
-5764
-5759
-5756
-5754
-5748
-5746
-5732
-5728
-5721
-5719
-5718
-5713
-5704
-5697
-5690
-5690
-5684
-5683
-5675
-5670
-5667
-5665
-5663
-5658
-5658
-5657
-5656
-5655
-5653
-5651
-5646
-5641
-5641
-5641
-5624
-5624
-5623
-5622
-5621
-5619
-5597
-5593
-5586
-5581
-5580
-5578
-5574
-5572
-5570
-5570
-5569
-5542
-5541
-5536
-5534
-5534
-5531
-5518
-5515
-5514
-5514
-5512
-5512
-5507
-5506
-5492
-5491
-5487
-5485
-5482
-5478
-5475
-5468
-5462
-5455
-5454
-5453
-5449
-5444
-5443
-5443
-5441
-5424
-5419
-5418
-5416
-5412
-5410
-5398
-5393
-5392
-5388
-5388
-5386
-5382
-5378
-5378
-5377
-5374
-5371
-5361
-5361
-5359
-5353
-5352
-5343
-5342
-5340
-5338
-5338
-5338
-5336
-5330
-5325
-5324
-5323
-5318
-5317
-5313
-5312
-5311
-5305
-5304
-5303
-5302
-5286
-5281
-5270
-5268
-5265
-5256
-5256
-5253
-5252
-5245
-5232
-5232
-5224
-5222
-5212
-5212
-5210
-5209
-5204
-5199
-5188
-5184
-5181
-5181
-5180
-5179
-5167
-5164
-5163
-5162
-5161
-5159
-5138
-5133
-5130
-5128
-5122
-5119
-5114
-5112
-5110
-5108
-5107
-5103
-5103
-5099
-5090
-5084
-5083
-5072
-5064
-5060
-5059
-5056
-5054
-5040
-5039
-5037
-5035
-5030
-5018
-5014
-5014
-5014
-5005
-5002
-5001
-5001
-5000
-4990
-4987
-4982
-4976
-4974
-4969
-4967
-4950
-4949
-4945
-4941
-4940
-4932
-4928
-4925
-4920
-4918
-4917
-4912
-4912
-4905
-4901
-4891
-4886
-4884
-4883
-4881
-4881
-4866
-4865
-4859
-4859
-4858
-4853
-4851
-4842
-4837
-4828
-4823
-4821
-4818
-4815
-4812
-4807
-4800
-4800
-4795
-4795
-4789
-4789
-4787
-4786
-4777
-4775
-4775
-4772
-4771
-4766
-4764
-4763
-4758
-4756
-4753
-4746
-4743
-4741
-4740
-4734
-4734
-4731
-4724
-4724
-4723
-4715
-4712
-4709
-4702
-4698
-4698
-4697
-4696
-4696
-4692
-4682
-4680
-4680
-4674
-4660
-4660
-4657
-4654
-4649
-4630
-4626
-4625
-4621
-4619
-4616
-4607
-4605
-4604
-4596
-4593
-4593
-4592
-4591
-4585
-4581
-4574
-4574
-4564
-4564
-4558
-4554
-4551
-4544
-4540
-4537
-4536
-4534
-4532
-4530
-4529
-4526
-4526
-4516
-4516
-4511
-4501
-4495
-4493
-4492
-4484
-4478
-4468
-4468
-4465
-4461
-4449
-4448
-4442
-4436
-4431
-4427
-4426
-4420
-4420
-4418
-4415
-4415
-4405
-4404
-4398
-4396
-4394
-4381
-4379
-4375
-4373
-4371
-4367
-4366
-4360
-4358
-4357
-4355
-4353
-4350
-4342
-4340
-4335
-4333
-4332
-4327
-4309
-4305
-4304
-4296
-4294
-4293
-4293
-4291
-4289
-4287
-4287
-4283
-4282
-4280
-4273
-4270
-4266
-4264
-4263
-4248
-4246
-4245
-4244
-4244
-4236
-4221
-4211
-4209
-4208
-4207
-4201
-4200
-4193
-4183
-4181
-4175
-4175
-4171
-4167
-4158
-4155
-4154
-4148
-4142
-4132
-4129
-4128
-4127
-4119
-4119
-4116
-4109
-4107
-4098
-4091
-4086
-4083
-4074
-4073
-4069
-4069
-4067
-4063
-4058
-4058
-4056
-4053
-4053
-4049
-4048
-4047
-4037
-4036
-4027
-4025
-4025
-4020
-4016
-4005
-3998
-3989
-3969
-3966
-3963
-3961
-3954
-3953
-3944
-3943
-3935
-3932
-3931
-3931
-3923
-3916
-3913
-3910
-3908
-3904
-3901
-3895
-3876
-3876
-3875
-3863
-3859
-3852
-3850
-3848
-3844
-3844
-3838
-3833
-3831
-3829
-3810
-3802
-3798
-3794
-3793
-3785
-3782
-3779
-3775
-3772
-3765
-3746
-3742
-3738
-3738
-3736
-3736
-3726
-3720
-3719
-3718
-3711
-3710
-3707
-3704
-3697
-3697
-3692
-3692
-3691
-3685
-3682
-3679
-3675
-3665
-3650
-3650
-3649
-3639
-3635
-3633
-3633
-3620
-3618
-3615
-3614
-3600
-3588
-3580
-3578
-3577
-3577
-3573
-3569
-3567
-3566
-3566
-3555
-3545
-3534
-3526
-3523
-3520
-3516
-3502
-3499
-3494
-3492
-3487
-3480
-3479
-3479
-3477
-3463
-3463
-3460
-3460
-3454
-3449
-3438
-3437
-3422
-3420
-3420
-3418
-3416
-3416
-3413
-3413
-3408
-3404
-3403
-3401
-3395
-3387
-3372
-3370
-3362
-3358
-3347
-3346
-3340
-3331
-3330
-3319
-3316
-3316
-3314
-3313
-3309
-3304
-3295
-3292
-3283
-3275
-3268
-3265
-3258
-3254
-3252
-3249
-3244
-3241
-3238
-3235
-3235
-3232
-3230
-3226
-3223
-3216
-3216
-3210
-3205
-3203
-3199
-3198
-3197
-3193
-3193
-3183
-3180
-3176
-3174
-3174
-3164
-3159
-3156
-3153
-3147
-3143
-3141
-3138
-3134
-3134
-3129
-3126
-3126
-3120
-3115
-3109
-3105
-3099
-3099
-3096
-3095
-3090
-3089
-3087
-3085
-3084
-3083
-3079
-3074
-3058
-3053
-3044
-3037
-3035
-3033
-3030
-3026
-3023
-3022
-3013
-3013
-3011
-3005
-3004
-3004
-3000
-2993
-2988
-2986
-2986
-2982
-2974
-2972
-2965
-2952
-2951
-2946
-2945
-2944
-2943
-2936
-2936
-2931
-2928
-2922
-2916
-2916
-2915
-2915
-2909
-2906
-2905
-2905
-2904
-2902
-2900
-2900
-2898
-2895
-2894
-2892
-2891
-2884
-2878
-2876
-2867
-2867
-2864
-2854
-2851
-2850
-2847
-2846
-2843
-2829
-2811
-2809
-2806
-2800
-2786
-2784
-2780
-2779
-2778
-2765
-2764
-2761
-2760
-2759
-2750
-2743
-2741
-2737
-2733
-2732
-2731
-2730
-2727
-2725
-2722
-2722
-2720
-2718
-2712
-2711
-2704
-2702
-2701
-2700
-2700
-2700
-2695
-2691
-2691
-2683
-2679
-2678
-2672
-2669
-2666
-2663
-2662
-2646
-2641
-2641
-2635
-2633
-2631
-2629
-2628
-2604
-2599
-2591
-2591
-2574
-2568
-2564
-2560
-2557
-2551
-2544
-2536
-2532
-2528
-2520
-2520
-2507
-2500
-2499
-2484
-2474
-2460
-2452
-2445
-2442
-2440
-2437
-2435
-2434
-2429
-2425
-2423
-2422
-2420
-2418
-2416
-2411
-2404
-2402
-2395
-2394
-2381
-2379
-2377
-2376
-2375
-2369
-2367
-2360
-2358
-2354
-2351
-2347
-2344
-2342
-2341
-2340
-2338
-2333
-2332
-2322
-2305
-2293
-2292
-2290
-2283
-2281
-2273
-2261
-2257
-2256
-2250
-2243
-2238
-2236
-2234
-2233
-2232
-2220
-2217
-2216
-2215
-2210
-2203
-2200
-2189
-2188
-2183
-2163
-2162
-2158
-2156
-2151
-2150
-2133
-2130
-2126
-2125
-2119
-2114
-2109
-2106
-2105
-2100
-2100
-2100
-2096
-2087
-2087
-2085
-2061
-2060
-2053
-2052
-2052
-2048
-2047
-2042
-2034
-2031
-2024
-2014
-2009
-1998
-1994
-1990
-1982
-1980
-1979
-1978
-1977
-1972
-1970
-1964
-1957
-1953
-1948
-1946
-1946
-1944
-1944
-1943
-1933
-1930
-1926
-1924
-1924
-1923
-1920
-1919
-1917
-1916
-1915
-1900
-1900
-1898
-1896
-1881
-1879
-1877
-1872
-1872
-1870
-1867
-1861
-1855
-1852
-1835
-1830
-1822
-1819
-1818
-1814
-1813
-1810
-1803
-1803
-1803
-1801
-1800
-1797
-1793
-1780
-1772
-1761
-1759
-1757
-1753
-1750
-1749
-1736
-1733
-1729
-1729
-1728
-1726
-1714
-1703
-1698
-1697
-1695
-1685
-1681
-1677
-1664
-1661
-1650
-1650
-1648
-1645
-1642
-1636
-1635
-1626
-1626
-1622
-1622
-1621
-1615
-1609
-1608
-1603
-1584
-1580
-1576
-1568
-1566
-1564
-1562
-1562
-1561
-1559
-1554
-1549
-1544
-1543
-1543
-1542
-1539
-1539
-1536
-1533
-1533
-1531
-1528
-1520
-1519
-1518
-1514
-1500
-1499
-1498
-1494
-1488
-1482
-1479
-1478
-1473
-1471
-1459
-1458
-1458
-1454
-1448
-1441
-1440
-1423
-1422
-1412
-1409
-1405
-1397
-1393
-1386
-1382
-1369
-1369
-1361
-1353
-1350
-1347
-1344
-1342
-1341
-1340
-1337
-1333
-1333
-1331
-1319
-1308
-1302
-1302
-1298
-1297
-1291
-1288
-1286
-1285
-1285
-1273
-1265
-1262
-1251
-1246
-1239
-1238
-1236
-1230
-1228
-1225
-1224
-1210
-1210
-1207
-1201
-1201
-1201
-1195
-1189
-1186
-1171
-1170
-1168
-1168
-1163
-1162
-1158
-1155
-1139
-1136
-1134
-1133
-1128
-1128
-1122
-1116
-1106
-1104
-1103
-1101
-1101
-1100
-1094
-1094
-1093
-1089
-1086
-1080
-1071
-1063
-1055
-1053
-1049
-1047
-1043
-1040
-1038
-1035
-1032
-1021
-1016
-1014
-999
-998
-995
-987
-985
-982
-969
-966
-959
-959
-959
-958
-957
-943
-942
-936
-935
-932
-926
-924
-909
-906
-900
-888
-888
-885
-885
-882
-878
-873
-870
-869
-867
-866
-865
-860
-853
-848
-848
-845
-844
-841
-841
-839
-829
-828
-822
-821
-818
-818
-814
-814
-810
-802
-795
-795
-773
-772
-761
-756
-750
-736
-735
-722
-721
-721
-718
-716
-715
-714
-703
-703
-703
-699
-697
-696
-694
-687
-684
-683
-676
-668
-667
-666
-662
-648
-647
-646
-643
-637
-634
-619
-618
-615
-610
-607
-602
-600
-596
-595
-587
-572
-566
-565
-563
-563
-555
-550
-539
-535
-529
-529
-529
-526
-517
-516
-507
-505
-505
-497
-494
-490
-489
-486
-486
-484
-482
-479
-479
-479
-478
-477
-474
-474
-470
-467
-455
-455
-453
-449
-447
-447
-435
-432
-429
-428
-426
-422
-421
-420
-415
-413
-413
-407
-393
-391
-389
-388
-388
-382
-380
-377
-376
-375
-368
-366
-363
-363
-358
-355
-352
-344
-344
-335
-334
-332
-329
-328
-328
-318
-316
-315
-315
-305
-305
-301
-299
-290
-290
-285
-277
-266
-254
-251
-246
-239
-235
-230
-219
-215
-211
-210
-207
-201
-201
-199
-193
-192
-189
-187
-173
-171
-168
-164
-162
-159
-153
-152
-146
-145
-145
-142
-134
-121
-120
-117
-104
-103
-101
-96
-90
-88
-85
-76
-74
-73
-72
-68
-65
-65
-59
-56
-48
-44
-41
-36
-36
-20
-18
-13
-9
-2
-1
0
12
13
19
27
29
30
40
44
45
52
58
58
63
66
68
68
76
77
79
81
83
85
99
100
119
120
122
131
140
143
145
147
148
157
165
169
169
179
182
183
184
188
189
195
198
199
204
205
212
215
215
215
221
223
223
225
225
228
231
237
239
252
258
265
267
269
277
285
289
290
297
302
314
330
331
337
339
340
351
356
357
358
369
370
372
372
374
380
386
387
389
390
395
395
396
402
404
405
414
416
417
418
419
425
430
432
439
441
442
448
454
457
459
472
472
476
479
489
489
497
504
504
511
519
524
530
536
539
540
540
547
551
558
566
568
571
575
578
586
586
591
596
597
600
605
606
606
608
617
619
622
623
629
632
636
637
638
638
640
641
642
648
649
650
663
663
664
667
668
671
674
679
682
685
686
687
695
702
705
708
714
717
719
721
723
727
727
728
728
735
739
740
744
745
748
748
749
755
758
760
766
776
777
777
780
797
804
817
820
824
827
837
842
845
848
849
870
876
879
887
894
898
899
900
904
910
917
921
923
929
930
931
932
933
949
949
951
953
953
972
974
980
995
1013
1013
1019
1025
1027
1032
1035
1040
1044
1050
1053
1059
1061
1079
1086
1094
1095
1098
1112
1113
1124
1127
1131
1134
1136
1141
1147
1147
1148
1148
1149
1156
1158
1159
1162
1164
1172
1179
1182
1184
1184
1188
1190
1198
1199
1206
1209
1219
1227
1228
1231
1253
1258
1264
1265
1265
1279
1287
1287
1294
1297
1297
1299
1309
1312
1316
1317
1322
1335
1338
1340
1340
1342
1346
1346
1353
1362
1364
1371
1373
1380
1384
1386
1386
1390
1394
1398
1401
1407
1420
1420
1422
1422
1425
1429
1435
1435
1436
1436
1437
1438
1446
1448
1454
1455
1456
1460
1461
1464
1466
1469
1471
1477
1478
1482
1483
1483
1484
1501
1508
1510
1510
1514
1514
1518
1533
1535
1538
1545
1546
1548
1549
1552
1553
1557
1567
1567
1574
1575
1577
1578
1589
1590
1590
1596
1604
1604
1612
1615
1616
1630
1645
1647
1650
1652
1654
1655
1668
1671
1672
1675
1676
1677
1679
1687
1697
1701
1704
1707
1710
1726
1726
1728
1729
1730
1734
1739
1742
1746
1748
1749
1757
1761
1765
1766
1775
1783
1784
1792
1795
1797
1801
1804
1806
1816
1818
1837
1838
1848
1854
1856
1870
1874
1874
1880
1880
1880
1882
1885
1889
1890
1891
1892
1897
1905
1908
1908
1908
1911
1919
1932
1932
1934
1938
1941
1946
1962
1963
1972
1974
1978
1982
1991
1992
1996
2003
2004
2007
2010
2012
2013
2016
2018
2027
2033
2035
2036
2038
2040
2054
2055
2058
2059
2074
2075
2077
2081
2087
2089
2090
2091
2095
2096
2102
2103
2109
2110
2114
2115
2118
2128
2144
2150
2151
2152
2152
2156
2161
2163
2171
2174
2180
2189
2195
2197
2202
2204
2209
2209
2210
2215
2219
2223
2225
2227
2230
2236
2242
2245
2249
2249
2256
2258
2260
2260
2263
2264
2274
2276
2278
2278
2280
2292
2294
2300
2301
2307
2312
2313
2323
2328
2337
2340
2343
2349
2350
2353
2363
2363
2366
2368
2371
2388
2390
2400
2406
2409
2415
2416
2418
2420
2421
2432
2433
2436
2441
2452
2453
2461
2461
2465
2465
2487
2496
2499
2502
2513
2517
2520
2522
2530
2536
2536
2536
2537
2541
2544
2544
2544
2546
2547
2557
2567
2571
2574
2582
2584
2593
2598
2601
2605
2608
2611
2611
2611
2615
2618
2620
2621
2622
2628
2632
2635
2641
2650
2656
2662
2662
2666
2677
2678
2691
2693
2693
2699
2700
2700
2700
2718
2720
2721
2726
2738
2755
2757
2761
2762
2774
2776
2777
2785
2789
2790
2790
2797
2798
2799
2800
2809
2813
2818
2825
2831
2837
2838
2839
2841
2842
2847
2850
2855
2855
2855
2864
2871
2893
2894
2897
2897
2901
2904
2910
2912
2916
2919
2921
2922
2925
2934
2936
2940
2946
2951
2957
2959
2964
2965
2968
2977
2977
2990
2993
3004
3012
3023
3027
3031
3037
3045
3045
3047
3047
3049
3052
3068
3069
3073
3073
3074
3076
3076
3079
3079
3081
3083
3093
3096
3099
3105
3111
3111
3115
3125
3127
3127
3128
3138
3139
3145
3147
3159
3159
3163
3187
3187
3191
3197
3200
3200
3203
3203
3205
3208
3210
3211
3212
3213
3217
3225
3228
3232
3239
3242
3252
3258
3265
3266
3269
3274
3274
3275
3284
3284
3285
3291
3291
3293
3294
3304
3306
3319
3349
3355
3357
3361
3364
3365
3380
3381
3391
3394
3396
3402
3409
3420
3424
3429
3439
3440
3441
3455
3457
3465
3476
3477
3478
3493
3495
3499
3499
3514
3517
3525
3531
3534
3535
3537
3537
3538
3542
3543
3548
3557
3565
3572
3574
3576
3582
3585
3594
3595
3600
3608
3612
3619
3619
3623
3633
3636
3653
3662
3665
3676
3678
3679
3681
3683
3694
3699
3700
3704
3705
3711
3719
3731
3733
3745
3752
3754
3754
3786
3786
3788
3806
3813
3816
3819
3822
3827
3828
3828
3829
3834
3834
3838
3841
3843
3843
3848
3857
3858
3860
3861
3862
3865
3868
3869
3872
3879
3884
3889
3890
3892
3906
3906
3912
3920
3920
3925
3938
3945
3946
3946
3951
3964
3968
3973
3995
3996
4014
4018
4019
4023
4024
4027
4028
4031
4040
4041
4042
4042
4055
4057
4059
4061
4075
4078
4092
4093
4112
4115
4117
4117
4118
4124
4124
4130
4135
4137
4142
4144
4146
4147
4147
4149
4150
4156
4163
4164
4175
4179
4185
4190
4192
4194
4215
4219
4225
4228
4233
4241
4246
4254
4258
4262
4271
4272
4297
4302
4302
4306
4314
4317
4319
4320
4324
4330
4330
4339
4345
4348
4357
4357
4360
4362
4363
4367
4375
4379
4388
4389
4400
4403
4409
4423
4433
4438
4438
4444
4456
4456
4460
4461
4462
4463
4473
4476
4477
4482
4485
4487
4488
4488
4495
4500
4501
4504
4504
4504
4506
4508
4509
4510
4515
4517
4518
4519
4521
4526
4532
4535
4537
4541
4545
4554
4570
4572
4573
4578
4585
4587
4589
4590
4591
4593
4594
4610
4616
4618
4619
4620
4621
4622
4626
4630
4639
4642
4646
4651
4652
4660
4660
4663
4667
4668
4684
4688
4690
4692
4693
4694
4696
4700
4708
4720
4725
4728
4733
4737
4737
4746
4746
4746
4747
4761
4762
4768
4768
4771
4772
4784
4786
4791
4795
4796
4804
4810
4814
4820
4821
4823
4826
4827
4836
4836
4837
4839
4843
4844
4846
4848
4848
4850
4851
4852
4855
4860
4862
4867
4870
4872
4872
4875
4877
4882
4887
4891
4893
4894
4901
4903
4906
4918
4933
4933
4945
4946
4946
4972
4978
4983
4986
4992
4992
4994
5001
5003
5004
5007
5011
5015
5021
5040
5042
5043
5043
5048
5048
5049
5053
5054
5056
5056
5069
5076
5079
5082
5085
5085
5093
5096
5098
5101
5109
5111
5112
5114
5118
5120
5127
5128
5131
5135
5138
5138
5138
5138
5139
5148
5149
5153
5155
5165
5167
5178
5183
5186
5188
5189
5192
5199
5201
5206
5213
5220
5222
5222
5222
5222
5223
5225
5231
5231
5237
5237
5237
5241
5244
5249
5258
5261
5265
5267
5268
5268
5269
5277
5280
5288
5291
5291
5302
5304
5311
5316
5321
5322
5325
5330
5335
5337
5337
5345
5345
5347
5347
5354
5358
5359
5363
5365
5382
5383
5384
5384
5405
5408
5409
5412
5424
5425
5433
5433
5435
5445
5451
5461
5461
5463
5463
5470
5493
5504
5507
5509
5519
5525
5525
5533
5536
5542
5542
5544
5553
5565
5568
5570
5577
5582
5585
5587
5604
5605
5605
5608
5609
5616
5617
5620
5623
5624
5629
5630
5631
5631
5632
5634
5636
5645
5649
5655
5657
5666
5680
5704
5715
5722
5730
5731
5738
5741
5747
5748
5750
5759
5769
5770
5771
5774
5776
5779
5786
5789
5791
5795
5799
5808
5808
5809
5837
5840
5840
5845
5858
5864
5865
5874
5879
5882
5888
5901
5901
5904
5905
5918
5924
5934
5939
5943
5949
5950
5955
5956
5959
5960
5960
5961
5963
5963
5963
5967
5970
5971
5971
5973
5973
5995
5996
6002
6006
6008
6013
6015
6016
6024
6025
6026
6027
6039
6040
6041
6041
6046
6049
6052
6055
6057
6058
6065
6068
6082
6085
6090
6091
6092
6095
6113
6115
6118
6151
6151
6159
6161
6168
6179
6187
6187
6192
6195
6206
6207
6209
6222
6223
6235
6235
6238
6238
6240
6244
6248
6251
6258
6258
6258
6263
6266
6271
6272
6273
6276
6290
6299
6300
6304
6309
6310
6313
6316
6319
6320
6322
6322
6330
6332
6334
6335
6339
6347
6349
6349
6351
6356
6374
6380
6382
6383
6383
6384
6388
6389
6403
6407
6416
6422
6427
6430
6436
6441
6442
6455
6457
6464
6465
6465
6481
6484
6486
6494
6497
6498
6500
6505
6505
6505
6510
6512
6513
6513
6520
6531
6533
6541
6542
6545
6546
6547
6552
6555
6559
6559
6565
6565
6567
6568
6571
6581
6584
6586
6588
6590
6597
6598
6609
6610
6614
6624
6631
6632
6633
6633
6635
6645
6650
6656
6664
6669
6673
6678
6684
6691
6692
6693
6701
6702
6718
6718
6724
6727
6730
6741
6746
6746
6747
6749
6751
6751
6752
6765
6765
6768
6780
6781
6784
6787
6797
6804
6808
6811
6813
6819
6821
6825
6831
6834
6836
6842
6843
6844
6848
6850
6850
6852
6853
6855
6862
6865
6867
6867
6874
6875
6875
6879
6885
6890
6896
6899
6899
6900
6904
6911
6912
6919
6920
6921
6929
6930
6935
6937
6938
6953
6954
6960
6964
6965
6967
6967
6969
6971
6974
6977
6977
6980
6984
6985
6986
7003
7014
7021
7029
7030
7039
7045
7055
7058
7064
7066
7068
7069
7075
7076
7092
7094
7114
7119
7119
7125
7127
7129
7129
7132
7135
7138
7138
7139
7140
7149
7154
7161
7166
7169
7173
7177
7180
7180
7182
7185
7185
7187
7196
7201
7201
7207
7210
7211
7212
7212
7214
7217
7218
7226
7240
7243
7247
7256
7260
7262
7264
7268
7274
7283
7284
7285
7289
7289
7289
7294
7296
7297
7300
7302
7304
7307
7313
7320
7327
7329
7331
7336
7340
7341
7343
7357
7361
7362
7363
7364
7365
7386
7388
7390
7391
7395
7407
7407
7408
7414
7415
7417
7427
7428
7430
7438
7438
7445
7450
7451
7451
7453
7453
7453
7454
7467
7470
7470
7471
7485
7488
7495
7500
7501
7505
7508
7511
7525
7528
7531
7533
7542
7552
7554
7555
7558
7563
7564
7565
7567
7581
7584
7584
7591
7591
7610
7612
7615
7618
7620
7624
7625
7626
7629
7631
7637
7639
7644
7645
7649
7655
7662
7662
7672
7676
7683
7687
7689
7700
7703
7703
7705
7708
7712
7717
7718
7724
7726
7727
7742
7742
7742
7751
7757
7775
7779
7780
7784
7785
7785
7793
7798
7806
7806
7807
7807
7811
7816
7819
7822
7824
7826
7827
7831
7832
7833
7833
7836
7840
7843
7844
7847
7852
7858
7861
7862
7862
7864
7864
7867
7867
7871
7872
7873
7874
7881
7885
7888
7888
7896
7896
7896
7898
7901
7913
7915
7919
7919
7925
7929
7930
7930
7931
7938
7939
7941
7944
7950
7951
7951
7958
7961
7970
7974
7975
7979
7990
8005
8006
8007
8009
8010
8013
8018
8019
8029
8029
8038
8048
8056
8063
8069
8073
8074
8077
8077
8078
8078
8089
8090
8090
8093
8096
8097
8099
8100
8106
8111
8125
8128
8130
8132
8134
8134
8136
8137
8137
8144
8147
8150
8152
8159
8163
8170
8174
8178
8189
8191
8196
8205
8206
8225
8227
8230
8231
8232
8243
8244
8248
8251
8252
8257
8257
8261
8262
8263
8267
8267
8270
8271
8275
8275
8278
8284
8285
8289
8292
8307
8313
8322
8331
8335
8340
8342
8343
8347
8348
8349
8358
8368
8374
8382
8395
8399
8401
8402
8406
8412
8415
8416
8417
8418
8431
8433
8434
8436
8437
8452
8452
8455
8459
8460
8463
8473
8480
8481
8483
8483
8483
8486
8491
8497
8500
8501
8505
8505
8506
8509
8515
8521
8523
8530
8531
8532
8533
8534
8539
8540
8541
8545
8555
8557
8564
8564
8569
8571
8575
8582
8589
8598
8599
8611
8614
8616
8618
8620
8630
8635
8640
8643
8644
8646
8650
8659
8659
8662
8677
8677
8680
8682
8684
8685
8710
8718
8719
8724
8725
8727
8728
8731
8731
8733
8740
8746
8750
8757
8765
8766
8787
8792
8806
8808
8813
8815
8819
8823
8831
8832
8833
8834
8834
8835
8838
8839
8842
8847
8861
8864
8864
8866
8869
8870
8872
8873
8876
8877
8878
8881
8881
8886
8888
8893
8899
8899
8900
8914
8915
8918
8919
8921
8922
8923
8925
8928
8929
8935
8935
8937
8940
8943
8945
8954
8955
8961
8975
8975
8976
8978
8979
8979
8980
8985
8986
8986
8987
8998
9015
9016
9017
9022
9027
9037
9039
9041
9049
9053
9054
9055
9056
9056
9069
9084
9084
9097
9098
9098
9104
9107
9107
9109
9116
9122
9123
9128
9145
9152
9156
9161
9162
9173
9174
9174
9179
9179
9189
9196
9198
9204
9208
9211
9218
9218
9219
9221
9224
9233
9238
9239
9239
9240
9242
9244
9251
9252
9260
9263
9265
9265
9275
9280
9291
9299
9299
9303
9304
9305
9306
9308
9308
9310
9317
9320
9321
9325
9329
9331
9332
9333
9338
9343
9343
9346
9347
9347
9347
9351
9356
9356
9365
9368
9372
9381
9383
9387
9389
9389
9397
9402
9402
9409
9411
9413
9413
9416
9423
9423
9423
9433
9440
9447
9455
9469
9469
9485
9485
9487
9493
9494
9498
9502
9510
9510
9512
9513
9516
9520
9522
9524
9525
9534
9538
9543
9546
9546
9547
9548
9549
9550
9557
9564
9565
9570
9573
9577
9579
9580
9586
9592
9598
9599
9600
9600
9602
9603
9603
9604
9609
9614
9620
9621
9623
9624
9642
9643
9648
9655
9656
9662
9666
9673
9675
9682
9685
9686
9692
9693
9697
9704
9706
9706
9714
9722
9722
9729
9732
9733
9733
9737
9739
9746
9746
9747
9747
9755
9760
9765
9768
9772
9779
9784
9786
9788
9793
9794
9795
9803
9803
9810
9815
9836
9840
9846
9852
9854
9881
9885
9891
9892
9892
9897
9912
9915
9917
9923
9928
9930
9932
9935
9939
9943
9947
9951
9953
9964
9972
9972
9973
9976
9993
9993
9998
