Empty
Empty
True
Empty
Empty
False
False
7163 6146
1
False
820
False
False
False
4205 416 863 7397 958
False
9785
False
False
10
4205 416 863 7397 958 2189 1005 1204 3388 204
False
False
11
False
4205 416 863 7397 958 2189 1005 1204 3388 204 2218
11
False
False
12
12
False
4205 416 863 7397 958 2189 1005 1204 3388 204 6960 3658 9531
False
204
3388
False
4205 416 863 7397 958 2189 1005 1204 3388 6913 5454 6608
False
12
4205 416 863 7397 958 2189 1005 1204 3388 6913 5889 1745 3853 2668
4205 416 863 7397 958 2189 1005 1204 3388 6913 5889 1745 3853 2668
False
18
5579
False
3471
False
17
4205 416 863 7397 958 2189 1005 1204 3388 6913 5889 1745 3853 2668 8849 5750 8832
8832
4205 416 863 7397 958 2189 1005 1204 3388 6913 5889 1745 3853 2668 8849 5750 8832
4205 416 863 7397 958 2189 1005 1204 3388 6913 5889 1745 3853 2668 8849 5750 8832
False
18
17
18
18
18
2431
False
4205 416 863 7397 958 2189 1005 1204 3388 6913 5889 1745 3853 2668 8849
False
14
3853
1745
12
12
False
False
9355
9355
False
9355
4205 416 863 7397 958 2189 1005 1204 3388 6913 5889
False
12
3656
False
False
False
13
False
5246
False
14
4414
False
False
1783
4205 416 863 7397 958 2189 1005 1204 3388 6913 5889 4414 4760 1783
14
1899
15
2832
19
20
False
False
8026
False
6880
False
False
False
False
4205 416 863 7397 958 2189 1005 1204 3388 6913 5889 4414 4760 1899 6844 8699 5073 2832 3841 3600 2103
False
3600
False
2626
False
False
False
False
6663
9654
9654
9654
4205 416 863 7397 958 2189 1005 1204 3388 6913 5889 4414 4760 1899 6844 8699 5073 2832 3841 9654
9654
False
False
False
False
False
20
4205 416 863 7397 958 2189 1005 1204 3388 6913 5889 4414 4760 1899 6844 8699 5073 2832 3841 9654
20
False
3836
810
False
False
False
False
2937
20
4205 416 863 7397 958 2189 1005 1204 3388 6913 5889 4414 4760 1899 6844 8699 5073 2832 5185 2937
False
False
False
19
False
4188
6128
6128
False
6128
False
6128
False
21
4044
4044
4205 416 863 7397 958 2189 1005 1204 3388 6913 5889 4414 4760 1899 6844 8699 5073 2832 4827 4188 6128 2332 8833 4044
24
False
False
4205 416 863 7397 958 2189 1005 1204 3388 6913 5889 4414 4760 1899 6844 8699 5073 2832 4827 4188 6128 2332 8833 4044
False
False
4205 416 863 7397 958 2189 1005 1204 3388 6913 5889 4414 4760 1899 6844 8699 5073 2832 4827 4188 6128 2332 8833 4044 7189 1643
False
False
False
1643
False
4205 416 863 7397 958 2189 1005 1204 3388 6913 5889 4414 4760 1899 6844 8699 5073 2832 4827 4188 6128 2332 8833 4044 7189 3159
False
27
211
211
4205 416 863 7397 958 2189 1005 1204 3388 6913 5889 4414 4760 1899 6844 8699 5073 2832 4827 4188 6128 2332 8833 4044 7189 3159 211 3964
28
3538
False
3964
30
False
32
2384
4205 416 863 7397 958 2189 1005 1204 3388 6913 5889 4414 4760 1899 6844 8699 5073 2832 4827 4188 6128 2332 8833 4044 7189 3159 211 3964 6338 8209 2384
30
False
31
3255
4205 416 863 7397 958 2189 1005 1204 3388 6913 5889 4414 4760 1899 6844 8699 5073 2832 4827 4188 6128 2332 8833 4044 7189 3159 211 3964 6338 8209 3255
False
3255
31
8209
4205 416 863 7397 958 2189 1005 1204 3388 6913 5889 4414 4760 1899 6844 8699 5073 2832 4827 4188 6128 2332 8833 4044 7189 3159 211 3964 6338 8209
32
7715
False
34
False
2333
7715
4205 416 863 7397 958 2189 1005 1204 3388 6913 5889 4414 4760 1899 6844 8699 5073 2832 4827 4188 6128 2332 8833 4044 7189 3159 211 3964 6338 8209 4857 2890 7715
False
False
False
33
False
False
False
4205 416 863 7397 958 2189 1005 1204 3388 6913 5889 4414 4760 1899 6844 8699 5073 2832 4827 4188 6128 2332 8833 4044 7189 3159 211 3964 6338 8209 4857 2890 7715
False
33
False
4205 416 863 7397 958 2189 1005 1204 3388 6913 5889 4414 4760 1899 6844 8699 5073 2832 4827 4188 6128 2332 8833 4044 7189 3159 211 3964 6338 8209 4857 2890 7715
8253
False
31
4205 416 863 7397 958 2189 1005 1204 3388 6913 5889 4414 4760 1899 6844 8699 5073 2832 4827 4188 6128 2332 8833 4044 7189 3159 211 3964 6338 8209 4857 5171 8522 5710
False
False
False
4205 416 863 7397 958 2189 1005 1204 3388 6913 5889 4414 4760 1899 6844 8699 5073 2832 4827 4188 6128 2332 8833 4044 7189 3159 211 3964 6338 8209 4449
False
4205 416 863 7397 958 2189 1005 1204 3388 6913 5889 4414 4760 1899 6844 8699 5073 2832 4827 4188 6128 2332 8833 4044 7189 3159 211 3964 6338 8209 4449
False
False
8209
False
4205 416 863 7397 958 2189 1005 1204 3388 6913 5889 4414 4760 1899 6844 8699 5073 2832 4827 4188 6128 2332 8833 4044 7189 3159 211 3964 6338 8209
False
4205 416 863 7397 958 2189 1005 1204 3388 6913 5889 4414 4760 1899 6844 8699 5073 2832 4827 4188 6128 2332 8833 4044 7189 3159 211 3964 6338 8209 5653
5653
False
5653
False
4205 416 863 7397 958 2189 1005 1204 3388 6913 5889 4414 4760 1899 6844 8699 5073 2832 4827 4188 6128 2332 8833 4044 7189 3159 211 3964 6338 8209 6360 7026
False
4205 416 863 7397 958 2189 1005 1204 3388 6913 5889 4414 4760 1899 6844 8699 5073 2832 4827 4188 6128 2332 8833 4044 7189 3159 211 3964 6338 8209 6360
31
False
False
False
False
28
27
4205 416 863 7397 958 2189 1005 1204 3388 6913 5889 4414 4760 1899 6844 8699 5073 2832 4827 4188 6128 2332 8833 4044 7189
False
25
False
4205 416 863 7397 958 2189 1005 1204 3388 6913 5889 4414 4760 1899 6844 8699 5073 2832 4827 4188 6128 2332 8833 4044
4044
4205 416 863 7397 958 2189 1005 1204 3388 6913 5889 4414 4760 1899 6844 8699 5073 2832 4827 4188 6128 2332 8833 4044 2973
False
4205 416 863 7397 958 2189 1005 1204 3388 6913 5889 4414 4760 1899 6844 8699 5073 2832 4827 4188 6128 2332 8833 4044 2973
False
7409
7496
28
False
4205 416 863 7397 958 2189 1005 1204 3388 6913 5889 4414 4760 1899 6844 8699 5073 2832 4827 4188 6128 2332 8833 4044 2973 9039 7409 7496 4112 6969
6969
2069
4205 416 863 7397 958 2189 1005 1204 3388 6913 5889 4414 4760 1899 6844 8699 5073 2832 4827 4188 6128 2332 8833 4044 2973 9039 7409 7496
4205 416 863 7397 958 2189 1005 1204 3388 6913 5889 4414 4760 1899 6844 8699 5073 2832 4827 4188 6128 2332 8833 4044 2973 9039 7409 7496
5741
29
False
7496
False
False
4205 416 863 7397 958 2189 1005 1204 3388 6913 5889 4414 4760 1899 6844 8699 5073 2832 4827 4188 6128 2332 8833 4044 2973 9039
9039
26
9039
4205 416 863 7397 958 2189 1005 1204 3388 6913 5889 4414 4760 1899 6844 8699 5073 2832 4827 4188 6128 2332 8833 4044 2973 9039 5238 6270
False
28
False
False
False
False
False
4205 416 863 7397 958 2189 1005 1204 3388 6913 5889 4414 4760 1899 6844 8699 5073 2832 4827 4188 6128 2332 8833 4044 2973 9039 5238 6270 5187
4205 416 863 7397 958 2189 1005 1204 3388 6913 5889 4414 4760 1899 6844 8699 5073 2832 4827 4188 6128 2332 8833 4044 2973 9039 5238 6270 5187
29
4205 416 863 7397 958 2189 1005 1204 3388 6913 5889 4414 4760 1899 6844 8699 5073 2832 4827 4188 6128 2332 8833 4044 2973 9039 5238 6270 5187 6369
False
4205 416 863 7397 958 2189 1005 1204 3388 6913 5889 4414 4760 1899 6844 8699 5073 2832 4827 4188 6128 2332 8833 4044 2973 9039 5238 6270
28
False
False
4205 416 863 7397 958 2189 1005 1204 3388 6913 5889 4414 4760 1899 6844 8699 5073 2832 4827 4188 6128 2332 8833 4044 2973 9039 5238 6270 3569
False
5469
4205 416 863 7397 958 2189 1005 1204 3388 6913 5889 4414 4760 1899 6844 8699 5073 2832 4827 4188 6128 2332 8833 4044 2973 9039 5238 6270 3569 6332 5469 5446
4205 416 863 7397 958 2189 1005 1204 3388 6913 5889 4414 4760 1899 6844 8699 5073 2832 4827 4188 6128 2332 8833 4044 2973 9039 5238 6270 3569 6332 5469 5446
4205 416 863 7397 958 2189 1005 1204 3388 6913 5889 4414 4760 1899 6844 8699 5073 2832 4827 4188 6128 2332 8833 4044 2973 9039 5238 6270 3569 6332 5469 5446
False
4205 416 863 7397 958 2189 1005 1204 3388 6913 5889 4414 4760 1899 6844 8699 5073 2832 4827 4188 6128 2332 8833 4044 2973 9039 5238 6270 3569 6332
False
6332
4205 416 863 7397 958 2189 1005 1204 3388 6913 5889 4414 4760 1899 6844 8699 5073 2832 4827 4188 6128 2332 8833 4044 2973 9039 5238 6270 3569 3220
2836
30
False
4205 416 863 7397 958 2189 1005 1204 3388 6913 5889 4414 4760 1899 6844 8699 5073 2832 4827 4188 6128 2332 8833 4044 2973 9039 5238 6270 3569 2836
2570
4205 416 863 7397 958 2189 1005 1204 3388 6913 5889 4414 4760 1899 6844 8699 5073 2832 4827 4188 6128 2332 8833 4044 2973 9039 5238 6270 3569 2836
29
False
26
4205 416 863 7397 958 2189 1005 1204 3388 6913 5889 4414 4760 1899 6844 8699 5073 2832 4827 4188 6128 2332 8833 4044 2973 8423 1395
26
False
False
4205 416 863 7397 958 2189 1005 1204 3388 6913 5889 4414 4760 1899 6844 8699 5073 2832 4827 4188 6128 2332 8833 4044 2973
25
False
4205 416 863 7397 958 2189 1005 1204 3388 6913 5889 4414 4760 1899 6844 8699 5073 2832 4827 4188 6128 2332 8833 4044
4205 416 863 7397 958 2189 1005 1204 3388 6913 5889 4414 4760 1899 6844 8699 5073 2832 4827 4188 6128 2332 8833 4044
8833
False
4205 416 863 7397 958 2189 1005 1204 3388 6913 5889 4414 4760 1899 6844 8699 5073 2832 4827 4188 6128 3199
4205 416 863 7397 958 2189 1005 1204 3388 6913 5889 4414 4760 1899 6844 8699 5073 2832 4827 4188 6128 3199
False
7602
False
False
False
False
8562
False
False
False
19
4827
False
False
False
19
False
False
21
4205 416 863 7397 958 2189 1005 1204 3388 6913 5889 4414 4760 1899 6844 8699 5073 2832 4827 5457 8616
False
False
21
False
4205 416 863 7397 958 2189 1005 1204 3388 6913 5889 4414 4760 1899 6844 8699 5073 2832 4827 5457 8616
False
False
4205 416 863 7397 958 2189 1005 1204 3388 6913 5889 4414 4760 1899 6844 8699 5073 2832 4827 5457 8616 5854
23
4205 416 863 7397 958 2189 1005 1204 3388 6913 5889 4414 4760 1899 6844 8699 5073 2832 4827 5457 8616 5854 7288
7288
7288
23
23
4205 416 863 7397 958 2189 1005 1204 3388 6913 5889 4414 4760 1899 6844 8699 5073 2832 4827 5457 8616 5854
False
22
False
21
False
22
False
22
False
5457
False
5259
4827
False
False
4205 416 863 7397 958 2189 1005 1204 3388 6913 5889 4414 4760 1899 6844 8699 5073
4205 416 863 7397 958 2189 1005 1204 3388 6913 5889 4414 4760 1899 6844 8699 5073
False
False
17
False
15
4205 416 863 7397 958 2189 1005 1204 3388 6913 5889 4414 4760 1899
False
False
5889
5889
11
5889
False
4205 416 863 7397 958 2189 1005 1204 3388 6913
False
6913
False
8
False
5
4205 416 863 7397 958
4205 416 863 7397 958
False
4205
False

Empty
Empty
Empty
1
5271 2368 4183
False
False
3
False
5271 5516
False
2
False
False
5271 5516
5271 5516 6394
5271 5516 6394
5271 5516 6394
False
6394
False
5271 5516 6394 3902
False
False
455
5271 5516 6394 3902 2797 9440 9182 455
8
False
3902
2688
False
False
5271 5516 6394 3902 2688
4
False
False
2
False
False
5271 3557
False
False
8
False
False
8
8
False
False
1299
False
False
5271 3557 7463 3878 7292 1299
5271 3557 7463 3878 7292 1299
False
False
1299
1299
False
5
False
4269
8
8
5
5
5
7292
False
5271 3557 7463 3878 7292
5271 3557 7463 3878
False
False
5
7275
5271 3557 137 3918 7275
5271 3557 137 3918 7275
4
False
False
False
5271 3557 137 8890
False
False
137
2
False
Empty
0
9006
False
Empty
Empty
0
False
False
4428 5322
3
8083
3
3
2
5322
4428 5322
2276
4428 5322 7148 2276
False
False
4428 5322 7148 2276
False
False
5
5
False
3098
4428 5322 7148 2276 3098 4996
False
10
False
False
False
5213
False
False
9769
False
False
2720
4428 5322 7148 2276 3098 4996 2231 2720 7198 4719
9
False
4428 5322 7148 2276 3098 4996 2231 2720 7198 7958 2752
False
4428 5322 7148 2276 3098 4996 2231 2720 7198 9853 8983
False
336
4428 5322 7148 2276 3098 4996 2231 2720 7198 9853 8983 8790 336 735
735
735
False
14
7223
4428 5322 7148 2276 3098 4996 2231 2720 7198 9853 8983 8790 336 735 7223
4428 5322 7148 2276 3098 4996 2231 2720 7198 9853 8983 8790 336 735 7223 8784
False
1800
False
18
False
8476
False
4428 5322 7148 2276 3098 4996 2231 2720 7198 9853 8983 8790 336 735 7223 8784 3870 1073 8476
20
False
4428 5322 7148 2276 3098 4996 2231 2720 7198 9853 8983 8790 336 735 7223 8784 3870 1073 6376
6376
False
False
18
4428 5322 7148 2276 3098 4996 2231 2720 7198 9853 8983 8790 336 735 7223 8784 3870 1073
False
False
False
5774
4428 5322 7148 2276 3098 4996 2231 2720 7198 9853 8983 8790 336 735 7223 8784
False
4428 5322 7148 2276 3098 4996 2231 2720 7198 9853 8983 8790 336 735 7223 8784 5711 4137
18
False
19
False
18
9693
4428 5322 7148 2276 3098 4996 2231 2720 7198 9853 8983 8790 336 735 7223 8784 5711 9693
9693
4428 5322 7148 2276 3098 4996 2231 2720 7198 9853 8983 8790 336 735 7223 8784 5711
False
4428 5322 7148 2276 3098 4996 2231 2720 7198 9853 8983 8790 336 735 7223 8784 5711
4428 5322 7148 2276 3098 4996 2231 2720 7198 9853 8983 8790 336 735 7223 8784
False
False
17
4428 5322 7148 2276 3098 4996 2231 2720 7198 9853 8983 8790 336 735 7223 8784 2470 3899
3899
False
False
2470
5321
False
False
5325
5325
17
4428 5322 7148 2276 3098 4996 2231 2720 7198 9853 8983 8790 336 735 7223 5325
False
5325
5325
4428 5322 7148 2276 3098 4996 2231 2720 7198 9853 8983 8790 336 735 7223 5325 512
4428 5322 7148 2276 3098 4996 2231 2720 7198 9853 8983 8790 336 735 7223 5325 512
16
4428 5322 7148 2276 3098 4996 2231 2720 7198 9853 8983 8790 336 735 7223 5325
4739
4739
17
1012
False
4428 5322 7148 2276 3098 4996 2231 2720 7198 9853 8983 8790 336 735 7223 5325 4739 432
19
False
False
8641
4428 5322 7148 2276 3098 4996 2231 2720 7198 9853 8983 8790 336 735 7223 5325 4739 432 9911
False
False
19
False
False
False
False
False
2995
4428 5322 7148 2276 3098 4996 2231 2720 7198 9853 8983 8790 336 735 7223 5325 4739 432 9911 5484 8470 8217 2995 788
False
False
2995
False
False
False
False
False
False
False
False
9997
4428 5322 7148 2276 3098 4996 2231 2720 7198 9853 8983 8790 336 735 7223 5325 4739 432 9911 5484 8470 8217 2995 5943 4277 9656 4556 8463 9997
False
9997
False
False
False
4796
4796
4796
False
False
4428 5322 7148 2276 3098 4996 2231 2720 7198 9853 8983 8790 336 735 7223 5325 4739 432 9911 5484 8470 8217 2995 5943 4277 9656 4556 8463 4796
29
False
False
8463
4428 5322 7148 2276 3098 4996 2231 2720 7198 9853 8983 8790 336 735 7223 5325 4739 432 9911 5484 8470 8217 2995 5943 4277 9656
28
9656
1781
False
27
False
4428 5322 7148 2276 3098 4996 2231 2720 7198 9853 8983 8790 336 735 7223 5325 4739 432 9911 5484 8470 8217 2995 5943 4277 9656 1781
4428 5322 7148 2276 3098 4996 2231 2720 7198 9853 8983 8790 336 735 7223 5325 4739 432 9911 5484 8470 8217 2995 5943 4277 9656 1227
False
False
4428 5322 7148 2276 3098 4996 2231 2720 7198 9853 8983 8790 336 735 7223 5325 4739 432 9911 5484 8470 8217 2995 5943 4277 9656 3689
9656
False
4428 5322 7148 2276 3098 4996 2231 2720 7198 9853 8983 8790 336 735 7223 5325 4739 432 9911 5484 8470 8217 2995 5943 4277 9656 4977
4318
False
26
24
8217
4428 5322 7148 2276 3098 4996 2231 2720 7198 9853 8983 8790 336 735 7223 5325 4739 432 9911 5484 8470 8217 8203
False
False
8203
8203
False
False
False
2549
27
4428 5322 7148 2276 3098 4996 2231 2720 7198 9853 8983 8790 336 735 7223 5325 4739 432 9911 5484 8470 8217 8203 5855 356
356
False
False
23
4428 5322 7148 2276 3098 4996 2231 2720 7198 9853 8983 8790 336 735 7223 5325 4739 432 9911 5484 8470 8217 8203
616
4215
False
False
False
4428 5322 7148 2276 3098 4996 2231 2720 7198 9853 8983 8790 336 735 7223 5325 4739 432 9911 5484 8470 8217 8203
4428 5322 7148 2276 3098 4996 2231 2720 7198 9853 8983 8790 336 735 7223 5325 4739 432 9911 5484 8470 8217 8203
4428 5322 7148 2276 3098 4996 2231 2720 7198 9853 8983 8790 336 735 7223 5325 4739 432 9911 5484 8470 8217
22
4428 5322 7148 2276 3098 4996 2231 2720 7198 9853 8983 8790 336 735 7223 5325 4739 432 9911 5484 8470
22
False
False
4428 5322 7148 2276 3098 4996 2231 2720 7198 9853 8983 8790 336 735 7223 5325 4739 432 9911 5484 8470 7955
4428 5322 7148 2276 3098 4996 2231 2720 7198 9853 8983 8790 336 735 7223 5325 4739 432 9911 5484 8470
2768
False
5484
20
6467
22
6467
False
False
False
4428 5322 7148 2276 3098 4996 2231 2720 7198 9853 8983 8790 336 735 7223 5325 4739 432
False
1784
4428 5322 7148 2276 3098 4996 2231 2720 7198 9853 8983 8790 336 735 7223 5325 4739 432 1784 352
352
20
8170
False
21
21
4428 5322 7148 2276 3098 4996 2231 2720 7198 9853 8983 8790 336 735 7223 5325 4739 432 1784 352 8170
352
False
352
4169
19
False
20
False
18
4428 5322 7148 2276 3098 4996 2231 2720 7198 9853 8983 8790 336 735 7223 5325 4739 432
False
4428 5322 7148 2276 3098 4996 2231 2720 7198 9853 8983 8790 336 735 7223 5325 4739 432 369
19
False
4428 5322 7148 2276 3098 4996 2231 2720 7198 9853 8983 8790 336 735 7223 5325 4739 432 369
False
4428 5322 7148 2276 3098 4996 2231 2720 7198 9853 8983 8790 336 735 7223 5325 4739 432
18
4428 5322 7148 2276 3098 4996 2231 2720 7198 9853 8983 8790 336 735 7223 5325 4739 432
False
4428 5322 7148 2276 3098 4996 2231 2720 7198 9853 8983 8790 336 735 7223 5325 4739 432
4562
4428 5322 7148 2276 3098 4996 2231 2720 7198 9853 8983 8790 336 735 7223 5325 4739 432 4562
20
False
False
22
21
False
19
250
20
6111
4428 5322 7148 2276 3098 4996 2231 2720 7198 9853 8983 8790 336 735 7223 5325 4739 432 5960
False
False
False
False
5647
5647
5647
False
5647
5552
4428 5322 7148 2276 3098 4996 2231 2720 7198 9853 8983 8790 336 735 7223 5325 4739 432 5960 5552
4428 5322 7148 2276 3098 4996 2231 2720 7198 9853 8983 8790 336 735 7223 5325 4739 432 5960 5552
False
False
4428 5322 7148 2276 3098 4996 2231 2720 7198 9853 8983 8790 336 735 7223 5325 4739 432 5960 5552 4322 1418 1596 9634
False
24
9634
False
False
False
4428 5322 7148 2276 3098 4996 2231 2720 7198 9853 8983 8790 336 735 7223 5325 4739 432 5960 5552 4322 1418 1596 9634 9313
26
8465
False
1053
False
29
False
6758
False
4428 5322 7148 2276 3098 4996 2231 2720 7198 9853 8983 8790 336 735 7223 5325 4739 432 5960 5552 4322 1418 1596 9634 9313
25
26
4428 5322 7148 2276 3098 4996 2231 2720 7198 9853 8983 8790 336 735 7223 5325 4739 432 5960 5552 4322 1418 1596 9634 9313
9313
3522
25
4428 5322 7148 2276 3098 4996 2231 2720 7198 9853 8983 8790 336 735 7223 5325 4739 432 5960 5552 4322 1418
1418
4428 5322 7148 2276 3098 4996 2231 2720 7198 9853 8983 8790 336 735 7223 5325 4739 432 5960 5552 4322 3796
20
3947
False
20
False
False
False
False
432
4428 5322 7148 2276 3098 4996 2231 2720 7198 9853 8983 8790 336 735 7223 5325 4739 432
False
False
False
False
4428 5322 7148 2276 3098 4996 2231 2720 7198 9853 8983 8790 336 735 7223
7223
4428 5322 7148 2276 3098 4996 2231 2720 7198 9853 8983 8790 336 735 7223
4428 5322 7148 2276 3098 4996 2231 2720 7198 9853 8983 8790 336 735 7223 5689
False
16
False
3928
False
18
False
4428 5322 7148 2276 3098 4996 2231 2720 7198 9853 8983 8790 336 735 7223 5689 7151 5260 751
19
751
False
751
4428 5322 7148 2276 3098 4996 2231 2720 7198 9853 8983 8790 336 735 7223 5689 7151 5260 751
False
False
4428 5322 7148 2276 3098 4996 2231 2720 7198 9853 8983 8790 336 735 7223 5689 7151 9520
7003
9520
False
False
4428 5322 7148 2276 3098 4996 2231 2720 7198 9853 8983 8790 336 735 7223 5689 7151 5658
5658
4428 5322 7148 2276 3098 4996 2231 2720 7198 9853 8983 8790 336 735 7223 5689 7151 5658
4428 5322 7148 2276 3098 4996 2231 2720 7198 9853 8983 8790 336 735 7223 5689 7151 5658 4565
9784
False
4428 5322 7148 2276 3098 4996 2231 2720 7198 9853 8983 8790 336 735 7223 5689 7151 5658 9784
False
False
7151
False
16
False
False
False
False
False
False
False
False
False
False
18
6810
False
6810
False
17
4428 5322 7148 2276 3098 4996 2231 2720 7198 9853 8983 8790 336 6366 3303 4964 6810
17
4428 5322 7148 2276 3098 4996 2231 2720 7198 9853 8983 8790 336 6366 3303 4964
False
False
18
False
False
False
7894
False
False
False
False
336
336
4428 5322 7148 2276 3098 4996 2231 2720 7198 9853 8983 8790 336
4428 5322 7148 2276 3098 4996 2231 2720 7198 9853 8983 8790 336
False
4428 5322 7148 2276 3098 4996 2231 2720 7198 9853 8983 8790 336
13
4428 5322 7148 2276 3098 4996 2231 2720 7198 9853 8983 8790 336
False
False
False
False
8511
6213
False
4428 5322 7148 2276 3098 4996 2231 2720 7198 9853 8983 8790 888 4660 402 9142 8511
4428 5322 7148 2276 3098 4996 2231 2720 7198 9853 8983 8790 888 4660 402 9142 8511 8033
4428 5322 7148 2276 3098 4996 2231 2720 7198 9853 8983 8790 888 4660 402 9142 8511 8033
False
19
False
4428 5322 7148 2276 3098 4996 2231 2720 7198 9853 8983 8790 888 4660 402 9142 8511 8033
17
4428 5322 7148 2276 3098 4996 2231 2720 7198 9853 8983 8790 888 4660 402 9142
9142
4428 5322 7148 2276 3098 4996 2231 2720 7198 9853 8983 8790 888 4660 402 9142
9142
4428 5322 7148 2276 3098 4996 2231 2720 7198 9853 8983 8790 888 4660 402 9142
False
18
3106
False
False
14
4428 5322 7148 2276 3098 4996 2231 2720 7198 9853 8983 8790 888 4660
False
False
12
False
False
12
13
False
False
False
8983
11
11
9853
11
False
False
9
False
2231
7155
False
False
7155
False
1990
4428 5322 7148 2276 3098 4996 2231 7155 1990 1680
1680
False
1680
10
False
False
7155
False
4428 5322 7148 2276 3098 4996
6
4428 5322 7148 2276 3098 4996 8229 9960
False
9960
4428 5322 7148 2276 3098 4996 8229 9960
482
8229
2815
False
False
False
7
False
4428 5322 8099 2815 7408 8125 1342 3537 2628
4428 5322 8099 2815 7408 8125 1342 3537 2628 8022
4428 5322 8099 2815 7408 8125 1342 3537 2628
4428 5322 8099 2815 7408 8125 1342 3537 2628
False
False
False
False
False
9
4428 5322 8099 2815 7408 8125 1342 3537
2700
False
10
10
9
4428 5322 8099 2815 7408 8125 1342 3537
4428 5322 8099 2815 7408 8125 1342 3537
False
False
10
False
4428 5322 8099 2815 7408 8125 1342 3537 4248 9245 3831 6158 6051 6168
13
False
False
False
False
7615
6158
False
6158
False
False
False
False
False
11
4428 5322 8099 2815 7408 8125 1342 3537 4248
False
False
2686
2686
False
4428 5322 8099 2815 7408 8125 1342 3537 4248 9695 9330 2686
False
False
False
4428 5322 8099 2815 7408 8125 1342 3537 4248 9695 9330 4375 7082
7082
False
False
11
False
12
False
4428 5322 8099 2815 7408 8125 1342 3537 4248 9695 9330 742
12
4428 5322 8099 2815 7408 8125 1342 3537 4248 9695 9330 742 4578
False
4428 5322 8099 2815 7408 8125 1342 3537 4248 9695 9330 742 4578
4428 5322 8099 2815 7408 8125 1342 3537 4248 9695 9330 742 4578
13
12
12
11
9330
False
4428 5322 8099 2815 7408 8125 1342 3537 5501
6
9469
4428 5322 8099 2815 7408 9469
9469
False
6
False
6
9469
4428 5322 8099 2815 7408 9469
False
False
8
False
False
False
6
4428 5322 8099 2815 7408 9469
False
4428 5322 8099 2815 7408 9469
4428 5322 8099 2815 7408 9469
3873
4428 5322 8099 2815 7408 9469
5
4428 5322 8099 2815 7408
4428 5322 8099 2815
4
False
5322
4428
False
2
4428 2447
False
False
2
False
4428 2447 7976 5987
4
4
False
4428 2447 7976 4689 2598 7002
False
5
5
4
False
False
4428 2447 7976 4689 7542 6384 2939 6976 2472
10
False
10
4428 2447 7976 4689 7542 6384 2939 1927 4704 8002
1509
1509
1509
False
False
3558
False
False
False
4428 2447 7976 4689 7542 6384 2939 1927 4704 8002 1509 5964 3558
15
12
13
False
False
13
False
5395
5395
2412
14
14
4428 2447 7976 4689 7542 6384 2939 1927 4704 8002 1509 5395 2412 3275
False
2412
4428 2447 7976 4689 7542 6384 2939 1927 4704 8002 1509 5395
False
207
207
14
False
False
False
False
2799
14
13
False
5395
13
6814
6814
False
False
False
False
False
False
4428 2447 7976 4689 7542 6384 2939 1927 4704 8002 1509
11
1509
4428 2447 7976 4689 7542 6384 2939 1927 4704 8002 1509
4428 2447 7976 4689 7542 6384 2939 1927 4704 8002 1509 6785 5643
15
2426
15
False
15
6688
False
False
17
False
4428 2447 7976 4689 7542 6384 2939 1927 4704 8002 1509 6785 5643 1459 2426 6688 1956
17
False
False
17
False
False
18
False
19
4428 2447 7976 4689 7542 6384 2939 1927 4704 8002 1509 6785 5643 1459 2426 6688 1956 9768 5585
False
False
False
17
4428 2447 7976 4689 7542 6384 2939 1927 4704 8002 1509 6785 5643 1459 2426 6688 1956 4165 4154
19
5676
5676
4428 2447 7976 4689 7542 6384 2939 1927 4704 8002 1509 6785 5643 1459 2426 6688 1956 4165 4154
False
4428 2447 7976 4689 7542 6384 2939 1927 4704 8002 1509 6785 5643 1459 2426 6688 1956 4165
20
19
False
False
4428 2447 7976 4689 7542 6384 2939 1927 4704 8002 1509 6785 5643 1459 2426 6688 1956
False
17
1956
17
False
2426
False
1459
4428 2447 7976 4689 7542 6384 2939 1927 4704 8002 1509 6785 5643 1459
14
4409
17
6896
4938
False
17
4938
17
7661
False
4428 2447 7976 4689 7542 6384 2939 1927 4704 8002 1509 6785 5643 1459 8417
16
False
False
21
4428 2447 7976 4689 7542 6384 2939 1927 4704 8002 1509 6785 5643 1459 8417 7117 7414 5605 8304 3350
False
2328
4428 2447 7976 4689 7542 6384 2939 1927 4704 8002 1509 6785 5643 1459 8417 7117 7414 5605 8304 3350 7951 4995 2328
4428 2447 7976 4689 7542 6384 2939 1927 4704 8002 1509 6785 5643 1459 8417 7117 7414 5605 8304 3350 7951 4995 2328
23
4428 2447 7976 4689 7542 6384 2939 1927 4704 8002 1509 6785 5643 1459 8417 7117 7414 5605 8304 3350 7951 4995 2328
False
False
False
False
False
6356
6356
4428 2447 7976 4689 7542 6384 2939 1927 4704 8002 1509 6785 5643 1459 8417 7117 6356 9919 901 4738
6338
6338
4428 2447 7976 4689 7542 6384 2939 1927 4704 8002 1509 6785 5643 1459 8417 7117 6356 9919 901
4428 2447 7976 4689 7542 6384 2939 1927 4704 8002 1509 6785 5643 1459 8417 7117 6356 9919 901 857
False
4428 2447 7976 4689 7542 6384 2939 1927 4704 8002 1509 6785 5643 1459 8417 7117 6356 9919 901
19
901
False
4428 2447 7976 4689 7542 6384 2939 1927 4704 8002 1509 6785 5643 1459 8417 7117
4428 2447 7976 4689 7542 6384 2939 1927 4704 8002 1509 6785 5643 1459 8417 7117
False
False
False
False
15
4428 2447 7976 4689 7542 6384 2939 1927 4704 8002 1509 6785 5643 1459 8417
False
False
4428 2447 7976 4689 7542 6384 2939 1927 4704 8002 1509 6785 5643 1459 9111 7492
False
False
15
False
4428 2447 7976 4689 7542 6384 2939 1927 4704 8002 1509 6785 5643 1459
14
4428 2447 7976 4689 7542 6384 2939 1927 4704 8002 1509 6785
False
11
False
10
8002
False
8002
10
False
11
11
False
1878
False
False
13
13
False
False
1316
False
4428 2447 7976 4689 7542 6384 2939 1927 4704 8002 1573 6988
6
7882
False
False
False
4087
9
False
2051
4428 2447 7976 4689 7542 5392 2051
False
1669
8
8
False
False
12
408
False
12
11
False
4073
12
13
False
False
False
False
12
False
False
False
16
False
16
4428 2447 7976 4689 7542 5392 2051 1669 7283 1593 3601 1723 1909 8021 2684 6410 4811
False
4811
17
18
4811
False
4428 2447 7976 4689 7542 5392 2051 1669 7283 1593 3601 1723 1909 8021 2684 6410 4811 9467
4428 2447 7976 4689 7542 5392 2051 1669 7283 1593 3601 1723 1909 8021 2684 6410 4811 9467
18
2986
False
7055
False
20
4428 2447 7976 4689 7542 5392 2051 1669 7283 1593 3601 1723 1909 8021 2684 6410 4811 7055 1815 2904
2904
False
7407
18
False
20
251
251
False
False
2286
4682
19
3470
7903
4428 2447 7976 4689 7542 5392 2051 1669 7283 1593 3601 1723 1909 8021 2684 6410 4811 7055 3470 9
7186
8080
False
9636
False
23
False
False
24
24
False
False
4428 2447 7976 4689 7542 5392 2051 1669 7283 1593 3601 1723 1909 8021 2684 6410 4811 7055
4428 2447 7976 4689 7542 5392 2051 1669 7283 1593 3601 1723 1909 8021 2684 6410 4811 7055
False
582
4428 2447 7976 4689 7542 5392 2051 1669 7283 1593 3601 1723 1909 8021 2684 6410 4811 7055 8089 582
4428 2447 7976 4689 7542 5392 2051 1669 7283 1593 3601 1723 1909 8021 2684 6410 4811 7055 8089 582 2054 697 6254
4428 2447 7976 4689 7542 5392 2051 1669 7283 1593 3601 1723 1909 8021 2684 6410 4811 7055 8089 582 2054 697 6254
4428 2447 7976 4689 7542 5392 2051 1669 7283 1593 3601 1723 1909 8021 2684 6410 4811 7055 8089 582 2054 697 6254 51
4628
26
4279
False
False
False
4428 2447 7976 4689 7542 5392 2051 1669 7283 1593 3601 1723 1909 8021 2684 6410 4811 7055 8089 582 2054 697 6254 51 9275 7753 4279
27
False
4428 2447 7976 4689 7542 5392 2051 1669 7283 1593 3601 1723 1909 8021 2684 6410 4811 7055 8089 582 2054 697 6254 51 9275 7753
7753
False
4428 2447 7976 4689 7542 5392 2051 1669 7283 1593 3601 1723 1909 8021 2684 6410 4811 7055 8089 582 2054 697 6254 51 9275 7753
26
False
7753
26
False
False
False
3859
False
3859
4428 2447 7976 4689 7542 5392 2051 1669 7283 1593 3601 1723 1909 8021 2684 6410 4811 7055 8089 582 2054 697 6254 243 3834 4387 7008
4428 2447 7976 4689 7542 5392 2051 1669 7283 1593 3601 1723 1909 8021 2684 6410 4811 7055 8089 582 2054 697 6254 243 3834 4387 7008
7008
False
4428 2447 7976 4689 7542 5392 2051 1669 7283 1593 3601 1723 1909 8021 2684 6410 4811 7055 8089 582 2054 697 6254 243 3834 4387 7008
False
25
3834
False
False
24
23
False
4428 2447 7976 4689 7542 5392 2051 1669 7283 1593 3601 1723 1909 8021 2684 6410 4811 7055 8089 582 2054 697 6254
4428 2447 7976 4689 7542 5392 2051 1669 7283 1593 3601 1723 1909 8021 2684 6410 4811 7055 8089 582 2054 697 6254 8155
2195
2195
6988
False
False
4428 2447 7976 4689 7542 5392 2051 1669 7283 1593 3601 1723 1909 8021 2684 6410 4811 7055 8089 582 2054 697 6254 8155 5660 5114 2195 6988 6130
2076
4428 2447 7976 4689 7542 5392 2051 1669 7283 1593 3601 1723 1909 8021 2684 6410 4811 7055 8089 582 2054 697 6254 8155 5660 5114 2195 6988 6130 2076 6480
9392
False
9392
4428 2447 7976 4689 7542 5392 2051 1669 7283 1593 3601 1723 1909 8021 2684 6410 4811 7055 8089 582 2054 697 6254 8155 5660 5114 2195 6988 6130 2076 6480 3483 9392
False
32
False
False
32
32
False
4428 2447 7976 4689 7542 5392 2051 1669 7283 1593 3601 1723 1909 8021 2684 6410 4811 7055 8089 582 2054 697 6254 8155 5660 5114 2195 6988 6130 2076 6480 3483
4428 2447 7976 4689 7542 5392 2051 1669 7283 1593 3601 1723 1909 8021 2684 6410 4811 7055 8089 582 2054 697 6254 8155 5660 5114 2195 6988 6130 2076 6480 3483 8112 1575
False
False
4538
37
4428 2447 7976 4689 7542 5392 2051 1669 7283 1593 3601 1723 1909 8021 2684 6410 4811 7055 8089 582 2054 697 6254 8155 5660 5114 2195 6988 6130 2076 6480 3483 8112 8831 8794 2513 4538 9358 272 2685
41
4428 2447 7976 4689 7542 5392 2051 1669 7283 1593 3601 1723 1909 8021 2684 6410 4811 7055 8089 582 2054 697 6254 8155 5660 5114 2195 6988 6130 2076 6480 3483 8112 8831 8794 2513 4538 9358 272 2685 993
41
4428 2447 7976 4689 7542 5392 2051 1669 7283 1593 3601 1723 1909 8021 2684 6410 4811 7055 8089 582 2054 697 6254 8155 5660 5114 2195 6988 6130 2076 6480 3483 8112 8831 8794
34
False
8831
922
False
36
36
False
False
False
False
4428 2447 7976 4689 7542 5392 2051 1669 7283 1593 3601 1723 1909 8021 2684 6410 4811 7055 8089 582 2054 697 6254 8155 5660 5114 2195 6988 6130 2076 6480 3483 8112 8831 6597 1788 4721 6766 8966 782 5403
8966
4428 2447 7976 4689 7542 5392 2051 1669 7283 1593 3601 1723 1909 8021 2684 6410 4811 7055 8089 582 2054 697 6254 8155 5660 5114 2195 6988 6130 2076 6480 3483 8112 8831 6597 1788 4721 6766
38
4428 2447 7976 4689 7542 5392 2051 1669 7283 1593 3601 1723 1909 8021 2684 6410 4811 7055 8089 582 2054 697 6254 8155 5660 5114 2195 6988 6130 2076 6480 3483 8112 8831 6597 1788 4721 9930
4428 2447 7976 4689 7542 5392 2051 1669 7283 1593 3601 1723 1909 8021 2684 6410 4811 7055 8089 582 2054 697 6254 8155 5660 5114 2195 6988 6130 2076 6480 3483 8112 8831 6597 1788 4721 9930
4428 2447 7976 4689 7542 5392 2051 1669 7283 1593 3601 1723 1909 8021 2684 6410 4811 7055 8089 582 2054 697 6254 8155 5660 5114 2195 6988 6130 2076 6480 3483 8112 8831 6597 1788 8699
False
4428 2447 7976 4689 7542 5392 2051 1669 7283 1593 3601 1723 1909 8021 2684 6410 4811 7055 8089 582 2054 697 6254 8155 5660 5114 2195 6988 6130 2076 6480 3483 8112 8831 6597 1788
False
4428 2447 7976 4689 7542 5392 2051 1669 7283 1593 3601 1723 1909 8021 2684 6410 4811 7055 8089 582 2054 697 6254 8155 5660 5114 2195 6988 6130 2076 6480 3483 8112 8831 6597 1788 9609
False
6597
36
34
34
8831
4428 2447 7976 4689 7542 5392 2051 1669 7283 1593 3601 1723 1909 8021 2684 6410 4811 7055 8089 582 2054 697 6254 8155 5660 5114 2195 6988 6130 2076 6480 3483 8112 8831
False
False
False
False
31
False
False
8646
8551
4428 2447 7976 4689 7542 5392 2051 1669 7283 1593 3601 1723 1909 8021 2684 6410 4811 7055 8089 582 2054 697 6254 8155 5660 5114 2195 8551
30
False
False
False
False
27
27
1810
2195
2195
5114
4428 2447 7976 4689 7542 5392 2051 1669 7283 1593 3601 1723 1909 8021 2684 6410 4811 7055 8089 582 2054 697 6254 8155 5660 5114
5275
False
False
False
4428 2447 7976 4689 7542 5392 2051 1669 7283 1593 3601 1723 1909 8021 2684 6410 4811 7055 8089 582 2054 697 6254 8155 5660
4428 2447 7976 4689 7542 5392 2051 1669 7283 1593 3601 1723 1909 8021 2684 6410 4811 7055 8089 582 2054 697 6254 8155 5660
5660
25
4428 2447 7976 4689 7542 5392 2051 1669 7283 1593 3601 1723 1909 8021 2684 6410 4811 7055 8089 582 2054 697 6254 8155 5660
24
8155
False
25
False
False
False
8990
25
25
1241
False
4428 2447 7976 4689 7542 5392 2051 1669 7283 1593 3601 1723 1909 8021 2684 6410 4811 7055 8089 582 2054 697 6254 8155 1241
False
55
9088
9088
False
False
7663
False
4428 2447 7976 4689 7542 5392 2051 1669 7283 1593 3601 1723 1909 8021 2684 6410 4811 7055 8089 582 2054 697 6254 8155
4428 2447 7976 4689 7542 5392 2051 1669 7283 1593 3601 1723 1909 8021 2684 6410 4811 7055 8089 582 2054 697 6254 8155
False
4428 2447 7976 4689 7542 5392 2051 1669 7283 1593 3601 1723 1909 8021 2684 6410 4811 7055 8089 582 2054 697 6254 673
23
21
21
False
4428 2447 7976 4689 7542 5392 2051 1669 7283 1593 3601 1723 1909 8021 2684 6410 4811 7055 8089 582 2054 3104 5524
False
False
4428 2447 7976 4689 7542 5392 2051 1669 7283 1593 3601 1723 1909 8021 2684 6410 4811 7055 8089 582 2054 3104 4840
4840
4428 2447 7976 4689 7542 5392 2051 1669 7283 1593 3601 1723 1909 8021 2684 6410 4811 7055 8089 582 2054 3104
4428 2447 7976 4689 7542 5392 2051 1669 7283 1593 3601 1723 1909 8021 2684 6410 4811 7055 8089 582 2054 3104 355
355
False
False
4428 2447 7976 4689 7542 5392 2051 1669 7283 1593 3601 1723 1909 8021 2684 6410 4811 7055 8089 582 2054 3104
4428 2447 7976 4689 7542 5392 2051 1669 7283 1593 3601 1723 1909 8021 2684 6410 4811 7055 8089 582 2054 3104
23
4428 2447 7976 4689 7542 5392 2051 1669 7283 1593 3601 1723 1909 8021 2684 6410 4811 7055 8089 582 2054 3104 3913 8696
4428 2447 7976 4689 7542 5392 2051 1669 7283 1593 3601 1723 1909 8021 2684 6410 4811 7055 8089 582 2054 3104 3913 8696 725 8353 4219
26
False
4428 2447 7976 4689 7542 5392 2051 1669 7283 1593 3601 1723 1909 8021 2684 6410 4811 7055 8089 582 2054 3104 3913 8696 725 8353
8353
False
False
4428 2447 7976 4689 7542 5392 2051 1669 7283 1593 3601 1723 1909 8021 2684 6410 4811 7055 8089 582 2054 3104 3913 8696 725
4428 2447 7976 4689 7542 5392 2051 1669 7283 1593 3601 1723 1909 8021 2684 6410 4811 7055 8089 582 2054 3104 3913 8696 725 8106 9420
27
False
4668
4428 2447 7976 4689 7542 5392 2051 1669 7283 1593 3601 1723 1909 8021 2684 6410 4811 7055 8089 582 2054 3104 3913 8696 725 8106 9420 4668 1137
False
7530
7530
30
31
31
False
4428 2447 7976 4689 7542 5392 2051 1669 7283 1593 3601 1723 1909 8021 2684 6410 4811 7055 8089 582 2054 3104 3913 8696 725 8106 9420 4668 1137 7530 8613
False
32
False
False
33
4428 2447 7976 4689 7542 5392 2051 1669 7283 1593 3601 1723 1909 8021 2684 6410 4811 7055 8089 582 2054 3104 3913 8696 725 8106 9420 4668 1137 7530 8613 4021 9422
False
False
3708
4428 2447 7976 4689 7542 5392 2051 1669 7283 1593 3601 1723 1909 8021 2684 6410 4811 7055 8089 582 2054 3104 3913 8696 725 8106 9420 4668 1137 7530 8613 4021 3708
False
4428 2447 7976 4689 7542 5392 2051 1669 7283 1593 3601 1723 1909 8021 2684 6410 4811 7055 8089 582 2054 3104 3913 8696 725 8106 9420 4668 1137 7530 8613 4021
4428 2447 7976 4689 7542 5392 2051 1669 7283 1593 3601 1723 1909 8021 2684 6410 4811 7055 8089 582 2054 3104 3913 8696 725 8106 9420 4668 1137 7530 8613 4021
False
32
32
False
False
31
4428 2447 7976 4689 7542 5392 2051 1669 7283 1593 3601 1723 1909 8021 2684 6410 4811 7055 8089 582 2054 3104 3913 8696 725 8106 9420 4668 1137 6689 5767 8985
32
32
4428 2447 7976 4689 7542 5392 2051 1669 7283 1593 3601 1723 1909 8021 2684 6410 4811 7055 8089 582 2054 3104 3913 8696 725 8106 9420 4668 1137 6689 5767
1137
False
False
False
1137
28
False
7536
False
False
False
4668
4428 2447 7976 4689 7542 5392 2051 1669 7283 1593 3601 1723 1909 8021 2684 6410 4811 7055 8089 582 2054 3104 3913 8696 725 8106 9420
4428 2447 7976 4689 7542 5392 2051 1669 7283 1593 3601 1723 1909 8021 2684 6410 4811 7055 8089 582 2054 3104 3913 8696 725 8106 9420
4428 2447 7976 4689 7542 5392 2051 1669 7283 1593 3601 1723 1909 8021 2684 6410 4811 7055 8089 582 2054 3104 3913 8696 725 8106 9420
False
False
29
4428 2447 7976 4689 7542 5392 2051 1669 7283 1593 3601 1723 1909 8021 2684 6410 4811 7055 8089 582 2054 3104 3913 8696 725 8106 2418 1190
4428 2447 7976 4689 7542 5392 2051 1669 7283 1593 3601 1723 1909 8021 2684 6410 4811 7055 8089 582 2054 3104 3913 8696 725 8106 2418 1190
26
4428 2447 7976 4689 7542 5392 2051 1669 7283 1593 3601 1723 1909 8021 2684 6410 4811 7055 8089 582 2054 3104 3913 8696 725 8106 1097
26
24
4428 2447 7976 4689 7542 5392 2051 1669 7283 1593 3601 1723 1909 8021 2684 6410 4811 7055 8089 582 2054 3104 3913 8696
4428 2447 7976 4689 7542 5392 2051 1669 7283 1593 3601 1723 1909 8021 2684 6410 4811 7055 8089 582 2054 3104 3913
False
False
9955
3913
4428 2447 7976 4689 7542 5392 2051 1669 7283 1593 3601 1723 1909 8021 2684 6410 4811 7055 8089 582 2054 3104 3913
False
3787
4428 2447 7976 4689 7542 5392 2051 1669 7283 1593 3601 1723 1909 8021 2684 6410 4811 7055 8089 582 2054 3104 3913 3787
4428 2447 7976 4689 7542 5392 2051 1669 7283 1593 3601 1723 1909 8021 2684 6410 4811 7055 8089 582 2054
2054
21
5978
22
22
False
6741
False
False
False
23
23
4428 2447 7976 4689 7542 5392 2051 1669 7283 1593 3601 1723 1909 8021 2684 6410 4811 7055 8089 582 2054 5978 6741
4428 2447 7976 4689 7542 5392 2051 1669 7283 1593 3601 1723 1909 8021 2684 6410 4811 7055 8089 582 2054 5978 6741
False
False
23
22
False
5978
4428 2447 7976 4689 7542 5392 2051 1669 7283 1593 3601 1723 1909 8021 2684 6410 4811 7055 8089 582
7055
7055
18
False
4428 2447 7976 4689 7542 5392 2051 1669 7283 1593 3601 1723 1909 8021 2684 6410 4811 7055
19
4428 2447 7976 4689 7542 5392 2051 1669 7283 1593 3601 1723 1909 8021 2684 6410 4811 979 2463 3227
False
False
4428 2447 7976 4689 7542 5392 2051 1669 7283 1593 3601 1723 1909 8021 2684 6410 4811 979 2463 3227
20
19
4428 2447 7976 4689 7542 5392 2051 1669 7283 1593 3601 1723 1909 8021 2684 6410 4811 979
False
4811
4428 2447 7976 4689 7542 5392 2051 1669 7283 1593 3601 1723 1909 8021
4428 2447 7976 4689 7542 5392 2051 1669 7283 1593 3601 1723 1909 8021
4428 2447 7976 4689 7542 5392 2051 1669 7283 1593 3601 1723 1909 8021
13
3601
7800
10
4428 2447 7976 4689 7542 5392 2051 1669 7283 1593
False
9
False
12
1032
4428 2447 7976 4689 7542 5392 2051 1669 7283 7449 5457
False
4428 2447 7976 4689 7542 5392 2051 1669 7283 7449 5392
12
False
False
9
2011
10
False
10
False
False
False
1850
8
1669
False
False
False
False
4042
12
13
4428 2447 7976 4689 7542 5392 189 217 6195 4164 4042 6511
False
11
4428 2447 7976 4689 7542 5392 189 217 6195 4164 4042
False
False
11
11
11
4042
217
False
4428 2447 7976 4689 7542 5392 189 217 64 1833
False
9
4428 2447 7976 4689 7542 5392 189 217 64 8798
False
False
4428 2447 7976 4689 7542 5392 189 217 64 8798 8155
False
7865
False
10
False
False
11
1389
12
False
4428 2447 7976 4689 7542 5392 189 217 64 7865 8659 2627
13
False
14
4428 2447 7976 4689 7542 5392 189 217 64 7865 8659
False
4428 2447 7976 4689 7542 5392 189 217 64 7865 8659
10
10
64
64
False
4428 2447 7976 4689 7542 5392 189 217 64 4248 8410
4428 2447 7976 4689 7542 5392 189 217 64 4248 8410
4428 2447 7976 4689 7542 5392 189 217 64 4248 8410
8410
4428 2447 7976 4689 7542 5392 189 217 64 4248 8410
8410
False
8410
False
4248
False
False
False
False
4428 2447 7976 4689 7542 5392 189 217 3211
9
False
8
False
4244
4428 2447 7976 4689 7542 5392 189 3815 4244
False
9
9
False
8
False
121
12
951
12
4428 2447 7976 4689 7542 5392 189 109 722 5256 121 951
4428 2447 7976 4689 7542 5392 189 109 722 5256 121 7751 3717
False
4428 2447 7976 4689 7542 5392 189 109 722 5256 121 7751
12
False
12
12
1497
4428 2447 7976 4689 7542 5392 189 109 722 5256 121 7751 1497
False
15
4428 2447 7976 4689 7542 5392 189 109 722 5256 121 7751 1497 2455 6698 3787 9267
False
4428 2447 7976 4689 7542 5392 189 109 722 5256 121 7751 1497 2455 6698 3787
False
4428 2447 7976 4689 7542 5392 189 109 722 5256 121 7751 1497 2455 6698
False
False
False
2455
False
4428 2447 7976 4689 7542 5392 189 109 722 5256 121 7751 1497 2455
15
15
False
4428 2447 7976 4689 7542 5392 189 109 722 5256 121 7751 1497 2455 2341 3314
False
5135
18
4428 2447 7976 4689 7542 5392 189 109 722 5256 121 7751 1497 2455 2341 3314 1093 5135
19
False
False
19
False
1093
4428 2447 7976 4689 7542 5392 189 109 722 5256 121 7751 1497 2455 2341 3314 1093 6140 7091
4532
False
22
False
9852
False
False
23
4428 2447 7976 4689 7542 5392 189 109 722 5256 121 7751 1497 2455 2341 3314 1093 6140 7091 4532 2011 9852 7471
False
False
7091
19
855
855
False
False
21
False
False
False
4428 2447 7976 4689 7542 5392 189 109 722 5256 121 7751 1497 2455 2341 3314 1093 6140 7091 707
20
False
17
False
18
5809
False
19
4428 2447 7976 4689 7542 5392 189 109 722 5256 121 7751 1497 2455 2341 3314 1093 2189 7734
19
False
4428 2447 7976 4689 7542 5392 189 109 722 5256 121 7751 1497 2455 2341 3314 1093 7860 3566
3566
False
7860
False
False
4428 2447 7976 4689 7542 5392 189 109 722 5256 121 7751 1497 2455 2341 3314 1093 7860
18
18
False
4428 2447 7976 4689 7542 5392 189 109 722 5256 121 7751 1497 2455 2341 3314 1093 9886
21
21
False
4428 2447 7976 4689 7542 5392 189 109 722 5256 121 7751 1497 2455 2341 3314 1093 9886 9672 7077 7919
4428 2447 7976 4689 7542 5392 189 109 722 5256 121 7751 1497 2455 2341 3314 1093 9886 9672
False
1093
False
14
4428 2447 7976 4689 7542 5392 189 109 722 5256 121 7751 1497 9558
6758
7074
False
False
False
14
False
4428 2447 7976 4689 7542 5392 189 109 722 5256 121 7751 1497 7074 7273 9536 7345
4428 2447 7976 4689 7542 5392 189 109 722 5256 121 7751 1497 7074 7273 9536 7345 6434
7345
False
False
19
False
22
6099
4428 2447 7976 4689 7542 5392 189 109 722 5256 121 7751 1497 7074 7273 9536 7345 4713 9682 4396 6099
21
883
883
False
20
False
20
False
False
21
False
False
False
False
False
False
False
4428 2447 7976 4689 7542 5392 189 109 722 5256 121 7751 1497 7074 7273 9536 7345 4713 9682 8989
False
4428 2447 7976 4689 7542 5392 189 109 722 5256 121 7751 1497 7074 7273 9536 7345 4713 9682 8989 6027
False
4428 2447 7976 4689 7542 5392 189 109 722 5256 121 7751 1497 7074 7273 9536 7345 4713 9682 8989 7539
False
4428 2447 7976 4689 7542 5392 189 109 722 5256 121 7751 1497 7074 7273 9536 7345 4713 9682 5693
19
4428 2447 7976 4689 7542 5392 189 109 722 5256 121 7751 1497 7074 7273 9536 7345 4713 1226
2308
False
False
False
4428 2447 7976 4689 7542 5392 189 109 722 5256 121 7751 1497 7074 7273 9536 7345 4713 1226 2308 6208
4428 2447 7976 4689 7542 5392 189 109 722 5256 121 7751 1497 7074 7273 9536 7345 4713 1226 2308 6208 1271
4428 2447 7976 4689 7542 5392 189 109 722 5256 121 7751 1497 7074 7273 9536 7345 4713 1226 2308 6208
6208
6208
4428 2447 7976 4689 7542 5392 189 109 722 5256 121 7751 1497 7074 7273 9536 7345 4713 1226 2308
7345
False
7345
False
4428 2447 7976 4689 7542 5392 189 109 722 5256 121 7751 1497 7074 7273 9536 7345 9053
4428 2447 7976 4689 7542 5392 189 109 722 5256 121 7751 1497 7074 7273 9536 7345 6163
18
False
False
19
5806
18
4428 2447 7976 4689 7542 5392 189 109 722 5256 121 7751 1497 7074 7273 9536 7345
7345
False
4428 2447 7976 4689 7542 5392 189 109 722 5256 121 7751 1497 7074 7273 9536 7345 4688
False
4688
4688
False
False
4428 2447 7976 4689 7542 5392 189 109 722 5256 121 7751 1497 7074 7273 9536 7345 6311 6683
False
19
2048
2048
18
18
18
17
4428 2447 7976 4689 7542 5392 189 109 722 5256 121 7751 1497 7074 7273 9536 7345 5830
9087
19
9087
False
1307
17
False
False
1307
1307
17
False
False
7050
False
False
4428 2447 7976 4689 7542 5392 189 109 722 5256 121 7751 1497 7074 7273 9536 1307 3920
19
4888
4888
217
False
4428 2447 7976 4689 7542 5392 189 109 722 5256 121 7751 1497 7074 7273 9536 1307 3920 4888
4428 2447 7976 4689 7542 5392 189 109 722 5256 121 7751 1497 7074 7273 9536 1307 3920 4888 1188
4450
4450
False
False
4428 2447 7976 4689 7542 5392 189 109 722 5256 121 7751 1497 7074 7273 9536 1307 3920 4888 1188
False
4428 2447 7976 4689 7542 5392 189 109 722 5256 121 7751 1497 7074 7273 9536 1307 3920 4888 1188
False
21
False
False
False
21
False
4428 2447 7976 4689 7542 5392 189 109 722 5256 121 7751 1497 7074 7273 9536 1307 3920 4888 1188
6563
False
False
18
False
False
4428 2447 7976 4689 7542 5392 189 109 722 5256 121 7751 1497 7074 7273 9536 1307 6563
False
4428 2447 7976 4689 7542 5392 189 109 722 5256 121 7751 1497 7074 7273 9536 1307 833
18
18
False
9519
False
False
False
False
4428 2447 7976 4689 7542 5392 189 109 722 5256 121 7751 1497 7074 7273 9536 1307 9519 7529
4428 2447 7976 4689 7542 5392 189 109 722 5256 121 7751 1497 7074 7273 9536 1307 9519 7529 4779 3131
False
False
4428 2447 7976 4689 7542 5392 189 109 722 5256 121 7751 1497 7074 7273 9536 1307 9519 7529 4779 3131 9245
22
4428 2447 7976 4689 7542 5392 189 109 722 5256 121 7751 1497 7074 7273 9536 1307 9519 7529 4779 3131 9245
9245
22
False
False
22
False
3131
21
4428 2447 7976 4689 7542 5392 189 109 722 5256 121 7751 1497 7074 7273 9536 1307 9519 7529 4779 3131
3131
False
False
4428 2447 7976 4689 7542 5392 189 109 722 5256 121 7751 1497 7074 7273 9536 1307 9519 7529 4779 3131
4428 2447 7976 4689 7542 5392 189 109 722 5256 121 7751 1497 7074 7273 9536 1307 9519 7529 4779 3131
4779
False
21
False
4428 2447 7976 4689 7542 5392 189 109 722 5256 121 7751 1497 7074 7273 9536 1307 9519 7529 4779 5011
False
21
5011
4428 2447 7976 4689 7542 5392 189 109 722 5256 121 7751 1497 7074 7273 9536 1307 9519 7529 4779 5011
20
21
22
4428 2447 7976 4689 7542 5392 189 109 722 5256 121 7751 1497 7074 7273 9536 1307 9519 7529 4779 913
21
4428 2447 7976 4689 7542 5392 189 109 722 5256 121 7751 1497 7074 7273 9536 1307 9519 7529 4779 913
False
4428 2447 7976 4689 7542 5392 189 109 722 5256 121 7751 1497 7074 7273 9536 1307 9519 7529 4779
19
19
False
7529
False
False
False
9519
4428 2447 7976 4689 7542 5392 189 109 722 5256 121 7751 1497 7074 7273 9536 1307 9519
False
18
4428 2447 7976 4689 7542 5392 189 109 722 5256 121 7751 1497 7074 7273 9536 1307 9519
7354
False
False
False
4428 2447 7976 4689 7542 5392 189 109 722 5256 121 7751 1497 7074 7273 9536 1307 2193 1726
False
4428 2447 7976 4689 7542 5392 189 109 722 5256 121 7751 1497 7074 7273 9536 1307 2193 1726
False
False
1307
17
19
20
1924
4428 2447 7976 4689 7542 5392 189 109 722 5256 121 7751 1497 7074 7273 9536 1307 2836 2240 1924 6924
2347
22
22
False
False
25
25
False
4428 2447 7976 4689 7542 5392 189 109 722 5256 121 7751 1497 7074 7273 9536 1307 2836 2240 1924 6924 2347 2899 4425 8824 5667
False
False
26
False
False
4428 2447 7976 4689 7542 5392 189 109 722 5256 121 7751 1497 7074 7273 9536 1307 2836 2240 1924 6924 2347 2899 7326 8598 839 849
False
849
4428 2447 7976 4689 7542 5392 189 109 722 5256 121 7751 1497 7074 7273 9536 1307 2836 2240 1924 6924 2347 2899 7326 8598 839 849
4428 2447 7976 4689 7542 5392 189 109 722 5256 121 7751 1497 7074 7273 9536 1307 2836 2240 1924 6924 2347 2899 7326 8598 839 849
28
False
28
False
28
4428 2447 7976 4689 7542 5392 189 109 722 5256 121 7751 1497 7074 7273 9536 1307 2836 2240 1924 6924 2347 2899 7326 8598 839 849
False
False
False
False
24
19
2240
2240
7515
False
3880
4428 2447 7976 4689 7542 5392 189 109 722 5256 121 7751 1497 7074 7273 9536 1307 2836 3880
18
False
False
False
False
False
8348
False
22
9182
4428 2447 7976 4689 7542 5392 189 109 722 5256 121 7751 1497 7074 7273 9536 1307 8348 2968 6469 6021 6591 9182 1112 6973 8409
4428 2447 7976 4689 7542 5392 189 109 722 5256 121 7751 1497 7074 7273 9536 1307 8348 2968 6469 6021 6591 9182 1112 6973 8409
4428 2447 7976 4689 7542 5392 189 109 722 5256 121 7751 1497 7074 7273 9536 1307 8348 2968 6469 6021 6591 9182 1112 6973 8409
False
4428 2447 7976 4689 7542 5392 189 109 722 5256 121 7751 1497 7074 7273 9536 1307 8348 2968 6469 6021 6591 9182
22
False
453
24
False
False
False
False
False
4428 2447 7976 4689 7542 5392 189 109 722 5256 121 7751 1497 7074 7273 9536 1307 8348 2968 6469 6021
22
False
3408
22
False
False
4428 2447 7976 4689 7542 5392 189 109 722 5256 121 7751 1497 7074 7273 9536 1307 8348 2968 6469 6021 4538
22
4538
4428 2447 7976 4689 7542 5392 189 109 722 5256 121 7751 1497 7074 7273 9536 1307 8348 2968 6469 6021 4538 1194
False
False
6469
20
21
False
False
False
6469
False
5262
21
False
21
21
6469
5349
4428 2447 7976 4689 7542 5392 189 109 722 5256 121 7751 1497 7074 7273 9536 1307 8348 2968 6469
20
6469
False
4428 2447 7976 4689 7542 5392 189 109 722 5256 121 7751 1497 7074 7273 9536 1307 8348 2968 6469 7078
22
False
165
False
21
False
7078
4428 2447 7976 4689 7542 5392 189 109 722 5256 121 7751 1497 7074 7273 9536 1307 8348 2968 6469 7078
False
4428 2447 7976 4689 7542 5392 189 109 722 5256 121 7751 1497 7074 7273 9536 1307 8348 2968 8667
20
21
4428 2447 7976 4689 7542 5392 189 109 722 5256 121 7751 1497 7074 7273 9536 1307 8348 2968 8667 9903
8667
False
False
False
8348
False
19
4928
20
False
False
False
2745
19
4734
20
False
False
False
False
False
False
4428 2447 7976 4689 7542 5392 189 109 722 5256 121 7751 1497 7074 7273 9536 1307 8348
8348
18
False
4428 2447 7976 4689 7542 5392 189 109 722 5256 121 7751 1497 7074 7273 9536 1307 8348
4428 2447 7976 4689 7542 5392 189 109 722 5256 121 7751 1497 7074 7273 9536 1307 9990
False
False
4428 2447 7976 4689 7542 5392 189 109 722 5256 121 7751 1497 7074 7273 9536
4428 2447 7976 4689 7542 5392 189 109 722 5256 121 7751 1497 7074 7273 9536
False
13
121
11
4428 2447 7976 4689 7542 5392 189 109 722
109
False
9
False
4602
5769
4428 2447 7976 4689 7542 5392 189 109
8
4428 2447 7976 4689 7542 5392 5518 8329
8
4428 2447 7976 4689 7542 5392 5518 8329
False
False
False
4428 2447 7976 4689 7542 5392 5518 8329 6775
False
4428 2447 7976 4689 7542 5392 5518 8329 1087 5939
4428 2447 7976 4689 7542 5392 5518 8329 1087
4428 2447 7976 4689 7542 5392 5518 8329 1087
4428 2447 7976 4689 7542 5392 5518 8329 1087
4428 2447 7976 4689 7542 5392 5518 8329 1087
9
4428 2447 7976 4689 7542 5392 5518 8329 1087
4428 2447 7976 4689 7542 5392 5518 8329 1087 522 8483
False
8483
4428 2447 7976 4689 7542 5392 5518 8329 1087
4428 2447 7976 4689 7542 5392 5518 8329
9
False
False
False
4428 2447 7976 4689 7542 5392 5518 8329 1986 8788
4428 2447 7976 4689 7542 5392 5518 8329 1986 8788 5646 1374
False
False
4428 2447 7976 4689 7542 5392 5518 8329 1986 8788 5646
11
5646
False
False
False
8288
8288
False
False
4428 2447 7976 4689 7542 5392 5518 8329 1986 8788 5646 2254 8288 4451 9437
False
False
False
False
4428 2447 7976 4689 7542 5392 5518 8329 1986 8788 5646 2254 8288 4451 9437 1036
False
False
4428 2447 7976 4689 7542 5392 5518 8329 1986 8788 5646 2254 8288 4451 9437 1036
False
False
5619
False
False
False
4428 2447 7976 4689 7542 5392 5518 8329 1986 8788 5646 2254 8288 4451 9437 3168
False
9437
False
9437
4428 2447 7976 4689 7542 5392 5518 8329 1986 8788 5646 2254 8288 4451 9437
False
4451
4428 2447 7976 4689 7542 5392 5518 8329 1986 8788 5646 2254 8288 4451
False
4428 2447 7976 4689 7542 5392 5518 8329 1986 8788 5646 2254 8288
False
13
4428 2447 7976 4689 7542 5392 5518 8329 1986 8788 5646 2254 8288
509
False
False
4428 2447 7976 4689 7542 5392 5518 8329 1986 8788 5646 2254 8288 3453 1445
4428 2447 7976 4689 7542 5392 5518 8329 1986 8788 5646 2254 8288 3453 1445
15
4428 2447 7976 4689 7542 5392 5518 8329 1986 8788 5646 2254 8288 3453 1445
False
False
False
4428 2447 7976 4689 7542 5392 5518 8329 1986 8788 5646 2254 8288
4428 2447 7976 4689 7542 5392 5518 8329 1986 8788 5646 2254 8288
4428 2447 7976 4689 7542 5392 5518 8329 1986 8788 5646 2254 8288
8288
4428 2447 7976 4689 7542 5392 5518 8329 1986 8788 5646 2254
4428 2447 7976 4689 7542 5392 5518 8329 1986 8788 5646 2254 9399
13
9399
4428 2447 7976 4689 7542 5392 5518 8329 1986 8788 5646 2254 9399
9399
False
False
4428 2447 7976 4689 7542 5392 5518 9697
9697
False
False
False
False
13
False
4428 2447 7976 4689 7542 5392 5518 9697 6855 6766 8923 1630
False
4428 2447 7976 4689 7542 5392 5518 9697 6855 6766 8923 1630 5093
False
False
6766
False
11
4428 2447 7976 4689 7542 5392 5518 9697 6855 6766
10
4428 2447 7976 4689 7542 5392 5518 9697
9
False
4428 2447 7976 4689 7542
False
4428 2447
Empty
0
False
1
False
4464
False
False

Empty
False
False
9669
9669
False

Empty


False
6097
4
4
5967 7933 6097 9653
False
6050
6050
5967 7933 6097 6050 7612
7612
7612
7612
5967 7933 6097 6050 7612 5082
5967 7933 6097 6050 7612 5082
5967 7933 6097 6050 7612 5082 8886
7
5082
6
6097
3
False
False
False
4
4
5967 7933 6097 7544 8840
5
False
7544
4
5967 7933 6097 7544
7544
5967 7933 6097
5967 7933
0
0
0
Empty

Empty
Empty
Empty
True
True
Empty
0
7528
2
8003
False
False
False
False
Empty
Empty
1
8548
8548
9158
9158
False

6491
False
True
True
True
Empty

False
True
Empty



False
1
False
False
6
8305
False
False
False
False
False
False
9100
False
9100
6
False
False
1477
False
8
False
9
8727 5246 2408 617 8305 9100 1277 1477
False
9
11
False
False
False
False
13
False
1235
17
False
16
3809
8727 5246 2408 617 8305 9100 1277 1477 9709 1297 3723 8959 1235 431 3809
8727 5246 2408 617 8305 9100 1277 1477 9709 1297 3723 8959 1235 431 3809 3959
False
8727 5246 2408 617 8305 9100 1277 1477 9709 1297 3723 8959 1235 431 3809 3959
8727 5246 2408 617 8305 9100 1277 1477 9709 1297 3723 8959 1235
False
8727 5246 2408 617 8305 9100 1277 1477 9709 1297
False
8727 5246 2408 617 8305 9100 1277 1477 9709 1297
False
False
False
False
8727 5246 2408 617 8305 9100 1277 1477 9709
False
8
9
8727 5246 2408 617 8305 9100 1277
8727 5246 2408 617 8305 9100 1277 6341
False
8727 5246 2408 617 8305 9100 1277 6341 4040 4025 6271 9990
12
False
8727 5246 2408 617 8305 9100 1277 6341 4040 4025
4025
False
False
False
False
5811
8727 5246 2408 617 8305 9100 1277 6341 4040 4025 9852 5811
5811
12
False
11
False
13
False
434
10
False
False
False
8727 5246 2408 617 8305 9100 1277 6341 7795
8727 5246 2408 617 8305 9100 1277 6341
False
False
False
False
9090
False
False
False
False
8727 5246 2408 617 8305 9100 1277 7702 9090 4521
8727 5246 2408 617 8305 9100 1277 7702 9090 4521
8727 5246 2408 617 8305 9100 1277 7702 9090 4521
False
1277
False
False
253
8727 5246 2408 617 8305 9100 9601 1043
8727 5246 2408 617 8305 9100 9601 1043
8
8727 5246 2408 617 8305 9100 9601 1043
False
False
False
9100
6
5014
False
False
False
5
False
False
False
8727 5246 9612
5246
False
5246
False
1
8727
Empty
Empty
Empty

False
Empty
5289
1

Empty
0

True
False
1
8754
8754
8754

Empty
2
False
8241
8241
1
1
False
Empty

9942 8404
False
False
1
5661
Empty
Empty
0
3851
False
False
3594
3594
False
3
False
False
5
6
False
False
6
3851 9784 3594 9234 1280 2786 9456
3851 9784 3594 9234 1280 2786 9456 3047
False
False
3851 9784 3594 9234 1280
3851 9784 3594 9234 1280 356
3851 9784 3594 9234 1280 356
False
False
7
356
6
5648
3851 9784 3594 9234 1280 356 5648
False
False
False
8450
2961
False
10
3851 9784 3594 9234 1280 356 1844 2961
2961
False
3851 9784 3594 9234 1280 356 1844 2961 6783 8531 9883 4338
False
5352
7323
7461
3851 9784 3594 9234 1280 356 1844 2961 6783 8531 9883 4338 5352 7222 7461 7036
16
False
3851 9784 3594 9234 1280 356 1844 2961 6783 8531 9883 4338 5352 7222 7461 7036 958
False
7461
6747
False
3851 9784 3594 9234 1280 356 1844 2961 6783 8531 9883 4338 5352
False
14
3851 9784 3594 9234 1280 356 1844 2961 6783 8531 9883 4338 5352 8777
False
False
3851 9784 3594 9234 1280 356 1844 2961 6783 8531 9883 4338 5352 8777
8777
8777
7029
3851 9784 3594 9234 1280 356 1844 2961 6783 8531 9883 4338 5352 8777 4510
313
False
7459
False
False
6967
16
False
3851 9784 3594 9234 1280 356 1844 2961 6783 8531 9883 4338 5352 8777 1391 2742 9120
3851 9784 3594 9234 1280 356 1844 2961 6783 8531 9883 4338 5352 8777 1391 2742 9120
16
False
16
3851 9784 3594 9234 1280 356 1844 2961 6783 8531 9883 4338 5352 8777 1391 305
1391
False
3851 9784 3594 9234 1280 356 1844 2961 6783 8531 9883 4338 5352 8777 1391
False
15
False
False
3506
3506
3851 9784 3594 9234 1280 356 1844 2961 6783 8531 9883 4338 5352 4311 6440 3506
14
False
False
15
False
False
3851 9784 3594 9234 1280 356 1844 2961 6783 8531 9883 4338 5352 7494 2100
3851 9784 3594 9234 1280 356 1844 2961 6783 8531 9883 4338 5352 7494 6668 7495
6668
False
False
False
False
3851 9784 3594 9234 1280 356 1844 2961 6783 8531 9883 4338 5414
5414
False
False
5414
15
False
6699
5414
False
3851 9784 3594 9234 1280 356 1844 2961 6783 8531 9883 4338
4338
3851 9784 3594 9234 1280 356 1844 2961 6783 8531 9883 4338
False
False
2947
12
3851 9784 3594 9234 1280 356 1844 2961 6783 8531 9883 959
959
959
False
False
False
13
False
12
False
False
False
False
1369
False
False
False
13
12
13
3851 9784 3594 9234 1280 356 1844 2961 6783 8531 1510
False
3851 9784 3594 9234 1280 356 1844 2961 6783 8531 1510 2441
3851 9784 3594 9234 1280 356 1844 2961 6783 8531 1510 2441
12
3851 9784 3594 9234 1280 356 1844 2961 6783 8531 1510 2441 1554
5913
3851 9784 3594 9234 1280 356 1844 2961 6783 8531 1510 2441 1554
False
False
3851 9784 3594 9234 1280 356 1844 2961 6783 8531 1510
3851 9784 3594 9234 1280 356 1844 2961 6783 8531 1510
False
False
8531
False
11
False
3851 9784 3594 9234 1280 356 1844 2961 6783 4272
False
False
False
1844
False
3605
False
3851 9784 3594 9234 1280 356 1844 715 3605 1988 9449
False
False
13
3851 9784 3594 9234 1280 356 1844 715 3605 1988 9449 2279 9742
9742
13
3851 9784 3594 9234 1280 356 1844 715 3605 1988 9449 2279 9742
False
False
3851 9784 3594 9234 1280 356 1844 715 3605 1988 9449 2279 9742 3234
False
13
13
13
False
3851 9784 3594 9234 1280 356 1844 715 3605 1988 9449 2146 3343 2617
2617
3851 9784 3594 9234 1280 356 1844 715 3605 1988 9449 2146 3343 2617 7768 775 6528
6528
False
17
False
False
3851 9784 3594 9234 1280 356 1844 715 3605 1988 9449 2146 3343 2617 7768
False
7768
7768
7768
False
6701
6701
False
15
15
False
958
False
False
False
False
3851 9784 3594 9234 1280 356 1844 715 3605 1988 9449 2146 3343 2617 7768 958 7251 4341 5618 1021 8053 8176
False
False
22
False
2356
22
22
False
8176
False
False
False
False
False
3851 9784 3594 9234 1280 356 1844 715 3605 1988 9449 2146 3343 2617 7768 958 7251 4341 5618 1021 4001 862 8005 3276 268 9431
25
489
3851 9784 3594 9234 1280 356 1844 715 3605 1988 9449 2146 3343 2617 7768 958 7251 4341 5618 1021 4001 862 8005 3276 268 489 922
False
False
False
False
False
False
5973
3851 9784 3594 9234 1280 356 1844 715 3605 1988 9449 2146 3343 2617 7768 958 7251 4341 5618 1021 4001 862 8005 3276 2099 5973
5973
3851 9784 3594 9234 1280 356 1844 715 3605 1988 9449 2146 3343 2617 7768 958 7251 4341 5618 1021 4001 862 8005 3276 2099 5973 5812 8308 4257
29
3851 9784 3594 9234 1280 356 1844 715 3605 1988 9449 2146 3343 2617 7768 958 7251 4341 5618 1021 4001 862 8005 3276 2099 5973 5812 8308 4257 6238
4257
32
False
False
False
3851 9784 3594 9234 1280 356 1844 715 3605 1988 9449 2146 3343 2617 7768 958 7251 4341 5618 1021 4001 862 8005 3276 2099 5973 5812 8308 4257 3360 6620 3562 297 9566 5097
False
9566
False
False
False
3851 9784 3594 9234 1280 356 1844 715 3605 1988 9449 2146 3343 2617 7768 958 7251 4341 5618 1021 4001 862 8005 3276 2099 5973 5812 8308 4257 3360 7111
32
False
32
False
33
3235
False
32
117
546
3851 9784 3594 9234 1280 356 1844 715 3605 1988 9449 2146 3343 2617 7768 958 7251 4341 5618 1021 4001 862 8005 3276 2099 5973 5812 8308 4257 3360 7111 117
False
False
7545
7545
32
7545
False
False
False
3851 9784 3594 9234 1280 356 1844 715 3605 1988 9449 2146 3343 2617 7768 958 7251 4341 5618 1021 4001 862 8005 3276 2099 5973 5812 8308 4257 3360
3851 9784 3594 9234 1280 356 1844 715 3605 1988 9449 2146 3343 2617 7768 958 7251 4341 5618 1021 4001 862 8005 3276 2099 5973 5812 8308 4257
False
29
False
5812
2099
False
False
3851 9784 3594 9234 1280 356 1844 715 3605 1988 9449 2146 3343 2617 7768 958 7251 4341 5618 1021 4001 862 8005 3276
False
False
False
21
4189
3851 9784 3594 9234 1280 356 1844 715 3605 1988 9449 2146 3343 2617 7768 958 7251 4341 5618 1021 4189
3851 9784 3594 9234 1280 356 1844 715 3605 1988 9449 2146 3343 2617 7768 958 7251 4341 5618 1021 4189 1427
1427
False
False
False
False
3851 9784 3594 9234 1280 356 1844 715 3605 1988 9449 2146 3343 2617 7768 958 7251 1747
False
15
15
False
False
6430
False
3851 9784 3594 9234 1280 356 1844 715 3605 1988 9449 2146 3343 2617 7768 6430
False
7374
3851 9784 3594 9234 1280 356 1844 715 3605 1988 9449 2146 3343 2617 7768 6430
7173
False
False
7173
8921
False
False
False
3964
18
3964
18
3964
False
3851 9784 3594 9234 1280 356 1844 715 3605 1988 9449 2146 3343 2617 8500 8921 4009 3964 2766
2766
False
False
2827
9040
False
3851 9784 3594 9234 1280 356 1844 715 3605 1988 9449 2146 3343 2617 8500 8921 4009 3964 2766 2827 3366
3366
3851 9784 3594 9234 1280 356 1844 715 3605 1988 9449 2146 3343 2617 8500 8921 4009 3964 2766 2827 3366 6996
False
False
3851 9784 3594 9234 1280 356 1844 715 3605 1988 9449 2146 3343 2617 8500 8921 4009 3964 2766 2827 3366 6996
False
3851 9784 3594 9234 1280 356 1844 715 3605 1988 9449 2146 3343 2617 8500 8921 4009 3964 2766 2827 3366 6996
False
6996
3851 9784 3594 9234 1280 356 1844 715 3605 1988 9449 2146 3343 2617 8500 8921 4009 3964 2766 2827 3366 6996
22
False
False
23
3644
23
3851 9784 3594 9234 1280 356 1844 715 3605 1988 9449 2146 3343 2617 8500 8921 4009 3964 2766 2827 3366 6996 3644
False
3851 9784 3594 9234 1280 356 1844 715 3605 1988 9449 2146 3343 2617 8500 8921 4009 3964 2766 2827 3366 6996 5510 9456 2968
5510
False
5510
22
22
24
False
False
False
3851 9784 3594 9234 1280 356 1844 715 3605 1988 9449 2146 3343 2617 8500 8921 4009 3964 2766 2827 3366 6996 4288 1533 1690
3851 9784 3594 9234 1280 356 1844 715 3605 1988 9449 2146 3343 2617 8500 8921 4009 3964 2766 2827 3366 6996 4288 1533 1690
24
1533
3851 9784 3594 9234 1280 356 1844 715 3605 1988 9449 2146 3343 2617 8500 8921 4009 3964 2766 2827 3366 6996 4288 1533 4091
False
False
False
False
3851 9784 3594 9234 1280 356 1844 715 3605 1988 9449 2146 3343 2617 8500 8921 4009 3964 2766 2827 3366 6996 4288 1533 4091 4089 8696 9919
9919
False
29
1790
3851 9784 3594 9234 1280 356 1844 715 3605 1988 9449 2146 3343 2617 8500 8921 4009 3964 2766 2827 3366 6996 4288 1533 4091 4089 8696 9919 1790 1164
29
29
False
3987
29
29
29
7786
False
9306
False
False
3851 9784 3594 9234 1280 356 1844 715 3605 1988 9449 2146 3343 2617 8500 8921 4009 3964 2766 2827 3366 6996 4288 1533 4091 4089 8696 9919 4788 7020 5637
5637
False
3224
3224
3851 9784 3594 9234 1280 356 1844 715 3605 1988 9449 2146 3343 2617 8500 8921 4009 3964 2766 2827 3366 6996 4288 1533 4091 4089 8696 9919 5553 3224
False
3851 9784 3594 9234 1280 356 1844 715 3605 1988 9449 2146 3343 2617 8500 8921 4009 3964 2766 2827 3366 6996 4288 1533 4091 4089 8696 9919 5553 3224
3224
False
False
3224
30
False
False
3224
3851 9784 3594 9234 1280 356 1844 715 3605 1988 9449 2146 3343 2617 8500 8921 4009 3964 2766 2827 3366 6996 4288 1533 4091 4089 8696 9919 5553 3224
4091
False
4288
24
False
3851 9784 3594 9234 1280 356 1844 715 3605 1988 9449 2146 3343 2617 8500 8921 4009 3964 2766 2827 3366 6996 4481 3167
3851 9784 3594 9234 1280 356 1844 715 3605 1988 9449 2146 3343 2617 8500 8921 4009 3964 2766 2827 3366 6996 4481 3167
25
3851 9784 3594 9234 1280 356 1844 715 3605 1988 9449 2146 3343 2617 8500 8921 4009 3964 2766 2827 3366 6996 4481 8272
False
27
1988
False
False
False
False
False
3851 9784 3594 9234 1280 356 1844 715 3605 1988 9449 2146 3343 2617 8500 8921 4009 3964 2766 2827 3366 6996 4481 8272 528 4500 5212
False
False
False
30
False
False
1
3851 9784 3594 9234 1280 356 1844 715 3605 1988 9449 2146 3343 2617 8500 8921 4009 3964 2766 2827 3366 6996 4481 8272 528 4500 1106 9631 1296
1296
3851 9784 3594 9234 1280 356 1844 715 3605 1988 9449 2146 3343 2617 8500 8921 4009 3964 2766 2827 3366 6996 4481 8272 528 4500 1106 9631 1296 1665
False
30
False
False
30
3851 9784 3594 9234 1280 356 1844 715 3605 1988 9449 2146 3343 2617 8500 8921 4009 3964 2766 2827 3366 6996 4481 8272 528 4500 1106 9631 3731 8708
29
False
9631
27
3851 9784 3594 9234 1280 356 1844 715 3605 1988 9449 2146 3343 2617 8500 8921 4009 3964 2766 2827 3366 6996 4481 8272 528 4500 1106
False
27
False
False
False
False
False
3851 9784 3594 9234 1280 356 1844 715 3605 1988 9449 2146 3343 2617 8500 8921 4009 3964 2766 2827 3366 6996 4481 8272 528 4500 1106 4943
28
28
False
27
4500
3851 9784 3594 9234 1280 356 1844 715 3605 1988 9449 2146 3343 2617 8500 8921 4009 3964 2766 2827 3366 6996 4481 8272 528 4500 1345 6595
29
3851 9784 3594 9234 1280 356 1844 715 3605 1988 9449 2146 3343 2617 8500 8921 4009 3964 2766 2827 3366 6996 4481 8272 528 4500 1345 6595 9020
3851 9784 3594 9234 1280 356 1844 715 3605 1988 9449 2146 3343 2617 8500 8921 4009 3964 2766 2827 3366 6996 4481 8272 528 4500 1345 6595 9020
30
3851 9784 3594 9234 1280 356 1844 715 3605 1988 9449 2146 3343 2617 8500 8921 4009 3964 2766 2827 3366 6996 4481 8272 528 4500 1345 6595 9020 9583
False
3851 9784 3594 9234 1280 356 1844 715 3605 1988 9449 2146 3343 2617 8500 8921 4009 3964 2766 2827 3366 6996 4481 8272 528 4500 1345 6595 9020 9583
9583
False
29
29
574
False
1950
2355
3851 9784 3594 9234 1280 356 1844 715 3605 1988 9449 2146 3343 2617 8500 8921 4009 3964 2766 2827 3366 6996 4481 8272 528 4500 1345 6595 9020 574 2995 1950 2355
33
33
False
False
False
False
False
False
27
28
3851 9784 3594 9234 1280 356 1844 715 3605 1988 9449 2146 3343 2617 8500 8921 4009 3964 2766 2827 3366 6996 4481 8272 528 4500 1345 4308
False
7481
30
4273
28
False
False
False
4308
False
3851 9784 3594 9234 1280 356 1844 715 3605 1988 9449 2146 3343 2617 8500 8921 4009 3964 2766 2827 3366 6996 4481 8272 528 4500 1345 4308 8638 4294 4745
4294
27
3851 9784 3594 9234 1280 356 1844 715 3605 1988 9449 2146 3343 2617 8500 8921 4009 3964 2766 2827 3366 6996 4481 8272 528 4500 1345 705 8954
3851 9784 3594 9234 1280 356 1844 715 3605 1988 9449 2146 3343 2617 8500 8921 4009 3964 2766 2827 3366 6996 4481 8272 528 4500 1345 705 8954
8954
27
False
1345
False
4500
False
26
3851 9784 3594 9234 1280 356 1844 715 3605 1988 9449 2146 3343 2617 8500 8921 4009 3964 2766 2827 3366 6996 4481 8272 528 6779
False
6686
3851 9784 3594 9234 1280 356 1844 715 3605 1988 9449 2146 3343 2617 8500 8921 4009 3964 2766 2827 3366 6996 4481 8272 528 3223 6686
3851 9784 3594 9234 1280 356 1844 715 3605 1988 9449 2146 3343 2617 8500 8921 4009 3964 2766 2827 3366 6996 4481 8272 528 3223 2280
False
False
False
3851 9784 3594 9234 1280 356 1844 715 3605 1988 9449 2146 3343 2617 8500 8921 4009 3964 2766 2827 3366 6996 4481 8272 528 3223 427 2989
427
3851 9784 3594 9234 1280 356 1844 715 3605 1988 9449 2146 3343 2617 8500 8921 4009 3964 2766 2827 3366 6996 4481 8272 528 3223 427 6408
28
6408
False
31
31
False
3851 9784 3594 9234 1280 356 1844 715 3605 1988 9449 2146 3343 2617 8500 8921 4009 3964 2766 2827 3366 6996 4481 8272 528 3223 427 7955 3401 6417
False
False
False
False
False
3851 9784 3594 9234 1280 356 1844 715 3605 1988 9449 2146 3343 2617 8500 8921 4009 3964 2766 2827 3366 6996 4481 8272 528 3223 427 7955 3401 6861 7228 8182
False
3851 9784 3594 9234 1280 356 1844 715 3605 1988 9449 2146 3343 2617 8500 8921 4009 3964 2766 2827 3366 6996 4481 8272 528 3223 427 7955 3401 6861 7228
False
31
False
False
3401
3851 9784 3594 9234 1280 356 1844 715 3605 1988 9449 2146 3343 2617 8500 8921 4009 3964 2766 2827 3366 6996 4481 8272 528 3223 427 3033
3033
3851 9784 3594 9234 1280 356 1844 715 3605 1988 9449 2146 3343 2617 8500 8921 4009 3964 2766 2827 3366 6996 4481 8272 528 3223 427
26
26
4145
False
26
528
False
False
False
False
False
False
False
False
9445
3851 9784 3594 9234 1280 356 1844 715 3605 1988 9449 2146 3343 2617 8500 8921 4009 3964 2766 2827 3366 6996 9445
False
False
1412
1412
False
9806
24
2343
2343
False
3851 9784 3594 9234 1280 356 1844 715 3605 1988 9449 2146 3343 2617 8500 8921 4009 3964 2766 2827 3366 6996
False
False
3851 9784 3594 9234 1280 356 1844 715 3605 1988 9449 2146 3343 2617 8500 8921 4009 3964
False
2919
2919
21
False
3851 9784 3594 9234 1280 356 1844 715 3605 1988 9449 2146 3343 2617 8500 8921 4009 3964 8644 7745 2919
21
False
False
23
False
False
False
7621
False
3851 9784 3594 9234 1280 356 1844 715 3605 1988 9449 2146 3343 2617 8500 8921 4009 3964 8644 7745 2919 7765 2744 7621
3851 9784 3594 9234 1280 356 1844 715 3605 1988 9449 2146 3343 2617 8500 8921 4009 3964 8644 7745 2919 7765 2744
False
7877
False
21
False
3851 9784 3594 9234 1280 356 1844 715 3605 1988 9449 2146 3343 2617 8500 8921 4009 3964 8644 3014 1608
False
21
22
False
False
False
3851 9784 3594 9234 1280 356 1844 715 3605 1988 9449 2146 3343 2617 8500 8921 4009 3964 8644 3014 1608 6593
3851 9784 3594 9234 1280 356 1844 715 3605 1988 9449 2146 3343 2617 8500 8921 4009 3964 8644 3014 1608 6593 3792
23
3851 9784 3594 9234 1280 356 1844 715 3605 1988 9449 2146 3343 2617 8500 8921 4009 3964 8644
False
19
False
False
False
False
3851 9784 3594 9234 1280 356 1844 715 3605 1988 9449 2146 3343 2617 8500 8921 4009 5174
5174
False
3851 9784 3594 9234 1280 356 1844 715 3605 1988 9449 2146 3343 2617 8500 8921 4009
16
False
False
False
8279
3851 9784 3594 9234 1280 356 1844 715 3605 1988 9449 2146 3343 2617 8500 5644 8279 9260
3851 9784 3594 9234 1280 356 1844 715 3605 1988 9449 2146 3343 2617 8500 5644 8279
16
False
5790
False
390
False
False
False
3851 9784 3594 9234 1280 356 1844 715 3605 1988 9449 2146 3343 2617 8500
8500
15
3851 9784 3594 9234 1280 356 1844 715 3605 1988 9449 2146 3343 2617 8500 8815
3851 9784 3594 9234 1280 356 1844 715 3605 1988 9449 2146 3343 2617 8500 8815
8815
16
1637
False
False
3306
False
False
16
False
15
2617
3851 9784 3594 9234 1280 356 1844 715 3605 1988 9449 2146 3343
False
False
13
13
12
False
False
False
False
8
False
8432
9
9
3851 9784 3594 9234 1280 356 1844 715 8432
8432
3851 9784 3594 9234 1280 356 1844 715
6
False
7
3851 9784 3594 9234 1280 1333 1021
7
False
9
3851 9784 3594 9234 1280 1333 1021 9460 7304
False
False
7
4145
4145
False
3851 9784 3594 9234 1280 1333 4145 4422 9039 9202
False
False
3851 9784 3594 9234 1280 1333 4145 4422 9039 9202 9616 4129 6547 4788 2970 8518
16
16
16
False
3851 9784 3594 9234 1280 1333 4145 4422 9039 9202 9616 4129 6547 4788 2970
False
3851 9784 3594 9234 1280 1333 4145 4422 9039 9202 9616 4129 6547 4788 2970
14
False
3851 9784 3594 9234 1280 1333 4145 4422 9039 9202 9616 4129 6547 4788 4632
3851 9784 3594 9234 1280 1333 4145 4422 9039 9202 9616 4129 6547 4788 4632
4788
3851 9784 3594 9234 1280 1333 4145 4422 9039 9202 9616 4129 6547 4788
12
False
12
3851 9784 3594 9234 1280 1333 4145 4422 9039 9202 9616 4129
12
11
3851 9784 3594 9234 1280 1333 4145 4422 9039 9202 9616
3851 9784 3594 9234 1280 1333 4145 4422 9039 9202 9616
False
False
False
6056
3851 9784 3594 9234 1280 1333 4145 4422 9039 9202 9616 6056
3851 9784 3594 9234 1280 1333 4145 4422 9039 9202 9616 6056
False
11
3851 9784 3594 9234 1280 1333 4145 4422 9039 9202 9616
3851 9784 3594 9234 1280 1333 4145 4422 9039 9202 9616
13
1942
1942
False
5293
3851 9784 3594 9234 1280 1333 4145 4422 9039 9202 9616 7797 6501
6501
False
False
2409
False
False
False
9039
False
9039
9
False
False
False
5
1280
8469
False
7036
9234
False
False
False
9234
4
9234
3594
3851 9784 3594
3851 9784 3594
False
3851 9784 3594 1420
False
False
3851 9784 3594 7192
False
False
False
3851
3851 3316 2309 3452 5484
False
False
False
3851 3316 2309 3452 5484
8
False
4813
3851 3316 2309 3452 5484 2870 8882 4813
False
3851 3316 2309 3452 5484 2870 8882 4813
3851 3316 2309 3452 5484 2870 8882 4813
1236
2731
False
2731
False
False
2731
10
3851 3316 2309 3452 5484 2870 8882 4046
9
3851 3316 2309 3452 5484 2870 8882
8882
False
8882
False
8882
7
False
8882
False
2870
2870
3851 3316 2309 3452 5484 8425
False
False
3851 3316 2309 3452
7611
3452
False
False
False
False
3851 3316 2309 3452 7358 9319
False
5
False
False
False
False
7
False
3851 3316 2309 3452 7358 1904
False
False
3851 3316 2309 3452 7358 1904 5875
1516
7878
7878
3851 3316 2309 3452 7358 1904 1516 7878
10
3851 3316 2309 3452 7358 1904 1516 7878 6015 5444
False
False
8966
False
False
3851 3316 2309 3452 7358 1904 1516 7878 8966 8836
4815
11
4815
False
3851 3316 2309 3452 7358 1904 1516 7878 8966 8836
False
8966
8966
11
False
9
False
3851 3316 2309 3452 7358 1904 1516 7878 8966
9
False
False
False
False
False
False
3851 3316 2309 3452 7358 1904 1516 4885
3851 3316 2309 3452 7358
3851 3316 2309 3452 7358
False
5
5
5
5
5
3851 3316 2309 3452 7358
7358
3851 3316 2309 3452 7358
7929
False
False
3851 3316 2309 3452 3815
False
446
False
False
3851 3316 2309 3452
3851 3316 2309
3851 3316
False
1
Empty

1
Empty

Empty
5
False
7
2983 7640 5025 7802 386 5152
4635
2983 7640 5025 7802 386 5152 4635
6
5152
8898
False
1772
False
False
2983 7640 5025 7802 386 9792 1772 3525
3525
2983 7640 5025 7802 386 9792 1772 3525
False
False
7
8
2983 7640 5025 7802 386 9792 1772 6550
False
1772
False
False
False
False
2567
2567
8
8
False
9
9141
2983 7640 5025 7802 386 9792 1772 7786
1772
7
7
2983 7640 5025 7802 386 9792 1772
7
2983 7640 5025 7802 386 9792 1772
7
2983 7640 5025 7802 386 9792 7395
7395
8
9
12
2983 7640 5025 7802 386 9792 7395 2741 915 2716 1771 8218
2983 7640 5025 7802 386 9792 7395 2741 915 2716 1771 8218
12
2983 7640 5025 7802 386 9792 7395 2741 915 2716 1771 8218
False
2983 7640 5025 7802 386 9792 7395 2741 915 2716 1771 8218 7818
False
13
7818
8218
False
False
2983 7640 5025 7802 386 9792 7395 2741 915 2716 1771
False
False
2983 7640 5025 7802 386 9792 7395 2741 915 2716 1771
2983 7640 5025 7802 386 9792 7395 2741 915 2716 1771 6690
2983 7640 5025 7802 386 9792 7395 2741 915 2716 1771 6690
2983 7640 5025 7802 386 9792 7395 2741 915 2716 1771
False
2983 7640 5025 7802 386 9792 7395 2741 915 2716
False
6826
False
False
2983 7640 5025 7802 386 9792 7395 2741
2983 7640 5025 7802 386 9792 7395 6957 62
False
9
2983 7640 5025 7802 386 9792 7395
False
False
False
False
2983 7640 5025
False
False
2983 7640
2983 7640
7640
2
2983 7640 3498
False
False
False
2983 7640 3498
False
3
3
2
7640
9716
4
7640
False
2983
2983
2983
Empty
Empty
0

Empty
False
False
False

0
False

Empty
0
7088
7088 7281
1
Empty
Empty
Empty

0
1286
False
Empty
True
False
Empty
4381
False
1
1
1
False
4
4381 9634 1947 181
181
4381 9634 1947 2317
9634
6060
False
False
4381 9634
9634
2
2547
2547
4381 9634
4012
4012
1651
1651
1651
False
4381 9634 7407 4012 4178 3666 1651
4381 9634 7407 4012 4178 3666 1651
3666
4381 9634 7407 4012 4178 3666
4381 9634 7407 4012
4381 9634 7407 4012
False
False
False
7407
4381 9634 7407
7654
4381 9634
False
4323
7649 4323 4698
7649 4323 4698
False
False
False
7649 4323 2151
3
6320
False
False
False
False
2
False
1


True
1
True
Empty
True
False
Empty
True
False
False
0



False
False
0
False
6113
Empty
Empty

Empty
False
False
0
True
6188 5071
6188
6188
False
0



8979
False
False
False
8347 5319
False
False
False
False
False
5
4
4
False
3
False
False
3
False
False
False
7919
7919
5442
2
8347 2336 3167
8347 2336
8347 2336 5797
8626
8347 2336 5797 8626
5797
False
8347 2336
2
