False
2857


False
0
1
False
170 7470 8908
170 7470 8908
False
False
False
False
4
False
False
9848
False
170 7470 8908 9848 3483 7967
6
170 7470 8908 9848 3483
170 7470 8908 9848
False
4
4
170 7470 8908 8740 1629
False
False
170 7470 8908 8740 1629
False
170 7470 8908 8740
9
9
9
170 7470 8908 8740 5326 781 6561 4316
9
4156
False
False
781
False
False
170 7470 8908 8740 5326 781 5368 4138
False
False
8
9299
7162
False
False
7162
170 7470 8908 8740 5326 781 5368 9299 7162
7162
170 7470 8908 8740 5326 781 5368 9299 7162
8
False
False
170 7470 8908 8740 5326 781 5368 9299 9414
170 7470 8908 8740 5326 781 5368 9299
8
False
False
8
170 7470 8908 8740 5326 781 5368 9299 4510 798
False
11
False
170 7470 8908 8740 5326 781 5368 9299 4510 798 8084 3752
False
170 7470 8908 8740 5326 781 5368 9299 4510 798 8084 3752
170 7470 8908 8740 5326 781 5368 9299 4510 798 8084 3752
7353
False
False
False
16
False
16
170 7470 8908 8740 5326 781 5368 9299 4510 798 8084 3752 7738 4058 4780 1906 7891
False
170 7470 8908 8740 5326 781 5368 9299 4510 798 8084 3752 7738 4058 4780 1906 7891 9728 1239 934
False
False
22
False
4394
False
170 7470 8908 8740 5326 781 5368 9299 4510 798 8084 3752 7738 4058 4780
15
False
170 7470 8908 8740 5326 781 5368 9299 4510 798 8084 3752 7738 4058
14
6341
170 7470 8908 8740 5326 781 5368 9299 4510 798 8084 3752 7738 4058 2179 6341
False
False
14
4058
170 7470 8908 8740 5326 781 5368 9299 4510 798 8084 3752 7738 4058
False
250
1023
16
170 7470 8908 8740 5326 781 5368 9299 4510 798 8084 3752 7738 4058 250 1023
15
False
False
False
16
16
170 7470 8908 8740 5326 781 5368 9299 4510 798 8084 3752 7738 4058 250 8841
16
False
False
19
False
18
5290
18
5290
5290
False
False
False
170 7470 8908 8740 5326 781 5368 9299 4510 798 8084 3752 7738 4058 250 8841 1537
170 7470 8908 8740 5326 781 5368 9299 4510 798 8084 3752 7738 4058 250 8841 1537
False
17
17
170 7470 8908 8740 5326 781 5368 9299 4510 798 8084 3752 7738 4058 250 8841 1537
False
17
170 7470 8908 8740 5326 781 5368 9299 4510 798 8084 3752 7738 4058 250 8841 1537 3730 8817
False
170 7470 8908 8740 5326 781 5368 9299 4510 798 8084 3752 7738 4058 250 8841 1537 3730 8868 1192 2634 9936 1908
170 7470 8908 8740 5326 781 5368 9299 4510 798 8084 3752 7738 4058 250 8841 1537 3730 8868 1192 2634 9936 1908
22
170 7470 8908 8740 5326 781 5368 9299 4510 798 8084 3752 7738 4058 250 8841 1537 3730 8868 1192 2634
False
False
False
False
False
19
False
8868
18
False
170 7470 8908 8740 5326 781 5368 9299 4510 798 8084 3752 7738 4058 250 8841 1537 3730 9818
False
False
3730
False
7363
170 7470 8908 8740 5326 781 5368 9299 4510 798 8084 3752 7738 4058 250 8841 7363
17
17
170 7470 8908 8740 5326 781 5368 9299 4510 798 8084 3752 7738 4058 250 8841 7363
False
False
170 7470 8908 8740 5326 781 5368 9299 4510 798 8084 3752 7738 4058 250 8841 7363 4512
170 7470 8908 8740 5326 781 5368 9299 4510 798 8084 3752 7738 4058 250 8841 7363 4512
4512
17
16
8841
False
17
17
8481
170 7470 8908 8740 5326 781 5368 9299 4510 798 8084 3752 7738 4058 250 8841 8481 3288
False
19
False
False
False
170 7470 8908 8740 5326 781 5368 9299 4510 798 8084 3752 7738 4058 250 8841 8481 3288 9573 7944 4034
False
False
False
False
18
False
5643
False
False
False
False
170 7470 8908 8740 5326 781 5368 9299 4510 798 8084 3752 7738 4058 250 8841 8481 3288 948 7537 8992 1801 7797
170 7470 8908 8740 5326 781 5368 9299 4510 798 8084 3752 7738 4058 250 8841 8481 3288 948 7537 8992 1801 7797
False
1801
False
7537
21
4369
False
22
False
False
24
False
False
7974
7974
21
170 7470 8908 8740 5326 781 5368 9299 4510 798 8084 3752 7738 4058 250 8841 8481 3288 948 7471 7974
170 7470 8908 8740 5326 781 5368 9299 4510 798 8084 3752 7738 4058 250 8841 8481 3288 948 7471 7974 7563
7563
7563
22
False
23
1497
23
False
23
False
False
7563
False
170 7470 8908 8740 5326 781 5368 9299 4510 798 8084 3752 7738 4058 250 8841 8481 3288 948 7471 7974 7563
False
19
170 7470 8908 8740 5326 781 5368 9299 4510 798 8084 3752 7738 4058 250 8841 8481 3288 948 1718
False
False
8326
False
170 7470 8908 8740 5326 781 5368 9299 4510 798 8084 3752 7738 4058 250 8841 8481 3288 948 1718 8326
8326
21
8326
8326
21
False
170 7470 8908 8740 5326 781 5368 9299 4510 798 8084 3752 7738 4058 250 8841 8481 3288 948
2195
23
False
1664
23
False
False
False
25
25
7210
False
False
170 7470 8908 8740 5326 781 5368 9299 4510 798 8084 3752 7738 4058 250 8841 8481 3288 948 4729 2041 1664 2525 9136 124 7210
1209
170 7470 8908 8740 5326 781 5368 9299 4510 798 8084 3752 7738 4058 250 8841 8481 3288 948 4729 2041 1664 2525 9136 124 5681
False
False
False
8610
29
29
170 7470 8908 8740 5326 781 5368 9299 4510 798 8084 3752 7738 4058 250 8841 8481 3288 948 4729 2041 1664 2525 9136 124 6367 8610 6342 4151 1727
29
29
170 7470 8908 8740 5326 781 5368 9299 4510 798 8084 3752 7738 4058 250 8841 8481 3288 948 4729 2041 1664 2525 9136 124 6367 8610 6342
4059
False
4059
4059
False
False
3706
False
28
28
28
170 7470 8908 8740 5326 781 5368 9299 4510 798 8084 3752 7738 4058 250 8841 8481 3288 948 4729 2041 1664 2525 9136 124 6367 8610 3706
False
6367
False
False
False
170 7470 8908 8740 5326 781 5368 9299 4510 798 8084 3752 7738 4058 250 8841 8481 3288 948 4729 2041 1664 2525 9136 124 6367
False
False
False
8973
170 7470 8908 8740 5326 781 5368 9299 4510 798 8084 3752 7738 4058 250 8841 8481 3288 948 4729 2041 1664 2525 9136 124 6367 8529 3173 8973
170 7470 8908 8740 5326 781 5368 9299 4510 798 8084 3752 7738 4058 250 8841 8481 3288 948 4729 2041 1664 2525 9136 124 6367 8529 3173 8973
False
170 7470 8908 8740 5326 781 5368 9299 4510 798 8084 3752 7738 4058 250 8841 8481 3288 948 4729 2041 1664 2525 9136 124 6367 8529 3173 8973
False
170 7470 8908 8740 5326 781 5368 9299 4510 798 8084 3752 7738 4058 250 8841 8481 3288 948 4729 2041 1664 2525 9136 124 6367 8529 3173
27
28
28
False
False
29
29
1435
170 7470 8908 8740 5326 781 5368 9299 4510 798 8084 3752 7738 4058 250 8841 8481 3288 948 4729 2041 1664 2525 9136 124 6367 8529 1435 9062
28
False
8529
170 7470 8908 8740 5326 781 5368 9299 4510 798 8084 3752 7738 4058 250 8841 8481 3288 948 4729 2041 1664 2525 9136 124 6367 8529
6367
False
25
False
24
170 7470 8908 8740 5326 781 5368 9299 4510 798 8084 3752 7738 4058 250 8841 8481 3288 948 4729 2041 1664 2525 9136
False
170 7470 8908 8740 5326 781 5368 9299 4510 798 8084 3752 7738 4058 250 8841 8481 3288 948 4729 2041 1664 2525 9136
False
False
False
22
22
170 7470 8908 8740 5326 781 5368 9299 4510 798 8084 3752 7738 4058 250 8841 8481 3288 948 4729 2041 1664
False
2041
170 7470 8908 8740 5326 781 5368 9299 4510 798 8084 3752 7738 4058 250 8841 8481 3288 948 4729 2041
170 7470 8908 8740 5326 781 5368 9299 4510 798 8084 3752 7738 4058 250 8841 8481 3288 948 4729 2041
21
False
170 7470 8908 8740 5326 781 5368 9299 4510 798 8084 3752 7738 4058 250 8841 8481 3288 948 4729 2041
False
22
False
170 7470 8908 8740 5326 781 5368 9299 4510 798 8084 3752 7738 4058 250 8841 8481 3288 948 4729 2041 8611
22
False
False
22
22
22
False
22
22
False
170 7470 8908 8740 5326 781 5368 9299 4510 798 8084 3752 7738 4058 250 8841 8481 3288 948 4729 2041 3946
21
2041
22
False
4729
False
4729
20
False
20
3267
170 7470 8908 8740 5326 781 5368 9299 4510 798 8084 3752 7738 4058 250 8841 8481 3288 948 4729 3267 9059
9059
4992
170 7470 8908 8740 5326 781 5368 9299 4510 798 8084 3752 7738 4058 250 8841 8481 3288 948 4729 3267 9059 4992
False
22
170 7470 8908 8740 5326 781 5368 9299 4510 798 8084 3752 7738 4058 250 8841 8481 3288 948 4729 3267 9059
23
5100
170 7470 8908 8740 5326 781 5368 9299 4510 798 8084 3752 7738 4058 250 8841 8481 3288 948 4729 3267 9059 5100
24
170 7470 8908 8740 5326 781 5368 9299 4510 798 8084 3752 7738 4058 250 8841 8481 3288 948 4729 3267 9059 5100 2159
170 7470 8908 8740 5326 781 5368 9299 4510 798 8084 3752 7738 4058 250 8841 8481 3288 948 4729 3267 9059 5100 2159
5100
23
23
5100
170 7470 8908 8740 5326 781 5368 9299 4510 798 8084 3752 7738 4058 250 8841 8481 3288 948 4729 3267 9059 5100
170 7470 8908 8740 5326 781 5368 9299 4510 798 8084 3752 7738 4058 250 8841 8481 3288 948 4729 3267 9059
170 7470 8908 8740 5326 781 5368 9299 4510 798 8084 3752 7738 4058 250 8841 8481 3288 948 4729 3267 9059
22
170 7470 8908 8740 5326 781 5368 9299 4510 798 8084 3752 7738 4058 250 8841 8481 3288 948 4729 3267 9059
22
22
23
False
False
21
False
22
170 7470 8908 8740 5326 781 5368 9299 4510 798 8084 3752 7738 4058 250 8841 8481 3288 948 4729 3267 1215
False
False
170 7470 8908 8740 5326 781 5368 9299 4510 798 8084 3752 7738 4058 250 8841 8481 3288 948 4729 3267 1215 5539
23
5539
False
False
False
False
170 7470 8908 8740 5326 781 5368 9299 4510 798 8084 3752 7738 4058 250 8841 8481 3288 948 4729 3267
False
False
21
21
5644
False
20
False
False
170 7470 8908 8740 5326 781 5368 9299 4510 798 8084 3752 7738 4058 250 8841 8481 3288 948 4729 3330
False
1459
8373
False
3330
False
3330
False
False
7451
False
170 7470 8908 8740 5326 781 5368 9299 4510 798 8084 3752 7738 4058 250 8841 8481 3288 948 4729 3330 6277 7325 6249 5768
26
170 7470 8908 8740 5326 781 5368 9299 4510 798 8084 3752 7738 4058 250 8841 8481 3288 948 4729 3330 6277 7325 6249 5768 7296
False
False
170 7470 8908 8740 5326 781 5368 9299 4510 798 8084 3752 7738 4058 250 8841 8481 3288 948 4729 3330 6277 7325 6249 5768 6592
26
False
6592
170 7470 8908 8740 5326 781 5368 9299 4510 798 8084 3752 7738 4058 250 8841 8481 3288 948 4729 3330 6277 7325 6249 5768 6592 6103
False
False
170 7470 8908 8740 5326 781 5368 9299 4510 798 8084 3752 7738 4058 250 8841 8481 3288 948 4729 3330 6277 7325 6249 5768
False
False
170 7470 8908 8740 5326 781 5368 9299 4510 798 8084 3752 7738 4058 250 8841 8481 3288 948 4729 3330 6277 7325 2073
False
23
23
25
24
24
24
170 7470 8908 8740 5326 781 5368 9299 4510 798 8084 3752 7738 4058 250 8841 8481 3288 948 4729 3330 6277 7325 6715 4160 9735
False
170 7470 8908 8740 5326 781 5368 9299 4510 798 8084 3752 7738 4058 250 8841 8481 3288 948 4729 3330 6277 7325 6715 4160
5170
28
False
170 7470 8908 8740 5326 781 5368 9299 4510 798 8084 3752 7738 4058 250 8841 8481 3288 948 4729 3330 6277 7325 6715 4160 3563 6259 6490
29
29
False
170 7470 8908 8740 5326 781 5368 9299 4510 798 8084 3752 7738 4058 250 8841 8481 3288 948 4729 3330 6277 7325 6715 4160 3563 6259 6490 2666 9964 4005
4005
False
9964
False
28
170 7470 8908 8740 5326 781 5368 9299 4510 798 8084 3752 7738 4058 250 8841 8481 3288 948 4729 3330 6277 7325 6715 4160 3563 6259 6490
170 7470 8908 8740 5326 781 5368 9299 4510 798 8084 3752 7738 4058 250 8841 8481 3288 948 4729 3330 6277 7325 6715 4160 3563 6259 6490
4299
False
170 7470 8908 8740 5326 781 5368 9299 4510 798 8084 3752 7738 4058 250 8841 8481 3288 948 4729 3330 6277 7325 6715 4160 3563 6259 6016 9670
4192
False
170 7470 8908 8740 5326 781 5368 9299 4510 798 8084 3752 7738 4058 250 8841 8481 3288 948 4729 3330 6277 7325 6715 4160 3563 6259 4192 8744 4950
8744
28
False
27
3563
3563
26
False
26
170 7470 8908 8740 5326 781 5368 9299 4510 798 8084 3752 7738 4058 250 8841 8481 3288 948 4729 3330 6277 7325 6715 4160 2876
23
23
23
7325
170 7470 8908 8740 5326 781 5368 9299 4510 798 8084 3752 7738 4058 250 8841 8481 3288 948 4729 3330 6277 7325
False
False
False
20
8429
False
False
False
23
False
False
24
7395
3303
False
False
25
False
3303
False
25
False
False
170 7470 8908 8740 5326 781 5368 9299 4510 798 8084 3752 7738 4058 250 8841 8481 3288 948 4729 8429 3780 7395 781 3303
3303
False
False
170 7470 8908 8740 5326 781 5368 9299 4510 798 8084 3752 7738 4058 250 8841 8481 3288 948 4729 8429 3780 7395 781 8135
False
False
170 7470 8908 8740 5326 781 5368 9299 4510 798 8084 3752 7738 4058 250 8841 8481 3288 948 4729 8429 3780 7395 781 8135 1406
False
27
3728
28
False
False
170 7470 8908 8740 5326 781 5368 9299 4510 798 8084 3752 7738 4058 250 8841 8481 3288 948 4729 8429 3780 7395 781 8135
25
False
False
170 7470 8908 8740 5326 781 5368 9299 4510 798 8084 3752 7738 4058 250 8841 8481 3288 948 4729 8429 3780 7395 781 8135 4377 4202 9116
False
170 7470 8908 8740 5326 781 5368 9299 4510 798 8084 3752 7738 4058 250 8841 8481 3288 948 4729 8429 3780 7395 781 8135 4377 4202 9116
29
170 7470 8908 8740 5326 781 5368 9299 4510 798 8084 3752 7738 4058 250 8841 8481 3288 948 4729 8429 3780 7395 781 8135 4377 4202 9116 8657
False
27
False
False
28
False
False
False
False
9847
26
False
27
False
908
False
1952
False
False
170 7470 8908 8740 5326 781 5368 9299 4510 798 8084 3752 7738 4058 250 8841 8481 3288 948 4729 8429 3780 7395 781 8135 4377 5741
False
False
27
170 7470 8908 8740 5326 781 5368 9299 4510 798 8084 3752 7738 4058 250 8841 8481 3288 948 4729 8429 3780 7395 781 8135 4377 5741 9876
7115
28
9876
False
29
False
30
27
False
27
6496
False
False
False
False
781
24
False
170 7470 8908 8740 5326 781 5368 9299 4510 798 8084 3752 7738 4058 250 8841 8481 3288 948 4729 8429 3780 7395 781 6357 9220
False
9220
False
False
26
False
735
False
False
False
170 7470 8908 8740 5326 781 5368 9299 4510 798 8084 3752 7738 4058 250 8841 8481 3288 948 4729 8429 3780 7395 781 6357 735 266 7592 3408 2939 7028
False
False
False
729
170 7470 8908 8740 5326 781 5368 9299 4510 798 8084 3752 7738 4058 250 8841 8481 3288 948 4729 8429 3780 7395 781 6357 735 266 7592 3408 2939 7028 729 3920
False
9908
35
35
35
False
458
False
False
170 7470 8908 8740 5326 781 5368 9299 4510 798 8084 3752 7738 4058 250 8841 8481 3288 948 4729 8429 3780 7395 781 6357 735 266 7592 3408 2939 7028 729 3920 9539 458
False
36
458
35
170 7470 8908 8740 5326 781 5368 9299 4510 798 8084 3752 7738 4058 250 8841 8481 3288 948 4729 8429 3780 7395 781 6357 735 266 7592 3408 2939 7028 729 3920 9539 458
False
170 7470 8908 8740 5326 781 5368 9299 4510 798 8084 3752 7738 4058 250 8841 8481 3288 948 4729 8429 3780 7395 781 6357 735 266 7592 3408 2939 7028 729 3920 9539
False
False
False
False
False
7480
170 7470 8908 8740 5326 781 5368 9299 4510 798 8084 3752 7738 4058 250 8841 8481 3288 948 4729 8429 3780 7395 781 6357 735 266 7592 3408 2939 7028 729 3920
3920
33
32
170 7470 8908 8740 5326 781 5368 9299 4510 798 8084 3752 7738 4058 250 8841 8481 3288 948 4729 8429 3780 7395 781 6357 735 266 7592 3408 2939 7028 729
False
9979
170 7470 8908 8740 5326 781 5368 9299 4510 798 8084 3752 7738 4058 250 8841 8481 3288 948 4729 8429 3780 7395 781 6357 735 266 7592 3408 2939 7028 729 7579 9979
9979
32
34
34
170 7470 8908 8740 5326 781 5368 9299 4510 798 8084 3752 7738 4058 250 8841 8481 3288 948 4729 8429 3780 7395 781 6357 735 266 7592 3408 2939 7028 7047 4375 8032
False
34
4913
4913
False
4913
False
36
False
False
False
False
False
34
False
5448
170 7470 8908 8740 5326 781 5368 9299 4510 798 8084 3752 7738 4058 250 8841 8481 3288 948 4729 8429 3780 7395 781 6357 735 266 7592 3408 2939 7028 7047 4375 5448
170 7470 8908 8740 5326 781 5368 9299 4510 798 8084 3752 7738 4058 250 8841 8481 3288 948 4729 8429 3780 7395 781 6357 735 266 7592 3408 2939 7028 7047 4375 5448
False
False
34
False
False
33
False
170 7470 8908 8740 5326 781 5368 9299 4510 798 8084 3752 7738 4058 250 8841 8481 3288 948 4729 8429 3780 7395 781 6357 735 266 7592 3408 2939 7028 7047 4375 3322 606
False
False
34
False
False
170 7470 8908 8740 5326 781 5368 9299 4510 798 8084 3752 7738 4058 250 8841 8481 3288 948 4729 8429 3780 7395 781 6357 735 266 7592 3408 2939 7028 7047 4375
170 7470 8908 8740 5326 781 5368 9299 4510 798 8084 3752 7738 4058 250 8841 8481 3288 948 4729 8429 3780 7395 781 6357 735 266 7592 3408 2939 7028 7047
170 7470 8908 8740 5326 781 5368 9299 4510 798 8084 3752 7738 4058 250 8841 8481 3288 948 4729 8429 3780 7395 781 6357 735 266 7592 3408 2939 7028 7047
False
False
7028
170 7470 8908 8740 5326 781 5368 9299 4510 798 8084 3752 7738 4058 250 8841 8481 3288 948 4729 8429 3780 7395 781 6357 735 266 7592 3408 2939 3003
31
False
3203
False
33
8608
32
9996
33
3448
False
False
170 7470 8908 8740 5326 781 5368 9299 4510 798 8084 3752 7738 4058 250 8841 8481 3288 948 4729 8429 3780 7395 781 6357 735 266 7592 3408 2939 5288 9996
False
False
9996
5288
False
537
5288
False
False
False
170 7470 8908 8740 5326 781 5368 9299 4510 798 8084 3752 7738 4058 250 8841 8481 3288 948 4729 8429 3780 7395 781 6357 735 266 7592 3408 2939
170 7470 8908 8740 5326 781 5368 9299 4510 798 8084 3752 7738 4058 250 8841 8481 3288 948 4729 8429 3780 7395 781 6357 735 266 7592 3408 2939 8920 6525
False
False
False
False
False
False
False
32
32
170 7470 8908 8740 5326 781 5368 9299 4510 798 8084 3752 7738 4058 250 8841 8481 3288 948 4729 8429 3780 7395 781 6357 735 266 7592 3408 6461 3706 5422 8331
8832
33
33
170 7470 8908 8740 5326 781 5368 9299 4510 798 8084 3752 7738 4058 250 8841 8481 3288 948 4729 8429 3780 7395 781 6357 735 266 7592 3408 6461 3706 5422 8331
170 7470 8908 8740 5326 781 5368 9299 4510 798 8084 3752 7738 4058 250 8841 8481 3288 948 4729 8429 3780 7395 781 6357 735 266 7592 3408 6461 3706 5422 8331
33
32
170 7470 8908 8740 5326 781 5368 9299 4510 798 8084 3752 7738 4058 250 8841 8481 3288 948 4729 8429 3780 7395 781 6357 735 266 7592 3408 6461 3706 5422
False
33
False
4603
170 7470 8908 8740 5326 781 5368 9299 4510 798 8084 3752 7738 4058 250 8841 8481 3288 948 4729 8429 3780 7395 781 6357 735 266 7592 3408 6461 3706
170 7470 8908 8740 5326 781 5368 9299 4510 798 8084 3752 7738 4058 250 8841 8481 3288 948 4729 8429 3780 7395 781 6357 735 266 7592 3408 6461 3706
False
170 7470 8908 8740 5326 781 5368 9299 4510 798 8084 3752 7738 4058 250 8841 8481 3288 948 4729 8429 3780 7395 781 6357 735 266 7592 3408 8427
170 7470 8908 8740 5326 781 5368 9299 4510 798 8084 3752 7738 4058 250 8841 8481 3288 948 4729 8429 3780 7395 781 6357 735 266 7592 3408 8427
170 7470 8908 8740 5326 781 5368 9299 4510 798 8084 3752 7738 4058 250 8841 8481 3288 948 4729 8429 3780 7395 781 6357 735 266 7592 3408 8427
170 7470 8908 8740 5326 781 5368 9299 4510 798 8084 3752 7738 4058 250 8841 8481 3288 948 4729 8429 3780 7395 781 6357 735 266 7592 3408 8427 7244
False
170 7470 8908 8740 5326 781 5368 9299 4510 798 8084 3752 7738 4058 250 8841 8481 3288 948 4729 8429 3780 7395 781 6357 735 266 7592 3408 8427 7244
7244
170 7470 8908 8740 5326 781 5368 9299 4510 798 8084 3752 7738 4058 250 8841 8481 3288 948 4729 8429 3780 7395 781 6357 735 266 7592 3408 8427 7244 9171
7337
False
170 7470 8908 8740 5326 781 5368 9299 4510 798 8084 3752 7738 4058 250 8841 8481 3288 948 4729 8429 3780 7395 781 6357 735 266 7592 3408 8427 7337
649
31
32
False
32
False
170 7470 8908 8740 5326 781 5368 9299 4510 798 8084 3752 7738 4058 250 8841 8481 3288 948 4729 8429 3780 7395 781 6357 735 266 7592 3408 8427 649 7310 718
32
32
False
33
False
33
5266
False
False
False
31
30
False
False
31
170 7470 8908 8740 5326 781 5368 9299 4510 798 8084 3752 7738 4058 250 8841 8481 3288 948 4729 8429 3780 7395 781 6357 735 266 7592 3408 4393 8986
False
False
27
False
False
False
2127
170 7470 8908 8740 5326 781 5368 9299 4510 798 8084 3752 7738 4058 250 8841 8481 3288 948 4729 8429 3780 7395 781 6357 735 5592 3311 9248 6963 2034
False
False
30
170 7470 8908 8740 5326 781 5368 9299 4510 798 8084 3752 7738 4058 250 8841 8481 3288 948 4729 8429 3780 7395 781 6357 735 5592 3311 9248 6963
2630
170 7470 8908 8740 5326 781 5368 9299 4510 798 8084 3752 7738 4058 250 8841 8481 3288 948 4729 8429 3780 7395 781 6357 735 5592 3311 9248 6963
9248
28
170 7470 8908 8740 5326 781 5368 9299 4510 798 8084 3752 7738 4058 250 8841 8481 3288 948 4729 8429 3780 7395 781 6357 735 5592
170 7470 8908 8740 5326 781 5368 9299 4510 798 8084 3752 7738 4058 250 8841 8481 3288 948 4729 8429 3780 7395 781 6357 735 5592
27
False
False
False
28
1416
28
28
5592
False
29
False
False
False
7341
27
False
170 7470 8908 8740 5326 781 5368 9299 4510 798 8084 3752 7738 4058 250 8841 8481 3288 948 4729 8429 3780 7395 781 6357 735 3744
27
3744
27
26
26
26
735
False
False
1160
25
170 7470 8908 8740 5326 781 5368 9299 4510 798 8084 3752 7738 4058 250 8841 8481 3288 948 4729 8429 3780 7395
False
25
26
False
170 7470 8908 8740 5326 781 5368 9299 4510 798 8084 3752 7738 4058 250 8841 8481 3288 948 4729 8429 3780 7395 3507 7651 1369
26
False
False
False
170 7470 8908 8740 5326 781 5368 9299 4510 798 8084 3752 7738 4058 250 8841 8481 3288 948 4729 8429 3780 7395 1246
False
170 7470 8908 8740 5326 781 5368 9299 4510 798 8084 3752 7738 4058 250 8841 8481 3288 948 4729 8429 3780 7395 1246
False
170 7470 8908 8740 5326 781 5368 9299 4510 798 8084 3752 7738 4058 250 8841 8481 3288 948 4729 8429 3780 7395
False
False
22
22
2406
False
False
4729
False
False
False
False
False
False
False
7780
23
23
False
False
4343
170 7470 8908 8740 5326 781 5368 9299 4510 798 8084 3752 7738 4058 250 8841 8481 3288 948 4729 8608 4343 5997 9699 3329
False
5997
False
False
False
170 7470 8908 8740 5326 781 5368 9299 4510 798 8084 3752 7738 4058 250 8841 8481 3288 948 4729 8608
20
False
False
False
False
4729
948
19
19
False
False
3288
False
17
7738
False
5116
False
170 7470 8908 8740 5326 781 5368 9299 4510 798 8084 3752 7738 9339 639
639
False
2119
False
18
False
19
170 7470 8908 8740 5326 781 5368 9299 4510 798 8084 3752 7738 9339 639 487 2119 7054 9251 8728 9123
False
2208
2208
22
9123
21
False
False
False
7054
170 7470 8908 8740 5326 781 5368 9299 4510 798 8084 3752 7738 9339 639 487 2119 8651 5713 2780
20
2780
20
5713
170 7470 8908 8740 5326 781 5368 9299 4510 798 8084 3752 7738 9339 639 487 2119
170 7470 8908 8740 5326 781 5368 9299 4510 798 8084 3752 7738 9339 639 487 2119
170 7470 8908 8740 5326 781 5368 9299 4510 798 8084 3752 7738 9339 639 487 2119
False
False
20
False
False
False
864
False
False
3
False
1871
170 7470 8908 8740 5326 781 5368 9299 4510 798 8084 3752 7738 9339 639 487 2119 91
False
17
5303
18
False
18
170 7470 8908 8740 5326 781 5368 9299 4510 798 8084 3752 7738 9339 639 487 2119 2891 6432
170 7470 8908 8740 5326 781 5368 9299 4510 798 8084 3752 7738 9339 639 487 2119 2891 6432
False
False
False
False
False
False
