Empty
Empty
Empty
False
True
0
0
2
False
2
2362 4121 6965
2362 4121 3734
False
False
2362 4121 3734
2362 4121 3734
3
4
2362 4121 4108 7813 4037
False
False
False
2362 4121 4108 7813
2362 4121 4108
4
False
False
2362 4121 4108 300 5446 1234
False
False
2362 4121 4108 300 5446 1234 2707 8925
False
2362 4121 4108 300 5446 1234 2707 7764
8
False
False
2362 4121 4108 300 5446 1234 2707 9444 6886
9
False
2362 4121 4108 300 5446 1234 2707 9444 9559 5288
False
False
False
2362 4121 4108 300 5446 1234 2707 9444 9559 5288 5057 3221 9766 2947 2660 6437
15
13
2362 4121 4108 300 5446 1234 2707 9444 9559 5288 5057 3221 9766
False
False
False
False
False
10
2362 4121 4108 300 5446 1234 2707 9444 9559 7516
2362 4121 4108 300 5446 1234 2707 9444 9559 7516
5
2362 4121 4108 300 5849 805
6
8
7
False
2362 4121 4108 300 5849 4747 1423
False
2362 4121 4108 300 5849 4747 3203
6
2362 4121 4108 300 5849 8417
4
2362 4121 4108 300
False
False
2362 4121 7433 7186 3633 4022 3833 536 405 5054 5649 7660
2362 4121 7433 7186 3633 4022 3833 536 405 5054 5649 7660
2362 4121 7433 7186 3633 4022 3833 536 405 5054 5649 7660
13
12
False
False
6
6
False
False
False
9
9
2362 4121 7433 7186 3633 6419 601 5857 3876
11
2362 4121 7433 7186 3633 6419 601 5857 3876 7174
False
False
False
False
11
False
False
False
2362 4121 7433 7186 3633 6419 601 5857 3876 7174 1791 6975 5037 1084 8787
15
15
2362 4121 7433 7186 3633 6419 601 5857 3876 7174 1791 6975 5037 1084 8787
2362 4121 7433 7186 3633 6419 601 5857 3876 7174 1791 6975 5037 1084 8787
False
False
False
False
18
2362 4121 7433 7186 3633 6419 601 5857 3876 7174 1791 6975 5037 1084 7613 1005 6325 1368
20
False
False
False
False
2362 4121 7433 7186 3633 6419 601 5857 3876 7174 1791 6975 5037 9429
2362 4121 7433 7186 3633 6419 601 5857 3876 7174 1791 6975 5037 9429
False
False
11
9
False
2362 4121 7433 7186 3633 6419
7
False
7
2362 4121 7433 7186 3633 6419 1090
9
2362 4121 7433 7186 3633 6419 1090 4997 1811 5605
False
False
2362 4121 7433 7186 3633 6419 1090 4997 1811 9298 147 9119 6055 4981
False
False
False
False
False
2362 4121 7433 7186 3633 6419 1090 4997 1811 9298 147 9119 6055
False
2362 4121 7433 7186 3633 6419 1090 4997 1811 9298 147 9119 6055 9414 349 9551 5001
False
False
False
2362 4121 7433 7186 3633 6419 1090 4997 1811 9298 147 9119
False
2362 4121 7433 7186 3633 6419 1090 4997 1811 9298 147 9119
False
2362 4121 7433 7186 3633 6419 1090 4997 1811 9298 7756
2362 4121 7433 7186 3633 6419 1090 4997 1811 9298 7756 7625 7794
False
15
False
16
2362 4121 7433 7186 3633 6419 1090 4997 1811 9298 7756 7625 7794 5604
False
2362 4121 7433 7186 3633 6419 1090 4997 1811 9298 7756 7625
False
False
2362 4121 7433 7186 3633 6419 1090 4997 1811 9298 7756 7625
2362 4121 7433 7186
False
2362 4121 7433 5439
4
3
4
4
False
False
2362 4121 7433 3909 3147
False
2362 4121 7433 3909
2362 4121 7433 3909
5
5
4
False
2362 4121 7433 3064
False
False
4
False
2362 4121
False
False
False
2362 4789 210
3
7
7
8
False
False
False
2362 4789 210 8010 7975 9875 5944 6261 5638 6918
2362 4789 210 8010 7975 9875 5944 6261 5638 6918 9633 1287
12
12
2362 4789 210 8010 7975 9875 5944 6261 5638 6918 9633 1287
False
False
11
False
False
False
False
2362 4789 210 8010 7975 9875 5944 6261 5638 6918 9004 602 130 7477 1371 3876
False
False
False
False
False
16
False
2362 4789 210 8010 7975 9875 5944 6261 5638 6918 9004 602 130 7477 1371 9954 4218 1395
False
2362 4789 210 8010 7975 9875 5944 6261 5638 6918 9004 602 130 7477 1371 9954
16
16
False
False
2362 4789 210 8010 7975 9875 5944 6261 5638 6918 9004 602 130 7477 1371 9954 3368 3019 289
False
False
21
21
False
2362 4789 210 8010 7975 9875 5944 6261 5638 6918 9004 602 130 7477 1371 9954 3368 3019 289
False
False
2362 4789 210 8010 7975 9875 5944 6261 5638 6918 9004 602 130 7477 1371 9954 3368 3019 289
False
False
2362 4789 210 8010 7975 9875 5944 6261 5638 6918 9004 602 130 7477 1371 9954 3368 3019 289
False
False
False
False
False
2362 4789 210 8010 7975 9875 5944 6261 5638 6918 9004 602 130 7477 1371 9954 2897
2362 4789 210 8010 7975 9875 5944 6261 5638 6918 9004 602 130 7477 1371 9954 7009 2173 7939
21
2362 4789 210 8010 7975 9875 5944 6261 5638 6918 9004 602 130 7477 1371 9954 7009 2173 7939 9947 5434
False
False
2362 4789 210 8010 7975 9875 5944 6261 5638 6918 9004 602 130 7477 1371 9954 7009 2173 7939 9947 4257
False
False
2362 4789 210 8010 7975 9875 5944 6261 5638 6918 9004 602 130 7477 1371 9954 7009 2173 7939 9947 4257 2429
False
22
22
False
22
23
24
23
23
2362 4789 210 8010 7975 9875 5944 6261 5638 6918 9004 602 130 7477 1371 9954 7009 2173 7939 9947 4257 2429 2947 1557 1816
False
False
2362 4789 210 8010 7975 9875 5944 6261 5638 6918 9004 602 130 7477 1371 9954 7009 2173 7939 9947 4257 2429 2947 1557
2362 4789 210 8010 7975 9875 5944 6261 5638 6918 9004 602 130 7477 1371 9954 7009 2173 7939 9947 4257 2429 2947 1557 8699
False
2362 4789 210 8010 7975 9875 5944 6261 5638 6918 9004 602 130 7477 1371 9954 7009 2173 7939 9947 4257 2429 2947 3664
2362 4789 210 8010 7975 9875 5944 6261 5638 6918 9004 602 130 7477 1371 9954 7009 2173 7939 9947 4257 2429 2947 3664 6354
False
26
25
False
22
20
False
False
False
23
False
False
False
False
False
False
2362 4789 210 8010 7975 9875 5944 6261 5638 6918 9004 602 130 7477 1371 9954 7009 2173 7939 9947
2362 4789 210 8010 7975 9875 5944 6261 5638 6918 9004 602 130 7477 1371 9954 7009 2173 7939 9947 8462 9867
False
20
False
False
False
2362 4789 210 8010 7975 9875 5944 6261 5638 6918 9004 602 130 7477 1371 9954 7009 2173 1264
False
False
False
2362 4789 210 8010 7975 9875 5944 6261 5638 6918 9004 602 130 7477 1371 7557 1847
False
False
14
False
False
2362 4789 210 8010 7975 9875 5944 6261 5638 6918 9004 602 7878 9298 1517 8177
18
18
2362 4789 210 8010 7975 9875 5944 6261 5638 6918 9004 602 7878 9298 1517 8177 234
False
False
19
15
False
2362 4789 210 8010 7975 9875 5944 6261 5638 6918 9004 602 7878 9298 1517 635
False
17
2362 4789 210 8010 7975 9875 5944 6261 5638 6918 9004 602 7878 9298 1517 635 3017
False
False
16
2362 4789 210 8010 7975 9875 5944 6261 5638 6918 9004 602 7878 9298 1517
2362 4789 210 8010 7975 9875 5944 6261 5638 6918 9004 602 7878 9298 1517
False
14
2362 4789 210 8010 7975 9875 5944 6261 5638 6918 9004 602 7878 9298
2362 4789 210 8010 7975 9875 5944 6261 5638 6918 9004 602 7878 9298
2362 4789 210 8010 7975 9875 5944 6261 5638 6918 9004 602 7878 9298 6535
False
15
False
False
False
2362 4789 210 8010 7975 9875 5944 6261 5638 6918 9004 602 7878 9298 911 327 666
False
False
False
False
2362 4789 210 8010 7975 9875 5944 6261 5638 6918 9004 602 7878 8764 8891
False
False
False
False
2362 4789 210 8010 7975 9875 5944 6261 5638
False
2362 4789 210 8010 7975 9875 5944 6261 5638
False
7
2362 4789 210 8010 7975 9875 8536
False
False
2362 4789 210 8010 7975 278 3104
9
9
False
False
False
False
False
7
False
False
2362 4789 210 8010 7975 222 99
False
False
9
False
2362 4789 210 8010 7975 222 99 9530 3713 1771
False
False
False
False
False
12
2362 4789 210 8010 7975 222 99 9530 3713 3346 2751 1827 8928
14
2362 4789 210 8010 7975 222 99 9530 3713 3346 2751 1827 8928
2362 4789 210 8010 7975 222 99 9530 3713 3346 2751 1827 8928 9691
2362 4789 210 8010 7975 222 99 9530 3713 3346 2751 1827 8928 9691
17
2362 4789 210 8010 7975 222 99 9530 3713 3346 2751 1827
2362 4789 210 8010 7975 222 99 9530 3713 3346
False
2362 4789 210 8010 7975 222 99 9530 3713 3346 9340
14
2362 4789 210 8010 7975 222 99 9530 3713 3346 9340 6988 1038 9743
2362 4789 210 8010 7975 222 99 9530 3713 3346 9340 6988 1038 9743 4179
16
2362 4789 210 8010 7975 222 99 9530 3713 3346 9340 6988 1038 9743 4179
False
12
13
2362 4789 210 8010 7975 222 99 9530 3713 3346 9340 6988 5512 7732
2362 4789 210 8010 7975 222 99 9530 3713 3346 9340 6988
False
False
2362 4789 210 8010 7975 222 99 9530 3713 3346 9340
11
False
11
False
False
False
False
False
2362 4789 210 8010 7975 222 99 9530 3713 3346 1249 1367
False
2362 4789 210 8010 7975 222 99 9530 3713 3346 3775 4778 5756
13
2362 4789 210 8010 7975 222 99 9530 3713 3346 3775 4778 5756
13
2362 4789 210 8010 7975 222 99 9530 3713 3346 3775 4778 5756
2362 4789 210 8010 7975 222 99 9530 3713 3346 3775 2211
False
False
13
2362 4789 210 8010 7975 222 99 9530 3713 3346 3775
False
10
2362 4789 210 8010 7975 222 99 9530 3713 3346
False
False
False
False
8
2362 4789 210 8010 7975 222 99 4145
2362 4789 210 8010 7975 222 99
2362 4789 210 8010 7975 222 99
7
2362 4789 210 8010 7975 222 974 3351
4
False
False
2362 4789 9782 2933 8842
False
False
False
False
False
False
False
False
False
False
True
Empty
Empty
False
Empty
True
True
0
Empty
True
Empty
True
1

True
Empty
0
Empty

Empty
False
0
True
False
0
False
Empty
False

0
0
4520
4520 7869 2431
False
2
4520 7048
True
True
Empty
Empty
0
False
Empty
Empty
Empty
True
Empty
Empty
0
Empty
False
1
7995 6679
7995 6679
False
Empty
False

1209 2994
False

Empty
False
False
Empty
False

1
Empty
Empty
True
False
1
1
Empty
False
4193 9652 1515 3618 7457
5
2
False
4193
False
False
2
3883 1331
3883 1331 7401 2279
3883 1331 7401 2279
False
False
8635 2614
False
True
True
Empty
0
Empty
True
True
0
Empty
7112
False
1
2
5
14 928 2291 8401 5621
14 928 2291 8401
4
False
14 928 2291 8401 7000 5144 7895
14 928 2291 8401 7000 5144 7895
False
8
8
8
False
8
False
7
False
False
14 928 2291 8401 7000 5144 7895 1585
False
14 928 2291 8401 7000 5144 7895 1585 3406
False
False
False
14 928 2291 8401 7000 5144 7895 1585 3406 6704
14 928 2291 8401 7000 5144 7895 1585 3406 8647
False
False
False
14
False
False
False
13
14
False
False
False
False
13
False
False
10
False
False
False
12
False
14 928 2291 8401 7000 5144 7895 1585 3406 1857 2176 5247 2553
False
14 928 2291 8401 7000 5144 7895 1585 3406 1857 2176 5247 1075 1744
13
False
False
False
False
False
False
False
False
False
12
False
14 928 2291 8401 7000 5144 7895 1585 3406 1857 2176 5247 6147
13
14
14
False
False
14 928 2291 8401 7000 5144 7895 1585 3406 1857 2176 5247 7052
15
14 928 2291 8401 7000 5144 7895 1585 3406 1857 2176 5247 7052 6651
False
14 928 2291 8401 7000 5144 7895 1585 3406 1857 2176 5247 7052 4502
14
False
14 928 2291 8401 7000 5144 7895 1585 3406 1857 2176 5247 7052 2755 4889 7233
False
False
False
False
11
14 928 2291 8401 7000 5144 7895 1585 3406 1857 2176
False
False
14 928 2291 8401 7000 5144 7895 1585 3406 1857 2176
False
14 928 2291 8401 7000 5144 7895 1585 3406 1857 2176 7498
False
10
False
10
False
11
False
False
False
14 928 2291 8401 7000 5144 7895 1585 3406
False
False
False
False
13
False
14 928 2291 8401 7000 5144 7895 1585 3406 3602 2835 5778 4666
14 928 2291 8401 7000 5144 7895 1585 3406 3602 2835 5778
10
False
14 928 2291 8401 7000 5144 7895 1585 3406 3602 958
7
False
14 928 2291 8401 7000 5144 3828
False
14 928 2291 8401 7000 5144 3828 5100
14 928 2291 8401 7000 5144 3828
False
False
False
14 928 2291 8401 7000 5144 4983 7177
False
14 928 2291 8401 7000 5144 360
14 928 2291 8401 7000 5144 8548
7
False
False
14 928 2291 8401 7000
14 928 2291 8401 7000
5
False
5
14 928 2291 8401 7000
False
False
3
2
Empty
8223 1776
False
False
3
False
8223 1776 2018 7887
False
8223 1776 2018
False
8223 1776 2018 6922
False
False
False
8223 1776 2018 6922 4780 4985 2124 9141 8124 2604 115
False
False
False
8223 1776 2018 6922 4780 4985 2124 9141 8124 2604 8209
8223 1776 2018 6922 4780 4985 2124 9141 8124 2604
False
8223 1776 2018 6922 4780 4985 2124 9141 8124
8223 1776 2018 6922 4780 4985 2124 9141 8124
9
11
False
False
False
False
12
False
15
8223 1776 2018 6922 4780 4985 2124 9141 8124 7394 345 705 9870 8102 8836
False
8223 1776 2018 6922 4780 4985 2124 9141 8124 7394 345 6464
False
11
False
False
False
False
8223 1776 2018 6922 4780 4985 2124 9141 8124 8615
False
False
8223 1776 2018 6922 4780 4985 2124 9141 8124 8615 9531 9235
False
13
False
False
16
False
False
False
8223 1776 2018 6922 4780 4985 2124 9141 8124 8615 9531 9235 194 6420 9226 9818 9616 1345 2589
False
8223 1776 2018 6922 4780 4985 2124 9141 8124 8615 9531 9235 194 6420 9226 9818 9616 1345 8134
False
16
False
False
8223 1776 2018 6922 4780 4985 2124 9141 8124 8615 9531 9235 194 6420 9226 9818
False
15
False
14
False
False
8223 1776 2018 6922 4780 4985 2124 9141 8124 8615 9531 9235 194 6420 9193
False
8223 1776 2018 6922 4780 4985 2124 9141 8124 8615 9531 9235 194 6420 9193
8223 1776 2018 6922 4780 4985 2124 9141 8124 8615 9531 9235 194 6420 9193
8223 1776 2018 6922 4780 4985 2124 9141 8124 8615 9531 9235 194 6420
False
False
16
False
15
False
False
False
16
16
False
8223 1776 2018 6922 4780 4985 2124 9141 8124 8615 9531 9235 194 6420
False
8223 1776 2018 6922 4780 4985 2124 9141 8124 8615 9531 9235
False
False
False
False
False
False
15
8223 1776 2018 6922 4780 4985 2124 9141 8124 8615 9531 9235 2175 902 4718
False
False
8223 1776 2018 6922 4780 4985 2124 9141 8124 8615 9531 9235 2175 902 7655 9642
15
8223 1776 2018 6922 4780 4985 2124 9141 8124 8615 9531 9235 2175 902 7655
15
False
15
False
False
14
False
False
False
8223 1776 2018 6922 4780 4985 2124 9141 8124 8615 9531 9235 2175 902 6661 6409
8223 1776 2018 6922 4780 4985 2124 9141 8124 8615 9531 9235 2175 902 6661 6409
False
16
False
8223 1776 2018 6922 4780 4985 2124 9141 8124 8615 9531 9235 2175 902 6661
8223 1776 2018 6922 4780 4985 2124 9141 8124 8615 9531 9235 2175 902 6661
15
False
False
False
8223 1776 2018 6922 4780 4985 2124 9141 8124 8615 9531 9235 2175 6926 8908 6693
False
14
15
False
False
13
False
False
False
16
8223 1776 2018 6922 4780 4985 2124 9141 8124 8615 9531 9235 2175 4001 4127
False
False
8223 1776 2018 6922 4780 4985 2124 9141 8124 8615 9531 9235 2175 4001
14
False
False
False
8223 1776 2018 6922 4780 4985 2124 9141 8124 8615 9531 9235 2175 4001
False
False
13
False
8223 1776 2018 6922 4780 4985 2124 9141 8124 8615 9531 9235 2175
False
False
8223 1776 2018 6922 4780 4985 2124 9141 8124 8615 9531 9235 6202 1568
14
13
False
8223 1776 2018 6922 4780 4985 2124 9141 8124 8615 9531 9235 6202 9148
11
False
10
False
False
8223 1776 2018 6922 4780 4985 2124 9141 8124 6330 7164 4875
False
False
False
False
11
8223 1776 2018 6922 4780 4985 2124 9141 8124 6330 7164 4965
8223 1776 2018 6922 4780 4985 2124 9141 8124 6330
8223 1776 2018 6922 4780 4985 2124 9141 8124 6330 3820
8223 1776 2018 6922 4780 4985 2124 9141 8124 6330 7979 3108 8336 3401
14
8223 1776 2018 6922 4780 4985 2124 9141 8124 6330 7979 3108 8336 3448 3222 2403
False
17
False
8223 1776 2018 6922 4780 4985 2124 9141 8124 6330 7979 3108 8336 3448 3222
8223 1776 2018 6922 4780 4985 2124 9141 8124 6330 7979 3108 8336 3448 3222 5373
False
False
16
False
False
False
17
8223 1776 2018 6922 4780 4985 2124 9141 8124 6330 7979 3108 8336 3448 3222 5373 7348
False
False
8223 1776 2018 6922 4780 4985 2124 9141 8124 6330 7979 3108 8336 3448 3222 5373 7348
False
False
22
22
22
8223 1776 2018 6922 4780 4985 2124 9141 8124 6330 7979 3108 8336 3448 3222 5373 1344 3170 4903 6791 4117 9140
23
False
False
False
8223 1776 2018 6922 4780 4985 2124 9141 8124 6330 7979 3108 8336 3448 3222 5373 1344 3170 4903
21
8223 1776 2018 6922 4780 4985 2124 9141 8124 6330 7979 3108 8336 3448 3222 5373 1344 3170 4903 5925 197 2850 2405 2931
24
24
24
25
False
27
False
False
False
8223 1776 2018 6922 4780 4985 2124 9141 8124 6330 7979 3108 8336 3448 3222 5373 1344 3170 4903 5925 197 2850 2405 6671 6726 3374 2243 5210
False
28
28
32
False
8223 1776 2018 6922 4780 4985 2124 9141 8124 6330 7979 3108 8336 3448 3222 5373 1344 3170 4903 5925 197 2850 2405 6671 6726 3374 2243 5210 1015 2022 7828 4301 2350 7923
8223 1776 2018 6922 4780 4985 2124 9141 8124 6330 7979 3108 8336 3448 3222 5373 1344 3170 4903 5925 197 2850 2405 6671 6726 3374 2243 5210 1015 2022 7828 4301 2350 7923
False
False
8223 1776 2018 6922 4780 4985 2124 9141 8124 6330 7979 3108 8336 3448 3222 5373 1344 3170 4903 5925 197 2850 2405 6671 6726 3374 2243 5210 1015 2022 7828 4301 2350 9691 4786
False
8223 1776 2018 6922 4780 4985 2124 9141 8124 6330 7979 3108 8336 3448 3222 5373 1344 3170 4903 5925 197 2850 2405 6671 6726 3374 2243 5210 1015 2022 7828 4301 2350 9691 4786 7539
8223 1776 2018 6922 4780 4985 2124 9141 8124 6330 7979 3108 8336 3448 3222 5373 1344 3170 4903 5925 197 2850 2405 6671 6726 3374 2243 5210 1015 2022 7828 4301 2350 9691 4786 7539
False
8223 1776 2018 6922 4780 4985 2124 9141 8124 6330 7979 3108 8336 3448 3222 5373 1344 3170 4903 5925 197 2850 2405 6671 6726 3374 2243 5210 1015 2022 7828 4301 2350 9691 4786 7539
8223 1776 2018 6922 4780 4985 2124 9141 8124 6330 7979 3108 8336 3448 3222 5373 1344 3170 4903 5925 197 2850 2405 6671 6726 3374 2243 5210 1015 2022 7828 4301 2350 9691 4786
False
8223 1776 2018 6922 4780 4985 2124 9141 8124 6330 7979 3108 8336 3448 3222 5373 1344 3170 4903 5925 197 2850 2405 6671 6726 3374 2243 5210 1015 2022 7828 4301 2350 9691 2797 6054
36
36
36
False
False
8223 1776 2018 6922 4780 4985 2124 9141 8124 6330 7979 3108 8336 3448 3222 5373 1344 3170 4903 5925 197 2850 2405 6671 6726 3374 2243 5210 1015 2022 7828 4301 2350 9691
False
8223 1776 2018 6922 4780 4985 2124 9141 8124 6330 7979 3108 8336 3448 3222 5373 1344 3170 4903 5925 197 2850 2405 6671 6726 3374 2243 5210 1015 2022 7828 4301 2350 9691
False
8223 1776 2018 6922 4780 4985 2124 9141 8124 6330 7979 3108 8336 3448 3222 5373 1344 3170 4903 5925 197 2850 2405 6671 6726 3374 2243 5210 1015 2022 7828 4301 2350 9691
8223 1776 2018 6922 4780 4985 2124 9141 8124 6330 7979 3108 8336 3448 3222 5373 1344 3170 4903 5925 197 2850 2405 6671 6726 3374 2243 5210 1015 2022 7828 4301 2350 9691
False
8223 1776 2018 6922 4780 4985 2124 9141 8124 6330 7979 3108 8336 3448 3222 5373 1344 3170 4903 5925 197 2850 2405 6671 6726 3374 2243 5210 1015 2022 7828 4301 2350 9691 9129
37
False
False
False
8223 1776 2018 6922 4780 4985 2124 9141 8124 6330 7979 3108 8336 3448 3222 5373 1344 3170 4903 5925 197 2850 2405 6671 6726 3374 2243 5210 1015 2022 7828 4301 2350 9691 9129 8160 8377 8852 8380 580
False
False
8223 1776 2018 6922 4780 4985 2124 9141 8124 6330 7979 3108 8336 3448 3222 5373 1344 3170 4903 5925 197 2850 2405 6671 6726 3374 2243 5210 1015 2022 7828 4301 2350 3603
False
8223 1776 2018 6922 4780 4985 2124 9141 8124 6330 7979 3108 8336 3448 3222 5373 1344 3170 4903 5925 197 2850 2405 6671 6726 3374 2243 5210 1015 2022 7828
8223 1776 2018 6922 4780 4985 2124 9141 8124 6330 7979 3108 8336 3448 3222 5373 1344 3170 4903 5925 197 2850 2405 6671 6726 3374 2243 5210 1015 2022
30
28
8223 1776 2018 6922 4780 4985 2124 9141 8124 6330 7979 3108 8336 3448 3222 5373 1344 3170 4903 5925 197 2850 2405 6671 6726 3374 2243 5210
28
8223 1776 2018 6922 4780 4985 2124 9141 8124 6330 7979 3108 8336 3448 3222 5373 1344 3170 4903 5925 197 2850 2405 6671 6726 3374 2243 8003
29
29
False
False
False
False
29
28
False
False
False
False
False
False
False
21
False
19
False
False
8223 1776 2018 6922 4780 4985 2124 9141 8124 6330 7979 3108 8336 3448 3222 5373 1344 3170 2675 9223 3915 3165
8223 1776 2018 6922 4780 4985 2124 9141 8124 6330 7979 3108 8336 3448 3222 5373 1344 3170 2675 9223 3915 3165
21
8223 1776 2018 6922 4780 4985 2124 9141 8124 6330 7979 3108 8336 3448 3222 5373 1344 3170 2675 9223 3915
24
22
8223 1776 2018 6922 4780 4985 2124 9141 8124 6330 7979 3108 8336 3448 3222 5373 1344 3170 2675 9223 3915
False
False
8223 1776 2018 6922 4780 4985 2124 9141 8124 6330 7979 3108 8336 3448 3222 5373 1344 3170 2564
8223 1776 2018 6922 4780 4985 2124 9141 8124 6330 7979 3108 8336 3448 3222 5373 1344 3170 2564
19
False
20
False
8223 1776 2018 6922 4780 4985 2124 9141 8124 6330 7979 3108 8336 3448 3222 5373 1344 3170 2564 2213 710
8223 1776 2018 6922 4780 4985 2124 9141 8124 6330 7979 3108 8336 3448 3222 5373 1344 3170 2564 2213 6079 2661
False
False
21
False
False
False
21
False
8223 1776 2018 6922 4780 4985 2124 9141 8124 6330 7979 3108 8336 3448 3222 5373 1344 3170 2564 2213
False
False
8223 1776 2018 6922 4780 4985 2124 9141 8124 6330 7979 3108 8336 3448 3222 5373 1344
16
False
17
False
8223 1776 2018 6922 4780 4985 2124 9141 8124 6330 7979 3108 8336 3448 3222 4594 3314 6088
False
8223 1776 2018 6922 4780 4985 2124 9141 8124 6330 7979 3108 8336 3448 3222 4594 3314
False
8223 1776 2018 6922 4780 4985 2124 9141 8124 6330 7979 3108 8336 3448 3222 7901
False
8223 1776 2018 6922 4780 4985 2124 9141 8124 6330 7979 3108 8336 3448 3222 7901 8545 3052 4183
False
False
8223 1776 2018 6922 4780 4985 2124 9141 8124 6330 7979 3108 8336 3448 3222 7901 8545
17
False
15
False
False
8223 1776 2018 6922 4780 4985 2124 9141 8124 6330 7979 9392 9069 3426 5802 4012 4534
16
False
False
False
False
False
False
False
False
14
13
8223 1776 2018 6922 4780 4985 2124 9141 8124 6330 7979 9392 8451
False
False
False
8223 1776 2018 6922 4780 4985 2124 9141 8124 6330 7979 1013
8223 1776 2018 6922 4780 4985 2124 9141 8124 6330 7979 1013 2733
13
False
8223 1776 2018 6922 4780 4985 2124 9141 8124 6330 7979 1013 1856
False
9
False
8
8
False
False
10
8223 1776 2018 6922 4780 4985 2124 9343 6219 5309
8223 1776 2018 6922 4780 4985 2124 9343 6219 5309 2479 4446 3967
False
False
13
False
False
False
False
False
8223 1776 2018 6922 4780 4985 2124 9343 6219 5309 2479 4446 7483
13
8223 1776 2018 6922 4780 4985 2124 9343 6219 5309 2479 4446 7483 4273
14
False
16
8223 1776 2018 6922 4780 4985 2124 9343 6219 5309 2479 4446 7483 4273 1853 5345
False
False
False
8223 1776 2018 6922 4780 4985 2124 9343 6219 5309 59 6738
False
False
False
False
False
False
10
9
9
9
8223 1776 2018 6922 4780 4985 2124 9343 6219
False
False
6
8223 1776 2018 6922 4780 4985 5820
7
8223 1776 2018 6922 4780 4985 5820
False
8223 1776 2018 6922 4780 4985
False
False
8223 1776 2018 6922 4780 4985 2055
False
7
False
8223 1776 2018 6922 1142 843 6959 6138
8223 1776 2018 6922 1142 843 6959 6138
False
False
False
False
8223 1776
False
8223 1776 222 1969 4644
False
8223 1776 222 1969 4644
8223 1776 222
False
2
8223 9677
True
0
False
5277 6272
False
1
False
1
False
5277
False
4
False
5
False
2
5277 5326
3
False
4
False
False
4
False
4
3
False
5277 5326
5277 9702
False
2
5277 9702
5277
5277
True

Empty
False

Empty
False

Empty
Empty

False
False

False
True
7239
Empty
Empty
0
0
Empty
Empty
False
False
False
False
3
False
False
False

True
False
False
False
False
False
5891 5785 9933 1210 7218
5891 5785 9933 1210
False
False
False
5891 5785 9933 1210 508 1530 3206 8929 2077
8
False
7
5
False
5
5
5
5
False
3
False
5891 5785 8018
False
False
3
3
False
6
5891 5785 7050 8084 5897 6800 9177
5891 5785 7050 8084 5897 6800 9177
False
5891 5785 7050 8084 5897
False
False
7
5891 5785 7050 8084 5897 1525 6804 3538
5891 5785 7050 8084 5897 1525 6804 3538
5891 5785 7050 8084 5897 1525 6804 4448 3888
9
False
5891 5785 7050 8084 5897 1525 6804 4448 3888
9
False
12
False
5891 5785 7050 8084 5897 1525 6804 4448 3888 7472 7315 8867
14
15
14
False
14
False
False
5891 5785 7050 8084 5897 1525 6804 4448 3888 7472 7315 8867 4956 7039 4588
15
False
5891 5785 7050 8084 5897 1525 6804 4448 3888 7472 7315 8867 4956 7039 4588
False
False
5891 5785 7050 8084 5897 1525 6804 4448 3888 7472 7315 8867 4956 7039 4588 4998
5891 5785 7050 8084 5897 1525 6804 4448 3888 7472 7315 8867 4956 7039 4588 6264
False
False
5891 5785 7050 8084 5897 1525 6804 4448 3888 7472 7315 8867 4956 7039 4588
False
5891 5785 7050 8084 5897 1525 6804 4448 3888 7472 7315 8867 4956 7039 4588
False
False
5891 5785 7050 8084 5897 1525 6804 4448 3888 7472 7315 8867 4956 7039 4588 3926 6231
False
5891 5785 7050 8084 5897 1525 6804 4448 3888 7472 7315 8867 4956 7039 4588 3926 6231
False
5891 5785 7050 8084 5897 1525 6804 4448 3888 7472 7315 8867 4956 7039 4588
15
False
12
5891 5785 7050 8084 5897 1525 6804 4448 3888 7472 7315 8867 2598 656
False
False
5891 5785 7050 8084 5897 1525 6804 4448 3888 7472 7315 8867 2598
13
13
5891 5785 7050 8084 5897 1525 6804 4448 3888 7472 7315 8867 2598
5891 5785 7050 8084 5897 1525 6804 4448 3888 7472 7315 8867 2598 9702
False
False
5891 5785 7050 8084 5897 1525 6804 4448 3888 7472 7315 8867 2598 9702 3996
False
False
False
False
5891 5785 7050 8084 5897 1525 6804 4448 3888 7472 7315 8867 2598 9702 9206
5891 5785 7050 8084 5897 1525 6804 4448 3888 7472 7315 8867 2598 9702
False
5891 5785 7050 8084 5897 1525 6804 4448 3888 7472 7315 8867 2598 5819
14
5891 5785 7050 8084 5897 1525 6804 4448 3888 7472 7315 8867 2598 3651
False
False
False
5891 5785 7050 8084 5897 1525 6804 4448 3888 7472 7315 8867 2598 3651 4482 5661 7012 3072
18
18
False
5891 5785 7050 8084 5897 1525 6804 4448 3888 7472 7315 8867 2598 3651 4482 5661 7012 3072
False
17
False
False
5891 5785 7050 8084 5897 1525 6804 4448 3888 7472 7315 8867 2598 3651 4482 5661 7012 115
17
False
False
5891 5785 7050 8084 5897 1525 6804 4448 3888 7472 7315 8867 2598 3651 4482
5891 5785 7050 8084 5897 1525 6804 4448 3888 7472 7315 8867 2598 3651 1149 7093
False
17
False
False
16
5891 5785 7050 8084 5897 1525 6804 4448 3888 7472 7315 8867 2598 3651 1149 2985
False
22
False
23
5891 5785 7050 8084 5897 1525 6804 4448 3888 7472 7315 8867 2598 3651 1149 2096 7831 4859 5097 8251 3851 535 4585 7969
False
False
False
False
False
False
False
False
False
5891 5785 7050 8084 5897 1525 6804 4448 3888 7472 7315 8867 2598 3651 1149 2096 7831 4859 5097 8251 3851 535 4585 7969 6633 3664 3229
5891 5785 7050 8084 5897 1525 6804 4448 3888 7472 7315 8867 2598 3651 1149 2096 7831 4859 5097 8251 3851 535 4585 7969 6633 3664 6860
False
False
26
5891 5785 7050 8084 5897 1525 6804 4448 3888 7472 7315 8867 2598 3651 1149 2096 7831 4859 5097 8251 3851 535 4585 7969 6633 3664
5891 5785 7050 8084 5897 1525 6804 4448 3888 7472 7315 8867 2598 3651 1149 2096 7831 4859 5097 8251 3851 535 4585 7969 6633 3664 4013
5891 5785 7050 8084 5897 1525 6804 4448 3888 7472 7315 8867 2598 3651 1149 2096 7831 4859 5097 8251 3851 535 4585 7969 6633 3664
False
5891 5785 7050 8084 5897 1525 6804 4448 3888 7472 7315 8867 2598 3651 1149 2096 7831 4859 5097 8251 3851 535 4585 7969 6633 3664 599 8825
5891 5785 7050 8084 5897 1525 6804 4448 3888 7472 7315 8867 2598 3651 1149 2096 7831 4859 5097 8251 3851 535 4585 7969 6633 3664 599 8825 3063 9261
False
False
False
5891 5785 7050 8084 5897 1525 6804 4448 3888 7472 7315 8867 2598 3651 1149 2096 7831 4859 5097 8251 3851 535 4585 7969 6633 3664 599 7220 5634
5891 5785 7050 8084 5897 1525 6804 4448 3888 7472 7315 8867 2598 3651 1149 2096 7831 4859 5097 8251 3851 535 4585 7969 6633 3664 599 7220 5634
30
False
5891 5785 7050 8084 5897 1525 6804 4448 3888 7472 7315 8867 2598 3651 1149 2096 7831 4859 5097 8251 3851 535 4585 7969 6633 3664 599 3035
False
5891 5785 7050 8084 5897 1525 6804 4448 3888 7472 7315 8867 2598 3651 1149 2096 7831 4859 5097 8251 3851 535 4585 7969 6633 3664 599 3035
5891 5785 7050 8084 5897 1525 6804 4448 3888 7472 7315 8867 2598 3651 1149 2096 7831 4859 5097 8251 3851 535 4585 7969 6633
5891 5785 7050 8084 5897 1525 6804 4448 3888 7472 7315 8867 2598 3651 1149 2096 7831 4859 5097 8251 3851 535 4585 7969 764 6648 7246 1420
28
28
5891 5785 7050 8084 5897 1525 6804 4448 3888 7472 7315 8867 2598 3651 1149 2096 7831 4859 5097 8251 3851 535 4585 7969 764 6648 7246 1420
28
False
False
False
False
False
False
5891 5785 7050 8084 5897 1525 6804 4448 3888 7472 7315 8867 2598 3651 1149 2096 7831 4859 5097 8251 3851 535 4585 7969 764 6648 7246 1420 1728 5155 5428 1978
False
31
False
5891 5785 7050 8084 5897 1525 6804 4448 3888 7472 7315 8867 2598 3651 1149 2096 7831 4859 5097 8251 3851 535 4585 7969 764 6648 7246
False
False
False
5891 5785 7050 8084 5897 1525 6804 4448 3888 7472 7315 8867 2598 3651 1149 2096 7831 4859 5097 8251 3851 535 4585 7969
False
False
22
False
False
False
5891 5785 7050 8084 5897 1525 6804 4448 3888 7472 7315 8867 2598 3651 1149 2096 7831 4859 5097
19
5891 5785 7050 8084 5897 1525 6804 4448 3888 7472 7315 8867 2598 3651 1149 2096 7831 4859 5097
5891 5785 7050 8084 5897 1525 6804 4448 3888 7472 7315 8867 2598 3651 1149 2096 7831 4859
5891 5785 7050 8084 5897 1525 6804 4448 3888 7472 7315 8867 2598 3651 1149 2096 7831
False
5891 5785 7050 8084 5897 1525 6804 4448 3888 7472 7315 8867 2598 3651 1149 2096 5539
5891 5785 7050 8084 5897 1525 6804 4448 3888 7472 7315 8867 2598 3651 1149 2096 4645
False
5891 5785 7050 8084 5897 1525 6804 4448 3888 7472 7315 8867 2598 3651 1149 2096 6891
5891 5785 7050 8084 5897 1525 6804 4448 3888 7472 7315 8867 2598 3651 1149 2096
17
False
False
False
False
15
5891 5785 7050 8084 5897 1525 6804 4448 3888 7472 7315 8867 2598 3651
False
14
14
15
17
21
False
5891 5785 7050 8084 5897 1525 6804 4448 3888 7472 7315 8867 2598 3651 5189 805 3322 9298 9994 8031
False
False
24
False
23
23
False
False
False
5891 5785 7050 8084 5897 1525 6804 4448 3888 7472 7315 8867 2598 3651 5189 805 3322 9298 9994 1825 3578 8480 8058 3784 2798 249
5891 5785 7050 8084 5897 1525 6804 4448 3888 7472 7315 8867 2598 3651 5189 805 3322 9298 9994 1825 3578 8480 8058 3784 2798 249
5891 5785 7050 8084 5897 1525 6804 4448 3888 7472 7315 8867 2598 3651 5189 805 3322 9298 9994 1825 3578 8480 8058 3784 2798 2377
27
26
False
False
False
26
False
False
False
False
5891 5785 7050 8084 5897 1525 6804 4448 3888 7472 7315 8867 2598 3651 5189 805 3322 9298 9994 1825 3578 8480 8058 3784 6802 8233 6094 4969
False
False
False
False
False
29
30
5891 5785 7050 8084 5897 1525 6804 4448 3888 7472 7315 8867 2598 3651 5189 805 3322 9298 9994 1825 3578 8480 8058 3784 6802 8233 6094 4969 8148 8489
False
30
False
5891 5785 7050 8084 5897 1525 6804 4448 3888 7472 7315 8867 2598 3651 5189 805 3322 9298 9994 1825 3578 8480 8058 3784 6802 8233 6094 4969 9985
29
False
5891 5785 7050 8084 5897 1525 6804 4448 3888 7472 7315 8867 2598 3651 5189 805 3322 9298 9994 1825 3578 8480 8058 3784 6802 8233 6094 4969
False
29
False
False
27
False
False
5891 5785 7050 8084 5897 1525 6804 4448 3888 7472 7315 8867 2598 3651 5189 805 3322 9298 9994 1825 3578 8480 8058 7324
25
False
27
False
False
5891 5785 7050 8084 5897 1525 6804 4448 3888 7472 7315 8867 2598 3651 5189 805 3322 9298 9994 1825 3578 8480 8058 7324 6588 947 1023
False
False
