Empty
1
9738
9738
2
8160 9738
False
False
8160 9738
9738
2
False
5
False
2
False
False
0
Empty
0

False
5260
5260
1798
False
False
Empty
9053 2235
2235
False
2
2
2
9053 2235 7761
9053 2235 3520
2
False
2235
2235
7083
False
7083
9053 7083 3016
4
5
3364
9053 7083 3016 5585 9021 3364
6
2658
False
9053 7083 3016 5585 9021 3364 2658
False
False
6107
False
4
3
3062
9053 7083 3062 5944
False
4
3
False
7083
9053
False
False
False
False
4633
1
4299
Empty
Empty
0
4804
0
True
Empty
Empty
0

True
Empty
True
Empty
0


True

Empty
False
8532 5262 448
448

False
8684
1
4079
False
Empty
Empty
1979
7940 2110 8860 9147
3
3

Empty
Empty
1699
5
False
1699 4159 1368 9508 9788 1319 3034 5398
8
8
1699 4159 1368 9508 9788 1319 3034 5398
8
7
1699 4159 1368 9508 9788 1319 3034
7
False
False
6
False
False
1699 4159 1368 9508 9788
False
8212
False
1699 4159 1368 9508 9788
9508
1699 4159 1368 9508 2950
7
2950
1699 4159 1368 9508 2950 5742
5742
False
1699 4159 1368 9508 2950 5742
False
False
False
1699 4159 1368 9508 2950
2
False
1699
1699
False



True
0
0
Empty
8865
4083
4083
Empty

False
Empty
Empty
Empty
590 2013
2013
False
1
1
4899
4899
1
Empty
Empty
Empty

0
0
0
Empty

False
1
0


Empty
Empty
False
7407
False
7407
2
False
6193 7407
6193 7407
2540
False
3
False
False
False
2
False
False
Empty
True
False
Empty
Empty
True
True
False
0
0
True
9823
True
False
0
False
False
6748
False

0
False


True

True
0
False
2
9996
False
0
False
True
False
False


False
True

0
Empty
0
True
True
0
5500
False
False
False
1
4635 1721 4688
False
0
True

False
False
5113
False
2366 6391
2366 2333
Empty


False


0
False
False
False
False
3
7625 6247 2539
7625 6247 2539
False
2
6247
3
False
False
False
6226
6
7625 5994 2953 6417 6226 295 1862
False
False
5
False
False
6133
False
False
False
7
False
False
4
3
7625 5994 2953
3
2
False
3
6299
False
3191
7625 5994 6299 3191
False
False
7625 5994
3470
4
6680
False
False
False
False
False
False
4102
7
False
7625 3151 3470 6680 4102 45 2483 3244
6086
2955
False
False
3943
False
False
False
8
8873
1196
1196
8
False
False
13
12
1771
7625 3151 3470 6680 4102 45 2483 1196 5454 9056 184 7091 1771
13
16
False
False
False
7625 3151 3470 6680 4102 45 2483 1196 5454 9056 184 7091 1771 4183 6088 130
130
7625 3151 3470 6680 4102 45 2483 1196 5454 9056 184 7091 1771 4183 6088 130
130
17
4433
18
False
7625 3151 3470 6680 4102 45 2483 1196 5454 9056 184 7091 1771 4183 6088 130 4433 1536
False
18
6088
7625 3151 3470 6680 4102 45 2483 1196 5454 9056 184 7091 1771 4183 6088
False
7091
False
False
7625 3151 3470 6680 4102 45 2483 1196 5454 9056 184 6433 6103 9169 6303
False
False
7625 3151 3470 6680 4102 45 2483 1196 5454 9056 184 6433 6103 9169 6303 5544 9007
9007
False
False
False
7625 3151 3470 6680 4102 45 2483 1196 5454 9056 184 6433 6103 9169 6303 5544 9007
False
False
False
False
7625 3151 3470 6680 4102 45 2483 1196 5454 9056 184 6433 6103 9169 6303 5544 9223 1664 9479
9479
20
7625 3151 3470 6680 4102 45 2483 1196 5454 9056 184 6433 6103 9169 6303 5544 9223 1664 9479 7297
7297
7297
7625 3151 3470 6680 4102 45 2483 1196 5454 9056 184 6433 6103 9169 6303 5544 9223 1664 9479 7297 2267 8887 5282 8100
False
False
False
25
7625 3151 3470 6680 4102 45 2483 1196 5454 9056 184 6433 6103 9169 6303 5544 9223 1664 9479 7297 2267 8887 5282
23
False
False
8887
False
4112
False
2105
False
7625 3151 3470 6680 4102 45 2483 1196 5454 9056 184 6433 6103 9169 6303 5544 9223 1664 9479 7297 2267 8887
7625 3151 3470 6680 4102 45 2483 1196 5454 9056 184 6433 6103 9169 6303 5544 9223 1664 9479 7297 2267
7297
9406
False
7625 3151 3470 6680 4102 45 2483 1196 5454 9056 184 6433 6103 9169 6303 5544 9223 1664 9479 7297 9406
7297
False
7625 3151 3470 6680 4102 45 2483 1196 5454 9056 184 6433 6103 9169 6303 5544 9223
False
False
5544
5544
7625 3151 3470 6680 4102 45 2483 1196 5454 9056 184 6433 6103 9169 7884
False
7625 3151 3470 6680 4102 45 2483 1196 5454 9056 184 6433 6103 9169
False
7625 3151 3470 6680 4102 45 2483 1196 5454 9056 184 6433 6103 9169 3658
False
False
False
False
False
18
False
7625 3151 3470 6680 4102 45 2483 1196 5454 9056 184 6433 6103 9169 3658 2624 2474
7625 3151 3470 6680 4102 45 2483 1196 5454 9056 184 6433 6103 9169 3658 2624 2474 1287 8635 7419
1287
7625 3151 3470 6680 4102 45 2483 1196 5454 9056 184 6433 6103 9169 3658 2624 2474
17
2474
17
False
False
2624
False
7625 3151 3470 6680 4102 45 2483 1196 5454 9056 184 6433 6103 9169 3658 2624
7625 3151 3470 6680 4102 45 2483 1196 5454 9056 184 6433 6103 9169 3658 2624
False
False
17
7625 3151 3470 6680 4102 45 2483 1196 5454 9056 184 6433 6103 9169 3658 2624 2432
15
False
9169
