False
7863
1
1
False
7863
False
False
7863 6286 9462 6072 7262
False
False
Empty
Empty
Empty
False
Empty
0
False
5732 7847
False
False
False
5732 7847
False
False
False
False
4560
Empty

Empty
3110 1797
2
Empty
3426 9679
False
3426
3426
False
0
Empty
Empty
Empty

False
False
False
8556 5751 6208 2127
8556 5751 6208 2127
False
False
8556 5751 6208 2127 6791
5
False
5
False
False
False
8556 5751 6208 2127 1010
8556 5751 6208 2127 1010 5511
False
False
8556 5751 6208 2127 1010 907 9554 8067
False
False
False
12
11
8556 5751 6208 2127 1010 907 9554 8067 3672 461 3968
11
8556 5751 6208 2127 1010 907 9554 8067 3672 461 6067
False
12
False
False
False
8556 5751 6208 2127 1010 907 9554 8067 3672 461
False
8
8556 5751 6208 2127 1010 907 5381 7512 2604 9579
False
False
8556 5751 6208 2127 1010 907 5381 7512 2604
8556 5751 6208 2127 1010 907 5381 7512 2604 30
8556 5751 6208 2127 1010 907 5381 7512 2604 30 2810 1551 4323 3315
False
8556 5751 6208 2127 1010 907 5381 7512 2604 30 2810 1551 2471 4408 3477
15
14
False
False
False
False
13
12
8556 5751 6208 2127 1010 907 5381 7512 2604 30 2810
8556 5751 6208 2127 1010 907 5381 7512 2604 30 2810 7999 1868 1321
13
False
False
False
8556 5751 6208 2127 1010 907 5381 7512 2604 30 2810 7999
False
12
False
8556 5751 6208 2127 1010 907 5381 7512 2604 30 2810 7999 4457
False
False
8556 5751 6208 2127 1010 907 5381 7512 2604 30 2810 7999 4457 4131
False
False
False
False
8556 5751 6208 2127 1010 907 5381 7512 2604 30 2810 7999 4457 268 3805 2225 7159
False
13
8556 5751 6208 2127 1010 907 5381 7512 2604 30 2810 7999 4457
False
8556 5751 6208 2127 1010 907 5381 7512 2604 30 2810 7999 4457 5704
False
False
False
18
False
8556 5751 6208 2127 1010 907 5381 7512 2604 30 2810 7999 4457 5704 4134 8352 4859 3714
18
False
False
False
23
20
19
False
16
15
15
False
8556 5751 6208 2127 1010 907 5381 7512 2604
8556 5751 6208 2127 1010 907 5381 7512 2604 5620
10
False
False
8556 5751 6208 2127 1010 907 5381 7512 2604 5325 400 6312 7864
False
8556 5751 6208 2127 1010 907 5381 7512 2604 5325 400 6312 7864
False
14
15
False
False
False
False
17
False
8556 5751 6208 2127 1010 907 5381 7512 2604 5325 400 6312 7864 7341 6758 8761 6109 7710 7805 4582 131
False
False
8556 5751 6208 2127 1010 907 5381 7512 2604 5325 400 6312 7864 7341 6758 8761 6109 7710 7805 4582 131
21
8556 5751 6208 2127 1010 907 5381 7512 2604 5325 400 6312 7864 7341 6758 8761 6109 7710 7805 4582 131
False
23
24
26
False
False
False
False
8556 5751 6208 2127 1010 907 5381 7512 2604 5325 400 6312 7864 7341 6758 8761 6109 7710 7805 4582 131 1596 5004 3718 3644 2462 7567
False
False
8556 5751 6208 2127 1010 907 5381 7512 2604 5325 400 6312 7864 7341 6758 8761 6109 7710 7805 4582 131 1596 5004 3718 3644 2462 1699
False
False
8556 5751 6208 2127 1010 907 5381 7512 2604 5325 400 6312 7864 7341 6758 8761 6109 7710 7805 4582 131 1596 5004 3718 3644 2462 1699 4609
8556 5751 6208 2127 1010 907 5381 7512 2604 5325 400 6312 7864 7341 6758 8761 6109 7710 7805 4582 131 1596 5004 3718 3644 2462 1699 4609 1655 316 392
False
31
False
False
8556 5751 6208 2127 1010 907 5381 7512 2604 5325 400 6312 7864 7341 6758 8761 6109 7710 7805 4582 131 1596 5004 3718 3644 2462 1699 4609 1655 316
8556 5751 6208 2127 1010 907 5381 7512 2604 5325 400 6312 7864 7341 6758 8761 6109 7710 7805 4582 131 1596 5004 3718 3644 2462 1699 4609 1655 316 6705 7085 227 3188
32
8556 5751 6208 2127 1010 907 5381 7512 2604 5325 400 6312 7864 7341 6758 8761 6109 7710 7805 4582 131 1596 5004 3718 3644 2462 1699 4609 1655 316 6705 7085
False
32
31
False
8556 5751 6208 2127 1010 907 5381 7512 2604 5325 400 6312 7864 7341 6758 8761 6109 7710 7805 4582 131 1596 5004 3718 3644 2462 1699 4609 1655 316 6705
36
False
8556 5751 6208 2127 1010 907 5381 7512 2604 5325 400 6312 7864 7341 6758 8761 6109 7710 7805 4582 131 1596 5004 3718 3644 2462 1699 4609 1655 316 6705 6374 8052 5231 9084 1268
8556 5751 6208 2127 1010 907 5381 7512 2604 5325 400 6312 7864 7341 6758 8761 6109 7710 7805 4582 131 1596 5004 3718 3644 2462 1699 4609 1655 316 6705 6374 8052 5231
False
32
33
False
False
34
8556 5751 6208 2127 1010 907 5381 7512 2604 5325 400 6312 7864 7341 6758 8761 6109 7710 7805 4582 131 1596 5004 3718 3644 2462 1699 4609 1655 316 6705 6374 2024
False
8556 5751 6208 2127 1010 907 5381 7512 2604 5325 400 6312 7864 7341 6758 8761 6109 7710 7805 4582 131 1596 5004 3718 3644 2462 1699 4609 1655 316 6705 6374 2024
33
False
False
35
8556 5751 6208 2127 1010 907 5381 7512 2604 5325 400 6312 7864 7341 6758 8761 6109 7710 7805 4582 131 1596 5004 3718 3644 2462 1699 4609 1655 316 6705 6374 2024 6522 3955 1936
8556 5751 6208 2127 1010 907 5381 7512 2604 5325 400 6312 7864 7341 6758 8761 6109 7710 7805 4582 131 1596 5004 3718 3644 2462 1699 4609 1655 316 6705 6374 2024 6522 3955
38
8556 5751 6208 2127 1010 907 5381 7512 2604 5325 400 6312 7864 7341 6758 8761 6109 7710 7805 4582 131 1596 5004 3718 3644 2462 1699 4609 1655 316 6705 6374 2024 6522 9171 5292 584
False
False
False
40
False
39
8556 5751 6208 2127 1010 907 5381 7512 2604 5325 400 6312 7864 7341 6758 8761 6109 7710 7805 4582 131 1596 5004 3718 3644 2462 1699 4609 1655 316 6705 6374 2024 6522 9171 5292 9222 2464
False
False
8556 5751 6208 2127 1010 907 5381 7512 2604 5325 400 6312 7864 7341 6758 8761 6109 7710 7805 4582 131 1596 5004 3718 3644 2462 1699 4609 1655 316 6705 6374 2024 6522 9171
False
False
8556 5751 6208 2127 1010 907 5381 7512 2604 5325 400 6312 7864 7341 6758 8761 6109 7710 7805 4582 131 1596 5004 3718 3644 2462 1699 4609 1655 316 6705 6374 2024 6522
35
34
8556 5751 6208 2127 1010 907 5381 7512 2604 5325 400 6312 7864 7341 6758 8761 6109 7710 7805 4582 131 1596 5004 3718 3644 2462 1699 4609 1655 316 6705 6374 2024 6522 6859
8556 5751 6208 2127 1010 907 5381 7512 2604 5325 400 6312 7864 7341 6758 8761 6109 7710 7805 4582 131 1596 5004 3718 3644 2462 1699 4609 1655 316 6705 6374 2024 6522
False
8556 5751 6208 2127 1010 907 5381 7512 2604 5325 400 6312 7864 7341 6758 8761 6109 7710 7805 4582 131 1596 5004 3718 3644 2462 1699 4609 1655 316 6705 6374 2024 6522
False
8556 5751 6208 2127 1010 907 5381 7512 2604 5325 400 6312 7864 7341 6758 8761 6109 7710 7805 4582 131 1596 5004 3718 3644 2462 1699 4609 1655 316 6705 6374 2024 6522
False
8556 5751 6208 2127 1010 907 5381 7512 2604 5325 400 6312 7864 7341 6758 8761 6109 7710 7805 4582 131 1596 5004 3718 3644 2462 1699 4609 1655 316 6705 6374 2024
False
8556 5751 6208 2127 1010 907 5381 7512 2604 5325 400 6312 7864 7341 6758 8761 6109 7710 7805 4582 131 1596 5004 3718 3644 2462 1699 4609 1655 316 6705 6374 2024 195
False
34
32
False
False
False
29
False
8556 5751 6208 2127 1010 907 5381 7512 2604 5325 400 6312 7864 7341 6758 8761 6109 7710 7805 4582 131 1596 5004 3718 3644 2462 1699 4609 1655
8556 5751 6208 2127 1010 907 5381 7512 2604 5325 400 6312 7864 7341 6758 8761 6109 7710 7805 4582 131 1596 5004 3718 3644 2462 1699 4609 177
False
False
30
False
False
8556 5751 6208 2127 1010 907 5381 7512 2604 5325 400 6312 7864 7341 6758 8761 6109 7710 7805 4582 131 1596 5004 3718 3644 2462 1699 4609 1382 4264 559
False
False
False
32
False
False
False
False
32
32
False
8556 5751 6208 2127 1010 907 5381 7512 2604 5325 400 6312 7864 7341 6758 8761 6109 7710 7805 4582 131 1596 5004 3718 3644 2462 1699 4609 1382 4264 3684
False
False
False
8556 5751 6208 2127 1010 907 5381 7512 2604 5325 400 6312 7864 7341 6758 8761 6109 7710 7805 4582 131 1596 5004 3718 3644 2462 3776 4177 1225 4349 7089 4442 3631
8556 5751 6208 2127 1010 907 5381 7512 2604 5325 400 6312 7864 7341 6758 8761 6109 7710 7805 4582 131 1596 5004 3718 3644 2462 3776 4177 1225 4349 7089 4442
False
False
33
8556 5751 6208 2127 1010 907 5381 7512 2604 5325 400 6312 7864 7341 6758 8761 6109 7710 7805 4582 131 1596 5004 3718 3644 2462 3776 4177 1225 4349 7089 2512 3496
False
8556 5751 6208 2127 1010 907 5381 7512 2604 5325 400 6312 7864 7341 6758 8761 6109 7710 7805 4582 131 1596 5004 3718 3644 2462 3776 4177 1225 4349 7089 2512 3496 7080 6651
False
False
False
False
38
8556 5751 6208 2127 1010 907 5381 7512 2604 5325 400 6312 7864 7341 6758 8761 6109 7710 7805 4582 131 1596 5004 3718 3644 2462 3776 4177 1225 4349 7089 2512 3496 7080 6651 7483 6070 6781
False
False
8556 5751 6208 2127 1010 907 5381 7512 2604 5325 400 6312 7864 7341 6758 8761 6109 7710 7805 4582 131 1596 5004 3718 3644 2462 3776 4177 1225 4349 7089 2512 3496 7080 6651 7483 6070 6781 3658 9503
False
False
8556 5751 6208 2127 1010 907 5381 7512 2604 5325 400 6312 7864 7341 6758 8761 6109 7710 7805 4582 131 1596 5004 3718 3644 2462 3776 4177 1225 4349 7089 2512 3496 7080 6651 7483 6070 6781 3658 9503 937 2830 4642
False
42
False
8556 5751 6208 2127 1010 907 5381 7512 2604 5325 400 6312 7864 7341 6758 8761 6109 7710 7805 4582 131 1596 5004 3718 3644 2462 3776 4177 1225 4349 7089 2512 3496 7080 6651 7483 6070 6781 3658 9503 937 5993
False
False
8556 5751 6208 2127 1010 907 5381 7512 2604 5325 400 6312 7864 7341 6758 8761 6109 7710 7805 4582 131 1596 5004 3718 3644 2462 3776 4177 1225 4349 7089 2512 3496 7080 6651 7483 6070 6781 3658 9503 937 3646 5275
43
43
44
8556 5751 6208 2127 1010 907 5381 7512 2604 5325 400 6312 7864 7341 6758 8761 6109 7710 7805 4582 131 1596 5004 3718 3644 2462 3776 4177 1225 4349 7089 2512 3496 7080 6651 7483 6070 6781 3658 9503 937 3646 5275 8157
False
False
False
8556 5751 6208 2127 1010 907 5381 7512 2604 5325 400 6312 7864 7341 6758 8761 6109 7710 7805 4582 131 1596 5004 3718 3644 2462 3776 4177 1225 4349 7089 2512 3496 7080 6651 7483 6070 6781 3658 9503 937 3646 5275 8157
False
44
False
44
False
False
42
False
8556 5751 6208 2127 1010 907 5381 7512 2604 5325 400 6312 7864 7341 6758 8761 6109 7710 7805 4582 131 1596 5004 3718 3644 2462 3776 4177 1225 4349 7089 2512 3496 7080 6651 7483 6070 6781 3658 9503 937 3543 5808
False
False
8556 5751 6208 2127 1010 907 5381 7512 2604 5325 400 6312 7864 7341 6758 8761 6109 7710 7805 4582 131 1596 5004 3718 3644 2462 3776 4177 1225 4349 7089 2512 3496 7080 6651 7483 6070 6781 3658 9503 937 3543 3810 3806
8556 5751 6208 2127 1010 907 5381 7512 2604 5325 400 6312 7864 7341 6758 8761 6109 7710 7805 4582 131 1596 5004 3718 3644 2462 3776 4177 1225 4349 7089 2512 3496 7080 6651 7483 6070 6781 3658 9503 937 3543 3810 3806 3773
False
False
8556 5751 6208 2127 1010 907 5381 7512 2604 5325 400 6312 7864 7341 6758 8761 6109 7710 7805 4582 131 1596 5004 3718 3644 2462 3776 4177 1225 4349 7089 2512 3496 7080 6651 7483 6070 6781 3658 9503 937 3543 3810 2070
False
False
45
8556 5751 6208 2127 1010 907 5381 7512 2604 5325 400 6312 7864 7341 6758 8761 6109 7710 7805 4582 131 1596 5004 3718 3644 2462 3776 4177 1225 4349 7089 2512 3496 7080 6651 7483 6070 6781 3658 9503 937 3543 3810 2070 3758 5950
False
False
44
False
False
8556 5751 6208 2127 1010 907 5381 7512 2604 5325 400 6312 7864 7341 6758 8761 6109 7710 7805 4582 131 1596 5004 3718 3644 2462 3776 4177 1225 4349 7089 2512 3496 7080 6651 7483 6070 6781 3658 9503 937 3543 3810 2070 7360
45
False
False
False
False
8556 5751 6208 2127 1010 907 5381 7512 2604 5325 400 6312 7864 7341 6758 8761 6109 7710 7805 4582 131 1596 5004 3718 3644 2462 3776 4177 1225 4349 7089 2512 3496 7080 6651 7483 6070 6781 3658 9503 937 3543 4942
8556 5751 6208 2127 1010 907 5381 7512 2604 5325 400 6312 7864 7341 6758 8761 6109 7710 7805 4582 131 1596 5004 3718 3644 2462 3776 4177 1225 4349 7089 2512 3496 7080 6651 7483 6070 6781 3658 9503 2547 4623 2912
False
False
8556 5751 6208 2127 1010 907 5381 7512 2604 5325 400 6312 7864 7341 6758 8761 6109 7710 7805 4582 131 1596 5004 3718 3644 2462 3776 4177 1225 4349 7089 2512 3496 7080 6651 7483 6070 6781 3658 9503 2547 4623 9370
False
False
False
False
8556 5751 6208 2127 1010 907 5381 7512 2604 5325 400 6312 7864 7341 6758 8761 6109 7710 7805 4582 131 1596 5004 3718 3644 2462 3776 4177 1225 4349 7089 2512 3496 7080 6651 7483 6070 6781 3658 9503 2547 4623 9370 9069
44
False
False
8556 5751 6208 2127 1010 907 5381 7512 2604 5325 400 6312 7864 7341 6758 8761 6109 7710 7805 4582 131 1596 5004 3718 3644 2462 3776 4177 1225 4349 7089 2512 3496 7080 6651 7483 6070 6781 3658 9503 2547 4623 9370
43
8556 5751 6208 2127 1010 907 5381 7512 2604 5325 400 6312 7864 7341 6758 8761 6109 7710 7805 4582 131 1596 5004 3718 3644 2462 3776 4177 1225 4349 7089 2512 3496 7080 6651 7483 6070 6781 3658 9503 2547 4623 9370
8556 5751 6208 2127 1010 907 5381 7512 2604 5325 400 6312 7864 7341 6758 8761 6109 7710 7805 4582 131 1596 5004 3718 3644 2462 3776 4177 1225 4349 7089 2512 3496 7080 6651 7483 6070 6781 3658 9503 2547 4623 6327 4029
8556 5751 6208 2127 1010 907 5381 7512 2604 5325 400 6312 7864 7341 6758 8761 6109 7710 7805 4582 131 1596 5004 3718 3644 2462 3776 4177 1225 4349 7089 2512 3496 7080 6651 7483 6070 6781 3658 9503 2547 4623 6327 4029
False
False
42
40
8556 5751 6208 2127 1010 907 5381 7512 2604 5325 400 6312 7864 7341 6758 8761 6109 7710 7805 4582 131 1596 5004 3718 3644 2462 3776 4177 1225 4349 7089 2512 3496 7080 6651 7483 6070 6781 3658 9503
False
False
41
False
False
37
8556 5751 6208 2127 1010 907 5381 7512 2604 5325 400 6312 7864 7341 6758 8761 6109 7710 7805 4582 131 1596 5004 3718 3644 2462 3776 4177 1225 4349 7089 2512 3496 7080 6651 7483 6070
False
37
8556 5751 6208 2127 1010 907 5381 7512 2604 5325 400 6312 7864 7341 6758 8761 6109 7710 7805 4582 131 1596 5004 3718 3644 2462 3776 4177 1225 4349 7089 2512 3496 7080 6651 7483 5199
False
False
8556 5751 6208 2127 1010 907 5381 7512 2604 5325 400 6312 7864 7341 6758 8761 6109 7710 7805 4582 131 1596 5004 3718 3644 2462 3776 4177 1225 4349 7089 2512 3496 7080 6651 7483 5199 5543 9024
39
False
False
8556 5751 6208 2127 1010 907 5381 7512 2604 5325 400 6312 7864 7341 6758 8761 6109 7710 7805 4582 131 1596 5004 3718 3644 2462 3776 4177 1225 4349 7089 2512 3496 7080 6651 7483 5199 8534
False
8556 5751 6208 2127 1010 907 5381 7512 2604 5325 400 6312 7864 7341 6758 8761 6109 7710 7805 4582 131 1596 5004 3718 3644 2462 3776 4177 1225 4349 7089 2512 3496 7080 6651 7483 3563 5744
False
False
39
37
False
False
False
39
37
False
False
False
33
33
False
False
False
8556 5751 6208 2127 1010 907 5381 7512 2604 5325 400 6312 7864 7341 6758 8761 6109 7710 7805 4582 131 1596 5004 3718 3644 2462 3776 4177 1225 4349 7089 2512 6191
False
False
8556 5751 6208 2127 1010 907 5381 7512 2604 5325 400 6312 7864 7341 6758 8761 6109 7710 7805 4582 131 1596 5004 3718 3644 2462 3776 4177
False
False
False
8556 5751 6208 2127 1010 907 5381 7512 2604 5325 400 6312 7864 7341 6758 8761 6109 7710 7805 4582 131 1596 5004 3718 3644 2462 5129 9229
28
8556 5751 6208 2127 1010 907 5381 7512 2604 5325 400 6312 7864 7341 6758 8761 6109 7710 7805 4582 131 1596 5004 3718 3644 2462
24
False
24
False
False
8556 5751 6208 2127 1010 907 5381 7512 2604 5325 400 6312 7864 7341 6758 8761 6109 7710 7805 4582 131 1596 5004
23
False
25
False
False
8556 5751 6208 2127 1010 907 5381 7512 2604 5325 400 6312 7864 7341 6758 8761 6109 7710 7805 4582 131 1596 9477 4089 3292 261
False
False
False
False
8556 5751 6208 2127 1010 907 5381 7512 2604 5325 400 6312 7864 7341 6758 8761 6109 7710 7805 4582 131 1596 3400
False
False
False
False
21
False
False
False
False
16
False
14
False
False
19
19
False
8556 5751 6208 2127 1010 907 5381 7512 2604 5325 400 6312 7864 7341 9805 9421 438 6961 8259 645
False
8556 5751 6208 2127 1010 907 5381 7512 2604 5325 400 6312 7864 7341 9805 9421 438 6961 8259 645 2936
8556 5751 6208 2127 1010 907 5381 7512 2604 5325 400 6312 7864 7341 9805 9421 438 6961 8259
8556 5751 6208 2127 1010 907 5381 7512 2604 5325 400 6312 7864 7341 9805 9421 438 6961 4808
8556 5751 6208 2127 1010 907 5381 7512 2604 5325 400 6312 7864 7341 9805 9421 438 6961 4808
False
8556 5751 6208 2127 1010 907 5381 7512 2604 5325 400 6312 7864 7341 9805 9421 438 6961 9879
8556 5751 6208 2127 1010 907 5381 7512 2604 5325 400 6312 7864 7341 9805 9421 438 6961 9879 4336 1376
8556 5751 6208 2127 1010 907 5381 7512 2604 5325 400 6312 7864 7341 9805 9421 438 6961 9879 4336 7854
False
8556 5751 6208 2127 1010 907 5381 7512 2604 5325 400 6312 7864 7341 9805 9421 438 6961 9879 4336 7854 4852
22
False
22
False
False
False
8556 5751 6208 2127 1010 907 5381 7512 2604 5325 400 6312 7864 7341 9805 9421 438 6961 9879 4336
8556 5751 6208 2127 1010 907 5381 7512 2604 5325 400 6312 7864 7341 9805 9421 438 6961 9879 4336
8556 5751 6208 2127 1010 907 5381 7512 2604 5325 400 6312 7864 7341 9805 9421 438 6961
False
False
8556 5751 6208 2127 1010 907 5381 7512 2604 5325 400 6312 7864 7341 9805 9421 1542 4374
8556 5751 6208 2127 1010 907 5381 7512 2604 5325 400 6312 7864 7341 9805 9421 1542 4374
False
16
8556 5751 6208 2127 1010 907 5381 7512 2604 5325 400 6312 7864 7341 9805 9421 416 375
8556 5751 6208 2127 1010 907 5381 7512 2604 5325 400 6312 7864 7341 9805 9421 416 375
False
False
8556 5751 6208 2127 1010 907 5381 7512 2604 5325 400 6312 7864 7341 9805 9421 416
17
17
False
15
False
15
15
8556 5751 6208 2127 1010 907 5381 7512 2604 5325 400 6312 7864 4560 1405 3497
8556 5751 6208 2127 1010 907 5381 7512 2604 5325 400 6312 7864 4560
False
False
False
8556 5751 6208 2127 1010 907 5381 7512 2604 5325 400 6312 7864 4560 4313 6577 6407 4733
8556 5751 6208 2127 1010 907 5381 7512 2604 5325 400 6312 7864 4560 4313 6577 6407
17
8556 5751 6208 2127 1010 907 5381 7512 2604 5325 400 6312 7864 4560 4313 6577 6407 817 1241
8556 5751 6208 2127 1010 907 5381 7512 2604 5325 400 6312 7864 4560 4313 6577 6407 817 1241 4571
False
8556 5751 6208 2127 1010 907 5381 7512 2604 5325 400 6312 7864 4560 4313 6577 6407 817 1241
8556 5751 6208 2127 1010 907 5381 7512 2604 5325 400 6312 7864 4560 4313 6577 6407 817 1241
False
20
19
False
17
14
13
False
False
8556 5751 6208 2127 1010 907 5381 7512 2604 1424
False
7
False
False
False
8556 5751 6208 2127 1010 907
False
False
8
8556 5751 6208 2127 1010 907 118 5152
8556 5751 6208 2127 1010 907 118 5152
False
False
8556 5751 6208 2127 1010 907 2544
7
False
8556 5751 6208 2127 1010 907 4316 8426
False
3
2
8556 5751
False
False
3
False
False
0
False
False
False
False
9673 8954
False
False
False
False
1
False
False
False
False
False
False
5195
3
5195 1947 9576 7564
False
5
5
5195 1947 9576 7564 9036
False
False
False
False
False
5195 1947 9576 7564 166 6040 7771 3170
False
False
False
5
False
False
5195 1947 9576 433 5699
5195 1947 9576 433 5699
4
5
4
False
5
6
False
5195 1947 9576 433 8887 9207
5195 1947 9576 433 8887
6
6
6
6
False
6
6
7
5195 1947 9576 433 8887 4304 3123 5499 384
5195 1947 9576 433 8887 4304 3123
7
False
5195 1947 9576 433 8887 4304 3123
False
5195 1947 9576 433 2291 2422
5195 1947 9576 433 2291 2422
5195 1947 9576 433 2291 4492
False
7
5195 1947 9576 433 2291 4492 546
7
False
False
5195 1947 9576 433 2291 4492 546 8508
8
5195 1947 9576 433 2291 4492 546 8508
5195 1947 9576 433 2291 4492 546 8508 1788 6942
10
9
5195 1947 9576 433 2291 4492 546 8508
False
5
6
6
5195 1947 9576 433 2291
False
False
5195 1947 9576 433
5195 1947 9576 433
False
4
5195 1947 9576 433 5808
5195 1947 9576 433 5808
False
False
5195 1947
4
False
False
2
False
False
False
5195 1947 6498
3
False
False
False
5195 1947 6498 3112
4
5195 1947 9837
4
6
False
False
5195 1947 9837 5174 8321
5195 1947 9837 5174 8321
False
7
False
Empty
False
67 6138
1
1
False

Empty
Empty
Empty
Empty

0
7516
1
False
False
False
False
False
3
False
False
Empty
Empty
0
Empty
1
True
Empty
Empty
True
False
Empty
Empty
0
Empty

False

False
2
2
Empty

True
Empty
False
True
0
Empty

0
8719
2
8719 3047
4
8719 3047 3051 4508 3086 7914
8719 3047 3051 4508 3086 7914
False
False
False
False
8719 3047 3051 4508 3086
False
False
4
False
8719 3047 3051 4508
3
8719 3047 3051
False
8719 3047 3051 4589 4622
False
False
3
8719 3047
False
8719 3047 6735 4056 5495
False
8719 3047 6735 4056 5495 5244 9118
False
7
8719 3047 6735 4056 5495 5244
False
False
True

Empty
6754 4558
False
6754 4558
2
6754 4558
False
False
1
False
1
False
2
3
False
True

Empty

Empty
False
False
1
3474
0
False
True
False
Empty
True
0
False
Empty

Empty
Empty
False
False
False
False
964 8490 1323 4050
4
False
964 8490 1323 4050
4
False
False
False
False
False
964 8490 3536 4948 5333
False
False
964 8490 3536 4948
964 8490 3536 4948
False
8
964 8490 3536 4948
False
964 8490 3536 4948
6
964 8490 3536 6038 778
False
False
6
6
7
9
False
9
False
False
False
9
False
False
7
False
8
False
False
False
False
False
9
964 8490 3536 3971 404 8211 1399 6241 4095
9
964 8490 3536 3971 404 8211 1399 6241 4095
964 8490 3536 3971 404 8211 1399 6241 4095
964 8490 3536 3971 404 8211 1399 6241
False
False
False
8
False
False
4
False
False
False
1
1
True
2
1
1
False
4879
False
1
0
False
True
0
Empty
Empty
Empty

False
2
False
2
3744
False
False
False
False
3744 9026 9650 4539 9877
3744 9026 9650 4539
False
False
False
3744 9026 9650 8
3744 9026 9650 8 8139
6
False
8
False
False
False
False
False
13
False
False
12
3744 9026 9650 8 8139 3798 4856 1075 6795 6846 5578 8473
3744 9026 9650 8 8139 3798 4856 1075 6795 6846 5578 8473
13
3744 9026 9650 8 8139 3798 4856 1075 6795 6846 5578
False
12
3744 9026 9650 8 8139 3798 4856 1075 6795 6846 5578 7771
False
False
13
False
14
False
18
False
False
False
23
22
3744 9026 9650 8 8139 3798 4856 1075 6795 6846 5578 292 8840 6660 1335 8357 7691 5340 5294 6818 5549 8283
False
21
False
False
3744 9026 9650 8 8139 3798 4856 1075 6795 6846 5578 292 8840 6660 1335 8357 7691 5340 5294 6818 5549 7611 2614 6905
False
3744 9026 9650 8 8139 3798 4856 1075 6795 6846 5578 292 8840 6660 1335 8357 7691 5340 5294 6818 5549 7611 2614 6905
False
False
False
3744 9026 9650 8 8139 3798 4856 1075 6795 6846 5578 292 8840 6660 1335 8357 7691 5340 5294 6818 5549
19
18
False
3744 9026 9650 8 8139 3798 4856 1075 6795 6846 5578 292 8840 6660 1335 8357 7691 469
18
False
19
False
False
3744 9026 9650 8 8139 3798 4856 1075 6795 6846 5578 292 8840 6660 1335 8357 7691 469 1889 9570 3561 6276
22
22
False
3744 9026 9650 8 8139 3798 4856 1075 6795 6846 5578 292 8840 6660 1335 8357 7691 469 1889 9570 3561 6276 2052
False
3744 9026 9650 8 8139 3798 4856 1075 6795 6846 5578 292 8840 6660 1335 8357 7691 469 1889 9570 3561 6276 2052
23
3744 9026 9650 8 8139 3798 4856 1075 6795 6846 5578 292 8840 6660 1335 8357 7691 469 1889 9570 3561 6276 238 1641
3744 9026 9650 8 8139 3798 4856 1075 6795 6846 5578 292 8840 6660 1335 8357 7691 469 1889 9570 3561 6276 238 1641
23
False
False
3744 9026 9650 8 8139 3798 4856 1075 6795 6846 5578 292 8840 6660 1335 8357 7691 469 1889 9570 3561 6276 7558 2316
False
3744 9026 9650 8 8139 3798 4856 1075 6795 6846 5578 292 8840 6660 1335 8357 7691 469 1889 9570 3561 6276 7558 5573 3956
False
False
False
False
23
22
False
22
False
False
3744 9026 9650 8 8139 3798 4856 1075 6795 6846 5578 292 8840 6660 1335 8357 7691 469 1889 9570 6753 1857
False
3744 9026 9650 8 8139 3798 4856 1075 6795 6846 5578 292 8840 6660 1335 8357 7691 469 1889 9570 6753 1857
False
False
3744 9026 9650 8 8139 3798 4856 1075 6795 6846 5578 292 8840 6660 1335 8357 7691 469 1889 9570 6753 1857 543 4273
3744 9026 9650 8 8139 3798 4856 1075 6795 6846 5578 292 8840 6660 1335 8357 7691 469 1889 9570 6753 1857 543 4273
False
3744 9026 9650 8 8139 3798 4856 1075 6795 6846 5578 292 8840 6660 1335 8357 7691 469 1889 9570 6753 6644
False
3744 9026 9650 8 8139 3798 4856 1075 6795 6846 5578 292 8840 6660 1335 8357 7691 469 1889 9570 6753 5614
False
False
22
False
False
3744 9026 9650 8 8139 3798 4856 1075 6795 6846 5578 292 8840 6660 1335 8357 7691 469 1889 9570 7516 8246
20
False
False
False
False
23
24
False
23
False
False
3744 9026 9650 8 8139 3798 4856 1075 6795 6846 5578 292 8840 6660 1335 8357 7691 469 1889 9570 5697 4905 9685 7722
False
False
3744 9026 9650 8 8139 3798 4856 1075 6795 6846 5578 292 8840 6660 1335 8357 7691 469 1889 9570 5697
3744 9026 9650 8 8139 3798 4856 1075 6795 6846 5578 292 8840 6660 1335 8357 7691 469 1889 9570 5697
False
False
False
False
19
False
False
22
False
3744 9026 9650 8 8139 3798 4856 1075 6795 6846 5578 292 8840 6660 1335 8357 7691 469 1889 320 7725
False
False
False
False
3744 9026 9650 8 8139 3798 4856 1075 6795 6846 5578 292 8840 6660 1335 8357 7691 469 1889 320 7054
3744 9026 9650 8 8139 3798 4856 1075 6795 6846 5578 292 8840 6660 1335 8357 7691 469 1889 320 271
3744 9026 9650 8 8139 3798 4856 1075 6795 6846 5578 292 8840 6660 1335 8357 7691 469 1889 320
3744 9026 9650 8 8139 3798 4856 1075 6795 6846 5578 292 8840 6660 1335 8357 7691 469 1889 3076
False
3744 9026 9650 8 8139 3798 4856 1075 6795 6846 5578 292 8840 6660 1335 8357 7691 469 1889 3076 7721
False
3744 9026 9650 8 8139 3798 4856 1075 6795 6846 5578 292 8840 6660 1335 8357 7691 469 1889 3076
3744 9026 9650 8 8139 3798 4856 1075 6795 6846 5578 292 8840 6660 1335 8357 7691 469 1889 3076
19
False
False
3744 9026 9650 8 8139 3798 4856 1075 6795 6846 5578 292 8840 6660 1335 8357 7691 3130
False
17
False
16
False
False
False
16
16
False
3744 9026 9650 8 8139 3798 4856 1075 6795 6846 5578 292
False
False
False
False
False
3744 9026 9650 8 8139 3798 4856 8445 3862 6143 2684
False
False
3744 9026 9650 8 8139 3798 4856 8445 3862 6143
3744 9026 9650 8 8139 3798 4856 8445 3862 6143
False
False
False
False
8
False
3744 9026 9650 8 8139 3798 4856 8445 3617 6784 4480
False
False
3744 9026 9650 8 8139 3798 4856 8445 3617 6784 4480 8027
False
11
False
12
False
10
11
10
False
7
False
False
9
8
8
3744 9026 9650 8 8139 3798 4856 9211
False
False
3744 9026 9650 8 8139 3798 4856 4590
3744 9026 9650 8 8139 3798 4856
6
3744 9026 9650 8 8139 3798
False
False
False
False
False
False
10
11
3744 9026 9650 8 8139 3798 3224 1678 8538 2560 503
False
False
False
14
False
3744 9026 9650 8 8139 3798 3224 1678 8538 2560 503 4191 2771 7115 7936 1139 3310 5477 204 2899
20
False
False
False
3744 9026 9650 8 8139 3798 3224 1678 8538 2560 503 4191 2771 7115 7936 1139 3310 5477
False
20
False
False
21
False
False
3744 9026 9650 8 8139 3798 3224 1678 8538 2560 503 4191 2771 7115 7936 1139 3310 5477 2885 3652 120
19
3744 9026 9650 8 8139 3798 3224 1678 8538 2560 503 4191 2771 7115 7936 1139 3310
False
False
False
18
False
21
False
20
20
21
False
3744 9026 9650 8 8139 3798 3224 1678 8538 2560 503 4191 2771 7115 7936 1139 3310 4331 7867 4845 3356
3744 9026 9650 8 8139 3798 3224 1678 8538 2560 503 4191 2771 7115 7936 1139 3310 4331 7867 9156
19
False
False
False
3744 9026 9650 8 8139 3798 3224 1678 8538 2560 503 4191 2771 7115 7936 1139 3310 4331 7867 7637 648 2001
20
20
3744 9026 9650 8 8139 3798 3224 1678 8538 2560 503 4191 2771 7115 7936 1139 3310 4331 7867 7637
False
False
23
23
False
False
23
3744 9026 9650 8 8139 3798 3224 1678 8538 2560 503 4191 2771 7115 7936 1139 3310 4331 7867 7637 6715 2528
False
22
False
3744 9026 9650 8 8139 3798 3224 1678 8538 2560 503 4191 2771 7115 7936 1139 3310 4331 7867 7637 6715 2528
22
3744 9026 9650 8 8139 3798 3224 1678 8538 2560 503 4191 2771 7115 7936 1139 3310 4331 7867 7637 6715 2528 3694 2220
3744 9026 9650 8 8139 3798 3224 1678 8538 2560 503 4191 2771 7115 7936 1139 3310 4331 7867 7637 6715 2528 3694 2220 3093
3744 9026 9650 8 8139 3798 3224 1678 8538 2560 503 4191 2771 7115 7936 1139 3310 4331 7867 7637 6715 2528 3694 2220 3093
False
3744 9026 9650 8 8139 3798 3224 1678 8538 2560 503 4191 2771 7115 7936 1139 3310 4331 7867 7637 6715 2528 3694 2220 3093
False
False
False
False
3744 9026 9650 8 8139 3798 3224 1678 8538 2560 503 4191 2771 7115 7936 1139 3310 4331 7867 7637 6715 2528 3694 2220 2853
False
False
False
23
False
False
False
28
3744 9026 9650 8 8139 3798 3224 1678 8538 2560 503 4191 2771 7115 7936 1139 3310 4331 7867 7637 6715 2528 3694 1044 4460 7598 4906 7410
False
False
False
False
3744 9026 9650 8 8139 3798 3224 1678 8538 2560 503 4191 2771 7115 7936 1139 3310 4331 7867 7637 6715 2528 3694 1044 4460 7598 4906 7410
False
False
False
False
3744 9026 9650 8 8139 3798 3224 1678 8538 2560 503 4191 2771 7115 7936 1139 3310 4331 7867 7637 6715 2528 3694 1044 4460
3744 9026 9650 8 8139 3798 3224 1678 8538 2560 503 4191 2771 7115 7936 1139 3310 4331 7867 7637 6715 2528 3694 1044 4460 5991
False
False
3744 9026 9650 8 8139 3798 3224 1678 8538 2560 503 4191 2771 7115 7936 1139 3310 4331 7867 7637 6715 2528 3694 1044 4460 5991 2211 918 9603
31
False
False
33
3744 9026 9650 8 8139 3798 3224 1678 8538 2560 503 4191 2771 7115 7936 1139 3310 4331 7867 7637 6715 2528 3694 1044 4460 5991 2211 918 9603 9561 9199 8900
False
False
29
3744 9026 9650 8 8139 3798 3224 1678 8538 2560 503 4191 2771 7115 7936 1139 3310 4331 7867 7637 6715 2528 3694 1044 4460 5991 2211 918 5504
29
False
False
3744 9026 9650 8 8139 3798 3224 1678 8538 2560 503 4191 2771 7115 7936 1139 3310 4331 7867 7637 6715 2528 3694 1044 4460 5991 2211 918 5622 2105 7485
False
3744 9026 9650 8 8139 3798 3224 1678 8538 2560 503 4191 2771 7115 7936 1139 3310 4331 7867 7637 6715 2528 3694 1044 4460 5991 2211 918 5622 2105 7485
3744 9026 9650 8 8139 3798 3224 1678 8538 2560 503 4191 2771 7115 7936 1139 3310 4331 7867 7637 6715 2528 3694 1044 4460 5991 2211 918 5622 2105 7485
False
False
3744 9026 9650 8 8139 3798 3224 1678 8538 2560 503 4191 2771 7115 7936 1139 3310 4331 7867 7637 6715 2528 3694 1044 4460 5991 2211 918 5622 2105 7485 5461 9895 280 243
False
False
False
False
3744 9026 9650 8 8139 3798 3224 1678 8538 2560 503 4191 2771 7115 7936 1139 3310 4331 7867 7637 6715 2528 3694 1044 4460 5991 2211 918 5622 2105 7485 5461 9895 280
3744 9026 9650 8 8139 3798 3224 1678 8538 2560 503 4191 2771 7115 7936 1139 3310 4331 7867 7637 6715 2528 3694 1044 4460 5991 2211 918 5622 2105 7485 5461 9895 280
3744 9026 9650 8 8139 3798 3224 1678 8538 2560 503 4191 2771 7115 7936 1139 3310 4331 7867 7637 6715 2528 3694 1044 4460 5991 2211 918 5622 2105 7485 5461 9895
3744 9026 9650 8 8139 3798 3224 1678 8538 2560 503 4191 2771 7115 7936 1139 3310 4331 7867 7637 6715 2528 3694 1044 4460 5991 2211 918 5622 2105 7485 5461 9895
33
37
36
35
False
False
False
False
False
False
False
False
3744 9026 9650 8 8139 3798 3224 1678 8538 2560 503 4191 2771 7115 7936 1139 3310 4331 7867 7637 6715 2528 3694 1044 4460 5991 2211 918 5622 2105 7485 5461 2591 8159
35
False
False
False
3744 9026 9650 8 8139 3798 3224 1678 8538 2560 503 4191 2771 7115 7936 1139 3310 4331 7867 7637 6715 2528 3694 1044 4460 5991 2211 918 5622 3663
False
31
33
False
False
False
False
False
3744 9026 9650 8 8139 3798 3224 1678 8538 2560 503 4191 2771 7115 7936 1139 3310 4331 7867 7637 6715 2528 3694 1044 4460 5991 2211 918 5622 3663 8647 4512 1978 1590 9483 5885 8120
False
False
False
False
42
3744 9026 9650 8 8139 3798 3224 1678 8538 2560 503 4191 2771 7115 7936 1139 3310 4331 7867 7637 6715 2528 3694 1044 4460 5991 2211 918 5622 3663 8647 4512 1978 1590 9483 5885 8120 284 7261 2167 6176 1763 666
False
3744 9026 9650 8 8139 3798 3224 1678 8538 2560 503 4191 2771 7115 7936 1139 3310 4331 7867 7637 6715 2528 3694 1044 4460 5991 2211 918 5622 3663 8647 4512 1978 1590 9483 5885 8120 284 7261 2167 6176 1763 666
False
45
False
False
3744 9026 9650 8 8139 3798 3224 1678 8538 2560 503 4191 2771 7115 7936 1139 3310 4331 7867 7637 6715 2528 3694 1044 4460 5991 2211 918 5622 3663 8647 4512 1978 1590 9483 5885 8120 284 7261 2167 6176 1763 666 8405 9876
45
False
3744 9026 9650 8 8139 3798 3224 1678 8538 2560 503 4191 2771 7115 7936 1139 3310 4331 7867 7637 6715 2528 3694 1044 4460 5991 2211 918 5622 3663 8647 4512 1978 1590 9483 5885 8120 284 7261 2167 6176 1763
False
False
44
44
False
False
False
44
False
45
47
50
False
False
3744 9026 9650 8 8139 3798 3224 1678 8538 2560 503 4191 2771 7115 7936 1139 3310 4331 7867 7637 6715 2528 3694 1044 4460 5991 2211 918 5622 3663 8647 4512 1978 1590 9483 5885 8120 284 7261 2167 6176 1763 5585 1682 165 7737 6965 4569 4271
3744 9026 9650 8 8139 3798 3224 1678 8538 2560 503 4191 2771 7115 7936 1139 3310 4331 7867 7637 6715 2528 3694 1044 4460 5991 2211 918 5622 3663 8647 4512 1978 1590 9483 5885 8120 284 7261 2167 6176 1763 5585 1682 165 7737 6965 4569 4271 4967
False
51
52
50
False
48
False
3744 9026 9650 8 8139 3798 3224 1678 8538 2560 503 4191 2771 7115 7936 1139 3310 4331 7867 7637 6715 2528 3694 1044 4460 5991 2211 918 5622 3663 8647 4512 1978 1590 9483 5885 8120 284 7261 2167 6176 1763 5585 1682 165 7737 6019
False
3744 9026 9650 8 8139 3798 3224 1678 8538 2560 503 4191 2771 7115 7936 1139 3310 4331 7867 7637 6715 2528 3694 1044 4460 5991 2211 918 5622 3663 8647 4512 1978 1590 9483 5885 8120 284 7261 2167 6176 1763 5585 1682 165 7737 6019
False
False
3744 9026 9650 8 8139 3798 3224 1678 8538 2560 503 4191 2771 7115 7936 1139 3310 4331 7867 7637 6715 2528 3694 1044 4460 5991 2211 918 5622 3663 8647 4512 1978 1590 9483 5885 8120 284 7261 2167 6176 1763 5585 1682 165 7737 7888
49
51
52
3744 9026 9650 8 8139 3798 3224 1678 8538 2560 503 4191 2771 7115 7936 1139 3310 4331 7867 7637 6715 2528 3694 1044 4460 5991 2211 918 5622 3663 8647 4512 1978 1590 9483 5885 8120 284 7261 2167 6176 1763 5585 1682 165 7737 7888 1331 1196 597 4575 9050
53
53
54
False
False
3744 9026 9650 8 8139 3798 3224 1678 8538 2560 503 4191 2771 7115 7936 1139 3310 4331 7867 7637 6715 2528 3694 1044 4460 5991 2211 918 5622 3663 8647 4512 1978 1590 9483 5885 8120 284 7261 2167 6176 1763 5585 1682 165 7737 7888 1331 1196 597 4575 8442
3744 9026 9650 8 8139 3798 3224 1678 8538 2560 503 4191 2771 7115 7936 1139 3310 4331 7867 7637 6715 2528 3694 1044 4460 5991 2211 918 5622 3663 8647 4512 1978 1590 9483 5885 8120 284 7261 2167 6176 1763 5585 1682 165 7737 7888 1331 1196 597 4575 8442
3744 9026 9650 8 8139 3798 3224 1678 8538 2560 503 4191 2771 7115 7936 1139 3310 4331 7867 7637 6715 2528 3694 1044 4460 5991 2211 918 5622 3663 8647 4512 1978 1590 9483 5885 8120 284 7261 2167 6176 1763 5585 1682 165 7737 7888 1331 1196 597 4575 8442 5990
52
3744 9026 9650 8 8139 3798 3224 1678 8538 2560 503 4191 2771 7115 7936 1139 3310 4331 7867 7637 6715 2528 3694 1044 4460 5991 2211 918 5622 3663 8647 4512 1978 1590 9483 5885 8120 284 7261 2167 6176 1763 5585 1682 165 7737 7888 1331 1196 597 4575
3744 9026 9650 8 8139 3798 3224 1678 8538 2560 503 4191 2771 7115 7936 1139 3310 4331 7867 7637 6715 2528 3694 1044 4460 5991 2211 918 5622 3663 8647 4512 1978 1590 9483 5885 8120 284 7261 2167 6176 1763 5585 1682 165 7737 7888 1331 1196 597 4575
False
False
False
3744 9026 9650 8 8139 3798 3224 1678 8538 2560 503 4191 2771 7115 7936 1139 3310 4331 7867 7637 6715 2528 3694 1044 4460 5991 2211 918 5622 3663 8647 4512 1978 1590 9483 5885 8120 284 7261 2167 6176 1763 5585 1682 165 7737 7888 1331
False
3744 9026 9650 8 8139 3798 3224 1678 8538 2560 503 4191 2771 7115 7936 1139 3310 4331 7867 7637 6715 2528 3694 1044 4460 5991 2211 918 5622 3663 8647 4512 1978 1590 9483 5885 8120 284 7261 2167 6176 1763 5585 1682 165 7737 7888 1331 6526 5557 9935
51
False
3744 9026 9650 8 8139 3798 3224 1678 8538 2560 503 4191 2771 7115 7936 1139 3310 4331 7867 7637 6715 2528 3694 1044 4460 5991 2211 918 5622 3663 8647 4512 1978 1590 9483 5885 8120 284 7261 2167 6176 1763 5585 1682 165 7737 7888 1331 6526 5557 9935
52
53
False
False
56
3744 9026 9650 8 8139 3798 3224 1678 8538 2560 503 4191 2771 7115 7936 1139 3310 4331 7867 7637 6715 2528 3694 1044 4460 5991 2211 918 5622 3663 8647 4512 1978 1590 9483 5885 8120 284 7261 2167 6176 1763 5585 1682 165 7737 7888 1331 6526 4942 4609 5243 4366 472 5665
False
False
False
54
3744 9026 9650 8 8139 3798 3224 1678 8538 2560 503 4191 2771 7115 7936 1139 3310 4331 7867 7637 6715 2528 3694 1044 4460 5991 2211 918 5622 3663 8647 4512 1978 1590 9483 5885 8120 284 7261 2167 6176 1763 5585 1682 165 7737 7888 1331 6526 4942 4609 5243 4366 472 5001
57
False
3744 9026 9650 8 8139 3798 3224 1678 8538 2560 503 4191 2771 7115 7936 1139 3310 4331 7867 7637 6715 2528 3694 1044 4460 5991 2211 918 5622 3663 8647 4512 1978 1590 9483 5885 8120 284 7261 2167 6176 1763 5585 1682 165 7737 7888 1331 6526 4942 4609 5243 4366 472 5001 4543 9768 6139
3744 9026 9650 8 8139 3798 3224 1678 8538 2560 503 4191 2771 7115 7936 1139 3310 4331 7867 7637 6715 2528 3694 1044 4460 5991 2211 918 5622 3663 8647 4512 1978 1590 9483 5885 8120 284 7261 2167 6176 1763 5585 1682 165 7737 7888 1331 6526 4942 4609 5243 4366 472 5001 4543 9768 6139 4435 1720
3744 9026 9650 8 8139 3798 3224 1678 8538 2560 503 4191 2771 7115 7936 1139 3310 4331 7867 7637 6715 2528 3694 1044 4460 5991 2211 918 5622 3663 8647 4512 1978 1590 9483 5885 8120 284 7261 2167 6176 1763 5585 1682 165 7737 7888 1331 6526 4942 4609 5243 4366 472 5001 4543 9768 6139 4435 1720
60
60
False
False
False
61
60
False
False
False
57
3744 9026 9650 8 8139 3798 3224 1678 8538 2560 503 4191 2771 7115 7936 1139 3310 4331 7867 7637 6715 2528 3694 1044 4460 5991 2211 918 5622 3663 8647 4512 1978 1590 9483 5885 8120 284 7261 2167 6176 1763 5585 1682 165 7737 7888 1331 6526 4942 4609 5243 4366 472 5001 4543 9768 1370
3744 9026 9650 8 8139 3798 3224 1678 8538 2560 503 4191 2771 7115 7936 1139 3310 4331 7867 7637 6715 2528 3694 1044 4460 5991 2211 918 5622 3663 8647 4512 1978 1590 9483 5885 8120 284 7261 2167 6176 1763 5585 1682 165 7737 7888 1331 6526 4942 4609 5243 4366 472 5001 4543 9768 1192
False
58
False
False
False
False
3744 9026 9650 8 8139 3798 3224 1678 8538 2560 503 4191 2771 7115 7936 1139 3310 4331 7867 7637 6715 2528 3694 1044 4460 5991 2211 918 5622 3663 8647 4512 1978 1590 9483 5885 8120 284 7261 2167 6176 1763 5585 1682 165 7737 7888 1331 6526 4942 4609 5243 4366 472 5001 4543 9768 8198 4716 6953 9986 5526 7387
False
False
False
3744 9026 9650 8 8139 3798 3224 1678 8538 2560 503 4191 2771 7115 7936 1139 3310 4331 7867 7637 6715 2528 3694 1044 4460 5991 2211 918 5622 3663 8647 4512 1978 1590 9483 5885 8120 284 7261 2167 6176 1763 5585 1682 165 7737 7888 1331 6526 4942 4609 5243 4366 472 5001 4543 9768 8198 4716 6953 9986
61
False
False
False
False
3744 9026 9650 8 8139 3798 3224 1678 8538 2560 503 4191 2771 7115 7936 1139 3310 4331 7867 7637 6715 2528 3694 1044 4460 5991 2211 918 5622 3663 8647 4512 1978 1590 9483 5885 8120 284 7261 2167 6176 1763 5585 1682 165 7737 7888 1331 6526 4942 4609 5243 4366 472 5001 4543 9768 8198 4716 6953 9986 1905 3558 8841
False
62
False
61
False
False
61
60
False
3744 9026 9650 8 8139 3798 3224 1678 8538 2560 503 4191 2771 7115 7936 1139 3310 4331 7867 7637 6715 2528 3694 1044 4460 5991 2211 918 5622 3663 8647 4512 1978 1590 9483 5885 8120 284 7261 2167 6176 1763 5585 1682 165 7737 7888 1331 6526 4942 4609 5243 4366 472 5001 4543 9768 8198 4716 6953
False
3744 9026 9650 8 8139 3798 3224 1678 8538 2560 503 4191 2771 7115 7936 1139 3310 4331 7867 7637 6715 2528 3694 1044 4460 5991 2211 918 5622 3663 8647 4512 1978 1590 9483 5885 8120 284 7261 2167 6176 1763 5585 1682 165 7737 7888 1331 6526 4942 4609 5243 4366 472 5001 4543 9768 8198 4716 6953
61
False
False
False
3744 9026 9650 8 8139 3798 3224 1678 8538 2560 503 4191 2771 7115 7936 1139 3310 4331 7867 7637 6715 2528 3694 1044 4460 5991 2211 918 5622 3663 8647 4512 1978 1590 9483 5885 8120 284 7261 2167 6176 1763 5585 1682 165 7737 7888 1331 6526 4942 4609 5243 4366 472 5001 4543 9768 8198 4716 6953 1656 9171 2261 6289
63
63
False
False
False
False
61
3744 9026 9650 8 8139 3798 3224 1678 8538 2560 503 4191 2771 7115 7936 1139 3310 4331 7867 7637 6715 2528 3694 1044 4460 5991 2211 918 5622 3663 8647 4512 1978 1590 9483 5885 8120 284 7261 2167 6176 1763 5585 1682 165 7737 7888 1331 6526 4942 4609 5243 4366 472 5001 4543 9768 8198 4716 6953 1656 8949
False
False
3744 9026 9650 8 8139 3798 3224 1678 8538 2560 503 4191 2771 7115 7936 1139 3310 4331 7867 7637 6715 2528 3694 1044 4460 5991 2211 918 5622 3663 8647 4512 1978 1590 9483 5885 8120 284 7261 2167 6176 1763 5585 1682 165 7737 7888 1331 6526 4942 4609 5243 4366 472 5001 4543 9768 8198 4716 6953 1656 5526
62
63
False
False
False
63
3744 9026 9650 8 8139 3798 3224 1678 8538 2560 503 4191 2771 7115 7936 1139 3310 4331 7867 7637 6715 2528 3694 1044 4460 5991 2211 918 5622 3663 8647 4512 1978 1590 9483 5885 8120 284 7261 2167 6176 1763 5585 1682 165 7737 7888 1331 6526 4942 4609 5243 4366 472 5001 4543 9768 8198 4716 6953 1656 5526 8772
63
False
False
False
False
False
3744 9026 9650 8 8139 3798 3224 1678 8538 2560 503 4191 2771 7115 7936 1139 3310 4331 7867 7637 6715 2528 3694 1044 4460 5991 2211 918 5622 3663 8647 4512 1978 1590 9483 5885 8120 284 7261 2167 6176 1763 5585 1682 165 7737 7888 1331 6526 4942 4609 5243 4366 472 5001 4543 9768 8198 4716 6953 1656
61
62
False
63
3744 9026 9650 8 8139 3798 3224 1678 8538 2560 503 4191 2771 7115 7936 1139 3310 4331 7867 7637 6715 2528 3694 1044 4460 5991 2211 918 5622 3663 8647 4512 1978 1590 9483 5885 8120 284 7261 2167 6176 1763 5585 1682 165 7737 7888 1331 6526 4942 4609 5243 4366 472 5001 4543 9768 8198 4716 6953 1656 323
61
61
False
62
3744 9026 9650 8 8139 3798 3224 1678 8538 2560 503 4191 2771 7115 7936 1139 3310 4331 7867 7637 6715 2528 3694 1044 4460 5991 2211 918 5622 3663 8647 4512 1978 1590 9483 5885 8120 284 7261 2167 6176 1763 5585 1682 165 7737 7888 1331 6526 4942 4609 5243 4366 472 5001 4543 9768 8198 4716 6953 1656
False
3744 9026 9650 8 8139 3798 3224 1678 8538 2560 503 4191 2771 7115 7936 1139 3310 4331 7867 7637 6715 2528 3694 1044 4460 5991 2211 918 5622 3663 8647 4512 1978 1590 9483 5885 8120 284 7261 2167 6176 1763 5585 1682 165 7737 7888 1331 6526 4942 4609 5243 4366 472 5001 4543 9768 8198 4716 6953 1656 832 7563
3744 9026 9650 8 8139 3798 3224 1678 8538 2560 503 4191 2771 7115 7936 1139 3310 4331 7867 7637 6715 2528 3694 1044 4460 5991 2211 918 5622 3663 8647 4512 1978 1590 9483 5885 8120 284 7261 2167 6176 1763 5585 1682 165 7737 7888 1331 6526 4942 4609 5243 4366 472 5001 4543 9768 8198 4716 6953 1656 832 1304 7002 9626
65
False
66
66
False
False
3744 9026 9650 8 8139 3798 3224 1678 8538 2560 503 4191 2771 7115 7936 1139 3310 4331 7867 7637 6715 2528 3694 1044 4460 5991 2211 918 5622 3663 8647 4512 1978 1590 9483 5885 8120 284 7261 2167 6176 1763 5585 1682 165 7737 7888 1331 6526 4942 4609 5243 4366 472 5001 4543 9768 8198 4716 6953 1656 832 1304
False
3744 9026 9650 8 8139 3798 3224 1678 8538 2560 503 4191 2771 7115 7936 1139 3310 4331 7867 7637 6715 2528 3694 1044 4460 5991 2211 918 5622 3663 8647 4512 1978 1590 9483 5885 8120 284 7261 2167 6176 1763 5585 1682 165 7737 7888 1331 6526 4942 4609 5243 4366 472 5001 4543 9768 8198 4716 6953 1656 3873
3744 9026 9650 8 8139 3798 3224 1678 8538 2560 503 4191 2771 7115 7936 1139 3310 4331 7867 7637 6715 2528 3694 1044 4460 5991 2211 918 5622 3663 8647 4512 1978 1590 9483 5885 8120 284 7261 2167 6176 1763 5585 1682 165 7737 7888 1331 6526 4942 4609 5243 4366 472 5001 4543 9768 8198 4716 6953 1656 9037
False
3744 9026 9650 8 8139 3798 3224 1678 8538 2560 503 4191 2771 7115 7936 1139 3310 4331 7867 7637 6715 2528 3694 1044 4460 5991 2211 918 5622 3663 8647 4512 1978 1590 9483 5885 8120 284 7261 2167 6176 1763 5585 1682 165 7737 7888 1331 6526 4942 4609 5243 4366 472 5001 4543 9768 8198 4716 6953 5847 3070
False
False
False
False
3744 9026 9650 8 8139 3798 3224 1678 8538 2560 503 4191 2771 7115 7936 1139 3310 4331 7867 7637 6715 2528 3694 1044 4460 5991 2211 918 5622 3663 8647 4512 1978 1590 9483 5885 8120 284 7261 2167 6176 1763 5585 1682 165 7737 7888 1331 6526 4942 4609 5243 4366 472 5001 4543 9768 8198 4716 6953 5847 3070 9779 7378 9256
False
False
False
False
62
3744 9026 9650 8 8139 3798 3224 1678 8538 2560 503 4191 2771 7115 7936 1139 3310 4331 7867 7637 6715 2528 3694 1044 4460 5991 2211 918 5622 3663 8647 4512 1978 1590 9483 5885 8120 284 7261 2167 6176 1763 5585 1682 165 7737 7888 1331 6526 4942 4609 5243 4366 472 5001 4543 9768 8198 4716 6953 2961
3744 9026 9650 8 8139 3798 3224 1678 8538 2560 503 4191 2771 7115 7936 1139 3310 4331 7867 7637 6715 2528 3694 1044 4460 5991 2211 918 5622 3663 8647 4512 1978 1590 9483 5885 8120 284 7261 2167 6176 1763 5585 1682 165 7737 7888 1331 6526 4942 4609 5243 4366 472 5001 4543 9768 8198 4716 6953 2961
60
3744 9026 9650 8 8139 3798 3224 1678 8538 2560 503 4191 2771 7115 7936 1139 3310 4331 7867 7637 6715 2528 3694 1044 4460 5991 2211 918 5622 3663 8647 4512 1978 1590 9483 5885 8120 284 7261 2167 6176 1763 5585 1682 165 7737 7888 1331 6526 4942 4609 5243 4366 472 5001 4543 9768 8198 4716 6953
False
False
58
3744 9026 9650 8 8139 3798 3224 1678 8538 2560 503 4191 2771 7115 7936 1139 3310 4331 7867 7637 6715 2528 3694 1044 4460 5991 2211 918 5622 3663 8647 4512 1978 1590 9483 5885 8120 284 7261 2167 6176 1763 5585 1682 165 7737 7888 1331 6526 4942 4609 5243 4366 472 5001 4543 6126
False
3744 9026 9650 8 8139 3798 3224 1678 8538 2560 503 4191 2771 7115 7936 1139 3310 4331 7867 7637 6715 2528 3694 1044 4460 5991 2211 918 5622 3663 8647 4512 1978 1590 9483 5885 8120 284 7261 2167 6176 1763 5585 1682 165 7737 7888 1331 6526 4942 4609 5243 4366 472 5001 4543 6126 5890
58
False
59
58
False
3744 9026 9650 8 8139 3798 3224 1678 8538 2560 503 4191 2771 7115 7936 1139 3310 4331 7867 7637 6715 2528 3694 1044 4460 5991 2211 918 5622 3663 8647 4512 1978 1590 9483 5885 8120 284 7261 2167 6176 1763 5585 1682 165 7737 7888 1331 6526 4942 4609 5243 7684
3744 9026 9650 8 8139 3798 3224 1678 8538 2560 503 4191 2771 7115 7936 1139 3310 4331 7867 7637 6715 2528 3694 1044 4460 5991 2211 918 5622 3663 8647 4512 1978 1590 9483 5885 8120 284 7261 2167 6176 1763 5585 1682 165 7737 7888 1331 6526 4942 4609 5243 7684 5143
False
False
False
False
False
3744 9026 9650 8 8139 3798 3224 1678 8538 2560 503 4191 2771 7115 7936 1139 3310 4331 7867 7637 6715 2528 3694 1044 4460 5991 2211 918 5622 3663 8647 4512 1978 1590 9483 5885 8120 284 7261 2167 6176 1763 5585 1682 165 7737 7888 1331 6526 4942 4609 5243 7684 5143 4961 3874
False
3744 9026 9650 8 8139 3798 3224 1678 8538 2560 503 4191 2771 7115 7936 1139 3310 4331 7867 7637 6715 2528 3694 1044 4460 5991 2211 918 5622 3663 8647 4512 1978 1590 9483 5885 8120 284 7261 2167 6176 1763 5585 1682 165 7737 7888 1331 6526 4942 4609 5243 7684 5143 4961 9646 4935
60
False
False
False
62
False
False
False
False
65
False
3744 9026 9650 8 8139 3798 3224 1678 8538 2560 503 4191 2771 7115 7936 1139 3310 4331 7867 7637 6715 2528 3694 1044 4460 5991 2211 918 5622 3663 8647 4512 1978 1590 9483 5885 8120 284 7261 2167 6176 1763 5585 1682 165 7737 7888 1331 6526 4942 4609 5243 7684 5143 4961 9646 4935 7924 4383 5618 69 8880 3275 692 6796 199
False
68
False
False
3744 9026 9650 8 8139 3798 3224 1678 8538 2560 503 4191 2771 7115 7936 1139 3310 4331 7867 7637 6715 2528 3694 1044 4460 5991 2211 918 5622 3663 8647 4512 1978 1590 9483 5885 8120 284 7261 2167 6176 1763 5585 1682 165 7737 7888 1331 6526 4942 4609 5243 7684 5143 4961 9646 4935 7924 4383 5618 69 8880 3275 692 6796 1476 4182 9782
False
False
False
3744 9026 9650 8 8139 3798 3224 1678 8538 2560 503 4191 2771 7115 7936 1139 3310 4331 7867 7637 6715 2528 3694 1044 4460 5991 2211 918 5622 3663 8647 4512 1978 1590 9483 5885 8120 284 7261 2167 6176 1763 5585 1682 165 7737 7888 1331 6526 4942 4609 5243 7684 5143 4961 9646 4935 7924 4383 5618 69 8880 3275 692 6796 1476 4182 350
False
False
False
False
False
False
70
False
False
False
False
71
3744 9026 9650 8 8139 3798 3224 1678 8538 2560 503 4191 2771 7115 7936 1139 3310 4331 7867 7637 6715 2528 3694 1044 4460 5991 2211 918 5622 3663 8647 4512 1978 1590 9483 5885 8120 284 7261 2167 6176 1763 5585 1682 165 7737 7888 1331 6526 4942 4609 5243 7684 5143 4961 9646 4935 7924 4383 5618 69 8880 3275 692 6796 1476 4182 1104 6292 5457 1635
