Empty

False

False
Empty
False
Empty
False
Empty
Empty
Empty
Empty
0
False
0
Empty
True
Empty
False
True
Empty

9045
Empty
Empty
False
False
False
True
False
Empty

7259
False

False
False
True
Empty
False
False
False
True
774 9595
False
2
774 7304
4
774 4007 231 2759 1346
False
774 4007 231 1321
False
False
8
774 4007 231 1321 3726 2272 5385
False
False
False
774 4007 231 1321 3726
774 4007 231 1321 3726 9602 5239
774 4007 231 1321 3726
774 4007 231
3
774 4007 231
False
1
1
False
3030 3763 228 522
4
4
4
3030 3763 228 522 7256
5
False
False
False
3030 3763 228
False
False
False
False
False
False
3030 3763 4745 6930 1531 7881
3030 3763 4745 6930 1531 7881
8
8
8
3030 3763 4745 6930 1531 7881 3471 2142
9
3030 3763 4745 6930 1531 7881 3471 2142 2325
False
False
3030 3763 4745 6930 1531 7881 3471 2142 2325 7729 816 1511
12
False
3030 3763 4745 6930 1531 7881 3471 2142 2325 7729 816
3030 3763 4745 6930 1531 7881 3471 2142 2325 7729 816
3030 3763 4745 6930 1531 7881 3471 2142 2325 7729 816
False
11
False
False
12
False
False
15
3030 3763 4745 6930 1531 7881 3471 2142 2325 7729 816 939 6375 5673 9944
3030 3763 4745 6930 1531 7881 3471 2142 2325 7729 816 939 6375 5673 9944 6880
13
False
13
False
14
3030 3763 4745 6930 1531 7881 3471 2142 2325 7729 816 939 6375 7221
False
13
False
3030 3763 4745 6930 1531 7881 3471 2142 2325 7729 816 939 4246 2435
False
3030 3763 4745 6930 1531 7881 3471 2142 2325 7729 816 2359
3030 3763 4745 6930 1531 7881 3471 2142 2325 7729 816 2359
3030 3763 4745 6930 1531 7881 3471 2142 2325 7729 816 2359
False
13
12
False
8
False
False
False
9
9
9
8
False
False
False
False
3030 3763 4745 6930 1531 7881 3471 2142 2169 2431
False
3030 3763 4745 6930 1531 7881 3471 2142 2169 2431
False
False
3030 3763 4745 6930 1531 7881 3471 2142 2169 2431 8446 2616
14
False
3030 3763 4745 6930 1531 7881 3471 2142 2169 2431 8446 2616 9081 4077 8031 2190
16
3030 3763 4745 6930 1531 7881 3471 2142 2169 2431 8446 2616 9081 4077 8031 2190
3030 3763 4745 6930 1531 7881 3471 2142 2169 2431 8446 2616 9081 4077 8031 2542
False
False
16
16
16
16
3030 3763 4745 6930 1531 7881 3471 2142 2169 2431 8446 2616 9081 4077 8031 9552 763
False
False
False
3030 3763 4745 6930 1531 7881 3471 2142 2169 2431 8446 2616 9081 4077 8031 9552 1404 922
19
False
18
3030 3763 4745 6930 1531 7881 3471 2142 2169 2431 8446 2616 9081 4077 8031 9552 1404 1797
17
False
16
3030 3763 4745 6930 1531 7881 3471 2142 2169 2431 8446 2616 9081 4077 7589
False
16
False
18
19
False
False
False
18
False
False
18
3030 3763 4745 6930 1531 7881 3471 2142 2169 2431 8446 2616 9081 4077 7589 8027 8792 6904
False
False
False
False
False
False
3030 3763 4745 6930 1531 7881 3471 2142 2169 2431 8446 2616 9081 4077 7589
False
21
21
False
False
False
False
False
3030 3763 4745 6930 1531 7881 3471 2142 2169 2431 8446 2616 9081 4077 7589 9074 1919 6814 908
3030 3763 4745 6930 1531 7881 3471 2142 2169 2431 8446 2616 9081 4077 7589 9074 1919 6814 908 4769
False
3030 3763 4745 6930 1531 7881 3471 2142 2169 2431 8446 2616 9081 4077 7589 9074 1919 6814
3030 3763 4745 6930 1531 7881 3471 2142 2169 2431 8446 2616 9081 4077 7589 9074 1919 6814
16
False
False
15
11
3030 3763 4745 6930 1531 7881 3471 2142 2169 2431 8446
3030 3763 4745 6930 1531 7881 3471 2142 2169 2431
3030 3763 4745 6930 1531 7881 3471 2142 2169 2431 5807 901 4119
False
3030 3763 4745 6930 1531 7881 3471 2142 2169 2431 5807 901 4119 3355 3660
False
3030 3763 4745 6930 1531 7881 3471 2142 2169 2431 5807 901
False
False
13
13
False
15
False
False
False
18
False
False
False
3030 3763 4745 6930 1531 7881 3471 2142 2169 2431 5807 901 1773 352 9381 8300 8584 8878 2401
19
19
3030 3763 4745 6930 1531 7881 3471 2142 2169 2431 5807 901 1773 352 9381 8300 8584 8878 2401
3030 3763 4745 6930 1531 7881 3471 2142 2169 2431 5807 901 1773 352 9381 8300 8584 8878 2401 4411
20
False
False
False
3030 3763 4745 6930 1531 7881 3471 2142 2169 2431 5807 901 1773 352 9381 8300 8584
False
17
15
12
11
3030 3763 4745 6930 1531 7881 3471 2142 2169 2431 5807
12
False
False
3030 3763 4745 6930 1531 7505 7281
False
False
False
False
False
6
3030 3763 4745 6930 1531 2078 6894 6176
3030 3763 4745 6930 1531 2078 6894
False
False
3030 3763 4745 6930 1531 2078
False
3030 3763 4745 6930 1531 2078
7
False
False
3030 3763
Empty
Empty


Empty

1
0
Empty
False
6110 834 9414
6110
3
3
False
False
False
False
6110
False
False
3
6110 2536 5931
False
6110 2536
1
Empty
6342 7755 2198
6342 7755
False
False
False
1
6342
6342
6342
2
False
6342 9822
False
False
False
5037 9896
5037
False
1
False
False
Empty
False
3665
4
3665 5964 8210 3237
False
5
4
False
False
False
3665 9451 2957
3665 9451 2957
3
False
False
3665 206
False
2
False
False
False
False
False
7598
False
False
7598
False
Empty
Empty
Empty
0
Empty
True

Empty
7570
2
2
2
False
7570 2255
2
False
1
Empty
0
False
False
0
True
Empty
False
2399
Empty
True

Empty
Empty

0

Empty
Empty
Empty
False
Empty

False
True
True
0
0
False
4747 567 950 244
3
4747 567
False
True
0
False
False
False
7241
1
Empty
0
5862
2
True
Empty
True

False
0
Empty

Empty
True
0
0
False
False
Empty
False
0
True

Empty
Empty
False
False
False
7535 6910 3737 714
6
False
7535 6910 3737 5553 4627 816
False
6
False
6
7535 6910 3737 5553 4627 816
7535 6910 3737 5553 4627 816 2009
8
False
7535 6910 3737 5553 4627 816 6329 4319 7870
7535 6910 3737 5553 4627 816 6329 4319 7870 2503
10
10
False
7535 6910 3737 5553 4627 816 6329 4319
7
False
False
False
False
False
7535 6910 3737 5553 6898 994
False
6
False
False
7535 6910 3737 6881 2564 8055
False
False
False
7535 6910 3737 6881 2564 3923
6
7535 6910 3737 6881 2564 3923
6
False
7535 6910 3737 6881 2564 3923 6878
7535 6910 3737 6881 2564 3923 6878
False
False
7535 6910 3737 6881 2564 3923 5276
7
7535 6910 3737 6881 2564 3923
7
6
False
False
False




True
Empty
2339 5404
False
2339 5404
False
False
2339 5404 8005 1714
False
False
False
2339 5404 1329 6958 9402
4
4
2339 5404 1329
False
False
False
0
True
False
False
False
2360
False
2360
Empty
0
2
False
2037 7056
1
2037
1
4372
1
False
False
2
4372 1384
4372 1384
2
False
4372 443
False
4372 443 840 476 1745 955 3199
False
8
4372 443 840 476 1745 955 3199 5574
False
False
False
False
15
False
False
4372 443 840 476 1745 955 3199 5574 43 3969 1220 4436 1082 1428 7794 6054
False
False
False
4372 443 840 476 1745 955 3199 5574 43 3969 1220 4436 1082 1428 7794 9926
4372 443 840 476 1745 955 3199 5574 43 3969 1220 4436 1082 1428 7794 9926 4728
False
False
False
17
False
False
False
13
False
False
False
4372 443 840 476 1745 955 3199 5574 43 3969 1220 9933 2143 9388 2327 804 7179
False
4372 443 840 476 1745 955 3199 5574 43 3969 1220 9933 2143 9388 2327 804 7179 4523 4567
4372 443 840 476 1745 955 3199 5574 43 3969 1220 9933 2143 9388 2327 804 7179
16
False
15
False
False
False
4372 443 840 476 1745 955 3199 5574 43 3969 1220 9933 2143
False
False
16
16
False
False
False
False
False
False
4372 443 840 476 1745 955 3199 5574 43 3969 1220 9933 2143 278 9295 169 7760
False
4372 443 840 476 1745 955 3199 5574 43 3969 1220 9933 2143 278 9295 169 7760
4372 443 840 476 1745 955 3199 5574 43 3969 1220 9933 2143 278 9295 169 7760
18
19
False
4372 443 840 476 1745 955 3199 5574 43 3969 1220 9933 2143 278 9295 169 7760 1611 3730
False
4372 443 840 476 1745 955 3199 5574 43 3969 1220 9933 2143 278 9295 169 7760 1611 3730
4372 443 840 476 1745 955 3199 5574 43 3969 1220 9933 2143 278 9295 169 7760 1611 3730 286 3972 7984 214
False
False
4372 443 840 476 1745 955 3199 5574 43 3969 1220 9933 2143 278 9295 169 7760 1611 3730 286 3972 7984 3615 2347 1896
4372 443 840 476 1745 955 3199 5574 43 3969 1220 9933 2143 278 9295 169 7760 1611 3730 286 3972 7984 3615 2347 1896 7143
False
False
False
False
26
26
False
26
4372 443 840 476 1745 955 3199 5574 43 3969 1220 9933 2143 278 9295 169 7760 1611 3730 286 3972 7984 3615 2347 9912
24
False
25
False
25
24
24
4372 443 840 476 1745 955 3199 5574 43 3969 1220 9933 2143 278 9295 169 7760 1611 3730 286 3972 7984 3615
20
False
False
4372 443 840 476 1745 955 3199 5574 43 3969 1220 9933 2143 278 9295 169 7760 1611 3730 286
False
4372 443 840 476 1745 955 3199 5574 43 3969 1220 9933 2143 278 9295 169 7760 1611 3730 286
False
19
4372 443 840 476 1745 955 3199 5574 43 3969 1220 9933 2143 278 9295 169 7760 1611 1705
False
20
4372 443 840 476 1745 955 3199 5574 43 3969 1220 9933 2143 278 9295 169 7760 1611 1705
False
19
False
False
False
False
False
False
False
False
False
17
False
False
4372 443 840 476 1745 955 3199 5574 43 3969 1220 9933 2143 278 9295 2096
False
4372 443 840 476 1745 955 3199 5574 43 3969 1220 9933 2143
16
18
19
False
4372 443 840 476 1745 955 3199 5574 43 3969 1220 9933 2143 4447 8758 9240 8423 7872
19
False
4372 443 840 476 1745 955 3199 5574 43 3969 1220 9933 2143 4447 8758 9240 8423 7872 3487
False
False
21
False
False
4372 443 840 476 1745 955 3199 5574 43 3969 1220 9933 2143 4447 8758 9240 8423 7872 9884 2837 8591
False
19
False
False
False
18
False
False
False
4372 443 840 476 1745 955 3199 5574 43 3969 1220 9933 2143 4447 8758 9240
16
False
False
False
17
15
15
4372 443 840 476 1745 955 3199 5574 43 3969 1220 9933 2143 4447 8758
4372 443 840 476 1745 955 3199 5574 43 3969 1220 9933 2143 4447 8758 4040
4372 443 840 476 1745 955 3199 5574 43 3969 1220 9933 2143 4447 8758 5219
4372 443 840 476 1745 955 3199 5574 43 3969 1220 9933 2143 4447 8758 5219
False
False
False
4372 443 840 476 1745 955 3199 5574 43 3969 1220 9933 2043
False
False
False
False
False
10
False
False
False
False
False
13
14
14
14
14
False
4372 443 840 476 1745 955 3199 5574 5918 4074 2506 1040
False
4372 443 840 476 1745 955 3199 5574 5918 4074 2506 1040 1403 5284
4372 443 840 476 1745 955 3199 5574 5918 4074 2506
4372 443 840 476 1745 955 3199 5574 5918 4074 2506
False
False
False
4372 443 840 476 1745 955 3199 5574 5918 4074 2506
False
False
4372 443 840 476 1745 955 3199 5574 5918
False
9
7
4372 443 840 476 1745 955 3199
False
False
4372 443 840 476 1745 955 3199 1984
False
4372 443 840 476 1745 955 3199 1984
4372 443 840 476 1745 955 3199 1984 6756 1397
4372 443 840 476 1745 955 3199 1984 6756
False
4372 443 840 476 1745 955 3199 1984
8
4372 443 840 476 1745 955 3199 1984
False
False
4372 443 840 476 1745 955 3199 1984
7
4372 443 840 476 1745
False
False
False
False
4372 443 840 7628
4372 443 840
False
False
5
6
False
False
False
6
False
False
4
4372 443 840 9237 1865
4372 443 840 9237 1865 9961
5
False
5
4372 443
False
0
Empty
False
8150
False
9246
1
Empty
False
Empty
1
False
Empty
Empty
Empty
False
False
False
Empty
Empty
False
2968 9565
False
Empty

0
Empty
False
False
2
False
False
3
False
3
False
8180 2641 2012
3
8180 2641 2012
False
8180 2641 2012 268
8180 2641 2012 268 8245
False
False
False
7
False
8180 2641 2012 268 8245 9726 9533 6111 9869 4231
False
False
False
False
False
False
False
False
False
8180 2641 2012 268 8245 9726 9533 5980 5887 7 122 1909 7633 1181
17
False
8180 2641 2012 268 8245 9726 9533 5980 5887 7 122 1909 7633 1181 1411 7197 571
False
False
False
False
15
False
False
8
False
8180 2641 2012 268 8245 9726 9533 5980
False
False
False
9
False
False
9
9
False
False
11
8180 2641 2012 268 8245 9726 9533 9119 9170 8375 3337
8180 2641 2012 268 8245 9726 9533 9119 9170 8375 3337
False
False
False
False
8180 2641 2012 268 8245 9726 9533 9119 9170 8375 3337
12
False
False
False
14
8180 2641 2012 268 8245 9726 9533 9119 9170 8375 3337 7691 3566 8203 8352
False
8180 2641 2012 268 8245 9726 9533 9119 9170 8375 3337 7691 3566 8203
13
10
10
False
False
8180 2641 2012 268 8245 9726 9533 9119 9170
False
False
False
8
False
False
False
False
8180 2641 2012 268 8245 9726 9533 9119
False
10
9
False
False
False
10
8180 2641 2012 268 8245 9726 9533 9119 5638 7021
10
12
False
12
False
False
False
11
False
False
False
8180 2641 2012 268 8245 9726 9533 9119 5638 7021 7579
11
False
False
False
False
False
9
False
False
False
False
8180 2641 2012 268 8245 9726 9533 9119 1740 7729
10
False
8180 2641 2012 268 8245 9726 9533 9119 1740 7729 8026 4129
False
12
False
False
8180 2641 2012 268 8245 9726 9533 9119 1740 7729 8026 2713 8333
13
13
False
False
False
12
False
False
False
8180 2641 2012 268 8245 9726 9533 9119 1740 7729 8026 4279 9952 8744 1268
8180 2641 2012 268 8245 9726 9533 9119 1740 7729 8026
11
13
8180 2641 2012 268 8245 9726 9533 9119 1740 7729 8026 285
11
False
12
False
8180 2641 2012 268 8245 9726 9533 9119 1740 7729 8026 102
False
11
False
12
8180 2641 2012 268 8245 9726 9533 9119 1740 7729 7019 5014 720 7700 1719
14
False
False
False
11
11
False
False
False
8180 2641 2012 268 8245 9726 9533 9119 1740 7729 1512 3362
8180 2641 2012 268 8245 9726 9533 9119 1740 7729 1512 3362
12
False
False
8180 2641 2012 268 8245 9726 9533 9119 1740 7729 1247
12
False
False
False
False
False
False
False
False
8180 2641 2012 268 8245 9726 9533 9119 1740 7639 1314
False
False
False
False
False
8180 2641 2012 268 8245 9726 9533 9119 1740 7639 1876 7213 6332 7607
False
False
False
False
17
False
False
13
False
False
False
15
16
15
False
14
13
8180 2641 2012 268 8245 9726 9533 9119 1740 7639 1876 7213
11
False
False
False
8180 2641 2012 268 8245 9726 9533 9119 1740 405 689 631 3339
12
12
8180 2641 2012 268 8245 9726 9533 9119 1740 405 689 631
False
8180 2641 2012 268 8245 9726 9533 9119 1740 405
8180 2641 2012 268 8245 9726 9533 9119
8180 2641 2012 268 8245
8
False
8180 2641 2012 268 8245 6422 8266 9617
False
False
8180 2641 2012 268 8245 6422 8266 9617
8180 2641 2012 268 8245 6422 8266 9617 4591 2491 4678
8180 2641 2012 268 8245 6422 8266 9617 4591 2491 4678 68 9724
False
14
8180 2641 2012 268 8245 6422 8266 9617 4591 2491 4678 68 9724 44 5233
15
8180 2641 2012 268 8245 6422 8266 9617 4591 2491 4678 68 9724 44 5233 9991
8180 2641 2012 268 8245 6422 8266 9617 4591 2491 4678 68 9724 44
8180 2641 2012 268 8245 6422 8266 9617 4591 2491 4678 68 9724 44
8180 2641 2012 268 8245 6422 8266 9617 4591 2491 4678 68 9724
8180 2641 2012 268 8245 6422 8266 9617 4591
9
False
False
7
False
False
False
8180 2641 2012 268 8245 6422 3527 9374
8180 2641 2012 268 8245 6422 3527 9374 3656
False
8180 2641 2012 268 8245 6422 3527 9374 5221
False
False
8180 2641 2012 268 8245 6422 3527 4478 3411
8180 2641 2012 268 8245 4293 6299
8180 2641 2012 268 8245 4293 6299
False
7
7
8180 2641 2012 268 8245 4293 6299 642
8180 2641 2012 268 8245 4293 6299
8180 2641 2012 268 8245 4293
8180 2641 2012 268 8245 4293
8180 2641 2012 268 8245 4293
8180 2641 2012 268 8245 4293
False
8180 2641 2012 268 8245 4293
8180 2641 2012 268 8245 4293
5
8180 2641 2012 268 8245
False
False
8180 2641 8314 2644
4
False
Empty

1
False
False
4
6
False
3140 433 1708 3067 7550 4442
6
False
3140 433 1708 3067 7550 4442 9066 4129
3140 433 1708 3067 7550 4442 9066 4129
False
3140 433 1708 3067 7550 4442 9066 4129
False
False
False
7
7
3140 433 1708 3067 7550 4442 1215
7
3140 433 1708 3067 7550
False
5
5
3140 433 1708 9584 2011
False
3140 433 1708 9584 2011 2916 2658 3837
False
False
9
9
False
3140 433 1708 9584 2011 2916 9125 7513 8981 6285 3187
12
3140 433 1708 9584 2011 2916 9125 7513 8981 6285 3187 7314 12 7922 4370
3140 433 1708 9584 2011 2916 9125 7513 8981 6285 3187 7314 12 7922 4370
3140 433 1708 9584 2011 2916 9125 7513 8981 6285 3187 7314 12 7922 4370
3140 433 1708 9584 2011 2916 9125 7513 8981 6285 3187 7314 12 7922 4370 6590
False
False
3140 433 1708 9584 2011 2916 9125 7513 8981 6285 3187 7314 12
False
3140 433 1708 9584 2011 2916 9125 7513 8981 6285 3187
False
11
3140 433 1708 9584 2011 2916 9125 7513 8981 6285 3187
3140 433 1708 9584 2011 2916 9125 7513 8981 6285 2685
11
False
9
False
False
False
7
False
3140 433 1708 9584 2011 2916 9125
3140 433 1708 9584 2011 2916
6
3140 433 1708 9584 2011 2916 1944 6895
9
False
False
False
False
False
7
3140 433 1708 9584 2011 2916
False
3140 433 1708 9584 2011
False
False
False
3140 433 1708 9584 4729 6863
False
False
3140 433 1708 9584
False
3140 433 3348
False
3
False
False
False
3140 8640 4400 8130 6163 6797 6504 2780
False
6
6
3140 8640 4400 8130 6163 6151
6
False
False
3140 8640 5413
False
False
False
3140 8640 5413 7916 3291 9935 7277 9728 4144 3657
12
False
False
False
False
False
14
3140 8640 5413 7916 3291 9935 7277 9728 4144 3657 1184 2973 4853 7645
15
3140 8640 5413 7916 3291 9935 7277 9728 4144 3657 1184 2973 4853
False
False
False
12
False
3140 8640 5413 7916 3291 9935 7277 9728 4144 3657 1184 4558
12
False
False
11
False
False
False
False
False
11
3140 8640 5413 7916 3291 9935 7277 9728 4144 8505 2499 7838
3140 8640 5413 7916 3291 9935 7277 9728 4144 8505 2499 7838 1614
False
12
False
3140 8640 5413 7916 3291 9935 7277 9728 4144 8505 2499 8132
13
3140 8640 5413 7916 3291 9935 7277 9728 4144 8505 6529
3140 8640 5413 7916 3291 9935 7277 9728 4144 8505
False
3140 8640 5413 7916 3291 9935 7277 9728 4144 8505
3140 8640 5413 7916 3291 9935 7277 9728 4144 8505 6480
3140 8640 5413 7916 3291 9935 7277 9728 4144
7
3140 8640 5413 7916
4
False
False
1
False
True
Empty
False
False
1
6670
6670
1
False
1
False
1

Empty
0
Empty
False
True
False
1215
False

Empty
8493
False
False
False

True
1
Empty

0
False

True
2
3
False
False
False
False
3
False
4930 1059 2890
4930 1059 2890
False
2
4930 1059 957
3
False
4930 1059 957
False
False
2
False
4930 1059 9969 9561 6554 4783
False
False
5
False
4930 1059 9969 9561
False
4930 1059 9969 9561
False
5
4930 1059 9969 2709 9937
False
False
5
4930 1059 9969 2709 2784
4
4930 1059 9969 2709
False
4
False
False
False
False
False
6
False
False
1
1
8536
False
False
1
Empty
False
False
False
1429
1429
1429
1429
Empty
1
4768
Empty
0
False
0
Empty
True
3
False
False
9397 5101
Empty
False
False
339 6651
339 6651 6754
False
339 6651 542 1942 2637 3699
False
4
2
339
Empty
Empty

Empty
False
508
False
False
False
2
2
False
508 7418 1695
False
False
True

Empty
Empty

0
Empty
False
False
Empty
Empty
True
False
False

0

Empty
0
Empty
9354 6410
False
False
False
False
False
9354 6410 5376 284
False
4
9354 6410 4372
3
False
False
False
9354 6410 4372 1329 2195 7430
5
7
9354 6410 4372 1329 2195 9879 1785 3954
8
8
8
False
False
7
False
8
8
False
False
6
False
12
False
10
10
11
9354 6410 4372 1329 2195 9879 6446 483 4606 1780 8720
False
False
False
9354 6410 4372 1329 2195 9879 6446 483 4606
9
10
False
False
9354 6410 4372 1329 2195 9879 6446 483 714 1770 9114
False
False
7
False
False
7
False
False
9354 6410 4372 1329 2195 9879 8204 7510 2959
10
False
False
False
8
False
False
9354 6410 4372 1329 2195 9879 8204 7510
9354 6410 4372 1329 2195 9879 8204 7510
False
9354 6410 4372 1329 2195 9879 8204 7510
False
False
False
9
False
9354 6410 4372 1329 2195 9879 8204
9354 6410 4372 1329 2195 9879 8204
False
False
False
9354 6410 4372 1329 2195 9879 8204 4293 5179
9354 6410 4372 1329 2195 9879 8204 4293 5179 7960
10
9
9354 6410 4372 1329 2195 9879 8204 4293 5179 3463
9354 6410 4372 1329 2195 9879 8204 4293 5179 3463
False
False
False
False
8
False
False
False
False
False
False
False
False
3
False
9354 6410
2
9354
False
Empty

0
True
Empty

0
Empty
Empty
1
False
False
False
False
False
6804 9403
Empty
1
1
False
False

False
False
False
False
False
9717 3421 5037 3162 705
False
False
8
False
False
9717 3421 5037 3162 7407 9068 4792 4821
9717 3421 5037 3162 7407 9068 4792 4821 2956 2157 7391 9677 7429 5868
9717 3421 5037 3162 7407 9068 4792 4821 2956 2157 7391 9677 3027 491
14
9717 3421 5037 3162 7407 9068 4792 4821 2956 2157 7391 9677 3027 9684
False
9717 3421 5037 3162 7407 9068 4792 4821 2956 2157 7391 9677 3027 9684
False
False
False
False
9717 3421 5037 3162 7407 9068 4792 4821 2956 2157 7391 9677
False
False
8
False
False
9717 3421 5037 3162 7407 9068 4792
9717 3421 5037 3162 7407 9068 4792
9717 3421 5037 3162 7407 9068 4792
False
False
9
9717 3421 5037 3162 7407 9068 3139
5
9717 3421 5037 3162 7407
5
9717 3421 5037 3162 9635
False
False
4
False
False
False
False
9717 3421 5037
9717 3421 5841 8618 9839 6635
9717 3421 5841 8618 9839 6635 784
False
9717 3421 5841 8618 9839 6635 3229
False
8
9717 3421 5841 8618 9839 6635 5404 7006
False
False
False
False
False
9717 3421 5841 8618 9839 8806 2966 7449 8017 7268 9524
9717 3421 5841 8618 9839 8806 2966 7449 8017 7268 9524
False
False
False
10
9717 3421 5841 8618 9839 8806 2966 7449 8017 1451
False
9717 3421 5841 8618 9839 8806 2966 7449 8017
10
False
9717 3421 5841 8618 9839 8806 2966 7449 8017 9295
9717 3421 5841 8618 9839 8806 2966 7449 8017 9295 4307
9717 3421 5841 8618 9839 8806 2966 7449 8017 9295 4307
11
False
9717 3421 5841 8618 9839 8806 2966 7449 8017 5097 5236 4408
False
16
False
False
False
18
18
9717 3421 5841 8618 9839 8806 2966 7449 8017 5097 5236 4408 549 5187 824 8791
False
9717 3421 5841 8618 9839 8806 2966 7449 8017 5097 5236 4408 549 5187 824
False
False
19
9717 3421 5841 8618 9839 8806 2966 7449 8017 5097 5236 4408 549 5187 824 424
False
9717 3421 5841 8618 9839 8806 2966 7449 8017 5097 5236 4408 549 5187 824 6269
False
False
16
13
False
13
False
9717 3421 5841 8618 9839 8806 2966 7449 8017 5097 5236 4408 549 9930 8761
False
False
False
False
9717 3421 5841 8618 9839 8806 2966 7449 8017 5097 5236 4408
False
11
9717 3421 5841 8618 9839 8806 2966 7449 8017 5097 3308
11
9717 3421 5841 8618 9839 8806 2966 7449 8017 5097 3308
12
False
12
False
9717 3421 5841 8618 9839 8806 2966 7449 8017 5097 3308 1787
9717 3421 5841 8618 9839 8806 2966 7449 8017 5097 3308 1787 7189 4670
False
False
False
False
9717 3421 5841 8618 9839 8806 2966 7449 8017 5097 3308
11
False
False
12
False
9717 3421 5841 8618 9839 8806 2966 7449 8017 5097 8457
False
9717 3421 5841 8618 9839 8806 2966 7449 8017 5097 8457
False
False
False
9717 3421 5841 8618 9839 8806 2966 7449
False
False
False
False
False
9717 3421 5841 8618 9839 8806 2966 7449 3065
9717 3421 5841 8618 9839 8806 2966 7449 3065 2536
False
False
11
12
9717 3421 5841 8618 9839 8806 2966 7449 3065 2536 7486 4777
False
False
False
12
False
False
False
9717 3421 5841 8618 9839 8806 2966 7449 3065 2536 9468 5992
9717 3421 5841 8618 9839 8806 2966 7449 3065 2536 9468 5992 9399 4840
False
False
False
18
18
19
False
20
False
9717 3421 5841 8618 9839 8806 2966 7449 3065 2536 9468 5992 9399 401 5707 1664 9730 5704 3793 2122 1598
9717 3421 5841 8618 9839 8806 2966 7449 3065 2536 9468 5992 9399 401 5707 1664 9730 5704 3793 2122
9717 3421 5841 8618 9839 8806 2966 7449 3065 2536 9468 5992 9399 401 5707 1664 9730 5704 3793 2122
9717 3421 5841 8618 9839 8806 2966 7449 3065 2536 9468 5992 9399 401 5707 1664 9730 5704 3793 2122 1331
9717 3421 5841 8618 9839 8806 2966 7449 3065 2536 9468 5992 9399 401 5707 1664 9730 5704 3793 2122 1331 4934
False
9717 3421 5841 8618 9839 8806 2966 7449 3065 2536 9468 5992 9399 401 5707 1664 9730 5704 3793 2122
9717 3421 5841 8618 9839 8806 2966 7449 3065 2536 9468 5992 9399 401 5707 1664 9730 5704 3793 2122 3692
9717 3421 5841 8618 9839 8806 2966 7449 3065 2536 9468 5992 9399 401 5707 1664 9730 5704 3793 2122 3692
19
19
False
False
False
19
False
9717 3421 5841 8618 9839 8806 2966 7449 3065 2536 9468 5992 9399 401 5707 1664 9730 5704 8336
False
False
16
False
9717 3421 5841 8618 9839 8806 2966 7449 3065 2536 9468 5992 9399 401 5707 6948 6903
False
False
9717 3421 5841 8618 9839 8806 2966 7449 3065 2536 9468 5992 9399 401 5707 6948 6903 8870 9259 5512 2101
21
False
9717 3421 5841 8618 9839 8806 2966 7449 3065 2536 9468 5992 9399 401 5707 6948 6903 8870 9259 5512
9717 3421 5841 8618 9839 8806 2966 7449 3065 2536 9468 5992 9399 401 5707 6948 6903 8870 9259 5512
False
9717 3421 5841 8618 9839 8806 2966 7449 3065 2536 9468 5992 9399 401 5707 6948 6903 8870 9259 5857
False
9717 3421 5841 8618 9839 8806 2966 7449 3065 2536 9468 5992 9399 401 5707 6948 6903
False
17
False
False
False
False
18
18
False
False
18
False
False
9717 3421 5841 8618 9839 8806 2966 7449 3065 2536 9468 5992 9399 401 5707 6948 6903 336 5010 5829
False
17
False
False
9717 3421 5841 8618 9839 8806 2966 7449 3065 2536 9468 5992 9399 401 5707 893 8653 3191 4394 4252
18
False
9717 3421 5841 8618 9839 8806 2966 7449 3065 2536 9468 5992 9399 401 5707 893 8653 3191
9717 3421 5841 8618 9839 8806 2966 7449 3065 2536 9468 5992 9399 401 5707 893 8653 3191
False
False
False
False
False
9717 3421 5841 8618 9839 8806 2966 7449 3065 2536 9468 5992 9399 401 5707 893 8405 7922 4161 3262
False
False
20
9717 3421 5841 8618 9839 8806 2966 7449 3065 2536 9468 5992 9399 401 5707 893 8405 7922 4161
False
19
9717 3421 5841 8618 9839 8806 2966 7449 3065 2536 9468 5992 9399 401 5707 893 8405 7922
False
False
18
9717 3421 5841 8618 9839 8806 2966 7449 3065 2536 9468 5992 9399 401 5707 893 8405 7922 5945 1400
9717 3421 5841 8618 9839 8806 2966 7449 3065 2536 9468 5992 9399 401 5707 893 8405 7922 5945
9717 3421 5841 8618 9839 8806 2966 7449 3065 2536 9468 5992 9399 401 5707 893 8405
9717 3421 5841 8618 9839 8806 2966 7449 3065 2536 9468 5992 9399 401 5707 893 8405
17
18
False
False
False
False
9717 3421 5841 8618 9839 8806 2966 7449 3065 2536 9468 5992 9399 401 5707 893 7185
9717 3421 5841 8618 9839 8806 2966 7449 3065 2536 9468 5992 9399 401 5707 893 7185 5804 5695
False
False
False
False
False
21
False
9717 3421 5841 8618 9839 8806 2966 7449 3065 2536 9468 5992 9399 401 5707 893 7185 5804 9841 9668 1688
21
23
False
False
9717 3421 5841 8618 9839 8806 2966 7449 3065 2536 9468 5992 9399 401 5707 893 7185 5804 9841 9668
21
9717 3421 5841 8618 9839 8806 2966 7449 3065 2536 9468 5992 9399 401 5707 893 7185 5804 9841 9668
9717 3421 5841 8618 9839 8806 2966 7449 3065 2536 9468 5992 9399 401 5707 893 7185 5804 9841 9668
False
False
9717 3421 5841 8618 9839 8806 2966 7449 3065 2536 9468 5992 9399 401 5707 893 7185 5804 9841
18
False
False
12
9717 3421 5841 8618 9839 8806 2966 7449 3065 2536 9468 5992
9717 3421 5841 8618 9839 8806 2966 7449 3065 2536 9468 5992
9717 3421 5841 8618 9839 8806 2966 7449 3065 2536 9468 5992
9717 3421 5841 8618 9839 8806 2966 7449 3065 2536 9468 5992
9717 3421 5841 8618 9839 8806 2966 7449 3065 2536
9717 3421 5841 8618 9839 8806 2966 7449 3065 2536
False
False
False
False
6
6
3
False
False
5
False
4
False
False
False
False
False
5
False
5
False
5
9717 3421 5841 6885 2514
9717 3421 5841 6885 2514 4854
7
False
9717 3421 5841 6885 2514 4854 3463
False
7
9717 3421 5841 6885 2514 4854
False
False
False
False
9717 3421 5841 6885 2514 4854 4835 6388 7776
False
False
12
False
10
False
13
17
False
18
False
9717 3421 5841 6885 2514 4854 4835 6388 4792 8599 2158 6568 1645 999 5752 2746 7256 9624
False
9717 3421 5841 6885 2514 4854 4835 6388 4792 8599 2158 6568 1645 999 5752 2746 7256
False
9717 3421 5841 6885 2514 4854 4835 6388 4792 8599 2158 6568 1645 999 5752 2746 7256 1083
9717 3421 5841 6885 2514 4854 4835 6388 4792 8599 2158 6568 1645 999 5752 2746 7256 1083
False
False
9717 3421 5841 6885 2514 4854 4835 6388 4792 8599 2158 6568 1645 999 5752 2746
False
13
False
False
False
9717 3421 5841 6885 2514 4854 4835 6388 4792 8599 2158 6568
False
9
8
9717 3421 5841 6885 2514 4854 4835 1778
9717 3421 5841 6885 2514 4854
False
6
False
9717 3421 5841 6885 2514 7963
9717 3421 5841 6885 2514 7963
9717 3421 5841 6885 2514 7963
4
5
9717 3421 5841 6885 4475
9717 3421 5841 6885 4475 5237 52
False
False
False
False
False
9717 3421 5841 6885 4475 5325
9717 3421 5841 6885 4475 5325
False
False
False
6
9717 3421 5841 6885 4475 9190
6
False
False
5
False
3
4
False
False
False
9717 9833 3030 2472
True
False
Empty
Empty
Empty

False
2
False
False
3
False
7801 5522
False
False
False
False
False
2
7801 5522 1526
3
False
7801 5522 1526 8077
7801 5522 1526 8077 4697
7801 5522 1526 8077 4697
False
6
False
6
False
False
9
False
False
False
8
7801 5522 1526 8077 4697 200 4765 5826
False
False
False
7801 5522 1526 8077
False
5
False
False
False
False
False
5
2
False
False
3
False
False
4
7801 7992 701
3
7801 7992 701 4831 1185 6862
7801 7992 701 4831 1185 6862 2729 5732
False
7801 7992 701 4831 1185 6862 2729
False
False
False
False
False
False
7801 7992 701 4831 1185 6862 2729 1196 6372 6039 8345
False
False
False
12
False
15
17
False
16
False
False
False
16
7801 7992 701 4831 1185 6862 2729 1196 6372 6039 8345 4245 7142 7515 1070 6433
15
False
False
False
12
False
False
7801 7992 701 4831 1185 6862 2729 1196 6372 6039 8345 1397
False
10
False
False
8
9
10
10
10
False
9
7801 7992 701 4831 1185 6862 2729 1196 2666
False
8
7801 7992 701 4831 1185 6862 2729 5292
False
False
8
7801 7992 701 4831 1185 6862 4497 3571
7801 7992 701 4831 1185 6862 4497 3571
False
5
7801 7992 701 4831 1185
False
False
False
False
7
False
7801 7992 701 4831 1185 4432 6863
7801 7992 701 4831 1185 4432 4503
False
7801 7992 701 4831 1185 4432 1549 1471
7801 7992 701 4831 1185 4432
False
3
4
4
7801
False
1
False
Empty
False
0
False
False
False
Empty
0
False
Empty
1

True
True
Empty
False

False
False
False
False
1
0
True


Empty
True

True
False

Empty
0
Empty
False
False
False
False
2
3
1590 2073 3066 8390 6492
False
2
4
False
False
1590 2073 6846 8530 9267 296
False
False
1590 2073 6846 4704
False
1590 2073 6846
1590 2073 6846 8908
False
1590 2073 6846
False
False
1590 2073 6846 1536 4295
False
1590 2073 6846 1536
5
False
1590 3827 2931
False
False
0
Empty
Empty
Empty
False
False
6356 7961
6356 1408
False
False
False
5
False
6356 1408 9508 4612 1066
5
False
6356 1408 9508 4612 1066 3509
False
False
False
6356 1408 9508 4612 1066 3509
False
False
False
False
6
False
False
False
False
6
6356 1408 9508 4612 1066 6976 7295 1326 7796
False
6356 1408 9508 4612 1066 6976 7295 1326 3885 597 5139
False
False
False
12
6356 1408 9508 4612 1066 6976 7295 1326 3885 597 5139 1131 8487
13
12
False
False
False
False
False
6356 1408 9508 4612 1066 6976 7295 1326 3885 597 5139 2203 8552 2355 6886
6356 1408 9508 4612 1066 6976 7295 1326 3885 597 5139 2203 8552 2355 6886
6356 1408 9508 4612 1066 6976 7295 1326 3885 597 5139 2203 8552 2355 6886
6356 1408 9508 4612 1066 6976 7295 1326 3885 597 5139 2203 8552 2355 6886
16
14
False
6356 1408 9508 4612 1066 6976 7295 1326 3885 597 5139 1326
13
13
12
False
False
False
6356 1408 9508 4612 1066 6976 7295 1326 3885 636
False
False
False
False
10
10
6356 1408 9508 4612 1066 6976 7295 1326 4466 5298
False
7
False
6
6356 1408 9508 4612 1066 6976
6
6
5
6356 1408 9508 4612 1066
False
False
False
6356 1408 9508 4612 1066 1892 895 3881 3381 7506
False
False
10
10
6356 1408 9508 4612 1066 1892 895 3881 288 2341
6356 1408 9508 4612 1066 1892 895 3881 288 2341
11
False
11
12
12
False
False
False
False
12
15
False
False
12
6356 1408 9508 4612 1066 1892 895 3881 288 5503 753 6010 2490 4169
6356 1408 9508 4612 1066 1892 895 3881 288 5503 753 6010 2490 4169
6356 1408 9508 4612 1066 1892 895 3881 288 5503 753 6010 2490 513
False
False
False
False
False
False
17
False
6356 1408 9508 4612 1066 1892 895 3881 288 5503 753 6010 2490 513 7912 54 9845 7644
False
6356 1408 9508 4612 1066 1892 895 3881 288 5503 753 6010 2490 513 7912 54 9845 7644
18
False
False
17
False
False
18
False
False
False
False
6356 1408 9508 4612 1066 1892 895 3881 288 5503 753 6010 2490 513 7912 54 9845 9817 4275 2374 7515 7858 8327
6356 1408 9508 4612 1066 1892 895 3881 288 5503 753 6010 2490 513 7912 54 9845 9817 4275 2374 7515 7858 8327
23
22
6356 1408 9508 4612 1066 1892 895 3881 288 5503 753 6010 2490 513 7912 54 9845 9817 4275 2374 7515 7858
False
23
False
6356 1408 9508 4612 1066 1892 895 3881 288 5503 753 6010 2490 513 7912 54 9845 9817 4275 2374 7515 6467
False
False
6356 1408 9508 4612 1066 1892 895 3881 288 5503 753 6010 2490 513 7912 54 9845 9817 4275 2374 7515 6467 6258
6356 1408 9508 4612 1066 1892 895 3881 288 5503 753 6010 2490 513 7912 54 9845 9817 4275 2374 7515 6467
22
6356 1408 9508 4612 1066 1892 895 3881 288 5503 753 6010 2490 513 7912 54 9845 9817 4275 2374 7515 6467
False
21
False
False
19
False
18
False
False
False
17
False
False
17
False
6356 1408 9508 4612 1066 1892 895 3881 288 5503 753 6010 2490 513 7912
6356 1408 9508 4612 1066 1892 895 3881 288 5503 753 6010 2490 513 5523
False
False
16
False
False
6356 1408 9508 4612 1066 1892 895 3881 288 5503 753 6010 2490 513 5523 6774 6145
19
6356 1408 9508 4612 1066 1892 895 3881 288 5503 753 6010 2490 513 5523 6774 6145 3337
False
False
6356 1408 9508 4612 1066 1892 895 3881 288 5503 753 6010 2490 513 5523
False
False
6356 1408 9508 4612 1066 1892 895 3881 288 5503 753 6010 2490 513
False
6356 1408 9508 4612 1066 1892 895 3881 288 5503 753 6010 2490 513 852 3182 1859 7582 7662 2532 9822
False
False
6356 1408 9508 4612 1066 1892 895 3881 288 5503 753 6010 2490 513 852 3182 1859 7582 7662
6356 1408 9508 4612 1066 1892 895 3881 288 5503 753 6010 2490 513 852 3182 1859 7582
False
18
False
18
False
6356 1408 9508 4612 1066 1892 895 3881 288 5503 753 6010 2490 513 852 3182 1859 7582 5800
False
False
21
6356 1408 9508 4612 1066 1892 895 3881 288 5503 753 6010 2490 513 852 3182 1859 7582 5800 9735 2803 6715
6356 1408 9508 4612 1066 1892 895 3881 288 5503 753 6010 2490 513 852 3182 1859 7582 5800 9735 2803 6044
False
22
22
22
21
False
False
6356 1408 9508 4612 1066 1892 895 3881 288 5503 753 6010 2490 513 852 3182 1859 7582 5800 9735 2803 9371 8623
False
False
6356 1408 9508 4612 1066 1892 895 3881 288 5503 753 6010 2490 513 852 3182 1859 7582 5800 9735 2803 379
24
False
23
20
21
False
23
False
False
22
False
False
20
20
False
False
False
False
False
False
6356 1408 9508 4612 1066 1892 895 3881 288 5503 753 6010 2490 513 852 3182 1859 393 9939 9429
False
20
6356 1408 9508 4612 1066 1892 895 3881 288 5503 753 6010 2490 513 852 3182 1859 393 9939
False
False
False
False
19
6356 1408 9508 4612 1066 1892 895 3881 288 5503 753 6010 2490 513 852 3182 1859 393 5990
6356 1408 9508 4612 1066 1892 895 3881 288 5503 753 6010 2490 513 852 3182 1859 393 4070
6356 1408 9508 4612 1066 1892 895 3881 288 5503 753 6010 2490 513 852 3182 1859 393 4070 3083 5606 3689
False
6356 1408 9508 4612 1066 1892 895 3881 288 5503 753 6010 2490 513 852 3182 1859 393 4070 3083 5606 3689
19
False
6356 1408 9508 4612 1066 1892 895 3881 288 5503 753 6010 2490 513 852 3182 1859 3645
6356 1408 9508 4612 1066 1892 895 3881 288 5503 753 6010 2490 513 852 3182 1859 3645 4376 3421 7754 3050
False
6356 1408 9508 4612 1066 1892 895 3881 288 5503 753 6010 2490 513 852 3182 1859 3645 4376 3421 7754 3050 738
False
6356 1408 9508 4612 1066 1892 895 3881 288 5503 753 6010 2490 513 852 3182 1859 3645 4376 3421 7754 3050
22
6356 1408 9508 4612 1066 1892 895 3881 288 5503 753 6010 2490 513 852 3182 1859 3645 4376 3421 7754 2109 2523
24
False
28
False
False
False
6356 1408 9508 4612 1066 1892 895 3881 288 5503 753 6010 2490 513 852 3182 1859 3645 4376 3421 7754 2109 2523 4283 5117 1512 3847 3722 6359
False
30
False
31
31
6356 1408 9508 4612 1066 1892 895 3881 288 5503 753 6010 2490 513 852 3182 1859 3645 4376 3421 7754 2109 2523 4283 5117 1512 3847 3722 6359 9004
False
6356 1408 9508 4612 1066 1892 895 3881 288 5503 753 6010 2490 513 852 3182 1859 3645 4376 3421 7754 2109 2523 4283 5117 1512 3847 3722 6359 4910 8154
False
False
False
False
6356 1408 9508 4612 1066 1892 895 3881 288 5503 753 6010 2490 513 852 3182 1859 3645 4376 3421 7754 2109 2523 4283 5117 1512 3847 3722 6359 4910 8154 1346
32
False
34
34
6356 1408 9508 4612 1066 1892 895 3881 288 5503 753 6010 2490 513 852 3182 1859 3645 4376 3421 7754 2109 2523 4283 5117 1512 3847 3722 6359 4910 8154 5785 4395 5242
False
False
False
34
34
6356 1408 9508 4612 1066 1892 895 3881 288 5503 753 6010 2490 513 852 3182 1859 3645 4376 3421 7754 2109 2523 4283 5117 1512 3847 3722 6359 4910 8154 5785 4395 3884
False
6356 1408 9508 4612 1066 1892 895 3881 288 5503 753 6010 2490 513 852 3182 1859 3645 4376 3421 7754 2109 2523 4283 5117 1512 3847 3722 6359 4910 8154 5785 4395 3884
29
False
False
6356 1408 9508 4612 1066 1892 895 3881 288 5503 753 6010 2490 513 852 3182 1859 3645 4376 3421 7754 2109 2523 4283 5117 1512 3847 3722 5356
28
6356 1408 9508 4612 1066 1892 895 3881 288 5503 753 6010 2490 513 852 3182 1859 3645 4376 3421 7754 2109 2523 4283 5117 1512 3847 3722 2838 134
False
False
33
6356 1408 9508 4612 1066 1892 895 3881 288 5503 753 6010 2490 513 852 3182 1859 3645 4376 3421 7754 2109 2523 4283 5117 1512 3847 3722 2838 134 3924 3299 2783
False
6356 1408 9508 4612 1066 1892 895 3881 288 5503 753 6010 2490 513 852 3182 1859 3645 4376 3421 7754 2109 2523 4283 5117 1512 3847 3722 2838 134 3924 3299 2783
6356 1408 9508 4612 1066 1892 895 3881 288 5503 753 6010 2490 513 852 3182 1859 3645 4376 3421 7754 2109 2523 4283 5117 1512 3847 3722 2838 134 3924 3299 2783
32
34
False
False
False
34
False
34
6356 1408 9508 4612 1066 1892 895 3881 288 5503 753 6010 2490 513 852 3182 1859 3645 4376 3421 7754 2109 2523 4283 5117 1512 3847 3722 2838 134 3924 5189 1162 204 9806 2783
36
False
6356 1408 9508 4612 1066 1892 895 3881 288 5503 753 6010 2490 513 852 3182 1859 3645 4376 3421 7754 2109 2523 4283 5117 1512 3847 3722 2838 134 3924 5189 1162 204 9806 1487
36
36
False
False
False
False
False
False
False
False
False
6356 1408 9508 4612 1066 1892 895 3881 288 5503 753 6010 2490 513 852 3182 1859 3645 4376 3421 7754 2109 2523 4283 5117 1512 3847 3722 2838 134 3924 5189 1162 204 4395 2074
False
False
6356 1408 9508 4612 1066 1892 895 3881 288 5503 753 6010 2490 513 852 3182 1859 3645 4376 3421 7754 2109 2523 4283 5117 1512 3847 3722 2838 134 3924 5189 1162 204 4395 2074
6356 1408 9508 4612 1066 1892 895 3881 288 5503 753 6010 2490 513 852 3182 1859 3645 4376 3421 7754 2109 2523 4283 5117 1512 3847 3722 2838 134 3924 5189 1162 204 4395 2074
37
False
36
36
False
6356 1408 9508 4612 1066 1892 895 3881 288 5503 753 6010 2490 513 852 3182 1859 3645 4376 3421 7754 2109 2523 4283 5117 1512 3847 3722 2838 134 3924 5189 1162 204 238
False
False
False
False
30
32
False
28
6356 1408 9508 4612 1066 1892 895 3881 288 5503 753 6010 2490 513 852 3182 1859 3645 4376 3421 7754 2109 2523 4283 5117 1512 3847 3722
False
28
6356 1408 9508 4612 1066 1892 895 3881 288 5503 753 6010 2490 513 852 3182 1859 3645 4376 3421 7754 2109 2523 4283 5117 1512 3847 4006
6356 1408 9508 4612 1066 1892 895 3881 288 5503 753 6010 2490 513 852 3182 1859 3645 4376 3421 7754 2109 2523 4283 5117 1512 3847 1556 5557 596 3186
False
False
False
False
6356 1408 9508 4612 1066 1892 895 3881 288 5503 753 6010 2490 513 852 3182 1859 3645 4376 3421 7754 2109 2523 4283 5117 1512 3847 1556 5557 9518
6356 1408 9508 4612 1066 1892 895 3881 288 5503 753 6010 2490 513 852 3182 1859 3645 4376 3421 7754 2109 2523 4283 5117 1512 3847 1556 5557
False
6356 1408 9508 4612 1066 1892 895 3881 288 5503 753 6010 2490 513 852 3182 1859 3645 4376 3421 7754 2109 2523 4283 5117 1512 3847 1556 5557
6356 1408 9508 4612 1066 1892 895 3881 288 5503 753 6010 2490 513 852 3182 1859 3645 4376 3421 7754 2109 2523 4283 5117 1512 3847 1556 5557 2291
False
6356 1408 9508 4612 1066 1892 895 3881 288 5503 753 6010 2490 513 852 3182 1859 3645 4376 3421 7754 2109 2523 4283 5117 1512 3847 1556 5557 9860
False
30
6356 1408 9508 4612 1066 1892 895 3881 288 5503 753 6010 2490 513 852 3182 1859 3645 4376 3421 7754 2109 2523 4283 5117 1512 3847 1556 5557 4577
6356 1408 9508 4612 1066 1892 895 3881 288 5503 753 6010 2490 513 852 3182 1859 3645 4376 3421 7754 2109 2523 4283 5117 1512 3847 1556 5557 4577
6356 1408 9508 4612 1066 1892 895 3881 288 5503 753 6010 2490 513 852 3182 1859 3645 4376 3421 7754 2109 2523 4283 5117 1512 3847 1556 5557 4577
False
6356 1408 9508 4612 1066 1892 895 3881 288 5503 753 6010 2490 513 852 3182 1859 3645 4376 3421 7754 2109 2523 4283 5117 1512 3847 1556 5557 1015
30
27
27
28
False
6356 1408 9508 4612 1066 1892 895 3881 288 5503 753 6010 2490 513 852 3182 1859 3645 4376 3421 7754 2109 2523 4283 5117 1512 3847 9731 164 5311 6753
31
False
False
False
6356 1408 9508 4612 1066 1892 895 3881 288 5503 753 6010 2490 513 852 3182 1859 3645 4376 3421 7754 2109 2523 4283 5117 1512 3847 9731 164 5311 7368
6356 1408 9508 4612 1066 1892 895 3881 288 5503 753 6010 2490 513 852 3182 1859 3645 4376 3421 7754 2109 2523 4283 5117 1512 3847 9731 164 2958 2711
6356 1408 9508 4612 1066 1892 895 3881 288 5503 753 6010 2490 513 852 3182 1859 3645 4376 3421 7754 2109 2523 4283 5117 1512 3847 9731 164 2958 2711
6356 1408 9508 4612 1066 1892 895 3881 288 5503 753 6010 2490 513 852 3182 1859 3645 4376 3421 7754 2109 2523 4283 5117 1512 3847 9731 164 2958 2711
False
6356 1408 9508 4612 1066 1892 895 3881 288 5503 753 6010 2490 513 852 3182 1859 3645 4376 3421 7754 2109 2523 4283 5117 1512 3847 9731 164 2958 2711
32
False
32
False
False
6356 1408 9508 4612 1066 1892 895 3881 288 5503 753 6010 2490 513 852 3182 1859 3645 4376 3421 7754 2109 2523 4283 5117 1512 3847 9731 164 2958 2711 8582
False
False
30
False
6356 1408 9508 4612 1066 1892 895 3881 288 5503 753 6010 2490 513 852 3182 1859 3645 4376 3421 7754 2109 2523 4283 5117 1512 3847 9731 164 2958 8282 2123 2068 5707
False
False
False
False
False
6356 1408 9508 4612 1066 1892 895 3881 288 5503 753 6010 2490 513 852 3182 1859 3645 4376 3421 7754 2109 2523 4283 5117 1512 3847 9731 164 2958 8282 2123 2068 5707 7505 6983 1695
6356 1408 9508 4612 1066 1892 895 3881 288 5503 753 6010 2490 513 852 3182 1859 3645 4376 3421 7754 2109 2523 4283 5117 1512 3847 9731 164 2958 8282 2123 2068 5707 7505 6983
False
False
False
35
False
35
False
False
False
False
False
False
6356 1408 9508 4612 1066 1892 895 3881 288 5503 753 6010 2490 513 852 3182 1859 3645 4376 3421 7754 2109 2523 4283 5117 1512 3847 9731 164 2958 8282 2123 2068 5707 8840
False
False
35
False
6356 1408 9508 4612 1066 1892 895 3881 288 5503 753 6010 2490 513 852 3182 1859 3645 4376 3421 7754 2109 2523 4283 5117 1512 3847 9731 164 2958 8282 2123 2068 5707 2271 3469 3710
False
False
38
6356 1408 9508 4612 1066 1892 895 3881 288 5503 753 6010 2490 513 852 3182 1859 3645 4376 3421 7754 2109 2523 4283 5117 1512 3847 9731 164 2958 8282 2123 2068 5707 2271 3469 2801 7181
39
False
False
6356 1408 9508 4612 1066 1892 895 3881 288 5503 753 6010 2490 513 852 3182 1859 3645 4376 3421 7754 2109 2523 4283 5117 1512 3847 9731 164 2958 8282 2123 2068 5707 2271 3469 2801 7181 7652
False
False
6356 1408 9508 4612 1066 1892 895 3881 288 5503 753 6010 2490 513 852 3182 1859 3645 4376 3421 7754 2109 2523 4283 5117 1512 3847 9731 164 2958 8282 2123 2068 5707 2271 3469 2801 7181 7652 1413
False
False
False
False
False
6356 1408 9508 4612 1066 1892 895 3881 288 5503 753 6010 2490 513 852 3182 1859 3645 4376 3421 7754 2109 2523 4283 5117 1512 3847 9731 164 2958 8282 2123 2068 5707 2271 3469 2801 7181 7652 5568 5864
False
False
43
False
False
False
False
46
45
6356 1408 9508 4612 1066 1892 895 3881 288 5503 753 6010 2490 513 852 3182 1859 3645 4376 3421 7754 2109 2523 4283 5117 1512 3847 9731 164 2958 8282 2123 2068 5707 2271 3469 2801 7181 7652 5568 5864 4904 8435 6760 34
46
False
False
False
46
False
False
False
False
False
False
False
6356 1408 9508 4612 1066 1892 895 3881 288 5503 753 6010 2490 513 852 3182 1859 3645 4376 3421 7754 2109 2523 4283 5117 1512 3847 9731 164 2958 8282 2123 2068 5707 2271 3469 2801 7181 7652 5568 5864
False
6356 1408 9508 4612 1066 1892 895 3881 288 5503 753 6010 2490 513 852 3182 1859 3645 4376 3421 7754 2109 2523 4283 5117 1512 3847 9731 164 2958 8282 2123 2068 5707 2271 3469 2801 7181 7652 5568 5864
6356 1408 9508 4612 1066 1892 895 3881 288 5503 753 6010 2490 513 852 3182 1859 3645 4376 3421 7754 2109 2523 4283 5117 1512 3847 9731 164 2958 8282 2123 2068 5707 2271 3469 2801 7181 7652 5568 5864
6356 1408 9508 4612 1066 1892 895 3881 288 5503 753 6010 2490 513 852 3182 1859 3645 4376 3421 7754 2109 2523 4283 5117 1512 3847 9731 164 2958 8282 2123 2068 5707 2271 3469 2801 7181 7652 5568 5864
42
False
False
44
False
False
6356 1408 9508 4612 1066 1892 895 3881 288 5503 753 6010 2490 513 852 3182 1859 3645 4376 3421 7754 2109 2523 4283 5117 1512 3847 9731 164 2958 8282 2123 2068 5707 2271 3469 2801 7181 7652 5568 5864 7436 8620 2692 3670
45
False
6356 1408 9508 4612 1066 1892 895 3881 288 5503 753 6010 2490 513 852 3182 1859 3645 4376 3421 7754 2109 2523 4283 5117 1512 3847 9731 164 2958 8282 2123 2068 5707 2271 3469 2801 7181 7652 5568 5864 7436 8620 2692
6356 1408 9508 4612 1066 1892 895 3881 288 5503 753 6010 2490 513 852 3182 1859 3645 4376 3421 7754 2109 2523 4283 5117 1512 3847 9731 164 2958 8282 2123 2068 5707 2271 3469 2801 7181 7652 5568 5864 7436 8620 2692
False
False
6356 1408 9508 4612 1066 1892 895 3881 288 5503 753 6010 2490 513 852 3182 1859 3645 4376 3421 7754 2109 2523 4283 5117 1512 3847 9731 164 2958 8282 2123 2068 5707 2271 3469 2801 7181 7652 5568 5864 7436 8620 2692
False
6356 1408 9508 4612 1066 1892 895 3881 288 5503 753 6010 2490 513 852 3182 1859 3645 4376 3421 7754 2109 2523 4283 5117 1512 3847 9731 164 2958 8282 2123 2068 5707 2271 3469 2801 7181 7652 5568 5864 7436 8620
False
False
False
6356 1408 9508 4612 1066 1892 895 3881 288 5503 753 6010 2490 513 852 3182 1859 3645 4376 3421 7754 2109 2523 4283 5117 1512 3847 9731 164 2958 8282 2123 2068 5707 2271 3469 2801 7181 7652 5568 5864 7436 8620 5038 2182 2112
46
False
False
False
False
6356 1408 9508 4612 1066 1892 895 3881 288 5503 753 6010 2490 513 852 3182 1859 3645 4376 3421 7754 2109 2523 4283 5117 1512 3847 9731 164 2958 8282 2123 2068 5707 2271 3469 2801 7181 7652 5568 5864 7436 8620 5038 2182 2112 7574 5893 1974
47
False
False
False
6356 1408 9508 4612 1066 1892 895 3881 288 5503 753 6010 2490 513 852 3182 1859 3645 4376 3421 7754 2109 2523 4283 5117 1512 3847 9731 164 2958 8282 2123 2068 5707 2271 3469 2801 7181 7652 5568 5864 7436 8620 5038 2182 3098 6179 3276
48
48
False
False
6356 1408 9508 4612 1066 1892 895 3881 288 5503 753 6010 2490 513 852 3182 1859 3645 4376 3421 7754 2109 2523 4283 5117 1512 3847 9731 164 2958 8282 2123 2068 5707 2271 3469 2801 7181 7652 5568 5864 7436 8620 5038 2182 3098 6179 3276 5095 7619
False
False
False
False
50
False
49
50
48
6356 1408 9508 4612 1066 1892 895 3881 288 5503 753 6010 2490 513 852 3182 1859 3645 4376 3421 7754 2109 2523 4283 5117 1512 3847 9731 164 2958 8282 2123 2068 5707 2271 3469 2801 7181 7652 5568 5864 7436 8620 5038 2182 3098 6179 3276
False
False
False
False
False
6356 1408 9508 4612 1066 1892 895 3881 288 5503 753 6010 2490 513 852 3182 1859 3645 4376 3421 7754 2109 2523 4283 5117 1512 3847 9731 164 2958 8282 2123 2068 5707 2271 3469 2801 7181 7652 5568 5864 7436 8620 5038 2182 3098
False
False
False
False
46
44
6356 1408 9508 4612 1066 1892 895 3881 288 5503 753 6010 2490 513 852 3182 1859 3645 4376 3421 7754 2109 2523 4283 5117 1512 3847 9731 164 2958 8282 2123 2068 5707 2271 3469 2801 7181 7652 5568 5864 7436 8620 5038
False
6356 1408 9508 4612 1066 1892 895 3881 288 5503 753 6010 2490 513 852 3182 1859 3645 4376 3421 7754 2109 2523 4283 5117 1512 3847 9731 164 2958 8282 2123 2068 5707 2271 3469 2801 7181 2158 7467 413
False
41
6356 1408 9508 4612 1066 1892 895 3881 288 5503 753 6010 2490 513 852 3182 1859 3645 4376 3421 7754 2109 2523 4283 5117 1512 3847 9731 164 2958 8282 2123 2068 5707 2271 3469 2801 7181 2158
6356 1408 9508 4612 1066 1892 895 3881 288 5503 753 6010 2490 513 852 3182 1859 3645 4376 3421 7754 2109 2523 4283 5117 1512 3847 9731 164 2958 8282 2123 2068 5707 2271 3469 2801 7181 2158
False
6356 1408 9508 4612 1066 1892 895 3881 288 5503 753 6010 2490 513 852 3182 1859 3645 4376 3421 7754 2109 2523 4283 5117 1512 3847 9731 164 2958 8282 2123 2068 5707 2271 3469 2801 7181
6356 1408 9508 4612 1066 1892 895 3881 288 5503 753 6010 2490 513 852 3182 1859 3645 4376 3421 7754 2109 2523 4283 5117 1512 3847 9731 164 2958 8282 2123 2068 5707 2271 3469 2801 5198
False
38
False
False
6356 1408 9508 4612 1066 1892 895 3881 288 5503 753 6010 2490 513 852 3182 1859 3645 4376 3421 7754 2109 2523 4283 5117 1512 3847 9731 164 2958 8282 2123 2068 5707 2271 3469 2801
False
38
6356 1408 9508 4612 1066 1892 895 3881 288 5503 753 6010 2490 513 852 3182 1859 3645 4376 3421 7754 2109 2523 4283 5117 1512 3847 9731 164 2958 8282 2123 2068 5707 2271 3469 2801 5579
False
37
37
False
6356 1408 9508 4612 1066 1892 895 3881 288 5503 753 6010 2490 513 852 3182 1859 3645 4376 3421 7754 2109 2523 4283 5117 1512 3847 9731 164 2958 8282 2123 2068 5707 2271
False
34
6356 1408 9508 4612 1066 1892 895 3881 288 5503 753 6010 2490 513 852 3182 1859 3645 4376 3421 7754 2109 2523 4283 5117 1512 3847 9731 164 2958 8282 2123 2068 9387 7140 3561
6356 1408 9508 4612 1066 1892 895 3881 288 5503 753 6010 2490 513 852 3182 1859 3645 4376 3421 7754 2109 2523 4283 5117 1512 3847 9731 164 2958 8282 2123 2068 9387 7140 3561
False
36
6356 1408 9508 4612 1066 1892 895 3881 288 5503 753 6010 2490 513 852 3182 1859 3645 4376 3421 7754 2109 2523 4283 5117 1512 3847 9731 164 2958 8282 2123 2068 9387 7140 3561 1492
False
False
37
6356 1408 9508 4612 1066 1892 895 3881 288 5503 753 6010 2490 513 852 3182 1859 3645 4376 3421 7754 2109 2523 4283 5117 1512 3847 9731 164 2958 8282 2123 2068 9387 7140 3561
36
6356 1408 9508 4612 1066 1892 895 3881 288 5503 753 6010 2490 513 852 3182 1859 3645 4376 3421 7754 2109 2523 4283 5117 1512 3847 9731 164 2958 8282 2123 2068 9387 7140 6444
6356 1408 9508 4612 1066 1892 895 3881 288 5503 753 6010 2490 513 852 3182 1859 3645 4376 3421 7754 2109 2523 4283 5117 1512 3847 9731 164 2958 8282 2123 2068 9387 7140 6444 7096
False
False
False
6356 1408 9508 4612 1066 1892 895 3881 288 5503 753 6010 2490 513 852 3182 1859 3645 4376 3421 7754 2109 2523 4283 5117 1512 3847 9731 164 2958 8282 2123 2068 9387 7140 6444 5122
6356 1408 9508 4612 1066 1892 895 3881 288 5503 753 6010 2490 513 852 3182 1859 3645 4376 3421 7754 2109 2523 4283 5117 1512 3847 9731 164 2958 8282 2123 2068 9387 7140 6444 5122
False
6356 1408 9508 4612 1066 1892 895 3881 288 5503 753 6010 2490 513 852 3182 1859 3645 4376 3421 7754 2109 2523 4283 5117 1512 3847 9731 164 2958 8282 2123 2068 9387 7140 6444 8005
False
6356 1408 9508 4612 1066 1892 895 3881 288 5503 753 6010 2490 513 852 3182 1859 3645 4376 3421 7754 2109 2523 4283 5117 1512 3847 9731 164 2958 8282 2123 2068 9387 7140
False
6356 1408 9508 4612 1066 1892 895 3881 288 5503 753 6010 2490 513 852 3182 1859 3645 4376 3421 7754 2109 2523 4283 5117 1512 3847 9731 164 2958 8282 2123 8219
False
False
False
False
34
6356 1408 9508 4612 1066 1892 895 3881 288 5503 753 6010 2490 513 852 3182 1859 3645 4376 3421 7754 2109 2523 4283 5117 1512 3847 9731 164 2958 2557
False
6356 1408 9508 4612 1066 1892 895 3881 288 5503 753 6010 2490 513 852 3182 1859 3645 4376 3421 7754 2109 2523 4283 5117 1512 3847 9731 164 2958 2557
6356 1408 9508 4612 1066 1892 895 3881 288 5503 753 6010 2490 513 852 3182 1859 3645 4376 3421 7754 2109 2523 4283 5117 1512 3847 9731 164 2958 2557 3625
33
35
False
6356 1408 9508 4612 1066 1892 895 3881 288 5503 753 6010 2490 513 852 3182 1859 3645 4376 3421 7754 2109 2523 4283 5117 1512 3847 9731 164 2958 2557 3625 8262 2848 9677
False
6356 1408 9508 4612 1066 1892 895 3881 288 5503 753 6010 2490 513 852 3182 1859 3645 4376 3421 7754 2109 2523 4283 5117 1512 3847 9731 164 2958 2557 3625 8262 2848
False
False
6356 1408 9508 4612 1066 1892 895 3881 288 5503 753 6010 2490 513 852 3182 1859 3645 4376 3421 7754 2109 2523 4283 5117 1512 3847 9731 164 2958 2557 3625 8262 577
False
False
32
False
False
39
False
6356 1408 9508 4612 1066 1892 895 3881 288 5503 753 6010 2490 513 852 3182 1859 3645 4376 3421 7754 2109 2523 4283 5117 1512 3847 9731 164 2958 2557 3625 9014 1798 479 5080 9923 9211 7222 7549
43
False
False
6356 1408 9508 4612 1066 1892 895 3881 288 5503 753 6010 2490 513 852 3182 1859 3645 4376 3421 7754 2109 2523 4283 5117 1512 3847 9731 164 2958 2557 3625 9014 1798 479 5080 9923 9211 7222 7549 203
False
6356 1408 9508 4612 1066 1892 895 3881 288 5503 753 6010 2490 513 852 3182 1859 3645 4376 3421 7754 2109 2523 4283 5117 1512 3847 9731 164 2958 2557 3625 9014 1798 479 5080 9923 9211 7222 7549 203 3776
False
46
False
False
45
46
46
False
False
False
6356 1408 9508 4612 1066 1892 895 3881 288 5503 753 6010 2490 513 852 3182 1859 3645 4376 3421 7754 2109 2523 4283 5117 1512 3847 9731 164 2958 2557 3625 9014 1798 479 5080 9923 9211 7222 7549 203 3776 2910 6577 6843 8881 156 6112 2649 7746
6356 1408 9508 4612 1066 1892 895 3881 288 5503 753 6010 2490 513 852 3182 1859 3645 4376 3421 7754 2109 2523 4283 5117 1512 3847 9731 164 2958 2557 3625 9014 1798 479 5080 9923 9211 7222 7549 203 3776 2910 6577 6843 8881 156 6112 2649 7746 2760
6356 1408 9508 4612 1066 1892 895 3881 288 5503 753 6010 2490 513 852 3182 1859 3645 4376 3421 7754 2109 2523 4283 5117 1512 3847 9731 164 2958 2557 3625 9014 1798 479 5080 9923 9211 7222 7549 203 3776 2910 6577 6843 8881 156 6112 2649 7746 2760
False
6356 1408 9508 4612 1066 1892 895 3881 288 5503 753 6010 2490 513 852 3182 1859 3645 4376 3421 7754 2109 2523 4283 5117 1512 3847 9731 164 2958 2557 3625 9014 1798 479 5080 9923 9211 7222 7549 203 3776 2910 6577 6843 8881 156 6112
False
False
48
False
False
46
False
False
45
45
45
False
6356 1408 9508 4612 1066 1892 895 3881 288 5503 753 6010 2490 513 852 3182 1859 3645 4376 3421 7754 2109 2523 4283 5117 1512 3847 9731 164 2958 2557 3625 9014 1798 479 5080 9923 9211 7222 7549 203 3776 2910 6577
44
6356 1408 9508 4612 1066 1892 895 3881 288 5503 753 6010 2490 513 852 3182 1859 3645 4376 3421 7754 2109 2523 4283 5117 1512 3847 9731 164 2958 2557 3625 9014 1798 479 5080 9923 9211 7222 7549 203 3776 2910 6577 1477
False
False
6356 1408 9508 4612 1066 1892 895 3881 288 5503 753 6010 2490 513 852 3182 1859 3645 4376 3421 7754 2109 2523 4283 5117 1512 3847 9731 164 2958 2557 3625 9014 1798 479 5080 9923 9211 7222 7549
False
6356 1408 9508 4612 1066 1892 895 3881 288 5503 753 6010 2490 513 852 3182 1859 3645 4376 3421 7754 2109 2523 4283 5117 1512 3847 9731 164 2958 2557 3625 9014 1798 479 5080 9923 9211 7222
6356 1408 9508 4612 1066 1892 895 3881 288 5503 753 6010 2490 513 852 3182 1859 3645 4376 3421 7754 2109 2523 4283 5117 1512 3847 9731 164 2958 2557 3625 9014 1798 479 5080 9923 9211 7222 6154 9256
6356 1408 9508 4612 1066 1892 895 3881 288 5503 753 6010 2490 513 852 3182 1859 3645 4376 3421 7754 2109 2523 4283 5117 1512 3847 9731 164 2958 2557 3625 9014 1798 479 5080 9923 9211 7222 6154 9256
41
42
6356 1408 9508 4612 1066 1892 895 3881 288 5503 753 6010 2490 513 852 3182 1859 3645 4376 3421 7754 2109 2523 4283 5117 1512 3847 9731 164 2958 2557 3625 9014
False
False
False
False
False
31
30
30
False
False
31
False
False
29
False
False
False
False
False
29
False
29
6356 1408 9508 4612 1066 1892 895 3881 288 5503 753 6010 2490 513 852 3182 1859 3645 4376 3421 7754 2109 2523 4283 5117 1512 9499
6356 1408 9508 4612 1066 1892 895 3881 288 5503 753 6010 2490 513 852 3182 1859 3645 4376 3421 7754 2109 2523 4283 5117 1512 9499 59
False
6356 1408 9508 4612 1066 1892 895 3881 288 5503 753 6010 2490 513 852 3182 1859 3645 4376 3421 7754 2109 2523 4283 5117 1512 9602 6126
27
False
6356 1408 9508 4612 1066 1892 895 3881 288 5503 753 6010 2490 513 852 3182 1859 3645 4376 3421 7754 2109 2523 4283 5117 1512
False
6356 1408 9508 4612 1066 1892 895 3881 288 5503 753 6010 2490 513 852 3182 1859 3645 4376 3421 7754 2109 2523 5257
False
20
6356 1408 9508 4612 1066 1892 895 3881 288 5503 753 6010 2490 513 852 3182 1859 3645 4376 7447
False
6356 1408 9508 4612 1066 1892 895 3881 288 5503 753 6010 2490 513 852 3182 1859 3645 4376 7447 9179 9040
17
6356 1408 9508 4612 1066 1892 895 3881 288 5503 753 6010 2490 513 852 776
16
False
False
False
False
False
False
False
6356 1408 9508 4612 1066 1892 895 3881 288 5503 753 6010 2490 513 852 776 8091 2817
19
18
6356 1408 9508 4612 1066 1892 895 3881 288 5503 753 6010 2490 513 852 776 8001
False
False
21
21
6356 1408 9508 4612 1066 1892 895 3881 288 5503 753 6010 2490 513 852 776 8001 5506 6048 794
6356 1408 9508 4612 1066 1892 895 3881 288 5503 753 6010 2490 513 852 776 8001 5506 6048 9405
6356 1408 9508 4612 1066 1892 895 3881 288 5503 753 6010 2490 513 852 776 8001
6356 1408 9508 4612 1066 1892 895 3881 288 5503 753 6010 2490 513 852 776
False
False
False
6356 1408 9508 4612 1066 1892 895 3881 288 5503 753 6010
False
6356 1408 9508 4612 1066 1892 895 3881 288 5503 753 6010 7289 7975
6356 1408 9508 4612 1066 1892 895 3881 288 5503 753 6010 7289 7975
6356 1408 9508 4612 1066 1892 895 3881 288 5503 753 6010 7289 7975 2967
False
6356 1408 9508 4612 1066 1892 895 3881 288 5503 753 6010 7289 7975 2967
6356 1408 9508 4612 1066 1892 895 3881 288 5503 753 6010 7289 7975 2967
6356 1408 9508 4612 1066 1892 895 3881 288 5503 753 6010 7289 7975 1480
15
6356 1408 9508 4612 1066 1892 895 3881 288 5503 753 6010 7289 7975 1480 8971 6007 3455
6356 1408 9508 4612 1066 1892 895 3881 288 5503 753 6010 7289 7975 1480 8971 6007
False
False
6356 1408 9508 4612 1066 1892 895 3881 288 5503 753 6010 7289 7975 1480
6356 1408 9508 4612 1066 1892 895 3881 288 5503 753 6010 7289 7975
6356 1408 9508 4612 1066 1892 895 3881 288 5503 753 6010 7289 7975 8629
False
15
False
17
17
17
False
18
6356 1408 9508 4612 1066 1892 895 3881 288 5503 753 6010 7289 7975 8629 5837 4381 4389
18
False
False
False
False
6356 1408 9508 4612 1066 1892 895 3881 288 5503 753 6010 7289 7975 8629 5837 4381 3061 1341
20
20
False
False
6356 1408 9508 4612 1066 1892 895 3881 288 5503 753 6010 7289 7975 8629 5837 4381 3061 1341
False
False
False
6356 1408 9508 4612 1066 1892 895 3881 288 5503 753 6010 7289 7975 8629 5837 4381 3061
False
False
16
6356 1408 9508 4612 1066 1892 895 3881 288 5503 753 6010 7289 7975 8629 5837
False
6356 1408 9508 4612 1066 1892 895 3881 288 5503 753 6010 7289 7975 8629 5837 8817
6356 1408 9508 4612 1066 1892 895 3881 288 5503 753 6010 7289 7975 8629 5837 8817 1162
False
False
15
6356 1408 9508 4612 1066 1892 895 3881 288 5503 753 6010 7289 7128 3556
False
False
11
False
6356 1408 9508 4612 1066 1892 895 3881 288 5503 2017 6745
6356 1408 9508 4612 1066 1892 895 3881 288 5503 2017 987 8734
False
6356 1408 9508 4612 1066 1892 895 3881 288 5503 2017 987
False
14
False
6356 1408 9508 4612 1066 1892 895 3881 288 5503 2017 987 4711 2616 8341
15
False
18
6356 1408 9508 4612 1066 1892 895 3881 288 5503 2017 987 4711 2616 8341 6706 3978 7537 8787 6491
False
False
6356 1408 9508 4612 1066 1892 895 3881 288 5503 2017 987 4711 2616 8341 6706 3978 7537
6356 1408 9508 4612 1066 1892 895 3881 288 5503 2017 987 4711 2616 8341 6706 3978 7537
False
6356 1408 9508 4612 1066 1892 895 3881 288 5503 2017 987 4711 2616 8341 6706 3978 7537 1990
6356 1408 9508 4612 1066 1892 895 3881 288 5503 2017 987 4711 2616 8341 6706 3978 7537 1990
6356 1408 9508 4612 1066 1892 895 3881 288 5503 2017 987 4711 2616 8341 6706
6356 1408 9508 4612 1066 1892 895 3881 288 5503 2017 987 4711 2616 8341 6706 9034 4703
6356 1408 9508 4612 1066 1892 895 3881 288 5503 2017 987 4711 2616 8341 6706
16
False
False
False
10
6356 1408 9508 4612 1066 1892 895 3881 288 4902
6356 1408 9508 4612 1066 1892 895 3881 288 4902
False
False
6356 1408 9508 4612 1066 1892 895
6356 1408 9508 4612 1066 1892 895
False
7
False
False
False
False
False
False
6
6356 1408 9508 4612 8978 6691
6356 1408 9508 4612 8978 6691
False
6356 1408 9508 4612 8978
6356 1408 9508 4612 8978 977 509
False
8
False
False
4
5
1
6356
True
Empty
Empty
True
1
3
False
7594 6257 6819
1
Empty
True
Empty
False
Empty
Empty
False
True
True
0
Empty
True
Empty

False
False
9868
False
Empty


False
5427
False
2035 340
False
2
False
2
False
650 8018
False
False
650 8018 585 4500 45 7305
8
False
False
650 8018 585 4500 45 7305 2898 7792 8976
False
8
8
650 8018 585 4500 45 7305 2898 7792
8
650 8018 585 4500 45 7305 8901
7
False
7
False
9
650 8018 585 4500 45 7305 8901 4475 8511 4180
False
650 8018 585 4500 45 7305 8901 4475 8511
False
8
False
8
10
False
650 8018 585 4500 45 7305 8901 8427 1499 5397
650 8018 585 4500 45 7305 8901 8427 1499 5397
