False
0
Empty

0
Empty
False
Empty

False
3
2
2584
False
2028
False
9903
False
1
1
False
9903
False
False
False
9903 66
False
9903
False
0
Empty
False
False
Empty
0

5
5
6
1851 4836 7560 3438 54
2272
False
False
False
False
9486
1851 4836 7560 3438 54 2272
1851 4836 7560 3438 54 2272
False
2272
2272
2272
False
8
2272
False
7
1851 4836 7560 3438 54 9387 5330
False
1851 4836 7560 3438 54 9387 5330 1005
8
1005
8
False
1851 4836 7560 6349 8321
False
False
False
False
5385
4923
False
5
False
982
False
False
False
1851 4836 7560 6349 4923 2793 527 2478 1358 2840
1851 4836 7560 6349 4923 2793 527 2478 1358 2840
9
1851 4836 7560 6349 4923 2793 527 2478 1358
1851 4836 7560 6349 4923 2793 527 2478 1358
1851 4836 7560 6349 4923 2793 527 2478 1358
False
False
2478
1851 4836 7560 6349 4923 2793 527 2478
2478
False
False
False
1851 4836 7560 6349 4923 2793 527 2478
2793
False
5
6
False
1851 4836 7560 6349 4923 5499 8933
1851 4836 7560 6349 4923 5499 8933
1851 4836 7560 6349 4923 5499 8933 967
8
967
1851 4836 7560 6349 4923 5499 8933
1851 4836 7560 6349 4923 5499 8933
False
1851 4836 7560 6349 4923 5499 8933
False
1851 4836 7560 6349 4923 5499 8933
8
False
1851 4836 7560 6349 4923 5499 764
