
7683
1
533
533
Empty
False
4528
4528
4528
4528
False
2
True

Empty



2
2342 501
False
False
False
8691
5
2342 501 7770 8691
False
4
4
1562
2342 501 7770 530 1562 760
7
7
False
7103
False
2342 501 7770 530 1562 760 7103 9900 5570
510
False
510
510
2342 501 7770 530 1562 760 7103
False
2584
2342 501 7770 530 1562 760
2342 501 7770 530 1562 760
2342 501 7770 530 1562 760 2045
6
760
2342 501 7770 530 1562 760
2342 501 7770 530 1562
False
False
False
2342 501 7770 530 5951
6205
3
2342 501 7770
False
False
False
3
501
False
2342
0
Empty
Empty
False
2587 6076 6414 7507
7507
False
4
False
2587 6076 6414 1272
1272
5
False
False
False
2587 6076 6414 1272 5141
2587 6076 6414 1272
False
1272
False
False
2587
0
Empty


Empty

False
3443
False
False
9025 3443 4363
3443
3
9125
9025 3443 9125 4266
4266
9025 3443 9125
4603
9025 3443 9125 4603 9682
False
9025 3443 9125
9025 3443 9125 3472
3
9125
9125
9025 3443 6068 6321 9894 7388
9025 3443 6068 6321 9894 7388
False
9894
9025 3443 6068 6321 9894
9025 3443 6068 6321 9894
4
4
False
9025 3443 6068 2123 2061
9108
7116
False
9025 3443 6068 2123 2061 2559 7762 7116 4669 5957 8239 4807
4807
False
False
11
246
11
False
11
False
5957
False
10
5957
5957
10
5957
9025 3443 6068 2123 2061 2559 7762 7116 4669 5957
8
False
9
1886
1886
False
1886
False
7
False
False
False
4
9025 3443 6068 7391 3364
Empty
True
0

Empty
Empty

1
0
Empty
False
Empty
Empty
6534
False
False
6534
False
Empty
Empty
Empty
0
1
Empty
True

0
Empty
Empty
Empty
False
True






5457
5457
False
5457 4685
5457 4685 9774
False
1
True

Empty
Empty

0
Empty
True
0
6997 8969 1582
6997 8969 1582
6997 8969 1582
False
6997 8969 1113
6997 8969 1113
False
2
5
False
6997 8969 2188 5358 1826
4521
False
False
9
False
False
14
False
9604
False
False
6997 8969 2188 5358 1826 1100 4521 7616 900 5386
7766
12
False
False
6997 8969 2188 5358 1826 1100 4521 7616 900 5386 4756 7766
False
False
7766
9568
13
False
12
False
False
False
False
13
6997 8969 2188 5358 1826 1100 4521 7616 900 5386 4756 7766 1096
False
16
False
False
False
False
15
6997 8969 2188 5358 1826 1100 4521 7616 900 5386 4756 7766 1096 2383 3021
15
False
6997 8969 2188 5358 1826 1100 4521 7616 900 5386 4756 7766 1096 2383 3021
6997 8969 2188 5358 1826 1100 4521 7616 900 5386 4756 7766 1096 2383 3021
16
6997 8969 2188 5358 1826 1100 4521 7616 900 5386 4756 7766 1096 2383 3021 144
False
False
4390
False
6997 8969 2188 5358 1826 1100 4521 7616 900 5386 4756 7766 1096 2383 1374 4919 9344 9571 2626 4390 7256 7410 6353
21
7256
6997 8969 2188 5358 1826 1100 4521 7616 900 5386 4756 7766 1096 2383 1374 4919 9344 9571 2626 4390
20
6997 8969 2188 5358 1826 1100 4521 7616 900 5386 4756 7766 1096 2383 1374 4919 9344 9571 2626 4390
4390
6997 8969 2188 5358 1826 1100 4521 7616 900 5386 4756 7766 1096 2383 1374 4919 9344 9571 2626 4390
6997 8969 2188 5358 1826 1100 4521 7616 900 5386 4756 7766 1096 2383 1374 4919 9344 9571 2626 4390
20
False
20
False
6997 8969 2188 5358 1826 1100 4521 7616 900 5386 4756 7766 1096 2383 1374 4919 9344 9571 2626 699 1227 2951
8007
6997 8969 2188 5358 1826 1100 4521 7616 900 5386 4756 7766 1096 2383 1374 4919 9344 9571 2626 699 1227 2951 8007
8007
24
1927
False
False
25
24
24
24
4887
False
4887
False
6997 8969 2188 5358 1826 1100 4521 7616 900 5386 4756 7766 1096 2383 1374 4919 9344 9571 2626 699 1227 2951 8007
23
False
6997 8969 2188 5358 1826 1100 4521 7616 900 5386 4756 7766 1096 2383 1374 4919 9344 9571 2626 699 1227 7079
6997 8969 2188 5358 1826 1100 4521 7616 900 5386 4756 7766 1096 2383 1374 4919 9344 9571 2626 699 1227 7079
7079
5413
False
6997 8969 2188 5358 1826 1100 4521 7616 900 5386 4756 7766 1096 2383 1374 4919 9344 9571 2626 699 1227 7079 5085 1826 8757
False
6997 8969 2188 5358 1826 1100 4521 7616 900 5386 4756 7766 1096 2383 1374 4919 9344 9571 2626 699 1227 5549
False
False
21
False
1227
21
6997 8969 2188 5358 1826 1100 4521 7616 900 5386 4756 7766 1096 2383 1374 4919 9344 9571 2626 699
False
6997 8969 2188 5358 1826 1100 4521 7616 900 5386 4756 7766 1096 2383 1374 4919 9344 9571 2626 699 9873
21
21
9873
21
6997 8969 2188 5358 1826 1100 4521 7616 900 5386 4756 7766 1096 2383 1374 4919 9344 9571 2626 699 9873 3447
9873
False
6997 8969 2188 5358 1826 1100 4521 7616 900 5386 4756 7766 1096 2383 1374 4919 9344 9571 2626 699 9873
6997 8969 2188 5358 1826 1100 4521 7616 900 5386 4756 7766 1096 2383 1374 4919 9344 9571 2626 699 8943
21
False
6997 8969 2188 5358 1826 1100 4521 7616 900 5386 4756 7766 1096 2383 1374 4919
4919
6997 8969 2188 5358 1826 1100 4521 7616 900 5386 4756 7766 1096 2383 1374
6997 8969 2188 5358 1826 1100 4521 7616 900 5386 4756 7766 1096 2383 1374
15
False
15
15
15
False
6997 8969 2188 5358 1826 1100 4521 7616 900 5386 4756 7766 1096 2383 2615
14
False
13
1096
False
False
13
6997 8969 2188 5358 1826 1100 4521 7616 900 5386 4756 7766 1096
6997 8969 2188 5358 1826 1100 4521 7616 900 5386 4756 7766 1096
False
6997 8969 2188 5358 1826 1100 4521 7616 900 5386 4756 7766 1096
6997 8969 2188 5358 1826 1100 4521 7616 900 5386 4756 7766 1096
1096
9366
False
16
False
9366
14
1096
False
False
4104
False
4104
False
False
False
13
7766
3062
False
5386
False
10
10
10
10
False
False
False
False
7
1826
1826
5
6997 8969 2188 5358
False
2188
False
6997 8969 2188
False
8969
False
8969
3628
3
False
False
6931
6997 6931
False
2
6997 2705
1
False
True
0
Empty
7980
7980
False
False
9200
1
Empty
True
8232
1011
False
4
6243
False
False
False
4358
4358
6677 1011 4358
4
False
342
342
5
342
342
False
False
False
Empty
True
0
0
1420
False
3
3
False
4556
1420 4556 1831
False
1420 4556 1831
1420 4556 851
1420 4556 851
4556
1420 4556
False
False
False
False
False
1420
False
1
False

False
2
84 9404
False
Empty
1
Empty

0
1158
False
1158
1158
1158
False
7133 3951
3951
False
2
7133 3951
False
False
3951
7133
1511
Empty
0
True
5999 5201 8494
5999
True
True
Empty
False

True
0
True
False
True


False
0


True
False
6287
2
3
False
6287 8116 322
9557
False
False
False
6287 8116 322


False
False
2965
False
143 5118 2965 8709
143 5118 2965
False
9559
143 5118 2965 1042
False
1032
False
False
False
143 5118 2965 1042 7542
7542
2875
False
False
8
2875
False
8
False
8
143 5118 2965 1042 7542 1126 2677 2875
8
7
143 5118 2965 1042 7542 1126 2677
143 5118 2965 1042 7542
False
6442
143 5118 2965 1042 7542 6442
143 5118 2965 1042 7542 6442
False
143 5118 2965 1042 7542 5146
5
7415
False
False
6
6
4
6
3231
False
False
False
5
8206
False
3267
False
6
False
False
False
False
7
False
9453
143 5118 2965 1042 8206 6026 9453
False
False
False
False
False
False
8206
143 5118 2965 1042 8206
5
5
143 5118 2965 1042 8206
False
5
143 5118 2965 1042 8206
5
False
143 5118 2965 1042 3794 756 496 9565
False
9565
False
False
9565
False
False
False
143 5118 2965 1042 3794 756 496 5855 8486
10
False
10
10
False
143 5118 2965 1042 3794 756 496 5855 8486
False
143 5118 2965 1042 3794 756 496 5855 8486 9272 9281 4519 2073
143 5118 2965 1042 3794 756 496 5855 8486 9272 9281 4519 2073 7486
15
False
4519
143 5118 2965 1042 3794 756 496 5855 8486 9272 9281 4519
False
False
15
14
143 5118 2965 1042 3794 756 496 5855 8486 9272 9281 4519 8656 7313
7627
False
False
143 5118 2965 1042 3794 756 496 5855 8486 9272 9281 4519 8656
False
4519
7114
4160
False
9121
False
False
143 5118 2965 1042 3794 756 496 5855 8486 9272 9281 4519 7114 4160 9121 3291 6490 6788
6788
18
6788
17
6490
False
48
7378
False
False
False
2665
False
18
143 5118 2965 1042 3794 756 496 5855 8486 9272 9281 4519 7114 4160 9121 3291 6490 2665 9358
False
143 5118 2965 1042 3794 756 496 5855 8486 9272 9281 4519 7114 4160 9121 3291 6490 2665 9358
False
False
24
143 5118 2965 1042 3794 756 496 5855 8486 9272 9281 4519 7114 4160 9121 3291 6490 2665 248 2660 4160 1612 4763 8550
143 5118 2965 1042 3794 756 496 5855 8486 9272 9281 4519 7114 4160 9121 3291 6490 2665 248 2660 4160 1612 4763 8550
24
23
1706
1706
143 5118 2965 1042 3794 756 496 5855 8486 9272 9281 4519 7114 4160 9121 3291 6490 2665 248 2660 4160 1612 6040 1706
24
143 5118 2965 1042 3794 756 496 5855 8486 9272 9281 4519 7114 4160 9121 3291 6490 2665 248 2660 4160 1612 6040 1706 418
False
143 5118 2965 1042 3794 756 496 5855 8486 9272 9281 4519 7114 4160 9121 3291 6490 2665 248 2660 4160 1612 6040 1706 2726
24
6040
False
143 5118 2965 1042 3794 756 496 5855 8486 9272 9281 4519 7114 4160 9121 3291 6490 2665 248
False
248
248
248
143 5118 2965 1042 3794 756 496 5855 8486 9272 9281 4519 7114 4160 9121 3291 6490 2665 248 2472
False
20
False
143 5118 2965 1042 3794 756 496 5855 8486 9272 9281 4519 7114 4160 9121 3291 6490 2665 248
143 5118 2965 1042 3794 756 496 5855 8486 9272 9281 4519 7114 4160 9121 3291 6490 2665 248
143 5118 2965 1042 3794 756 496 5855 8486 9272 9281 4519 7114 4160 9121 3291 6490 2665
18
17
17
18
143 5118 2965 1042 3794 756 496 5855 8486 9272 9281 4519 7114 4160 9121 3291 8383 4911 4439
False
False
143 5118 2965 1042 3794 756 496 5855 8486 9272 9281 4519 7114 4160 9121 3291 9268
False
False
143 5118 2965 1042 3794 756 496 5855 8486 9272 9281 4519 7114 4160 9121 3291 9268 3401 194 4167
21
False
22
False
23
23
False
143 5118 2965 1042 3794 756 496 5855 8486 9272 9281 4519 7114 4160 9121 3291 9268 3401 194 4167 1100
143 5118 2965 1042 3794 756 496 5855 8486 9272 9281 4519 7114 4160 9121 3291 9268 3401 194 4167
False
21
1370
143 5118 2965 1042 3794 756 496 5855 8486 9272 9281 4519 7114 4160 9121 3291 9268 3401 194 4167 1370
1370
4167
4167
False
655
655
False
18
3401
143 5118 2965 1042 3794 756 496 5855 8486 9272 9281 4519 7114 4160 9121 3291 9268 3401
False
19
143 5118 2965 1042 3794 756 496 5855 8486 9272 9281 4519 7114 4160 9121 3291 9268 3401 7009 1084 77
21
143 5118 2965 1042 3794 756 496 5855 8486 9272 9281 4519 7114 4160 9121 3291 9268 3401 7009 1084 77
143 5118 2965 1042 3794 756 496 5855 8486 9272 9281 4519 7114 4160 9121 3291 9268 3401 7009 1084 77
20
1084
20
2557
21
1084
143 5118 2965 1042 3794 756 496 5855 8486 9272 9281 4519 7114 4160 9121 3291 9268 3401 7009
19
False
False
21
False
143 5118 2965 1042 3794 756 496 5855 8486 9272 9281 4519 7114 4160 9121 3291 9268 3401 7009 2494 9336 1801
21
False
8713
21
False
False
23
False
False
24
False
23
9057
False
143 5118 2965 1042 3794 756 496 5855 8486 9272 9281 4519 7114 4160 9121 3291 9268 3401 7009 2494 9336
143 5118 2965 1042 3794 756 496 5855 8486 9272 9281 4519 7114 4160 9121 3291 9268 3401 7009 2494 9336
False
False
23
False
False
143 5118 2965 1042 3794 756 496 5855 8486 9272 9281 4519 7114 4160 9121 3291 9268 3401 7009 2494 9336 5378
False
False
143 5118 2965 1042 3794 756 496 5855 8486 9272 9281 4519 7114 4160 9121 3291 9268 3401 7009 2494 9336 6811
143 5118 2965 1042 3794 756 496 5855 8486 9272 9281 4519 7114 4160 9121 3291 9268 3401 7009 2494 9336 6811
False
False
6811
6811
False
False
False
143 5118 2965 1042 3794 756 496 5855 8486 9272 9281 4519 7114 4160 9121 3291 9268 3401 7009 2494 9336 6811
False
False
False
143 5118 2965 1042 3794 756 496 5855 8486 9272 9281 4519 7114 4160 9121 3291 9268 3401 7009 2494 776 3705 7511
7511
False
8581
143 5118 2965 1042 3794 756 496 5855 8486 9272 9281 4519 7114 4160 9121 3291 9268 3401 7009 2494 776 3705 7511 8581
24
143 5118 2965 1042 3794 756 496 5855 8486 9272 9281 4519 7114 4160 9121 3291 9268 3401 7009 2494 776 3705 7511 8581
5097
26
False
False
False
False
143 5118 2965 1042 3794 756 496 5855 8486 9272 9281 4519 7114 4160 9121 3291 9268 3401 7009 2494 776 3705 7511 8581
8581
False
143 5118 2965 1042 3794 756 496 5855 8486 9272 9281 4519 7114 4160 9121 3291 9268 3401 7009 2494 776 3705 7511 8581 4273
24
143 5118 2965 1042 3794 756 496 5855 8486 9272 9281 4519 7114 4160 9121 3291 9268 3401 7009 2494 776 3705 7511 8581
26
5328
False
False
False
27
False
143 5118 2965 1042 3794 756 496 5855 8486 9272 9281 4519 7114 4160 9121 3291 9268 3401 7009 2494 776 3705 7511 1791 4339 7648 6483 4214 5168
5168
False
143 5118 2965 1042 3794 756 496 5855 8486 9272 9281 4519 7114 4160 9121 3291 9268 3401 7009 2494 776 3705 7511 1791 4339 7648 6483 4214 5168 1299 2593 2616
30
30
False
143 5118 2965 1042 3794 756 496 5855 8486 9272 9281 4519 7114 4160 9121 3291 9268 3401 7009 2494 776 3705 7511 1791 4339 7648 6483 4214 8975
False
4609
6483
False
143 5118 2965 1042 3794 756 496 5855 8486 9272 9281 4519 7114 4160 9121 3291 9268 3401 7009 2494 776 3705 7511 1791 4339 7648 6483 985
28
26
7648
False
4339
False
4929
1426
1426
28
28
False
False
9205
26
26
4929
False
143 5118 2965 1042 3794 756 496 5855 8486 9272 9281 4519 7114 4160 9121 3291 9268 3401 7009 2494 776 3705
2494
20
21
625
False
2494
False
2494
143 5118 2965 1042 3794 756 496 5855 8486 9272 9281 4519 7114 4160 9121 3291 9268 3401 7009 2494 3719
21
3719
21
3719
20
False
143 5118 2965 1042 3794 756 496 5855 8486 9272 9281 4519 7114 4160 9121 3291 9268 3401 7009 2494 9874 9753
False
False
143 5118 2965 1042 3794 756 496 5855 8486 9272 9281 4519 7114 4160 9121 3291 9268 3401 7009 2494 9874 7370 4050
143 5118 2965 1042 3794 756 496 5855 8486 9272 9281 4519 7114 4160 9121 3291 9268 3401 7009 2494 9874 7370 4050
False
False
4050
False
4050
False
False
143 5118 2965 1042 3794 756 496 5855 8486 9272 9281 4519 7114 4160 9121 3291 9268 3401 7009 2494 9874 7370 4050 2248 3843
False
143 5118 2965 1042 3794 756 496 5855 8486 9272 9281 4519 7114 4160 9121 3291 9268 3401 7009 2494 9874 7370 4050 2248
False
143 5118 2965 1042 3794 756 496 5855 8486 9272 9281 4519 7114 4160 9121 3291 9268 3401 7009 2494 9874 7370 4050 2248
False
False
143 5118 2965 1042 3794 756 496 5855 8486 9272 9281 4519 7114 4160 9121 3291 9268 3401 7009 2494 9874
21
143 5118 2965 1042 3794 756 496 5855 8486 9272 9281 4519 7114 4160 9121 3291 9268 3401 7009 2494
19
False
143 5118 2965 1042 3794 756 496 5855 8486 9272 9281 4519 7114 4160 9121 3291 9268 3401
3401
143 5118 2965 1042 3794 756 496 5855 8486 9272 9281 4519 7114 4160 9121 3291 9268 3401
143 5118 2965 1042 3794 756 496 5855 8486 9272 9281 4519 7114 4160 9121 3291 9268 3401
18
False
False
21
21
21
21
False
3315
143 5118 2965 1042 3794 756 496 5855 8486 9272 9281 4519 7114 4160 9121 3291 9268 3401 5286 3392 325 3465
325
3392
False
False
False
False
20
20
False
False
4107
20
4107
False
False
False
143 5118 2965 1042 3794 756 496 5855 8486 9272 9281 4519 7114 4160 9121 3291 9268 3401 7280
19
7280
143 5118 2965 1042 3794 756 496 5855 8486 9272 9281 4519 7114 4160 9121 3291 9268 3401 7280
19
143 5118 2965 1042 3794 756 496 5855 8486 9272 9281 4519 7114 4160 9121 3291 9268 3401 7280 1694
False
20
False
8669
False
143 5118 2965 1042 3794 756 496 5855 8486 9272 9281 4519 7114 4160 9121 3291 9268 3401 7280 8669 9049 5024 3831 8769
24
False
7315
False
3016
26
False
False
False
5388
False
5388
24
143 5118 2965 1042 3794 756 496 5855 8486 9272 9281 4519 7114 4160 9121 3291 9268 3401 7280 8669 9049 5024 3831
20
7280
7280
False
False
19
813
143 5118 2965 1042 3794 756 496 5855 8486 9272 9281 4519 7114 4160 9121 3291 9268 3621 813
813
False
418
143 5118 2965 1042 3794 756 496 5855 8486 9272 9281 4519 7114 4160 9121 3291 9268 3621 418
663
663
False
False
22
False
143 5118 2965 1042 3794 756 496 5855 8486 9272 9281 4519 7114 4160 9121 3291 9268 3621 418 5744 9485 663
False
20
5744
143 5118 2965 1042 3794 756 496 5855 8486 9272 9281 4519 7114 4160 9121 3291 9268 3621
3621
143 5118 2965 1042 3794 756 496 5855 8486 9272 9281 4519 7114 4160 9121 3291 9492
2324
False
143 5118 2965 1042 3794 756 496 5855 8486 9272 9281 4519 7114 4160 9121 3291 9492
17
9492
17
17
9577
9492
9492
19
143 5118 2965 1042 3794 756 496 5855 8486 9272 9281 4519 7114 4160 9121 3291 780 3963 9479
9479
143 5118 2965 1042 3794 756 496 5855 8486 9272 9281 4519 7114 4160 9121 3291 780 3963 9479 1742 6643 1509
False
1712
False
False
143 5118 2965 1042 3794 756 496 5855 8486 9272 9281 4519 7114 4160 9121 3291 780 3963 9479 1742 6643 1712
False
21
False
False
6643
143 5118 2965 1042 3794 756 496 5855 8486 9272 9281 4519 7114 4160 9121 3291 780 3963 9479 1742 6643
False
143 5118 2965 1042 3794 756 496 5855 8486 9272 9281 4519 7114 4160 9121 3291 780 3963 9479 1742 1477
874
21
False
22
22
22
143 5118 2965 1042 3794 756 496 5855 8486 9272 9281 4519 7114 4160 9121 3291 780 3963 9479 5295
143 5118 2965 1042 3794 756 496 5855 8486 9272 9281 4519 7114 4160 9121 3291 780 3963 9479
False
19
6797
6797
False
143 5118 2965 1042 3794 756 496 5855 8486 9272 9281 4519 7114 4160 9121 3291 780 3963 6797
143 5118 2965 1042 3794 756 496 5855 8486 9272 9281 4519 7114 4160 9121 3291 780 3963 6797
False
3291
143 5118 2965 1042 3794 756 496 5855 8486 9272 9281 4519 7114 4160 9121 3291
False
8081
False
143 5118 2965 1042 3794 756 496 5855 8486 9272 9281 4519 7114 4160 9121 3291 596 813
18
False
143 5118 2965 1042 3794 756 496 5855 8486 9272 9281 4519 7114 4160 9121 3291 596 5146 9976
9976
False
21
4381
False
20
False
143 5118 2965 1042 3794 756 496 5855 8486 9272 9281 4519 7114 4160 9121 3291 596 5146 166 2727
2727
2727
20
20
143 5118 2965 1042 3794 756 496 5855 8486 9272 9281 4519 7114 4160 9121 3291 596 5146 166 2727
21
False
143 5118 2965 1042 3794 756 496 5855 8486 9272 9281 4519 7114 4160 9121 3291 596 5146 166 2727 4978
143 5118 2965 1042 3794 756 496 5855 8486 9272 9281 4519 7114 4160 9121 3291 596 5146 166 2727
19
False
False
143 5118 2965 1042 3794 756 496 5855 8486 9272 9281 4519 7114 4160 9121 3291 596
False
19
6305
143 5118 2965 1042 3794 756 496 5855 8486 9272 9281 4519 7114 4160 9121 3291 596 6305 8758 5463
143 5118 2965 1042 3794 756 496 5855 8486 9272 9281 4519 7114 4160 9121 3291 596 6305 8758 5463 7245
8099
143 5118 2965 1042 3794 756 496 5855 8486 9272 9281 4519 7114 4160 9121 3291 596 6305 8758 5463 7245 8099
False
False
22
143 5118 2965 1042 3794 756 496 5855 8486 9272 9281 4519 7114 4160 9121 3291 596 6305 8758 5463 7245 8099 6490
23
8099
22
False
22
22
False
False
143 5118 2965 1042 3794 756 496 5855 8486 9272 9281 4519 7114 4160 9121 3291 596 6305 8758
False
3511
False
20
False
False
8758
6305
False
False
7763
143 5118 2965 1042 3794 756 496 5855 8486 9272 9281 4519 7114 4160 9121 3291 596 6305 7763
143 5118 2965 1042 3794 756 496 5855 8486 9272 9281 4519 7114 4160 9121 3291 596 6305 7763 8839
143 5118 2965 1042 3794 756 496 5855 8486 9272 9281 4519 7114 4160 9121 3291 596 6305 7763 7356 8011
143 5118 2965 1042 3794 756 496 5855 8486 9272 9281 4519 7114 4160 9121 3291 596 6305 7763 7356 8011 8628
143 5118 2965 1042 3794 756 496 5855 8486 9272 9281 4519 7114 4160 9121 3291 596 6305 7763 7356 8011 8628
22
False
23
23
False
21
False
20
20
21
143 5118 2965 1042 3794 756 496 5855 8486 9272 9281 4519 7114 4160 9121 3291 596 6305 7763
19
143 5118 2965 1042 3794 756 496 5855 8486 9272 9281 4519 7114 4160 9121 3291 596 6305
False
False
False
143 5118 2965 1042 3794 756 496 5855 8486 9272 9281 4519 7114 4160 9121 3291 596 6305 5103 9442
False
False
5103
5103
3766
143 5118 2965 1042 3794 756 496 5855 8486 9272 9281 4519 7114 4160 9121 3291 596 6305 5103 3766
143 5118 2965 1042 3794 756 496 5855 8486 9272 9281 4519 7114 4160 9121 3291 596 6305 5103 3766
6305
6305
False
False
False
False
False
143 5118 2965 1042 3794 756 496 5855 8486 9272 9281 4519 7114 4160 9121 3291 596 6305 8772
False
False
False
False
False
596
143 5118 2965 1042 3794 756 496 5855 8486 9272 9281 4519 7114 4160 9121 3291 596 1197
143 5118 2965 1042 3794 756 496 5855 8486 9272 9281 4519 7114 4160 9121 3291 596 1197 6855
143 5118 2965 1042 3794 756 496 5855 8486 9272 9281 4519 7114 4160 9121 3291 596 1197 6855
6855
False
143 5118 2965 1042 3794 756 496 5855 8486 9272 9281 4519 7114 4160 9121 3291 596 1197
143 5118 2965 1042 3794 756 496 5855 8486 9272 9281 4519 7114 4160 9121 3291 596 1197 9882 6763 8324
8324
False
8324
22
False
143 5118 2965 1042 3794 756 496 5855 8486 9272 9281 4519 7114 4160 9121 3291 596 1197 9882
False
False
5674
False
9882
False
143 5118 2965 1042 3794 756 496 5855 8486 9272 9281 4519 7114 4160 9121
15
False
7133
14
False
False
143 5118 2965 1042 3794 756 496 5855 8486 9272 9281 4519 7114 1866 1540 8542 6755 7162 6463
False
16
8542
8542
16
13
143 5118 2965 1042 3794 756 496 5855 8486 9272 9281 4519 7114
143 5118 2965 1042 3794 756 496 5855 8486 9272 9281 4519 7114
False
8602
143 5118 2965 1042 3794 756 496 5855 8486 9272 9281 8602
143 5118 2965 1042 3794 756 496 5855 8486 9272 9281 8602
False
9272
False
9272
143 5118 2965 1042 3794 756 496 5855 8486 9272
False
False
143 5118 2965 1042 3794 756 496 5855 8486 9272
10
143 5118 2965 1042 3794 756 496 5855 8486 1049
False
143 5118 2965 1042 3794 756 496 5855
143 5118 2965 1042 3794 756 496 5855
False
False
496
143 5118 2965 1042 3794 756 496
False
8
False
143 5118 2965 1042 3794 756 496 334
False
334
334
143 5118 2965 1042 3794 756 496 334 8348 7865
False
10
False
False
False
143 5118 2965 1042 3794
3794
4
False
1
False
0
Empty

False
0
True
False
1343
1343
0
Empty
Empty
False


Empty
Empty
Empty
Empty
0
Empty
0

1
8274
8274
8274
False
False
2352
3967
8274 5156 9923 2352 3967
False
8274 5156 9923 2352 3967
False
7
False
False
6
3967
False
2352
False
1
8274
False
8274
0
False
False
2234
False
6221
694 6221 3688
7566
False
False
5
4179
694 6221 3688 8249 4179 7961
6
6
694 6221 3688 8249 4179 7961
False
False
False
7
False
False
False
False
False
False
7
348
4179
False
False
694 6221 3688 8249 4179
False
4179
False
False
5
4
3688
8303
False
8303
5
694 6221 3688 7096 8303
False
694 6221 3688 7096 3042
False
False
694 6221 3688 7096 3042
False
7096
False
3
6221
694 6221
8126
694 6221 8126
6221
False
694 6221
False
False
False
3449
False
False
False
False
False
471 5201 9735 9259 6321
False
False
False
8221
7
False
False
False
4
False
False
471 5201 9735
False
3
3
3
5003
False
471
False
False
False
6096
False
2918
False
4072
4072 8730
8730
3
False
4072 5648 1073
False
4072
4072
Empty
True
Empty
Empty
0
False

Empty

False
9270
True
5172
False
False
4451
5
2182 5172 7940 4451 1551
2182 5172 7940 4451 287
5
4
False
4
7940
False
False
2182 5172 6379 4345 8420 2806
6
False
7
2182 5172 6379 4345 8420 2806 372
7
7
7
False
False
False
False
1939
False
11
False
False
9
844
9
False
9
5
5
7252
6220
2182 5172 6379 4345
False
4
False
False
6379
False
False
6379
5172
False
2
5
5
False
2182 3442 4583
4583
4583
Empty
0

Empty
Empty
Empty
Empty
Empty

Empty
Empty
7769
False
8329
8329 6320
6320
4
731
False
4
4
4
6320
False
7082
3
False
8329 6482 7082
False
6482
False
8329 6482 1421
8329 6482 1421
1421
4
3
False
False
8329 6482 1421
8329
2
8329
8329
1
8329
1
8329
8329
8329
8329
2
Empty
Empty
False
Empty
1254
False
1254
False
1
1254
1254
1
1254
False
1254
1254
False
2
2
3
False
False
False
4179
1
5710
5710

True
False
True

0
Empty


Empty
False
False

Empty
True
False
False
False
False
3
3
8937 4996 927
False
False
False
False
False
False
6149
3
False
8937 7511 6149 2615
3
5
6737
8937 7511 6149 1896 3660 6737 2749
718
8937 7511 6149 1896 3660 6737 2749 718
False
8937 7511 6149 1896 3660 6737 2749 718
False
10
10
7765
False
False
False
False
9
False
8937 7511 6149 1896 3660 6737 2749 718 8503 7495
10
False
False
8937 7511 6149 1896 3660 6737 2749 7171
8937 7511 6149 1896 3660 6737 2749 7171
8
False
8
7171
False
False
False
False
8937 7511 6149 1896 3660 6737 2749 7171 542
False
8937 7511 6149 1896 3660 6737 2749 7171 9111 8293
False
10
False
8293
8293
8293
8937 7511 6149 1896 3660 6737 2749 7171 9111 8293
8937 7511 6149 1896 3660 6737 2749 7171 9111 8293
10
8293
False
False
9111
False
1750
1750
10
8937 7511 6149 1896 3660 6737 2749 7171 9111 1750
7171
8
8937 7511 6149 1896 3660 6737 2749 7867
8
8
8937 7511 6149 1896 3660 6737 1609
7
False
False
8937 7511 6149 1896 3660 6737
6
3660
6
6
False
False
8937 7511 6149 1896 3660 703 4351 4689
7
6
False
3660
3660
False
False
False
False
5452
False
False
False
8937 7511 6149 1896
False
False
8937 7511 6149 1896 7655 6475 42
7
False
8937 7511 6149 1896 7655 6475 42
False
6475
6475
False
6
6475
False
6
False
False
7
False
6475
7
1639
6
8937 7511 6149 1896 7655 1639 5529
False
False
8
8
8937 7511 6149 1896 7655 1639 6498
7
8937 7511 6149 1896 7655 1639 6498 5628
8
8937 7511 6149 1896 7655 1639 6498 5628
5628
10
10
False
False
8937 7511 6149 1896 7655 1639 6498 5628 6811 503
503
8409
11
False
False
8937 7511 6149 1896 7655 1639 6498 5628 6811 503
8937 7511 6149 1896 7655 1639 6498 5628 6811 503
6811
8937 7511 6149 1896 7655 1639 6498 5628
5628
False
8937 7511 6149 1896 7655 1639
3
Empty
True
0

0
False

False
False
1009 8134 4488
False
1009 8134 4488 472 3556 4274
False
False
6
6
False
1009 8134 4488 472 3556 4274 8580
8580
5
1009 8134 4488 472 3556
4
1009 8134 4488 472 5713
False
False
1009 8134 4488 472
False
1009 8134 4488 472
1009 8134 4488 472
1009 8134 4488
False
4488
3
False
3289
6221
3289
1
False
2
1009 62
False
1009 62 1177
1
1009
False
1009
1009
Empty

Empty
False
4224
4224
4224
Empty
False
False
2
False
4639
1
False
0
Empty
Empty
0

0

Empty
0
0


False
False
5
5839
1679 7837 1278 7813 7746 5839
False
6
5839
False
1679 7837 1278 7813 7746 5839
False
False
6
7813
False
False
1679 7837 1278
False
732
732
1679 7837 1278 6369 3071 324
6
6
1679 7837 1278 6369 3071 324
600
29
1679 7837 1278 6369 3071 29 7698 4293
False
False
3506
False
9
1679 7837 1278 6369 3071 29 7698 4293 6571
9
10
10
10
1679 7837 1278 6369 3071 29 7698 4293 6571 7241
False
1679 7837 1278 6369 3071 29 7698 4293 7553 5616
False
10
1679 7837 1278 6369 3071 29 7698 4293 7553 5616
False
1679 7837 1278 6369 3071 29 7698 4293 7553 5616 3802
1679 7837 1278 6369 3071 29 7698 4293 7553 5616 3802
11
False
False
False
13
False
1679 7837 1278 6369 3071 29 7698 4293 7553 5616 3802 5904 2712
1679 7837 1278 6369 3071 29 7698 4293 7553 5616 3802 5904 2712
False
13
13
False
False
11
False
10
5616
False
10
False
7242
False
1679 7837 1278 6369 3071 29 7698 4293 7553 5616 7242 6214 9799 3310
1679 7837 1278 6369 3071 29 7698 4293 7553 5616 7242 6214 9799 3310
1679 7837 1278 6369 3071 29 7698 4293 7553 5616 7242 6214 9799 3310 5854
5854
False
14
False
1679 7837 1278 6369 3071 29 7698 4293 7553 5616 7242 6214 9799 3310
3310
False
14
4068
False
False
14
4068
False
False
False
False
False
7398
False
7398
7398
False
18
False
False
16
False
False
8461
1679 7837 1278 6369 3071 29 7698 4293 7553 5616 7242 6214 330 4068 596 5302
14
15
False
1679 7837 1278 6369 3071 29 7698 4293 7553 5616 7242 6214 330 4068
1679 7837 1278 6369 3071 29 7698 4293 7553 5616 7242 6214 330 4068
1679 7837 1278 6369 3071 29 7698 4293 7553 5616 7242 6214 330 4068
False
False
1679 7837 1278 6369 3071 29 7698 4293 7553 5616 7242 6214 330 4068 8916 5411
8916
4068
1679 7837 1278 6369 3071 29 7698 4293 7553 5616 7242 6214 330
6214
12
6214
False
False
7553
1679 7837 1278 6369 3071 29 7698 4293 7553 9217 9247
13
9247
1679 7837 1278 6369 3071 29 7698 4293 7553 9217 9247 9715 4372 3133
False
False
1679 7837 1278 6369 3071 29 7698 4293 7553 9217 9247 9715
False
False
False
False
12
12
False
1679 7837 1278 6369 3071 29 7698 4293 7553 9217 9247 3241
11
12
8184
False
False
13
5049
5049
1913
1679 7837 1278 6369 3071 29 7698 4293 7553 9217 9247 5049 1913
False
5049
5049
5049
5049
1679 7837 1278 6369 3071 29 7698 4293 7553 9217 9247 5049
1679 7837 1278 6369 3071 29 7698 4293 7553 9217 9247
5729
1679 7837 1278 6369 3071 29 7698 4293 7553 9217 9247 5729 2501
6527
1679 7837 1278 6369 3071 29 7698 4293 7553 9217 9247 5729 6527 7329
False
12
12
12
False
5729
False
11
False
1679 7837 1278 6369 3071 29 7698 4293 7553 8249 7973
False
1816
False
1679 7837 1278 6369 3071 29 7698 4293 7553 8249 7973 1816
1679 7837 1278 6369 3071 29 7698 4293 7553 8249 7973 1816
False
False
1529
1679 7837 1278 6369 3071 29 7698 4293 7553 8249 7973 1816 2094 1529 3890
False
1679 7837 1278 6369 3071 29 7698 4293 7553 8249 7973 1816 2094
False
False
False
19
False
8638
False
9284
9284
9284
7733
6111
False
False
6111
False
17
False
18
False
17
False
1679 7837 1278 6369 3071 29 7698 4293 7553 8249 7973 1816 2094 2255
2255
9664
1679 7837 1278 6369 3071 29 7698 4293 7553 8249 7973 1816 2094 2255 9664
16
False
2255
1679 7837 1278 6369 3071 29 7698 4293 7553 8249 7973 1816 2094 2255 190 2553
1679 7837 1278 6369 3071 29 7698 4293 7553 8249 7973 1816 2094 2255 190
17
7032
1679 7837 1278 6369 3071 29 7698 4293 7553 8249 7973 1816 2094 2255 190 7032 5918
False
7032
False
False
16
1679 7837 1278 6369 3071 29 7698 4293 7553 8249 7973 1816 2094 2255 190
15
False
190
190
False
14
1679 7837 1278 6369 3071 29 7698 4293 7553 8249 7973 1816 2094 6282
1679 7837 1278 6369 3071 29 7698 4293 7553 8249 7973 1816 2094 6282 6057
15
False
8112
15
False
8112
1679 7837 1278 6369 3071 29 7698 4293 7553 8249 7973 1816 2094 6282 8112
False
6841
False
1679 7837 1278 6369 3071 29 7698 4293 7553 8249 7973 1816 2094 6282 8112 5312
16
False
False
False
False
False
1679 7837 1278 6369 3071 29 7698 4293 7553 8249 7973 1816 2094 6282 8112 4546
False
1679 7837 1278 6369 3071 29 7698 4293 7553 8249 7973 1816 2094 6282
1679 7837 1278 6369 3071 29 7698 4293 7553 8249 7973 1816 2094 6282
14
1679 7837 1278 6369 3071 29 7698 4293 7553 8249 7973 1816 2094 6282
14
3505
False
15
1679 7837 1278 6369 3071 29 7698 4293 7553 8249 7973 1816 2094
15
False
False
1679 7837 1278 6369 3071 29 7698 4293 7553 8249 7973 1816 2094 3129
1679 7837 1278 6369 3071 29 7698 4293 7553 8249 7973 1816 2094
False
10
False
7
False
False
1679 7837 1278 6369 3071
5533
4265
1679 7837 1278 6369 4265
6
False
False
1679 7837 1278 6369 4265 1860
5
1679 7837 1278 6369 4265
5
9595
1679 7837 1278 6369 4265 9595
6
False
6
1679 7837 1278 6369
6
4311
False
1679 7837 1278 6369 678 4311 3101
1679 7837 1278 6369 678 4311 3101 2108 181
181
3101
6
False
1679 7837 1278 6369 678
1679 7837 1278 6369
1679 7837 1278
1278
3
False
4
1679 7837 1278 1169
1679 7837 1278 1169
4
1679 7837 1278 7311
4
1679
1
False
2440 7650
False
2
False
2440
False
2440 7900
False






5622
False
2
False
False
5641
5641
False
False
6553
6
6
1706
5622 9793 6652 6553 1706
False
1706
5622 9793 6652 6553 1706
False
False
6553
False
5622 9793 6652 6553 8309 3063 3105
5622 9793 6652 6553 8309 3063 8644 9981
False
False
7
False
False
5622 9793 6652 6553 8309 3063 8644
8
False
7
5072
7
False
False
5072
False
5
False
4
False
4624
False
5622 9793 6652 5447 2664 4624
False
5622 9793 6652 5447 2664 4624
5622 9793 6652 5447 2664 4624
6
756
False
False
10
False
10
10
10
False
6245
4226
False
False
5622 9793 6652 5447 2664 4624 8542 756 3466 8658
False
False
8658
False
5622 9793 6652 5447 2664 4624 8542 756 3466 8658
11
11
False
False
False
False
3466
9
9
False
5622 9793 6652 5447 2664 4624 8542 1856 3805
3805
5622 9793 6652 5447 2664 4624 8542 1856 3805 9488
9488
5622 9793 6652 5447 2664 4624 8542 1856 3805 9488 712
11
False
False
11
5622 9793 6652 5447 2664 4624 8542 1856 3805 3460 9083
False
5622 9793 6652 5447 2664 4624 8542 1856 3805 3460
False
2162
False
6
False
False
False
717
False
False
5622 9793 6652 5447 2664 717
5622 9793 6652 5447 2664 717
5622 9793 6652 5447 2664 527
False
False
False
14
False
5622 9793 6652 5447 2664 527 1753 2928 849 4997 7870 5652 6642 6700 7284
False
False
14
13
False
5622 9793 6652 5447 2664 527 1753 2928 849 4997 7870 5652 6642
False
False
False
6642
13
False
False
5622 9793 6652 5447 2664 527 1753 2928 849 4997 7870 5652 6642
False
1754
False
5411
False
880
63
5622 9793 6652 5447 2664 527 1753 2928 849 4997 7870 5652 6642 2370 5411 880 63
5622 9793 6652 5447 2664 527 1753 2928 849 4997 7870 5652 6642 2370 5411 880 63 2557
False
5622 9793 6652 5447 2664 527 1753 2928 849 4997 7870 5652 6642 2370 5411 880 63 2557 712
5622 9793 6652 5447 2664 527 1753 2928 849 4997 7870 5652 6642 2370 5411 880 63 2557
2557
False
19
4192
False
63
False
False
False
False
False
False
False
False
16
5622 9793 6652 5447 2664 527 1753 2928 849 4997 7870 5652 6642 2370 6505
False
False
5622 9793 6652 5447 2664 527 1753 2928 849 4997 7870 5652 6642
False
False
False
False
5622 9793 6652 5447 2664 527 1753 2928 849 4997 7870 5652 6642 472 3228 9475
5622 9793 6652 5447 2664 527 1753 2928 849 4997 7870 5652 6642 472 3228 9475
False
False
16
False
False
5622 9793 6652 5447 2664 527 1753 2928 849 4997 7870 5652 6642 472 3228 4934
5622 9793 6652 5447 2664 527 1753 2928 849 4997 7870 5652 6642 472 3228 4934
False
False
False
False
False
False
3927
False
False
False
18
5622 9793 6652 5447 2664 527 1753 2928 849 4997 7870 5652 6642 472 3228 4934 2125 4542
4542
4542
18
2125
5622 9793 6652 5447 2664 527 1753 2928 849 4997 7870 5652 6642 472 3228 4934 2125
False
False
16
False
18
5622 9793 6652 5447 2664 527 1753 2928 849 4997 7870 5652 6642 472 3228 4934 1608
18
False
False
2928
1608
5622 9793 6652 5447 2664 527 1753 2928 849 4997 7870 5652 6642 472 3228 4934 1608 8201
4100
4100
3481
22
False
4100
False
1608
False
False
False
False
4934
3228
3228
5622 9793 6652 5447 2664 527 1753 2928 849 4997 7870 5652 6642 472 3228
472
14
5622 9793 6652 5447 2664 527 1753 2928 849 4997 7870 5652 6642 472 1748 8444 5143
False
8444
False
16
16
False
761
5622 9793 6652 5447 2664 527 1753 2928 849 4997 7870 5652 6642 472 1748 6631 3343
False
False
False
5652
10
684
5622 9793 6652 5447 2664 527 1753 2928 849 4997 684 2441
12
12
False
False
13
12
12
11
False
4636
False
5622 9793 6652 5447 2664 527 1753 2928 849 4997 2331 5514 4636
4636
13
472
False
5622 9793 6652 5447 2664 527 1753 2928 849 4997 2331 5514 4636 472
472
14
False
3079
False
False
14
690
690
False
5622 9793 6652 5447 2664 527 1753 2928 849 4997 2331 5514 4636
13
False
13
False
False
5514
5622 9793 6652 5447 2664 527 1753 2928 849 4997 2331 5514 3223
False
11
11
11
4997
10
4997
10
5622 9793 6652 5447 2664 527 1753 2928 849 3918
5622 9793 6652 5447 2664 527 1753 2928 849 3918
10
505
9977
False
5622 9793 6652 5447 2664 527 1753 2928 849 3918 8152 505 2986
False
False
False
3741
False
False
False
False
False
5622 9793 6652 5447 2664 527 1753 8429 2065
10
10
2804
False
False
False
5622 9793 6652 5447 126
126
5622 9793 6652 5447 126
126
3
6652
1167
False
4
4
166
False
False
False
5
False
False
False
5
4598
5622 9793 1167 4598
5622 9793 1167 4598
5622 9793 1167
1167
4
False
4
4
False
False
2
5622 9793
2944
5622 9793 100 2944 7831
5
5
False
5622 9793 100 2944 6791
5622 9793 100 2944 6791
5
2944
4438
False
False
4
5622 9793 100 2944
False
False
5622 9793 100 2944 8199 5569
False
7
9109
5622 9793 100 2944 8199 1638
False
5622 9793 100 2944 8199 1638 9712
5622 9793 100 2944 8199 1638 9712 7158 2868
5622 9793 100 2944 8199 1638 9712 7158 2868 9684 8942 7881
5622 9793 100 2944 8199 1638 9712 7158 2868 9684 8942 7881
False
False
False
False
False
8879
False
14
19
5622 9793 100 2944 8199 1638 9712 7158 2868 9684 8942 6855 8879 1070 6902 2193 7078 6794 5942
5622 9793 100 2944 8199 1638 9712 7158 2868 9684 8942 6855 8879 1070 6902 2193 7078 6794 5942 4149
20
False
3319
21
5622 9793 100 2944 8199 1638 9712 7158 2868 9684 8942 6855 8879 1070 6902 2193 7078 6794 5942 4149 3319
5622 9793 100 2944 8199 1638 9712 7158 2868 9684 8942 6855 8879 1070 6902 2193 7078 6794 5942 4149 3319 419
1754
False
22
5622 9793 100 2944 8199 1638 9712 7158 2868 9684 8942 6855 8879 1070 6902 2193 7078 6794 5942 4149 3319 1754 9353
False
5622 9793 100 2944 8199 1638 9712 7158 2868 9684 8942 6855 8879 1070 6902 2193 7078 6794 5942 4149 3319 1754
22
25
False
False
23
False
23
23
False
False
5622 9793 100 2944 8199 1638 9712 7158 2868 9684 8942 6855 8879 1070 6902 2193 7078 6794 5942 4149 3319
21
23
False
5305
5305
5622 9793 100 2944 8199 1638 9712 7158 2868 9684 8942 6855 8879 1070 6902 2193 7078 6794 5942 4149 3319 1872 5305
False
2366
False
5622 9793 100 2944 8199 1638 9712 7158 2868 9684 8942 6855 8879 1070 6902 2193 7078 6794 5942 4149 3319 1872 5305 2366 4331
False
25
5622 9793 100 2944 8199 1638 9712 7158 2868 9684 8942 6855 8879 1070 6902 2193 7078 6794 5942 4149 3319 1872 5305 2366 4331
5622 9793 100 2944 8199 1638 9712 7158 2868 9684 8942 6855 8879 1070 6902 2193 7078 6794 5942 4149 3319 1872 5305 2366
False
19
False
2221
False
False
5622 9793 100 2944 8199 1638 9712 7158 2868 9684 8942 6855 8879 1070 6902 2193 7078 6794
7078
5622 9793 100 2944 8199 1638 9712 7158 2868 9684 8942 6855 8879 1070 6902 2193 7078
False
5622 9793 100 2944 8199 1638 9712 7158 2868 9684 8942 6855 8879 1070 6902 2193 6168
False
5622 9793 100 2944 8199 1638 9712 7158 2868 9684 8942 6855 8879 1070 6902 2193 6168 9311
5622 9793 100 2944 8199 1638 9712 7158 2868 9684 8942 6855 8879 1070 6902 2193 6168 9311
5622 9793 100 2944 8199 1638 9712 7158 2868 9684 8942 6855 8879 1070 6902 2193 6168 9311
19
False
False
5622 9793 100 2944 8199 1638 9712 7158 2868 9684 8942 6855 8879 1070 6902 2193 6168 9311 777 8261 250
250
False
8261
18
5622 9793 100 2944 8199 1638 9712 7158 2868 9684 8942 6855 8879 1070 6902 2193 6168
5622 9793 100 2944 8199 1638 9712 7158 2868 9684 8942 6855 8879 1070 6902 2193 6168 5000 8413
5622 9793 100 2944 8199 1638 9712 7158 2868 9684 8942 6855 8879 1070 6902 2193 6168
16
False
5622 9793 100 2944 8199 1638 9712 7158 2868 9684 8942 6855 8879 1070 6902 2193 2464
2464
5622 9793 100 2944 8199 1638 9712 7158 2868 9684 8942 6855 8879 1070 6902 271
False
15
False
3996
False
False
False
5622 9793 100 2944 8199 1638 9712 7158 2868 9684 8942 6855 8879 1070 6902 3801 281 9652 7909 4763 4719 4062
5622 9793 100 2944 8199 1638 9712 7158 2868 9684 8942 6855 8879 1070 6902 3801 281 9652 7909 4763 4719 4062
4062
False
21
False
20
20
5622 9793 100 2944 8199 1638 9712 7158 2868 9684 8942 6855 8879 1070 6902 3801 281 9652 7909 4763 6916
5622 9793 100 2944 8199 1638 9712 7158 2868 9684 8942 6855 8879 1070 6902 3801 281 9652 7909 4763 6916
False
False
6755
22
22
False
False
23
9930
6755
False
6823
5622 9793 100 2944 8199 1638 9712 7158 2868 9684 8942 6855 8879 1070 6902 3801 281 9652 7909 4763 6916
6916
21
False
1538
3603
25
5622 9793 100 2944 8199 1638 9712 7158 2868 9684 8942 6855 8879 1070 6902 3801 281 9652 7909 4763 6916 6814 3328 9837 3603 509 6692
26
False
False
26
509
26
3300
False
7839
27
5622 9793 100 2944 8199 1638 9712 7158 2868 9684 8942 6855 8879 1070 6902 3801 281 9652 7909 4763 6916 6814 3328 9837 3603 509 7839
False
False
1810
1810
5622 9793 100 2944 8199 1638 9712 7158 2868 9684 8942 6855 8879 1070 6902 3801 281 9652 7909 4763 6916 6814 3328 9837 3603 509 7839 4687 3128 4452 1810
28
30
58
58
False
5622 9793 100 2944 8199 1638 9712 7158 2868 9684 8942 6855 8879 1070 6902 3801 281 9652 7909 4763 6916 6814 3328 9837 3603 509 7839 3714 6268 58 7857 8706
1720
False
5622 9793 100 2944 8199 1638 9712 7158 2868 9684 8942 6855 8879 1070 6902 3801 281 9652 7909 4763 6916 6814 3328 9837 3603 509 7839 3714 6268 58 7857 8706 9680 1720
False
False
31
7130
False
False
5622 9793 100 2944 8199 1638 9712 7158 2868 9684 8942 6855 8879 1070 6902 3801 281 9652 7909 4763 6916 6814 3328 9837 3603 509 7839 3714 6268 58 7857 7130
False
7130
False
735
False
5622 9793 100 2944 8199 1638 9712 7158 2868 9684 8942 6855 8879 1070 6902 3801 281 9652 7909 4763 6916 6814 3328 9837 3603 509 7839 3714 6268 58 7857 7130 735 7856 4051
False
37
False
36
5622 9793 100 2944 8199 1638 9712 7158 2868 9684 8942 6855 8879 1070 6902 3801 281 9652 7909 4763 6916 6814 3328 9837 3603 509 7839 3714 6268 58 7857 7130 735 7856 268 125 9568
False
34
5622 9793 100 2944 8199 1638 9712 7158 2868 9684 8942 6855 8879 1070 6902 3801 281 9652 7909 4763 6916 6814 3328 9837 3603 509 7839 3714 6268 58 7857 7130 735 7856 2538
712
5622 9793 100 2944 8199 1638 9712 7158 2868 9684 8942 6855 8879 1070 6902 3801 281 9652 7909 4763 6916 6814 3328 9837 3603 509 7839 3714 6268 58 7857 7130 735 7856 2538 712
False
8454
37
7899
8454
False
5622 9793 100 2944 8199 1638 9712 7158 2868 9684 8942 6855 8879 1070 6902 3801 281 9652 7909 4763 6916 6814 3328 9837 3603 509 7839 3714 6268 58 7857 7130 735 7856 2538 8454 2675
5686
5622 9793 100 2944 8199 1638 9712 7158 2868 9684 8942 6855 8879 1070 6902 3801 281 9652 7909 4763 6916 6814 3328 9837 3603 509 7839 3714 6268 58 7857 7130 735 7856 2538
False
5622 9793 100 2944 8199 1638 9712 7158 2868 9684 8942 6855 8879 1070 6902 3801 281 9652 7909 4763 6916 6814 3328 9837 3603 509 7839 3714 6268 58 7857 7130 735 7856 1345
5622 9793 100 2944 8199 1638 9712 7158 2868 9684 8942 6855 8879 1070 6902 3801 281 9652 7909 4763 6916 6814 3328 9837 3603 509 7839 3714 6268 58 7857 7130 735 7856 1345
5622 9793 100 2944 8199 1638 9712 7158 2868 9684 8942 6855 8879 1070 6902 3801 281 9652 7909 4763 6916 6814 3328 9837 3603 509 7839 3714 6268 58 7857 7130 735 7856 1345
False
35
5622 9793 100 2944 8199 1638 9712 7158 2868 9684 8942 6855 8879 1070 6902 3801 281 9652 7909 4763 6916 6814 3328 9837 3603 509 7839 3714 6268 58 7857 7130 735 7856 6703
7130
7130
8207
7130
5622 9793 100 2944 8199 1638 9712 7158 2868 9684 8942 6855 8879 1070 6902 3801 281 9652 7909 4763 6916 6814 3328 9837 3603 509 7839 3714 6268 58 7857
30
5622 9793 100 2944 8199 1638 9712 7158 2868 9684 8942 6855 8879 1070 6902 3801 281 9652 7909 4763 6916 6814 3328 9837 3603 509 7839 3714 6268
7731
False
5622 9793 100 2944 8199 1638 9712 7158 2868 9684 8942 6855 8879 1070 6902 3801 281 9652 7909 4763 6916 6814 3328 9837 3603 509 7839 3714 6268 7731 8391
5100
31
5100
False
False
30
5622 9793 100 2944 8199 1638 9712 7158 2868 9684 8942 6855 8879 1070 6902 3801 281 9652 7909 4763 6916 6814 3328 9837 3603 509 7839 3714 6268
3714
5622 9793 100 2944 8199 1638 9712 7158 2868 9684 8942 6855 8879 1070 6902 3801 281 9652 7909 4763 6916 6814 3328 9837 3603 509 3981 5861 4176 1869
False
5622 9793 100 2944 8199 1638 9712 7158 2868 9684 8942 6855 8879 1070 6902 3801 281 9652 7909 4763 6916 6814 3328 9837 3603 509 3981 5861
False
28
False
False
5622 9793 100 2944 8199 1638 9712 7158 2868 9684 8942 6855 8879 1070 6902 3801 281 9652 7909 4763 6916 6814 3328 9837 3603 509 3981 5730 3749
False
False
False
3884
2503
False
5622 9793 100 2944 8199 1638 9712 7158 2868 9684 8942 6855 8879 1070 6902 3801 281 9652 7909 4763 6916 6814 3328 9837 3603 509 3981 5730 3749 7862 7542 2433 3884 4801 2503
36
5622 9793 100 2944 8199 1638 9712 7158 2868 9684 8942 6855 8879 1070 6902 3801 281 9652 7909 4763 6916 6814 3328 9837 3603 509 3981 5730 3749 7862 7542 2433 3884 4801 2503 4585
5622 9793 100 2944 8199 1638 9712 7158 2868 9684 8942 6855 8879 1070 6902 3801 281 9652 7909 4763 6916 6814 3328 9837 3603 509 3981 5730 3749 7862 7542 2433 3884 4801 2503 4585
False
False
5622 9793 100 2944 8199 1638 9712 7158 2868 9684 8942 6855 8879 1070 6902 3801 281 9652 7909 4763 6916 6814 3328 9837 3603 509 3981 5730 3749 7862 7542 2433 3884 4801 2503
False
False
33
5622 9793 100 2944 8199 1638 9712 7158 2868 9684 8942 6855 8879 1070 6902 3801 281 9652 7909 4763 6916 6814 3328 9837 3603 509 3981 5730 3749 7862 7542 2433 3884 9755
False
False
3884
5622 9793 100 2944 8199 1638 9712 7158 2868 9684 8942 6855 8879 1070 6902 3801 281 9652 7909 4763 6916 6814 3328 9837 3603 509 3981 5730 3749 7862 7542 2433 3884
False
7542
5622 9793 100 2944 8199 1638 9712 7158 2868 9684 8942 6855 8879 1070 6902 3801 281 9652 7909 4763 6916 6814 3328 9837 3603 509 3981 5730 3749
False
False
5622 9793 100 2944 8199 1638 9712 7158 2868 9684 8942 6855 8879 1070 6902 3801 281 9652 7909 4763 6916 6814 3328 9837 3603 509 3981
5622 9793 100 2944 8199 1638 9712 7158 2868 9684 8942 6855 8879 1070 6902 3801 281 9652 7909 4763 6916 6814 3328 9837 3603 509 3981
26
5622 9793 100 2944 8199 1638 9712 7158 2868 9684 8942 6855 8879 1070 6902 3801 281 9652 7909 4763 6916 6814 3328 9837 3603 509
False
False
False
22
4763
21
False
5622 9793 100 2944 8199 1638 9712 7158 2868 9684 8942 6855 8879 1070 6902 3801 281 9652 8822 6746
5622 9793 100 2944 8199 1638 9712 7158 2868 9684 8942 6855 8879 1070 6902 3801 281 9652 8822 6746
False
5622 9793 100 2944 8199 1638 9712 7158 2868 9684 8942 6855 8879 1070 6902 3801 281 9652 8822 3752
5622 9793 100 2944 8199 1638 9712 7158 2868 9684 8942 6855 8879 1070 6902 3801 281 9652 8822
20
False
5622 9793 100 2944 8199 1638 9712 7158 2868 9684 8942 6855 8879 1070 6902 3801 281 9652 8822 1645 9256
False
22
22
5622 9793 100 2944 8199 1638 9712 7158 2868 9684 8942 6855 8879 1070 6902 3801 281 9652 8822 1645 9256 6300
5622 9793 100 2944 8199 1638 9712 7158 2868 9684 8942 6855 8879 1070 6902 3801 281 9652 8822 1645 9256
False
4383
5622 9793 100 2944 8199 1638 9712 7158 2868 9684 8942 6855 8879 1070 6902 3801 281 9652 8822 1645 9256 4383
False
4383
False
21
False
False
False
False
False
False
24
395
7324
False
False
28
4280
False
5908
5908
30
5622 9793 100 2944 8199 1638 9712 7158 2868 9684 8942 6855 8879 1070 6902 3801 281 9652 8822 1645 2611 6750 8237 1156 395 7324 641 9409 9619 5908
False
30
5622 9793 100 2944 8199 1638 9712 7158 2868 9684 8942 6855 8879 1070 6902 3801 281 9652 8822 1645 2611 6750 8237 1156 395 7324 641 9409 9619 5908
30
False
False
32
9992
4886
9619
5622 9793 100 2944 8199 1638 9712 7158 2868 9684 8942 6855 8879 1070 6902 3801 281 9652 8822 1645 2611 6750 8237 1156 395 7324 641 9409 9619 1141
1141
False
False
False
False
31
31
5622 9793 100 2944 8199 1638 9712 7158 2868 9684 8942 6855 8879 1070 6902 3801 281 9652 8822 1645 2611 6750 8237 1156 395 7324 641 9409 9619 1141 4648
5622 9793 100 2944 8199 1638 9712 7158 2868 9684 8942 6855 8879 1070 6902 3801 281 9652 8822 1645 2611 6750 8237 1156 395 7324 641 9409 9619 1141 4648
31
False
4961
32
5622 9793 100 2944 8199 1638 9712 7158 2868 9684 8942 6855 8879 1070 6902 3801 281 9652 8822 1645 2611 6750 8237 1156 395 7324 641 9409 9619 1141
False
False
False
366
30
366
30
False
30
5622 9793 100 2944 8199 1638 9712 7158 2868 9684 8942 6855 8879 1070 6902 3801 281 9652 8822 1645 2611 6750 8237 1156 395 7324 641 9409 9625 366 6714
False
False
32
False
False
False
False
False
5622 9793 100 2944 8199 1638 9712 7158 2868 9684 8942 6855 8879 1070 6902 3801 281 9652 8822 1645 2611 6750 8237 1156 395 7324 641 9409 9625 366 6714 2257 9368
9293
False
False
9293
False
5622 9793 100 2944 8199 1638 9712 7158 2868 9684 8942 6855 8879 1070 6902 3801 281 9652 8822 1645 2611 6750 8237 1156 395 7324 641 9409 9625 366 6714 2257 9368
9368
34
35
False
5622 9793 100 2944 8199 1638 9712 7158 2868 9684 8942 6855 8879 1070 6902 3801 281 9652 8822 1645 2611 6750 8237 1156 395 7324 641 9409 9625 366 6714 2257 9368
False
False
5622 9793 100 2944 8199 1638 9712 7158 2868 9684 8942 6855 8879 1070 6902 3801 281 9652 8822 1645 2611 6750 8237 1156 395 7324 641 9409 9625 366 6714 2257 1045
False
5622 9793 100 2944 8199 1638 9712 7158 2868 9684 8942 6855 8879 1070 6902 3801 281 9652 8822 1645 2611 6750 8237 1156 395 7324 641 9409 9625 366 6714 2767
32
5622 9793 100 2944 8199 1638 9712 7158 2868 9684 8942 6855 8879 1070 6902 3801 281 9652 8822 1645 2611 6750 8237 1156 395 7324 641 9409 9625 366 6714 2767
32
5622 9793 100 2944 8199 1638 9712 7158 2868 9684 8942 6855 8879 1070 6902 3801 281 9652 8822 1645 2611 6750 8237 1156 395 7324 641 9409 9625 366 6714 2767 9615
9615
False
34
5622 9793 100 2944 8199 1638 9712 7158 2868 9684 8942 6855 8879 1070 6902 3801 281 9652 8822 1645 2611 6750 8237 1156 395 7324 641 9409 9625 366 6714 2767 9615 8811 3911
False
False
5622 9793 100 2944 8199 1638 9712 7158 2868 9684 8942 6855 8879 1070 6902 3801 281 9652 8822 1645 2611 6750 8237 1156 395 7324 641 9409 9625 366 6714 2767 9615 8811 3911
9615
False
5622 9793 100 2944 8199 1638 9712 7158 2868 9684 8942 6855 8879 1070 6902 3801 281 9652 8822 1645 2611 6750 8237 1156 395 7324 641 9409 9625 366
30
9625
9625
5622 9793 100 2944 8199 1638 9712 7158 2868 9684 8942 6855 8879 1070 6902 3801 281 9652 8822 1645 2611 6750 8237 1156 395 7324 641 9409 9625
False
False
False
34
False
5822
7402
5304
33
5622 9793 100 2944 8199 1638 9712 7158 2868 9684 8942 6855 8879 1070 6902 3801 281 9652 8822 1645 2611 6750 8237 1156 395 7324 641 9409 9625 4375 1100
3701
False
32
5622 9793 100 2944 8199 1638 9712 7158 2868 9684 8942 6855 8879 1070 6902 3801 281 9652 8822 1645 2611 6750 8237 1156 395 7324 641 9409 9625 4375 1100 3701
False
5622 9793 100 2944 8199 1638 9712 7158 2868 9684 8942 6855 8879 1070 6902 3801 281 9652 8822 1645 2611 6750 8237 1156 395 7324 641 9409 9625 4375 1100 9145
False
1100
7638
6545
False
False
32
5622 9793 100 2944 8199 1638 9712 7158 2868 9684 8942 6855 8879 1070 6902 3801 281 9652 8822 1645 2611 6750 8237 1156 395 7324 641 9409 9625 4375 1100 2421 2497
5622 9793 100 2944 8199 1638 9712 7158 2868 9684 8942 6855 8879 1070 6902 3801 281 9652 8822 1645 2611 6750 8237 1156 395 7324 641 9409 9625 4375 1100 2421 2497
36
False
False
2488
5622 9793 100 2944 8199 1638 9712 7158 2868 9684 8942 6855 8879 1070 6902 3801 281 9652 8822 1645 2611 6750 8237 1156 395 7324 641 9409 9625 4375 1100 2421 2497 2956 5649 6730
False
35
False
35
5622 9793 100 2944 8199 1638 9712 7158 2868 9684 8942 6855 8879 1070 6902 3801 281 9652 8822 1645 2611 6750 8237 1156 395 7324 641 9409 9625 4375 1100 2421 2497 2956 1444 2488 7146
5622 9793 100 2944 8199 1638 9712 7158 2868 9684 8942 6855 8879 1070 6902 3801 281 9652 8822 1645 2611 6750 8237 1156 395 7324 641 9409 9625 4375 1100 2421 2497 2956 1444 2488 7146
False
False
False
False
34
False
False
5622 9793 100 2944 8199 1638 9712 7158 2868 9684 8942 6855 8879 1070 6902 3801 281 9652 8822 1645 2611 6750 8237 1156 395 7324 641 9409 9625 4375 1100 2421 2497 2956
2497
False
5622 9793 100 2944 8199 1638 9712 7158 2868 9684 8942 6855 8879 1070 6902 3801 281 9652 8822 1645 2611 6750 8237 1156 395 7324 641 9409 9625 4375 1100 2421 2497 1605
34
5622 9793 100 2944 8199 1638 9712 7158 2868 9684 8942 6855 8879 1070 6902 3801 281 9652 8822 1645 2611 6750 8237 1156 395 7324 641 9409 9625 4375 1100 2421 2497 1605 9292
False
35
9892
5622 9793 100 2944 8199 1638 9712 7158 2868 9684 8942 6855 8879 1070 6902 3801 281 9652 8822 1645 2611 6750 8237 1156 395 7324 641 9409 9625 4375 1100 2421 2497 1605 9292 7
7
5622 9793 100 2944 8199 1638 9712 7158 2868 9684 8942 6855 8879 1070 6902 3801 281 9652 8822 1645 2611 6750 8237 1156 395 7324 641 9409 9625 4375 1100 2421 2497 1605 9292 7
36
False
35
5622 9793 100 2944 8199 1638 9712 7158 2868 9684 8942 6855 8879 1070 6902 3801 281 9652 8822 1645 2611 6750 8237 1156 395 7324 641 9409 9625 4375 1100 2421 2497 1605 9292
9292
False
34
34
34
5622 9793 100 2944 8199 1638 9712 7158 2868 9684 8942 6855 8879 1070 6902 3801 281 9652 8822 1645 2611 6750 8237 1156 395 7324 641 9409 9625 4375 1100 2421 2497
32
False
9097
5622 9793 100 2944 8199 1638 9712 7158 2868 9684 8942 6855 8879 1070 6902 3801 281 9652 8822 1645 2611 6750 8237 1156 395 7324 641 9409 9625 4375 1100 342
5622 9793 100 2944 8199 1638 9712 7158 2868 9684 8942 6855 8879 1070 6902 3801 281 9652 8822 1645 2611 6750 8237 1156 395 7324 641 9409 9625 4375 1100 342
1100
False
31
5622 9793 100 2944 8199 1638 9712 7158 2868 9684 8942 6855 8879 1070 6902 3801 281 9652 8822 1645 2611 6750 8237 1156 395 7324 641 9409 9625 4375 1100 3021 2351 5948
False
False
34
5622 9793 100 2944 8199 1638 9712 7158 2868 9684 8942 6855 8879 1070 6902 3801 281 9652 8822 1645 2611 6750 8237 1156 395 7324 641 9409 9625 4375 1100 3021 2351 5948
34
34
5948
False
5622 9793 100 2944 8199 1638 9712 7158 2868 9684 8942 6855 8879 1070 6902 3801 281 9652 8822 1645 2611 6750 8237 1156 395 7324 641 9409 9625 4375 1100 3021 2351
5622 9793 100 2944 8199 1638 9712 7158 2868 9684 8942 6855 8879 1070 6902 3801 281 9652 8822 1645 2611 6750 8237 1156 395 7324 641 9409 9625 4375 1100 3021
302
33
False
5622 9793 100 2944 8199 1638 9712 7158 2868 9684 8942 6855 8879 1070 6902 3801 281 9652 8822 1645 2611 6750 8237 1156 395 7324 641 9409 9625 4375 1100 3021
False
False
6757
31
5622 9793 100 2944 8199 1638 9712 7158 2868 9684 8942 6855 8879 1070 6902 3801 281 9652 8822 1645 2611 6750 8237 1156 395 7324 641 9409 9625 4375 6757
False
False
5622 9793 100 2944 8199 1638 9712 7158 2868 9684 8942 6855 8879 1070 6902 3801 281 9652 8822 1645 2611 6750 8237 1156 395 7324 641 9409 9625 8168
8168
8168
5622 9793 100 2944 8199 1638 9712 7158 2868 9684 8942 6855 8879 1070 6902 3801 281 9652 8822 1645 2611 6750 8237 1156 395 7324 641 9409 9625
9625
29
5622 9793 100 2944 8199 1638 9712 7158 2868 9684 8942 6855 8879 1070 6902 3801 281 9652 8822 1645 2611 6750 8237 1156 395 7324 641 9409 9625
False
29
False
3886
False
False
28
5622 9793 100 2944 8199 1638 9712 7158 2868 9684 8942 6855 8879 1070 6902 3801 281 9652 8822 1645 2611 6750 8237 1156 395 7324 641 9409 8101 2904 7309
2904
7324
False
False
27
5622 9793 100 2944 8199 1638 9712 7158 2868 9684 8942 6855 8879 1070 6902 3801 281 9652 8822 1645 2611 6750 8237 1156 395 7324 9630
False
5622 9793 100 2944 8199 1638 9712 7158 2868 9684 8942 6855 8879 1070 6902 3801 281 9652 8822 1645 2611 6750 8237 1156 395
False
5622 9793 100 2944 8199 1638 9712 7158 2868 9684 8942 6855 8879 1070 6902 3801 281 9652 8822 1645 2611 6750 8237 1156 395 4652 9485 5218
False
False
5622 9793 100 2944 8199 1638 9712 7158 2868 9684 8942 6855 8879 1070 6902 3801 281 9652 8822 1645 2611 6750 8237 1156 395 7666
False
False
False
7938
5622 9793 100 2944 8199 1638 9712 7158 2868 9684 8942 6855 8879 1070 6902 3801 281 9652 8822 1645 2611 6750 8237 1156 395 7666 7938
False
30
30
9264
False
False
3028
31
False
3881
4641
False
False
False
5622 9793 100 2944 8199 1638 9712 7158 2868 9684 8942 6855 8879 1070 6902 3801 281 9652 8822 1645 2611 6750 8237 1156 395 7666 7938 1229 2466 8632 6278 3881 4641 7778
False
35
2267
False
4641
False
30
False
33
5622 9793 100 2944 8199 1638 9712 7158 2868 9684 8942 6855 8879 1070 6902 3801 281 9652 8822 1645 2611 6750 8237 1156 395 7666 7938 1229 2466 8632 4833 7310 9764 8980
False
False
False
32
False
False
False
33
False
5622 9793 100 2944 8199 1638 9712 7158 2868 9684 8942 6855 8879 1070 6902 3801 281 9652 8822 1645 2611 6750 8237 1156 395 7666 7938 1229 2466 8632 4833 7310 8869
33
False
False
5622 9793 100 2944 8199 1638 9712 7158 2868 9684 8942 6855 8879 1070 6902 3801 281 9652 8822 1645 2611 6750 8237 1156 395 7666 7938 1229 2466 8632 713
2466
6431
5622 9793 100 2944 8199 1638 9712 7158 2868 9684 8942 6855 8879 1070 6902 3801 281 9652 8822 1645 2611 6750 8237 1156 395 7666 7938 6431
False
6431
6518
7938
False
False
7307
5622 9793 100 2944 8199 1638 9712 7158 2868 9684 8942 6855 8879 1070 6902 3801 281 9652 8822 1645 2611 6750 8237 1156 395 7666 7307 8657
29
False
29
5622 9793 100 2944 8199 1638 9712 7158 2868 9684 8942 6855 8879 1070 6902 3801 281 9652 8822 1645 2611 6750 8237 1156 395 7666 7307 8657 5412
8657
5622 9793 100 2944 8199 1638 9712 7158 2868 9684 8942 6855 8879 1070 6902 3801 281 9652 8822 1645 2611 6750 8237 1156 395 7666
False
1156
25
5622 9793 100 2944 8199 1638 9712 7158 2868 9684 8942 6855 8879 1070 6902 3801 281 9652 8822 1645 2611 6750 8237
5622 9793 100 2944 8199 1638 9712 7158 2868 9684 8942 6855 8879 1070 6902 3801 281 9652 8822 1645 2611 6750 8237 9778
False
23
23
False
6750
20
False
False
20
False
5622 9793 100 2944 8199 1638 9712 7158 2868 9684 8942 6855 8879 1070 6902 3801 281 9652 8822
False
5622 9793 100 2944 8199 1638 9712 7158 2868 9684 8942 6855 8879 1070 6902 3801 281
5622 9793 100 2944 8199 1638 9712 7158 2868 9684 8942 6855 8879 1070 6902 2800 5921
False
5622 9793 100 2944 8199 1638 9712 7158 2868 9684 8942 6855 8879 1070
1070
1070
False
