
Empty

Empty
Empty
False

False


0
False
True
True
Empty
Empty
Empty
Empty
Empty
0
Empty
Empty
Empty
True


1
True
Empty
2964
False
3
5520 7828 5962 5380
False
4
False
False
False
False
2
5520 7828
7828
False
2
5520 7828 2546
3
False
2546
2546
False
2546
False
5
5520 7828 2546 6234 6576
6576
6576
5520 7828 2546 6234 6576 7499
6
False
7499
False
5
False
False
False
False
9
9
9
957
False
5520 7828 2546 6234 6576 5493 9220 6415 957
4813
11
5520 7828 2546 6234 6576 5493 9220 6415 957 2032 4813
False
False
2032
False
False
3963
3963
5520 7828 2546 6234 6576 5493 9220 6415 957 2032 5963 3963
False
12
False
5963
2032
5520 7828 2546 6234 6576 5493 9220 6415 957 8429
10
8236
False
False
8236
5520 7828 2546 6234 6576 5493 9220
6576
False
4622
False
False
6576
5520 7828 2546 6234
False
4532
5520 7828 2546
5520 7828 2546
False
7828
False
5520 7828 3952
3
3952
3
3
4
False
False
2
1
False
5520
5520
1
2
3
False
744
744
177 4625 744 8860
False
False
8860
8860
False
177 4625 744
False
False
False
3
False
5672
177
Empty
True
Empty
Empty
1
133
False
1
2
2
133
False
False
False
False
3331 513 4691 3499
3499
False
3331 513 4691 3499 2495 3352
3352
3331 513 4691 3499 2495 3352
3499
False
False
3331 513 4691 3499
False
3331 513 4691 3499
4
3331 513 4691 3499 9421
5
7
8
3331 513 4691 3499 9421 2562 275 5492 3727
False
275
3331 513 4691 3499 9421 2562
False
6
277
9
3331 513 4691 3499 9421 2562 2700 277 2379
3331 513 4691 3499 9421 2562 2700 277 2379
3331 513 4691 3499 9421 2562 2700 277
False
2700
False
10
False
False
False
False
11
False
False
False
12
1283
False
1228
3899
False
16
3331 513 4691 3499 9421 2562 2700 806 5378 6513 1283 1228 7040 3899 9335 8880
False
False
15
False
3899
False
3899
13
False
3331 513 4691 3499 9421 2562 2700 806 5378 6513 1283 1228 7040 3845
3331 513 4691 3499 9421 2562 2700 806 5378 6513 1283 1228 7040 3845
False
False
3331 513 4691 3499 9421 2562 2700 806 5378 6513 1283 1228 7040 3845
False
3331 513 4691 3499 9421 2562 2700 806 5378 6513 1283 1228 7040 3533 3801
3331 513 4691 3499 9421 2562 2700 806 5378 6513 1283 1228 7040 3533 3801 5306
5306
False
8943
False
14
7040
9266
False
14
15
7040
3331 513 4691 3499 9421 2562 2700 806 5378 6513 1283 1228 2220
12
3331 513 4691 3499 9421 2562 2700 806 5378 6513 1283 1228
False
False
7259
False
3331 513 4691 3499 9421 2562 2700 806 5378 6513 1283 6099
6770
6770
6099
3331 513 4691 3499 9421 2562 2700 806 5378 6513 1283 6099 6968 2511
False
False
16
15
False
11
False
11
3331 513 4691 3499 9421 2562 2700 806 5378 6513 4511
9
5378
False
6705
False
3858
False
12
False
13
12
False
False
3331 513 4691 3499 9421 2562 2700 806 5378 3489 3858
12
False
False
3331 513 4691 3499 9421 2562 2700 806 5378 3489 3858 7354 7824
14
3331 513 4691 3499 9421 2562 2700 806 5378 3489 3858 7354 7824 6215
3331 513 4691 3499 9421 2562 2700 806 5378 3489 3858 7354 7824 6215
False
6215
False
7354
12
False
854
False
False
False
854
False
3331 513 4691 3499 9421 2562 2700 806 5378 3489 3858 7354 854
3331 513 4691 3499 9421 2562 2700 806 5378 3489 3858 7354 854
False
12
False
12
12
False
14
3331 513 4691 3499 9421 2562 2700 806 5378 3489 3858 822
2897
False
False
False
False
False
False
822
False
12
3331 513 4691 3499 9421 2562 2700 806 5378 3489 3858 9504
3331 513 4691 3499 9421 2562 2700 806 5378 3489 3858 9504
False
3331 513 4691 3499 9421 2562 2700 806 5378 3489 3858 9504
False
6963
False
3331 513 4691 3499 9421 2562 2700 806 5378 3489
3331 513 4691 3499 9421 2562 2700 806 5378 3489
3489
False
3489
False
False
5378
3331 513 4691 3499 9421 2562 2700 806 8975 6910 4941
11
3331 513 4691 3499 9421 2562 2700 806 8975 6910 4941
False
False
11
False
False
False
6546
False
10
9
1259
3331 513 4691 3499 9421 2562 2700 806 1259 406 1526
3331 513 4691 3499 9421 2562 2700 806 1259 406 1526
False
False
False
10
3331 513 4691 3499 9421 2562 2700 806 1259 406
10
False
11
1259
9
4370
4370
4370
False
False
False
2562
3331 513 4691 3499 9421
False
6
False
9987
False
False
False
False
3331 513 4691 3499 9421 9882 9987 2270 8118 9360 8789 1313
12
3331 513 4691 3499 9421 9882 9987 2270 8118 9360 8789 1313
3331 513 4691 3499 9421 9882 9987 2270 8118 9360 8789 1313
14
5752
False
5752
False
3331 513 4691 3499 9421 9882 9987 2270 8118 9360 8789 1313 7346 5752
3331 513 4691 3499 9421 9882 9987 2270 8118 9360 8789 1313 7346 5752 9410 9415
3331 513 4691 3499 9421 9882 9987 2270 8118 9360 8789 1313 7346 5752 9410 9415
False
9415
3331 513 4691 3499 9421 9882 9987 2270 8118 9360 8789 1313
13
False
51
False
3331 513 4691 3499 9421 9882 9987 2270 8118 9360 8789 51
False
3331 513 4691 3499 9421 9882 9987 2270 8118 9360 8789
11
False
11
8118
False
9987
9987
7
False
8
False
3331 513 4691 3499 9421 9882 9987 8584 2396 699 724
False
724
11
724
724
11
False
False
3331 513 4691 3499 9421 9882 9987 8584 2396 699 724 2576
False
False
3331 513 4691 3499 9421 9882 9987 8584 6307
False
False
8298
7694
7694
11
3331 513 4691 3499 9421 9882 9987 8584 6307 7397
False
3331 513 4691 3499 9421 9882 9987 8584 6307 7397
11
11
3331 513 4691 3499 9421 9882 9987 8584 6307 7397 9833
2020
False
False
3331 513 4691 3499 9421 9882 9987 8584 6307 7397 9833 2020 2802
14
15
False
3331 513 4691 3499 9421 9882 9987 8584 6307 7397 9833 2020 2802 3485 6577
15
6577
False
False
False
False
3331 513 4691 3499 9421 9882 9987 8584 6307 7397 9833 2020 2802 2046
2046
5212
False
15
False
15
15
14
14
3331 513 4691 3499 9421 9882 9987 8584 6307 7397 9833 2020 2802 2046
14
2046
14
3331 513 4691 3499 9421 9882 9987 8584 6307 7397 9833 2020 2802 5872
14
14
False
False
5872
5872
5872
False
False
False
3331 513 4691 3499 9421 9882 9987 8584 6307 7397 9833 2020 2802 5872 4541
5388
3331 513 4691 3499 9421 9882 9987 8584 6307 7397 9833 2020 2802 5872 4541
False
False
False
671
False
False
False
3331 513 4691 3499 9421 9882 9987 8584 6307 7397 9833 2020 2802 5872
False
3191
False
3331 513 4691 3499 9421 9882 9987 8584 6307 7397 9833 2020 2802 9980
14
3331 513 4691 3499 9421 9882 9987 8584 6307 7397 9833 2020 2802 9980
False
False
False
3331 513 4691 3499 9421 9882 9987 8584 6307 7397 9833 2020 2802 9980
14
False
14
False
3331 513 4691 3499 9421 9882 9987 8584 6307 7397 9833 1854 4813
3331 513 4691 3499 9421 9882 9987 8584 6307 7397 9833 1854 4813
13
False
3331 513 4691 3499 9421 9882 9987 8584 6307 7397 9833 1854 4813 6374
False
13
False
13
False
1854
3331 513 4691 3499 9421 9882 9987 8584 6307 7397 9833 1854
False
2855
3331 513 4691 3499 9421 9882 9987 8584 6307 7397 9833 2855
12
False
False
10
False
False
False
False
False
5
False
4691
3331 513 4691
False
False
4
False
4
False
False
False
False
8372
False
3331 513 4691 1126 7832 7710 2621
2621
6
7832
False
False
1579
False
8
False
3331 513 4691 1126 7832 1579 4048 9384 7996
4007
3331 513 4691 1126 7832 1579 4048 9384 7996
False
11
False
12
False
11
1623
3331 513 4691 1126 7832 1579 4048 9384 7996 2757 9617 1623
3331 513 4691 1126 7832 1579 4048 9384 7996 2757
False
7996
9
False
False
9
10
4120
False
False
False
9
10
2030
2030
3331 513 4691 1126 7832 1579 4048 9384
9384
False
False
9384
8
False
3331 513 4691 1126 7832 1579 4048 927
8
8
3331 513 4691 1126 7832
3331 513 4691 1126
1126
False
4
3331 513 2385 106
3331 513 2385 106 5619 1970
False
5761
3
3331 513 2385
2
513
2
False
False
3331
5541
5541
False
False
False
3331
1
3331
0
True
False
False
4993
False
9057
3695
9057 3695
False
1
False
2
9057 9378
9378
False
False
9378
9057
2
False
9057 9848
False
False
False
False
6608
False
9057
2
2583
False
False
False
Empty
7056
7056
2
6791
False
3
2654
False
7056 3856 3745 4334
4334
7056 3856 3745
False
405
8
8
False
False
7056 3856 3745 6016 405 5117
False
5117
7056 3856 3745 6016 405 5117 5186
7056 3856 3745 6016 405 5117 5186
7056 3856 3745 6016 405 5117 5186
5186
False
7056 3856 3745 6016 405
7056 3856 2542
False
7056 3856 2542
7056
False
7056 8805 5891
False
False
4
False
False
5
5
7056 8805 5891
375
False
False
7056 8805
5892
False
0
True
True
0
Empty

False

True
Empty
0
0
3844
1
False
False

False
0
Empty
True
0
0

Empty

False
8115
False
False
False
3998
False
False
3777
False
4327
False
870 5123 3777 4327
False
3777
False
6863
3
False
870 5123 2940
False
870 5123 2940 5252 6911
False
False
False
3585
870 5123 2940 9038 3585
False
False
3
8236
False
870 5123 2940
3
870 5123
Empty

0
True
0
Empty
5174
False
2
5174 8657
8657
8657
722
1
1
319
False
552
552
False
False
2
False
False
False
False
552 1964 6902 7644 3688
False
False
552 1964 6902 7644 5198
5
False
False
552 1964 6902 7644
552 1964 6902
3
552 1964
False
False

True
Empty

True
Empty
True
False


Empty
Empty
Empty
Empty
False
False
2498 7493 9868
False
4407
False
423
5
False
3844
False
2498 7493 4407 423 3615 3844 8179 300
300
2498 7493 4407 423 3615 3844 8179 300
300
False
False
7
False
2988
8
8
2988
2498 7493 4407 423 3615 3844 9865 2988
2498 7493 4407 423 3615 3844 9865 2988
8
False
False
False
4317
13
13
False
2498 7493 4407 423 3615 3844 9865 2988 4541 9517 615 7348
2498 7493 4407 423 3615 3844 9865 2988 4541 9517 615 7348 1602
2498 7493 4407 423 3615 3844 9865 2988 4541 9517 615 7348 1602
2498 7493 4407 423 3615 3844 9865 2988 4541 9517 615 7348 1602 9623 8565 2344
False
17
2344
2498 7493 4407 423 3615 3844 9865 2988 4541 9517 615 7348 1602 9623 8565 2344 86 9850
False
19
False
False
4582
2498 7493 4407 423 3615 3844 9865 2988 4541 9517 615 7348 1602 9623 8565 2344 4582
4582
2498 7493 4407 423 3615 3844 9865 2988 4541 9517 615 7348 1602 9623
False
False
2498 7493 4407 423 3615 3844 9865 2988 4541 9517 615 7348 1602 9321
2498 7493 4407 423 3615 3844 9865 2988 4541 9517 615 7348 1602 9321
2498 7493 4407 423 3615 3844 9865 2988 4541 9517 615 7348 1602
1602
2498 7493 4407 423 3615 3844 9865 2988 4541 9517 615 7348 1602
2498 7493 4407 423 3615 3844 9865 2988 4541 9517 615 7348 1602
1602
2498 7493 4407 423 3615 3844 9865 2988 4541 9517 615 7348 1602 3897
14
False
1175
6796
6796
17
2498 7493 4407 423 3615 3844 9865 2988 4541 9517 615 7348 1602 3897 5577 1175 6796
False
5073
False
2498 7493 4407 423 3615 3844 9865 2988 4541 9517 615 7348 1602 3897 5577 1175 6796 5073 1672 1819
1819
False
2498 7493 4407 423 3615 3844 9865 2988 4541 9517 615 7348 1602 3897 5577 1175 6796 5073 1672
16
1175
16
2498 7493 4407 423 3615 3844 9865 2988 4541 9517 615 7348 1602 3897 5577 1175
1175
16
False
False
819
False
19
False
False
2498 7493 4407 423 3615 3844 9865 2988 4541 9517 615 7348 1602 3897 5577 1304 819 1331 7141
2827
2498 7493 4407 423 3615 3844 9865 2988 4541 9517 615 7348 1602 3897 5577 1304 819 1331 7141 2827 5686 6054
2498 7493 4407 423 3615 3844 9865 2988 4541 9517 615 7348 1602 3897 5577 1304 819 1331 7141
18
False
1331
17
False
7569
False
False
False
False
17
5413
False
5726
2498 7493 4407 423 3615 3844 9865 2988 4541 9517 615 7348 1602 3897 5726
15
2498 7493 4407 423 3615 3844 9865 2988 4541 9517 615 7348 1602 3897 424
False
16
False
False
16
2498 7493 4407 423 3615 3844 9865 2988 4541 9517 615 7348 1602 3897 424 2774
2498 7493 4407 423 3615 3844 9865 2988 4541 9517 615 7348 1602 3897 424 2774
2774
2774
16
False
2498 7493 4407 423 3615 3844 9865 2988 4541 9517 615 7348 1602 3897 7982 4704
False
False
2048
17
2498 7493 4407 423 3615 3844 9865 2988 4541 9517 615 7348 1602 3897 7982 5836 2048
4871
False
False
False
2498 7493 4407 423 3615 3844 9865 2988 4541 9517 615 7348 1602 3897 7982 5836 9929 1729
2498 7493 4407 423 3615 3844 9865 2988 4541 9517 615 7348 1602 3897 7982 5836 9929 1729
False
18
2498 7493 4407 423 3615 3844 9865 2988 4541 9517 615 7348 1602 3897 7982 5836 9929 8102
18
19
8102
False
False
False
False
False
2498 7493 4407 423 3615 3844 9865 2988 4541 9517 615 7348 1602 3897 7982 5836 9929 4156 1075
2498 7493 4407 423 3615 3844 9865 2988 4541 9517 615 7348 1602 3897 7982 5836 9929 4156 1075
False
20
False
False
False
2487
2498 7493 4407 423 3615 3844 9865 2988 4541 9517 615 7348 1602 3897 7982 5836 9929 4156 1075 8428 2487
2487
False
2487
False
2498 7493 4407 423 3615 3844 9865 2988 4541 9517 615 7348 1602 3897 7982 5836 9929 4156 1075
False
7075
False
2498 7493 4407 423 3615 3844 9865 2988 4541 9517 615 7348 1602 3897 7982 5836 9929 4156 7075 3769 1955
False
6324
26
26
6324
559
24
False
1955
2498 7493 4407 423 3615 3844 9865 2988 4541 9517 615 7348 1602 3897 7982 5836 9929 4156 7075 3769 1955
2498 7493 4407 423 3615 3844 9865 2988 4541 9517 615 7348 1602 3897 7982 5836 9929 4156 7075 3769 1955
2498 7493 4407 423 3615 3844 9865 2988 4541 9517 615 7348 1602 3897 7982 5836 9929 4156 7075 3769 1955 7495
418
23
23
False
2498 7493 4407 423 3615 3844 9865 2988 4541 9517 615 7348 1602 3897 7982 5836 9929 4156 7075 3769 1955 7495 5174
6811
23
False
7610
2498 7493 4407 423 3615 3844 9865 2988 4541 9517 615 7348 1602 3897 7982 5836 9929 4156 7075 3769 1955 7495 6811
False
False
22
False
21
False
20
False
False
2107
2107
False
2107
7215
2498 7493 4407 423 3615 3844 9865 2988 4541 9517 615 7348 1602 3897 7982 5836 9929 4156 7075 3769 6115 7644
2498 7493 4407 423 3615 3844 9865 2988 4541 9517 615 7348 1602 3897 7982 5836 9929 4156 7075 3769 6115
False
3769
7075
7075
2498 7493 4407 423 3615 3844 9865 2988 4541 9517 615 7348 1602 3897 7982 5836 9929 4156 7075 5200 1738 6554
False
False
2498 7493 4407 423 3615 3844 9865 2988 4541 9517 615 7348 1602 3897 7982 5836 9929 4156 7075 5200 4117
False
2498 7493 4407 423 3615 3844 9865 2988 4541 9517 615 7348 1602 3897 7982 5836 9929 4156 7075 5200 4117
False
2498 7493 4407 423 3615 3844 9865 2988 4541 9517 615 7348 1602 3897 7982 5836 9929 4156
20
False
5173
False
3369
False
359
359
False
2498 7493 4407 423 3615 3844 9865 2988 4541 9517 615 7348 1602 3897 7982 5836 9929 4156 1390 5173 3369 7714 277
277
23
False
False
3775
2498 7493 4407 423 3615 3844 9865 2988 4541 9517 615 7348 1602 3897 7982 5836 9929 4156 1390 5173 3369 6799 8043 3775 128
False
False
2498 7493 4407 423 3615 3844 9865 2988 4541 9517 615 7348 1602 3897 7982 5836 9929 4156 1390 5173 3369 6799 8043 3775 128 5488
128
25
False
False
False
28
False
False
1045
2498 7493 4407 423 3615 3844 9865 2988 4541 9517 615 7348 1602 3897 7982 5836 9929 4156 1390 5173 3369 6799 8043 3775 128 7746 2547 1045
False
2498 7493 4407 423 3615 3844 9865 2988 4541 9517 615 7348 1602 3897 7982 5836 9929 4156 1390 5173 3369 6799 8043 3775 128 7746 2547 1045 9914 2955
False
False
False
False
False
32
False
3658
786
False
786
False
34
2498 7493 4407 423 3615 3844 9865 2988 4541 9517 615 7348 1602 3897 7982 5836 9929 4156 1390 5173 3369 6799 8043 3775 128 7746 2547 1045 9914 2955 8892 7571 3621 9909
False
False
2552
2498 7493 4407 423 3615 3844 9865 2988 4541 9517 615 7348 1602 3897 7982 5836 9929 4156 1390 5173 3369 6799 8043 3775 128 7746 2547 1045 9914 2955 8892 7571 3621 9909 5526 3070 2552
2552
False
2552
2498 7493 4407 423 3615 3844 9865 2988 4541 9517 615 7348 1602 3897 7982 5836 9929 4156 1390 5173 3369 6799 8043 3775 128 7746 2547 1045 9914 2955 8892 7571 3621 9909 5526 3070 2552 6903
2498 7493 4407 423 3615 3844 9865 2988 4541 9517 615 7348 1602 3897 7982 5836 9929 4156 1390 5173 3369 6799 8043 3775 128 7746 2547 1045 9914 2955 8892 7571 3621 9909 5526 3070 2552
3145
False
False
3070
False
7873
7873
2498 7493 4407 423 3615 3844 9865 2988 4541 9517 615 7348 1602 3897 7982 5836 9929 4156 1390 5173 3369 6799 8043 3775 128 7746 2547 1045 9914 2955 8892 7571 3621 9909 5526 3070 6013
2498 7493 4407 423 3615 3844 9865 2988 4541 9517 615 7348 1602 3897 7982 5836 9929 4156 1390 5173 3369 6799 8043 3775 128 7746 2547 1045 9914 2955 8892 7571 3621 9909 5526 3070 6013 4927
2498 7493 4407 423 3615 3844 9865 2988 4541 9517 615 7348 1602 3897 7982 5836 9929 4156 1390 5173 3369 6799 8043 3775 128 7746 2547 1045 9914 2955 8892 7571 3621 9909 5526 3070 6013
False
False
6604
2498 7493 4407 423 3615 3844 9865 2988 4541 9517 615 7348 1602 3897 7982 5836 9929 4156 1390 5173 3369 6799 8043 3775 128 7746 2547 1045 9914 2955 8892 7571 3621 9909 5526 3070 3419 2218 6604
39
False
40
False
2498 7493 4407 423 3615 3844 9865 2988 4541 9517 615 7348 1602 3897 7982 5836 9929 4156 1390 5173 3369 6799 8043 3775 128 7746 2547 1045 9914 2955 8892 7571 3621 9909 5526 3070 3419 2218 6604 2846 4318
2498 7493 4407 423 3615 3844 9865 2988 4541 9517 615 7348 1602 3897 7982 5836 9929 4156 1390 5173 3369 6799 8043 3775 128 7746 2547 1045 9914 2955 8892 7571 3621 9909 5526 3070 3419 2218 6604 2846
False
False
False
2498 7493 4407 423 3615 3844 9865 2988 4541 9517 615 7348 1602 3897 7982 5836 9929 4156 1390 5173 3369 6799 8043 3775 128 7746 2547 1045 9914 2955 8892 7571 3621 9909 5526 3070 3419 2218 6604 2846 6433 8956 6481 3768
2498 7493 4407 423 3615 3844 9865 2988 4541 9517 615 7348 1602 3897 7982 5836 9929 4156 1390 5173 3369 6799 8043 3775 128 7746 2547 1045 9914 2955 8892 7571 3621 9909 5526 3070 3419 2218 6604 2846 6433 8956
42
False
4885
False
False
False
2846
41
2498 7493 4407 423 3615 3844 9865 2988 4541 9517 615 7348 1602 3897 7982 5836 9929 4156 1390 5173 3369 6799 8043 3775 128 7746 2547 1045 9914 2955 8892 7571 3621 9909 5526 3070 3419 2218 6604 2846 3189
41
4451
False
2498 7493 4407 423 3615 3844 9865 2988 4541 9517 615 7348 1602 3897 7982 5836 9929 4156 1390 5173 3369 6799 8043 3775 128 7746 2547 1045 9914 2955 8892 7571 3621 9909 5526 3070 3419 2218 6604 2846 3189 4451
False
4206
False
40
False
False
False
2498 7493 4407 423 3615 3844 9865 2988 4541 9517 615 7348 1602 3897 7982 5836 9929 4156 1390 5173 3369 6799 8043 3775 128 7746 2547 1045 9914 2955 8892 7571 3621 9909 5526 3070 3419 2218 6604 1705
False
6604
2498 7493 4407 423 3615 3844 9865 2988 4541 9517 615 7348 1602 3897 7982 5836 9929 4156 1390 5173 3369 6799 8043 3775 128 7746 2547 1045 9914 2955 8892 7571 3621 9909 5526 3070 3419 2218 6604
2498 7493 4407 423 3615 3844 9865 2988 4541 9517 615 7348 1602 3897 7982 5836 9929 4156 1390 5173 3369 6799 8043 3775 128 7746 2547 1045 9914 2955 8892 7571 3621 9909 5526 3070 3419 2218
2498 7493 4407 423 3615 3844 9865 2988 4541 9517 615 7348 1602 3897 7982 5836 9929 4156 1390 5173 3369 6799 8043 3775 128 7746 2547 1045 9914 2955 8892 7571 3621 9909 5526 3070 3419 2218
2498 7493 4407 423 3615 3844 9865 2988 4541 9517 615 7348 1602 3897 7982 5836 9929 4156 1390 5173 3369 6799 8043 3775 128 7746 2547 1045 9914 2955 8892 7571 3621 9909 5526 3070 3419 2218 2754
2218
2498 7493 4407 423 3615 3844 9865 2988 4541 9517 615 7348 1602 3897 7982 5836 9929 4156 1390 5173 3369 6799 8043 3775 128 7746 2547 1045 9914 2955 8892 7571 3621 9909 5526 3070 3419 2218
38
37
False
34
False
False
35
3028
34
9909
False
34
False
False
2498 7493 4407 423 3615 3844 9865 2988 4541 9517 615 7348 1602 3897 7982 5836 9929 4156 1390 5173 3369 6799 8043 3775 128 7746 2547 1045 9914 2955 8892 7571 3621 9909 2206 4346 9388
9388
False
False
False
False
37
False
False
2498 7493 4407 423 3615 3844 9865 2988 4541 9517 615 7348 1602 3897 7982 5836 9929 4156 1390 5173 3369 6799 8043 3775 128 7746 2547 1045 9914 2955 8892 7571 3621 3432
3432
2498 7493 4407 423 3615 3844 9865 2988 4541 9517 615 7348 1602 3897 7982 5836 9929 4156 1390 5173 3369 6799 8043 3775 128 7746 2547 1045 9914 2955 8892 7571 3621
35
False
False
False
False
False
False
2498 7493 4407 423 3615 3844 9865 2988 4541 9517 615 7348 1602 3897 7982 5836 9929 4156 1390 5173 3369 6799 8043 3775 128 7746 2547 1045 9914 2955 8892 7571 7255
False
False
7288
32
2498 7493 4407 423 3615 3844 9865 2988 4541 9517 615 7348 1602 3897 7982 5836 9929 4156 1390 5173 3369 6799 8043 3775 128 7746 2547 1045 9914 2955 8892
False
9914
False
False
False
False
False
False
2498 7493 4407 423 3615 3844 9865 2988 4541 9517 615 7348 1602 3897 7982 5836 9929 4156 1390 5173 3369 6799 8043 3775 128 7746 2547 1045 9096 5206
2498 7493 4407 423 3615 3844 9865 2988 4541 9517 615 7348 1602 3897 7982 5836 9929 4156 1390 5173 3369 6799 8043 3775 128 7746 2547 1045 9096 5206
31
31
811
False
False
30
2498 7493 4407 423 3615 3844 9865 2988 4541 9517 615 7348 1602 3897 7982 5836 9929 4156 1390 5173 3369 6799 8043 3775 128 7746 2547 1045 9096 5206
False
1188
False
False
33
False
34
34
2372
33
2498 7493 4407 423 3615 3844 9865 2988 4541 9517 615 7348 1602 3897 7982 5836 9929 4156 1390 5173 3369 6799 8043 3775 128 7746 2547 1045 9096 7657 1188 439
False
2498 7493 4407 423 3615 3844 9865 2988 4541 9517 615 7348 1602 3897 7982 5836 9929 4156 1390 5173 3369 6799 8043 3775 128 7746 2547 1045 9096 3084
2498 7493 4407 423 3615 3844 9865 2988 4541 9517 615 7348 1602 3897 7982 5836 9929 4156 1390 5173 3369 6799 8043 3775 128 7746 2547 1045 9096 3084
29
27
2547
False
7783
31
False
3392
False
2498 7493 4407 423 3615 3844 9865 2988 4541 9517 615 7348 1602 3897 7982 5836 9929 4156 1390 5173 3369 6799 8043 3775 128 7746 2547 913 4090 7783 3290 931 3718 4663 6463
False
35
35
34
False
2498 7493 4407 423 3615 3844 9865 2988 4541 9517 615 7348 1602 3897 7982 5836 9929 4156 1390 5173 3369 6799 8043 3775 128 7746 2547 913 4090 7783 3290 931 3718 4663 4377
False
False
34
2498 7493 4407 423 3615 3844 9865 2988 4541 9517 615 7348 1602 3897 7982 5836 9929 4156 1390 5173 3369 6799 8043 3775 128 7746 2547 913 4090 7783 3290 931 3477 5342
False
931
33
34
False
3968
False
8904
931
False
2498 7493 4407 423 3615 3844 9865 2988 4541 9517 615 7348 1602 3897 7982 5836 9929 4156 1390 5173 3369 6799 8043 3775 128 7746 2547 913 4090 7783 3290
False
2498 7493 4407 423 3615 3844 9865 2988 4541 9517 615 7348 1602 3897 7982 5836 9929 4156 1390 5173 3369 6799 8043 3775 128 7746 2547 913 4090 7783 3290 1424
False
5006
2498 7493 4407 423 3615 3844 9865 2988 4541 9517 615 7348 1602 3897 7982 5836 9929 4156 1390 5173 3369 6799 8043 3775 128 7746 2547 913 4090 7783 3290 1424 9689 9720
36
False
3165
False
4748
2498 7493 4407 423 3615 3844 9865 2988 4541 9517 615 7348 1602 3897 7982 5836 9929 4156 1390 5173 3369 6799 8043 3775 128 7746 2547 913 4090 7783 3290 1424 9689 9720 3783 2629 3165 4748 5526 6988
2498 7493 4407 423 3615 3844 9865 2988 4541 9517 615 7348 1602 3897 7982 5836 9929 4156 1390 5173 3369 6799 8043 3775 128 7746 2547 913 4090 7783 3290 1424 9689 9720 3783 2629 3165 4748 4941 1034
2498 7493 4407 423 3615 3844 9865 2988 4541 9517 615 7348 1602 3897 7982 5836 9929 4156 1390 5173 3369 6799 8043 3775 128 7746 2547 913 4090 7783 3290 1424 9689 9720 3783 2629 3165 4748 4941 1034 4395
False
False
False
39
False
40
False
2281
2281
2498 7493 4407 423 3615 3844 9865 2988 4541 9517 615 7348 1602 3897 7982 5836 9929 4156 1390 5173 3369 6799 8043 3775 128 7746 2547 913 4090 7783 3290 1424 9689 9720 3783 2629 3165 4748 2281
False
False
False
False
False
2498 7493 4407 423 3615 3844 9865 2988 4541 9517 615 7348 1602 3897 7982 5836 9929 4156 1390 5173 3369 6799 8043 3775 128 7746 2547 913 4090 7783 3290 1424 9689 9720 3783 2629 3165 4748 2281 5523 8714 6065 4903 7838 1435
45
False
1435
False
2498 7493 4407 423 3615 3844 9865 2988 4541 9517 615 7348 1602 3897 7982 5836 9929 4156 1390 5173 3369 6799 8043 3775 128 7746 2547 913 4090 7783 3290 1424 9689 9720 3783 2629 3165 4748 2281 5523 8714 6065 4903 7838 1435
2498 7493 4407 423 3615 3844 9865 2988 4541 9517 615 7348 1602 3897 7982 5836 9929 4156 1390 5173 3369 6799 8043 3775 128 7746 2547 913 4090 7783 3290 1424 9689 9720 3783 2629 3165 4748 2281 5523 8714 6065 4903 7838 1435
False
False
2498 7493 4407 423 3615 3844 9865 2988 4541 9517 615 7348 1602 3897 7982 5836 9929 4156 1390 5173 3369 6799 8043 3775 128 7746 2547 913 4090 7783 3290 1424 9689 9720 3783 2629 3165 4748 2281 5523 8714 6065 4903
False
1583
False
3746
False
False
5753
44
2498 7493 4407 423 3615 3844 9865 2988 4541 9517 615 7348 1602 3897 7982 5836 9929 4156 1390 5173 3369 6799 8043 3775 128 7746 2547 913 4090 7783 3290 1424 9689 9720 3783 2629 3165 4748 2281 5523 8714 3746 5753 5924
False
384
5523
2498 7493 4407 423 3615 3844 9865 2988 4541 9517 615 7348 1602 3897 7982 5836 9929 4156 1390 5173 3369 6799 8043 3775 128 7746 2547 913 4090 7783 3290 1424 9689 9720 3783 2629 3165 4748 2281 4637 8134
2498 7493 4407 423 3615 3844 9865 2988 4541 9517 615 7348 1602 3897 7982 5836 9929 4156 1390 5173 3369 6799 8043 3775 128 7746 2547 913 4090 7783 3290 1424 9689 9720 3783 2629 3165 4748 2281 4637 8134 6773
42
False
41
8134
2281
41
2498 7493 4407 423 3615 3844 9865 2988 4541 9517 615 7348 1602 3897 7982 5836 9929 4156 1390 5173 3369 6799 8043 3775 128 7746 2547 913 4090 7783 3290 1424 9689 9720 3783 2629 3165 4748 2281 1877 4883
False
4883
2498 7493 4407 423 3615 3844 9865 2988 4541 9517 615 7348 1602 3897 7982 5836 9929 4156 1390 5173 3369 6799 8043 3775 128 7746 2547 913 4090 7783 3290 1424 9689 9720 3783 2629 3165 4748 2281 1877 4883
False
False
43
2498 7493 4407 423 3615 3844 9865 2988 4541 9517 615 7348 1602 3897 7982 5836 9929 4156 1390 5173 3369 6799 8043 3775 128 7746 2547 913 4090 7783 3290 1424 9689 9720 3783 2629 3165 4748 2281 1877 4883 9889 1655 4555
9889
False
False
False
False
1149
2498 7493 4407 423 3615 3844 9865 2988 4541 9517 615 7348 1602 3897 7982 5836 9929 4156 1390 5173 3369 6799 8043 3775 128 7746 2547 913 4090 7783 3290 1424 9689 9720 3783 2629 3165 4748 2281 1877 5542 1149 8806 8979
45
45
6821
False
False
False
7175
2498 7493 4407 423 3615 3844 9865 2988 4541 9517 615 7348 1602 3897 7982 5836 9929 4156 1390 5173 3369 6799 8043 3775 128 7746 2547 913 4090 7783 3290 1424 9689 9720 3783 2629 3165 4748 2281 1877 5542 1149 8806 8979 6821 5213 4582 7175 525
48
2498 7493 4407 423 3615 3844 9865 2988 4541 9517 615 7348 1602 3897 7982 5836 9929 4156 1390 5173 3369 6799 8043 3775 128 7746 2547 913 4090 7783 3290 1424 9689 9720 3783 2629 3165 4748 2281 1877 5542 1149 8806 8979 6821 5213 4582 7175 271
False
False
False
False
2498 7493 4407 423 3615 3844 9865 2988 4541 9517 615 7348 1602 3897 7982 5836 9929 4156 1390 5173 3369 6799 8043 3775 128 7746 2547 913 4090 7783 3290 1424 9689 9720 3783 2629 3165 4748 2281 1877 5542 1149 8806 8979 6821 5213 4582 7175
48
48
48
False
False
False
False
6320
2498 7493 4407 423 3615 3844 9865 2988 4541 9517 615 7348 1602 3897 7982 5836 9929 4156 1390 5173 3369 6799 8043 3775 128 7746 2547 913 4090 7783 3290 1424 9689 9720 3783 2629 3165 4748 2281 1877 5542 1149 8806 8979 6821 5213 4582 6320
False
2498 7493 4407 423 3615 3844 9865 2988 4541 9517 615 7348 1602 3897 7982 5836 9929 4156 1390 5173 3369 6799 8043 3775 128 7746 2547 913 4090 7783 3290 1424 9689 9720 3783 2629 3165 4748 2281 1877 5542 1149 8806 8979 6821 5213 4582 6320 3356 5925
False
1444
52
False
False
False
False
2498 7493 4407 423 3615 3844 9865 2988 4541 9517 615 7348 1602 3897 7982 5836 9929 4156 1390 5173 3369 6799 8043 3775 128 7746 2547 913 4090 7783 3290 1424 9689 9720 3783 2629 3165 4748 2281 1877 5542 1149 8806 8979 6821 5213 4582 6320 3356 2854 4118 1444 879
2498 7493 4407 423 3615 3844 9865 2988 4541 9517 615 7348 1602 3897 7982 5836 9929 4156 1390 5173 3369 6799 8043 3775 128 7746 2547 913 4090 7783 3290 1424 9689 9720 3783 2629 3165 4748 2281 1877 5542 1149 8806 8979 6821 5213 4582 6320 3356 2854 4118 1444 879 6287
56
56
2233
2498 7493 4407 423 3615 3844 9865 2988 4541 9517 615 7348 1602 3897 7982 5836 9929 4156 1390 5173 3369 6799 8043 3775 128 7746 2547 913 4090 7783 3290 1424 9689 9720 3783 2629 3165 4748 2281 1877 5542 1149 8806 8979 6821 5213 4582 6320 3356 2854 4118 1444 879 6287 5031 2233 8296 3367 8430
False
False
59
8430
2498 7493 4407 423 3615 3844 9865 2988 4541 9517 615 7348 1602 3897 7982 5836 9929 4156 1390 5173 3369 6799 8043 3775 128 7746 2547 913 4090 7783 3290 1424 9689 9720 3783 2629 3165 4748 2281 1877 5542 1149 8806 8979 6821 5213 4582 6320 3356 2854 4118 1444 879 6287 5031 2233 8296 3367
False
False
2498 7493 4407 423 3615 3844 9865 2988 4541 9517 615 7348 1602 3897 7982 5836 9929 4156 1390 5173 3369 6799 8043 3775 128 7746 2547 913 4090 7783 3290 1424 9689 9720 3783 2629 3165 4748 2281 1877 5542 1149 8806 8979 6821 5213 4582 6320 3356 2854 4118 1444 879 6287 5031 2233 8296 3210 9525
58
2498 7493 4407 423 3615 3844 9865 2988 4541 9517 615 7348 1602 3897 7982 5836 9929 4156 1390 5173 3369 6799 8043 3775 128 7746 2547 913 4090 7783 3290 1424 9689 9720 3783 2629 3165 4748 2281 1877 5542 1149 8806 8979 6821 5213 4582 6320 3356 2854 4118 1444 879 6287 5031 2233 8296 3210 7642
False
2498 7493 4407 423 3615 3844 9865 2988 4541 9517 615 7348 1602 3897 7982 5836 9929 4156 1390 5173 3369 6799 8043 3775 128 7746 2547 913 4090 7783 3290 1424 9689 9720 3783 2629 3165 4748 2281 1877 5542 1149 8806 8979 6821 5213 4582 6320 3356 2854 4118 1444 879 6287 5031 2233
55
947
False
2498 7493 4407 423 3615 3844 9865 2988 4541 9517 615 7348 1602 3897 7982 5836 9929 4156 1390 5173 3369 6799 8043 3775 128 7746 2547 913 4090 7783 3290 1424 9689 9720 3783 2629 3165 4748 2281 1877 5542 1149 8806 8979 6821 5213 4582 6320 3356 2854 4118 1444 879 6287 5031 947
False
55
55
False
55
False
55
False
2498 7493 4407 423 3615 3844 9865 2988 4541 9517 615 7348 1602 3897 7982 5836 9929 4156 1390 5173 3369 6799 8043 3775 128 7746 2547 913 4090 7783 3290 1424 9689 9720 3783 2629 3165 4748 2281 1877 5542 1149 8806 8979 6821 5213 4582 6320 3356 2854 4118 1444 879 6287 5031
2498 7493 4407 423 3615 3844 9865 2988 4541 9517 615 7348 1602 3897 7982 5836 9929 4156 1390 5173 3369 6799 8043 3775 128 7746 2547 913 4090 7783 3290 1424 9689 9720 3783 2629 3165 4748 2281 1877 5542 1149 8806 8979 6821 5213 4582 6320 3356 2854 4118 1444 879 6287 5031 607 9176
False
9176
607
2498 7493 4407 423 3615 3844 9865 2988 4541 9517 615 7348 1602 3897 7982 5836 9929 4156 1390 5173 3369 6799 8043 3775 128 7746 2547 913 4090 7783 3290 1424 9689 9720 3783 2629 3165 4748 2281 1877 5542 1149 8806 8979 6821 5213 4582 6320 3356 2854 4118 1444 879 6287 5031 607 7073
False
False
False
False
58
2498 7493 4407 423 3615 3844 9865 2988 4541 9517 615 7348 1602 3897 7982 5836 9929 4156 1390 5173 3369 6799 8043 3775 128 7746 2547 913 4090 7783 3290 1424 9689 9720 3783 2629 3165 4748 2281 1877 5542 1149 8806 8979 6821 5213 4582 6320 3356 2854 4118 1444 879 6287 5031 607 7073 9336
False
9654
False
False
False
False
2498 7493 4407 423 3615 3844 9865 2988 4541 9517 615 7348 1602 3897 7982 5836 9929 4156 1390 5173 3369 6799 8043 3775 128 7746 2547 913 4090 7783 3290 1424 9689 9720 3783 2629 3165 4748 2281 1877 5542 1149 8806 8979 6821 5213 4582 6320 3356 2854 4118 1444 879 6287 5031 607 7073 9336 9654 6771
60
False
63
9946
2498 7493 4407 423 3615 3844 9865 2988 4541 9517 615 7348 1602 3897 7982 5836 9929 4156 1390 5173 3369 6799 8043 3775 128 7746 2547 913 4090 7783 3290 1424 9689 9720 3783 2629 3165 4748 2281 1877 5542 1149 8806 8979 6821 5213 4582 6320 3356 2854 4118 1444 879 6287 5031 607 7073 9336 9654 6771 9896 3751 9946 2078
2078
65
2498 7493 4407 423 3615 3844 9865 2988 4541 9517 615 7348 1602 3897 7982 5836 9929 4156 1390 5173 3369 6799 8043 3775 128 7746 2547 913 4090 7783 3290 1424 9689 9720 3783 2629 3165 4748 2281 1877 5542 1149 8806 8979 6821 5213 4582 6320 3356 2854 4118 1444 879 6287 5031 607 7073 9336 9654 6771 9896 3751 9946 2078
2078
1487
False
False
65
65
2078
64
3751
False
62
6037
213
2498 7493 4407 423 3615 3844 9865 2988 4541 9517 615 7348 1602 3897 7982 5836 9929 4156 1390 5173 3369 6799 8043 3775 128 7746 2547 913 4090 7783 3290 1424 9689 9720 3783 2629 3165 4748 2281 1877 5542 1149 8806 8979 6821 5213 4582 6320 3356 2854 4118 1444 879 6287 5031 607 7073 9336 9654 6771 9896 213
62
2498 7493 4407 423 3615 3844 9865 2988 4541 9517 615 7348 1602 3897 7982 5836 9929 4156 1390 5173 3369 6799 8043 3775 128 7746 2547 913 4090 7783 3290 1424 9689 9720 3783 2629 3165 4748 2281 1877 5542 1149 8806 8979 6821 5213 4582 6320 3356 2854 4118 1444 879 6287 5031 607 7073 9336 9654 6771 9896 213 5406
False
False
False
False
64
2498 7493 4407 423 3615 3844 9865 2988 4541 9517 615 7348 1602 3897 7982 5836 9929 4156 1390 5173 3369 6799 8043 3775 128 7746 2547 913 4090 7783 3290 1424 9689 9720 3783 2629 3165 4748 2281 1877 5542 1149 8806 8979 6821 5213 4582 6320 3356 2854 4118 1444 879 6287 5031 607 7073 9336 9654 6771 9896 213 7360 5385
65
False
5830
5830
68
False
False
6338
False
False
70
False
False
False
73
False
False
75
False
False
False
4090
73
4090
2498 7493 4407 423 3615 3844 9865 2988 4541 9517 615 7348 1602 3897 7982 5836 9929 4156 1390 5173 3369 6799 8043 3775 128 7746 2547 913 4090 7783 3290 1424 9689 9720 3783 2629 3165 4748 2281 1877 5542 1149 8806 8979 6821 5213 4582 6320 3356 2854 4118 1444 879 6287 5031 607 7073 9336 9654 6771 9896 213 7360 5385 4325 5830 6391 9894 7015 6338 4756 350 5703
5703
2498 7493 4407 423 3615 3844 9865 2988 4541 9517 615 7348 1602 3897 7982 5836 9929 4156 1390 5173 3369 6799 8043 3775 128 7746 2547 913 4090 7783 3290 1424 9689 9720 3783 2629 3165 4748 2281 1877 5542 1149 8806 8979 6821 5213 4582 6320 3356 2854 4118 1444 879 6287 5031 607 7073 9336 9654 6771 9896 213 7360 5385 4325 5830 6391 9894 7015 6338 4756 350 5703 4704
2498 7493 4407 423 3615 3844 9865 2988 4541 9517 615 7348 1602 3897 7982 5836 9929 4156 1390 5173 3369 6799 8043 3775 128 7746 2547 913 4090 7783 3290 1424 9689 9720 3783 2629 3165 4748 2281 1877 5542 1149 8806 8979 6821 5213 4582 6320 3356 2854 4118 1444 879 6287 5031 607 7073 9336 9654 6771 9896 213 7360 5385 4325 5830 6391 9894 7015 6338 4756 350 5703
False
2498 7493 4407 423 3615 3844 9865 2988 4541 9517 615 7348 1602 3897 7982 5836 9929 4156 1390 5173 3369 6799 8043 3775 128 7746 2547 913 4090 7783 3290 1424 9689 9720 3783 2629 3165 4748 2281 1877 5542 1149 8806 8979 6821 5213 4582 6320 3356 2854 4118 1444 879 6287 5031 607 7073 9336 9654 6771 9896 213 7360 5385 4325 5830 6391 9894 7015 6338 4756 350 5703 5604 7358 5309
78
False
3843
76
False
False
4903
79
False
82
83
False
2498 7493 4407 423 3615 3844 9865 2988 4541 9517 615 7348 1602 3897 7982 5836 9929 4156 1390 5173 3369 6799 8043 3775 128 7746 2547 913 4090 7783 3290 1424 9689 9720 3783 2629 3165 4748 2281 1877 5542 1149 8806 8979 6821 5213 4582 6320 3356 2854 4118 1444 879 6287 5031 607 7073 9336 9654 6771 9896 213 7360 5385 4325 5830 6391 9894 7015 6338 4756 350 5703 5604 7358 5309 6737 6807 6864 8727 8559 2430
82
83
84
False
84
82
2498 7493 4407 423 3615 3844 9865 2988 4541 9517 615 7348 1602 3897 7982 5836 9929 4156 1390 5173 3369 6799 8043 3775 128 7746 2547 913 4090 7783 3290 1424 9689 9720 3783 2629 3165 4748 2281 1877 5542 1149 8806 8979 6821 5213 4582 6320 3356 2854 4118 1444 879 6287 5031 607 7073 9336 9654 6771 9896 213 7360 5385 4325 5830 6391 9894 7015 6338 4756 350 5703 5604 7358 5309 6737 6807 6864 8727 8559
2498 7493 4407 423 3615 3844 9865 2988 4541 9517 615 7348 1602 3897 7982 5836 9929 4156 1390 5173 3369 6799 8043 3775 128 7746 2547 913 4090 7783 3290 1424 9689 9720 3783 2629 3165 4748 2281 1877 5542 1149 8806 8979 6821 5213 4582 6320 3356 2854 4118 1444 879 6287 5031 607 7073 9336 9654 6771 9896 213 7360 5385 4325 5830 6391 9894 7015 6338 4756 350 5703 5604 7358 5309 6737 6807 6864 8727 8559 4124
False
5726
2498 7493 4407 423 3615 3844 9865 2988 4541 9517 615 7348 1602 3897 7982 5836 9929 4156 1390 5173 3369 6799 8043 3775 128 7746 2547 913 4090 7783 3290 1424 9689 9720 3783 2629 3165 4748 2281 1877 5542 1149 8806 8979 6821 5213 4582 6320 3356 2854 4118 1444 879 6287 5031 607 7073 9336 9654 6771 9896 213 7360 5385 4325 5830 6391 9894 7015 6338 4756 350 5703 5604 7358 5309 6737 6807 6864 8727 8559 4124 5726 6800
2498 7493 4407 423 3615 3844 9865 2988 4541 9517 615 7348 1602 3897 7982 5836 9929 4156 1390 5173 3369 6799 8043 3775 128 7746 2547 913 4090 7783 3290 1424 9689 9720 3783 2629 3165 4748 2281 1877 5542 1149 8806 8979 6821 5213 4582 6320 3356 2854 4118 1444 879 6287 5031 607 7073 9336 9654 6771 9896 213 7360 5385 4325 5830 6391 9894 7015 6338 4756 350 5703 5604 7358 5309 6737 6807 6864 8727 8559 4124 5726 6800 3693
False
3693
86
False
6800
2498 7493 4407 423 3615 3844 9865 2988 4541 9517 615 7348 1602 3897 7982 5836 9929 4156 1390 5173 3369 6799 8043 3775 128 7746 2547 913 4090 7783 3290 1424 9689 9720 3783 2629 3165 4748 2281 1877 5542 1149 8806 8979 6821 5213 4582 6320 3356 2854 4118 1444 879 6287 5031 607 7073 9336 9654 6771 9896 213 7360 5385 4325 5830 6391 9894 7015 6338 4756 350 5703 5604 7358 5309 6737 6807 6864 8727 8559 4124 5726 6800
3440
False
86
3279
False
False
2500
86
False
False
2498 7493 4407 423 3615 3844 9865 2988 4541 9517 615 7348 1602 3897 7982 5836 9929 4156 1390 5173 3369 6799 8043 3775 128 7746 2547 913 4090 7783 3290 1424 9689 9720 3783 2629 3165 4748 2281 1877 5542 1149 8806 8979 6821 5213 4582 6320 3356 2854 4118 1444 879 6287 5031 607 7073 9336 9654 6771 9896 213 7360 5385 4325 5830 6391 9894 7015 6338 4756 350 5703 5604 7358 5309 6737 6807 6864 8727 8559 4124 5726 5153 4709 6374 9409 8484 4873
False
False
False
False
False
False
False
9167
2498 7493 4407 423 3615 3844 9865 2988 4541 9517 615 7348 1602 3897 7982 5836 9929 4156 1390 5173 3369 6799 8043 3775 128 7746 2547 913 4090 7783 3290 1424 9689 9720 3783 2629 3165 4748 2281 1877 5542 1149 8806 8979 6821 5213 4582 6320 3356 2854 4118 1444 879 6287 5031 607 7073 9336 9654 6771 9896 213 7360 5385 4325 5830 6391 9894 7015 6338 4756 350 5703 5604 7358 5309 6737 6807 6864 8727 8559 4124 5726 5153 4709 6374 9409 8484 7091 7458 255 9167
9167
91
False
7458
7458
87
False
90
89
False
False
False
2498 7493 4407 423 3615 3844 9865 2988 4541 9517 615 7348 1602 3897 7982 5836 9929 4156 1390 5173 3369 6799 8043 3775 128 7746 2547 913 4090 7783 3290 1424 9689 9720 3783 2629 3165 4748 2281 1877 5542 1149 8806 8979 6821 5213 4582 6320 3356 2854 4118 1444 879 6287 5031 607 7073 9336 9654 6771 9896 213 7360 5385 4325 5830 6391 9894 7015 6338 4756 350 5703 5604 7358 5309 6737 6807 6864 8727 8559 4124 5726 5153 4709 6374 9409 3001
False
False
False
False
90
90
False
70
70
70
90
90
90
2498 7493 4407 423 3615 3844 9865 2988 4541 9517 615 7348 1602 3897 7982 5836 9929 4156 1390 5173 3369 6799 8043 3775 128 7746 2547 913 4090 7783 3290 1424 9689 9720 3783 2629 3165 4748 2281 1877 5542 1149 8806 8979 6821 5213 4582 6320 3356 2854 4118 1444 879 6287 5031 607 7073 9336 9654 6771 9896 213 7360 5385 4325 5830 6391 9894 7015 6338 4756 350 5703 5604 7358 5309 6737 6807 6864 8727 8559 4124 5726 5153 4709 6374 9409 3001 70
89
False
False
False
2498 7493 4407 423 3615 3844 9865 2988 4541 9517 615 7348 1602 3897 7982 5836 9929 4156 1390 5173 3369 6799 8043 3775 128 7746 2547 913 4090 7783 3290 1424 9689 9720 3783 2629 3165 4748 2281 1877 5542 1149 8806 8979 6821 5213 4582 6320 3356 2854 4118 1444 879 6287 5031 607 7073 9336 9654 6771 9896 213 7360 5385 4325 5830 6391 9894 7015 6338 4756 350 5703 5604 7358 5309 6737 6807 6864 8727 8559 4124 5726 5153 4709 6374 9409 3001 70
88
False
3001
False
False
False
87
2498 7493 4407 423 3615 3844 9865 2988 4541 9517 615 7348 1602 3897 7982 5836 9929 4156 1390 5173 3369 6799 8043 3775 128 7746 2547 913 4090 7783 3290 1424 9689 9720 3783 2629 3165 4748 2281 1877 5542 1149 8806 8979 6821 5213 4582 6320 3356 2854 4118 1444 879 6287 5031 607 7073 9336 9654 6771 9896 213 7360 5385 4325 5830 6391 9894 7015 6338 4756 350 5703 5604 7358 5309 6737 6807 6864 8727 8559 4124 5726 5153 4709
2490
4709
2498 7493 4407 423 3615 3844 9865 2988 4541 9517 615 7348 1602 3897 7982 5836 9929 4156 1390 5173 3369 6799 8043 3775 128 7746 2547 913 4090 7783 3290 1424 9689 9720 3783 2629 3165 4748 2281 1877 5542 1149 8806 8979 6821 5213 4582 6320 3356 2854 4118 1444 879 6287 5031 607 7073 9336 9654 6771 9896 213 7360 5385 4325 5830 6391 9894 7015 6338 4756 350 5703 5604 7358 5309 6737 6807 6864 8727 8559 4124 5726 5153 4709
False
False
89
False
2498 7493 4407 423 3615 3844 9865 2988 4541 9517 615 7348 1602 3897 7982 5836 9929 4156 1390 5173 3369 6799 8043 3775 128 7746 2547 913 4090 7783 3290 1424 9689 9720 3783 2629 3165 4748 2281 1877 5542 1149 8806 8979 6821 5213 4582 6320 3356 2854 4118 1444 879 6287 5031 607 7073 9336 9654 6771 9896 213 7360 5385 4325 5830 6391 9894 7015 6338 4756 350 5703 5604 7358 5309 6737 6807 6864 8727 8559 4124 5726 5153 4709 7959 1820 9110
88
2498 7493 4407 423 3615 3844 9865 2988 4541 9517 615 7348 1602 3897 7982 5836 9929 4156 1390 5173 3369 6799 8043 3775 128 7746 2547 913 4090 7783 3290 1424 9689 9720 3783 2629 3165 4748 2281 1877 5542 1149 8806 8979 6821 5213 4582 6320 3356 2854 4118 1444 879 6287 5031 607 7073 9336 9654 6771 9896 213 7360 5385 4325 5830 6391 9894 7015 6338 4756 350 5703 5604 7358 5309 6737 6807 6864 8727 8559 4124 5726 5153 4709 7959
7959
120
2498 7493 4407 423 3615 3844 9865 2988 4541 9517 615 7348 1602 3897 7982 5836 9929 4156 1390 5173 3369 6799 8043 3775 128 7746 2547 913 4090 7783 3290 1424 9689 9720 3783 2629 3165 4748 2281 1877 5542 1149 8806 8979 6821 5213 4582 6320 3356 2854 4118 1444 879 6287 5031 607 7073 9336 9654 6771 9896 213 7360 5385 4325 5830 6391 9894 7015 6338 4756 350 5703 5604 7358 5309 6737 6807 6864 8727 8559 4124 5726 5153 4709 7959
84
2498 7493 4407 423 3615 3844 9865 2988 4541 9517 615 7348 1602 3897 7982 5836 9929 4156 1390 5173 3369 6799 8043 3775 128 7746 2547 913 4090 7783 3290 1424 9689 9720 3783 2629 3165 4748 2281 1877 5542 1149 8806 8979 6821 5213 4582 6320 3356 2854 4118 1444 879 6287 5031 607 7073 9336 9654 6771 9896 213 7360 5385 4325 5830 6391 9894 7015 6338 4756 350 5703 5604 7358 5309 6737 6807 6864 8727 8559 4124
82
False
2498 7493 4407 423 3615 3844 9865 2988 4541 9517 615 7348 1602 3897 7982 5836 9929 4156 1390 5173 3369 6799 8043 3775 128 7746 2547 913 4090 7783 3290 1424 9689 9720 3783 2629 3165 4748 2281 1877 5542 1149 8806 8979 6821 5213 4582 6320 3356 2854 4118 1444 879 6287 5031 607 7073 9336 9654 6771 9896 213 7360 5385 4325 5830 6391 9894 7015 6338 4756 350 5703 5604 7358 5309 6737 6807 6864 8727 5844
2498 7493 4407 423 3615 3844 9865 2988 4541 9517 615 7348 1602 3897 7982 5836 9929 4156 1390 5173 3369 6799 8043 3775 128 7746 2547 913 4090 7783 3290 1424 9689 9720 3783 2629 3165 4748 2281 1877 5542 1149 8806 8979 6821 5213 4582 6320 3356 2854 4118 1444 879 6287 5031 607 7073 9336 9654 6771 9896 213 7360 5385 4325 5830 6391 9894 7015 6338 4756 350 5703 5604 7358 5309 6737 6807 6864 8727 5844
False
2498 7493 4407 423 3615 3844 9865 2988 4541 9517 615 7348 1602 3897 7982 5836 9929 4156 1390 5173 3369 6799 8043 3775 128 7746 2547 913 4090 7783 3290 1424 9689 9720 3783 2629 3165 4748 2281 1877 5542 1149 8806 8979 6821 5213 4582 6320 3356 2854 4118 1444 879 6287 5031 607 7073 9336 9654 6771 9896 213 7360 5385 4325 5830 6391 9894 7015 6338 4756 350 5703 5604 7358 5309 6737 6807 6864 8727 5844
81
8727
False
714
80
2498 7493 4407 423 3615 3844 9865 2988 4541 9517 615 7348 1602 3897 7982 5836 9929 4156 1390 5173 3369 6799 8043 3775 128 7746 2547 913 4090 7783 3290 1424 9689 9720 3783 2629 3165 4748 2281 1877 5542 1149 8806 8979 6821 5213 4582 6320 3356 2854 4118 1444 879 6287 5031 607 7073 9336 9654 6771 9896 213 7360 5385 4325 5830 6391 9894 7015 6338 4756 350 5703 5604 7358 5309 6737 6807 6864 7161 9098
False
80
2498 7493 4407 423 3615 3844 9865 2988 4541 9517 615 7348 1602 3897 7982 5836 9929 4156 1390 5173 3369 6799 8043 3775 128 7746 2547 913 4090 7783 3290 1424 9689 9720 3783 2629 3165 4748 2281 1877 5542 1149 8806 8979 6821 5213 4582 6320 3356 2854 4118 1444 879 6287 5031 607 7073 9336 9654 6771 9896 213 7360 5385 4325 5830 6391 9894 7015 6338 4756 350 5703 5604 7358 5309 6737 6807 6864 7161
False
80
2498 7493 4407 423 3615 3844 9865 2988 4541 9517 615 7348 1602 3897 7982 5836 9929 4156 1390 5173 3369 6799 8043 3775 128 7746 2547 913 4090 7783 3290 1424 9689 9720 3783 2629 3165 4748 2281 1877 5542 1149 8806 8979 6821 5213 4582 6320 3356 2854 4118 1444 879 6287 5031 607 7073 9336 9654 6771 9896 213 7360 5385 4325 5830 6391 9894 7015 6338 4756 350 5703 5604 7358 5309 6737 6807 6864
False
81
False
82
False
False
4108
False
False
85
4949
9768
2498 7493 4407 423 3615 3844 9865 2988 4541 9517 615 7348 1602 3897 7982 5836 9929 4156 1390 5173 3369 6799 8043 3775 128 7746 2547 913 4090 7783 3290 1424 9689 9720 3783 2629 3165 4748 2281 1877 5542 1149 8806 8979 6821 5213 4582 6320 3356 2854 4118 1444 879 6287 5031 607 7073 9336 9654 6771 9896 213 7360 5385 4325 5830 6391 9894 7015 6338 4756 350 5703 5604 7358 5309 6737 6807 6864 7170 3606 9415 4108 9768
9768
2498 7493 4407 423 3615 3844 9865 2988 4541 9517 615 7348 1602 3897 7982 5836 9929 4156 1390 5173 3369 6799 8043 3775 128 7746 2547 913 4090 7783 3290 1424 9689 9720 3783 2629 3165 4748 2281 1877 5542 1149 8806 8979 6821 5213 4582 6320 3356 2854 4118 1444 879 6287 5031 607 7073 9336 9654 6771 9896 213 7360 5385 4325 5830 6391 9894 7015 6338 4756 350 5703 5604 7358 5309 6737 6807 6864 7170 3606 9415 4108 3380
4108
False
83
9415
81
False
80
80
False
False
False
2498 7493 4407 423 3615 3844 9865 2988 4541 9517 615 7348 1602 3897 7982 5836 9929 4156 1390 5173 3369 6799 8043 3775 128 7746 2547 913 4090 7783 3290 1424 9689 9720 3783 2629 3165 4748 2281 1877 5542 1149 8806 8979 6821 5213 4582 6320 3356 2854 4118 1444 879 6287 5031 607 7073 9336 9654 6771 9896 213 7360 5385 4325 5830 6391 9894 7015 6338 4756 350 5703 5604 7358 5309 6737 6807 6864 5162
2569
False
False
False
False
False
81
False
False
6864
6864
2498 7493 4407 423 3615 3844 9865 2988 4541 9517 615 7348 1602 3897 7982 5836 9929 4156 1390 5173 3369 6799 8043 3775 128 7746 2547 913 4090 7783 3290 1424 9689 9720 3783 2629 3165 4748 2281 1877 5542 1149 8806 8979 6821 5213 4582 6320 3356 2854 4118 1444 879 6287 5031 607 7073 9336 9654 6771 9896 213 7360 5385 4325 5830 6391 9894 7015 6338 4756 350 5703 5604 7358 5309 6737 6807 6864
False
False
77
79
False
1855
False
80
2498 7493 4407 423 3615 3844 9865 2988 4541 9517 615 7348 1602 3897 7982 5836 9929 4156 1390 5173 3369 6799 8043 3775 128 7746 2547 913 4090 7783 3290 1424 9689 9720 3783 2629 3165 4748 2281 1877 5542 1149 8806 8979 6821 5213 4582 6320 3356 2854 4118 1444 879 6287 5031 607 7073 9336 9654 6771 9896 213 7360 5385 4325 5830 6391 9894 7015 6338 4756 350 5703 5604 7358 5309 6737 8853
2498 7493 4407 423 3615 3844 9865 2988 4541 9517 615 7348 1602 3897 7982 5836 9929 4156 1390 5173 3369 6799 8043 3775 128 7746 2547 913 4090 7783 3290 1424 9689 9720 3783 2629 3165 4748 2281 1877 5542 1149 8806 8979 6821 5213 4582 6320 3356 2854 4118 1444 879 6287 5031 607 7073 9336 9654 6771 9896 213 7360 5385 4325 5830 6391 9894 7015 6338 4756 350 5703 5604 7358 5309 6737
False
False
False
False
2498 7493 4407 423 3615 3844 9865 2988 4541 9517 615 7348 1602 3897 7982 5836 9929 4156 1390 5173 3369 6799 8043 3775 128 7746 2547 913 4090 7783 3290 1424 9689 9720 3783 2629 3165 4748 2281 1877 5542 1149 8806 8979 6821 5213 4582 6320 3356 2854 4118 1444 879 6287 5031 607 7073 9336 9654 6771 9896 213 7360 5385 4325 5830 6391 9894 7015 6338 4756 350 5703 5604 7358 5309 4011
2498 7493 4407 423 3615 3844 9865 2988 4541 9517 615 7348 1602 3897 7982 5836 9929 4156 1390 5173 3369 6799 8043 3775 128 7746 2547 913 4090 7783 3290 1424 9689 9720 3783 2629 3165 4748 2281 1877 5542 1149 8806 8979 6821 5213 4582 6320 3356 2854 4118 1444 879 6287 5031 607 7073 9336 9654 6771 9896 213 7360 5385 4325 5830 6391 9894 7015 6338 4756 350 5703 5604 7358 5309 4011
False
False
81
False
False
81
2118
False
False
2498 7493 4407 423 3615 3844 9865 2988 4541 9517 615 7348 1602 3897 7982 5836 9929 4156 1390 5173 3369 6799 8043 3775 128 7746 2547 913 4090 7783 3290 1424 9689 9720 3783 2629 3165 4748 2281 1877 5542 1149 8806 8979 6821 5213 4582 6320 3356 2854 4118 1444 879 6287 5031 607 7073 9336 9654 6771 9896 213 7360 5385 4325 5830 6391 9894 7015 6338 4756 350 5703 5604 7358 5309 4011 2676 3631 7706 2118 2007
False
False
False
False
2498 7493 4407 423 3615 3844 9865 2988 4541 9517 615 7348 1602 3897 7982 5836 9929 4156 1390 5173 3369 6799 8043 3775 128 7746 2547 913 4090 7783 3290 1424 9689 9720 3783 2629 3165 4748 2281 1877 5542 1149 8806 8979 6821 5213 4582 6320 3356 2854 4118 1444 879 6287 5031 607 7073 9336 9654 6771 9896 213 7360 5385 4325 5830 6391 9894 7015 6338 4756 350 5703 5604 168
False
2498 7493 4407 423 3615 3844 9865 2988 4541 9517 615 7348 1602 3897 7982 5836 9929 4156 1390 5173 3369 6799 8043 3775 128 7746 2547 913 4090 7783 3290 1424 9689 9720 3783 2629 3165 4748 2281 1877 5542 1149 8806 8979 6821 5213 4582 6320 3356 2854 4118 1444 879 6287 5031 607 7073 9336 9654 6771 9896 213 7360 5385 4325 5830 6391 9894 7015 6338 4756 350 5703 7146 9709 2269 7751 6726
False
False
77
False
2269
2498 7493 4407 423 3615 3844 9865 2988 4541 9517 615 7348 1602 3897 7982 5836 9929 4156 1390 5173 3369 6799 8043 3775 128 7746 2547 913 4090 7783 3290 1424 9689 9720 3783 2629 3165 4748 2281 1877 5542 1149 8806 8979 6821 5213 4582 6320 3356 2854 4118 1444 879 6287 5031 607 7073 9336 9654 6771 9896 213 7360 5385 4325 5830 6391 9894 7015 6338 4756 350 5703 7146 9709
False
False
False
5703
2498 7493 4407 423 3615 3844 9865 2988 4541 9517 615 7348 1602 3897 7982 5836 9929 4156 1390 5173 3369 6799 8043 3775 128 7746 2547 913 4090 7783 3290 1424 9689 9720 3783 2629 3165 4748 2281 1877 5542 1149 8806 8979 6821 5213 4582 6320 3356 2854 4118 1444 879 6287 5031 607 7073 9336 9654 6771 9896 213 7360 5385 4325 5830 6391 9894 7015 6338 4756 350 5703 4294
5703
2498 7493 4407 423 3615 3844 9865 2988 4541 9517 615 7348 1602 3897 7982 5836 9929 4156 1390 5173 3369 6799 8043 3775 128 7746 2547 913 4090 7783 3290 1424 9689 9720 3783 2629 3165 4748 2281 1877 5542 1149 8806 8979 6821 5213 4582 6320 3356 2854 4118 1444 879 6287 5031 607 7073 9336 9654 6771 9896 213 7360 5385 4325 5830 6391 9894 7015 6338 4756 350 5703
2498 7493 4407 423 3615 3844 9865 2988 4541 9517 615 7348 1602 3897 7982 5836 9929 4156 1390 5173 3369 6799 8043 3775 128 7746 2547 913 4090 7783 3290 1424 9689 9720 3783 2629 3165 4748 2281 1877 5542 1149 8806 8979 6821 5213 4582 6320 3356 2854 4118 1444 879 6287 5031 607 7073 9336 9654 6771 9896 213 7360 5385 4325 5830 6391 9894 7015 6338 4756 350
False
2498 7493 4407 423 3615 3844 9865 2988 4541 9517 615 7348 1602 3897 7982 5836 9929 4156 1390 5173 3369 6799 8043 3775 128 7746 2547 913 4090 7783 3290 1424 9689 9720 3783 2629 3165 4748 2281 1877 5542 1149 8806 8979 6821 5213 4582 6320 3356 2854 4118 1444 879 6287 5031 607 7073 9336 9654 6771 9896 213 7360 5385 4325 5830 6391 9894 7015 6338 4756 350 8881
2498 7493 4407 423 3615 3844 9865 2988 4541 9517 615 7348 1602 3897 7982 5836 9929 4156 1390 5173 3369 6799 8043 3775 128 7746 2547 913 4090 7783 3290 1424 9689 9720 3783 2629 3165 4748 2281 1877 5542 1149 8806 8979 6821 5213 4582 6320 3356 2854 4118 1444 879 6287 5031 607 7073 9336 9654 6771 9896 213 7360 5385 4325 5830 6391 9894 7015 6338 4756 350 8537
74
False
False
2498 7493 4407 423 3615 3844 9865 2988 4541 9517 615 7348 1602 3897 7982 5836 9929 4156 1390 5173 3369 6799 8043 3775 128 7746 2547 913 4090 7783 3290 1424 9689 9720 3783 2629 3165 4748 2281 1877 5542 1149 8806 8979 6821 5213 4582 6320 3356 2854 4118 1444 879 6287 5031 607 7073 9336 9654 6771 9896 213 7360 5385 4325 5830 6391 9894 7015 6338 4756 350 8537 5400
5400
2498 7493 4407 423 3615 3844 9865 2988 4541 9517 615 7348 1602 3897 7982 5836 9929 4156 1390 5173 3369 6799 8043 3775 128 7746 2547 913 4090 7783 3290 1424 9689 9720 3783 2629 3165 4748 2281 1877 5542 1149 8806 8979 6821 5213 4582 6320 3356 2854 4118 1444 879 6287 5031 607 7073 9336 9654 6771 9896 213 7360 5385 4325 5830 6391 9894 7015 6338 4756 350 8537 5400
5400
74
False
2498 7493 4407 423 3615 3844 9865 2988 4541 9517 615 7348 1602 3897 7982 5836 9929 4156 1390 5173 3369 6799 8043 3775 128 7746 2547 913 4090 7783 3290 1424 9689 9720 3783 2629 3165 4748 2281 1877 5542 1149 8806 8979 6821 5213 4582 6320 3356 2854 4118 1444 879 6287 5031 607 7073 9336 9654 6771 9896 213 7360 5385 4325 5830 6391 9894 7015 6338 4756 350 8537 5400
8537
2498 7493 4407 423 3615 3844 9865 2988 4541 9517 615 7348 1602 3897 7982 5836 9929 4156 1390 5173 3369 6799 8043 3775 128 7746 2547 913 4090 7783 3290 1424 9689 9720 3783 2629 3165 4748 2281 1877 5542 1149 8806 8979 6821 5213 4582 6320 3356 2854 4118 1444 879 6287 5031 607 7073 9336 9654 6771 9896 213 7360 5385 4325 5830 6391 9894 7015 6338 4756 350 8537
73
74
2498 7493 4407 423 3615 3844 9865 2988 4541 9517 615 7348 1602 3897 7982 5836 9929 4156 1390 5173 3369 6799 8043 3775 128 7746 2547 913 4090 7783 3290 1424 9689 9720 3783 2629 3165 4748 2281 1877 5542 1149 8806 8979 6821 5213 4582 6320 3356 2854 4118 1444 879 6287 5031 607 7073 9336 9654 6771 9896 213 7360 5385 4325 5830 6391 9894 7015 6338 4756 350 8537 6959
2498 7493 4407 423 3615 3844 9865 2988 4541 9517 615 7348 1602 3897 7982 5836 9929 4156 1390 5173 3369 6799 8043 3775 128 7746 2547 913 4090 7783 3290 1424 9689 9720 3783 2629 3165 4748 2281 1877 5542 1149 8806 8979 6821 5213 4582 6320 3356 2854 4118 1444 879 6287 5031 607 7073 9336 9654 6771 9896 213 7360 5385 4325 5830 6391 9894 7015 6338 4756 350 8537 6959
2722
2498 7493 4407 423 3615 3844 9865 2988 4541 9517 615 7348 1602 3897 7982 5836 9929 4156 1390 5173 3369 6799 8043 3775 128 7746 2547 913 4090 7783 3290 1424 9689 9720 3783 2629 3165 4748 2281 1877 5542 1149 8806 8979 6821 5213 4582 6320 3356 2854 4118 1444 879 6287 5031 607 7073 9336 9654 6771 9896 213 7360 5385 4325 5830 6391 9894 7015 6338 4756 350 8537 6959
False
2498 7493 4407 423 3615 3844 9865 2988 4541 9517 615 7348 1602 3897 7982 5836 9929 4156 1390 5173 3369 6799 8043 3775 128 7746 2547 913 4090 7783 3290 1424 9689 9720 3783 2629 3165 4748 2281 1877 5542 1149 8806 8979 6821 5213 4582 6320 3356 2854 4118 1444 879 6287 5031 607 7073 9336 9654 6771 9896 213 7360 5385 4325 5830 6391 9894 7015 6338 4756 350 8537
2498 7493 4407 423 3615 3844 9865 2988 4541 9517 615 7348 1602 3897 7982 5836 9929 4156 1390 5173 3369 6799 8043 3775 128 7746 2547 913 4090 7783 3290 1424 9689 9720 3783 2629 3165 4748 2281 1877 5542 1149 8806 8979 6821 5213 4582 6320 3356 2854 4118 1444 879 6287 5031 607 7073 9336 9654 6771 9896 213 7360 5385 4325 5830 6391 9894 7015 6338 4756 350 8537 9250
False
False
False
False
2498 7493 4407 423 3615 3844 9865 2988 4541 9517 615 7348 1602 3897 7982 5836 9929 4156 1390 5173 3369 6799 8043 3775 128 7746 2547 913 4090 7783 3290 1424 9689 9720 3783 2629 3165 4748 2281 1877 5542 1149 8806 8979 6821 5213 4582 6320 3356 2854 4118 1444 879 6287 5031 607 7073 9336 9654 6771 9896 213 7360 5385 4325 5830 6391 9894 7015 6338 4756 350 4749
73
4749
4749
2498 7493 4407 423 3615 3844 9865 2988 4541 9517 615 7348 1602 3897 7982 5836 9929 4156 1390 5173 3369 6799 8043 3775 128 7746 2547 913 4090 7783 3290 1424 9689 9720 3783 2629 3165 4748 2281 1877 5542 1149 8806 8979 6821 5213 4582 6320 3356 2854 4118 1444 879 6287 5031 607 7073 9336 9654 6771 9896 213 7360 5385 4325 5830 6391 9894 7015 6338 4756 350 4749
350
2498 7493 4407 423 3615 3844 9865 2988 4541 9517 615 7348 1602 3897 7982 5836 9929 4156 1390 5173 3369 6799 8043 3775 128 7746 2547 913 4090 7783 3290 1424 9689 9720 3783 2629 3165 4748 2281 1877 5542 1149 8806 8979 6821 5213 4582 6320 3356 2854 4118 1444 879 6287 5031 607 7073 9336 9654 6771 9896 213 7360 5385 4325 5830 6391 9894 7015 6338 4756 350
2498 7493 4407 423 3615 3844 9865 2988 4541 9517 615 7348 1602 3897 7982 5836 9929 4156 1390 5173 3369 6799 8043 3775 128 7746 2547 913 4090 7783 3290 1424 9689 9720 3783 2629 3165 4748 2281 1877 5542 1149 8806 8979 6821 5213 4582 6320 3356 2854 4118 1444 879 6287 5031 607 7073 9336 9654 6771 9896 213 7360 5385 4325 5830 6391 9894 7015 6338 4756
False
7015
69
False
69
2498 7493 4407 423 3615 3844 9865 2988 4541 9517 615 7348 1602 3897 7982 5836 9929 4156 1390 5173 3369 6799 8043 3775 128 7746 2547 913 4090 7783 3290 1424 9689 9720 3783 2629 3165 4748 2281 1877 5542 1149 8806 8979 6821 5213 4582 6320 3356 2854 4118 1444 879 6287 5031 607 7073 9336 9654 6771 9896 213 7360 5385 4325 5830 6391 9894 7015 852 1460
False
1460
False
1460
False
False
False
72
6968
2498 7493 4407 423 3615 3844 9865 2988 4541 9517 615 7348 1602 3897 7982 5836 9929 4156 1390 5173 3369 6799 8043 3775 128 7746 2547 913 4090 7783 3290 1424 9689 9720 3783 2629 3165 4748 2281 1877 5542 1149 8806 8979 6821 5213 4582 6320 3356 2854 4118 1444 879 6287 5031 607 7073 9336 9654 6771 9896 213 7360 5385 4325 5830 6391 9894 7015 852 1460 6082 6968 6554
2498 7493 4407 423 3615 3844 9865 2988 4541 9517 615 7348 1602 3897 7982 5836 9929 4156 1390 5173 3369 6799 8043 3775 128 7746 2547 913 4090 7783 3290 1424 9689 9720 3783 2629 3165 4748 2281 1877 5542 1149 8806 8979 6821 5213 4582 6320 3356 2854 4118 1444 879 6287 5031 607 7073 9336 9654 6771 9896 213 7360 5385 4325 5830 6391 9894 7015 852 1460 6082 6968
73
False
6968
1460
False
False
2498 7493 4407 423 3615 3844 9865 2988 4541 9517 615 7348 1602 3897 7982 5836 9929 4156 1390 5173 3369 6799 8043 3775 128 7746 2547 913 4090 7783 3290 1424 9689 9720 3783 2629 3165 4748 2281 1877 5542 1149 8806 8979 6821 5213 4582 6320 3356 2854 4118 1444 879 6287 5031 607 7073 9336 9654 6771 9896 213 7360 5385 4325 5830 6391 9894 7015 852 1460 8451
False
2498 7493 4407 423 3615 3844 9865 2988 4541 9517 615 7348 1602 3897 7982 5836 9929 4156 1390 5173 3369 6799 8043 3775 128 7746 2547 913 4090 7783 3290 1424 9689 9720 3783 2629 3165 4748 2281 1877 5542 1149 8806 8979 6821 5213 4582 6320 3356 2854 4118 1444 879 6287 5031 607 7073 9336 9654 6771 9896 213 7360 5385 4325 5830 6391 9894 7015 852
2498 7493 4407 423 3615 3844 9865 2988 4541 9517 615 7348 1602 3897 7982 5836 9929 4156 1390 5173 3369 6799 8043 3775 128 7746 2547 913 4090 7783 3290 1424 9689 9720 3783 2629 3165 4748 2281 1877 5542 1149 8806 8979 6821 5213 4582 6320 3356 2854 4118 1444 879 6287 5031 607 7073 9336 9654 6771 9896 213 7360 5385 4325 5830 3005
False
2498 7493 4407 423 3615 3844 9865 2988 4541 9517 615 7348 1602 3897 7982 5836 9929 4156 1390 5173 3369 6799 8043 3775 128 7746 2547 913 4090 7783 3290 1424 9689 9720 3783 2629 3165 4748 2281 1877 5542 1149 8806 8979 6821 5213 4582 6320 3356 2854 4118 1444 879 6287 5031 607 7073 9336 9654 6771 9896 213 7360 5385 4325
False
False
213
False
61
762
False
60
60
1851
False
False
False
2498 7493 4407 423 3615 3844 9865 2988 4541 9517 615 7348 1602 3897 7982 5836 9929 4156 1390 5173 3369 6799 8043 3775 128 7746 2547 913 4090 7783 3290 1424 9689 9720 3783 2629 3165 4748 2281 1877 5542 1149 8806 8979 6821 5213 4582 6320 3356 2854 4118 1444 879 6287 5031 607
False
56
56
2498 7493 4407 423 3615 3844 9865 2988 4541 9517 615 7348 1602 3897 7982 5836 9929 4156 1390 5173 3369 6799 8043 3775 128 7746 2547 913 4090 7783 3290 1424 9689 9720 3783 2629 3165 4748 2281 1877 5542 1149 8806 8979 6821 5213 4582 6320 3356 2854 4118 1444 879 6287 5031 8475
False
8475
56
False
8947
8947
False
57
57
57
False
2498 7493 4407 423 3615 3844 9865 2988 4541 9517 615 7348 1602 3897 7982 5836 9929 4156 1390 5173 3369 6799 8043 3775 128 7746 2547 913 4090 7783 3290 1424 9689 9720 3783 2629 3165 4748 2281 1877 5542 1149 8806 8979 6821 5213 4582 6320 3356 2854 4118 1444 879 6287 5031 8475 8947 9746
False
59
False
62
7922
63
2498 7493 4407 423 3615 3844 9865 2988 4541 9517 615 7348 1602 3897 7982 5836 9929 4156 1390 5173 3369 6799 8043 3775 128 7746 2547 913 4090 7783 3290 1424 9689 9720 3783 2629 3165 4748 2281 1877 5542 1149 8806 8979 6821 5213 4582 6320 3356 2854 4118 1444 879 6287 5031 8475 8947 6160 2528 5054 8611 7922 3830
False
3830
False
6683
2498 7493 4407 423 3615 3844 9865 2988 4541 9517 615 7348 1602 3897 7982 5836 9929 4156 1390 5173 3369 6799 8043 3775 128 7746 2547 913 4090 7783 3290 1424 9689 9720 3783 2629 3165 4748 2281 1877 5542 1149 8806 8979 6821 5213 4582 6320 3356 2854 4118 1444 879 6287 5031 8475 8947 6160 2528 5054 8611 7922 3830 6683 6788
3070
False
False
1986
71
False
2498 7493 4407 423 3615 3844 9865 2988 4541 9517 615 7348 1602 3897 7982 5836 9929 4156 1390 5173 3369 6799 8043 3775 128 7746 2547 913 4090 7783 3290 1424 9689 9720 3783 2629 3165 4748 2281 1877 5542 1149 8806 8979 6821 5213 4582 6320 3356 2854 4118 1444 879 6287 5031 8475 8947 6160 2528 5054 8611 7922 3830 6683 6788 341 3070 8423 6876
2498 7493 4407 423 3615 3844 9865 2988 4541 9517 615 7348 1602 3897 7982 5836 9929 4156 1390 5173 3369 6799 8043 3775 128 7746 2547 913 4090 7783 3290 1424 9689 9720 3783 2629 3165 4748 2281 1877 5542 1149 8806 8979 6821 5213 4582 6320 3356 2854 4118 1444 879 6287 5031 8475 8947 6160 2528 5054 8611 7922 3830 6683 6788 341 3070 8423 6876
False
False
3070
False
False
2498 7493 4407 423 3615 3844 9865 2988 4541 9517 615 7348 1602 3897 7982 5836 9929 4156 1390 5173 3369 6799 8043 3775 128 7746 2547 913 4090 7783 3290 1424 9689 9720 3783 2629 3165 4748 2281 1877 5542 1149 8806 8979 6821 5213 4582 6320 3356 2854 4118 1444 879 6287 5031 8475 8947 6160 2528 5054 8611 7922 3830 6683 6788 341 521 2291 346
69
69
False
69
69
2498 7493 4407 423 3615 3844 9865 2988 4541 9517 615 7348 1602 3897 7982 5836 9929 4156 1390 5173 3369 6799 8043 3775 128 7746 2547 913 4090 7783 3290 1424 9689 9720 3783 2629 3165 4748 2281 1877 5542 1149 8806 8979 6821 5213 4582 6320 3356 2854 4118 1444 879 6287 5031 8475 8947 6160 2528 5054 8611 7922 3830 6683 6788 341 521 2291 346
2498 7493 4407 423 3615 3844 9865 2988 4541 9517 615 7348 1602 3897 7982 5836 9929 4156 1390 5173 3369 6799 8043 3775 128 7746 2547 913 4090 7783 3290 1424 9689 9720 3783 2629 3165 4748 2281 1877 5542 1149 8806 8979 6821 5213 4582 6320 3356 2854 4118 1444 879 6287 5031 8475 8947 6160 2528 5054 8611 7922 3830 6683 6788 341 521 2291 346 8088
8088
2498 7493 4407 423 3615 3844 9865 2988 4541 9517 615 7348 1602 3897 7982 5836 9929 4156 1390 5173 3369 6799 8043 3775 128 7746 2547 913 4090 7783 3290 1424 9689 9720 3783 2629 3165 4748 2281 1877 5542 1149 8806 8979 6821 5213 4582 6320 3356 2854 4118 1444 879 6287 5031 8475 8947 6160 2528 5054 8611 7922 3830 6683 6788 341 521 2291 346 8088
False
69
71
False
70
2498 7493 4407 423 3615 3844 9865 2988 4541 9517 615 7348 1602 3897 7982 5836 9929 4156 1390 5173 3369 6799 8043 3775 128 7746 2547 913 4090 7783 3290 1424 9689 9720 3783 2629 3165 4748 2281 1877 5542 1149 8806 8979 6821 5213 4582 6320 3356 2854 4118 1444 879 6287 5031 8475 8947 6160 2528 5054 8611 7922 3830 6683 6788 341 521 2291 2216 7790 3589 5867
False
False
3569
7338
False
7338
76
2498 7493 4407 423 3615 3844 9865 2988 4541 9517 615 7348 1602 3897 7982 5836 9929 4156 1390 5173 3369 6799 8043 3775 128 7746 2547 913 4090 7783 3290 1424 9689 9720 3783 2629 3165 4748 2281 1877 5542 1149 8806 8979 6821 5213 4582 6320 3356 2854 4118 1444 879 6287 5031 8475 8947 6160 2528 5054 8611 7922 3830 6683 6788 341 521 2291 2216 7790 6857 9447 449 3569 2615 7338
False
1396
False
6540
2498 7493 4407 423 3615 3844 9865 2988 4541 9517 615 7348 1602 3897 7982 5836 9929 4156 1390 5173 3369 6799 8043 3775 128 7746 2547 913 4090 7783 3290 1424 9689 9720 3783 2629 3165 4748 2281 1877 5542 1149 8806 8979 6821 5213 4582 6320 3356 2854 4118 1444 879 6287 5031 8475 8947 6160 2528 5054 8611 7922 3830 6683 6788 341 521 2291 2216 7790 6857 9447 449 3569 2615 7338 1396
77
2498 7493 4407 423 3615 3844 9865 2988 4541 9517 615 7348 1602 3897 7982 5836 9929 4156 1390 5173 3369 6799 8043 3775 128 7746 2547 913 4090 7783 3290 1424 9689 9720 3783 2629 3165 4748 2281 1877 5542 1149 8806 8979 6821 5213 4582 6320 3356 2854 4118 1444 879 6287 5031 8475 8947 6160 2528 5054 8611 7922 3830 6683 6788 341 521 2291 2216 7790 6857 9447 449 3569 2615 7338
False
False
2498 7493 4407 423 3615 3844 9865 2988 4541 9517 615 7348 1602 3897 7982 5836 9929 4156 1390 5173 3369 6799 8043 3775 128 7746 2547 913 4090 7783 3290 1424 9689 9720 3783 2629 3165 4748 2281 1877 5542 1149 8806 8979 6821 5213 4582 6320 3356 2854 4118 1444 879 6287 5031 8475 8947 6160 2528 5054 8611 7922 3830 6683 6788 341 521 2291 2216 7790 6857 9447 449 3569 2615
9633
76
9633
7192
False
7192
2498 7493 4407 423 3615 3844 9865 2988 4541 9517 615 7348 1602 3897 7982 5836 9929 4156 1390 5173 3369 6799 8043 3775 128 7746 2547 913 4090 7783 3290 1424 9689 9720 3783 2629 3165 4748 2281 1877 5542 1149 8806 8979 6821 5213 4582 6320 3356 2854 4118 1444 879 6287 5031 8475 8947 6160 2528 5054 8611 7922 3830 6683 6788 341 521 2291 2216 7790 6857 9447 449 3569 2615 9633 7192 5547
False
78
False
2588
False
False
2588
6207
False
False
6207
2498 7493 4407 423 3615 3844 9865 2988 4541 9517 615 7348 1602 3897 7982 5836 9929 4156 1390 5173 3369 6799 8043 3775 128 7746 2547 913 4090 7783 3290 1424 9689 9720 3783 2629 3165 4748 2281 1877 5542 1149 8806 8979 6821 5213 4582 6320 3356 2854 4118 1444 879 6287 5031 8475 8947 6160 2528 5054 8611 7922 3830 6683 6788 341 521 2291 2216 7790 6857 9447 449 3569 2615 9633 7192 767 910 2588 3941 6207
2498 7493 4407 423 3615 3844 9865 2988 4541 9517 615 7348 1602 3897 7982 5836 9929 4156 1390 5173 3369 6799 8043 3775 128 7746 2547 913 4090 7783 3290 1424 9689 9720 3783 2629 3165 4748 2281 1877 5542 1149 8806 8979 6821 5213 4582 6320 3356 2854 4118 1444 879 6287 5031 8475 8947 6160 2528 5054 8611 7922 3830 6683 6788 341 521 2291 2216 7790 6857 9447 449 3569 2615 9633 7192 767 910 2588 3941 6207
False
False
6946
False
False
False
6946
9408
83
False
2498 7493 4407 423 3615 3844 9865 2988 4541 9517 615 7348 1602 3897 7982 5836 9929 4156 1390 5173 3369 6799 8043 3775 128 7746 2547 913 4090 7783 3290 1424 9689 9720 3783 2629 3165 4748 2281 1877 5542 1149 8806 8979 6821 5213 4582 6320 3356 2854 4118 1444 879 6287 5031 8475 8947 6160 2528 5054 8611 7922 3830 6683 6788 341 521 2291 2216 7790 6857 9447 449 3569 2615 9633 7192 767 910 2588 3941 3209 9408 1673
1673
6021
2498 7493 4407 423 3615 3844 9865 2988 4541 9517 615 7348 1602 3897 7982 5836 9929 4156 1390 5173 3369 6799 8043 3775 128 7746 2547 913 4090 7783 3290 1424 9689 9720 3783 2629 3165 4748 2281 1877 5542 1149 8806 8979 6821 5213 4582 6320 3356 2854 4118 1444 879 6287 5031 8475 8947 6160 2528 5054 8611 7922 3830 6683 6788 341 521 2291 2216 7790 6857 9447 449 3569 2615 9633 7192 767 910 2588 3941 6021
2498 7493 4407 423 3615 3844 9865 2988 4541 9517 615 7348 1602 3897 7982 5836 9929 4156 1390 5173 3369 6799 8043 3775 128 7746 2547 913 4090 7783 3290 1424 9689 9720 3783 2629 3165 4748 2281 1877 5542 1149 8806 8979 6821 5213 4582 6320 3356 2854 4118 1444 879 6287 5031 8475 8947 6160 2528 5054 8611 7922 3830 6683 6788 341 521 2291 2216 7790 6857 9447 449 3569 2615 9633 7192 767 910 2588 3941 6021
2498 7493 4407 423 3615 3844 9865 2988 4541 9517 615 7348 1602 3897 7982 5836 9929 4156 1390 5173 3369 6799 8043 3775 128 7746 2547 913 4090 7783 3290 1424 9689 9720 3783 2629 3165 4748 2281 1877 5542 1149 8806 8979 6821 5213 4582 6320 3356 2854 4118 1444 879 6287 5031 8475 8947 6160 2528 5054 8611 7922 3830 6683 6788 341 521 2291 2216 7790 6857 9447 449 3569 2615 9633 7192 767 910 2588 3941 6021
6021
False
1383
False
False
2498 7493 4407 423 3615 3844 9865 2988 4541 9517 615 7348 1602 3897 7982 5836 9929 4156 1390 5173 3369 6799 8043 3775 128 7746 2547 913 4090 7783 3290 1424 9689 9720 3783 2629 3165 4748 2281 1877 5542 1149 8806 8979 6821 5213 4582 6320 3356 2854 4118 1444 879 6287 5031 8475 8947 6160 2528 5054 8611 7922 3830 6683 6788 341 521 2291 2216 7790 6857 9447 449 3569 2615 9633 7192 767 910 7330
2498 7493 4407 423 3615 3844 9865 2988 4541 9517 615 7348 1602 3897 7982 5836 9929 4156 1390 5173 3369 6799 8043 3775 128 7746 2547 913 4090 7783 3290 1424 9689 9720 3783 2629 3165 4748 2281 1877 5542 1149 8806 8979 6821 5213 4582 6320 3356 2854 4118 1444 879 6287 5031 8475 8947 6160 2528 5054 8611 7922 3830 6683 6788 341 521 2291 2216 7790 6857 9447 449 3569 2615 9633 7192 767 910 7330
79
False
81
81
82
1181
False
False
2498 7493 4407 423 3615 3844 9865 2988 4541 9517 615 7348 1602 3897 7982 5836 9929 4156 1390 5173 3369 6799 8043 3775 128 7746 2547 913 4090 7783 3290 1424 9689 9720 3783 2629 3165 4748 2281 1877 5542 1149 8806 8979 6821 5213 4582 6320 3356 2854 4118 1444 879 6287 5031 8475 8947 6160 2528 5054 8611 7922 3830 6683 6788 341 521 2291 2216 7790 6857 9447 449 3569 2615 9633 7192 767 910 9471 5807 3300
False
False
5807
False
False
False
9438
1679
9471
2498 7493 4407 423 3615 3844 9865 2988 4541 9517 615 7348 1602 3897 7982 5836 9929 4156 1390 5173 3369 6799 8043 3775 128 7746 2547 913 4090 7783 3290 1424 9689 9720 3783 2629 3165 4748 2281 1877 5542 1149 8806 8979 6821 5213 4582 6320 3356 2854 4118 1444 879 6287 5031 8475 8947 6160 2528 5054 8611 7922 3830 6683 6788 341 521 2291 2216 7790 6857 9447 449 3569 2615 9633 7192 767 910 9471 9570
False
2498 7493 4407 423 3615 3844 9865 2988 4541 9517 615 7348 1602 3897 7982 5836 9929 4156 1390 5173 3369 6799 8043 3775 128 7746 2547 913 4090 7783 3290 1424 9689 9720 3783 2629 3165 4748 2281 1877 5542 1149 8806 8979 6821 5213 4582 6320 3356 2854 4118 1444 879 6287 5031 8475 8947 6160 2528 5054 8611 7922 3830 6683 6788 341 521 2291 2216 7790 6857 9447 449 3569 2615 9633 7192 767 910 9471 9570 1167 3057 6482 5040 205 2890
86
False
False
3171
2498 7493 4407 423 3615 3844 9865 2988 4541 9517 615 7348 1602 3897 7982 5836 9929 4156 1390 5173 3369 6799 8043 3775 128 7746 2547 913 4090 7783 3290 1424 9689 9720 3783 2629 3165 4748 2281 1877 5542 1149 8806 8979 6821 5213 4582 6320 3356 2854 4118 1444 879 6287 5031 8475 8947 6160 2528 5054 8611 7922 3830 6683 6788 341 521 2291 2216 7790 6857 9447 449 3569 2615 9633 7192 767 910 9471 9570 1167 3057 6482 5040 205 3171
87
2498 7493 4407 423 3615 3844 9865 2988 4541 9517 615 7348 1602 3897 7982 5836 9929 4156 1390 5173 3369 6799 8043 3775 128 7746 2547 913 4090 7783 3290 1424 9689 9720 3783 2629 3165 4748 2281 1877 5542 1149 8806 8979 6821 5213 4582 6320 3356 2854 4118 1444 879 6287 5031 8475 8947 6160 2528 5054 8611 7922 3830 6683 6788 341 521 2291 2216 7790 6857 9447 449 3569 2615 9633 7192 767 910 9471 9570 1167 3057 6482 5040 205 3171
False
3171
False
2498 7493 4407 423 3615 3844 9865 2988 4541 9517 615 7348 1602 3897 7982 5836 9929 4156 1390 5173 3369 6799 8043 3775 128 7746 2547 913 4090 7783 3290 1424 9689 9720 3783 2629 3165 4748 2281 1877 5542 1149 8806 8979 6821 5213 4582 6320 3356 2854 4118 1444 879 6287 5031 8475 8947 6160 2528 5054 8611 7922 3830 6683 6788 341 521 2291 2216 7790 6857 9447 449 3569 2615 9633 7192 767 910 9471 9570 1167 3057
False
False
83
False
3057
2498 7493 4407 423 3615 3844 9865 2988 4541 9517 615 7348 1602 3897 7982 5836 9929 4156 1390 5173 3369 6799 8043 3775 128 7746 2547 913 4090 7783 3290 1424 9689 9720 3783 2629 3165 4748 2281 1877 5542 1149 8806 8979 6821 5213 4582 6320 3356 2854 4118 1444 879 6287 5031 8475 8947 6160 2528 5054 8611 7922 3830 6683 6788 341 521 2291 2216 7790 6857 9447 449 3569 2615 9633 7192 767 910 9471 9570 1167 3057 2460 4763
False
89
False
87
6951
2498 7493 4407 423 3615 3844 9865 2988 4541 9517 615 7348 1602 3897 7982 5836 9929 4156 1390 5173 3369 6799 8043 3775 128 7746 2547 913 4090 7783 3290 1424 9689 9720 3783 2629 3165 4748 2281 1877 5542 1149 8806 8979 6821 5213 4582 6320 3356 2854 4118 1444 879 6287 5031 8475 8947 6160 2528 5054 8611 7922 3830 6683 6788 341 521 2291 2216 7790 6857 9447 449 3569 2615 9633 7192 767 910 9471 9570 1167 3057 2460 4763 8481
False
2498 7493 4407 423 3615 3844 9865 2988 4541 9517 615 7348 1602 3897 7982 5836 9929 4156 1390 5173 3369 6799 8043 3775 128 7746 2547 913 4090 7783 3290 1424 9689 9720 3783 2629 3165 4748 2281 1877 5542 1149 8806 8979 6821 5213 4582 6320 3356 2854 4118 1444 879 6287 5031 8475 8947 6160 2528 5054 8611 7922 3830 6683 6788 341 521 2291 2216 7790 6857 9447 449 3569 2615 9633 7192 767 910 9471 9570 1167 3057 2460 4763
False
5008
False
False
2498 7493 4407 423 3615 3844 9865 2988 4541 9517 615 7348 1602 3897 7982 5836 9929 4156 1390 5173 3369 6799 8043 3775 128 7746 2547 913 4090 7783 3290 1424 9689 9720 3783 2629 3165 4748 2281 1877 5542 1149 8806 8979 6821 5213 4582 6320 3356 2854 4118 1444 879 6287 5031 8475 8947 6160 2528 5054 8611 7922 3830 6683 6788 341 521 2291 2216 7790 6857 9447 449 3569 2615 9633 7192 767 910 9471 9570 8696 5008 1236
2498 7493 4407 423 3615 3844 9865 2988 4541 9517 615 7348 1602 3897 7982 5836 9929 4156 1390 5173 3369 6799 8043 3775 128 7746 2547 913 4090 7783 3290 1424 9689 9720 3783 2629 3165 4748 2281 1877 5542 1149 8806 8979 6821 5213 4582 6320 3356 2854 4118 1444 879 6287 5031 8475 8947 6160 2528 5054 8611 7922 3830 6683 6788 341 521 2291 2216 7790 6857 9447 449 3569 2615 9633 7192 767 910 9471 9570 8696 5008 1236
2498 7493 4407 423 3615 3844 9865 2988 4541 9517 615 7348 1602 3897 7982 5836 9929 4156 1390 5173 3369 6799 8043 3775 128 7746 2547 913 4090 7783 3290 1424 9689 9720 3783 2629 3165 4748 2281 1877 5542 1149 8806 8979 6821 5213 4582 6320 3356 2854 4118 1444 879 6287 5031 8475 8947 6160 2528 5054 8611 7922 3830 6683 6788 341 521 2291 2216 7790 6857 9447 449 3569 2615 9633 7192 767 910 9471 9570 8696
86
2498 7493 4407 423 3615 3844 9865 2988 4541 9517 615 7348 1602 3897 7982 5836 9929 4156 1390 5173 3369 6799 8043 3775 128 7746 2547 913 4090 7783 3290 1424 9689 9720 3783 2629 3165 4748 2281 1877 5542 1149 8806 8979 6821 5213 4582 6320 3356 2854 4118 1444 879 6287 5031 8475 8947 6160 2528 5054 8611 7922 3830 6683 6788 341 521 2291 2216 7790 6857 9447 449 3569 2615 9633 7192 767 910 9471 9570 8696 5977 5092 3095 4005 4762 5468
5468
89
89
False
False
88
2498 7493 4407 423 3615 3844 9865 2988 4541 9517 615 7348 1602 3897 7982 5836 9929 4156 1390 5173 3369 6799 8043 3775 128 7746 2547 913 4090 7783 3290 1424 9689 9720 3783 2629 3165 4748 2281 1877 5542 1149 8806 8979 6821 5213 4582 6320 3356 2854 4118 1444 879 6287 5031 8475 8947 6160 2528 5054 8611 7922 3830 6683 6788 341 521 2291 2216 7790 6857 9447 449 3569 2615 9633 7192 767 910 9471 9570 8696 5977 5092 3095 4005 4762 5468
2498 7493 4407 423 3615 3844 9865 2988 4541 9517 615 7348 1602 3897 7982 5836 9929 4156 1390 5173 3369 6799 8043 3775 128 7746 2547 913 4090 7783 3290 1424 9689 9720 3783 2629 3165 4748 2281 1877 5542 1149 8806 8979 6821 5213 4582 6320 3356 2854 4118 1444 879 6287 5031 8475 8947 6160 2528 5054 8611 7922 3830 6683 6788 341 521 2291 2216 7790 6857 9447 449 3569 2615 9633 7192 767 910 9471 9570 8696 5977 5092 3095 4005 4762 5468
2498 7493 4407 423 3615 3844 9865 2988 4541 9517 615 7348 1602 3897 7982 5836 9929 4156 1390 5173 3369 6799 8043 3775 128 7746 2547 913 4090 7783 3290 1424 9689 9720 3783 2629 3165 4748 2281 1877 5542 1149 8806 8979 6821 5213 4582 6320 3356 2854 4118 1444 879 6287 5031 8475 8947 6160 2528 5054 8611 7922 3830 6683 6788 341 521 2291 2216 7790 6857 9447 449 3569 2615 9633 7192 767 910 9471 9570 8696 5977 5092 3095 4005 4762 5468 7873
2498 7493 4407 423 3615 3844 9865 2988 4541 9517 615 7348 1602 3897 7982 5836 9929 4156 1390 5173 3369 6799 8043 3775 128 7746 2547 913 4090 7783 3290 1424 9689 9720 3783 2629 3165 4748 2281 1877 5542 1149 8806 8979 6821 5213 4582 6320 3356 2854 4118 1444 879 6287 5031 8475 8947 6160 2528 5054 8611 7922 3830 6683 6788 341 521 2291 2216 7790 6857 9447 449 3569 2615 9633 7192 767 910 9471 9570 8696 5977 5092 3095 4005 4762 5468 7873 3658 1278
94
3658
False
3749
5872
91
2498 7493 4407 423 3615 3844 9865 2988 4541 9517 615 7348 1602 3897 7982 5836 9929 4156 1390 5173 3369 6799 8043 3775 128 7746 2547 913 4090 7783 3290 1424 9689 9720 3783 2629 3165 4748 2281 1877 5542 1149 8806 8979 6821 5213 4582 6320 3356 2854 4118 1444 879 6287 5031 8475 8947 6160 2528 5054 8611 7922 3830 6683 6788 341 521 2291 2216 7790 6857 9447 449 3569 2615 9633 7192 767 910 9471 9570 8696 5977 5092 3095 4005 4762 5468 7873 3658
False
90
7873
False
9111
91
False
False
2786
6481
2025
93
False
False
False
93
2498 7493 4407 423 3615 3844 9865 2988 4541 9517 615 7348 1602 3897 7982 5836 9929 4156 1390 5173 3369 6799 8043 3775 128 7746 2547 913 4090 7783 3290 1424 9689 9720 3783 2629 3165 4748 2281 1877 5542 1149 8806 8979 6821 5213 4582 6320 3356 2854 4118 1444 879 6287 5031 8475 8947 6160 2528 5054 8611 7922 3830 6683 6788 341 521 2291 2216 7790 6857 9447 449 3569 2615 9633 7192 767 910 9471 9570 8696 5977 5092 3095 4005 4762 5468 7873 9111 2025 8997 8916
False
False
2498 7493 4407 423 3615 3844 9865 2988 4541 9517 615 7348 1602 3897 7982 5836 9929 4156 1390 5173 3369 6799 8043 3775 128 7746 2547 913 4090 7783 3290 1424 9689 9720 3783 2629 3165 4748 2281 1877 5542 1149 8806 8979 6821 5213 4582 6320 3356 2854 4118 1444 879 6287 5031 8475 8947 6160 2528 5054 8611 7922 3830 6683 6788 341 521 2291 2216 7790 6857 9447 449 3569 2615 9633 7192 767 910 9471 9570 8696 5977 5092 3095 4005 4762 5468 7873 9111 2025
91
False
False
90
False
2498 7493 4407 423 3615 3844 9865 2988 4541 9517 615 7348 1602 3897 7982 5836 9929 4156 1390 5173 3369 6799 8043 3775 128 7746 2547 913 4090 7783 3290 1424 9689 9720 3783 2629 3165 4748 2281 1877 5542 1149 8806 8979 6821 5213 4582 6320 3356 2854 4118 1444 879 6287 5031 8475 8947 6160 2528 5054 8611 7922 3830 6683 6788 341 521 2291 2216 7790 6857 9447 449 3569 2615 9633 7192 767 910 9471 9570 8696 5977 5092 3095 4005 4762 5468 7873 4754
4754
4291
4291
4754
False
False
2498 7493 4407 423 3615 3844 9865 2988 4541 9517 615 7348 1602 3897 7982 5836 9929 4156 1390 5173 3369 6799 8043 3775 128 7746 2547 913 4090 7783 3290 1424 9689 9720 3783 2629 3165 4748 2281 1877 5542 1149 8806 8979 6821 5213 4582 6320 3356 2854 4118 1444 879 6287 5031 8475 8947 6160 2528 5054 8611 7922 3830 6683 6788 341 521 2291 2216 7790 6857 9447 449 3569 2615 9633 7192 767 910 9471 9570 8696 5977 5092 3095 4005 4762 5468 7873
7873
7873
False
2498 7493 4407 423 3615 3844 9865 2988 4541 9517 615 7348 1602 3897 7982 5836 9929 4156 1390 5173 3369 6799 8043 3775 128 7746 2547 913 4090 7783 3290 1424 9689 9720 3783 2629 3165 4748 2281 1877 5542 1149 8806 8979 6821 5213 4582 6320 3356 2854 4118 1444 879 6287 5031 8475 8947 6160 2528 5054 8611 7922 3830 6683 6788 341 521 2291 2216 7790 6857 9447 449 3569 2615 9633 7192 767 910 9471 9570 8696 5977 5092 3095 4005 4762
False
False
False
2498 7493 4407 423 3615 3844 9865 2988 4541 9517 615 7348 1602 3897 7982 5836 9929 4156 1390 5173 3369 6799 8043 3775 128 7746 2547 913 4090 7783 3290 1424 9689 9720 3783 2629 3165 4748 2281 1877 5542 1149 8806 8979 6821 5213 4582 6320 3356 2854 4118 1444 879 6287 5031 8475 8947 6160 2528 5054 8611 7922 3830 6683 6788 341 521 2291 2216 7790 6857 9447 449 3569 2615 9633 7192 767 910 9471 9570 8696 5977 5092 3095
