False
3693
False
False
False
False
2
1
False
False
False
4
6111
False
False
False
False
4
False
3
False
False
False
False
5
False
3693 1626 6309
False
6309
3
3693 1626 6309
0
Empty
Empty
Empty
3751
1
3751
True
Empty

0
True
False
True
0
False
False
False
7093
7093
False
1
False
1
7093
Empty
True
Empty
Empty
False
False
False
1890 1917

Empty

False
2
2
1654
False
False
6756
1
0
False
6858
6858
6858
False
False
1
False
2
0
0

Empty
0
0
True
False

Empty
False
1

Empty
False
7345 1340
7345 1340
False
7345
Empty
Empty
0
9553
9553
True
False

False
1
Empty
Empty
0


Empty
Empty
Empty
Empty
False
Empty
Empty

False
False
35
35
611
611
False
1935
1935
5
False
5907 611 8379 1935 9589
6
False
6
5907 611 8379 1935 9589 5859
False
False
5907 611 8379 1935 9589 5859 3639
False
8
False
False
False
False
6
1425
5907 611 8379 1935 7394 1425
False
1425
False
False
6
5907 611 8379 1935 7394 8797 8223
False
3874
False
8223
5907 611 8379 1935 7394
5
5
5
False
False
5907 611 8379 1935 7394 2865
5907 611 8379 1935 7394 2865
False
7545
False
5907 611 8379 1935 7394 2865 9870 3430 7545
False
False
False
9
7545
7545
5907 611 8379 1935 7394 2865 9870 3430 7545
7
1935
False
False
False
949
949
2506
5907 611 8379 1935 949 2546 2506
6
2546
6
False
9
False
9
False
False
False
794
5907 611 8379 1935 949 2546 794
794
False
False
False
5907 611 8379 1935 949 2546 794 9908 130
False
9
5907 611 8379 1935 949 2546 8150
False
5907 611 8379 1935 949 3346
6
1935
1935
5907 611 8379 1935
5
9376
False
5907 611 8379 9376 6563
5907 611 8379 9376 6563
5907 611 8379 9376
2952
2952
False
False
5907 611 8379 9376 2952 6926
False
6867
6867
False
False
5907 611 8379 9376 2952 6926 4670 1948
5907 611 8379 9376 2952 6926 4670 1948
False
5907 611 8379 9376 2952 6926 4670
7
4670
6
False
5907 611 8379 9376 2952
2952
False
5
7620
5907 611 8379 9376 2952
3640
False
5907 611 8379 9376 2952 3640
5907 611 8379 9376 2952 3640
5907 611 8379 9376 2952 3640
7
False
6
3640
False
5907 611 8379 9376 2952 3640
False
2952
False
2655
5907 611 8379 9376 2655
5
5907 611 8379 9376 2655 8693
False
5907 611 8379 9376 2655 8693
5907 611 8379 9376
5907 611 8379 9376
5907 611 8379 9376
False
5907 611
611
False

905 6963
6963
False
2
False
False
905 6963 747 825 72
False
False
905 6963 747 825 72 9483
905 6963 747 825 72 4719
False
4719
905 6963 747 825 72 4719
905 6963 747 825 72 4719
6
False
False
False
2121
2121
905 6963 747 825 72 4719
905 6963 747 825 72 4719 5157
905 6963 747 825 72 4719 5157
905 6963 747 825 72 4719 5157
12
3942
3942
9
False
False
905 6963 747 825 72 4719 5157
5157
False
8485
False
False
False
8
False
False
3166
1882
False
3166
905 6963 747 825 72 4719 5157 3166
905 6963 747 825 72 4719 5157 3166
3166
3594
False
3594
9
905 6963 747 825 72 4719 5157 3166 3594 2842
False
7138
False
3594
False
9
1074
8
6628
6628
False
770
905 6963 747 825 72 4719 1074 6628 5205 770 717
False
905 6963 747 825 72 4719 1074 6628 5205 770 717
717
905 6963 747 825 72 4719 1074 6628 5205 770
905 6963 747 825 72 4719 1074 6628 5205
False
11
905 6963 747 825 72 4719 1074 6628 5205 5241 6771 2953
False
False
False
False
18
False
19
19
16
False
False
5539
False
False
False
False
7538
False
16
16
False
False
3009
False
905 6963 747 825 72 4719 1074 6628 5205 5241 6771 2953 5667
13
905 6963 747 825 72 4719 1074 6628 5205 5241 6771 2953 5667
5667
False
False
905 6963 747 825 72 4719 1074 6628 5205 5241 6771
6771
False
False
False
False
False
False
False
964
964
964
False
False
False
False
False
False
False
False
905 6963 747 825 72 4719 1074 6628 5205 3398
False
False
4237
905 6963 747 825 72 4719 1074 6628 5205 3398 8599 2078 4237 7188
False
905 6963 747 825 72 4719 1074 6628 5205 3398 8599 2078
2078
14
False
15
905 6963 747 825 72 4719 1074 6628 5205 3398 8599 2078 1290 7684 9356
False
False
False
False
False
13
False
False
905 6963 747 825 72 4719 1074 6628 5205 3398 8599 2078 1290 2960 9633
905 6963 747 825 72 4719 1074 6628 5205 3398 8599 2078 1290 2960
False
False
905 6963 747 825 72 4719 1074 6628 5205 3398 8599 2078 1290 2960
False
False
1290
False
False
False
8599
False
223
False
False
3398
10
7780
False
False
905 6963 747 825 72 4719 1074 6628 6230
False
False
6230
False
6230
False
False
9
905 6963 747 825 72 4719 1074 6628 6230 3631 9396
False
False
5175
905 6963 747 825 72 4719 1074 6628 6230 3631 9396 1361
905 6963 747 825 72 4719 1074 6628 6230 3631
False
False
905 6963 747 825 72 4719 1074 6628 6230 3631 2155
10
905 6963 747 825 72 4719 1074 6628 6230 3631
False
False
False
False
False
False
False
10
False
8176
False
10
10
905 6963 747 825 72 4719 7320 59 3539 9189
False
False
False
10
False
9189
False
10
False
False
7
10
10
1339
False
False
False
12
False
905 6963 747 825 72 4719 7320 7359 1633 2045 1339 4034 2773 5954
False
False
False
15
905 6963 747 825 72 4719 7320 7359 1633 2045 1339 4034 4174 1348 2050
2050
15
6188
6188
False
False
15
905 6963 747 825 72 4719 7320 7359 1633 2045 1339 4034 4174 1348 2050
False
14
False
False
False
9833
False
905 6963 747 825 72 4719 7320 7359 1633 2045 1339 4034 8463 2885 9833
False
False
905 6963 747 825 72 4719 7320 7359 1633 2045 1339 4034 8463 2885
9130
7640
False
905 6963 747 825 72 4719 7320 7359 1633 2045 1339 4034 7640 7064
False
False
12
4034
False
2045
False
False
False
3807
905 6963 747 825 72 4719 7320 7359 1633 3468 9933 3807
False
False
905 6963 747 825 72 4719 7320 7359 1633 3468 9933
False
10
9
False
905 6963 747 825 72 4719 7320 7359 1633
False
7359
9
905 6963 747 825 72 4719 7320 4749 8515
9
9
905 6963 747 825 72 4719 7320 4749
False
False
7397
False
False
False
9
905 6963 747 825 72 4719 7320
5163
5163
8
False
8277
False
905 6963 747 825 72 9114 5163 8277
905 6963 747 825 72 9114 5163 8277 9159 5515
9159
8277
905 6963 747 825 72 9114 5163 8277
8277
905 6963 747 825 72 9114 5163
False
False
False
2203
False
False
212
5163
905 6963 747 825 72 9114 5163
8
8
905 6963 747 825 72 9114 5163 9447
7
9631
4966
5
False
905 6963 747 825 72 3471
False
False
6
905 6963 747 825 72 3471 3130 2469
False
9
False
3413
3413
9
False
3413
3413
False
2469
False
9
False
905 6963 747 825 72 8711 3031
3031
False
False
False
False
905 6963 747 825 72 8711 2770
2770
7
2770
2770
False
6
1703
72
5
3196
6
5183
False
5183
False
6
False
5
905 6963 747 825 7695
3626
3626
False
1906
7
False
False
False
905 6963 747 825 7695 2458 3626
False
905 6963 747 825 7695 2458 3626 6710
8
905 6963 747 825 7695 2458 3626 6710
False
6
False
8314
False
6
905 6963 747 825 7695 8314
8314
7695
False
False
905
905
1
905
905
905
905
True
0

Empty


2972
Empty
0
Empty
False
Empty


Empty


5721
1
Empty
0
Empty
True
False
True
False
1
5214 3958
False
2
False
0
True
True
Empty

1

False
True
True
Empty

Empty
Empty
False
1
2412
True
Empty
True
7980
False
False
Empty
False
7173 9091
False
False
7173 9091 2317
9091
2
9091
5768
7173 9091 6868
False
False
4632
7173 9091 6868 4632 8253 1795 3274
157
False
False
False
6
False
False
False
2
2
False
2
7173 9091
2
False
7173
7173
2
Empty

False
Empty

Empty
False
False
Empty
False
0
True
2
7046
False
2
2
False
4541
4541
4541
Empty
2584
True
6904
6904
True
0

False
5067
5067
False
0
True
Empty
False
7664
2
False
2
False
False
1
False
4138
1
1
9024
False
7
False
6179 3849 9024 8800 1543 7123 3273
False
6
7
False
False
6179 3849 9024 8800 1543 7123
6179 3849 9024 8800 1543 7123
False
6179 3849 9024 8800 1543 7123 8232
8232
False
8
False
8
1941
1941
False
False
9183
3412
6179 3849 9024 8800 1543 7123 9183 5832 3412
3412
6179 3849 9024 8800 1543 7123 9183 5832 3412
6179 3849 9024 8800 1543 7123 9183 5832 3412
False
False
6179 3849 9024 8800 1543 7123 9183
7123
6179 3849 9024 8800 1543 7123
3157
3157
False
7
5174
False
5174
False
False
6179 3849 9024 8800 1543 3157 7427 5174 1021 9906
7427
7427
False
6179 3849 9024 8800 1543 3157 7427
7427
False
3157
False
1543
False
4
4
3849
False
6179
True

False
Empty
True
Empty
Empty
0
1
1
True
False
False
Empty
0
4881
4881
3
False
False
False
5915 4881 350
False
1
1
1
1
1
5915
5915 2641
False
2261
3
3
False
False
False
False
4
False
4
3
2641
5915 2641
5915 2641
False
4
5217
False
5915 2641 3840 5217 3352
False
False
5915 2641 3840 5217 3352 9551 4013 2162
False
False
2162
5915 2641 3840 5217 3352 9551 4013 2162
False
7592
7592
False
8
False
5915 2641 3840 5217 3352 9551 4013 8319
4013
7772
7772
False
5915 2641 3840 5217 3352 9551 4013 7772
7772
False
False
False
7772
False
False
5915 2641 3840 5217 3352 9551 4013 7772 3224 53
False
8795
7772
7
False
7
False
5915 2641 3840 5217 3352 9551 6193
5915 2641 3840 5217 3352 9551
False
False
False
6
False
6
False
6
5915 2641 3840 5217 3352 3780 1327
False
5915 2641 3840 5217 3352 3780 1327 1824
8
1824
5915 2641 3840 5217 3352 3780 1327 1824 5010
5915 2641 3840 5217 3352 3780 1327 1824 5010
9
9473
9473
5915 2641 3840 5217 3352 3780 1327 1824 8779 9473
10
10
5915 2641 3840 5217 3352 3780 1327 1824 8779 8410
8410
False
False
10
10
5915 2641 3840 5217 3352 3780 1327 1824 8779 838
5915 2641 3840 5217 3352 3780 1327 1824 8779 838 3950 9805 8765
5915 2641 3840 5217 3352 3780 1327 1824 8779 838 3950 9805 8765
8765
8765
13
13
False
5915 2641 3840 5217 3352 3780 1327 1824 8779 838 3950 9805 8765
14
False
False
False
16
False
17
False
False
False
5551
5915 2641 3840 5217 3352 3780 1327 1824 8779 838 3950 9805 8765 7749 4493 6830 168 5551
False
5915 2641 3840 5217 3352 3780 1327 1824 8779 838 3950 9805 8765 7749 4493 6830 168 5551 1660 8824
5915 2641 3840 5217 3352 3780 1327 1824 8779 838 3950 9805 8765 7749 4493 6830 168 5551 1660 8824
False
2497
False
20
20
False
False
False
False
5551
False
False
17
5915 2641 3840 5217 3352 3780 1327 1824 8779 838 3950 9805 8765 7749 4493 6830 168 4303 1106
False
4303
18
False
False
5915 2641 3840 5217 3352 3780 1327 1824 8779 838 3950 9805 8765 7749 4493 6830 168 2159 4980
18
False
False
20
5915 2641 3840 5217 3352 3780 1327 1824 8779 838 3950 9805 8765 7749 4493 6830 168 2159 1978
9812
False
19
False
False
19
False
21
False
False
5915 2641 3840 5217 3352 3780 1327 1824 8779 838 3950 9805 8765 7749 4493 6830 168 2159 540 3071 4930
False
3673
5915 2641 3840 5217 3352 3780 1327 1824 8779 838 3950 9805 8765 7749 4493 6830 168 2159 540 3071
False
3071
2441
False
False
False
False
False
540
18
6575
6575
False
6575
False
3605
5915 2641 3840 5217 3352 3780 1327 1824 8779 838 3950 9805 8765 7749 4493 6830 168 6985 3605
False
False
False
4493
False
5915 2641 3840 5217 3352 3780 1327 1824 8779 838 3950 9805 8765 7749 4564
5915 2641 3840 5217 3352 3780 1327 1824 8779 838 3950 9805 8765 7749 4564
16
361
5915 2641 3840 5217 3352 3780 1327 1824 8779 838 3950 9805 8765 7749 4564 361
4564
4564
False
16
False
False
9629
False
5915 2641 3840 5217 3352 3780 1327 1824 8779 838 3950 9805 8765 7749 4564 2099 9629
False
5915 2641 3840 5217 3352 3780 1327 1824 8779 838 3950 9805 8765 7749 4564 2099 9629
9629
False
17
5915 2641 3840 5217 3352 3780 1327 1824 8779 838 3950 9805 8765 7749 4564 2099 9629 8918 965
5915 2641 3840 5217 3352 3780 1327 1824 8779 838 3950 9805 8765 7749 4564 2099 9629
False
16
2099
216
16
14
7749
14
False
False
5915 2641 3840 5217 3352 3780 1327 1824 8779 838 3950 9805 8765 7749
8942
5915 2641 3840 5217 3352 3780 1327 1824 8779 838 3950 9805 3524 8724 8942
5915 2641 3840 5217 3352 3780 1327 1824 8779 838 3950 9805 3524 8724 8942 8754
8754
8754
False
8754
8754
False
False
False
False
False
15
5915 2641 3840 5217 3352 3780 1327 1824 8779 838 3950 9805 3524 8724 8942
False
5915 2641 3840 5217 3352 3780 1327 1824 8779 838 3950 9805 3524 8724 8942 3925
16
False
16
17
18
5915 2641 3840 5217 3352 3780 1327 1824 8779 838 3950 9805 3524 8724 8942 3925 3304 5334 1460
False
False
False
5424
20
False
20
False
5915 2641 3840 5217 3352 3780 1327 1824 8779 838 3950 9805 3524 8724 8942 3925 3304 5334 1460 5424
5424
5424
False
5915 2641 3840 5217 3352 3780 1327 1824 8779 838 3950 9805 3524 8724 8942 3925 3304 5334 1460
False
False
False
False
False
False
3304
False
5915 2641 3840 5217 3352 3780 1327 1824 8779 838 3950 9805 3524 8724 8942 3925 702
16
17
3170
False
False
5915 2641 3840 5217 3352 3780 1327 1824 8779 838 3950 9805 3524 8724 8942 3925 3170 896 9637 7735
3170
3170
3170
False
1797
False
False
3925
False
False
5915 2641 3840 5217 3352 3780 1327 1824 8779 838 3950 9805 3524 8724 9787 1572
16
8355
5915 2641 3840 5217 3352 3780 1327 1824 8779 838 3950 9805 3524 8724 9787 1572 8355
False
False
False
False
False
18
False
18
1990
18
False
6893
19
1990
False
False
5322
False
5915 2641 3840 5217 3352 3780 1327 1824 8779 838 3950 9805 3524 8724 9787 1572 6670 5322 1651
5915 2641 3840 5217 3352 3780 1327 1824 8779 838 3950 9805 3524 8724 9787 1572 6670 5322 1651
6643
5915 2641 3840 5217 3352 3780 1327 1824 8779 838 3950 9805 3524 8724 9787 1572 6670 5322 6643
5915 2641 3840 5217 3352 3780 1327 1824 8779 838 3950 9805 3524 8724 9787 1572 6670 5322 6643
18
19
19
False
False
3783
5915 2641 3840 5217 3352 3780 1327 1824 8779 838 3950 9805 3524 8724 9787 1572 6670 5322 9378 3783
1080
3783
20
3783
20
5915 2641 3840 5217 3352 3780 1327 1824 8779 838 3950 9805 3524 8724 9787 1572 6670 5322 9378 3783 3349
False
4965
False
False
3783
5915 2641 3840 5217 3352 3780 1327 1824 8779 838 3950 9805 3524 8724 9787 1572 6670 5322 9378 3783
False
9378
False
5915 2641 3840 5217 3352 3780 1327 1824 8779 838 3950 9805 3524 8724 9787 1572 6670 5322
False
16
5915 2641 3840 5217 3352 3780 1327 1824 8779 838 3950 9805 3524 8724 9787 1572 1569
False
17
19
False
1965
5915 2641 3840 5217 3352 3780 1327 1824 8779 838 3950 9805 3524 228 1318 8080
False
8080
5915 2641 3840 5217 3352 3780 1327 1824 8779 838 3950 9805 3524 228 1318 8080
5915 2641 3840 5217 3352 3780 1327 1824 8779 838 3950 9805 3524 228 1318
False
5915 2641 3840 5217 3352 3780 1327 1824 8779 838 3950 9805 3524 228 1318
False
False
15
False
1318
1318
637
False
17
7069
False
3081
3081
False
False
5915 2641 3840 5217 3352 3780 1327 1824 8779 838 3950 9805 3524 228 1318 6182 637 7069 3566 6976 1770 3081
False
False
False
False
False
3495
26
5915 2641 3840 5217 3352 3780 1327 1824 8779 838 3950 9805 3524 228 1318 6182 637 7069 3566 6976 1770 3081 3352 3495 912 7826 8777 6619
28
5915 2641 3840 5217 3352 3780 1327 1824 8779 838 3950 9805 3524 228 1318 6182 637 7069 3566 6976 1770 3081 3352 3495 912 7826 8777 6619
5915 2641 3840 5217 3352 3780 1327 1824 8779 838 3950 9805 3524 228 1318 6182 637 7069 3566 6976 1770 3081 3352 3495 912 7826 8777 6619
False
False
False
5915 2641 3840 5217 3352 3780 1327 1824 8779 838 3950 9805 3524 228 1318 6182 637 7069 3566 6976 1770 3081 3352 3495 912 7826 8777 6619 8353 949 1934
949
5915 2641 3840 5217 3352 3780 1327 1824 8779 838 3950 9805 3524 228 1318 6182 637 7069 3566 6976 1770 3081 3352 3495 912 7826 8777 6619 8353 949
5915 2641 3840 5217 3352 3780 1327 1824 8779 838 3950 9805 3524 228 1318 6182 637 7069 3566 6976 1770 3081 3352 3495 912 7826 8777 6619 8353 949
False
28
30
3562
5158
False
False
5915 2641 3840 5217 3352 3780 1327 1824 8779 838 3950 9805 3524 228 1318 6182 637 7069 3566 6976 1770 3081 3352 3495 912 7826 8777 6619 1644
False
False
6930
29
5915 2641 3840 5217 3352 3780 1327 1824 8779 838 3950 9805 3524 228 1318 6182 637 7069 3566 6976 1770 3081 3352 3495 912 7826 8777 6619 6930
False
6930
28
False
5915 2641 3840 5217 3352 3780 1327 1824 8779 838 3950 9805 3524 228 1318 6182 637 7069 3566 6976 1770 3081 3352 3495 912 7826 8777
False
27
False
5642
5915 2641 3840 5217 3352 3780 1327 1824 8779 838 3950 9805 3524 228 1318 6182 637 7069 3566 6976 1770 3081 3352 3495 912 7826 8777 5642 5210
False
False
122
False
False
5915 2641 3840 5217 3352 3780 1327 1824 8779 838 3950 9805 3524 228 1318 6182 637 7069 3566 6976 1770 3081 3352 3495 912 7826 8777 5642 3402 859
False
False
False
33
2235
5915 2641 3840 5217 3352 3780 1327 1824 8779 838 3950 9805 3524 228 1318 6182 637 7069 3566 6976 1770 3081 3352 3495 912 7826 8777 5642 3402 859 6173 8654 5648 2235
35
False
False
False
35
5915 2641 3840 5217 3352 3780 1327 1824 8779 838 3950 9805 3524 228 1318 6182 637 7069 3566 6976 1770 3081 3352 3495 912 7826 8777 5642 3402 859 6173 8654 5648 2235 8493
5915 2641 3840 5217 3352 3780 1327 1824 8779 838 3950 9805 3524 228 1318 6182 637 7069 3566 6976 1770 3081 3352 3495 912 7826 8777 5642 3402 859 6173 8654 5648 2235 8493
5915 2641 3840 5217 3352 3780 1327 1824 8779 838 3950 9805 3524 228 1318 6182 637 7069 3566 6976 1770 3081 3352 3495 912 7826 8777 5642 3402 859 6173 8654 5648 2235 8493
False
8493
8493
False
2235
34
5915 2641 3840 5217 3352 3780 1327 1824 8779 838 3950 9805 3524 228 1318 6182 637 7069 3566 6976 1770 3081 3352 3495 912 7826 8777 5642 3402 859 6173 8654 5648 2235
5915 2641 3840 5217 3352 3780 1327 1824 8779 838 3950 9805 3524 228 1318 6182 637 7069 3566 6976 1770 3081 3352 3495 912 7826 8777 5642 3402 859 6173 8654 5648 2235
8449
3653
3653
5915 2641 3840 5217 3352 3780 1327 1824 8779 838 3950 9805 3524 228 1318 6182 637 7069 3566 6976 1770 3081 3352 3495 912 7826 8777 5642 3402 859 6173 8654 5648 2235 8449 3653
36
False
False
5915 2641 3840 5217 3352 3780 1327 1824 8779 838 3950 9805 3524 228 1318 6182 637 7069 3566 6976 1770 3081 3352 3495 912 7826 8777 5642 3402 859 6173 8654 5648 2235 8449 3653 8244
False
8244
False
False
8244
False
9074
5915 2641 3840 5217 3352 3780 1327 1824 8779 838 3950 9805 3524 228 1318 6182 637 7069 3566 6976 1770 3081 3352 3495 912 7826 8777 5642 3402 859 6173 8654 5648 2235 8449 3653 9074
37
5994
5915 2641 3840 5217 3352 3780 1327 1824 8779 838 3950 9805 3524 228 1318 6182 637 7069 3566 6976 1770 3081 3352 3495 912 7826 8777 5642 3402 859 6173 8654 5648 2235 8449 3653 9074 5994 9720
False
5915 2641 3840 5217 3352 3780 1327 1824 8779 838 3950 9805 3524 228 1318 6182 637 7069 3566 6976 1770 3081 3352 3495 912 7826 8777 5642 3402 859 6173 8654 5648 2235 8449 3653 9074 5994 9720 5331
9720
5915 2641 3840 5217 3352 3780 1327 1824 8779 838 3950 9805 3524 228 1318 6182 637 7069 3566 6976 1770 3081 3352 3495 912 7826 8777 5642 3402 859 6173 8654 5648 2235 8449 3653 9074 5994 9720
39
9720
5915 2641 3840 5217 3352 3780 1327 1824 8779 838 3950 9805 3524 228 1318 6182 637 7069 3566 6976 1770 3081 3352 3495 912 7826 8777 5642 3402 859 6173 8654 5648 2235 8449 3653 9074 5994 9720
38
False
39
False
False
5915 2641 3840 5217 3352 3780 1327 1824 8779 838 3950 9805 3524 228 1318 6182 637 7069 3566 6976 1770 3081 3352 3495 912 7826 8777 5642 3402 859 6173 8654 5648 2235 8449 3653 9074 5994 926 840
3053
5915 2641 3840 5217 3352 3780 1327 1824 8779 838 3950 9805 3524 228 1318 6182 637 7069 3566 6976 1770 3081 3352 3495 912 7826 8777 5642 3402 859 6173 8654 5648 2235 8449 3653 9074 5994 926 840 3053
False
5915 2641 3840 5217 3352 3780 1327 1824 8779 838 3950 9805 3524 228 1318 6182 637 7069 3566 6976 1770 3081 3352 3495 912 7826 8777 5642 3402 859 6173 8654 5648 2235 8449 3653 9074 5994 926 840 3053
False
6810
840
40
False
41
5915 2641 3840 5217 3352 3780 1327 1824 8779 838 3950 9805 3524 228 1318 6182 637 7069 3566 6976 1770 3081 3352 3495 912 7826 8777 5642 3402 859 6173 8654 5648 2235 8449 3653 9074 5994 926 5906 1618
3530
False
False
5915 2641 3840 5217 3352 3780 1327 1824 8779 838 3950 9805 3524 228 1318 6182 637 7069 3566 6976 1770 3081 3352 3495 912 7826 8777 5642 3402 859 6173 8654 5648 2235 8449 3653 9074 5994 926 5906 1618 4133 3530 8809
43
5915 2641 3840 5217 3352 3780 1327 1824 8779 838 3950 9805 3524 228 1318 6182 637 7069 3566 6976 1770 3081 3352 3495 912 7826 8777 5642 3402 859 6173 8654 5648 2235 8449 3653 9074 5994 926 5906 1618 4133 3530
7569
3243
46
5915 2641 3840 5217 3352 3780 1327 1824 8779 838 3950 9805 3524 228 1318 6182 637 7069 3566 6976 1770 3081 3352 3495 912 7826 8777 5642 3402 859 6173 8654 5648 2235 8449 3653 9074 5994 926 5906 1618 4133 3530 7569 9306
47
7319
False
False
False
9655
False
False
False
False
1561
5915 2641 3840 5217 3352 3780 1327 1824 8779 838 3950 9805 3524 228 1318 6182 637 7069 3566 6976 1770 3081 3352 3495 912 7826 8777 5642 3402 859 6173 8654 5648 2235 8449 3653 9074 5994 926 5906 1618 4133 3530 7569 9306 9224
46
46
False
42
5915 2641 3840 5217 3352 3780 1327 1824 8779 838 3950 9805 3524 228 1318 6182 637 7069 3566 6976 1770 3081 3352 3495 912 7826 8777 5642 3402 859 6173 8654 5648 2235 8449 3653 9074 5994 926 5906
False
False
5915 2641 3840 5217 3352 3780 1327 1824 8779 838 3950 9805 3524 228 1318 6182 637 7069 3566 6976 1770 3081 3352 3495 912 7826 8777 5642 3402 859 6173 8654 5648 2235 8449 3653 9074 5994 926 5906 9384 1344
1344
False
42
False
False
False
5915 2641 3840 5217 3352 3780 1327 1824 8779 838 3950 9805 3524 228 1318 6182 637 7069 3566 6976 1770 3081 3352 3495 912 7826 8777 5642 3402 859 6173 8654 5648 2235 8449 3653 9074 5994 926 5906 8377
False
False
False
False
False
False
38
37
False
False
5915 2641 3840 5217 3352 3780 1327 1824 8779 838 3950 9805 3524 228 1318 6182 637 7069 3566 6976 1770 3081 3352 3495 912 7826 8777 5642 3402 859 6173 8654 5648 2235 8449 3954 3014
37
False
False
False
False
5915 2641 3840 5217 3352 3780 1327 1824 8779 838 3950 9805 3524 228 1318 6182 637 7069 3566 6976 1770 3081 3352 3495 912 7826 8777 5642 3402 859 6173 8654 5648 2235 8449 3954 3014
5915 2641 3840 5217 3352 3780 1327 1824 8779 838 3950 9805 3524 228 1318 6182 637 7069 3566 6976 1770 3081 3352 3495 912 7826 8777 5642 3402 859 6173 8654 5648 2235 8449 3954 3014
False
False
36
False
False
5915 2641 3840 5217 3352 3780 1327 1824 8779 838 3950 9805 3524 228 1318 6182 637 7069 3566 6976 1770 3081 3352 3495 912 7826 8777 5642 3402 859 6173 8654 5648 2235 8449 3954
5915 2641 3840 5217 3352 3780 1327 1824 8779 838 3950 9805 3524 228 1318 6182 637 7069 3566 6976 1770 3081 3352 3495 912 7826 8777 5642 3402 859 6173 8654 5648 2235 8449 3954 7112 7112
38
7112
37
37
False
False
5915 2641 3840 5217 3352 3780 1327 1824 8779 838 3950 9805 3524 228 1318 6182 637 7069 3566 6976 1770 3081 3352 3495 912 7826 8777 5642 3402 859 6173 8654 5648 2235 8449 3954
False
5915 2641 3840 5217 3352 3780 1327 1824 8779 838 3950 9805 3524 228 1318 6182 637 7069 3566 6976 1770 3081 3352 3495 912 7826 8777 5642 3402 859 6173 8654
5915 2641 3840 5217 3352 3780 1327 1824 8779 838 3950 9805 3524 228 1318 6182 637 7069 3566 6976 1770 3081 3352 3495 912 7826 8777 5642 3402 859
859
3402
False
False
30
False
5915 2641 3840 5217 3352 3780 1327 1824 8779 838 3950 9805 3524 228 1318 6182 637 7069 3566 6976 1770 3081 3352 3495 912 7826 8777 5642 3402 3807 2028
5915 2641 3840 5217 3352 3780 1327 1824 8779 838 3950 9805 3524 228 1318 6182 637 7069 3566 6976 1770 3081 3352 3495 912 7826 8777 5642 3402 3807 2028 9735
False
False
5915 2641 3840 5217 3352 3780 1327 1824 8779 838 3950 9805 3524 228 1318 6182 637 7069 3566 6976 1770 3081 3352 3495 912 7826 8777 5642 3402 3807 2028 9735
32
False
4084
False
35
35
5915 2641 3840 5217 3352 3780 1327 1824 8779 838 3950 9805 3524 228 1318 6182 637 7069 3566 6976 1770 3081 3352 3495 912 7826 8777 5642 3402 3807 2028 9735 4940 4084 4214 5608
5608
False
5915 2641 3840 5217 3352 3780 1327 1824 8779 838 3950 9805 3524 228 1318 6182 637 7069 3566 6976 1770 3081 3352 3495 912 7826 8777 5642 3402 3807 2028 9735 4940 4084 4214 5608 8274 6257 1357
False
9208
False
40
4719
False
45
46
46
4189
False
2785
False
False
5915 2641 3840 5217 3352 3780 1327 1824 8779 838 3950 9805 3524 228 1318 6182 637 7069 3566 6976 1770 3081 3352 3495 912 7826 8777 5642 3402 3807 2028 9735 4940 4084 4214 5608 8274 6257 1357 9208 2365 875 8255 4719 6656 4189 2785 1109
1109
48
False
1109
False
False
5915 2641 3840 5217 3352 3780 1327 1824 8779 838 3950 9805 3524 228 1318 6182 637 7069 3566 6976 1770 3081 3352 3495 912 7826 8777 5642 3402 3807 2028 9735 4940 4084 4214 5608 8274 6257 1357 9208 2365 875 8255 4719 6656 4189 2785 1109 7262
False
False
5915 2641 3840 5217 3352 3780 1327 1824 8779 838 3950 9805 3524 228 1318 6182 637 7069 3566 6976 1770 3081 3352 3495 912 7826 8777 5642 3402 3807 2028 9735 4940 4084 4214 5608 8274 6257 1357 9208 2365 875 8255 4719 6656 4189 2785 1109 7262
5915 2641 3840 5217 3352 3780 1327 1824 8779 838 3950 9805 3524 228 1318 6182 637 7069 3566 6976 1770 3081 3352 3495 912 7826 8777 5642 3402 3807 2028 9735 4940 4084 4214 5608 8274 6257 1357 9208 2365 875 8255 4719 6656 4189 2785 1109 9702
5915 2641 3840 5217 3352 3780 1327 1824 8779 838 3950 9805 3524 228 1318 6182 637 7069 3566 6976 1770 3081 3352 3495 912 7826 8777 5642 3402 3807 2028 9735 4940 4084 4214 5608 8274 6257 1357 9208 2365 875 8255 4719 6656 4189 2785 1109 9702
49
False
50
False
False
5915 2641 3840 5217 3352 3780 1327 1824 8779 838 3950 9805 3524 228 1318 6182 637 7069 3566 6976 1770 3081 3352 3495 912 7826 8777 5642 3402 3807 2028 9735 4940 4084 4214 5608 8274 6257 1357 9208 2365 875 8255 4719 6656 4189 2785 1109 9702
49
48
1109
48
False
False
48
False
False
49
False
False
9636
9636
False
1142
9222
1911
51
5915 2641 3840 5217 3352 3780 1327 1824 8779 838 3950 9805 3524 228 1318 6182 637 7069 3566 6976 1770 3081 3352 3495 912 7826 8777 5642 3402 3807 2028 9735 4940 4084 4214 5608 8274 6257 1357 9208 2365 875 8255 4719 6656 4189 2785 4687 1473 319 1911
51
51
51
False
False
False
False
False
7839
5386
False
False
5915 2641 3840 5217 3352 3780 1327 1824 8779 838 3950 9805 3524 228 1318 6182 637 7069 3566 6976 1770 3081 3352 3495 912 7826 8777 5642 3402 3807 2028 9735 4940 4084 4214 5608 8274 6257 1357 9208 2365 875 8255 4719 6656 4189 2785 4687 1473 319 1911 4459 5366 7797 7486 928 8079
False
False
False
57
5915 2641 3840 5217 3352 3780 1327 1824 8779 838 3950 9805 3524 228 1318 6182 637 7069 3566 6976 1770 3081 3352 3495 912 7826 8777 5642 3402 3807 2028 9735 4940 4084 4214 5608 8274 6257 1357 9208 2365 875 8255 4719 6656 4189 2785 4687 1473 319 1911 4459 5366 7797 273 371 1418
1418
57
False
5915 2641 3840 5217 3352 3780 1327 1824 8779 838 3950 9805 3524 228 1318 6182 637 7069 3566 6976 1770 3081 3352 3495 912 7826 8777 5642 3402 3807 2028 9735 4940 4084 4214 5608 8274 6257 1357 9208 2365 875 8255 4719 6656 4189 2785 4687 1473 319 1911 4459 5366 7797 273 371
5366
53
52
False
False
False
5915 2641 3840 5217 3352 3780 1327 1824 8779 838 3950 9805 3524 228 1318 6182 637 7069 3566 6976 1770 3081 3352 3495 912 7826 8777 5642 3402 3807 2028 9735 4940 4084 4214 5608 8274 6257 1357 9208 2365 875 8255 4719 6656 4189 2785 4687 1473 319 1911 4025
4025
5915 2641 3840 5217 3352 3780 1327 1824 8779 838 3950 9805 3524 228 1318 6182 637 7069 3566 6976 1770 3081 3352 3495 912 7826 8777 5642 3402 3807 2028 9735 4940 4084 4214 5608 8274 6257 1357 9208 2365 875 8255 4719 6656 4189 2785 4687 1473 319 1911 4025
7620
False
5915 2641 3840 5217 3352 3780 1327 1824 8779 838 3950 9805 3524 228 1318 6182 637 7069 3566 6976 1770 3081 3352 3495 912 7826 8777 5642 3402 3807 2028 9735 4940 4084 4214 5608 8274 6257 1357 9208 2365 875 8255 4719 6656 4189 2785 4687 1473 319
False
46
False
False
5915 2641 3840 5217 3352 3780 1327 1824 8779 838 3950 9805 3524 228 1318 6182 637 7069 3566 6976 1770 3081 3352 3495 912 7826 8777 5642 3402 3807 2028 9735 4940 4084 4214 5608 8274 6257 1357 9208 2365 875 8255 4719 6656
44
44
False
False
False
8042
43
5915 2641 3840 5217 3352 3780 1327 1824 8779 838 3950 9805 3524 228 1318 6182 637 7069 3566 6976 1770 3081 3352 3495 912 7826 8777 5642 3402 3807 2028 9735 4940 4084 4214 5608 8274 6257 1357 9208 2365 1809 8042 7217
7217
44
5915 2641 3840 5217 3352 3780 1327 1824 8779 838 3950 9805 3524 228 1318 6182 637 7069 3566 6976 1770 3081 3352 3495 912 7826 8777 5642 3402 3807 2028 9735 4940 4084 4214 5608 8274 6257 1357 9208 2365 1809 8042 9809
