False
True
False

0

False

True
False
Empty
3
False
8278 2927 3310
3
4
False
3142
False
False
False
Empty
9223
True
0
False
True
Empty
0
Empty
False
9571
True
False

Empty
False
2
1
False
0
Empty

Empty
Empty
Empty
True
True




False
True

False
9711 3457
False
0
0

False
8297
False

True
False


Empty
1
False
False
3
5290
5290
350 3607 3839 195
350 3607 3839 195
9221
5
4
False
350 3607 3839 195
False
350 3607 3839 195
3
350 3607 4572
False
False
350 3607 4572 4693 2528
False
False
False
350 3607 4572 4693 2528 9712 8977 8571 9385
False
False
False
10
False
False
9
False
False
350 3607 4572 4693 2528 9712 8977 8571 1561 1775 1995 4750
11
1995
False
False
1995
False
False
350 3607 4572 4693 2528 9712 8977 8571 1561 1775 1995 4760
False
False
False
False
False
False
5361
10
10
False
350 3607 4572 4693 2528 9712 8977 8571 1561 1775 6880
False
350 3607 4572 4693 2528 9712 8977 8571 1561 1775 6880 6044 2833
350 3607 4572 4693 2528 9712 8977 8571 1561 1775 6880 6044 2833
7772
False
False
12
6044
12
11
6880
11
6880
6880
False
6880
False
False
False
13
13
False
6880
False
9
9281
10
False
False
False
False
False
False
350 3607 4572 4693 2528 9712 8977 5901 863 2005 7474 3171 6404
False
350 3607 4572 4693 2528 9712 8977 5901 863 2005 7474 3171 6404
False
13
350 3607 4572 4693 2528 9712 8977 5901 863 2005 7474 3171 9323
350 3607 4572 4693 2528 9712 8977 5901 863 2005 7474 3171
False
False
9
350 3607 4572 4693 2528 9712 8977 5901 863 7084 6674 1821
1821
False
2896
9508
14
False
False
2896
350 3607 4572 4693 2528 9712 8977 5901 863 7084 6674 8269 1604 9140
7286
False
14
4081
350 3607 4572 4693 2528 9712 8977 5901 863 7084 6674 8269 8390 4081 9126
350 3607 4572 4693 2528 9712 8977 5901 863 7084 6674 8269 8390 4081 9126
False
False
18
False
17
False
17
350 3607 4572 4693 2528 9712 8977 5901 863 7084 6674 8269 8390 7319
7319
False
False
8390
8390
False
False
False
False
False
8269
10
350 3607 4572 4693 2528 9712 8977 5901 863 7084
350 3607 4572 4693 2528 9712 8977 5901 863 7084
7084
7084
False
False
8
False
False
False
5314
False
5901
False
5901
False
False
7508
7
False
False
9654
False
2756
9
False
False
350 3607 4572 4693 2528 7508 268 9654 2756
False
False
2528
2528
6
350 3607 4572 4693 2528
False
4572
350 3607 4572 3177 5090
3
3607
Empty
1



True
0
Empty
Empty
3834
3834
3834
False
False
False
3834 1925
3834
False
1
2
3
8650
8650
4
5705 9411 8297 8650 7092
3593
7092
False
7092
5705 9411 8297 8650 7092 9846
6
False
5705 9411 8297 8650 7092
False
False
5705 9411 8297 8650 8075
False
False
False
7
7
7
False
5705 9411 8297 8650 8075 4105 3405
False
False
False
False
7321
False
7
False
False
8
7
5705 9411 8297 8650 8075 953
953
5705 9411 8297 8650 8075 953
953
8
7
6423
False
5705 9411 8297 8650 8075
3
3
False
5705 7866
2
2
5705
2
5705 6987
5705
False
1
Empty
False
Empty
0
True
Empty
3295
False
True
False
False
False
False
4040 9660
False
False
4040
False
4040 5395
4040 5395
5395
2
False
4428
False
False
False
6155 3792 4421 8211
2
3792
False
4
6155 3792 5124 2548
6155 3792 5124 2548
1234
False
6155 3792 5124 2548 1234 3886
6
6
3886
6155 3792 5124 2548
4
2548
6155 3792 5124 2548
6155 3792 5124 2548
6155 3792 5124 2548 634
2548
2548
4
4
False
False
True
1
0
True
0
True
True

Empty
False
6862
6862
False
6862
2
2
False
9937
False
4
4120
False
False
8126
8126
4005
4005
4005
False
4120
4120
4
False
False
6862 9937 474
6862 9937
False
6862 9937
2
True
Empty

False
Empty
7836 1741
7836
False
False
3088
False
7836 4120 3088 1771
3
3
False
False
4
4054
4
3
False
7836
651
2
False
7836 651 8366
False
2
False
False
3253
False
3253 1648
3281
False
3253 3281 4148 3830
False
3830
3253 3281 4148 3830
False
6
False
False
2
False
3253 3281
1
3687
3253 3687 8293
False
3
False
3253 3687 8293 2020
5977
3253 3687 8293 2020 5977
False
8355
3253 3687 8293 2229
False
5
5
7243
3253 3687 8293 2229 7243
False
7749
2229
4
False
5
False
9160
3253 3687 8293 2229 9160 3184
False
False
False
10
False
False
False
False
False
False
12
5452
False
3253 3687 8293 2229 9160 3184 8548 4794 2417 7016 5158 5452 1023
14
False
4307
False
False
False
16
3253 3687 8293 2229 9160 3184 8548 4794 2417 7016 5158 5452 1023 4307 4998 7987
17
3253 3687 8293 2229 9160 3184 8548 4794 2417 7016 5158 5452 1023 4307 4998 7987 2346
False
3253 3687 8293 2229 9160 3184 8548 4794 2417 7016 5158 5452 1023 4307 4998 7987 2346
7987
3253 3687 8293 2229 9160 3184 8548 4794 2417 7016 5158 5452 1023 4307 4998 7987
False
False
17
False
False
4754
False
20
False
9673
False
5520
22
False
False
False
False
3253 3687 8293 2229 9160 3184 8548 4794 2417 7016 5158 5452 1023 4307 4998 7987 9673 9072 5520 5370
False
3253 3687 8293 2229 9160 3184 8548 4794 2417 7016 5158 5452 1023 4307 4998 7987 9673 9072 5520
3253 3687 8293 2229 9160 3184 8548 4794 2417 7016 5158 5452 1023 4307 4998 7987 9673 9072 5520
False
False
309
False
False
False
17
False
3253 3687 8293 2229 9160 3184 8548 4794 2417 7016 5158 5452 1023 4307 4998 7987 9673
False
12
False
3253 3687 8293 2229 9160 3184 8548 4794 2417 7016 5158 5452 8816
False
False
12
False
10
3253 3687 8293 2229 9160 3184 8548 4794 2417 7016
4794
False
False
False
9
3253 3687 8293 2229 9160 3184 8548 4794 4094
4094
False
3253 3687 8293 2229 9160 3184 8548 4794 4094
False
False
4094
False
4094
4126
False
9
False
False
False
3253 3687 8293 2229 9160 3184 8548 4794 4767 4692 56
3253 3687 8293 2229 9160 3184 8548 4794 4767
False
False
4115
3253 3687 8293 2229 9160 3184 8548 4794 4767 1473 1388
False
1473
4767
8
3253 3687 8293 2229 9160 3184 8548 4794
4794
False
False
3253 3687 8293 2229 9160 3184 8548 4794
8
3253 3687 8293 2229 9160 3184 8548 4794 2251 5344
2251
3253 3687 8293 2229 9160 3184 8548 4794
10
False
10
11
15
15
False
False
9792
3253 3687 8293 2229 9160 3184 1389 4472 5858 9792
9
9
9
False
11
False
False
3934
3253 3687 8293 2229 9160 3184 1389 4472 5858 7089 9718 3934 6143
13
3253 3687 8293 2229 9160 3184 1389 4472 5858 7089 9718 3934 6143
13
False
False
13
13
False
False
False
False
False
13
False
4500
14
False
False
4500
3253 3687 8293 2229 9160 3184 1389 4472 5858 7089 9718 3934 4500
13
4500
13
False
12
9718
False
6455
6455
False
3253 3687 8293 2229 9160 3184 1389 4472 5858 7089 9718 5752 6455 9602
False
3253 3687 8293 2229 9160 3184 1389 4472 5858 7089 9718 5752 6455 9602
False
False
3253 3687 8293 2229 9160 3184 1389 4472 5858 7089 9718 5752 6455 1675
14
6096
False
False
False
3253 3687 8293 2229 9160 3184 1389 4472 5858 7089 9718 5752 6455 1675 6096
18
19
2253
False
3253 3687 8293 2229 9160 3184 1389 4472 5858 7089 9718 5752 6455 1675 6096 1358 7663 1755 7692 4403 6089
False
False
False
3253 3687 8293 2229 9160 3184 1389 4472 5858 7089 9718 5752 6455 1675 6096 1358 7663 1755 7692 4403 5564
19
3253 3687 8293 2229 9160 3184 1389 4472 5858 7089 9718 5752 6455 1675 6096 1358 7663 1755 7692
False
16
18
3253 3687 8293 2229 9160 3184 1389 4472 5858 7089 9718 5752 6455 1675 6096 8416 8857 7693
False
False
4570
False
False
3253 3687 8293 2229 9160 3184 1389 4472 5858 7089 9718 5752 6455 1675 6096 8416 8857 4570 7581
False
False
False
4570
3253 3687 8293 2229 9160 3184 1389 4472 5858 7089 9718 5752 6455 1675 6096 8416 8857 4570 1483
3253 3687 8293 2229 9160 3184 1389 4472 5858 7089 9718 5752 6455 1675 6096 8416 8857 4570
8857
3253 3687 8293 2229 9160 3184 1389 4472 5858 7089 9718 5752 6455 1675 6096 8416 7373 7083
False
3253 3687 8293 2229 9160 3184 1389 4472 5858 7089 9718 5752 6455 1675 6096 8416
9104
3253 3687 8293 2229 9160 3184 1389 4472 5858 7089 9718 5752 6455 1675 5176 9104
False
18
False
3253 3687 8293 2229 9160 3184 1389 4472 5858 7089 9718 5752 6455 1675 5176 9104 8811 3951
3253 3687 8293 2229 9160 3184 1389 4472 5858 7089 9718 5752 6455 1675 5176 9104 8811 3951
18
3253 3687 8293 2229 9160 3184 1389 4472 5858 7089 9718 5752 6455 1675 5176 9104 8811 3951 8536
3253 3687 8293 2229 9160 3184 1389 4472 5858 7089 9718 5752 6455 1675 5176 9104 8811
3253 3687 8293 2229 9160 3184 1389 4472 5858 7089 9718 5752 6455 1675 5176 9104 8811 7481
5363
False
3253 3687 8293 2229 9160 3184 1389 4472 5858 7089 9718 5752 6455 1675 5176 9104 8811 7481 1532 1675 8429
3253 3687 8293 2229 9160 3184 1389 4472 5858 7089 9718 5752 6455 1675 5176 9104 8811 7481 1532 1675 8429
False
20
20
3253 3687 8293 2229 9160 3184 1389 4472 5858 7089 9718 5752 6455 1675 5176 9104 8811 7481 1532 1675 7007 1313 9855
3253 3687 8293 2229 9160 3184 1389 4472 5858 7089 9718 5752 6455 1675 5176 9104 8811 7481 1532 1675 7007 1313 9586
24
24
False
False
110
False
False
False
False
21
20
20
False
20
False
9013
7540
False
7540
3253 3687 8293 2229 9160 3184 1389 4472 5858 7089 9718 5752 6455 1675 5176 9104 8811 7481 1532 5210 5516 5949 7540
False
23
1532
False
3253 3687 8293 2229 9160 3184 1389 4472 5858 7089 9718 5752 6455 1675 5176 9104 8811 7481 1532
3253 3687 8293 2229 9160 3184 1389 4472 5858 7089 9718 5752 6455 1675 5176 9104 8811 7481 1532
8811
3253 3687 8293 2229 9160 3184 1389 4472 5858 7089 9718 5752 6455 1675 5176 9104 8811
False
3253 3687 8293 2229 9160 3184 1389 4472 5858 7089 9718 5752 6455 1675 5176 9104
False
9104
False
3253 3687 8293 2229 9160 3184 1389 4472 5858 7089 9718 5752 6455 1675 5176
False
15
5176
False
1675
14
False
False
3253 3687 8293 2229 9160 3184 1389 4472 5858 7089 9718 5752 6455 1143 8749
False
1143
False
False
6637
16
15
False
13
False
3253 3687 8293 2229 9160 3184 1389 4472 5858 7089 9718 5752 6455 5471
3253 3687 8293 2229 9160 3184 1389 4472 5858 7089 9718 5752 6455 5471
14
6455
6455
3253 3687 8293 2229 9160 3184 1389 4472 5858 7089 9718 5752 6455 7056
False
13
3253 3687 8293 2229 9160 3184 1389 4472 5858 7089 9718 5752 3919 8172
14
3253 3687 8293 2229 9160 3184 1389 4472 5858 7089 9718 5752 3919 8172
14
3253 3687 8293 2229 9160 3184 1389 4472 5858 7089 9718 5752 3919 8172
False
False
3253 3687 8293 2229 9160 3184 1389 4472 5858 7089 9718 5752 3919 5040
False
4397
4397
14
False
5040
3253 3687 8293 2229 9160 3184 1389 4472 5858 7089 9718 5752 3919 5040
9474
False
3919
3919
4803
3253 3687 8293 2229 9160 3184 1389 4472 5858 7089 9718 5752 3919 4803 1975
False
5308
False
3253 3687 8293 2229 9160 3184 1389 4472 5858 7089 9718 5752 3919 4803 1975
False
851
False
3253 3687 8293 2229 9160 3184 1389 4472 5858 7089 9718 5752 3919 4803 1975
3919
False
3919
12
5752
2811
False
False
14
3600
False
3253 3687 8293 2229 9160 3184 1389 4472 5858 7089 9718 5752 2811 3600
13
False
3253 3687 8293 2229 9160 3184 1389 4472 5858 7089 9718 5752 2811
3253 3687 8293 2229 9160 3184 1389 4472 5858 7089 9718 5752 2811
5229
3253 3687 8293 2229 9160 3184 1389 4472 5858 7089 9718 5752 2811 5229
14
False
False
5858
3253 3687 8293 2229 9160 3184 1389 4472 5858
False
9
3253 3687 8293 2229 9160 3184 1389 4472
4676
10
False
4676
9
False
False
3253 3687 8293 2229 9160 3184 1389 4472 4676 5748
False
3253 3687 8293 2229 9160 3184 1389 4472 4676 5748 2300
11
False
False
11
False
2300
3253 3687 8293 2229 9160 3184 1389 4472 4676 5748 2300
11
3253 3687 8293 2229 9160 3184 1389 4472 4676 5748 2300
False
False
5748
5748
False
7981
8
9
7326
3253 3687 8293 2229 9160 3184 1389 781 9900 7326
9900
False
9900
9
False
8978
8978
11
3253 3687 8293 2229 9160 3184 1389 781 9900 8978 5130
False
12
3131
False
10
False
False
False
2313
3253 3687 8293 2229 9160 3184 1389 781 9900 8978 6589 2313
False
3253 3687 8293 2229 9160 3184 1389 781 9900 8978 6589 2313
2313
False
11
False
6589
3253 3687 8293 2229 9160 3184 1389 781 9900 8978 6589
3253 3687 8293 2229 9160 3184 1389 781 9900 8978 6589
6589
False
12
False
6589
3886
False
11
3253 3687 8293 2229 9160 3184 1389 781 9900 8978 2317
3253 3687 8293 2229 9160 3184 1389 781 9900 8978 2317
False
False
False
9
9
3253 3687 8293 2229 9160 3184 1389 781 9900
9
4534
False
False
False
False
False
False
False
4114
4640
1360
10
4563
False
8
781
1389
1389
False
3253 3687 8293 2229 9160 3184
9
False
3253 3687 8293 2229 9160 3184 1186 4083 7890 2767 9238
11
9717
9717
2399
3253 3687 8293 2229 9160 3184 1186 4083 7890 9717 2399
3253 3687 8293 2229 9160 3184 1186 4083 7890 9717 2399
False
3253 3687 8293 2229 9160 3184 1186 4083 7890 9717 2399
3253 3687 8293 2229 9160 3184 1186 4083 7890 9717 2399 5496
3253 3687 8293 2229 9160 3184 1186 4083 7890 9717
9717
10
False
8
585
3253 3687 8293 2229 9160 3184 1186 585
8
585
3253 3687 8293 2229 9160 3184 1186 585
585
3253 3687 8293 2229 9160 3184 1186 585
False
False
False
3253 3687 8293 2229 9160 3184
False
False
3253 3687 8293 2229 270
False
False
False
False
2229
False
False
3253
False
False
False
False
False
False
False
3253 1712
False
3788
3253
1
False
False
False
1624
1624
False
False
False
2
False
Empty

0
False
False
2
False
False
False
True
Empty
6670
6231 6670
0
Empty
Empty
Empty
0

False
1
False
False
False
False
3820
1
False
4352
1
4352
1

4628

Empty
False
2
7454
1237 7454
7454
1237 9846
3
1237 2195
3
False
1237 2195 3349 1671
4
1237 2195 3349 798 8537
False
False
False
False
1237 2195 3349 798 8537 4203
False
1237 2195 3349 798 8537 9613
6
1237 2195 3349 798 8537 9613
False
1237 2195 3349 798 8537
False
False
False
9334
False
6
9741
9741
12
1237 2195 3349 798 8537 9741 5824 9577 9868 6892 5997
9868
False
False
False
False
False
False
9577
False
9577
793
1237 2195 3349 798 8537 9741 5824 9577 793
793
1237 2195 3349 798 8537 9741 5824 9577 793 5977
False
False
6418
6418
12
5031
False
False
False
12
1237 2195 3349 798 8537 9741 5824 9577 793 5977 5031 6848 8197
1237 2195 3349 798 8537 9741 5824 9577 793 5977 5031 6848 8197
13
1237 2195 3349 798 8537 9741 5824 9577 793 5977 5031 6848 8197
13
False
False
False
14
15
1273
False
False
False
False
False
1237 2195 3349 798 8537 9741 5824 9577 793 5977 5031 6848 8197 2265 5400
8371
False
5400
5400
False
1237 2195 3349 798 8537 9741 5824 9577 793 5977 5031 6848 8197 2265 5400 7958
False
False
False
1237 2195 3349 798 8537 9741 5824 9577 793 5977 5031 6848 8197 2265 5400 7958
5400
False
False
9682
19
False
3842
False
False
False
False
2154
False
316
False
False
False
1237 2195 3349 798 8537 9741 5824 9577 793 5977 5031 6848 8197 2265 5400 5959 9626 4610 9682 3842 6879
1237 2195 3349 798 8537 9741 5824 9577 793 5977 5031 6848 8197 2265 5400 5959 9626 4610 9682 3842 6879
False
3842
9682
1237 2195 3349 798 8537 9741 5824 9577 793 5977 5031 6848 8197 2265 5400 5959 9626 4610 9682
1237 2195 3349 798 8537 9741 5824 9577 793 5977 5031 6848 8197 2265 5400 5959 9626 4610 9682
19
False
19
1237 2195 3349 798 8537 9741 5824 9577 793 5977 5031 6848 8197 2265 5400 5959 9626 4610 9682
False
False
20
1237 2195 3349 798 8537 9741 5824 9577 793 5977 5031 6848 8197 2265 5400 5959 9626 4610 9682 6499 996
996
996
9682
False
False
False
1237 2195 3349 798 8537 9741 5824 9577 793 5977 5031 6848 8197 2265 5400 5959 9626 4610 9682 5922
1237 2195 3349 798 8537 9741 5824 9577 793 5977 5031 6848 8197 2265 5400 5959 9626 4610 9682
False
1237 2195 3349 798 8537 9741 5824 9577 793 5977 5031 6848 8197 2265 5400 5959 9626 4610 9682 3586
1237 2195 3349 798 8537 9741 5824 9577 793 5977 5031 6848 8197 2265 5400 5959 9626 4610
False
19
6848
1237 2195 3349 798 8537 9741 5824 9577 793 5977 5031 6848 8197 2265 5400 5959 9626 4610 6848
False
7322
1237 2195 3349 798 8537 9741 5824 9577 793 5977 5031 6848 8197 2265 5400 5959 9626 4610 6848 7322
1237 2195 3349 798 8537 9741 5824 9577 793 5977 5031 6848 8197 2265 5400 5959 9626 4610 6848 7322
20
1237 2195 3349 798 8537 9741 5824 9577 793 5977 5031 6848 8197 2265 5400 5959 9626 4610 6848 7322 7101
False
20
6848
False
18
False
1237 2195 3349 798 8537 9741 5824 9577 793 5977 5031 6848 8197 2265 5400 5959 9626 4610 4523
1237 2195 3349 798 8537 9741 5824 9577 793 5977 5031 6848 8197 2265 5400 5959 9626 4610 1285
1285
19
False
1237 2195 3349 798 8537 9741 5824 9577 793 5977 5031 6848 8197 2265 5400 5959 9626 4610 1285
9682
18
9626
7529
False
20
7529
False
1237 2195 3349 798 8537 9741 5824 9577 793 5977 5031 6848 8197 2265 5400 5959 9626 6366 1492 7529 1413
1237 2195 3349 798 8537 9741 5824 9577 793 5977 5031 6848 8197 2265 5400 5959 9626 6366 1492 7529 1413
False
False
False
21
1237 2195 3349 798 8537 9741 5824 9577 793 5977 5031 6848 8197 2265 5400 5959 9626 6366 1492 7529 4020 7514
695
23
22
False
False
False
21
1237 2195 3349 798 8537 9741 5824 9577 793 5977 5031 6848 8197 2265 5400 5959 9626 6366 1492 7529 4020
False
False
5363
False
False
False
False
False
1595
1595
24
1237 2195 3349 798 8537 9741 5824 9577 793 5977 5031 6848 8197 2265 5400 5959 9626 6366 1492 7529 7392 8088 484
False
23
484
22
22
8088
8088
False
1237 2195 3349 798 8537 9741 5824 9577 793 5977 5031 6848 8197 2265 5400 5959 9626 6366 1492 7529 7392 8088
22
22
1237 2195 3349 798 8537 9741 5824 9577 793 5977 5031 6848 8197 2265 5400 5959 9626 6366 1492 7529 7392
1237 2195 3349 798 8537 9741 5824 9577 793 5977 5031 6848 8197 2265 5400 5959 9626 6366 1492
False
False
947
False
False
False
2720
1237 2195 3349 798 8537 9741 5824 9577 793 5977 5031 6848 8197 2265 5400 5959 9626 6366 947 5193 4021 2720 6164
False
4021
21
1237 2195 3349 798 8537 9741 5824 9577 793 5977 5031 6848 8197 2265 5400 5959 9626 6366 947 5193 3530
False
21
21
False
419
419
False
21
False
3709
False
22
False
False
False
3709
3709
False
False
983
22
1237 2195 3349 798 8537 9741 5824 9577 793 5977 5031 6848 8197 2265 5400 5959 9626 6366 947 5193 3709 9423
False
1237 2195 3349 798 8537 9741 5824 9577 793 5977 5031 6848 8197 2265 5400 5959 9626 6366 947 5193 3709
False
1237 2195 3349 798 8537 9741 5824 9577 793 5977 5031 6848 8197 2265 5400 5959 9626 6366 947 5193 9861
False
False
332
22
5869
False
2516
1237 2195 3349 798 8537 9741 5824 9577 793 5977 5031 6848 8197 2265 5400 5959 9626 6366 947 5193 9861 5869 5743
False
24
1237 2195 3349 798 8537 9741 5824 9577 793 5977 5031 6848 8197 2265 5400 5959 9626 6366 947 5193 9861 5869
22
False
False
False
7045
False
False
22
False
False
False
21
1237 2195 3349 798 8537 9741 5824 9577 793 5977 5031 6848 8197 2265 5400 5959 9626 6366 947 5193 4171 6108
False
False
False
8516
24
1237 2195 3349 798 8537 9741 5824 9577 793 5977 5031 6848 8197 2265 5400 5959 9626 6366 947 5193 4171 6108 3481
22
False
False
1237 2195 3349 798 8537 9741 5824 9577 793 5977 5031 6848 8197 2265 5400 5959 9626 6366 947 5193 4171 6108 2465
1237 2195 3349 798 8537 9741 5824 9577 793 5977 5031 6848 8197 2265 5400 5959 9626 6366 947 5193 4171 6108 2465
5380
22
1237 2195 3349 798 8537 9741 5824 9577 793 5977 5031 6848 8197 2265 5400 5959 9626 6366 947 5193 4171 7713
False
False
22
False
1237 2195 3349 798 8537 9741 5824 9577 793 5977 5031 6848 8197 2265 5400 5959 9626 6366 947 5193 4171 7713
False
22
1237 2195 3349 798 8537 9741 5824 9577 793 5977 5031 6848 8197 2265 5400 5959 9626 6366 947 5193 4171 7400
22
False
22
1237 2195 3349 798 8537 9741 5824 9577 793 5977 5031 6848 8197 2265 5400 5959 9626 6366 947 5193 4171 7400
1237 2195 3349 798 8537 9741 5824 9577 793 5977 5031 6848 8197 2265 5400 5959 9626 6366 947 5193 4171
1237 2195 3349 798 8537 9741 5824 9577 793 5977 5031 6848 8197 2265 5400 5959 9626 6366 947 5193 4171
False
1227
False
1237 2195 3349 798 8537 9741 5824 9577 793 5977 5031 6848 8197 2265 5400 5959 9626 6366 947 5193 4171 9763 1227 6625
22
False
22
1237 2195 3349 798 8537 9741 5824 9577 793 5977 5031 6848 8197 2265 5400 5959 9626 6366 947 5193 4171 9763
22
False
23
False
23
23
5535
False
20
False
False
947
False
8259
1237 2195 3349 798 8537 9741 5824 9577 793 5977 5031 6848 8197 2265 5400 5959 9626 6366 947 8259
8259
8259
False
1237 2195 3349 798 8537 9741 5824 9577 793 5977 5031 6848 8197 2265 5400 5959 9626 6366 947 8259
20
1237 2195 3349 798 8537 9741 5824 9577 793 5977 5031 6848 8197 2265 5400 5959 9626 6366 947 6280
6280
False
20
1237 2195 3349 798 8537 9741 5824 9577 793 5977 5031 6848 8197 2265 5400 5959 9626 6366 947 6280
False
3884
7674
24
24
False
3884
24
1237 2195 3349 798 8537 9741 5824 9577 793 5977 5031 6848 8197 2265 5400 5959 9626 6366 947 6280 582 7981 3884
23
3884
False
1237 2195 3349 798 8537 9741 5824 9577 793 5977 5031 6848 8197 2265 5400 5959 9626 6366 947 6280 582 7981 3884
3884
3884
6366
False
1237 2195 3349 798 8537 9741 5824 9577 793 5977 5031 6848 8197 2265 5400 5959 9626 379 2604
1237 2195 3349 798 8537 9741 5824 9577 793 5977 5031 6848 8197 2265 5400 5959 9626 379 2604
False
1237 2195 3349 798 8537 9741 5824 9577 793 5977 5031 6848 8197 2265 5400 5959 9626 379 7590
18
17
1237 2195 3349 798 8537 9741 5824 9577 793 5977 5031 6848 8197 2265 5400
1237 2195 3349 798 8537 9741 5824 9577 793 5977 5031 6848 8197 2265 5400
1237 2195 3349 798 8537 9741 5824 9577 793 5977 5031 6848 8197 2265 5400 870
False
1237 2195 3349 798 8537 9741 5824 9577 793 5977 5031 6848 8197 2265 5400 9169
16
False
False
17
False
False
1237 2195 3349 798 8537 9741 5824 9577 793 5977 5031 6848 8197 2265 9730 3554
False
16
1237 2195 3349 798 8537 9741 5824 9577 793 5977 5031 6848 8197 2265 9730 3554
1237 2195 3349 798 8537 9741 5824 9577 793 5977 5031 6848 8197 2265 9730 3554
16
7122
False
20
1237 2195 3349 798 8537 9741 5824 9577 793 5977 5031 6848 8197 2265 9730 5540 4578 6452 7122
8826
19
False
False
1237 2195 3349 798 8537 9741 5824 9577 793 5977 5031 6848 8197 2265 9730 5540 4578 6452 8826 7835
False
19
1237 2195 3349 798 8537 9741 5824 9577 793 5977 5031 6848 8197 2265 9730 5540 4578 6452 8826
False
1237 2195 3349 798 8537 9741 5824 9577 793 5977 5031 6848 8197 2265 9730 5540 4578 6452 8826 4853 2657
1237 2195 3349 798 8537 9741 5824 9577 793 5977 5031 6848 8197 2265 9730 5540 4578 6452 8826 4853 2657 5270
5693
25
1237 2195 3349 798 8537 9741 5824 9577 793 5977 5031 6848 8197 2265 9730 5540 4578 6452 8826 4853 2657 5270 1297 9711 5693 9081
9934
914
1237 2195 3349 798 8537 9741 5824 9577 793 5977 5031 6848 8197 2265 9730 5540 4578 6452 8826 4853 2657 5270 1297 9711 5693 9081 9098 914
28
1237 2195 3349 798 8537 9741 5824 9577 793 5977 5031 6848 8197 2265 9730 5540 4578 6452 8826 4853 2657 5270 1297 9711 5693 9081 9098 914
1237 2195 3349 798 8537 9741 5824 9577 793 5977 5031 6848 8197 2265 9730 5540 4578 6452 8826 4853 2657 5270 1297 9711 5693 9081 9098 914
False
26
9081
1237 2195 3349 798 8537 9741 5824 9577 793 5977 5031 6848 8197 2265 9730 5540 4578 6452 8826 4853 2657 5270 1297 9711 5693 9081
1237 2195 3349 798 8537 9741 5824 9577 793 5977 5031 6848 8197 2265 9730 5540 4578 6452 8826 4853 2657 5270 1297 9711 5693 9081
7935
1237 2195 3349 798 8537 9741 5824 9577 793 5977 5031 6848 8197 2265 9730 5540 4578 6452 8826 4853 2657 5270 1297 9711 5693 7935
7935
False
2994
1237 2195 3349 798 8537 9741 5824 9577 793 5977 5031 6848 8197 2265 9730 5540 4578 6452 8826 4853 2657 5270 2441 2994
287
26
8514
1237 2195 3349 798 8537 9741 5824 9577 793 5977 5031 6848 8197 2265 9730 5540 4578 6452 8826 4853 2657 5270 2441 2994 841 2848 1661 8514 7724
1237 2195 3349 798 8537 9741 5824 9577 793 5977 5031 6848 8197 2265 9730 5540 4578 6452 8826 4853 2657 5270 2441 2994 841 2848 1661 8514 7724
1237 2195 3349 798 8537 9741 5824 9577 793 5977 5031 6848 8197 2265 9730 5540 4578 6452 8826 4853 2657 5270 2441 2994 841 2848 1661 8514 7724 6286 251
False
1237 2195 3349 798 8537 9741 5824 9577 793 5977 5031 6848 8197 2265 9730 5540 4578 6452 8826 4853 2657 5270 2441 2994 841 2848 1661 8514 7724 6286 251
1237 2195 3349 798 8537 9741 5824 9577 793 5977 5031 6848 8197 2265 9730 5540 4578 6452 8826 4853 2657 5270 2441 2994 841 2848 1661 8514 7724 6286
False
False
4245
False
33
False
8840
False
False
False
False
False
1237 2195 3349 798 8537 9741 5824 9577 793 5977 5031 6848 8197 2265 9730 5540 4578 6452 8826 4853 2657 5270 2441 2994 841 2848 1661 8514 7724 6286 4245 8529 8840 3078 2875 536 8015 1895 1622
38
1237 2195 3349 798 8537 9741 5824 9577 793 5977 5031 6848 8197 2265 9730 5540 4578 6452 8826 4853 2657 5270 2441 2994 841 2848 1661 8514 7724 6286 4245 8529 8840 3078 2875 536 8015
False
1237 2195 3349 798 8537 9741 5824 9577 793 5977 5031 6848 8197 2265 9730 5540 4578 6452 8826 4853 2657 5270 2441 2994 841 2848 1661 8514 7724 6286 4245 8529 8840 3078 2875 536
1237 2195 3349 798 8537 9741 5824 9577 793 5977 5031 6848 8197 2265 9730 5540 4578 6452 8826 4853 2657 5270 2441 2994 841 2848 1661 8514 7724 6286 4245 8529 8840 3078 2875 536
2875
1237 2195 3349 798 8537 9741 5824 9577 793 5977 5031 6848 8197 2265 9730 5540 4578 6452 8826 4853 2657 5270 2441 2994 841 2848 1661 8514 7724 6286 4245 8529 8840 3078 2875 9425
1237 2195 3349 798 8537 9741 5824 9577 793 5977 5031 6848 8197 2265 9730 5540 4578 6452 8826 4853 2657 5270 2441 2994 841 2848 1661 8514 7724 6286 4245 8529 8840 3078 2875 9425 5938
37
1237 2195 3349 798 8537 9741 5824 9577 793 5977 5031 6848 8197 2265 9730 5540 4578 6452 8826 4853 2657 5270 2441 2994 841 2848 1661 8514 7724 6286 4245 8529 8840 3078 2875 9425 5938
False
False
1237 2195 3349 798 8537 9741 5824 9577 793 5977 5031 6848 8197 2265 9730 5540 4578 6452 8826 4853 2657 5270 2441 2994 841 2848 1661 8514 7724 6286 4245 8529 8840 3078 2875 9425 5938
False
443
1237 2195 3349 798 8537 9741 5824 9577 793 5977 5031 6848 8197 2265 9730 5540 4578 6452 8826 4853 2657 5270 2441 2994 841 2848 1661 8514 7724 6286 4245 8529 8840 3078 2875 9425 5938 443
5938
5938
False
False
1237 2195 3349 798 8537 9741 5824 9577 793 5977 5031 6848 8197 2265 9730 5540 4578 6452 8826 4853 2657 5270 2441 2994 841 2848 1661 8514 7724 6286 4245 8529 8840 3078 2875 9425 5938
36
34
34
1237 2195 3349 798 8537 9741 5824 9577 793 5977 5031 6848 8197 2265 9730 5540 4578 6452 8826 4853 2657 5270 2441 2994 841 2848 1661 8514 7724 6286 4245 8529 8840 3078
3078
False
False
1237 2195 3349 798 8537 9741 5824 9577 793 5977 5031 6848 8197 2265 9730 5540 4578 6452 8826 4853 2657 5270 2441 2994 841 2848 1661 8514 7724 6286 4245 8529
4245
8389
8389
False
1
33
False
False
1237 2195 3349 798 8537 9741 5824 9577 793 5977 5031 6848 8197 2265 9730 5540 4578 6452 8826 4853 2657 5270 2441 2994 841 2848 1661 8514 7724 6286 4245 8389 1373
35
False
1237 2195 3349 798 8537 9741 5824 9577 793 5977 5031 6848 8197 2265 9730 5540 4578 6452 8826 4853 2657 5270 2441 2994 841 2848 1661 8514 7724 6286 4245 8389 1373 3018
False
1237 2195 3349 798 8537 9741 5824 9577 793 5977 5031 6848 8197 2265 9730 5540 4578 6452 8826 4853 2657 5270 2441 2994 841 2848 1661 8514 7724
29
1237 2195 3349 798 8537 9741 5824 9577 793 5977 5031 6848 8197 2265 9730 5540 4578 6452 8826 4853 2657 5270 2441 2994 841 2848 1661 3151 7857 3537
False
False
False
False
35
False
False
1237 2195 3349 798 8537 9741 5824 9577 793 5977 5031 6848 8197 2265 9730 5540 4578 6452 8826 4853 2657 5270 2441 2994 841 2848 1661 3151 7857 3537 6070 7857 3394 3730 2714
1237 2195 3349 798 8537 9741 5824 9577 793 5977 5031 6848 8197 2265 9730 5540 4578 6452 8826 4853 2657 5270 2441 2994 841 2848 1661 3151 7857 3537 6070 7857 3394 3730 3403
False
False
36
False
35
1237 2195 3349 798 8537 9741 5824 9577 793 5977 5031 6848 8197 2265 9730 5540 4578 6452 8826 4853 2657 5270 2441 2994 841 2848 1661 3151 7857 3537 6070 7857 3394 3730
False
1237 2195 3349 798 8537 9741 5824 9577 793 5977 5031 6848 8197 2265 9730 5540 4578 6452 8826 4853 2657 5270 2441 2994 841 2848 1661 3151 7857 3537 6070 7857 3394 3730
False
1237 2195 3349 798 8537 9741 5824 9577 793 5977 5031 6848 8197 2265 9730 5540 4578 6452 8826 4853 2657 5270 2441 2994 841 2848 1661 3151 7857 3537 6070 7857 3394 3730
False
34
1237 2195 3349 798 8537 9741 5824 9577 793 5977 5031 6848 8197 2265 9730 5540 4578 6452 8826 4853 2657 5270 2441 2994 841 2848 1661 3151 7857 3537 6070 7857 3394 3730 6658
False
False
False
False
36
36
36
False
False
38
4577
38
35
False
False
False
34
1237 2195 3349 798 8537 9741 5824 9577 793 5977 5031 6848 8197 2265 9730 5540 4578 6452 8826 4853 2657 5270 2441 2994 841 2848 1661 3151 7857 3537 6070 7857 3394 3730
34
3730
False
False
False
7794
False
1237 2195 3349 798 8537 9741 5824 9577 793 5977 5031 6848 8197 2265 9730 5540 4578 6452 8826 4853 2657 5270 2441 2994 841 2848 1661 3151 7857 3537 6070 7857 5903
31
False
False
1237 2195 3349 798 8537 9741 5824 9577 793 5977 5031 6848 8197 2265 9730 5540 4578 6452 8826 4853 2657 5270 2441 2994 841 2848 1661 3151 7857 3537 6070 7204 3160 8086
1237 2195 3349 798 8537 9741 5824 9577 793 5977 5031 6848 8197 2265 9730 5540 4578 6452 8826 4853 2657 5270 2441 2994 841 2848 1661 3151 7857 3537 6070 7204 3160
32
1237 2195 3349 798 8537 9741 5824 9577 793 5977 5031 6848 8197 2265 9730 5540 4578 6452 8826 4853 2657 5270 2441 2994 841 2848 1661 3151 7857 3537 6070 7204
1237 2195 3349 798 8537 9741 5824 9577 793 5977 5031 6848 8197 2265 9730 5540 4578 6452 8826 4853 2657 5270 2441 2994 841 2848 1661 3151 7857 3537 6070 7204
1237 2195 3349 798 8537 9741 5824 9577 793 5977 5031 6848 8197 2265 9730 5540 4578 6452 8826 4853 2657 5270 2441 2994 841 2848 1661 3151 7857 3537
31
False
1237 2195 3349 798 8537 9741 5824 9577 793 5977 5031 6848 8197 2265 9730 5540 4578 6452 8826 4853 2657 5270 2441 2994 841 2848 1661 3151 7857 3537 951 7454 1060 8285
1237 2195 3349 798 8537 9741 5824 9577 793 5977 5031 6848 8197 2265 9730 5540 4578 6452 8826 4853 2657 5270 2441 2994 841 2848 1661 3151 4201
False
1237 2195 3349 798 8537 9741 5824 9577 793 5977 5031 6848 8197 2265 9730 5540 4578 6452 8826 4853 2657 5270 2441 2994 841 2848 1661 3151 4201
False
29
1237 2195 3349 798 8537 9741 5824 9577 793 5977 5031 6848 8197 2265 9730 5540 4578 6452 8826 4853 2657 5270 2441 2994 841 2848 1661 3151 4201 1729
False
1729
2421
1902
False
False
7464
False
False
False
False
1237 2195 3349 798 8537 9741 5824 9577 793 5977 5031 6848 8197 2265 9730 5540 4578 6452 8826 4853 2657 5270 2441 2994 841 2848 1661 3151 4201 1729 5389 2421 785 4709 2398 6267
1237 2195 3349 798 8537 9741 5824 9577 793 5977 5031 6848 8197 2265 9730 5540 4578 6452 8826 4853 2657 5270 2441 2994 841 2848 1661 3151 4201 1729 5389 2421 785 4709 2398 6267
False
False
36
1237 2195 3349 798 8537 9741 5824 9577 793 5977 5031 6848 8197 2265 9730 5540 4578 6452 8826 4853 2657 5270 2441 2994 841 2848 1661 3151 4201 1729 5389 2421 785 4709 2398 6267
False
35
35
False
False
785
6244
1237 2195 3349 798 8537 9741 5824 9577 793 5977 5031 6848 8197 2265 9730 5540 4578 6452 8826 4853 2657 5270 2441 2994 841 2848 1661 3151 4201 1729 5389 2421 785 4798 6244
33
1237 2195 3349 798 8537 9741 5824 9577 793 5977 5031 6848 8197 2265 9730 5540 4578 6452 8826 4853 2657 5270 2441 2994 841 2848 1661 3151 4201 1729 5389 2421 785
33
785
False
False
False
1237 2195 3349 798 8537 9741 5824 9577 793 5977 5031 6848 8197 2265 9730 5540 4578 6452 8826 4853 2657 5270 2441 2994 841 2848 1661 3151 4201 1729 5389 2421 785 7846 3972 3187
39
False
39
False
39
1237 2195 3349 798 8537 9741 5824 9577 793 5977 5031 6848 8197 2265 9730 5540 4578 6452 8826 4853 2657 5270 2441 2994 841 2848 1661 3151 4201 1729 5389 2421 785 7846 3972 3187 5622 2397
False
7642
False
7642
False
3447
38
False
38
False
False
False
False
False
39
1237 2195 3349 798 8537 9741 5824 9577 793 5977 5031 6848 8197 2265 9730 5540 4578 6452 8826 4853 2657 5270 2441 2994 841 2848 1661 3151 4201 1729 5389 2421 785 7846 3972 3187 7642 8122 5429
1237 2195 3349 798 8537 9741 5824 9577 793 5977 5031 6848 8197 2265 9730 5540 4578 6452 8826 4853 2657 5270 2441 2994 841 2848 1661 3151 4201 1729 5389 2421 785 7846 3972 3187 7642 8122
False
7642
9318
1237 2195 3349 798 8537 9741 5824 9577 793 5977 5031 6848 8197 2265 9730 5540 4578 6452 8826 4853 2657 5270 2441 2994 841 2848 1661 3151 4201 1729 5389 2421 785 7846 3972 3187 7642 9318
False
39
1237 2195 3349 798 8537 9741 5824 9577 793 5977 5031 6848 8197 2265 9730 5540 4578 6452 8826 4853 2657 5270 2441 2994 841 2848 1661 3151 4201 1729 5389 2421 785 7846 3972 3187 7642 9318 6664
False
1237 2195 3349 798 8537 9741 5824 9577 793 5977 5031 6848 8197 2265 9730 5540 4578 6452 8826 4853 2657 5270 2441 2994 841 2848 1661 3151 4201 1729 5389 2421 785 7846 3972 3187 7642 9318
9318
7642
1237 2195 3349 798 8537 9741 5824 9577 793 5977 5031 6848 8197 2265 9730 5540 4578 6452 8826 4853 2657 5270 2441 2994 841 2848 1661 3151 4201 1729 5389 2421 785 7846 3972 3187 7642
9557
1237 2195 3349 798 8537 9741 5824 9577 793 5977 5031 6848 8197 2265 9730 5540 4578 6452 8826 4853 2657 5270 2441 2994 841 2848 1661 3151 4201 1729 5389 2421 785 7846 3972 3187 9557
1237 2195 3349 798 8537 9741 5824 9577 793 5977 5031 6848 8197 2265 9730 5540 4578 6452 8826 4853 2657 5270 2441 2994 841 2848 1661 3151 4201 1729 5389 2421 785 7846 3972 3187 9557
9557
1237 2195 3349 798 8537 9741 5824 9577 793 5977 5031 6848 8197 2265 9730 5540 4578 6452 8826 4853 2657 5270 2441 2994 841 2848 1661 3151 4201 1729 5389 2421 785 7846 3972 3187 9557 2283
2283
False
1237 2195 3349 798 8537 9741 5824 9577 793 5977 5031 6848 8197 2265 9730 5540 4578 6452 8826 4853 2657 5270 2441 2994 841 2848 1661 3151 4201 1729 5389 2421 785 7846 3972 3187 9557 688 3046
False
5343
1237 2195 3349 798 8537 9741 5824 9577 793 5977 5031 6848 8197 2265 9730 5540 4578 6452 8826 4853 2657 5270 2441 2994 841 2848 1661 3151 4201 1729 5389 2421 785 7846 3972 3187 9557 688 2654 5343
3187
1237 2195 3349 798 8537 9741 5824 9577 793 5977 5031 6848 8197 2265 9730 5540 4578 6452 8826 4853 2657 5270 2441 2994 841 2848 1661 3151 4201 1729 5389 2421 785 7846
1237 2195 3349 798 8537 9741 5824 9577 793 5977 5031 6848 8197 2265 9730 5540 4578 6452 8826 4853 2657 5270 2441 2994 841 2848 1661 3151 4201 1729 5389 2421
2421
False
False
32
False
False
False
False
35
36
False
35
6043
34
1237 2195 3349 798 8537 9741 5824 9577 793 5977 5031 6848 8197 2265 9730 5540 4578 6452 8826 4853 2657 5270 2441 2994 841 2848 1661 3151 4201 1729 5389 2421 8700 7424
False
34
False
31
False
False
False
1237 2195 3349 798 8537 9741 5824 9577 793 5977 5031 6848 8197 2265 9730 5540 4578 6452 8826 4853 2657 5270 2441 2994 841 2848 1661 3151 4201 1729 5389 7591 9759 7014
False
1237 2195 3349 798 8537 9741 5824 9577 793 5977 5031 6848 8197 2265 9730 5540 4578 6452 8826 4853 2657 5270 2441 2994 841 2848 1661 3151 4201 1729 5389 7591 9759 7014 3185
35
1237 2195 3349 798 8537 9741 5824 9577 793 5977 5031 6848 8197 2265 9730 5540 4578 6452 8826 4853 2657 5270 2441 2994 841 2848 1661 3151 4201 1729 5389 7591 9759 7014 3185
1237 2195 3349 798 8537 9741 5824 9577 793 5977 5031 6848 8197 2265 9730 5540 4578 6452 8826 4853 2657 5270 2441 2994 841 2848 1661 3151 4201 1729 5389 7591 9759 7014 3185
False
False
False
2618
False
False
5389
False
31
30
3151
28
1237 2195 3349 798 8537 9741 5824 9577 793 5977 5031 6848 8197 2265 9730 5540 4578 6452 8826 4853 2657 5270 2441 2994 841 2848 1661 3151
False
False
28
8459
1237 2195 3349 798 8537 9741 5824 9577 793 5977 5031 6848 8197 2265 9730 5540 4578 6452 8826 4853 2657 5270 2441 2994 841 2848 1661 3151 8459
1237 2195 3349 798 8537 9741 5824 9577 793 5977 5031 6848 8197 2265 9730 5540 4578 6452 8826 4853 2657 5270 2441 2994 841 2848 1661 3151 8459
1237 2195 3349 798 8537 9741 5824 9577 793 5977 5031 6848 8197 2265 9730 5540 4578 6452 8826 4853 2657 5270 2441 2994 841 2848 1661 3151 8459
8459
7746
1237 2195 3349 798 8537 9741 5824 9577 793 5977 5031 6848 8197 2265 9730 5540 4578 6452 8826 4853 2657 5270 2441 2994 841 2848 1661 3151 8459
29
False
1237 2195 3349 798 8537 9741 5824 9577 793 5977 5031 6848 8197 2265 9730 5540 4578 6452 8826 4853 2657 5270 2441 2994 841 2848 1661 3151 1862
False
False
False
False
30
9123
9123
9123
2898
False
1237 2195 3349 798 8537 9741 5824 9577 793 5977 5031 6848 8197 2265 9730 5540 4578 6452 8826 4853 2657 5270 2441 2994 841 2848 1661 3151 8807 9123 2898 7925
31
False
False
False
1237 2195 3349 798 8537 9741 5824 9577 793 5977 5031 6848 8197 2265 9730 5540 4578 6452 8826 4853 2657 5270 2441 2994 841 2848
26
False
False
False
False
27
False
False
1237 2195 3349 798 8537 9741 5824 9577 793 5977 5031 6848 8197 2265 9730 5540 4578 6452 8826 4853 2657 5270 2441 2994 841 719 2412 5972
5972
1237 2195 3349 798 8537 9741 5824 9577 793 5977 5031 6848 8197 2265 9730 5540 4578 6452 8826 4853 2657 5270 2441 2994 841 719 2412 5972 6911
False
30
False
1237 2195 3349 798 8537 9741 5824 9577 793 5977 5031 6848 8197 2265 9730 5540 4578 6452 8826 4853 2657 5270 2441 2994 841 719 2412 5972
1237 2195 3349 798 8537 9741 5824 9577 793 5977 5031 6848 8197 2265 9730 5540 4578 6452 8826 4853 2657 5270 2441 2994 841 719 2412 5972
1237 2195 3349 798 8537 9741 5824 9577 793 5977 5031 6848 8197 2265 9730 5540 4578 6452 8826 4853 2657 5270 2441 2994 841 719 2412
2412
719
25
False
False
26
4758
False
2537
27
1237 2195 3349 798 8537 9741 5824 9577 793 5977 5031 6848 8197 2265 9730 5540 4578 6452 8826 4853 2657 5270 2441 2994 841 4583 2537
27
4583
False
False
False
1308
False
7117
1237 2195 3349 798 8537 9741 5824 9577 793 5977 5031 6848 8197 2265 9730 5540 4578 6452 8826 4853 2657 5270 2441 2994 841 4583 7863 8099 4561 3565 7117
False
1237 2195 3349 798 8537 9741 5824 9577 793 5977 5031 6848 8197 2265 9730 5540 4578 6452 8826 4853 2657 5270 2441 2994 841 4583 7863 8099 4561 3565 7117
False
False
8070
False
False
8070
False
5640
33
False
34
34
5480
1237 2195 3349 798 8537 9741 5824 9577 793 5977 5031 6848 8197 2265 9730 5540 4578 6452 8826 4853 2657 5270 2441 2994 841 4583 7863 8099 4561 3565 7117 6524 5640 3569 5480
5480
35
34
1237 2195 3349 798 8537 9741 5824 9577 793 5977 5031 6848 8197 2265 9730 5540 4578 6452 8826 4853 2657 5270 2441 2994 841 4583 7863 8099 4561 3565 7117 6524 5640 3569 5592
5592
1237 2195 3349 798 8537 9741 5824 9577 793 5977 5031 6848 8197 2265 9730 5540 4578 6452 8826 4853 2657 5270 2441 2994 841 4583 7863 8099 4561 3565 7117 6524 5640 3569 5592 5920
False
False
1237 2195 3349 798 8537 9741 5824 9577 793 5977 5031 6848 8197 2265 9730 5540 4578 6452 8826 4853 2657 5270 2441 2994 841 4583 7863 8099 4561 3565 7117 6524 5640 3569 5592 6618 304 1165
False
1165
1237 2195 3349 798 8537 9741 5824 9577 793 5977 5031 6848 8197 2265 9730 5540 4578 6452 8826 4853 2657 5270 2441 2994 841 4583 7863 8099 4561 3565 7117 6524 5640 3569 5592 6618 304 1165
38
7601
False
1237 2195 3349 798 8537 9741 5824 9577 793 5977 5031 6848 8197 2265 9730 5540 4578 6452 8826 4853 2657 5270 2441 2994 841 4583 7863 8099 4561 3565 7117 6524 5640 3569 5592 6618 7601
False
False
False
40
False
42
False
6843
41
41
1237 2195 3349 798 8537 9741 5824 9577 793 5977 5031 6848 8197 2265 9730 5540 4578 6452 8826 4853 2657 5270 2441 2994 841 4583 7863 8099 4561 3565 7117 6524 5640 3569 5592 6618 1137 7341 6232 8285 6843 7491 5620
43
False
43
False
1237 2195 3349 798 8537 9741 5824 9577 793 5977 5031 6848 8197 2265 9730 5540 4578 6452 8826 4853 2657 5270 2441 2994 841 4583 7863 8099 4561 3565 7117 6524 5640 3569 5592 6618 1137 7341 6232 8285 6843 7491 963 1179 1680
False
1237 2195 3349 798 8537 9741 5824 9577 793 5977 5031 6848 8197 2265 9730 5540 4578 6452 8826 4853 2657 5270 2441 2994 841 4583 7863 8099 4561 3565 7117 6524 5640 3569 5592 6618 1137 7341 6232 8285 6843 7491 963 1179 1680
1680
False
False
1237 2195 3349 798 8537 9741 5824 9577 793 5977 5031 6848 8197 2265 9730 5540 4578 6452 8826 4853 2657 5270 2441 2994 841 4583 7863 8099 4561 3565 7117 6524 5640 3569 5592 6618 1137 7341 6232 8285 6843 5472 5524
42
42
8285
1237 2195 3349 798 8537 9741 5824 9577 793 5977 5031 6848 8197 2265 9730 5540 4578 6452 8826 4853 2657 5270 2441 2994 841 4583 7863 8099 4561 3565 7117 6524 5640 3569 5592 6618 1137 7341 6232 8285
False
False
42
8838
False
1137
False
4270
4270
False
38
False
1237 2195 3349 798 8537 9741 5824 9577 793 5977 5031 6848 8197 2265 9730 5540 4578 6452 8826 4853 2657 5270 2441 2994 841 4583 7863 8099 4561 3565 7117 6524 5640 3569 5592 6618 1137 4270
1237 2195 3349 798 8537 9741 5824 9577 793 5977 5031 6848 8197 2265 9730 5540 4578 6452 8826 4853 2657 5270 2441 2994 841 4583 7863 8099 4561 3565 7117 6524 5640 3569 5592 6618 1137 4270
38
False
False
39
False
1237 2195 3349 798 8537 9741 5824 9577 793 5977 5031 6848 8197 2265 9730 5540 4578 6452 8826 4853 2657 5270 2441 2994 841 4583 7863 8099 4561 3565 7117 6524 5640 3569 5592 6618 1137 4270 8890
False
False
42
42
1237 2195 3349 798 8537 9741 5824 9577 793 5977 5031 6848 8197 2265 9730 5540 4578 6452 8826 4853 2657 5270 2441 2994 841 4583 7863 8099 4561 3565 7117 6524 5640 3569 5592 6618 1137 4270 8890 5187 1866 736
False
False
False
1237 2195 3349 798 8537 9741 5824 9577 793 5977 5031 6848 8197 2265 9730 5540 4578 6452 8826 4853 2657 5270 2441 2994 841 4583 7863 8099 4561 3565 7117 6524 5640 3569 5592 6618 1137 4270 8890 5187 1866 736 4058 1045 3325
45
45
False
45
9
45
False
45
1045
4058
False
False
False
1237 2195 3349 798 8537 9741 5824 9577 793 5977 5031 6848 8197 2265 9730 5540 4578 6452 8826 4853 2657 5270 2441 2994 841 4583 7863 8099 4561 3565 7117 6524 5640 3569 5592 6618 1137 4270 8890 5187 1866 736 4058
42
736
False
False
736
736
736
42
736
False
False
1237 2195 3349 798 8537 9741 5824 9577 793 5977 5031 6848 8197 2265 9730 5540 4578 6452 8826 4853 2657 5270 2441 2994 841 4583 7863 8099 4561 3565 7117 6524 5640 3569 5592 6618 1137 4270 8890 5187 1866
5187
False
7463
False
False
7847
42
7847
False
7847
3820
False
44
43
False
False
8609
1237 2195 3349 798 8537 9741 5824 9577 793 5977 5031 6848 8197 2265 9730 5540 4578 6452 8826 4853 2657 5270 2441 2994 841 4583 7863 8099 4561 3565 7117 6524 5640 3569 5592 6618 1137 4270 8890 5187 155 7847
7847
1237 2195 3349 798 8537 9741 5824 9577 793 5977 5031 6848 8197 2265 9730 5540 4578 6452 8826 4853 2657 5270 2441 2994 841 4583 7863 8099 4561 3565 7117 6524 5640 3569 5592 6618 1137 4270 8890 5187 155 7847
7847
False
False
43
False
False
44
42
3567
3567
44
False
3567
False
False
False
False
43
False
False
40
1237 2195 3349 798 8537 9741 5824 9577 793 5977 5031 6848 8197 2265 9730 5540 4578 6452 8826 4853 2657 5270 2441 2994 841 4583 7863 8099 4561 3565 7117 6524 5640 3569 5592 6618 1137 4270 8890 5187
1237 2195 3349 798 8537 9741 5824 9577 793 5977 5031 6848 8197 2265 9730 5540 4578 6452 8826 4853 2657 5270 2441 2994 841 4583 7863 8099 4561 3565 7117 6524 5640 3569 5592 6618 1137 4270 8890 5187
False
1237 2195 3349 798 8537 9741 5824 9577 793 5977 5031 6848 8197 2265 9730 5540 4578 6452 8826 4853 2657 5270 2441 2994 841 4583 7863 8099 4561 3565 7117 6524 5640 3569 5592 6618 1137 4270 8890
39
39
False
39
39
5428
1237 2195 3349 798 8537 9741 5824 9577 793 5977 5031 6848 8197 2265 9730 5540 4578 6452 8826 4853 2657 5270 2441 2994 841 4583 7863 8099 4561 3565 7117 6524 5640 3569 5592 6618 1137 4270 8890 5428 3244
41
1237 2195 3349 798 8537 9741 5824 9577 793 5977 5031 6848 8197 2265 9730 5540 4578 6452 8826 4853 2657 5270 2441 2994 841 4583 7863 8099 4561 3565 7117 6524 5640 3569 5592 6618 1137 4270 8890 5428 3244 2096
1237 2195 3349 798 8537 9741 5824 9577 793 5977 5031 6848 8197 2265 9730 5540 4578 6452 8826 4853 2657 5270 2441 2994 841 4583 7863 8099 4561 3565 7117 6524 5640 3569 5592 6618 1137 4270 8890 5428 3244 2096
42
False
1237 2195 3349 798 8537 9741 5824 9577 793 5977 5031 6848 8197 2265 9730 5540 4578 6452 8826 4853 2657 5270 2441 2994 841 4583 7863 8099 4561 3565 7117 6524 5640 3569 5592 6618 1137 4270 8890 5428 3244 2096
False
1237 2195 3349 798 8537 9741 5824 9577 793 5977 5031 6848 8197 2265 9730 5540 4578 6452 8826 4853 2657 5270 2441 2994 841 4583 7863 8099 4561 3565 7117 6524 5640 3569 5592 6618 1137 4270 8890 5428 3244 2096
5428
1237 2195 3349 798 8537 9741 5824 9577 793 5977 5031 6848 8197 2265 9730 5540 4578 6452 8826 4853 2657 5270 2441 2994 841 4583 7863 8099 4561 3565 7117 6524 5640 3569 5592 6618 1137 4270 8890 5428
1237 2195 3349 798 8537 9741 5824 9577 793 5977 5031 6848 8197 2265 9730 5540 4578 6452 8826 4853 2657 5270 2441 2994 841 4583 7863 8099 4561 3565 7117 6524 5640 3569 5592 6618 1137 4270 8890 5428
40
5428
38
4270
False
False
6618
1237 2195 3349 798 8537 9741 5824 9577 793 5977 5031 6848 8197 2265 9730 5540 4578 6452 8826 4853 2657 5270 2441 2994 841 4583 7863 8099 4561 3565 7117 6524 5640 3569 5592 6618
False
False
1237 2195 3349 798 8537 9741 5824 9577 793 5977 5031 6848 8197 2265 9730 5540 4578 6452 8826 4853 2657 5270 2441 2994 841 4583 7863 8099 4561 3565 7117 6524 5640 3569 5592
False
False
33
False
1237 2195 3349 798 8537 9741 5824 9577 793 5977 5031 6848 8197 2265 9730 5540 4578 6452 8826 4853 2657 5270 2441 2994 841 4583 7863 8099 4561 3565 7117 6524 5640
34
False
34
4172
4172
False
False
1237 2195 3349 798 8537 9741 5824 9577 793 5977 5031 6848 8197 2265 9730 5540 4578 6452 8826 4853 2657 5270 2441 2994 841 4583 7863 8099 4561 3565 7117 6524 5640 4172 1547 9786
9264
1237 2195 3349 798 8537 9741 5824 9577 793 5977 5031 6848 8197 2265 9730 5540 4578 6452 8826 4853 2657 5270 2441 2994 841 4583 7863 8099 4561 3565 7117 6524 5640 4172 1547 6845 150 9264
38
False
False
False
446
1237 2195 3349 798 8537 9741 5824 9577 793 5977 5031 6848 8197 2265 9730 5540 4578 6452 8826 4853 2657 5270 2441 2994 841 4583 7863 8099 4561 3565 7117 6524 5640 4172 1547 6845 150 9264 7054 1712 9057 8186 8445 4559 446
446
45
446
False
False
45
1237 2195 3349 798 8537 9741 5824 9577 793 5977 5031 6848 8197 2265 9730 5540 4578 6452 8826 4853 2657 5270 2441 2994 841 4583 7863 8099 4561 3565 7117 6524 5640 4172 1547 6845 150 9264 7054 1712 9057 8186 8445 4559 3225
3225
46
43
43
45
False
46
False
1237 2195 3349 798 8537 9741 5824 9577 793 5977 5031 6848 8197 2265 9730 5540 4578 6452 8826 4853 2657 5270 2441 2994 841 4583 7863 8099 4561 3565 7117 6524 5640 4172 1547 6845 150 9264 7054 1712 9057 8186 8445 6188 6799 179 6681 3277
49
1237 2195 3349 798 8537 9741 5824 9577 793 5977 5031 6848 8197 2265 9730 5540 4578 6452 8826 4853 2657 5270 2441 2994 841 4583 7863 8099 4561 3565 7117 6524 5640 4172 1547 6845 150 9264 7054 1712 9057 8186 8445 6188 6799 179 6681 3277 754
False
754
False
False
1237 2195 3349 798 8537 9741 5824 9577 793 5977 5031 6848 8197 2265 9730 5540 4578 6452 8826 4853 2657 5270 2441 2994 841 4583 7863 8099 4561 3565 7117 6524 5640 4172 1547 6845 150 9264 7054 1712 9057 8186 8445 6188 6799 179 6681 8572
1237 2195 3349 798 8537 9741 5824 9577 793 5977 5031 6848 8197 2265 9730 5540 4578 6452 8826 4853 2657 5270 2441 2994 841 4583 7863 8099 4561 3565 7117 6524 5640 4172 1547 6845 150 9264 7054 1712 9057 8186 8445 6188 6799 179 6117
1237 2195 3349 798 8537 9741 5824 9577 793 5977 5031 6848 8197 2265 9730 5540 4578 6452 8826 4853 2657 5270 2441 2994 841 4583 7863 8099 4561 3565 7117 6524 5640 4172 1547 6845 150 9264 7054 1712 9057 8186 8445 6188 6799 179 6117 1968
47
46
1237 2195 3349 798 8537 9741 5824 9577 793 5977 5031 6848 8197 2265 9730 5540 4578 6452 8826 4853 2657 5270 2441 2994 841 4583 7863 8099 4561 3565 7117 6524 5640 4172 1547 6845 150 9264 7054 1712 9057 8186 8445 6188 6799 179
False
179
6799
False
6799
False
46
False
1237 2195 3349 798 8537 9741 5824 9577 793 5977 5031 6848 8197 2265 9730 5540 4578 6452 8826 4853 2657 5270 2441 2994 841 4583 7863 8099 4561 3565 7117 6524 5640 4172 1547 6845 150 9264 7054 1712 9057 8186 8445 6188 6799
44
1237 2195 3349 798 8537 9741 5824 9577 793 5977 5031 6848 8197 2265 9730 5540 4578 6452 8826 4853 2657 5270 2441 2994 841 4583 7863 8099 4561 3565 7117 6524 5640 4172 1547 6845 150 9264 7054 1712 9057 8186 8445 6188
44
False
2403
43
False
False
False
False
40
False
7054
9264
False
False
False
1237 2195 3349 798 8537 9741 5824 9577 793 5977 5031 6848 8197 2265 9730 5540 4578 6452 8826 4853 2657 5270 2441 2994 841 4583 7863 8099 4561 3565 7117 6524 5640 4172 1547 6845 150 4882
38
False
1237 2195 3349 798 8537 9741 5824 9577 793 5977 5031 6848 8197 2265 9730 5540 4578 6452 8826 4853 2657 5270 2441 2994 841 4583 7863 8099 4561 3565 7117 6524 5640 4172 1547 6845 150 4882 6012 5902
40
5902
40
5902
1237 2195 3349 798 8537 9741 5824 9577 793 5977 5031 6848 8197 2265 9730 5540 4578 6452 8826 4853 2657 5270 2441 2994 841 4583 7863 8099 4561 3565 7117 6524 5640 4172 1547 6845 150 4882
4882
False
38
False
41
1237 2195 3349 798 8537 9741 5824 9577 793 5977 5031 6848 8197 2265 9730 5540 4578 6452 8826 4853 2657 5270 2441 2994 841 4583 7863 8099 4561 3565 7117 6524 5640 4172 1547 6845 150 4882 5031 8767 5568
False
False
43
False
False
42
8065
False
False
False
False
False
False
44
False
47
False
8863
False
False
1237 2195 3349 798 8537 9741 5824 9577 793 5977 5031 6848 8197 2265 9730 5540 4578 6452 8826 4853 2657 5270 2441 2994 841 4583 7863 8099 4561 3565 7117 6524 5640 4172 1547 6845 150 4882 5031 8767 5568 1336 9229 7501 4036 8445 7509 6563
48
8293
1237 2195 3349 798 8537 9741 5824 9577 793 5977 5031 6848 8197 2265 9730 5540 4578 6452 8826 4853 2657 5270 2441 2994 841 4583 7863 8099 4561 3565 7117 6524 5640 4172 1547 6845 150 4882 5031 8767 5568 1336 9229 7501 4036 8445 7509 6563 8293 3484
1237 2195 3349 798 8537 9741 5824 9577 793 5977 5031 6848 8197 2265 9730 5540 4578 6452 8826 4853 2657 5270 2441 2994 841 4583 7863 8099 4561 3565 7117 6524 5640 4172 1547 6845 150 4882 5031 8767 5568 1336 9229 7501 4036 8445 7509 6563
False
False
False
46
False
False
False
1237 2195 3349 798 8537 9741 5824 9577 793 5977 5031 6848 8197 2265 9730 5540 4578 6452 8826 4853 2657 5270 2441 2994 841 4583 7863 8099 4561 3565 7117 6524 5640 4172 1547 6845 150 4882 5031 8767 5568 1336 9229 3456
False
3768
1237 2195 3349 798 8537 9741 5824 9577 793 5977 5031 6848 8197 2265 9730 5540 4578 6452 8826 4853 2657 5270 2441 2994 841 4583 7863 8099 4561 3565 7117 6524 5640 4172 1547 6845 150 4882 5031 8767 5568 1336 9229 3456 1556
1237 2195 3349 798 8537 9741 5824 9577 793 5977 5031 6848 8197 2265 9730 5540 4578 6452 8826 4853 2657 5270 2441 2994 841 4583 7863 8099 4561 3565 7117 6524 5640 4172 1547 6845 150 4882 5031 8767 5568 1336 9229 3456 1556 2626 7181 5326 3681 2310
1237 2195 3349 798 8537 9741 5824 9577 793 5977 5031 6848 8197 2265 9730 5540 4578 6452 8826 4853 2657 5270 2441 2994 841 4583 7863 8099 4561 3565 7117 6524 5640 4172 1547 6845 150 4882 5031 8767 5568 1336 9229 3456 1556 2626 7181 5326 3681 2310
False
1237 2195 3349 798 8537 9741 5824 9577 793 5977 5031 6848 8197 2265 9730 5540 4578 6452 8826 4853 2657 5270 2441 2994 841 4583 7863 8099 4561 3565 7117 6524 5640 4172 1547 6845 150 4882 5031 8767 5568 1336 9229 3456 1556 2626 7181 5326 3681 2310
False
1237 2195 3349 798 8537 9741 5824 9577 793 5977 5031 6848 8197 2265 9730 5540 4578 6452 8826 4853 2657 5270 2441 2994 841 4583 7863 8099 4561 3565 7117 6524 5640 4172 1547 6845 150 4882 5031 8767 5568 1336 9229 3456 1556 2626 7181 5326 3681 2310 2861
1237 2195 3349 798 8537 9741 5824 9577 793 5977 5031 6848 8197 2265 9730 5540 4578 6452 8826 4853 2657 5270 2441 2994 841 4583 7863 8099 4561 3565 7117 6524 5640 4172 1547 6845 150 4882 5031 8767 5568 1336 9229 3456 1556 2626 7181 5326 3681 2310 2861
2861
50
50
False
50
False
49
False
False
4099
50
False
1237 2195 3349 798 8537 9741 5824 9577 793 5977 5031 6848 8197 2265 9730 5540 4578 6452 8826 4853 2657 5270 2441 2994 841 4583 7863 8099 4561 3565 7117 6524 5640 4172 1547 6845 150 4882 5031 8767 5568 1336 9229 3456 1556 2626 7181 5326 3681 4099 9388
1237 2195 3349 798 8537 9741 5824 9577 793 5977 5031 6848 8197 2265 9730 5540 4578 6452 8826 4853 2657 5270 2441 2994 841 4583 7863 8099 4561 3565 7117 6524 5640 4172 1547 6845 150 4882 5031 8767 5568 1336 9229 3456 1556 2626 7181 5326 3681 4099 9388
False
False
8563
1237 2195 3349 798 8537 9741 5824 9577 793 5977 5031 6848 8197 2265 9730 5540 4578 6452 8826 4853 2657 5270 2441 2994 841 4583 7863 8099 4561 3565 7117 6524 5640 4172 1547 6845 150 4882 5031 8767 5568 1336 9229 3456 1556 2626 7181 5326 3681 4099 8563
1237 2195 3349 798 8537 9741 5824 9577 793 5977 5031 6848 8197 2265 9730 5540 4578 6452 8826 4853 2657 5270 2441 2994 841 4583 7863 8099 4561 3565 7117 6524 5640 4172 1547 6845 150 4882 5031 8767 5568 1336 9229 3456 1556 2626 7181 5326 3681 4099 8563 5661 7233
1237 2195 3349 798 8537 9741 5824 9577 793 5977 5031 6848 8197 2265 9730 5540 4578 6452 8826 4853 2657 5270 2441 2994 841 4583 7863 8099 4561 3565 7117 6524 5640 4172 1547 6845 150 4882 5031 8767 5568 1336 9229 3456 1556 2626 7181 5326 3681 4099 8563 5661 7233
1237 2195 3349 798 8537 9741 5824 9577 793 5977 5031 6848 8197 2265 9730 5540 4578 6452 8826 4853 2657 5270 2441 2994 841 4583 7863 8099 4561 3565 7117 6524 5640 4172 1547 6845 150 4882 5031 8767 5568 1336 9229 3456 1556 2626 7181 5326 3681 4099 8563 5661 7233
False
False
2912
54
2912
False
53
7233
53
False
52
1237 2195 3349 798 8537 9741 5824 9577 793 5977 5031 6848 8197 2265 9730 5540 4578 6452 8826 4853 2657 5270 2441 2994 841 4583 7863 8099 4561 3565 7117 6524 5640 4172 1547 6845 150 4882 5031 8767 5568 1336 9229 3456 1556 2626 7181 5326 3681 4099 8563 9530 8748
53
53
False
7129
False
False
54
55
False
1237 2195 3349 798 8537 9741 5824 9577 793 5977 5031 6848 8197 2265 9730 5540 4578 6452 8826 4853 2657 5270 2441 2994 841 4583 7863 8099 4561 3565 7117 6524 5640 4172 1547 6845 150 4882 5031 8767 5568 1336 9229 3456 1556 2626 7181 5326 3681 4099 8563 9530 8748 967 3728
55
False
3728
False
False
False
False
3728
1237 2195 3349 798 8537 9741 5824 9577 793 5977 5031 6848 8197 2265 9730 5540 4578 6452 8826 4853 2657 5270 2441 2994 841 4583 7863 8099 4561 3565 7117 6524 5640 4172 1547 6845 150 4882 5031 8767 5568 1336 9229 3456 1556 2626 7181 5326 3681 4099 8563 9530 8748 967 3728
False
5017
1237 2195 3349 798 8537 9741 5824 9577 793 5977 5031 6848 8197 2265 9730 5540 4578 6452 8826 4853 2657 5270 2441 2994 841 4583 7863 8099 4561 3565 7117 6524 5640 4172 1547 6845 150 4882 5031 8767 5568 1336 9229 3456 1556 2626 7181 5326 3681 4099 8563 9530 8748 967 2511 5017
5017
5017
1237 2195 3349 798 8537 9741 5824 9577 793 5977 5031 6848 8197 2265 9730 5540 4578 6452 8826 4853 2657 5270 2441 2994 841 4583 7863 8099 4561 3565 7117 6524 5640 4172 1547 6845 150 4882 5031 8767 5568 1336 9229 3456 1556 2626 7181 5326 3681 4099 8563 9530 8748 967 2511 1033
False
54
False
53
8748
53
54
4869
4869
4869
55
False
False
False
56
56
7527
False
False
4331
1237 2195 3349 798 8537 9741 5824 9577 793 5977 5031 6848 8197 2265 9730 5540 4578 6452 8826 4853 2657 5270 2441 2994 841 4583 7863 8099 4561 3565 7117 6524 5640 4172 1547 6845 150 4882 5031 8767 5568 1336 9229 3456 1556 2626 7181 5326 3681 4099 8563 9530 8748 4869 1016 5416
55
3276
1237 2195 3349 798 8537 9741 5824 9577 793 5977 5031 6848 8197 2265 9730 5540 4578 6452 8826 4853 2657 5270 2441 2994 841 4583 7863 8099 4561 3565 7117 6524 5640 4172 1547 6845 150 4882 5031 8767 5568 1336 9229 3456 1556 2626 7181 5326 3681 4099 8563 9530 8748 4869 1016 6570 9632 3276
1237 2195 3349 798 8537 9741 5824 9577 793 5977 5031 6848 8197 2265 9730 5540 4578 6452 8826 4853 2657 5270 2441 2994 841 4583 7863 8099 4561 3565 7117 6524 5640 4172 1547 6845 150 4882 5031 8767 5568 1336 9229 3456 1556 2626 7181 5326 3681 4099 8563 9530 8748 4869 1016 6570 9632
56
1237 2195 3349 798 8537 9741 5824 9577 793 5977 5031 6848 8197 2265 9730 5540 4578 6452 8826 4853 2657 5270 2441 2994 841 4583 7863 8099 4561 3565 7117 6524 5640 4172 1547 6845 150 4882 5031 8767 5568 1336 9229 3456 1556 2626 7181 5326 3681 4099 8563 9530 8748 4869
2137
False
1237 2195 3349 798 8537 9741 5824 9577 793 5977 5031 6848 8197 2265 9730 5540 4578 6452 8826 4853 2657 5270 2441 2994 841 4583 7863 8099 4561 3565 7117 6524 5640 4172 1547 6845 150 4882 5031 8767 5568 1336 9229 3456 1556 2626 7181 5326 3681 4099 8563 9530 8748 9412 6284
False
9033
9412
False
9412
1237 2195 3349 798 8537 9741 5824 9577 793 5977 5031 6848 8197 2265 9730 5540 4578 6452 8826 4853 2657 5270 2441 2994 841 4583 7863 8099 4561 3565 7117 6524 5640 4172 1547 6845 150 4882 5031 8767 5568 1336 9229 3456 1556 2626 7181 5326 3681 4099 8563 9530 8748 9412
False
56
55
False
False
9412
8748
False
False
50
49
51
51
2162
False
52
51
False
1237 2195 3349 798 8537 9741 5824 9577 793 5977 5031 6848 8197 2265 9730 5540 4578 6452 8826 4853 2657 5270 2441 2994 841 4583 7863 8099 4561 3565 7117 6524 5640 4172 1547 6845 150 4882 5031 8767 5568 1336 9229 3456 1556 2626 7181 5326 3681 2128
False
False
50
1237 2195 3349 798 8537 9741 5824 9577 793 5977 5031 6848 8197 2265 9730 5540 4578 6452 8826 4853 2657 5270 2441 2994 841 4583 7863 8099 4561 3565 7117 6524 5640 4172 1547 6845 150 4882 5031 8767 5568 1336 9229 3456 1556 2626 7181 5326 3681 2128
50
50
49
False
50
False
False
False
False
48
45
False
False
8833
1237 2195 3349 798 8537 9741 5824 9577 793 5977 5031 6848 8197 2265 9730 5540 4578 6452 8826 4853 2657 5270 2441 2994 841 4583 7863 8099 4561 3565 7117 6524 5640 4172 1547 6845 150 4882 5031 8767 5568 1336 9229 3456 1556 6002 7091 4065 4676 8833 1457
1237 2195 3349 798 8537 9741 5824 9577 793 5977 5031 6848 8197 2265 9730 5540 4578 6452 8826 4853 2657 5270 2441 2994 841 4583 7863 8099 4561 3565 7117 6524 5640 4172 1547 6845 150 4882 5031 8767 5568 1336 9229 3456 1556 6002 7091 4065 4676 8833 1457
1457
52
False
48
47
False
1237 2195 3349 798 8537 9741 5824 9577 793 5977 5031 6848 8197 2265 9730 5540 4578 6452 8826 4853 2657 5270 2441 2994 841 4583 7863 8099 4561 3565 7117 6524 5640 4172 1547 6845 150 4882 5031 8767 5568 1336 9229 3456 1556 6002
47
1237 2195 3349 798 8537 9741 5824 9577 793 5977 5031 6848 8197 2265 9730 5540 4578 6452 8826 4853 2657 5270 2441 2994 841 4583 7863 8099 4561 3565 7117 6524 5640 4172 1547 6845 150 4882 5031 8767 5568 1336 9229 3456 1556 6002 9762
False
False
False
False
False
False
False
46
1556
1237 2195 3349 798 8537 9741 5824 9577 793 5977 5031 6848 8197 2265 9730 5540 4578 6452 8826 4853 2657 5270 2441 2994 841 4583 7863 8099 4561 3565 7117 6524 5640 4172 1547 6845 150 4882 5031 8767 5568 1336 9229 3456 1556 7444
1237 2195 3349 798 8537 9741 5824 9577 793 5977 5031 6848 8197 2265 9730 5540 4578 6452 8826 4853 2657 5270 2441 2994 841 4583 7863 8099 4561 3565 7117 6524 5640 4172 1547 6845 150 4882 5031 8767 5568 1336 9229 3456 1556 7444
7444
False
1237 2195 3349 798 8537 9741 5824 9577 793 5977 5031 6848 8197 2265 9730 5540 4578 6452 8826 4853 2657 5270 2441 2994 841 4583 7863 8099 4561 3565 7117 6524 5640 4172 1547 6845 150 4882 5031 8767 5568 1336 9229 3456 1556 7444 4423
False
46
1556
False
3456
False
False
3456
False
1237 2195 3349 798 8537 9741 5824 9577 793 5977 5031 6848 8197 2265 9730 5540 4578 6452 8826 4853 2657 5270 2441 2994 841 4583 7863 8099 4561 3565 7117 6524 5640 4172 1547 6845 150 4882 5031 8767 5568 1336 1030 230 1
45
3550
3550
False
False
False
1237 2195 3349 798 8537 9741 5824 9577 793 5977 5031 6848 8197 2265 9730 5540 4578 6452 8826 4853 2657 5270 2441 2994 841 4583 7863 8099 4561 3565 7117 6524 5640 4172 1547 6845 150 4882 5031 8767 5568 1336 1030 230
False
1030
False
4023
44
False
4023
False
3915
False
3915
1237 2195 3349 798 8537 9741 5824 9577 793 5977 5031 6848 8197 2265 9730 5540 4578 6452 8826 4853 2657 5270 2441 2994 841 4583 7863 8099 4561 3565 7117 6524 5640 4172 1547 6845 150 4882 5031 8767 5568 1336 1030 3915
False
3915
False
1237 2195 3349 798 8537 9741 5824 9577 793 5977 5031 6848 8197 2265 9730 5540 4578 6452 8826 4853 2657 5270 2441 2994 841 4583 7863 8099 4561 3565 7117 6524 5640 4172 1547 6845 150 4882 5031 8767 5568 1336 1030 3915 377
False
47
False
False
1237 2195 3349 798 8537 9741 5824 9577 793 5977 5031 6848 8197 2265 9730 5540 4578 6452 8826 4853 2657 5270 2441 2994 841 4583 7863 8099 4561 3565 7117 6524 5640 4172 1547 6845 150 4882 5031 8767 5568 1336 1030 3915 377 3479
3479
3915
False
False
False
False
42
1237 2195 3349 798 8537 9741 5824 9577 793 5977 5031 6848 8197 2265 9730 5540 4578 6452 8826 4853 2657 5270 2441 2994 841 4583 7863 8099 4561 3565 7117 6524 5640 4172 1547 6845 150 4882 5031 8767 5568 269
False
1237 2195 3349 798 8537 9741 5824 9577 793 5977 5031 6848 8197 2265 9730 5540 4578 6452 8826 4853 2657 5270 2441 2994 841 4583 7863 8099 4561 3565 7117 6524 5640 4172 1547 6845 150 4882 5031 8767 5568 269 2397
False
False
False
False
2882
False
False
False
5006
45
False
5036
5036
False
1237 2195 3349 798 8537 9741 5824 9577 793 5977 5031 6848 8197 2265 9730 5540 4578 6452 8826 4853 2657 5270 2441 2994 841 4583 7863 8099 4561 3565 7117 6524 5640 4172 1547 6845 150 4882 5031 8767 5568 269 2397 5006 9209 1420
1420
7555
False
7555
48
False
False
7555
7555
False
1237 2195 3349 798 8537 9741 5824 9577 793 5977 5031 6848 8197 2265 9730 5540 4578 6452 8826 4853 2657 5270 2441 2994 841 4583 7863 8099 4561 3565 7117 6524 5640 4172 1547 6845 150 4882 5031 8767 5568 269 2397 5006 9209 1420 7493 7555 8967 8165
False
False
8165
4612
False
1237 2195 3349 798 8537 9741 5824 9577 793 5977 5031 6848 8197 2265 9730 5540 4578 6452 8826 4853 2657 5270 2441 2994 841 4583 7863 8099 4561 3565 7117 6524 5640 4172 1547 6845 150 4882 5031 8767 5568 269 2397 5006 9209 1420 7493 7555 8967 8165 7212 4612
False
1237 2195 3349 798 8537 9741 5824 9577 793 5977 5031 6848 8197 2265 9730 5540 4578 6452 8826 4853 2657 5270 2441 2994 841 4583 7863 8099 4561 3565 7117 6524 5640 4172 1547 6845 150 4882 5031 8767 5568 269 2397 5006 9209 1420 7493 7555 8967 8165 7212 4612
False
1237 2195 3349 798 8537 9741 5824 9577 793 5977 5031 6848 8197 2265 9730 5540 4578 6452 8826 4853 2657 5270 2441 2994 841 4583 7863 8099 4561 3565 7117 6524 5640 4172 1547 6845 150 4882 5031 8767 5568 269 2397 5006 9209 1420 7493 7555 8967 8165 7212 4612
1237 2195 3349 798 8537 9741 5824 9577 793 5977 5031 6848 8197 2265 9730 5540 4578 6452 8826 4853 2657 5270 2441 2994 841 4583 7863 8099 4561 3565 7117 6524 5640 4172 1547 6845 150 4882 5031 8767 5568 269 2397 5006 9209 1420 7493 7555 8967 8165 7212 3131
3131
3131
52
False
False
False
54
False
53
False
1237 2195 3349 798 8537 9741 5824 9577 793 5977 5031 6848 8197 2265 9730 5540 4578 6452 8826 4853 2657 5270 2441 2994 841 4583 7863 8099 4561 3565 7117 6524 5640 4172 1547 6845 150 4882 5031 8767 5568 269 2397 5006 9209 1420 7493 7555 8967 8165 7212 3131 1383
False
50
False
False
False
1237 2195 3349 798 8537 9741 5824 9577 793 5977 5031 6848 8197 2265 9730 5540 4578 6452 8826 4853 2657 5270 2441 2994 841 4583 7863 8099 4561 3565 7117 6524 5640 4172 1547 6845 150 4882 5031 8767 5568 269 2397 5006 9209 1420 7493 7555 8967 6739
1237 2195 3349 798 8537 9741 5824 9577 793 5977 5031 6848 8197 2265 9730 5540 4578 6452 8826 4853 2657 5270 2441 2994 841 4583 7863 8099 4561 3565 7117 6524 5640 4172 1547 6845 150 4882 5031 8767 5568 269 2397 5006 9209 1420 7493 7555 8967 6739
6739
False
7555
False
False
9289
9289
4758
False
1237 2195 3349 798 8537 9741 5824 9577 793 5977 5031 6848 8197 2265 9730 5540 4578 6452 8826 4853 2657 5270 2441 2994 841 4583 7863 8099 4561 3565 7117 6524 5640 4172 1547 6845 150 4882 5031 8767 5568 269 2397 5006 9209 1420 7493 7555 83 7917 1685 9289 5503 4758
False
False
1237 2195 3349 798 8537 9741 5824 9577 793 5977 5031 6848 8197 2265 9730 5540 4578 6452 8826 4853 2657 5270 2441 2994 841 4583 7863 8099 4561 3565 7117 6524 5640 4172 1547 6845 150 4882 5031 8767 5568 269 2397 5006 9209 1420 7493 7555 83 7917 1685 9289
False
1237 2195 3349 798 8537 9741 5824 9577 793 5977 5031 6848 8197 2265 9730 5540 4578 6452 8826 4853 2657 5270 2441 2994 841 4583 7863 8099 4561 3565 7117 6524 5640 4172 1547 6845 150 4882 5031 8767 5568 269 2397 5006 9209 1420 7493 7555 83 7917
83
7555
1237 2195 3349 798 8537 9741 5824 9577 793 5977 5031 6848 8197 2265 9730 5540 4578 6452 8826 4853 2657 5270 2441 2994 841 4583 7863 8099 4561 3565 7117 6524 5640 4172 1547 6845 150 4882 5031 8767 5568 269 2397 5006 9209 1420 7493
False
1237 2195 3349 798 8537 9741 5824 9577 793 5977 5031 6848 8197 2265 9730 5540 4578 6452 8826 4853 2657 5270 2441 2994 841 4583 7863 8099 4561 3565 7117 6524 5640 4172 1547 6845 150 4882 5031 8767 5568 269 2397 5006 9209 1420 7493
47
False
7493
1237 2195 3349 798 8537 9741 5824 9577 793 5977 5031 6848 8197 2265 9730 5540 4578 6452 8826 4853 2657 5270 2441 2994 841 4583 7863 8099 4561 3565 7117 6524 5640 4172 1547 6845 150 4882 5031 8767 5568 269 2397 5006 9209 1420 7493
47
48
49
False
False
44
5006
1237 2195 3349 798 8537 9741 5824 9577 793 5977 5031 6848 8197 2265 9730 5540 4578 6452 8826 4853 2657 5270 2441 2994 841 4583 7863 8099 4561 3565 7117 6524 5640 4172 1547 6845 150 4882 5031 8767 5568 269 2397
False
False
1237 2195 3349 798 8537 9741 5824 9577 793 5977 5031 6848 8197 2265 9730 5540 4578 6452 8826 4853 2657 5270 2441 2994 841 4583 7863 8099 4561 3565 7117 6524 5640 4172 1547 6845 150 4882 5031 8767 5568 269
5568
39
37
False
False
38
6830
6830
40
False
1237 2195 3349 798 8537 9741 5824 9577 793 5977 5031 6848 8197 2265 9730 5540 4578 6452 8826 4853 2657 5270 2441 2994 841 4583 7863 8099 4561 3565 7117 6524 5640 4172 1547 6845 5987 514 6830 4223
1237 2195 3349 798 8537 9741 5824 9577 793 5977 5031 6848 8197 2265 9730 5540 4578 6452 8826 4853 2657 5270 2441 2994 841 4583 7863 8099 4561 3565 7117 6524 5640 4172 1547 6845 5987 514 6830 4223
False
40
False
False
False
1237 2195 3349 798 8537 9741 5824 9577 793 5977 5031 6848 8197 2265 9730 5540 4578 6452 8826 4853 2657 5270 2441 2994 841 4583 7863 8099 4561 3565 7117 6524 5640 4172 1547 6845 5987 514 6830 4223 543
42
False
1237 2195 3349 798 8537 9741 5824 9577 793 5977 5031 6848 8197 2265 9730 5540 4578 6452 8826 4853 2657 5270 2441 2994 841 4583 7863 8099 4561 3565 7117 6524 5640 4172 1547 6845 5987 514 6830 4223 543 5113
False
False
1237 2195 3349 798 8537 9741 5824 9577 793 5977 5031 6848 8197 2265 9730 5540 4578 6452 8826 4853 2657 5270 2441 2994 841 4583 7863 8099 4561 3565 7117 6524 5640 4172 1547 6845 5987 514 6830 4223 543 5113 6138 7893
44
7893
False
False
7893
1237 2195 3349 798 8537 9741 5824 9577 793 5977 5031 6848 8197 2265 9730 5540 4578 6452 8826 4853 2657 5270 2441 2994 841 4583 7863 8099 4561 3565 7117 6524 5640 4172 1547 6845 5987 514 6830 4223 543 5113 6138
1237 2195 3349 798 8537 9741 5824 9577 793 5977 5031 6848 8197 2265 9730 5540 4578 6452 8826 4853 2657 5270 2441 2994 841 4583 7863 8099 4561 3565 7117 6524 5640 4172 1547 6845 5987 514 6830 4223 543 5113 6138
6138
False
43
6138
43
False
6138
False
False
False
453
False
False
False
False
108
2405
False
False
1237 2195 3349 798 8537 9741 5824 9577 793 5977 5031 6848 8197 2265 9730 5540 4578 6452 8826 4853 2657 5270 2441 2994 841 4583 7863 8099 4561 3565 7117 6524 5640 4172 1547 6845 5987 514 6830 4223 543 5113
1237 2195 3349 798 8537 9741 5824 9577 793 5977 5031 6848 8197 2265 9730 5540 4578 6452 8826 4853 2657 5270 2441 2994 841 4583 7863 8099 4561 3565 7117 6524 5640 4172 1547 6845 5987 514 6830 4223 543 3880
1237 2195 3349 798 8537 9741 5824 9577 793 5977 5031 6848 8197 2265 9730 5540 4578 6452 8826 4853 2657 5270 2441 2994 841 4583 7863 8099 4561 3565 7117 6524 5640 4172 1547 6845 5987 514 6830 4223 543 3880
42
False
516
False
False
45
6339
False
1237 2195 3349 798 8537 9741 5824 9577 793 5977 5031 6848 8197 2265 9730 5540 4578 6452 8826 4853 2657 5270 2441 2994 841 4583 7863 8099 4561 3565 7117 6524 5640 4172 1547 6845 5987 514 6830 4223 543 3880 516 8008 2539 6339 7484
7484
48
False
False
49
7241
7241
1237 2195 3349 798 8537 9741 5824 9577 793 5977 5031 6848 8197 2265 9730 5540 4578 6452 8826 4853 2657 5270 2441 2994 841 4583 7863 8099 4561 3565 7117 6524 5640 4172 1547 6845 5987 514 6830 4223 543 3880 516 8008 2539 6339 7484 7241
6339
False
46
