Empty
Empty
Empty
1
False
False
False
False
1
False
1
7912
False
7912
True
1
1
Empty
False
False
False
Empty
Empty

False
False
False
7609
7609 7587
2
2
7609 7587 5761
7609 7587 5761
7609 7587 5761
7609 7587 5761 7721
False
9645
False
5
5
5296
5
8
7609 7587 5761 7721 5296 5646 3661 34
7
7609 7587 5761 7721 5296 5646 3661 4662 7772
7609 7587 5761 7721 5296 5646 3661 4662 7772
8
7609 7587 5761 7721 5296 5646 3661 4662
7609 7587 5761 7721 5296 5646 3661 4662
False
7609 7587 5761 7721 5296
False
7609 7587
7609 7587 78 8402 6375
3028
5
7609 7587 78 8402 3028 209
209
6
False
False
False
False
6
7
False
9
7609 7587 78 8402 2135 365 5530 9133 641
False
False
False
7609 7587 78 8402 2135 365 5530 9133 641
False
False
False
9
9
7609 7587 78 8402 2135 365 5530
False
False
7609 7587 78 8402 2135 365
False
6
False
False
False
365
7609 7587 78 8402 2135 365 4246
7609 7587 78 8402 2135 365 4246
6
7609 7587 78 8402 2135 365
False
False
False
False
False
False
7609 7587 78 8402 2135
7609 7587 78 8402 2135
7609 7587 78 8402 2135
7609 7587 78 8402 2135
4
7609 7587 78 8402
7609 7587 78 8402
False
7609 7587
False
False
541
3
False
541
7609 7587 541
8461
False
2


True

0


False
False
False
858
False
4
6470
False
False
2386
False
8675
1
8675
8675
Empty
True
False
False
False
False
False
9725
2
7838
False
False
7838
7838
2
6126
False
3
False
9806
False
False
7838 6126 9806 9791
0
True
False
False
False
Empty

Empty
6813
False
False
1
2
2
8577 3614 4038 7246 1016
5
False
False
False
3904
False
8577
Empty
True
False
Empty
True
False
False
1
8721
8721
False
False
False
2961 5962
False
2961
2961 6348
2961 6348 7997 3791
5
5
2
False
6348
False
2961 6348 2856
False
2961 6348 2856 8372
2856
False
6348
2961 6348 5027 9680 4736 9676 1162 1068
2961 6348 5027 9680 4736 9676 1162 1068
9
3224
9
8
657
9
False
False
901
False
2961 6348 5027 9680 4736 9676 1162 1068 5351
False
False
8
1068
1162
False
9676
False
4736
4736
False
False
False
False
False
False
6446
3
3
3
5
5
5
977
2961 6348 5027 977
977
False
2
2961
2961
1
Empty
False
Empty
Empty
False
1
False
6704 3428 4077 8551 5391
False
6704 3428 4077 8551 2494 314 8051
False
False
False
False
False
3882
False
12
6704 3428 4077 8551 2494 314 8051 2834 3882 6293 3339
6704 3428 4077 8551 2494 314 8051 2834 3882 6293 3339
False
11
False
False
False
11
7641
6704 3428 4077 8551 2494 314 8051 2834 3882 6293 7641
False
False
False
6274
False
6704 3428 4077 8551 2494 314 8051 2834 3882 6293
5005
False
False
False
False
8051
6704 3428 4077 8551 4851
3
False
3428
False
False
6704 3428 249
6704 3428 249
3
3

971
False
971



95
1
95

6671
False
1
6671
762
False
3
False
401
False
False
6671 762 401 822 2127
6671 762 401 822
False
2
False
False
2
False
5
False
7223
6671 3829 814 8698 7223
6
False
False
5
False
False
False
False
False
False
6671 3829 814 8698 7223 5844 3962
6671 3829 814 8698 7223 5844 3962
False
8
3962
6671 3829 814 8698 7223 5844 3962 5636
5636
8
6671 3829 814 8698 7223 5844 3962 5636 2310 5652
False
False
4871
False
6671 3829 814 8698 7223 5844 3962 5636 2310 5652 3138 1260 4871
4871
6671 3829 814 8698 7223 5844 3962 5636 2310 5652 3138 1260 4871
False
6671 3829 814 8698 7223 5844 3962 5636 2310 5652 3138 1260 4871
6671 3829 814 8698 7223 5844 3962 5636 2310 5652 3138 1260 4871
False
13
13
6671 3829 814 8698 7223 5844 3962 5636 2310 5652 3138 1260 5996
5996
False
False
False
False
False
6671 3829 814 8698 7223 5844 3962 5636 2310 5652 3138 8218
False
6671 3829 814 8698 7223 5844 3962 5636 2310 5652 3138 1255
False
11
6671 3829 814 8698 7223 5844 3962 5636 2310 5652 8238
6671 3829 814 8698 7223 5844 3962 5636 2310 5652
6671 3829 814 8698 7223 5844 3962 5636 2310 5652
11
False
False
False
2296
False
15
False
13
False
6671 3829 814 8698 7223 5844 3962 5636 2310 5652 2296 7177 7098
3853
6671 3829 814 8698 7223 5844 3962 5636 2310 5652 2296 7177 7098 3853
6671 3829 814 8698 7223 5844 3962 5636 2310 5652 2296 7177 7098 2616 3552
15
14
False
False
False
3298
False
15
3120
17
False
8310
8310
8310
6671 3829 814 8698 7223 5844 3962 5636 2310 5652 2296 7177 7098 867 3120 4640
6671 3829 814 8698 7223 5844 3962 5636 2310 5652 2296 7177 7098 867 3120 4640
17
6671 3829 814 8698 7223 5844 3962 5636 2310 5652 2296 7177 7098 867 3120 4640
False
17
False
False
False
4447
False
False
6671 3829 814 8698 7223 5844 3962 5636 2310 5652 2296 7177 7098 867 3120 4302 3823 4098 2289 9927 4447 8946 4452
8946
23
6671 3829 814 8698 7223 5844 3962 5636 2310 5652 2296 7177 7098 867 3120 4302 3823 4098 2289 9927 4447 8946 2235 7386
23
24
24
4826
6671 3829 814 8698 7223 5844 3962 5636 2310 5652 2296 7177 7098 867 3120 4302 3823 4098 2289 9927 4447 8946 9431
1840
False
False
False
False
22
False
False
False
False
False
False
False
6671 3829 814 8698 7223 5844 3962 5636 2310 5652 2296 7177 7098 867 3120 4302 3823 4098 2289 8172 9282
6071
False
6671 3829 814 8698 7223 5844 3962 5636 2310 5652 2296 7177 7098 867 3120 4302 3823 4098 2289 8172 8034 6057 6599 6071
False
6071
6071
24
False
False
False
False
False
3255
6671 3829 814 8698 7223 5844 3962 5636 2310 5652 2296 7177 7098 867 3120 4302 3823 4098 2289 8172 8034 6057 6599 3255 6047 3002
False
27
False
False
28
False
28
1496
False
False
28
False
False
6671 3829 814 8698 7223 5844 3962 5636 2310 5652 2296 7177 7098 867 3120 4302 3823 4098 2289 8172 8034 6057 6599 3255 6047 3002 107
27
107
6671 3829 814 8698 7223 5844 3962 5636 2310 5652 2296 7177 7098 867 3120 4302 3823 4098 2289 8172 8034 6057 6599 3255 6047 3002 107 5951
6671 3829 814 8698 7223 5844 3962 5636 2310 5652 2296 7177 7098 867 3120 4302 3823 4098 2289 8172 8034 6057 6599 3255 6047 3002 4151 5476
False
False
6671 3829 814 8698 7223 5844 3962 5636 2310 5652 2296 7177 7098 867 3120 4302 3823 4098 2289 8172 8034 6057 6599 3255 6047 3002 4245
6671 3829 814 8698 7223 5844 3962 5636 2310 5652 2296 7177 7098 867 3120 4302 3823 4098 2289 8172 8034 6057 6599 3255 6047 3002 4245
6047
False
25
False
24
3255
False
False
22
6671 3829 814 8698 7223 5844 3962 5636 2310 5652 2296 7177 7098 867 3120 4302 3823 4098 2289 8172
20
6671 3829 814 8698 7223 5844 3962 5636 2310 5652 2296 7177 7098 867 3120 4302 3823 4098 2289 7645
7645
False
7645
False
4639
False
6196
6671 3829 814 8698 7223 5844 3962 5636 2310 5652 2296 7177 7098 867 3120 4302 3823 4098
False
False
20
False
20
False
False
21
21
False
False
22
6671 3829 814 8698 7223 5844 3962 5636 2310 5652 2296 7177 7098 867 3120 4302 3823 9816 2965 1095 9038 8415
False
3478
6283
6283
4752
False
False
2549
6671 3829 814 8698 7223 5844 3962 5636 2310 5652 2296 7177 7098 867 3120 4302 3823 9816 2965 1095 9038 703 3431
3431
False
False
False
False
22
6671 3829 814 8698 7223 5844 3962 5636 2310 5652 2296 7177 7098 867 3120 4302 3823 9816 2965 1095 9038 684
6671 3829 814 8698 7223 5844 3962 5636 2310 5652 2296 7177 7098 867 3120 4302 3823 9816 2965 1095 9038 684
684
9038
1095
6671 3829 814 8698 7223 5844 3962 5636 2310 5652 2296 7177 7098 867 3120 4302 3823 9816 2965 1095
6671 3829 814 8698 7223 5844 3962 5636 2310 5652 2296 7177 7098 867 3120 4302 3823 9816 2965 1095
6671 3829 814 8698 7223 5844 3962 5636 2310 5652 2296 7177 7098 867 3120 4302 3823 9816 2965 1095
20
False
1095
6671 3829 814 8698 7223 5844 3962 5636 2310 5652 2296 7177 7098 867 3120 4302 3823 9816 2965 1095
6671 3829 814 8698 7223 5844 3962 5636 2310 5652 2296 7177 7098 867 3120 4302 3823 9816 2965 1095
19
False
6671 3829 814 8698 7223 5844 3962 5636 2310 5652 2296 7177 7098 867 3120 4302 3823 9816 2965 7351 353
22
755
False
False
False
False
1748
False
7478
False
False
6671 3829 814 8698 7223 5844 3962 5636 2310 5652 2296 7177 7098 867 3120 4302 3823 9816 2965 7351 353 755 8839 7727 1748 8578
1748
False
False
9393
6671 3829 814 8698 7223 5844 3962 5636 2310 5652 2296 7177 7098 867 3120 4302 3823 9816 2965 7351 353 755 8839 9393
23
8839
23
6671 3829 814 8698 7223 5844 3962 5636 2310 5652 2296 7177 7098 867 3120 4302 3823 9816 2965 7351 353 755 8839
8839
6671 3829 814 8698 7223 5844 3962 5636 2310 5652 2296 7177 7098 867 3120 4302 3823 9816 2965 7351 353 755 8839
6671 3829 814 8698 7223 5844 3962 5636 2310 5652 2296 7177 7098 867 3120 4302 3823 9816 2965 7351 353 755
False
353
False
7351
7351
6671 3829 814 8698 7223 5844 3962 5636 2310 5652 2296 7177 7098 867 3120 4302 3823 9816 2965
False
False
False
9816
False
False
False
1503
6671 3829 814 8698 7223 5844 3962 5636 2310 5652 2296 7177 7098 867 3120 4302 3823 7002 1503
19
6671 3829 814 8698 7223 5844 3962 5636 2310 5652 2296 7177 7098 867 3120 4302 3823 7002
6671 3829 814 8698 7223 5844 3962 5636 2310 5652 2296 7177 7098 867 3120 4302 3823 7002
6671 3829 814 8698 7223 5844 3962 5636 2310 5652 2296 7177 7098 867 3120 4302 3823 7002 4289
False
19
4289
6671 3829 814 8698 7223 5844 3962 5636 2310 5652 2296 7177 7098 867 3120 4302 3823 7002 4289 3344 834
6671 3829 814 8698 7223 5844 3962 5636 2310 5652 2296 7177 7098 867 3120 4302 3823 7002 4289 3344 834 5456 5903
5903
25
23
6269
25
5888
False
False
27
3699
7769
28
False
6269
23
False
False
5022
False
False
4289
19
4289
6671 3829 814 8698 7223 5844 3962 5636 2310 5652 2296 7177 7098 867 3120 4302 3823 7002 4289
6756
False
False
1455
False
6671 3829 814 8698 7223 5844 3962 5636 2310 5652 2296 7177 7098 867 3120 4302 3823
6671 3829 814 8698 7223 5844 3962 5636 2310 5652 2296 7177 7098 867 3120 4302 3823
16
6671 3829 814 8698 7223 5844 3962 5636 2310 5652 2296 7177 7098 867 3120 4302
4302
False
16
False
867
15
15
9707
False
False
False
6671 3829 814 8698 7223 5844 3962 5636 2310 5652 2296 7177 7098 4334 9707 3475
False
3475
False
16
3475
16
False
False
False
9422
6671 3829 814 8698 7223 5844 3962 5636 2310 5652 2296 7177 7098 4334 9422 5528
907
6671 3829 814 8698 7223 5844 3962 5636 2310 5652 2296 7177 7098 4334 9422 5528 907
False
6671 3829 814 8698 7223 5844 3962 5636 2310 5652 2296 7177 7098 4334 9422 5528
15
18
False
18
18
False
6671 3829 814 8698 7223 5844 3962 5636 2310 5652 2296 7177 7098 4334 9422 5059 9622 2376 7699 7482
19
False
6671 3829 814 8698 7223 5844 3962 5636 2310 5652 2296 7177 7098 4334 9422 5059 9622 2376 7699 8145 5652 9972 6995
6671 3829 814 8698 7223 5844 3962 5636 2310 5652 2296 7177 7098 4334 9422 5059 9622 2376 7699 8145 5652 9972 6995
False
False
6671 3829 814 8698 7223 5844 3962 5636 2310 5652 2296 7177 7098 4334 9422 5059 4001
False
16
False
16
6899
False
6671 3829 814 8698 7223 5844 3962 5636 2310 5652 2296 7177 7098 4334 9422
9422
15
