1063
1063

Empty
Empty
Empty
Empty
True
1
8457
1
8161
8161
False
False
False
False
False
Empty
Empty


Empty
0

2384
False
False

Empty

0
False
6082 6181
False
False
6082 6181 2016 2378 3547 9346
6
False
False
7
False
False
False
False
6082 6181 2016 2378 3547 9346 6977 2437 428
False
2437
8
6082 6181 2016 2378 3547 9346 6977 2437
8
False
6082 6181 2016 2378 3547 9346 6977 5265 2448 584
584
6082 6181 2016 2378 3547 9346 6977 5265 2448 7067
7067
10
10
5394
False
False
6082 6181 2016 2378 3547 9346 6977 5265 2448 7067 3231 9534
False
False
False
12
6082 6181 2016 2378 3547 9346 6977 5265 2448 7811 7269 278
6082 6181 2016 2378 3547 9346 6977 5265 2448 7811 7269
6082 6181 2016 2378 3547 9346 6977 5265 2448
2448
6082 6181 2016 2378 3547 9346 6977 5265 2448
False
False
False
10
False
5265
6082 6181 2016 2378 3547 9346
9346
False
7
6
5
False
False
6082 6181 2016
False
2
6181
6181
False
False
6082 6181 6120
False
False
6082 6181 4857
6082 6181 8128
False
False
False
4
6082 6181 8128 5634
False
6661
6661
6082 6181 8128 5634 5944 5707 5575 5178 8444
8444
False
False
False
8316
6082 6181 8128 5634 5944 5707 5575 5178
False
False
False
5178
False
False
False
False
6082 6181 8128 5634 5944 5707
1939
5944
False
4
False
6082 6181 8128 1023
6082
False
False
False
False
2
2
2
6082 2494
6082 2494
2494
2494
False
6082 2494 8325
8325
False
6082 2494 8325 3667
False
False
8325
False
6082 2494 8325 6397 5233 1631 9223 8375
False
1631
False
6
6082 2494 8325 6397 5233 1631 4750
4750
False
6082 2494 8325 6397 5233 1631
False
False
7
False
9
False
False
4
4
6397
5024
2185
6082 2494 8325 6397 8843 5024 2185
False
6105
False
False
False
False
7
False
6963
False
False
False
6082 2494 8325 6397 8843 5492
False
4
False
6397
False
False
6082 2494 8325 572 1938 3136
False
False
6082 2494 8325 572 1938 4459
6
5
1938
5
5
6082 2494 8325 6479 641
False
False
6082 2494 8325 6479 641 3016 1478 8611
8611
False
False
641
False
5
False
False
False
False
6082 2494 8325 6479
False
False
6082 2494 8325 6479 4243
False
False
False
6
7
1644
False
False
5721
False
False
False
False
7
False
False
7
6
False
False
6082 2494 8325 6479 4115 6541
6082 2494 8325 6479 4115
False
False
False
6082 2494
2
6082
False

0
False
1480
1
1480
1
True
False
2
8974
5990 8974 9991
Empty
0

Empty


Empty

Empty
False
0

Empty

True
Empty
False
False
False
0
0
Empty
3072
3072
2
0
8996
False
True
4913
False
4913 7101
4913 7101
7101
4913 7101
False
False
False
2
2
False
False
False
Empty
Empty
False
1
2686
7312 2686
False
False
7312

0
False
False
False
False
False
1
False
False
2
False
4852 5036 8503
2
4852 5036 1897 6311 245
5
245
5
False
245
5
4852 5036 1897 6311 245
4852 5036
5036
2204
False
4852 5036 3325 2204
4
4852 5036 3325 9560 4821
4821
4852 5036 3325 9560 4821
6
6
6
False
False
False
1
6268
False
1054
Empty
Empty
True
False
0
0
False
Empty
False
2
2
5192 6115
6115
5192 6115
True
Empty

True
False
False
False
False
799 560 9293
False
0

False
2
False
2
8259
8259
8259
False
2
4806 9893
0
True
6883
1
6883
False
False
6883 2733
6765
False
2
2733
False
False
Empty
True
True
True

Empty

False
Empty
True
False
False
False
1
False
False
False
1
False
1
4641
False
8345
3855
False
False
2
2
Empty
4138 9314 978
False
False
False
False
3
False
False
4138 9314
2
False
4138 9314 2070
False
3621
7578
False
4138 9314 7578
False
True
False
7909 3467
3467
True
False

False
3
2808 5449 5114
2808 5449
2
2808 9601
2808
True
Empty
Empty

True
Empty
0
False
0
Empty
Empty
1
1
False
4678
4678 2010
False
2010


1
2
False
False
1
False
2
2
Empty
2149
2149
2149
False
8030
8030
False

False
2
434
False
434
1
False
False
Empty

Empty
0
False
0
False

True
0
8954
False
False
False
2
False
8954 1724
False
8954
1
False
False
False
7585
8954 7585 4585 9079 3555 9068 5899
7
False
7
8954 7585 4585 9079 3555 9068
False
8489
False
8
1231
8
8954 7585 4585 9079 4872 5390 279 1767
8954 7585 4585 9079 4872 5390 279 1767
False
5390
False
4199
False
7335
False
7335
8954 7585 4585 9079 4872 5390 4199 8608 5599 6682 4475 7335
False
696
False
8954 7585 4585 9079 4872 5390 4199 8608 5599 6682 4475
6682
10
8954 7585 4585 9079 4872 5390 4199 8608 5599 6682
5098
12
False
12
False
12
False
12
5098
8954 7585 4585 9079 4872 5390 4199 8608 5599 6682 2578 5098
False
11
11
12
9608
False
False
False
1986
False
False
False
15
False
False
15
False
13
False
14
9437
2523
4661
False
False
False
False
8954 7585 4585 9079 4872 5390 4199 8608 5599 6682 561 2976 9977 9437
False
9977
False
8954 7585 4585 9079 4872 5390 4199 8608 5599 6682 561 2976 9977 7639
False
False
6365
6365
False
7639
8954 7585 4585 9079 4872 5390 4199 8608 5599 6682 561 2976 9977 7639
7639
8954 7585 4585 9079 4872 5390 4199 8608 5599 6682 561 2976 9977 7639
False
False
9211
False
8954 7585 4585 9079 4872 5390 4199 8608 5599 6682 561 2976 9977 7639 8409 9211 4758 9915
False
False
False
8954 7585 4585 9079 4872 5390 4199 8608 5599 6682 561 2976 9977 7639 8409 9211 4758 9915 1176 1357
1357
False
21
3537
21
21
8954 7585 4585 9079 4872 5390 4199 8608 5599 6682 561 2976 9977 7639 8409 9211 4758 9915 1176 1357 3537
8954 7585 4585 9079 4872 5390 4199 8608 5599 6682 561 2976 9977 7639 8409 9211 4758 9915 1176 1357 3537 7824
8954 7585 4585 9079 4872 5390 4199 8608 5599 6682 561 2976 9977 7639 8409 9211 4758 9915 1176 1357 3537 7824
22
False
9915
18
8954 7585 4585 9079 4872 5390 4199 8608 5599 6682 561 2976 9977 7639 8409 9211 4758 9915
8954 7585 4585 9079 4872 5390 4199 8608 5599 6682 561 2976 9977 7639 8409 9211 4758
False
4758
4758
17
711
False
False
14
False
9023
8954 7585 4585 9079 4872 5390 4199 8608 5599 6682 561 2976 9977 7639 9023
False
15
False
13
False
11
8954 7585 4585 9079 4872 5390 4199 8608 5599 6682 561 5782
False
False
False
5441
14
5554
False
8954 7585 4585 9079 4872 5390 4199 8608 5599 9065
False
False
False
10
False
8954 7585 4585 9079 4872 5390 4199 8608 5599 9065 2459 1901
11
8954 7585 4585 9079 4872 5390 4199 8608 5599 9065 2459
False
False
False
False
4813
False
8954 7585 4585 9079 4872 5390 4199 8608 5599 9065 2459 3634
8954 7585 4585 9079 4872 5390 4199 8608 5599 9065 2459 3634
2951
2544
False
8463
False
8463
False
False
False
2951
2951
2951
2951
False
False
13
False
8954 7585 4585 9079 4872 5390 4199 8608 5599 9065 2459 7471 8163
False
8954 7585 4585 9079 4872 5390 4199 8608 5599 9065 2459 7471 8163 3106
3106
14
False
False
12
False
8954 7585 4585 9079 4872 5390 4199 8608 5599 9065
8954 7585 4585 9079 4872 5390 4199 8608 5599 9065
False
False
11
8954 7585 4585 9079 4872 5390 4199 8608 5599 9065 2542
False
False
124
False
13
8954 7585 4585 9079 4872 5390 4199 8608 5599 9065 2542 6485
8954 7585 4585 9079 4872 5390 4199 8608 5599 9065 2542 6485 520 8394
14
False
7766
16
16
False
False
7766
False
14
8954 7585 4585 9079 4872 5390 4199 8608 5599 9065 2542 6485 520 7658
False
False
7658
False
False
False
False
False
False
1576
False
False
False
False
False
7332
254
18
False
8954 7585 4585 9079 4872 5390 4199 8608 5599 9065 2542 6485 520 7658 9806 5554 663 254
False
19
False
False
17
False
False
18
False
False
19
8954 7585 4585 9079 4872 5390 4199 8608 5599 9065 2542 6485 520 7658 9806 5554 9729 8151 9282
18
8020
18
8954 7585 4585 9079 4872 5390 4199 8608 5599 9065 2542 6485 520 7658 9806 5554
False
15
14
8954 7585 4585 9079 4872 5390 4199 8608 5599 9065 2542 6485 520
13
False
8954 7585 4585 9079 4872 5390 4199 8608 5599 9065 2542 6485 520 9872 840 8823
False
False
False
8954 7585 4585 9079 4872 5390 4199 8608 5599 9065 2542 6485 520 9872
False
False
False
9872
11
11
False
10
8954 7585 4585 9079 4872 5390 4199
7
4199
4872
4872
False
5
4872
False
5
False
False
8954 7585 4585 9079 4872
8954 7585 4585 9079
False
8954 7585 4585 9079
False
False
False
4
8954 7585 4585 9079
8954 7585 4585 9079 1434
1434
8954 7585 4585 9079 1434
1434
9882
False
8954 7585 4585 9079 1434 9882
8954 7585 4585 9079 1434 9882
False
8
7
8
5287
False
8954 7585 4585 9079 1434 9882 6892 5287
8954 7585 4585 9079 1434 9882 6892 5287 6842 1702
False
10
8954 7585 4585 9079 1434 9882 6892 5287 6842 1702
False
9
9
False
6842
False
False
9882
6
False
6664
8954 7585 4585 9079 1434 9882 6664
False
False
8954 7585 4585 9079 1434 9882
False
4407
4407
False
8954 7585 4585 9079 1434 9882 4407
8954 7585 4585 9079 1434 9882 4407
8954 7585 4585 9079 1434
1434
8954 7585 4585 9079 1434
2
8954 7585
False
8954 9988
False
7
False
8944
False
False
False
False
6148
6
False
5
4
8954 9988 3819 1375
2871
8954 9988 3819 1375 2871
7687
4406
6
4
4
4
False
8954 9988 3819 4150 6511
8954 9988 3819 4150 6511
8954 9988 3819 4150 6511
False
5
5
5
5
9714
8954 9988 3819 4150
False
8954 9988 3819 9287 794
8954 9988 3819 9287 794
False
False
False
8954 9988 3819 9287 2491
5
False
7
False
False
8139
8988
8988
8954 9988 3819 9287 2491 2990 4262 6289
False
8954 9988 3819 9287 2491 2990 4262
6
2990
False
False
4734
8954 9988 3819 9287 7515 4478 7631 6262
8954 9988 3819 9287 7515 4478 7631 6262
7
8954 9988 3819 9287 7515 4478 7631
7
7
8954 9988 3819 9287 7515 4478 7631
2601
5521
1169
False
9
2673
False
False
9564
8954 9988 3819 9287 7515 3253 1252 2188 2673
8954 9988 3819 9287 7515 3253 1252 2188 2673
False
False
2673
False
2673
9006
10
False
False
8954 9988 3819 9287 7515 3253 1252 2188 2673 9006 8451 8742 4289 4680
False
13
False
13
13
4289
8954 9988 3819 9287 7515 3253 1252 2188 2673 9006 8451 8742 4289
8954 9988 3819 9287 7515 3253 1252 2188 2673 9006 8451 8742
False
8451
False
False
8954 9988 3819 9287 7515 3253 1252 2188 2673 6575 3522
False
False
8954 9988 3819 9287 7515 3253 1252 2188 2673 6575 3522
False
False
False
11
3522
False
8954 9988 3819 9287 7515 3253 1252 2188 2673 6575 3522 249 3836
13
8954 9988 3819 9287 7515 3253 1252 2188 2673 6575 3522 249 3836 7204 421 6793
8954 9988 3819 9287 7515 3253 1252 2188 2673 6575 3522 249 3836 7204 421 9894
False
6302
8954 9988 3819 9287 7515 3253 1252 2188 2673 6575 3522 249 3836 7204 421 9894 6302
False
6302
7062
False
False
6302
False
17
8954 9988 3819 9287 7515 3253 1252 2188 2673 6575 3522 249 3836 7204 421 9894 3962
False
False
False
8954 9988 3819 9287 7515 3253 1252 2188 2673 6575 3522 249 3836 7204 421 1560
False
8954 9988 3819 9287 7515 3253 1252 2188 2673 6575 3522 249 3836 7204 421 1560 637 4878
8954 9988 3819 9287 7515 3253 1252 2188 2673 6575 3522 249 3836 7204 421 1560 637 4878 9458
8954 9988 3819 9287 7515 3253 1252 2188 2673 6575 3522 249 3836 7204 421 1560 637 4878 9458
9502
8954 9988 3819 9287 7515 3253 1252 2188 2673 6575 3522 249 3836 7204 421 1560 637 4878 9502
18
False
False
8954 9988 3819 9287 7515 3253 1252 2188 2673 6575 3522 249 3836 7204 421 1560
8954 9988 3819 9287 7515 3253 1252 2188 2673 6575 3522 249 3836 7204 421 1560
False
16
False
False
1560
7715
False
8954 9988 3819 9287 7515 3253 1252 2188 2673 6575 3522 249 3836 7204 421 1560 7715
False
6280
8954 9988 3819 9287 7515 3253 1252 2188 2673 6575 3522 249 3836 7204 421 1560 7715
False
False
False
False
1361
False
8954 9988 3819 9287 7515 3253 1252 2188 2673 6575 3522 249 3836 7204
7204
False
False
False
False
False
1400
False
7678
8954 9988 3819 9287 7515 3253 1252 2188 2673 6575 3522 1400 7678 1434
False
False
8954 9988 3819 9287 7515 3253 1252 2188 2673 6575 3522 1400 7678
7678
1400
False
False
False
10
False
False
False
False
False
11
9228
False
9228
False
False
False
False
False
False
8954 9988 3819 9287 7515 3253 1252
9
False
9
False
False
9
3796
False
False
6657
6657
False
14
False
13
6657
6657
8954 9988 3819 9287 7515 3253 1252 3611 7037 4252 3796 5591 6657
7498
7498
4824
8954 9988 3819 9287 7515 3253 1252 3611 7037 4252 3796 5591 7498 4824
7498
8954 9988 3819 9287 7515 3253 1252 3611 7037 4252 3796 5591
False
False
5591
False
False
8954 9988 3819 9287 7515 3253 1252 3611 7037 4252 3796 5591 5997 8775
14
False
8954 9988 3819 9287 7515 3253 1252 3611 7037 4252 3796 5591 5997
False
8954 9988 3819 9287 7515 3253 1252 3611 7037 4252 3796 9549 6644
13
8954 9988 3819 9287 7515 3253 1252 3611 7037 4252 3796 9549 4710 8228
8954 9988 3819 9287 7515 3253 1252 3611 7037 4252 3796 9549 4710 3663 6729
14
8954 9988 3819 9287 7515 3253 1252 3611 7037 4252 3796 9549 4710
False
False
13
False
False
3796
False
8954 9988 3819 9287 7515 3253 1252 3611 7037 4252 3796
8954 9988 3819 9287 7515 3253 1252 3611 7037 4252 3796
8954 9988 3819 9287 7515 7826
4684
False
8954 9988 3819 9287 7515 7826 8007
8007
False
8
4743
4743
False
False
False
9
9701
8954 9988 3819 9287 7515 7826 8007 2194 9701
9701
8954 9988 3819 9287 7515 7826 8007 2194
False
2194
8954 9988 3819 9287 7515 7826 8007 2194
7826
7826
8954 9988 3819 9287 7515 7826
7826
8954 9988 3819 9287 7515 7826 8274
6
8954 9988 3819 9287 7515 7826
False
8954 9988 3819 9287 7515 7826
False
4
8954 7148
8954
Empty
False


True
Empty

True

Empty
True
0
Empty
7811
False
True
Empty
False
0

False

True
Empty
Empty
False
5255
5255
5255
4
5649
False
False
5
False
False
False
False
False
5255
6048
False
False
False
False
3
3
8672
8672
4
False
2306 5255 6048 8672 8101
False
False
2306 5255 6048 8672 8101
False
False
2306 5255 6048 8672 8101 7405
2306 5255 6048 8672 8101 7405 5798
7
False
2306 5255 6048 8672 8101 7405 5798
5798
821
2306 5255 6048 8672 8101 7405 5798 821
False
2306 5255 6048 8672 8101 7405 5798 821 3576
3576
3576
False
821
7
2306 5255 6048 8672 8101 7405 5798
False
False
2306 5255 6048 8672 8101 2696
False
False
False
2306 5255 6048 8672 8101 2696 7124 4568
2306 5255 6048 8672 8101 2696 7124 4568
2306 5255 6048 8672 8101 2696
4
8672
False
5324
6048
False
False
8334
8334
2
2
2
False
2306 8334
False
False
2
8334
8334
False
7079
5946
5
5946
False
False
9495
False
2
False
2306 7812 74
2306 7812
False
6
False
7
180
3527
2306 7812 1243 5842 6820 2482 180 7971
180
False
8041
False
False
False
2306 7812 1243 5842 6820 2482 180 8041 2679 1932 263
12
False
False
False
263
12
12
False
12
263
False
2844
11
False
2306 7812 1243 5842 6820 2482 180 8041 2679 1932 263 3509
2306 7812 1243 5842 6820 2482 180 8041 2679 1932 263 3509 8306
8306
False
False
False
2306 7812 1243 5842 6820 2482 180 8041
11
11
False
5165
2306 7812 1243 5842 6820 2482 180 8041 3599 1917 5165
False
12
False
13
2306 7812 1243 5842 6820 2482 180 8041 3599 1917 5165 504 9991
14
4474
False
False
11
5165
2306 7812 1243 5842 6820 2482 180 8041 3599 1917 5165
2306 7812 1243 5842 6820 2482 180 8041 3599 1917 5165 3032 8568
13
13
2306 7812 1243 5842 6820 2482 180 8041 3599 1917 5165 3032 8568 9470 124
14
2306 7812 1243 5842 6820 2482 180 8041 3599 1917 5165 3032 8568 9470
14
False
2306 7812 1243 5842 6820 2482 180 8041 3599 1917 5165 3032 8568 6936
13
13
2306 7812 1243 5842 6820 2482 180 8041 3599 1917 5165 3032 8568 4298 8423
4298
False
4298
False
8568
5165
False
2482
2306 7812 1243 5842 6820
False
3
False
False
4
3
False
2306 7812
False
2306 7812
False
474
206
8802
2478
False
75
2306 7812 1431 75
75
False
False
1431
1431
1431
2
Empty
1
Empty
8286
8286
7478 4751
False
False
False
False
False
False
False
Empty
True
2
3497
3497
False
False

False
False
7651
7651
False
1
7651
False
9222
7651 9222
7651 9222
False
3
False
False
2
False
False
False
False
False
False
50
50
False
False
427
False
2193
False
False
False
False
7795
4
False
3
8447
False
False
7795 5023 2739
False
2739
7795 5023
2
False
False
7795
True
0
Empty
True

0
0

True

False
Empty
True
0
True

True


Empty
Empty
Empty
2
8945 6221
8945 6221
8945 6221 6166
False
False
False
8945 6221
False
False
False
False
3508
3508
False
2
3508
8945
Empty

Empty
Empty
False

True

False
False
4092 448
False
False
False
False
False
3145
0
True


True
Empty
0
Empty

Empty
False

8615
1
False
Empty

True
Empty

0
7982
2
False
1
3739
False
0
False
False
2
837 1278
False
False
False
4292
1846
837 1278 4292 1846
837 1278 4292 1846
False
837 1278 4292 1846
False
837
False
True
True
1448
False
False
0
Empty
1
False
4119 3753
3753
6735
False
3
3
4119 7133 6735
3
False
False
4119 2458
2458
4119


4751
False
0

5694
5694
False
Empty
True
Empty
Empty
Empty
True
Empty
Empty
False
3328
False
1
Empty
Empty
Empty
Empty
0
Empty
0
False
Empty

Empty
Empty
True

9472
9472
False
False
1
9472
False
2
False
1
9472 3624
9472 3624
1
False
False
False
False
Empty
False

True

5499
1
Empty


Empty
Empty
False

False
7201
7201
7201
7201 1302
7201
Empty
Empty
False
4833
False
1
2
1
False
False
9019
False
False
9019
False
False
2858
1
2858
9922
9922
False
False
4
False
5789
2392 9922 4066 119 5789
119
False
False
1
3934
Empty

0

Empty
False
7368
True
False
True
6837
False
False
False
False
False
False
False
False
6837
3
False
False
1
True
Empty
Empty
True
False
1378 891
Empty
False
Empty
True
False
False
Empty
Empty
Empty
False
False
False
7995
False
7995
7995 6308
1250
7995
False
True
9052
3488
3488
False
False
2313
False
False
5
5
False
4660
False
4
9052 3488 8876 2313
9052 3488 8876 2313
False
2313
False
3
False
4
4
4
False
False
6
False
False
False
False
7
7
False
3420
False
False
2056
False
9052 3488 8876 1454 2056
False
7012
False
7012
3
2541
6112
9052 3488 2541 6112
False
False
4
803
803
4347
3
False
False
False
2
9052 5763
5763
False
False
False
5763
2
5763
9052 5763
False
7436
7436
7436
False
False
7436


1
1

Empty
0
False


8392
False
8392 6919
8392
False
5175
2
False
8392 5175
8392
False
Empty
False
False
False
False
Empty
False
Empty
Empty

0

True

Empty
Empty
False
2758
2758
4999 8061
4999 8061
3
8061
4999 8061
3
3885
False
4999 8061 2111
2111
8061
963
False
4999 8228 963 9716 8047 4410
4410
4999 8228 963 9716 8047 4410
False
4999 8228 963 9716 8047 4410 5814 3063
5
5
False
3
False
False
False
5
4428
4999 8228 963 8678 1166
7449
False
5
False
4
False
4
False
False
5
5
8678
4
4999 8228 963 8678
8678
False
4999 8228 963 8678
False
False
False
False
7026
1
False
1774 6580
3
1774 6580 1756
False
1774 6580 7598 6984
1774 6580 7598 6984
False
7598
1752
1774 6580 7598 1752 4024 1366
6
False
7
1752
6399
5
False
7598
7749
False
2684
9
False
9
False
False
1019
False
4481
False
14
False
1774 6580 7598 8499 7749 3804 1474 7075 2684 4536 1491 8354 1019
4438
1774 6580 7598 8499 7749 3804 1474 7075 2684 4536 1491 8354 1019 4438
4682
4682
14
1774 6580 7598 8499 7749 3804 1474 7075 2684 4536 1491 8354 7551 4682
False
False
False
16
16
1774 6580 7598 8499 7749 3804 1474 7075 2684 4536 1491 8354 7551 4682 9585 2038
2038
1774 6580 7598 8499 7749 3804 1474 7075 2684 4536 1491 8354 7551 4682 9585 2038
9585
False
False
False
17
8993
False
1774 6580 7598 8499 7749 3804 1474 7075 2684 4536 1491 8354 7551 4682 9585 6401 8993 9682 4673 7045
False
1774 6580 7598 8499 7749 3804 1474 7075 2684 4536 1491 8354 7551 4682 9585 6401 8993 9682 4673 7045
1774 6580 7598 8499 7749 3804 1474 7075 2684 4536 1491 8354 7551 4682 9585 6401 8993 9682 4673 7045
False
False
False
False
5937
1774 6580 7598 8499 7749 3804 1474 7075 2684 4536 1491 8354 7551 4682 9585 6401 8993 9682 4673 7045 7381 5937
5937
1774 6580 7598 8499 7749 3804 1474 7075 2684 4536 1491 8354 7551 4682 9585 6401 8993 9682 4673 7045 7381 5937
False
1774 6580 7598 8499 7749 3804 1474 7075 2684 4536 1491 8354 7551 4682 9585 6401 8993 9682 4673 7045 7381 5937
False
False
1774 6580 7598 8499 7749 3804 1474 7075 2684 4536 1491 8354 7551 4682 9585 6401 8993 9682
20
False
5152
False
4930
False
2786
2786
24
2786
2786
False
False
26
1774 6580 7598 8499 7749 3804 1474 7075 2684 4536 1491 8354 7551 4682 9585 6401 8993 9682 9467 7557 600 5443 5152 8288 7004 6047 9039 6164
6164
1774 6580 7598 8499 7749 3804 1474 7075 2684 4536 1491 8354 7551 4682 9585 6401 8993 9682 9467 7557 600 5443 5152 8288 7004 6047 9039 6164 3418 9131
False
4020
False
30
3418
1774 6580 7598 8499 7749 3804 1474 7075 2684 4536 1491 8354 7551 4682 9585 6401 8993 9682 9467 7557 600 5443 5152 8288 7004 6047 9039 6164 3418
1774 6580 7598 8499 7749 3804 1474 7075 2684 4536 1491 8354 7551 4682 9585 6401 8993 9682 9467 7557 600 5443 5152 8288 7004 6047 9039 6164 3418
7590
False
1774 6580 7598 8499 7749 3804 1474 7075 2684 4536 1491 8354 7551 4682 9585 6401 8993 9682 9467 7557 600 5443 5152 8288 7004 6047 9039
1774 6580 7598 8499 7749 3804 1474 7075 2684 4536 1491 8354 7551 4682 9585 6401 8993 9682 9467 7557 600 5443 5152 8288 7004 6047
False
1774 6580 7598 8499 7749 3804 1474 7075 2684 4536 1491 8354 7551 4682 9585 6401 8993 9682 9467 7557 600 5443 5152 8288 7004
7004
False
False
24
1774 6580 7598 8499 7749 3804 1474 7075 2684 4536 1491 8354 7551 4682 9585 6401 8993 9682 9467 7557 600 5443 5152 8288
24
1774 6580 7598 8499 7749 3804 1474 7075 2684 4536 1491 8354 7551 4682 9585 6401 8993 9682 9467 7557 600 5443 5152 8288
1774 6580 7598 8499 7749 3804 1474 7075 2684 4536 1491 8354 7551 4682 9585 6401 8993 9682 9467 7557 600 5443 5152
False
5152
5443
21
600
3548
False
False
False
False
3548
3548
1774 6580 7598 8499 7749 3804 1474 7075 2684 4536 1491 8354 7551 4682 9585 6401 8993 9682 9467 7557 3548
1774 6580 7598 8499 7749 3804 1474 7075 2684 4536 1491 8354 7551 4682 9585 6401 8993 9682 9467 7557 3548
1774 6580 7598 8499 7749 3804 1474 7075 2684 4536 1491 8354 7551 4682 9585 6401 8993 9682 9467 7557 3548
20
20
False
1774 6580 7598 8499 7749 3804 1474 7075 2684 4536 1491 8354 7551 4682 9585 6401 8993 9682 9467 7557 8767 3124 2064
False
7557
20
9467
19
False
21
9841
6713
6713
22
1774 6580 7598 8499 7749 3804 1474 7075 2684 4536 1491 8354 7551 4682 9585 6401 8993 880 191 4341 6713 6736
False
23
1774 6580 7598 8499 7749 3804 1474 7075 2684 4536 1491 8354 7551 4682 9585 6401 8993 880 191 4341 6713 6736 9923
9923
1774 6580 7598 8499 7749 3804 1474 7075 2684 4536 1491 8354 7551 4682 9585 6401 8993 880 191 4341 6713 6736
False
False
1774 6580 7598 8499 7749 3804 1474 7075 2684 4536 1491 8354 7551 4682 9585 6401 8993 880 191 4341 6713 6736 6447 5979
1774 6580 7598 8499 7749 3804 1474 7075 2684 4536 1491 8354 7551 4682 9585 6401 8993 880 191 4341 6713 6736 6447 5979
1774 6580 7598 8499 7749 3804 1474 7075 2684 4536 1491 8354 7551 4682 9585 6401 8993 880 191 4341 6713 6736 6447 5979
24
False
24
24
False
False
1774 6580 7598 8499 7749 3804 1474 7075 2684 4536 1491 8354 7551 4682 9585 6401 8993 880 191 4341 6713 6736 6447 5979 3165
1774 6580 7598 8499 7749 3804 1474 7075 2684 4536 1491 8354 7551 4682 9585 6401 8993 880 191 4341 6713 6736 6447 5979 3165
25
False
8578
False
1774 6580 7598 8499 7749 3804 1474 7075 2684 4536 1491 8354 7551 4682 9585 6401 8993 880 191 4341 6713 6736 6447 5979 3580 8578
1774 6580 7598 8499 7749 3804 1474 7075 2684 4536 1491 8354 7551 4682 9585 6401 8993 880 191 4341 6713 6736 6447 5979 3580
False
22
5396
False
False
False
24
False
False
1774 6580 7598 8499 7749 3804 1474 7075 2684 4536 1491 8354 7551 4682 9585 6401 8993 880 191 4341 6713 6736 5396 25 3170
False
27
False
False
False
27
1774 6580 7598 8499 7749 3804 1474 7075 2684 4536 1491 8354 7551 4682 9585 6401 8993 880 191 4341 6713 6736 5396 25 9200 6136 6559
27
False
False
25
23
8689
27
False
28
1774 6580 7598 8499 7749 3804 1474 7075 2684 4536 1491 8354 7551 4682 9585 6401 8993 880 191 4341 6713 6736 5396 505 4192 5893 8689
4192
False
505
505
False
24
24
24
1774 6580 7598 8499 7749 3804 1474 7075 2684 4536 1491 8354 7551 4682 9585 6401 8993 880 191 4341 6713 6736 5396 128
128
128
6829
False
25
False
23
5396
False
False
False
False
22
1774 6580 7598 8499 7749 3804 1474 7075 2684 4536 1491 8354 7551 4682 9585 6401 8993 880 191 4341 3894 6413
22
8170
False
1774 6580 7598 8499 7749 3804 1474 7075 2684 4536 1491 8354 7551 4682 9585 6401 8993 880 191 4341 3894 8170
9932
False
False
False
False
880
1774 6580 7598 8499 7749 3804 1474 7075 2684 4536 1491 8354 7551 4682 9585 6401 8993 880
1774 6580 7598 8499 7749 3804 1474 7075 2684 4536 1491 8354 7551 4682 9585 6401 8993 880
18
18
False
3490
False
17
1774 6580 7598 8499 7749 3804 1474 7075 2684 4536 1491 8354 7551 4682 9585 6401 8993
1073
1073
4358
False
False
1774 6580 7598 8499 7749 3804 1474 7075 2684 4536 1491 8354 7551 4682 9585 1073 4358 9850 5011 248 5535 6289
False
False
6289
False
8483
649
6857
False
1774 6580 7598 8499 7749 3804 1474 7075 2684 4536 1491 8354 7551 4682 9585 1073 4358 9850 5011 248 5535 6289 2903 8483
24
8483
False
8483
False
1774 6580 7598 8499 7749 3804 1474 7075 2684 4536 1491 8354 7551 4682 9585 1073 4358 9850 5011 248 5535 6289 2571
False
False
5011
False
5011
19
19
1774 6580 7598 8499 7749 3804 1474 7075 2684 4536 1491 8354 7551 4682 9585 1073 4358 9850 5011
5011
False
False
1774 6580 7598 8499 7749 3804 1474 7075 2684 4536 1491 8354 7551 4682 9585 1073 4358 9850 5011 9030
False
False
False
4433
4433
23
25
25
False
6386
2229
2229
28
False
1774 6580 7598 8499 7749 3804 1474 7075 2684 4536 1491 8354 7551 4682 9585 1073 4358 9850 5011 6088 1326 4433 6100 8456 6386 3989 473
False
False
1774 6580 7598 8499 7749 3804 1474 7075 2684 4536 1491 8354 7551 4682 9585 1073 4358 9850 5011 6088 1326 4433 6100 8456 6386 3989 1825
False
2233
2233
28
28
3989
6386
1774 6580 7598 8499 7749 3804 1474 7075 2684 4536 1491 8354 7551 4682 9585 1073 4358 9850 5011 6088 1326 4433
22
22
1774 6580 7598 8499 7749 3804 1474 7075 2684 4536 1491 8354 7551 4682 9585 1073 4358 9850 5011 6088 1326 4433 5854
1774 6580 7598 8499 7749 3804 1474 7075 2684 4536 1491 8354 7551 4682 9585 1073 4358 9850 5011 6088 1326 4433 5854 1116 2622
24
24
1774 6580 7598 8499 7749 3804 1474 7075 2684 4536 1491 8354 7551 4682 9585 1073 4358 9850 5011 6088 1326 4433 5854 1116 6871
6871
False
False
1774 6580 7598 8499 7749 3804 1474 7075 2684 4536 1491 8354 7551 4682 9585 1073 4358 9850 5011 6088 1326 4433 5854 1116
1774 6580 7598 8499 7749 3804 1474 7075 2684 4536 1491 8354 7551 4682 9585 1073 4358 9850 5011 6088 1326 4433 5854 1116
False
False
5470
1116
630
1774 6580 7598 8499 7749 3804 1474 7075 2684 4536 1491 8354 7551 4682 9585 1073 4358 9850 5011 6088 1326 4433 5854 1116 630 6645
False
False
28
False
False
9882
9882
1774 6580 7598 8499 7749 3804 1474 7075 2684 4536 1491 8354 7551 4682 9585 1073 4358 9850 5011 6088 1326 4433 5854 1116 630 6645 9882
1774 6580 7598 8499 7749 3804 1474 7075 2684 4536 1491 8354 7551 4682 9585 1073 4358 9850 5011 6088 1326 4433 5854 1116 630 6645 9882
27
27
1774 6580 7598 8499 7749 3804 1474 7075 2684 4536 1491 8354 7551 4682 9585 1073 4358 9850 5011 6088 1326 4433 5854 1116 630 6645 9882 7922
False
False
1774 6580 7598 8499 7749 3804 1474 7075 2684 4536 1491 8354 7551 4682 9585 1073 4358 9850 5011 6088 1326 4433 5854 1116 630 6645 9882 7922
1774 6580 7598 8499 7749 3804 1474 7075 2684 4536 1491 8354 7551 4682 9585 1073 4358 9850 5011 6088 1326 4433 5854 1116 630 6645 9882 1231
9882
27
9882
False
1774 6580 7598 8499 7749 3804 1474 7075 2684 4536 1491 8354 7551 4682 9585 1073 4358 9850 5011 6088 1326 4433 5854 1116 630 6645 9882
False
26
False
1774 6580 7598 8499 7749 3804 1474 7075 2684 4536 1491 8354 7551 4682 9585 1073 4358 9850 5011 6088 1326 4433 5854 1116 630 6645 5547
False
30
30
False
3635
1774 6580 7598 8499 7749 3804 1474 7075 2684 4536 1491 8354 7551 4682 9585 1073 4358 9850 5011 6088 1326 4433 5854 1116 630 6645 5547 1898 7607 3635
3635
False
1774 6580 7598 8499 7749 3804 1474 7075 2684 4536 1491 8354 7551 4682 9585 1073 4358 9850 5011 6088 1326 4433 5854 1116 630 6645 5547 1898 7607 3635
1774 6580 7598 8499 7749 3804 1474 7075 2684 4536 1491 8354 7551 4682 9585 1073 4358 9850 5011 6088 1326 4433 5854 1116 630 6645 5547 1898 7607 3635 8446
30
1774 6580 7598 8499 7749 3804 1474 7075 2684 4536 1491 8354 7551 4682 9585 1073 4358 9850 5011 6088 1326 4433 5854 1116 630 6645 5547 1898 7607 3635
False
False
1774 6580 7598 8499 7749 3804 1474 7075 2684 4536 1491 8354 7551 4682 9585 1073 4358 9850 5011 6088 1326 4433 5854 1116 630 6645 5547 1898 7607 3635 4608 8034 1001 9826 9569
36
36
False
False
False
False
9826
34
9826
False
False
False
37
9387
False
1774 6580 7598 8499 7749 3804 1474 7075 2684 4536 1491 8354 7551 4682 9585 1073 4358 9850 5011 6088 1326 4433 5854 1116 630 6645 5547 1898 7607 3635 4608 8034 1001 9826 3484 7481 8464 9387
False
False
7426
40
38
False
36
7481
1774 6580 7598 8499 7749 3804 1474 7075 2684 4536 1491 8354 7551 4682 9585 1073 4358 9850 5011 6088 1326 4433 5854 1116 630 6645 5547 1898 7607 3635 4608 8034 1001 9826
False
False
33
1774 6580 7598 8499 7749 3804 1474 7075 2684 4536 1491 8354 7551 4682 9585 1073 4358 9850 5011 6088 1326 4433 5854 1116 630 6645 5547 1898 7607
False
False
False
False
False
False
1774 6580 7598 8499 7749 3804 1474 7075 2684 4536 1491 8354 7551 4682 9585 1073 4358 9850 5011 6088 1326 4433 5854 1116 630 6645 5547 1898 549 2933 3963
3492
33
8187
1774 6580 7598 8499 7749 3804 1474 7075 2684 4536 1491 8354 7551 4682 9585 1073 4358 9850 5011 6088 1326 4433 5854 1116 630 6645 5547 1898 549 2933 3963 3492
False
False
False
2375
False
False
35
1774 6580 7598 8499 7749 3804 1474 7075 2684 4536 1491 8354 7551 4682 9585 1073 4358 9850 5011 6088 1326 4433 5854 1116 630 6645 5547 1898 549 2933 3963 7791 2917 4244 9833 7825
37
False
7613
False
9833
9833
False
False
False
False
1774 6580 7598 8499 7749 3804 1474 7075 2684 4536 1491 8354 7551 4682 9585 1073 4358 9850 5011 6088 1326 4433 5854 1116 630 6645 5547 1898 549 2933 3963 7791 2917 4244 2266
37
37
8822
False
False
1774 6580 7598 8499 7749 3804 1474 7075 2684 4536 1491 8354 7551 4682 9585 1073 4358 9850 5011 6088 1326 4433 5854 1116 630 6645 5547 1898 549 2933 3963 7791 2917 4244 2519 9652 9737
False
1774 6580 7598 8499 7749 3804 1474 7075 2684 4536 1491 8354 7551 4682 9585 1073 4358 9850 5011 6088 1326 4433 5854 1116 630 6645 5547 1898 549 2933 3963 7791 2917 4244 2519 7099
7099
1774 6580 7598 8499 7749 3804 1474 7075 2684 4536 1491 8354 7551 4682 9585 1073 4358 9850 5011 6088 1326 4433 5854 1116 630 6645 5547 1898 549 2933 3963 7791 2917 4244 2519 7099
False
False
False
38
False
False
1774 6580 7598 8499 7749 3804 1474 7075 2684 4536 1491 8354 7551 4682 9585 1073 4358 9850 5011 6088 1326 4433 5854 1116 630 6645 5547 1898 549 2933 3963 7791 2917 4244 2519 7099 2780 4584 8220
7124
40
False
2022
1774 6580 7598 8499 7749 3804 1474 7075 2684 4536 1491 8354 7551 4682 9585 1073 4358 9850 5011 6088 1326 4433 5854 1116 630 6645 5547 1898 549 2933 3963 7791 2917 4244 2519 7099 2780 4584 2614 7124 2022
False
2022
False
1774 6580 7598 8499 7749 3804 1474 7075 2684 4536 1491 8354 7551 4682 9585 1073 4358 9850 5011 6088 1326 4433 5854 1116 630 6645 5547 1898 549 2933 3963 7791 2917 4244 2519 7099 2780 4584 2614 7124 2022 9270
1774 6580 7598 8499 7749 3804 1474 7075 2684 4536 1491 8354 7551 4682 9585 1073 4358 9850 5011 6088 1326 4433 5854 1116 630 6645 5547 1898 549 2933 3963 7791 2917 4244 2519 7099 2780 4584 2614 7124 2022 9270
42
41
7124
4584
False
False
False
False
False
False
2780
37
7448
False
False
False
False
False
False
1774 6580 7598 8499 7749 3804 1474 7075 2684 4536 1491 8354 7551 4682 9585 1073 4358 9850 5011 6088 1326 4433 5854 1116 630 6645 5547 1898 549 2933 3963 7791 2917 4244 2519 7099 7448 6210 3825
False
False
1774 6580 7598 8499 7749 3804 1474 7075 2684 4536 1491 8354 7551 4682 9585 1073 4358 9850 5011 6088 1326 4433 5854 1116 630 6645 5547 1898 549 2933 3963 7791 2917 4244 2519 7099 7448
1774 6580 7598 8499 7749 3804 1474 7075 2684 4536 1491 8354 7551 4682 9585 1073 4358 9850 5011 6088 1326 4433 5854 1116 630 6645 5547 1898 549 2933 3963 7791 2917 4244 2519 7099 7448
False
1774 6580 7598 8499 7749 3804 1474 7075 2684 4536 1491 8354 7551 4682 9585 1073 4358 9850 5011 6088 1326 4433 5854 1116 630 6645 5547 1898 549 2933 3963 7791 2917 4244 2519 7099 7448
37
4244
1774 6580 7598 8499 7749 3804 1474 7075 2684 4536 1491 8354 7551 4682 9585 1073 4358 9850 5011 6088 1326 4433 5854 1116 630 6645 5547 1898 549 2933 3963 7791 2917 8088
False
False
False
False
1774 6580 7598 8499 7749 3804 1474 7075 2684 4536 1491 8354 7551 4682 9585 1073 4358 9850 5011 6088 1326 4433 5854 1116 630 6645 5547 1898 549 2933 3963
False
False
5469
False
False
33
1618
1774 6580 7598 8499 7749 3804 1474 7075 2684 4536 1491 8354 7551 4682 9585 1073 4358 9850 5011 6088 1326 4433 5854 1116 630 6645 5547 1898 549 2933 3963 1618
False
False
False
32
False
False
False
29
28
1898
False
29
1774 6580 7598 8499 7749 3804 1474 7075 2684 4536 1491 8354 7551 4682 9585 1073 4358 9850 5011 6088 1326 4433 5854 1116 630 6645 5547 1898 9726
9811
1774 6580 7598 8499 7749 3804 1474 7075 2684 4536 1491 8354 7551 4682 9585 1073 4358 9850 5011 6088 1326 4433 5854 1116 630 6645 5547 1898 9726 9811
30
7852
9811
2308
False
False
4688
1774 6580 7598 8499 7749 3804 1474 7075 2684 4536 1491 8354 7551 4682 9585 1073 4358 9850 5011 6088 1326 4433 5854 1116 630 6645 5547 1898 9726 9811 2756 2308 4688 342
False
False
False
1774 6580 7598 8499 7749 3804 1474 7075 2684 4536 1491 8354 7551 4682 9585 1073 4358 9850 5011 6088 1326 4433 5854 1116 630 6645 5547 1898 9726 9811 2756 2308 4688 8219
4688
False
False
False
30
False
False
False
1774 6580 7598 8499 7749 3804 1474 7075 2684 4536 1491 8354 7551 4682 9585 1073 4358 9850 5011 6088 1326 4433 5854 1116 630 6645 5547 1898 9726 9811 4634 320 302 9990 4209
9556
1521
False
False
1774 6580 7598 8499 7749 3804 1474 7075 2684 4536 1491 8354 7551 4682 9585 1073 4358 9850 5011 6088 1326 4433 5854 1116 630 6645 5547 1898 9726 9811 4634 320 302 9990 4209 9556
3713
486
486
False
False
39
False
37
False
38
1774 6580 7598 8499 7749 3804 1474 7075 2684 4536 1491 8354 7551 4682 9585 1073 4358 9850 5011 6088 1326 4433 5854 1116 630 6645 5547 1898 9726 9811 4634 320 302 9990 4209 9556 6280 8554
8554
38
39
False
False
False
False
False
False
False
1774 6580 7598 8499 7749 3804 1474 7075 2684 4536 1491 8354 7551 4682 9585 1073 4358 9850 5011 6088 1326 4433 5854 1116 630 6645 5547 1898 9726 9811 4634 320 302 9990 3669
False
False
False
False
9990
9990
1774 6580 7598 8499 7749 3804 1474 7075 2684 4536 1491 8354 7551 4682 9585 1073 4358 9850 5011 6088 1326 4433 5854 1116 630 6645 5547 1898 9726 9811 4634 320 302 9990
False
False
False
False
34
9990
False
1774 6580 7598 8499 7749 3804 1474 7075 2684 4536 1491 8354 7551 4682 9585 1073 4358 9850 5011 6088 1326 4433 5854 1116 630 6645 5547 1898 9726 9811 4634 320 302 9990 9868 4103 832
1774 6580 7598 8499 7749 3804 1474 7075 2684 4536 1491 8354 7551 4682 9585 1073 4358 9850 5011 6088 1326 4433 5854 1116 630 6645 5547 1898 9726 9811 4634 320 302 9990 9868 4103
False
False
9990
False
1774 6580 7598 8499 7749 3804 1474 7075 2684 4536 1491 8354 7551 4682 9585 1073 4358 9850 5011 6088 1326 4433 5854 1116 630 6645 5547 1898 9726 9811 4634 320 302 2562
2562
False
32
1774 6580 7598 8499 7749 3804 1474 7075 2684 4536 1491 8354 7551 4682 9585 1073 4358 9850 5011 6088 1326 4433 5854 1116 630 6645 5547 1898 9726 9811 4634 320 1421 9110
5800
False
5283
33
33
3732
37
False
748
False
False
False
40
1774 6580 7598 8499 7749 3804 1474 7075 2684 4536 1491 8354 7551 4682 9585 1073 4358 9850 5011 6088 1326 4433 5854 1116 630 6645 5547 1898 9726 9811 4634 320 1421 1719 1539 5054 3732 3196 9247 748
5172
False
5172
6325
False
False
1726
46
46
False
False
False
1774 6580 7598 8499 7749 3804 1474 7075 2684 4536 1491 8354 7551 4682 9585 1073 4358 9850 5011 6088 1326 4433 5854 1116 630 6645 5547 1898 9726 9811 4634 320 1421 1719 1539 5054 3732 3196 9247 748 5172 6325 7362
1774 6580 7598 8499 7749 3804 1474 7075 2684 4536 1491 8354 7551 4682 9585 1073 4358 9850 5011 6088 1326 4433 5854 1116 630 6645 5547 1898 9726 9811 4634 320 1421 1719 1539 5054 3732 3196 9247 748 5172 6325 7362 8563
False
6002
False
False
1774 6580 7598 8499 7749 3804 1474 7075 2684 4536 1491 8354 7551 4682 9585 1073 4358 9850 5011 6088 1326 4433 5854 1116 630 6645 5547 1898 9726 9811 4634 320 1421 1719 1539 5054 3732 3196 9247 748 5172 6325 7362 6719
False
6719
False
614
False
False
False
False
6187
6187
False
42
1774 6580 7598 8499 7749 3804 1474 7075 2684 4536 1491 8354 7551 4682 9585 1073 4358 9850 5011 6088 1326 4433 5854 1116 630 6645 5547 1898 9726 9811 4634 320 1421 1719 1539 5054 3732 3196 9247 748 5172
False
212
False
41
41
5235
1774 6580 7598 8499 7749 3804 1474 7075 2684 4536 1491 8354 7551 4682 9585 1073 4358 9850 5011 6088 1326 4433 5854 1116 630 6645 5547 1898 9726 9811 4634 320 1421 1719 1539 5054 3732 3196
False
3196
False
False
3196
False
False
False
False
43
6279
False
False
44
46
1774 6580 7598 8499 7749 3804 1474 7075 2684 4536 1491 8354 7551 4682 9585 1073 4358 9850 5011 6088 1326 4433 5854 1116 630 6645 5547 1898 9726 9811 4634 320 1421 1719 1539 5054 3732 3196 6645 3977 6383 5448 9723 6279 7138 6846 9161
False
False
9161
1774 6580 7598 8499 7749 3804 1474 7075 2684 4536 1491 8354 7551 4682 9585 1073 4358 9850 5011 6088 1326 4433 5854 1116 630 6645 5547 1898 9726 9811 4634 320 1421 1719 1539 5054 3732 3196 6645 3977 6383 5448 9723 6279 7138 6846 9161
1774 6580 7598 8499 7749 3804 1474 7075 2684 4536 1491 8354 7551 4682 9585 1073 4358 9850 5011 6088 1326 4433 5854 1116 630 6645 5547 1898 9726 9811 4634 320 1421 1719 1539 5054 3732 3196 6645 3977 6383 5448 9723 6279 7138
1774 6580 7598 8499 7749 3804 1474 7075 2684 4536 1491 8354 7551 4682 9585 1073 4358 9850 5011 6088 1326 4433 5854 1116 630 6645 5547 1898 9726 9811 4634 320 1421 1719 1539 5054 3732 3196 6645 3977 6383 5448 9723 6279 7138
45
False
1774 6580 7598 8499 7749 3804 1474 7075 2684 4536 1491 8354 7551 4682 9585 1073 4358 9850 5011 6088 1326 4433 5854 1116 630 6645 5547 1898 9726 9811 4634 320 1421 1719 1539 5054 3732 3196 6645 3977 6383 5448 9723 6279 7138
46
False
44
False
2836
False
False
43
3977
False
40
False
False
278
1774 6580 7598 8499 7749 3804 1474 7075 2684 4536 1491 8354 7551 4682 9585 1073 4358 9850 5011 6088 1326 4433 5854 1116 630 6645 5547 1898 9726 9811 4634 320 1421 1719 1539 5054 3732 3196 6645 3977 9215 8133 278
1774 6580 7598 8499 7749 3804 1474 7075 2684 4536 1491 8354 7551 4682 9585 1073 4358 9850 5011 6088 1326 4433 5854 1116 630 6645 5547 1898 9726 9811 4634 320 1421 1719 1539 5054 3732 3196 6645 3977 9215 8133
8133
8133
False
False
8133
1774 6580 7598 8499 7749 3804 1474 7075 2684 4536 1491 8354 7551 4682 9585 1073 4358 9850 5011 6088 1326 4433 5854 1116 630 6645 5547 1898 9726 9811 4634 320 1421 1719 1539 5054 3732 3196 6645 3977 9215 8133
3839
False
False
9005
5410
1774 6580 7598 8499 7749 3804 1474 7075 2684 4536 1491 8354 7551 4682 9585 1073 4358 9850 5011 6088 1326 4433 5854 1116 630 6645 5547 1898 9726 9811 4634 320 1421 1719 1539 5054 3732 3196 6645 3977 9215 9005 5410
False
5410
5410
False
6903
47
1774 6580 7598 8499 7749 3804 1474 7075 2684 4536 1491 8354 7551 4682 9585 1073 4358 9850 5011 6088 1326 4433 5854 1116 630 6645 5547 1898 9726 9811 4634 320 1421 1719 1539 5054 3732 3196 6645 3977 9215 9005 5410 9763 7573 8870 4866
48
48
1774 6580 7598 8499 7749 3804 1474 7075 2684 4536 1491 8354 7551 4682 9585 1073 4358 9850 5011 6088 1326 4433 5854 1116 630 6645 5547 1898 9726 9811 4634 320 1421 1719 1539 5054 3732 3196 6645 3977 9215 9005 5410 9763 7573 8870 2325 3485
3485
False
False
False
1774 6580 7598 8499 7749 3804 1474 7075 2684 4536 1491 8354 7551 4682 9585 1073 4358 9850 5011 6088 1326 4433 5854 1116 630 6645 5547 1898 9726 9811 4634 320 1421 1719 1539 5054 3732 3196 6645 3977 9215 9005 5410 9763 7573 8870 2325 2806 2606
False
1380
1774 6580 7598 8499 7749 3804 1474 7075 2684 4536 1491 8354 7551 4682 9585 1073 4358 9850 5011 6088 1326 4433 5854 1116 630 6645 5547 1898 9726 9811 4634 320 1421 1719 1539 5054 3732 3196 6645 3977 9215 9005 5410 9763 7573 8870 2325 2806 2606 6835 1380
50
1774 6580 7598 8499 7749 3804 1474 7075 2684 4536 1491 8354 7551 4682 9585 1073 4358 9850 5011 6088 1326 4433 5854 1116 630 6645 5547 1898 9726 9811 4634 320 1421 1719 1539 5054 3732 3196 6645 3977 9215 9005 5410 9763 7573 8870 2325 2806 2606 6835
2606
1774 6580 7598 8499 7749 3804 1474 7075 2684 4536 1491 8354 7551 4682 9585 1073 4358 9850 5011 6088 1326 4433 5854 1116 630 6645 5547 1898 9726 9811 4634 320 1421 1719 1539 5054 3732 3196 6645 3977 9215 9005 5410 9763 7573 8870 2325 2806 2606
2806
False
2325
False
False
False
False
False
1774 6580 7598 8499 7749 3804 1474 7075 2684 4536 1491 8354 7551 4682 9585 1073 4358 9850 5011 6088 1326 4433 5854 1116 630 6645 5547 1898 9726 9811 4634 320 1421 1719 1539 5054 3732 3196 6645 3977 9215 9005 5410 9763 7573 8870 2325 2052 4283
1774 6580 7598 8499 7749 3804 1474 7075 2684 4536 1491 8354 7551 4682 9585 1073 4358 9850 5011 6088 1326 4433 5854 1116 630 6645 5547 1898 9726 9811 4634 320 1421 1719 1539 5054 3732 3196 6645 3977 9215 9005 5410 9763 7573 8870 2325 2052 4283
4221
1774 6580 7598 8499 7749 3804 1474 7075 2684 4536 1491 8354 7551 4682 9585 1073 4358 9850 5011 6088 1326 4433 5854 1116 630 6645 5547 1898 9726 9811 4634 320 1421 1719 1539 5054 3732 3196 6645 3977 9215 9005 5410 9763 7573 8870 2325 2052 4283 4221 4550
False
1774 6580 7598 8499 7749 3804 1474 7075 2684 4536 1491 8354 7551 4682 9585 1073 4358 9850 5011 6088 1326 4433 5854 1116 630 6645 5547 1898 9726 9811 4634 320 1421 1719 1539 5054 3732 3196 6645 3977 9215 9005 5410 9763 7573 8870 2325 2052 4283 4221 4550
False
1774 6580 7598 8499 7749 3804 1474 7075 2684 4536 1491 8354 7551 4682 9585 1073 4358 9850 5011 6088 1326 4433 5854 1116 630 6645 5547 1898 9726 9811 4634 320 1421 1719 1539 5054 3732 3196 6645 3977 9215 9005 5410 9763 7573 8870 2325 2052 4283 4221
4221
50
1774 6580 7598 8499 7749 3804 1474 7075 2684 4536 1491 8354 7551 4682 9585 1073 4358 9850 5011 6088 1326 4433 5854 1116 630 6645 5547 1898 9726 9811 4634 320 1421 1719 1539 5054 3732 3196 6645 3977 9215 9005 5410 9763 7573 8870 2325 2052 4283 4221
1774 6580 7598 8499 7749 3804 1474 7075 2684 4536 1491 8354 7551 4682 9585 1073 4358 9850 5011 6088 1326 4433 5854 1116 630 6645 5547 1898 9726 9811 4634 320 1421 1719 1539 5054 3732 3196 6645 3977 9215 9005 5410 9763 7573 8870 2325 2052 4283 4221 127
127
False
False
False
False
False
False
False
1774 6580 7598 8499 7749 3804 1474 7075 2684 4536 1491 8354 7551 4682 9585 1073 4358 9850 5011 6088 1326 4433 5854 1116 630 6645 5547 1898 9726 9811 4634 320 1421 1719 1539 5054 3732 3196 6645 3977 9215 9005 5410 9763 7573 8870 2325 2052 4283 4221 1810 4544 8602 167 7531 1386
55
False
54
False
1774 6580 7598 8499 7749 3804 1474 7075 2684 4536 1491 8354 7551 4682 9585 1073 4358 9850 5011 6088 1326 4433 5854 1116 630 6645 5547 1898 9726 9811 4634 320 1421 1719 1539 5054 3732 3196 6645 3977 9215 9005 5410 9763 7573 8870 2325 2052 4283 4221 1810 4544 8602 1104
False
53
1774 6580 7598 8499 7749 3804 1474 7075 2684 4536 1491 8354 7551 4682 9585 1073 4358 9850 5011 6088 1326 4433 5854 1116 630 6645 5547 1898 9726 9811 4634 320 1421 1719 1539 5054 3732 3196 6645 3977 9215 9005 5410 9763 7573 8870 2325 2052 4283 4221 1810 4544 8602
8602
53
False
4544
1774 6580 7598 8499 7749 3804 1474 7075 2684 4536 1491 8354 7551 4682 9585 1073 4358 9850 5011 6088 1326 4433 5854 1116 630 6645 5547 1898 9726 9811 4634 320 1421 1719 1539 5054 3732 3196 6645 3977 9215 9005 5410 9763 7573 8870 2325 2052 4283 4221 1810 4544
False
False
False
54
False
425
False
1774 6580 7598 8499 7749 3804 1474 7075 2684 4536 1491 8354 7551 4682 9585 1073 4358 9850 5011 6088 1326 4433 5854 1116 630 6645 5547 1898 9726 9811 4634 320 1421 1719 1539 5054 3732 3196 6645 3977 9215 9005 5410 9763 7573 8870 2325 2052 4283 4221 1810 4544 7951 425 6734
False
5611
1774 6580 7598 8499 7749 3804 1474 7075 2684 4536 1491 8354 7551 4682 9585 1073 4358 9850 5011 6088 1326 4433 5854 1116 630 6645 5547 1898 9726 9811 4634 320 1421 1719 1539 5054 3732 3196 6645 3977 9215 9005 5410 9763 7573 8870 2325 2052 4283 4221 1810 4544 7951 425 6734 5611 5030
60
4263
4002
5253
66
False
False
1774 6580 7598 8499 7749 3804 1474 7075 2684 4536 1491 8354 7551 4682 9585 1073 4358 9850 5011 6088 1326 4433 5854 1116 630 6645 5547 1898 9726 9811 4634 320 1421 1719 1539 5054 3732 3196 6645 3977 9215 9005 5410 9763 7573 8870 2325 2052 4283 4221 1810 4544 7951 425 6734 5611 5030 4453 2428 6904 3183 4263 2244 7575 3194 6881
False
1774 6580 7598 8499 7749 3804 1474 7075 2684 4536 1491 8354 7551 4682 9585 1073 4358 9850 5011 6088 1326 4433 5854 1116 630 6645 5547 1898 9726 9811 4634 320 1421 1719 1539 5054 3732 3196 6645 3977 9215 9005 5410 9763 7573 8870 2325 2052 4283 4221 1810 4544 7951 425 6734 5611 5030 4453 2428 6904 3183 4263 2244 7575 3194 3272
False
65
65
64
False
1460
65
1774 6580 7598 8499 7749 3804 1474 7075 2684 4536 1491 8354 7551 4682 9585 1073 4358 9850 5011 6088 1326 4433 5854 1116 630 6645 5547 1898 9726 9811 4634 320 1421 1719 1539 5054 3732 3196 6645 3977 9215 9005 5410 9763 7573 8870 2325 2052 4283 4221 1810 4544 7951 425 6734 5611 5030 4453 2428 6904 3183 4263 2244 7575 1460
1774 6580 7598 8499 7749 3804 1474 7075 2684 4536 1491 8354 7551 4682 9585 1073 4358 9850 5011 6088 1326 4433 5854 1116 630 6645 5547 1898 9726 9811 4634 320 1421 1719 1539 5054 3732 3196 6645 3977 9215 9005 5410 9763 7573 8870 2325 2052 4283 4221 1810 4544 7951 425 6734 5611 5030 4453 2428 6904 3183 4263 2244 7575 1712
1774 6580 7598 8499 7749 3804 1474 7075 2684 4536 1491 8354 7551 4682 9585 1073 4358 9850 5011 6088 1326 4433 5854 1116 630 6645 5547 1898 9726 9811 4634 320 1421 1719 1539 5054 3732 3196 6645 3977 9215 9005 5410 9763 7573 8870 2325 2052 4283 4221 1810 4544 7951 425 6734 5611 5030 4453 2428 6904 3183 4263 2244
False
False
61
1774 6580 7598 8499 7749 3804 1474 7075 2684 4536 1491 8354 7551 4682 9585 1073 4358 9850 5011 6088 1326 4433 5854 1116 630 6645 5547 1898 9726 9811 4634 320 1421 1719 1539 5054 3732 3196 6645 3977 9215 9005 5410 9763 7573 8870 2325 2052 4283 4221 1810 4544 7951 425 6734 5611 5030 4453 2428 6904 3183
62
False
1032
False
False
62
False
False
64
False
3525
1032
False
1774 6580 7598 8499 7749 3804 1474 7075 2684 4536 1491 8354 7551 4682 9585 1073 4358 9850 5011 6088 1326 4433 5854 1116 630 6645 5547 1898 9726 9811 4634 320 1421 1719 1539 5054 3732 3196 6645 3977 9215 9005 5410 9763 7573 8870 2325 2052 4283 4221 1810 4544 7951 425 6734 5611 5030 4453 2428 6904 3183 1032 4612
63
1774 6580 7598 8499 7749 3804 1474 7075 2684 4536 1491 8354 7551 4682 9585 1073 4358 9850 5011 6088 1326 4433 5854 1116 630 6645 5547 1898 9726 9811 4634 320 1421 1719 1539 5054 3732 3196 6645 3977 9215 9005 5410 9763 7573 8870 2325 2052 4283 4221 1810 4544 7951 425 6734 5611 5030 4453 2428 6904 3183 1032 4612
1774 6580 7598 8499 7749 3804 1474 7075 2684 4536 1491 8354 7551 4682 9585 1073 4358 9850 5011 6088 1326 4433 5854 1116 630 6645 5547 1898 9726 9811 4634 320 1421 1719 1539 5054 3732 3196 6645 3977 9215 9005 5410 9763 7573 8870 2325 2052 4283 4221 1810 4544 7951 425 6734 5611 5030 4453 2428 6904 3183 1032 4612
8063
False
4133
1774 6580 7598 8499 7749 3804 1474 7075 2684 4536 1491 8354 7551 4682 9585 1073 4358 9850 5011 6088 1326 4433 5854 1116 630 6645 5547 1898 9726 9811 4634 320 1421 1719 1539 5054 3732 3196 6645 3977 9215 9005 5410 9763 7573 8870 2325 2052 4283 4221 1810 4544 7951 425 6734 5611 5030 4453 2428 6904 3183 8063 4133
False
False
65
1774 6580 7598 8499 7749 3804 1474 7075 2684 4536 1491 8354 7551 4682 9585 1073 4358 9850 5011 6088 1326 4433 5854 1116 630 6645 5547 1898 9726 9811 4634 320 1421 1719 1539 5054 3732 3196 6645 3977 9215 9005 5410 9763 7573 8870 2325 2052 4283 4221 1810 4544 7951 425 6734 5611 5030 4453 2428 6904 3183 8063 4133 1510 1854
1854
False
65
2986
False
1774 6580 7598 8499 7749 3804 1474 7075 2684 4536 1491 8354 7551 4682 9585 1073 4358 9850 5011 6088 1326 4433 5854 1116 630 6645 5547 1898 9726 9811 4634 320 1421 1719 1539 5054 3732 3196 6645 3977 9215 9005 5410 9763 7573 8870 2325 2052 4283 4221 1810 4544 7951 425 6734 5611 5030 4453 2428 6904 3183 8063 4133 1510
62
False
False
False
1774 6580 7598 8499 7749 3804 1474 7075 2684 4536 1491 8354 7551 4682 9585 1073 4358 9850 5011 6088 1326 4433 5854 1116 630 6645 5547 1898 9726 9811 4634 320 1421 1719 1539 5054 3732 3196 6645 3977 9215 9005 5410 9763 7573 8870 2325 2052 4283 4221 1810 4544 7951 425 6734 5611 5030 4453 2428 6904 3183 8063
False
False
False
1774 6580 7598 8499 7749 3804 1474 7075 2684 4536 1491 8354 7551 4682 9585 1073 4358 9850 5011 6088 1326 4433 5854 1116 630 6645 5547 1898 9726 9811 4634 320 1421 1719 1539 5054 3732 3196 6645 3977 9215 9005 5410 9763 7573 8870 2325 2052 4283 4221 1810 4544 7951 425 6734 5611 5030 4453 2428 6904 3183 8063 8227 7884
False
65
False
7884
7884
7884
False
False
False
4613
1774 6580 7598 8499 7749 3804 1474 7075 2684 4536 1491 8354 7551 4682 9585 1073 4358 9850 5011 6088 1326 4433 5854 1116 630 6645 5547 1898 9726 9811 4634 320 1421 1719 1539 5054 3732 3196 6645 3977 9215 9005 5410 9763 7573 8870 2325 2052 4283 4221 1810 4544 7951 425 6734 5611 5030 4453 2428 6904 3183 8063 8227 7884
64
65
64
False
64
6303
65
False
False
3183
1774 6580 7598 8499 7749 3804 1474 7075 2684 4536 1491 8354 7551 4682 9585 1073 4358 9850 5011 6088 1326 4433 5854 1116 630 6645 5547 1898 9726 9811 4634 320 1421 1719 1539 5054 3732 3196 6645 3977 9215 9005 5410 9763 7573 8870 2325 2052 4283 4221 1810 4544 7951 425 6734 5611 5030 4453 2428 6904
64
False
5018
False
False
False
False
False
False
3753
1774 6580 7598 8499 7749 3804 1474 7075 2684 4536 1491 8354 7551 4682 9585 1073 4358 9850 5011 6088 1326 4433 5854 1116 630 6645 5547 1898 9726 9811 4634 320 1421 1719 1539 5054 3732 3196 6645 3977 9215 9005 5410 9763 7573 8870 2325 2052 4283 4221 1810 4544 7951 425 6734 5611 5030 4453 2428 6904 9777 818 3344 4055 4283 3335 5018 828 3753
69
False
1774 6580 7598 8499 7749 3804 1474 7075 2684 4536 1491 8354 7551 4682 9585 1073 4358 9850 5011 6088 1326 4433 5854 1116 630 6645 5547 1898 9726 9811 4634 320 1421 1719 1539 5054 3732 3196 6645 3977 9215 9005 5410 9763 7573 8870 2325 2052 4283 4221 1810 4544 7951 425 6734 5611 5030 4453 2428 6904 9777 818 3344 4055 4283 3335 5018 828 3753 7761 3092 7956 990
1774 6580 7598 8499 7749 3804 1474 7075 2684 4536 1491 8354 7551 4682 9585 1073 4358 9850 5011 6088 1326 4433 5854 1116 630 6645 5547 1898 9726 9811 4634 320 1421 1719 1539 5054 3732 3196 6645 3977 9215 9005 5410 9763 7573 8870 2325 2052 4283 4221 1810 4544 7951 425 6734 5611 5030 4453 2428 6904 9777 818 3344 4055 4283 3335 5018 828 3753 7761 3092 7956 990
3725
1774 6580 7598 8499 7749 3804 1474 7075 2684 4536 1491 8354 7551 4682 9585 1073 4358 9850 5011 6088 1326 4433 5854 1116 630 6645 5547 1898 9726 9811 4634 320 1421 1719 1539 5054 3732 3196 6645 3977 9215 9005 5410 9763 7573 8870 2325 2052 4283 4221 1810 4544 7951 425 6734 5611 5030 4453 2428 6904 9777 818 3344 4055 4283 3335 5018 828 3753 7761 3092 7956 990 6898 3725
6898
1774 6580 7598 8499 7749 3804 1474 7075 2684 4536 1491 8354 7551 4682 9585 1073 4358 9850 5011 6088 1326 4433 5854 1116 630 6645 5547 1898 9726 9811 4634 320 1421 1719 1539 5054 3732 3196 6645 3977 9215 9005 5410 9763 7573 8870 2325 2052 4283 4221 1810 4544 7951 425 6734 5611 5030 4453 2428 6904 9777 818 3344 4055 4283 3335 5018 828 3753 7761 3092 7956 990 6898
74
75
1774 6580 7598 8499 7749 3804 1474 7075 2684 4536 1491 8354 7551 4682 9585 1073 4358 9850 5011 6088 1326 4433 5854 1116 630 6645 5547 1898 9726 9811 4634 320 1421 1719 1539 5054 3732 3196 6645 3977 9215 9005 5410 9763 7573 8870 2325 2052 4283 4221 1810 4544 7951 425 6734 5611 5030 4453 2428 6904 9777 818 3344 4055 4283 3335 5018 828 3753 7761 3092 7956 990 6898 4927
False
1774 6580 7598 8499 7749 3804 1474 7075 2684 4536 1491 8354 7551 4682 9585 1073 4358 9850 5011 6088 1326 4433 5854 1116 630 6645 5547 1898 9726 9811 4634 320 1421 1719 1539 5054 3732 3196 6645 3977 9215 9005 5410 9763 7573 8870 2325 2052 4283 4221 1810 4544 7951 425 6734 5611 5030 4453 2428 6904 9777 818 3344 4055 4283 3335 5018 828 3753 7761 3092 7956 990 6898 842
75
1774 6580 7598 8499 7749 3804 1474 7075 2684 4536 1491 8354 7551 4682 9585 1073 4358 9850 5011 6088 1326 4433 5854 1116 630 6645 5547 1898 9726 9811 4634 320 1421 1719 1539 5054 3732 3196 6645 3977 9215 9005 5410 9763 7573 8870 2325 2052 4283 4221 1810 4544 7951 425 6734 5611 5030 4453 2428 6904 9777 818 3344 4055 4283 3335 5018 828 3753 7761 3092 7956 990
False
False
7761
71
False
1774 6580 7598 8499 7749 3804 1474 7075 2684 4536 1491 8354 7551 4682 9585 1073 4358 9850 5011 6088 1326 4433 5854 1116 630 6645 5547 1898 9726 9811 4634 320 1421 1719 1539 5054 3732 3196 6645 3977 9215 9005 5410 9763 7573 8870 2325 2052 4283 4221 1810 4544 7951 425 6734 5611 5030 4453 2428 6904 9777 818 3344 4055 4283 3335 5018 828
69
False
70
False
70
False
False
False
1774 6580 7598 8499 7749 3804 1474 7075 2684 4536 1491 8354 7551 4682 9585 1073 4358 9850 5011 6088 1326 4433 5854 1116 630 6645 5547 1898 9726 9811 4634 320 1421 1719 1539 5054 3732 3196 6645 3977 9215 9005 5410 9763 7573 8870 2325 2052 4283 4221 1810 4544 7951 425 6734 5611 5030 4453 2428 6904 9777 818 3344 4055 4283 3335 5018 6398 3037
3037
7987
False
False
72
1774 6580 7598 8499 7749 3804 1474 7075 2684 4536 1491 8354 7551 4682 9585 1073 4358 9850 5011 6088 1326 4433 5854 1116 630 6645 5547 1898 9726 9811 4634 320 1421 1719 1539 5054 3732 3196 6645 3977 9215 9005 5410 9763 7573 8870 2325 2052 4283 4221 1810 4544 7951 425 6734 5611 5030 4453 2428 6904 9777 818 3344 4055 4283 3335 5018 6398 3037 708 7987
False
False
1774 6580 7598 8499 7749 3804 1474 7075 2684 4536 1491 8354 7551 4682 9585 1073 4358 9850 5011 6088 1326 4433 5854 1116 630 6645 5547 1898 9726 9811 4634 320 1421 1719 1539 5054 3732 3196 6645 3977 9215 9005 5410 9763 7573 8870 2325 2052 4283 4221 1810 4544 7951 425 6734 5611 5030 4453 2428 6904 9777 818 3344 4055 4283 3335 5018 6398 3037 708 7987 780 4616 3207 4153 9546
False
1774 6580 7598 8499 7749 3804 1474 7075 2684 4536 1491 8354 7551 4682 9585 1073 4358 9850 5011 6088 1326 4433 5854 1116 630 6645 5547 1898 9726 9811 4634 320 1421 1719 1539 5054 3732 3196 6645 3977 9215 9005 5410 9763 7573 8870 2325 2052 4283 4221 1810 4544 7951 425 6734 5611 5030 4453 2428 6904 9777 818 3344 4055 4283 3335 5018 6398 3037 708 7987 780 4616 3207 6039 2439
False
False
77
False
False
81
False
1774 6580 7598 8499 7749 3804 1474 7075 2684 4536 1491 8354 7551 4682 9585 1073 4358 9850 5011 6088 1326 4433 5854 1116 630 6645 5547 1898 9726 9811 4634 320 1421 1719 1539 5054 3732 3196 6645 3977 9215 9005 5410 9763 7573 8870 2325 2052 4283 4221 1810 4544 7951 425 6734 5611 5030 4453 2428 6904 9777 818 3344 4055 4283 3335 5018 6398 3037 708 7987 780 4616 3207 6039 2439 9957 6753 7065 9674 8935
False
False
9674
