1
False
Empty
Empty
Empty
Empty


Empty
False
1
2

Empty
Empty
False
False
False
False
4
False
8714 7842 5857
False
Empty
False
True
0
Empty


1
False
1
False
False
Empty
True
Empty
False
Empty
2
Empty
2
2
False
False
1
7413 4038
1
False
7004 5851 662
7004 5851 662 2460 9419
False
4
False
False
False
7004 5851 662 5451 8560
False
7004 5851 662 307
4
False
False
7004 5851 662
False
False
False
False
False
7004 5851 4577 9965 6239
7004 5851 4577 9965 7546
False
5
2
False
7004 5851 4340
False
False
False
Empty

0
0
False
1
7226 4315
Empty
False
False
False
3668
False
False
False
3668 2293 8606
3668
False
Empty

True

True
Empty
Empty
4620 3147
4620

True
Empty
1
0
0
True
True
False
7658
7658
False
False
1

False
3624
False
Empty
0
0
True
True
False
True
2
5347 8354
False
False
2
5347 8354
1
False
5347
False
5347 800
False
False
False
False
5347 800 5414 5908
4
False
False
False
5347 800 5414 5069 4139
5347 800 5414 5069 4139
False
False
False
5347 800 8626
3
3
False
False
False
False
5
False
5347 800 8626 7374 4928
5347 800 8626 2571
False
False
9
False
5347 800 8626 2571 1753 3078 5183 4803 937 8106
False
12
5347 800 8626 2571 1753 3078 5183 4803 8758 647
5347 800 8626 2571 1753 3078 5183 4803 8758 647 6303 2560
False
False
5347 800 8626 2571 1753 3078 5183 4803 8758 647 7592
False
12
False
5347 800 8626 2571 1753 3078 5183 4803 8758 647 7592 8318 2607 8984 6074 3334
16
15
False
False
15
15
False
5347 800 8626 2571 1753 3078 5183 4803 8758 647 7592 8318 2607 8984 2426 1615
17
5347 800 8626 2571 1753 3078 5183 4803 8758 647 7592 8318 2607 8984 2426 5523
17
False
5347 800 8626 2571 1753 3078 5183 4803 8758 647 7592 8318 2607 8984 2426 5523 5540 6048 9697 6782
False
False
False
False
False
24
False
25
False
False
False
24
5347 800 8626 2571 1753 3078 5183 4803 8758 647 7592 8318 2607 8984 2426 5523 5540 6048 9697 6782 5037 7688 34 5644
5347 800 8626 2571 1753 3078 5183 4803 8758 647 7592 8318 2607 8984 2426 5523 5540 6048 9697 6782 5037 7688 34
False
False
False
False
23
False
False
False
5347 800 8626 2571 1753 3078 5183 4803 8758 647 7592 8318 2607 8984 2426 5523 5540 6048 9697 6782 5037 7688 34 4335 9754 7574
5347 800 8626 2571 1753 3078 5183 4803 8758 647 7592 8318 2607 8984 2426 5523 5540 6048 9697 6782 5037 7688 34 4335 9754 6649 7213 3440
False
False
5347 800 8626 2571 1753 3078 5183 4803 8758 647 7592 8318 2607 8984 2426 5523 5540 6048 9697 6782 5037 7688 34 4335 9754 6649 7213 5419
False
False
5347 800 8626 2571 1753 3078 5183 4803 8758 647 7592 8318 2607 8984 2426 5523 5540 6048 9697 6782 5037 7688 34 4335 9754 3686
5347 800 8626 2571 1753 3078 5183 4803 8758 647 7592 8318 2607 8984 2426 5523 5540 6048 9697 6782 5037 7688 34 4335
False
25
5347 800 8626 2571 1753 3078 5183 4803 8758 647 7592 8318 2607 8984 2426 5523 5540 6048 9697 6782 5037 7688 34 4335 3810 4391
5347 800 8626 2571 1753 3078 5183 4803 8758 647 7592 8318 2607 8984 2426 5523 5540 6048 9697 6782 5037 7688 34 4335 3810 4391
26
False
26
5347 800 8626 2571 1753 3078 5183 4803 8758 647 7592 8318 2607 8984 2426 5523 5540 6048 9697 6782 5037 7688 34
False
24
False
5347 800 8626 2571 1753 3078 5183 4803 8758 647 7592 8318 2607 8984 2426 5523 5540 6048 9697 6782 5037 7688 34 1229 2016
False
False
5347 800 8626 2571 1753 3078 5183 4803 8758 647 7592 8318 2607 8984 2426 5523 5540 6048 9697 6782 5037 7688 34 1229 8541 2717 3204
5347 800 8626 2571 1753 3078 5183 4803 8758 647 7592 8318 2607 8984 2426 5523 5540 6048 9697 6782
False
False
20
False
False
5347 800 8626 2571 1753 3078 5183 4803 8758 647 7592 8318 2607 8984 2426 5523 5540 6048
5347 800 8626 2571 1753 3078 5183 4803 8758 647 7592 8318 2607 8984 2426 5523 5540
False
False
5347 800 8626 2571 1753 3078 5183 4803 8758 647 7592 8318 2607 8984 2426 5523 5540 6173
False
5347 800 8626 2571 1753 3078 5183 4803 8758 647 7592 8318 2607 8984 2426 5523 5540
False
False
5347 800 8626 2571 1753 3078 5183 4803 8758 647 7592 8318 2607 8984 2426 5253
15
False
5347 800 8626 2571 1753 3078 5183 4803 8758 647 7592 8318 2607
5347 800 8626 2571 1753 3078 5183 4803 8758 647 7592
False
5347 800 8626 2571 1753 3078 5183 4803 8758 647 7592 1029
12
False
False
False
False
False
False
False
False
5347 800 8626 2571 1753 6996 5386 5782 6742
False
False
False
False
5347 800 8626 2571 1753 6996 5386 5782 6742 1377 4254 8759
False
False
False
False
False
False
16
16
5347 800 8626 2571 1753 6996 5386 5782 6742 1377 4254 8759 3100 216 4868 3886
False
5347 800 8626 2571 1753 6996 5386 5782 6742 1377 4254 8759 3100 216 4868
False
False
5347 800 8626 2571 1753 6996 5386 5782 6742 1377 4254 8759
False
5347 800 8626 2571 1753 6996 5386 5782 6742 1377 4254 9053
12
False
False
False
5347 800 8626 2571 1753 6996 5386 5782 6742 1377 4254 9053
14
5347 800 8626 2571 1753 6996 5386 5782 6742 1377 4254 9053 7758
13
False
14
5347 800 8626 2571 1753 6996 5386 5782 6742 1377 4254 9053 8547
11
12
False
False
False
False
11
False
11
12
5347 800 8626 2571 1753 6996 5386 5782 6742 1377 4254 2325
False
False
12
False
13
False
False
False
False
13
13
False
5347 800 8626 2571 1753 6996 5386 5782 6742 1377 4254 2325
False
5347 800 8626 2571 1753 6996 5386 5782 6742 1377 4254 2325 8700
False
5347 800 8626 2571 1753 6996 5386 5782 6742 1377 4254 8219 9768 4639
False
5347 800 8626 2571 1753 6996 5386 5782 6742 1377
False
False
False
5347 800 8626 2571 1753 6996 5386 5782
False
False
False
4
5347 800 8626 2571
4
False
3
False
5347 800 8626
5347 9814 9840
False
5347 9814 9840 5693
False
5347 9814 9840 5693 1682
False
5347 9814 9840 5693 1263 1967
6
8
False
5347 9814 9840 5693 1263 1967 6300 1684 2333
False
False
5347 9814 9840 5693 1263 1967 6300 1684 2333 6424
10
5347 9814 9840 5693 1263 1967 6300 9842 5602
False
False
5347 9814 9840 5693 1263 1967
5347 9814 9840 5693 1263 1967 9440
False
9
False
5347 9814 9840 5693 1263 1967 9440
False
5347 9814
3
5347 9814 5981
5
False
7
False
5347 9814 5981 6504 6957 9725 1213 4734 1749
5347 9814 5981 6504 6957
False
False
False
False
6
4
4
5347 9814
5347 8965 7016
False
False
1
False
3506
False
1
1
2
Empty
True
Empty
Empty
False
7855 3201
False
7855
False
False
0
Empty
3
9108 8903 4804
9108 8903 4804
4
9108 8903 4804 4183
False
7
False
9108 8903 4804 2739 9211
False
9108 8903 4804 2739 9211 8180 3421
9108 8903 4804 2739 9211 8180 3421
False
7
9108 8903 4804 2739 9211 2758 3897 7694
6
False
9108 8903 4804 2739 9211 2758
False
9108 8903 4804 2739 9211 2758 3265 7230 8012
8
9108 8903 4804 2739 9211 2758 3265
9108 8903 4804 2739 9211 2758 3265
6
9108 8903 4804 2739 4976 9638 1284
False
9108 8903 4804 2739 4976 9638 4114
False
False
6
5
False
9108 8903 4804 2739 7730 1939 3808 4588 6526
7
False
9108 8903 4804 2739 7730 1939 3808 9234 4685
False
11
False
11
9108 8903 4804 2739 7730 1939 3808 9234 4685 8278 1453
False
11
11
False
False
12
False
False
False
False
False
14
14
14
15
False
9108 8903 4804 2739 7730 1939 3808 9234 4685 8278 9311 2317 8950 7186 2088
9108 8903 4804 2739 7730 1939 3808 9234 4685 8278 9311 2317 8950 7186 2088 7707
9108 8903 4804 2739 7730 1939 3808 9234 4685 8278 9311 2317 8950 7186 2088 7707
False
False
False
17
9108 8903 4804 2739 7730 1939 3808 9234 4685 8278 9311 2317 8950 7186 2088 7707 3932 7081 778 7252 4591
21
False
False
19
9108 8903 4804 2739 7730 1939 3808 9234 4685 8278 9311 2317 8950 7186 2088 7707 3932 7081 778
9108 8903 4804 2739 7730 1939 3808 9234 4685 8278 9311 2317 8950 7186 2088 7707 3932 7081 778 8289 9001
20
False
9108 8903 4804 2739 7730 1939 3808 9234 4685 8278 9311 2317 8950 7186
14
14
9108 8903 4804 2739 7730 1939 3808 9234 4685 8278 9311 2317 8950 7186 9551 1346
False
False
17
9108 8903 4804 2739 7730 1939 3808 9234 4685 8278 9311 2317 8950 7186 9551 1346 9823
9108 8903 4804 2739 7730 1939 3808 9234 4685 8278 9311 2317 8950 7186 9551 1346 9823
False
False
False
False
9108 8903 4804 2739 7730 1939 3808 9234 4685 8278 9311 2317 8950 7186 5145 2470
9108 8903 4804 2739 7730 1939 3808 9234 4685 8278 9311 2317 8950 7186 5145
15
9108 8903 4804 2739 7730 1939 3808 9234 4685 8278 9311 2317 8950 7186 5145
15
False
9108 8903 4804 2739 7730 1939 3808 9234 4685 8278 9311 2317 8950 7186 5145 7387
False
9108 8903 4804 2739 7730 1939 3808 9234 4685 8278 9311 2317 8950 7186 5145 7387 3797
13
False
False
False
9108 8903 4804 2739 7730 1939 3808 9234 4685 8278 9311 2317 8950 7674 5310
9108 8903 4804 2739 7730 1939 3808 9234 4685 8278 9311 2317 8950 7674 5310
9108 8903 4804 2739 7730 1939 3808 9234 4685 8278 9311 2317 8950 7674 5310
9108 8903 4804 2739 7730 1939 3808 9234 4685 8278 9311 2317 8950 7674 5310 6914 1565
9108 8903 4804 2739 7730 1939 3808 9234 4685 8278 9311 2317 8950 7674 5310 6914 1565
9108 8903 4804 2739 7730 1939 3808 9234 4685 8278 9311 2317 8950 7674 5310 6914 1565
9108 8903 4804 2739 7730 1939 3808 9234 4685 8278 9311 2317 8950 7674 5310 6914 1565
16
9108 8903 4804 2739 7730 1939 3808 9234 4685 8278 9311 2317 8950 7674 5310 6914
False
False
9108 8903 4804 2739 7730 1939 3808 9234 4685 8278 9311 2317 8950 7674 5310 6914 3324 8481 8905
9108 8903 4804 2739 7730 1939 3808 9234 4685 8278 9311 2317 8950 7674 5310 6914 3324 8481 8905
False
9108 8903 4804 2739 7730 1939 3808 9234 4685 8278 9311 2317 8950 7674 5310 6914 3324
False
9108 8903 4804 2739 7730 1939 3808 9234 4685 8278 9311 2317 8950 7674 5310 6914 3324
17
False
False
15
False
False
9108 8903 4804 2739 7730 1939 3808 9234 4685 8278 9311 2317 8950 7567 4016
False
False
False
False
False
False
9
9108 8903 4804 2739 7730 1939 3808
False
False
False
False
6
False
False
False
False
False
False
5
9108 8903 4804 2739 3042
False
6
6
7
9
8
False
False
False
False
11
False
9108 8903 4804 2739 3042 7243 9582 3176 4245 7716 498
11
False
9
9108 8903 4804 2739 3042 7243 9582 3176 4245 1228
11
False
False
False
9108 8903 4804 2739 3042 7243 9582 1141 2294 3540
False
False
False
12
False
False
13
9108 8903 4804 2739 3042 7243 9582 1141 2294 3540 9781 4459 839
9108 8903 4804 2739 3042 7243 9582 1141 2294 3540 9781 4459 839
9108 8903 4804 2739 3042 7243 9582 1141 2294 3540 9781 4459
False
9108 8903 4804 2739 3042 7243 9582 1141 2294 3540 9781 4459 2379
9108 8903 4804 2739 3042 7243 9582 1141 2294 3540 9781 4459 2379 395
False
14
False
False
15
False
14
False
False
15
False
False
False
False
False
False
12
9108 8903 4804 2739 3042 7243 9582 1141 2294 3540 9781 570 2067
9108 8903 4804 2739 3042 7243 9582 1141 2294 3540 9781 570 2067 6471
False
False
14
False
13
False
False
9108 8903 4804 2739 3042 7243 9582 1141 2294 3540 9781 570 2067 3829
False
13
9108 8903 4804 2739 3042 7243 9582 1141 2294 3540 9781 570 2067
False
9108 8903 4804 2739 3042 7243 9582 1141 2294 3540
10
11
False
9108 8903 4804 2739 3042 7243 9582 1141 2294 4258
9108 8903 4804 2739 3042 7243 9582 1141 2294 4258
10
False
9
9108 8903 4804 2739 3042 7243 9582 1141 2081
9108 8903 4804 2739 3042 7243 9582 1141
False
False
7
6
False
4
4
9108 8903 4804 2739
9108 8903 4804 2739
9108 8903 4804 2739
9108 8903 4804 2739
9108 8903 4804 2739
False
4
4
9108 8903 4804 3905
False
9108 8903 4804 7026
False
False
3
False
3
False
False
False
6
6
False
False
9108 8903 9477 3994 5865
5
False
False
9108 8903 9477 3994 5865 4760 7044 5257
False
9
False
False
False
False
9
9108 8903 9477 3994 5865 4760 7044 5257 3235
9
10
9108 8903 9477 3994 5865 4760 7044 5257 3235 7330
9108 8903 9477 3994 5865 4760 7044 5257 3235 7330
False
False
False
False
9108 8903 9477 3994 5865 4760 7044 5257 3235
False
False
9108 8903 9477 3994 5865 4760 7044 5257 3507 1267 3592
False
9
7
False
False
9108 8903 9477 3994 5865
4
9108 8903 9477 3994
False
9108 8903 9477 3994 540 8127
False
False
9108 8903 9477 3994 540 4317
9108 8903 9477 3994 540 4317
False
False
False
4
9108 8903 9477 3994
9108 8903
9108 8903
False
False
False
False
False
False
False
9108 8903 2596
False
9108 8903 2596 6431
False
2
Empty
True
Empty
0

False
0

Empty
0
5454
False
False
False
False
1
4
5
5
False
5
False
False
False
6
False
False
False
False
812 5782 1802 893 356 6960 808 5098 5672
812 5782 1802 893 356 6960
False
False
812 5782 1802 893 356 3080
False
False
812 5782 1802 893 356
False
5
False
812 5782 1802 893 356 9079 1764
6
6
812 5782 1802 893 1221
812 5782 1802 893
4
False
False
False
False
False
False
False
False
False
False
812 5782 6398 4590 2613 6549
812 5782 6398 4590 2613
6
False
6
False
False
8
8
812 5782 6398 4590 4869 5736 4944 4380
812 5782 6398 4590 4869 5736 4944 4380 7470 3111
False
11
11
10
8
812 5782 6398 4590 4869 5736 4944 4380
False
8
False
False
False
812 5782 6398 4590 4869 5736 4944 4380 1733 2875 3826
812 5782 6398 4590 4869 5736 4944 4380 1733 2875 3826
812 5782 6398 4590 4869 5736 4944 4380 1733 2875 3826
812 5782 6398 4590 4869 5736 4944 4380 1733 2875 3826 5711 5566
False
12
812 5782 6398 4590 4869 5736 4944 4380 1733 2875 3826 5711
812 5782 6398 4590 4869 5736 4944 4380 1733 2875 3859 5284 1620 4405
812 5782 6398 4590 4869 5736 4944 4380 1733 2875 3859 5284 1620
False
False
13
13
812 5782 6398 4590 4869 5736 4944 4380 1733 2875 3859 5284 5631
False
12
False
False
13
12
812 5782 6398 4590 4869 5736 4944 4380 1733 2875 3859 1738
False
10
False
812 5782 6398 4590 4869 5736 4944 4380 1733 3369 4605
False
12
False
12
False
False
812 5782 6398 4590 4869 5736 4944 4380 1733 3369
10
False
False
False
12
12
15
False
False
False
False
812 5782 6398 4590 4869 5736 4944 4380 1733 3369 7136 956 9829 4722 4285
13
False
13
False
812 5782 6398 4590 4869 5736 4944 4380 1733 3369 7136 956 3721
12
812 5782 6398 4590 4869 5736 4944 4380 1733 3369 7136 956
812 5782 6398 4590 4869 5736 4944 4380 1733 3369
812 5782 6398 4590 4869 5736 4944 4380 1733 3369
812 5782 6398 4590 4869 5736 4944 4380 349
9
812 5782 6398 4590 4869 5736 4944
False
8
False
False
False
812 5782 6398 4590 4869 5736 8474
False
False
