3
False
False
1475
1
0
False
False
4985
4
1425 7022 1063 4985
False
4
False
False
False
False
False
4641
False
6
False
1425 7022 1063 4985 1274 4641 5710 9137 982
9
1425 7022 1063 4985 1274 4641 5710 9137 982
False
1425 7022 1063 4985 1274 4641 5710 9137 4646 5441 4566
11
False
False
9
False
False
2419
2419
False
1425 7022 1063 4985 1274 4641 5710 9137 4646 7771 2542 2419
1425 7022 1063 4985 1274 4641 5710 9137 4646 7771 2542 2419
False
12
13
False
1425 7022 1063 4985 1274 4641 5710 9137 4646 7771 2542 2419 4512 5471
False
1425 7022 1063 4985 1274 4641 5710 9137 4646 7771 2542 2419 4512 5471
False
False
False
False
5060
False
False
False
False
16
False
17
17
False
17
1425 7022 1063 4985 1274 4641 5710 9137 4646 7771 2542 2419 4512 5471 502 5570
1425 7022 1063 4985 1274 4641 5710 9137 4646 7771 2542 2419 4512 5471 502 5570
False
16
5570
3201
16
False
3201
14
1425 7022 1063 4985 1274 4641 5710 9137 4646 7771 2542 2419 4512 5471
14
4512
1425 7022 1063 4985 1274 4641 5710 9137 4646 7771 2542 2419 4512 7906
15
15
7906
False
1425 7022 1063 4985 1274 4641 5710 9137 4646 7771 2542 2419 4512 7906 5351
15
False
12
False
False
False
False
False
False
9137
1425 7022 1063 4985 1274 4641
6
1274
False
False
7059
False
False
5286
False
False
1425 3737
1425 3737
1425 3737 1114
1425 3737 1114
False
False
Empty
False
True
Empty
False
Empty
False
False
False
1
False
4727
4
False
False
3165
False
6
5
4
8930
2288 1028 4727 761 8930
8493
2288 1028 4727 761 8493
2122
False
False
6
6
1291
False
2288 1028 4727 761 8493 1291 1797
1797
False
2288 1028 4727 761 8493 4530
False
6
False
2288 1028
False
2
1028
1028
1028
2288 1028 91
2288 1028 91 5424 355
5
False
2288 1028 91 5424 355 2895
2288 1028 91 5424 355 2895
5
5
91
False
False
False
7070
False
False
9
4448
False
2288 1028 91 6367 799 1482 7070
8
1774
1774
9
9
9
False
False
2288 1028 91 6367 799 1482 7070 1774 4542 9503
False
4542
9
9
False
False
False
2288 1028 91 6367 799 1482 7070 1774 7647 7142
False
4870
False
2288 1028 91 6367 799 1482 7070 1774 7647
7647
False
2288 1028 91 6367 799 1482 7070 1774 7647 2490
2490
10
10
False
False
2288 1028 91 6367 799 1482 7070 1774 7647 2490 314 7387 4047 2366 6870 4845
False
2288 1028 91 6367 799 1482 7070 1774 7647 2490 314 7387 4047 2366 6870
6870
2288 1028 91 6367 799 1482 7070 1774 7647 2490 314 7387 4047 2366
2288 1028 91 6367 799 1482 7070 1774 7647 2490 314 7387 4047 2366
15
1777
15
2288 1028 91 6367 799 1482 7070 1774 7647 2490 314 7387 4047 6626 1777 7597
2288 1028 91 6367 799 1482 7070 1774 7647 2490 314 7387 4047 6626 1777 7597
False
False
False
1104
1104
False
16
False
False
16
1777
6626
False
13
13
2288 1028 91 6367 799 1482 7070 1774 7647 2490 314 7387
False
False
False
2288 1028 91 6367 799 1482 7070 1774 7647 2490 314 3829 6539 6490
1335
False
15
14
False
6490
15
1851
False
False
2288 1028 91 6367 799 1482 7070 1774 7647 2490 314 3829 6539
False
False
12
12
2288 1028 91 6367 799 1482 7070 1774 7647 2490 314
2288 1028 91 6367 799 1482 7070 1774 7647 2490 314
False
False
False
2288 1028 91 6367 799 1482 7070 1774 7647 2490 314
11
10
9
2288 1028 91 6367 799 1482 7070 1774 7647
9
9
False
6950
6950
False
10
False
3711
10
2288 1028 91 6367 799 1482 7070 1774 6950 4515 8284 5794
2288 1028 91 6367 799 1482 7070 1774 6950 4515 8284 5794
False
4413
2288 1028 91 6367 799 1482 7070 1774 6950 4515 4413
False
False
False
2288 1028 91 6367 799 1482 7070 1774 6950 5832
False
11
False
False
5019
5019
2288 1028 91 6367 799 1482 7070 1774 6950 5832 5019
12
2288 1028 91 6367 799 1482 7070 1774 6950 5832 5019 6992
False
11
2288 1028 91 6367 799 1482 7070 1774 6950 5832
10
False
2288 1028 91 6367 799 1482 7070 1774 6950
6950
False
6595
False
False
6595
9
9
7
False
False
2288 1028 91 6367 799 1482 7070 6853 9043
4454
4454
10
8
7
6
False
2288 1028 91 6367 799 3205 5268
False
False
2288 1028 91 6367 799 3205 5268
7
10
False
10
10
False
False
11
2288 1028 91 6367 799 3205 5268 3935 5140 9199 6257
False
2288 1028 91 6367 799 3205 5268 3935 5140 9199
10
False
False
11
False
False
False
2288 1028 91 6367 799 3205 5268 3935 5140 9199
2288 1028 91 6367 799 3205 5268 3935 5140 9199
2288 1028 91 6367 799 3205 5268 3935 5140 9199
9
False
False
False
False
False
2288 1028 91 6367 799 3205
False
False
4
2288 1028 91
91
2288 1028 2419
False
2288 1028 2419 3410 6408 4127
False
7
7
False
2288 1028 2419 3410 6408 4127 652 947
7
7
652
2288 1028 2419 3410 6408 4127 652 5695
False
False
False
9730
12
10
1254
11
False
False
8890
10
False
2288 1028 2419 3410 6408 4127 652 5695 2383 5112
2288 1028 2419 3410 6408 4127 652 5695 8168
False
False
8168
2288 1028 2419 3410 6408 4127 652 5695 8168
2288 1028 2419 3410 6408 4127 652 5695 8168 3447 9987
2288 1028 2419 3410 6408 4127 652 5695 8168
4490
False
2288 1028 2419 3410 6408 4127 652 5695 8168 3309 4490
10
2288 1028 2419 3410 6408 4127 652 5695 8168 3309
8168
6419
False
9
9
4825
False
4825
False
4825
2288 1028 2419 3410 6408 4127 652 5695 8168 4825
False
2288 1028 2419 3410 6408 4127 652 5695 8168 4825 3929
1887
False
False
False
1250
1250
False
14
False
False
16
False
False
2288 1028 2419 3410 6408 4127 652 5695 8168 4825 3929 1887 1250 4876 9850 7516 4302 3948
2288 1028 2419 3410 6408 4127 652 5695 8168 4825 3929 1887 1250 4876 9850 7516 4302 3948
False
2288 1028 2419 3410 6408 4127 652 5695 8168 4825 3929 1887 1250 4876 9850 7516 4302 3948 4024
4024
False
False
2288 1028 2419 3410 6408 4127 652 5695 8168 4825 3929 1887 1250 4876 9850 7516 4302 3948
4302
4302
False
9850
2288 1028 2419 3410 6408 4127 652 5695 8168 4825 3929 1887 1250 4876 9850
False
False
15
9850
14
False
1887
2288 1028 2419 3410 6408 4127 652 5695 8168 4825 3929 6214
False
2288 1028 2419 3410 6408 4127 652 5695 8168 4825 3929
False
False
False
5
False
2288 1028 2419 3410 6408 8333
8333
False
2288 1028 2419 3410 6408
2288 1028 2419 3410 6408 4876 6721
False
False
7
2288 1028 2419 3410 6408 4876
False
6
2288 1028 2419 3410 6408
False
False
4788
4788
4788
4788
1823
2288 1028 2419 3410 6408 4788 1823
8
4301
2288 1028 2419 3410 6408 4788 1823 4301
2288 1028 2419 3410 6408 4788 1823 4301
2288 1028 2419 3410 6408 4788 1823 4301
1823
2288 1028 2419 3410 6408 4788 1823 4713
223
False
False
6668
False
False
False
False
11
False
False
False
False
2288 1028 2419 3410 6408 4788 1823 4889 3493 7525
2288 1028 2419 3410 6408 4788 1823 4889 3493 7525
2288 1028 2419 3410 6408 4788 1823 4889 3493 7525
False
7525
2288 1028 2419 3410 6408 4788 1823 4889 3493 7525
False
False
False
False
7525
10
9
3493
9
3493
False
False
False
6
6408
5
6
4764
2288 1028 2419 3410 4764
5
False
False
6860
2288 1028 2419 3410 4764
False
False
6852
False
6
389
False
False
7
6986
1358
2288 1028 2419 3410 2858 3959 1358
1358
6
3959
2288 1028 2419 3410 2858 3959 1323
False
False
False
9438
False
False
False
2288 1028 2419 3410 2858 3959 1323 8449 3782 5198
5198
11
10
2288 1028 2419 3410 2858 3959
2858
False
2288 1028 2419 3410 2858 7418
6
False
False
False
4
False
2288 1028 2419 8166 4627
6
6
False
2637
2288 1028 2419 8166
2
False
False

0
0
False


Empty


2
False
False
6
False
False
False
False
3110
False
3884 5649 4222 5126 1584 7878 7704 3110 494
3110
9
False
729
3884 5649 4222 5126 1584 7878 7704 3110 729
False
False
8
8
8560
False
False
False
7
6
7878
5
False
False
4
4
False
3884 5649 4222 5126
3884 5649 4222 5126
3884 5649 4222 5126 8408
5
False
False
False
7
False
9
False
False
11
False
3416
10
9726
9
6185
False
False
6185
9
3884 5649 4222 5126 8408 3771 7674 9726 6185
False
False
6185
False
False
9
False
3884 5649 4222 5126 8408 3771 7674 9726 6185
False
12
False
1729
12
11
3884 5649 4222 5126 8408 3771 7674 9726 6185 2033 9673
False
4860
False
11
False
3118
3884 5649 4222 5126 8408 3771 7674 9726 6185 2033 4860 1852 3118
False
3884 5649 4222 5126 8408 3771 7674 9726 6185 2033 4860 1852 3118 1592 1405
False
False
3076
15
3884 5649 4222 5126 8408 3771 7674 9726 6185 2033 4860 1852 3118 3076 5460 9720
False
829
False
False
3884 5649 4222 5126 8408 3771 7674 9726 6185 2033 4860 1852 3118 3076 5460 9720 829
9720
False
16
16
False
False
False
17
3884 5649 4222 5126 8408 3771 7674 9726 6185 2033 4860 1852 3118 3076 5460 9720 386
1244
9720
False
9720
9720
16
9720
16
False
9720
17
3884 5649 4222 5126 8408 3771 7674 9726 6185 2033 4860 1852 3118 3076 5460 9720 6336
False
6876
17
False
False
5006
19
3884 5649 4222 5126 8408 3771 7674 9726 6185 2033 4860 1852 3118 3076 5460 9720 6876
5840
18
3884 5649 4222 5126 8408 3771 7674 9726 6185 2033 4860 1852 3118 3076 5460 9720 6876 5840
False
20
21
3439
18
False
17
6876
2022
3884 5649 4222 5126 8408 3771 7674 9726 6185 2033 4860 1852 3118 3076 5460 9720 6876
6876
False
6876
3884 5649 4222 5126 8408 3771 7674 9726 6185 2033 4860 1852 3118 3076 5460 9720 6876
False
False
False
False
False
False
3884 5649 4222 5126 8408 3771 7674 9726 6185 2033 4860 1852 3118 3076 5460
3076
False
3884 5649 4222 5126 8408 3771 7674 9726 6185 2033 4860 1852 3118 6091 5594
False
6904
14
6904
6904
6904
False
False
3884 5649 4222 5126 8408 3771 7674 9726 6185 2033 4860 1852 3118 114
False
3884 5649 4222 5126 8408 3771 7674 9726 6185 2033 4860 1852 3118 114
False
False
1852
False
3884 5649 4222 5126 8408 3771 7674 9726 6185 2033 4860 1852
1852
3884 5649 4222 5126 8408 3771 7674 9726 6185 2033 4860 1852
4860
False
4860
3884 5649 4222 5126 8408 3771 7674 9726 6185 2033
3884 5649 4222 5126 8408 3771 7674 9726 6185
False
3573
False
3884 5649 4222 5126 8408 3771 3573 5112
False
3884 5649 4222 5126 8408 3771 3573 5112
False
4084
318
4689
4689
4689
4689
8169
7
3884 5649 4222 5126 8408 4689 3761
False
3884 5649 4222 5126 8408 4689 3761
False
3884 5649 4222 5126 8408 4689 3761 8742
8
3884 5649 4222 5126 8408 4689 3761 8742
False
8322
5826
10
3884 5649 4222 5126 8408 4689 3761 8742 1532 5826 8532
11
11
False
10
False
3884 5649 4222 5126 8408 4689 3761 8742 1532 5826
10
False
False
3884 5649 4222 5126 8408 4689 3761 8742 1532 5826
False
False
False
3884 5649 4222 5126 8408 4689 3761
False
False
4689
4689
5126
False
False
3884 5649 4222 1201
1493
False
3884 5649 4222 1201 6062 1493
3884 5649 4222 1201 6062 1493
3884 5649 4222 1201 6062 1493 5487
7
False
False
False
3884 5649 4222 1201 6062 1493 5487
False
False
False
False
False
False
1765
3
False
False
3884 5649
False
5649
3884
1
5556
Empty
False
Empty

0
Empty

False
6604 4013 2165
6604 4013 2165
2165
6604 4013 2165
False
False
7195
4
3
8482
False

Empty
True
True
Empty
0
Empty
2012
False
2012 3794 6366
False
False
6895
False
2012 3794 553 1888 7763 7402
6
6
6
False
6
4
2012 3794 553 1888
False
False
2012 3794 553 1888 5286 6742
2012 3794 553 1888 5286 6742
False
1888
False
553
8716
False
False
2
1269
2012 1269 6706
False
3
False
False
1269
False
3
2012 1269
False
False
2
False
2
2
False
False
False
False


True
Empty
Empty
True
0
True

True

True
Empty
False
9250 1972 976
1972
False
False
False
False
2
9250
6845 7873 7348 4484 6499
5
4484
6845 7873 7348
6845 7873 7348
False
4
False
False
6845 7873 7348
7873
False
False
2154
6845 2154 6923
6845 2154 6923
False
6923
6845 2154 6923
2
6845
6845 8476
6845 8476
6845 2514
6845 2514
False
2514
2
False
2
2
5987
False
True

False
False
6389
False
False
6389
False
6389
6389
False
False
8366 6250
2
False
False
False
5854
False
8366 4694 5854
False
5100
8366 4694 5854 5100
4
False
False
3
251
3659
5182
False
False
False
8366 4694 1959 251 3659 5182 9601
4454
4454
False
8
False
False
False
5689
5689
False
8366 4694 1959 251 3659 9464 2200 1656 3496 7787 9690 2717
8366 4694 1959 251 3659 9464 2200 1656 3496 7787 9690 2717
8366 4694 1959 251 3659 9464 2200 1656 3496 7787 9690 2717
12
12
12
8366 4694 1959 251 3659 9464 2200 1656 3496 7787 9690 2717
False
9690
False
5104
False
10
10
3496
10
False
7884
False
7884
8366 4694 1959 251 3659 9464 2200 1656 3843 6952
11
12
7710
8366 4694 1959 251 3659 9464 2200 1656 3843 6952 526 1605 6571
13
False
1605
False
12
False
False
False
False
False
False
False
False
15
8366 4694 1959 251 3659 9464 2200 1656 3843 6952 526 3455 629 9096 9602
False
8366 4694 1959 251 3659 9464 2200 1656 3843 6952 526 3455 629 9096 9602 3473
3473
8366 4694 1959 251 3659 9464 2200 1656 3843 6952 526 3455 629 9096 9602 3473
6563
17
18
False
8366 4694 1959 251 3659 9464 2200 1656 3843 6952 526 3455 629 9096 9602 3473 6563 293
18
False
False
3065
False
False
16
16
False
16
17
17
9443
17
8366 4694 1959 251 3659 9464 2200 1656 3843 6952 526 3455 629 9096 9602 3473
629
629
8366 4694 1959 251 3659 9464 2200 1656 3843 6952 526 3455 629
False
12
12
3455
False
False
False
False
False
8366 4694 1959 251 3659 9464 7086 4450
4450
False
8366 4694 1959 251 3659 9464 7086
7
7086
False
8366 4694 1959 251 3659 9464 7086
8366 4694 1959 251 3659 9464 7086
7
8366 4694 1959 251 3659
False
8366 4694 1959 251 3659 2039 3716
False
3351
False
False
2
False
False
1617
False
1617
False
False
1
False
False
2
False
1
False
Empty
False
Empty
0
False

False
True
1
1
Empty
False
False
282
True
Empty
False
Empty
Empty
True
0
9872
9872

Empty
True
Empty
9120 9672
False
5
2120
False
False
False
False
4
4
False
False
4715
False
9120 9672 4715 9392
4
False
9392
False
False
9120 9672
False
9120
1

True

False
Empty
Empty
6755
1
Empty
True
Empty

False
True
0
Empty
7570
1
False
False
6298
False
False
7570 9943 3429 3360 4967 9619
9619
False
False
False
False
False
7
3912
False
6
7570 9943 3429 3360 3153 3912
3912
6
False
7570 9943 3429 3360 3153 3912
False
7570 9943 3429 3360 3153 3912
7570 9943 3429 3360 3153 3912
False
False
False
6
False
7570 9943 3429 3360 3673 8042
7570 9943 3429 3360 3673 8042
False
7570 9943 3429 3360 3673 8042
False
6
8042
7553
False
7553
False
False
False
5
7570 9943 3429 2769
False
4
False
False
1
False
False
5480 5375
2
8561
5480 5375 8561
8561
3
False
5375
8026
True
Empty
False
False
False
8439
4
3364
4048 2025 1493 8439 3364 8414
4048 2025 1493 8439 3364 8414
8414
False
7
1369
7
6
4048 2025 1493 8439 3364 8414 8915 1330
10
10
False
4048 2025 1493 8439 3364 8414 8915 1330 1897 8406 3867 299 4603
12
4048 2025 1493 8439 3364 8414 8915 1330 1897 8406 3867 299
12
4048 2025 1493 8439 3364 8414 8915 1330 1897 8406 3867 299
False
299
4048 2025 1493 8439 3364 8414 8915 1330 1897 8406 3867 299
299
4048 2025 1493 8439 3364 8414 8915 1330 1897 8406 3867 299
14
4048 2025 1493 8439 3364 8414 8915 1330 1897 8406 3867 299 9627 6002
False
13
4048 2025 1493 8439 3364 8414 8915 1330 1897 8406 3867 299 1904 7866 3054 7105
False
18
False
4048 2025 1493 8439 3364 8414 8915 1330 1897 8406 3867 299 1904 7866 3054 7105 7353 1518 4690 1145
21
8388
4048 2025 1493 8439 3364 8414 8915 1330 1897 8406 3867 299 1904 7866 3054 7105 7353 1518 4690 1145 6154 8388
False
4048 2025 1493 8439 3364 8414 8915 1330 1897 8406 3867 299 1904 7866 3054 7105 7353 1518 4690 1145 6154
False
False
False
False
4048 2025 1493 8439 3364 8414 8915 1330 1897 8406 3867 299 1904 7866 3054 7105 7353 1518
1518
4048 2025 1493 8439 3364 8414 8915 1330 1897 8406 3867 299 1904 7866 3054 7105 7353 1518
False
4048 2025 1493 8439 3364 8414 8915 1330 1897 8406 3867 299 1904 7866 3054 7105 7353 1518
False
7353
False
False
18
16
17
4048 2025 1493 8439 3364 8414 8915 1330 1897 8406 3867 299 1904 7866 3054 7105 6427 9131
4048 2025 1493 8439 3364 8414 8915 1330 1897 8406 3867 299 1904 7866 3054 7105 6427 9563 2674
False
2674
20
19
19
4048 2025 1493 8439 3364 8414 8915 1330 1897 8406 3867 299 1904 7866 3054 7105 6427 9563 2390
False
4048 2025 1493 8439 3364 8414 8915 1330 1897 8406 3867 299 1904 7866 3054 7105 6427 9563 2390
20
20
9249
6479
4048 2025 1493 8439 3364 8414 8915 1330 1897 8406 3867 299 1904 7866 3054 7105 6427 9563 7214
False
False
False
3751
4048 2025 1493 8439 3364 8414 8915 1330 1897 8406 3867 299 1904 7866 3054 7105 6427 9563 7214 887 3751
21
9563
3054
False
15
4048 2025 1493 8439 3364 8414 8915 1330 1897 8406 3867 299 1904 7866 4604
False
1904
1904
False
False
16
False
9099
False
False
4048 2025 1493 8439 3364 8414 8915 1330 1897 8406 3867 299 1904 2186
17
5002
18
False
19
False
False
3917
False
False
False
6832
4048 2025 1493 8439 3364 8414 8915 1330 1897 8406 3867 299 1904 2186 8632 8812 5587 6832 1575
False
False
7368
19
4048 2025 1493 8439 3364 8414 8915 1330 1897 8406 3867 299 1904 2186 8632 8812 5587 6832 7368 3447 9330
