True
False
Empty
True
True
Empty
False
False
False
False
False
402 3021 5271
False
5271
5271
3
402 3021 5271 9670
False
3
402 3021 5271 9910
402 3021 5271 9910
False
False
9910
3175
402 3021 3175 7610
False
False
402 3021 3175 7610
402 3021 3175 7610 4033
402 3021 3175 7610 9621
402 3021 3175 7610 9621
4
1464
1464
False
False
402 3021 3175 7610 1464 3455
False
6
402 3021 3175 7610 1464 3455
3455
False
402 3021 3175 7610
402 3021 3175
False
False
False
False
False
402 3021
False
402 3021
3021
1
False
402 9407
False
False

False
1


False
True
5944
False
False
False
0
Empty
1756 8656 8770
3
900
False
900
1756 900
2
False
False
False
1756 6918 6580 3614
3
9221
2
False
2
7854 9221
4120
7854 9221
False
False
False
3
False
False
False
11
False
11
2992
2992
False
False
False
7854 3022 4911 6079 7862 9159 750 5176 1072 3540 2992
7854 3022 4911 6079 7862 9159 750 5176 1072 3540 2992 2346
False
2992
11
False
8
7854 3022 4911 6079 7862 9159 750 5176
7854 3022 4911 6079 7862 9159 750 5176
False
7854 3022 4911 6079 7862 9159 750 5176
False
False
7
6
7
8
False
False
8
False
False
7854 3022 4911 6079 7862 9159 1375 5294 3703
False
14
9732
7854 3022 4911 6079 7862 9159 1375 5294 3703 6086 3830 9670 9732
False
1555
False
13
13
9732
7854 3022 4911 6079 7862 9159 1375 5294 3703 6086 3830
11
10
6086
10
7854 3022 4911 6079 7862 9159 1375 5294 3703 6086
10
7854 3022 4911 6079 7862 9159 1375 5294 3703 8464
False
5649
12
12
7854 3022 4911 6079 7862 9159 1375 5294 3703 8464 6856 5649
5649
5649
7854 3022 4911 6079 7862 9159 1375 5294 3703 8464 6856 1128 8290
13
13
13
8290
False
7854 3022 4911 6079 7862 9159 1375 5294 3703 8464 6856 1128 8290 4732 5823 8622
7854 3022 4911 6079 7862 9159 1375 5294 3703 8464 6856 1128 8290 4732 5823 8622
5229
17
False
False
False
7854 3022 4911 6079 7862 9159 1375 5294 3703 8464 6856 1128 8290 4732 5823 9496 5385 6696 6389
7854 3022 4911 6079 7862 9159 1375 5294 3703 8464 6856 1128 8290 4732 5823 9496 5385 6696
False
False
False
False
15
False
False
False
False
False
7854 3022 4911 6079 7862 9159 1375 5294 3703 8464 6856 1128 8290 4732 5823 1492
False
15
False
7854 3022 4911 6079 7862 9159 1375 5294 3703 8464 6856 1128 8290 4732
14
False
7854 3022 4911 6079 7862 9159 1375 5294 3703 8464 205
False
False
False
False
13
7854 3022 4911 6079 7862 9159 1375 5294 3703 8464 205 7005 423
13
False
False
False
False
13
False
7854 3022 4911 6079 7862 9159 1375 5294 3703 8464 205 8263 2239
7854 3022 4911 6079 7862 9159 1375 5294 3703 8464 205 8263 2239
13
False
4326
False
12
False
12
7854 3022 4911 6079 7862 9159 1375 5294 3703 8464 205 4326 4773
4326
False
False
12
8464
7854 3022 4911 6079 7862 9159 1375 5294 3703 7004
7004
7854 3022 4911 6079 7862 9159 1375 5294 3703 7004 6523
7854 3022 4911 6079 7862 9159 1375 5294 3703 7004
10
False
7854 3022 4911 6079 7862 9159 1375 5294 3703
9
5294
1375
7854 3022 4911 6079 7862 9159 1375 1665 5228
False
7854 3022 4911 6079 7862 9159 1375 1665 5228 954
False
5228
9
False
False
False
5228
1919
False
7854 3022 4911 6079 7862 9159 1375 1919
1375
False
1375
9159
7854 3022 4911 6079 7862
8146
5
False
7854 3022 4911 6079 7862
7854 3022 4911 6079 7862
False
False
False
7854 3022 4911 6079 7862
7854 3022 4911 6079 7862
False
False
5
False
6
False
False
5524
7
5665
5665
7854 3022 4911 2229 3598 4135
6
False
7854 3022 4911 2229 3598 4135 5458
False
7854 3022 4911 2229 3598 4135 5458
False
4135
7854 3022 4911 2229 3598 4135
6
7854 3022 4911 2229 3598 4135
7854 3022 4911 2229 3598 4135 1665 1871
False
False
1665
False
8
False
7854 3022 4911 2229 3598 4135 1665 8078
8
False
False
False
False
False
False
False
False
False
7854 3022 4911 2229
7011
False
6725
7854 3022 4911 2229 1894 6725
6
6725
6725
False
6
1832
False
False
False
False
False
5
7854 3022 4911 8223 1832
7854 3022 4911 8223 1832
2809
False
False
7854 3022 4911 8223 1832
False
4
4
False
4911
4911
7854 3022 4911
4911
7854 3022
False
False
False
0
False
False
False
False
Empty

True
False
Empty
Empty
Empty
2
1
1
1
2
5750 5439 7311 9303
False
3
1
False
1
Empty


8233
7804 2470 8233
7804 2470
2470
False
7804
False
7804 3513
7804 3513 1005
False
2626
False
3675
6
False
False
7
7804 3513 2626 6758 3675 4326
False
7804 3513 2626 6758 3675 4326 2616 941
False
7313
7313
11
6706
False
7804 3513 2626 6758 3675 4326 2616 941 9393 6706
7804 3513 2626 6758 3675 4326 2616 941 9393 6706 9625
7804 3513 2626 6758 3675 4326 2616 941 9393 6706
False
6706
6706
7804 3513 2626 6758 3675 4326 2616 941 9393 6706
941
False
False
6758
False
False
5
False
9283
4
4
7804 3513 2626 2071 8639
7804 3513 2626 2071 8639 3754
353
False
7804 3513 2626 2071 8639 3754 353
False
7804 3513 2626 2071 8639 3754 353 4177
353
7
3754
3754
False
7804 3513 2626 2071 8639 3754 4461
False
7804 3513 2626 2071 8639 3754 4461 5233
False
7804 3513 2626 2071 8639 3754 4461
False
4461
4461
7
False
183
4461
426
7518
8
False
False
False
7804 3513 2626 2071 8639 3754 4461 426 330 9427
False
False
14
3914
False
False
5552
False
5552
12
False
10
False
7804 3513 2626 2071 8639 3754 4461 426 330 9427
7804 3513 2626 2071 8639 3754 4461 426 330 4437
False
False
1115
10
False
False
3353
False
2386
7804 3513 2626 2071 8639 3754 4461 3353 8498
False
10
10
5945
False
9
8
8
6573
False
False
9
7804 3513 2626 2071 8639 3754 4461 9122 8453
False
False
1984
False
3832
3832
False
False
False
False
9510
15
False
5618
False
5618
False
19
4761
False
False
4761
False
False
5509
False
17
False
False
False
3958
7804 3513 2626 2071 8639 3754 4461 9122 8453 4505 1723 1984 3832 1136 5428 9480 3958
False
3958
False
False
17
7804 3513 2626 2071 8639 3754 4461 9122 8453 4505 1723 1984 3832 1136 5428 9480 3958 8986
False
False
22
22
False
False
7532
9999
9977
9977
7804 3513 2626 2071 8639 3754 4461 9122 8453 4505 1723 1984 3832 1136 5428 9480 3958 8986 8471 4328 3251 2069 9999 9977
24
False
23
7315
7804 3513 2626 2071 8639 3754 4461 9122 8453 4505 1723 1984 3832 1136 5428 9480 3958 8986 8471 4328 3251 2069 7315
23
7315
False
7804 3513 2626 2071 8639 3754 4461 9122 8453 4505 1723 1984 3832 1136 5428 9480 3958 8986 8471 4328 3251 2069 7315 5565 3044 5946
7804 3513 2626 2071 8639 3754 4461 9122 8453 4505 1723 1984 3832 1136 5428 9480 3958 8986 8471 4328 3251 2069 7315 5565
7804 3513 2626 2071 8639 3754 4461 9122 8453 4505 1723 1984 3832 1136 5428 9480 3958 8986 8471 4328 3251 2069 7315 5565
390
5565
False
False
7804 3513 2626 2071 8639 3754 4461 9122 8453 4505 1723 1984 3832 1136 5428 9480 3958 8986 8471 4328 3251 2069 7315 5565
False
23
23
False
20
7804 3513 2626 2071 8639 3754 4461 9122 8453 4505 1723 1984 3832 1136 5428 9480 3958 8986 8471 4328 7498
8471
7804 3513 2626 2071 8639 3754 4461 9122 8453 4505 1723 1984 3832 1136 5428 9480 3958 8986 8471 2948 6481
False
4037
False
2760
False
7804 3513 2626 2071 8639 3754 4461 9122 8453 4505 1723 1984 3832 1136 5428 9480 3958 8986 8471 2948 6481 4801 4037 2760
False
24
24
7804 3513 2626 2071 8639 3754 4461 9122 8453 4505 1723 1984 3832 1136 5428 9480 3958 8986 8471 2948 6481 4801 4037 7824 1645 8172 3812
False
7804 3513 2626 2071 8639 3754 4461 9122 8453 4505 1723 1984 3832 1136 5428 9480 3958 8986 8471 2948 6481 4801 4037 7824 1645 8172
24
9175
False
False
9175
7804 3513 2626 2071 8639 3754 4461 9122 8453 4505 1723 1984 3832 1136 5428 9480 3958 8986 8471 2948 6481 4801 4037 9175
False
3829
False
25
False
7804 3513 2626 2071 8639 3754 4461 9122 8453 4505 1723 1984 3832 1136 5428 9480 3958 8986 8471 2948 6481 4801 4037 3452 3829 9151
3829
False
3829
False
7804 3513 2626 2071 8639 3754 4461 9122 8453 4505 1723 1984 3832 1136 5428 9480 3958 8986 8471 2948 6481 4801 4037
4037
4037
False
False
7804 3513 2626 2071 8639 3754 4461 9122 8453 4505 1723 1984 3832 1136 5428 9480 3958 8986 8471 2948 6481 4801 4037
23
False
22
False
False
False
7069
838
False
False
7804 3513 2626 2071 8639 3754 4461 9122 8453 4505 1723 1984 3832 1136 5428 9480 3958 8986 8471 2948 1567 2958
7804 3513 2626 2071 8639 3754 4461 9122 8453 4505 1723 1984 3832 1136 5428 9480 3958 8986 8471 2948 1567
1567
20
7804 3513 2626 2071 8639 3754 4461 9122 8453 4505 1723 1984 3832 1136 5428 9480 3958 8986 8471 2948
False
False
19
19
8471
7804 3513 2626 2071 8639 3754 4461 9122 8453 4505 1723 1984 3832 1136 5428 9480 3958 8986 8471
16
9480
False
7804 3513 2626 2071 8639 3754 4461 9122 8453 4505 1723 1984 3832 1136 5428 1380
False
7804 3513 2626 2071 8639 3754 4461 9122 8453 4505 1723 1984 3832 1136 5428 1380 4023 5391
19
False
7804 3513 2626 2071 8639 3754 4461 9122 8453 4505 1723 1984 3832 1136 5428 1380 4023 5391
7804 3513 2626 2071 8639 3754 4461 9122 8453 4505 1723 1984 3832 1136 5428 1380 4023 5391
False
16
False
16
False
False
5354
False
7804 3513 2626 2071 8639 3754 4461 9122 8453 4505 1723 1984 3832 1136 5428
False
18
False
2482
False
7804 3513 2626 2071 8639 3754 4461 9122 8453 4505 1723 1984 3832 1136 5428 1440
7804 3513 2626 2071 8639 3754 4461 9122 8453 4505 1723 1984 3832 1136 5428 1440
False
False
16
7804 3513 2626 2071 8639 3754 4461 9122 8453 4505 1723 1984 3832 1136
1136
False
False
False
False
12
False
False
False
False
8
8
9464
7804 3513 2626 2071 8639 3754 4461
7
8265
False
7804 3513 2626 2071 8639 3754 8265 5296 8052 8024
8024
False
7804 3513 2626 2071 8639 3754 8265 5296 8052 1632 6785
False
11
4278
11
False
12
6261
False
False
14
14
9347
False
7804 3513 2626 2071 8639 3754 8265 5296 8052 1632 4278 6187 6261 9442
False
13
False
7804 3513 2626 2071 8639 3754 8265 5296 8052 1632 4278 6187 6261
1632
False
7804 3513 2626 2071 8639 3754 8265 5296 8052 1632
False
9
False
7804 3513 2626 2071 8639 3754 8265 5296 2689
False
False
False
False
10
False
7804 3513 2626 2071 8639 3754 8265 5296 2689 7620
7620
7620
False
11
9
False
9
8
False
6620
9
False
4
False
3324
3324
False
False
5
False
4
False
3393
2626
3513
2
3513
7804 3513
False
False
2
2
2
2
False
2
7804 3513
2
False
7804 3513
3513
False
7784
False
Empty

0
Empty
3875
9512
False
False
3875
3875
3875 1266
1266
3875 1266
False
False
1753
False
5
3875 1266 3713 1753 8159
3875 1266 3713 1753 8159
False
False
False
3875 1266 3713 1753 8159 4053 16
False
False
False
16
False
16
False
8159
3875 1266 3713 1753
1753
3875 1266 3713 1753
4
False
1266
2
False
3875 9155
False
9155
False
3875
False
False
3875 5360 5144
2
False
Empty
Empty
False
7845
False
7845
7845 4710 7931
7845 4710 7931
7845
False
1
7845 6061
Empty
Empty

False
1
1
3
2358 9544 4162 3791
False
2358 9544 4162 3791 1301
False
4061
2358 9544 4162 3791 4061 4385 1287
False
False
7
False
False
2358 9544 4162 3791 4061 4385 1371
1371
2358 9544 4162 3791 4061 4385 1371 576
9
False
False
False
7
False
2358 9544 4162 3791 4061 4385 1371
4385
4385
2358 9544 4162 3791 4061 4385 1127
2358 9544 4162 3791 4061 4385
2358 9544 4162 3791 4061 2912
False
7
3207
False
False
6510
6510
6510
False
False
2358 9544 4162 3791 4061 2912 3207 6256 9411 6510
12
False
False
False
11
11
False
2358 9544 4162 3791 4061 2912 3207 6256 9411 6510 2135
False
False
2358 9544 4162 3791 4061 2912 3207 6256 9411 6510 2135
11
False
False
2358 9544 4162 3791 4061 2912 3207 6256 9411 6510 24 7772
2358 9544 4162 3791 4061 2912 3207 6256 9411 6510 24
False
4514
12
False
False
24
24
False
6510
2358 9544 4162 3791 4061 2912 3207 6256 9411 6510 4472
False
10
10
2358 9544 4162 3791 4061 2912 3207 6256 9411
9
False
2358 9544 4162 3791 4061 2912 3207 6256
False
False
False
2358 9544 4162 3791 4061 2912 3207 5143
2358 9544 4162 3791 4061 2912
6
False
3499
False
False
8120
6
5
2358 9544 4162 3791 4061 3357 2151
False
False
2358 9544 4162 3791 4061 3357
3357
3357
3357
3791
3791
5
3791
3791
False
False
2358 9544 4162 3791 9504 76 2150 9255
2358 9544 4162 3791 9504 76 2150 9255
9
False
2358 9544 4162 3791 9504 76 2150 9255 894 7762
False
2358 9544 4162 3791 9504 76 2150 9255 894 7762
7762
7762
False
False
9255
8
2358 9544 4162 3791 9504 76 2150 9255
False
False
9
False
False
False
9255
9255
False
9255
7
False
2358 9544 4162 3791 9504 76 2150
7
False
2150
False
False
False
False
6
False
False
6
2358 9544 4162 3791 9504 76
2358 9544 4162 3791 9504 76 6531
False
2358 9544 4162 3791 9504 76 6531
False
7
False
6531
7
False
False
6
6
False
False
False
False
4
9475
2358 9544 4162 9475
False
False
4
False
9052
5
6408
False
2358 9544 4162 8566 9052 6408
6
6408
2358 9544 4162 8566 9052 6408 2370
6408
False
False
2754
2358 9544 4162 8566 8166 2754
False
2358 9544 4162 8566 8166 2754
2358 9544 4162 8566 8166
False
False
False
4
False
False
False
False
False
False
784
False
False
2358 9544 4162
False
False
6568
6568
False
Empty

Empty
False

False
True
Empty
Empty
0
True
2
False
False
5270 8044
2664
5270 8044 2664
False
3
3
9074
5270 8044 2664
False
False
4
1773
False
8044
7305
7305
False
5270
9294
9294
Empty
Empty
0

False

Empty
False
0
True
False
0

True

Empty
Empty


1665
1665
False
False
False
1
1665 521 563 1963
4
1665 521 563 1963
1665 521 563 1963 8486
False
8486
False
False
False
False
563
False
563
False
False
5
False
4
4827
1665 521 563 4827
False
1665 521 563 4827
4
4344
False
563
3
521
1665
1665 9783
1665 9783
2
2
1665 9783
False
1

Empty

Empty
True
Empty
False
9181
1
True
Empty
0
True

Empty
9224
9224
Empty
0


False


1595
3
False
False
False
1595
2236 1595 2608
2236
1
False
Empty
2
3
7865
False
5040 1314 7865
5040 1314 7865 6510
False
False
4
False
3
5040 1314 7865 7792
False
False
False
False
6293
5040 1314 7865 6293
False
False
False
False
False
False
False
5040 1314 7865 6293 6868 749
False
5040 1314 7865 6293 6868
False
False
False
5040 1314 7865 6293 4649 7951
False
7
7
5040 1314 7865 6293 2240
2240
5
False
5040 1314 7865
2868
False
6693
6
5672
5672
5040 1314 6881 9149 4738 5672 5010
False
7
False
False
False
False
9
1641
False
False
10
False
False
False
12
False
5040 1314 6881 9149 4738 5790 1942 7626 1641 9616 7297 8495 569 6476
16
6574
5040 1314 6881 9149 4738 5790 1942 7626 1641 9616 7297 8495 569 6476 8881 6574
False
5040 1314 6881 9149 4738 5790 1942 7626 1641 9616 7297 8495 569 6476 8881 6574 5683
False
False
17
19
False
5040 1314 6881 9149 4738 5790 1942 7626 1641 9616 7297 8495 569 6476 8881 6574 5683 1359
17
False
3945
18
3923
19
18
3945
3945
18
False
18
False
False
22
5040 1314 6881 9149 4738 5790 1942 7626 1641 9616 7297 8495 569 6476 8881 6574 606 3945 7073 4911 5689 7805
22
False
21
5040 1314 6881 9149 4738 5790 1942 7626 1641 9616 7297 8495 569 6476 8881 6574 606 3945 7073 4911 5689 387
7407
False
21
False
3945
18
False
12
False
False
False
11
11
9616
5040 1314 6881 9149 4738 5790 1942 7626 1641 9616
False
False
5040 1314 6881 9149 4738 5790 1942 7626 1641
1641
False
False
10
10
6701
5040 1314 6881 9149 4738 5790 1942 7626 6701
9
5040 1314 6881 9149 4738 5790 1942 7626 6701 2660 6074
1708
False
5040 1314 6881 9149 4738 5790 1942 7626 6701 2660 6074 4856 7788
False
5040 1314 6881 9149 4738 5790 1942 7626 6701 2660 6074 4856 7788
5040 1314 6881 9149 4738 5790 1942 7626 6701 2660 6074 4856 2532 6073
False
False
13
False
5040 1314 6881 9149 4738 5790 1942 7626 6701 2660 6074 4856 2532 4537 1992
1992
False
5040 1314 6881 9149 4738 5790 1942 7626 6701 2660 6074 4856
4856
4856
6074
False
5040 1314 6881 9149 4738 5790 1942 7626 6701 2660
False
5040 1314 6881 9149 4738 5790 1942 7626 6701 3292
False
False
5040 1314 6881 9149 4738 5790 1942 7626 6701 3292
9
9
5040 1314 6881 9149 4738 5790 1942 7626 6701
False
5040 1314 6881 9149 4738 5790 1942 7626 6701
9
6701
False
False
5040 1314 6881 9149 4738 5790 1942 7626 6701 4620
4620
False
False
False
11
False
False
False
False
5040 1314 6881 9149 4738 5790 1942 7626 9076 722 9821 9985 5430 966 3059
5040 1314 6881 9149 4738 5790 1942 7626 9076 722 9821 9985 5430 966 3059
966
False
False
14
9085
False
6930
False
False
5040 1314 6881 9149 4738 5790 1942 7626 9076 722 9821 9985 9085 4465 1311 6930 8148
False
19
False
False
19
5040 1314 6881 9149 4738 5790 1942 7626 9076 722 9821 9985 9085 4465 1311 6930 8148 9521 3424
5040 1314 6881 9149 4738 5790 1942 7626 9076 722 9821 9985 9085 4465 1311 6930 8148 9521 3424 6527
False
False
20
False
5040 1314 6881 9149 4738 5790 1942 7626 9076 722 9821 9985 9085 4465 1311 6930 8148 9521 3424
False
5040 1314 6881 9149 4738 5790 1942 7626 9076 722 9821 9985 9085 4465 1311 6930 8148 9521 3424 2265 1787
False
5040 1314 6881 9149 4738 5790 1942 7626 9076 722 9821 9985 9085 4465 1311 6930 8148 9521 3424 2265 1787 9410
False
False
23
2164
5040 1314 6881 9149 4738 5790 1942 7626 9076 722 9821 9985 9085 4465 1311 6930 8148 9521 3424 2265 5331 8516
5331
False
5040 1314 6881 9149 4738 5790 1942 7626 9076 722 9821 9985 9085 4465 1311 6930 8148 9521 3424 2265
5040 1314 6881 9149 4738 5790 1942 7626 9076 722 9821 9985 9085 4465 1311 6930 8148 9521 3424 2265 2917
False
2265
437
False
False
False
5040 1314 6881 9149 4738 5790 1942 7626 9076 722 9821 9985 9085 4465 1311 6930 8148 6183
False
False
5040 1314 6881 9149 4738 5790 1942 7626 9076 722 9821 9985 9085 4465 1311 6930 8148 492
19
5040 1314 6881 9149 4738 5790 1942 7626 9076 722 9821 9985 9085 4465 1311 6930 8148 4706 5323
5323
6930
16
16
1311
5040 1314 6881 9149 4738 5790 1942 7626 9076 722 9821 9985 9085 4465 1311
1311
5040 1314 6881 9149 4738 5790 1942 7626 9076 722 9821 9985 9085 4465 1311
15
1311
False
5040 1314 6881 9149 4738 5790 1942 7626 9076 722 9821 9985 9085 4465 1311
False
False
5040 1314 6881 9149 4738 5790 1942 7626 9076 722 9821 9985 9085 4465 1311 3893
5040 1314 6881 9149 4738 5790 1942 7626 9076 722 9821 9985 9085 4465 1311 3893 5923
False
False
False
False
5040 1314 6881 9149 4738 5790 1942 7626 9076 722 9821 9985 9085 4465 1311 8663
5040 1314 6881 9149 4738 5790 1942 7626 9076 722 9821 9985 9085 4465 1311
False
12
9985
12
5040 1314 6881 9149 4738 5790 1942 7626 9076 722 9821 9985
9985
False
6129
6129
False
11
False
11
5040 1314 6881 9149 4738 5790 1942 7626 9076 722
722
10
5040 1314 6881 9149 4738 5790 1942 7626 9076 722
False
False
False
False
False
False
1030
10
False
False
3810
False
5040 1314 6881 9149 4738 5790 1942 7626 9076 722 3810 8227
12
13
1994
False
False
5040 1314 6881 9149 4738 5790 1942 7626 9076
8
8
False
8041
5040 1314 6881 9149 4738 5790 1942 7626 8748 8041 6227 823
5040 1314 6881 9149 4738 5790 1942 7626 8748 8041 6227 823
8041
False
False
False
5040 1314 6881 9149 4738 5790 1942 7626 8748 8041 5544
10
False
8041
5040 1314 6881 9149 4738 5790 1942 7626 8748 8041
5040 1314 6881 9149 4738 5790 1942 7626 8748 8041 8193 2184
5040 1314 6881 9149 4738 5790 1942 7626 8748 8041 8193 7054
8193
False
5040 1314 6881 9149 4738 5790 1942 7626 8748 8041 8193
5040 1314 6881 9149 4738 5790 1942 7626 8748 8041
False
5040 1314 6881 9149 4738 5790 1942 7626 8748 8041 985
False
False
985
False
985
2479
13
False
12
False
False
False
2479
4145
4145
False
5040 1314 6881 9149 4738 5790 1942 7626 8748
False
10
1371
5040 1314 6881 9149 4738 5790 1942 7626 8748
False
False
False
False
8748
8748
False
False
3551
5
False
7748
6
6
5040 1314 6881 9149 3551 8054 371
5934
5934
False
5040 1314 6881 9149 3551 8054 371 5934
False
False
False
6580
False
False
False
9420
False
5723
13
13
False
False
False
5040 1314 6881 9149 3551 8054 371 5934 8245 5207 2875 9420 4936 7789
7789
14
False
3387
False
3387
3387
3387
15
15
False
False
False
False
5040 1314 6881 9149 3551 8054 371 5934 8245 5207 2875 9420 4936 7789 3387
False
15
5040 1314 6881 9149 3551 8054 371 5934 8245 5207 2875 9420 4936 7789 3387
5040 1314 6881 9149 3551 8054 371 5934 8245 5207 2875 9420 4936 7789 3387
5040 1314 6881 9149 3551 8054 371 5934 8245 5207 2875 9420 4936 7789 7721
False
5040 1314 6881 9149 3551 8054 371 5934 8245 5207 2875 9420 4936 7789 1991
15
False
5040 1314 6881 9149 3551 8054 371 5934 8245 5207 2875 9420 4936 7789 1991
17
440
18
5040 1314 6881 9149 3551 8054 371 5934 8245 5207 2875 9420 4936 7789 1991 2371 440 2922
5040 1314 6881 9149 3551 8054 371 5934 8245 5207 2875 9420 4936 7789 1991 2371 440 2922
440
440
False
3750
False
False
False
False
19
False
False
5040 1314 6881 9149 3551 8054 371 5934 8245 5207 2875 9420 4936 7789 1991 2371 440 8471 8196 2970
False
20
False
False
17
440
2371
4508
2371
16
False
False
16
16
1991
False
False
1991
1991
False
12
8976
14
False
5682
5040 1314 6881 9149 3551 8054 371 5934 8245 5207 2875 9420 5601
7234
5040 1314 6881 9149 3551 8054 371 5934 8245 5207 2875 9420 7234
5040 1314 6881 9149 3551 8054 371 5934 8245 5207 2875 9420 7234 7573
False
False
5040 1314 6881 9149 3551 8054 371 5934 8245 5207 2875 9420 7234 7573 3505
3505
False
False
False
9215
False
False
False
False
False
False
5207
False
False
False
10
False
8
5040 1314 6881 9149 3551 8054 371 5934 9868
8263
False
5040 1314 6881 9149 3551 8054 371 5934 9868
9868
False
6614
6614
9
8
5040 1314 6881 9149 3551 8054 371 7426
False
False
371
False
False
False
False
6
8054
False
5040 1314 6881 9149 3551 8054 412 422 9500 3847 8380
3847
10
5040 1314 6881 9149 3551 8054 412 422
False
False
3
False
False
False
5040 1314 6881
3
True

False
False
1
2764
5140 541 4071
5140 541 1706
4
5140 541 1706 8007 6830
False
False
False
8
False
False
8
1365
5140 541 1706 8007 6830 5137 1365
7
5140 541 1706 8007 6830 5137 1365
7
5140 541 1706 8007 6830 5137 1344
5137
False
7
8
8
False
4486
8
5140 541 1706 8007 6830 5137 369 3851
False
709
False
1110
5140 541 1706 8007 6830 5137 369 3851 1110 3744 8232
5140 541 1706 8007 6830 5137 369 3851 1110 3744 8232 5559 5764
12
5559
5140 541 1706 8007 6830 5137 369 3851 1110 3744 8232 1884
1884
5140 541 1706 8007 6830 5137 369 3851 1110 3744 8232 1884
False
False
False
5140 541 1706 8007 6830 5137 369 3851
5140 541 1706 8007 6830 5137 369 3851 8118
False
5140 541 1706 8007 6830 5137 369 3851 8118
False
False
False
5140 541 1706 8007 6830 5137 369 3851
False
5140 541 1706 8007 6830 5137 5643 2488 3146
False
8
False
False
False
5140 541 1706 8007 6830 5137 5182 4634
5182
False
6441
5140 541 1706 8007 6830 5137 6441
False
5140 541 1706 8007 6830
5140 541 1706 8007 6830
5140 541 1706 8007 6830 6118
False
3676
False
5140 541 1706 8007 6830 6118
6
6118
5
5140 541 1706 8007 6830
False
5140 6731
5140 6731
False
5140 6731 2886
5140 6731 2886
False
False
6923
False
False
5
False
5
6251
5140 6731 6923 8297 590 5028 25
6
False
193
False
5140 6731 6923 8297 590 5028 5864 193 211
5140 6731 6923 8297 590 5028 5864 193 211
5140 6731 6923 8297 590 5028 5864 193 211
211
211
False
10
False
9
9
2241
5140 6731 6923 8297 590 5028 5864 193 211 2241
False
False
13
5140 6731 6923 8297 590 5028 5864 193 211 2241 7723 899
5140 6731 6923 8297 590 5028 5864 193 211 2241 7723
False
11
False
False
5140 6731 6923 8297 590 5028 5864 193 211
False
5140 6731 6923 8297 590 5028 5864 193 211
8
193
8
5140 6731 6923 8297 590 5028
False
9
False
8
False
False
8
8297
5140 6731 6923 8297
5140 6731 6923 8297
False
4
1752
5
5140 6731 6923 8297 1752 7710
5
False
False
False
4
4
5140 6731 6923 8297 2226 3757
2226
5
5140 6731 6923 8297 2226
1289
5140 6731 6923 8297 2226 1289
False
6024
8
False
False
7
5
2226
False
5140 6731 6923 8297 2226 9331
False
9331
9331
4
6923
False
6731
6731
False
3
3
2537
5140 6731 2537
False
4
4
False
9320
False
9320
2537
3
4
False
5140 4867 3447 2036
349
False
8441
3766
False
7
9
5140 4867 3447 2036 3010 349 8441 7511 9316
5140 4867 3447 2036 3010 349 8441 7511
False
8
7511
False
5140 4867 3447 2036 3010 349 8441 7511
False
6
5140 4867 3447 2036 3010 8422
12
173
False
False
8746
13
13
False
173
5140 4867 3447 2036 3010 8422 5159 1093 2789 2424 7164 173 2148 9093
False
13
False
False
13
3441
False
14
5227
5227
5140 4867 3447 2036 3010 8422 5159 1093 2789 2424 7164 173 3441 4212 5227
False
5227
15
5227
False
5227
16
False
14
5140 4867 3447 2036 3010 8422 5159 1093 2789 2424 7164 173 3441 4212
13
13
False
5140 4867 3447 2036 3010 8422 5159 1093 2789 2424 7164 173 3441 3701 4761
4761
False
False
16
17
5140 4867 3447 2036 3010 8422 5159 1093 2789 2424 7164 173 3441 3701 4761 1405 482
False
482
482
5140 4867 3447 2036 3010 8422 5159 1093 2789 2424 7164 173 3441 3701 4761 1405
False
17
6638
18
647
False
20
1558
1558
False
22
False
False
5140 4867 3447 2036 3010 8422 5159 1093 2789 2424 7164 173 3441 3701 4761 1405 6638 2746 647 2076 1558 2222
1558
21
False
1558
21
False
22
False
False
3902
25
5394
5394
False
False
False
26
5140 4867 3447 2036 3010 8422 5159 1093 2789 2424 7164 173 3441 3701 4761 1405 6638 2746 647 2076 1558 5193 8543 1815 1746 9162
False
False
22
5140 4867 3447 2036 3010 8422 5159 1093 2789 2424 7164 173 3441 3701 4761 1405 6638 2746 647 2076 1558 5193
False
False
5140 4867 3447 2036 3010 8422 5159 1093 2789 2424 7164 173 3441 3701 4761 1405 6638 2746
False
19
3815
False
False
False
False
False
False
5140 4867 3447 2036 3010 8422 5159 1093 2789 2424 7164 173 3441 3701 4761 1405 6638 4342 3815 2944 5277
9949
9949
21
9949
False
False
5140 4867 3447 2036 3010 8422 5159 1093 2789 2424 7164 173 3441 3701 4761 1405 6638 4342 3815 2944 9949 9771
False
5140 4867 3447 2036 3010 8422 5159 1093 2789 2424 7164 173 3441 3701 4761 1405 6638 4342 3815 2944 9949
9949
5140 4867 3447 2036 3010 8422 5159 1093 2789 2424 7164 173 3441 3701 4761 1405 6638 4342 3815 2944 9949 6589
False
20
5140 4867 3447 2036 3010 8422 5159 1093 2789 2424 7164 173 3441 3701 4761 1405 6638 4342 3815
False
False
17
False
False
False
False
False
15
14
5140 4867 3447 2036 3010 8422 5159 1093 2789 2424 7164 173 3441 3701
2420
False
8060
16
5140 4867 3447 2036 3010 8422 5159 1093 2789 2424 7164 173 3441 3701 8060 1881 52
False
False
False
False
5140 4867 3447 2036 3010 8422 5159 1093 2789 2424 7164 173 3441 3701 8060 1881
16
False
5140 4867 3447 2036 3010 8422 5159 1093 2789 2424 7164 173 3441 3701 8060
False
15
5140 4867 3447 2036 3010 8422 5159 1093 2789 2424 7164 173 3441 3701 8321 6579
6579
15
5140 4867 3447 2036 3010 8422 5159 1093 2789 2424 7164 173 3441 3701 8321 9087
False
9087
16
False
17
16
15
8321
8321
8321
13
108
5140 4867 3447 2036 3010 8422 5159 1093 2789 2424 7164 173 3441 8821 108
5140 4867 3447 2036 3010 8422 5159 1093 2789 2424 7164 173 3441 8821 108
3441
173
173
False
5140 4867 3447 2036 3010 8422 5159 1093 2789 2424 7164 173
False
5140 4867 3447 2036 3010 8422 5159 1093 2789 2424 7164 173 1151
1151
False
2713
5140 4867 3447 2036 3010 8422 5159 1093 2789 2424 7164
12
5140 4867 3447 2036 3010 8422 5159 1093 2789 2424 7164
5140 4867 3447 2036 3010 8422 5159 1093 2789 2424 7164
False
5140 4867 3447 2036 3010 8422 5159 1093 2789 2424 7164 7833
5140 4867 3447 2036 3010 8422 5159 1093 2789 2424 7164 7833
11
False
121
False
False
13
False
False
False
False
False
False
2988
5140 4867 3447 2036 3010 8422 5159 1093 2789 2424 7164 6165 3754
6165
False
False
False
5140 4867 3447 2036 3010 8422 5159 1093 2789 2424 7164 4860
5140 4867 3447 2036 3010 8422 5159 1093 2789 2424 7164 519
5140 4867 3447 2036 3010 8422 5159 1093 2789 2424 7164 519
False
False
False
12
519
5140 4867 3447 2036 3010 8422 5159 1093 2789 2424 7164 6657 5385
5140 4867 3447 2036 3010 8422 5159 1093 2789 2424 7164 6657 5385
False
11
7164
2789
False
9
7235
False
False
7235
False
False
13
False
5140 4867 3447 2036 3010 8422 5159 1093 2789 8273 7235 6451
False
False
False
False
False
False
False
7314
5140 4867 3447 2036 3010 8422 5159 1093 2789 8273 9133 7314
False
False
7484
False
False
False
12
False
False
5140 4867 3447 2036 3010 8422 5159 1093 2789 8273 9133 6233
6233
False
5140 4867 3447 2036 3010 8422 5159 1093 2789 8273 9133 6233
False
6233
False
5140 4867 3447 2036 3010 8422 5159 1093 2789 8273 9133 8902
False
13
13
5140 4867 3447 2036 3010 8422 5159 1093 2789 8273 9133 8902 2922
2922
309
8902
False
False
5140 4867 3447 2036 3010 8422 5159 1093 2789 8273 9133
9
5140 4867 3447 2036 3010 8422 5159 1093 2789 8273 9133 9
False
9
1093
False
5140 4867 3447 2036 3010 8422 5159 1093 3633 9800
9800
10
False
5140 4867 3447 2036 3010 8422 5159 1093 3633 9800 8750 9470
False
11
1043
13
False
1043
12
False
False
False
12
False
5140 4867 3447 2036 3010 8422 5159 1093 3633 9800 9209
9209
False
False
11
5140 4867 3447 2036 3010 8422 5159 1093 3633 9800 9209
False
False
5056
7841
5140 4867 3447 2036 3010 8422 5159 1093 3633 9800 5692 5708 5056 318 7841 3983 4933
False
18
False
8736
18
19
False
False
False
18
18
False
False
False
7562
False
5140 4867 3447 2036 3010 8422 5159 1093 3633 9800 5692 5708 5056 318 7841 3983 7562
3349
18
18
5140 4867 3447 2036 3010 8422 5159 1093 3633 9800 5692 5708 5056 318 7841 3983 7562 3349
17
False
5140 4867 3447 2036 3010 8422 5159 1093 3633 9800 5692 5708 5056 318 7841 3983 7562
False
False
False
False
False
3983
False
False
False
5140 4867 3447 2036 3010 8422 5159 1093 3633 9800 5692 5708 5056 318 7841 3983 283 9539 4334 3753
5140 4867 3447 2036 3010 8422 5159 1093 3633 9800 5692 5708 5056 318 7841 3983 283 9539 4334 3753
False
4838
22
False
5140 4867 3447 2036 3010 8422 5159 1093 3633 9800 5692 5708 5056 318 7841 3983 283 9539 4334 3753 9303
False
21
False
5140 4867 3447 2036 3010 8422 5159 1093 3633 9800 5692 5708 5056 318 7841 3983 283 9539 4334 4644
5140 4867 3447 2036 3010 8422 5159 1093 3633 9800 5692 5708 5056 318 7841 3983 283 9539 4334 4644 3489
21
False
4644
4644
False
False
6666
21
False
False
797
21
False
False
False
5147
False
False
False
False
4334
5140 4867 3447 2036 3010 8422 5159 1093 3633 9800 5692 5708 5056 318 7841 3983 283 9539 4334 9711 7482
5140 4867 3447 2036 3010 8422 5159 1093 3633 9800 5692 5708 5056 318 7841 3983 283 9539 4334 9711 7482
False
False
5140 4867 3447 2036 3010 8422 5159 1093 3633 9800 5692 5708 5056 318 7841 3983 283 9539 4334 9711 7482
False
False
False
22
False
False
False
False
22
False
False
7482
22
24
False
2302
26
False
273
5140 4867 3447 2036 3010 8422 5159 1093 3633 9800 5692 5708 5056 318 7841 3983 283 9539 4334 9711 7482 4197 3101 6351 3813
26
25
25
5140 4867 3447 2036 3010 8422 5159 1093 3633 9800 5692 5708 5056 318 7841 3983 283 9539 4334 9711 7482 4197 3101 6351
24
False
23
23
23
5140 4867 3447 2036 3010 8422 5159 1093 3633 9800 5692 5708 5056 318 7841 3983 283 9539 4334 9711 7482 4197 1705
False
1705
False
False
25
False
False
False
24
5140 4867 3447 2036 3010 8422 5159 1093 3633 9800 5692 5708 5056 318 7841 3983 283 9539 4334 9711 7482 4197 1343 9696 8111
5140 4867 3447 2036 3010 8422 5159 1093 3633 9800 5692 5708 5056 318 7841 3983 283 9539 4334 9711 7482 4197 1343 9696 8111 1523 9224 9333
9224
False
26
24
5140 4867 3447 2036 3010 8422 5159 1093 3633 9800 5692 5708 5056 318 7841 3983 283 9539 4334 9711 7482 4197 1343 9696
False
21
9711
5140 4867 3447 2036 3010 8422 5159 1093 3633 9800 5692 5708 5056 318 7841 3983 283 9539 4334 9711
False
False
283
17
19
19
False
5140 4867 3447 2036 3010 8422 5159 1093 3633 9800 5692 5708 5056 318 7841 3983 283 8348 612 9308 3223 6504
23
23
5140 4867 3447 2036 3010 8422 5159 1093 3633 9800 5692 5708 5056 318 7841 3983 283 8348 612 9308 3223 6504 6814
False
5140 4867 3447 2036 3010 8422 5159 1093 3633 9800 5692 5708 5056 318 7841 3983 283 8348 612 9308 3223 6504 6814 7124
5140 4867 3447 2036 3010 8422 5159 1093 3633 9800 5692 5708 5056 318 7841 3983 283 8348 612 9308 3223 6504 6814 7124
False
7523
7523
9445
5140 4867 3447 2036 3010 8422 5159 1093 3633 9800 5692 5708 5056 318 7841 3983 283 8348 612 9308 3223 6504 6814 7124 7523 5958 9445
890
False
False
6237
False
31
False
