3929
1
7500 2786
2
False
1
7500
1
False
7500
7500 2302
8548
4
1168
7500 2302 429 8548 1168 1521
7500 2302 429
False
7500 2302 429 7421
6624
6200
6200
False
7500 2302 429 7421 3348 1253
1253
False
False
7500 2302 429 7421 3348 1253
3348
7500 2302 429 7421 3348
7500 2302 429 7421 3348 5289
5
False
7
7
6696
False
False
False
7500 2302 429 7421 3348 2307 3035
7500 2302 429 7421 3348 2307 3035
7500 2302 429 7421 3348 2307 3035 8710 7541 2029
False
False
False
7500 2302 429 7421 3348 2307 3035 8710 7541
9
False
7541
9
8
8
379
3035
8
7500 2302 429 7421 3348 2307 3035 4802
8
8
False
7
3035
False
7
7500 2302 429 7421 3348 2307 3035
3035
False
3035
3035
False
2307
6
False
7500 2302 429
7500 2302 429 2809
3
False
7500 2302 429 3675 4480
False
3436
4
3
False
2302
5
5
False
False
7500 2302 6041 8137 6512 7625 4995
4995
False
7500 2302 6041 8137 6512 7625 4995 1458 910
False
False
8
False
False
False
False
7500 2302 6041 8137 6512 7625
False
False
7500 2302 6041 8137 6512 7625 6170 4138 844
7500 2302 6041 8137 6512 7625 6170
False
6
6
7625
5796
5796
8137
7500 2302 6041 8137
4
4
False
False
False
7500 2302 6041 3888
False
4
4
7500 2302 6041 3888
False
7500 2302 6041 3888 8301
False
7500 2302 6041 3888
7
5929
False
False
261
261
False
7500 2302 6041 3888 6208
7500 2302 6041 3888 6208
9005
2482
False
False
False
False
2719
4
False
3
7500 2302 6041
False
7500 2302 687 8904
False
3
7500 2302 687
5
6
5
False
4678
False
False
False
7
False
7
False
10
7500 2302 687 2318 4678 8863 6886 1685 7596 5469
7500 2302 687 2318 4678 8863 6886 1685 7596 5469
7596
7500 2302 687 2318 4678 8863 6886 1685
7500 2302 687 2318 4678 8863 6886 1685
7500 2302 687 2318 4678 8863 6886 1685
False
7500 2302 687 2318 4678 8863 6886 1685
7
False
7500 2302 687 2318 4678 8863 6886
7500 2302 687 2318


1
False
Empty
1
False
False
5167
2629
False
False
False
3606 8480
3606 8480 5080 4889
False
False
False
3606 8480 5080 3704
3606
1
False
314
4
4
4613
4342
False
1504 699 314 4613 6595 4342
False
1504 699 314 4613 6595
314
False
False
2
2
1504 2020 3247
False
4
9244
6
1504 2020 3247 226 9244 1719
9244
5
9244
False
False
3
False
True
Empty
Empty
0
Empty
False
Empty
Empty
Empty
Empty
False
0

Empty
Empty
Empty
True

False
False
Empty
True
Empty
7180
7180
2
6583
False
True

Empty




Empty
7624
7624
1
False
7386
7386
3
3
False
False
False
False
4585
3835
7624 7386 7091 4585
False
False
5
2
1
703
2
4552 703
4552 646
False
False
False
False
1
9884
9793
False
3
3
3206 6006 2549
False
2549
3206 6006 2549
3
3206 6006 2549 7719
False
False
1
False
False
False
Empty
1
0
False
Empty
False
Empty
Empty
True
False
Empty
3
False
3194 1133 8392 2964
2964
4
False
False
3194 1133 8392 2964 6558
False
4
False
3194 1133 8392 2964
3194 1133 8392 4141 8681
False
3194 1133 8392 4141 8681
5
False
False
3
4
4
4040
False
3194 1133 8392 4040
False
False
4
4040
4040
7216
7216
False
5281
3
3
4
False
False
3194 1133 8392 3692 7407 8852 1057
8
3194 1133 8392 3692 7407 8852 1057 9103
False
False
False
3194 1133 8392 3692 7407 8852 1057 7123
7123
False
False
False
9
3194 1133 8392 3692 7407 8852 1057 7123
False
False
3194 1133 8392 3692 7407 8852 1057 7123 1788
3194 1133 8392 3692 7407 8852 1057 7123 1788 9596
False
9
False
1788
3194 1133 8392 3692 7407 8852 1057 7123 1788
1788
False
8
False
False
False
3194 1133 8392 3692 7407 8852 1057 7123 3593 7690
795
3194 1133 8392 3692 7407 8852 1057 7123 3593 7690 795
False
False
False
1864
3194 1133 8392 3692 7407 8852 1057 7123 3593 7690 795 3197 9503 8587 1864 6920 9758
False
16
15
8587
False
False
False
False
False
3194 1133 8392 3692 7407 8852 1057 7123 3593 7690 795 3197 9503 8587 5792
False
3194 1133 8392 3692 7407 8852 1057 7123 3593 7690 795 3197 9503 8587
8587
3194 1133 8392 3692 7407 8852 1057 7123 3593 7690 795 3197 9503
3194 1133 8392 3692 7407 8852 1057 7123 3593 7690 8074 5090
False
False
11
8074
False
11
3194 1133 8392 3692 7407 8852 1057 7123 3593 7690 8074
False
3194 1133 8392 3692 7407 8852 1057 7123 3593 7690 8074
3194 1133 8392 3692 7407 8852 1057 7123 3593 7690 8074
7690
10
7690
False
11
7690
1057
3194 1133 8392 3692 7407 8852 1057
7965
7
6
6611
False
False
4
3692
3194 1133 8392 3692
False
3194 1133 8392 4586 2873
2873
False
False
False
1133
3194 1133
3194
False
False
3
3
False
2
3194

True
Empty
0
Empty
Empty
False
Empty
True
Empty
534
False
False
5
534 8139 4395 1608 2137
534
False
Empty
Empty
Empty

0
True


False
False
False

Empty
Empty
0
2537
1880
False
False
2537 2366
2537 2366 2677 4532 485 2363
2363
False
2340
2340
False
5
9167
5
9167
5
5
False
2537 2366 2677 4532
4
5
1621
2537 2366 2677 4532 1621
False
False
False
False
False
False
False
2366
False
2537 2366

2971
1
Empty
Empty

4700
1
False
False
1
4700
False
False
False
2
False
4700
0
0
Empty
Empty

Empty
1397
1397
5055
False
5055
5055 7092
7092
7092
2
False
False
3038
5055 6005 3038
3
5055 6005 3038
False
False
5055
Empty

Empty

Empty
0
False
True
False

Empty
Empty
Empty

Empty
0
0
Empty
Empty
0
Empty

True

Empty
Empty
0
True
False
Empty
9128 4892
4295
9128 7844 4295
9128 7844 4295
False
2
2
False
False
False
9128 870 2672 1733
False
9796
6
False
False
False
9128 3391 621 708
False
False
9128 3391 621
3
False
621
3
3221
False
9128 3391 621
False
False
3
3

Empty
0

False
Empty
Empty
False
False
9910
False
False
False
3
False
False
3
3
False
4102 4591 2923
4102 4591 2923
False
4102 4591 2923
False
4102 647 6886
647
False
5439

Empty

Empty
Empty

1
False

Empty

Empty

2
False
False
3275 4230
2
4230
False
False
False
3275 9983 2838
False
False
1559
1559
3275 9983 2488
2488
3275 9983 2488
4
False
False
False
2227 3873
2
2
False
2
7426
7426
1
True
Empty

3715
False
False
2
3715 9925
False
1
False
Empty
Empty
0
False
True
False
True
False
8564
0
Empty
False
False
0
Empty

1

False
False
4367
Empty
Empty
Empty
False
False
False
9730
4999
Empty
1
False
False
1644 3017
1644 3017 7415
5629
3470
5
1644 3017 5629 5505 9272
9272
5
4
1644 3017 5629 5505
False
1644 3017 5629 5505
False
5
False
False
False
3017
1644 3017 5534
5534
1644 3017 5534 5391
1644 3017 5534 5391 9964 6819 8223
False
5752
8
2355
False
2132
6
False
False
True
True

True
True
0
False
4462
0
Empty
False

1202 1849 6537
False
False
Empty
Empty


Empty
Empty
Empty
True

0
1
False
8907 3052
3052
False
False
Empty
0
0

Empty
8992
1
False
False
False
8992
False
0
True
False

False
1
False
False
Empty

Empty

True
Empty
True

False

0



False
False
5389
8
False
False
False
6064
7747 2583 9545 8584 5389 428 1646 3937 1759 6064 9039 1746 9783
9783
732
False
11
6064
11
12
False
7747 2583 9545 8584 5389 428 1646 3937 1759 6064 5707 6882 8600 815 2682 4231
7747 2583 9545 8584 5389 428 1646 3937 1759 6064 5707 6882 8600 815 2682
15
False
7747 2583 9545 8584 5389 428 1646 3937 1759 6064 5707 6882 8600 815 2682
7747 2583 9545 8584 5389 428 1646 3937 1759 6064 5707 6882 8600 815 2682
15
8854
7747 2583 9545 8584 5389 428 1646 3937 1759 6064 5707 6882 8600 815 2682 2299 8854 10000
7747 2583 9545 8584 5389 428 1646 3937 1759 6064 5707 6882 8600 815 2682 2299 8854 10000
7747 2583 9545 8584 5389 428 1646 3937 1759 6064 5707 6882 8600 815 2682 2299 8854 10000
7747 2583 9545 8584 5389 428 1646 3937 1759 6064 5707 6882 8600 815 2682 2299 8854 10000
7747 2583 9545 8584 5389 428 1646 3937 1759 6064 5707 6882 8600 815 2682 2299 8854 10000
18
False
529
22
5812
5812
False
24
False
False
False
24
False
7747 2583 9545 8584 5389 428 1646 3937 1759 6064 5707 6882 8600 815 2682 2299 8854 10000 7923 787 9801 5168 5776 5995
7747 2583 9545 8584 5389 428 1646 3937 1759 6064 5707 6882 8600 815 2682 2299 8854 10000 7923 787 9801 5168 5776 5995
False
False
25
7747 2583 9545 8584 5389 428 1646 3937 1759 6064 5707 6882 8600 815 2682 2299 8854 10000 7923 787 9801 5168 5776 5995 5519
5995
5069
7747 2583 9545 8584 5389 428 1646 3937 1759 6064 5707 6882 8600 815 2682 2299 8854 10000 7923 787 9801 5168 5776 4095 5069
25
7747 2583 9545 8584 5389 428 1646 3937 1759 6064 5707 6882 8600 815 2682 2299 8854 10000 7923 787 9801 5168 5776 4095
7747 2583 9545 8584 5389 428 1646 3937 1759 6064 5707 6882 8600 815 2682 2299 8854 10000 7923 787 9801 5168 5776 4095
7747 2583 9545 8584 5389 428 1646 3937 1759 6064 5707 6882 8600 815 2682 2299 8854 10000 7923 787 9801 5168 5776
5776
23
23
False
False
9801
7503
False
False
8124
22
21
7747 2583 9545 8584 5389 428 1646 3937 1759 6064 5707 6882 8600 815 2682 2299 8854 10000 7923 787 9801
7747 2583 9545 8584 5389 428 1646 3937 1759 6064 5707 6882 8600 815 2682 2299 8854 10000 7923 787
False
20
787
False
False
19
5811
7747 2583 9545 8584 5389 428 1646 3937 1759 6064 5707 6882 8600 815 2682 2299 8854 10000 7923 5811
False
7923
7747 2583 9545 8584 5389 428 1646 3937 1759 6064 5707 6882 8600 815 2682 2299 8854 10000 7923
False
7747 2583 9545 8584 5389 428 1646 3937 1759 6064 5707 6882 8600 815 2682 2299 8854 10000 7923 3896 3016 7920
7920
3016
7747 2583 9545 8584 5389 428 1646 3937 1759 6064 5707 6882 8600 815 2682 2299 8854 10000 7923 3896 3016
False
False
7747 2583 9545 8584 5389 428 1646 3937 1759 6064 5707 6882 8600 815 2682 2299 8854 10000 7923 3896 3016 9466
False
False
False
4695
7747 2583 9545 8584 5389 428 1646 3937 1759 6064 5707 6882 8600 815 2682 2299 8854 10000 7923 3896
7747 2583 9545 8584 5389 428 1646 3937 1759 6064 5707 6882 8600 815 2682 2299 8854 10000 7923 3896
False
19
19
False
False
10000
18
7747 2583 9545 8584 5389 428 1646 3937 1759 6064 5707 6882 8600 815 2682 2299 8854 10000
3645
4533
7747 2583 9545 8584 5389 428 1646 3937 1759 6064 5707 6882 8600 815 2682 2299 8854 10000
False
18
10000
17
False
7747 2583 9545 8584 5389 428 1646 3937 1759 6064 5707 6882 8600 815 2682 2299 8854
8854
False
False
7747 2583 9545 8584 5389 428 1646 3937 1759 6064 5707 6882 8600 815 2682 2299 8854 5347
False
False
False
5347
7747 2583 9545 8584 5389 428 1646 3937 1759 6064 5707 6882 8600 815 2682 2299 8854 5347
False
8854
7747 2583 9545 8584 5389 428 1646 3937 1759 6064 5707 6882 8600 815 2682
15
False
2682
15
False
False
False
4742
7747 2583 9545 8584 5389 428 1646 3937 1759 6064 5707 6882 8600 815 4742
False
False
False
16
False
False
False
7747 2583 9545 8584 5389 428 1646 3937 1759 6064 5707 6882 8600 815 2143
7747 2583 9545 8584 5389 428 1646 3937 1759 6064 5707 6882 8600 815
2668
7747 2583 9545 8584 5389 428 1646 3937 1759 6064 5707 6882 8600 815 4974 9882 2668 9727
7747 2583 9545 8584 5389 428 1646 3937 1759 6064 5707 6882 8600 815 4974 9882 2668 9727
21
False
22
False
False
5892
False
False
False
21
19
False
6658
False
False
20
21
False
False
False
False
False
7747 2583 9545 8584 5389 428 1646 3937 1759 6064 5707 6882 8600 815 4974 9882 2668 9727 2923 9522
False
False
False
False
9727
9727
False
9882
9882
7747 2583 9545 8584 5389 428 1646 3937 1759 6064 5707 6882 8600 815 4974 9882
7747 2583 9545 8584 5389 428 1646 3937 1759 6064 5707 6882 8600 815 4974 9882
False
9882
15
False
7526
False
7747 2583 9545 8584 5389 428 1646 3937 1759 6064 5707 6882 8600 815 4974 7526
False
False
False
19
1184
20
False
7747 2583 9545 8584 5389 428 1646 3937 1759 6064 5707 6882 8600 815 3498 2897 4911 3 1450 1184
False
False
False
False
False
7428
6865
False
False
False
21
6795
7747 2583 9545 8584 5389 428 1646 3937 1759 6064 5707 6882 8600 815 3498 2897 4911 3 1450 1184
20
20
False
False
19
False
7747 2583 9545 8584 5389 428 1646 3937 1759 6064 5707 6882 8600 815 3498 2897 4911 3
2897
False
False
15
7747 2583 9545 8584 5389 428 1646 3937 1759 6064 5707 6882
7747 2583 9545 8584 5389 428 1646 3937 1759 6064 5707 6882
7747 2583 9545 8584 5389 428 1646 3937 1759 6064 5707 6882
False
False
False
1646
False
428
5
1
Empty
9390
2268
2268
False
6
False
3225
False
False
False
3327
6675 6913 2268 6715 3750 9987 3327
False
False
False
3750
False
False
False
3750
False
False
False
8688
False
527
False
5
5
False
False
6675 6913 2268 6715
False
4
6675 6913 2268 3608
3
6675 6913 2268
6675 6913 2268 6210
False
2268
6675 6913 2268 7124
7124
6675 6913 2268 7486
False
7486
844
False
6675 6913 2268 7486 6494
5
False
6675 6913 2268 7486
False
False
False
False
6675 6913 2268
False
6675 6913 2268 4432
5
8573
5
3
6675 6913 2268
6675 6913 2268
6675 6913 2268 5569 740
6675 6913 2268 5569
False
False
3
False
2268
False
6675 6913 2268
3
False
6675 6913 2268
False
False
7654
7654
7654
1
7654
False

Empty
True

False
0
False

True
False
693
2
693 6775
False
False
693
0
Empty
0
Empty
False
7453
7453
7453
False
1
False
False
True
Empty
Empty
Empty
1
False
1


0
False

False
Empty
False
True

False
Empty

Empty
3110
0
False
False
8008 8263 1265
1265
8008 7726
False
1
False
8008

0
False
0
Empty
True
False
False
3
3
3
9356 2699 6635
False
6635
False
False
5
4043
9356 2699 6635
False
2375
9356 2699 1653 9661
2699
False
3
False
True
Empty
False
1

0
Empty
True
Empty
1146
1
False
0

3
False
False
2
1186 2299
2299
False
False
1186 2299
1186 2299
False
False
False
1186
0
Empty
2905
False
False
692
2
692
False
False
3
False
2905 692 949 7451
7451
2905 692 949 776
2
1
9194
2905 9194 2271
2905 9194 2271
427
9194
False
2
2905 9194

Empty
Empty
Empty

Empty

Empty
Empty
False
False


0
0


False
Empty

False
8081 3736 4164
3
4
4013
False
False
4013
7000
4013
8081 3736 8818
8081 3736 8818
8081 3736 8818
False
3
8081 3736 8818
8818
8818
8818
3
False
8081 3736 7261
False
8081 3736 7260
False
False
Empty
False
False
False
1
Empty
Empty
False
Empty
6910
2
7747 6910
7747
0
Empty

Empty

Empty

False
1
False
False
1
4720
True

Empty

True
0
False
False
Empty

False
Empty

True
False
0
False
Empty
0
1
1
6171
False
6171
1
0


Empty

Empty
False
0

False
2094
False

False
False
Empty
2113
2113
9320
False
False
9320
False

1034
0
Empty
False
9098
False
False
3
9098 5262 8121
False
False
9098 1047
25
False
False
1354
1354
8143
False
False
False
9098 1001 2041
False
1001
3
False
False
False
False
2
1


Empty
Empty
9536

False
0
290
3
False
6057
False
False
2
False
False
290 9267 1131
False
False
4
False
7875
290 9267 1131 7875 4737
False
3
1131
False
290 9267 1131 2747
290 9267 1131 2747
6
False
False
290 9267 1131 2747 2764 5876 3002
False
False
False
290 9267 1131 2747 2764 5876 1195
7
False
1195
False
1141
1141
9
290 9267 1131 2747 2764 5876 1195 8116 1141 4300
False
False
8
False
10
False
290 9267 1131 2747 2764 5876 1195 8116 254 2688
10
False
11
False
8
8
False
7
False
6
False
5876
2764
False
290 9267 1131 2747 7063 876
876
3194
6
290 9267 1131 2747 7063 876
290 9267 1131 2747 7063 876
False
False
7063
False
False
False
9457
9457
False
False
False
7
False
7
False
False
5
False
2830
False
2830
290 9267 1131 1413 2830
False
3
False
False
290
False

False
True
Empty
Empty
0

0





Empty
False
False
8224
8224
1
Empty
0
Empty
False
False
False
False
False
6
2140
7330 4911 2623 9146 8155 4489
4489
False
False
8
False
9
False
False
9
7330 4911 2623 9146 8155 4489 2043 9582 9062 5086
6392
2043
7
2043
6
False
7
7330 4911 2623 9146 8155 4489 2942
False
False
4489
False
6
False
False
False
8
4271
4271
7732
False
7330 4911 2623 9146 8155 6312 5679 8960 4271 7732
6724
9
7330 4911 2623 9146 8155 6312 5679 8960 4271
False
False
False
4870
False
8
7330 4911 2623 9146 8155 6312 5679 4870
8
False
7
8
False
7759
False
9
False
False
False
7759
7330 4911 2623 9146 8155 6312 5915 2679 7759
2679
8
7330 4911 2623 9146 8155 6312 5915 2679 4079
2679
False
False
False
6507
7330 4911 2623 9146 8155 6312 5915 2679
8
False
8
False
False
7330 4911 2623 9146 8155 6312 5915 9618
7330 4911 2623 9146 8155 6312 5915 9618 4824
7330 4911 2623 9146 8155 6312 5915
False
7330 4911 2623 9146 8155 6312 9587
10
False
False
6312
False
6312
False
False
False
1942
7330 4911 2623 9146 8155 6312 1942
False
8
7
7
False
False
7330 4911 2623 9146 8155 6312 1942 2394
False
False
7330 4911 2623 8017 5144
False
5144
False
5
7330 4911 2623 8017 3072
False
3072
3072
7330 4911 2623 8017 3072
False
7330 4911 2623 8017 3072
False
False
4
True
0
False
0
Empty
Empty

2
4362
False
False
343 4464 4362
343 4464
False
3
4464
False
2
True
0

Empty
Empty
Empty
False

3004
3004 5660 9466
False
False
False
3004
0
True
True
True
Empty
Empty
False
False
False

False
304
304
False
0
Empty
7861
7861 6525
6525
2
7861
2
False
7861 3044
1
False
1
False
6537 6731
2
False
6731
Empty
0
False
False
False
2
2
9382 5987
False
3308
False
5
5
False
3
4
False
2
False
False
3
6063
9382 5987
Empty
True
Empty
0

1
1
1
9001
False
9001 7257

True
4522
False
Empty
False
3
4
False
734
4
False
5
1141 7345 1945 7064 2049
2049
False
4333
5942
1141 7345 1945 7064 2049 5942
False
False
False
False
8622
8
False
8
9
1141 7345 1945 7064 2049 5942 7190 1174 6912
1141 7345 1945 7064 2049 5942 7190 1174 6912
False
9
False
False
1141 7345 1945 7064 2049 5942 7190 1174 6912
9
False
9
False
False
False
False
9
5035
8
False
7190
False
1141 7345 1945 7064 2049 5942
False
2906
2906
6
False
False
6
False
False
1141 7345 1945 7064 2049 8760 7344
1141 7345 1945 7064 2049 8760 7344
False
False
1141 7345 1945 7064 2049
False
1141 7345 1945 7064 2049
False
616
616
6
7064
False
False
7064
False
False
1141 7345 1945 6989
1856
5
1141 7345 1945 6989 1856
False
6
9177
2521
2521
1141 7345 1945 6989 2294
3
False
False
False
False
False
1
True

False

5785
True
True
Empty
5739
False
False
False
2
False
False
1
6115
5739 579 6115
5739 579 6115
5739
214
False
5739 214
2
3649
False
5739 214 3649 4919 1501 4208
6
3253
9
9
6397
9
5739 214 3649 4919 1501 4208 3253 9164 6397 9884 6515
5739 214 3649 4919 1501 4208 3253 9164 6397 9884 6515
5739 214 3649 4919 1501 4208 3253 9164 6397 9884 6515
False
6515
9667
False
False
3039
5739 214 3649 4919 1501 4208 3253 9164 6397 9884 6515 3039
12
False
6193
False
False
False
False
3865
8436
False
3865
False
False
5739 214 3649 4919 1501 4208 3253 9164 6397 9884 6515 3039 6193
12
False
13
False
11
False
5739 214 3649 4919 1501 4208 3253 9164 6397 9884 6515
6515
7649
False
False
False
7916
7916
False
False
11
3590
10
False
10
False
9718
12
9718
5739 214 3649 4919 1501 4208 3253 9164 3005 1631 6418 346 7848
346
346
12
5739 214 3649 4919 1501 4208 3253 9164 3005 1631 6418 5567
False
False
1278
5739 214 3649 4919 1501 4208 3253 9164 3005 1631 6418 5567 3365 9259
False
5739 214 3649 4919 1501 4208 3253 9164 3005 1631 6418 5567 3365 9259
False
False
5739 214 3649 4919 1501 4208 3253 9164 3005 1631 6418 5567 3365 9259
False
9259
5739 214 3649 4919 1501 4208 3253 9164 3005 1631 6418 5567 3365 9259
False
14
13
14
3365
3365
5739 214 3649 4919 1501 4208 3253 9164 3005 1631 6418 5567 3365
3365
False
5739 214 3649 4919 1501 4208 3253 9164 3005 1631 6418 5567 3365
14
5739 214 3649 4919 1501 4208 3253 9164 3005 1631 6418 5567
False
5739 214 3649 4919 1501 4208 3253 9164 3005 1631 6418 5567
12
5567
13
False
False
1219
False
18
6671
16
6788
False
False
1734
1734
5739 214 3649 4919 1501 4208 3253 9164 3005 1631 6418 5567 9395 5214 7478 1734
False
False
17
5214
5739 214 3649 4919 1501 4208 3253 9164 3005 1631 6418 5567 9395 5214
False
15
5739 214 3649 4919 1501 4208 3253 9164 3005 1631 6418 5567 9395 5214 8950
5739 214 3649 4919 1501 4208 3253 9164 3005 1631 6418 5567 9395
False
5739 214 3649 4919 1501 4208 3253 9164 3005 1631 6418 5567 9395
8620
False
False
5568
5568
False
11
5739 214 3649 4919 1501 4208 3253 9164 3005 1631 6418
11
False
False
False
False
5739 214 3649 4919 1501 4208 3253 9164 3005 1631
5739 214 3649 4919 1501 4208 3253 9164 3005
False
False
False
5739 214 3649 4919 1501 4208 4530
5739 214 3649 4919 1501 4208 4530 6806 8859
9017
False
5739 214 3649 4919 1501 4208 4530 6806 8859 7206 9017
False
11
False
False
False
False
8939
False
False
8939
8939
False
False
156
False
False
12
11
False
11
5739 214 3649 4919 1501 4208 4530 6806 8859 7206 8939
False
False
858
False
858
11
9581
11
6806
7
8
False
4530
7
False
7
4530
False
False
5739 214 3649 4919 1501 4208 4530
7
8
8
5739 214 3649 4919 1501 4208 4530 1787 6914
6914
False
5739 214 3649 4919 1501 4208 4530
5739 214 3649 4919 1501 9496
5739 214 3649 4919 1501 3150
False
1468
9
9
False
9
5739 214 3649 4919 1501 3150 1468 9704 2407
5739 214 3649 4919 1501 3150 1468 9704
False
5739 214 3649 4919 1501 3150 1468
False
7
False
5739 214 3649 4919 1501
False
False
False
5739 214 3649 4919 1501
5739 214
False
False
False
8538
1
2
False
4333
False
5
False
6
8538 7098 4333 4749 5004 9081
922
False
False
922
3596
8004
False
8538 7098 4333 4749 5004 9081 4240 8004 8921 6529 2012 860
860
False
5159
False
13
13
13
14
1774
False
8538 7098 4333 4749 5004 9081 4240 8004 8921 6529 2012 7766 8665 6706
8538 7098 4333 4749 5004 9081 4240 8004 8921 6529 2012 7766 8665 6706 9574 5081
False
18
8538 7098 4333 4749 5004 9081 4240 8004 8921 6529 2012 7766 8665 6706 9574 5081 6823 3338
6823
18
False
8929
19
7496
False
False
False
17
7496
8538 7098 4333 4749 5004 9081 4240 8004 8921 6529 2012 7766 8665 6706 9574 5081
8538 7098 4333 4749 5004 9081 4240 8004 8921 6529 2012 7766 8665 6706 9574 5081
False
1620
17
5304
18
17
1620
17
8538 7098 4333 4749 5004 9081 4240 8004 8921 6529 2012 7766 8665 6706 9574 5081
False
8538 7098 4333 4749 5004 9081 4240 8004 8921 6529 2012 7766 8665 6706 9574 5081
False
17
16
5100
False
False
8538 7098 4333 4749 5004 9081 4240 8004 8921 6529 2012 7766 8665 6706 9574 5081 5100 9241 1444
1670
21
False
8538 7098 4333 4749 5004 9081 4240 8004 8921 6529 2012 7766 8665 6706 9574 5081 5100 9241 1444 3348
False
False
22
False
22
8538 7098 4333 4749 5004 9081 4240 8004 8921 6529 2012 7766 8665 6706 9574 5081 5100 9241 1444 3348 8660 2399
8538 7098 4333 4749 5004 9081 4240 8004 8921 6529 2012 7766 8665 6706 9574 5081 5100 9241 1444 3348
False
False
False
1444
False
False
False
8538 7098 4333 4749 5004 9081 4240 8004 8921 6529 2012 7766 8665 6706 9574 5081 5100 6102
False
8538 7098 4333 4749 5004 9081 4240 8004 8921 6529 2012 7766 8665 6706 9574 5081
False
False
8538 7098 4333 4749 5004 9081 4240 8004 8921 6529 2012 7766 8665
False
12
False
8538 7098 4333 4749 5004 9081 4240 8004 8921 6529 2012 7766 5240
False
7766
False
214
False
False
8538 7098 4333 4749 5004 9081 4240 8004 8921 6529 2012 7766
False
False
8538 7098 4333 4749 5004 9081 4240 8004 8921 6529 2012 7766 1765 3115
3115
False
8538 7098 4333 4749 5004 9081 4240 8004 8921 6529 2012 7766 1765 3115
False
False
3101
8538 7098 4333 4749 5004 9081 4240 8004 8921 6529 2012 7766 1765 3101
False
False
8538 7098 4333 4749 5004 9081 4240 8004 8921 6529 2012 7766 1765 3101 1151
False
3631
1151
False
17
18
8538 7098 4333 4749 5004 9081 4240 8004 8921 6529 2012 7766 1765 3101 1151 2904 1513 4691
18
False
8538 7098 4333 4749 5004 9081 4240 8004 8921 6529 2012 7766 1765 3101 1151 2904 1513 4691
4691
18
4691
False
1513
False
False
8538 7098 4333 4749 5004 9081 4240 8004 8921 6529 2012 7766 1765 3101 1151 2904 1513 4459
8538 7098 4333 4749 5004 9081 4240 8004 8921 6529 2012 7766 1765 3101 1151 6605 7528
8538 7098 4333 4749 5004 9081 4240 8004 8921 6529 2012 7766 1765 3101 1151 6605 1164 9016
6305
17
17
8538 7098 4333 4749 5004 9081 4240 8004 8921 6529 2012 7766 1765 3101 1151 6605
8538 7098 4333 4749 5004 9081 4240 8004 8921 6529 2012 7766 1765 3101 1151 6605 3601
8538 7098 4333 4749 5004 9081 4240 8004 8921 6529 2012 7766 1765 3101 1151 6605 3601
3601
8338
8538 7098 4333 4749 5004 9081 4240 8004 8921 6529 2012 7766 1765 3101 1151 6605 3601 8338
False
17
False
False
False
8538 7098 4333 4749 5004 9081 4240 8004 8921 6529 2012 7766 1765 3101 1151 6605
16
6605
1151
1151
2164
20
False
8538 7098 4333 4749 5004 9081 4240 8004 8921 6529 2012 7766 1765 3101 1151 7178 4360 4014 4825 7766
False
False
False
False
False
8538 7098 4333 4749 5004 9081 4240 8004 8921 6529 2012 7766 1765 3101 1151 7178 4360 4014
False
False
8538 7098 4333 4749 5004 9081 4240 8004 8921 6529 2012 7766 1765 3101 1151 7178 4360 4014 4964 1263
False
False
False
False
3342
20
8538 7098 4333 4749 5004 9081 4240 8004 8921 6529 2012 7766 1765 3101 1151 7178 4360 4014 4964 3342
False
20
False
21
8538 7098 4333 4749 5004 9081 4240 8004 8921 6529 2012 7766 1765 3101 1151 7178 4360 4014 4964 3342 4364 9724 5653 8932 4088 323
8932
24
8538 7098 4333 4749 5004 9081 4240 8004 8921 6529 2012 7766 1765 3101 1151 7178 4360 4014 4964 3342 4364 9724 5653 8932 3254 7006
7006
False
False
1373
False
31
False
9940
31
False
31
False
3131
False
8538 7098 4333 4749 5004 9081 4240 8004 8921 6529 2012 7766 1765 3101 1151 7178 4360 4014 4964 3342 4364 9724 5653 8932 3254 7006 5404 9937 9488 1373 9940 3131
31
False
False
8538 7098 4333 4749 5004 9081 4240 8004 8921 6529 2012 7766 1765 3101 1151 7178 4360 4014 4964 3342 4364 9724 5653 8932 3254 7006 5404 9937 9488 1373 9940
False
False
False
False
False
29
9488
False
False
8538 7098 4333 4749 5004 9081 4240 8004 8921 6529 2012 7766 1765 3101 1151 7178 4360 4014 4964 3342 4364 9724 5653 8932 3254 7006 5404 9937 9822 3287
False
8538 7098 4333 4749 5004 9081 4240 8004 8921 6529 2012 7766 1765 3101 1151 7178 4360 4014 4964 3342 4364 9724 5653 8932 3254 7006 5404 9937 9822 3287
31
32
8538 7098 4333 4749 5004 9081 4240 8004 8921 6529 2012 7766 1765 3101 1151 7178 4360 4014 4964 3342 4364 9724 5653 8932 3254 7006 5404 9937 9822 3287 715 6546
False
33
9420
9420
8538 7098 4333 4749 5004 9081 4240 8004 8921 6529 2012 7766 1765 3101 1151 7178 4360 4014 4964 3342 4364 9724 5653 8932 3254 7006 5404 9937 9822 3287 715 6546 9420
False
31
8538 7098 4333 4749 5004 9081 4240 8004 8921 6529 2012 7766 1765 3101 1151 7178 4360 4014 4964 3342 4364 9724 5653 8932 3254 7006 5404 9937 9822 3287 715
False
False
False
False
False
False
False
8538 7098 4333 4749 5004 9081 4240 8004 8921 6529 2012 7766 1765 3101 1151 7178 4360 4014 4964 3342 4364 9724 5653 8932 3254 7006 5404 9937 9822 3287 715 8470 3808
6785
False
8538 7098 4333 4749 5004 9081 4240 8004 8921 6529 2012 7766 1765 3101 1151 7178 4360 4014 4964 3342 4364 9724 5653 8932 3254 7006 5404 9937 9822 3287 715 8470 3808 6785 7601
False
32
8538 7098 4333 4749 5004 9081 4240 8004 8921 6529 2012 7766 1765 3101 1151 7178 4360 4014 4964 3342 4364 9724 5653 8932 3254 7006 5404 9937 9822 3287 715 8470 6143
1803
1803
5360
36
36
False
36
False
8538 7098 4333 4749 5004 9081 4240 8004 8921 6529 2012 7766 1765 3101 1151 7178 4360 4014 4964 3342 4364 9724 5653 8932 3254 7006 5404 9937 9822 3287 715 8470 1803 7085 5360
False
3808
False
37
8538 7098 4333 4749 5004 9081 4240 8004 8921 6529 2012 7766 1765 3101 1151 7178 4360 4014 4964 3342 4364 9724 5653 8932 3254 7006 5404 9937 9822 3287 715 8470 1803 7085 5360 3808 9994
8538 7098 4333 4749 5004 9081 4240 8004 8921 6529 2012 7766 1765 3101 1151 7178 4360 4014 4964 3342 4364 9724 5653 8932 3254 7006 5404 9937 9822 3287 715 8470 1803 7085 5360 3808 9994
False
False
8538 7098 4333 4749 5004 9081 4240 8004 8921 6529 2012 7766 1765 3101 1151 7178 4360 4014 4964 3342 4364 9724 5653 8932 3254 7006 5404 9937 9822 3287 715 8470 1803 7085 5360 3808 7142
9175
8538 7098 4333 4749 5004 9081 4240 8004 8921 6529 2012 7766 1765 3101 1151 7178 4360 4014 4964 3342 4364 9724 5653 8932 3254 7006 5404 9937 9822 3287 715 8470 1803 7085 5360 3808 7142 5223
3808
8538 7098 4333 4749 5004 9081 4240 8004 8921 6529 2012 7766 1765 3101 1151 7178 4360 4014 4964 3342 4364 9724 5653 8932 3254 7006 5404 9937 9822 3287 715 8470 1803 7085 5360
False
False
False
False
3977
8538 7098 4333 4749 5004 9081 4240 8004 8921 6529 2012 7766 1765 3101 1151 7178 4360 4014 4964 3342 4364 9724 5653 8932 3254 7006 5404 9937 9822 3287 715 8470 1803 7085 5360 7795 3977
8538 7098 4333 4749 5004 9081 4240 8004 8921 6529 2012 7766 1765 3101 1151 7178 4360 4014 4964 3342 4364 9724 5653 8932 3254 7006 5404 9937 9822 3287 715 8470 1803 7085 5360 7795 3977
False
8538 7098 4333 4749 5004 9081 4240 8004 8921 6529 2012 7766 1765 3101 1151 7178 4360 4014 4964 3342 4364 9724 5653 8932 3254 7006 5404 9937 9822 3287 715 8470 1803 7085 5360 7795 3977
8538 7098 4333 4749 5004 9081 4240 8004 8921 6529 2012 7766 1765 3101 1151 7178 4360 4014 4964 3342 4364 9724 5653 8932 3254 7006 5404 9937 9822 3287 715 8470 1803 7085 5360 7795 3977 976
8538 7098 4333 4749 5004 9081 4240 8004 8921 6529 2012 7766 1765 3101 1151 7178 4360 4014 4964 3342 4364 9724 5653 8932 3254 7006 5404 9937 9822 3287 715 8470 1803 7085 5360 7795 3977 976 2176 8544
False
8538 7098 4333 4749 5004 9081 4240 8004 8921 6529 2012 7766 1765 3101 1151 7178 4360 4014 4964 3342 4364 9724 5653 8932 3254 7006 5404 9937 9822 3287 715 8470 1803 7085 5360 7795 3977 976 2176 8544 6241
41
False
8538 7098 4333 4749 5004 9081 4240 8004 8921 6529 2012 7766 1765 3101 1151 7178 4360 4014 4964 3342 4364 9724 5653 8932 3254 7006 5404 9937 9822 3287 715 8470 1803 7085 5360 7795 3977 976 2176 8544 9188
False
False
4377
44
False
8538 7098 4333 4749 5004 9081 4240 8004 8921 6529 2012 7766 1765 3101 1151 7178 4360 4014 4964 3342 4364 9724 5653 8932 3254 7006 5404 9937 9822 3287 715 8470 1803 7085 5360 7795 3977 976 2176 8544 9188 9226 4377 2177
4377
8538 7098 4333 4749 5004 9081 4240 8004 8921 6529 2012 7766 1765 3101 1151 7178 4360 4014 4964 3342 4364 9724 5653 8932 3254 7006 5404 9937 9822 3287 715 8470 1803 7085 5360 7795 3977 976 2176 8544 9188 9226 4377
False
False
8538 7098 4333 4749 5004 9081 4240 8004 8921 6529 2012 7766 1765 3101 1151 7178 4360 4014 4964 3342 4364 9724 5653 8932 3254 7006 5404 9937 9822 3287 715 8470 1803 7085 5360 7795 3977 976 2176 8544 9188 9226 975
False
4258
4258
44
975
9226
8538 7098 4333 4749 5004 9081 4240 8004 8921 6529 2012 7766 1765 3101 1151 7178 4360 4014 4964 3342 4364 9724 5653 8932 3254 7006 5404 9937 9822 3287 715 8470 1803 7085 5360 7795 3977 976 2176 8544 9188
False
40
False
37
3476
False
5360
8538 7098 4333 4749 5004 9081 4240 8004 8921 6529 2012 7766 1765 3101 1151 7178 4360 4014 4964 3342 4364 9724 5653 8932 3254 7006 5404 9937 9822 3287 715 8470 1803 7085 5360
8538 7098 4333 4749 5004 9081 4240 8004 8921 6529 2012 7766 1765 3101 1151 7178 4360 4014 4964 3342 4364 9724 5653 8932 3254 7006 5404 9937 9822 3287 715 8470 1803 7085 5360
False
5360
False
1803
8538 7098 4333 4749 5004 9081 4240 8004 8921 6529 2012 7766 1765 3101 1151 7178 4360 4014 4964 3342 4364 9724 5653 8932 3254 7006 5404 9937 9822 3287 715 8470 1803
False
34
False
8538 7098 4333 4749 5004 9081 4240 8004 8921 6529 2012 7766 1765 3101 1151 7178 4360 4014 4964 3342 4364 9724 5653 8932 3254 7006 5404 9937 9822 3287 715 8470 1803 3631
32
False
8538 7098 4333 4749 5004 9081 4240 8004 8921 6529 2012 7766 1765 3101 1151 7178 4360 4014 4964 3342 4364 9724 5653 8932 3254 7006 5404 9937 9822 3287 715 8470
False
False
8538 7098 4333 4749 5004 9081 4240 8004 8921 6529 2012 7766 1765 3101 1151 7178 4360 4014 4964 3342 4364 9724 5653 8932 3254 7006 5404 9937 9822 4157 7062
7062
31
32
8538 7098 4333 4749 5004 9081 4240 8004 8921 6529 2012 7766 1765 3101 1151 7178 4360 4014 4964 3342 4364 9724 5653 8932 3254 7006 5404 9937 9822 4157 7062 6450
7062
False
30
False
8538 7098 4333 4749 5004 9081 4240 8004 8921 6529 2012 7766 1765 3101 1151 7178 4360 4014 4964 3342 4364 9724 5653 8932 3254 7006 5404 9937 6946
False
False
8122
8538 7098 4333 4749 5004 9081 4240 8004 8921 6529 2012 7766 1765 3101 1151 7178 4360 4014 4964 3342 4364 9724 5653 8932 3254 7006 5404 8122
8538 7098 4333 4749 5004 9081 4240 8004 8921 6529 2012 7766 1765 3101 1151 7178 4360 4014 4964 3342 4364 9724 5653 8932 3254 7006 5404 8122
8538 7098 4333 4749 5004 9081 4240 8004 8921 6529 2012 7766 1765 3101 1151 7178 4360 4014 4964 3342 4364 9724 5653 8932 3254
3254
3254
3254
8538 7098 4333 4749 5004 9081 4240 8004 8921 6529 2012 7766 1765 3101 1151 7178 4360 4014 4964 3342 4364 9724 5653 8932
1192
25
False
False
26
1192
False
35
False
False
False
35
35
35
False
False
8538 7098 4333 4749 5004 9081 4240 8004 8921 6529 2012 7766 1765 3101 1151 7178 4360 4014 4964 3342 4364 9724 4117 2460 8065
8538 7098 4333 4749 5004 9081 4240 8004 8921 6529 2012 7766 1765 3101 1151 7178 4360 4014 4964 3342 4364 9724 4117 2460 8065
24
24
False
False
False
8790
26
8538 7098 4333 4749 5004 9081 4240 8004 8921 6529 2012 7766 1765 3101 1151 7178 4360 4014 4964 3342 4364 9724 4117 5205 8439 8790 5632 4100 341
29
False
8538 7098 4333 4749 5004 9081 4240 8004 8921 6529 2012 7766 1765 3101 1151 7178 4360 4014 4964 3342 4364 9724 4117 5205 8439 8790 5632 4100 6089
False
8538 7098 4333 4749 5004 9081 4240 8004 8921 6529 2012 7766 1765 3101 1151 7178 4360 4014 4964 3342 4364 9724 4117 5205 8439 8790 5632 4100 1115
False
8538 7098 4333 4749 5004 9081 4240 8004 8921 6529 2012 7766 1765 3101 1151 7178 4360 4014 4964 3342 4364 9724 4117 5205 8439 8790 5632
False
False
5632
8538 7098 4333 4749 5004 9081 4240 8004 8921 6529 2012 7766 1765 3101 1151 7178 4360 4014 4964 3342 4364 9724 4117 5205 8439 8790 5632
5632
False
8790
False
8538 7098 4333 4749 5004 9081 4240 8004 8921 6529 2012 7766 1765 3101 1151 7178 4360 4014 4964 3342 4364 9724 4117 5205 8439 8790
False
8538 7098 4333 4749 5004 9081 4240 8004 8921 6529 2012 7766 1765 3101 1151 7178 4360 4014 4964 3342 4364 9724 4117 5205 8439
False
9724
False
8538 7098 4333 4749 5004 9081 4240 8004 8921 6529 2012 7766 1765 3101 1151 7178 4360 4014 4964 3342 4364 9724
False
False
905
24
False
False
False
6247
6247
26
False
27
False
7236
False
27
False
False
8538 7098 4333 4749 5004 9081 4240 8004 8921 6529 2012 7766 1765 3101 1151 7178 4360 4014 4964 3342 4364 9724 9043 9763 2769 6247
False
26
False
8538 7098 4333 4749 5004 9081 4240 8004 8921 6529 2012 7766 1765 3101 1151 7178 4360 4014 4964 3342 4364 9724 9043 9763 4931
8538 7098 4333 4749 5004 9081 4240 8004 8921 6529 2012 7766 1765 3101 1151 7178 4360 4014 4964 3342 742 8987
8987
24
False
False
2547
8538 7098 4333 4749 5004 9081 4240 8004 8921 6529 2012 7766 1765 3101 1151 7178 4360 4014 4964 3342 742
21
8538 7098 4333 4749 5004 9081 4240 8004 8921 6529 2012 7766 1765 3101 1151 7178 4360 4014 4964 3342 742
742
7550
21
8538 7098 4333 4749 5004 9081 4240 8004 8921 6529 2012 7766 1765 3101 1151 7178 4360 4014 4964
8538 7098 4333 4749 5004 9081 4240 8004 8921 6529 2012 7766 1765 3101 1151 7178 4360 4014 4964
False
False
False
False
False
17
False
18
8538 7098 4333 4749 5004 9081 4240 8004 8921 6529 2012 7766 1765 3101 1151 7178 4360 4980
8538 7098 4333 4749 5004 9081 4240 8004 8921 6529 2012 7766 1765 3101 1151 7178 4360 4980
False
5038
4200
False
8538 7098 4333 4749 5004 9081 4240 8004 8921 6529 2012 7766 1765 3101 1151 7178 4360 4980 7197 5038 4200
False
False
False
False
False
6118
False
8538 7098 4333 4749 5004 9081 4240 8004 8921 6529 2012 7766 1765 3101 1151 7178 4360 4980 7197 5038 4200 6103 1072 8526 6118
8538 7098 4333 4749 5004 9081 4240 8004 8921 6529 2012 7766 1765 3101 1151 7178 4360 4980 7197 5038 4200 6103 1072 8526 6118
6118
25
25
8538 7098 4333 4749 5004 9081 4240 8004 8921 6529 2012 7766 1765 3101 1151 7178 4360 4980 7197 5038 4200 6103 1072 8526
False
3889
False
False
False
3105
8538 7098 4333 4749 5004 9081 4240 8004 8921 6529 2012 7766 1765 3101 1151 7178 4360 4980 7197 5038 4200 6103 1072 5363
8538 7098 4333 4749 5004 9081 4240 8004 8921 6529 2012 7766 1765 3101 1151 7178 4360 4980 7197 5038 4200 6103 1072 5363
1111
1111
False
False
5363
False
5363
False
False
False
8538 7098 4333 4749 5004 9081 4240 8004 8921 6529 2012 7766 1765 3101 1151 7178 4360 4980 7197 5038 4200 6103 1072 8878 9134
False
8538 7098 4333 4749 5004 9081 4240 8004 8921 6529 2012 7766 1765 3101 1151 7178 4360 4980 7197 5038 4200 6103 1072 8878 9134 9901
False
8538 7098 4333 4749 5004 9081 4240 8004 8921 6529 2012 7766 1765 3101 1151 7178 4360 4980 7197 5038 4200 6103 1072 8878 9134
False
8121
False
8538 7098 4333 4749 5004 9081 4240 8004 8921 6529 2012 7766 1765 3101 1151 7178 4360 4980 7197 5038 4200 6103 1072 8878 8121 2358
False
False
False
8538 7098 4333 4749 5004 9081 4240 8004 8921 6529 2012 7766 1765 3101 1151 7178 4360 4980 7197 5038 4200 6103 1072 8878 8121
8469
8538 7098 4333 4749 5004 9081 4240 8004 8921 6529 2012 7766 1765 3101 1151 7178 4360 4980 7197 5038 4200 6103 1072 8878 9769 3265 5329
False
5329
False
5329
8538 7098 4333 4749 5004 9081 4240 8004 8921 6529 2012 7766 1765 3101 1151 7178 4360 4980 7197 5038 4200 6103 1072 8878 9769 3265 5329 862
3644
3644
8538 7098 4333 4749 5004 9081 4240 8004 8921 6529 2012 7766 1765 3101 1151 7178 4360 4980 7197 5038 4200 6103 1072 8878 9769 3265 3644
27
25
8878
False
1072
False
23
2773
8538 7098 4333 4749 5004 9081 4240 8004 8921 6529 2012 7766 1765 3101 1151 7178 4360 4980 7197 5038 4200 6103 1652
False
8538 7098 4333 4749 5004 9081 4240 8004 8921 6529 2012 7766 1765 3101 1151 7178 4360 4980 7197 5038 4200 2955 4462
False
False
8538 7098 4333 4749 5004 9081 4240 8004 8921 6529 2012 7766 1765 3101 1151 7178 4360 4980 7197 5038 4200 2955 4462 1442 2062 7282
26
7282
2062
25
4462
21
False
8445
8538 7098 4333 4749 5004 9081 4240 8004 8921 6529 2012 7766 1765 3101 1151 7178 4360 4980 7197 8445
8445
8538 7098 4333 4749 5004 9081 4240 8004 8921 6529 2012 7766 1765 3101 1151 7178 4360 4980 7197
False
8538 7098 4333 4749 5004 9081 4240 8004 8921 6529 2012 7766 1765 3101 1151 7178 4360 4980 7197 2289
False
18
9417
9417
8538 7098 4333 4749 5004 9081 4240 8004 8921 6529 2012 7766 1765 3101 1151 7178 4360 4197 3522 1273 550
550
1698
3522
False
3522
False
8538 7098 4333 4749 5004 9081 4240 8004 8921 6529 2012 7766 1765 3101 1151 7178 4360 4197
18
18
False
8538 7098 4333 4749 5004 9081 4240 8004 8921 6529 2012 7766 1765 3101 1151 7178 4360 4197 7870 4187
20
False
False
False
20
19
8538 7098 4333 4749 5004 9081 4240 8004 8921 6529 2012 7766 1765 3101 1151 7178 4360 4197 6921 9904
8538 7098 4333 4749 5004 9081 4240 8004 8921 6529 2012 7766 1765 3101 1151 7178 4360 4197 6921
False
8538 7098 4333 4749 5004 9081 4240 8004 8921 6529 2012 7766 1765 3101 1151 7178 4360 4197 6921 5504
False
5802
False
False
8538 7098 4333 4749 5004 9081 4240 8004 8921 6529 2012 7766 1765 3101 1151 7178 4360 4197 6921 5504 8175
False
21
False
False
False
3507
False
False
False
False
22
9743
8538 7098 4333 4749 5004 9081 4240 8004 8921 6529 2012 7766 1765 3101 1151 7178 4360 4197 7841 7619 8451 9743
False
8538 7098 4333 4749 5004 9081 4240 8004 8921 6529 2012 7766 1765 3101 1151 7178 4360 4197 7841 7619 8451 9743 4662
8538 7098 4333 4749 5004 9081 4240 8004 8921 6529 2012 7766 1765 3101 1151 7178 4360 4197 7841 7619 8451 9743 4662 6318 3834
False
False
3173
False
False
False
False
8538 7098 4333 4749 5004 9081 4240 8004 8921 6529 2012 7766 1765 3101 1151 7178 4360 4197 7841 7619 8451 9743 4662 6318
8538 7098 4333 4749 5004 9081 4240 8004 8921 6529 2012 7766 1765 3101 1151 7178 4360 4197 7841 7619 8451 9743 4662 6318
1360
False
False
22
23
False
False
3889
3889
False
28
929
27
27
8538 7098 4333 4749 5004 9081 4240 8004 8921 6529 2012 7766 1765 3101 1151 7178 4360 4197 7841 7619 8451 9743 8096 9775 3889 9237 6738
False
False
False
25
8538 7098 4333 4749 5004 9081 4240 8004 8921 6529 2012 7766 1765 3101 1151 7178 4360 4197 7841 7619 8451 9743 8096 9775 5800 2357
8538 7098 4333 4749 5004 9081 4240 8004 8921 6529 2012 7766 1765 3101 1151 7178 4360 4197 7841 7619 8451 9743 8096 9775 5800 2357 6866
False
26
False
False
False
1066
False
22
False
9743
22
8538 7098 4333 4749 5004 9081 4240 8004 8921 6529 2012 7766 1765 3101 1151 7178 4360 4197 7841 7619 8451 9743
8538 7098 4333 4749 5004 9081 4240 8004 8921 6529 2012 7766 1765 3101 1151 7178 4360 4197 7841
False
7841
8538 7098 4333 4749 5004 9081 4240 8004 8921 6529 2012 7766 1765 3101 1151 7178 4360 4197 7841 8962
False
False
False
20
False
8538 7098 4333 4749 5004 9081 4240 8004 8921 6529 2012 7766 1765 3101 1151 7178 4360 4197 7841
8538 7098 4333 4749 5004 9081 4240 8004 8921 6529 2012 7766 1765 3101 1151 7178 4360 4197
8538 7098 4333 4749 5004 9081 4240 8004 8921 6529 2012 7766 1765 3101 1151 7178 4360 4197
18
False
18
False
16
False
16
False
8538 7098 4333 4749 5004 9081 4240 8004 8921 6529 2012 7766 1765 3101 1151 7178 4185
False
4185
7178
7178
16
8538 7098 4333 4749 5004 9081 4240 8004 8921 6529 2012 7766 1765 3101 1151 7178
False
False
8538 7098 4333 4749 5004 9081 4240 8004 8921 6529 2012 7766 1765 3101 2615
False
False
False
False
8538 7098 4333 4749 5004 9081 4240 8004 8921 6529 2012 7766 1765 3101 2615 2380 2863 1299
17
False
8538 7098 4333 4749 5004 9081 4240 8004 8921 6529 2012 7766 1765 3101 2615 2380 2863 6569
17
9837
False
8538 7098 4333 4749 5004 9081 4240 8004 8921 6529 2012 7766 1765 3101 2615 6581 4849
5586
18
18
False
False
8538 7098 4333 4749 5004 9081 4240 8004 8921 6529 2012 7766 1765 3101 2615 6581 4849 6570
8538 7098 4333 4749 5004 9081 4240 8004 8921 6529 2012 7766 1765 3101 2615 6581 4849 6570
False
False
False
False
2814
8538 7098 4333 4749 5004 9081 4240 8004 8921 6529 2012 7766 1765 3101 2615 6581 4849 58 2814 3105
8538 7098 4333 4749 5004 9081 4240 8004 8921 6529 2012 7766 1765 3101 2615 6581 4849 58 2814 3105 9959
False
8538 7098 4333 4749 5004 9081 4240 8004 8921 6529 2012 7766 1765 3101 2615 6581 4849 58 2814 3105 9959
9959
21
False
False
23
8538 7098 4333 4749 5004 9081 4240 8004 8921 6529 2012 7766 1765 3101 2615 6581 4849 58 2814 3105 9959 9303
8538 7098 4333 4749 5004 9081 4240 8004 8921 6529 2012 7766 1765 3101 2615 6581 4849 58 2814 3105 9959 9303
22
False
False
24
False
False
21
8538 7098 4333 4749 5004 9081 4240 8004 8921 6529 2012 7766 1765 3101 2615 6581 4849 58 2814 3105 9959
8538 7098 4333 4749 5004 9081 4240 8004 8921 6529 2012 7766 1765 3101 2615 6581 4849 58 2814 3105 9959 3299 369 2787
False
23
False
369
23
369
25
8538 7098 4333 4749 5004 9081 4240 8004 8921 6529 2012 7766 1765 3101 2615 6581 4849 58 2814 3105 9959 3299 369 7482 3498 1622
False
8538 7098 4333 4749 5004 9081 4240 8004 8921 6529 2012 7766 1765 3101 2615 6581 4849 58 2814 3105 9959 3299 369 7482 3498
False
False
25
3498
26
False
25
False
False
8538 7098 4333 4749 5004 9081 4240 8004 8921 6529 2012 7766 1765 3101 2615 6581 4849 58 2814 3105 9959 3299 369
False
3299
5564
22
8538 7098 4333 4749 5004 9081 4240 8004 8921 6529 2012 7766 1765 3101 2615 6581 4849 58 2814 3105 9959 5564
False
8538 7098 4333 4749 5004 9081 4240 8004 8921 6529 2012 7766 1765 3101 2615 6581 4849 58 2814 3105 9959 5564 1606 6959 1692
8538 7098 4333 4749 5004 9081 4240 8004 8921 6529 2012 7766 1765 3101 2615 6581 4849 58 2814 3105 9959 5564 1606 6959 1692 5292
False
False
29
28
8538 7098 4333 4749 5004 9081 4240 8004 8921 6529 2012 7766 1765 3101 2615 6581 4849 58 2814 3105 9959 5564 1606 6959 1692 5292 5415
27
False
False
5415
27
8538 7098 4333 4749 5004 9081 4240 8004 8921 6529 2012 7766 1765 3101 2615 6581 4849 58 2814 3105 9959 5564 1606 6959 1692 5292 5415
False
27
27
8538 7098 4333 4749 5004 9081 4240 8004 8921 6529 2012 7766 1765 3101 2615 6581 4849 58 2814 3105 9959 5564 1606 6959 1692 5292 5415 7263 7012 6779
False
False
8538 7098 4333 4749 5004 9081 4240 8004 8921 6529 2012 7766 1765 3101 2615 6581 4849 58 2814 3105 9959 5564 1606 6959 1692 5292 5415 7263 7012
False
31
8626
8538 7098 4333 4749 5004 9081 4240 8004 8921 6529 2012 7766 1765 3101 2615 6581 4849 58 2814 3105 9959 5564 1606 6959 1692 5292 5415 7263 7012 7461 4127 7974 8626
34
34
False
8538 7098 4333 4749 5004 9081 4240 8004 8921 6529 2012 7766 1765 3101 2615 6581 4849 58 2814 3105 9959 5564 1606 6959 1692 5292 5415 7263 7012 7461 4127 7974 8626
False
8538 7098 4333 4749 5004 9081 4240 8004 8921 6529 2012 7766 1765 3101 2615 6581 4849 58 2814 3105 9959 5564 1606 6959 1692 5292 5415 7263 7012 7461 4127 7974 8626 7067 9434
False
8538 7098 4333 4749 5004 9081 4240 8004 8921 6529 2012 7766 1765 3101 2615 6581 4849 58 2814 3105 9959 5564 1606 6959 1692 5292 5415 7263 7012 7461 4127 7974 8626 6012
8538 7098 4333 4749 5004 9081 4240 8004 8921 6529 2012 7766 1765 3101 2615 6581 4849 58 2814 3105 9959 5564 1606 6959 1692 5292 5415 7263 7012 7461 4127 7974 8626 6012
8626
False
8538 7098 4333 4749 5004 9081 4240 8004 8921 6529 2012 7766 1765 3101 2615 6581 4849 58 2814 3105 9959 5564 1606 6959 1692 5292 5415 7263
7263
False
5415
8538 7098 4333 4749 5004 9081 4240 8004 8921 6529 2012 7766 1765 3101 2615 6581 4849 58 2814 3105 9959 5564 1606 6959 1692 5292 5415
False
7711
3758
False
27
789
789
8538 7098 4333 4749 5004 9081 4240 8004 8921 6529 2012 7766 1765 3101 2615 6581 4849 58 2814 3105 9959 5564 1606 6959 1692 5292 789
27
26
False
5292
8538 7098 4333 4749 5004 9081 4240 8004 8921 6529 2012 7766 1765 3101 2615 6581 4849 58 2814 3105 9959 5564 1606 6959 1692 5292 1503
False
False
8538 7098 4333 4749 5004 9081 4240 8004 8921 6529 2012 7766 1765 3101 2615 6581 4849 58 2814 3105 9959 5564 1606 6959 1692 5292
25
24
False
566
False
False
24
6959
False
8538 7098 4333 4749 5004 9081 4240 8004 8921 6529 2012 7766 1765 3101 2615 6581 4849 58 2814 3105 9959 5564 1606 8257
24
8538 7098 4333 4749 5004 9081 4240 8004 8921 6529 2012 7766 1765 3101 2615 6581 4849 58 2814 3105 9959 5564 1606
23
False
24
False
False
25
False
False
False
8538 7098 4333 4749 5004 9081 4240 8004 8921 6529 2012 7766 1765 3101 2615 6581 4849 58 2814 3105 9959 5564 1606 9362
24
8538 7098 4333 4749 5004 9081 4240 8004 8921 6529 2012 7766 1765 3101 2615 6581 4849 58 2814 3105 9959 5564 1606 9362
False
23
25
26
5467
26
8538 7098 4333 4749 5004 9081 4240 8004 8921 6529 2012 7766 1765 3101 2615 6581 4849 58 2814 3105 9959 5564 1606 8627 8834 5467 3736
8538 7098 4333 4749 5004 9081 4240 8004 8921 6529 2012 7766 1765 3101 2615 6581 4849 58 2814 3105 9959 5564 1606 8627 8834 5467 3736
False
28
False
8538 7098 4333 4749 5004 9081 4240 8004 8921 6529 2012 7766 1765 3101 2615 6581 4849 58 2814 3105 9959 5564 1606 8627 8834 5467 3736 3468
False
27
25
False
False
False
24
False
8538 7098 4333 4749 5004 9081 4240 8004 8921 6529 2012 7766 1765 3101 2615 6581 4849 58 2814 3105 9959 5564 5003 2037
False
5003
8538 7098 4333 4749 5004 9081 4240 8004 8921 6529 2012 7766 1765 3101 2615 6581 4849 58 2814 3105 9959 5564 5003 7838 7841
7838
8538 7098 4333 4749 5004 9081 4240 8004 8921 6529 2012 7766 1765 3101 2615 6581 4849 58 2814 3105 9959 5564 5003 7838
8538 7098 4333 4749 5004 9081 4240 8004 8921 6529 2012 7766 1765 3101 2615 6581 4849 58 2814 3105 9959 5564 5003 7838 754
8538 7098 4333 4749 5004 9081 4240 8004 8921 6529 2012 7766 1765 3101 2615 6581 4849 58 2814 3105 9959 5564 5003 7838 754
25
False
5603
26
5603
5603
1834
False
False
1435
8538 7098 4333 4749 5004 9081 4240 8004 8921 6529 2012 7766 1765 3101 2615 6581 4849 58 2814 3105 9959 5564 5003 7838 6637 5603 1834 1435
False
False
False
29
29
8538 7098 4333 4749 5004 9081 4240 8004 8921 6529 2012 7766 1765 3101 2615 6581 4849 58 2814 3105 9959 5564 5003 7838 6637 5603 1834 5605 9161
29
False
False
27
False
False
False
False
8538 7098 4333 4749 5004 9081 4240 8004 8921 6529 2012 7766 1765 3101 2615 6581 4849 58 2814 3105 9959 5564 5003 7838 6637 5603 9631
False
False
False
25
False
8538 7098 4333 4749 5004 9081 4240 8004 8921 6529 2012 7766 1765 3101 2615 6581 4849 58 2814 3105 9959 5564 5003 7838
5003
23
8538 7098 4333 4749 5004 9081 4240 8004 8921 6529 2012 7766 1765 3101 2615 6581 4849 58 2814 3105 9959 5564
19
18
8538 7098 4333 4749 5004 9081 4240 8004 8921 6529 2012 7766 1765 3101 2615 6581 4849
6581
False
110
False
False
21
False
4311
24
False
8538 7098 4333 4749 5004 9081 4240 8004 8921 6529 2012 7766 1765 3101 2615 6581 8457 9559 110 5708 9520 4311 4674 1502 3663
False
False
8538 7098 4333 4749 5004 9081 4240 8004 8921 6529 2012 7766 1765 3101 2615 6581 8457 9559 110 5708 9520 4311 4674 1502 6529
False
False
False
False
False
4311
False
False
False
8538 7098 4333 4749 5004 9081 4240 8004 8921 6529 2012 7766 1765 3101 2615 6581 8457 9559 110 5679 1633 7636
22
8538 7098 4333 4749 5004 9081 4240 8004 8921 6529 2012 7766 1765 3101 2615 6581 8457 9559 110 5679 1633 2441
8538 7098 4333 4749 5004 9081 4240 8004 8921 6529 2012 7766 1765 3101 2615 6581 8457 9559 110 5679 1633 2441 3209
1756
False
False
False
23
False
8538 7098 4333 4749 5004 9081 4240 8004 8921 6529 2012 7766 1765 3101 2615 6581 8457 9559 110 5679 2505 3074 3454
False
8538 7098 4333 4749 5004 9081 4240 8004 8921 6529 2012 7766 1765 3101 2615 6581 8457 9559 110 5679
8538 7098 4333 4749 5004 9081 4240 8004 8921 6529 2012 7766 1765 3101 2615 6581 8457 9559 110 5679
False
False
False
20
False
False
5975
False
23
False
8538 7098 4333 4749 5004 9081 4240 8004 8921 6529 2012 7766 1765 3101 2615 6581 8457 9559 110 5679 5975 844 5305 5780
24
False
False
2398
8645
25
False
8645
False
False
False
9590
5305
24
25
8538 7098 4333 4749 5004 9081 4240 8004 8921 6529 2012 7766 1765 3101 2615 6581 8457 9559 110 5679 5975 844 5305 1327 4790
False
False
844
False
844
False
24
8538 7098 4333 4749 5004 9081 4240 8004 8921 6529 2012 7766 1765 3101 2615 6581 8457 9559 110 5679 5975 844 2212 3926
False
4780
False
False
1177
8538 7098 4333 4749 5004 9081 4240 8004 8921 6529 2012 7766 1765 3101 2615 6581 8457 9559 110 5679 5975 844 2212 3926 4780 7993
26
26
26
26
6099
4780
8538 7098 4333 4749 5004 9081 4240 8004 8921 6529 2012 7766 1765 3101 2615 6581 8457 9559 110 5679 5975 844 2212 3926 4780
25
False
False
False
26
False
9758
25
False
3817
25
False
False
25
3817
25
8538 7098 4333 4749 5004 9081 4240 8004 8921 6529 2012 7766 1765 3101 2615 6581 8457 9559 110 5679 5975 844 2212 3926 3817
False
2212
844
8538 7098 4333 4749 5004 9081 4240 8004 8921 6529 2012 7766 1765 3101 2615 6581 8457 9559 110 5679 5975 844 8170
23
False
False
8538 7098 4333 4749 5004 9081 4240 8004 8921 6529 2012 7766 1765 3101 2615 6581 8457 9559 110
8538 7098 4333 4749 5004 9081 4240 8004 8921 6529 2012 7766 1765 3101 2615 6581 8457 9559
False
18
8457
False
18
17
False
6581
8538 7098 4333 4749 5004 9081 4240 8004 8921 6529 2012 7766 1765 3101 2615 6581
16
False
6581
8538 7098 4333 4749 5004 9081 4240 8004 8921 6529 2012 7766 1765 3101 2615 6581 1003 3749
3749
False
False
20
8538 7098 4333 4749 5004 9081 4240 8004 8921 6529 2012 7766 1765 3101 2615 6581 1003 3749 1108 3354
8538 7098 4333 4749 5004 9081 4240 8004 8921 6529 2012 7766 1765 3101 2615 6581 1003 3749 1108 3354
8538 7098 4333 4749 5004 9081 4240 8004 8921 6529 2012 7766 1765 3101 2615 6581 1003 3749 1108 3354
False
9116
False
False
8538 7098 4333 4749 5004 9081 4240 8004 8921 6529 2012 7766 1765 3101 2615 6581 1003 3749 1108 3354
20
3354
8538 7098 4333 4749 5004 9081 4240 8004 8921 6529 2012 7766 1765 3101 2615 6581 1003 3749 1108
6581
16
False
17
False
8538 7098 4333 4749 5004 9081 4240 8004 8921 6529 2012 7766 1765 3101 2615 5236
False
8538 7098 4333 4749 5004 9081 4240 8004 8921 6529 2012 7766 1765 3101 2615 5236
False
False
False
3101
8538 7098 4333 4749 5004 9081 4240 8004 8921 6529 2012 7766 1765 3101
8538 7098 4333 4749 5004 9081 4240 8004 8921 6529 2012 7766 1765 3101
1765
False
819
False
819
False
False
8538 7098 4333 4749 5004 9081 4240 8004 8921 6529 2012 7766 1765 5218
14
False
8538 7098 4333 4749 5004 9081 4240 8004 8921 6529 2012 7766 1765 5218
False
8538 7098 4333 4749 5004 9081 4240 8004 8921 6529 2012 7766 1765 5218
False
False
False
13
8538 7098 4333 4749 5004 9081 4240 8004 8921 6529 2012 7766
False
13
12
False
8538 7098 4333 4749 5004 9081 4240 8004 8921 6529 2012 1286
False
8246
8538 7098 4333 4749 5004 9081 4240 8004 8921 6529 2012 1286 8246
False
8538 7098 4333 4749 5004 9081 4240 8004 8921 6529 2012 1286
8538 7098 4333 4749 5004 9081 4240 8004 8921 6529 2012 1286
2012
False
False
9
8921
8921
False
8538 7098 4333 4749 5004 9081 4240 8004 8921
9
8538 7098 4333 4749 5004 9081 4240 8004
8004
8538 7098 4333 4749 5004 9081 4240 8004
False
8
8
False
8004
False
False
False
164
False
8004
8538 7098 4333 4749 5004 9081 4240
8
8
8
8538 7098 4333 4749 5004 9081 4240 8766 2005 6454
10
False
9
False
False
False
False
False
8538 7098 4333 4749 5004 9081
3626
8538 7098 4333 4749 5004 3626
False
5485
False
False
7941
False
False
5
False
False
5004
False
8538 7098 4333 4749
False
4333
False
2
False
False
False
7098
False
7998
2
2
False
7098
False
2
2
2
3
False
1950
False
False
False
4
4
8538 7098 1950 6105 9815
False
False
8538 7098 1950 6105
8538 7098 1950 6105
8538 7098 1950 6105
False
False
False
4456
8538 7098 1950 4042 4456 8405
7224
7224
4
8538 7098 1950 7224
False
4
3
False
8923
False
8538 7098 1950 7077
8538
False
3
7459
False
8538 8721
8538 8721
False
8721
8538 8721
2
False
8538 8721 4978 1167
False
False
8538 8721 4978 1969 6170
False
5
1969
4
8538 8721 4978 4647 4224
5
8538 8721 4978 4647 4224
4224
False
False
6
8538 8721 4978 4647 4224 8228 5642 8510 8776
8538 8721 4978 4647 4224 8228 5642 8510 8776
8538 8721 4978 4647 4224 8228 5642 8510 8776
12
False
8538 8721 4978 4647 4224 8228 5642 8510 8398 5858
9
False
11
10
10
False
191
8538 8721 4978 4647 4224 8228 5642 8510 8398 382 191 5434
False
12
8538 8721 4978 4647 4224 8228 5642 8510 8398 382 191
False
False
False
False
False
8538 8721 4978 4647 4224 8228 5642 8510 8398 382 6362 3191
False
False
12
False
8538 8721 4978 4647 4224 8228 5642 8510 8398 382 6362 1285 6731
13
14
6731
1478
12
8538 8721 4978 4647 4224 8228 5642 8510 8398 382 6362 1285
False
1285
False
8538 8721 4978 4647 4224 8228 5642 8510 8398 382 6362
11
8538 8721 4978 4647 4224 8228 5642 8510 8398 382 6362
10
False
8538 8721 4978 4647 4224 8228 5642 8510 8398
8398
8398
8398
11
False
False
4862
15
8952
8538 8721 4978 4647 4224 8228 5642 8510 8398 2184 3462 1150 8086 4862 5094 8952 9801
False
15
5094
8538 8721 4978 4647 4224 8228 5642 8510 8398 2184 3462 1150 8086 4862 5094
2888
16
16
False
17
False
False
8538 8721 4978 4647 4224 8228 5642 8510 8398 2184 3462 1150 8086 4862 5094 4478 3844 4288 5228 839 7882
False
839
5228
False
3545
False
False
False
18
18
18
3844
5094
8538 8721 4978 4647 4224 8228 5642 8510 8398 2184 3462 1150 8086 4862 5094
5694
18
False
False
18
19
19
False
False
3623
False
False
4862
8538 8721 4978 4647 4224 8228 5642 8510 8398 2184 3462 1150 8086
13
False
13
2158
False
2158
2158
False
16
8538 8721 4978 4647 4224 8228 5642 8510 8398 2184 3462 1150 762 4629 9720 2158 6490
6490
False
False
17
17
2242
1574
18
8538 8721 4978 4647 4224 8228 5642 8510 8398 2184 3462 1150 762 4629 9720 9459 1574 7132
False
False
1574
False
False
8538 8721 4978 4647 4224 8228 5642 8510 8398 2184 3462 1150 762 4629 9720 9459 1574 2159 4268 6685 3272 1134
22
False
8538 8721 4978 4647 4224 8228 5642 8510 8398 2184 3462 1150 762 4629 9720 9459 1574 2159 4268 6685 3272 554 472
False
2944
22
22
False
22
False
False
21
3272
False
3272
8538 8721 4978 4647 4224 8228 5642 8510 8398 2184 3462 1150 762 4629 9720 9459 1574 2159 4268 6685 3272
3272
False
6685
19
False
8538 8721 4978 4647 4224 8228 5642 8510 8398 2184 3462 1150 762 4629 9720 9459 1574 5928 9036
18
19
False
False
False
20
False
False
1574
8538 8721 4978 4647 4224 8228 5642 8510 8398 2184 3462 1150 762 4629 9720 9459 1574 1767
False
1767
18
False
8538 8721 4978 4647 4224 8228 5642 8510 8398 2184 3462 1150 762 4629 9720 9459 1574 7247
8538 8721 4978 4647 4224 8228 5642 8510 8398 2184 3462 1150 762 4629 9720 9459 1574 7247 7529
8538 8721 4978 4647 4224 8228 5642 8510 8398 2184 3462 1150 762 4629 9720 9459 1574
18
False
3939
False
False
18
False
8538 8721 4978 4647 4224 8228 5642 8510 8398 2184 3462 1150 762 4629 9720 9459 1574 4205 8079 6458
8538 8721 4978 4647 4224 8228 5642 8510 8398 2184 3462 1150 762 4629 9720 9459 1574 4205 8079 6458
20
6458
8538 8721 4978 4647 4224 8228 5642 8510 8398 2184 3462 1150 762 4629 9720 9459 1574 4205 8079 6458
20
6458
6458
8538 8721 4978 4647 4224 8228 5642 8510 8398 2184 3462 1150 762 4629 9720 9459 1574 4205 8079 6458
8538 8721 4978 4647 4224 8228 5642 8510 8398 2184 3462 1150 762 4629 9720 9459 1574 4205 8079 6458
False
False
20
False
False
20
False
False
20
9152
False
False
8538 8721 4978 4647 4224 8228 5642 8510 8398 2184 3462 1150 762 4629 9720 9459 1574 4205 8079 5665 1777
8538 8721 4978 4647 4224 8228 5642 8510 8398 2184 3462 1150 762 4629 9720 9459 1574 4205 8079 5665 1777
1777
False
False
8538 8721 4978 4647 4224 8228 5642 8510 8398 2184 3462 1150 762 4629 9720 9459 1574 4205 8079 5665
5665
8538 8721 4978 4647 4224 8228 5642 8510 8398 2184 3462 1150 762 4629 9720 9459 1574 4205 8079
False
False
False
False
1574
1574
False
False
False
False
False
15
False
9251
False
8538 8721 4978 4647 4224 8228 5642 8510 8398 2184 3462 1150 6001
False
False
8538 8721 4978 4647 4224 8228 5642 8510 8398 8169 319
False
12
8538 8721 4978 4647 4224 8228 5642 8510 8398 8169 319 8105
12
False
8538 8721 4978 4647 4224 8228 5642 8510 8398 8169 319 5742
5742
False
False
7502
False
False
14
7746
14
8538 8721 4978 4647 4224 8228 5642 8510 8398 7084 9640 2882 7730
8538 8721 4978 4647 4224 8228 5642 8510 8398 7084 9640 2882 7730 6742
15
False
8538 8721 4978 4647 4224 8228 5642 8510 8398 7084 9640 2882 7730 6742 2674 1831
False
False
8538 8721 4978 4647 4224 8228 5642 8510 8398 7084 9640 2882 7730 6742 2674 1831 3213 4412
8538 8721 4978 4647 4224 8228 5642 8510 8398 7084 9640 2882 7730 6742 2674 1831 3213 5010 5196
False
False
False
False
20
False
8538 8721 4978 4647 4224 8228 5642 8510 8398 7084 9640 2882 7730 6742 2674 1831 3213 5010
8538 8721 4978 4647 4224 8228 5642 8510 8398 7084 9640 2882 7730 6742 2674 1831 3213 5010 286
False
18
False
7342
False
6796
False
8893
False
False
8538 8721 4978 4647 4224 8228 5642 8510 8398 7084 9640 2882 7730 6742 2674 1831 4092 7342 6796 7218 6696 8191 8893
False
False
24
False
23
2628
False
24
8538 8721 4978 4647 4224 8228 5642 8510 8398 7084 9640 2882 7730 6742 2674 1831 4092 7342 6796 7218 6696 8191 8893
8538 8721 4978 4647 4224 8228 5642 8510 8398 7084 9640 2882 7730 6742 2674 1831 4092 7342 6796 7218 6696 8191 8893
24
8538 8721 4978 4647 4224 8228 5642 8510 8398 7084 9640 2882 7730 6742 2674 1831 4092 7342 6796 7218 6696 8191 8893 216
8538 8721 4978 4647 4224 8228 5642 8510 8398 7084 9640 2882 7730 6742 2674 1831 4092 7342 6796 7218 6696 8191 8893 216
False
8538 8721 4978 4647 4224 8228 5642 8510 8398 7084 9640 2882 7730 6742 2674 1831 4092 7342 6796 7218 6696 8191
8538 8721 4978 4647 4224 8228 5642 8510 8398 7084 9640 2882 7730 6742 2674 1831 4092 7342 6796 7218 6696 8191
8191
False
False
8191
False
8191
8538 8721 4978 4647 4224 8228 5642 8510 8398 7084 9640 2882 7730 6742 2674 1831 4092 7342 6796 7218 6696 8191
False
176
594
False
594
176
False
8538 8721 4978 4647 4224 8228 5642 8510 8398 7084 9640 2882 7730 6742 2674 1831 4092 7342 6796 7218 6696 176 2645
23
8538 8721 4978 4647 4224 8228 5642 8510 8398 7084 9640 2882 7730 6742 2674 1831 4092 7342 6796 7218 6696 176 4899 8305
False
22
176
8538 8721 4978 4647 4224 8228 5642 8510 8398 7084 9640 2882 7730 6742 2674 1831 4092 7342 6796 7218 6696 176
8538 8721 4978 4647 4224 8228 5642 8510 8398 7084 9640 2882 7730 6742 2674 1831 4092 7342 6796 7218 6696 176
False
19
19
False
False
False
8538 8721 4978 4647 4224 8228 5642 8510 8398 7084 9640 2882 7730 6742 2674 1831 4092 7342 6796
8538 8721 4978 4647 4224 8228 5642 8510 8398 7084 9640 2882 7730 6742 2674 1831 4092 7342 6796
False
False
False
6796
False
18
4092
17
False
False
False
2674
16
8538 8721 4978 4647 4224 8228 5642 8510 8398 7084 9640 2882 7730 6742 2674 5720 9
9
17
18
5245
5245
False
8538 8721 4978 4647 4224 8228 5642 8510 8398 7084 9640 2882 7730 6742 2674 5720 9 5245 7149
False
16
16
False
3420
8538 8721 4978 4647 4224 8228 5642 8510 8398 7084 9640 2882 7730 6742 2674 3420
False
16
False
False
False
2795
False
8538 8721 4978 4647 4224 8228 5642 8510 8398 7084 9640 2882 7730 6742 2674
2674
False
False
6742
False
10
8538 8721 4978 4647 4224 8228 5642 8510 8398
8538 8721 4978 4647 4224 8228 5642 8510 8398 8747
False
11
False
11
11
1491
False
1491
12
8538 8721 4978 4647 4224 8228 5642 8510 8398 8747 1491 9381
12
12
False
12
False
8538 8721 4978 4647 4224 8228 5642 8510 8398 8747 1491 9381
False
False
False
2658
12
False
4392
4392
False
False
False
15
False
False
6068
False
6418
14
8538 8721 4978 4647 4224 8228 5642 8510 8398 8747 1491 4392 3936 6418
False
False
8538 8721 4978 4647 4224 8228 5642 8510 8398 8747 1491 4392 3936 6418 5267 9587 6081 3363 6554
18
18
8538 8721 4978 4647 4224 8228 5642 8510 8398 8747 1491 4392 3936 6418 5267 9587 6081 3363
6081
16
8538 8721 4978 4647 4224 8228 5642 8510 8398 8747 1491 4392 3936 6418 5267 9587 3036
False
False
False
8538 8721 4978 4647 4224 8228 5642 8510 8398 8747 1491 4392 3936 6418
6418
3936
False
8711
False
4182
False
False
6878
8538 8721 4978 4647 4224 8228 5642 8510 8398 8747 1491 4392 8711 4182 5463 6878
8538 8721 4978 4647 4224 8228 5642 8510 8398 8747 1491 4392 8711 4182 128
8538 8721 4978 4647 4224 8228 5642 8510 8398 8747 1491 4392 8711 4182 128
15
False
False
16
8538 8721 4978 4647 4224 8228 5642 8510 8398 8747 1491 4392 8711 4182 128 2738 4203
False
False
8538 8721 4978 4647 4224 8228 5642 8510 8398 8747 1491 4392 8711 4182 128 2738 4203
8538 8721 4978 4647 4224 8228 5642 8510 8398 8747 1491 4392 8711 4182 128 2738 4203
False
False
False
False
6968
8538 8721 4978 4647 4224 8228 5642 8510 8398 8747 1491 4392 8711 4182 128 2738 4203 1510 7996 5710 6968 2863
8538 8721 4978 4647 4224 8228 5642 8510 8398 8747 1491 4392 8711 4182 128 2738 4203 1510 7996 5710
False
False
False
False
19
False
18
19
406
8538 8721 4978 4647 4224 8228 5642 8510 8398 8747 1491 4392 8711 4182 128 2738 4203 1510 5501 406
406
22
8538 8721 4978 4647 4224 8228 5642 8510 8398 8747 1491 4392 8711 4182 128 2738 4203 1510 5501 3947 323 7750
7750
22
False
3157
8538 8721 4978 4647 4224 8228 5642 8510 8398 8747 1491 4392 8711 4182 128 2738 4203 1510 5501 3947 323 4604 3157
23
9314
False
6529
False
False
26
8538 8721 4978 4647 4224 8228 5642 8510 8398 8747 1491 4392 8711 4182 128 2738 4203 1510 5501 3947 323 4604 9314 2697 6529 3617 2404 1864
False
8538 8721 4978 4647 4224 8228 5642 8510 8398 8747 1491 4392 8711 4182 128 2738 4203 1510 5501 3947 323 4604 9314 2697 6529 3617 2404 1864
1864
False
False
8538 8721 4978 4647 4224 8228 5642 8510 8398 8747 1491 4392 8711 4182 128 2738 4203 1510 5501 3947 323 4604 9314 2697 6529
24
8538 8721 4978 4647 4224 8228 5642 8510 8398 8747 1491 4392 8711 4182 128 2738 4203 1510 5501 3947 323 4604 9314 2697 6044
8538 8721 4978 4647 4224 8228 5642 8510 8398 8747 1491 4392 8711 4182 128 2738 4203 1510 5501 3947 323 4604 9314 202
False
8538 8721 4978 4647 4224 8228 5642 8510 8398 8747 1491 4392 8711 4182 128 2738 4203 1510 5501 3947 323 4604 9314 202
8538 8721 4978 4647 4224 8228 5642 8510 8398 8747 1491 4392 8711 4182 128 2738 4203 1510 5501 3947 323 4604 9314 202
202
False
8314
False
25
False
8538 8721 4978 4647 4224 8228 5642 8510 8398 8747 1491 4392 8711 4182 128 2738 4203 1510 5501 3947 323 4604 9314 202
8538 8721 4978 4647 4224 8228 5642 8510 8398 8747 1491 4392 8711 4182 128 2738 4203 1510 5501 3947 323 4604 9314 202
23
False
9381
False
False
8538 8721 4978 4647 4224 8228 5642 8510 8398 8747 1491 4392 8711 4182 128 2738 4203 1510 5501 3947 323 4604 4289
8538 8721 4978 4647 4224 8228 5642 8510 8398 8747 1491 4392 8711 4182 128 2738 4203 1510 5501 3947 323 4604 4289 305
305
False
1727
1727
8538 8721 4978 4647 4224 8228 5642 8510 8398 8747 1491 4392 8711 4182 128 2738 4203 1510 5501 3947 323 4604
8538 8721 4978 4647 4224 8228 5642 8510 8398 8747 1491 4392 8711 4182 128 2738 4203 1510 5501 3947 323
323
False
8538 8721 4978 4647 4224 8228 5642 8510 8398 8747 1491 4392 8711 4182 128 2738 4203 1510 5501 3947 323 6929
441
23
False
8538 8721 4978 4647 4224 8228 5642 8510 8398 8747 1491 4392 8711 4182 128 2738 4203 1510 5501 3947 323 6929
8538 8721 4978 4647 4224 8228 5642 8510 8398 8747 1491 4392 8711 4182 128 2738 4203 1510 5501 3947
19
8538 8721 4978 4647 4224 8228 5642 8510 8398 8747 1491 4392 8711 4182 128 2738 4203 1510 5501
False
9950
8538 8721 4978 4647 4224 8228 5642 8510 8398 8747 1491 4392 8711 4182 128 2738 4203 1510 5501 9950
8538 8721 4978 4647 4224 8228 5642 8510 8398 8747 1491 4392 8711 4182 128 2738 4203 1510 5501 9950
False
8538 8721 4978 4647 4224 8228 5642 8510 8398 8747 1491 4392 8711 4182 128 2738 4203 1510 5501 351 3086
False
21
22
False
8538 8721 4978 4647 4224 8228 5642 8510 8398 8747 1491 4392 8711 4182 128 2738 4203 1510 5501 351 3086 2679 5938 1337
8538 8721 4978 4647 4224 8228 5642 8510 8398 8747 1491 4392 8711 4182 128 2738 4203 1510 5501 351 3086 2679 5938 1337
False
8538 8721 4978 4647 4224 8228 5642 8510 8398 8747 1491 4392 8711 4182 128 2738 4203 1510 5501 351 3086 2679 5938 1337 691 8347
8347
8347
False
False
3189
24
3086
3086
8538 8721 4978 4647 4224 8228 5642 8510 8398 8747 1491 4392 8711 4182 128 2738 4203 1510 5501 351
False
7785
False
20
False
False
17
False
8538 8721 4978 4647 4224 8228 5642 8510 8398 8747 1491 4392 8711 4182 128 2738 4203
False
4361
3531
19
8538 8721 4978 4647 4224 8228 5642 8510 8398 8747 1491 4392 8711 4182 128 2738 4203 4361 3531
False
False
22
21
False
20
8538 8721 4978 4647 4224 8228 5642 8510 8398 8747 1491 4392 8711 4182 128 2738 4203 4361 3531 9830 9042
8538 8721 4978 4647 4224 8228 5642 8510 8398 8747 1491 4392 8711 4182 128 2738 4203 4361 3531 9830 9042
751
False
751
3042
False
False
2738
False
False
9338
False
False
15
2873
8538 8721 4978 4647 4224 8228 5642 8510 8398 8747 1491 4392 8711 4182 2873
False
False
False
15
False
8538 8721 4978 4647 4224 8228 5642 8510 8398 8747 1491 4392 8711 4182 2873 3971
False
4479
8538 8721 4978 4647 4224 8228 5642 8510 8398 8747 1491 4392 8711 4182 2873 3971 6605
20
5985
8538 8721 4978 4647 4224 8228 5642 8510 8398 8747 1491 4392 8711 4182 2873 3971 6605 6679 6252 6768 6352 5985
8538 8721 4978 4647 4224 8228 5642 8510 8398 8747 1491 4392 8711 4182 2873 3971 6605 6679 6252 6768 6352
8538 8721 4978 4647 4224 8228 5642 8510 8398 8747 1491 4392 8711 4182 2873 3971 6605 6679 6252
6679
False
False
7087
22
22
False
8538 8721 4978 4647 4224 8228 5642 8510 8398 8747 1491 4392 8711 4182 2873 3971 6605 6679 7087 8226
8538 8721 4978 4647 4224 8228 5642 8510 8398 8747 1491 4392 8711 4182 2873 3971 6605 6679 7087 8226
False
8226
False
20
23
8538 8721 4978 4647 4224 8228 5642 8510 8398 8747 1491 4392 8711 4182 2873 3971 6605 6679 7087 8226 8315 9364 4216 7289
25
4698
4698
False
2250
8538 8721 4978 4647 4224 8228 5642 8510 8398 8747 1491 4392 8711 4182 2873 3971 6605 6679 7087 8226 8315 9364 4216 7289 4698 2250
False
False
False
False
False
9642
False
False
False
9642
8538 8721 4978 4647 4224 8228 5642 8510 8398 8747 1491 4392 8711 4182 2873 3971 6605 6679 7087 8226 8315 9364 4216 7289 6289 9642 2583
8538 8721 4978 4647 4224 8228 5642 8510 8398 8747 1491 4392 8711 4182 2873 3971 6605 6679 7087 8226 8315 9364 4216 7289 6289 9642 2583 7477
False
8538 8721 4978 4647 4224 8228 5642 8510 8398 8747 1491 4392 8711 4182 2873 3971 6605 6679 7087 8226 8315 9364 4216 7289 6289 9642 2583 7477
False
9642
8538 8721 4978 4647 4224 8228 5642 8510 8398 8747 1491 4392 8711 4182 2873 3971 6605 6679 7087 8226 8315 9364 4216 7289 6289 9642
False
8538 8721 4978 4647 4224 8228 5642 8510 8398 8747 1491 4392 8711 4182 2873 3971 6605 6679 7087 8226 8315 9364 4216 7289 6289 5746
25
False
8538 8721 4978 4647 4224 8228 5642 8510 8398 8747 1491 4392 8711 4182 2873 3971 6605 6679 7087 8226 8315 9364 4216 7289 2758 957
3682
9108
8538 8721 4978 4647 4224 8228 5642 8510 8398 8747 1491 4392 8711 4182 2873 3971 6605 6679 7087 8226 8315 9364 4216 7289 2758 957 3682 9108
29
8538 8721 4978 4647 4224 8228 5642 8510 8398 8747 1491 4392 8711 4182 2873 3971 6605 6679 7087 8226 8315 9364 4216 7289 2758 957 3682
False
27
False
False
3682
8538 8721 4978 4647 4224 8228 5642 8510 8398 8747 1491 4392 8711 4182 2873 3971 6605 6679 7087 8226 8315 9364 4216 7289 2758 957
26
2758
8538 8721 4978 4647 4224 8228 5642 8510 8398 8747 1491 4392 8711 4182 2873 3971 6605 6679 7087 8226 8315 9364 4216 7289 2758
8538 8721 4978 4647 4224 8228 5642 8510 8398 8747 1491 4392 8711 4182 2873 3971 6605 6679 7087 8226 8315 9364 4216 7289 2758 5640
8538 8721 4978 4647 4224 8228 5642 8510 8398 8747 1491 4392 8711 4182 2873 3971 6605 6679 7087 8226 8315 9364 4216 7289
False
False
8226
8538 8721 4978 4647 4224 8228 5642 8510 8398 8747 1491 4392 8711 4182 2873 3971 6605 6679 7087 8226
False
8538 8721 4978 4647 4224 8228 5642 8510 8398 8747 1491 4392 8711 4182 2873 3971 6605 6679 7087 8226
8226
8538 8721 4978 4647 4224 8228 5642 8510 8398 8747 1491 4392 8711 4182 2873 3971 6605 6679 7087 8226
19
False
False
1943
1943
1943
1943
18
18
False
False
8538 8721 4978 4647 4224 8228 5642 8510 8398 8747 1491 4392 8711 4182 2873 6886 3640
18
3640
17
3640
9638
False
False
False
False
8538 8721 4978 4647 4224 8228 5642 8510 8398 8747 1491 4392 8711 4182 2873
False
3445
False
18
False
False
3312
False
2873
False
8538 8721 4978 4647 4224 8228 5642 8510 8398 8747 1491 4392 8711 4182 4000
4000
4182
False
8711
False
8538 8721 4978 4647 4224 8228 5642 8510 8398 8747 1491 4392
74
13
False
1491
8538 8721 4978 4647 4224 8228 5642 8510 8398 8747 1491 7844
False
False
12
12
False
False
False
False
False
5407
5407
8538 8721 4978 4647 4224 8228 5642 8510 8398 4629 5407
11
False
False
8538 8721 4978 4647 4224 8228 5642 8510 8398 4629 5407
11
8538 8721 4978 4647 4224 8228 5642 8510 3779 9313 7253 8521 6849
12
8538 8721 4978 4647 4224 8228 5642 8510 3779 9313 7253 8521
8538 8721 4978 4647 4224 8228 5642 8510 3779 9313 7253
6804
9751
False
8538 8721 4978 4647 4224 8228 5642 8510 3779 9313 7253 234
14
122
8538 8721 4978 4647 4224 8228 5642 8510 3779 9313 7253 234 3852 3240 122 1423
False
1423
False
122
8538 8721 4978 4647 4224 8228 5642 8510 3779 9313 7253 234 3852 3240 122
122
False
False
False
False
8538 8721 4978 4647 4224 8228 5642 8510 3779 9313 7253 234 3852 3240 3198
False
False
8538 8721 4978 4647 4224 8228 5642 8510 3779 9313 7253 234 3852 3240 3118 5780
17
8538 8721 4978 4647 4224 8228 5642 8510 3779 9313 7253 234 3852 3240
3240
8538 8721 4978 4647 4224 8228 5642 8510 3779 9313 7253 234 3852 3240 212 9090
False
False
9090
False
8538 8721 4978 4647 4224 8228 5642 8510 3779 9313 7253 234 3852 3240 1584
False
False
10
10
False
False
False
8538 8721 4978 4647 4224 8228 5642 8510 3779 9270
8538 8721 4978 4647 4224 8228 5642 8510 3779 9270
False
8538 8721 4978 4647 4224 8228 5642 8510 3779 9270 6446 6606
8538 8721 4978 4647 4224 8228 5642 8510 3779 9270 6446 6606 3894 5775
False
False
8538 8721 4978 4647 4224 8228 5642 8510 3779 9270 6446 6606 3894 3857 2540
False
False
8538 8721 4978 4647 4224 8228 5642 8510 3779 9270 6446 6606 3894 3857 2540 384
False
False
False
8538 8721 4978 4647 4224 8228 5642 8510 3779 9270 6446 6606 3894 3857 2540 384 5356 3116
5356
5356
17
False
16
16
False
5758
16
8544
False
17
1327
17
False
18
8538 8721 4978 4647 4224 8228 5642 8510 3779 9270 6446 6606 3894 3857 2540 6898 1327 982
8538 8721 4978 4647 4224 8228 5642 8510 3779 9270 6446 6606 3894 3857 2540 6898 1327 4168
17
False
6898
14
8538 8721 4978 4647 4224 8228 5642 8510 3779 9270 6446 6606 3894 7452
8538 8721 4978 4647 4224 8228 5642 8510 3779 9270 6446 6606 3894 7452
7452
3894
13
8538 8721 4978 4647 4224 8228 5642 8510 3779 9270 6446 6606 3894
8538 8721 4978 4647 4224 8228 5642 8510 3779 9270 6446 6606 5930
8538 8721 4978 4647 4224 8228 5642 8510 3779 9270 6446 6606 5930
False
False
False
7397
5930
5930
13
13
False
13
5930
False
False
False
7356
8538 8721 4978 4647 4224 8228 5642 8510 3779 9270 6446 6606 7356 9112 765 5373
8538 8721 4978 4647 4224 8228 5642 8510 3779 9270 6446 6606 7356 9112 765 5373 1961
8538 8721 4978 4647 4224 8228 5642 8510 3779 9270 6446 6606 7356 9112 765 5373 3395
19
False
False
8538 8721 4978 4647 4224 8228 5642 8510 3779 9270 6446 6606 7356 9112 765 5373 3395 5982 3043 4602 5369 1068 1452 3567
False
False
False
8538 8721 4978 4647 4224 8228 5642 8510 3779 9270 6446 6606 7356 9112 765 5373 3395 5982 3043 4602 5369 1068 1452 3567 7108 1257 9079
8538 8721 4978 4647 4224 8228 5642 8510 3779 9270 6446 6606 7356 9112 765 5373 3395 5982 3043 4602 5369 1068 1452 3567 7108 1257 623
27
8538 8721 4978 4647 4224 8228 5642 8510 3779 9270 6446 6606 7356 9112 765 5373 3395 5982 3043 4602 5369 1068 1452 3567 7108 1257 6045
6045
