
1
3
3
3
False
7
False
7
False
6176 276 9181 7829 7586 4525 553
False
7
6176 276 9181 7829 7586 4525 553 5493 7969 3916 1725
6176 276 9181 7829 7586 4525 553 5493 7969 3916
False
12
False
False
14
14
False
6176 276 9181 7829 7586 4525 553 5493 7969 3916 2273 9999 3704 7343
6176 276 9181 7829 7586 4525 553 5493 7969 3916 2273 9999
15
False
6176 276 9181 7829 7586 4525 553 5493 7969 3916 2273 9999 9864 4824
14
19
6176 276 9181 7829 7586 4525 553 5493 7969 3916 2273 9999 9864 4824 5220 4061 7034 4460 1234
False
False
False
6176 276 9181 7829 7586 4525 553 5493 7969 3916 2273 9999 9864 4824 5220 4061 9465
6176 276 9181 7829 7586 4525 553 5493 7969 3916 2273 9999 9864 4824 5220 4061 9465
False
6176 276 9181 7829 7586 4525 553 5493 7969 3916 2273 9999 9864 4824 5220 4061 9465 4173 9267
False
6176 276 9181 7829 7586 4525 553 5493 7969 3916 2273 9999 9864 4824 5220
False
False
6176 276 9181 7829 7586 4525 553 5493 7969 3916 2273 1859 7025
False
6176 276 9181 7829 7586 4525 553 5493 7969 3916 2273 1859 7025 5259 405
False
6176 276 9181 7829 7586 4525 553 5493 7969 3916 2273 1859 7025 5259 3668
6176 276 9181 7829 7586 4525 553 5493 7969 3916 2273 1859 7025 5259 3668
15
15
False
6176 276 9181 7829 7586 4525 553 5493 7969 3916 2273 1859 7025 3049 1666 1037
False
6176 276 9181 7829 7586 4525 553 5493 7969 3916 2273 1859 7025 3049 1666 1037 9216
16
20
False
6176 276 9181 7829 7586 4525 553 5493 7969 3916 2273 1859 7025 3049 1666 7811 8117 1604 5883
False
False
21
21
False
6176 276 9181 7829 7586 4525 553 5493 7969 3916 2273 1859 7025 3049 1666 7811 8117 1604
False
6176 276 9181 7829 7586 4525 553 5493 7969 3916 2273 1859 7025 3049 1666 7811 8117 1604 3776 9528
False
False
16
14
15
False
6176 276 9181 7829 7586 4525 553 5493 7969 3916 2273 1859 7025
6176 276 9181 7829 7586 4525 553 5493 7969 3916 2273 1859 7025 9024
False
False
False
False
16
False
False
False
False
6176 276 9181 7829 7586 4525 553 5493 7969 3916 2273 1859 7025 9024 9677 10
17
False
False
False
False
False
False
15
6176 276 9181 7829 7586 4525 553 5493 7969 3916 2273 1859 7025 6234 3734
False
False
6176 276 9181 7829 7586 4525 553 5493 7969 3916 2273 1859 7025 6234 1821 3361 90 1653 9265 2420 2923
False
False
26
False
23
False
23
6176 276 9181 7829 7586 4525 553 5493 7969 3916 2273 1859 7025 6234 1821 3361 90 1653 9265 2420 9069 1804 3671 8576
False
6176 276 9181 7829 7586 4525 553 5493 7969 3916 2273 1859 7025 6234 1821 3361 90 1653 9265 2420 9069 1804 3671 8576
False
False
27
6176 276 9181 7829 7586 4525 553 5493 7969 3916 2273 1859 7025 6234 1821 3361 90 1653 9265 2420 9069 1804 3671 8576 7389 289 8243
False
29
29
False
False
27
False
False
24
24
False
False
6176 276 9181 7829 7586 4525 553 5493 7969 3916 2273 1859 7025 6234 1821 3361 90 1653 9265 2420 9069 1804 3671 9268
False
False
6176 276 9181 7829 7586 4525 553 5493 7969 3916 2273 1859 7025 6234 1821 3361 90 1653 9265 2420 9069 1804 3671 9268 1349 9546 5521 6800
6176 276 9181 7829 7586 4525 553 5493 7969 3916 2273 1859 7025 6234 1821 3361 90 1653 9265 2420 9069 1804 3671 9268 1349 9546 5521 5507
False
27
False
False
6176 276 9181 7829 7586 4525 553 5493 7969 3916 2273 1859 7025 6234 1821 3361 90 1653 9265 2420 9069 1804 3671 9268 1349 9546 5521 6114
28
False
False
30
6176 276 9181 7829 7586 4525 553 5493 7969 3916 2273 1859 7025 6234 1821 3361 90 1653 9265 2420 9069 1804 3671 9268 1349 9546 5521 6114 9690
6176 276 9181 7829 7586 4525 553 5493 7969 3916 2273 1859 7025 6234 1821 3361 90 1653 9265 2420 9069 1804 3671 9268 1349 9546 5521 6114
False
27
26
False
False
False
False
31
31
False
False
False
False
False
False
31
False
False
False
6176 276 9181 7829 7586 4525 553 5493 7969 3916 2273 1859 7025 6234 1821 3361 90 1653 9265 2420 9069 1804 3671 9268 1349 9546 3835 2010 816 4286 9580 5734
32
6176 276 9181 7829 7586 4525 553 5493 7969 3916 2273 1859 7025 6234 1821 3361 90 1653 9265 2420 9069 1804 3671 9268 1349 9546 3835 2010 816 4286 9580 8845 1633
33
6176 276 9181 7829 7586 4525 553 5493 7969 3916 2273 1859 7025 6234 1821 3361 90 1653 9265 2420 9069 1804 3671 9268 1349 9546 3835 2010 816 4286 9580 8845 8673
6176 276 9181 7829 7586 4525 553 5493 7969 3916 2273 1859 7025 6234 1821 3361 90 1653 9265 2420 9069 1804 3671 9268 1349 9546 3835 2010 816 4286 9580 8845
False
False
False
False
False
False
28
6176 276 9181 7829 7586 4525 553 5493 7969 3916 2273 1859 7025 6234 1821 3361 90 1653 9265 2420 9069 1804 3671 9268 1349 9546 3835 2010 1696
False
24
False
False
6176 276 9181 7829 7586 4525 553 5493 7969 3916 2273 1859 7025 6234 1821 3361 90 1653 9265 2420 9069 1804 3671 9268
False
False
False
18
False
False
False
6176 276 9181 7829 7586 4525 553 5493 7969 3916 2273 1859 7025 6234 1821 3361 90 8225
False
19
6176 276 9181 7829 7586 4525 553 5493 7969 3916 2273 1859 7025 6234 1821 3361 90 8225 7592
False
6176 276 9181 7829 7586 4525 553 5493 7969 3916 2273 1859 7025 6234 1821 3361 8490
False
17
6176 276 9181 7829 7586 4525 553 5493 7969 3916 2273 1859 7025 6234 1821 3361 8490 2209 1539 7164
False
6176 276 9181 7829 7586 4525 553 5493 7969 3916 2273 1859 7025 6234 1821 3361 8490 2209 1539 7164 8516
24
24
False
25
False
False
False
False
24
24
6176 276 9181 7829 7586 4525 553 5493 7969 3916 2273 1859 7025 6234 1821 3361 8490 2209 1539 7164 8516 2460 8587 697 1436
False
False
6176 276 9181 7829 7586 4525 553 5493 7969 3916 2273 1859 7025 6234 1821 3361 8490 2209 1539 7164 8516 2460 8587 697 7882
6176 276 9181 7829 7586 4525 553 5493 7969 3916 2273 1859 7025 6234 1821 3361 8490 2209 1539 7164 8516 2460 8587 697 7882
26
6176 276 9181 7829 7586 4525 553 5493 7969 3916 2273 1859 7025 6234 1821 3361 8490 2209 1539 7164 8516 2460 888 8000 5456 1573
False
False
False
False
False
32
False
False
6176 276 9181 7829 7586 4525 553 5493 7969 3916 2273 1859 7025 6234 1821 3361 8490 2209 1539 7164 8516 2460 888 8000 5456 1573 2119 1376 6923 6349 5821 4006 6777 6318
False
6176 276 9181 7829 7586 4525 553 5493 7969 3916 2273 1859 7025 6234 1821 3361 8490 2209 1539 7164 8516 2460 888 8000 5456 1573 2119 1376 6923 6349 5821 4006 6777 6318 2287
False
6176 276 9181 7829 7586 4525 553 5493 7969 3916 2273 1859 7025 6234 1821 3361 8490 2209 1539 7164 8516 2460 888 8000 5456 1573 2119 1376 6923 6349 5821 4006 6777 6318 2287
36
False
36
36
38
38
40
40
40
6176 276 9181 7829 7586 4525 553 5493 7969 3916 2273 1859 7025 6234 1821 3361 8490 2209 1539 7164 8516 2460 888 8000 5456 1573 2119 1376 6923 6349 5821 4006 6777 6318 4867 1372 5905 619 4776
False
False
6176 276 9181 7829 7586 4525 553 5493 7969 3916 2273 1859 7025 6234 1821 3361 8490 2209 1539 7164 8516 2460 888 8000 5456 1573 2119 1376 6923 6349 5821 4006 6777 6318 4867 1372 5905 619 4776
False
40
40
False
6176 276 9181 7829 7586 4525 553 5493 7969 3916 2273 1859 7025 6234 1821 3361 8490 2209 1539 7164 8516 2460 888 8000 5456 1573 2119 1376 6923 6349 5821 4006 6777 6318 4867 1372 5905 619 4776
False
False
39
False
38
False
False
False
False
False
34
35
False
34
False
6176 276 9181 7829 7586 4525 553 5493 7969 3916 2273 1859 7025 6234 1821 3361 8490 2209 1539 7164 8516 2460 888 8000 5456 1573 2119 1376 6923 6349 5821 4006 6777 6318 5864
35
False
38
38
37
False
37
6176 276 9181 7829 7586 4525 553 5493 7969 3916 2273 1859 7025 6234 1821 3361 8490 2209 1539 7164 8516 2460 888 8000 5456 1573 2119 1376 6923 6349 5821 4006 6777 6318 8078 5036 8939
6176 276 9181 7829 7586 4525 553 5493 7969 3916 2273 1859 7025 6234 1821 3361 8490 2209 1539 7164 8516 2460 888 8000 5456 1573 2119 1376 6923 6349 5821 4006 6777 6318 8078 5036 5697
38
False
38
6176 276 9181 7829 7586 4525 553 5493 7969 3916 2273 1859 7025 6234 1821 3361 8490 2209 1539 7164 8516 2460 888 8000 5456 1573 2119 1376 6923 6349 5821 4006 6777 6318 8078 5036 5697 4146
6176 276 9181 7829 7586 4525 553 5493 7969 3916 2273 1859 7025 6234 1821 3361 8490 2209 1539 7164 8516 2460 888 8000 5456 1573 2119 1376 6923 6349 5821 4006 6777 6318 8078 5036 5697 4146
38
False
False
False
6176 276 9181 7829 7586 4525 553 5493 7969 3916 2273 1859 7025 6234 1821 3361 8490 2209 1539 7164 8516 2460 888 8000 5456 1573 2119 1376 6923 6349 5821 4006 6777 6318 8078 5036 5697 4146 3636
False
40
6176 276 9181 7829 7586 4525 553 5493 7969 3916 2273 1859 7025 6234 1821 3361 8490 2209 1539 7164 8516 2460 888 8000 5456 1573 2119 1376 6923 6349 5821 4006 6777 6318 8078 5036 5697 4146 3636 506
False
False
6176 276 9181 7829 7586 4525 553 5493 7969 3916 2273 1859 7025 6234 1821 3361 8490 2209 1539 7164 8516 2460 888 8000 5456 1573 2119 1376 6923 6349 5821 4006 6777 6318
False
False
6176 276 9181 7829 7586 4525 553 5493 7969 3916 2273 1859 7025 6234 1821 3361 8490 2209 1539 7164 8516 2460 888 8000 5456 1573 2119 1376 6923 6349 5821 7715 1048
False
6176 276 9181 7829 7586 4525 553 5493 7969 3916 2273 1859 7025 6234 1821 3361 8490 2209 1539 7164 8516 2460 888 8000 5456 1573 2119 1376 6923 6349 5821 7715 1048 8914 8591
False
33
False
6176 276 9181 7829 7586 4525 553 5493 7969 3916 2273 1859 7025 6234 1821 3361 8490 2209 1539 7164 8516 2460 888 8000 5456 1573 2119 1376 6923 6349 5821 7715 625
6176 276 9181 7829 7586 4525 553 5493 7969 3916 2273 1859 7025 6234 1821 3361 8490 2209 1539 7164 8516 2460 888 8000 5456 1573 2119 1376 6923 6349 5821 7715
False
6176 276 9181 7829 7586 4525 553 5493 7969 3916 2273 1859 7025 6234 1821 3361 8490 2209 1539 7164 8516 2460 888 8000 5456 1573 2119 1376 6923 6349 5821 7715 8245
False
6176 276 9181 7829 7586 4525 553 5493 7969 3916 2273 1859 7025 6234 1821 3361 8490 2209 1539 7164 8516 2460 888 8000 5456 1573 2119 1376 6923 6349 5821 7715
False
False
False
31
6176 276 9181 7829 7586 4525 553 5493 7969 3916 2273 1859 7025 6234 1821 3361 8490 2209 1539 7164 8516 2460 888 8000 5456 1573 2119 1376 6923 6349 7733
False
False
False
False
6176 276 9181 7829 7586 4525 553 5493 7969 3916 2273 1859 7025 6234 1821 3361 8490 2209 1539 7164 8516 2460 888 8000 5456 1573 2119 1376 4960 8134
False
False
34
32
34
False
6176 276 9181 7829 7586 4525 553 5493 7969 3916 2273 1859 7025 6234 1821 3361 8490 2209 1539 7164 8516 2460 888 8000 5456 1573 2119 1376 4960 8134 5150 8359 6689 4796 8224
False
False
False
35
False
False
36
False
40
False
6176 276 9181 7829 7586 4525 553 5493 7969 3916 2273 1859 7025 6234 1821 3361 8490 2209 1539 7164 8516 2460 888 8000 5456 1573 2119 1376 4960 8134 5150 8359 6689 4796 6205 7235 3382 6085 3169 3472
39
False
False
False
False
35
6176 276 9181 7829 7586 4525 553 5493 7969 3916 2273 1859 7025 6234 1821 3361 8490 2209 1539 7164 8516 2460 888 8000 5456 1573 2119 1376 4960 8134 5150 8359 6689 4796 6205
35
False
35
False
False
6176 276 9181 7829 7586 4525 553 5493 7969 3916 2273 1859 7025 6234 1821 3361 8490 2209 1539 7164 8516 2460 888 8000 5456 1573 2119 1376 4960 8134 5150 8359 6689 4796 7437
False
34
6176 276 9181 7829 7586 4525 553 5493 7969 3916 2273 1859 7025 6234 1821 3361 8490 2209 1539 7164 8516 2460 888 8000 5456 1573 2119 1376 4960 8134 5150 8359 6689
6176 276 9181 7829 7586 4525 553 5493 7969 3916 2273 1859 7025 6234 1821 3361 8490 2209 1539 7164 8516 2460 888 8000 5456 1573 2119 1376 4960 8134 5150 8359 6689
6176 276 9181 7829 7586 4525 553 5493 7969 3916 2273 1859 7025 6234 1821 3361 8490 2209 1539 7164 8516 2460 888 8000 5456 1573 2119 1376 4960 8134 5150 8359 6689 1360
34
6176 276 9181 7829 7586 4525 553 5493 7969 3916 2273 1859 7025 6234 1821 3361 8490 2209 1539 7164 8516 2460 888 8000 5456 1573 2119 1376 4960 8134
False
False
33
False
False
6176 276 9181 7829 7586 4525 553 5493 7969 3916 2273 1859 7025 6234 1821 3361 8490 2209 1539 7164 8516 2460 888 8000 5456 1573 2119 1376 4960 8134 2992
False
False
31
6176 276 9181 7829 7586 4525 553 5493 7969 3916 2273 1859 7025 6234 1821 3361 8490 2209 1539 7164 8516 2460 888 8000 5456 1573 2119 1376 4960
False
False
False
False
False
30
29
6176 276 9181 7829 7586 4525 553 5493 7969 3916 2273 1859 7025 6234 1821 3361 8490 2209 1539 7164 8516 2460 888 8000 5456 1573 2119 2158 2863 7736
6176 276 9181 7829 7586 4525 553 5493 7969 3916 2273 1859 7025 6234 1821 3361 8490 2209 1539 7164 8516 2460 888 8000 5456 1573 2119 2158 2863 7736
False
False
False
6176 276 9181 7829 7586 4525 553 5493 7969 3916 2273 1859 7025 6234 1821 3361 8490 2209 1539 7164 8516 2460 888 8000 5456 1573
6176 276 9181 7829 7586 4525 553 5493 7969 3916 2273 1859 7025 6234 1821 3361 8490 2209 1539 7164 8516 2460 888 8000 5456 1573
30
False
6176 276 9181 7829 7586 4525 553 5493 7969 3916 2273 1859 7025 6234 1821 3361 8490 2209 1539 7164 8516 2460 888 8000 5456 1573 1981 1381 8583
False
6176 276 9181 7829 7586 4525 553 5493 7969 3916 2273 1859 7025 6234 1821 3361 8490 2209 1539 7164 8516 2460 888 8000 5456 1573 1981 1381 8583 5081
30
False
6176 276 9181 7829 7586 4525 553 5493 7969 3916 2273 1859 7025 6234 1821 3361 8490 2209 1539 7164 8516 2460 888 8000 5456 1573 1981 1381 8357
6176 276 9181 7829 7586 4525 553 5493 7969 3916 2273 1859 7025 6234 1821 3361 8490 2209 1539 7164 8516 2460 888 8000 5456 1573 1981 1381 8357
False
False
6176 276 9181 7829 7586 4525 553 5493 7969 3916 2273 1859 7025 6234 1821 3361 8490 2209 1539 7164 8516 2460 888 8000 5456 1573
False
False
False
False
27
6176 276 9181 7829 7586 4525 553 5493 7969 3916 2273 1859 7025 6234 1821 3361 8490 2209 1539 7164 8516 2460 888 8000 5456 1573 3520
25
False
23
False
6176 276 9181 7829 7586 4525 553 5493 7969 3916 2273 1859 7025 6234 1821 3361 8490 2209 1539 7164 8516 2460 5557
6176 276 9181 7829 7586 4525 553 5493 7969 3916 2273 1859 7025 6234 1821 3361 8490 2209 1539 7164 8516 2460 5557
21
6176 276 9181 7829 7586 4525 553 5493 7969 3916 2273 1859 7025 6234 1821 3361 8490 2209 1539 7164 8516
False
False
21
21
6176 276 9181 7829 7586 4525 553 5493 7969 3916 2273 1859 7025 6234 1821 3361 8490 2209 1539 3379 2503 8916 295
6176 276 9181 7829 7586 4525 553 5493 7969 3916 2273 1859 7025 6234 1821 3361 8490 2209 1539 3379 2503 8916 1367
False
24
False
False
6176 276 9181 7829 7586 4525 553 5493 7969 3916 2273 1859 7025 6234 1821 3361 8490 2209 1539 3379 2503 8916 1367 4841
24
False
6176 276 9181 7829 7586 4525 553 5493 7969 3916 2273 1859 7025 6234 1821 3361 8490 2209 1539 3379 2503
22
6176 276 9181 7829 7586 4525 553 5493 7969 3916 2273 1859 7025 6234 1821 3361 8490 2209 1539 3379 2503 2694
17
17
False
False
16
6176 276 9181 7829 7586 4525 553 5493 7969 3916 2273 1859 7025 6234 1821 5213 7811
6176 276 9181 7829 7586 4525 553 5493 7969 3916 2273 1859 7025 6234 1821 5213
False
False
False
6176 276 9181 7829 7586 4525 553 5493 7969 3916 2273 1859 7025 6234 915
False
6176 276 9181 7829 7586 4525 553 5493 7969 3916 2273 1859 7025
13
False
13
False
6176 276 9181 7829 7586 4525 553 5493 7969 3916 2273 8390 6483
False
False
False
6176 276 9181 7829 7586 4525 553 5493 7969 3916 2273 8390 6483 1381 7551 5761
16
16
False
False
False
False
False
17
6176 276 9181 7829 7586 4525 553 5493 7969 3916 2273 8390 6483 1381 7551 6074 5052 4849 3465
6176 276 9181 7829 7586 4525 553 5493 7969 3916 2273 8390 6483 1381 7551 6074 5052 4849 3465
18
False
False
False
False
False
6176 276 9181 7829 7586 4525 553 5493 7969 3916 2273 8390 6483 1381 7551 6074
False
6176 276 9181 7829 7586 4525 553 5493 7969 3916 2273 8390 6483 1381 7551
False
False
False
20
19
False
6176 276 9181 7829 7586 4525 553 5493 7969 3916 2273 8390 6483 1381
6176 276 9181 7829 7586 4525 553 5493 7969 3916 2273 8390 6483 1381 473 1256
16
False
16
6176 276 9181 7829 7586 4525 553 5493 7969 3916 2273 8390 6483 1381 6832
6176 276 9181 7829 7586 4525 553 5493 7969 3916 2273 8390 6483 1381 3336 4875
False
6176 276 9181 7829 7586 4525 553 5493 7969 3916 2273 8390 6483 1381 3336 4875
False
13
6176 276 9181 7829 7586 4525 553 5493 7969 3916 2273 8390 3130 7220 8644
15
False
False
False
False
13
False
False
16
False
False
6176 276 9181 7829 7586 4525 553 5493 7969 3916 2273 8390 1440 5944 5434 4574 5343 2866 3557 6463 2958
False
False
False
6176 276 9181 7829 7586 4525 553 5493 7969 3916 2273 8390 1440 5944 5434 4574 5343 2866 3557 6463 2958 523 4243
False
6176 276 9181 7829 7586 4525 553 5493 7969 3916 2273 8390 1440 5944 5434 4574 5343 2866 3557 6463 7728
False
False
False
26
False
6176 276 9181 7829 7586 4525 553 5493 7969 3916 2273 8390 1440 5944 5434 4574 5343 2866 3557 6463 7728 5321 2382 7779 2109 434
6176 276 9181 7829 7586 4525 553 5493 7969 3916 2273 8390 1440 5944 5434 4574 5343 2866 3557 6463 7728 5321 2382 7779 2109 434
False
6176 276 9181 7829 7586 4525 553 5493 7969 3916 2273 8390 1440 5944 5434 4574 5343 2866 3557 6463 7728 5321 2382 7779 2109 434
26
25
False
False
False
25
6176 276 9181 7829 7586 4525 553 5493 7969 3916 2273 8390 1440 5944 5434 4574 5343 2866 3557 6463 7728 5321 6141 1120 3593
24
False
False
6176 276 9181 7829 7586 4525 553 5493 7969 3916 2273 8390 1440 5944 5434 4574 5343 2866 3557 6463 7728 5321 6141 1120 2227
6176 276 9181 7829 7586 4525 553 5493 7969 3916 2273 8390 1440 5944 5434 4574 5343 2866 3557 6463 7728 5321 6141 1120 2227
22
21
False
6176 276 9181 7829 7586 4525 553 5493 7969 3916 2273 8390 1440 5944 5434 4574 5343 2866 8860
6176 276 9181 7829 7586 4525 553 5493 7969 3916 2273 8390 1440 5944 5434 4574 5343 2866 8860
False
6176 276 9181 7829 7586 4525 553 5493 7969 3916 2273 8390 1440 5944 5434 6753 3085
False
False
18
6176 276 9181 7829 7586 4525 553 5493 7969 3916 2273 8390 1440 5944 5434 6753 3085 9741
False
False
6176 276 9181 7829 7586 4525 553 5493 7969 3916 2273 8390 1440 5944 5434 6753 3085 1308
False
False
False
False
15
False
16
6176 276 9181 7829 7586 4525 553 5493 7969 3916 2273 8390 1440 5944 5434 8365 8847
False
False
False
6176 276 9181 7829 7586 4525 553 5493 7969 3916 2273
False
False
False
6176 276 9181 7829 7586 4525 553 5493 7969 3916 2273 6799 1356
6176 276 9181 7829 7586 4525 553 5493 7969 3916 2273 6799 1356
False
False
False
6176 276 9181 7829 7586 4525 553 5493 7969 3916 2273 6799 8631
6176 276 9181 7829 7586 4525 553 5493 7969 3916 2273 6799 8631
False
13
False
12
6176 276 9181 7829 7586 4525 553 5493 7969 3916 2273 6799
False
13
15
False
12
12
12
False
14
6176 276 9181 7829 7586 4525 553 5493 7969 3916 2273 6799 6733 6278
False
6176 276 9181 7829 7586 4525 553 5493 7969 3916 2273 6799 8594 3411 8314 8238
16
16
16
16
False
False
17
17
15
False
False
False
19
False
False
False
25
False
False
25
False
27
27
6176 276 9181 7829 7586 4525 553 5493 7969 3916 2273 6799 8594 3411 8314 9563 5754 6441 4897 6627 5353 1855 1822 2509 6729 3915
False
6176 276 9181 7829 7586 4525 553 5493 7969 3916 2273 6799 8594 3411 8314 9563 5754 6441 4897 6627 5353 1855 1822 2509 6729
6176 276 9181 7829 7586 4525 553 5493 7969 3916 2273 6799 8594 3411 8314 9563 5754 6441 4897 6627 5353 1855 1822 2509 6729
25
False
23
False
False
False
False
False
6176 276 9181 7829 7586 4525 553 5493 7969 3916 2273 6799 8594 3411 8314 9563 5754 6441 4897 6627 5353 1855 1822 8216 1739 7186
False
28
28
False
False
6176 276 9181 7829 7586 4525 553 5493 7969 3916 2273 6799 8594 3411 8314 9563 5754 6441 4897 6627 5353 1855 1822 8216 1739 7186 4298
False
False
6176 276 9181 7829 7586 4525 553 5493 7969 3916 2273 6799 8594 3411 8314 9563 5754 6441 4897 6627 5353 1855 1822 8216 1739
False
False
6176 276 9181 7829 7586 4525 553 5493 7969 3916 2273 6799 8594 3411 8314 9563 5754 6441 4897 6627 5353 1855 1822 8216
23
False
False
False
6176 276 9181 7829 7586 4525 553 5493 7969 3916 2273 6799 8594 3411 8314 9563 5754 6441 4897 6627 5353 1855 1822 3616
False
23
23
24
6176 276 9181 7829 7586 4525 553 5493 7969 3916 2273 6799 8594 3411 8314 9563 5754 6441 4897 6627 5353 1855 1822 7746
22
6176 276 9181 7829 7586 4525 553 5493 7969 3916 2273 6799 8594 3411 8314 9563 5754 6441 4897 6627 5353 1855
False
6176 276 9181 7829 7586 4525 553 5493 7969 3916 2273 6799 8594 3411 8314 9563 5754 6441 4897 6627 5353
False
False
22
False
False
20
20
6176 276 9181 7829 7586 4525 553 5493 7969 3916 2273 6799 8594 3411 8314 9563 5754 6441 4897 324 7358 4186
6176 276 9181 7829 7586 4525 553 5493 7969 3916 2273 6799 8594 3411 8314 9563 5754 6441 4897 324 7358 8738
6176 276 9181 7829 7586 4525 553 5493 7969 3916 2273 6799 8594 3411 8314 9563 5754 6441 4897 324 7358 8738
6176 276 9181 7829 7586 4525 553 5493 7969 3916 2273 6799 8594 3411 8314 9563 5754 6441 4897 324 7358
6176 276 9181 7829 7586 4525 553 5493 7969 3916 2273 6799 8594 3411 8314 9563 5754 6441 4897 324 7358 1727
False
False
False
25
6176 276 9181 7829 7586 4525 553 5493 7969 3916 2273 6799 8594 3411 8314 9563 5754 6441 4897 324 7358 1727 8925 8422 1038
25
False
24
False
False
25
6176 276 9181 7829 7586 4525 553 5493 7969 3916 2273 6799 8594 3411 8314 9563 5754 6441 4897 324 7358 1727 8925 435 4173
False
6176 276 9181 7829 7586 4525 553 5493 7969 3916 2273 6799 8594 3411 8314 9563 5754 6441 4897 324 7358 1727 8925 435 4173
25
25
6176 276 9181 7829 7586 4525 553 5493 7969 3916 2273 6799 8594 3411 8314 9563 5754 6441 4897 324 7358 1727 8925 435 4173
24
24
False
6176 276 9181 7829 7586 4525 553 5493 7969 3916 2273 6799 8594 3411 8314 9563 5754 6441 4897 324 7358 5549
False
False
False
False
22
False
False
6176 276 9181 7829 7586 4525 553 5493 7969 3916 2273 6799 8594 3411 8314 9563 5754 6441 4897 6745 2354 6869
False
False
False
False
22
6176 276 9181 7829 7586 4525 553 5493 7969 3916 2273 6799 8594 3411 8314 9563 5754 6441 4897 6745 2354 8009
False
False
False
False
6176 276 9181 7829 7586 4525 553 5493 7969 3916 2273 6799 8594 3411 8314 9563 5754 6441 4897
False
False
6176 276 9181 7829 7586 4525 553 5493 7969 3916 2273 6799 8594 3411 8314 9563 5754 6441 4897 1951
False
False
6176 276 9181 7829 7586 4525 553 5493 7969 3916 2273 6799 8594 3411 8314 9563 5754 6441 4897 7352
6176 276 9181 7829 7586 4525 553 5493 7969 3916 2273 6799 8594 3411 8314 9563 5754 6441 4897 7352 7125
6176 276 9181 7829 7586 4525 553 5493 7969 3916 2273 6799 8594 3411 8314 9563 5754 6441 4897 7352 7125 5094
False
6176 276 9181 7829 7586 4525 553 5493 7969 3916 2273 6799 8594 3411 8314 9563 5754 6441 4897 7352 7125 2195
False
21
False
21
6176 276 9181 7829 7586 4525 553 5493 7969 3916 2273 6799 8594 3411 8314 9563 5754 6441 4897 7352
False
19
False
18
False
21
21
False
False
False
21
19
6176 276 9181 7829 7586 4525 553 5493 7969 3916 2273 6799 8594 3411 8314 9563 5754
False
False
17
False
False
6176 276 9181 7829 7586 4525 553 5493 7969 3916 2273 6799 8594 3411 8314 9563 8057
False
19
False
False
17
False
False
False
16
18
False
6176 276 9181 7829 7586 4525 553 5493 7969 3916 2273 6799 8594 8211 7138 8709 6644
False
6176 276 9181 7829 7586 4525 553 5493 7969 3916 2273 6799 8594 8211 7138 8709 6644
17
False
False
False
False
False
14
False
16
6176 276 9181 7829 7586 4525 553 5493 7969 3916 2273 6799 8594 8211 8999
False
False
False
False
18
19
12
False
6176 276 9181 7829 7586 4525 553 5493 7969 3916 2273 9765 9063
False
6176 276 9181 7829 7586 4525 553 5493 7969 3916 2273 9765 9063 5942
6176 276 9181 7829 7586 4525 553 5493 7969 3916 2273 9765 9063 5942 582
False
6176 276 9181 7829 7586 4525 553 5493 7969 3916 2273 9765 9063 5942 582 467 4475
False
19
15
6176 276 9181 7829 7586 4525 553 5493 7969 3916 2273 9765 9063
False
False
False
6176 276 9181 7829 7586 4525 553 5493 7969 3916 2273 9765 1372 2125 5222 4416
False
False
False
6176 276 9181 7829 7586 4525 553 5493 7969 3916 2273 9765 1372 2125 5222 4416
False
6176 276 9181 7829 7586 4525 553 5493 7969 3916 2273 9765 1372 2125 5222
False
6176 276 9181 7829 7586 4525 553 5493 7969 3916 2273 9765 1372 2125 5222
14
False
16
False
14
14
False
False
15
16
False
6176 276 9181 7829 7586 4525 553 5493 7969 3916 2273 9765 1372
False
False
11
15
6176 276 9181 7829 7586 4525 553 5493 7969 3916 2273 6334 8758 7237 5202
15
False
False
False
False
False
6176 276 9181 7829 7586 4525 553 5493 7969 3916 2273 6334 8758 7237 1021 7018 8421
17
False
17
False
False
False
6176 276 9181 7829 7586 4525 553 5493 7969 3916 2273 6334 8758 7237
False
False
6176 276 9181 7829 7586 4525 553 5493 7969 3771 8799
6176 276 9181 7829 7586 4525 553 5493 7969 3771
False
6176 276 9181 7829 7586 4525 553 5493 7969 5356
False
10
11
False
False
False
False
False
12
12
12
13
6176 276 9181 7829 7586 4525 553 5493 7969 1307 1705 5988
12
False
False
False
12
False
10
6176 276 9181 7829 7586 4525 553 5493 7969 1307
False
13
6176 276 9181 7829 7586 4525 553 5493 7969 1307 1862 6299 6034
False
False
6
6
6176 276 9181 7829 7586 468
False
False
False
False
False
False
False
7
6176 276 9181 7829 8051 3269 6254
False
False
5
6176 276 9181 7829 8051
4
False
6176 276 9181 7829
6176 276 9181
6176 276 9181 2225 1728
5
False
False
False
False
False
4
False
6176 276 9181 932 113
6176 276 9181 932 9385
6
False
6176 276 9181 932 9385 9971 6238
False
6176 276 9181 932 9385 9971 5323 3667
False
6176 276 9181 932 9385 9971 5323
6176 276 9181 932 9385 9971 5323
6176 276 9181 932 9385 9971 5323 4374 1125 1538 6491
False
False
7
8
6176 276 9181 932 9385 9971 5323 1445
6176 276 9181 932 9385 9971 5323 1445
5
6176 276 5053
6176 276 5053 1691
False
2
6176 276 8094 3577
6176 276 8094 3577
False
False
False
4
False
False
False
False
2
6176 276 3594 8205 9325
6176 276 3594 8205 9325
False
4
5
9
False
False
6176 276 3594 8205 3318 953 7351 5120 7475 4472
False
6176 276 3594 8205 3318 953 7351 5120 7475 4472 4955
6176 276 3594 8205 3318 953 7351 5120 7475 4472 4955
False
6176 276 3594 8205 3318 953 7351 5120 7475 4472
False
False
False
False
6176 276 3594 8205 3318 953 7351 8938 7261
6176 276 3594 8205 3318 953 7351 8938 7261
False
False
False
6176 276 3594 8205 3318 953 7351 8938
False
6176 276 3594 8205 3318 953 7351 8938
False
6176 276 3594 8205 3318 953 7351 8938 6716 9571 5394
11
False
6176 276 3594 8205 3318 953 7351 8938 6716 9571 5394 2272 4992 2009 3207
14
16
15
False
16
False
6176 276 3594 8205 3318 953 7351 8938 6716 9571 5394 2272 4992 2009 35 9797
False
6176 276 3594 8205 3318 953 7351 8938 6716 9571 5394 2272 4992 2009 35 9797
False
6176 276 3594 8205 3318 953 7351 8938 6716 9571 5394 2272 4992 2009 35 9797
False
15
14
14
False
False
6176 276 3594 8205 3318 953 7351 8938 6716 9571 5394 2272 9431 1362
14
False
6176 276 3594 8205 3318 953 7351 8938 6716 9571 5394 2272 9431 1362
False
6176 276 3594 8205 3318 953 7351 8938 6716 9571 5394 2272 9431 1362
False
16
False
6176 276 3594 8205 3318 953 7351 8938 6716 9571 5394 2272 9431 1362
False
14
False
15
False
6176 276 3594 8205 3318 953 7351 8938 6716 9571 5394 2272 9431 1362 7996 125
6176 276 3594 8205 3318 953 7351 8938 6716 9571 5394 2272 9431 1362 7996 125
False
False
6176 276 3594 8205 3318 953 7351 8938 6716 9571 5394 2272 9431 1362 7996 125
False
False
6176 276 3594 8205 3318 953 7351 8938 6716 9571 5394 2272 9431 1362 7996
12
13
12
False
False
False
False
15
False
False
False
False
6176 276 3594 8205 3318 953 7351 8938 6716 9571 5394 2272 1012 5808
False
6176 276 3594 8205 3318 953 7351 8938 6716 9571 5394 2272 1012 5808 9711 3363 6931
False
False
False
6176 276 3594 8205 3318 953 7351 8938 6716 9571 5394 2272 1012 5808 9711 3363 6931 3584
18
18
18
False
6176 276 3594 8205 3318 953 7351 8938 6716 9571 5394 2272 1012 5808 9711 3363 6931 4464
6176 276 3594 8205 3318 953 7351 8938 6716 9571 5394 2272 1012 5808 9711 3363 6931 4464 6900
19
False
6176 276 3594 8205 3318 953 7351 8938 6716 9571 5394 2272 1012 5808 9711 3363 6931 4464 6900
19
19
False
False
False
18
False
False
False
19
6176 276 3594 8205 3318 953 7351 8938 6716 9571 5394 2272 1012 5808 9711 3363 6931 4464 5668
20
6176 276 3594 8205 3318 953 7351 8938 6716 9571 5394 2272 1012 5808 9711 3363 6931 4464 5668 8516
20
6176 276 3594 8205 3318 953 7351 8938 6716 9571 5394 2272 1012 5808 9711 3363 6931 4464 5668 430
22
False
False
False
False
False
22
24
6176 276 3594 8205 3318 953 7351 8938 6716 9571 5394 2272 1012 5808 9711 3363 6931 4464 5668 430 4158 6286 4931
False
False
False
22
False
False
6176 276 3594 8205 3318 953 7351 8938 6716 9571 5394 2272 1012 5808 9711 3363 6931 4464 5668 430 4158 8218
False
False
False
False
False
False
False
6176 276 3594 8205 3318 953 7351 8938
False
8
False
6176 276 3594 8205 3318 953 7351 8729
6176 276 3594 8205 3318 953 5728 8779
False
10
False
False
False
6176 276 3594 8205 3318 953 5728 8779 1474 599 4463 8263 1763 8994 5365
False
False
False
False
False
False
False
False
23
20
False
6176 276 3594 8205 3318 953 5728 8779 1474 599 4463 8263 1763 8994 5365 3506 5639 3634 3683 9694 362
6176 276 3594 8205 3318 953 5728 8779 1474 599 4463 8263 1763 8994 5365 3506 5639 3634 3683 9694 362 4716
25
25
6176 276 3594 8205 3318 953 5728 8779 1474 599 4463 8263 1763 8994 5365 3506 5639 3634 3683 9694 362 4716 4147 8750
23
False
False
False
False
22
23
False
25
False
6176 276 3594 8205 3318 953 5728 8779 1474 599 4463 8263 1763 8994 5365 3506 5639 3634 3683 9694 362 4716 916 7782 3972 5266 2723 656
6176 276 3594 8205 3318 953 5728 8779 1474 599 4463 8263 1763 8994 5365 3506 5639 3634 3683 9694 362 4716 916 7782 3972 5266 2723 656
29
False
False
False
False
False
False
6176 276 3594 8205 3318 953 5728 8779 1474 599 4463 8263 1763 8994 5365 3506 5639 3634 3683 9694 362 4716
22
False
False
False
False
21
False
6176 276 3594 8205 3318 953 5728 8779 1474 599 4463 8263 1763 8994 5365 3506 5639 3634 8611 7078 2023
False
False
False
False
24
False
False
False
False
26
False
28
False
False
31
False
31
False
False
33
False
6176 276 3594 8205 3318 953 5728 8779 1474 599 4463 8263 1763 8994 5365 3506 5639 3634 8611 7078 1716 8750 7608 6839 1926 5539 753 1594 6814 7640 7428 3819 2747
33
False
False
34
False
False
False
False
False
6176 276 3594 8205 3318 953 5728 8779 1474 599 4463 8263 1763 8994 5365 3506 5639 3634 8611 7078 1716 8750 7608 6839 1926 5539 753 1594 6814 7640
6176 276 3594 8205 3318 953 5728 8779 1474 599 4463 8263 1763 8994 5365 3506 5639 3634 8611 7078 1716 8750 7608 6839 1926 5539 753 1594 6814 7640 5682
6176 276 3594 8205 3318 953 5728 8779 1474 599 4463 8263 1763 8994 5365 3506 5639 3634 8611 7078 1716 8750 7608 6839 1926 5539 753 1594 6814 7640 5682
False
31
6176 276 3594 8205 3318 953 5728 8779 1474 599 4463 8263 1763 8994 5365 3506 5639 3634 8611 7078 1716 8750 7608 6839 1926 5539 753 1594 6814 7640 1350 2766 8918 6291
34
35
6176 276 3594 8205 3318 953 5728 8779 1474 599 4463 8263 1763 8994 5365 3506 5639 3634 8611 7078 1716 8750 7608 6839 1926 5539 753 1594 6814 7640 1350 2766 8918 6291 2576 9188
37
False
36
False
False
False
6176 276 3594 8205 3318 953 5728 8779 1474 599 4463 8263 1763 8994 5365 3506 5639 3634 8611 7078 1716 8750 7608 6839 1926 5539 753 1594 6814 7640 1350
False
False
False
False
False
False
False
False
6176 276 3594 8205 3318 953 5728 8779 1474 599 4463 8263 1763 8994 5365 3506 5639 3634 8611 7078 1716 8750 7608 6839 1926 5539 753 1594 6814 7640 1030 330
6176 276 3594 8205 3318 953 5728 8779 1474 599 4463 8263 1763 8994 5365 3506 5639 3634 8611 7078 1716 8750 7608 6839 1926 5539 753 1594 6814 7640 1030
32
32
32
32
6176 276 3594 8205 3318 953 5728 8779 1474 599 4463 8263 1763 8994 5365 3506 5639 3634 8611 7078 1716 8750 7608 6839 1926 5539 753 1594 6814 7640 1030 7557
6176 276 3594 8205 3318 953 5728 8779 1474 599 4463 8263 1763 8994 5365 3506 5639 3634 8611 7078 1716 8750 7608 6839 1926 5539 753 1594 6814 7640 1030 7557
6176 276 3594 8205 3318 953 5728 8779 1474 599 4463 8263 1763 8994 5365 3506 5639 3634 8611 7078 1716 8750 7608 6839 1926 5539 753 1594 6814 7640 1030 7557
False
False
False
35
False
False
6176 276 3594 8205 3318 953 5728 8779 1474 599 4463 8263 1763 8994 5365 3506 5639 3634 8611 7078 1716 8750 7608 6839 1926 5539 753 1594 6814 7640 1030 7557 2545 1125
34
34
34
33
33
False
False
6176 276 3594 8205 3318 953 5728 8779 1474 599 4463 8263 1763 8994 5365 3506 5639 3634 8611 7078 1716 8750 7608 6839 1926 5539 753 1594 6814 7640 1030 7557 2545 7651 1586
False
35
False
False
30
30
6176 276 3594 8205 3318 953 5728 8779 1474 599 4463 8263 1763 8994 5365 3506 5639 3634 8611 7078 1716 8750 7608 6839 1926 5539 753 1594 6814
False
False
30
29
6176 276 3594 8205 3318 953 5728 8779 1474 599 4463 8263 1763 8994 5365 3506 5639 3634 8611 7078 1716 8750 7608 6839 1926 5539 753 1594
28
False
False
6176 276 3594 8205 3318 953 5728 8779 1474 599 4463 8263 1763 8994 5365 3506 5639 3634 8611 7078 1716 8750 7608 6839 1926 5539 753 1594
False
28
False
False
6176 276 3594 8205 3318 953 5728 8779 1474 599 4463 8263 1763 8994 5365 3506 5639 3634 8611 7078 1716 8750 7608 6839 1926 5539
25
25
24
6176 276 3594 8205 3318 953 5728 8779 1474 599 4463 8263 1763 8994 5365 3506 5639 3634 8611 7078 1716 8750 7608 6839
False
6176 276 3594 8205 3318 953 5728 8779 1474 599 4463 8263 1763 8994 5365 3506 5639 3634 8611 7078 1716 8750 7608 6839 3863
24
False
False
21
22
22
False
22
22
False
False
6176 276 3594 8205 3318 953 5728 8779 1474 599 4463 8263 1763 8994 5365 3506 5639 3634 8611 7242
False
False
6176 276 3594 8205 3318 953 5728 8779 1474 599 4463 8263 1763 8994 5365 3506 5639 3634 8611 7242
False
False
False
6176 276 3594 8205 3318 953 5728 8779 1474 599 4463 8263 1763 8994 5365 3506 5639 3634
6176 276 3594 8205 3318 953 5728 8779 1474 599 4463 8263 1763 8994 5365 3506 5639 3634
6176 276 3594 8205 3318 953 5728 8779 1474 599 4463 8263 1763 8994 5365 3506 5639
15
False
16
6176 276 3594 8205 3318 953 5728 8779 1474 599 4463 8263 1763 8994 5365 4874
False
False
16
False
False
16
False
False
17
False
6176 276 3594 8205 3318 953 5728 8779 1474 599 4463 8263 1763 8994 6076 2001 334
False
6176 276 3594 8205 3318 953 5728 8779 1474 599 4463 8263 1763 8994 6076 2001 334 1759
20
6176 276 3594 8205 3318 953 5728 8779 1474 599 4463 8263 1763 8994 6076 2001 334 1759 8560 7956
False
False
False
20
20
6176 276 3594 8205 3318 953 5728 8779 1474 599 4463 8263 1763 8994 6076 2001 334 1759
19
False
False
False
16
16
False
6176 276 3594 8205 3318 953 5728 8779 1474 599 4463 8263 1763 8994 6076 2001 8907
False
False
6176 276 3594 8205 3318 953 5728 8779 1474 599 4463 8263 1763 8994 6076 8718
False
False
6176 276 3594 8205 3318 953 5728 8779 1474 599 4463 8263 1763 8994 6076 8718 572
6176 276 3594 8205 3318 953 5728 8779 1474 599 4463 8263 1763 8994 6076 8718
6176 276 3594 8205 3318 953 5728 8779 1474 599 4463 8263 1763 8994 6076 8718
False
17
False
False
False
6176 276 3594 8205 3318 953 5728 8779 1474 599 4463 8263 1763 8994 6076 8718 1740 2971
False
False
False
15
False
17
False
6176 276 3594 8205 3318 953 5728 8779 1474 599 4463 8263 1763 8994 6076 1945 7481 2245
18
6176 276 3594 8205 3318 953 5728 8779 1474 599 4463 8263 1763 8994 6076 1945 7481 6171
False
19
False
False
False
21
False
6176 276 3594 8205 3318 953 5728 8779 1474 599 4463 8263 1763 8994 6076 1945 7481 9362 4051 7454
6176 276 3594 8205 3318 953 5728 8779 1474 599 4463 8263 1763 8994 6076 1945 7481 9362 4051 7454
22
21
False
24
False
False
6176 276 3594 8205 3318 953 5728 8779 1474 599 4463 8263 1763 8994 6076 1945 7481 9362 4051 7987 8711
False
False
False
25
False
6176 276 3594 8205 3318 953 5728 8779 1474 599 4463 8263 1763 8994 6076 1945 7481 9362 4051 7987 8711 8999 775 6876 5364
False
False
23
False
False
6176 276 3594 8205 3318 953 5728 8779 1474 599 4463 8263 1763 8994 6076 1945 7481 9362 4051 2537
False
False
6176 276 3594 8205 3318 953 5728 8779 1474 599 4463 8263 1763 8994 6076 1945 7481 9362 4051 5490
False
False
28
6176 276 3594 8205 3318 953 5728 8779 1474 599 4463 8263 1763 8994 6076 1945 7481 9362 4051 5490 418 5059 2704 1955 1830 2479 9084 1980
28
False
False
False
28
False
False
30
30
31
6176 276 3594 8205 3318 953 5728 8779 1474 599 4463 8263 1763 8994 6076 1945 7481 9362 4051 5490 418 5059 2704 1955 1830 2479 2585 2594 4595 2523 6108
False
False
False
False
False
False
False
34
6176 276 3594 8205 3318 953 5728 8779 1474 599 4463 8263 1763 8994 6076 1945 7481 9362 4051 5490 418 5059 2704 1955 1830 2479 2585 2594 4595 2523 7996 6953 2711 3510 7758 3029
6176 276 3594 8205 3318 953 5728 8779 1474 599 4463 8263 1763 8994 6076 1945 7481 9362 4051 5490 418 5059 2704 1955 1830 2479 2585 2594 4595 2523 7996 6953 2711 3510 7758
False
False
32
32
False
False
False
6176 276 3594 8205 3318 953 5728 8779 1474 599 4463 8263 1763 8994 6076 1945 7481 9362 4051 5490 418 5059 2704 1955 1830 2479 2585 2594 4595 2523 7996 8975 557 1270
False
6176 276 3594 8205 3318 953 5728 8779 1474 599 4463 8263 1763 8994 6076 1945 7481 9362 4051 5490 418 5059 2704 1955 1830 2479 2585 2594 4595 2523 7996 8975 557 1270 6733 6848
False
False
False
6176 276 3594 8205 3318 953 5728 8779 1474 599 4463 8263 1763 8994 6076 1945 7481 9362 4051 5490 418 5059 2704 1955 1830 2479 2585 2594
6176 276 3594 8205 3318 953 5728 8779 1474 599 4463 8263 1763 8994 6076 1945 7481 9362 4051 5490 418 5059 2704 1955 1830 2479 2585 2594
False
False
False
False
False
6176 276 3594 8205 3318 953 5728 8779 1474 599 4463 8263 1763 8994 6076 1945 7481 9362 4051 5490 418 5059 2704 1955 1830 2479 2585 2594 5826 2207 6150 4895
False
6176 276 3594 8205 3318 953 5728 8779 1474 599 4463 8263 1763 8994 6076 1945 7481 9362 4051 5490 418 5059 2704 1955 1830 2479 2585 2594 5826 2207 6150 4895 1588 8587
34
6176 276 3594 8205 3318 953 5728 8779 1474 599 4463 8263 1763 8994 6076 1945 7481 9362 4051 5490 418 5059 2704 1955 1830 2479 2585 2594 5826 2207 6150 4895
33
34
6176 276 3594 8205 3318 953 5728 8779 1474 599 4463 8263 1763 8994 6076 1945 7481 9362 4051 5490 418 5059 2704 1955 1830 2479 2585 2594 5826 2207 6150 4895 1377 269 4721
False
False
36
36
False
6176 276 3594 8205 3318 953 5728 8779 1474 599 4463 8263 1763 8994 6076 1945 7481 9362 4051 5490 418 5059 2704 1955 1830 2479 2585 2594 5826 2207 6150 4895 1377 269 4721 1006 4320
37
False
False
36
36
False
6176 276 3594 8205 3318 953 5728 8779 1474 599 4463 8263 1763 8994 6076 1945 7481 9362 4051 5490 418 5059 2704 1955 1830 2479 2585 2594 5826 2207 6150 4895 1377 269 4721 195 7338
False
37
False
False
6176 276 3594 8205 3318 953 5728 8779 1474 599 4463 8263 1763 8994 6076 1945 7481 9362 4051 5490 418 5059 2704 1955 1830 2479 2585 2594 5826 2207 6150 4895 1377 269 4721 195 6190 9245 5057 1488
6176 276 3594 8205 3318 953 5728 8779 1474 599 4463 8263 1763 8994 6076 1945 7481 9362 4051 5490 418 5059 2704 1955 1830 2479 2585 2594 5826 2207 6150 4895 1377 269 4721 195 6190 9245 5057 1488
40
6176 276 3594 8205 3318 953 5728 8779 1474 599 4463 8263 1763 8994 6076 1945 7481 9362 4051 5490 418 5059 2704 1955 1830 2479 2585 2594 5826 2207 6150 4895 1377 269 4721 195 6190 9245 5057 1488
39
39
39
False
39
False
40
6176 276 3594 8205 3318 953 5728 8779 1474 599 4463 8263 1763 8994 6076 1945 7481 9362 4051 5490 418 5059 2704 1955 1830 2479 2585 2594 5826 2207 6150 4895 1377 269 4721 195 6190 7369 8794 1866
False
False
False
False
36
36
37
False
6176 276 3594 8205 3318 953 5728 8779 1474 599 4463 8263 1763 8994 6076 1945 7481 9362 4051 5490 418 5059 2704 1955 1830 2479 2585 2594 5826 2207 6150 4895 1377 269 4721 1584 3998
False
False
False
37
False
36
6176 276 3594 8205 3318 953 5728 8779 1474 599 4463 8263 1763 8994 6076 1945 7481 9362 4051 5490 418 5059 2704 1955 1830 2479 2585 2594 5826 2207 6150 4895 1377 269 128 4014
False
35
False
False
False
6176 276 3594 8205 3318 953 5728 8779 1474 599 4463 8263 1763 8994 6076 1945 7481 9362 4051 5490 418 5059 2704 1955 1830 2479 2585 2594 5826 2207 6150 4895 1377 269 128 5712 6418 8830 6155
39
False
False
39
6176 276 3594 8205 3318 953 5728 8779 1474 599 4463 8263 1763 8994 6076 1945 7481 9362 4051 5490 418 5059 2704 1955 1830 2479 2585 2594 5826 2207 6150 4895 1377 269 128 5712 6418 8830 6155
False
False
6176 276 3594 8205 3318 953 5728 8779 1474 599 4463 8263 1763 8994 6076 1945 7481 9362 4051 5490 418 5059 2704 1955 1830 2479 2585 2594 5826 2207 6150 4895 1377 269 128 5712 6418 8830 1375 2205 8649 3414 4306 7632 1322
6176 276 3594 8205 3318 953 5728 8779 1474 599 4463 8263 1763 8994 6076 1945 7481 9362 4051 5490 418 5059 2704 1955 1830 2479 2585 2594 5826 2207 6150 4895 1377 269 128 5712 6418 8830 1375 2205 8649 3414 4306 7632 1322
44
6176 276 3594 8205 3318 953 5728 8779 1474 599 4463 8263 1763 8994 6076 1945 7481 9362 4051 5490 418 5059 2704 1955 1830 2479 2585 2594 5826 2207 6150 4895 1377 269 128 5712 6418 8830 1375 2205 8649 3414 4306
6176 276 3594 8205 3318 953 5728 8779 1474 599 4463 8263 1763 8994 6076 1945 7481 9362 4051 5490 418 5059 2704 1955 1830 2479 2585 2594 5826 2207 6150 4895 1377 269 128 5712 6418 8830 1375 2205 8649 3414 4306
6176 276 3594 8205 3318 953 5728 8779 1474 599 4463 8263 1763 8994 6076 1945 7481 9362 4051 5490 418 5059 2704 1955 1830 2479 2585 2594 5826 2207 6150 4895 1377 269 128 5712 6418 8830 1375 2205 8649 3414 8272
False
44
False
False
6176 276 3594 8205 3318 953 5728 8779 1474 599 4463 8263 1763 8994 6076 1945 7481 9362 4051 5490 418 5059 2704 1955 1830 2479 2585 2594 5826 2207 6150 4895 1377 269 128 5712 6418 8830 1375 2205 8649 3414 8272 9354 7376
False
6176 276 3594 8205 3318 953 5728 8779 1474 599 4463 8263 1763 8994 6076 1945 7481 9362 4051 5490 418 5059 2704 1955 1830 2479 2585 2594 5826 2207 6150 4895 1377 269 128 5712 6418 8830 1375 2205 8649 3414 8272
False
43
44
False
6176 276 3594 8205 3318 953 5728 8779 1474 599 4463 8263 1763 8994 6076 1945 7481 9362 4051 5490 418 5059 2704 1955 1830 2479 2585 2594 5826 2207 6150 4895 1377 269 128 5712 6418 8830 1375 2205 8649 3414 8272 1648
6176 276 3594 8205 3318 953 5728 8779 1474 599 4463 8263 1763 8994 6076 1945 7481 9362 4051 5490 418 5059 2704 1955 1830 2479 2585 2594 5826 2207 6150 4895 1377 269 128 5712 6418 8830 1375 2205 8649 3414 8272 1648
6176 276 3594 8205 3318 953 5728 8779 1474 599 4463 8263 1763 8994 6076 1945 7481 9362 4051 5490 418 5059 2704 1955 1830 2479 2585 2594 5826 2207 6150 4895 1377 269 128 5712 6418 8830 1375 2205 8649 3414 8272 1648
6176 276 3594 8205 3318 953 5728 8779 1474 599 4463 8263 1763 8994 6076 1945 7481 9362 4051 5490 418 5059 2704 1955 1830 2479 2585 2594 5826 2207 6150 4895 1377 269 128 5712 6418 8830 1375 2205 8649 3414 8272
False
45
6176 276 3594 8205 3318 953 5728 8779 1474 599 4463 8263 1763 8994 6076 1945 7481 9362 4051 5490 418 5059 2704 1955 1830 2479 2585 2594 5826 2207 6150 4895 1377 269 128 5712 6418 8830 1375 2205 8649 3414 8272 9100 8281
6176 276 3594 8205 3318 953 5728 8779 1474 599 4463 8263 1763 8994 6076 1945 7481 9362 4051 5490 418 5059 2704 1955 1830 2479 2585 2594 5826 2207 6150 4895 1377 269 128 5712 6418 8830 1375 2205 8649 3414 8272 9100 8281
False
False
6176 276 3594 8205 3318 953 5728 8779 1474 599 4463 8263 1763 8994 6076 1945 7481 9362 4051 5490 418 5059 2704 1955 1830 2479 2585 2594 5826 2207 6150 4895 1377 269 128 5712 6418 8830 1375 2205 8880
False
False
False
6176 276 3594 8205 3318 953 5728 8779 1474 599 4463 8263 1763 8994 6076 1945 7481 9362 4051 5490 418 5059 2704 1955 1830 2479 2585 2594 5826 2207 6150 4895 1377 269 128 5712 6418 8830 1375 2205 8880 9670 7054 8075 3941 2200
6176 276 3594 8205 3318 953 5728 8779 1474 599 4463 8263 1763 8994 6076 1945 7481 9362 4051 5490 418 5059 2704 1955 1830 2479 2585 2594 5826 2207 6150 4895 1377 269 128 5712 6418 8830 1375 2205 8880 9670 7054 8075 3941 2200
45
6176 276 3594 8205 3318 953 5728 8779 1474 599 4463 8263 1763 8994 6076 1945 7481 9362 4051 5490 418 5059 2704 1955 1830 2479 2585 2594 5826 2207 6150 4895 1377 269 128 5712 6418 8830 1375 2205 8880 9670 7054 8075 3941
False
False
False
45
6176 276 3594 8205 3318 953 5728 8779 1474 599 4463 8263 1763 8994 6076 1945 7481 9362 4051 5490 418 5059 2704 1955 1830 2479 2585 2594 5826 2207 6150 4895 1377 269 128 5712 6418 8830 1375 2205 8880 9670
6176 276 3594 8205 3318 953 5728 8779 1474 599 4463 8263 1763 8994 6076 1945 7481 9362 4051 5490 418 5059 2704 1955 1830 2479 2585 2594 5826 2207 6150 4895 1377 269 128 5712 6418 8830 1375 2205 8880 9670
6176 276 3594 8205 3318 953 5728 8779 1474 599 4463 8263 1763 8994 6076 1945 7481 9362 4051 5490 418 5059 2704 1955 1830 2479 2585 2594 5826 2207 6150 4895 1377 269 128 5712 6418 8830 1375 2205 8880 9670 6219
6176 276 3594 8205 3318 953 5728 8779 1474 599 4463 8263 1763 8994 6076 1945 7481 9362 4051 5490 418 5059 2704 1955 1830 2479 2585 2594 5826 2207 6150 4895 1377 269 128 5712 6418 8830 1375 2205 8880 9670 6219
False
43
False
42
False
False
False
6176 276 3594 8205 3318 953 5728 8779 1474 599 4463 8263 1763 8994 6076 1945 7481 9362 4051 5490 418 5059 2704 1955 1830 2479 2585 2594 5826 2207 6150 4895 1377 269 128 5712 6418 8830 1375 2205 8880 3899 97 2762 7723
False
45
False
43
False
False
False
False
False
40
40
False
41
41
False
6176 276 3594 8205 3318 953 5728 8779 1474 599 4463 8263 1763 8994 6076 1945 7481 9362 4051 5490 418 5059 2704 1955 1830 2479 2585 2594 5826 2207 6150 4895 1377 269 128 5712 6418 8830 1375 2205 6697
6176 276 3594 8205 3318 953 5728 8779 1474 599 4463 8263 1763 8994 6076 1945 7481 9362 4051 5490 418 5059 2704 1955 1830 2479 2585 2594 5826 2207 6150 4895 1377 269 128 5712 6418 8830 1375 2205
False
False
41
40
39
39
False
False
False
37
False
6176 276 3594 8205 3318 953 5728 8779 1474 599 4463 8263 1763 8994 6076 1945 7481 9362 4051 5490 418 5059 2704 1955 1830 2479 2585 2594 5826 2207 6150 4895 1377 269 128 5712 6418
False
6176 276 3594 8205 3318 953 5728 8779 1474 599 4463 8263 1763 8994 6076 1945 7481 9362 4051 5490 418 5059 2704 1955 1830 2479 2585 2594 5826 2207 6150 4895 1377 269 128 5712 6418 4830 7650
38
False
38
False
False
False
False
False
False
False
False
False
False
False
6176 276 3594 8205 3318 953 5728 8779 1474 599 4463 8263 1763 8994 6076 1945 7481 9362 4051 5490 418 5059 2704 1955 1830 2479 2585 2594 5826 2207 6150 4895 1377 269 128 5712 6418 3165 8123 1993 5295 2890 7791 180 3483
False
45
False
False
False
False
6176 276 3594 8205 3318 953 5728 8779 1474 599 4463 8263 1763 8994 6076 1945 7481 9362 4051 5490 418 5059 2704 1955 1830 2479 2585 2594 5826 2207 6150 4895 1377 269 128 5712 6418 3165 8123 1993 5295 2890 3177
False
False
False
6176 276 3594 8205 3318 953 5728 8779 1474 599 4463 8263 1763 8994 6076 1945 7481 9362 4051 5490 418 5059 2704 1955 1830 2479 2585 2594 5826 2207 6150 4895 1377 269 128 5712 6418 3165 8123 1993 5295 2890 3177 9019 9780 9460
6176 276 3594 8205 3318 953 5728 8779 1474 599 4463 8263 1763 8994 6076 1945 7481 9362 4051 5490 418 5059 2704 1955 1830 2479 2585 2594 5826 2207 6150 4895 1377 269 128 5712 6418 3165 8123 1993 5295 2890 3177 9019 9780 9460 7083
45
46
False
False
False
False
43
43
False
False
False
False
6176 276 3594 8205 3318 953 5728 8779 1474 599 4463 8263 1763 8994 6076 1945 7481 9362 4051 5490 418 5059 2704 1955 1830 2479 2585 2594 5826 2207 6150 4895 1377 269 128 5712 6418 3165 8123 1993 5295 1565 4508 9582
False
6176 276 3594 8205 3318 953 5728 8779 1474 599 4463 8263 1763 8994 6076 1945 7481 9362 4051 5490 418 5059 2704 1955 1830 2479 2585 2594 5826 2207 6150 4895 1377 269 128 5712 6418 3165 8123 1993 5295 1565 4508 9582 3300
False
False
False
False
6176 276 3594 8205 3318 953 5728 8779 1474 599 4463 8263 1763 8994 6076 1945 7481 9362 4051 5490 418 5059 2704 1955 1830 2479 2585 2594 5826 2207 6150 4895 1377 269 128 5712 6418 3165 8123 1993 5295 1565 4508 4252
44
False
False
43
False
False
6176 276 3594 8205 3318 953 5728 8779 1474 599 4463 8263 1763 8994 6076 1945 7481 9362 4051 5490 418 5059 2704 1955 1830 2479 2585 2594 5826 2207 6150 4895 1377 269 128 5712 6418 3165 8123 1993 5295 1565 4508
False
False
False
False
False
6176 276 3594 8205 3318 953 5728 8779 1474 599 4463 8263 1763 8994 6076 1945 7481 9362 4051 5490 418 5059 2704 1955 1830 2479 2585 2594 5826 2207 6150 4895 1377 269 128 5712 6418 3165 8123 1993
False
6176 276 3594 8205 3318 953 5728 8779 1474 599 4463 8263 1763 8994 6076 1945 7481 9362 4051 5490 418 5059 2704 1955 1830 2479 2585 2594 5826 2207 6150 4895 1377 269 128 5712 6418 3165 8123 1993 8214 5062 4296
False
6176 276 3594 8205 3318 953 5728 8779 1474 599 4463 8263 1763 8994 6076 1945 7481 9362 4051 5490 418 5059 2704 1955 1830 2479 2585 2594 5826 2207 6150 4895 1377 269 128 5712 6418 3165 8123 1993 8214 5062 3325 4955 1539
False
False
False
6176 276 3594 8205 3318 953 5728 8779 1474 599 4463 8263 1763 8994 6076 1945 7481 9362 4051 5490 418 5059 2704 1955 1830 2479 2585 2594 5826 2207 6150 4895 1377 269 128 5712 6418 3165 8123 1993 8214 5062 1075 456 7669 9911
False
False
False
False
False
False
6176 276 3594 8205 3318 953 5728 8779 1474 599 4463 8263 1763 8994 6076 1945 7481 9362 4051 5490 418 5059 2704 1955 1830 2479 2585 2594 5826 2207 6150 4895 1377 269 128 5712 6418 3165 8123 1993 8214 5062 1075 4904 2366 1882 5566
False
45
False
45
False
6176 276 3594 8205 3318 953 5728 8779 1474 599 4463 8263 1763 8994 6076 1945 7481 9362 4051 5490 418 5059 2704 1955 1830 2479 2585 2594 5826 2207 6150 4895 1377 269 128 5712 6418 3165 8123 1993 8214 5062 1075 4904 2366 5896
False
6176 276 3594 8205 3318 953 5728 8779 1474 599 4463 8263 1763 8994 6076 1945 7481 9362 4051 5490 418 5059 2704 1955 1830 2479 2585 2594 5826 2207 6150 4895 1377 269 128 5712 6418 3165 8123 1993 8214 5062 1075 4904 2366 5896 5728
False
False
6176 276 3594 8205 3318 953 5728 8779 1474 599 4463 8263 1763 8994 6076 1945 7481 9362 4051 5490 418 5059 2704 1955 1830 2479 2585 2594 5826 2207 6150 4895 1377 269 128 5712 6418 3165 8123 1993 8214 5062 1075 4904 2366 5896 5728 5237 5884
False
False
6176 276 3594 8205 3318 953 5728 8779 1474 599 4463 8263 1763 8994 6076 1945 7481 9362 4051 5490 418 5059 2704 1955 1830 2479 2585 2594 5826 2207 6150 4895 1377 269 128 5712 6418 3165 8123 1993 8214 5062 1075 4904 2366 455 1324
False
False
6176 276 3594 8205 3318 953 5728 8779 1474 599 4463 8263 1763 8994 6076 1945 7481 9362 4051 5490 418 5059 2704 1955 1830 2479 2585 2594 5826 2207 6150 4895 1377 269 128 5712 6418 3165 8123 1993 8214 5062 1075 4904 2366 455
False
6176 276 3594 8205 3318 953 5728 8779 1474 599 4463 8263 1763 8994 6076 1945 7481 9362 4051 5490 418 5059 2704 1955 1830 2479 2585 2594 5826 2207 6150 4895 1377 269 128 5712 6418 3165 8123 1993 8214 5062 1075 4904 2366 455
45
45
45
6176 276 3594 8205 3318 953 5728 8779 1474 599 4463 8263 1763 8994 6076 1945 7481 9362 4051 5490 418 5059 2704 1955 1830 2479 2585 2594 5826 2207 6150 4895 1377 269 128 5712 6418 3165 8123 1993 8214 5062 1075 4904 2366 7938 7476
47
6176 276 3594 8205 3318 953 5728 8779 1474 599 4463 8263 1763 8994 6076 1945 7481 9362 4051 5490 418 5059 2704 1955 1830 2479 2585 2594 5826 2207 6150 4895 1377 269 128 5712 6418 3165 8123 1993 8214 5062 1075 4904 2366 7938 2520
False
48
False
False
False
False
47
False
6176 276 3594 8205 3318 953 5728 8779 1474 599 4463 8263 1763 8994 6076 1945 7481 9362 4051 5490 418 5059 2704 1955 1830 2479 2585 2594 5826 2207 6150 4895 1377 269 128 5712 6418 3165 8123 1993 8214 5062 1075 4904 2366 7938 7882
48
False
False
49
6176 276 3594 8205 3318 953 5728 8779 1474 599 4463 8263 1763 8994 6076 1945 7481 9362 4051 5490 418 5059 2704 1955 1830 2479 2585 2594 5826 2207 6150 4895 1377 269 128 5712 6418 3165 8123 1993 8214 5062 1075 4904 2366 7938 7882 3720 2368 2674 314
False
6176 276 3594 8205 3318 953 5728 8779 1474 599 4463 8263 1763 8994 6076 1945 7481 9362 4051 5490 418 5059 2704 1955 1830 2479 2585 2594 5826 2207 6150 4895 1377 269 128 5712 6418 3165 8123 1993 8214 5062 1075 4904 2366 7938 7882 3720 2368 2674
6176 276 3594 8205 3318 953 5728 8779 1474 599 4463 8263 1763 8994 6076 1945 7481 9362 4051 5490 418 5059 2704 1955 1830 2479 2585 2594 5826 2207 6150 4895 1377 269 128 5712 6418 3165 8123 1993 8214 5062 1075 4904 2366 7938 7882 3720 2368 2674
49
6176 276 3594 8205 3318 953 5728 8779 1474 599 4463 8263 1763 8994 6076 1945 7481 9362 4051 5490 418 5059 2704 1955 1830 2479 2585 2594 5826 2207 6150 4895 1377 269 128 5712 6418 3165 8123 1993 8214 5062 1075 4904 2366 7938 7882 3720 2368
False
False
False
49
6176 276 3594 8205 3318 953 5728 8779 1474 599 4463 8263 1763 8994 6076 1945 7481 9362 4051 5490 418 5059 2704 1955 1830 2479 2585 2594 5826 2207 6150 4895 1377 269 128 5712 6418 3165 8123 1993 8214 5062 1075 4904 2366 7938 7882 3720 2368
False
False
53
53
54
6176 276 3594 8205 3318 953 5728 8779 1474 599 4463 8263 1763 8994 6076 1945 7481 9362 4051 5490 418 5059 2704 1955 1830 2479 2585 2594 5826 2207 6150 4895 1377 269 128 5712 6418 3165 8123 1993 8214 5062 1075 4904 2366 7938 7882 3720 3251 3089 2558 1572 6641 8966 5160 1913
6176 276 3594 8205 3318 953 5728 8779 1474 599 4463 8263 1763 8994 6076 1945 7481 9362 4051 5490 418 5059 2704 1955 1830 2479 2585 2594 5826 2207 6150 4895 1377 269 128 5712 6418 3165 8123 1993 8214 5062 1075 4904 2366 7938 7882 3720 3251 3089 2558 1572 6641 8966 5160 1913
55
56
6176 276 3594 8205 3318 953 5728 8779 1474 599 4463 8263 1763 8994 6076 1945 7481 9362 4051 5490 418 5059 2704 1955 1830 2479 2585 2594 5826 2207 6150 4895 1377 269 128 5712 6418 3165 8123 1993 8214 5062 1075 4904 2366 7938 7882 3720 3251 3089 2558 1572 6641 8966 5160
False
False
57
6176 276 3594 8205 3318 953 5728 8779 1474 599 4463 8263 1763 8994 6076 1945 7481 9362 4051 5490 418 5059 2704 1955 1830 2479 2585 2594 5826 2207 6150 4895 1377 269 128 5712 6418 3165 8123 1993 8214 5062 1075 4904 2366 7938 7882 3720 3251 3089 2558 1572 6641 8966 5160 5781 8456
57
False
6176 276 3594 8205 3318 953 5728 8779 1474 599 4463 8263 1763 8994 6076 1945 7481 9362 4051 5490 418 5059 2704 1955 1830 2479 2585 2594 5826 2207 6150 4895 1377 269 128 5712 6418 3165 8123 1993 8214 5062 1075 4904 2366 7938 7882 3720 3251 3089 2558 1572 6641 8966 5160 5781 8123 8445
False
56
False
False
False
False
False
False
False
False
6176 276 3594 8205 3318 953 5728 8779 1474 599 4463 8263 1763 8994 6076 1945 7481 9362 4051 5490 418 5059 2704 1955 1830 2479 2585 2594 5826 2207 6150 4895 1377 269 128 5712 6418 3165 8123 1993 8214 5062 1075 4904 2366 7938 7882 3720 3251 3089 2558 1572 6641 8966 5160 1727 784 2020 6239
6176 276 3594 8205 3318 953 5728 8779 1474 599 4463 8263 1763 8994 6076 1945 7481 9362 4051 5490 418 5059 2704 1955 1830 2479 2585 2594 5826 2207 6150 4895 1377 269 128 5712 6418 3165 8123 1993 8214 5062 1075 4904 2366 7938 7882 3720 3251 3089 2558 1572 6641 8966 5160 1727 784
6176 276 3594 8205 3318 953 5728 8779 1474 599 4463 8263 1763 8994 6076 1945 7481 9362 4051 5490 418 5059 2704 1955 1830 2479 2585 2594 5826 2207 6150 4895 1377 269 128 5712 6418 3165 8123 1993 8214 5062 1075 4904 2366 7938 7882 3720 3251 3089 2558 1572 6641 8966 5160
False
6176 276 3594 8205 3318 953 5728 8779 1474 599 4463 8263 1763 8994 6076 1945 7481 9362 4051 5490 418 5059 2704 1955 1830 2479 2585 2594 5826 2207 6150 4895 1377 269 128 5712 6418 3165 8123 1993 8214 5062 1075 4904 2366 7938 7882 3720 3251 3089 2558 1572 6641
False
51
53
6176 276 3594 8205 3318 953 5728 8779 1474 599 4463 8263 1763 8994 6076 1945 7481 9362 4051 5490 418 5059 2704 1955 1830 2479 2585 2594 5826 2207 6150 4895 1377 269 128 5712 6418 3165 8123 1993 8214 5062 1075 4904 2366 7938 7882 3720 3251 8388 5508 7552 8835
False
6176 276 3594 8205 3318 953 5728 8779 1474 599 4463 8263 1763 8994 6076 1945 7481 9362 4051 5490 418 5059 2704 1955 1830 2479 2585 2594 5826 2207 6150 4895 1377 269 128 5712 6418 3165 8123 1993 8214 5062 1075 4904 2366 7938 7882 3720 3251 8388 5508 7552
False
False
50
False
6176 276 3594 8205 3318 953 5728 8779 1474 599 4463 8263 1763 8994 6076 1945 7481 9362 4051 5490 418 5059 2704 1955 1830 2479 2585 2594 5826 2207 6150 4895 1377 269 128 5712 6418 3165 8123 1993 8214 5062 1075 4904 2366 7938 7882 3720 3251 2650
False
False
51
False
False
False
False
False
6176 276 3594 8205 3318 953 5728 8779 1474 599 4463 8263 1763 8994 6076 1945 7481 9362 4051 5490 418 5059 2704 1955 1830 2479 2585 2594 5826 2207 6150 4895 1377 269 128 5712 6418 3165 8123 1993 8214 5062 1075 4904 2366 7938 7882 3720 3251 4224 7712 5475 254 2693 5334
False
55
False
58
False
59
59
59
False
False
False
6176 276 3594 8205 3318 953 5728 8779 1474 599 4463 8263 1763 8994 6076 1945 7481 9362 4051 5490 418 5059 2704 1955 1830 2479 2585 2594 5826 2207 6150 4895 1377 269 128 5712 6418 3165 8123 1993 8214 5062 1075 4904 2366 7938 7882 3720 3251 4224 7712 5475 254 2693 2310 6023 4870
6176 276 3594 8205 3318 953 5728 8779 1474 599 4463 8263 1763 8994 6076 1945 7481 9362 4051 5490 418 5059 2704 1955 1830 2479 2585 2594 5826 2207 6150 4895 1377 269 128 5712 6418 3165 8123 1993 8214 5062 1075 4904 2366 7938 7882 3720 3251 4224 7712 5475 254 2693 2310 6023 4870
56
False
6176 276 3594 8205 3318 953 5728 8779 1474 599 4463 8263 1763 8994 6076 1945 7481 9362 4051 5490 418 5059 2704 1955 1830 2479 2585 2594 5826 2207 6150 4895 1377 269 128 5712 6418 3165 8123 1993 8214 5062 1075 4904 2366 7938 7882 3720 3251 4224 7712 5475 254 2693 4820
6176 276 3594 8205 3318 953 5728 8779 1474 599 4463 8263 1763 8994 6076 1945 7481 9362 4051 5490 418 5059 2704 1955 1830 2479 2585 2594 5826 2207 6150 4895 1377 269 128 5712 6418 3165 8123 1993 8214 5062 1075 4904 2366 7938 7882 3720 3251 4224 7712 5475 254 2693 845
False
False
6176 276 3594 8205 3318 953 5728 8779 1474 599 4463 8263 1763 8994 6076 1945 7481 9362 4051 5490 418 5059 2704 1955 1830 2479 2585 2594 5826 2207 6150 4895 1377 269 128 5712 6418 3165 8123 1993 8214 5062 1075 4904 2366 7938 7882 3720 3251 4224 7712 5475 254 2693 845 4293 123 3866 2731 7123 8710
False
False
False
False
6176 276 3594 8205 3318 953 5728 8779 1474 599 4463 8263 1763 8994 6076 1945 7481 9362 4051 5490 418 5059 2704 1955 1830 2479 2585 2594 5826 2207 6150 4895 1377 269 128 5712 6418 3165 8123 1993 8214 5062 1075 4904 2366 7938 7882 3720 3251 4224 7712 5475 254 2693 845 4293 123 3866 2731 926 9790
False
False
6176 276 3594 8205 3318 953 5728 8779 1474 599 4463 8263 1763 8994 6076 1945 7481 9362 4051 5490 418 5059 2704 1955 1830 2479 2585 2594 5826 2207 6150 4895 1377 269 128 5712 6418 3165 8123 1993 8214 5062 1075 4904 2366 7938 7882 3720 3251 4224 7712 5475 254 2693 845 4293 123 3866 2731 926 9790
6176 276 3594 8205 3318 953 5728 8779 1474 599 4463 8263 1763 8994 6076 1945 7481 9362 4051 5490 418 5059 2704 1955 1830 2479 2585 2594 5826 2207 6150 4895 1377 269 128 5712 6418 3165 8123 1993 8214 5062 1075 4904 2366 7938 7882 3720 3251 4224 7712 5475 254 2693 845 4293 123 3866 2731 926 9790
6176 276 3594 8205 3318 953 5728 8779 1474 599 4463 8263 1763 8994 6076 1945 7481 9362 4051 5490 418 5059 2704 1955 1830 2479 2585 2594 5826 2207 6150 4895 1377 269 128 5712 6418 3165 8123 1993 8214 5062 1075 4904 2366 7938 7882 3720 3251 4224 7712 5475 254 2693 845 4293 123 3866 2731 926 9163 1350
6176 276 3594 8205 3318 953 5728 8779 1474 599 4463 8263 1763 8994 6076 1945 7481 9362 4051 5490 418 5059 2704 1955 1830 2479 2585 2594 5826 2207 6150 4895 1377 269 128 5712 6418 3165 8123 1993 8214 5062 1075 4904 2366 7938 7882 3720 3251 4224 7712 5475 254 2693 845 4293 123 3866 2731 926 9163
False
False
6176 276 3594 8205 3318 953 5728 8779 1474 599 4463 8263 1763 8994 6076 1945 7481 9362 4051 5490 418 5059 2704 1955 1830 2479 2585 2594 5826 2207 6150 4895 1377 269 128 5712 6418 3165 8123 1993 8214 5062 1075 4904 2366 7938 7882 3720 3251 4224 7712 5475 254 2693 845 4293 123 3866 2731 926 9163
False
6176 276 3594 8205 3318 953 5728 8779 1474 599 4463 8263 1763 8994 6076 1945 7481 9362 4051 5490 418 5059 2704 1955 1830 2479 2585 2594 5826 2207 6150 4895 1377 269 128 5712 6418 3165 8123 1993 8214 5062 1075 4904 2366 7938 7882 3720 3251 4224 7712 5475 254 2693 845 4293 123 3866 2731 926
False
60
False
False
64
6176 276 3594 8205 3318 953 5728 8779 1474 599 4463 8263 1763 8994 6076 1945 7481 9362 4051 5490 418 5059 2704 1955 1830 2479 2585 2594 5826 2207 6150 4895 1377 269 128 5712 6418 3165 8123 1993 8214 5062 1075 4904 2366 7938 7882 3720 3251 4224 7712 5475 254 2693 845 4293 123 3866 2731 926 8704 9623 7893 767
False
65
68
6176 276 3594 8205 3318 953 5728 8779 1474 599 4463 8263 1763 8994 6076 1945 7481 9362 4051 5490 418 5059 2704 1955 1830 2479 2585 2594 5826 2207 6150 4895 1377 269 128 5712 6418 3165 8123 1993 8214 5062 1075 4904 2366 7938 7882 3720 3251 4224 7712 5475 254 2693 845 4293 123 3866 2731 926 8704 9623 7893 767 9155 6715 1447 7771
False
False
False
63
6176 276 3594 8205 3318 953 5728 8779 1474 599 4463 8263 1763 8994 6076 1945 7481 9362 4051 5490 418 5059 2704 1955 1830 2479 2585 2594 5826 2207 6150 4895 1377 269 128 5712 6418 3165 8123 1993 8214 5062 1075 4904 2366 7938 7882 3720 3251 4224 7712 5475 254 2693 845 4293 123 3866 2731 926 8704 9623
False
62
6176 276 3594 8205 3318 953 5728 8779 1474 599 4463 8263 1763 8994 6076 1945 7481 9362 4051 5490 418 5059 2704 1955 1830 2479 2585 2594 5826 2207 6150 4895 1377 269 128 5712 6418 3165 8123 1993 8214 5062 1075 4904 2366 7938 7882 3720 3251 4224 7712 5475 254 2693 845 4293 123 3866 2731 926 8704 779
False
6176 276 3594 8205 3318 953 5728 8779 1474 599 4463 8263 1763 8994 6076 1945 7481 9362 4051 5490 418 5059 2704 1955 1830 2479 2585 2594 5826 2207 6150 4895 1377 269 128 5712 6418 3165 8123 1993 8214 5062 1075 4904 2366 7938 7882 3720 3251 4224 7712 5475 254 2693 845 4293 123 3866 2731 926 9873
6176 276 3594 8205 3318 953 5728 8779 1474 599 4463 8263 1763 8994 6076 1945 7481 9362 4051 5490 418 5059 2704 1955 1830 2479 2585 2594 5826 2207 6150 4895 1377 269 128 5712 6418 3165 8123 1993 8214 5062 1075 4904 2366 7938 7882 3720 3251 4224 7712 5475 254 2693 845 4293 123 3866 2731 926 7896
False
False
61
False
False
False
59
62
False
False
False
6176 276 3594 8205 3318 953 5728 8779 1474 599 4463 8263 1763 8994 6076 1945 7481 9362 4051 5490 418 5059 2704 1955 1830 2479 2585 2594 5826 2207 6150 4895 1377 269 128 5712 6418 3165 8123 1993 8214 5062 1075 4904 2366 7938 7882 3720 3251 4224 7712 5475 254 2693 845 4293 123 3866 2731 9635 3576
False
False
False
62
6176 276 3594 8205 3318 953 5728 8779 1474 599 4463 8263 1763 8994 6076 1945 7481 9362 4051 5490 418 5059 2704 1955 1830 2479 2585 2594 5826 2207 6150 4895 1377 269 128 5712 6418 3165 8123 1993 8214 5062 1075 4904 2366 7938 7882 3720 3251 4224 7712 5475 254 2693 845 4293 123 3866 2731 9635 9663
False
False
58
58
6176 276 3594 8205 3318 953 5728 8779 1474 599 4463 8263 1763 8994 6076 1945 7481 9362 4051 5490 418 5059 2704 1955 1830 2479 2585 2594 5826 2207 6150 4895 1377 269 128 5712 6418 3165 8123 1993 8214 5062 1075 4904 2366 7938 7882 3720 3251 4224 7712 5475 254 2693 845 4293 123 3866
False
57
6176 276 3594 8205 3318 953 5728 8779 1474 599 4463 8263 1763 8994 6076 1945 7481 9362 4051 5490 418 5059 2704 1955 1830 2479 2585 2594 5826 2207 6150 4895 1377 269 128 5712 6418 3165 8123 1993 8214 5062 1075 4904 2366 7938 7882 3720 3251 4224 7712 5475 254 2693 845 4293
False
6176 276 3594 8205 3318 953 5728 8779 1474 599 4463 8263 1763 8994 6076 1945 7481 9362 4051 5490 418 5059 2704 1955 1830 2479 2585 2594 5826 2207 6150 4895 1377 269 128 5712 6418 3165 8123 1993 8214 5062 1075 4904 2366 7938 7882 3720 3251 4224 7712 5475 254 2693 845 4293 826 1222
False
False
False
False
57
57
False
6176 276 3594 8205 3318 953 5728 8779 1474 599 4463 8263 1763 8994 6076 1945 7481 9362 4051 5490 418 5059 2704 1955 1830 2479 2585 2594 5826 2207 6150 4895 1377 269 128 5712 6418 3165 8123 1993 8214 5062 1075 4904 2366 7938 7882 3720 3251 4224 7712 5475 254 2693 845 4293
59
6176 276 3594 8205 3318 953 5728 8779 1474 599 4463 8263 1763 8994 6076 1945 7481 9362 4051 5490 418 5059 2704 1955 1830 2479 2585 2594 5826 2207 6150 4895 1377 269 128 5712 6418 3165 8123 1993 8214 5062 1075 4904 2366 7938 7882 3720 3251 4224 7712 5475 254 2693 845 4293 4485 8104 6917 5180
62
62
False
False
6176 276 3594 8205 3318 953 5728 8779 1474 599 4463 8263 1763 8994 6076 1945 7481 9362 4051 5490 418 5059 2704 1955 1830 2479 2585 2594 5826 2207 6150 4895 1377 269 128 5712 6418 3165 8123 1993 8214 5062 1075 4904 2366 7938 7882 3720 3251 4224 7712 5475 254 2693 845 4293 4485
False
False
False
False
False
False
60
6176 276 3594 8205 3318 953 5728 8779 1474 599 4463 8263 1763 8994 6076 1945 7481 9362 4051 5490 418 5059 2704 1955 1830 2479 2585 2594 5826 2207 6150 4895 1377 269 128 5712 6418 3165 8123 1993 8214 5062 1075 4904 2366 7938 7882 3720 3251 4224 7712 5475 254 2693 845 4293 4485 3759 2124 2073
False
False
6176 276 3594 8205 3318 953 5728 8779 1474 599 4463 8263 1763 8994 6076 1945 7481 9362 4051 5490 418 5059 2704 1955 1830 2479 2585 2594 5826 2207 6150 4895 1377 269 128 5712 6418 3165 8123 1993 8214 5062 1075 4904 2366 7938 7882 3720 3251 4224 7712 5475 254 2693 845 4293 4485 5714
False
False
56
6176 276 3594 8205 3318 953 5728 8779 1474 599 4463 8263 1763 8994 6076 1945 7481 9362 4051 5490 418 5059 2704 1955 1830 2479 2585 2594 5826 2207 6150 4895 1377 269 128 5712 6418 3165 8123 1993 8214 5062 1075 4904 2366 7938 7882 3720 3251 4224 7712 5475 254 2693 845
False
6176 276 3594 8205 3318 953 5728 8779 1474 599 4463 8263 1763 8994 6076 1945 7481 9362 4051 5490 418 5059 2704 1955 1830 2479 2585 2594 5826 2207 6150 4895 1377 269 128 5712 6418 3165 8123 1993 8214 5062 1075 4904 2366 7938 7882 3720 3251 4224 7712 5475 254 2693 845
57
6176 276 3594 8205 3318 953 5728 8779 1474 599 4463 8263 1763 8994 6076 1945 7481 9362 4051 5490 418 5059 2704 1955 1830 2479 2585 2594 5826 2207 6150 4895 1377 269 128 5712 6418 3165 8123 1993 8214 5062 1075 4904 2366 7938 7882 3720 3251 4224 7712 5475 254 2693
False
6176 276 3594 8205 3318 953 5728 8779 1474 599 4463 8263 1763 8994 6076 1945 7481 9362 4051 5490 418 5059 2704 1955 1830 2479 2585 2594 5826 2207 6150 4895 1377 269 128 5712 6418 3165 8123 1993 8214 5062 1075 4904 2366 7938 7882 3720 3251 4224 7712 5475 254
False
False
False
False
6176 276 3594 8205 3318 953 5728 8779 1474 599 4463 8263 1763 8994 6076 1945 7481 9362 4051 5490 418 5059 2704 1955 1830 2479 2585 2594 5826 2207 6150 4895 1377 269 128 5712 6418 3165 8123 1993 8214 5062 1075 4904 2366 7938 7882 3720 3251 4224 7712 5475 254 4878 7956 4097 3773 9201 9557 267
6176 276 3594 8205 3318 953 5728 8779 1474 599 4463 8263 1763 8994 6076 1945 7481 9362 4051 5490 418 5059 2704 1955 1830 2479 2585 2594 5826 2207 6150 4895 1377 269 128 5712 6418 3165 8123 1993 8214 5062 1075 4904 2366 7938 7882 3720 3251 4224 7712 5475 254 4878 7956 4097 3773 9201 9557 267
False
60
False
False
6176 276 3594 8205 3318 953 5728 8779 1474 599 4463 8263 1763 8994 6076 1945 7481 9362 4051 5490 418 5059 2704 1955 1830 2479 2585 2594 5826 2207 6150 4895 1377 269 128 5712 6418 3165 8123 1993 8214 5062 1075 4904 2366 7938 7882 3720 3251 4224 7712 5475 254 4878 7956 4097 3773 9201 9557
False
59
6176 276 3594 8205 3318 953 5728 8779 1474 599 4463 8263 1763 8994 6076 1945 7481 9362 4051 5490 418 5059 2704 1955 1830 2479 2585 2594 5826 2207 6150 4895 1377 269 128 5712 6418 3165 8123 1993 8214 5062 1075 4904 2366 7938 7882 3720 3251 4224 7712 5475 254 4878 7956 4097 3773 9201 9557
59
False
False
59
False
False
False
6176 276 3594 8205 3318 953 5728 8779 1474 599 4463 8263 1763 8994 6076 1945 7481 9362 4051 5490 418 5059 2704 1955 1830 2479 2585 2594 5826 2207 6150 4895 1377 269 128 5712 6418 3165 8123 1993 8214 5062 1075 4904 2366 7938 7882 3720 3251 4224 7712 5475 254 4878 7956 4097 3773 2302 2065
False
58
False
6176 276 3594 8205 3318 953 5728 8779 1474 599 4463 8263 1763 8994 6076 1945 7481 9362 4051 5490 418 5059 2704 1955 1830 2479 2585 2594 5826 2207 6150 4895 1377 269 128 5712 6418 3165 8123 1993 8214 5062 1075 4904 2366 7938 7882 3720 3251 4224 7712 5475 254 4878 7956 4097 3773 2433
False
6176 276 3594 8205 3318 953 5728 8779 1474 599 4463 8263 1763 8994 6076 1945 7481 9362 4051 5490 418 5059 2704 1955 1830 2479 2585 2594 5826 2207 6150 4895 1377 269 128 5712 6418 3165 8123 1993 8214 5062 1075 4904 2366 7938 7882 3720 3251 4224 7712 5475 254 4878 7956
False
57
False
55
False
6176 276 3594 8205 3318 953 5728 8779 1474 599 4463 8263 1763 8994 6076 1945 7481 9362 4051 5490 418 5059 2704 1955 1830 2479 2585 2594 5826 2207 6150 4895 1377 269 128 5712 6418 3165 8123 1993 8214 5062 1075 4904 2366 7938 7882 3720 3251 4224 7712 5475 254 4878 5812
55
6176 276 3594 8205 3318 953 5728 8779 1474 599 4463 8263 1763 8994 6076 1945 7481 9362 4051 5490 418 5059 2704 1955 1830 2479 2585 2594 5826 2207 6150 4895 1377 269 128 5712 6418 3165 8123 1993 8214 5062 1075 4904 2366 7938 7882 3720 3251 4224 7712 5475 254 4878
55
56
False
56
6176 276 3594 8205 3318 953 5728 8779 1474 599 4463 8263 1763 8994 6076 1945 7481 9362 4051 5490 418 5059 2704 1955 1830 2479 2585 2594 5826 2207 6150 4895 1377 269 128 5712 6418 3165 8123 1993 8214 5062 1075 4904 2366 7938 7882 3720 3251 4224 7712 5475 254 4878 9283 2055 380 464
False
False
False
60
6176 276 3594 8205 3318 953 5728 8779 1474 599 4463 8263 1763 8994 6076 1945 7481 9362 4051 5490 418 5059 2704 1955 1830 2479 2585 2594 5826 2207 6150 4895 1377 269 128 5712 6418 3165 8123 1993 8214 5062 1075 4904 2366 7938 7882 3720 3251 4224 7712 5475 254 4878 9283 2055 380 5678 3572
False
6176 276 3594 8205 3318 953 5728 8779 1474 599 4463 8263 1763 8994 6076 1945 7481 9362 4051 5490 418 5059 2704 1955 1830 2479 2585 2594 5826 2207 6150 4895 1377 269 128 5712 6418 3165 8123 1993 8214 5062 1075 4904 2366 7938 7882 3720 3251 4224 7712 5475 254 4878 9283 2055 380 5678 3572
False
6176 276 3594 8205 3318 953 5728 8779 1474 599 4463 8263 1763 8994 6076 1945 7481 9362 4051 5490 418 5059 2704 1955 1830 2479 2585 2594 5826 2207 6150 4895 1377 269 128 5712 6418 3165 8123 1993 8214 5062 1075 4904 2366 7938 7882 3720 3251 4224 7712 5475 254 4878 9283 2055 380 5678 6772 5323 6910
False
60
6176 276 3594 8205 3318 953 5728 8779 1474 599 4463 8263 1763 8994 6076 1945 7481 9362 4051 5490 418 5059 2704 1955 1830 2479 2585 2594 5826 2207 6150 4895 1377 269 128 5712 6418 3165 8123 1993 8214 5062 1075 4904 2366 7938 7882 3720 3251 4224 7712 5475 254 4878 9283 2055 380 5678 6772 5323
60
6176 276 3594 8205 3318 953 5728 8779 1474 599 4463 8263 1763 8994 6076 1945 7481 9362 4051 5490 418 5059 2704 1955 1830 2479 2585 2594 5826 2207 6150 4895 1377 269 128 5712 6418 3165 8123 1993 8214 5062 1075 4904 2366 7938 7882 3720 3251 4224 7712 5475 254 4878 9283 2055 380 5678 6772 9064
False
6176 276 3594 8205 3318 953 5728 8779 1474 599 4463 8263 1763 8994 6076 1945 7481 9362 4051 5490 418 5059 2704 1955 1830 2479 2585 2594 5826 2207 6150 4895 1377 269 128 5712 6418 3165 8123 1993 8214 5062 1075 4904 2366 7938 7882 3720 3251 4224 7712 5475 254 4878 9283 2055 380 5678 6772 9064 2683
False
6176 276 3594 8205 3318 953 5728 8779 1474 599 4463 8263 1763 8994 6076 1945 7481 9362 4051 5490 418 5059 2704 1955 1830 2479 2585 2594 5826 2207 6150 4895 1377 269 128 5712 6418 3165 8123 1993 8214 5062 1075 4904 2366 7938 7882 3720 3251 4224 7712 5475 254 4878 9283 2055 380 5678 6772 9064 2683 3362 8710
63
False
False
63
65
65
False
6176 276 3594 8205 3318 953 5728 8779 1474 599 4463 8263 1763 8994 6076 1945 7481 9362 4051 5490 418 5059 2704 1955 1830 2479 2585 2594 5826 2207 6150 4895 1377 269 128 5712 6418 3165 8123 1993 8214 5062 1075 4904 2366 7938 7882 3720 3251 4224 7712 5475 254 4878 9283 2055 380 5678 6772 9064 2683
False
59
6176 276 3594 8205 3318 953 5728 8779 1474 599 4463 8263 1763 8994 6076 1945 7481 9362 4051 5490 418 5059 2704 1955 1830 2479 2585 2594 5826 2207 6150 4895 1377 269 128 5712 6418 3165 8123 1993 8214 5062 1075 4904 2366 7938 7882 3720 3251 4224 7712 5475 254 4878 9283 2055 380 5678 6772 4050 4069 1558 8882
63
65
6176 276 3594 8205 3318 953 5728 8779 1474 599 4463 8263 1763 8994 6076 1945 7481 9362 4051 5490 418 5059 2704 1955 1830 2479 2585 2594 5826 2207 6150 4895 1377 269 128 5712 6418 3165 8123 1993 8214 5062 1075 4904 2366 7938 7882 3720 3251 4224 7712 5475 254 4878 9283 2055 380 5678 6772 4050 4069 1558 2084 5114 801 4740
6176 276 3594 8205 3318 953 5728 8779 1474 599 4463 8263 1763 8994 6076 1945 7481 9362 4051 5490 418 5059 2704 1955 1830 2479 2585 2594 5826 2207 6150 4895 1377 269 128 5712 6418 3165 8123 1993 8214 5062 1075 4904 2366 7938 7882 3720 3251 4224 7712 5475 254 4878 9283 2055 380 5678 6772 4050 4069 1558 2084 5114 801 4740
False
6176 276 3594 8205 3318 953 5728 8779 1474 599 4463 8263 1763 8994 6076 1945 7481 9362 4051 5490 418 5059 2704 1955 1830 2479 2585 2594 5826 2207 6150 4895 1377 269 128 5712 6418 3165 8123 1993 8214 5062 1075 4904 2366 7938 7882 3720 3251 4224 7712 5475 254 4878 9283 2055 380 5678 6772 4050 4069 1558 2084 5114 801 4740 1658 247
6176 276 3594 8205 3318 953 5728 8779 1474 599 4463 8263 1763 8994 6076 1945 7481 9362 4051 5490 418 5059 2704 1955 1830 2479 2585 2594 5826 2207 6150 4895 1377 269 128 5712 6418 3165 8123 1993 8214 5062 1075 4904 2366 7938 7882 3720 3251 4224 7712 5475 254 4878 9283 2055 380 5678 6772 4050 4069 1558 2084 5114 801 4740 1658 9962 8464 2715
False
69
False
6176 276 3594 8205 3318 953 5728 8779 1474 599 4463 8263 1763 8994 6076 1945 7481 9362 4051 5490 418 5059 2704 1955 1830 2479 2585 2594 5826 2207 6150 4895 1377 269 128 5712 6418 3165 8123 1993 8214 5062 1075 4904 2366 7938 7882 3720 3251 4224 7712 5475 254 4878 9283 2055 380 5678 6772 4050 4069 1558 2084 5114 801 4740 1658 9962 8464
69
68
False
False
False
6176 276 3594 8205 3318 953 5728 8779 1474 599 4463 8263 1763 8994 6076 1945 7481 9362 4051 5490 418 5059 2704 1955 1830 2479 2585 2594 5826 2207 6150 4895 1377 269 128 5712 6418 3165 8123 1993 8214 5062 1075 4904 2366 7938 7882 3720 3251 4224 7712 5475 254 4878 9283 2055 380 5678 6772 4050 4069 1558 2084 5114 7007 8885
False
False
False
6176 276 3594 8205 3318 953 5728 8779 1474 599 4463 8263 1763 8994 6076 1945 7481 9362 4051 5490 418 5059 2704 1955 1830 2479 2585 2594 5826 2207 6150 4895 1377 269 128 5712 6418 3165 8123 1993 8214 5062 1075 4904 2366 7938 7882 3720 3251 4224 7712 5475 254 4878 9283 2055 380 5678 6772 4050 4069 1558 2084
False
6176 276 3594 8205 3318 953 5728 8779 1474 599 4463 8263 1763 8994 6076 1945 7481 9362 4051 5490 418 5059 2704 1955 1830 2479 2585 2594 5826 2207 6150 4895 1377 269 128 5712 6418 3165 8123 1993 8214 5062 1075 4904 2366 7938 7882 3720 3251 4224 7712 5475 254 4878 9283 2055 380 5678 6772 4050 4069 1558
False
60
60
False
60
False
False
False
False
False
6176 276 3594 8205 3318 953 5728 8779 1474 599 4463 8263 1763 8994 6076 1945 7481 9362 4051 5490 418 5059 2704 1955 1830 2479 2585 2594 5826 2207 6150 4895 1377 269 128 5712 6418 3165 8123 1993 8214 5062 1075 4904 2366 7938 7882 3720 3251 4224 7712 5475 254 4878 9283 2055 380 5678
False
58
False
False
False
6176 276 3594 8205 3318 953 5728 8779 1474 599 4463 8263 1763 8994 6076 1945 7481 9362 4051 5490 418 5059 2704 1955 1830 2479 2585 2594 5826 2207 6150 4895 1377 269 128 5712 6418 3165 8123 1993 8214 5062 1075 4904 2366 7938 7882 3720 3251 4224 7712 5475 254
False
False
False
52
6176 276 3594 8205 3318 953 5728 8779 1474 599 4463 8263 1763 8994 6076 1945 7481 9362 4051 5490 418 5059 2704 1955 1830 2479 2585 2594 5826 2207 6150 4895 1377 269 128 5712 6418 3165 8123 1993 8214 5062 1075 4904 2366 7938 7882 3720 3251 4224 7712
6176 276 3594 8205 3318 953 5728 8779 1474 599 4463 8263 1763 8994 6076 1945 7481 9362 4051 5490 418 5059 2704 1955 1830 2479 2585 2594 5826 2207 6150 4895 1377 269 128 5712 6418 3165 8123 1993 8214 5062 1075 4904 2366 7938 7882 3720 3251 4224
6176 276 3594 8205 3318 953 5728 8779 1474 599 4463 8263 1763 8994 6076 1945 7481 9362 4051 5490 418 5059 2704 1955 1830 2479 2585 2594 5826 2207 6150 4895 1377 269 128 5712 6418 3165 8123 1993 8214 5062 1075 4904 2366 7938 7882 3720
False
False
6176 276 3594 8205 3318 953 5728 8779 1474 599 4463 8263 1763 8994 6076 1945 7481 9362 4051 5490 418 5059 2704 1955 1830 2479 2585 2594 5826 2207 6150 4895 1377 269 128 5712 6418 3165 8123 1993 8214 5062 1075 4904 2366 2740
6176 276 3594 8205 3318 953 5728 8779 1474 599 4463 8263 1763 8994 6076 1945 7481 9362 4051 5490 418 5059 2704 1955 1830 2479 2585 2594 5826 2207 6150 4895 1377 269 128 5712 6418 3165 8123 1993 8214 5062 1075 7891
6176 276 3594 8205 3318 953 5728 8779 1474 599 4463 8263 1763 8994 6076 1945 7481 9362 4051 5490 418 5059 2704 1955 1830 2479 2585 2594 5826 2207 6150 4895 1377 269 128 5712 6418 3165 8123 1993 8214 5062 1075 160 6077
False
False
False
6176 276 3594 8205 3318 953 5728 8779 1474 599 4463 8263 1763 8994 6076 1945 7481 9362 4051 5490 418 5059 2704 1955 1830 2479 2585 2594 5826 2207 6150 4895 1377 269 128 5712 6418 3165 8123 1993 8214 5062 1075 160 6077 4961 4434
False
46
False
False
False
6176 276 3594 8205 3318 953 5728 8779 1474 599 4463 8263 1763 8994 6076 1945 7481 9362 4051 5490 418 5059 2704 1955 1830 2479 2585 2594 5826 2207 6150 4895 1377 269 128 5712 6418 3165 8123 1993 8214 5062 1075 160
False
46
False
48
47
6176 276 3594 8205 3318 953 5728 8779 1474 599 4463 8263 1763 8994 6076 1945 7481 9362 4051 5490 418 5059 2704 1955 1830 2479 2585 2594 5826 2207 6150 4895 1377 269 128 5712 6418 3165 8123 1993 8214 5062 1075 160 7211 337 1014
False
False
False
False
6176 276 3594 8205 3318 953 5728 8779 1474 599 4463 8263 1763 8994 6076 1945 7481 9362 4051 5490 418 5059 2704 1955 1830 2479 2585 2594 5826 2207 6150 4895 1377 269 128 5712 6418 3165 8123 1993 8214 5062 1075 160 7211 337 1014 5316
False
48
False
6176 276 3594 8205 3318 953 5728 8779 1474 599 4463 8263 1763 8994 6076 1945 7481 9362 4051 5490 418 5059 2704 1955 1830 2479 2585 2594 5826 2207 6150 4895 1377 269 128 5712 6418 3165 8123 1993 8214 5062 1075 160 7211 337 1014 3308
False
6176 276 3594 8205 3318 953 5728 8779 1474 599 4463 8263 1763 8994 6076 1945 7481 9362 4051 5490 418 5059 2704 1955 1830 2479 2585 2594 5826 2207 6150 4895 1377 269 128 5712 6418 3165 8123 1993 8214 5062 1075 160 7211 337 1014 3308
48
False
False
51
False
False
False
False
False
False
51
6176 276 3594 8205 3318 953 5728 8779 1474 599 4463 8263 1763 8994 6076 1945 7481 9362 4051 5490 418 5059 2704 1955 1830 2479 2585 2594 5826 2207 6150 4895 1377 269 128 5712 6418 3165 8123 1993 8214 5062 1075 160 7211 337 1014 1830 7741 8165 768
False
False
51
51
6176 276 3594 8205 3318 953 5728 8779 1474 599 4463 8263 1763 8994 6076 1945 7481 9362 4051 5490 418 5059 2704 1955 1830 2479 2585 2594 5826 2207 6150 4895 1377 269 128 5712 6418 3165 8123 1993 8214 5062 1075 160 7211 337 1014 1830 7741 8165 768 9128 9831
False
6176 276 3594 8205 3318 953 5728 8779 1474 599 4463 8263 1763 8994 6076 1945 7481 9362 4051 5490 418 5059 2704 1955 1830 2479 2585 2594 5826 2207 6150 4895 1377 269 128 5712 6418 3165 8123 1993 8214 5062 1075 160 7211 337 1014 1830 7741 8165 768 9128 3733
6176 276 3594 8205 3318 953 5728 8779 1474 599 4463 8263 1763 8994 6076 1945 7481 9362 4051 5490 418 5059 2704 1955 1830 2479 2585 2594 5826 2207 6150 4895 1377 269 128 5712 6418 3165 8123 1993 8214 5062 1075 160 7211 337 1014 1830 7741 8165 768 9128 3733
52
False
52
53
False
False
False
54
False
False
False
59
False
False
False
56
6176 276 3594 8205 3318 953 5728 8779 1474 599 4463 8263 1763 8994 6076 1945 7481 9362 4051 5490 418 5059 2704 1955 1830 2479 2585 2594 5826 2207 6150 4895 1377 269 128 5712 6418 3165 8123 1993 8214 5062 1075 160 7211 337 1014 1830 7741 8165 768 9128 6067 9617 1071
False
54
6176 276 3594 8205 3318 953 5728 8779 1474 599 4463 8263 1763 8994 6076 1945 7481 9362 4051 5490 418 5059 2704 1955 1830 2479 2585 2594 5826 2207 6150 4895 1377 269 128 5712 6418 3165 8123 1993 8214 5062 1075 160 7211 337 1014 1830 7741 8165 768 9128 6067 9617
False
6176 276 3594 8205 3318 953 5728 8779 1474 599 4463 8263 1763 8994 6076 1945 7481 9362 4051 5490 418 5059 2704 1955 1830 2479 2585 2594 5826 2207 6150 4895 1377 269 128 5712 6418 3165 8123 1993 8214 5062 1075 160 7211 337 1014 1830 7741 8165 768 9128
6176 276 3594 8205 3318 953 5728 8779 1474 599 4463 8263 1763 8994 6076 1945 7481 9362 4051 5490 418 5059 2704 1955 1830 2479 2585 2594 5826 2207 6150 4895 1377 269 128 5712 6418 3165 8123 1993 8214 5062 1075 160 7211 337 1014 1830 7741 8165 768 9128 3803
6176 276 3594 8205 3318 953 5728 8779 1474 599 4463 8263 1763 8994 6076 1945 7481 9362 4051 5490 418 5059 2704 1955 1830 2479 2585 2594 5826 2207 6150 4895 1377 269 128 5712 6418 3165 8123 1993 8214 5062 1075 160 7211 337 1014 1830 7741 8165 768 9128 3803
55
55
54
54
6176 276 3594 8205 3318 953 5728 8779 1474 599 4463 8263 1763 8994 6076 1945 7481 9362 4051 5490 418 5059 2704 1955 1830 2479 2585 2594 5826 2207 6150 4895 1377 269 128 5712 6418 3165 8123 1993 8214 5062 1075 160 7211 337 1014 1830 7741 8165 768 9128
False
False
False
51
False
52
False
53
6176 276 3594 8205 3318 953 5728 8779 1474 599 4463 8263 1763 8994 6076 1945 7481 9362 4051 5490 418 5059 2704 1955 1830 2479 2585 2594 5826 2207 6150 4895 1377 269 128 5712 6418 3165 8123 1993 8214 5062 1075 160 7211 337 1014 1830 7741 8165 768 4328 2111
53
False
6176 276 3594 8205 3318 953 5728 8779 1474 599 4463 8263 1763 8994 6076 1945 7481 9362 4051 5490 418 5059 2704 1955 1830 2479 2585 2594 5826 2207 6150 4895 1377 269 128 5712 6418 3165 8123 1993 8214 5062 1075 160 7211 337 1014 1830 7741 8165 768 4328 2111 8399
False
False
False
56
57
55
False
55
6176 276 3594 8205 3318 953 5728 8779 1474 599 4463 8263 1763 8994 6076 1945 7481 9362 4051 5490 418 5059 2704 1955 1830 2479 2585 2594 5826 2207 6150 4895 1377 269 128 5712 6418 3165 8123 1993 8214 5062 1075 160 7211 337 1014 1830 7741 8165 768 4328 2111 8399
55
False
55
55
False
6176 276 3594 8205 3318 953 5728 8779 1474 599 4463 8263 1763 8994 6076 1945 7481 9362 4051 5490 418 5059 2704 1955 1830 2479 2585 2594 5826 2207 6150 4895 1377 269 128 5712 6418 3165 8123 1993 8214 5062 1075 160 7211 337 1014 1830 7741 8165 768 4328 2111 8399 7408 4791 3464 1591 5132 2679 8255
False
False
63
False
False
6176 276 3594 8205 3318 953 5728 8779 1474 599 4463 8263 1763 8994 6076 1945 7481 9362 4051 5490 418 5059 2704 1955 1830 2479 2585 2594 5826 2207 6150 4895 1377 269 128 5712 6418 3165 8123 1993 8214 5062 1075 160 7211 337 1014 1830 7741 8165 768 4328 2111 8399 7408 4791 3464 1591 5132 2679 8255 5881 1082 2941
6176 276 3594 8205 3318 953 5728 8779 1474 599 4463 8263 1763 8994 6076 1945 7481 9362 4051 5490 418 5059 2704 1955 1830 2479 2585 2594 5826 2207 6150 4895 1377 269 128 5712 6418 3165 8123 1993 8214 5062 1075 160 7211 337 1014 1830 7741 8165 768 4328 2111 8399 7408 4791 3464 1591 5132 2679 8255 5881 1082
False
63
6176 276 3594 8205 3318 953 5728 8779 1474 599 4463 8263 1763 8994 6076 1945 7481 9362 4051 5490 418 5059 2704 1955 1830 2479 2585 2594 5826 2207 6150 4895 1377 269 128 5712 6418 3165 8123 1993 8214 5062 1075 160 7211 337 1014 1830 7741 8165 768 4328 2111 8399 7408 4791 3464 1591 5132 2679 8255 5881 1528 6410
False
64
60
65
False
6176 276 3594 8205 3318 953 5728 8779 1474 599 4463 8263 1763 8994 6076 1945 7481 9362 4051 5490 418 5059 2704 1955 1830 2479 2585 2594 5826 2207 6150 4895 1377 269 128 5712 6418 3165 8123 1993 8214 5062 1075 160 7211 337 1014 1830 7741 8165 768 4328 2111 8399 7408 4791 3464 1591 5132 2679 8471 4864 8390 9088 7889 4464 5279 679
68
6176 276 3594 8205 3318 953 5728 8779 1474 599 4463 8263 1763 8994 6076 1945 7481 9362 4051 5490 418 5059 2704 1955 1830 2479 2585 2594 5826 2207 6150 4895 1377 269 128 5712 6418 3165 8123 1993 8214 5062 1075 160 7211 337 1014 1830 7741 8165 768 4328 2111 8399 7408 4791 3464 1591 5132 2679 8471 4864 8390 9088 7889 4464 5279
False
6176 276 3594 8205 3318 953 5728 8779 1474 599 4463 8263 1763 8994 6076 1945 7481 9362 4051 5490 418 5059 2704 1955 1830 2479 2585 2594 5826 2207 6150 4895 1377 269 128 5712 6418 3165 8123 1993 8214 5062 1075 160 7211 337 1014 1830 7741 8165 768 4328 2111 8399 7408 4791 3464 1591 5132 2679 8471 4864 8390
False
False
6176 276 3594 8205 3318 953 5728 8779 1474 599 4463 8263 1763 8994 6076 1945 7481 9362 4051 5490 418 5059 2704 1955 1830 2479 2585 2594 5826 2207 6150 4895 1377 269 128 5712 6418 3165 8123 1993 8214 5062 1075 160 7211 337 1014 1830 7741 8165 768 4328 2111 8399 7408 4791 3464 1591 5132 2679 8471 4864
6176 276 3594 8205 3318 953 5728 8779 1474 599 4463 8263 1763 8994 6076 1945 7481 9362 4051 5490 418 5059 2704 1955 1830 2479 2585 2594 5826 2207 6150 4895 1377 269 128 5712 6418 3165 8123 1993 8214 5062 1075 160 7211 337 1014 1830 7741 8165 768 4328 2111 8399 7408 4791 3464 1591 5132 2679
False
6176 276 3594 8205 3318 953 5728 8779 1474 599 4463 8263 1763 8994 6076 1945 7481 9362 4051 5490 418 5059 2704 1955 1830 2479 2585 2594 5826 2207 6150 4895 1377 269 128 5712 6418 3165 8123 1993 8214 5062 1075 160 7211 337 1014 1830 7741 8165 768 4328 2111 8399 7408 4791 3464 1591 5132
59
59
6176 276 3594 8205 3318 953 5728 8779 1474 599 4463 8263 1763 8994 6076 1945 7481 9362 4051 5490 418 5059 2704 1955 1830 2479 2585 2594 5826 2207 6150 4895 1377 269 128 5712 6418 3165 8123 1993 8214 5062 1075 160 7211 337 1014 1830 7741 8165 768 4328 2111 8399 7408 4791 3464 1591 5132
59
False
59
False
False
64
6176 276 3594 8205 3318 953 5728 8779 1474 599 4463 8263 1763 8994 6076 1945 7481 9362 4051 5490 418 5059 2704 1955 1830 2479 2585 2594 5826 2207 6150 4895 1377 269 128 5712 6418 3165 8123 1993 8214 5062 1075 160 7211 337 1014 1830 7741 8165 768 4328 2111 8399 7408 4791 3464 1591 8643 2581 1087 2484 7026 5213
6176 276 3594 8205 3318 953 5728 8779 1474 599 4463 8263 1763 8994 6076 1945 7481 9362 4051 5490 418 5059 2704 1955 1830 2479 2585 2594 5826 2207 6150 4895 1377 269 128 5712 6418 3165 8123 1993 8214 5062 1075 160 7211 337 1014 1830 7741 8165 768 4328 2111 8399 7408 4791 3464 1591 8643 2581 1087 2484
63
6176 276 3594 8205 3318 953 5728 8779 1474 599 4463 8263 1763 8994 6076 1945 7481 9362 4051 5490 418 5059 2704 1955 1830 2479 2585 2594 5826 2207 6150 4895 1377 269 128 5712 6418 3165 8123 1993 8214 5062 1075 160 7211 337 1014 1830 7741 8165 768 4328 2111 8399 7408 4791 3464 1591 8643 2581 1087 2484 1397 8283
False
False
6176 276 3594 8205 3318 953 5728 8779 1474 599 4463 8263 1763 8994 6076 1945 7481 9362 4051 5490 418 5059 2704 1955 1830 2479 2585 2594 5826 2207 6150 4895 1377 269 128 5712 6418 3165 8123 1993 8214 5062 1075 160 7211 337 1014 1830 7741 8165 768 4328 2111 8399 7408 4791 3464 1591 8643 2581 1087 2484 1397 8283 8111 1146
6176 276 3594 8205 3318 953 5728 8779 1474 599 4463 8263 1763 8994 6076 1945 7481 9362 4051 5490 418 5059 2704 1955 1830 2479 2585 2594 5826 2207 6150 4895 1377 269 128 5712 6418 3165 8123 1993 8214 5062 1075 160 7211 337 1014 1830 7741 8165 768 4328 2111 8399 7408 4791 3464 1591 8643 2581 1087 2484 1397 8283 8111 1146
False
False
False
6176 276 3594 8205 3318 953 5728 8779 1474 599 4463 8263 1763 8994 6076 1945 7481 9362 4051 5490 418 5059 2704 1955 1830 2479 2585 2594 5826 2207 6150 4895 1377 269 128 5712 6418 3165 8123 1993 8214 5062 1075 160 7211 337 1014 1830 7741 8165 768 4328 2111 8399 7408 4791 3464 1591 8643 2581 1087 2484 1397 8283 8111 1146 2170 5707
False
False
6176 276 3594 8205 3318 953 5728 8779 1474 599 4463 8263 1763 8994 6076 1945 7481 9362 4051 5490 418 5059 2704 1955 1830 2479 2585 2594 5826 2207 6150 4895 1377 269 128 5712 6418 3165 8123 1993 8214 5062 1075 160 7211 337 1014 1830 7741 8165 768 4328 2111 8399 7408 4791 3464 1591 8643 2581 1087 2484 1397 8283 8111 1146 2170 5707
False
68
70
75
6176 276 3594 8205 3318 953 5728 8779 1474 599 4463 8263 1763 8994 6076 1945 7481 9362 4051 5490 418 5059 2704 1955 1830 2479 2585 2594 5826 2207 6150 4895 1377 269 128 5712 6418 3165 8123 1993 8214 5062 1075 160 7211 337 1014 1830 7741 8165 768 4328 2111 8399 7408 4791 3464 1591 8643 2581 1087 2484 1397 8283 8111 1146 2170 5707 9158 1454 3097 3578 9509 4292 2009
False
6176 276 3594 8205 3318 953 5728 8779 1474 599 4463 8263 1763 8994 6076 1945 7481 9362 4051 5490 418 5059 2704 1955 1830 2479 2585 2594 5826 2207 6150 4895 1377 269 128 5712 6418 3165 8123 1993 8214 5062 1075 160 7211 337 1014 1830 7741 8165 768 4328 2111 8399 7408 4791 3464 1591 8643 2581 1087 2484 1397 8283 8111 1146 2170 5707 9158 1454 3097 3578 9509 4292 2009 4298
False
False
False
False
False
False
False
False
73
73
False
73
False
False
False
