True

False
False
0
Empty
0
False
False
1220
1220 2231
False
2
2
2
1220 3686
False
False
False
1220 3686 7904 7192
7
7
1220 3686 7904 7192 2265 5868 7629
False
1220 3686 7904 7192 2265 5868 7629
False
4
3
1220 3686 7904 4666
1220 3686 7904 4666
1220 3686 7904 4666
4
1220 3686 7904 4666
False
False
4
False
1220 3686 7904 4666
False
4
False
1220 3686 7904
1220 3686 7904
False
2
0
1
Empty
7175
False
False
False
False
False
False
False
False
False
2948 5297 3762 1057 9363
False
4
False
2
3
False
2948 5297 6645
2948 5297 6645
3
False
2948 5297 9883 5655 6714 5217 284
7
False
False
6
5
False
2948 5297 9883 5655
5
4
5
False
4
4
False
5
6
False
False
2948 5137

True

Empty

False
9871 747 3497
False
9871 747
False
False
2
True
1
False
2
False
False
False
False

Empty

Empty

Empty
True
0
False
False
Empty
Empty
False
4
5
False
5
3643 1336 35 6601 5999
False
5
False
5
5
5
5
False
False
3643 1336 35 6601 6482 2883
7
False
1
False
1
Empty
True

0
Empty
True
False
1
True
False
False
False
Empty

Empty
1
False
Empty
8816
False
False
False
5
8073 5089 8408 8852
3
8073 5089
8073 5089
False
2
Empty
0

0
0
False

6775 7984
False
False
False
6775 7984
True

False
Empty
False
291
False

Empty
1
Empty
False
Empty
Empty
False
False
4
False
9218 5586 526 4919
False
False
False
9218 5586 526 4919 5576 8238 6395
False
False
6
6
8
9218 5586 526 4919 180 3020 7088 4795
False
False
9218 5586 526 4919 180 3020 7088 4795 2231 7571
9218 5586 526 4919 180 3020 7088 4795 2231 7571 5510
11
False
False
False
9218 5586 526 4919 180 3020 7088 4795 2231 7571 5510 7460
9218 5586 526 4919 180 3020 7088 4795 2231 7571 5510 7460 471 6855
False
9218 5586 526 4919 180 3020 7088 4795 2231 7571 5510
12
9218 5586 526 4919 180 3020 7088 4795 2231
False
False
False
9218 5586 526 4919 180 3020 7088 4795 2231 1304 8931 7188
16
False
17
17
9218 5586 526 4919 180 3020 7088 4795 2231 1304 8931 7717 1631 4940 5918
9218 5586 526 4919 180 3020 7088 4795 2231 1304 8931 7717 1631 4940 5918
False
18
19
9218 5586 526 4919 180 3020 7088 4795 2231 1304 8931 7717 1631 4940 5918 2823 911 9051
False
False
False
9218 5586 526 4919 180 3020 7088 4795 2231 1304 8931 7717 1631 4940 5918 2823 911 7539 9718 924 5969
21
False
False
9218 5586 526 4919 180 3020 7088 4795 2231 1304 8931 7717 1631 4940 5918 2823 911 7539 9718 924 5969 5237 4589
False
False
False
26
9218 5586 526 4919 180 3020 7088 4795 2231 1304 8931 7717 1631 4940 5918 2823 911 7539 9718 924 8726 573 9366 6278 5106 6286
27
9218 5586 526 4919 180 3020 7088 4795 2231 1304 8931 7717 1631 4940 5918 2823 911 7539 9718 924 8726 573 9366 6278 5106
9218 5586 526 4919 180 3020 7088 4795 2231 1304 8931 7717 1631 4940 5918 2823 911 7539 9718 924 8726 573 9366 6278 5106
False
26
False
False
False
9218 5586 526 4919 180 3020 7088 4795 2231 1304 8931 7717 1631 4940 5918 2823 911 7539 9718 924
22
False
9218 5586 526 4919 180 3020 7088 4795 2231 1304 8931 7717 1631 4940 5918 2823 911 7539 4877
False
False
18
False
9218 5586 526 4919 180 3020 7088 4795 2231 1304 8931 7717 1631 4940 5918 2823 911
False
False
False
9218 5586 526 4919 180 3020 7088 4795 2231 1304 8931 7717 1631 4940 5918 2823 607 8902
False
9218 5586 526 4919 180 3020 7088 4795 2231 1304 8931 7717 1631 4940 5918 2823 607 8902 1259 9283 9712 4907
False
False
18
9218 5586 526 4919 180 3020 7088 4795 2231 1304 8931 7717 1631 4940 5918 2823 607 1898
9218 5586 526 4919 180 3020 7088 4795 2231 1304 8931 7717 1631 4940
False
False
15
False
9218 5586 526 4919 180 3020 7088 4795 2231 1304 8931
11
9218 5586 526 4919 180 3020 7088 4795 2231 1304 8931
9218 5586 526 4919 180 3020 7088 4795 5527
False
8
False
False
9218 5586 526
9218 5586 526 5644
True
False
True
False
False

False
8982 9940 9338 5896
False
8982 9940 9338 3661 1441
False
6
False
8982 9940 9338 3661 1441 4979
False
False
8982 9940 9338
8982 9940 9338
False
5
8982 9940 9338 9497 9926
False
False
8982 9940 9338 9437
8982 9940 9338 9437 3846
5
False
8
False
False
False
8982 9940 9338 9437 367 4597 3698 874
9
False
False
False
False
8982 9940 9338 9437 367
5
5
4
False
False
8982 9940 2115 6597 3503 8010
False
7
False
False
8
8
8
False
False
9
False
8982 9940 2115 6597 3503 4780 8718
False
False
False
False
False
False
8982 9940 2115 6597 6453 3728
False
False
False
False
False
8982 9940 2115 6597 5430 3386 7955
False
8982 9940 2115 6597 3351 9884
False
8982 9940 2115 6597 3351 9884 8013
8982 9940 2115 6597 3351 9884 8013 514
False
False
False
8982 9940 2115 6597 3351 9884 8013 514
False
False
9
False
False
8
8982 9940 2115 6597 3351 9884 8013 1640
8982 9940 2115 6597 3351 9884 8013
8982 9940 2115 6597 3351 9884 8013
False
False
False
8982 9940 2115 6597 3351 9884 5661 4173
8982 9940 2115 6597 3351 9884 5661 3925
False
9
False
False
False
8982 9940 2115 6597 3351 9884 7250
8982 9940 2115 6597 3626
5
False
6
False
5
5
False
6
False
6
False
False
False
False
False
False
8982 9940 2115 6597 3626 5991 2015 5440 7615
False
8982 9940 2115 6597 3626 5991 2015 5440 7615 7801 6737
8982 9940 2115 6597 3626 5991 2015 5440 7615 7801 549
False
13
False
False
False
8982 9940 2115 6597 3626 5991 2015 5440 7615 7801 549 1179 143
13
False
9
False
False
False
14
False
14
False
False
False
False
False
8982 9940 2115 6597 3626 5991 2015 5440 3689 8514 8868 6134 3545
False
11
8982 9940 2115 6597 3626 5991 2015 5440 3689 8514 8868 1476
8982 9940 2115 6597 3626 5991 2015 5440 3689 8514 8868 1476 1323
False
8982 9940 2115 6597 3626 5991 2015 5440 3689 8514 8868 1476 3397
12
12
False
10
8982 9940 2115 6597 3626 5991 2015 5440 3689 888
False
8982 9940 2115 6597 3626 5991 2015 5440 3689 888
8982 9940 2115 6597 3626 5991 2015 5440 3689 888
8982 9940 2115 6597 3626 5991 2015 5440 3689 888
8982 9940 2115 6597 3626 5991 2015 5440 3689 888
11
11
11
False
False
8982 9940 2115 6597 3626 5991 2015 5440 3689
9
False
9
False
12
False
False
False
13
False
False
False
10
False
False
11
False
False
8982 9940 2115 6597 3626 5991 7296 6199 1366 7769 5263 2864
11
8982 9940 2115 6597 3626 5991 7296 6199 1366 7769 5263
False
False
6
8982 9940 2115 6597 3626 5991
8982 9940 2115 6597 3626 5991
False
False
False
False
False
8982 9940 2115 6597 3238
False
8982 9940 2115 6597 3108 2870 9270
8982 9940 2115 6597 3108 2870
5
False
5
4
False
False
1
False
8982 9804
2
False
2
3
False
8982 9804 4897
False
3
False
8982 9804 8573 58 3554
5
5
False
8982 9804 8573 58 4197 3221 5377
8982 9804 8573 58 4197 3221 5377
8
False
False
False
8982 9804 8573 58 4197 3221 5790
7
False
False
8982 9804 8573 58 4197 3221
8
False
False
8982 9804 8573 58 4197 3221 7644
False
7
7
6
6
False
False
5
False
False
8982 9804

Empty
Empty

0

Empty
False
Empty
False
3
3
False
5504 5282 5162 1216 6069 9604
False
False
4
False
False
5504 5282 5162 1216 9627
False
False
False
False
5504 5282 5162 1216 9627 3315
False
False
False
5504 5282 5162
False
False
2
3
3
False
False
False
1
False
5504 4680 7241
5504 4680
False
0
True
False
1
False
False
False
False
False
5
False
False
False
780 6430 6111 621 2024 8864 2543 5621 5131
9
False
780 6430 6111 621 2024 8864 2543 5621
8
False
False
False
780 6430 6111 621 2024 8864 2543 5621 9899 9221 3950
False
780 6430 6111 621 2024 8864 2543 5621
7
False
780 6430 6111 621 2024 8864 2543
780 6430 6111 621 2024
780 6430 6111
False
False
6
False
False
9
4930 4078 9299 6844 9012 9554 1355 1404 3717
10
4930 4078 9299 6844 9012 9554 1355 1404 3717 9119
False
False
False
False
False
False
False
False
False
4930 4078 9299 6844 9012 9554 8322 3602 428
4930 4078 9299 6844 9012 9554 8322 3602 1347 2910
4930 4078 9299 6844 9012 9554 8322 3602 1347 2316 6651 3316
14
False
False
False
False
15
16
False
15
15
14
False
False
4930 4078 9299 6844 9012 9554 8322 3602 1347 2316 6651 3316 2090 2629 9413
14
False
16
False
False
19
False
20
False
18
False
14
False
False
16
4930 4078 9299 6844 9012 9554 8322 3602 1347 2316 6651 3316 2090 2629
False
14
14
False
False
False
4930 4078 9299 6844 9012 9554 8322 3602 1347 2316 6651 3316 6218 4804 2390
4930 4078 9299 6844 9012 9554 8322 3602 1347 2316 6651 3316 6218 4804
False
16
17
False
False
22
False
False
4930 4078 9299 6844 9012 9554 8322 3602 1347 2316 6651 3316 6218 4804 497 182 2930 1738 8888 6295 2147 4318 1404 1085
False
4930 4078 9299 6844 9012 9554 8322 3602 1347 2316 6651 3316 6218 4804 497 182
4930 4078 9299 6844 9012 9554 8322 3602 1347 2316 6651 3316 6218 4804 497 182
16
16
False
False
False
18
False
17
False
False
False
False
4930 4078 9299 6844 9012 9554 8322 3602 1347 2316 6651 3316 6218 4804 497 3784 8979 5377 680
4930 4078 9299 6844 9012 9554 8322 3602 1347 2316 6651 3316 6218 4804 497 3784 8979 5377 680
19
False
4930 4078 9299 6844 9012 9554 8322 3602 1347 2316 6651 3316 6218 4804 497 3784 8979 5377 680 72
20
False
20
4930 4078 9299 6844 9012 9554 8322 3602 1347 2316 6651 3316 6218 4804 497 3784 8979 5377 680 6607
20
False
False
20
False
20
False
False
False
False
False
4930 4078 9299 6844 9012 9554 8322 3602 1347 2316 6651 3316 6218 4804 497 3784 7622
False
False
4930 4078 9299 6844 9012 9554 8322 3602 1347 2316 6651 3316 6218 4804 497
4930 4078 9299 6844 9012 9554 8322 3602 1347 2316 6651 3316 6218 4804 497 5927 5351
False
4930 4078 9299 6844 9012 9554 8322 3602 1347 2316 6651 3316 6218 4804 3183 7859
4930 4078 9299 6844 9012 9554 8322 3602 1347 2316 6651 3316 6218 4804 3183 7859
False
16
15
False
False
4930 4078 9299 6844 9012 9554 8322 3602 1347 2316 6651 3316 6218 4804 3183 3878
4930 4078 9299 6844 9012 9554 8322 3602 1347 2316 6651 3316 6218 4804 3183
4930 4078 9299 6844 9012 9554 8322 3602 1347 2316 6651 3316 6218 4804 3183
False
4930 4078 9299 6844 9012 9554 8322 3602 1347 2316 6651 3316 6218 4804 4131 832 345 3868 8841 6516 1071
21
False
False
False
False
4930 4078 9299 6844 9012 9554 8322 3602 1347 2316 6651 3316 6218 4804 4131 832 345 3868 8841 5999 7365 3709 1921 3027
False
False
False
4930 4078 9299 6844 9012 9554 8322 3602 1347 2316 6651 3316 6218 4804 4131 832 345 3868 8841 5999 7365
False
False
False
4930 4078 9299 6844 9012 9554 8322 3602 1347 2316 6651 3316 6218 4804 4131 832 345 3868 8841 5999 7365
21
False
False
21
21
4930 4078 9299 6844 9012 9554 8322 3602 1347 2316 6651 3316 6218 4804 4131 832 345 3868 8841 5999 7365
21
False
False
4930 4078 9299 6844 9012 9554 8322 3602 1347 2316 6651 3316 6218 4804 4131 832 345 3868 8841 5999 7804 4640 4559
23
False
4930 4078 9299 6844 9012 9554 8322 3602 1347 2316 6651 3316 6218 4804 4131 832 345 3868 8841 5999 7804 4640 4559 4562 2473
False
4930 4078 9299 6844 9012 9554 8322 3602 1347 2316 6651 3316 6218 4804 4131 832 345 3868 8841 5999 7804 4640 4559 4562 2473 6741
4930 4078 9299 6844 9012 9554 8322 3602 1347 2316 6651 3316 6218 4804 4131 832 345 3868 8841 5999 7804 4640 4559 4562 2473 6741 593
False
False
4930 4078 9299 6844 9012 9554 8322 3602 1347 2316 6651 3316 6218 4804 4131 832 345 3868 8841 5999 7804 4640 4559 4562 2473 6741
False
4930 4078 9299 6844 9012 9554 8322 3602 1347 2316 6651 3316 6218 4804 4131 832 345 3868 8841 5999 7804 4640 4559 4562 6518 4812
26
False
False
27
False
4930 4078 9299 6844 9012 9554 8322 3602 1347 2316 6651 3316 6218 4804 4131 832 345 3868 8841 5999 7804 4640 4559 4562 6518 4812 2568 2919
28
30
4930 4078 9299 6844 9012 9554 8322 3602 1347 2316 6651 3316 6218 4804 4131 832 345 3868 8841 5999 7804 4640 4559 4562 6518 4812 2568 2919 8352
False
False
False
31
False
False
False
4930 4078 9299 6844 9012 9554 8322 3602 1347 2316 6651 3316 6218 4804 4131 832 345 3868 8841 5999 7804 4640 4559 4562 6518 4812 2568 8395 820 7036 348 1308 31 3808 265
4930 4078 9299 6844 9012 9554 8322 3602 1347 2316 6651 3316 6218 4804 4131 832 345 3868 8841 5999 7804 4640 4559 4562 6518 4812 2568 8395 820 7036 348 1308 31 3808
34
False
35
False
35
False
False
4930 4078 9299 6844 9012 9554 8322 3602 1347 2316 6651 3316 6218 4804 4131 832 345 3868 8841 5999 7804 4640 4559 4562 6518 4812 2568 8395 820 7036 348 8717
31
False
30
False
False
4930 4078 9299 6844 9012 9554 8322 3602 1347 2316 6651 3316 6218 4804 4131 832 345 3868 8841 5999 7804 4640 4559 4562 6518 4812 2568 2975 6528
False
4930 4078 9299 6844 9012 9554 8322 3602 1347 2316 6651 3316 6218 4804 4131 832 345 3868 8841 5999 7804 4640 4559 4562 6518 4812 2568 2975
False
4930 4078 9299 6844 9012 9554 8322 3602 1347 2316 6651 3316 6218 4804 4131 832 345 3868 8841 5999 7804 4640 4559 4562 6518 4812 2568 8222 189
4930 4078 9299 6844 9012 9554 8322 3602 1347 2316 6651 3316 6218 4804 4131 832 345 3868 8841 5999 7804 4640 4559 4562 6518 4812 2568
4930 4078 9299 6844 9012 9554 8322 3602 1347 2316 6651 3316 6218 4804 4131 832 345 3868 8841 5999 7804 4640 4559 4562 6518 4812 2568 3778
4930 4078 9299 6844 9012 9554 8322 3602 1347 2316 6651 3316 6218 4804 4131 832 345 3868 8841 5999 7804 4640 4559 4562 6518 4812 2568 3778 361 8816
4930 4078 9299 6844 9012 9554 8322 3602 1347 2316 6651 3316 6218 4804 4131 832 345 3868 8841 5999 7804 4640 4559 4562 6518 4812 2568 3778 361
4930 4078 9299 6844 9012 9554 8322 3602 1347 2316 6651 3316 6218 4804 4131 832 345 3868 8841 5999 7804 4640 4559 4562 6518 4812 2568
4930 4078 9299 6844 9012 9554 8322 3602 1347 2316 6651 3316 6218 4804 4131 832 345 3868 8841 5999 7804 4640 4559 4562 6518 4812 2568
26
False
False
4930 4078 9299 6844 9012 9554 8322 3602 1347 2316 6651 3316 6218 4804 4131 832 345 3868 8841 5999 7804 4640
False
False
False
False
4930 4078 9299 6844 9012 9554 8322 3602 1347 2316 6651 3316 6218 4804 4131 832 345 3868 8841 5999 7804 8629 9736 6364 975
False
False
4930 4078 9299 6844 9012 9554 8322 3602 1347 2316 6651 3316 6218 4804 4131 832 345 3868 8841 5999 7804 8629 9736 8819
False
4930 4078 9299 6844 9012 9554 8322 3602 1347 2316 6651 3316 6218 4804 4131 832 345 3868 8841 5999 7804 8629 9736 8819 8768
25
False
False
False
False
4930 4078 9299 6844 9012 9554 8322 3602 1347 2316 6651 3316 6218 4804 4131 832 345 3868 8841 5999 7804 8629 9736 8819 5620 426
False
26
False
25
4930 4078 9299 6844 9012 9554 8322 3602 1347 2316 6651 3316 6218 4804 4131 832 345 3868 8841 5999 7804 8629 9736 8819 5620 1099
4930 4078 9299 6844 9012 9554 8322 3602 1347 2316 6651 3316 6218 4804 4131 832 345 3868 8841 5999 7804 8629 9736 8819 5850
False
4930 4078 9299 6844 9012 9554 8322 3602 1347 2316 6651 3316 6218 4804 4131 832 345 3868 8841 5999
4930 4078 9299 6844 9012 9554 8322 3602 1347 2316 6651 3316 6218 4804 4131 832 345 3868 8841 5999
False
False
False
25
False
4930 4078 9299 6844 9012 9554 8322 3602 1347 2316 6651 3316 6218 4804 4131 832 345 3868 530 3413 8766 4895 2859 1164 9916 4541
4930 4078 9299 6844 9012 9554 8322 3602 1347 2316 6651 3316 6218 4804 4131 832 345 3868 530 3413 8766 4895 2859 1164 9916 4541
False
4930 4078 9299 6844 9012 9554 8322 3602 1347 2316 6651 3316 6218 4804 4131 832 345 3868 530 3413 8766 4895 2859 1164 2574
False
21
False
False
False
False
29
False
False
False
False
False
29
30
False
False
False
False
False
4930 4078 9299 6844 9012 9554 8322 3602 1347 2316 6651 3316 6218 4804 4131 832 345 3868 530 3413 8766 6701 7217 8458 2231 231
4930 4078 9299 6844 9012 9554 8322 3602 1347 2316 6651 3316 6218 4804 4131 832 345 3868 530 3413 8766 6701 7217 8458 2231 231 1825
False
False
4930 4078 9299 6844 9012 9554 8322 3602 1347 2316 6651 3316 6218 4804 4131 832 345 3868 530 3413 8766 6701 7217 8458 2231 231 1825 4518 731 8609
30
30
4930 4078 9299 6844 9012 9554 8322 3602 1347 2316 6651 3316 6218 4804 4131 832 345 3868 530 3413 8766 6701 7217 8458 2231 231 1825 4518 731 8609 6288 6460 9481
False
4930 4078 9299 6844 9012 9554 8322 3602 1347 2316 6651 3316 6218 4804 4131 832 345 3868 530 3413 8766 6701 7217 8458 2231 231 1825 4518 731 8609 6288 6460 2964
False
False
False
False
32
32
32
False
4930 4078 9299 6844 9012 9554 8322 3602 1347 2316 6651 3316 6218 4804 4131 832 345 3868 530 3413 8766 6701 7217 8458 2231 231 1825 4518
4930 4078 9299 6844 9012 9554 8322 3602 1347 2316 6651 3316 6218 4804 4131 832 345 3868 530 3413 8766 6701 7217 8458 2231 231 1825 4518 8264 7910
29
False
29
4930 4078 9299 6844 9012 9554 8322 3602 1347 2316 6651 3316 6218 4804 4131 832 345 3868 530 3413 8766 6701 7217 8458 2231 231 1825 4518
4930 4078 9299 6844 9012 9554 8322 3602 1347 2316 6651 3316 6218 4804 4131 832 345 3868 530 3413 8766 6701 7217 8458 2231 231 1825 4518
False
False
False
False
False
4930 4078 9299 6844 9012 9554 8322 3602 1347 2316 6651 3316 6218 4804 4131 832 345 3868 530 3413 8766 6701 7217 8458
4930 4078 9299 6844 9012 9554 8322 3602 1347 2316 6651 3316 6218 4804 4131 832 345 3868 530 3413 8766 6701
22
19
20
False
False
4930 4078 9299 6844 9012 9554 8322 3602 1347 2316 6651 3316 6218 4804 4131
4930 4078 9299 6844 9012 9554 8322 3602 1347 2316 6651 3316 6218 4804 4131
4930 4078 9299 6844 9012 9554 8322 3602 1347 2316 6651 3316 6218 4804 4131
False
False
False
False
False
13
14
4930 4078 9299 6844 9012 9554 8322 3602 1347 2316 6651 3316 3266 925
False
4930 4078 9299 6844 9012 9554 8322 3602 1347 2316 6651 3316
4930 4078 9299 6844 9012 9554 8322 3602 1347 2316 6651 3316
False
False
False
False
False
False
16
16
False
False
4930 4078 9299 6844 9012 9554 8322 3602 1347 2316 6651 3316 7113 4165 5900
14
4930 4078 9299 6844 9012 9554 8322 3602 1347 2316 6651 3316 7113 20
False
False
12
False
False
4930 4078 9299 6844 9012 9554 8322 3602 1347 2316 6651 5985 6052
12
False
11
11
False
4930 4078 9299 6844 9012 9554 8322 3602 1347 2316 6651
False
11
4930 4078 9299 6844 9012 9554 8322 3602 1347
False
False
4930 4078 9299 6844 9012 9554 8322
False
False
9
8
False
False
False
3
4
3
4930 4078
False
False
4930
Empty
0
7986 3848
2
False
False
False
7986 5770 9333
False
False
False
4
4
2
False
False
1
Empty
Empty
False
8827 4682
False
Empty
Empty

Empty


Empty
Empty
False
Empty
0
False
Empty
False
Empty
Empty
Empty
False
Empty
Empty
Empty
Empty

Empty
Empty
True
7783
False
Empty
Empty
True
False
2
False
5671
Empty
Empty

False

False
2
9606
False

1
False
True
Empty
False

False
False
Empty

Empty
4763
False
7008 6879 8747 5475 94 5219 8627
False
5
False
7
False
7008 6879 8747 5475 94
7008 6879 8747 5475 94 6084 4027
False
False
7008 6879 8747 5475 94 6084 4027 8875
False
7008 6879 8747 5475 94 6084 4027 8875 1165
10
7008 6879 8747 5475 94 6084 4027 8875 1165 8880
6
False
False
6
False
False
False
False
7008 6879 8747 5475 94 6953 3721 6274 4527 1108 8987 5862 9316
False
False
14
16
16
False
False
False
False
False
12
False
False
False
14
7008 6879 8747 5475 94 6953 3721 6274 4527 1108 8987 4753 9798 2565
14
14
14
14
False
False
False
False
False
16
16
False
False
7008 6879 8747 5475 94 6953 3721 6274 4527 1108 8987
False
7008 6879 8747 5475 94 6953 3721 6274 4527 1108 8987 1271 3740 5045 899
False
False
False
13
14
False
7008 6879 8747 5475 94 6953 3721 6274 4527 1108 8987 1271 3740 7163 8209
15
15
False
False
False
19
7008 6879 8747 5475 94 6953 3721 6274 4527 1108 8987 1271 3740 7163 8209
16
7008 6879 8747 5475 94 6953 3721 6274 4527 1108 8987 1271 3740 7163 8209
15
False
14
12
False
False
13
False
False
False
7008 6879 8747 5475 94 6953 3721 6274 4527 1108 8987
11
False
11
7008 6879 8747 5475 94 6953 3721 6274 4527 1108 8987 1821
7008 6879 8747 5475 94 6953 3721 6274 4527 1108 8987 8324 5451
7008 6879 8747 5475 94 6953 3721 6274 4527 1108 8987 8324 5451 2552
7008 6879 8747 5475 94 6953 3721 6274 4527 1108 8987 8324 5451
False
False
7008 6879 8747 5475 94 6953 3721 6274 4527 1108 8987 8324 5451 7333 7439 9408
7008 6879 8747 5475 94 6953 3721 6274 4527 1108 8987 8324 5451 7333 7439
False
False
15
False
False
11
False
False
10
7008 6879 8747 5475 94 6953 3721 6274 4527 1108
7008 6879 8747 5475 94 6953 3721 6274 4527 1108
False
False
False
11
False
7008 6879 8747 5475 94 6953 3721 6274 4527 1108 6599
False
False
10
False
9
False
False
False
7008 6879 8747 5475 94 6953 3721 6274 4527 9368 9190
False
7008 6879 8747 5475 94 6953 3721 6274 4527 9368 9190 7237 9226
False
False
7008 6879 8747 5475 94 6953 3721 6274 4527 9368 9733
False
7
7008 6879 8747 5475 94 6953 3721 943
6
False
False
7008 6879 8747 5475 94 8062 7923
7008 6879 8747 5475 94 8062 5648
False
False
False
7
7008 6879 8747 5475 94 8062
False
7008 6879 8747 5475 94 5272 5891
False
7
False
9
7008 6879 8747 5475 94 5272 5891 1972 8015
False
False
False
7008 6879 8747 5475 94 5272 5891 1972
False
7008 6879 8747 5475 94
7008 6879 8747 7058 1528
False
4
7008 6879 8747 7058
7008 6879 8747
3
False
7
6
False
False
7008 6879 8747 7541 7041 9339 9137 890
7008 6879 8747 7541 7041 9339 9137
False
False
4
4
4
False
7008 6879 8747 7541 7091
7008 6879 8747 7541
4
False
False
7008 6879 8747 92 8480 7757
7008 6879 8747 92 7901
5
False
False
False
6
7008 6879 8747 92 7901
7008 6879 8747 92 8247 4627 7508
7008 6879 6475 124
False
False
3503
False
False
True
False
0
Empty
Empty
False
False
Empty
Empty
0
True

Empty
False
1
False
False
1
1

False
False
True
2646
2646
2646
6
False
2646 9375 1856 5903 8344 8455
6
6
False
2646 9375 1856 5903 8344 8455 6840
False
2646 9375 2828
2646 9375 2828 1904
False
False
False
2646 9375 2828 7744
2646 9375 2828 7744
2646 9375 2828 7744
False
False
False
False
2646 9375 2828 7744 7297 3014
2646 9375 2828 7744 7297 3014
False
2646 9375 2828 7744 7297 3014 4645
2646 9375 2828 7744 7297 3014 4645
False
2646 9375 2828 7744 7297 3014 4645 2994
False
2646 9375 2828 7744 7297 3014 4645 2994 8883
8
False
7
7
7
False
False
False
False
2646 9375 2828 7744 7297 5099 2290
2646 9375 2828 7744 7297 5099 2290
2646 9375 2828 7744 7297 5099 2290 8266 5478 2030
False
False
False
10
12
2646 9375 2828 7744 7297 5099 2290 8266 5478 2030 9511 7666 5408
False
2646 9375 2828 7744 7297 5099 2290 8266 5478 2030 9511 7666 5408
13
False
False
False
False
14
16
16
False
19
2646 9375 2828 7744 7297 5099 2290 8266 5478 2030 9511 7666 5408 2235 9144 6800 1141 3711
2646 9375 2828 7744 7297 5099 2290 8266 5478 2030 9511 7666 5408 2235 9144 6800 1141 3711 4289
18
False
2646 9375 2828 7744 7297 5099 2290 8266 5478 2030 9511 7666 5408 2235 9144 6800 1141 9998
False
2646 9375 2828 7744 7297 5099 2290 8266 5478 2030 9511 7666 5408 2235 9144 6800 1141 9998
16
False
False
False
2646 9375 2828 7744 7297 5099 2290 8266 5478 2030 9511 7666 5408 2235 9144 6800
False
20
2646 9375 2828 7744 7297 5099 2290 8266 5478 2030 9511 7666 5408 2235 9144 6800 3702 7730 3942 1951 7431 5861
2646 9375 2828 7744 7297 5099 2290 8266 5478 2030 9511 7666 5408 2235 9144 6800 3702 7730 3942 1951 7431 5861 8581
22
25
False
False
False
False
21
False
False
False
False
19
20
2646 9375 2828 7744 7297 5099 2290 8266 5478 2030 9511 7666 5408 2235 9144 6800 3702 7730 3942 1465
2646 9375 2828 7744 7297 5099 2290 8266 5478 2030 9511 7666 5408 2235 9144 6800 3702 7730 3942 1465
2646 9375 2828 7744 7297 5099 2290 8266 5478 2030 9511 7666 5408 2235 9144 6800 3702 7730 3942 1465
2646 9375 2828 7744 7297 5099 2290 8266 5478 2030 9511 7666 5408 2235 9144 6800 3702 7730 3942
False
19
2646 9375 2828 7744 7297 5099 2290 8266 5478 2030 9511 7666 5408 2235 9144 6800 3702 7730 1525 861
False
20
False
2646 9375 2828 7744 7297 5099 2290 8266 5478 2030 9511 7666 5408 2235 9144 6800 3702 7730 1525 6130 9479 1170
21
2646 9375 2828 7744 7297 5099 2290 8266 5478 2030 9511 7666 5408 2235 9144 6800 3702 7730 1525
2646 9375 2828 7744 7297 5099 2290 8266 5478 2030 9511 7666 5408 2235 9144 6800 3702 7730 1525
19
22
False
False
22
False
False
False
2646 9375 2828 7744 7297 5099 2290 8266 5478 2030 9511 7666 5408 2235 9144 6800 3702 7730 5504 6032 9013
False
False
18
2646 9375 2828 7744 7297 5099 2290 8266 5478 2030 9511 7666 5408 2235 9144 6800 3702
False
2646 9375 2828 7744 7297 5099 2290 8266 5478 2030 9511 7666 5408 2235 9144 6800 3702 4364 9187
2646 9375 2828 7744 7297 5099 2290 8266 5478 2030 9511 7666 5408 2235 9144 6800 3702 4364 9187
False
2646 9375 2828 7744 7297 5099 2290 8266 5478 2030 9511 7666 5408 2235 9144 6800 3702 4364 9187 5785
20
2646 9375 2828 7744 7297 5099 2290 8266 5478 2030 9511 7666 5408 2235 9144 6800 3702 4364 9187 5785 1507
False
