
Empty
Empty
7362
False
False
1
False
3293
3293 2237 7374
False
2237
False
3293
False
3
3293 880 3385
False
3293 880 3385
3385
False
False
3293 880 5844 158
False
4
8061
5
8061
3293 880 5844 158 8061
158
2
False
False
True
1
False
False
False
1568
4
1986 1568 7304 1199 6655
6655
False
False
False
False
3
1986 1568 7304
5
1986 1568 9781 204 5683
False
5683
1986 1568 9781
1568
1568
1986 1568 897
1986 1568 897
897
1986 1568 897 8291
1986 1568 897 8291
1986 1568 897 8291
8475
6
False
4
3
1986 1568 897
4
False
7686
4
False
False
1986 1568 897 234 9974
False
4
1986 1568 897 234
False
1986 1568 897 234 4029
False
False
9255
7
False
False
False
False
1986 1568 897 234 7014
False
False
4
1848
False
False
False
False
False
False
3
3
False
3
False
False
False
5988
False
False
False
5
False
False
1986 5988 5926 4381 4088
4088
1986 5988 5926 4381 4088
1986 5988 5926 4381 4088
5
5
4088
False
5
4
5
5
1986 5988 5926 4381 5175
False
False
6116
6
False
9
False
12
1986 5988 5926 4381 6116 6292 9546 7857 2488 4160 1451 3738
False
1986 5988 5926 4381 6116 6292 9546 7857 2488 4160 1451
False
6565
False
False
False
False
1986 5988 5926 4381 6116 6292 9546 7857 2488 4160 3913 8994 9370
13
13
False
3913
False
9719
11
1986 5988 5926 4381 6116 6292 9546 7857 9719
False
False
8
False
7
1986 5988 5926 4381 6116 6292 9546 772
False
7
1986 5988 5926 4381 6116 6292 9546
7
False
7
1986 5988 5926 4381 6116 6292
6
1986 5988 5926 4381 6116 5259
1986 5988 5926 4381 6116
4
False
1986 5988 5926
1986 5988 5926
False
False
1986 5988 5926 8857
False
False
False
False
False
False
False
6
2968
False
False
1986 5988 5926 8857 2658
False
1986 5988 5926 8857 2658
5
4
1986 5988 5926 8857
False
392
8
False
False
1986 5988 5926 8857 7265 392 1334
7
False
5
4
False
5990
False
7
False
7
False
False
5094
10
10
False
11
1986 5988 5926 8857 1586 4533 93 5094 8415 1287 4707
4707
1986 5988 5926 8857 1586 4533 93 5094 8415 1287 4707 790
1986 5988 5926 8857 1586 4533 93 5094 8415 1287 4707 790
False
1986 5988 5926 8857 1586 4533 93 5094 8415 1287 4707
11
1986 5988 5926 8857 1586 4533 93 5094 8415 1287 4707
11
4707
11
8
1986 5988 5926 8857 1586 4533 93 5094
False
8
8
False
1986 5988 5926 8857 1586 4533 93
1986 5988 5926 8857 1586 4533 93
8478
6
4533
False
7
6
1986 5988 5926 8857 1586
1586
False
1986 5988 5926 8857 1586
1
1986
0
False
Empty

False
False
False
False
Empty
False
False
1902
1902

0
False
1
False
False
False
4156
False
3346
False
False
328
6
330 6973 3261 5009 4897 328
6
330 6973 3261 5009
4
False
False
3
False
3
False
3261
5
False
586
False
330 6973 3261 7251 586
6
False
4
330 6973 3261 7251
6885
6885
False
False
330 6973 6885 108
False
330
False
3
3
330 2241 4407 4962 8066
False
False
10
False
10
False
False
5436
4189
False
3061
False
330 2241 4407 4962 8066 6459 5077 8787 4189
4189
False
False
False
False
4189
9
10
178
False
10
8787
False
8787
8
330 2241 4407 4962 8066 6459 5077 8787 7430
330 2241 4407 4962 8066 6459 5077 8787 7430 9040
False
False
330 2241 4407 4962 8066 6459 5077 8787 5065
2734
409
330 2241 4407 4962 8066 6459 5077 8787 5065 8085 4591 5814 6994 2734
330 2241 4407 4962 8066 6459 5077 8787 5065 8085 4591 5814 6994 2734
False
2734
False
4556
330 2241 4407 4962 8066 6459 5077 8787 5065 8085 4591 5814 6994 2734 5962 4556 1332
False
330 2241 4407 4962 8066 6459 5077 8787 5065 8085 4591 5814 6994 2734 5962 4556 6884 9365
18
False
19
False
False
9152
False
8557
8557
21
21
8557
21
False
21
False
25
False
False
6015
6015
4578
False
6253
4578
330 2241 4407 4962 8066 6459 5077 8787 5065 8085 4591 5814 6994 2734 5962 4556 6884 9365 509 9152 8557 7931 6015 5932 4909 6843 7110
False
False
False
False
False
28
False
330 2241 4407 4962 8066 6459 5077 8787 5065 8085 4591 5814 6994 2734 5962 4556 6884 9365 509 9152 8557 7931 6015 5932 4909 6843 7110
330 2241 4407 4962 8066 6459 5077 8787 5065 8085 4591 5814 6994 2734 5962 4556 6884 9365 509 9152 8557 7931 6015 5932 4909 6843 7110
27
False
330 2241 4407 4962 8066 6459 5077 8787 5065 8085 4591 5814 6994 2734 5962 4556 6884 9365 509 9152 8557 7931 6015 5932 4909 6843 7110 3256
330 2241 4407 4962 8066 6459 5077 8787 5065 8085 4591 5814 6994 2734 5962 4556 6884 9365 509 9152 8557 7931 6015 5932 4909 6843 7110 3256
330 2241 4407 4962 8066 6459 5077 8787 5065 8085 4591 5814 6994 2734 5962 4556 6884 9365 509 9152 8557 7931 6015 5932 4909 6843 7110 3256
False
28
False
False
5729
28
28
False
False
False
9263
7301
31
False
1926
330 2241 4407 4962 8066 6459 5077 8787 5065 8085 4591 5814 6994 2734 5962 4556 6884 9365 509 9152 8557 7931 6015 5932 4909 6843 7110 5729 8850 9263 1926 4188
False
False
False
4832
False
330 2241 4407 4962 8066 6459 5077 8787 5065 8085 4591 5814 6994 2734 5962 4556 6884 9365 509 9152 8557 7931 6015 5932 4909 6843 7110 5729 8850 9263 1926 4188 4356 5854 2449 4832
2449
9121
False
False
35
False
330 2241 4407 4962 8066 6459 5077 8787 5065 8085 4591 5814 6994 2734 5962 4556 6884 9365 509 9152 8557 7931 6015 5932 4909 6843 7110 5729 8850 9263 1926 4188 4356 5854 2449 4319
False
False
330 2241 4407 4962 8066 6459 5077 8787 5065 8085 4591 5814 6994 2734 5962 4556 6884 9365 509 9152 8557 7931 6015 5932 4909 6843 7110 5729 8850 9263 1926 4188 4356 5854 2449 4319
False
False
False
False
False
False
330 2241 4407 4962 8066 6459 5077 8787 5065 8085 4591 5814 6994 2734 5962 4556 6884 9365 509 9152 8557 7931 6015 5932 4909 6843 7110 5729 8850 9263 1926 4188 4356 4722 7675
35
7675
False
False
330 2241 4407 4962 8066 6459 5077 8787 5065 8085 4591 5814 6994 2734 5962 4556 6884 9365 509 9152 8557 7931 6015 5932 4909 6843 7110 5729 8850 9263 1926 4188 4356 2023
False
4356
33
False
8395
8395
36
36
330 2241 4407 4962 8066 6459 5077 8787 5065 8085 4591 5814 6994 2734 5962 4556 6884 9365 509 9152 8557 7931 6015 5932 4909 6843 7110 5729 8850 9263 1926 4188 5333 3236 6614 8395
False
3236
35
False
35
35
False
330 2241 4407 4962 8066 6459 5077 8787 5065 8085 4591 5814 6994 2734 5962 4556 6884 9365 509 9152 8557 7931 6015 5932 4909 6843 7110 5729 8850 9263 1926 4188 5333 3236 1239
7996
False
2282
37
37
False
2282
False
6422
330 2241 4407 4962 8066 6459 5077 8787 5065 8085 4591 5814 6994 2734 5962 4556 6884 9365 509 9152 8557 7931 6015 5932 4909 6843 7110 5729 8850 9263 1926 4188 5333 3236 6273 7589 2282 3641 225 9788 6422
41
9788
9788
330 2241 4407 4962 8066 6459 5077 8787 5065 8085 4591 5814 6994 2734 5962 4556 6884 9365 509 9152 8557 7931 6015 5932 4909 6843 7110 5729 8850 9263 1926 4188 5333 3236 6273 7589 2282 3641 225 9788
False
39
False
False
38
6637
False
False
39
False
36
32
330 2241 4407 4962 8066 6459 5077 8787 5065 8085 4591 5814 6994 2734 5962 4556 6884 9365 509 9152 8557 7931 6015 5932 4909 6843 7110 5729 8850 9263
32
False
False
33
330 2241 4407 4962 8066 6459 5077 8787 5065 8085 4591 5814 6994 2734 5962 4556 6884 9365 509 9152 8557 7931 6015 5932 4909 6843 7110 5729 8850 9263 7883 8054 3852
33
3852
522
False
330 2241 4407 4962 8066 6459 5077 8787 5065 8085 4591 5814 6994 2734 5962 4556 6884 9365 509 9152 8557 7931 6015 5932 4909 6843 7110 5729 8850 9263 7883 8054 3852 522
False
False
33
330 2241 4407 4962 8066 6459 5077 8787 5065 8085 4591 5814 6994 2734 5962 4556 6884 9365 509 9152 8557 7931 6015 5932 4909 6843 7110 5729 8850 9263 7883 8054 7827
33
330 2241 4407 4962 8066 6459 5077 8787 5065 8085 4591 5814 6994 2734 5962 4556 6884 9365 509 9152 8557 7931 6015 5932 4909 6843 7110 5729 8850 9263 7883 8054 7827
False
2645
7827
7827
34
34
3085
35
2492
False
False
330 2241 4407 4962 8066 6459 5077 8787 5065 8085 4591 5814 6994 2734 5962 4556 6884 9365 509 9152 8557 7931 6015 5932 4909 6843 7110 5729 8850 9263 7883 8054 7827 2492 9381
False
False
False
False
34
False
False
8054
False
330 2241 4407 4962 8066 6459 5077 8787 5065 8085 4591 5814 6994 2734 5962 4556 6884 9365 509 9152 8557 7931 6015 5932 4909 6843 7110 5729 8850 9263 7883 8054 3228
33
3228
False
330 2241 4407 4962 8066 6459 5077 8787 5065 8085 4591 5814 6994 2734 5962 4556 6884 9365 509 9152 8557 7931 6015 5932 4909 6843 7110 5729 8850 9263 7883
31
False
1796
False
False
False
False
330 2241 4407 4962 8066 6459 5077 8787 5065 8085 4591 5814 6994 2734 5962 4556 6884 9365 509 9152 8557 7931 6015 5932 4909 6843 7110 5729 8850 9263 7883 1796
30
7622
31
5397
34
False
False
8377
False
30
False
9263
330 2241 4407 4962 8066 6459 5077 8787 5065 8085 4591 5814 6994 2734 5962 4556 6884 9365 509 9152 8557 7931 6015 5932 4909 6843 7110 5729 8850
False
330 2241 4407 4962 8066 6459 5077 8787 5065 8085 4591 5814 6994 2734 5962 4556 6884 9365 509 9152 8557 7931 6015 5932 4909 6843 7110 5729 8850 709
8850
9976
30
False
330 2241 4407 4962 8066 6459 5077 8787 5065 8085 4591 5814 6994 2734 5962 4556 6884 9365 509 9152 8557 7931 6015 5932 4909 6843 7110 5729 8850 9976 5029
False
6329
330 2241 4407 4962 8066 6459 5077 8787 5065 8085 4591 5814 6994 2734 5962 4556 6884 9365 509 9152 8557 7931 6015 5932 4909 6843 7110 5729 8850 9976 5029 8028 6329
False
330 2241 4407 4962 8066 6459 5077 8787 5065 8085 4591 5814 6994 2734 5962 4556 6884 9365 509 9152 8557 7931 6015 5932 4909 6843 7110 5729 8850 9976 5029 8028 6329 4420
False
False
330 2241 4407 4962 8066 6459 5077 8787 5065 8085 4591 5814 6994 2734 5962 4556 6884 9365 509 9152 8557 7931 6015 5932 4909 6843 7110 5729 8850 9976 5029 8028 6329 4420 1461
330 2241 4407 4962 8066 6459 5077 8787 5065 8085 4591 5814 6994 2734 5962 4556 6884 9365 509 9152 8557 7931 6015 5932 4909 6843 7110 5729 8850 9976 5029 8028 6329 4420 1461
False
False
1461
35
False
False
330 2241 4407 4962 8066 6459 5077 8787 5065 8085 4591 5814 6994 2734 5962 4556 6884 9365 509 9152 8557 7931 6015 5932 4909 6843 7110 5729 8850 9976 5029 8028 6329 2135
330 2241 4407 4962 8066 6459 5077 8787 5065 8085 4591 5814 6994 2734 5962 4556 6884 9365 509 9152 8557 7931 6015 5932 4909 6843 7110 5729 8850 9976 5029 8028 6329 2135 7798
False
False
330 2241 4407 4962 8066 6459 5077 8787 5065 8085 4591 5814 6994 2734 5962 4556 6884 9365 509 9152 8557 7931 6015 5932 4909 6843 7110 5729 8850 9976 5029 8028 6329 2135 7798
False
2135
6472
37
556
330 2241 4407 4962 8066 6459 5077 8787 5065 8085 4591 5814 6994 2734 5962 4556 6884 9365 509 9152 8557 7931 6015 5932 4909 6843 7110 5729 8850 9976 5029 8028 6329 2135 2350 7041
37
False
6052
330 2241 4407 4962 8066 6459 5077 8787 5065 8085 4591 5814 6994 2734 5962 4556 6884 9365 509 9152 8557 7931 6015 5932 4909 6843 7110 5729 8850 9976 5029 8028 6329 2135 2350 7041 9592 8199 6052
39
False
False
False
330 2241 4407 4962 8066 6459 5077 8787 5065 8085 4591 5814 6994 2734 5962 4556 6884 9365 509 9152 8557 7931 6015 5932 4909 6843 7110 5729 8850 9976 5029 8028 6329 2135 2350 7041 9592
False
330 2241 4407 4962 8066 6459 5077 8787 5065 8085 4591 5814 6994 2734 5962 4556 6884 9365 509 9152 8557 7931 6015 5932 4909 6843 7110 5729 8850 9976 5029 8028 6329 2135 2350
330 2241 4407 4962 8066 6459 5077 8787 5065 8085 4591 5814 6994 2734 5962 4556 6884 9365 509 9152 8557 7931 6015 5932 4909 6843 7110 5729 8850 9976 5029 8028 6329 2135 2350 9071
False
False
35
False
False
2135
330 2241 4407 4962 8066 6459 5077 8787 5065 8085 4591 5814 6994 2734 5962 4556 6884 9365 509 9152 8557 7931 6015 5932 4909 6843 7110 5729 8850 9976 5029 8028 6329 2135
False
330 2241 4407 4962 8066 6459 5077 8787 5065 8085 4591 5814 6994 2734 5962 4556 6884 9365 509 9152 8557 7931 6015 5932 4909 6843 7110 5729 8850 9976 5029 8028 6329
330 2241 4407 4962 8066 6459 5077 8787 5065 8085 4591 5814 6994 2734 5962 4556 6884 9365 509 9152 8557 7931 6015 5932 4909 6843 7110 5729 8850 9976 5029 8028 6329
33
False
8028
False
False
32
False
2070
330 2241 4407 4962 8066 6459 5077 8787 5065 8085 4591 5814 6994 2734 5962 4556 6884 9365 509 9152 8557 7931 6015 5932 4909 6843 7110 6178 2070 4822
4822
4822
31
False
32
32
29
False
330 2241 4407 4962 8066 6459 5077 8787 5065 8085 4591 5814 6994 2734 5962 4556 6884 9365 509 9152 8557 7931 6015 5932 4909 6843 7110 6178 2070
330 2241 4407 4962 8066 6459 5077 8787 5065 8085 4591 5814 6994 2734 5962 4556 6884 9365 509 9152 8557 7931 6015 5932 4909 6843 7110 6178 2070
330 2241 4407 4962 8066 6459 5077 8787 5065 8085 4591 5814 6994 2734 5962 4556 6884 9365 509 9152 8557 7931 6015 5932 4909 6843 7110 6178 2070
False
29
29
False
330 2241 4407 4962 8066 6459 5077 8787 5065 8085 4591 5814 6994 2734 5962 4556 6884 9365 509 9152 8557 7931 6015 5932 4909 6843 7110 6178
27
28
False
29
False
False
330 2241 4407 4962 8066 6459 5077 8787 5065 8085 4591 5814 6994 2734 5962 4556 6884 9365 509 9152 8557 7931 6015 5932 4909 6843 7110 7437
7110
27
False
27
4909
4909
False
330 2241 4407 4962 8066 6459 5077 8787 5065 8085 4591 5814 6994 2734 5962 4556 6884 9365 509 9152 8557 7931 6015 5932 4909
330 2241 4407 4962 8066 6459 5077 8787 5065 8085 4591 5814 6994 2734 5962 4556 6884 9365 509 9152 8557 7931 6015 5932 4909
False
26
330 2241 4407 4962 8066 6459 5077 8787 5065 8085 4591 5814 6994 2734 5962 4556 6884 9365 509 9152 8557 7931 6015 5932 4909 9292 4410
27
27
False
28
False
4675
False
330 2241 4407 4962 8066 6459 5077 8787 5065 8085 4591 5814 6994 2734 5962 4556 6884 9365 509 9152 8557 7931 6015 5932 4909 9292 4410 4675 2781 5129 7896
7896
False
330 2241 4407 4962 8066 6459 5077 8787 5065 8085 4591 5814 6994 2734 5962 4556 6884 9365 509 9152 8557 7931 6015 5932 4909 9292 4410 4675 2781 5129
330 2241 4407 4962 8066 6459 5077 8787 5065 8085 4591 5814 6994 2734 5962 4556 6884 9365 509 9152 8557 7931 6015 5932 4909 9292 4410 4675
False
330 2241 4407 4962 8066 6459 5077 8787 5065 8085 4591 5814 6994 2734 5962 4556 6884 9365 509 9152 8557 7931 6015 5932 4909 9292 4410
4410
27
False
9647
False
28
330 2241 4407 4962 8066 6459 5077 8787 5065 8085 4591 5814 6994 2734 5962 4556 6884 9365 509 9152 8557 7931 6015 5932 4909 9292 4410 5591
False
False
False
4410
4410
330 2241 4407 4962 8066 6459 5077 8787 5065 8085 4591 5814 6994 2734 5962 4556 6884 9365 509 9152 8557 7931 6015 5932 4909 9292 4410
False
False
False
4410
330 2241 4407 4962 8066 6459 5077 8787 5065 8085 4591 5814 6994 2734 5962 4556 6884 9365 509 9152 8557 7931 6015 5932 4909 9292 4410 3457
False
28
28
False
7014
False
False
4909
26
330 2241 4407 4962 8066 6459 5077 8787 5065 8085 4591 5814 6994 2734 5962 4556 6884 9365 509 9152 8557 7931 6015 5932 4909 4340
False
False
330 2241 4407 4962 8066 6459 5077 8787 5065 8085 4591 5814 6994 2734 5962 4556 6884 9365 509 9152 8557 7931 6015 5932 4909 4340 8895 5509 8435 4607
False
False
False
7803
False
False
330 2241 4407 4962 8066 6459 5077 8787 5065 8085 4591 5814 6994 2734 5962 4556 6884 9365 509 9152 8557 7931 6015 5932 4909 4340 8895 5509 8435 8649 7803 8022 8229 2169
False
False
330 2241 4407 4962 8066 6459 5077 8787 5065 8085 4591 5814 6994 2734 5962 4556 6884 9365 509 9152 8557 7931 6015 5932 4909 4340 8895 5509 8435 8649 7803 8022 8229 2169
False
35
2858
34
33
False
False
33
31
330 2241 4407 4962 8066 6459 5077 8787 5065 8085 4591 5814 6994 2734 5962 4556 6884 9365 509 9152 8557 7931 6015 5932 4909 4340 8895 5509 8435 8649 9916
31
31
1097
False
8649
32
33
330 2241 4407 4962 8066 6459 5077 8787 5065 8085 4591 5814 6994 2734 5962 4556 6884 9365 509 9152 8557 7931 6015 5932 4909 4340 8895 5509 8435 8649 2069 2079
False
False
32
False
False
330 2241 4407 4962 8066 6459 5077 8787 5065 8085 4591 5814 6994 2734 5962 4556 6884 9365 509 9152 8557 7931 6015 5932 4909 4340 8895 5509 8435 8649 2069 2079 10000
False
False
33
False
330 2241 4407 4962 8066 6459 5077 8787 5065 8085 4591 5814 6994 2734 5962 4556 6884 9365 509 9152 8557 7931 6015 5932 4909 4340 8895 5509 8435 8649 2069 2079
2079
330 2241 4407 4962 8066 6459 5077 8787 5065 8085 4591 5814 6994 2734 5962 4556 6884 9365 509 9152 8557 7931 6015 5932 4909 4340 8895 5509 8435 8649 2069
31
2069
330 2241 4407 4962 8066 6459 5077 8787 5065 8085 4591 5814 6994 2734 5962 4556 6884 9365 509 9152 8557 7931 6015 5932 4909 4340 8895 5509 8435 8649 2069
330 2241 4407 4962 8066 6459 5077 8787 5065 8085 4591 5814 6994 2734 5962 4556 6884 9365 509 9152 8557 7931 6015 5932 4909 4340 8895 5509 8435 8649
False
2409
30
330 2241 4407 4962 8066 6459 5077 8787 5065 8085 4591 5814 6994 2734 5962 4556 6884 9365 509 9152 8557 7931 6015 5932 4909 4340 8895 5509 7771
330 2241 4407 4962 8066 6459 5077 8787 5065 8085 4591 5814 6994 2734 5962 4556 6884 9365 509 9152 8557 7931 6015 5932 4909 4340 8895 5509 7771
29
7771
2262
False
30
30
False
330 2241 4407 4962 8066 6459 5077 8787 5065 8085 4591 5814 6994 2734 5962 4556 6884 9365 509 9152 8557 7931 6015 5932 4909 4340
330 2241 4407 4962 8066 6459 5077 8787 5065 8085 4591 5814 6994 2734 5962 4556 6884 9365 509 9152 8557 7931 6015 5932
False
330 2241 4407 4962 8066 6459 5077 8787 5065 8085 4591 5814 6994 2734 5962 4556 6884 9365 509 9152 8557 7931 6015 5932
330 2241 4407 4962 8066 6459 5077 8787 5065 8085 4591 5814 6994 2734 5962 4556 6884 9365 509 9152 8557 7931 6015 5932 3587 5104 3899
False
3899
27
False
330 2241 4407 4962 8066 6459 5077 8787 5065 8085 4591 5814 6994 2734 5962 4556 6884 9365 509 9152 8557 7931 6015 5932 3587 5104 3899 518
28
330 2241 4407 4962 8066 6459 5077 8787 5065 8085 4591 5814 6994 2734 5962 4556 6884 9365 509 9152 8557 7931 6015 5932 3587 5104 3899 518
False
False
27
False
3899
3899
330 2241 4407 4962 8066 6459 5077 8787 5065 8085 4591 5814 6994 2734 5962 4556 6884 9365 509 9152 8557 7931 6015 5932 3587 5104
26
3587
330 2241 4407 4962 8066 6459 5077 8787 5065 8085 4591 5814 6994 2734 5962 4556 6884 9365 509 9152 8557 7931 6015 5932 3587 4546
26
False
False
27
3587
25
330 2241 4407 4962 8066 6459 5077 8787 5065 8085 4591 5814 6994 2734 5962 4556 6884 9365 509 9152 8557 7931 6015 5932 3587
330 2241 4407 4962 8066 6459 5077 8787 5065 8085 4591 5814 6994 2734 5962 4556 6884 9365 509 9152 8557 7931 6015 5932 3587
330 2241 4407 4962 8066 6459 5077 8787 5065 8085 4591 5814 6994 2734 5962 4556 6884 9365 509 9152 8557 7931 6015 5932 3587 9910
8159
False
7108
7108
27
False
False
9910
9910
330 2241 4407 4962 8066 6459 5077 8787 5065 8085 4591 5814 6994 2734 5962 4556 6884 9365 509 9152 8557 7931 6015 5932 3587 9910
False
False
23
24
False
1170
False
330 2241 4407 4962 8066 6459 5077 8787 5065 8085 4591 5814 6994 2734 5962 4556 6884 9365 509 9152 8557 7931 6015 3336 1170 8845 4967
False
False
False
False
26
4019
27
330 2241 4407 4962 8066 6459 5077 8787 5065 8085 4591 5814 6994 2734 5962 4556 6884 9365 509 9152 8557 7931 6015 3336 4776 4019 4068
False
9894
9894
False
6015
False
7931
330 2241 4407 4962 8066 6459 5077 8787 5065 8085 4591 5814 6994 2734 5962 4556 6884 9365 509 9152 8557
330 2241 4407 4962 8066 6459 5077 8787 5065 8085 4591 5814 6994 2734 5962 4556 6884 9365 509 9152 8557
False
330 2241 4407 4962 8066 6459 5077 8787 5065 8085 4591 5814 6994 2734 5962 4556 6884 9365 509 9152 8557 6296
330 2241 4407 4962 8066 6459 5077 8787 5065 8085 4591 5814 6994 2734 5962 4556 6884 9365 509 9152
330 2241 4407 4962 8066 6459 5077 8787 5065 8085 4591 5814 6994 2734 5962 4556 6884 9365 509 9152
20
330 2241 4407 4962 8066 6459 5077 8787 5065 8085 4591 5814 6994 2734 5962 4556 6884 9365 509 9152
330 2241 4407 4962 8066 6459 5077 8787 5065 8085 4591 5814 6994 2734 5962 4556 6884 9365 509 9152
9152
330 2241 4407 4962 8066 6459 5077 8787 5065 8085 4591 5814 6994 2734 5962 4556 6884 9365 509 9152
False
False
False
330 2241 4407 4962 8066 6459 5077 8787 5065 8085 4591 5814 6994 2734 5962 4556 6884 9365 509 9152 2396 1839
False
330 2241 4407 4962 8066 6459 5077 8787 5065 8085 4591 5814 6994 2734 5962 4556 6884 9365 509 9152 2396 1839
False
23
330 2241 4407 4962 8066 6459 5077 8787 5065 8085 4591 5814 6994 2734 5962 4556 6884 9365 509 9152 2396 1839
False
False
False
False
24
330 2241 4407 4962 8066 6459 5077 8787 5065 8085 4591 5814 6994 2734 5962 4556 6884 9365 509 9152 2396 7271
21
False
330 2241 4407 4962 8066 6459 5077 8787 5065 8085 4591 5814 6994 2734 5962 4556 6884 9365 509 9152 2396
9029
False
False
False
False
8518
21
False
21
330 2241 4407 4962 8066 6459 5077 8787 5065 8085 4591 5814 6994 2734 5962 4556 6884 9365 509 3104 8518
False
False
False
330 2241 4407 4962 8066 6459 5077 8787 5065 8085 4591 5814 6994 2734 5962 4556 6884 9365 509
509
330 2241 4407 4962 8066 6459 5077 8787 5065 8085 4591 5814 6994 2734 5962 4556
16
False
False
False
False
17
False
7228
330 2241 4407 4962 8066 6459 5077 8787 5065 8085 4591 5814 6994 2734 5962 7228
16
False
330 2241 4407 4962 8066 6459 5077 8787 5065 8085 4591 5814 6994 2734 5962
14
False
3302
False
False
2832
330 2241 4407 4962 8066 6459 5077 8787 5065 8085 4591 5814 6994 2832
14
330 2241 4407 4962 8066 6459 5077 8787 5065 8085 4591 5814 6994 2832
330 2241 4407 4962 8066 6459 5077 8787 5065 8085 4591 5814 6994 2832 7415
2832
330 2241 4407 4962 8066 6459 5077 8787 5065 8085 4591 5814 6994 2832 5687 5970
False
330 2241 4407 4962 8066 6459 5077 8787 5065 8085 4591 5814 6994 2832 5687 5970
1540
False
False
4880
18
330 2241 4407 4962 8066 6459 5077 8787 5065 8085 4591 5814 6994 2832 5687 5970 2540
17
False
False
330 2241 4407 4962 8066 6459 5077 8787 5065 8085 4591 5814 6994 2832 5687 5970 2540
9692
False
False
False
330 2241 4407 4962 8066 6459 5077 8787 5065 8085 4591 5814 6994 2832 5687 5970 2540 9692
18
17
False
18
False
330 2241 4407 4962 8066 6459 5077 8787 5065 8085 4591 5814 6994 2832 5687 5970 6749 694 5737
False
1854
False
7736
330 2241 4407 4962 8066 6459 5077 8787 5065 8085 4591 5814 6994 2832 5687 5970 6749 694 5737 7736
21
21
6294
False
21
False
False
330 2241 4407 4962 8066 6459 5077 8787 5065 8085 4591 5814 6994 2832 5687 5970 6749 694 5737 7736
False
330 2241 4407 4962 8066 6459 5077 8787 5065 8085 4591 5814 6994 2832 5687 5970 6749 694 5737 7736
False
False
False
330 2241 4407 4962 8066 6459 5077 8787 5065 8085 4591 5814 6994 2832 5687 5970 6749 694 5737
False
False
8324
8324
330 2241 4407 4962 8066 6459 5077 8787 5065 8085 4591 5814 6994 2832 5687 5970 6749 694 5737 8324
5737
19
False
5737
5737
330 2241 4407 4962 8066 6459 5077 8787 5065 8085 4591 5814 6994 2832 5687 5970 6749 694 5737
False
False
6749
330 2241 4407 4962 8066 6459 5077 8787 5065 8085 4591 5814 6994 2832 5687 5970
5687
330 2241 4407 4962 8066 6459 5077 8787 5065 8085 4591 5814 6994 2832 5687 3382
False
17
17
False
17
1663
330 2241 4407 4962 8066 6459 5077 8787 5065 8085 4591 5814 6994 2832 5687 3382 1663
False
False
330 2241 4407 4962 8066 6459 5077 8787 5065 8085 4591 5814 6994 2832 5687 3382 1663 845
18
False
5392
False
330 2241 4407 4962 8066 6459 5077 8787 5065 8085 4591 5814 6994 2832 5687 3382 1663 6610 9473 5392 2479 7401
7401
330 2241 4407 4962 8066 6459 5077 8787 5065 8085 4591 5814 6994 2832 5687 3382 1663 6610 9473 5392 2479 7401
22
330 2241 4407 4962 8066 6459 5077 8787 5065 8085 4591 5814 6994 2832 5687 3382 1663 6610 9473 5392 2479 7401
23
330 2241 4407 4962 8066 6459 5077 8787 5065 8085 4591 5814 6994 2832 5687 3382 1663 6610 9473 5392 2479 7401
False
1487
6930
False
23
5033
26
330 2241 4407 4962 8066 6459 5077 8787 5065 8085 4591 5814 6994 2832 5687 3382 1663 6610 9473 5392 2479 7401 1487 5033 3964 4408
False
4408
26
26
False
6074
False
330 2241 4407 4962 8066 6459 5077 8787 5065 8085 4591 5814 6994 2832 5687 3382 1663 6610 9473 5392 2479 7401 1487 5033 3964 5649
9818
False
26
330 2241 4407 4962 8066 6459 5077 8787 5065 8085 4591 5814 6994 2832 5687 3382 1663 6610 9473 5392 2479 7401 1487 5033
5033
330 2241 4407 4962 8066 6459 5077 8787 5065 8085 4591 5814 6994 2832 5687 3382 1663 6610 9473 5392 2479 7401 1487 5033
False
27
False
28
27
29
False
330 2241 4407 4962 8066 6459 5077 8787 5065 8085 4591 5814 6994 2832 5687 3382 1663 6610 9473 5392 2479 7401 6743 6141 6055 1682 4501 5409 7566 2649 1295
31
False
False
330 2241 4407 4962 8066 6459 5077 8787 5065 8085 4591 5814 6994 2832 5687 3382 1663 6610 9473 5392 2479 7401 6743 6141 6055 1682 4501 5409 7566 2649 5408 5934
7305
False
False
False
330 2241 4407 4962 8066 6459 5077 8787 5065 8085 4591 5814 6994 2832 5687 3382 1663 6610 9473 5392 2479 7401 6743 6141 6055 1682 4501 5409 7566 2649 5408 7305 6545 925 1083 7895
7895
False
330 2241 4407 4962 8066 6459 5077 8787 5065 8085 4591 5814 6994 2832 5687 3382 1663 6610 9473 5392 2479 7401 6743 6141 6055 1682 4501 5409 7566 2649 5408 7305 6545 925 1083 7895 2769
2769
330 2241 4407 4962 8066 6459 5077 8787 5065 8085 4591 5814 6994 2832 5687 3382 1663 6610 9473 5392 2479 7401 6743 6141 6055 1682 4501 5409 7566 2649 5408 7305 6545 925 1083 7895
37
330 2241 4407 4962 8066 6459 5077 8787 5065 8085 4591 5814 6994 2832 5687 3382 1663 6610 9473 5392 2479 7401 6743 6141 6055 1682 4501 5409 7566 2649 5408 7305 6545 925 1083 7895 7926
False
330 2241 4407 4962 8066 6459 5077 8787 5065 8085 4591 5814 6994 2832 5687 3382 1663 6610 9473 5392 2479 7401 6743 6141 6055 1682 4501 5409 7566 2649 5408 7305 6545 925 1083 7895 1074
330 2241 4407 4962 8066 6459 5077 8787 5065 8085 4591 5814 6994 2832 5687 3382 1663 6610 9473 5392 2479 7401 6743 6141 6055 1682 4501 5409 7566 2649 5408 7305 6545 925 1083 7895 1074
37
False
False
330 2241 4407 4962 8066 6459 5077 8787 5065 8085 4591 5814 6994 2832 5687 3382 1663 6610 9473 5392 2479 7401 6743 6141 6055 1682 4501 5409 7566 2649 5408 7305 6545 2321 2191 2157
5913
5913
9168
False
False
False
36
330 2241 4407 4962 8066 6459 5077 8787 5065 8085 4591 5814 6994 2832 5687 3382 1663 6610 9473 5392 2479 7401 6743 6141 6055 1682 4501 5409 7566 2649 5408 7305 6545 2321 2191 2157 6687
6687
330 2241 4407 4962 8066 6459 5077 8787 5065 8085 4591 5814 6994 2832 5687 3382 1663 6610 9473 5392 2479 7401 6743 6141 6055 1682 4501 5409 7566 2649 5408 7305 6545 2321 2191 2157 6687
False
330 2241 4407 4962 8066 6459 5077 8787 5065 8085 4591 5814 6994 2832 5687 3382 1663 6610 9473 5392 2479 7401 6743 6141 6055 1682 4501 5409 7566 2649 5408 7305 6545 2321 2191 2157 6687
330 2241 4407 4962 8066 6459 5077 8787 5065 8085 4591 5814 6994 2832 5687 3382 1663 6610 9473 5392 2479 7401 6743 6141 6055 1682 4501 5409 7566 2649 5408 7305 6545 2321 2191 2157 6687 287
False
False
40
False
False
False
330 2241 4407 4962 8066 6459 5077 8787 5065 8085 4591 5814 6994 2832 5687 3382 1663 6610 9473 5392 2479 7401 6743 6141 6055 1682 4501 5409 7566 2649 5408 7305 6545 2321 2191 2157 6687 287 1359 5812 1007
41
330 2241 4407 4962 8066 6459 5077 8787 5065 8085 4591 5814 6994 2832 5687 3382 1663 6610 9473 5392 2479 7401 6743 6141 6055 1682 4501 5409 7566 2649 5408 7305 6545 2321 2191 2157 6687 287 1359 5812 1007
False
138
False
41
330 2241 4407 4962 8066 6459 5077 8787 5065 8085 4591 5814 6994 2832 5687 3382 1663 6610 9473 5392 2479 7401 6743 6141 6055 1682 4501 5409 7566 2649 5408 7305 6545 2321 2191 2157 6687 287 1359 5812 2136 3450
3450
False
42
330 2241 4407 4962 8066 6459 5077 8787 5065 8085 4591 5814 6994 2832 5687 3382 1663 6610 9473 5392 2479 7401 6743 6141 6055 1682 4501 5409 7566 2649 5408 7305 6545 2321 2191 2157 6687 287 1359 5812 2136
39
39
330 2241 4407 4962 8066 6459 5077 8787 5065 8085 4591 5814 6994 2832 5687 3382 1663 6610 9473 5392 2479 7401 6743 6141 6055 1682 4501 5409 7566 2649 5408 7305 6545 2321 2191 2157 6687 287 1359 6461
330 2241 4407 4962 8066 6459 5077 8787 5065 8085 4591 5814 6994 2832 5687 3382 1663 6610 9473 5392 2479 7401 6743 6141 6055 1682 4501 5409 7566 2649 5408 7305 6545 2321 2191 2157 6687 287 1359 1833 3021
False
40
False
287
330 2241 4407 4962 8066 6459 5077 8787 5065 8085 4591 5814 6994 2832 5687 3382 1663 6610 9473 5392 2479 7401 6743 6141 6055 1682 4501 5409 7566 2649 5408 7305 6545 2321 2191 2157 6687
35
9101
330 2241 4407 4962 8066 6459 5077 8787 5065 8085 4591 5814 6994 2832 5687 3382 1663 6610 9473 5392 2479 7401 6743 6141 6055 1682 4501 5409 7566 2649 5408 7305 6545 2321 2191 9101
False
False
False
36
37
False
False
2191
2191
330 2241 4407 4962 8066 6459 5077 8787 5065 8085 4591 5814 6994 2832 5687 3382 1663 6610 9473 5392 2479 7401 6743 6141 6055 1682 4501 5409 7566 2649 5408 7305 6545 2321
2321
36
False
False
330 2241 4407 4962 8066 6459 5077 8787 5065 8085 4591 5814 6994 2832 5687 3382 1663 6610 9473 5392 2479 7401 6743 6141 6055 1682 4501 5409 7566 2649 5408 7305 6545 2793 760
False
330 2241 4407 4962 8066 6459 5077 8787 5065 8085 4591 5814 6994 2832 5687 3382 1663 6610 9473 5392 2479 7401 6743 6141 6055 1682 4501 5409 7566 2649 5408 7305 6545 2793
False
False
2793
False
34
2793
34
False
False
30
330 2241 4407 4962 8066 6459 5077 8787 5065 8085 4591 5814 6994 2832 5687 3382 1663 6610 9473 5392 2479 7401 6743 6141 6055 1682 4501 5409 7566 8123
False
False
28
28
28
4501
4501
False
330 2241 4407 4962 8066 6459 5077 8787 5065 8085 4591 5814 6994 2832 5687 3382 1663 6610 9473 5392 2479 7401 6743 6141 6055 1682 4501 3461 3032
False
4282
330 2241 4407 4962 8066 6459 5077 8787 5065 8085 4591 5814 6994 2832 5687 3382 1663 6610 9473 5392 2479 7401 6743 6141 6055 1682 4501 3461 3032 4282
4282
330 2241 4407 4962 8066 6459 5077 8787 5065 8085 4591 5814 6994 2832 5687 3382 1663 6610 9473 5392 2479 7401 6743 6141 6055 1682 4501 3461 3032 4282
7491
31
4282
3032
False
330 2241 4407 4962 8066 6459 5077 8787 5065 8085 4591 5814 6994 2832 5687 3382 1663 6610 9473 5392 2479 7401 6743 6141 6055 1682 4501 3461 5554
30
330 2241 4407 4962 8066 6459 5077 8787 5065 8085 4591 5814 6994 2832 5687 3382 1663 6610 9473 5392 2479 7401 6743 6141 6055 1682 4501 3461 5554
3461
330 2241 4407 4962 8066 6459 5077 8787 5065 8085 4591 5814 6994 2832 5687 3382 1663 6610 9473 5392 2479 7401 6743 6141 6055 1682 4501 3461
False
24
False
330 2241 4407 4962 8066 6459 5077 8787 5065 8085 4591 5814 6994 2832 5687 3382 1663 6610 9473 5392 2479 7401 6743 9892
330 2241 4407 4962 8066 6459 5077 8787 5065 8085 4591 5814 6994 2832 5687 3382 1663 6610 9473 5392 2479 7401 6743 9892
False
330 2241 4407 4962 8066 6459 5077 8787 5065 8085 4591 5814 6994 2832 5687 3382 1663 6610 9473 5392 2479 7401 6743 9892
False
False
False
330 2241 4407 4962 8066 6459 5077 8787 5065 8085 4591 5814 6994 2832 5687 3382 1663 6610 9473 5392 2479 7401 6743 9892 2936 3946
3946
5784
330 2241 4407 4962 8066 6459 5077 8787 5065 8085 4591 5814 6994 2832 5687 3382 1663 6610 9473 5392 2479 7401 6743 9892 2936 3946 1212
False
28
False
False
False
330 2241 4407 4962 8066 6459 5077 8787 5065 8085 4591 5814 6994 2832 5687 3382 1663 6610 9473 5392 2479 7401 6743 9892 2936 3946 1212 2942 2853 5662
330 2241 4407 4962 8066 6459 5077 8787 5065 8085 4591 5814 6994 2832 5687 3382 1663 6610 9473 5392 2479 7401 6743 9892 2936 3946 1212 2942 2853 5662
330 2241 4407 4962 8066 6459 5077 8787 5065 8085 4591 5814 6994 2832 5687 3382 1663 6610 9473 5392 2479 7401 6743 9892 2936 3946 1212 2942 2853 5662
False
8116
False
False
False
30
False
5797
31
31
2853
False
330 2241 4407 4962 8066 6459 5077 8787 5065 8085 4591 5814 6994 2832 5687 3382 1663 6610 9473 5392 2479 7401 6743 9892 2936 3946 1212 2942 1754
False
1754
False
330 2241 4407 4962 8066 6459 5077 8787 5065 8085 4591 5814 6994 2832 5687 3382 1663 6610 9473 5392 2479 7401 6743 9892 2936 3946 8726
False
False
6149
330 2241 4407 4962 8066 6459 5077 8787 5065 8085 4591 5814 6994 2832 5687 3382 1663 6610 9473 5392 2479 7401 6743 9892 2936 3946 8726 6149
False
False
False
False
False
False
6347
False
False
330 2241 4407 4962 8066 6459 5077 8787 5065 8085 4591 5814 6994 2832 5687 3382 1663 6610 9473 5392 2479 7401 6743 9892 2936 3946 8726 6347
28
27
8726
False
False
False
False
False
False
4689
330 2241 4407 4962 8066 6459 5077 8787 5065 8085 4591 5814 6994 2832 5687 3382 1663 6610 9473 5392 2479 7401 6743 9892 2936 3946 8726 7114 6078 4689
False
False
3197
31
False
False
9470
False
False
False
330 2241 4407 4962 8066 6459 5077 8787 5065 8085 4591 5814 6994 2832 5687 3382 1663 6610 9473 5392 2479 7401 6743 9892 2936 3946 8726 7114 6078 3197 9470 4059 6806 8193 8215
35
330 2241 4407 4962 8066 6459 5077 8787 5065 8085 4591 5814 6994 2832 5687 3382 1663 6610 9473 5392 2479 7401 6743 9892 2936 3946 8726 7114 6078 3197 9470 4059 6806 8193
8193
34
32
False
5027
False
330 2241 4407 4962 8066 6459 5077 8787 5065 8085 4591 5814 6994 2832 5687 3382 1663 6610 9473 5392 2479 7401 6743 9892 2936 3946 8726 7114 6078 3197 5027 3104
False
32
32
330 2241 4407 4962 8066 6459 5077 8787 5065 8085 4591 5814 6994 2832 5687 3382 1663 6610 9473 5392 2479 7401 6743 9892 2936 3946 8726 7114 6078 3197 5027
32
False
330 2241 4407 4962 8066 6459 5077 8787 5065 8085 4591 5814 6994 2832 5687 3382 1663 6610 9473 5392 2479 7401 6743 9892 2936 3946 8726 7114 6078 3197 5027
31
False
29
False
6078
False
False
28
False
False
7114
28
False
2523
False
3656
3656
28
330 2241 4407 4962 8066 6459 5077 8787 5065 8085 4591 5814 6994 2832 5687 3382 1663 6610 9473 5392 2479 7401 6743 9892 2936 3946 8726 3656
8726
3974
28
False
330 2241 4407 4962 8066 6459 5077 8787 5065 8085 4591 5814 6994 2832 5687 3382 1663 6610 9473 5392 2479 7401 6743 9892 2936 3946 8726 5034
330 2241 4407 4962 8066 6459 5077 8787 5065 8085 4591 5814 6994 2832 5687 3382 1663 6610 9473 5392 2479 7401 6743 9892 2936 3946 8726 5034
31
False
1191
1191
1191
330 2241 4407 4962 8066 6459 5077 8787 5065 8085 4591 5814 6994 2832 5687 3382 1663 6610 9473 5392 2479 7401 6743 9892 2936 3946 8726 5034 5635 8859 1191
False
330 2241 4407 4962 8066 6459 5077 8787 5065 8085 4591 5814 6994 2832 5687 3382 1663 6610 9473 5392 2479 7401 6743 9892 2936 3946 8726 5034 5635 8859 1191 7467
False
False
False
False
False
7007
330 2241 4407 4962 8066 6459 5077 8787 5065 8085 4591 5814 6994 2832 5687 3382 1663 6610 9473 5392 2479 7401 6743 9892 2936 3946 8726 5034 5635 8859 1191 7467 6141 8124
False
7467
False
330 2241 4407 4962 8066 6459 5077 8787 5065 8085 4591 5814 6994 2832 5687 3382 1663 6610 9473 5392 2479 7401 6743 9892 2936 3946 8726 5034 5635 8859
330 2241 4407 4962 8066 6459 5077 8787 5065 8085 4591 5814 6994 2832 5687 3382 1663 6610 9473 5392 2479 7401 6743 9892 2936 3946 8726 5034 5635 8859
330 2241 4407 4962 8066 6459 5077 8787 5065 8085 4591 5814 6994 2832 5687 3382 1663 6610 9473 5392 2479 7401 6743 9892 2936 3946 8726 5034 5635 8859
8859
False
False
False
8670
34
False
False
330 2241 4407 4962 8066 6459 5077 8787 5065 8085 4591 5814 6994 2832 5687 3382 1663 6610 9473 5392 2479 7401 6743 9892 2936 3946 8726 5034 5635 8859 5047 6176 4110 3739 6333
330 2241 4407 4962 8066 6459 5077 8787 5065 8085 4591 5814 6994 2832 5687 3382 1663 6610 9473 5392 2479 7401 6743 9892 2936 3946 8726 5034 5635 8859 5047 6176 4110 3739 6333
False
330 2241 4407 4962 8066 6459 5077 8787 5065 8085 4591 5814 6994 2832 5687 3382 1663 6610 9473 5392 2479 7401 6743 9892 2936 3946 8726 5034 5635 8859 5047 6176 4110 3739
330 2241 4407 4962 8066 6459 5077 8787 5065 8085 4591 5814 6994 2832 5687 3382 1663 6610 9473 5392 2479 7401 6743 9892 2936 3946 8726 5034 5635 8859 5047 6176 4110
330 2241 4407 4962 8066 6459 5077 8787 5065 8085 4591 5814 6994 2832 5687 3382 1663 6610 9473 5392 2479 7401 6743 9892 2936 3946 8726 5034 5635 8859 5047 8155
False
330 2241 4407 4962 8066 6459 5077 8787 5065 8085 4591 5814 6994 2832 5687 3382 1663 6610 9473 5392 2479 7401 6743 9892 2936 3946 8726 5034 5635 8859 5047 3219
False
False
8859
5635
28
False
False
330 2241 4407 4962 8066 6459 5077 8787 5065 8085 4591 5814 6994 2832 5687 3382 1663 6610 9473 5392 2479 7401 6743 9892 2936 3946
330 2241 4407 4962 8066 6459 5077 8787 5065 8085 4591 5814 6994 2832 5687 3382 1663 6610 9473 5392 2479 7401 6743 9892 2936 3946
False
25
False
25
25
23
330 2241 4407 4962 8066 6459 5077 8787 5065 8085 4591 5814 6994 2832 5687 3382 1663 6610 9473 5392 2479 7401
330 2241 4407 4962 8066 6459 5077 8787 5065 8085 4591 5814 6994 2832 5687 3382 1663 6610 9473 5392 2479 7401 6417 7247
False
False
7211
False
False
False
27
330 2241 4407 4962 8066 6459 5077 8787 5065 8085 4591 5814 6994 2832 5687 3382 1663 6610 9473 5392 2479 7401 6417 5133 8513 509 420
31
False
False
4941
False
False
29
False
False
False
False
330 2241 4407 4962 8066 6459 5077 8787 5065 8085 4591 5814 6994 2832 5687 3382 1663 6610 9473 5392 2479 7401 6417 5133 8513 509 1587 4895 3570 9158
30
330 2241 4407 4962 8066 6459 5077 8787 5065 8085 4591 5814 6994 2832 5687 3382 1663 6610 9473 5392 2479 7401 6417 5133 8513 509 1587 4895 3570 9158
330 2241 4407 4962 8066 6459 5077 8787 5065 8085 4591 5814 6994 2832 5687 3382 1663 6610 9473 5392 2479 7401 6417 5133 8513 509 1587 4895 3570 9158
False
False
30
False
28
330 2241 4407 4962 8066 6459 5077 8787 5065 8085 4591 5814 6994 2832 5687 3382 1663 6610 9473 5392 2479 7401 6417 5133 8513 509 1587
330 2241 4407 4962 8066 6459 5077 8787 5065 8085 4591 5814 6994 2832 5687 3382 1663 6610 9473 5392 2479 7401 6417 5133 8513 509 1587
330 2241 4407 4962 8066 6459 5077 8787 5065 8085 4591 5814 6994 2832 5687 3382 1663 6610 9473 5392 2479 7401 6417 5133 8513 509 1587
5468
330 2241 4407 4962 8066 6459 5077 8787 5065 8085 4591 5814 6994 2832 5687 3382 1663 6610 9473 5392 2479 7401 6417 5133 8513 509 1587 5468
5468
330 2241 4407 4962 8066 6459 5077 8787 5065 8085 4591 5814 6994 2832 5687 3382 1663 6610 9473 5392 2479 7401 6417 5133 8513 509 1587 5468
False
False
False
330 2241 4407 4962 8066 6459 5077 8787 5065 8085 4591 5814 6994 2832 5687 3382 1663 6610 9473 5392 2479 7401 6417 5133 8513 509 1587
7292
330 2241 4407 4962 8066 6459 5077 8787 5065 8085 4591 5814 6994 2832 5687 3382 1663 6610 9473 5392 2479 7401 6417 5133 8513 509 1587 5431 4926 7292
7292
330 2241 4407 4962 8066 6459 5077 8787 5065 8085 4591 5814 6994 2832 5687 3382 1663 6610 9473 5392 2479 7401 6417 5133 8513 509 1587 5431 4926 7292
7292
330 2241 4407 4962 8066 6459 5077 8787 5065 8085 4591 5814 6994 2832 5687 3382 1663 6610 9473 5392 2479 7401 6417 5133 8513 509 1587 5431 4926 7292
False
False
False
4926
False
False
5431
False
False
False
330 2241 4407 4962 8066 6459 5077 8787 5065 8085 4591 5814 6994 2832 5687 3382 1663 6610 9473 5392 2479 7401 6417 5133 8513 509
26
False
6797
6227
False
28
False
False
4259
4259
False
False
False
False
25
False
330 2241 4407 4962 8066 6459 5077 8787 5065 8085 4591 5814 6994 2832 5687 3382 1663 6610 9473 5392 2479 7401 6417 2035
330 2241 4407 4962 8066 6459 5077 8787 5065 8085 4591 5814 6994 2832 5687 3382 1663 6610 9473 5392 2479 7401 432 2340
330 2241 4407 4962 8066 6459 5077 8787 5065 8085 4591 5814 6994 2832 5687 3382 1663 6610 9473 5392 2479 7401 432 2340 3829
25
330 2241 4407 4962 8066 6459 5077 8787 5065 8085 4591 5814 6994 2832 5687 3382 1663 6610 9473 5392 2479 7401 432 2340 3829
False
False
False
475
25
475
330 2241 4407 4962 8066 6459 5077 8787 5065 8085 4591 5814 6994 2832 5687 3382 1663 6610 9473 5392 2479 7401 432 2340 475
330 2241 4407 4962 8066 6459 5077 8787 5065 8085 4591 5814 6994 2832 5687 3382 1663 6610 9473 5392 2479 7401 432 2340
False
False
False
28
28
330 2241 4407 4962 8066 6459 5077 8787 5065 8085 4591 5814 6994 2832 5687 3382 1663 6610 9473 5392 2479 7401 432 9335 122 6247 6121 1454
False
False
False
False
330 2241 4407 4962 8066 6459 5077 8787 5065 8085 4591 5814 6994 2832 5687 3382 1663 6610 9473 5392 2479 7401 432 9335 122 6247 6121 1454 6460 9540 5102 7702
7702
32
False
32
2692
False
330 2241 4407 4962 8066 6459 5077 8787 5065 8085 4591 5814 6994 2832 5687 3382 1663 6610 9473 5392 2479 7401 432 9335 122 6247 6121 1454 6460 9540 5102 2692 7067
31
5102
5102
330 2241 4407 4962 8066 6459 5077 8787 5065 8085 4591 5814 6994 2832 5687 3382 1663 6610 9473 5392 2479 7401 432 9335 122 6247 6121 1454 6460 9540 5102
330 2241 4407 4962 8066 6459 5077 8787 5065 8085 4591 5814 6994 2832 5687 3382 1663 6610 9473 5392 2479 7401 432 9335 122 6247 6121 1454 6460 9540 5102
False
330 2241 4407 4962 8066 6459 5077 8787 5065 8085 4591 5814 6994 2832 5687 3382 1663 6610 9473 5392 2479 7401 432 9335 122 6247 6121 1454 6460 9540 5102
330 2241 4407 4962 8066 6459 5077 8787 5065 8085 4591 5814 6994 2832 5687 3382 1663 6610 9473 5392 2479 7401 432 9335 122 6247 6121 1454 6460 9540
31
6477
330 2241 4407 4962 8066 6459 5077 8787 5065 8085 4591 5814 6994 2832 5687 3382 1663 6610 9473 5392 2479 7401 432 9335 122 6247 6121 1454 6460 8945 6477 7062
32
False
False
330 2241 4407 4962 8066 6459 5077 8787 5065 8085 4591 5814 6994 2832 5687 3382 1663 6610 9473 5392 2479 7401 432 9335 122 6247 6121 1454 6460 889 9353
330 2241 4407 4962 8066 6459 5077 8787 5065 8085 4591 5814 6994 2832 5687 3382 1663 6610 9473 5392 2479 7401 432 9335 122 6247 6121 1454 6460 889 9353
False
29
330 2241 4407 4962 8066 6459 5077 8787 5065 8085 4591 5814 6994 2832 5687 3382 1663 6610 9473 5392 2479 7401 432 9335 122 6247 6121 1454 6460 1488
330 2241 4407 4962 8066 6459 5077 8787 5065 8085 4591 5814 6994 2832 5687 3382 1663 6610 9473 5392 2479 7401 432 9335 122 6247 6121 1454 6460 1488
False
330 2241 4407 4962 8066 6459 5077 8787 5065 8085 4591 5814 6994 2832 5687 3382 1663 6610 9473 5392 2479 7401 432 9335 122 6247 6121 1454
330 2241 4407 4962 8066 6459 5077 8787 5065 8085 4591 5814 6994 2832 5687 3382 1663 6610 9473 5392 2479 7401 432 9335 122 6247 6121 1454
False
3107
28
False
False
False
4792
False
False
29
False
False
False
30
False
2215
False
2215
330 2241 4407 4962 8066 6459 5077 8787 5065 8085 4591 5814 6994 2832 5687 3382 1663 6610 9473 5392 2479 7401 432 9335 122 6247 6121 3107 8837 2215
False
330 2241 4407 4962 8066 6459 5077 8787 5065 8085 4591 5814 6994 2832 5687 3382 1663 6610 9473 5392 2479 7401 432 9335 122 6247 6121 3107 8837 2215
False
330 2241 4407 4962 8066 6459 5077 8787 5065 8085 4591 5814 6994 2832 5687 3382 1663 6610 9473 5392 2479 7401 432 9335 122 6247 6121 3107 8837 2215
False
2215
False
330 2241 4407 4962 8066 6459 5077 8787 5065 8085 4591 5814 6994 2832 5687 3382 1663 6610 9473 5392 2479 7401 432 9335 122 6247 6121 3107 8837 2215
9935
32
32
False
False
32
False
False
False
False
9412
4685
False
33
False
6247
330 2241 4407 4962 8066 6459 5077 8787 5065 8085 4591 5814 6994 2832 5687 3382 1663 6610 9473 5392 2479 7401 432 9335 122 6247
False
330 2241 4407 4962 8066 6459 5077 8787 5065 8085 4591 5814 6994 2832 5687 3382 1663 6610 9473 5392 2479 7401 432 9335 122
False
330 2241 4407 4962 8066 6459 5077 8787 5065 8085 4591 5814 6994 2832 5687 3382 1663 6610 9473 5392 2479 7401 432 9335 122
26
8076
930
3779
False
False
False
330 2241 4407 4962 8066 6459 5077 8787 5065 8085 4591 5814 6994 2832 5687 3382 1663 6610 9473 5392 2479 7401 432 9335 122 8076 6234 3779 3981 8029 5148
5148
330 2241 4407 4962 8066 6459 5077 8787 5065 8085 4591 5814 6994 2832 5687 3382 1663 6610 9473 5392 2479 7401 432 9335 122 8076 6234 3779 3981 8029 7552
31
31
False
False
29
27
330 2241 4407 4962 8066 6459 5077 8787 5065 8085 4591 5814 6994 2832 5687 3382 1663 6610 9473 5392 2479 7401 432 9335 122 1731
1731
27
False
27
False
False
330 2241 4407 4962 8066 6459 5077 8787 5065 8085 4591 5814 6994 2832 5687 3382 1663 6610 9473 5392 2479 7401 432 9335
False
False
24
9072
False
False
1338
False
28
False
24
False
9072
23
False
330 2241 4407 4962 8066 6459 5077 8787 5065 8085 4591 5814 6994 2832 5687 3382 1663 6610 9473 5392 2479 7401 432 4080 8854
8854
8854
25
25
False
25
2653
2850
330 2241 4407 4962 8066 6459 5077 8787 5065 8085 4591 5814 6994 2832 5687 3382 1663 6610 9473 5392 2479 7401 432 4080 2653 2850 408
4080
4080
False
330 2241 4407 4962 8066 6459 5077 8787 5065 8085 4591 5814 6994 2832 5687 3382 1663 6610 9473 5392 2479 7401 432 4080 2994 8559 5620 8296 617
False
False
8612
False
330 2241 4407 4962 8066 6459 5077 8787 5065 8085 4591 5814 6994 2832 5687 3382 1663 6610 9473 5392 2479 7401 432 4080 2994 8559 5620 8296
False
330 2241 4407 4962 8066 6459 5077 8787 5065 8085 4591 5814 6994 2832 5687 3382 1663 6610 9473 5392 2479 7401 432 4080 2994 8559 5620 8296 7361
4255
330 2241 4407 4962 8066 6459 5077 8787 5065 8085 4591 5814 6994 2832 5687 3382 1663 6610 9473 5392 2479 7401 432 4080 2994 8559 5620 8296 7361
29
29
False
29
330 2241 4407 4962 8066 6459 5077 8787 5065 8085 4591 5814 6994 2832 5687 3382 1663 6610 9473 5392 2479 7401 432 4080 2994 8559 5620 8296 7361
30
8296
330 2241 4407 4962 8066 6459 5077 8787 5065 8085 4591 5814 6994 2832 5687 3382 1663 6610 9473 5392 2479 7401 432 4080 2994 8559 5620 8296
330 2241 4407 4962 8066 6459 5077 8787 5065 8085 4591 5814 6994 2832 5687 3382 1663 6610 9473 5392 2479 7401 432 4080 2994 8559 5620 8296
8296
8565
30
330 2241 4407 4962 8066 6459 5077 8787 5065 8085 4591 5814 6994 2832 5687 3382 1663 6610 9473 5392 2479 7401 432 4080 2994 8559 5620 8296 8558 8565
31
330 2241 4407 4962 8066 6459 5077 8787 5065 8085 4591 5814 6994 2832 5687 3382 1663 6610 9473 5392 2479 7401 432 4080 2994 8559 5620 8296 8558
2994
25
False
False
330 2241 4407 4962 8066 6459 5077 8787 5065 8085 4591 5814 6994 2832 5687 3382 1663 6610 9473 5392 2479 7401 432 4080 3823 8503
False
False
9489
False
False
27
False
28
330 2241 4407 4962 8066 6459 5077 8787 5065 8085 4591 5814 6994 2832 5687 3382 1663 6610 9473 5392 2479 7401 432 4080 3823 8503 9489 3970
6585
False
30
6585
False
1946
False
False
False
3970
330 2241 4407 4962 8066 6459 5077 8787 5065 8085 4591 5814 6994 2832 5687 3382 1663 6610 9473 5392 2479 7401 432 4080 3823 8503 9489 3970
8503
25
False
False
False
False
False
False
25
1067
False
330 2241 4407 4962 8066 6459 5077 8787 5065 8085 4591 5814 6994 2832 5687 3382 1663 6610 9473 5392 2479 7401 432 4080
False
4080
False
25
False
False
330 2241 4407 4962 8066 6459 5077 8787 5065 8085 4591 5814 6994 2832 5687 3382 1663 6610 9473 5392 2479 7401 432 4080 6494 6371
6371
330 2241 4407 4962 8066 6459 5077 8787 5065 8085 4591 5814 6994 2832 5687 3382 1663 6610 9473 5392 2479 7401 432 4080 6494 6371
26
False
False
432
False
7401
2479
False
False
330 2241 4407 4962 8066 6459 5077 8787 5065 8085 4591 5814 6994 2832 5687 3382 1663 6610 9473 5392 9453 3534
False
330 2241 4407 4962 8066 6459 5077 8787 5065 8085 4591 5814 6994 2832 5687 3382 1663 6610 9473 5392 9453
19
330 2241 4407 4962 8066 6459 5077 8787 5065 8085 4591 5814 6994 2832 5687 3382 1663 6610 9473
False
330 2241 4407 4962 8066 6459 5077 8787 5065 8085 4591 5814 6994 2832 5687 3382 1663 6610 9473
False
330 2241 4407 4962 8066 6459 5077 8787 5065 8085 4591 5814 6994 2832 5687 3382 1663 6610
330 2241 4407 4962 8066 6459 5077 8787 5065 8085 4591 5814 6994 2832 5687 3382 1663 6610 2067
7
7
330 2241 4407 4962 8066 6459 5077 8787 5065 8085 4591 5814 6994 2832 5687 3382 1663 6610 7
False
False
False
330 2241 4407 4962 8066 6459 5077 8787 5065 8085 4591 5814 6994 2832 5687 3382 1663 6610 7 9981
330 2241 4407 4962 8066 6459 5077 8787 5065 8085 4591 5814 6994 2832 5687 3382 1663 6610 7 9981
330 2241 4407 4962 8066 6459 5077 8787 5065 8085 4591 5814 6994 2832 5687 3382 1663 6610 6805 9047
18
1663
False
17
330 2241 4407 4962 8066 6459 5077 8787 5065 8085 4591 5814 6994 2832 5687 3382 1663
17
False
1618
3982
False
False
17
17
False
False
False
False
False
False
330 2241 4407 4962 8066 6459 5077 8787 5065 8085 4591 5814 6994 2832 5687 717
5687
5687
False
False
15
False
7097
False
1608
15
18
False
2079
False
False
330 2241 4407 4962 8066 6459 5077 8787 5065 8085 4591 5814 6994
6994
6994
330 2241 4407 4962 8066 6459 5077 8787 5065 8085 4591 5814
5814
11
False
10
10
10
False
8173
330 2241 4407 4962 8066 6459 5077 8787 5065 8085 8911
330 2241 4407 4962 8066 6459 5077 8787 5065 8085 8911
8911
11
1467
False
False
13
False
False
330 2241 4407 4962 8066 6459 5077 8787 5065 8085 8911 5125 1467
5901
13
False
False
False
7277
False
330 2241 4407 4962 8066 6459 5077 8787 5065 8085
10
False
False
10
7
False
8
False
False
330 2241 4407 4962 8066 6459 5077 2098
6100
10
10
6100
False
10
12
330 2241 4407 4962 8066 6459 5077 2098 6100 1155 1796 2464
2464
False
False
330 2241 4407 4962 8066 6459 5077 2098 6100 1155 1796 1608 6846
False
2193
False
2193
False
14
False
330 2241 4407 4962 8066 6459 5077 2098 6100 1155 1796 1608 6846 2193 2194
330 2241 4407 4962 8066 6459 5077 2098 6100 1155 1796 1608 6846 2193 2194
False
False
False
False
558
False
False
1534
5372
26
330 2241 4407 4962 8066 6459 5077 2098 6100 1155 1796 1608 6846 2193 2194 6191 7278 516 4761 5237 558 8657 551 9355 8085 5372
5372
False
4773
4494
False
False
31
False
False
False
330 2241 4407 4962 8066 6459 5077 2098 6100 1155 1796 1608 6846 2193 2194 6191 7278 516 4761 5237 558 8657 551 9355 8085 5372 6530 4773 7136 4494 986
False
986
32
4987
330 2241 4407 4962 8066 6459 5077 2098 6100 1155 1796 1608 6846 2193 2194 6191 7278 516 4761 5237 558 8657 551 9355 8085 5372 6530 4773 7136 4494 986
False
330 2241 4407 4962 8066 6459 5077 2098 6100 1155 1796 1608 6846 2193 2194 6191 7278 516 4761 5237 558 8657 551 9355 8085 5372 6530 4773 7136 4494 986
32
1207
330 2241 4407 4962 8066 6459 5077 2098 6100 1155 1796 1608 6846 2193 2194 6191 7278 516 4761 5237 558 8657 551 9355 8085 5372 6530 4773 7136 4494 986
False
False
False
False
330 2241 4407 4962 8066 6459 5077 2098 6100 1155 1796 1608 6846 2193 2194 6191 7278 516 4761 5237 558 8657 551 9355 8085 5372 6530 4773 7136 8281
29
False
False
False
False
29
False
30
False
False
30
330 2241 4407 4962 8066 6459 5077 2098 6100 1155 1796 1608 6846 2193 2194 6191 7278 516 4761 5237 558 8657 551 9355 8085 5372 6530 4773 8290 1474
30
False
1862
False
30
False
7470
30
False
7689
31
7206
31
False
330 2241 4407 4962 8066 6459 5077 2098 6100 1155 1796 1608 6846 2193 2194 6191 7278 516 4761 5237 558 8657 551 9355 8085 5372 6530 4773
9665
330 2241 4407 4962 8066 6459 5077 2098 6100 1155 1796 1608 6846 2193 2194 6191 7278 516 4761 5237 558 8657 551 9355 8085 5372 6530 4773
4773
6530
6530
False
5372
False
9579
26
False
5518
330 2241 4407 4962 8066 6459 5077 2098 6100 1155 1796 1608 6846 2193 2194 6191 7278 516 4761 5237 558 8657 551 9355 8085 5518
26
25
False
False
False
False
False
False
False
False
330 2241 4407 4962 8066 6459 5077 2098 6100 1155 1796 1608 6846 2193 2194 6191 7278 516 4761 5237 558 8657 551 9355 8085 9512 2829
False
False
330 2241 4407 4962 8066 6459 5077 2098 6100 1155 1796 1608 6846 2193 2194 6191 7278 516 4761 5237 558 8657 551 9355 8085 9512 2829
330 2241 4407 4962 8066 6459 5077 2098 6100 1155 1796 1608 6846 2193 2194 6191 7278 516 4761 5237 558 8657 551 9355 8085 9512 2829
330 2241 4407 4962 8066 6459 5077 2098 6100 1155 1796 1608 6846 2193 2194 6191 7278 516 4761 5237 558 8657 551 9355 8085 9512 2829
330 2241 4407 4962 8066 6459 5077 2098 6100 1155 1796 1608 6846 2193 2194 6191 7278 516 4761 5237 558 8657 551 9355 8085 9512 2829
27
330 2241 4407 4962 8066 6459 5077 2098 6100 1155 1796 1608 6846 2193 2194 6191 7278 516 4761 5237 558 8657 551 9355 8085 9512 2829 6770
False
28
False
330 2241 4407 4962 8066 6459 5077 2098 6100 1155 1796 1608 6846 2193 2194 6191 7278 516 4761 5237 558 8657 551 9355 8085 9512 2829
27
2434
27
2829
False
False
False
31
6168
33
False
False
30
30
False
False
False
30
29
False
False
3300
26
330 2241 4407 4962 8066 6459 5077 2098 6100 1155 1796 1608 6846 2193 2194 6191 7278 516 4761 5237 558 8657 551 9355
7880
False
False
False
24
False
23
False
False
False
False
330 2241 4407 4962 8066 6459 5077 2098 6100 1155 1796 1608 6846 2193 2194 6191 7278 516 4761 5237 558 8657
8657
24
False
330 2241 4407 4962 8066 6459 5077 2098 6100 1155 1796 1608 6846 2193 2194 6191 7278 516 4761 5237 558 8657
8657
558
330 2241 4407 4962 8066 6459 5077 2098 6100 1155 1796 1608 6846 2193 2194 6191 7278 516 4761 5237 558
21
3129
22
330 2241 4407 4962 8066 6459 5077 2098 6100 1155 1796 1608 6846 2193 2194 6191 7278 516 4761 5237 558 9941
False
22
330 2241 4407 4962 8066 6459 5077 2098 6100 1155 1796 1608 6846 2193 2194 6191 7278 516 4761 5237 558 6144
False
330 2241 4407 4962 8066 6459 5077 2098 6100 1155 1796 1608 6846 2193 2194 6191 7278 516 4761 5237 558
False
False
7954
330 2241 4407 4962 8066 6459 5077 2098 6100 1155 1796 1608 6846 2193 2194 6191 7278 516 4761 5237 558 7954 2605
2452
False
False
5778
False
330 2241 4407 4962 8066 6459 5077 2098 6100 1155 1796 1608 6846 2193 2194 6191 7278 516 4761 5237 558 7954 2605 3912 1528 5778 1412 4286
330 2241 4407 4962 8066 6459 5077 2098 6100 1155 1796 1608 6846 2193 2194 6191 7278 516 4761 5237 558 7954 2605 3912 1528 5778 1412 4286 2047 4739
4157
330 2241 4407 4962 8066 6459 5077 2098 6100 1155 1796 1608 6846 2193 2194 6191 7278 516 4761 5237 558 7954 2605 3912 1528 5778 1412 4286 2047 4739 5935 8700
330 2241 4407 4962 8066 6459 5077 2098 6100 1155 1796 1608 6846 2193 2194 6191 7278 516 4761 5237 558 7954 2605 3912 1528 5778 1412 4286 2047 4739 5935 8700 5693
330 2241 4407 4962 8066 6459 5077 2098 6100 1155 1796 1608 6846 2193 2194 6191 7278 516 4761 5237 558 7954 2605 3912 1528 5778 1412 4286 2047 4739 5935 8700 5693
33
5693
5693
330 2241 4407 4962 8066 6459 5077 2098 6100 1155 1796 1608 6846 2193 2194 6191 7278 516 4761 5237 558 7954 2605 3912 1528 5778 1412 4286 2047 4739 5935 8700 5693
False
False
5693
2441
False
False
35
False
330 2241 4407 4962 8066 6459 5077 2098 6100 1155 1796 1608 6846 2193 2194 6191 7278 516 4761 5237 558 7954 2605 3912 1528 5778 1412 4286 2047 4739 5935 8700 5693 6109 2441
36
2441
330 2241 4407 4962 8066 6459 5077 2098 6100 1155 1796 1608 6846 2193 2194 6191 7278 516 4761 5237 558 7954 2605 3912 1528 5778 1412 4286 2047 4739 5935 8700 5693 6109 2441
35
330 2241 4407 4962 8066 6459 5077 2098 6100 1155 1796 1608 6846 2193 2194 6191 7278 516 4761 5237 558 7954 2605 3912 1528 5778 1412 4286 2047 4739 5935 8700 5693 6109 2441 5582
False
330 2241 4407 4962 8066 6459 5077 2098 6100 1155 1796 1608 6846 2193 2194 6191 7278 516 4761 5237 558 7954 2605 3912 1528 5778 1412 4286 2047 4739 5935 8700 5693 6109 2441 7662
4739
330 2241 4407 4962 8066 6459 5077 2098 6100 1155 1796 1608 6846 2193 2194 6191 7278 516 4761 5237 558 7954 2605 3912 1528 5778 1412 4286
False
False
False
False
False
False
False
False
330 2241 4407 4962 8066 6459 5077 2098 6100 1155 1796 1608 6846 2193 2194 6191 7278 516 4761 5237 558 7954 2605 3912 1528 5778 1412 4286 3662 711 1409 6299 9944 3799
412
412
32
330 2241 4407 4962 8066 6459 5077 2098 6100 1155 1796 1608 6846 2193 2194 6191 7278 516 4761 5237 558 7954 2605 3912 1528 5778 1412 4286 3662 711 1409
False
30
330 2241 4407 4962 8066 6459 5077 2098 6100 1155 1796 1608 6846 2193 2194 6191 7278 516 4761 5237 558 7954 2605 3912 1528 5778 1412 4286 3662 711 7530 7646
33
False
False
False
False
4709
False
False
1412
False
26
330 2241 4407 4962 8066 6459 5077 2098 6100 1155 1796 1608 6846 2193 2194 6191 7278 516 4761 5237 558 7954 2605 3912 1528 5778 435
28
330 2241 4407 4962 8066 6459 5077 2098 6100 1155 1796 1608 6846 2193 2194 6191 7278 516 4761 5237 558 7954 2605 3912 1528 5778 435 802
435
False
3173
False
False
False
330 2241 4407 4962 8066 6459 5077 2098 6100 1155 1796 1608 6846 2193 2194 6191 7278 516 4761 5237 558 7954 2605 3912 1528 5778 3173 1112
28
False
False
28
28
330 2241 4407 4962 8066 6459 5077 2098 6100 1155 1796 1608 6846 2193 2194 6191 7278 516 4761 5237 558 7954 2605 3912 1528 5778 3173 1112
False
1112
False
False
330 2241 4407 4962 8066 6459 5077 2098 6100 1155 1796 1608 6846 2193 2194 6191 7278 516 4761 5237 558 7954 2605 3912 1528 5778 3173
False
3173
5778
330 2241 4407 4962 8066 6459 5077 2098 6100 1155 1796 1608 6846 2193 2194 6191 7278 516 4761 5237 558 7954 2605 3912 1528
330 2241 4407 4962 8066 6459 5077 2098 6100 1155 1796 1608 6846 2193 2194 6191 7278 516 4761 5237 558 7954 2605 3912 1528
26
5202
330 2241 4407 4962 8066 6459 5077 2098 6100 1155 1796 1608 6846 2193 2194 6191 7278 516 4761 5237 558 7954 2605 3912 1528
330 2241 4407 4962 8066 6459 5077 2098 6100 1155 1796 1608 6846 2193 2194 6191 7278 516 4761 5237 558 7954 2605 3912 1528 384
26
8956
False
False
330 2241 4407 4962 8066 6459 5077 2098 6100 1155 1796 1608 6846 2193 2194 6191 7278 516 4761 5237 558 7954 2605 3912 1528 8956
False
False
1528
25
False
330 2241 4407 4962 8066 6459 5077 2098 6100 1155 1796 1608 6846 2193 2194 6191 7278 516 4761 5237 558 7954 2605 3912 1528 9064
26
False
7892
7892
29
9064
9064
False
False
9064
330 2241 4407 4962 8066 6459 5077 2098 6100 1155 1796 1608 6846 2193 2194 6191 7278 516 4761 5237 558 7954 2605 3912 1528 9064
330 2241 4407 4962 8066 6459 5077 2098 6100 1155 1796 1608 6846 2193 2194 6191 7278 516 4761 5237 558 7954 2605 3912 1528 9064
False
26
False
1254
27
False
3826
False
3826
False
False
False
False
9731
23
2605
22
330 2241 4407 4962 8066 6459 5077 2098 6100 1155 1796 1608 6846 2193 2194 6191 7278 516 4761 5237 558 7954
22
False
22
False
330 2241 4407 4962 8066 6459 5077 2098 6100 1155 1796 1608 6846 2193 2194 6191 7278 516 4761 5237 558 7954
22
False
False
False
21
330 2241 4407 4962 8066 6459 5077 2098 6100 1155 1796 1608 6846 2193 2194 6191 7278 516 4761 5237 558
False
1785
False
False
False
330 2241 4407 4962 8066 6459 5077 2098 6100 1155 1796 1608 6846 2193 2194 6191 7278 516 4761 5237 558 6401 2032 1818 8631
False
False
27
2930
22
False
False
22
330 2241 4407 4962 8066 6459 5077 2098 6100 1155 1796 1608 6846 2193 2194 6191 7278 516 4761 5237 558 6401 2032 1818 8631 2930 22
False
330 2241 4407 4962 8066 6459 5077 2098 6100 1155 1796 1608 6846 2193 2194 6191 7278 516 4761 5237 558 6401 2032 1818 8631 3487
26
330 2241 4407 4962 8066 6459 5077 2098 6100 1155 1796 1608 6846 2193 2194 6191 7278 516 4761 5237 558 6401 2032 1818 8631 3487 9762
False
29
330 2241 4407 4962 8066 6459 5077 2098 6100 1155 1796 1608 6846 2193 2194 6191 7278 516 4761 5237 558 6401 2032 1818 8631 3487 9762 5585 6910 8688 637 6754
32
32
False
6754
False
False
False
330 2241 4407 4962 8066 6459 5077 2098 6100 1155 1796 1608 6846 2193 2194 6191 7278 516 4761 5237 558 6401 2032 1818 8631 3487 9762 5585 6910 8688 637 6754 11
330 2241 4407 4962 8066 6459 5077 2098 6100 1155 1796 1608 6846 2193 2194 6191 7278 516 4761 5237 558 6401 2032 1818 8631 3487 9762 5585 6910 8688 637 6754
330 2241 4407 4962 8066 6459 5077 2098 6100 1155 1796 1608 6846 2193 2194 6191 7278 516 4761 5237 558 6401 2032 1818 8631 3487 9762 5585 6910 8688 637
31
False
8688
False
30
False
330 2241 4407 4962 8066 6459 5077 2098 6100 1155 1796 1608 6846 2193 2194 6191 7278 516 4761 5237 558 6401 2032 1818 8631 3487 9762 5585 6910
False
6910
330 2241 4407 4962 8066 6459 5077 2098 6100 1155 1796 1608 6846 2193 2194 6191 7278 516 4761 5237 558 6401 2032 1818 8631 3487 9762 5585 6910
330 2241 4407 4962 8066 6459 5077 2098 6100 1155 1796 1608 6846 2193 2194 6191 7278 516 4761 5237 558 6401 2032 1818 8631 3487 9762 5585 6910
5585
False
False
330 2241 4407 4962 8066 6459 5077 2098 6100 1155 1796 1608 6846 2193 2194 6191 7278 516 4761 5237 558 6401 2032 1818 8631 3487 9762 5585 6114
6114
29
28
False
330 2241 4407 4962 8066 6459 5077 2098 6100 1155 1796 1608 6846 2193 2194 6191 7278 516 4761 5237 558 6401 2032 1818 8631 3487 9762 5585
5585
False
False
False
330 2241 4407 4962 8066 6459 5077 2098 6100 1155 1796 1608 6846 2193 2194 6191 7278 516 4761 5237 558 6401 2032 1818 8631 3487 9762 5585 504
False
False
330 2241 4407 4962 8066 6459 5077 2098 6100 1155 1796 1608 6846 2193 2194 6191 7278 516 4761 5237 558 6401 2032 1818 8631 3487 9762 5585 7225 9147 3986 7402
7402
3202
False
330 2241 4407 4962 8066 6459 5077 2098 6100 1155 1796 1608 6846 2193 2194 6191 7278 516 4761 5237 558 6401 2032 1818 8631 3487 9762 5585 7225 9147 3986 7402 3202
False
3353
False
330 2241 4407 4962 8066 6459 5077 2098 6100 1155 1796 1608 6846 2193 2194 6191 7278 516 4761 5237 558 6401 2032 1818 8631 3487 9762 5585 7225 9147 3986 3353 9789
33
330 2241 4407 4962 8066 6459 5077 2098 6100 1155 1796 1608 6846 2193 2194 6191 7278 516 4761 5237 558 6401 2032 1818 8631 3487 9762 5585 7225 9147 3986 3353 9789
33
False
False
330 2241 4407 4962 8066 6459 5077 2098 6100 1155 1796 1608 6846 2193 2194 6191 7278 516 4761 5237 558 6401 2032 1818 8631 3487 9762 5585 7225 9147 3986 3353 9789
9789
330 2241 4407 4962 8066 6459 5077 2098 6100 1155 1796 1608 6846 2193 2194 6191 7278 516 4761 5237 558 6401 2032 1818 8631 3487 9762 5585 7225 9147 3986 3353 8583
8583
33
33
330 2241 4407 4962 8066 6459 5077 2098 6100 1155 1796 1608 6846 2193 2194 6191 7278 516 4761 5237 558 6401 2032 1818 8631 3487 9762 5585 7225 9147 3986 3353 5856
False
330 2241 4407 4962 8066 6459 5077 2098 6100 1155 1796 1608 6846 2193 2194 6191 7278 516 4761 5237 558 6401 2032 1818 8631 3487 9762 5585 7225 9147 3986 3353 5856 4449 5841
False
330 2241 4407 4962 8066 6459 5077 2098 6100 1155 1796 1608 6846 2193 2194 6191 7278 516 4761 5237 558 6401 2032 1818 8631 3487 9762 5585 7225 9147 3986 3353 5856 4449 5841 5027
False
5856
False
5856
False
False
330 2241 4407 4962 8066 6459 5077 2098 6100 1155 1796 1608 6846 2193 2194 6191 7278 516 4761 5237 558 6401 2032 1818 8631 3487 9762 5585 7225 9147 3986 3353 5856
35
8711
6885
3970
False
False
False
False
3736
False
330 2241 4407 4962 8066 6459 5077 2098 6100 1155 1796 1608 6846 2193 2194 6191 7278 516 4761 5237 558 6401 2032 1818 8631 3487 9762 5585 7225 9147 3986 3353 5856 9122 3970 8135 3736
330 2241 4407 4962 8066 6459 5077 2098 6100 1155 1796 1608 6846 2193 2194 6191 7278 516 4761 5237 558 6401 2032 1818 8631 3487 9762 5585 7225 9147 3986 3353 5856 9122 3970 8135
330 2241 4407 4962 8066 6459 5077 2098 6100 1155 1796 1608 6846 2193 2194 6191 7278 516 4761 5237 558 6401 2032 1818 8631 3487 9762 5585 7225 9147 3986 3353 5856 9122 3970 8135
False
False
False
330 2241 4407 4962 8066 6459 5077 2098 6100 1155 1796 1608 6846 2193 2194 6191 7278 516 4761 5237 558 6401 2032 1818 8631 3487 9762 5585 7225 9147 3986 3353 5856
330 2241 4407 4962 8066 6459 5077 2098 6100 1155 1796 1608 6846 2193 2194 6191 7278 516 4761 5237 558 6401 2032 1818 8631 3487 9762 5585 7225 9147 3986 3353
False
False
31
False
False
False
2301
330 2241 4407 4962 8066 6459 5077 2098 6100 1155 1796 1608 6846 2193 2194 6191 7278 516 4761 5237 558 6401 2032 1818 8631 3487 9762 5585 7225 9147 5846 4826 2301
2301
330 2241 4407 4962 8066 6459 5077 2098 6100 1155 1796 1608 6846 2193 2194 6191 7278 516 4761 5237 558 6401 2032 1818 8631 3487 9762 5585 7225 9147 5846 4826 2301
9147
330 2241 4407 4962 8066 6459 5077 2098 6100 1155 1796 1608 6846 2193 2194 6191 7278 516 4761 5237 558 6401 2032 1818 8631 3487 9762 5585 7225
9486
330 2241 4407 4962 8066 6459 5077 2098 6100 1155 1796 1608 6846 2193 2194 6191 7278 516 4761 5237 558 6401 2032 1818 8631 3487 9762 5585 7225 9486 6248
False
330 2241 4407 4962 8066 6459 5077 2098 6100 1155 1796 1608 6846 2193 2194 6191 7278 516 4761 5237 558 6401 2032 1818 8631 3487 9762 5585 7225 9486 6248
6248
8519
False
False
False
False
False
8519
33
False
2927
34
False
330 2241 4407 4962 8066 6459 5077 2098 6100 1155 1796 1608 6846 2193 2194 6191 7278 516 4761 5237 558 6401 2032 1818 8631 3487 9762 5585 7225 9486 6248 6114 8519 2927 7989
False
36
330 2241 4407 4962 8066 6459 5077 2098 6100 1155 1796 1608 6846 2193 2194 6191 7278 516 4761 5237 558 6401 2032 1818 8631 3487 9762 5585 7225 9486 6248 6114 8519 9828 8221 1362
False
False
False
8519
False
False
False
330 2241 4407 4962 8066 6459 5077 2098 6100 1155 1796 1608 6846 2193 2194 6191 7278 516 4761 5237 558 6401 2032 1818 8631 3487 9762 5585 7225 9486 6248 6114 8519 71
330 2241 4407 4962 8066 6459 5077 2098 6100 1155 1796 1608 6846 2193 2194 6191 7278 516 4761 5237 558 6401 2032 1818 8631 3487 9762 5585 7225 9486 6248 6114 8519 71
False
False
False
False
330 2241 4407 4962 8066 6459 5077 2098 6100 1155 1796 1608 6846 2193 2194 6191 7278 516 4761 5237 558 6401 2032 1818 8631 3487 9762 5585 7225 9486 6248 6114 8519 131 9657
False
False
False
False
131
False
False
6199
330 2241 4407 4962 8066 6459 5077 2098 6100 1155 1796 1608 6846 2193 2194 6191 7278 516 4761 5237 558 6401 2032 1818 8631 3487 9762 5585 7225 9486 6248 6114 8519 131 6199
False
False
36
330 2241 4407 4962 8066 6459 5077 2098 6100 1155 1796 1608 6846 2193 2194 6191 7278 516 4761 5237 558 6401 2032 1818 8631 3487 9762 5585 7225 9486 6248 6114 8519 131 6199
False
4545
35
False
2137
False
False
2137
False
False
35
1309
36
330 2241 4407 4962 8066 6459 5077 2098 6100 1155 1796 1608 6846 2193 2194 6191 7278 516 4761 5237 558 6401 2032 1818 8631 3487 9762 5585 7225 9486 6248 6114 8519 131 4545 1309 5971 6706
False
False
330 2241 4407 4962 8066 6459 5077 2098 6100 1155 1796 1608 6846 2193 2194 6191 7278 516 4761 5237 558 6401 2032 1818 8631 3487 9762 5585 7225 9486 6248 6114 8519 131 4545 1309 5971 7931
1309
False
35
35
34
37
36
False
36
False
False
33
32
7483
False
32
330 2241 4407 4962 8066 6459 5077 2098 6100 1155 1796 1608 6846 2193 2194 6191 7278 516 4761 5237 558 6401 2032 1818 8631 3487 9762 5585 7225 9486 7483
False
330 2241 4407 4962 8066 6459 5077 2098 6100 1155 1796 1608 6846 2193 2194 6191 7278 516 4761 5237 558 6401 2032 1818 8631 3487 9762 5585 7225 9486 3733
31
False
False
3733
330 2241 4407 4962 8066 6459 5077 2098 6100 1155 1796 1608 6846 2193 2194 6191 7278 516 4761 5237 558 6401 2032 1818 8631 3487 9762 5585 7225 9486 2510 9081
False
330 2241 4407 4962 8066 6459 5077 2098 6100 1155 1796 1608 6846 2193 2194 6191 7278 516 4761 5237 558 6401 2032 1818 8631 3487 9762 5585 7225 9486 2510 9081 514 6932
330 2241 4407 4962 8066 6459 5077 2098 6100 1155 1796 1608 6846 2193 2194 6191 7278 516 4761 5237 558 6401 2032 1818 8631 3487 9762 5585 7225 9486 2510 9081
False
1620
False
35
False
7923
False
330 2241 4407 4962 8066 6459 5077 2098 6100 1155 1796 1608 6846 2193 2194 6191 7278 516 4761 5237 558 6401 2032 1818 8631 3487 9762 5585 7225 9486 7311 526 1620 9306
False
34
False
1620
9075
34
35
3249
3249
False
False
330 2241 4407 4962 8066 6459 5077 2098 6100 1155 1796 1608 6846 2193 2194 6191 7278 516 4761 5237 558 6401 2032 1818 8631 3487 9762 5585 7225 9486 7311 526 1620 9075 3249 5210 1392
5210
False
330 2241 4407 4962 8066 6459 5077 2098 6100 1155 1796 1608 6846 2193 2194 6191 7278 516 4761 5237 558 6401 2032 1818 8631 3487 9762 5585 7225 9486 7311 526 1620 9075 3249
330 2241 4407 4962 8066 6459 5077 2098 6100 1155 1796 1608 6846 2193 2194 6191 7278 516 4761 5237 558 6401 2032 1818 8631 3487 9762 5585 7225 9486 7311 526 1620 9075
1620
False
False
False
33
1620
34
34
330 2241 4407 4962 8066 6459 5077 2098 6100 1155 1796 1608 6846 2193 2194 6191 7278 516 4761 5237 558 6401 2032 1818 8631 3487 9762 5585 7225 9486 7311 526 1620 9454
False
False
3789
False
3320
330 2241 4407 4962 8066 6459 5077 2098 6100 1155 1796 1608 6846 2193 2194 6191 7278 516 4761 5237 558 6401 2032 1818 8631 3487 9762 5585 7225 9486 7311 526 1620 9454 3320
False
38
False
39
38
38
False
330 2241 4407 4962 8066 6459 5077 2098 6100 1155 1796 1608 6846 2193 2194 6191 7278 516 4761 5237 558 6401 2032 1818 8631 3487 9762 5585 7225 9486 7311 526 1620 9454
False
35
330 2241 4407 4962 8066 6459 5077 2098 6100 1155 1796 1608 6846 2193 2194 6191 7278 516 4761 5237 558 6401 2032 1818 8631 3487 9762 5585 7225 9486 7311 526 1620 9454 8700 5012
330 2241 4407 4962 8066 6459 5077 2098 6100 1155 1796 1608 6846 2193 2194 6191 7278 516 4761 5237 558 6401 2032 1818 8631 3487 9762 5585 7225 9486 7311 526 1620 9454 8700 5012
8700
36
False
330 2241 4407 4962 8066 6459 5077 2098 6100 1155 1796 1608 6846 2193 2194 6191 7278 516 4761 5237 558 6401 2032 1818 8631 3487 9762 5585 7225 9486 7311 526 1620 9454 8700 5359 8009
False
38
False
False
False
False
39
5359
9454
False
30
9486
False
3520
False
2467
False
False
33
False
False
False
False
33
330 2241 4407 4962 8066 6459 5077 2098 6100 1155 1796 1608 6846 2193 2194 6191 7278 516 4761 5237 558 6401 2032 1818 8631 3487 9762 5585 7225 9486 2467 2287 5552
5552
False
330 2241 4407 4962 8066 6459 5077 2098 6100 1155 1796 1608 6846 2193 2194 6191 7278 516 4761 5237 558 6401 2032 1818 8631 3487 9762 5585 7225 9486 2467 2287 5552
33
330 2241 4407 4962 8066 6459 5077 2098 6100 1155 1796 1608 6846 2193 2194 6191 7278 516 4761 5237 558 6401 2032 1818 8631 3487 9762 5585 7225 9486 2467 2287 5552
False
5552
False
False
5552
False
330 2241 4407 4962 8066 6459 5077 2098 6100 1155 1796 1608 6846 2193 2194 6191 7278 516 4761 5237 558 6401 2032 1818 8631 3487 9762 5585 7225 9486 2467 2287 5552 2425
330 2241 4407 4962 8066 6459 5077 2098 6100 1155 1796 1608 6846 2193 2194 6191 7278 516 4761 5237 558 6401 2032 1818 8631 3487 9762 5585 7225 9486 2467 2287 5552 2425
330 2241 4407 4962 8066 6459 5077 2098 6100 1155 1796 1608 6846 2193 2194 6191 7278 516 4761 5237 558 6401 2032 1818 8631 3487 9762 5585 7225 9486 2467 2287
33
8248
330 2241 4407 4962 8066 6459 5077 2098 6100 1155 1796 1608 6846 2193 2194 6191 7278 516 4761 5237 558 6401 2032 1818 8631 3487 9762 5585 7225 9486 2467 2287 2860
330 2241 4407 4962 8066 6459 5077 2098 6100 1155 1796 1608 6846 2193 2194 6191 7278 516 4761 5237 558 6401 2032 1818 8631 3487 9762 5585 7225 9486 2467 2287 2860
330 2241 4407 4962 8066 6459 5077 2098 6100 1155 1796 1608 6846 2193 2194 6191 7278 516 4761 5237 558 6401 2032 1818 8631 3487 9762 5585 7225 9486 2467 2287 2860 4190
False
False
False
False
False
33
330 2241 4407 4962 8066 6459 5077 2098 6100 1155 1796 1608 6846 2193 2194 6191 7278 516 4761 5237 558 6401 2032 1818 8631 3487 9762 5585 7225 9486 2467 5561 5093
33
32
330 2241 4407 4962 8066 6459 5077 2098 6100 1155 1796 1608 6846 2193 2194 6191 7278 516 4761 5237 558 6401 2032 1818 8631 3487 9762 5585 7225 9486 2467
31
330 2241 4407 4962 8066 6459 5077 2098 6100 1155 1796 1608 6846 2193 2194 6191 7278 516 4761 5237 558 6401 2032 1818 8631 3487 9762 5585 7225 9486
30
False
False
33
False
330 2241 4407 4962 8066 6459 5077 2098 6100 1155 1796 1608 6846 2193 2194 6191 7278 516 4761 5237 558 6401 2032 1818 8631 3487 9762 5585 7225 9486 8380 5775 3032 6094
False
6094
6094
False
False
False
6094
330 2241 4407 4962 8066 6459 5077 2098 6100 1155 1796 1608 6846 2193 2194 6191 7278 516 4761 5237 558 6401 2032 1818 8631 3487 9762 5585 7225 9486 8380 5775 3032
33
330 2241 4407 4962 8066 6459 5077 2098 6100 1155 1796 1608 6846 2193 2194 6191 7278 516 4761 5237 558 6401 2032 1818 8631 3487 9762 5585 7225 9486 8380 5775 3032
False
False
330 2241 4407 4962 8066 6459 5077 2098 6100 1155 1796 1608 6846 2193 2194 6191 7278 516 4761 5237 558 6401 2032 1818 8631 3487 9762 5585 7225 9486 8380 5775 3032 5478
False
330 2241 4407 4962 8066 6459 5077 2098 6100 1155 1796 1608 6846 2193 2194 6191 7278 516 4761 5237 558 6401 2032 1818 8631 3487 9762 5585 7225 9486 8380 5775 3032
33
32
False
330 2241 4407 4962 8066 6459 5077 2098 6100 1155 1796 1608 6846 2193 2194 6191 7278 516 4761 5237 558 6401 2032 1818 8631 3487 9762 5585 7225 9486 8380 5775 7294
330 2241 4407 4962 8066 6459 5077 2098 6100 1155 1796 1608 6846 2193 2194 6191 7278 516 4761 5237 558 6401 2032 1818 8631 3487 9762 5585 7225 9486 8380 5775
False
False
False
30
False
32
330 2241 4407 4962 8066 6459 5077 2098 6100 1155 1796 1608 6846 2193 2194 6191 7278 516 4761 5237 558 6401 2032 1818 8631 3487 9762 5585 7225 9486 4727
False
330 2241 4407 4962 8066 6459 5077 2098 6100 1155 1796 1608 6846 2193 2194 6191 7278 516 4761 5237 558 6401 2032 1818 8631 3487 9762 5585 7225 9486
False
7225
330 2241 4407 4962 8066 6459 5077 2098 6100 1155 1796 1608 6846 2193 2194 6191 7278 516 4761 5237 558 6401 2032 1818 8631 3487 9762 5585 7225
False
False
False
330 2241 4407 4962 8066 6459 5077 2098 6100 1155 1796 1608 6846 2193 2194 6191 7278 516 4761 5237 558 6401 2032 1818 8631 3487 9762 5585 7225 939 1583 4530
330 2241 4407 4962 8066 6459 5077 2098 6100 1155 1796 1608 6846 2193 2194 6191 7278 516 4761 5237 558 6401 2032 1818 8631 3487 9762 5585 7225 939 1583 4530 10000
10000
False
False
4530
330 2241 4407 4962 8066 6459 5077 2098 6100 1155 1796 1608 6846 2193 2194 6191 7278 516 4761 5237 558 6401 2032 1818 8631 3487 9762 5585 7225
False
29
False
330 2241 4407 4962 8066 6459 5077 2098 6100 1155 1796 1608 6846 2193 2194 6191 7278 516 4761 5237 558 6401 2032 1818 8631 3487 9762 1936
9762
26
27
27
False
False
7240
29
27
330 2241 4407 4962 8066 6459 5077 2098 6100 1155 1796 1608 6846 2193 2194 6191 7278 516 4761 5237 558 6401 2032 1818 8631 3487 3168
330 2241 4407 4962 8066 6459 5077 2098 6100 1155 1796 1608 6846 2193 2194 6191 7278 516 4761 5237 558 6401 2032 1818 8631 3487 3168
330 2241 4407 4962 8066 6459 5077 2098 6100 1155 1796 1608 6846 2193 2194 6191 7278 516 4761 5237 558 6401 2032 1818 8631 3487 3168 593
593
False
False
330 2241 4407 4962 8066 6459 5077 2098 6100 1155 1796 1608 6846 2193 2194 6191 7278 516 4761 5237 558 6401 2032 1818 8631 3487
330 2241 4407 4962 8066 6459 5077 2098 6100 1155 1796 1608 6846 2193 2194 6191 7278 516 4761 5237 558 6401 2032 1818 8631 3487 1410
330 2241 4407 4962 8066 6459 5077 2098 6100 1155 1796 1608 6846 2193 2194 6191 7278 516 4761 5237 558 6401 2032 1818 8631 3487 1410
False
26
False
26
False
False
28
27
False
False
False
1417
False
3819
30
False
330 2241 4407 4962 8066 6459 5077 2098 6100 1155 1796 1608 6846 2193 2194 6191 7278 516 4761 5237 558 6401 2032 1818 8631 3487 9041 6220 5212 3819
False
3819
3819
330 2241 4407 4962 8066 6459 5077 2098 6100 1155 1796 1608 6846 2193 2194 6191 7278 516 4761 5237 558 6401 2032 1818 8631 3487 9041 6220 5212 3819
330 2241 4407 4962 8066 6459 5077 2098 6100 1155 1796 1608 6846 2193 2194 6191 7278 516 4761 5237 558 6401 2032 1818 8631 3487 9041 6220 5212 3819
False
330 2241 4407 4962 8066 6459 5077 2098 6100 1155 1796 1608 6846 2193 2194 6191 7278 516 4761 5237 558 6401 2032 1818 8631 3487 9041 6220 5212 3819
30
False
False
False
3819
330 2241 4407 4962 8066 6459 5077 2098 6100 1155 1796 1608 6846 2193 2194 6191 7278 516 4761 5237 558 6401 2032 1818 8631 3487 9041 6220 5212
330 2241 4407 4962 8066 6459 5077 2098 6100 1155 1796 1608 6846 2193 2194 6191 7278 516 4761 5237 558 6401 2032 1818 8631 3487 9041 6220 5212
31
330 2241 4407 4962 8066 6459 5077 2098 6100 1155 1796 1608 6846 2193 2194 6191 7278 516 4761 5237 558 6401 2032 1818 8631 3487 9041 6220 5212 2802 216 62
30
False
330 2241 4407 4962 8066 6459 5077 2098 6100 1155 1796 1608 6846 2193 2194 6191 7278 516 4761 5237 558 6401 2032 1818 8631 3487 9041 6220 5212 2802
False
False
31
False
330 2241 4407 4962 8066 6459 5077 2098 6100 1155 1796 1608 6846 2193 2194 6191 7278 516 4761 5237 558 6401 2032 1818 8631 3487 9041 6220 5212 2802 515
32
330 2241 4407 4962 8066 6459 5077 2098 6100 1155 1796 1608 6846 2193 2194 6191 7278 516 4761 5237 558 6401 2032 1818 8631 3487 9041 6220 5212 2802
330 2241 4407 4962 8066 6459 5077 2098 6100 1155 1796 1608 6846 2193 2194 6191 7278 516 4761 5237 558 6401 2032 1818 8631 3487 9041 6220 5212 2802
30
30
False
3608
330 2241 4407 4962 8066 6459 5077 2098 6100 1155 1796 1608 6846 2193 2194 6191 7278 516 4761 5237 558 6401 2032 1818 8631 3487 9041 6220 5212 2802 3608
3608
330 2241 4407 4962 8066 6459 5077 2098 6100 1155 1796 1608 6846 2193 2194 6191 7278 516 4761 5237 558 6401 2032 1818 8631 3487 9041 6220 5212 2802 3608
330 2241 4407 4962 8066 6459 5077 2098 6100 1155 1796 1608 6846 2193 2194 6191 7278 516 4761 5237 558 6401 2032 1818 8631 3487 9041 6220 5212 2802 3608
False
False
False
False
330 2241 4407 4962 8066 6459 5077 2098 6100 1155 1796 1608 6846 2193 2194 6191 7278 516 4761 5237 558 6401 2032 1818 8631 3487 9041 6220 5212 2802 3608 6805 9549 6597
34
6597
35
34
33
False
34
False
330 2241 4407 4962 8066 6459 5077 2098 6100 1155 1796 1608 6846 2193 2194 6191 7278 516 4761 5237 558 6401 2032 1818 8631 3487 9041 6220 5212 2802 3608 6805 9549
False
9549
33
False
9748
330 2241 4407 4962 8066 6459 5077 2098 6100 1155 1796 1608 6846 2193 2194 6191 7278 516 4761 5237 558 6401 2032 1818 8631 3487 9041 6220 5212 2802 3608 6805 9549
330 2241 4407 4962 8066 6459 5077 2098 6100 1155 1796 1608 6846 2193 2194 6191 7278 516 4761 5237 558 6401 2032 1818 8631 3487 9041 6220 5212 2802 3608 6805 9549
False
False
False
330 2241 4407 4962 8066 6459 5077 2098 6100 1155 1796 1608 6846 2193 2194 6191 7278 516 4761 5237 558 6401 2032 1818 8631 3487 9041 6220 5212 2802 3608 6805 9549
330 2241 4407 4962 8066 6459 5077 2098 6100 1155 1796 1608 6846 2193 2194 6191 7278 516 4761 5237 558 6401 2032 1818 8631 3487 9041 6220 5212 2802 3608 6805
6805
6805
False
330 2241 4407 4962 8066 6459 5077 2098 6100 1155 1796 1608 6846 2193 2194 6191 7278 516 4761 5237 558 6401 2032 1818 8631 3487 9041 6220 5212 2802 3608 6805 3680 2228
False
False
False
False
3608
330 2241 4407 4962 8066 6459 5077 2098 6100 1155 1796 1608 6846 2193 2194 6191 7278 516 4761 5237 558 6401 2032 1818 8631 3487 9041 6220 5212 2802 3608 9707
32
3608
False
False
330 2241 4407 4962 8066 6459 5077 2098 6100 1155 1796 1608 6846 2193 2194 6191 7278 516 4761 5237 558 6401 2032 1818 8631 3487 9041 6220 5212 2802 3608 5639 5157 4457 6058
330 2241 4407 4962 8066 6459 5077 2098 6100 1155 1796 1608 6846 2193 2194 6191 7278 516 4761 5237 558 6401 2032 1818 8631 3487 9041 6220 5212 2802 3608 5639 5157 4457 6058 3662
1911
False
False
False
False
False
4397
False
False
False
330 2241 4407 4962 8066 6459 5077 2098 6100 1155 1796 1608 6846 2193 2194 6191 7278 516 4761 5237 558 6401 2032 1818 8631 3487 9041 6220 5212 2802 3608 5639 5157 4457 6058 3662 1911 1615
False
False
38
False
330 2241 4407 4962 8066 6459 5077 2098 6100 1155 1796 1608 6846 2193 2194 6191 7278 516 4761 5237 558 6401 2032 1818 8631 3487 9041 6220 5212 2802 3608 5639 5157 4457 6058 3662 1911 1615 7627
1487
False
330 2241 4407 4962 8066 6459 5077 2098 6100 1155 1796 1608 6846 2193 2194 6191 7278 516 4761 5237 558 6401 2032 1818 8631 3487 9041 6220 5212 2802 3608 5639 5157 4457 6058 3662 1911 1615 7627 8645
False
False
False
8799
False
330 2241 4407 4962 8066 6459 5077 2098 6100 1155 1796 1608 6846 2193 2194 6191 7278 516 4761 5237 558 6401 2032 1818 8631 3487 9041 6220 5212 2802 3608 5639 5157 4457 6058 3662 1911
False
330 2241 4407 4962 8066 6459 5077 2098 6100 1155 1796 1608 6846 2193 2194 6191 7278 516 4761 5237 558 6401 2032 1818 8631 3487 9041 6220 5212 2802 3608 5639 5157 4457 6058
False
False
False
6401
330 2241 4407 4962 8066 6459 5077 2098 6100 1155 1796 1608 6846 2193 2194 6191 7278 516 4761 5237 558 6401 2032 1818 8631 3487 9041 6220 5212 2802 3608 5639 5157 4457 6058 8561 1525 4397 6401
1695
False
330 2241 4407 4962 8066 6459 5077 2098 6100 1155 1796 1608 6846 2193 2194 6191 7278 516 4761 5237 558 6401 2032 1818 8631 3487 9041 6220 5212 2802 3608 5639 5157 4457 6058 8561 1525 4397 1695 1786 5651 64
41
330 2241 4407 4962 8066 6459 5077 2098 6100 1155 1796 1608 6846 2193 2194 6191 7278 516 4761 5237 558 6401 2032 1818 8631 3487 9041 6220 5212 2802 3608 5639 5157 4457 6058 8561 1525 4397 1695 1786 5651 2826 5578
43
False
False
44
False
False
330 2241 4407 4962 8066 6459 5077 2098 6100 1155 1796 1608 6846 2193 2194 6191 7278 516 4761 5237 558 6401 2032 1818 8631 3487 9041 6220 5212 2802 3608 5639 5157 4457 6058 8561 1525 4397 1695 1786 5651 2826 5578 2201 9820
9820
9820
False
False
False
False
4678
False
46
False
45
4678
False
2809
2809
330 2241 4407 4962 8066 6459 5077 2098 6100 1155 1796 1608 6846 2193 2194 6191 7278 516 4761 5237 558 6401 2032 1818 8631 3487 9041 6220 5212 2802 3608 5639 5157 4457 6058 8561 1525 4397 1695 1786 5651 2826 5578 2201 2809 2979
False
False
46
False
False
False
9714
9714
9714
9714
False
330 2241 4407 4962 8066 6459 5077 2098 6100 1155 1796 1608 6846 2193 2194 6191 7278 516 4761 5237 558 6401 2032 1818 8631 3487 9041 6220 5212 2802 3608 5639 5157 4457 6058 8561 1525 4397 1695 1786 5651 2826 5578 2201 2809 2979 3404
False
330 2241 4407 4962 8066 6459 5077 2098 6100 1155 1796 1608 6846 2193 2194 6191 7278 516 4761 5237 558 6401 2032 1818 8631 3487 9041 6220 5212 2802 3608 5639 5157 4457 6058 8561 1525 4397 1695 1786 5651 2826 5578 2201
2201
False
7961
7961
False
46
330 2241 4407 4962 8066 6459 5077 2098 6100 1155 1796 1608 6846 2193 2194 6191 7278 516 4761 5237 558 6401 2032 1818 8631 3487 9041 6220 5212 2802 3608 5639 5157 4457 6058 8561 1525 4397 1695 1786 5651 2826 7325 5283 7961 7406
False
False
False
43
False
4766
4766
False
6739
False
330 2241 4407 4962 8066 6459 5077 2098 6100 1155 1796 1608 6846 2193 2194 6191 7278 516 4761 5237 558 6401 2032 1818 8631 3487 9041 6220 5212 2802 3608 5639 5157 4457 6058 8561 1525 4397 1695 1786 5651 2826 7325 3116 6739
False
False
False
False
False
False
1026
330 2241 4407 4962 8066 6459 5077 2098 6100 1155 1796 1608 6846 2193 2194 6191 7278 516 4761 5237 558 6401 2032 1818 8631 3487 9041 6220 5212 2802 3608 5639 5157 4457 6058 8561 1525 4397 1695 1786 5651 2826 7325 3116 1026
1026
3116
330 2241 4407 4962 8066 6459 5077 2098 6100 1155 1796 1608 6846 2193 2194 6191 7278 516 4761 5237 558 6401 2032 1818 8631 3487 9041 6220 5212 2802 3608 5639 5157 4457 6058 8561 1525 4397 1695 1786 5651 2826 7325 3116
3116
8059
8059
8059
330 2241 4407 4962 8066 6459 5077 2098 6100 1155 1796 1608 6846 2193 2194 6191 7278 516 4761 5237 558 6401 2032 1818 8631 3487 9041 6220 5212 2802 3608 5639 5157 4457 6058 8561 1525 4397 1695 1786 5651 2826 7325 3116 6565
False
False
46
False
False
6565
False
45
4036
False
4036
4036
330 2241 4407 4962 8066 6459 5077 2098 6100 1155 1796 1608 6846 2193 2194 6191 7278 516 4761 5237 558 6401 2032 1818 8631 3487 9041 6220 5212 2802 3608 5639 5157 4457 6058 8561 1525 4397 1695 1786 5651 2826 7325 3116 4036
330 2241 4407 4962 8066 6459 5077 2098 6100 1155 1796 1608 6846 2193 2194 6191 7278 516 4761 5237 558 6401 2032 1818 8631 3487 9041 6220 5212 2802 3608 5639 5157 4457 6058 8561 1525 4397 1695 1786 5651 2826 7325 3116 4036
False
330 2241 4407 4962 8066 6459 5077 2098 6100 1155 1796 1608 6846 2193 2194 6191 7278 516 4761 5237 558 6401 2032 1818 8631 3487 9041 6220 5212 2802 3608 5639 5157 4457 6058 8561 1525 4397 1695 1786 5651 2826 7325 3116 4036
330 2241 4407 4962 8066 6459 5077 2098 6100 1155 1796 1608 6846 2193 2194 6191 7278 516 4761 5237 558 6401 2032 1818 8631 3487 9041 6220 5212 2802 3608 5639 5157 4457 6058 8561 1525 4397 1695 1786 5651 2826 7325 3116 4036
False
False
44
330 2241 4407 4962 8066 6459 5077 2098 6100 1155 1796 1608 6846 2193 2194 6191 7278 516 4761 5237 558 6401 2032 1818 8631 3487 9041 6220 5212 2802 3608 5639 5157 4457 6058 8561 1525 4397 1695 1786 5651 2826 7325 3116
44
44
False
4480
47
47
False
False
4480
46
6872
False
330 2241 4407 4962 8066 6459 5077 2098 6100 1155 1796 1608 6846 2193 2194 6191 7278 516 4761 5237 558 6401 2032 1818 8631 3487 9041 6220 5212 2802 3608 5639 5157 4457 6058 8561 1525 4397 1695 1786 5651 2826 7325 3116 7969 6872 300
330 2241 4407 4962 8066 6459 5077 2098 6100 1155 1796 1608 6846 2193 2194 6191 7278 516 4761 5237 558 6401 2032 1818 8631 3487 9041 6220 5212 2802 3608 5639 5157 4457 6058 8561 1525 4397 1695 1786 5651 2826 7325 3116 7969 6872 300
False
330 2241 4407 4962 8066 6459 5077 2098 6100 1155 1796 1608 6846 2193 2194 6191 7278 516 4761 5237 558 6401 2032 1818 8631 3487 9041 6220 5212 2802 3608 5639 5157 4457 6058 8561 1525 4397 1695 1786 5651 2826 7325 3116 7969 6872 300
False
300
False
False
47
False
6872
6872
False
False
330 2241 4407 4962 8066 6459 5077 2098 6100 1155 1796 1608 6846 2193 2194 6191 7278 516 4761 5237 558 6401 2032 1818 8631 3487 9041 6220 5212 2802 3608 5639 5157 4457 6058 8561 1525 4397 1695 1786 5651 2826 7325 3116 7969
False
47
False
45
7969
False
False
40
330 2241 4407 4962 8066 6459 5077 2098 6100 1155 1796 1608 6846 2193 2194 6191 7278 516 4761 5237 558 6401 2032 1818 8631 3487 9041 6220 5212 2802 3608 5639 5157 4457 6058 8561 1525 4397 1695 1786
330 2241 4407 4962 8066 6459 5077 2098 6100 1155 1796 1608 6846 2193 2194 6191 7278 516 4761 5237 558 6401 2032 1818 8631 3487 9041 6220 5212 2802 3608 5639 5157 4457 6058 8561 1525 4397 1695
False
4397
False
False
False
330 2241 4407 4962 8066 6459 5077 2098 6100 1155 1796 1608 6846 2193 2194 6191 7278 516 4761 5237 558 6401 2032 1818 8631 3487 9041 6220 5212 2802 3608 5639 5157 4457 6058 8561 1525 4397 7890 738
40
738
False
False
False
41
7968
330 2241 4407 4962 8066 6459 5077 2098 6100 1155 1796 1608 6846 2193 2194 6191 7278 516 4761 5237 558 6401 2032 1818 8631 3487 9041 6220 5212 2802 3608 5639 5157 4457 6058 8561 1525 4397 7890 738 747
False
40
330 2241 4407 4962 8066 6459 5077 2098 6100 1155 1796 1608 6846 2193 2194 6191 7278 516 4761 5237 558 6401 2032 1818 8631 3487 9041 6220 5212 2802 3608 5639 5157 4457 6058 8561 1525 4397
37
False
330 2241 4407 4962 8066 6459 5077 2098 6100 1155 1796 1608 6846 2193 2194 6191 7278 516 4761 5237 558 6401 2032 1818 8631 3487 9041 6220 5212 2802 3608 5639 5157 4457 5829
False
False
False
False
33
5421
33
33
False
False
330 2241 4407 4962 8066 6459 5077 2098 6100 1155 1796 1608 6846 2193 2194 6191 7278 516 4761 5237 558 6401 2032 1818 8631 3487 9041 6220 5212 2802 3608 5639 5421
330 2241 4407 4962 8066 6459 5077 2098 6100 1155 1796 1608 6846 2193 2194 6191 7278 516 4761 5237 558 6401 2032 1818 8631 3487 9041 6220 5212 2802 3608 5639 5421 6775
34
34
32
False
False
6044
False
False
330 2241 4407 4962 8066 6459 5077 2098 6100 1155 1796 1608 6846 2193 2194 6191 7278 516 4761 5237 558 6401 2032 1818 8631 3487 9041 6220 5212 2802 3608 6044
False
32
False
False
330 2241 4407 4962 8066 6459 5077 2098 6100 1155 1796 1608 6846 2193 2194 6191 7278 516 4761 5237 558 6401 2032 1818 8631 3487 9041 6220 5212
False
False
6220
28
330 2241 4407 4962 8066 6459 5077 2098 6100 1155 1796 1608 6846 2193 2194 6191 7278 516 4761 5237 558 6401 2032 1818 8631 3487 9041 6220
6220
28
330 2241 4407 4962 8066 6459 5077 2098 6100 1155 1796 1608 6846 2193 2194 6191 7278 516 4761 5237 558 6401 2032 1818 8631 3487 9041 6220
330 2241 4407 4962 8066 6459 5077 2098 6100 1155 1796 1608 6846 2193 2194 6191 7278 516 4761 5237 558 6401 2032 1818 8631 3487 9041 6220
False
False
330 2241 4407 4962 8066 6459 5077 2098 6100 1155 1796 1608 6846 2193 2194 6191 7278 516 4761 5237 558 6401 2032 1818 8631 3487 9041 6220 4511 116 1039
116
False
29
False
False
31
330 2241 4407 4962 8066 6459 5077 2098 6100 1155 1796 1608 6846 2193 2194 6191 7278 516 4761 5237 558 6401 2032 1818 8631 3487 9041 6220 4511 5489 7657
31
5489
29
False
6613
525
False
31
330 2241 4407 4962 8066 6459 5077 2098 6100 1155 1796 1608 6846 2193 2194 6191 7278 516 4761 5237 558 6401 2032 1818 8631 3487 9041 6220 4511 6613
6613
520
30
False
30
330 2241 4407 4962 8066 6459 5077 2098 6100 1155 1796 1608 6846 2193 2194 6191 7278 516 4761 5237 558 6401 2032 1818 8631
26
26
29
False
330 2241 4407 4962 8066 6459 5077 2098 6100 1155 1796 1608 6846 2193 2194 6191 7278 516 4761 5237 558 6401 2032 1818 8631 6565 372 5219 5450
31
330 2241 4407 4962 8066 6459 5077 2098 6100 1155 1796 1608 6846 2193 2194 6191 7278 516 4761 5237 558 6401 2032 1818 8631 6565 372 5219 5450 6512 6422
31
False
False
330 2241 4407 4962 8066 6459 5077 2098 6100 1155 1796 1608 6846 2193 2194 6191 7278 516 4761 5237 558 6401 2032 1818 8631 6565 372 5219 5450
330 2241 4407 4962 8066 6459 5077 2098 6100 1155 1796 1608 6846 2193 2194 6191 7278 516 4761 5237 558 6401 2032 1818 8631 6565 372 5219 5450
330 2241 4407 4962 8066 6459 5077 2098 6100 1155 1796 1608 6846 2193 2194 6191 7278 516 4761 5237 558 6401 2032 1818 8631 6565 372 5219 5450
29
29
False
False
False
False
5219
28
5219
False
330 2241 4407 4962 8066 6459 5077 2098 6100 1155 1796 1608 6846 2193 2194 6191 7278 516 4761 5237 558 6401 2032 1818 8631 6565 372 5219 2534 8822
31
32
False
32
31
False
False
330 2241 4407 4962 8066 6459 5077 2098 6100 1155 1796 1608 6846 2193 2194 6191 7278 516 4761 5237 558 6401 2032 1818 8631 6565 372 5219 7847 7249
False
7201
False
330 2241 4407 4962 8066 6459 5077 2098 6100 1155 1796 1608 6846 2193 2194 6191 7278 516 4761 5237 558 6401 2032 1818 8631 6565 372 5219 7847 7249 7201
False
31
False
330 2241 4407 4962 8066 6459 5077 2098 6100 1155 1796 1608 6846 2193 2194 6191 7278 516 4761 5237 558 6401 2032 1818 8631 6565 372
372
372
