True
5068
5068
7326
5821
4267 5821 24
3
False
False
False
205
944 8747 205
2
7
7
7
7
5266
False
False
10
False
10
9
944 9925 3343 9572 9196 2576 4797 3046 4392 4677 3373
944 9925 3343 9572 9196 2576 4797 3046 4392 4677 3373 6049
6049
7347
False
5085
944 9925 3343 9572 9196 2576 4797 3046 4392 4677 3373 6049 7347 5085
944 9925 3343 9572 9196 2576 4797 3046 4392 4677 3373 6049 7347 5085
5085
17
2927
19
False
944 9925 3343 9572 9196 2576 4797 3046 4392 4677 3373 6049 7347 5085 9396 8764 2188 2927 3041
3041
18
944 9925 3343 9572 9196 2576 4797 3046 4392 4677 3373 6049 7347 5085 9396 8764 2188 2927
944 9925 3343 9572 9196 2576 4797 3046 4392 4677 3373 6049 7347 5085 9396 8764 2188 2927
17
944 9925 3343 9572 9196 2576 4797 3046 4392 4677 3373 6049 7347 5085 9396 8764 8414
17
981
18
False
False
944 9925 3343 9572 9196 2576 4797 3046 4392 4677 3373 6049 7347 5085 2098
944 9925 3343 9572 9196 2576 4797 3046 4392 4677 3373 6049 7347 5085
False
False
False
6049
11
False
944 9925 3343 9572 9196 2576 4797 3046 4392 4677
False
4677
False
3046
8
False
8
944 9925 3343 9572 9196 2576 4797 1597
944 9925 3343 9572 9196 2576 4797 1597
944 9925 3343 9572 9196 2576 4797
False
6
False
False
9196
9196
944 9925 3343 9572 9196 1880
False
944 9925 3343 9572 9196 1880
False
7
1880
5
5
944 9925 3343 9572 9196
False
9572
False
944 9925 3343 7602 6674
False
False
944 9925 3343 7602 6674
944 9925 3343
5392
False
944 9925 3343 9607 5392
944 9925 3343 9607 5392
False
False
9607
9607
5
944 9925 3343 9607 1943
7567
8384
944 9925 3343 9607 1943 7815 4084
8
944 9925 3343 9607 1943 7815 4084 2446
False
944 9925 3343 9607 1943 7815 4084 2446
False
8
False
False
944 9925 3343 9607 1943 7815 4084
7815
False
8
False
2373
7
False
8115
False
False
889
944 9925 3343 9607 1943 7815 2373 8115 889 6171
10
944 9925 3343 9607 1943 7815 2373 8115 889 6171
False
False
False
False
False
False
False
False
8115
False
944 9925 3343 9607 1943 7815 2373
1943
944 9925 3343 9607 1954
False
944 9925 3343 9607 1954
False
False
False
False
7
7
False
7
False
5
False
1074
False
6
False
944 9925 3343 2187 1125
1125
2187
False
False
5
False
4056
4056
9236
False
False
False
False
4
944 9925 3343 2187 2977
2187
False
False
944 9925 3343
False
3343
944 9925 3343
False
False
False
False
2228
False
4930
944 9925 3343 541
944 9925 3343 541
541
False
944 9925
False
False
False
False
944 9925 5406
9069
9069
6499
False
6
False
944 9925 5406 9069 6499 2627 3406 4782 1427
10
944 9925 5406 9069 6499 2627 3406 4782 1427 9598
10
False
False
False
False
False
944 9925 5406 9069 6499 2627 3406 4782 1427 9598 8914
False
False
14
14
944 9925 5406 9069 6499 2627 3406 4782 1427 9598 8914 6088 5241 803 8669
False
1707
4217
False
18
False
False
False
False
1762
False
896
20
20
944 9925 5406 9069 6499 2627 3406 4782 1427 9598 8914 6088 5241 803 8669 7383 8072 3701 5455 896
5455
False
False
False
False
1822
18
False
19
944 9925 5406 9069 6499 2627 3406 4782 1427 9598 8914 6088 5241 803 8669 7383 8072 3701 5705
False
False
5774
944 9925 5406 9069 6499 2627 3406 4782 1427 9598 8914 6088 5241 803 8669 7383 8072 3701 5705
944 9925 5406 9069 6499 2627 3406 4782 1427 9598 8914 6088 5241 803 8669 7383 8072 3701 5705
False
5705
5705
16
16
944 9925 5406 9069 6499 2627 3406 4782 1427 9598 8914 6088 5241 803 8669 4475
False
16
944 9925 5406 9069 6499 2627 3406 4782 1427 9598 8914 6088 5241 803 8669 4475
16
944 9925 5406 9069 6499 2627 3406 4782 1427 9598 8914 6088 5241 803 8669 4475 4582 1729
20
False
944 9925 5406 9069 6499 2627 3406 4782 1427 9598 8914 6088 5241 803 8669 4475 4582 1729 9878 7938
7938
944 9925 5406 9069 6499 2627 3406 4782 1427 9598 8914 6088 5241 803 8669 4475 4582 1729 9878 7938
19
False
19
17
False
15
944 9925 5406 9069 6499 2627 3406 4782 1427 9598 8914 6088 5241 803
944 9925 5406 9069 6499 2627 3406 4782 1427 9598 8914 6088 5241 803
944 9925 5406 9069 6499 2627 3406 4782 1427 9598 8914 6088 5241 803
False
944 9925 5406 9069 6499 2627 3406 4782 1427 9598 8914 6088 5241 803
803
944 9925 5406 9069 6499 2627 3406 4782 1427 9598 8914 6088 5241 803
15
False
8449
14
False
14
8449
False
False
6088
False
False
944 9925 5406 9069 6499 2627 3406 4782 1427 9598 8914 6088 5412
False
944 9925 5406 9069 6499 2627 3406 4782 1427 9598 8914
False
False
False
False
11
False
9598
944 9925 5406 9069 6499 2627 3406 4782 1427 9598 6004
11
944 9925 5406 9069 6499 2627 3406 4782 1427
False
944 9925 5406 9069 6499 2627 3406 4782 1427 6871
False
False
False
False
944 9925 5406 9069 6499 2627 3406 4782 1427 6871 4280 1770 7815
5678
11
False
False
False
False
False
False
944 9925 5406 9069 6499 2627 3406 4782 1427 6871 5927 9012
False
944 9925 5406 9069 6499 2627 3406 4782 1427 6871 5927 9012
False
False
6871
2750
False
5321
5321
2750
False
4372
11
False
11
False
False
13
13
1123
11
12
1123
False
12
11
1123
False
10
8
False
5
5
False
False
944 9925 5406 9069 6499 7475 5909 17
944 9925 5406 9069 6499
5
944 9925 5406
5406
944 9925 5406
944 9925 5406
False
False
False
False
False
944 9925 5936
9925
False
2
2
2
944 5568
False
False
6136
6136
False
6136
False
2
False
False
4
944 5568 6292 8099 6673
6673
False
5
5401
False
False
9670
944 5568 6292 5401 9670
5
6
944 5568 6292 5401 7947 6521
False
9015
10
10
False
1575
944 5568 6292 5401 1593 3673 8227 7808 9015 1575
10
944 5568 6292 5401 1593 3673 8227 7808 9015
9015
7808
False
3673
False
False
7330
944 5568 6292 5401 1593 3673 368 3160 7330 6706 4899
11
944 5568 6292 5401 1593 3673 368 3160 7330 6706 4899
False
False
13
5834
13
False
False
False
5834
False
False
6182
False
944 5568 6292 5401 1593 3673 368 3160 7330 6706 4899 5834 764
False
False
False
2795
2795
18
2795
944 5568 6292 5401 1593 3673 368 3160 7330 6706 4899 5834 764 7937 2990 6631
16
False
False
False
False
False
14
False
False
944 5568 6292 5401 1593 3673 368 3160 7330 6706 4899 5834 2688
False
False
944 5568 6292 5401 1593 3673 368 3160 7330 6706 4899 5834 2688 1630
13
9995
14
696
False
15
15
1076
17
1076
17
17
944 5568 6292 5401 1593 3673 368 3160 7330 6706 4899 5834 9995 1025 696 1018
16
False
15
944 5568 6292 5401 1593 3673 368 3160 7330 6706 4899 5834 9995 1025 696
15
17
False
18
False
9776
944 5568 6292 5401 1593 3673 368 3160 7330 6706 4899 5834 9995 1025 696 2967 2809 2143 8626 9087 9776
944 5568 6292 5401 1593 3673 368 3160 7330 6706 4899 5834 9995 1025 696 2967 2809 2143 8626 9087 9776
False
944 5568 6292 5401 1593 3673 368 3160 7330 6706 4899 5834 9995 1025 696 2967 2809 2143 8626 9087 9776
False
9776
False
9087
False
False
13
13
14
944 5568 6292 5401 1593 3673 368 3160 7330 6706 4899 5834 9995
13
9995
False
1157
944 5568 6292 5401 1593 3673 368 3160 7330 6706 4899 5834 9995 9210 1157
15
False
15
False
944 5568 6292 5401 1593 3673 368 3160 7330 6706 4899 5834 9995 9210 1157 6981
False
False
944 5568 6292 5401 1593 3673 368 3160 7330 6706 4899 5834 9995 9210 1157 2477
False
4349
False
14
14
9210
944 5568 6292 5401 1593 3673 368 3160 7330 6706 4899 5834 9995
False
False
13
2103
9949
False
2274
5716
False
False
False
False
False
False
15
944 5568 6292 5401 1593 3673 368 3160 7330 6706 4899 5834 8194
15
5896
False
False
3253
8194
5834
False
7667
False
944 5568 6292 5401 1593 3673 368 3160 7330 6706 4899 5834
False
289
3285
944 5568 6292 5401 1593 3673 368 3160 7330 6706 4899 5834 2683 289 3285
15
944 5568 6292 5401 1593 3673 368 3160 7330 6706 4899 5834 2683 289 3285
False
False
False
944 5568 6292 5401 1593 3673 368 3160 7330 6706 4899 5834 2683 289 3285
False
False
14
False
2683
7925
False
944 5568 6292 5401 1593 3673 368 3160 7330 6706 4899 5834 2683
5834
12
5834
False
10
944 5568 6292 5401 1593 3673 368 3160 7330
9
944 5568 6292 5401 1593 3673 368 3160 7330
False
944 5568 6292 5401 1593 3673 368 3160 7330
False
944 5568 6292 5401 1593 3673 368 3160 7330
False
12
13
14
False
False
7409
944 5568 6292 5401 1593 3673 368 3160 7330 4406 2013 7409 2237 5794
False
944 5568 6292 5401 1593 3673 368 3160 7330 4406 2013 7409 2237
False
False
944 5568 6292 5401 1593 3673 368 3160 7330 4406 2013 7409 9316
7409
False
False
944 5568 6292 5401 1593 3673 368 3160 7330 4406 2013 7409 4117
944 5568 6292 5401 1593 3673 368 3160 7330 4406 2013 7409 4117
False
False
7409
944 5568 6292 5401 1593 3673 368 3160 7330 4406 2013 7409 8498
13
13
False
False
4243
False
5233
False
False
944 5568 6292 5401 1593 3673 368 3160 7330 4406 2013 7409 8498 6709 1087 4049 7141
7141
False
False
944 5568 6292 5401 1593 3673 368 3160 7330 4406 2013 7409 8498 6709 1087
15
944 5568 6292 5401 1593 3673 368 3160 7330 4406 2013 7409 8498 6709 1087 5674
False
944 5568 6292 5401 1593 3673 368 3160 7330 4406 2013 7409 8498 6709 1087 5674 4178 1667 1642 982
False
False
20
4374
False
944 5568 6292 5401 1593 3673 368 3160 7330 4406 2013 7409 8498 6709 1087 5674 4178 1667 1642 4374 6274
944 5568 6292 5401 1593 3673 368 3160 7330 4406 2013 7409 8498 6709 1087 5674 4178 1667 1642 4374 6274
False
False
4374
944 5568 6292 5401 1593 3673 368 3160 7330 4406 2013 7409 8498 6709 1087 5674 4178 1667 1642 4374 2881
False
False
False
944 5568 6292 5401 1593 3673 368 3160 7330 4406 2013 7409 8498 6709 1087 5674 4178 1667 1642 4374 2881 1969 229 4642 8206
944 5568 6292 5401 1593 3673 368 3160 7330 4406 2013 7409 8498 6709 1087 5674 4178 1667 1642 4374 2881 1969 229 4642
False
9146
False
944 5568 6292 5401 1593 3673 368 3160 7330 4406 2013 7409 8498 6709 1087 5674 4178 1667 1642 4374 2881 1969 229 1623 9146
944 5568 6292 5401 1593 3673 368 3160 7330 4406 2013 7409 8498 6709 1087 5674 4178 1667 1642 4374 2881 1969 229 1623 9146
25
25
944 5568 6292 5401 1593 3673 368 3160 7330 4406 2013 7409 8498 6709 1087 5674 4178 1667 1642 4374 2881 1969 229 7215
False
23
944 5568 6292 5401 1593 3673 368 3160 7330 4406 2013 7409 8498 6709 1087 5674 4178 1667 1642 4374 2881 1969
False
23
21
944 5568 6292 5401 1593 3673 368 3160 7330 4406 2013 7409 8498 6709 1087 5674 4178 1667 1642 4374 2881
23
944 5568 6292 5401 1593 3673 368 3160 7330 4406 2013 7409 8498 6709 1087 5674 4178 1667 1642 4374 2881 1555
944 5568 6292 5401 1593 3673 368 3160 7330 4406 2013 7409 8498 6709 1087 5674 4178 1667 1642 4374 2881 1555 5030
944 5568 6292 5401 1593 3673 368 3160 7330 4406 2013 7409 8498 6709 1087 5674 4178 1667 1642 4374 2881 1555 5030
944 5568 6292 5401 1593 3673 368 3160 7330 4406 2013 7409 8498 6709 1087 5674 4178 1667 1642 4374 2881 1555 285
False
6434
False
285
944 5568 6292 5401 1593 3673 368 3160 7330 4406 2013 7409 8498 6709 1087 5674 4178 1667 1642 4374 2881 1555 8213
8213
False
False
False
944 5568 6292 5401 1593 3673 368 3160 7330 4406 2013 7409 8498 6709 1087 5674 4178 1667 1642 4374 2881 6299
21
944 5568 6292 5401 1593 3673 368 3160 7330 4406 2013 7409 8498 6709 1087 5674 4178 1667 1642 4374 2881
944 5568 6292 5401 1593 3673 368 3160 7330 4406 2013 7409 8498 6709 1087 5674 4178 1667 1642 4374 2881
20
20
20
4374
944 5568 6292 5401 1593 3673 368 3160 7330 4406 2013 7409 8498 6709 1087 5674 4178 1667 4714
False
19
1667
False
944 5568 6292 5401 1593 3673 368 3160 7330 4406 2013 7409 8498 6709 1087 5674 4178
18
944 5568 6292 5401 1593 3673 368 3160 7330 4406 2013 7409 8498 6709 1087 5674 4178 9202 8103 7804 4298
944 5568 6292 5401 1593 3673 368 3160 7330 4406 2013 7409 8498 6709 1087 5674 4178 9202 8103 7804 4298
False
4298
21
False
False
False
20
944 5568 6292 5401 1593 3673 368 3160 7330 4406 2013 7409 8498 6709 1087 5674 4178 9202 8103 7804
False
7804
944 5568 6292 5401 1593 3673 368 3160 7330 4406 2013 7409 8498 6709 1087 5674 4178 9202 8103 7804 2308
False
False
21
False
False
944 5568 6292 5401 1593 3673 368 3160 7330 4406 2013 7409 8498 6709 1087 5674 4178 9202 8103 7804 2308 5233
False
False
False
False
5467
944 5568 6292 5401 1593 3673 368 3160 7330 4406 2013 7409 8498 6709 1087 5674 4178 9202 8103 7804 2308 5233 5467
False
False
944 5568 6292 5401 1593 3673 368 3160 7330 4406 2013 7409 8498 6709 1087 5674 4178 9202 8103 7804 2308
21
944 5568 6292 5401 1593 3673 368 3160 7330 4406 2013 7409 8498 6709 1087 5674 4178 9202 8103 7804
944 5568 6292 5401 1593 3673 368 3160 7330 4406 2013 7409 8498 6709 1087 5674 4178 9202 8103 7804
False
19
4178
False
4178
17
944 5568 6292 5401 1593 3673 368 3160 7330 4406 2013 7409 8498 6709 1087 5674 748
944 5568 6292 5401 1593 3673 368 3160 7330 4406 2013 7409 8498 6709 1087 5674 748
944 5568 6292 5401 1593 3673 368 3160 7330 4406 2013 7409 8498 6709 1087 5674 748
17
False
False
False
944 5568 6292 5401 1593 3673 368 3160 7330 4406 2013 7409 8498 6709 1087 5674 748 9426
9426
18
False
16
False
944 5568 6292 5401 1593 3673 368 3160 7330 4406 2013 7409 8498 6709 1087 5696
6709
False
9794
19
944 5568 6292 5401 1593 3673 368 3160 7330 4406 2013 7409 8498 6709 2167 6723 3903
944 5568 6292 5401 1593 3673 368 3160 7330 4406 2013 7409 8498 6709 2167 6723 3903
False
944 5568 6292 5401 1593 3673 368 3160 7330 4406 2013 7409 8498 6709 2167 6723 7149 7463
7463
False
944 5568 6292 5401 1593 3673 368 3160 7330 4406 2013 7409 8498 6709 2167 6723 7149
False
8827
False
21
False
6919
False
944 5568 6292 5401 1593 3673 368 3160 7330 4406 2013 7409 8498 6709 2167 6319 6239 8827 6986 6919 3942
21
944 5568 6292 5401 1593 3673 368 3160 7330 4406 2013 7409 8498 6709 2167 6319 6239 8827 6986 6919 3942
944 5568 6292 5401 1593 3673 368 3160 7330 4406 2013 7409 8498 6709 2167 6319 6239 8827 6986 6919 3942 1098 4668 5459 7308
944 5568 6292 5401 1593 3673 368 3160 7330 4406 2013 7409 8498 6709 2167 6319 6239 8827 6986 6919 3942 1098 4668 5459 7308
25
23
6008
25
False
False
False
False
False
6008
944 5568 6292 5401 1593 3673 368 3160 7330 4406 2013 7409 8498 6709 2167 6319 6239 8827 6986 6919 3942 1098 4668
False
4456
False
False
2374
944 5568 6292 5401 1593 3673 368 3160 7330 4406 2013 7409 8498 6709 2167 6319 6239 8827 6986 6919 3942 1098 4668 4456 2374
944 5568 6292 5401 1593 3673 368 3160 7330 4406 2013 7409 8498 6709 2167 6319 6239 8827 6986 6919 3942 1098 4668 4456
24
False
False
False
944 5568 6292 5401 1593 3673 368 3160 7330 4406 2013 7409 8498 6709 2167 6319 6239 8827 6986 6919 3942 1098 4668
False
False
5579
False
4668
22
3942
False
False
False
False
6986
3905
False
734
19
False
False
18
17
944 5568 6292 5401 1593 3673 368 3160 7330 4406 2013 7409 8498 6709 2167 6319 6239 4240 9962
False
15
2167
False
15
False
944 5568 6292 5401 1593 3673 368 3160 7330 4406 2013 7409 8498 6709
15
15
944 5568 6292 5401 1593 3673 368 3160 7330 4406 2013 7409 8498 6709 8676
944 5568 6292 5401 1593 3673 368 3160 7330 4406 2013 7409 8498 6709 8676
2972
False
17
2972
6709
2913
False
False
False
False
944 5568 6292 5401 1593 3673 368 3160 7330 4406 2013 7409 8498 6709 2097
13
944 5568 6292 5401 1593 3673 368 3160 7330 4406 2013 7409
False
13
False
False
False
False
10
False
944 5568 6292 5401 1593 3673 368 3160 7330 4406
944 5568 6292 5401 1593 3673 368 3160 7330 4406
368
1593
944 5568 6292
6292
False
False
2
Empty
Empty
True
False

Empty


Empty
True
Empty
7029
1086
7029 5858 1086 4848
False
False
False
7029 5858 1086
1086
False
7029 5858
7029 5858
False
7029 5017 1885 4060 4577 4508
False
4972
6
6
False
False
False
False
4060
7029 5017 1885
7029 5017 1885 4070 6425 5534
False
7029 5017 1885 4070
False
False
False
False
5017
5017
7029 5017
False
5017
5206
5206
False
3
7029 5017
False
False
False
7029 5017 9696
5737
False
5737
5737
4
3040
3
7029 5017 9696
3
2
4
False
False
False
False
False
False
7029 5017 6321 7576 3407 5738
False
7029 5017 6321 7576 3407 5738 3325
7
False
7029 5017 6321 7576 3407 5738 3325
7029 5017 6321 7576 3407 5738
False
7029 5017 6321 7576
7576
6
False
675
7029 5017 6321 7576 7012 8133 2281 675
False
7
7029 5017 6321 7576 7012 8133 2281
8972
8972
9
9
7029 5017 6321 7576 7012 8133 2281 3147 2362
7029 5017 6321 7576 7012 8133 2281 3147 2362 9887
False
False
False
False
8
7029 5017 6321 7576 7012 3304 3443 1353 685
False
685
False
7029 5017 6321 7576 7012 3304 3443 1353 685
False
False
False
7029 5017 6321 7576 7012 3304 3443 1353 685 8195 9904
7029 5017 6321 7576 7012 3304 3443 1353 685 8195 9904
9904
False
8195
685
False
685
False
7029 5017 6321 7576 7012 3304 3443 1353 685
False
False
8
1353
7029 5017 6321 7576 7012 3304 3443 1353
1353
9
False
7029 5017 6321 7576 7012 3304 3443 1353 5615 8467 16 9414 7522
7029 5017 6321 7576 7012 3304 3443 1353 5615 8467 16 9414 7522 9037
7029 5017 6321 7576 7012 3304 3443 1353 5615 8467 16 9414 7522 9037
9016
False
False
False
7029 5017 6321 7576 7012 3304 3443 1353 5615 8467 16 9414
7029 5017 6321 7576 7012 3304 3443 1353 5615 8467 16 9414
False
7029 5017 6321 7576 7012 3304 3443 1353 5615 8467 16
False
False
False
3364
6993
6993
13
False
7029 5017 6321 7576 7012 3304 3443 1353 5615 8467 16
False
8
False
3304
5
5
7029 5017 6321 7576 7012 1876
7029 5017 6321 7576 7012
False
6321
False
7029 5017
7029
Empty
Empty
0
True
False
3488
8912
False
3
3488 8912 4294
4
8090
3488 8912 4294 8090
False
False
False
3488 8912 5609
3
3488 8912 5609 6783

False
True
Empty
0
Empty
0
5102
False
5102 2117
False
5102 2117
2117
Empty
6416 7689
False
False
6338
False
False
5549
5549
Empty

Empty
5909
5943
Empty
False
False

1
5233
False
848
2
1
1
False
4386
4386 5018
4386 5018
False
4386 5018
False
4386 5018 289 5599
False
4
5
False
6
6
4386 5018 289 5599 1649 4386 2904
False
False
4386 5018 289 5599 1649 4386 8382 4075 722
False
722
4386 5018 289 5599 1649 4386 8382 4075 722 1626
4386 5018 289 5599 1649 4386 8382 4075 722
False
False
False
False
4386
False
2
4386 5018 1173 9359
9359
False
False
False
5
False
False
False
7
3897
8
False
4386 5018 1173 8709 9706 4690 3897 3242 3020 4267
10
False
False
1355
4386 5018 1173 8709 9706 4690 1355
8
2930
False
2930
4386 5018 1173 8709 9706 4690 1355 1095 2930
12
4386 5018 1173 8709 9706 4690 1355 1095 2930 4075 2152 9475
False
9475
False
13
False
9321
2152
4386 5018 1173 8709 9706 4690 1355 1095 2930 4075
4386 5018 1173 8709 9706 4690 1355 1095 2930 4075
False
False
5318
14
False
False
False
9038
4386 5018 1173 8709 9706 4690 1355 1095 2930 4075 9038
4386 5018 1173 8709 9706 4690 1355 1095 2930 4075 9038 2365 8968
4386 5018 1173 8709 9706 4690 1355 1095 2930 4075 9038 2365 3700
False
3700
False
False
17
3634
4386 5018 1173 8709 9706 4690 1355 1095 2930 4075 9038 2365 3700 1410 5937 6575 3634
False
False
2924
4386 5018 1173 8709 9706 4690 1355 1095 2930 4075 9038 2365 3700 1410 5937 6575
6575
5937
False
False
1410
4386 5018 1173 8709 9706 4690 1355 1095 2930 4075 9038 2365 3700 1410
1410
4086
False
4386 5018 1173 8709 9706 4690 1355 1095 2930 4075 9038 2365 3700 1410 5513
15
5513
6390
6390
3700
False
False
13
13
3700
13
2365
12
4386 5018 1173 8709 9706 4690 1355 1095 2930 4075 9038 2762 7
9038
9038
False
10
9040
False
9320
4386 5018 1173 8709 9706 4690 1355 1095 2930 4075 9320
12
False
4386 5018 1173 8709 9706 4690 1355 1095 2930 4075 9320 2904 3385
4386 5018 1173 8709 9706 4690 1355 1095 2930 4075 9320 2904 3385
12
14
4195
15
4386 5018 1173 8709 9706 4690 1355 1095 2930 4075 9320 2904 360 7636 8579
4386 5018 1173 8709 9706 4690 1355 1095 2930 4075 9320 2904 360 7636
False
False
4386 5018 1173 8709 9706 4690 1355 1095 2930 4075 9320 2904 360 7636
7636
False
4386 5018 1173 8709 9706 4690 1355 1095 2930 4075 9320 2904 360 7636
12
False
4386 5018 1173 8709 9706 4690 1355 1095 2930 4075 9320 2904
False
4386 5018 1173 8709 9706 4690 1355 1095 2930 4075
4386 5018 1173 8709 9706 4690 1355 1095 2930 4075 9856
False
9856
False
2069
False
False
False
False
16
4386 5018 1173 8709 9706 4690 1355 1095 2930 4075 9856 2069 684 3785 7205 7644
16
False
17
4386 5018 1173 8709 9706 4690 1355 1095 2930 4075 9856 2069 684 3785 7205 7644 4229
False
False
4386 5018 1173 8709 9706 4690 1355 1095 2930 4075 9856 2069 684 3785 9829
15
4386 5018 1173 8709 9706 4690 1355 1095 2930 4075 9856 2069 684 3785 9829 4337
False
False
4386 5018 1173 8709 9706 4690 1355 1095 2930 4075 9856 2069 684 3785 9829 4337 5134 9139 5236
4386 5018 1173 8709 9706 4690 1355 1095 2930 4075 9856 2069 684 3785 9829 4337 5134 9139 5236
False
2217
19
9139
4386 5018 1173 8709 9706 4690 1355 1095 2930 4075 9856 2069 684 3785 9829 4337 5134 2723 2706
18
4386 5018 1173 8709 9706 4690 1355 1095 2930 4075 9856 2069 684 3785 9829 4337 5134 2723
19
5134
False
4386 5018 1173 8709 9706 4690 1355 1095 2930 4075 9856 2069 684 3785 9810 690 1755
697
False
4386 5018 1173 8709 9706 4690 1355 1095 2930 4075 9856 2069 684 3785 9810 690 1755 697
False
697
False
4386 5018 1173 8709 9706 4690 1355 1095 2930 4075 9856 2069 684 3785 9810 690 1755 697 2746
False
False
4386 5018 1173 8709 9706 4690 1355 1095 2930 4075 9856 2069 684 3785 9810 690 1755 697
18
False
19
False
False
4386 5018 1173 8709 9706 4690 1355 1095 2930 4075 9856 2069 684 3785 9810 690 1755 3376 8513 405
False
False
False
False
9810
4386 5018 1173 8709 9706 4690 1355 1095 2930 4075 9856 2069 684 3785 9810
False
684
False
13
9061
False
11
11
False
False
False
14
False
False
4386 5018 1173 8709 9706 4690 1355 1095 2930 4075 1953 5431
6241
False
4386 5018 1173 8709 9706 4690 1355 1095 2930 4075 1953 5431 6241 5851
14
False
14
False
4341
False
False
12
False
8363
False
4386 5018 1173 8709 9706 4690 1355 1095 2930 4075 8363 4799
False
False
False
4386 5018 1173 8709 9706 4690 1355 1095 2930 4075 8363 4799
False
11
4578
4578
False
False
4578
4578
9
False
False
7
False
4386 5018 1173 8709 9706 4690 3731
7
False
False
4690
7
False
False
False
False
4386 5018 1173 8709 9706 7740 6698
6698
4386 5018 1173 8709 9706 7740
False
8
False
False
4386 5018 1173 8709 9706 7740 5530
7
7
False
False
4386 5018 1173 8709 9706 7740 5530 3963 9251
False
False
9
4386 5018 1173 8709 9706 7740 5530 3963 9251
4386 5018 1173 8709 9706 7740 5530 3963 9251 5287
False
5287
5287
False
232
3963
3963
False
7
7
1859
5530
5530
False
4386 5018 1173 8709 9706 7740
False
4386 5018 1173 8709 9706 9304 9709
False
False
5
4386 5018 1173 8709
False
4386
False
False
3278 3285 6389
False
False
False
False
4953
3278 3285 6389 2034 4953 7409
6
1

Empty
Empty
False
False
False
9590 5252 6399
6399
8183
1
0
0
9795 6254
9795
False

0
0
Empty
Empty
Empty
False

False
0
False
Empty
1
False
Empty
Empty

1

7658
False
7658
7658
Empty
2519
False
False
False
7017
False
7017
7017
2519 7017
False
False
6515
False
False
False
False
2
2
2
6515
6515 1304 5096
False
6515 1304 5096 4742 9568 9958 6357
6515 1304 5096 4742 9568 9958 9991
7
False
7
7
6515 1304 5096 4742 9568
6515 1304 5096
3
3
False
False
5096
1304
False
6515 1304
False
False
9439
6
False
5
7135 9865 1943 4668
False
3
2
False
False
2255
False
False
False
False
2255 8027 405
False
False
3
False
False
False
False
2255 8027 9528 3609 1095 8086
False
410
7
8086
2255 8027 9528 3609 1095 5789 6205 3738
1095
4
3609
2255 8027 9528 3609 8582
2255 8027 9528 3609 8582
5
3609
4
False
3
7165
9824
9824
2717
False
3979
False
2717
2255 8027 7165 9824
2255 8027 7165 9824 7751
False
False
False
2255 8027 7165 9824 7751 5847 8423 9122 8487
False
False
6755
2255 8027 7165 9824 7751 5847 8423 9122 8487 5425
2255 8027 7165 9824 7751 5847 8423 9122 8487 5425 106
2255 8027 7165 9824 7751 5847 8423 9122 8487
9
False
8037
False
8037
False
False
2255 8027 7165 9824 7751 5847 8423
7
2255 8027 7165 9824 7751 5847
False
9720
9720
9720
False
9720
False
2255 8027 7165 9824 7751 5847 2951 9720
8
2272
9
2255 8027 7165 9824 7751 5847 2951 9720
False
7751
False
2255 8027 7165 1385
False
2255 8027 7165 1385
False
False
2255 8027 7165 1385
2255 8027 7165 1385 7448 268
2255 8027 7165 1385 7448 268
False
2255 8027 7165 1385 7448 268 4829 3666 504
2255 8027 7165 1385 7448 268 4829 3666 504
504
504
504
False
False
False
7
7
7
2255 8027 7165 1385 7448 268
6
False
3
False
2
2
False
False
Empty
Empty
2044
Empty
False
False
False
8673 2521
2
2521
1
5463
False
5463
9499
3
False
False
8673 5463 9499
False
False
6049
8673 6049
False
2
False
6049

False


911
False
1
False
4471
1
False
1
4471
4471
False
4471
4471
4471
0
4176
4176
False
Empty

1
False
False
5433
5433 7721
2
1
False
1
1
False
0
9133 9299
1
False
1551
False
False
Empty
True
9118
False
2
2928
False
False
False
False
2928
2928
2
False
2928
False
1
0
False
3107
3107
3107
False
False
3107
3107
0
True
Empty
True
False
6721
False
False
Empty

Empty
0
Empty


1
False
False
9634 6938 2183 9708
4
False
3088
False
9710
False
9710
9710
False
False
1
3559
False
3
False
3691
3559 8018 3691
3559 8018
False
2
3559 8018
3559
3559
Empty

Empty
1
False
False
True
True
Empty
True
3348
False
False
3348
False
False
False
1
1
3348

7876

1
False
2
False
8045 9943
8045 9943 4977
8045 1769
1

3715
Empty
Empty
False
0
Empty
0
Empty

Empty
True
9389
9389
Empty
True
False
False
3
False
Empty
False
Empty
0
0
Empty
9597
9597
5573
1

Empty
False
0
Empty

True
True
Empty
0
Empty
False
False
False
True
False
Empty
Empty
Empty
False

False
Empty
6179 2268
False
False
Empty
False
Empty

Empty

0
1
False
4611
4611
False
False
Empty
False
False
6270 6491 8034
False
False
7907
False
False
7907
False
6270

Empty
Empty

7062
7062
False
Empty
0
Empty
1
False
9363
Empty
Empty
False

False
Empty



1
8726
3609
3

0

2397
False
4902
False
2397
False
False
False
5121
False
False
1
2397
1
False
False
2892
1
2892
False
False
Empty
False

True

Empty
0

Empty

0
2153
False
4
2153 8896 7165 5186
5
False
False
2153 8896 7165 5186
2153 8896 7165 5186
False
False
False
1
False
Empty
False
False
False
1
False
False
4758
False
5189 4758
5189
5189
Empty
7343
False
False
False
7343 7921 4108 7318
False
False
False
3
7343 4789
0
Empty
1
True
True
0
Empty
Empty


True

False
Empty
Empty
True
3
3601
2
False
4
4
729
False
4
False
6653 3601 5092 729 2742 2339 3126
False
False
False
6653 3601 5092 729 2742 2339
2339
2339
False
8648
8
6653 3601 5092 729 2742 8648 323 1498 4153
778
False
False
6653 3601 5092 729 2742 8648 323 1498 5752 778
False
False
False
False
5752
10
7
False
6653 3601 5092 729
8872
6653 3601 8872 5101 1238 2405
False
4
False
1
1
1
False
Empty
1
9903
Empty
Empty

True
Empty
False
True
True


Empty
True
True
False

0

0
False

False
False

Empty
Empty

True
Empty
2
1145 2794
2
1145 2794
1145 2794
1145 2794
6787
6953
1145 6787 7571 7653 6953
False
7571
False
3
1145
1145 2288
1145
2
False
2
3922
False
3922
False
7
6
6
7
588
False
False
7
7
1145 6560 3922 1979 3426 8677 8732
7
7
False
7
7
1145 6560 3922 1979 3426 8677 8732
1145 6560 3922 1979 3426 8677 8732 1301
1301
False
1145 6560 3922 1979 3426 8677 8732 5669
5669
False
7
False
False
False
1145 6560 3922 1979 3426 8677 8732 6132
False
1145 6560 3922 1979 3426 8677 8732 6132
False
8
False
False
1145 6560 3922 1979 3426 8677 8732 9069 7762 457
8
7
False
False
5744
15
1145 6560 3922 1979 3426 8677 8732 6465 6723 8816 8087 1405 5744 4047 3962
1145 6560 3922 1979 3426 8677 8732 6465 6723 8816 8087 1405 5744 4047
1145 6560 3922 1979 3426 8677 8732 6465 6723 8816 8087 1405 5744 4047 7628
1145 6560 3922 1979 3426 8677 8732 6465 6723 8816 8087 1405 5744 4047 7628
1145 6560 3922 1979 3426 8677 8732 6465 6723 8816 8087 1405 5744 4047 7628
7628
1341
16
6612
16
1145 6560 3922 1979 3426 8677 8732 6465 6723 8816 8087 1405 5744 4047 1341 6612
False
False
1145 6560 3922 1979 3426 8677 8732 6465 6723 8816 8087 1405 5744 4047 1341 6612
1145 6560 3922 1979 3426 8677 8732 6465 6723 8816 8087 1405 5744 4047 1341 6612
4407
False
False
False
5744
False
False
3668
3668
10
False
False
8
False
False
False
10
False
1145 6560 3922 1979 3426 8677 8732 6465 3708
False
9
False
1345
10
False
1145 6560 3922 1979 3426 8677 8732 6465 5247
1145 6560 3922 1979 3426 8677 8732 6465 5247 1052
False
False
8782
False
False
11
7831
False
False
False
9502
6271
False
1145 6560 3922 1979 3426 8677 8732 6465 8782 9502 6271
False
False
False
1145 6560 3922 1979 3426 8677 8732 6465 8782 9502 6271 9821
6271
False
7609
False
9502
1145 6560 3922 1979 3426 8677 8732 6465
1145 6560 3922 1979 3426 8677 8732 6465
1145 6560 3922 1979 3426 8677 8732 6465
6465
False
8732
1145 6560 3922 1979 3426 8677 8732 5999
8
False
1145 6560 3922 1979 3426 8677 8732
8732
1145 6560 3922 1979 3426 8677 8732
False
8732
False
1145 6560 3922 1979 3426 8677 6554 2961
False
8677
6
8677
5
False
3426
3426
False
False
False
3
3
False
False
2
False
False
False

Empty
False
Empty
Empty
True
0

0

True

0


Empty
1
2
294
0
True
True
Empty
False
True
True
Empty
False

Empty
False
False
False
5488 1608
5488 1608
5488 1608
5488 590
1
False
False
5128

False
0

False
False
1
1
6359
False
4403 6359
2
6359
4403 6359

Empty
2583
1
2583
1
False
False
Empty
False
8592
False
False
False
False
7094
7094
True
Empty
False
1
1
1762
1
False
False
True
0

True
True
Empty
Empty
3
3
False
9751
7692 261 1607 9751
1248
False
5
1248
False
False
6
6
7692 261 1607 9751 1248 9598 2258
2258
2258
False
False
2718
2718
2718
2718
7692 261 1607 9751 1248 9598 2258 2718
1784
7692 261 1607 9751 1248 9598 2258 2718
False
2258
6
False
7692 261 1607 9751 1248
5579
7176
False
7692 261 1607 9751 1248 5579 9319 5387 9792 1256 7082
7082
5143
11
7692 261 1607 9751 1248 5579 9319 5387 9792 1256 5143
False
5143
12
False
7692 261 1607 9751 1248 5579 9319 5387 9792 1256 5143 8609
False
False
False
False
False
False
5387
False
False
False
False
7692 261 1607 9751 1248 5579 9319 5387
False
False
False
7692 261 1607 9751 1248 5579 9319 8495 9126
9
False
False
8
False
False
False
False
8
False
8
False
7692 261 1607 9751 1248 5579 9319 1570 3401 852
False
3401
9319
False
False
False
9
10
8854
False
False
7692 261 1607 9751 1248 5579 9319 3063 7118
10
False
7692 261 1607 9751 1248 5579 9319 3063 9034 5580 2526 6348 8277 3729 7477
9034
False
7692 261 1607 9751 1248 5579 9319 3063 9034 4445
False
False
4175
5803
12
7692 261 1607 9751 1248 5579 9319 3459 4175 2626 5803 8158
False
False
False
False
False
False
14
13
7692 261 1607 9751 1248 5579 9319 3459 4175 2626 5803 8158 5423 39
14
7692 261 1607 9751 1248 5579 9319 3459 4175 2626 5803 8158 5423 39
17
509
509
5961
5961
False
False
False
False
False
False
False
8163
False
False
5766
False
False
False
21
21
7692 261 1607 9751 1248 5579 9319 3459 4175 2626 5803 8158 5423 39 1753 906 8487 8163 5766 6935 3929 7788 4838
4838
7692 261 1607 9751 1248 5579 9319 3459 4175 2626 5803 8158 5423 39 1753 906 8487 8163 5766 6935 3929 7788 4838
False
25
784
7692 261 1607 9751 1248 5579 9319 3459 4175 2626 5803 8158 5423 39 1753 906 8487 8163 5766 6935 3929 7788 320 2021 784 5881
False
7384
False
False
26
7692 261 1607 9751 1248 5579 9319 3459 4175 2626 5803 8158 5423 39 1753 906 8487 8163 5766 6935 3929 7788 320 2021 784 7384 5110 9296
29
False
31
30
8223
7692 261 1607 9751 1248 5579 9319 3459 4175 2626 5803 8158 5423 39 1753 906 8487 8163 5766 6935 3929 7788 320 2021 784 7384 5110 9296 5691 8223
28
7692 261 1607 9751 1248 5579 9319 3459 4175 2626 5803 8158 5423 39 1753 906 8487 8163 5766 6935 3929 7788 320 2021 784 7384 5110 9296
False
27
False
9980
7692 261 1607 9751 1248 5579 9319 3459 4175 2626 5803 8158 5423 39 1753 906 8487 8163 5766 6935 3929 7788 320 2021 784 7384 5110
False
False
4940
953
27
False
7692 261 1607 9751 1248 5579 9319 3459 4175 2626 5803 8158 5423 39 1753 906 8487 8163 5766 6935 3929 7788 320 2021 3571 196 953
False
False
953
False
7692 261 1607 9751 1248 5579 9319 3459 4175 2626 5803 8158 5423 39 1753 906 8487 8163 5766 6935 3929 7788 320 2021 3571 196 953 3302
7692 261 1607 9751 1248 5579 9319 3459 4175 2626 5803 8158 5423 39 1753 906 8487 8163 5766 6935 3929 7788 320 2021 3571 196 953 3302
3302
3302
28
28
False
False
False
28
28
7692 261 1607 9751 1248 5579 9319 3459 4175 2626 5803 8158 5423 39 1753 906 8487 8163 5766 6935 3929 7788 320 2021 3571 196 953
False
26
196
26
7692 261 1607 9751 1248 5579 9319 3459 4175 2626 5803 8158 5423 39 1753 906 8487 8163 5766 6935 3929 7788 320 2021 3571 196 7256
3571
4433
7692 261 1607 9751 1248 5579 9319 3459 4175 2626 5803 8158 5423 39 1753 906 8487 8163 5766 6935 3929 7788 320 2021 3571 4433
7692 261 1607 9751 1248 5579 9319 3459 4175 2626 5803 8158 5423 39 1753 906 8487 8163 5766 6935 3929 7788 320 2021 3571 4433
24
25
False
320
19
18
False
False
False
False
14
13
12
False
2806
15
15
7692 261 1607 9751 1248 5579 9319 3459 4175 2626 5803 6827 2806 4194 1590
6539
6539
False
False
False
18
5863
False
16
False
1590
2806
False
15
7692 261 1607 9751 1248 5579 9319 3459 4175 2626 5803 6827 2806
13
7692 261 1607 9751 1248 5579 9319 3459 4175 2626 5803 6827
7692 261 1607 9751 1248 5579 9319 3459 4175 2626 5803 6827 2947
13
13
False
11
11
False
10
False
10
4804
False
False
7785
7840
15
14
7692 261 1607 9751 1248 5579 9319 3459 4175 2626 6933 7785 3182 7840
False
7840
7743
15
False
False
7692 261 1607 9751 1248 5579 9319 3459 4175 2626 6933 7785 3182 7840 7743 3821
7692 261 1607 9751 1248 5579 9319 3459 4175 2626 6933 7785 3182 7840 7743
False
16
646
7692 261 1607 9751 1248 5579 9319 3459 4175 2626 6933 7785 3182 7840 646
7692 261 1607 9751 1248 5579 9319 3459 4175 2626 6933 7785 3182 7840 646
7692 261 1607 9751 1248 5579 9319 3459 4175 2626 6933 7785 3182 7840 646
False
9004
15
False
4813
False
7692 261 1607 9751 1248 5579 9319 3459 4175 2626 6933 7785 3182 7840 9004 4813 3046
False
7692 261 1607 9751 1248 5579 9319 3459 4175 2626 6933 7785 3182 7840 9004 4813 3046
3046
False
False
False
6990
17
17
7692 261 1607 9751 1248 5579 9319 3459 4175 2626 6933 7785 3182 7840 3236 6990 6905
6905
False
2413
False
False
4056
False
False
False
7692 261 1607 9751 1248 5579 9319 3459 4175 2626 6933 7785 3182 7840 3236 6990 7382 8836 4056 5298
False
7692 261 1607 9751 1248 5579 9319 3459 4175 2626 6933 7785 3182 7840 3236 6990 7382 8836 4056
21
472
21
False
21
False
False
6375
7692 261 1607 9751 1248 5579 9319 3459 4175 2626 6933 7785 3182 7840 3236 6990 7382 8836 4056 6375 584
4056
False
False
False
4056
7692 261 1607 9751 1248 5579 9319 3459 4175 2626 6933 7785 3182 7840 3236 6990 7382 8836 4056 6906
False
5045
7692 261 1607 9751 1248 5579 9319 3459 4175 2626 6933 7785 3182 7840 3236 6990 7382 8836 4056 6906 5045
False
7692 261 1607 9751 1248 5579 9319 3459 4175 2626 6933 7785 3182 7840 3236 6990 7382 8836 4056 6906
False
6906
7692 261 1607 9751 1248 5579 9319 3459 4175 2626 6933 7785 3182 7840 3236 6990 7382 8836 4056 6906
9447
7692 261 1607 9751 1248 5579 9319 3459 4175 2626 6933 7785 3182 7840 3236 6990 7382 8836 4056 6906
False
21
21
3657
7692 261 1607 9751 1248 5579 9319 3459 4175 2626 6933 7785 3182 7840 3236 6990 7382 8836 4056 6906
9879
7692 261 1607 9751 1248 5579 9319 3459 4175 2626 6933 7785 3182 7840 3236 6990 7382 8836 4056 9879 8039
6896
20
22
2940
7692 261 1607 9751 1248 5579 9319 3459 4175 2626 6933 7785 3182 7840 3236 6990 7382 8836 4056 6896 7687 2940
7692 261 1607 9751 1248 5579 9319 3459 4175 2626 6933 7785 3182 7840 3236 6990 7382 8836 4056 6896 7687
False
False
7692 261 1607 9751 1248 5579 9319 3459 4175 2626 6933 7785 3182 7840 3236 6990 7382 8836 4056 6896
False
7382
17
False
False
False
False
7692 261 1607 9751 1248 5579 9319 3459 4175 2626 6933 7785 3182 7840 3236 6990 2318
False
False
19
7622
17
False
6123
False
17
6123
False
False
7840
False
False
16
16
7692 261 1607 9751 1248 5579 9319 3459 4175 2626 6933 7785 3182 7840 483 4253
16
7692 261 1607 9751 1248 5579 9319 3459 4175 2626 6933 7785 3182 7840 483 4253 605
4328
False
7692 261 1607 9751 1248 5579 9319 3459 4175 2626 6933 7785 3182 7840 483 4253 605 225 4328 5879
False
20
False
False
False
7692 261 1607 9751 1248 5579 9319 3459 4175 2626 6933 7785 3182 7840 483 4253 605 225 4328 5360 2818 40
False
False
False
25
False
False
7692 261 1607 9751 1248 5579 9319 3459 4175 2626 6933 7785 3182 7840 483 4253 605 225 4328 5360 2818 40 1096 6030 7669
7692 261 1607 9751 1248 5579 9319 3459 4175 2626 6933 7785 3182 7840 483 4253 605 225 4328 5360 2818 40 1096 6030 7669
False
False
25
7692 261 1607 9751 1248 5579 9319 3459 4175 2626 6933 7785 3182 7840 483 4253 605 225 4328 5360 2818 40 1096 6030
7692 261 1607 9751 1248 5579 9319 3459 4175 2626 6933 7785 3182 7840 483 4253 605 225 4328 5360 2818 40 1096 6030 3948
25
False
7692 261 1607 9751 1248 5579 9319 3459 4175 2626 6933 7785 3182 7840 483 4253 605 225 4328 5360 2818 40 1096 6030
False
False
23
False
23
23
7692 261 1607 9751 1248 5579 9319 3459 4175 2626 6933 7785 3182 7840 483 4253 605 225 4328 5360 2818 40 1096
7692 261 1607 9751 1248 5579 9319 3459 4175 2626 6933 7785 3182 7840 483 4253 605 225 4328 5360 2818 40 1096
False
5360
7692 261 1607 9751 1248 5579 9319 3459 4175 2626 6933 7785 3182 7840 483 4253 605 225 4328 5360
5360
20
False
4328
False
False
18
False
False
18
False
4253
16
7692 261 1607 9751 1248 5579 9319 3459 4175 2626 6933 7785 3182 7840 483 4253
False
7692 261 1607 9751 1248 5579 9319 3459 4175 2626 6933 7785 3182 7840
7692 261 1607 9751 1248 5579 9319 3459 4175 2626 6933 7785 3182
7692 261 1607 9751 1248 5579 9319 3459 4175 2626 6933 7785 3182
7692 261 1607 9751 1248 5579 9319 3459 4175 2626 6933 7785 3182
6933
11
2626
2626
8058
8058
False
False
8058
False
False
16
False
8208
7692 261 1607 9751 1248 5579 9319 3459 4175 2626 8058 8484 7722 316 7371 8208
7490
15
13
False
False
13
7722
7692 261 1607 9751 1248 5579 9319 3459 4175 2626 8058
11
7692 261 1607 9751 1248 5579 9319 3459 4175 2626 8058
8058
False
False
11
9945
False
11
False
False
4175
False
False
11
False
False
7692 261 1607 9751 1248 5579 9319 3459 4175 557 7006 3818 7369 6644
False
7692 261 1607 9751 1248 5579 9319 3459 4175 557 7006 3818 7369 6644
14
6644
14
7692 261 1607 9751 1248 5579 9319 3459 4175 557 7006 3818 7369 6644
False
7692 261 1607 9751 1248 5579 9319 3459 4175 557 7006 3818 7369 6644
14
False
False
14
6644
6644
7692 261 1607 9751 1248 5579 9319 3459 4175 557 7006 3818 7369 6644 1342 5488 5660
False
7692 261 1607 9751 1248 5579 9319 3459 4175 557 7006 3818 7369 6644 1342 5488
1342
7692 261 1607 9751 1248 5579 9319 3459 4175 557 7006 3818 7369 6644 1342
15
False
16
False
15
False
7143
False
False
False
False
False
7692 261 1607 9751 1248 5579 9319 3459 4175 557 7006 3818 7369 6644
14
False
False
13
14
7692 261 1607 9751 1248 5579 9319 3459 4175 557 7006 3818 7369 5594
7692 261 1607 9751 1248 5579 9319 3459 4175 557 7006 3818 7369 5594
False
5594
7692 261 1607 9751 1248 5579 9319 3459 4175 557 7006 3818 7369 5594
7692 261 1607 9751 1248 5579 9319 3459 4175 557 7006 3818 7369 5594
False
False
False
11
False
9074
13
7692 261 1607 9751 1248 5579 9319 3459 4175 557 7006 9074 1576
1576
13
1581
False
False
7692 261 1607 9751 1248 5579 9319 3459 4175 557 7006 9074 1576 344 1581
15
False
7692 261 1607 9751 1248 5579 9319 3459 4175 557 7006 9074 1576 344
15
7692 261 1607 9751 1248 5579 9319 3459 4175 557 7006 9074 1576
False
False
5201
14
False
14
9074
False
False
3703
7692 261 1607 9751 1248 5579 9319 3459 4175 557 7006 9074 4608 3703
14
3703
False
15
14
3703
3703
False
3703
14
7692 261 1607 9751 1248 5579 9319 3459 4175 557 7006 9074 4608 3703
False
14
False
False
False
7692 261 1607 9751 1248 5579 9319 3459 4175 557 7006 9074 4608 3703
False
7692 261 1607 9751 1248 5579 9319 3459 4175 557 7006 9074 4608
False
3037
12
False
12
False
False
9074
False
False
557
False
False
7692 261 1607 9751 1248 5579 9319 3459 4175 557
False
False
10
5746
False
False
4790
4790
False
False
False
False
563
False
False
2754
False
False
False
False
7692 261 1607 9751 1248 5579 563 5176 627 2754 919
7692 261 1607 9751 1248 5579 563 5176 627 2754 919
12
False
919
False
919
7692 261 1607 9751 1248 5579 563 5176 627 2754 919 4677
False
False
5176
False
7692 261 1607 9751 1248 5579 563 5176
False
7
9167
False
9
False
10
False
7692 261 1607 9751 1248 5579 563 5504
False
7692 261 1607 9751 1248 5579 563
7
False
False
10
7692 261 1607 9751 1248 5579 185 6996 280 1033
12
7692 261 1607 9751 1248 5579 185 6996 280 1033 3592
False
10
False
False
False
280
6486
7692 261 1607 9751 1248 5579 185 6996 280 6486
6486
False
6486
6486
8805
False
280
False
7692 261 1607 9751 1248 5579 185 6996 6792
False
False
6996
False
False
6
False
False
7692 261 1607 9751 1248 5579 2154
False
False
1680
4640
6412
8
7692 261 1607 9751 1680 3041 4640 6412 333 5033 8930
11
False
7692 261 1607 9751 1680 3041 4640 6412 333 5033
7692 261 1607 9751 1680 3041 4640 6412 333 6390
10
9
9399
8
4640
7
4640
7692 261 1607 9751 1680 3041 4640
7
6
False
6
3041
False
False
10
False
False
False
3041
False
False
6
3041
False
False
False
3
3
1607
7692 261
7501
False
7501
False
7692 261 7501 694
False
694
4
7692 261 7501
3
7692 261
False
7692 261 8341 2320
2320
2320
7692 261 8341 2320
False
5
4810
4810
5
False
7692 261 8341 2320
False
False
2320
7692 261 8341 2320
False
7692 261 8341 2320
7692 261 8341 2320
3
8341
7692 261 8341
False
False
False
False
False
5882
7692 261 5882
False
False
False
7692
False
8148
False
False
7692 8148 3351
7692 8148 3351
7692 8148 3351
7692 8148 2235 1079
4
5
8879
False
False
7990
False
5
False
1079
7692 8148 2235 1079
1079
False
7692 8148 2235 1079
False
False
7692 8148 2235
False
2235
3
False
9002
False
False
7692 8148 2235
False
7692 8148
7692 8148 2006 954
7692 8148 2006 954
False
2006
False
7692 8148 2006
7692 8148 2006
7692 8148 2006
2006
False
6181
False
3
False
False
7692 8148 6181 644 5822
5
7692 8148 6181 644 5822
False
5
3
False
5093
3
False
5093
False
3
False
False
7692
7692
7692
7692

Empty
False
Empty
1
2
3956 4819
3956 4819 3330 7320
4
128
False
False
9642
False
False
False
4
False
False
1
False
3956
False
152
1
False
1
1
152 5350 2725 4065
5
False
False
False
False
False
152 5350 2725 4065 6250
False
152 5350 2725 8192 7389
3
False


5470
0
Empty
0
Empty
788
2024
False
2024
False

False
2746
Empty


1
801
False
801
Empty
False
False
Empty
False
4576
False
True
2519
2
False
False
4
2519 8295 4166 2152
2519 8295 4166 2152
False
False
False
2519 8295 4166 5457 6350
2519 8295 4166 5457 6350
5
False
6
6350
4
2519 8295 4166 5457
False
False
4166
False
False
4166
False
3
False
2519 8295 4166
8295
False
False
2519
False
False
0
True


0
0
False
7659
7659
1
False

False
Empty
Empty
3557
True
2
2
992
False
2
False
False

Empty
Empty
Empty

Empty
False
False



Empty
Empty
Empty
False
False
744
4967
0
False
False
False
3697
3697 359 2095 9175 1205 8523
False
8
9
False
4470
4470
False
False
5551
5551
False
False
1853
False
6
5
9175
3697 359 2095 9175
False
3697 359 2095 9175 4357
5
991
False
False
3697 359 2095 9175 4357 991
8415
3697 359 2095 9175 4357 991
4357
False
5
False
False
5
2000
False
False
3697 359 2095 9175
5
5
3697 359 2095 9175 7320
7320
7320
2095
3697 359 2095 6878
False
3697 359 2095
2095
False
False
3697
1549
3697
False
1
False

9807 2296
3549
3
6532
4
9807 2296 3549 6532
2

False

4587
4587
False
Empty
Empty
False
Empty
False

False
False
5796



0
Empty
Empty
False
Empty
Empty
True

5082
8748 9041 5082
8748 9041
8748 9041
False
False

Empty
7914
False
False
4367
7914 6089
7914
False
False
6051
8284
False
7914 6051 7352 2682 9931
7914 6051 7352 2682 9931
6
False
3384
3384
False
False
9695
False
False
False
7914 6051 7352 2682 9931 3622 7320 9695 6008
False
False
False
4287
False
12
12
False
7914 6051 7352 2682 9931 3622 7320 9695 6008 4287 4212 809
False
4212
False
11
10
4287
False
4287
False
12
13
581
6178
7914 6051 7352 2682 9931 3622 7320 9695 6008 4287 9389 8364 6407 5175 428 581 6178
17
7914 6051 7352 2682 9931 3622 7320 9695 6008 4287 9389 8364 6407 5175 428 581 6178
False
False
581
5175
15
False
False
7914 6051 7352 2682 9931 3622 7320 9695 6008 4287 9389 8364 6407 5069 6002
False
7914 6051 7352 2682 9931 3622 7320 9695 6008 4287 9389 8364 6407 5069 6002 1810 7215
False
20
3649
7914 6051 7352 2682 9931 3622 7320 9695 6008 4287 9389 8364 6407 5069 6002 1810 7215 9061 3649 6472
False
21
7914 6051 7352 2682 9931 3622 7320 9695 6008 4287 9389 8364 6407 5069 6002 1810 7215 9061 3649 6472 4168
7914 6051 7352 2682 9931 3622 7320 9695 6008 4287 9389 8364 6407 5069 6002 1810 7215 9061 3649 6472 4168 154
False
7914 6051 7352 2682 9931 3622 7320 9695 6008 4287 9389 8364 6407 5069 6002 1810 7215 9061 3649 6472 4168 154
7914 6051 7352 2682 9931 3622 7320 9695 6008 4287 9389 8364 6407 5069 6002 1810 7215 9061 3649 6472 4168 154
7914 6051 7352 2682 9931 3622 7320 9695 6008 4287 9389 8364 6407 5069 6002 1810 7215 9061 3649 6472 4168 154 760
7914 6051 7352 2682 9931 3622 7320 9695 6008 4287 9389 8364 6407 5069 6002 1810 7215 9061 3649 6472 4168 154 760 7281
7914 6051 7352 2682 9931 3622 7320 9695 6008 4287 9389 8364 6407 5069 6002 1810 7215 9061 3649 6472 4168 154 760
False
False
3041
False
1401
21
7914 6051 7352 2682 9931 3622 7320 9695 6008 4287 9389 8364 6407 5069 6002 1810 7215 9061 3649 8170 3041
False
False
7914 6051 7352 2682 9931 3622 7320 9695 6008 4287 9389 8364 6407 5069 6002 1810 7215 9061 3649 8170 3041
False
1826
1826
7914 6051 7352 2682 9931 3622 7320 9695 6008 4287 9389 8364 6407 5069 6002 1810 7215 9061 3649 8170 3041 7532
False
22
7532
22
24
False
False
False
24
7914 6051 7352 2682 9931 3622 7320 9695 6008 4287 9389 8364 6407 5069 6002 1810 7215 9061 3649 8170 3041 7532 2261 6646
25
False
25
False
2191
False
7914 6051 7352 2682 9931 3622 7320 9695 6008 4287 9389 8364 6407 5069 6002 1810 7215 9061 3649 8170 3041 7532 2261 6646 5186 2191
False
False
25
False
7399
False
7914 6051 7352 2682 9931 3622 7320 9695 6008 4287 9389 8364 6407 5069 6002 1810 7215 9061 3649 8170 3041 7532 2261 6646 5186 4805 2299
8273
False
27
7914 6051 7352 2682 9931 3622 7320 9695 6008 4287 9389 8364 6407 5069 6002 1810 7215 9061 3649 8170 3041 7532 2261 6646 5186 4805 9642
27
False
7914 6051 7352 2682 9931 3622 7320 9695 6008 4287 9389 8364 6407 5069 6002 1810 7215 9061 3649 8170 3041 7532 2261 6646 5186 4805
26
26
4805
False
False
False
False
25
25
False
7914 6051 7352 2682 9931 3622 7320 9695 6008 4287 9389 8364 6407 5069 6002 1810 7215 9061 3649 8170 3041 7532 2261 6646 171
5224
False
False
False
7914 6051 7352 2682 9931 3622 7320 9695 6008 4287 9389 8364 6407 5069 6002 1810 7215 9061 3649 8170 3041 7532 2261 6646 5224 6156 8742 8309
8309
False
False
7914 6051 7352 2682 9931 3622 7320 9695 6008 4287 9389 8364 6407 5069 6002 1810 7215 9061 3649 8170 3041 7532 2261 6646 5224 6156 8742 8309
False
False
False
28
7914 6051 7352 2682 9931 3622 7320 9695 6008 4287 9389 8364 6407 5069 6002 1810 7215 9061 3649 8170 3041 7532 2261 6646 5224 6156 8742
27
7914 6051 7352 2682 9931 3622 7320 9695 6008 4287 9389 8364 6407 5069 6002 1810 7215 9061 3649 8170 3041 7532 2261 6646 5224 6156 8742
7914 6051 7352 2682 9931 3622 7320 9695 6008 4287 9389 8364 6407 5069 6002 1810 7215 9061 3649 8170 3041 7532 2261 6646 5224 6156 8742
7914 6051 7352 2682 9931 3622 7320 9695 6008 4287 9389 8364 6407 5069 6002 1810 7215 9061 3649 8170 3041 7532 2261 6646 5224 6156 8742
27
False
7914 6051 7352 2682 9931 3622 7320 9695 6008 4287 9389 8364 6407 5069 6002 1810 7215 9061 3649 8170 3041 7532 2261 6646 5224 6156 8742
7914 6051 7352 2682 9931 3622 7320 9695 6008 4287 9389 8364 6407 5069 6002 1810 7215 9061 3649 8170 3041 7532 2261 6646 5224 6156 8742
False
30
False
7914 6051 7352 2682 9931 3622 7320 9695 6008 4287 9389 8364 6407 5069 6002 1810 7215 9061 3649 8170 3041 7532 2261 6646 5224 6156 8742 3080 4680 9014
False
6950
False
34
7914 6051 7352 2682 9931 3622 7320 9695 6008 4287 9389 8364 6407 5069 6002 1810 7215 9061 3649 8170 3041 7532 2261 6646 5224 6156 8742 3080 4680 9014 5305 6950 7155 8861
7914 6051 7352 2682 9931 3622 7320 9695 6008 4287 9389 8364 6407 5069 6002 1810 7215 9061 3649 8170 3041 7532 2261 6646 5224 6156 8742 3080 4680 9014 5305 6950 7155
False
8847
7914 6051 7352 2682 9931 3622 7320 9695 6008 4287 9389 8364 6407 5069 6002 1810 7215 9061 3649 8170 3041 7532 2261 6646 5224 6156 8742 3080 4680 9014 5305 6950 7155 8847
8847
7914 6051 7352 2682 9931 3622 7320 9695 6008 4287 9389 8364 6407 5069 6002 1810 7215 9061 3649 8170 3041 7532 2261 6646 5224 6156 8742 3080 4680 9014 5305 6950 7155 8847 4709
35
False
6869
False
False
False
7914 6051 7352 2682 9931 3622 7320 9695 6008 4287 9389 8364 6407 5069 6002 1810 7215 9061 3649 8170 3041 7532 2261 6646 5224 6156 8742 3080 4680 9014 5305 6950 7155 8847 4709 6869 8149
7914 6051 7352 2682 9931 3622 7320 9695 6008 4287 9389 8364 6407 5069 6002 1810 7215 9061 3649 8170 3041 7532 2261 6646 5224 6156 8742 3080 4680 9014 5305 6950 7155 8847 4709 6869 8149 6277
False
False
6277
40
False
False
7397
False
7914 6051 7352 2682 9931 3622 7320 9695 6008 4287 9389 8364 6407 5069 6002 1810 7215 9061 3649 8170 3041 7532 2261 6646 5224 6156 8742 3080 4680 9014 5305 6950 7155 8847 4709 6869 8149 6277 7742 7335 4285
7914 6051 7352 2682 9931 3622 7320 9695 6008 4287 9389 8364 6407 5069 6002 1810 7215 9061 3649 8170 3041 7532 2261 6646 5224 6156 8742 3080 4680 9014 5305 6950 7155 8847 4709 6869 8149 6277 7742 7335 7077
False
6289
6289
False
6289
48
False
49
False
6101
False
False
53
False
7914 6051 7352 2682 9931 3622 7320 9695 6008 4287 9389 8364 6407 5069 6002 1810 7215 9061 3649 8170 3041 7532 2261 6646 5224 6156 8742 3080 4680 9014 5305 6950 7155 8847 4709 6869 8149 6277 7742 1045 9289 2801 2695 864 2758 5013 8254 6289 6101 8823 942 575 8436
8436
8436
51
False
50
50
False
5859
7914 6051 7352 2682 9931 3622 7320 9695 6008 4287 9389 8364 6407 5069 6002 1810 7215 9061 3649 8170 3041 7532 2261 6646 5224 6156 8742 3080 4680 9014 5305 6950 7155 8847 4709 6869 8149 6277 7742 1045 9289 2801 2695 864 2758 5013 8254 6289 6101 8823
7914 6051 7352 2682 9931 3622 7320 9695 6008 4287 9389 8364 6407 5069 6002 1810 7215 9061 3649 8170 3041 7532 2261 6646 5224 6156 8742 3080 4680 9014 5305 6950 7155 8847 4709 6869 8149 6277 7742 1045 9289 2801 2695 864 2758 5013 8254 6289 6101 8823
6894
False
False
5013
46
5013
612
False
1920
7914 6051 7352 2682 9931 3622 7320 9695 6008 4287 9389 8364 6407 5069 6002 1810 7215 9061 3649 8170 3041 7532 2261 6646 5224 6156 8742 3080 4680 9014 5305 6950 7155 8847 4709 6869 8149 6277 7742 1045 9289 2801 2695 864 2758 5013 612 1920
48
7914 6051 7352 2682 9931 3622 7320 9695 6008 4287 9389 8364 6407 5069 6002 1810 7215 9061 3649 8170 3041 7532 2261 6646 5224 6156 8742 3080 4680 9014 5305 6950 7155 8847 4709 6869 8149 6277 7742 1045 9289 2801 2695 864 2758 5013 612 1920
1920
False
False
1077
False
7914 6051 7352 2682 9931 3622 7320 9695 6008 4287 9389 8364 6407 5069 6002 1810 7215 9061 3649 8170 3041 7532 2261 6646 5224 6156 8742 3080 4680 9014 5305 6950 7155 8847 4709 6869 8149 6277 7742 1045 9289 2801 2695 864 2758 5013 612 1920 7448 7871 1062
1062
2273
False
6536
False
53
6536
False
7473
53
8210
7914 6051 7352 2682 9931 3622 7320 9695 6008 4287 9389 8364 6407 5069 6002 1810 7215 9061 3649 8170 3041 7532 2261 6646 5224 6156 8742 3080 4680 9014 5305 6950 7155 8847 4709 6869 8149 6277 7742 1045 9289 2801 2695 864 2758 5013 612 1920 7448 7871 1062 8210 2458
False
False
False
False
55
7914 6051 7352 2682 9931 3622 7320 9695 6008 4287 9389 8364 6407 5069 6002 1810 7215 9061 3649 8170 3041 7532 2261 6646 5224 6156 8742 3080 4680 9014 5305 6950 7155 8847 4709 6869 8149 6277 7742 1045 9289 2801 2695 864 2758 5013 612 1920 7448 7871 1062 8210 2458 8574 9687
False
False
7914 6051 7352 2682 9931 3622 7320 9695 6008 4287 9389 8364 6407 5069 6002 1810 7215 9061 3649 8170 3041 7532 2261 6646 5224 6156 8742 3080 4680 9014 5305 6950 7155 8847 4709 6869 8149 6277 7742 1045 9289 2801 2695 864 2758 5013 612 1920 7448 7871 1062 8210 2458 8574
7914 6051 7352 2682 9931 3622 7320 9695 6008 4287 9389 8364 6407 5069 6002 1810 7215 9061 3649 8170 3041 7532 2261 6646 5224 6156 8742 3080 4680 9014 5305 6950 7155 8847 4709 6869 8149 6277 7742 1045 9289 2801 2695 864 2758 5013 612 1920 7448 7871 1062 8210 2458 8574
8574
6465
False
7914 6051 7352 2682 9931 3622 7320 9695 6008 4287 9389 8364 6407 5069 6002 1810 7215 9061 3649 8170 3041 7532 2261 6646 5224 6156 8742 3080 4680 9014 5305 6950 7155 8847 4709 6869 8149 6277 7742 1045 9289 2801 2695 864 2758 5013 612 1920 7448 7871 1062 8210 2458 8574 8299 4563 6465 5395
5395
7914 6051 7352 2682 9931 3622 7320 9695 6008 4287 9389 8364 6407 5069 6002 1810 7215 9061 3649 8170 3041 7532 2261 6646 5224 6156 8742 3080 4680 9014 5305 6950 7155 8847 4709 6869 8149 6277 7742 1045 9289 2801 2695 864 2758 5013 612 1920 7448 7871 1062 8210 2458 8574 8299 4563 6465 5395 6962
57
8299
57
57
7035
56
7914 6051 7352 2682 9931 3622 7320 9695 6008 4287 9389 8364 6407 5069 6002 1810 7215 9061 3649 8170 3041 7532 2261 6646 5224 6156 8742 3080 4680 9014 5305 6950 7155 8847 4709 6869 8149 6277 7742 1045 9289 2801 2695 864 2758 5013 612 1920 7448 7871 1062 8210 2458 8574 8299 7035
False
False
False
8812
False
False
7914 6051 7352 2682 9931 3622 7320 9695 6008 4287 9389 8364 6407 5069 6002 1810 7215 9061 3649 8170 3041 7532 2261 6646 5224 6156 8742 3080 4680 9014 5305 6950 7155 8847 4709 6869 8149 6277 7742 1045 9289 2801 2695 864 2758 5013 612 1920 7448 7871 1062 8210 2458 8574 8299 3276
False
False
False
False
8596
7914 6051 7352 2682 9931 3622 7320 9695 6008 4287 9389 8364 6407 5069 6002 1810 7215 9061 3649 8170 3041 7532 2261 6646 5224 6156 8742 3080 4680 9014 5305 6950 7155 8847 4709 6869 8149 6277 7742 1045 9289 2801 2695 864 2758 5013 612 1920
False
48
47
612
False
5071
44
False
2695
False
False
7914 6051 7352 2682 9931 3622 7320 9695 6008 4287 9389 8364 6407 5069 6002 1810 7215 9061 3649 8170 3041 7532 2261 6646 5224 6156 8742 3080 4680 9014 5305 6950 7155 8847 4709 6869 8149 6277 7742 1045 9289 2801 2695 7787
7914 6051 7352 2682 9931 3622 7320 9695 6008 4287 9389 8364 6407 5069 6002 1810 7215 9061 3649 8170 3041 7532 2261 6646 5224 6156 8742 3080 4680 9014 5305 6950 7155 8847 4709 6869 8149 6277 7742 1045 9289 2801
7914 6051 7352 2682 9931 3622 7320 9695 6008 4287 9389 8364 6407 5069 6002 1810 7215 9061 3649 8170 3041 7532 2261 6646 5224 6156 8742 3080 4680 9014 5305 6950 7155 8847 4709 6869 8149 6277 7742 1045 9289 2801
False
42
7914 6051 7352 2682 9931 3622 7320 9695 6008 4287 9389 8364 6407 5069 6002 1810 7215 9061 3649 8170 3041 7532 2261 6646 5224 6156 8742 3080 4680 9014 5305 6950 7155 8847 4709 6869 8149 6277 7742 1045 9289 2801
41
False
False
False
False
False
False
False
False
False
False
45
False
46
False
False
False
False
False
False
4750
43
43
5176
False
5176
False
9248
45
5976
False
False
False
5385
5385
7914 6051 7352 2682 9931 3622 7320 9695 6008 4287 9389 8364 6407 5069 6002 1810 7215 9061 3649 8170 3041 7532 2261 6646 5224 6156 8742 3080 4680 9014 5305 6950 7155 8847 4709 6869 8149 6277 7742 1045 9289 9248 5385 5273
False
43
False
5385
5385
False
False
44
44
False
False
False
9248
42
False
7914 6051 7352 2682 9931 3622 7320 9695 6008 4287 9389 8364 6407 5069 6002 1810 7215 9061 3649 8170 3041 7532 2261 6646 5224 6156 8742 3080 4680 9014 5305 6950 7155 8847 4709 6869 8149 6277 7742 1045 9289 9791
False
False
5040
False
7914 6051 7352 2682 9931 3622 7320 9695 6008 4287 9389 8364 6407 5069 6002 1810 7215 9061 3649 8170 3041 7532 2261 6646 5224 6156 8742 3080 4680 9014 5305 6950 7155 8847 4709 6869 8149 6277 7742 1045 9289 7006
7006
False
7006
False
False
1045
7731
41
False
False
42
7914 6051 7352 2682 9931 3622 7320 9695 6008 4287 9389 8364 6407 5069 6002 1810 7215 9061 3649 8170 3041 7532 2261 6646 5224 6156 8742 3080 4680 9014 5305 6950 7155 8847 4709 6869 8149 6277 7742 1045 1895 830 9534 1131
False
1895
False
1895
7914 6051 7352 2682 9931 3622 7320 9695 6008 4287 9389 8364 6407 5069 6002 1810 7215 9061 3649 8170 3041 7532 2261 6646 5224 6156 8742 3080 4680 9014 5305 6950 7155 8847 4709 6869 8149 6277 7742 1045 1895 3522
False
41
False
7914 6051 7352 2682 9931 3622 7320 9695 6008 4287 9389 8364 6407 5069 6002 1810 7215 9061 3649 8170 3041 7532 2261 6646 5224 6156 8742 3080 4680 9014 5305 6950 7155 8847 4709 6869 8149 6277 7742 1045 1895
False
7914 6051 7352 2682 9931 3622 7320 9695 6008 4287 9389 8364 6407 5069 6002 1810 7215 9061 3649 8170 3041 7532 2261 6646 5224 6156 8742 3080 4680 9014 5305 6950 7155 8847 4709 6869 8149 6277 7742 1045 1895
1045
41
40
False
False
42
False
False
42
43
9110
False
False
False
False
False
7914 6051 7352 2682 9931 3622 7320 9695 6008 4287 9389 8364 6407 5069 6002 1810 7215 9061 3649 8170 3041 7532 2261 6646 5224 6156 8742 3080 4680 9014 5305 6950 7155 4588
False
4588
False
False
False
False
28
8979
5390
8742
25
5224
24
25
False
27
False
False
28
False
27
2800
False
9023
26
False
26
False
7914 6051 7352 2682 9931 3622 7320 9695 6008 4287 9389 8364 6407 5069 6002 1810 7215 9061 3649 8170 3041 7532 2261 6860 5559
False
25
24
7914 6051 7352 2682 9931 3622 7320 9695 6008 4287 9389 8364 6407 5069 6002 1810 7215 9061 3649 8170 3041 7532 2261
21
False
False
8170
False
19
7914 6051 7352 2682 9931 3622 7320 9695 6008 4287 9389 8364 6407 5069 6002 1810 7215 9061 3649 4143 3939
21
False
False
21
False
21
9061
9061
9061
False
False
False
False
7914 6051 7352 2682 9931 3622 7320 9695 6008 4287 9389 8364 6407 5069 6002 1810
False
7914 6051 7352 2682 9931 3622 7320 9695 6008 4287 9389 8364 6407 5069 6002 1810
False
False
7914 6051 7352 2682 9931 3622 7320 9695 6008 4287 9389 8364 6407 5069 6589
False
False
False
False
False
7914 6051 7352 2682 9931 3622 7320 9695 6008 4287 9389 8364 6407 5069 3215 958
7914 6051 7352 2682 9931 3622 7320 9695 6008 4287 9389 8364 6407 5069 3215 958
16
5785
17
5785
5785
5785
False
False
17
False
5069
7914 6051 7352 2682 9931 3622 7320 9695 6008 4287 9389 8364 6407 5069
False
7914 6051 7352 2682 9931 3622 7320 9695 6008 4287 9389 8364 6407 5069 5799
15
7914 6051 7352 2682 9931 3622 7320 9695 6008 4287 9389 8364 6407 5069 5799
False
7914 6051 7352 2682 9931 3622 7320 9695 6008 4287 9389 8364 6407 5069 1324
1324
5069
8381
8381
False
False
16
False
15
False
False
8381
False
7914 6051 7352 2682 9931 3622 7320 9695 6008 4287 9389 8364 6407 5069 8381
15
False
7914 6051 7352 2682 9931 3622 7320 9695 6008 4287 9389 8364 6407 5069 8381
False
False
7914 6051 7352 2682 9931 3622 7320 9695 6008 4287 9389 8364
False
13
7914 6051 7352 2682 9931 3622 7320 9695 6008 4287 9389 8364 7973
False
False
False
False
7914 6051 7352 2682 9931 3622 7320 9695 6008 4287 9389 8364 7973
False
13
False
False
14
False
False
False
False
2466
False
False
581
581
2560
False
7914 6051 7352 2682 9931 3622 7320 9695 6008 4287 9389 8364 7890 2021 2466 2560 6648
7914 6051 7352 2682 9931 3622 7320 9695 6008 4287 9389 8364 7890 2021 2466 2560
18
False
1541
17
False
False
1798
False
1798
18
18
False
7914 6051 7352 2682 9931 3622 7320 9695 6008 4287 9389 8364 7890 2021 2466 2560 1541 1798 7982 3034
7914 6051 7352 2682 9931 3622 7320 9695 6008 4287 9389 8364 7890 2021 2466 2560 1541 1798 7982 3034
False
20
False
7914 6051 7352 2682 9931 3622 7320 9695 6008 4287 9389 8364 7890 2021 2466 2560 1541 1798 7982
18
False
7914 6051 7352 2682 9931 3622 7320 9695 6008 4287 9389 8364 7890 2021 2466
15
2466
2466
7914 6051 7352 2682 9931 3622 7320 9695 6008 4287 9389 8364 7890 2021 2466 7979
7979
False
7914 6051 7352 2682 9931 3622 7320 9695 6008 4287 9389 8364 7890 2021 2466 7979 6010
6010
False
19
7914 6051 7352 2682 9931 3622 7320 9695 6008 4287 9389 8364 7890 2021 2466 7979 6010 8403 2849
7914 6051 7352 2682 9931 3622 7320 9695 6008 4287 9389 8364 7890 2021 2466 7979 6010 8403 2849
False
20
False
False
26
26
False
26
False
27
26
False
27
False
False
7914 6051 7352 2682 9931 3622 7320 9695 6008 4287 9389 8364 7890 2021 2466 7979 6010 8403 2849 791 4409 3559 1685 1271 8702 7043
False
7914 6051 7352 2682 9931 3622 7320 9695 6008 4287 9389 8364 7890 2021 2466 7979 6010 8403 2849 791 4409 3559 1685 1271 8702 1150
False
8702
7914 6051 7352 2682 9931 3622 7320 9695 6008 4287 9389 8364 7890 2021 2466 7979 6010 8403 2849 791 4409 3559 1685 1271 8702 5922 4853
False
False
1702
29
7914 6051 7352 2682 9931 3622 7320 9695 6008 4287 9389 8364 7890 2021 2466 7979 6010 8403 2849 791 4409 3559 1685 1271 8702 5922 4853 9360 1702
False
1702
29
1702
False
8214
False
7914 6051 7352 2682 9931 3622 7320 9695 6008 4287 9389 8364 7890 2021 2466 7979 6010 8403 2849 791 4409 3559 1685 1271 8702 5922 4853 9360 1702 8214 9817 2148
7914 6051 7352 2682 9931 3622 7320 9695 6008 4287 9389 8364 7890 2021 2466 7979 6010 8403 2849 791 4409 3559 1685 1271 8702 5922 4853 9360 1702 8214
30
30
30
False
7914 6051 7352 2682 9931 3622 7320 9695 6008 4287 9389 8364 7890 2021 2466 7979 6010 8403 2849 791 4409 3559 1685 1271 8702 5922 4853 9360 1702 3857
7914 6051 7352 2682 9931 3622 7320 9695 6008 4287 9389 8364 7890 2021 2466 7979 6010 8403 2849 791 4409 3559 1685 1271 8702 5922 4853 9360 1702 3857
30
3857
29
7914 6051 7352 2682 9931 3622 7320 9695 6008 4287 9389 8364 7890 2021 2466 7979 6010 8403 2849 791 4409 3559 1685 1271 8702 5922 4853 9360 1702
29
7437
7437
9360
False
False
5925
False
31
False
False
7914 6051 7352 2682 9931 3622 7320 9695 6008 4287 9389 8364 7890 2021 2466 7979 6010 8403 2849 791 4409 3559 1685 1271 8702 5922
7914 6051 7352 2682 9931 3622 7320 9695 6008 4287 9389 8364 7890 2021 2466 7979 6010 8403 2849 791 4409 3559 1685 1271 8702 5922 8319
7914 6051 7352 2682 9931 3622 7320 9695 6008 4287 9389 8364 7890 2021 2466 7979 6010 8403 2849 791 4409 3559 1685 1271 8702 5922 8319
27
False
28
False
False
False
8702
False
2617
23
False
2617
False
False
25
False
7914 6051 7352 2682 9931 3622 7320 9695 6008 4287 9389 8364 7890 2021 2466 7979 6010 8403 2849 791 4409 3559 2617 1227 2294
25
25
False
False
27
False
3991
3991
7914 6051 7352 2682 9931 3622 7320 9695 6008 4287 9389 8364 7890 2021 2466 7979 6010 8403 2849 791 4409 3559 2617 1227 3991 2500 3358
7914 6051 7352 2682 9931 3622 7320 9695 6008 4287 9389 8364 7890 2021 2466 7979 6010 8403 2849 791 4409 3559 2617 1227 3991 5
26
7914 6051 7352 2682 9931 3622 7320 9695 6008 4287 9389 8364 7890 2021 2466 7979 6010 8403 2849 791 4409 3559 2617 1227 3991 5
27
26
27
5
26
7914 6051 7352 2682 9931 3622 7320 9695 6008 4287 9389 8364 7890 2021 2466 7979 6010 8403 2849 791 4409 3559 2617 1227 3991 5
7914 6051 7352 2682 9931 3622 7320 9695 6008 4287 9389 8364 7890 2021 2466 7979 6010 8403 2849 791 4409 3559 2617 1227 3991 5
False
False
False
False
False
False
6091
False
1227
7914 6051 7352 2682 9931 3622 7320 9695 6008 4287 9389 8364 7890 2021 2466 7979 6010 8403 2849 791 4409 3559 2617 1227
False
False
23
7914 6051 7352 2682 9931 3622 7320 9695 6008 4287 9389 8364 7890 2021 2466 7979 6010 8403 2849 791 4409 3559 2617
7914 6051 7352 2682 9931 3622 7320 9695 6008 4287 9389 8364 7890 2021 2466 7979 6010 8403 2849 791 4409 3559 2617
False
False
24
24
False
5904
False
5904
False
7914 6051 7352 2682 9931 3622 7320 9695 6008 4287 9389 8364 7890 2021 2466 7979 6010 8403 2849 791 4409 3559 2617 5904
False
2136
False
False
7914 6051 7352 2682 9931 3622 7320 9695 6008 4287 9389 8364 7890 2021 2466 7979 6010 8403 2849 791 4409 3559 2617 5904
False
9964
4409
False
False
20
7914 6051 7352 2682 9931 3622 7320 9695 6008 4287 9389 8364 7890 2021 2466 7979 6010 8403 2849 1865
1865
1865
20
1865
False
7914 6051 7352 2682 9931 3622 7320 9695 6008 4287 9389 8364 7890 2021 2466 7979 6010 8403 2849 1905
7552
5776
21
False
7914 6051 7352 2682 9931 3622 7320 9695 6008 4287 9389 8364 7890 2021 2466 7979 6010 8403 2849 1905
False
7914 6051 7352 2682 9931 3622 7320 9695 6008 4287 9389 8364 7890 2021 2466 7979 6010 8403 2849 1905 3948
False
False
False
3993
3993
False
3993
19
20
20
7914 6051 7352 2682 9931 3622 7320 9695 6008 4287 9389 8364 7890 2021 2466 7979 6010 464 3993 8077 8339
21
False
False
2334
False
False
6333
20
20
9377
False
21
21
7914 6051 7352 2682 9931 3622 7320 9695 6008 4287 9389 8364 7890 2021 2466 7979 6010 464 3993 8077 9377 6166
False
False
False
False
7914 6051 7352 2682 9931 3622 7320 9695 6008 4287 9389 8364 7890 2021 2466 7979 6010 464
20
False
21
False
21
7622
7622
746
False
23
24
False
7914 6051 7352 2682 9931 3622 7320 9695 6008 4287 9389 8364 7890 2021 2466 7979 6010 464 9031 7622 746 6279 6309 9329
23
7914 6051 7352 2682 9931 3622 7320 9695 6008 4287 9389 8364 7890 2021 2466 7979 6010 464 9031 7622 746 6279 6309
7914 6051 7352 2682 9931 3622 7320 9695 6008 4287 9389 8364 7890 2021 2466 7979 6010 464 9031 7622 746 6279 6309
24
False
7914 6051 7352 2682 9931 3622 7320 9695 6008 4287 9389 8364 7890 2021 2466 7979 6010 464 9031 7622 746 6279 6309
7914 6051 7352 2682 9931 3622 7320 9695 6008 4287 9389 8364 7890 2021 2466 7979 6010 464 9031 7622 746 6279 6309
False
7914 6051 7352 2682 9931 3622 7320 9695 6008 4287 9389 8364 7890 2021 2466 7979 6010 464 9031 7622 746 6279 6309
6279
746
7914 6051 7352 2682 9931 3622 7320 9695 6008 4287 9389 8364 7890 2021 2466 7979 6010 464 9031 7622 746
False
False
7914 6051 7352 2682 9931 3622 7320 9695 6008 4287 9389 8364 7890 2021 2466 7979 6010 464 9031
9031
False
9031
19
False
False
False
608
False
21
21
21
660
False
4212
7914 6051 7352 2682 9931 3622 7320 9695 6008 4287 9389 8364 7890 2021 2466 7979 6010 464 9031
9031
False
18
1118
False
False
False
7914 6051 7352 2682 9931 3622 7320 9695 6008 4287 9389 8364 7890 2021 2466 7979 6010 464 6770 864 6368
7914 6051 7352 2682 9931 3622 7320 9695 6008 4287 9389 8364 7890 2021 2466 7979 6010 464 6770 864 6368
7914 6051 7352 2682 9931 3622 7320 9695 6008 4287 9389 8364 7890 2021 2466 7979 6010 464 6770 864 6368 9382
864
6770
18
19
17
False
2466
False
5058
5058
False
7914 6051 7352 2682 9931 3622 7320 9695 6008 4287 9389 8364 7890 5058 6863
6863
15
16
False
False
False
16
15
False
False
6209
6209
6209
False
False
16
16
7914 6051 7352 2682 9931 3622 7320 9695 6008 4287 9389 8364 7890 5058 6209
7914 6051 7352 2682 9931 3622 7320 9695 6008 4287 9389 8364 34
7914 6051 7352 2682 9931 3622 7320 9695 6008 4287 9389 8364 34
False
False
False
16
False
False
7914 6051 7352 2682 9931 3622 7320 9695 6008 4287 9389 8364 34 6885 6023 3452 2451 9064
18
False
7914 6051 7352 2682 9931 3622 7320 9695 6008 4287 9389 8364 34 6885 6023 3452 2451 1492 8301
7914 6051 7352 2682 9931 3622 7320 9695 6008 4287 9389 8364 34 6885 6023 3452 2451 1492 8301
4202
False
False
7914 6051 7352 2682 9931 3622 7320 9695 6008 4287 9389 8364 34 6885 6023 3452 2451 1492 8301 4202 5810
22
624
False
25
7914 6051 7352 2682 9931 3622 7320 9695 6008 4287 9389 8364 34 6885 6023 3452 2451 1492 8301 4202 5810 624 1079 5484 9001
7914 6051 7352 2682 9931 3622 7320 9695 6008 4287 9389 8364 34 6885 6023 3452 2451 1492 8301 4202 5810 624 1079 5484 9001
False
False
25
24
7914 6051 7352 2682 9931 3622 7320 9695 6008 4287 9389 8364 34 6885 6023 3452 2451 1492 8301 4202 5810 624 1079 5484
False
7914 6051 7352 2682 9931 3622 7320 9695 6008 4287 9389 8364 34 6885 6023 3452 2451 1492 8301 4202 5810 624 1079 5484
24
False
False
False
25
23
False
False
23
7914 6051 7352 2682 9931 3622 7320 9695 6008 4287 9389 8364 34 6885 6023 3452 2451 1492 8301 4202
9453
4436
False
7914 6051 7352 2682 9931 3622 7320 9695 6008 4287 9389 8364 34 6885 6023 3452 2451 1492 8301 4202 3577
False
False
21
False
False
1492
7914 6051 7352 2682 9931 3622 7320 9695 6008 4287 9389 8364 34 6885 6023 3452 2451 1492 3511 4984 8801 8517 1795 6391 7057
False
False
4834
False
4834
False
7914 6051 7352 2682 9931 3622 7320 9695 6008 4287 9389 8364 34 6885 6023 3452 2451 1492 3511 4984 8801 8517
22
False
False
8517
22
22
7914 6051 7352 2682 9931 3622 7320 9695 6008 4287 9389 8364 34 6885 6023 3452 2451 1492 3511 4984 8801 8517
22
21
False
False
8801
20
4529
False
25
False
False
False
7914 6051 7352 2682 9931 3622 7320 9695 6008 4287 9389 8364 34 6885 6023 3452 2451 4529 3520 2484 8540 4872 6058 3137 5739 4779
25
5739
25
25
False
7914 6051 7352 2682 9931 3622 7320 9695 6008 4287 9389 8364 34 6885 6023 3452 2451 4529 3520 2484 8540 4872 6058 3137 5739
25
7914 6051 7352 2682 9931 3622 7320 9695 6008 4287 9389 8364 34 6885 6023 3452 2451 4529 3520 2484 8540 4872 6058 3137 5739
7914 6051 7352 2682 9931 3622 7320 9695 6008 4287 9389 8364 34 6885 6023 3452 2451 4529 3520 2484 8540 4872 6058 3137 5739
5739
7914 6051 7352 2682 9931 3622 7320 9695 6008 4287 9389 8364 34 6885 6023 3452 2451 4529 3520 2484 8540 4872 6058 4174
False
24
27
7914 6051 7352 2682 9931 3622 7320 9695 6008 4287 9389 8364 34 6885 6023 3452 2451 4529 3520 2484 8540 4872 6058 4174 8024 5733 7647 3202
False
False
29
9050
9050
False
9050
False
7914 6051 7352 2682 9931 3622 7320 9695 6008 4287 9389 8364 34 6885 6023 3452 2451 4529 3520 2484 8540 4872 6058 4174 8024 5733 7701
False
4782
False
7701
False
False
False
26
26
7914 6051 7352 2682 9931 3622 7320 9695 6008 4287 9389 8364 34 6885 6023 3452 2451 4529 3520 2484 8540 4872 6058 4174 8024
False
165
27
False
False
24
24
25
False
False
6058
22
False
22
False
False
7914 6051 7352 2682 9931 3622 7320 9695 6008 4287 9389 8364 34 6885 6023 3452 2451 4529 3520
20
False
20
20
7914 6051 7352 2682 9931 3622 7320 9695 6008 4287 9389 8364 34 6885 6023 3452 2451 4529 3520 3275 3306
7914 6051 7352 2682 9931 3622 7320 9695 6008 4287 9389 8364 34 6885 6023 3452 2451 4529 3520 3275 3306
False
False
4936
7914 6051 7352 2682 9931 3622 7320 9695 6008 4287 9389 8364 34 6885 6023 3452 2451 4529 3520 3275 8160 1042 91
8160
22
False
7914 6051 7352 2682 9931 3622 7320 9695 6008 4287 9389 8364 34 6885 6023 3452 2451 4529 3520 3275 8160 3987
False
7914 6051 7352 2682 9931 3622 7320 9695 6008 4287 9389 8364 34 6885 6023 3452 2451 4529 3520 3275
False
False
False
7914 6051 7352 2682 9931 3622 7320 9695 6008 4287 9389 8364 34 6885 6023 3452 2451 4529 3520 3275 8075 8739
7914 6051 7352 2682 9931 3622 7320 9695 6008 4287 9389 8364 34 6885 6023 3452 2451 4529 3520 3275
3275
3520
False
7914 6051 7352 2682 9931 3622 7320 9695 6008 4287 9389 8364 34 6885 6023 3452 2451 4529 3520
3520
False
748
7914 6051 7352 2682 9931 3622 7320 9695 6008 4287 9389 8364 34 6885 6023 3452 2451 748
17
False
False
8598
7914 6051 7352 2682 9931 3622 7320 9695 6008 4287 9389 8364 34 6885 6023 3452 6063 8598
16
17
False
18
False
18
4698
6441
False
9454
7914 6051 7352 2682 9931 3622 7320 9695 6008 4287 9389 8364 34 6885 6023
7914 6051 7352 2682 9931 3622 7320 9695 6008 4287 9389 8364 34 6885
False
7914 6051 7352 2682 9931 3622 7320 9695 6008 4287 9389 8364 34 6885 883 7297
7297
False
7914 6051 7352 2682 9931 3622 7320 9695 6008 4287 9389 8364 34 6885 883 7297 9504 5241
False
False
False
False
7914 6051 7352 2682 9931 3622 7320 9695 6008 4287 9389 8364 34 6885 883 7297 9504 5241
18
False
6512
False
7914 6051 7352 2682 9931 3622 7320 9695 6008 4287 9389 8364 34 6885 883 7297 9504 5241 6512
19
False
False
False
False
20
18
False
7914 6051 7352 2682 9931 3622 7320 9695 6008 4287 9389 8364 34 6885 883 7297 9504 5241
17
17
9856
18
False
17
17
False
False
7914 6051 7352 2682 9931 3622 7320 9695 6008 4287 9389 8364 34 6885 883 7297 9504 3969 7940
False
False
False
3969
False
9504
False
17
False
False
False
7297
False
15
False
False
14
False
15
False
14
14
False
7914 6051 7352 2682 9931 3622 7320 9695 6008 4287 9389 8364
7914 6051 7352 2682 9931 3622 7320 9695 6008 4287 9389
11
False
False
False
False
False
False
7914 6051 7352 2682 9931 3622 7320 9695 6008 4287 9389
False
11
False
False
False
13
False
False
False
7914 6051 7352 2682 9931 3622 7320 9695 6008 4287 9389 6424 1077 2754
2754
13
False
16
False
False
1562
18
20
False
7914 6051 7352 2682 9931 3622 7320 9695 6008 4287 9389 6424 6228 1870 5379 6766 2707 1562 1141 1560 1186 8659
23
False
24
False
False
False
4539
4539
7914 6051 7352 2682 9931 3622 7320 9695 6008 4287 9389 6424 6228 1870 5379 6766 2707 1562 1141 1560 1186 8659 2854 5602 4539
4539
7914 6051 7352 2682 9931 3622 7320 9695 6008 4287 9389 6424 6228 1870 5379 6766 2707 1562 1141 1560 1186 8659 2854 5602 4539
4539
False
False
False
24
24
7914 6051 7352 2682 9931 3622 7320 9695 6008 4287 9389 6424 6228 1870 5379 6766 2707 1562 1141 1560 1186 8659 2854 4915
7914 6051 7352 2682 9931 3622 7320 9695 6008 4287 9389 6424 6228 1870 5379 6766 2707 1562 1141 1560 1186 8659 4977
7914 6051 7352 2682 9931 3622 7320 9695 6008 4287 9389 6424 6228 1870 5379 6766 2707 1562 1141 1560 1186 8659 4977 2555
23
False
23
7914 6051 7352 2682 9931 3622 7320 9695 6008 4287 9389 6424 6228 1870 5379 6766 2707 1562 1141 1560 1186 8659 7157
7914 6051 7352 2682 9931 3622 7320 9695 6008 4287 9389 6424 6228 1870 5379 6766 2707 1562 1141 1560 1186 8659 7157 3921 5937
False
26
False
7914 6051 7352 2682 9931 3622 7320 9695 6008 4287 9389 6424 6228 1870 5379 6766 2707 1562 1141 1560 1186 8659 7157 3921 5937 3655 9249
7914 6051 7352 2682 9931 3622 7320 9695 6008 4287 9389 6424 6228 1870 5379 6766 2707 1562 1141 1560 1186 8659 7157 3921 5937 3655 9249
7914 6051 7352 2682 9931 3622 7320 9695 6008 4287 9389 6424 6228 1870 5379 6766 2707 1562 1141 1560 1186 8659 7157 3921 5937 3655 9249
7914 6051 7352 2682 9931 3622 7320 9695 6008 4287 9389 6424 6228 1870 5379 6766 2707 1562 1141 1560 1186 8659 7157 3921 5937 3655 9249
7914 6051 7352 2682 9931 3622 7320 9695 6008 4287 9389 6424 6228 1870 5379 6766 2707 1562 1141 1560 1186 8659 7157 3921 5937 3655 9249
27
False
False
4869
28
7914 6051 7352 2682 9931 3622 7320 9695 6008 4287 9389 6424 6228 1870 5379 6766 2707 1562 1141 1560 1186 8659 7157 3921 5937 3655 9249 4869
4869
False
False
False
False
9612
False
False
29
28
28
28
False
4869
7914 6051 7352 2682 9931 3622 7320 9695 6008 4287 9389 6424 6228 1870 5379 6766 2707 1562 1141 1560 1186 8659 7157 3921 5937 3655 9249 4869
7914 6051 7352 2682 9931 3622 7320 9695 6008 4287 9389 6424 6228 1870 5379 6766 2707 1562 1141 1560 1186 8659 7157 3921 5937 3655 9249 4869
4869
6474
7914 6051 7352 2682 9931 3622 7320 9695 6008 4287 9389 6424 6228 1870 5379 6766 2707 1562 1141 1560 1186 8659 7157 3921 5937 3655 9249 4869 7694 697
False
False
29
7914 6051 7352 2682 9931 3622 7320 9695 6008 4287 9389 6424 6228 1870 5379 6766 2707 1562 1141 1560 1186 8659 7157 3921 5937 3655 9249 4869 7694
29
30
False
False
5722
7914 6051 7352 2682 9931 3622 7320 9695 6008 4287 9389 6424 6228 1870 5379 6766 2707 1562 1141 1560 1186 8659 7157 3921 5937 3655 9249 5722
False
False
7914 6051 7352 2682 9931 3622 7320 9695 6008 4287 9389 6424 6228 1870 5379 6766 2707 1562 1141 1560 1186 8659 7157 3921 5937 3655 9249 5722 2460 1271
False
29
False
2460
False
2460
30
False
30
False
30
30
False
False
7914 6051 7352 2682 9931 3622 7320 9695 6008 4287 9389 6424 6228 1870 5379 6766 2707 1562 1141 1560 1186 8659 7157 3921 5937 3655 9249 5722 2460
False
False
False
False
False
7914 6051 7352 2682 9931 3622 7320 9695 6008 4287 9389 6424 6228 1870 5379 6766 2707 1562 1141 1560 1186 8659 7157 3921 5937 3655 9249
False
28
False
6022
28
9249
29
29
False
7478
False
False
7914 6051 7352 2682 9931 3622 7320 9695 6008 4287 9389 6424 6228 1870 5379 6766 2707 1562 1141 1560 1186 8659 7157 3921 5937 3655 9249 518
False
False
False
False
27
28
2375
7914 6051 7352 2682 9931 3622 7320 9695 6008 4287 9389 6424 6228 1870 5379 6766 2707 1562 1141 1560 1186 8659 7157 3921 5937 3655 9249 1630
False
1630
2790
False
29
False
29
1630
False
7914 6051 7352 2682 9931 3622 7320 9695 6008 4287 9389 6424 6228 1870 5379 6766 2707 1562 1141 1560 1186 8659 7157 3921 5937 3655 9249
9249
26
False
False
False
False
23
False
8944
7914 6051 7352 2682 9931 3622 7320 9695 6008 4287 9389 6424 6228 1870 5379 6766 2707 1562 1141 1560 1186 8659 8944
8944
False
7914 6051 7352 2682 9931 3622 7320 9695 6008 4287 9389 6424 6228 1870 5379 6766 2707 1562 1141 1560 1186 8659
False
26
False
7914 6051 7352 2682 9931 3622 7320 9695 6008 4287 9389 6424 6228 1870 5379 6766 2707 1562 1141 1560 1186 8659 9548 3050 7518
25
False
False
7914 6051 7352 2682 9931 3622 7320 9695 6008 4287 9389 6424 6228 1870 5379 6766 2707 1562 1141 1560 1186 8659
False
False
20
21
5060
False
5060
False
7914 6051 7352 2682 9931 3622 7320 9695 6008 4287 9389 6424 6228 1870 5379 6766 2707 1562 1141
False
False
21
False
7914 6051 7352 2682 9931 3622 7320 9695 6008 4287 9389 6424 6228 1870 5379 6766 2707 1562 1141 5116 5056 8871
2469
23
23
7914 6051 7352 2682 9931 3622 7320 9695 6008 4287 9389 6424 6228 1870 5379 6766 2707 1562 1141 5116 5056 8871 2469
7914 6051 7352 2682 9931 3622 7320 9695 6008 4287 9389 6424 6228 1870 5379 6766 2707 1562 1141 5116 5056 8871 2469
False
False
21
5056
7914 6051 7352 2682 9931 3622 7320 9695 6008 4287 9389 6424 6228 1870 5379 6766 2707 1562 1141 5116 5056 17
17
False
False
False
18
False
7914 6051 7352 2682 9931 3622 7320 9695 6008 4287 9389 6424 6228 1870 5379 6766 2707 1562
2707
False
7914 6051 7352 2682 9931 3622 7320 9695 6008 4287 9389 6424 6228 1870 5379 6766
False
False
False
False
7914 6051 7352 2682 9931 3622 7320 9695 6008 4287 9389 6424 6228 1870 5379 4139 7754
7914 6051 7352 2682 9931 3622 7320 9695 6008 4287 9389 6424 6228 1870 5379 4139 7754
7754
False
17
912
16
False
False
False
636
17
False
False
False
7914 6051 7352 2682 9931 3622 7320 9695 6008 4287 9389 6424 6228 1870 5379 7879
7914 6051 7352 2682 9931 3622 7320 9695 6008 4287 9389 6424 6228 1870 5379 7879
2651
15
False
7914 6051 7352 2682 9931 3622 7320 9695 6008 4287 9389 6424 6228 1870 5379 4113
7914 6051 7352 2682 9931 3622 7320 9695 6008 4287 9389 6424 6228 1870 5379 4113
7914 6051 7352 2682 9931 3622 7320 9695 6008 4287 9389 6424 6228 1870 5379 4113
False
False
False
7914 6051 7352 2682 9931 3622 7320 9695 6008 4287 9389 6424 6228 6165
14
7914 6051 7352 2682 9931 3622 7320 9695 6008 4287 9389 6424 6228 6165 9859 7106
False
7914 6051 7352 2682 9931 3622 7320 9695 6008 4287 9389 6424 6228 6165 9859
7922
False
False
7914 6051 7352 2682 9931 3622 7320 9695 6008 4287 9389 6424 6228 6165 9859 1968
False
False
7914 6051 7352 2682 9931 3622 7320 9695 6008 4287 9389 6424 6228 1722
False
False
False
7914 6051 7352 2682 9931 3622 7320 9695 6008 4287 9389 6424 6228 9744
9744
12
False
False
False
7914 6051 7352 2682 9931 3622 7320 9695 6008 4287 9389 6424
False
False
6424
False
2434
2434
2434
10
False
7914 6051 7352 2682 9931 3622 7320 9695 9496
False
False
9
10
9508
9508
False
False
7914 6051 7352 2682 9931 3622 7320 9695 9496 3153 7033 848 5989 1032
7914 6051 7352 2682 9931 3622 7320 9695 9496 3153 7033 848 5989
5989
False
False
12
False
False
14
False
False
7914 6051 7352 2682 9931 3622 7320 9695 9496 3153 7033
7914 6051 7352 2682 9931 3622 7320 9695 9496 3153 7033 3746
False
7914 6051 7352 2682 9931 3622 7320 9695 9496 3153 7033 3746 278
13
7914 6051 7352 2682 9931 3622 7320 9695 9496 3153 7033 3746 6185 767
6185
False
False
16
6185
False
False
False
13
14
9860
7914 6051 7352 2682 9931 3622 7320 9695 9496 3153 7033 3746 1746 9860 4791
16
8054
19
9480
7914 6051 7352 2682 9931 3622 7320 9695 9496 3153 7033 3746 1746 9860 4791 8054 6870 8150 7435 9480
False
7914 6051 7352 2682 9931 3622 7320 9695 9496 3153 7033 3746 1746 9860 4791 8054 6870 8150 7435 9480
20
9480
False
20
7914 6051 7352 2682 9931 3622 7320 9695 9496 3153 7033 3746 1746 9860 4791 8054 6870 8150 7435 9828 5130 3744 5994 2896 4282
4282
False
False
7914 6051 7352 2682 9931 3622 7320 9695 9496 3153 7033 3746 1746 9860 4791 8054 6870 8150 7435 9828 5130 3744 5994 2896
5994
5994
3744
945
23
False
23
7914 6051 7352 2682 9931 3622 7320 9695 9496 3153 7033 3746 1746 9860 4791 8054 6870 8150 7435 9828 5130 3744 945
False
7914 6051 7352 2682 9931 3622 7320 9695 9496 3153 7033 3746 1746 9860 4791 8054 6870 8150 7435 9828 5130 3744 945 9008
7914 6051 7352 2682 9931 3622 7320 9695 9496 3153 7033 3746 1746 9860 4791 8054 6870 8150 7435 9828 5130 3744 945 9008
24
9008
25
25
False
9008
24
7914 6051 7352 2682 9931 3622 7320 9695 9496 3153 7033 3746 1746 9860 4791 8054 6870 8150 7435 9828 5130 3744 945 9008
25
7914 6051 7352 2682 9931 3622 7320 9695 9496 3153 7033 3746 1746 9860 4791 8054 6870 8150 7435 9828 5130 3744 945 9008 3406
7914 6051 7352 2682 9931 3622 7320 9695 9496 3153 7033 3746 1746 9860 4791 8054 6870 8150 7435 9828 5130 3744 945 9008 3406 8952
7914 6051 7352 2682 9931 3622 7320 9695 9496 3153 7033 3746 1746 9860 4791 8054 6870 8150 7435 9828 5130 3744 945 9008 3406 8952 6308 9771 3460
7914 6051 7352 2682 9931 3622 7320 9695 9496 3153 7033 3746 1746 9860 4791 8054 6870 8150 7435 9828 5130 3744 945 9008 3406 8952 6308 9771 3460
29
1024
3460
28
7914 6051 7352 2682 9931 3622 7320 9695 9496 3153 7033 3746 1746 9860 4791 8054 6870 8150 7435 9828 5130 3744 945 9008 3406 8952 6308 9129
False
False
7914 6051 7352 2682 9931 3622 7320 9695 9496 3153 7033 3746 1746 9860 4791 8054 6870 8150 7435 9828 5130 3744 945 9008 3406
False
False
False
False
22
22
3744
3744
7914 6051 7352 2682 9931 3622 7320 9695 9496 3153 7033 3746 1746 9860 4791 8054 6870 8150 7435 9828 5130 3744
False
21
False
21
5130
False
7914 6051 7352 2682 9931 3622 7320 9695 9496 3153 7033 3746 1746 9860 4791 8054 6870 8150 7435 9828 5130
False
19
18
7914 6051 7352 2682 9931 3622 7320 9695 9496 3153 7033 3746 1746 9860 4791 8054 6870 8150
7914 6051 7352 2682 9931 3622 7320 9695 9496 3153 7033 3746 1746 9860 4791 8054 6870 8150 4758
8150
False
16
False
4791
15
False
7914 6051 7352 2682 9931 3622 7320 9695 9496 3153 7033 3746 1746 9860 4791
7914 6051 7352 2682 9931 3622 7320 9695 9496 3153 7033 3746 1746 9860 4791 249
False
False
16
15
7914 6051 7352 2682 9931 3622 7320 9695 9496 3153 7033 3746 1746 9860 4791
15
False
7914 6051 7352 2682 9931 3622 7320 9695 9496 3153 7033 3746 1746 9860 4791
7914 6051 7352 2682 9931 3622 7320 9695 9496 3153 7033 3746 1746 9860 4791
7914 6051 7352 2682 9931 3622 7320 9695 9496 3153 7033 3746 1746 9860 4791
4791
False
False
16
7914 6051 7352 2682 9931 3622 7320 9695 9496 3153 7033 3746 1746 9860
False
False
10
False
False
9695
5081
False
9695
False
8
7914 6051 7352 2682 9931 3622 7320 9695
False
4790
5378
7914 6051 7352 2682 9931 3622 7320 9695 4790 4385 4724 5378 1439 8600 277
277
7914 6051 7352 2682 9931 3622 7320 9695 4790 4385 4724 5378 1439 8600 277
277
False
False
1186
False
False
False
14
14
13
7914 6051 7352 2682 9931 3622 7320 9695 4790 4385 4724 5378
12
6439
6439
14
14
211
False
False
6439
4724
False
7914 6051 7352 2682 9931 3622 7320 9695 4790 4385 4881
False
11
False
4385
False
2555
13
False
False
2280
14
7914 6051 7352 2682 9931 3622 7320 9695 4790 4385 7209 2555 1944 2280 8757
False
7914 6051 7352 2682 9931 3622 7320 9695 4790 4385 7209 2555 1944 2280 8757
7914 6051 7352 2682 9931 3622 7320 9695 4790 4385 7209 2555 1944 2280 8757
False
15
14
13
False
7914 6051 7352 2682 9931 3622 7320 9695 4790 4385 7209 2555 5014
False
8060
False
11
False
6781
7914 6051 7352 2682 9931 3622 7320 9695 4790 4385
False
12
9
7914 6051 7352 2682 9931 3622 7320 9695 1748
False
7914 6051 7352 2682 9931 3622 7320 9695
False
False
False
False
7914 6051 7352 2682 9931 3622 7320 7454
False
7454
7914 6051 7352 2682 9931 3622 7320 7454
8461
9
2145
False
False
False
False
False
7663
7914 6051 7352 2682 9931 3622 7320 7454 2145 7663 6048
6636
False
8
False
7914 6051 7352 2682 9931 3622 7320 7454
8
7914 6051 7352 2682 9931 3622 7320 7454
False
7320
7
False
False
7914 6051 7352 2682 9931 3622 7320 3782
7914 6051 7352 2682 9931 3622 7320 3782 6997 1469
False
7914 6051 7352 2682 9931 3622 7320 3782 6997 1469
False
False
False
3622
7914 6051 7352 2682 9931 3622
7914 6051 7352 2682 9931 3622
7914 6051 7352 2682 9931
7914 6051 7352 2682 9931 8985
False
False
5
7914 6051 7352 2682 9931
3
False
7914 6051
False
7914 3474
3474
False
False
7914
False
False
7914 7839
False
False
True

8757
8757
False
7051
4102
8757 7051 4102
8757 7051 4102
8757 7051 4102
8757 7051 4102
8757 7051 4102 6566
8757 7051 4102 6566
4
8757

Empty
Empty
True
Empty
1

393 5681
False
393 5681 5131 635
False
7228
False
393 5681
False
1
True
False
False
False
False
5041
3
9684
False
9884 4135 3594 9684 8276 5493
6
9884 4135 3594 9684 754
9684
9884 4135 3594 9684 6013
898
False
9884 4135 3594 9684 6013 2399 898 5683 7636 194
False
False
10
9884 4135 3594 9684 6013 2399 898 5683 7636 194
9092
9884 4135 3594 9684 6013 2399 898 5683 7636 194 3311 9092
False
9884 4135 3594 9684 6013 2399 898 5683 7636 194 3311 9092
11
1890
False
12
9884 4135 3594 9684 6013 2399 898 5683 7636 194 3311 1443 7773 6899 4219
False
16
9884 4135 3594 9684 6013 2399 898 5683 7636 194 3311 1443 7773 6899 4219 9192
16
False
9884 4135 3594 9684 6013 2399 898 5683 7636 194 3311 1443 7773 6899 4219 9192
9884 4135 3594 9684 6013 2399 898 5683 7636 194 3311 1443 7773 6899 4219 9192
9192
9884 4135 3594 9684 6013 2399 898 5683 7636 194 3311 1443 7773 6899 4219 9192
1101
9884 4135 3594 9684 6013 2399 898 5683 7636 194 3311 1443 7773 6899 4219 9192
False
7965
3144
19
17
False
17
7965
False
False
9884 4135 3594 9684 6013 2399 898 5683 7636 194 3311 1443 7773 6899 4219 9192 7965 8587
False
1148
17
17
18
False
19
9884 4135 3594 9684 6013 2399 898 5683 7636 194 3311 1443 7773 6899 4219 9192 1148 7251 1163
387
7491
22
9884 4135 3594 9684 6013 2399 898 5683 7636 194 3311 1443 7773 6899 4219 9192 1148 7251 1163 4524 7714 7491
False
9884 4135 3594 9684 6013 2399 898 5683 7636 194 3311 1443 7773 6899 4219 9192 1148 7251 1163 4524 7714
False
9884 4135 3594 9684 6013 2399 898 5683 7636 194 3311 1443 7773 6899 4219 9192 1148 7251 1163 4524 7714 8602
9884 4135 3594 9684 6013 2399 898 5683 7636 194 3311 1443 7773 6899 4219 9192 1148 7251 1163 4524 7714 8602
22
False
1959
False
945
False
4502
False
False
False
24
945
945
False
False
9884 4135 3594 9684 6013 2399 898 5683 7636 194 3311 1443 7773 6899 4219 9192 1148 7251 1163 4524 7714 7658 9917 945 9872
False
9872
False
5318
9884 4135 3594 9684 6013 2399 898 5683 7636 194 3311 1443 7773 6899 4219 9192 1148 7251 1163 4524 7714 7658 9917 945 9872 5318
26
3716
9938
False
False
9884 4135 3594 9684 6013 2399 898 5683 7636 194 3311 1443 7773 6899 4219 9192 1148 7251 1163 4524 7714 7658 9917 945 9872 5318 8139 2984
9884 4135 3594 9684 6013 2399 898 5683 7636 194 3311 1443 7773 6899 4219 9192 1148 7251 1163 4524 7714 7658 9917 945 9872 5318 8139 2984
False
28
9884 4135 3594 9684 6013 2399 898 5683 7636 194 3311 1443 7773 6899 4219 9192 1148 7251 1163 4524 7714 7658 9917 945 9872 5318 8139 2984
False
28
28
28
False
9884 4135 3594 9684 6013 2399 898 5683 7636 194 3311 1443 7773 6899 4219 9192 1148 7251 1163 4524 7714 7658 9917 945 9872 5318 8139 2210
False
9884 4135 3594 9684 6013 2399 898 5683 7636 194 3311 1443 7773 6899 4219 9192 1148 7251 1163 4524 7714 7658 9917 945 9872 5318 8139
8139
26
5318
9884 4135 3594 9684 6013 2399 898 5683 7636 194 3311 1443 7773 6899 4219 9192 1148 7251 1163 4524 7714 7658 9917 945 9872 5318
False
9884 4135 3594 9684 6013 2399 898 5683 7636 194 3311 1443 7773 6899 4219 9192 1148 7251 1163 4524 7714 7658 9917 945 9872 5318 6812
105
9884 4135 3594 9684 6013 2399 898 5683 7636 194 3311 1443 7773 6899 4219 9192 1148 7251 1163 4524 7714 7658 9917 945 9872 5318 6812 105
False
False
9884 4135 3594 9684 6013 2399 898 5683 7636 194 3311 1443 7773 6899 4219 9192 1148 7251 1163 4524 7714 7658 9917 945 9872 5318 6812 4173
26
25
9884 4135 3594 9684 6013 2399 898 5683 7636 194 3311 1443 7773 6899 4219 9192 1148 7251 1163 4524 7714 7658 9917 945 9872
9872
False
8609
27
False
False
28
False
False
False
32
False
False
6546
False
9884 4135 3594 9684 6013 2399 898 5683 7636 194 3311 1443 7773 6899 4219 9192 1148 7251 1163 4524 7714 7658 9917 945 9872 4163 8609 2183 1143 7651 5005 2583 2001 6546 5398
False
36
36
9884 4135 3594 9684 6013 2399 898 5683 7636 194 3311 1443 7773 6899 4219 9192 1148 7251 1163 4524 7714 7658 9917 945 9872 4163 8609 2183 1143 7651 5005 2583 2001 6546 5398
35
False
False
False
9884 4135 3594 9684 6013 2399 898 5683 7636 194 3311 1443 7773 6899 4219 9192 1148 7251 1163 4524 7714 7658 9917 945 9872 4163 8609 2183 1143 7651 5005 2583 2001 6546 7096 6192
36
9884 4135 3594 9684 6013 2399 898 5683 7636 194 3311 1443 7773 6899 4219 9192 1148 7251 1163 4524 7714 7658 9917 945 9872 4163 8609 2183 1143 7651 5005 2583 2001 6546 7096 6192 242
37
False
False
32
32
32
2583
False
False
False
9884 4135 3594 9684 6013 2399 898 5683 7636 194 3311 1443 7773 6899 4219 9192 1148 7251 1163 4524 7714 7658 9917 945 9872 4163 8609 2183 1143 7651 2531
9884 4135 3594 9684 6013 2399 898 5683 7636 194 3311 1443 7773 6899 4219 9192 1148 7251 1163 4524 7714 7658 9917 945 9872 4163 8609 2183 1143 7651 2774
30
9884 4135 3594 9684 6013 2399 898 5683 7636 194 3311 1443 7773 6899 4219 9192 1148 7251 1163 4524 7714 7658 9917 945 9872 4163 8609 2183 1143 7651
30
9884 4135 3594 9684 6013 2399 898 5683 7636 194 3311 1443 7773 6899 4219 9192 1148 7251 1163 4524 7714 7658 9917 945 9872 4163 8609 2183 1143 7651
False
1677
False
32
1677
1677
False
False
False
34
False
34
9884 4135 3594 9684 6013 2399 898 5683 7636 194 3311 1443 7773 6899 4219 9192 1148 7251 1163 4524 7714 7658 9917 945 9872 4163 8609 2183 1143 7651 2674 1677 2227 4324
False
35
False
33
2227
2227
8143
2227
9884 4135 3594 9684 6013 2399 898 5683 7636 194 3311 1443 7773 6899 4219 9192 1148 7251 1163 4524 7714 7658 9917 945 9872 4163 8609 2183 1143 7651 2674 1677 2227 9590
34
False
9590
9590
9884 4135 3594 9684 6013 2399 898 5683 7636 194 3311 1443 7773 6899 4219 9192 1148 7251 1163 4524 7714 7658 9917 945 9872 4163 8609 2183 1143 7651 2674 1677 2227 9590
False
2774
2774
False
6833
9884 4135 3594 9684 6013 2399 898 5683 7636 194 3311 1443 7773 6899 4219 9192 1148 7251 1163 4524 7714 7658 9917 945 9872 4163 8609 2183 1143 7651 2674 1677 2227 9590 2774 6833
False
9884 4135 3594 9684 6013 2399 898 5683 7636 194 3311 1443 7773 6899 4219 9192 1148 7251 1163 4524 7714 7658 9917 945 9872 4163 8609 2183 1143 7651 2674 1677 2227 9590 2774 6833 361 1402 7809 6845
6845
False
6845
9884 4135 3594 9684 6013 2399 898 5683 7636 194 3311 1443 7773 6899 4219 9192 1148 7251 1163 4524 7714 7658 9917 945 9872 4163 8609 2183 1143 7651 2674 1677 2227 9590 2774 6833 361 1402 7809 6845
6845
40
False
9884 4135 3594 9684 6013 2399 898 5683 7636 194 3311 1443 7773 6899 4219 9192 1148 7251 1163 4524 7714 7658 9917 945 9872 4163 8609 2183 1143 7651 2674 1677 2227 9590 2774 6833 361 1402 7809
7809
False
False
39
7809
9884 4135 3594 9684 6013 2399 898 5683 7636 194 3311 1443 7773 6899 4219 9192 1148 7251 1163 4524 7714 7658 9917 945 9872 4163 8609 2183 1143 7651 2674 1677 2227 9590 2774 6833 361 1402 3243
39
False
False
2565
False
False
9884 4135 3594 9684 6013 2399 898 5683 7636 194 3311 1443 7773 6899 4219 9192 1148 7251 1163 4524 7714 7658 9917 945 9872 4163 8609 2183 1143 7651 2674 1677 2227 9590 2774 6833 361 1402
1402
9884 4135 3594 9684 6013 2399 898 5683 7636 194 3311 1443 7773 6899 4219 9192 1148 7251 1163 4524 7714 7658 9917 945 9872 4163 8609 2183 1143 7651 2674 1677 2227 9590 2774 6833 361 1402
False
False
9884 4135 3594 9684 6013 2399 898 5683 7636 194 3311 1443 7773 6899 4219 9192 1148 7251 1163 4524 7714 7658 9917 945 9872 4163 8609 2183 1143 7651 2674 1677 2227 9590 2774 6833 361 1402 1971
9884 4135 3594 9684 6013 2399 898 5683 7636 194 3311 1443 7773 6899 4219 9192 1148 7251 1163 4524 7714 7658 9917 945 9872 4163 8609 2183 1143 7651 2674 1677 2227 9590 2774 6833 361 1402 3775 85
9884 4135 3594 9684 6013 2399 898 5683 7636 194 3311 1443 7773 6899 4219 9192 1148 7251 1163 4524 7714 7658 9917 945 9872 4163 8609 2183 1143 7651 2674 1677 2227 9590 2774 6833 361 1402 3775 85 3111
False
9884 4135 3594 9684 6013 2399 898 5683 7636 194 3311 1443 7773 6899 4219 9192 1148 7251 1163 4524 7714 7658 9917 945 9872 4163 8609 2183 1143 7651 2674 1677 2227 9590 2774 6833 361 1402 3775 85 3111
41
False
9884 4135 3594 9684 6013 2399 898 5683 7636 194 3311 1443 7773 6899 4219 9192 1148 7251 1163 4524 7714 7658 9917 945 9872 4163 8609 2183 1143 7651 2674 1677 2227 9590 2774 6833 361 1402 3775 85 3111
False
9884 4135 3594 9684 6013 2399 898 5683 7636 194 3311 1443 7773 6899 4219 9192 1148 7251 1163 4524 7714 7658 9917 945 9872 4163 8609 2183 1143 7651 2674 1677 2227 9590 2774 6833 361 1402 3775 85
40
False
False
13
False
False
False
44
False
2180
8453
8007
False
False
46
False
False
3427
47
9884 4135 3594 9684 6013 2399 898 5683 7636 194 3311 1443 7773 6899 4219 9192 1148 7251 1163 4524 7714 7658 9917 945 9872 4163 8609 2183 1143 7651 2674 1677 2227 9590 2774 6833 361 1402 3775 85 9799 9298 8453 6745 1052 3350 8174
False
46
46
46
46
False
False
6745
False
8417
8417
8417
False
8417
43
False
