4073
False
4073
1
False
4073 2522
False
False
3831
Empty
Empty
False
False
0
False
False
1456 8113 9211
9211
False
1456 8113 9211 1313
False
9211
5
4662
5
1456 8113 9211 4493
False
5
4
False
False
8113
1456 7971
False
False
2
False
False
False
False
False
False
1456
1456
False
False
True
5461 5644
False
3
9791
2518
4
False
False
5461 5644 9791 2518
5644
False
False
False
5461 5644 1007 2198 2428
False
5
False
2
3
5461 3430 2238
5461 3430 2238
2
2
5461 3430
2
False
False
False
False
3154
False
6553
5461 3154 485 3462 9107 8821
5461 3154 485 3462 9107 8821 4440
8821
False
8
5623
5623
5461 3154 485 3462 9107 8821 6003 5623
5461 3154 485 3462 9107 8821 6003 5623
False
False
9
5461 3154 485 3462 9107 8821 6003 9921 2819
9921
False
5461 3154 485 3462 9107 8821 6003 9921 8712
11
False
False
5461 3154 485 3462 9107 8821 6003 9921 8712 1734 7093 5608 3159
5461 3154 485 3462 9107 8821 6003 9921 8712 1734 7093 5608 3159
False
False
5608
False
5608
5461 3154 485 3462 9107 8821 6003 9921 8712 1734 7093 5608 8538
14
15
9169
False
False
9683
5461 3154 485 3462 9107 8821 6003 9921 8712 1734 7093 5608 8538 7514
False
False
5461 3154 485 3462 9107 8821 6003 9921 8712 1734 7093 5608 8538 7514
5461 3154 485 3462 9107 8821 6003 9921 8712 1734 7093 5608 9663
5461 3154 485 3462 9107 8821 6003 9921 8712 1734 7093 5608 9663
5461 3154 485 3462 9107 8821 6003 9921 8712 1734 7093 5608 533
False
False
False
False
6741
False
False
False
False
False
False
5461 3154 485 3462 9107 8821 6003 9921 8712 1734 7093 5608 533 7614
5461 3154 485 3462 9107 8821 6003 9921 8712 1734 7093 5608 533 7614
False
False
5461 3154 485 3462 9107 8821 6003 9921 8712 1734 7093 5608 533 7614 8707
False
16
False
False
False
False
5461 3154 485 3462 9107 8821 6003 9921 8712 1734 7093 5608 533 2937 120
False
False
2937
2937
2478
False
False
False
False
5461 3154 485 3462 9107 8821 6003 9921 8712 1734 7093 5608 533 2937 2478 8527 6975
17
False
False
16
2164
5461 3154 485 3462 9107 8821 6003 9921 8712 1734 7093 5608 533 2937 2478 2164
False
17
825
False
False
False
19
False
5461 3154 485 3462 9107 8821 6003 9921 8712 1734 7093 5608 533 2937 2478 2164 825 5072
8218
5461 3154 485 3462 9107 8821 6003 9921 8712 1734 7093 5608 533 2937 2478 2164 825 5072 6405 8218
8218
5461 3154 485 3462 9107 8821 6003 9921 8712 1734 7093 5608 533 2937 2478 2164 825 5072 6405 8965
20
False
False
False
False
False
4583
5461 3154 485 3462 9107 8821 6003 9921 8712 1734 7093 5608 533 2937 2478 2164 825 5072 4583
18
5072
5072
18
4525
False
False
False
False
5072
19
False
False
5072
False
16
5461 3154 485 3462 9107 8821 6003 9921 8712 1734 7093 5608 533 2937 2478 227
3826
3826
3826
2478
False
13
12
5461 3154 485 3462 9107 8821 6003 9921 8712 1734 7093
14
False
False
4770
614
614
5461 3154 485 3462 9107 8821 6003 9921 8712 1734 7093 2632 5417 4770
False
2632
12
2632
12
5461 3154 485 3462 9107 8821 6003 9921 8712 1734 7093 2632
False
False
False
1208
1208
False
2373
5461 3154 485 3462 9107 8821 6003 9921 8712 1734 7093 4027 3002 6104 1208 9568 5376
5461 3154 485 3462 9107 8821 6003 9921 8712 1734 7093 4027 3002 6104 1208 9568 5376
9568
9568
16
False
5461 3154 485 3462 9107 8821 6003 9921 8712 1734 7093 4027 3002 6104 1208 9568
False
False
False
False
False
False
False
False
9956
19
19
9956
False
False
False
20
False
False
False
3352
3352
False
5461 3154 485 3462 9107 8821 6003 9921 8712 1734 7093 4027 3002 6104 1208 4999 3352
9295
5461 3154 485 3462 9107 8821 6003 9921 8712 1734 7093 4027 3002 6104 1208 4999 9295
False
False
5945
5461 3154 485 3462 9107 8821 6003 9921 8712 1734 7093 4027 3002 6104 1208 4999 9295 5945
False
4999
False
False
7640
False
False
5461 3154 485 3462 9107 8821 6003 9921 8712 1734 7093 4027 3002 6104 1208
1208
False
14
False
14
False
False
False
5461 3154 485 3462 9107 8821 6003 9921 8712 1734 7093 4027 3002 2158 6626 9568 3388 8588
False
False
False
False
False
16
False
False
False
False
15
False
17
False
False
4756
False
9936
False
9398
False
20
False
5461 3154 485 3462 9107 8821 6003 9921 8712 1734 7093 4027 3002 2158 631 3669 3740 2569 240 9398 6836
False
False
False
5614
5614
22
False
22
9398
8355
21
False
22
5461 3154 485 3462 9107 8821 6003 9921 8712 1734 7093 4027 3002 2158 631 3669 3740 2569 240 6039 8355 8387
False
False
21
8355
22
5461 3154 485 3462 9107 8821 6003 9921 8712 1734 7093 4027 3002 2158 631 3669 3740 2569 240 6039 8355 3203
22
5461 3154 485 3462 9107 8821 6003 9921 8712 1734 7093 4027 3002 2158 631 3669 3740 2569 240 6039 8355 3203
5461 3154 485 3462 9107 8821 6003 9921 8712 1734 7093 4027 3002 2158 631 3669 3740 2569 240 6039 8355 3203
False
5461 3154 485 3462 9107 8821 6003 9921 8712 1734 7093 4027 3002 2158 631 3669 3740 2569 240 6039 8355
False
False
False
19
18
5461 3154 485 3462 9107 8821 6003 9921 8712 1734 7093 4027 3002 2158 631 3669 3740 2569
2569
False
6781
False
False
False
19
False
False
19
False
False
False
19
5461 3154 485 3462 9107 8821 6003 9921 8712 1734 7093 4027 3002 2158 631 3669 3740 2048
False
16
5461 3154 485 3462 9107 8821 6003 9921 8712 1734 7093 4027 3002 2158 631 2118 8509
16
False
4782
16
17
18
5461 3154 485 3462 9107 8821 6003 9921 8712 1734 7093 4027 3002 2158 631 2118 1532
False
5461 3154 485 3462 9107 8821 6003 9921 8712 1734 7093 4027 3002 2158 631 2118 1532
False
18
206
5461 3154 485 3462 9107 8821 6003 9921 8712 1734 7093 4027 3002 2158 631 2118 4476 206
5461 3154 485 3462 9107 8821 6003 9921 8712 1734 7093 4027 3002 2158 631 2118 4476 206 9559
5461 3154 485 3462 9107 8821 6003 9921 8712 1734 7093 4027 3002 2158 631 2118 4476 206 9559
19
5461 3154 485 3462 9107 8821 6003 9921 8712 1734 7093 4027 3002 2158 631 2118 4476 206 9559
19
False
False
2118
False
False
15
False
False
False
5461 3154 485 3462 9107 8821 6003 9921 8712 1734 7093 4027 3002 2158 8457
2158
False
5461 3154 485 3462 9107 8821 6003 9921 8712 1734 7093 4027
5210
5461 3154 485 3462 9107 8821 6003 9921 8712 1734
1734
1734
10
10
11
False
11
10
1734
