False
Empty
Empty
Empty


False
865
Empty
Empty
8183
3
8183 1124 7668
8183 8626 2713
3
8183 8626
False
3
8183 8626 9451
False
False
False
False
False
8183 8626 9451 3904 4728
8183 8626 9451 3904 4728
4728
False
8183 8626 9451 3904
False
False
False
False
5400
3
8
False
6
5
8183 8626 9451 1748 3028 9669 1253 104
8183 8626 9451 1748 3028 9669 1253 104
False
8183 8626 9451 1748 3028 9669 1253 104 4279
8183 8626 9451 1748 3028 9669 1253 104 4279
9
8
False
104
False
False
104
False
807
9
10
10
False
1815
8183 8626 9451 1748 3028 9669 1253 104 7513 9924 1759
8183 8626 9451 1748 3028 9669 1253 104 7513 9924
8183 8626 9451 1748 3028 9669 1253 104 7513 6453
False
False
False
False
2740
13
13
7809
8183 8626 9451 1748 3028 9669 1253 104 7513 6453 4548 5531 7809
False
8183 8626 9451 1748 3028 9669 1253 104 7513 6453 4548 5531 7809
14
13
932
8183 8626 9451 1748 3028 9669 1253 104 7513 6453 4548 4942 5578 932
932
False
13
False
4270
4270
8183 8626 9451 1748 3028 9669 1253 104 7513 6453 4548 4942 5578
False
False
16
495
False
17
False
13
5578
False
13
False
8183 8626 9451 1748 3028 9669 1253 104 7513 6453 4548
False
11
8183 8626 9451 1748 3028 9669 1253 104 7513 6453 4548
False
4548
False
False
False
6453
6453
6453
8183 8626 9451 1748 3028 9669 1253 104 7513 9938 7517 7164
False
False
False
False
False
6957
8183 8626 9451 1748 3028 9669 1253 104 7513 9938 7517 7164 6957
False
False
False
False
False
8183 8626 9451 1748 3028 9669 1253 104 7513 9938 7517 7164 6957 153
15
8183 8626 9451 1748 3028 9669 1253 104 7513 9938 7517 7164 6957 153 2855
15
False
1515
False
7881
False
False
8183 8626 9451 1748 3028 9669 1253 104 7513 9938
8183 8626 9451 1748 3028 9669 1253 104 7513
False
False
False
10
False
10
9049
False
False
False
8183 8626 9451 1748 3028 3413 7894 1480 4482 9780
9780
False
7894
8183 8626 9451 1748 3028 3413
8183 8626 9451 1748 3028 3413 9149
7971
8183 8626 9451 1748 3028 7971
6
False
False
8183 8626 9451 1748 3028
False
False
2592
False
False
False
8183 8626 9451 1748 1661
5
False
8183 8626 9451 1748 1661
1748
8183 8626 9451 1748 5546
False
False
False
8462
8183 8626 9451 1748
False
4
False
9451
6516
False
Empty
Empty
Empty
Empty
True
False
True
True
0
Empty
False
0
Empty

Empty
5564
1
5564
5564 6205
False
5564 6205 4739 1973 9934
3006
False
5564 6205 4739 2827 5075
False
5564 6205 4739 2827 5075
9
4453
False
1450
1450
False
False
5564 6205 4739 2827 5075 4319 15 1450 6644
9
9
6709
False
6709
5564 6205 4739 2827 5075 4319 15 1450 6709
5564 6205 4739 2827 5075 4319 15 1450 6709
False
False
8
False
False
5564 6205 4739 2827 5075
False
7
5564 6205 4739 2827 5075 2816 3939 2040 1183 7395 9884 9265
False
9265
9265
12
14
14
False
False
6673
False
5564 6205 4739 2827 5075 2816 3939 2040 1183 7395 9884 9265 9304 3590 6673
5564 6205 4739 2827 5075 2816 3939 2040 1183 7395 9884 9265 9304 3590 6673
15
False
False
13
False
9265
12
False
12
12
12
False
False
False
8495
5564 6205 4739 2827 5075 2816 3939 2040 1183
5564 6205 4739 2827 5075 2816 3939 2040 1183
False
3
False
5564 6205 4739
5564 6205 4739
5564 6205 4739
5564 6205 4739 7620 6626
False
False
False
6
7620
False
5564 6205 4739 7620 676 8763 6236
1491
False
False
5564 6205 4739 7620 676 8763 6236 3002
8926
5564 6205 4739 7620 676 8763 6236
5564 6205 4739 7620 676 8763 6236 2106
False
False
5564 6205 4739 7620 676 8763 6236 5238
6236
False
6
8763
6
False
5564 6205 4739 7620
5564 6205 4739 7620
False
False
9947
5
5
6490
False
False
False
3
False
5564 6205
False
2
2
False
False
False
False
5564 6205 8403
3
9031
False
False
5564 6205 8403 1014 8523 5861 1703
5564 6205 8403 1014 8523 5861 1703
8
1703
1703
False
5564 6205 8403 1014 8523 5861 1703 5918
1703
1703
False
5564 6205 8403
False
False
False
7658
5564 6205 8403 7658 6345
False
8221
False
False
True

678
False
False
2
678 8743
2
False
5
False
False
False
1013
1013
3
False
False
2
678 7579
2
False
678 7579 7147 873
678 7579 7147 873
678 7579 7147 873
False
4
678 7579 7147 873
4
4
False
False
False
False
678 7579 7147 324 1431
1431
1431
False
False
False
324
False
678 7579 7147 324 5739
False
False
False
678 7579 7147
678
False
False
False
False
1
True
0
Empty

1
False
3612
Empty
Empty
1
1
True

False
False
603
2
False
3587
2
3
False
4
False
6
False
False
False
False
False
9005
3587 9615 5307 1342 6455 7746 9005
False
6
6032
3587 9615 5307 1342 1465 6032
False
1342
3587 9615 5307 88
3587 9615 5307 88
4
88
False
4
3587 9615 5307 88
False
False
5307
False
796
False
Empty
True
2540
3
5
4
False
False
4345 2540 8865 6432 3530 1125
1125
4345 2540 8865 6432 3530 1125 4753
4345 2540 8865 6432 3530 1125 4753 2078 8084
9
False
8
False
False
False
8
7
False
4345 2540 8865 6432 3530 1125
8865
False
2
False
False
3
False
4345 2540
4345 2540 5374
4
4345 2540 5374 466
4345 2540 5374 466
False
False
False
4345 2540 5374 466 2129 8459
4345 2540 5374 466 2129 8459
False
4345 2540 5374 466 2129 8459
6
False
4
4
False
3
Empty
Empty
False
False
Empty
Empty
Empty
True
Empty
1
False
2
3713
False
4648 9369
9369
False
3
4648 9369
9369
False
False
4648
False
False
4648
4648
False
4648
False
False
4648
False
Empty

False
False
4883
False
2
False
1301 4883
4883
1301 4883 5942 6934
False
1301 4883 5942 6934
False
3
5942
7
7
1301 4883 5942 5409 7278 329 1924
False
False
False
7
False
6
5
False
5
False
False
False
1301 4883 5942 5130
False
1301
1301
0
True
False
False
7043
7043
7043
2
False

False
False
1830 4686 4150
3814
False
False
False
False
False
9
False
False
1830 4686 4150 3814 4116 8338 3152
7
False
False
False
12
12
1830 4686 4150 3814 4116 8338 3152 6286 9074 2772 9783 6874
10
1830 4686 4150 3814 4116 8338 3152 6286 9074 2772
False
3410
False
3410
9167
False
9986
False
1830 4686 4150 3814 4116 8338 3152 9986
9
7230
1830 4686 4150 3814 4116 8338 3152 9986 2563 892 7230
False
False
False
892
False
False
5
4846
False
False
False
4116
1830 4686 4150 3814 4116
4
1830 4686 4150 3814
False
1830 4686 4150
5
5
9704
5
1830 4686 4150 2861 1435
1830 4686 4150
False
False
1830 4686 976
3
4686
1830
1830
False
1
6957
1830 6957
2
False
True
Empty
True
Empty
1684
False
1684
False
2
False
3130
False
False
2
Empty

Empty
Empty
3616
False
False
6287
False
False
2
6287 6324
6287 6324 9854
3
False
False
False
9112
Empty

2
1068 2854 2803
2803
2803
3
2854
1068
False
6434
1068
False
1068
True

Empty
0


Empty
4747
1
4747
5745
4747 7096 5745 2255
False
False
False
False
True
True
0
True
Empty
Empty
False
False
False
6380
False
5
False
1351 3795 9653 6380 4320
False
False
1351 3795 3229 6970
False
1351 3795 3229 6970
6970
False
False
False
3229
3
False
False
False
True
0
0
False
False
1
Empty
False
7032
False

True
False
0

0
False
5854
False
Empty
True
8355
False
3
False
False
False
False
8355
False
False
8355
False
False
False
8355 1744 1728
False
8355 1744 1728 8366
8355 1744 1728
1744
6510
8355 1744 4283 924 7444
False
8355 1744 4283 924 7444
8355 1744 4283 924 7444 2132 2581
8355 1744 4283 924 7444 2132 2581
False
7
2581
6
2132
6
False
2961
8355 1744 4283 924 7444 2132 971 2961
8
False
4
8428
8428
False
False
8428
False
8355 1744 4283 8428
8355 1744 4283 8428
False
4
False
8355 1744 4283 8428
5
False
94
8355 1744 4283 8428 140
False
9215
7
8355 1744 4283 8428 140 272 9215
False
5
3
False
8355 1744 8476 1413 1015
False
False
6504
False
False
7
6504
False
False
8355 1744 8476 1413 1015 8718
False
8355 1744 8476 1413 1015 8718 8926
6
False
6
8718
8718
False
5
False
False
False
8355 1744 8476 1413 1015 7615
1413
False
8476
False
False
8355 1744 8476 6258
6258
6258
2
False
82
False
False
4
False
8355 1336 8301 5643
5643
8355 1336 8301 5643 1236 5389
5389
False
8355 1336 8301 5643 1236
8355 1336 8301 5643 1236 9608
8355 1336 8301 5643 1236
False
False
8355 1336 8301 5643 1236
6
4766
4
False
8355 1336 8301 5643
8355 1336 8301
2
1336
False
3
False
False
2
2
8355 6715
False
8355 6715
8355 6715
False
2
False
False
3
4028 6199 1536
1536
4028 6199
False
False
4028 8152 3637
4028 8152 3637
False
1981
False
4
3637
3
False
1
0


False
8586
False
False
1
False

Empty
Empty
True
True

Empty
3
3
False
False
6652 5568 833
False
9487
0
False
2
False
False
6906
6906 314
False
6906 314
2
5
8566
6906 314 8951 6418 8566
6
False
6992
6906 314 1398
1398
False
False
6
False
6906 314 1398 3337 8256
8256
False
6906 314 1398 3337 8256 3000 6097 8083 1118
6906 314 1398 3337 8256 3000 6097 8083 1118 1222
10
False
1118
1118
6906 314 1398 3337 8256 3000 6097 8083 1118 2959
6906 314 1398 3337 8256 3000 6097 8083 1118 3359
12
False
6906 314 1398 3337 8256 3000 6097 8083 1118 3359
False
False
5444
12
False
False
4919
4919
4919
False
5883
False
6906 314 1398 3337 8256 3000 6097 8083 1118 9799 4195 470 5034 2303
False
False
False
18
6906 314 1398 3337 8256 3000 6097 8083 1118 9799 4195 470 5034 2303 8551 3476 3405
False
6906 314 1398 3337 8256 3000 6097 8083 1118 9799 4195 470 5034 2303 8551 3476 3405 255 9829
19
3405
6906 314 1398 3337 8256 3000 6097 8083 1118 9799 4195 470 5034 2303 8551 3476 3405
False
17
3405
19
19
3247
6906 314 1398 3337 8256 3000 6097 8083 1118 9799 4195 470 5034 2303 8551 3476 3405 7253 7288 7516 9375
6906 314 1398 3337 8256 3000 6097 8083 1118 9799 4195 470 5034 2303 8551 3476 3405 7253 7288 7516
False
7516
7516
20
False
7516
6906 314 1398 3337 8256 3000 6097 8083 1118 9799 4195 470 5034 2303 8551 3476 3405 7253 7288 8922 2554
False
False
23
False
False
3541
22
False
23
False
23
False
6115
6115
False
False
6906 314 1398 3337 8256 3000 6097 8083 1118 9799 4195 470 5034 2303 8551 3476 3405 7253 7288 8922 2554
6906 314 1398 3337 8256 3000 6097 8083 1118 9799 4195 470 5034 2303 8551 3476 3405 7253 7288 8922 2554
2554
1188
False
22
6906 314 1398 3337 8256 3000 6097 8083 1118 9799 4195 470 5034 2303 8551 3476 3405 7253 7288 8922 2554 1188
22
22
6906 314 1398 3337 8256 3000 6097 8083 1118 9799 4195 470 5034 2303 8551 3476 3405 7253 7288 8922 2554 8945
False
23
False
8190
False
False
False
False
False
False
False
22
False
False
21
1720
False
False
22
22
6906 314 1398 3337 8256 3000 6097 8083 1118 9799 4195 470 5034 2303 8551 3476 3405 7253 7288 8922 1720 6520
22
False
False
False
False
1720
6906 314 1398 3337 8256 3000 6097 8083 1118 9799 4195 470 5034 2303 8551 3476 3405 7253 7288 8922 1720
False
20
7288
7288
19
6906 314 1398 3337 8256 3000 6097 8083 1118 9799 4195 470 5034 2303 8551 3476 3405 7253 7288
9022
18
6906 314 1398 3337 8256 3000 6097 8083 1118 9799 4195 470 5034 2303 8551 3476 9022 6075
6906 314 1398 3337 8256 3000 6097 8083 1118 9799 4195 470 5034 2303 8551 3476 9022 6075 4180
4180
False
False
21
False
7488
7488
6906 314 1398 3337 8256 3000 6097 8083 1118 9799 4195 470 5034 2303 8551 3476 9022 6075 4180 8262 7488 3099
False
False
6906 314 1398 3337 8256 3000 6097 8083 1118 9799 4195 470 5034 2303 8551 3476 9022 6075 4180 8262 7488 3099
6906 314 1398 3337 8256 3000 6097 8083 1118 9799 4195 470 5034 2303 8551 3476 9022 6075 4180 8262 7488 3099
False
7488
19
6906 314 1398 3337 8256 3000 6097 8083 1118 9799 4195 470 5034 2303 8551 3476 9022 6075 4180 209
20
20
6906 314 1398 3337 8256 3000 6097 8083 1118 9799 4195 470 5034 2303 8551 3476 9022 6075 4180
6075
6906 314 1398 3337 8256 3000 6097 8083 1118 9799 4195 470 5034 2303 8551 3476 9022 6075
False
6075
6906 314 1398 3337 8256 3000 6097 8083 1118 9799 4195 470 5034 2303 8551 3476
18
6906 314 1398 3337 8256 3000 6097 8083 1118 9799 4195 470 5034 2303 8551 3476 3029 4873 5728
False
False
20
6906 314 1398 3337 8256 3000 6097 8083 1118 9799 4195 470 5034 2303 8551 3476 3029 4873 5728 5689
5689
False
21
False
False
False
False
False
6906 314 1398 3337 8256 3000 6097 8083 1118 9799 4195 470 5034 2303 8551 3476 3029 4873 5728 3354 248 9183 754
6906 314 1398 3337 8256 3000 6097 8083 1118 9799 4195 470 5034 2303 8551 3476 3029 4873 5728 3354 248 9183 7983
6906 314 1398 3337 8256 3000 6097 8083 1118 9799 4195 470 5034 2303 8551 3476 3029 4873 5728 3354 248 9183 7983
False
False
False
False
False
False
7983
6906 314 1398 3337 8256 3000 6097 8083 1118 9799 4195 470 5034 2303 8551 3476 3029 4873 5728 3354 248
248
False
False
6906 314 1398 3337 8256 3000 6097 8083 1118 9799 4195 470 5034 2303 8551 3476 3029 4873 5728 3354 248 3724
False
False
248
False
248
22
False
False
False
6906 314 1398 3337 8256 3000 6097 8083 1118 9799 4195 470 5034 2303 8551 3476 3029 4873 5728 3354 248 7071 4377 8214 1323
False
False
4722
False
6906 314 1398 3337 8256 3000 6097 8083 1118 9799 4195 470 5034 2303 8551 3476 3029 4873 5728 3354 248 7071 4377 8214 1323 4722
29
False
6906 314 1398 3337 8256 3000 6097 8083 1118 9799 4195 470 5034 2303 8551 3476 3029 4873 5728 3354 248 7071 4377 8214 1323 4722 4781
6062
4377
6906 314 1398 3337 8256 3000 6097 8083 1118 9799 4195 470 5034 2303 8551 3476 3029 4873 5728 3354 248 7071 4377
False
22
False
6906 314 1398 3337 8256 3000 6097 8083 1118 9799 4195 470 5034 2303 8551 3476 3029 4873 5728 3354 248 7071
False
22
6906 314 1398 3337 8256 3000 6097 8083 1118 9799 4195 470 5034 2303 8551 3476 3029 4873 5728 3354 248 7071
False
False
6906 314 1398 3337 8256 3000 6097 8083 1118 9799 4195 470 5034 2303 8551 3476 3029 4873 5728 3354 248 7071 9007 1108
7800
27
4311
False
6906 314 1398 3337 8256 3000 6097 8083 1118 9799 4195 470 5034 2303 8551 3476 3029 4873 5728 3354 248 7071 9007 1108 4975 7800 4422 8445 4311
4311
4311
8445
6906 314 1398 3337 8256 3000 6097 8083 1118 9799 4195 470 5034 2303 8551 3476 3029 4873 5728 3354 248 7071 9007 1108 4975 7800 4422 8445 6703
29
False
33
6906 314 1398 3337 8256 3000 6097 8083 1118 9799 4195 470 5034 2303 8551 3476 3029 4873 5728 3354 248 7071 9007 1108 4975 7800 4422 8445 5691 4643 33
33
False
False
6906 314 1398 3337 8256 3000 6097 8083 1118 9799 4195 470 5034 2303 8551 3476 3029 4873 5728 3354 248 7071 9007 1108 4975 7800 4422 8445 2161
False
False
2161
False
False
False
False
30
6906 314 1398 3337 8256 3000 6097 8083 1118 9799 4195 470 5034 2303 8551 3476 3029 4873 5728 3354 248 7071 9007 1108 4975 7800 4422 8445 1207 7122 860 5226
False
5
False
False
258
6906 314 1398 3337 8256 3000 6097 8083 1118 9799 4195 470 5034 2303 8551 3476 3029 4873 5728 3354 248 7071 9007 1108 4975 7800 4422 8445 1207 7122 860 5226 5
False
False
False
False
32
False
False
6906 314 1398 3337 8256 3000 6097 8083 1118 9799 4195 470 5034 2303 8551 3476 3029 4873 5728 3354 248 7071 9007 1108 4975 7800 4422 8445 1207 7122 860 5226 77
False
False
32
False
False
False
30
29
False
8445
False
27
False
False
False
6906 314 1398 3337 8256 3000 6097 8083 1118 9799 4195 470 5034 2303 8551 3476 3029 4873 5728 3354 248 7071 9007 1108 4975 7800 1673 2953
28
False
6906 314 1398 3337 8256 3000 6097 8083 1118 9799 4195 470 5034 2303 8551 3476 3029 4873 5728 3354 248 7071 9007 1108 4975 7800 1673
6906 314 1398 3337 8256 3000 6097 8083 1118 9799 4195 470 5034 2303 8551 3476 3029 4873 5728 3354 248 7071 9007 1108 4975 7800 1673
6906 314 1398 3337 8256 3000 6097 8083 1118 9799 4195 470 5034 2303 8551 3476 3029 4873 5728 3354 248 7071 9007 1108 4975 7800 1673
6981
6906 314 1398 3337 8256 3000 6097 8083 1118 9799 4195 470 5034 2303 8551 3476 3029 4873 5728 3354 248 7071 9007 1108 4975 7800 1673 6981
6981
False
6906 314 1398 3337 8256 3000 6097 8083 1118 9799 4195 470 5034 2303 8551 3476 3029 4873 5728 3354 248 7071 9007 1108 4975 7800 1673 6981
6906 314 1398 3337 8256 3000 6097 8083 1118 9799 4195 470 5034 2303 8551 3476 3029 4873 5728 3354 248 7071 9007 1108 4975 7800 1673 6981
6981
False
False
1673
False
25
False
25
False
26
6906 314 1398 3337 8256 3000 6097 8083 1118 9799 4195 470 5034 2303 8551 3476 3029 4873 5728 3354 248 7071 9007 1108 3040 6980 9421
False
6980
28
False
False
False
27
False
27
6906 314 1398 3337 8256 3000 6097 8083 1118 9799 4195 470 5034 2303 8551 3476 3029 4873 5728 3354 248 7071 9007 5041 503 3390 7292
False
False
3390
5041
False
24
False
False
6906 314 1398 3337 8256 3000 6097 8083 1118 9799 4195 470 5034 2303 8551 3476 3029 4873 5728 3354 248 7071 9007 5041
False
False
6906 314 1398 3337 8256 3000 6097 8083 1118 9799 4195 470 5034 2303 8551 3476 3029 4873 5728 3354 248 7071 9007 5041 138 6835 306 1594 1148
6906 314 1398 3337 8256 3000 6097 8083 1118 9799 4195 470 5034 2303 8551 3476 3029 4873 5728 3354 248 7071 9007 5041 138 6835 306 1594 1148
1594
1594
6906 314 1398 3337 8256 3000 6097 8083 1118 9799 4195 470 5034 2303 8551 3476 3029 4873 5728 3354 248 7071 9007 5041 138 6835 306 1594
False
False
6906 314 1398 3337 8256 3000 6097 8083 1118 9799 4195 470 5034 2303 8551 3476 3029 4873 5728 3354 248 7071 9007 5372
False
24
6906 314 1398 3337 8256 3000 6097 8083 1118 9799 4195 470 5034 2303 8551 3476 3029 4873 5728 3354 248 7071 9007
23
False
20
False
False
4873
False
False
False
6906 314 1398 3337 8256 3000 6097 8083 1118 9799 4195 470 5034 2303 8551 3476 3029 4873
4873
6906 314 1398 3337 8256 3000 6097 8083 1118 9799 4195 470 5034 2303 8551 3476 3029 4873
18
False
7550
6906 314 1398 3337 8256 3000 6097 8083 1118 9799 4195 470 5034 2303 8551 3476 3029 4873 8963 413 7550
8551
16
6906 314 1398 3337 8256 3000 6097 8083 1118 9799 4195 470 5034 2303 8551 75
6906 314 1398 3337 8256 3000 6097 8083 1118 9799 4195 470 5034 2303 8551
2303
6906 314 1398 3337 8256 3000 6097 8083 1118 9799 4195 470 5034 2303
8352
False
False
8352
False
15
2303
False
12
False
6906 314 1398 3337 8256 3000 6097 8083 1118 9799 8147
False
False
8083
False
False
8083
False
False
9
9
9
4049
7605
11
False
False
10
6906 314 1398 3337 8256 3000 6097 8083 4049 4700
4700
False
False
3046
555
False
False
6
8256
False
False
6906 314 1398 3337 8256 2719
False
2983
False
False
8
8640
11
2875
6906 314 1398 3337 8256 2719 5109 6281 1904 2875
False
1904
2
3
False
False
6906 3327 7472
False
6620
False
False
5
False
False
False
6906 3327 7472 3899 6620 4232 4230
False
6906 3327 7472 3899 6620 1301
1301
False
7
False
False
6906 3327 7472 3899 6620 1301
6906 3327 7472 3899 6620 1301
False
1301
False
False
False
6
6
6906 3327 7472 3899 6620
False
6906 3327 7472 3899
4
7698
False
6906 3327 7472 3899 5276 8117
8117
8117
False
6906 3327 7472 3899 5276
False
6906 3327 7472 3899 6275
6
6
6275
5
5
False
False
6906 3327 7472 3899 9936 5059 3867
False
6
6
7
6906 3327 7472 3899 9936 5059 8863
5
False
False
3899
7472
False
3327
False
8640
Empty

False
False
1428
1
Empty
False


0
0
1
1
7640
0

False
Empty
Empty
False
Empty

6
6
5
5
6408 7482 5106 2310 7374
False
False
6408 7482
7482
6408 7482
1
6408 5841 2307
False
6408
False
False
False
0
True
0
False
Empty
True
1
False
False
6549
4
2
2
2
2635 3736
False
4
False
2635 9058
2
8917
2635
False




False
2
False
False
1
Empty
0
False
166 7301
False
False
773
2054
166 7301 4474 1089 7371 773 2054
7
False
166 7301 4474 1089 7371 773 2054
2054
166 7301 4474 1089 7371 773 1658
166 7301 4474 1089
166 7301 4474 1089
166 7301 4474 1089
166 7301 4474 5734
4
166 7301 4474 5734
False
7
166 7301 4474 5734 5293 813 191
191
False
False
813
False
6
False
949
False
166 7301 4474 5734 5293 813
False
False
9269
166 7301 4474 5734 5293 813 360 2901 9269
False
9619
9619
9
9
False
False
False
False
166 7301 4474 5734 5293 813 360 2901 6596 537 3213
166 7301 4474 5734 5293 813 360 2901 6596 537
166 7301 4474 5734 5293 813 360 2901 6596 537
10
10
3592
3592
166 7301 4474 5734 5293 813 360 2901 6596 613 1894
False
False
False
9
False
8
166 7301 4474 5734 5293 813 360 2901
False
9731
8
5978
False
166 7301 4474 5734 5293 813 360
7
360
166 7301 4474 5734 5293 813 360
9
166 7301 4474 5734 5293 813 360 1866 2590
False
False
8
8
False
False
9255
False
166 7301 4474 5734 5293 813
False
False
166 7301 4474 5734 5293 813
166 7301 4474 5734 5293 1311 424
False
False
False
166 7301 4474 5734 5293 1311 424 1670
166 7301 4474 5734 5293 1311 424 1670
False
False
1670
8
False
8
424
False
5
False
4474
4474
4474
False
3
False
166 7301 4474
3
False
False
3
False
False
3
7301
4120
False
3235
3235
1570
False
False
7
166 4120 3235 6854 4066 8336 1570
7
7
7
False
False
False
12
3914
False
False
166 4120 3235 6854 4066 8336 1570 9876 2736 8543 4883 4413 3914
3914
False
166 4120 3235 6854 4066 8336 1570 9876 2736 8543 4883 4413 3914 9000
166 4120 3235 6854 4066 8336 1570 9876 2736 8543 4883 4413 3914 9000
166 4120 3235 6854 4066 8336 1570 9876 2736 8543 4883 4413 3914 9000
166 4120 3235 6854 4066 8336 1570 9876 2736 8543 4883 4413 3914 9000
False
False
False
9000
9000
False
17
False
False
False
False
False
20
166 4120 3235 6854 4066 8336 1570 9876 2736 8543 4883 4413 3914 9000 9726 2520 7472 2200
False
396
False
False
4853
False
False
9950
False
6804
6804
6804
17
False
1183
False
18
False
False
166 4120 3235 6854 4066 8336 1570 9876 2736 8543 4883 4413 3914 9000 9726 1183 8318 6336 2768 7637 2041
2041
166 4120 3235 6854 4066 8336 1570 9876 2736 8543 4883 4413 3914 9000 9726 1183 8318 6336 2768 7394
8318
8318
166 4120 3235 6854 4066 8336 1570 9876 2736 8543 4883 4413 3914 9000 9726 1183 8318
8318
False
5199
5199
18
166 4120 3235 6854 4066 8336 1570 9876 2736 8543 4883 4413 3914 9000 9726 1183
False
False
889
False
False
166 4120 3235 6854 4066 8336 1570 9876 2736 8543 4883 4413 3914 9000 9726 1183
False
166 4120 3235 6854 4066 8336 1570 9876 2736 8543 4883 4413 3914 9000 9726 1183 5788
False
14
166 4120 3235 6854 4066 8336 1570 9876 2736 8543 4883 4413 3914 9000 7574
False
False
516
4842
166 4120 3235 6854 4066 8336 1570 9876 2736 8543 4883 4413 3914 9000 7574 719 1016 5256
False
166 4120 3235 6854 4066 8336 1570 9876 2736 8543 4883 4413 3914 9000 7574 719 1016 5256 6220 522
522
19
166 4120 3235 6854 4066 8336 1570 9876 2736 8543 4883 4413 3914 9000 7574 719 1016 5256
166 4120 3235 6854 4066 8336 1570 9876 2736 8543 4883 4413 3914 9000 7574 719 1016 2125
166 4120 3235 6854 4066 8336 1570 9876 2736 8543 4883 4413 3914 9000 7574 719 1016 2125 5019
19
False
False
False
False
166 4120 3235 6854 4066 8336 1570 9876 2736 8543 4883 4413 3914 9000 7574 719 1016
False
166 4120 3235 6854 4066 8336 1570 9876 2736 8543 4883 4413 3914 9000 9436
False
False
False
17
16
False
166 4120 3235 6854 4066 8336 1570 9876 2736 8543 4883 4413 3914 9000 9436 6307 2176
17
False
166 4120 3235 6854 4066 8336 1570 9876 2736 8543 4883 4413 3914 9000 9436 6307 2176
166 4120 3235 6854 4066 8336 1570 9876 2736 8543 4883 4413 3914 9000 9436 6307 2176
False
2176
166 4120 3235 6854 4066 8336 1570 9876 2736 8543 4883 4413 3914 9000 9436 6307 5445
False
False
5445
False
6307
7194
166 4120 3235 6854 4066 8336 1570 9876 2736 8543 4883 4413 3914 9000 9436 6307 6135 7194 5527
False
19
7194
19
False
166 4120 3235 6854 4066 8336 1570 9876 2736 8543 4883 4413 3914 9000 9436 6307 6135 7194 2211
166 4120 3235 6854 4066 8336 1570 9876 2736 8543 4883 4413 3914 9000 9436 6307 6135 7194 2211 2036
False
False
18
False
166 4120 3235 6854 4066 8336 1570 9876 2736 8543 4883 4413 3914 9000 9436 6307 2219
False
166 4120 3235 6854 4066 8336 1570 9876 2736 8543 4883 4413 3914 9000 9436 6307 2219
False
False
False
False
15
9436
166 4120 3235 6854 4066 8336 1570 9876 2736 8543 4883 4413 3914 9000 9436
False
False
166 4120 3235 6854 4066 8336 1570 9876 2736 8543 4883 4413 4732
False
False
166 4120 3235 6854 4066 8336 1570 9876 2736 8543 4883 4413
12
False
False
False
False
2094
166 4120 3235 6854 4066 8336 1570 9876 2736 6856 8540 8553 2094
False
False
9753
False
15
7347
7068
166 4120 3235 6854 4066 8336 1570 9876 2736 6856 5729 9753 5400 7469 6158 9437 7347 7068
7347
166 4120 3235 6854 4066 8336 1570 9876 2736 6856 5729 9753 5400 7469 6158 9437 7347 8876
166 4120 3235 6854 4066 8336 1570 9876 2736 6856 5729 9753 5400 7469 6158 9437 7347
9437
166 4120 3235 6854 4066 8336 1570 9876 2736 6856 5729 9753 5400 7469 6158 9437
9437
7626
False
8417
166 4120 3235 6854 4066 8336 1570 9876 2736 6856 5729 9753 5400 7469 6158 9437 7626 8417 6869
False
False
False
18
166 4120 3235 6854 4066 8336 1570 9876 2736 6856 5729 9753 5400 7469 6158 9437 7626 8417
7626
166 4120 3235 6854 4066 8336 1570 9876 2736 6856 5729 9753 5400 7469 6158 9437 7626
False
166 4120 3235 6854 4066 8336 1570 9876 2736 6856 5729 9753 5400 7469 6158 9437
9437
16
16
False
False
False
15
19
166 4120 3235 6854 4066 8336 1570 9876 2736 6856 5729 9753 5400 7469 6158 5067 6733 9525 5547 2954 9737 9833
795
False
24
False
24
23
23
24
7933
7933
7933
24
7933
26
False
166 4120 3235 6854 4066 8336 1570 9876 2736 6856 5729 9753 5400 7469 6158 5067 6733 9525 5547 2954 9737 9833 1127 7933 8168 3466 2632
27
166 4120 3235 6854 4066 8336 1570 9876 2736 6856 5729 9753 5400 7469 6158 5067 6733 9525 5547 2954 9737 9833 1127 7933 8168 3466 3258
4446
False
False
False
False
27
5790
False
166 4120 3235 6854 4066 8336 1570 9876 2736 6856 5729 9753 5400 7469 6158 5067 6733 9525 5547 2954 9737 9833 1127 7933 8168 3466 2756 5790 9506 9823
30
False
166 4120 3235 6854 4066 8336 1570 9876 2736 6856 5729 9753 5400 7469 6158 5067 6733 9525 5547 2954 9737 9833 1127 7933 8168 3466 2756 5790 9506 9823
166 4120 3235 6854 4066 8336 1570 9876 2736 6856 5729 9753 5400 7469 6158 5067 6733 9525 5547 2954 9737 9833 1127 7933 8168 3466 2756 5790 9506 9823
False
8866
False
6928
31
False
28
False
25
25
166 4120 3235 6854 4066 8336 1570 9876 2736 6856 5729 9753 5400 7469 6158 5067 6733 9525 5547 2954 9737 9833
9833
9737
False
False
19
False
False
False
False
166 4120 3235 6854 4066 8336 1570 9876 2736 6856 5729 9753 5400 7469 6158 5067 6733 5851
18
166 4120 3235 6854 4066 8336 1570 9876 2736 6856 5729 9753 5400 7469 6158 5067 6733 5851
False
2415
18
18
18
166 4120 3235 6854 4066 8336 1570 9876 2736 6856 5729 9753 5400 7469 6158 5067
166 4120 3235 6854 4066 8336 1570 9876 2736 6856 5729 9753 5400 7469 6158 5067
166 4120 3235 6854 4066 8336 1570 9876 2736 6856 5729 9753 5400 7469 6158 1678
16
13
False
166 4120 3235 6854 4066 8336 1570 9876 2736 6856 5729 9753 5400
13
5400
202
1844
13
False
2466
False
166 4120 3235 6854 4066 8336 1570 9876 2736 6856 5729 9753 5400 3969 2466 5063 220
False
166 4120 3235 6854 4066 8336 1570 9876 2736 6856 5729 9753 5400 3969 2466 5063 220
False
3969
5729
False
9
9
166 4120 3235 6854 4066 8336 1570 9876 2736
False
9
False
166 4120 3235 6854 4066 8336 1570 9876 9849 5350 7101
166 4120 3235 6854 4066 8336 1570 9876 9849 5350 7101
False
False
False
4408
4408
8543
False
False
False
16
18
166 4120 3235 6854 4066 8336 1570 9876 9849 5350 7101 4408 1877 3746 9124 1093 7017 8541
False
False
False
7017
166 4120 3235 6854 4066 8336 1570 9876 9849 5350 7101 4408 1877 3746 9124 1093 7017
1093
1093
False
17
166 4120 3235 6854 4066 8336 1570 9876 9849 5350 7101 4408 1877 3746 9124 1093 1681
15
False
False
False
166 4120 3235 6854 4066 8336 1570 9876 9849 5350 7101 4408 1877 3746 1228
16
166 4120 3235 6854 4066 8336 1570 9876 9849 5350 7101 4408 1877 3746 1228 2946
18
18
False
166 4120 3235 6854 4066 8336 1570 9876 9849 5350 7101 4408 1877 3746 1228 2946 7691 2795
False
False
False
166 4120 3235 6854 4066 8336 1570 9876 9849 5350 7101 4408 1877 3746 1228 2946 7691 2795 2375 4875
20
False
19
False
False
18
8264
False
8264
False
20
7032
21
21
6333
166 4120 3235 6854 4066 8336 1570 9876 9849 5350 7101 4408 1877 3746 1228 2946 7691 2795 7032
False
7032
166 4120 3235 6854 4066 8336 1570 9876 9849 5350 7101 4408 1877 3746 1228 2946 7691 2795 7032
False
19
166 4120 3235 6854 4066 8336 1570 9876 9849 5350 7101 4408 1877 3746 1228 2946 7691 2795 7032
False
19
False
21
False
False
21
False
False
166 4120 3235 6854 4066 8336 1570 9876 9849 5350 7101 4408 1877 3746 1228 2946 7691 2795 7032
False
7032
166 4120 3235 6854 4066 8336 1570 9876 9849 5350 7101 4408 1877 3746 1228 2946 7691 2795
18
False
2795
18
166 4120 3235 6854 4066 8336 1570 9876 9849 5350 7101 4408 1877 3746 1228 2946 7691 2795
18
2795
False
166 4120 3235 6854 4066 8336 1570 9876 9849 5350 7101 4408 1877 3746 1228 2946 7691
17
18
1050
False
1636
1636
False
166 4120 3235 6854 4066 8336 1570 9876 9849 5350 7101 4408 1877 3746 1228 2946 7691 2592 3188
False
2592
18
False
False
7306
166 4120 3235 6854 4066 8336 1570 9876 9849 5350 7101 4408 1877 3746 1228 2946 8368 7306
False
17
False
166 4120 3235 6854 4066 8336 1570 9876 9849 5350 7101 4408 1877 3746 1228 2946 8368
8368
16
166 4120 3235 6854 4066 8336 1570 9876 9849 5350 7101 4408 1877 3746 1228 2946
False
False
False
False
15
False
166 4120 3235 6854 4066 8336 1570 9876 9849 5350 7101 4408 1877 3746 1228
166 4120 3235 6854 4066 8336 1570 9876 9849 5350 7101 4408 1877 3746 1228 7915 3025
17
1811
False
9636
False
False
1811
False
166 4120 3235 6854 4066 8336 1570 9876 9849 5350 7101 4408 1877 3746 1228 7915 3025
19
19
6353
6353
False
False
False
False
6353
False
21
17
False
6505
False
False
166 4120 3235 6854 4066 8336 1570 9876 9849 5350 7101 4408 1877 3746 1228 7915
166 4120 3235 6854 4066 8336 1570 9876 9849 5350 7101 4408 1877 3746 1228
False
166 4120 3235 6854 4066 8336 1570 9876 9849 5350 7101 4408 1877 3746 1228
False
1228
166 4120 3235 6854 4066 8336 1570 9876 9849 5350 7101 7330
12
False
166 4120 3235 6854 4066 8336 1570 9876 9849
9849
False
False
9849
False
9
166 4120 3235 6854 4066 8336 1570 3123 639
False
166 4120 3235 6854 4066 8336 1570 3123
8
8
False
1570
False
False
False
7
7
False
166 4120 3235 6854 4066 8336 1951
166 4120 3235 6854 4066 8336 1951
False
False
166
1
False
Empty
0
False
False
5551 9901 2743 5211
False
False
False
False
4
False
False
5
2
False
False
5551 9901 3668 8651 3027
False
5551 9901 3668 8651 3027 6801
5551 9901 3668 8651 3027
4
False
3
False
2
4
4
2885
4
5
False
False
5551 9901 607 2885 6597
6597
5
False
False
4
5551 9901 607 5950
5551 9901 607 5950
4
4
False
False
2
5551
Empty

True
Empty


False
Empty

5425
5425
Empty
Empty
True

Empty

Empty
Empty
185 1795
1795
185


False
True
False
False
7143
5682
False
1
Empty

False
5423
2722
1
2722

True

True
Empty

Empty
Empty
False
8111
8111
False
False
8499
False
1
0
True
False
4349 3162 5656
4349 3162 5656 4428
4
6
False
4349 3162 5656 4428 6851 3200 6579
False
False
4349 3162 5656 4428 6851
4428
False
4349 3162 5656 4428 3363
5
False
4349 3162 5656 4428 3363 2437
False
False
4349 3162 5656 4428 3363 2437
False
7
4349 3162 5656 4428 3363 2437 5777 1271
4349 3162 5656 4428 3363 2437 5777 1271
1271
8
False
2240
7
False
8
4349 3162 5656 4428 3363 2437 2240
False
False
4349 3162 5656 4428 3363 2437
False
219
7
5696
False
2
False
False
2314
False
9729
9729
False
6
False
False
False
False
False
4349 3162 4313 1624 1418 2579 1903
4349 3162 4313 1624 1418 2579 1903
4349 3162 4313 1624 1418 2579 1903 8954
False
8
4349 3162 4313 1624 1418 2579 1903 8954
2579
5745
4349 3162 4313 1624 1418 2579 7786 5745
9882
4910
False
False
4910
12
4349 3162 4313 1624 1418 2579 7786 5745 9882 4910 4629 690
5288
4349 3162 4313 1624 1418 2579 7786 5745 9882 4910 4629 690 5288
4349 3162 4313 1624 1418 2579 7786 5745 9882 4910
10
False
False
False
False
False
False
False
2425
4349 3162 4313 1624 1418 2579 7786 5745 2425
9
False
False
11
11
4349 3162 4313 1624 1418 2579 7786 3651 6205
10
False
False
4349 3162 4313 1624 1418 2579 7786 3651 6084
4349 3162 4313 1624 1418 2579 7786 3651 6084
4349 3162 4313 1624 1418 2579 7786 3651 6084
False
False
7
4349 3162 4313 1624 1418 2579 7786
7786
4349 3162 4313 1624 1418 2579
False
4349 3162 4313 1624 1418 2579 1197
1197
False
False
6
False
7
3374
3374
7
False
4349 3162 4313 1624 1418 2579 3374 1063
False
False
4349 3162 4313 1624 1418 2579 3374 1063 5864
5864
5864
False
False
False
False
2579
6
4349 3162 4313 1624 1418 2579
False
False
7
7
False
4349 3162 4313 1624 1418 2579 7557 8681 2459
2459
2459
6710
11
2040
False
False
False
9566
4349 3162 4313 1624 1418 2579 7557 8681 2459 995 6710 2040 9566
9566
9566
False
9566
False
4349 3162 4313 1624 1418 2579 7557 8681 2459 995 7377
False
False
10
False
7557
6
4349 3162 4313 1624 1418 2579
4349 3162 4313 1624 1418
False
False
10
False
False
False
False
False
False
False
11
