False
1
7812 
3188 
False
False
False
False
3188 5294 
False
False
3188 5294 9951 1593 
False
False
False
False
5
5
3188 5294 9951 1593 9807 6633 8729 3382 
False
7
False
7
False
False
3
2
False
Empty
0
False
False
False
5250 3395 
False
False
Empty
Empty
Empty
False

False
1
False
False
False
Empty
False
False
False
0

False
1
3620 
Empty
Empty
Empty
1
79 
1
3
False
False
4
False
False
79 1300 9203 6113 
3
3
False
False
79 3319 
Empty
Empty
False

Empty
6848 
5085 
5085 
False
0
Empty
1552 
False
Empty
False
False
673 5243 
False
False
673 
Empty
Empty

True
Empty
3
False
False
3
False
False
Empty
Empty
Empty
False
Empty
False
False
1
4923 6707 
4923 
1
False
False
False
2
False
Empty
True

Empty
Empty
False
7169 7826 
7169 7826 8486 
False
7169 7826 8486 8538 9958 
False
7169 7826 8486 8538 9958 6734 
6
7169 7826 8486 8538 9958 6734 6606 2471 
False
7
7169 7826 8486 8538 9958 6734 
False
False
False
5
7169 7826 8486 8538 7587 
7169 7826 8486 8538 
False
4
7169 7826 8486 8538 
4
False
False
False
5
False
4
7169 7826 8486 8538 1071 
7169 7826 8486 8538 
False
False
7169 7826 8486 8538 7228 
6
7169 7826 8486 8538 7228 4250 4858 1684 
False
False
False
7169 7826 8486 8538 7228 4250 
7169 7826 8486 8538 7228 4250 
False
7169 7826 8486 8538 7228 4250 7361 3567 
8
7169 7826 8486 8538 7228 4250 7361 3567 
False
11
7169 7826 8486 8538 7228 4250 7361 3567 7211 2554 
7169 7826 8486 8538 7228 4250 7361 3567 7211 2554 
False
False
False
False
False
7169 7826 8486 8538 7228 4250 7361 3567 7211 9772 4550 7344 1379 
False
False
False
False
False
False
False
8
7
False
False
False
False
False
False
5
False
7
False
7169 7826 9801 703 7735 9512 2648 9155 
8
7169 7826 9801 703 7735 9512 2648 5254 
False
7169 7826 9801 703 5706 
False
7169 7826 5210 3350 
7169 7826 5210 3350 
3
False
7169 7826 795 
4
False
False
10
7169 7826 795 996 1920 1927 5603 1225 2441 4076 6479 
10
False
False
False
False
False
False
7169 7826 795 996 1920 1927 5603 1225 2441 3330 471 4582 
13
15
15
15
7169 7826 795 996 1920 1927 5603 1225 2441 3330 471 4582 995 6345 6167 2979 
15
14
13
False
7169 7826 795 996 1920 1927 5603 1225 2441 3330 471 4582 9414 8512 5572 
16
False
7169 7826 795 996 1920 1927 5603 1225 2441 3330 471 4582 9414 8512 5572 6163 
False
7169 7826 795 996 1920 1927 5603 1225 2441 3330 471 4582 9414 
14
16
16
False
False
7169 7826 795 996 1920 1927 5603 1225 2441 3330 471 4582 9414 
7169 7826 795 996 1920 1927 5603 1225 2441 3330 471 4582 9414 
15
False
False
False
False
7169 7826 795 996 1920 1927 5603 1225 2441 3330 471 4582 9414 3815 3545 
7169 7826 795 996 1920 1927 5603 1225 2441 3330 471 4582 9414 3815 3545 2128 
7169 7826 795 996 1920 1927 5603 1225 2441 3330 471 4582 9414 3815 3545 4314 
False
False
False
7169 7826 795 996 1920 1927 5603 1225 2441 3330 471 4582 9414 3852 
False
7169 7826 795 996 1920 1927 5603 1225 2441 3330 471 4582 9414 3852 6192 
7169 7826 795 996 1920 1927 5603 1225 2441 3330 471 4582 9414 3852 6192 9220 
False
15
False
7169 7826 795 996 1920 1927 5603 1225 2441 3330 471 4582 9414 8665 7735 5395 871 2123 
7169 7826 795 996 1920 1927 5603 1225 2441 3330 471 4582 9414 8665 7735 5395 871 2123 
False
18
False
False
False
False
False
20
20
20
7169 7826 795 996 1920 1927 5603 1225 2441 3330 471 4582 9414 8665 7735 5395 871 2123 7592 3181 9179 
21
21
False
7169 7826 795 996 1920 1927 5603 1225 2441 3330 471 4582 9414 8665 7735 5395 871 2123 7592 6178 
7169 7826 795 996 1920 1927 5603 1225 2441 3330 471 4582 9414 8665 7735 5395 871 2123 7592 6178 1669 
False
7169 7826 795 996 1920 1927 5603 1225 2441 3330 471 4582 9414 8665 7735 5395 871 2123 7592 6178 1669 6106 
23
26
False
False
False
False
30
7169 7826 795 996 1920 1927 5603 1225 2441 3330 471 4582 9414 8665 7735 5395 871 2123 7592 6178 1669 6106 3457 217 8041 9555 1433 7505 4354 7376 7430 
False
False
24
24
23
23
22
False
7169 7826 795 996 1920 1927 5603 1225 2441 3330 471 4582 9414 8665 7735 5395 871 2123 7592 6178 1669 6106 
7169 7826 795 996 1920 1927 5603 1225 2441 3330 471 4582 9414 8665 7735 5395 871 2123 7592 6178 1669 6106 
22
21
21
7169 7826 795 996 1920 1927 5603 1225 2441 3330 471 4582 9414 8665 7735 5395 871 2123 7592 4365 
False
False
False
7169 7826 795 996 1920 1927 5603 1225 2441 3330 471 4582 9414 8665 7735 
15
False
7169 7826 795 996 1920 1927 5603 1225 2441 3330 471 4582 9414 1799 7155 
False
False
7169 7826 795 996 1920 1927 5603 1225 2441 3330 471 4582 9414 1799 
7169 7826 795 996 1920 1927 5603 1225 2441 3330 471 4582 9414 1799 
15
False
15
7169 7826 795 996 1920 1927 5603 1225 2441 3330 471 4582 
7169 7826 795 996 1920 1927 5603 1225 2441 3330 471 4582 
False
7169 7826 795 996 1920 1927 5603 1225 2441 3330 471 2337 3767 
False
False
7169 7826 795 996 1920 1927 5603 1225 2441 3330 471 2337 3767 
14
7169 7826 795 996 1920 1927 5603 1225 2441 3330 471 2337 3767 
False
False
7169 7826 795 996 1920 1927 5603 1225 2441 3330 
False
7169 7826 795 996 1920 1927 5603 1225 
6
False
False
False
7169 7826 795 996 1920 4116 7857 
7169 7826 795 996 1920 4116 7857 
8
7169 7826 795 996 1920 4116 7857 4440 
False
False
7169 7826 795 996 1920 4116 7857 4440 2067 1059 6708 
False
False
8
False
8
False
False
7169 7826 795 996 1920 4116 7857 9520 6640 
7169 7826 795 996 1920 4116 7857 9520 
8
7169 7826 795 996 1920 4116 7857 9520 
7
8
False
False
False
False
False
6
7169 7826 795 996 1920 4116 
7169 7826 795 996 1920 
5
4
7169 7826 
False
False
False
752 

Empty
Empty
False
True
False
2
1527 8083 
False
3
1527 8083 
1527 8083 
1527 8083 
False
1527 8083 
False
1527 8083 8738 3209 2630 
False
False
4
False
7
1527 8083 8738 3209 2207 5904 695 4777 
False
8
False
False
False
False
False
1527 8083 8738 3209 2207 5904 695 9642 9553 3615 9459 
False
False
9
1527 8083 8738 3209 2207 5904 695 9642 
False
6
1527 
False
Empty
True
True
Empty
Empty
True
0
True
False
False
Empty
False
True
False
0
False
Empty
False
Empty
Empty
False
False
False
9455 8402 5503 2797 9649 385 
3
4
False

False
0
8210 
8210 

True
6823 
Empty
Empty
False

0
0
Empty
True
Empty

Empty
Empty
False
False
False
Empty
0
Empty
Empty
0

False
False
1
False
2166 
True
False
0
Empty
True
False
0
False

2
1957 519 
False
False
3
1957 519 2753 
2
False
False
1957 519 
1
False
False
1957 2727 
1957 2727 
3
4
1957 2727 6059 5033 1447 
False
1957 2727 6059 3847 
False
1957 2727 6059 3847 
False
1957 2727 6059 3847 
5
False
False
1957 2727 6059 8073 9215 
6
False
6
6
False
False
1957 2727 6059 
1957 2727 6059 
False
False
False
False
0
Empty
0
Empty
Empty

Empty
Empty
4620 4971 
4620 4971 7377 
False
False
False
False
3
2
False
0
Empty
Empty
True
1

Empty

False
False
7849 
False
False
False
False
7849 5973 3699 
3
7849 5973 3699 
False
7849 5973 
0
7545 141 
False
False
False
False
False
False
False
False
False
False
False
False
False
7545 4294 3255 8073 9600 8701 8652 5303 7775 9825 
False
7545 4294 3255 8073 9600 8701 8652 5303 
9
7545 4294 3255 8073 9600 8701 8652 5303 6195 
False
False
False
7
7
False
9
False
False
7545 4294 3255 8073 9600 8701 8652 1039 4552 2858 7422 
7545 4294 3255 8073 9600 8701 8652 1039 4552 2858 
7545 4294 3255 8073 9600 8701 8652 1039 4552 2858 686 
11
11
11
7545 4294 3255 8073 9600 8701 8652 1039 4552 2858 686 4042 1450 2683 
15
7545 4294 3255 8073 9600 8701 8652 1039 4552 2858 686 4042 1450 2683 3000 
16
False
7545 4294 3255 8073 9600 8701 8652 1039 4552 2858 686 4042 1450 2683 8536 1396 595 2280 
False
20
False
19
7545 4294 3255 8073 9600 8701 8652 1039 4552 2858 686 4042 1450 2683 8536 1396 595 2280 
False
21
False
7545 4294 3255 8073 9600 8701 8652 1039 4552 2858 686 4042 1450 2683 8536 1396 595 2280 5115 2509 8845 2543 8004 562 
False
False
7545 4294 3255 8073 9600 8701 8652 1039 4552 2858 686 4042 1450 2683 8536 1396 595 2280 5115 2509 8845 1108 
False
False
False
7545 4294 3255 8073 9600 8701 8652 1039 4552 2858 686 4042 1450 2683 8536 1396 595 2280 5115 2509 
False
7545 4294 3255 8073 9600 8701 8652 1039 4552 2858 686 4042 1450 2683 8536 1396 595 2280 5115 2509 9632 
21
20
False
False
False
7545 4294 3255 8073 9600 8701 8652 1039 4552 2858 686 4042 1450 2683 8536 1396 595 2280 5115 2509 
20
7545 4294 3255 8073 9600 8701 8652 1039 4552 2858 686 4042 1450 2683 8536 1396 595 2280 5037 4467 
False
False
19
False
7545 4294 3255 8073 9600 8701 8652 1039 4552 2858 686 4042 1450 2683 8536 1396 595 2280 
18
False
17
16
False
False
7545 4294 3255 8073 9600 8701 8652 1039 4552 2858 686 4042 1450 2683 1957 3311 
False
7545 4294 3255 8073 9600 8701 8652 1039 4552 2858 686 4042 1450 2683 1957 3311 
False
7545 4294 3255 8073 9600 8701 8652 1039 4552 2858 686 4042 1450 2683 1957 3311 
7545 4294 3255 8073 9600 8701 8652 1039 4552 2858 686 4042 1450 2683 
7545 4294 3255 8073 9600 8701 8652 1039 4552 2858 686 4042 1450 2683 2542 
False
False
10
False
False
10
7545 4294 3255 8073 9600 8701 8652 1039 4552 8697 4221 1136 
12
False
12
7545 4294 3255 8073 9600 8701 8652 1039 4552 8697 4221 8702 
False
7545 4294 3255 8073 9600 8701 8652 1039 4552 8697 
False
15
False
15
7545 4294 3255 8073 9600 8701 8652 1039 4552 8697 1145 2054 449 3612 
7545 4294 3255 8073 9600 8701 8652 1039 4552 8697 1145 2054 449 
7545 4294 3255 8073 9600 8701 8652 1039 4552 8697 1145 2054 449 5935 617 
7545 4294 3255 8073 9600 8701 8652 1039 4552 8697 1145 2054 449 5935 2806 
7545 4294 3255 8073 9600 8701 8652 1039 4552 8697 1145 2054 449 5935 2806 8148 
7545 4294 3255 8073 9600 8701 8652 1039 4552 8697 1145 2054 449 5935 2806 8148 9216 
7545 4294 3255 8073 9600 8701 8652 1039 4552 8697 1145 2054 449 5935 2806 8148 
False
False
7545 4294 3255 8073 9600 8701 8652 1039 4552 8697 1145 2054 449 5935 3810 7672 
16
False
7545 4294 3255 8073 9600 8701 8652 1039 4552 8697 1145 2054 449 5935 3810 7672 
False
False
False
False
False
7545 4294 3255 8073 9600 8701 8652 1039 4552 8697 1145 2054 449 5935 
False
7545 4294 3255 8073 9600 8701 8652 1039 4552 8697 1145 2054 449 
14
False
False
False
7545 4294 3255 8073 9600 8701 8652 1039 4552 8697 2238 
False
7545 4294 3255 8073 9600 8701 8652 1039 5283 9357 1328 2537 3859 
False
False
False
7545 4294 3255 8073 9600 8701 8652 1039 5283 7146 7740 
7545 4294 3255 8073 9600 8701 8652 1039 5283 7146 8241 
11
False
False
False
False
13
False
12
7545 4294 3255 8073 9600 8701 8652 1039 5283 7146 
8
7545 4294 3255 8073 9600 8701 8652 1039 2214 
False
False
10
7545 4294 3255 8073 9600 8701 8652 1039 2214 8900 
10
False
11
False
12
7545 4294 3255 8073 9600 8701 8652 1039 2214 8900 9545 
False
7545 4294 3255 8073 9600 8701 8652 1039 2214 8900 
7545 4294 3255 8073 9600 8701 8652 1039 2214 8900 
7545 4294 3255 8073 9600 8701 8652 1039 2214 8900 
False
9
7545 4294 3255 8073 9600 8701 8652 1039 2214 5545 
False
7545 4294 3255 8073 9600 8701 8652 1039 2214 5545 
9
False
7545 4294 3255 8073 9600 8701 8652 1039 8164 6986 
False
10
10
7545 4294 3255 8073 9600 8701 8652 1039 8164 6986 
7545 4294 3255 8073 9600 8701 8652 1039 8164 6986 
9
False
12
12
False
7545 4294 3255 8073 9600 8701 8652 1039 8164 4723 1331 927 
7545 4294 3255 8073 9600 8701 8652 1039 8164 4723 1331 
7545 4294 3255 8073 9600 8701 8652 1039 8164 4723 
False
False
False
False
7545 4294 3255 8073 9600 8701 8652 1039 8164 434 3236 
False
False
False
9
7545 4294 3255 8073 9600 8701 8652 1039 8164 
7545 4294 3255 8073 9600 8701 8652 1039 8164 
7545 4294 3255 8073 9600 8701 8652 1039 
False
False
7545 4294 3255 
False
2
7545 4294 3230 
False
2
False
False
1
False
7
False
8
8
False
7545 9747 7795 4351 1156 4607 
False
7545 9747 7795 4351 1156 4607 1522 
False
False
False
False
False
False
False
False
5
False
False
False
False
2
7545 
False
Empty
Empty
Empty
0
Empty
False

True
0
Empty
Empty
True
False
False
2
5413 
Empty

0
True
0
Empty
0

4458 
False
4458 6100 
False
2
2
False
False
4458 8201 498 
4
4458 8201 498 7036 
5
4458 8201 498 7036 
4
False
4458 8201 498 7036 6116 3873 4886 
4458 8201 498 7036 6116 3873 8830 5974 8674 
10
False
False
4458 8201 498 7036 7065 
3
False
Empty
0
7802 2892 
False
False
False
False
7802 6939 
False
False
2
7802 
1
False

False
Empty

False
0
False
Empty
Empty
True


False
Empty
False
False
149 7984 4060 7370 
4
4
False
149 7984 
149 7984 
1
1
False
1
False
Empty
Empty

Empty
0
Empty
False
3205 7983 
Empty
Empty
False
5685 4532 
2
2
False
False
Empty
False
False
2
1561 3906 
False
False
False
False
1561 3906 8835 2522 5568 
False
False
False
5
False
5
1561 3906 8835 2522 5302 
False
False
False
False
False
1561 
1
0
Empty
False
False
0
0

0
False
Empty

1
1372 4335 6623 4465 
False
4
False
1372 4335 6623 385 
False
False
False
False
1372 4335 6623 4865 6273 
False
1372 4335 6623 
1372 4335 6623 2599 
4
False
False
False
1372 4335 6623 2599 6641 995 7419 5951 
False
False
False
False
11
1372 4335 6623 2599 6641 995 7419 5951 7019 9085 
1372 4335 6623 2599 6641 995 7419 5951 7019 
1372 4335 6623 2599 6641 995 7419 
1372 4335 6623 2599 6641 995 7419 120 6478 4104 3289 
False
1372 4335 6623 2599 6641 995 7419 120 6478 4104 3289 1082 4070 4522 2239 
False
1372 4335 6623 2599 6641 995 7419 120 6478 4104 3289 1082 4070 4522 2239 4899 4347 8484 4974 3211 
False
False
1372 4335 6623 2599 6641 995 7419 120 6478 4104 3289 1082 4070 4522 2239 4899 4347 8484 4974 3211 1060 3957 
22
False
False
False
False
21
1372 4335 6623 2599 6641 995 7419 120 6478 4104 3289 1082 4070 4522 2239 4899 4347 8484 4974 3211 1060 
21
1372 4335 6623 2599 6641 995 7419 120 6478 4104 3289 1082 4070 4522 2239 4899 4347 8484 4974 3211 1060 
False
False
False
17
17
19
False
18
17
False
False
False
False
15
False
17
1372 4335 6623 2599 6641 995 7419 120 6478 4104 3289 1082 4070 4522 7371 8720 3778 9143 
False
False
19
False
False
False
1372 4335 6623 2599 6641 995 7419 120 6478 4104 3289 1082 4070 4522 7371 8720 3778 9143 7669 4742 
False
18
18
False
21
19
1372 4335 6623 2599 6641 995 7419 120 6478 4104 3289 1082 4070 4522 7371 8720 3778 9143 8548 
False
1372 4335 6623 2599 6641 995 7419 120 6478 4104 3289 1082 4070 4522 7371 8720 3778 
False
1372 4335 6623 2599 6641 995 7419 120 6478 4104 3289 1082 4070 4522 7371 8720 3778 
15
False
False
False
False
1372 4335 6623 2599 6641 995 7419 120 6478 4104 3289 1082 4070 4522 9171 7083 6214 3405 6647 8366 5621 
False
False
1372 4335 6623 2599 6641 995 7419 120 6478 4104 3289 1082 4070 4522 9171 7083 6214 3405 6647 6164 6210 
False
26
1372 4335 6623 2599 6641 995 7419 120 6478 4104 3289 1082 4070 4522 9171 7083 6214 3405 6647 6164 6210 257 4863 7198 344 9040 
False
1372 4335 6623 2599 6641 995 7419 120 6478 4104 3289 1082 4070 4522 9171 7083 6214 3405 6647 6164 6210 257 4863 
23
False
24
1372 4335 6623 2599 6641 995 7419 120 6478 4104 3289 1082 4070 4522 9171 7083 6214 3405 6647 6164 6210 257 4863 3478 
False
False
False
False
False
1372 4335 6623 2599 6641 995 7419 120 6478 4104 3289 1082 4070 4522 9171 7083 6214 3405 6647 6164 6210 257 4863 3478 7604 7053 1513 
1372 4335 6623 2599 6641 995 7419 120 6478 4104 3289 1082 4070 4522 9171 7083 6214 3405 6647 6164 6210 257 4863 3478 7604 7053 1513 8494 1279 
1372 4335 6623 2599 6641 995 7419 120 6478 4104 3289 1082 4070 4522 9171 7083 6214 3405 6647 6164 6210 257 4863 3478 7604 7053 1513 8494 
False
False
1372 4335 6623 2599 6641 995 7419 120 6478 4104 3289 1082 4070 4522 9171 7083 6214 3405 6647 6164 6210 257 4863 3478 7604 7053 1513 8494 
1372 4335 6623 2599 6641 995 7419 120 6478 4104 3289 1082 4070 4522 9171 7083 6214 3405 6647 6164 6210 257 4863 3478 7604 7053 1513 8494 
1372 4335 6623 2599 6641 995 7419 120 6478 4104 3289 1082 4070 4522 9171 7083 6214 3405 6647 6164 6210 257 4863 3478 7604 7053 1513 
False
False
27
1372 4335 6623 2599 6641 995 7419 120 6478 4104 3289 1082 4070 4522 9171 7083 6214 3405 6647 6164 6210 257 4863 3478 7604 7053 1513 
False
False
1372 4335 6623 2599 6641 995 7419 120 6478 4104 3289 1082 4070 4522 9171 7083 6214 3405 6647 6164 6210 257 4863 3478 7604 7053 1513 6742 9147 
False
False
False
False
1372 4335 6623 2599 6641 995 7419 120 6478 4104 3289 1082 4070 4522 9171 7083 6214 3405 6647 6164 6210 257 4863 3478 7604 7053 1513 6742 7459 
29
False
False
27
False
False
False
False
False
False
False
False
False
False
1372 4335 6623 2599 6641 995 7419 120 6478 4104 3289 1082 4070 4522 9171 7083 6214 3405 6647 6164 6210 257 4863 3478 7604 8994 
False
1372 4335 6623 2599 6641 995 7419 120 6478 4104 3289 1082 4070 4522 9171 7083 6214 3405 6647 6164 6210 257 4863 3478 7604 8994 
False
26
False
False
False
27
1372 4335 6623 2599 6641 995 7419 120 6478 4104 3289 1082 4070 4522 9171 7083 6214 3405 6647 6164 6210 257 4863 3478 7604 8994 7151 2936 8742 
1372 4335 6623 2599 6641 995 7419 120 6478 4104 3289 1082 4070 4522 9171 7083 6214 3405 6647 6164 6210 257 4863 3478 7604 8994 7151 2936 8742 
32
False
False
False
False
False
False
1372 4335 6623 2599 6641 995 7419 120 6478 4104 3289 1082 4070 4522 9171 7083 6214 3405 6647 6164 6210 257 4863 3478 7604 8994 7151 2936 8742 3883 
31
False
1372 4335 6623 2599 6641 995 7419 120 6478 4104 3289 1082 4070 4522 9171 7083 6214 3405 6647 6164 6210 257 4863 3478 7604 8994 1395 
1372 4335 6623 2599 6641 995 7419 120 6478 4104 3289 1082 4070 4522 9171 7083 6214 3405 6647 6164 6210 257 4863 3478 7604 8994 1395 1523 
False
False
1372 4335 6623 2599 6641 995 7419 120 6478 4104 3289 1082 4070 4522 9171 7083 6214 3405 6647 6164 6210 257 4863 3478 7604 884 
25
False
False
1372 4335 6623 2599 6641 995 7419 120 6478 4104 3289 1082 4070 4522 9171 7083 6214 3405 6647 6164 6210 257 4863 
1372 4335 6623 2599 6641 995 7419 120 6478 4104 3289 1082 4070 4522 9171 7083 6214 3405 6647 6164 6210 257 4863 
False
1372 4335 6623 2599 6641 995 7419 120 6478 4104 3289 1082 4070 4522 9171 7083 6214 3405 6647 6164 6210 257 4863 5485 7192 4500 
False
False
False
26
False
23
False
False
False
1372 4335 6623 2599 6641 995 7419 120 6478 4104 3289 1082 4070 4522 9171 7083 6214 3405 6647 6164 6210 257 1765 4529 
False
1372 4335 6623 2599 6641 995 7419 120 6478 4104 3289 1082 4070 4522 9171 7083 6214 3405 6647 6164 6210 257 6612 
23
1372 4335 6623 2599 6641 995 7419 120 6478 4104 3289 1082 4070 4522 9171 7083 6214 3405 6647 6164 6210 257 6612 1091 6322 4651 
False
1372 4335 6623 2599 6641 995 7419 120 6478 4104 3289 1082 4070 4522 9171 7083 6214 3405 6647 6164 6210 257 6612 1091 6322 4651 
False
False
False
27
1372 4335 6623 2599 6641 995 7419 120 6478 4104 3289 1082 4070 4522 9171 7083 6214 3405 6647 6164 6210 257 6612 1091 6322 9076 5542 2399 
False
1372 4335 6623 2599 6641 995 7419 120 6478 4104 3289 1082 4070 4522 9171 7083 6214 3405 6647 6164 6210 257 6612 1091 6322 9076 5542 7561 5985 
1372 4335 6623 2599 6641 995 7419 120 6478 4104 3289 1082 4070 4522 9171 7083 6214 3405 6647 6164 6210 257 6612 1091 6322 9076 5542 7561 5985 3540 
False
31
1372 4335 6623 2599 6641 995 7419 120 6478 4104 3289 1082 4070 4522 9171 7083 6214 3405 6647 6164 6210 257 6612 1091 6322 9076 5542 7561 5985 3540 4004 
1372 4335 6623 2599 6641 995 7419 120 6478 4104 3289 1082 4070 4522 9171 7083 6214 3405 6647 6164 6210 257 6612 1091 6322 9076 5542 7561 5985 3540 4004 
31
False
1372 4335 6623 2599 6641 995 7419 120 6478 4104 3289 1082 4070 4522 9171 7083 6214 3405 6647 6164 6210 257 6612 1091 6322 9076 5542 7561 5985 
False
31
1372 4335 6623 2599 6641 995 7419 120 6478 4104 3289 1082 4070 4522 9171 7083 6214 3405 6647 6164 6210 257 6612 1091 6322 9076 5542 7561 2161 9052 5234 
False
1372 4335 6623 2599 6641 995 7419 120 6478 4104 3289 1082 4070 4522 9171 7083 6214 3405 6647 6164 6210 257 6612 1091 6322 9076 5542 7561 2161 9052 5234 
1372 4335 6623 2599 6641 995 7419 120 6478 4104 3289 1082 4070 4522 9171 7083 6214 3405 6647 6164 6210 257 6612 1091 6322 9076 5542 7561 2161 9052 5234 8558 
30
False
1372 4335 6623 2599 6641 995 7419 120 6478 4104 3289 1082 4070 4522 9171 7083 6214 3405 6647 6164 6210 257 6612 1091 6322 9076 5542 7561 2161 9052 5131 
False
1372 4335 6623 2599 6641 995 7419 120 6478 4104 3289 1082 4070 4522 9171 7083 6214 3405 6647 6164 6210 257 6612 1091 6322 9076 5542 7561 2161 9052 5131 
1372 4335 6623 2599 6641 995 7419 120 6478 4104 3289 1082 4070 4522 9171 7083 6214 3405 6647 6164 6210 257 6612 1091 6322 9076 5542 7561 2161 9052 
False
1372 4335 6623 2599 6641 995 7419 120 6478 4104 3289 1082 4070 4522 9171 7083 6214 3405 6647 6164 6210 257 6612 1091 6322 9076 5542 7561 2161 9052 
False
1372 4335 6623 2599 6641 995 7419 120 6478 4104 3289 1082 4070 4522 9171 7083 6214 3405 6647 6164 6210 257 6612 1091 6322 9076 5542 7561 2161 9052 2160 3102 
False
1372 4335 6623 2599 6641 995 7419 120 6478 4104 3289 1082 4070 4522 9171 7083 6214 3405 6647 6164 6210 257 6612 1091 6322 9076 5542 7561 2161 9052 2160 3102 9502 9947 160 241 
1372 4335 6623 2599 6641 995 7419 120 6478 4104 3289 1082 4070 4522 9171 7083 6214 3405 6647 6164 6210 257 6612 1091 6322 9076 5542 7561 2161 9052 2160 3102 9502 9947 160 241 
1372 4335 6623 2599 6641 995 7419 120 6478 4104 3289 1082 4070 4522 9171 7083 6214 3405 6647 6164 6210 257 6612 1091 6322 9076 5542 7561 2161 9052 2160 3102 9502 9947 160 241 1965 4105 
39
1372 4335 6623 2599 6641 995 7419 120 6478 4104 3289 1082 4070 4522 9171 7083 6214 3405 6647 6164 6210 257 6612 1091 6322 9076 5542 7561 2161 9052 2160 3102 9502 9947 160 241 1965 4105 156 
False
False
False
37
False
False
33
False
False
40
False
1372 4335 6623 2599 6641 995 7419 120 6478 4104 3289 1082 4070 4522 9171 7083 6214 3405 6647 6164 6210 257 6612 1091 6322 9076 5542 7561 2161 9052 2160 3102 9502 5981 110 5858 2457 1055 801 7100 1512 6263 
42
42
False
43
44
False
False
False
False
False
1372 4335 6623 2599 6641 995 7419 120 6478 4104 3289 1082 4070 4522 9171 7083 6214 3405 6647 6164 6210 257 6612 1091 6322 9076 5542 7561 2161 9052 2160 3102 9502 5981 110 5858 2457 1055 801 7100 4705 7199 
42
42
False
False
1372 4335 6623 2599 6641 995 7419 120 6478 4104 3289 1082 4070 4522 9171 7083 6214 3405 6647 6164 6210 257 6612 1091 6322 9076 5542 7561 2161 9052 2160 3102 9502 5981 110 5858 2457 1055 801 7100 
40
1372 4335 6623 2599 6641 995 7419 120 6478 4104 3289 1082 4070 4522 9171 7083 6214 3405 6647 6164 6210 257 6612 1091 6322 9076 5542 7561 2161 9052 2160 3102 9502 5981 110 5858 2457 1055 801 7100 
False
False
1372 4335 6623 2599 6641 995 7419 120 6478 4104 3289 1082 4070 4522 9171 7083 6214 3405 6647 6164 6210 257 6612 1091 6322 9076 5542 7561 2161 9052 2160 3102 9502 5981 110 5858 2457 1055 801 7100 4926 
41
40
1372 4335 6623 2599 6641 995 7419 120 6478 4104 3289 1082 4070 4522 9171 7083 6214 3405 6647 6164 6210 257 6612 1091 6322 9076 5542 7561 2161 9052 2160 3102 9502 5981 110 5858 2457 1055 801 7100 4871 
1372 4335 6623 2599 6641 995 7419 120 6478 4104 3289 1082 4070 4522 9171 7083 6214 3405 6647 6164 6210 257 6612 1091 6322 9076 5542 7561 2161 9052 2160 3102 9502 5981 110 5858 2457 1055 801 7100 4871 
1372 4335 6623 2599 6641 995 7419 120 6478 4104 3289 1082 4070 4522 9171 7083 6214 3405 6647 6164 6210 257 6612 1091 6322 9076 5542 7561 2161 9052 2160 3102 9502 5981 110 5858 2457 1055 801 7100 4871 8716 
False
False
False
43
1372 4335 6623 2599 6641 995 7419 120 6478 4104 3289 1082 4070 4522 9171 7083 6214 3405 6647 6164 6210 257 6612 1091 6322 9076 5542 7561 2161 9052 2160 3102 9502 5981 110 5858 2457 1055 801 7100 4871 1300 
False
1372 4335 6623 2599 6641 995 7419 120 6478 4104 3289 1082 4070 4522 9171 7083 6214 3405 6647 6164 6210 257 6612 1091 6322 9076 5542 7561 2161 9052 2160 3102 9502 5981 110 5858 2457 1055 801 7100 4871 1300 
43
1372 4335 6623 2599 6641 995 7419 120 6478 4104 3289 1082 4070 4522 9171 7083 6214 3405 6647 6164 6210 257 6612 1091 6322 9076 5542 7561 2161 9052 2160 3102 9502 5981 110 5858 2457 1055 801 7100 4871 1312 
False
1372 4335 6623 2599 6641 995 7419 120 6478 4104 3289 1082 4070 4522 9171 7083 6214 3405 6647 6164 6210 257 6612 1091 6322 9076 5542 7561 2161 9052 2160 3102 9502 5981 110 5858 2457 1055 801 7100 
1372 4335 6623 2599 6641 995 7419 120 6478 4104 3289 1082 4070 4522 9171 7083 6214 3405 6647 6164 6210 257 6612 1091 6322 9076 5542 7561 2161 9052 2160 3102 9502 5981 110 5858 2457 1055 801 7100 
1372 4335 6623 2599 6641 995 7419 120 6478 4104 3289 1082 4070 4522 9171 7083 6214 3405 6647 6164 6210 257 6612 1091 6322 9076 5542 7561 2161 9052 2160 3102 9502 5981 110 5858 2457 1055 801 7100 
39
1372 4335 6623 2599 6641 995 7419 120 6478 4104 3289 1082 4070 4522 9171 7083 6214 3405 6647 6164 6210 257 6612 1091 6322 9076 5542 7561 2161 9052 2160 3102 9502 5981 110 5858 2457 1055 5150 
1372 4335 6623 2599 6641 995 7419 120 6478 4104 3289 1082 4070 4522 9171 7083 6214 3405 6647 6164 6210 257 6612 1091 6322 9076 5542 7561 2161 9052 2160 3102 9502 5981 110 5858 2457 1055 5150 
False
False
1372 4335 6623 2599 6641 995 7419 120 6478 4104 3289 1082 4070 4522 9171 7083 6214 3405 6647 6164 6210 257 6612 1091 6322 9076 5542 7561 2161 9052 2160 3102 9502 5981 110 5858 2457 1055 5150 265 2319 
False
38
False
38
False
1372 4335 6623 2599 6641 995 7419 120 6478 4104 3289 1082 4070 4522 9171 7083 6214 3405 6647 6164 6210 257 6612 1091 6322 9076 5542 7561 2161 9052 2160 3102 9502 5981 110 5858 2457 6038 1690 817 1294 4477 5067 3402 7536 
False
False
False
1372 4335 6623 2599 6641 995 7419 120 6478 4104 3289 1082 4070 4522 9171 7083 6214 3405 6647 6164 6210 257 6612 1091 6322 9076 5542 7561 2161 9052 2160 3102 9502 5981 110 5858 2457 6038 1690 817 1294 4477 5067 8721 8799 9749 1637 
47
47
1372 4335 6623 2599 6641 995 7419 120 6478 4104 3289 1082 4070 4522 9171 7083 6214 3405 6647 6164 6210 257 6612 1091 6322 9076 5542 7561 2161 9052 2160 3102 9502 5981 110 5858 2457 6038 1690 817 1294 4477 5067 8721 8799 9749 1637 
48
False
False
47
47
47
48
False
False
47
False
False
False
False
47
False
1372 4335 6623 2599 6641 995 7419 120 6478 4104 3289 1082 4070 4522 9171 7083 6214 3405 6647 6164 6210 257 6612 1091 6322 9076 5542 7561 2161 9052 2160 3102 9502 5981 110 5858 2457 6038 1690 817 1294 4477 5067 8721 8799 9749 1966 5874 372 
48
False
49
False
False
False
False
1372 4335 6623 2599 6641 995 7419 120 6478 4104 3289 1082 4070 4522 9171 7083 6214 3405 6647 6164 6210 257 6612 1091 6322 9076 5542 7561 2161 9052 2160 3102 9502 5981 110 5858 2457 6038 1690 817 1294 4477 5067 8721 8799 9749 1966 5874 6102 4656 7239 
False
52
52
53
False
52
1372 4335 6623 2599 6641 995 7419 120 6478 4104 3289 1082 4070 4522 9171 7083 6214 3405 6647 6164 6210 257 6612 1091 6322 9076 5542 7561 2161 9052 2160 3102 9502 5981 110 5858 2457 6038 1690 817 1294 4477 5067 8721 8799 9749 1966 5874 6102 4656 7239 7770 
False
False
1372 4335 6623 2599 6641 995 7419 120 6478 4104 3289 1082 4070 4522 9171 7083 6214 3405 6647 6164 6210 257 6612 1091 6322 9076 5542 7561 2161 9052 2160 3102 9502 5981 110 5858 2457 6038 1690 817 1294 4477 5067 8721 8799 9749 1966 5874 6102 4656 7239 7770 
False
False
False
False
False
False
1372 4335 6623 2599 6641 995 7419 120 6478 4104 3289 1082 4070 4522 9171 7083 6214 3405 6647 6164 6210 257 6612 1091 6322 9076 5542 7561 2161 9052 2160 3102 9502 5981 110 5858 2457 6038 1690 817 1294 4477 5067 8721 8799 9749 1966 5874 6102 
1372 4335 6623 2599 6641 995 7419 120 6478 4104 3289 1082 4070 4522 9171 7083 6214 3405 6647 6164 6210 257 6612 1091 6322 9076 5542 7561 2161 9052 2160 3102 9502 5981 110 5858 2457 6038 1690 817 1294 4477 5067 8721 8799 9749 1966 5874 6102 
False
False
False
False
1372 4335 6623 2599 6641 995 7419 120 6478 4104 3289 1082 4070 4522 9171 7083 6214 3405 6647 6164 6210 257 6612 1091 6322 9076 5542 7561 2161 9052 2160 3102 9502 5981 110 5858 2457 6038 1690 817 1294 4477 5067 8721 8799 9749 1966 5874 6102 3586 8813 979 2528 3629 8623 8405 2242 
False
False
1372 4335 6623 2599 6641 995 7419 120 6478 4104 3289 1082 4070 4522 9171 7083 6214 3405 6647 6164 6210 257 6612 1091 6322 9076 5542 7561 2161 9052 2160 3102 9502 5981 110 5858 2457 6038 1690 817 1294 4477 5067 8721 8799 9749 1966 5874 6102 3586 8813 979 2528 3629 8623 
1372 4335 6623 2599 6641 995 7419 120 6478 4104 3289 1082 4070 4522 9171 7083 6214 3405 6647 6164 6210 257 6612 1091 6322 9076 5542 7561 2161 9052 2160 3102 9502 5981 110 5858 2457 6038 1690 817 1294 4477 5067 8721 8799 9749 1966 5874 6102 3586 8813 979 2528 4357 6274 8074 3426 5135 
False
False
1372 4335 6623 2599 6641 995 7419 120 6478 4104 3289 1082 4070 4522 9171 7083 6214 3405 6647 6164 6210 257 6612 1091 6322 9076 5542 7561 2161 9052 2160 3102 9502 5981 110 5858 2457 6038 1690 817 1294 4477 5067 8721 8799 9749 1966 5874 6102 3586 8813 979 2528 4357 6274 8074 3426 5135 
False
1372 4335 6623 2599 6641 995 7419 120 6478 4104 3289 1082 4070 4522 9171 7083 6214 3405 6647 6164 6210 257 6612 1091 6322 9076 5542 7561 2161 9052 2160 3102 9502 5981 110 5858 2457 6038 1690 817 1294 4477 5067 8721 8799 9749 1966 5874 6102 3586 8813 979 2528 4357 6274 8074 3426 
1372 4335 6623 2599 6641 995 7419 120 6478 4104 3289 1082 4070 4522 9171 7083 6214 3405 6647 6164 6210 257 6612 1091 6322 9076 5542 7561 2161 9052 2160 3102 9502 5981 110 5858 2457 6038 1690 817 1294 4477 5067 8721 8799 9749 1966 5874 6102 3586 8813 979 2528 4357 6274 8074 4849 
False
False
1372 4335 6623 2599 6641 995 7419 120 6478 4104 3289 1082 4070 4522 9171 7083 6214 3405 6647 6164 6210 257 6612 1091 6322 9076 5542 7561 2161 9052 2160 3102 9502 5981 110 5858 2457 6038 1690 817 1294 4477 5067 8721 8799 9749 1966 5874 6102 3586 8813 979 2528 4357 6274 8074 4849 
False
1372 4335 6623 2599 6641 995 7419 120 6478 4104 3289 1082 4070 4522 9171 7083 6214 3405 6647 6164 6210 257 6612 1091 6322 9076 5542 7561 2161 9052 2160 3102 9502 5981 110 5858 2457 6038 1690 817 1294 4477 5067 8721 8799 9749 1966 5874 6102 3586 8813 979 2528 4357 6274 7656 9895 3937 4310 
59
59
False
1372 4335 6623 2599 6641 995 7419 120 6478 4104 3289 1082 4070 4522 9171 7083 6214 3405 6647 6164 6210 257 6612 1091 6322 9076 5542 7561 2161 9052 2160 3102 9502 5981 110 5858 2457 6038 1690 817 1294 4477 5067 8721 8799 9749 1966 5874 6102 3586 8813 979 2528 4357 6274 7656 9895 3937 
False
58
1372 4335 6623 2599 6641 995 7419 120 6478 4104 3289 1082 4070 4522 9171 7083 6214 3405 6647 6164 6210 257 6612 1091 6322 9076 5542 7561 2161 9052 2160 3102 9502 5981 110 5858 2457 6038 1690 817 1294 4477 5067 8721 8799 9749 1966 5874 6102 3586 8813 979 2528 4357 6274 7656 9895 3937 
1372 4335 6623 2599 6641 995 7419 120 6478 4104 3289 1082 4070 4522 9171 7083 6214 3405 6647 6164 6210 257 6612 1091 6322 9076 5542 7561 2161 9052 2160 3102 9502 5981 110 5858 2457 6038 1690 817 1294 4477 5067 8721 8799 9749 1966 5874 6102 3586 8813 979 2528 4357 6274 7656 9895 
1372 4335 6623 2599 6641 995 7419 120 6478 4104 3289 1082 4070 4522 9171 7083 6214 3405 6647 6164 6210 257 6612 1091 6322 9076 5542 7561 2161 9052 2160 3102 9502 5981 110 5858 2457 6038 1690 817 1294 4477 5067 8721 8799 9749 1966 5874 6102 3586 8813 979 2528 4357 6274 7656 9895 
False
False
1372 4335 6623 2599 6641 995 7419 120 6478 4104 3289 1082 4070 4522 9171 7083 6214 3405 6647 6164 6210 257 6612 1091 6322 9076 5542 7561 2161 9052 2160 3102 9502 5981 110 5858 2457 6038 1690 817 1294 4477 5067 8721 8799 9749 1966 5874 6102 3586 8813 979 2528 4357 6274 7656 
False
False
57
1372 4335 6623 2599 6641 995 7419 120 6478 4104 3289 1082 4070 4522 9171 7083 6214 3405 6647 6164 6210 257 6612 1091 6322 9076 5542 7561 2161 9052 2160 3102 9502 5981 110 5858 2457 6038 1690 817 1294 4477 5067 8721 8799 9749 1966 5874 6102 3586 8813 979 2528 4357 6274 1243 
55
False
1372 4335 6623 2599 6641 995 7419 120 6478 4104 3289 1082 4070 4522 9171 7083 6214 3405 6647 6164 6210 257 6612 1091 6322 9076 5542 7561 2161 9052 2160 3102 9502 5981 110 5858 2457 6038 1690 817 1294 4477 5067 8721 8799 9749 1966 5874 6102 3586 8813 979 2528 4357 8602 
False
55
55
False
False
False
False
1372 4335 6623 2599 6641 995 7419 120 6478 4104 3289 1082 4070 4522 9171 7083 6214 3405 6647 6164 6210 257 6612 1091 6322 9076 5542 7561 2161 9052 2160 3102 9502 5981 110 5858 2457 6038 1690 817 1294 4477 5067 8721 8799 9749 1966 5874 6102 3586 8813 979 
49
False
1372 4335 6623 2599 6641 995 7419 120 6478 4104 3289 1082 4070 4522 9171 7083 6214 3405 6647 6164 6210 257 6612 1091 6322 9076 5542 7561 2161 9052 2160 3102 9502 5981 110 5858 2457 6038 1690 817 1294 4477 5067 8721 8799 9749 1966 5874 6102 5309 
1372 4335 6623 2599 6641 995 7419 120 6478 4104 3289 1082 4070 4522 9171 7083 6214 3405 6647 6164 6210 257 6612 1091 6322 9076 5542 7561 2161 9052 2160 3102 9502 5981 110 5858 2457 6038 1690 817 1294 4477 5067 8721 8799 9749 1966 5874 6102 5309 
1372 4335 6623 2599 6641 995 7419 120 6478 4104 3289 1082 4070 4522 9171 7083 6214 3405 6647 6164 6210 257 6612 1091 6322 9076 5542 7561 2161 9052 2160 3102 9502 5981 110 5858 2457 6038 1690 817 1294 4477 5067 8721 8799 9749 1966 5874 6102 
False
False
False
48
47
False
False
False
False
45
1372 4335 6623 2599 6641 995 7419 120 6478 4104 3289 1082 4070 4522 9171 7083 6214 3405 6647 6164 6210 257 6612 1091 6322 9076 5542 7561 2161 9052 2160 3102 9502 5981 110 5858 2457 6038 1690 817 1294 4477 5067 8721 8799 9796 
47
46
False
False
False
False
False
1372 4335 6623 2599 6641 995 7419 120 6478 4104 3289 1082 4070 4522 9171 7083 6214 3405 6647 6164 6210 257 6612 1091 6322 9076 5542 7561 2161 9052 2160 3102 9502 5981 110 5858 2457 6038 1690 817 1294 4477 5067 8721 8799 5083 
46
False
46
False
False
False
False
45
43
1372 4335 6623 2599 6641 995 7419 120 6478 4104 3289 1082 4070 4522 9171 7083 6214 3405 6647 6164 6210 257 6612 1091 6322 9076 5542 7561 2161 9052 2160 3102 9502 5981 110 5858 2457 6038 1690 817 1294 4477 5067 3866 2812 
False
False
False
False
1372 4335 6623 2599 6641 995 7419 120 6478 4104 3289 1082 4070 4522 9171 7083 6214 3405 6647 6164 6210 257 6612 1091 6322 9076 5542 7561 2161 9052 2160 3102 9502 5981 110 5858 2457 6038 1690 817 1294 4477 5067 586 
False
False
False
False
False
False
False
1372 4335 6623 2599 6641 995 7419 120 6478 4104 3289 1082 4070 4522 9171 7083 6214 3405 6647 6164 6210 257 6612 1091 6322 9076 5542 7561 2161 9052 2160 3102 9502 5981 110 5858 2457 6038 1690 6357 2983 
False
False
False
1372 4335 6623 2599 6641 995 7419 120 6478 4104 3289 1082 4070 4522 9171 7083 6214 3405 6647 6164 6210 257 6612 1091 6322 9076 5542 7561 2161 9052 2160 3102 9502 5981 110 5858 2457 6038 1690 6357 2983 
1372 4335 6623 2599 6641 995 7419 120 6478 4104 3289 1082 4070 4522 9171 7083 6214 3405 6647 6164 6210 257 6612 1091 6322 9076 5542 7561 2161 9052 2160 3102 9502 5981 110 5858 2457 6038 1690 6357 
False
1372 4335 6623 2599 6641 995 7419 120 6478 4104 3289 1082 4070 4522 9171 7083 6214 3405 6647 6164 6210 257 6612 1091 6322 9076 5542 7561 2161 9052 2160 3102 9502 5981 110 5858 2457 6038 4394 
False
38
1372 4335 6623 2599 6641 995 7419 120 6478 4104 3289 1082 4070 4522 9171 7083 6214 3405 6647 6164 6210 257 6612 1091 6322 9076 5542 7561 2161 9052 2160 3102 9502 5981 110 5858 2457 6038 9095 
1372 4335 6623 2599 6641 995 7419 120 6478 4104 3289 1082 4070 4522 9171 7083 6214 3405 6647 6164 6210 257 6612 1091 6322 9076 5542 7561 2161 9052 2160 3102 9502 5981 110 5858 2457 6038 9095 6404 
False
False
42
1372 4335 6623 2599 6641 995 7419 120 6478 4104 3289 1082 4070 4522 9171 7083 6214 3405 6647 6164 6210 257 6612 1091 6322 9076 5542 7561 2161 9052 2160 3102 9502 5981 110 5858 2457 6038 
1372 4335 6623 2599 6641 995 7419 120 6478 4104 3289 1082 4070 4522 9171 7083 6214 3405 6647 6164 6210 257 6612 1091 6322 9076 5542 7561 2161 9052 2160 3102 9502 5981 110 5858 2457 6038 3330 
1372 4335 6623 2599 6641 995 7419 120 6478 4104 3289 1082 4070 4522 9171 7083 6214 3405 6647 6164 6210 257 6612 1091 6322 9076 5542 7561 2161 9052 2160 3102 9502 5981 110 5858 2457 6038 3330 19 
False
1372 4335 6623 2599 6641 995 7419 120 6478 4104 3289 1082 4070 4522 9171 7083 6214 3405 6647 6164 6210 257 6612 1091 6322 9076 5542 7561 2161 9052 2160 3102 9502 5981 110 5858 2457 6038 3330 19 9628 
1372 4335 6623 2599 6641 995 7419 120 6478 4104 3289 1082 4070 4522 9171 7083 6214 3405 6647 6164 6210 257 6612 1091 6322 9076 5542 7561 2161 9052 2160 3102 9502 5981 110 5858 2457 6038 3330 19 9628 
False
False
False
41
False
False
False
43
False
False
False
False
False
1372 4335 6623 2599 6641 995 7419 120 6478 4104 3289 1082 4070 4522 9171 7083 6214 3405 6647 6164 6210 257 6612 1091 6322 9076 5542 7561 2161 9052 2160 3102 9502 5981 110 5858 2457 6038 3330 19 9364 6791 9461 1448 2212 2731 
1372 4335 6623 2599 6641 995 7419 120 6478 4104 3289 1082 4070 4522 9171 7083 6214 3405 6647 6164 6210 257 6612 1091 6322 9076 5542 7561 2161 9052 2160 3102 9502 5981 110 5858 2457 6038 3330 19 9364 6791 9461 1448 2212 2731 
44
44
False
False
1372 4335 6623 2599 6641 995 7419 120 6478 4104 3289 1082 4070 4522 9171 7083 6214 3405 6647 6164 6210 257 6612 1091 6322 9076 5542 7561 2161 9052 2160 3102 9502 5981 110 5858 2457 6038 3330 19 9364 6791 9461 
False
1372 4335 6623 2599 6641 995 7419 120 6478 4104 3289 1082 4070 4522 9171 7083 6214 3405 6647 6164 6210 257 6612 1091 6322 9076 5542 7561 2161 9052 2160 3102 9502 5981 110 5858 2457 6038 3330 19 9364 6791 9461 9587 
1372 4335 6623 2599 6641 995 7419 120 6478 4104 3289 1082 4070 4522 9171 7083 6214 3405 6647 6164 6210 257 6612 1091 6322 9076 5542 7561 2161 9052 2160 3102 9502 5981 110 5858 2457 6038 3330 19 9364 6791 9461 9587 2507 
1372 4335 6623 2599 6641 995 7419 120 6478 4104 3289 1082 4070 4522 9171 7083 6214 3405 6647 6164 6210 257 6612 1091 6322 9076 5542 7561 2161 9052 2160 3102 9502 5981 110 5858 2457 6038 3330 19 9364 6791 9461 9587 2507 9297 
False
45
False
False
44
44
45
False
False
False
1372 4335 6623 2599 6641 995 7419 120 6478 4104 3289 1082 4070 4522 9171 7083 6214 3405 6647 6164 6210 257 6612 1091 6322 9076 5542 7561 2161 9052 2160 3102 9502 5981 110 5858 2457 6038 3330 19 9364 6791 9461 4476 50 
False
False
False
43
False
False
False
False
False
False
42
41
False
False
False
40
False
False
False
38
False
35
1372 4335 6623 2599 6641 995 7419 120 6478 4104 3289 1082 4070 4522 9171 7083 6214 3405 6647 6164 6210 257 6612 1091 6322 9076 5542 7561 2161 9052 2160 3102 9502 5981 
False
35
False
False
False
False
1372 4335 6623 2599 6641 995 7419 120 6478 4104 3289 1082 4070 4522 9171 7083 6214 3405 6647 6164 6210 257 6612 1091 6322 9076 5542 7561 2161 9052 2160 7614 
1372 4335 6623 2599 6641 995 7419 120 6478 4104 3289 1082 4070 4522 9171 7083 6214 3405 6647 6164 6210 257 6612 1091 6322 9076 5542 7561 2161 9052 2160 7614 
False
False
1372 4335 6623 2599 6641 995 7419 120 6478 4104 3289 1082 4070 4522 9171 7083 6214 3405 6647 6164 6210 257 6612 1091 6322 9076 5542 7561 2161 9052 
29
28
1372 4335 6623 2599 6641 995 7419 120 6478 4104 3289 1082 4070 4522 9171 7083 6214 3405 6647 6164 6210 257 6612 1091 6322 9076 3897 
1372 4335 6623 2599 6641 995 7419 120 6478 4104 3289 1082 4070 4522 9171 7083 6214 3405 6647 6164 6210 257 6612 1091 6322 9076 3897 
1372 4335 6623 2599 6641 995 7419 120 6478 4104 3289 1082 4070 4522 9171 7083 6214 3405 6647 6164 6210 257 6612 1091 6322 9076 3897 
False
1372 4335 6623 2599 6641 995 7419 120 6478 4104 3289 1082 4070 4522 9171 7083 6214 3405 6647 6164 6210 257 6612 1091 6322 9076 3897 
1372 4335 6623 2599 6641 995 7419 120 6478 4104 3289 1082 4070 4522 9171 7083 6214 3405 6647 6164 6210 257 6612 1091 6322 9076 3897 
25
False
False
1372 4335 6623 2599 6641 995 7419 120 6478 4104 3289 1082 4070 4522 9171 7083 6214 3405 6647 6164 6210 257 
1372 4335 6623 2599 6641 995 7419 120 6478 4104 3289 1082 4070 4522 9171 7083 6214 3405 6647 6164 6210 257 
False
False
False
False
False
1372 4335 6623 2599 6641 995 7419 120 6478 4104 3289 1082 4070 4522 9171 7083 6214 3405 
18
False
False
1372 4335 6623 2599 6641 995 7419 120 6478 4104 3289 1082 4070 4522 9171 7083 6214 3405 1714 4207 5218 2254 9193 
False
False
False
False
24
1372 4335 6623 2599 6641 995 7419 120 6478 4104 3289 1082 4070 4522 9171 7083 6214 3405 1714 4207 5218 2254 9193 7025 
False
False
27
28
False
1372 4335 6623 2599 6641 995 7419 120 6478 4104 3289 1082 4070 4522 9171 7083 6214 3405 1714 4207 5218 2254 9193 7025 8258 964 8616 838 
28
False
False
24
False
False
25
False
False
False
1372 4335 6623 2599 6641 995 7419 120 6478 4104 3289 1082 4070 4522 9171 7083 6214 3405 1714 4207 5218 2254 1530 5888 
1372 4335 6623 2599 6641 995 7419 120 6478 4104 3289 1082 4070 4522 9171 7083 6214 3405 1714 4207 5218 2254 1530 5888 
False
1372 4335 6623 2599 6641 995 7419 120 6478 4104 3289 1082 4070 4522 9171 7083 6214 3405 1714 4207 5218 2254 1530 
False
False
1372 4335 6623 2599 6641 995 7419 120 6478 4104 3289 1082 4070 4522 9171 7083 6214 3405 1714 4207 5218 2254 1530 1847 2244 
False
False
False
29
False
29
1372 4335 6623 2599 6641 995 7419 120 6478 4104 3289 1082 4070 4522 9171 7083 6214 3405 1714 4207 5218 2254 1530 3211 9268 3080 8234 3571 2593 
1372 4335 6623 2599 6641 995 7419 120 6478 4104 3289 1082 4070 4522 9171 7083 6214 3405 1714 4207 5218 2254 1530 3211 9268 3080 8234 3571 
False
26
1372 4335 6623 2599 6641 995 7419 120 6478 4104 3289 1082 4070 4522 9171 7083 6214 3405 1714 4207 5218 2254 1530 3211 9268 1006 
1372 4335 6623 2599 6641 995 7419 120 6478 4104 3289 1082 4070 4522 9171 7083 6214 3405 1714 4207 5218 2254 1530 3211 9268 1006 1705 
False
26
25
False
False
1372 4335 6623 2599 6641 995 7419 120 6478 4104 3289 1082 4070 4522 9171 7083 6214 3405 1714 4207 5218 2254 1530 3211 9268 
False
False
False
False
False
False
False
1372 4335 6623 2599 6641 995 7419 120 6478 4104 3289 1082 4070 4522 9171 7083 6214 3405 1714 4207 5218 2254 1530 3211 
23
23
False
1372 4335 6623 2599 6641 995 7419 120 6478 4104 3289 1082 4070 4522 9171 7083 6214 3405 1714 4207 5218 2254 
False
21
False
1372 4335 6623 2599 6641 995 7419 120 6478 4104 3289 1082 4070 4522 9171 7083 6214 3405 1714 4207 5218 5472 
False
False
20
False
1372 4335 6623 2599 6641 995 7419 120 6478 4104 3289 1082 4070 4522 9171 7083 
17
16
False
1372 4335 6623 2599 6641 995 7419 120 6478 4104 3289 1082 4070 4522 9171 
False
False
False
False
False
16
False
False
False
False
False
False
False
False
1372 4335 6623 2599 6641 995 7419 120 6478 4104 3289 1082 9056 8147 5649 
False
False
16
False
False
False
15
15
1372 4335 6623 2599 6641 995 7419 120 6478 4104 3289 1082 9056 8147 2097 
False
15
1372 4335 6623 2599 6641 995 7419 120 6478 4104 3289 1082 9056 8147 9703 4319 
1372 4335 6623 2599 6641 995 7419 120 6478 4104 3289 1082 9056 8147 9703 
1372 4335 6623 2599 6641 995 7419 120 6478 4104 3289 1082 9056 8147 9703 
False
1372 4335 6623 2599 6641 995 7419 120 6478 4104 3289 1082 9056 3595 
14
False
False
1372 4335 6623 2599 6641 995 7419 120 6478 4104 3289 1082 857 498 1362 702 
False
1372 4335 6623 2599 6641 995 7419 120 6478 4104 3289 1082 857 498 1362 7649 4668 
16
False
17
False
1372 4335 6623 2599 6641 995 7419 120 6478 4104 3289 1082 857 498 1362 6916 279 5284 
False
False
False
False
1372 4335 6623 2599 6641 995 7419 120 6478 4104 3289 1082 857 498 1362 6916 279 6326 
False
False
1372 4335 6623 2599 6641 995 7419 120 6478 4104 3289 1082 857 498 1362 6916 279 6326 
18
False
1372 4335 6623 2599 6641 995 7419 120 6478 4104 3289 1082 857 498 1362 6916 279 9140 
False
1372 4335 6623 2599 6641 995 7419 120 6478 4104 3289 1082 857 498 1362 6916 
False
15
False
False
False
19
1372 4335 6623 2599 6641 995 7419 120 6478 4104 3289 1082 857 498 3417 35 6944 9289 
18
False
False
21
1372 4335 6623 2599 6641 995 7419 120 6478 4104 3289 1082 857 498 3417 35 6944 6372 4060 7848 
1372 4335 6623 2599 6641 995 7419 120 6478 4104 3289 1082 857 498 3417 35 6944 6372 4060 7848 
False
21
22
23
False
False
False
False
False
False
24
1372 4335 6623 2599 6641 995 7419 120 6478 4104 3289 1082 857 498 3417 35 6944 6372 4060 7848 1151 8984 2910 
False
False
False
False
1372 4335 6623 2599 6641 995 7419 120 6478 4104 3289 1082 857 498 3417 35 6944 6372 4060 7848 1151 8984 2910 6665 348 6483 6139 1402 
False
29
1372 4335 6623 2599 6641 995 7419 120 6478 4104 3289 1082 857 498 3417 35 6944 6372 4060 7848 1151 8984 2910 6665 348 6483 6139 1402 
1372 4335 6623 2599 6641 995 7419 120 6478 4104 3289 1082 857 498 3417 35 6944 6372 4060 7848 1151 8984 2910 6665 348 6483 6139 1402 1646 
29
False
28
False
28
False
1372 4335 6623 2599 6641 995 7419 120 6478 4104 3289 1082 857 498 3417 35 6944 6372 4060 7848 1151 8984 2910 6665 348 6483 6139 6369 3588 3843 
False
1372 4335 6623 2599 6641 995 7419 120 6478 4104 3289 1082 857 498 3417 35 6944 6372 4060 7848 1151 8984 2910 6665 348 
1372 4335 6623 2599 6641 995 7419 120 6478 4104 3289 1082 857 498 3417 35 6944 6372 4060 7848 1151 8984 2910 
1372 4335 6623 2599 6641 995 7419 120 6478 4104 3289 1082 857 498 3417 35 6944 6372 4060 7848 1151 8984 2910 
1372 4335 6623 2599 6641 995 7419 120 6478 4104 3289 1082 857 498 3417 35 6944 6372 4060 7848 1151 8984 2910 
False
23
1372 4335 6623 2599 6641 995 7419 120 6478 4104 3289 1082 857 498 3417 35 6944 6372 4060 7848 1151 8984 2910 2133 
26
False
False
26
1372 4335 6623 2599 6641 995 7419 120 6478 4104 3289 1082 857 498 3417 35 6944 6372 4060 7848 1151 8984 2910 2133 7497 
1372 4335 6623 2599 6641 995 7419 120 6478 4104 3289 1082 857 498 3417 35 6944 6372 4060 7848 1151 8984 2910 2133 
1372 4335 6623 2599 6641 995 7419 120 6478 4104 3289 1082 857 498 3417 35 6944 6372 4060 7848 1151 8984 2910 2133 7689 1835 
False
False
24
23
24
24
25
False
24
1372 4335 6623 2599 6641 995 7419 120 6478 4104 3289 1082 857 498 3417 35 6944 6372 4060 7848 1151 8984 2910 
23
False
False
False
False
False
22
False
False
False
1372 4335 6623 2599 6641 995 7419 120 6478 4104 3289 1082 857 498 3417 35 6944 6372 4060 6705 9186 
False
False
False
18
False
1372 4335 6623 2599 6641 995 7419 120 6478 4104 3289 1082 857 498 3417 
1372 4335 6623 2599 6641 995 7419 120 6478 4104 3289 1082 857 498 3417 
False
False
1372 4335 6623 2599 6641 995 7419 120 6478 4104 3289 1082 857 498 3417 
1372 4335 6623 2599 6641 995 7419 120 6478 4104 3289 1082 857 498 3417 
15
False
False
1372 4335 6623 2599 6641 995 7419 120 6478 4104 3289 1082 857 498 3417 9769 1857 
False
1372 4335 6623 2599 6641 995 7419 120 6478 4104 3289 1082 857 498 3417 9769 1857 7707 1902 6094 
False
20
False
False
20
False
19
False
False
1372 4335 6623 2599 6641 995 7419 120 6478 4104 3289 1082 857 498 3417 9769 1857 7707 6466 
1372 4335 6623 2599 6641 995 7419 120 6478 4104 3289 1082 857 498 3417 9769 1857 
False
False
1372 4335 6623 2599 6641 995 7419 120 6478 4104 3289 1082 857 498 3417 9769 1857 8353 6745 3765 9959 
False
False
1372 4335 6623 2599 6641 995 7419 120 6478 4104 3289 1082 857 498 3417 9769 1857 8353 6745 3765 9959 5468 6468 4911 1928 1205 7753 6808 1698 
29
False
1372 4335 6623 2599 6641 995 7419 120 6478 4104 3289 1082 857 498 3417 9769 1857 8353 6745 3765 9959 5468 6468 4911 1928 1205 
1372 4335 6623 2599 6641 995 7419 120 6478 4104 3289 1082 857 498 3417 9769 1857 8353 6745 3765 9959 5468 6468 4911 1928 1205 
False
False
False
False
False
1372 4335 6623 2599 6641 995 7419 120 6478 4104 3289 1082 857 498 3417 9769 1857 8353 6745 3765 9959 5468 6468 4911 1928 1205 1956 7988 
False
False
False
1372 4335 6623 2599 6641 995 7419 120 6478 4104 3289 1082 857 498 3417 9769 1857 8353 6745 3765 9959 5468 6468 4911 1928 1205 149 7790 1296 8633 1321 3337 4441 
1372 4335 6623 2599 6641 995 7419 120 6478 4104 3289 1082 857 498 3417 9769 1857 8353 6745 3765 9959 5468 6468 4911 1928 1205 149 7790 1296 8633 1321 3337 4441 7082 
35
1372 4335 6623 2599 6641 995 7419 120 6478 4104 3289 1082 857 498 3417 9769 1857 8353 6745 3765 9959 5468 6468 4911 1928 1205 149 7790 1296 8633 1321 3337 4441 7082 6926 6545 
False
1372 4335 6623 2599 6641 995 7419 120 6478 4104 3289 1082 857 498 3417 9769 1857 8353 6745 3765 9959 5468 6468 4911 1928 1205 149 7790 1296 8633 1321 3337 4441 7082 6926 6545 
False
False
1372 4335 6623 2599 6641 995 7419 120 6478 4104 3289 1082 857 498 3417 9769 1857 8353 6745 3765 9959 5468 6468 4911 1928 1205 149 7790 1296 8633 1321 3337 4441 
False
1372 4335 6623 2599 6641 995 7419 120 6478 4104 3289 1082 857 498 3417 9769 1857 8353 6745 3765 9959 5468 6468 4911 1928 1205 149 7790 1296 8633 1321 3337 4441 
False
29
False
False
False
False
False
30
32
1372 4335 6623 2599 6641 995 7419 120 6478 4104 3289 1082 857 498 3417 9769 1857 8353 6745 3765 9959 5468 6468 4911 1928 1205 149 4392 6775 7455 5357 
False
False
False
1372 4335 6623 2599 6641 995 7419 120 6478 4104 3289 1082 857 498 3417 9769 1857 8353 6745 3765 9959 5468 6468 4911 1928 1205 149 4392 6775 
29
False
1372 4335 6623 2599 6641 995 7419 120 6478 4104 3289 1082 857 498 3417 9769 1857 8353 6745 3765 9959 5468 6468 4911 1928 1205 149 4392 6775 5719 
False
False
False
False
31
1372 4335 6623 2599 6641 995 7419 120 6478 4104 3289 1082 857 498 3417 9769 1857 8353 6745 3765 9959 5468 6468 4911 1928 1205 149 4392 6775 5719 4287 
1372 4335 6623 2599 6641 995 7419 120 6478 4104 3289 1082 857 498 3417 9769 1857 8353 6745 3765 9959 5468 6468 4911 1928 1205 149 4392 6775 5719 4287 
False
False
False
1372 4335 6623 2599 6641 995 7419 120 6478 4104 3289 1082 857 498 3417 9769 1857 8353 6745 3765 9959 5468 6468 4911 1928 1205 149 4392 6775 5719 4287 6264 9638 4002 717 
35
False
False
False
False
36
False
1372 4335 6623 2599 6641 995 7419 120 6478 4104 3289 1082 857 498 3417 9769 1857 8353 6745 3765 9959 5468 6468 4911 1928 1205 149 4392 6775 5719 4287 6264 9638 4002 717 5124 
1372 4335 6623 2599 6641 995 7419 120 6478 4104 3289 1082 857 498 3417 9769 1857 8353 6745 3765 9959 5468 6468 4911 1928 1205 149 4392 6775 5719 4287 6264 9638 4002 
33
False
33
False
1372 4335 6623 2599 6641 995 7419 120 6478 4104 3289 1082 857 498 3417 9769 1857 8353 6745 3765 9959 5468 6468 4911 1928 1205 149 4392 6775 5719 4287 6264 
1372 4335 6623 2599 6641 995 7419 120 6478 4104 3289 1082 857 498 3417 9769 1857 8353 6745 3765 9959 5468 6468 4911 1928 1205 149 4392 6775 5719 9164 
1372 4335 6623 2599 6641 995 7419 120 6478 4104 3289 1082 857 498 3417 9769 1857 8353 6745 3765 9959 5468 6468 4911 1928 
1372 4335 6623 2599 6641 995 7419 120 6478 4104 3289 1082 857 498 3417 9769 1857 8353 6745 3765 9959 5468 6468 4911 1928 8798 4065 3955 
False
28
1372 4335 6623 2599 6641 995 7419 120 6478 4104 3289 1082 857 498 3417 9769 1857 8353 6745 3765 9959 5468 6468 4911 1928 8798 4065 3955 4117 6471 
1372 4335 6623 2599 6641 995 7419 120 6478 4104 3289 1082 857 498 3417 9769 1857 8353 6745 3765 9959 5468 6468 4911 1928 8798 4065 3955 4117 
False
False
False
False
False
32
1372 4335 6623 2599 6641 995 7419 120 6478 4104 3289 1082 857 498 3417 9769 1857 8353 6745 3765 9959 5468 6468 4911 1928 8798 4065 3955 9249 9362 5389 4618 
32
32
False
1372 4335 6623 2599 6641 995 7419 120 6478 4104 3289 1082 857 498 3417 9769 1857 8353 6745 3765 9959 5468 6468 4911 1928 8798 4065 3955 9249 9362 5389 4618 
33
False
33
34
34
1372 4335 6623 2599 6641 995 7419 120 6478 4104 3289 1082 857 498 3417 9769 1857 8353 6745 3765 9959 5468 6468 4911 1928 8798 4065 3955 9249 9362 5389 4618 952 2910 
1372 4335 6623 2599 6641 995 7419 120 6478 4104 3289 1082 857 498 3417 9769 1857 8353 6745 3765 9959 5468 6468 4911 1928 8798 4065 3955 9249 9362 5389 4618 952 2910 
False
False
1372 4335 6623 2599 6641 995 7419 120 6478 4104 3289 1082 857 498 3417 9769 1857 8353 6745 3765 9959 5468 6468 4911 1928 8798 4065 3955 9249 9362 5389 4618 
32
31
False
31
False
False
False
False
False
False
False
False
38
39
42
42
False
40
1372 4335 6623 2599 6641 995 7419 120 6478 4104 3289 1082 857 498 3417 9769 1857 8353 6745 3765 9959 5468 6468 4911 1928 8798 4065 3955 9249 9362 4420 999 4555 5159 2945 4708 5432 3823 3509 451 
False
1372 4335 6623 2599 6641 995 7419 120 6478 4104 3289 1082 857 498 3417 9769 1857 8353 6745 3765 9959 5468 6468 4911 1928 8798 4065 3955 9249 9362 4420 999 4555 5159 2945 4708 5432 8289 
False
False
37
37
1372 4335 6623 2599 6641 995 7419 120 6478 4104 3289 1082 857 498 3417 9769 1857 8353 6745 3765 9959 5468 6468 4911 1928 8798 4065 3955 9249 9362 4420 999 4555 5159 2945 4708 5432 
False
False
35
1372 4335 6623 2599 6641 995 7419 120 6478 4104 3289 1082 857 498 3417 9769 1857 8353 6745 3765 9959 5468 6468 4911 1928 8798 4065 3955 9249 9362 4420 999 4555 5159 2945 
False
1372 4335 6623 2599 6641 995 7419 120 6478 4104 3289 1082 857 498 3417 9769 1857 8353 6745 3765 9959 5468 6468 4911 1928 8798 4065 3955 9249 9362 4420 999 4555 5159 5237 
1372 4335 6623 2599 6641 995 7419 120 6478 4104 3289 1082 857 498 3417 9769 1857 8353 6745 3765 9959 5468 6468 4911 1928 8798 4065 3955 9249 9362 4420 999 4555 5159 
34
False
False
1372 4335 6623 2599 6641 995 7419 120 6478 4104 3289 1082 857 498 3417 9769 1857 8353 6745 3765 9959 5468 6468 4911 1928 8798 4065 3955 9249 9362 4420 999 7877 1484 
False
False
1372 4335 6623 2599 6641 995 7419 120 6478 4104 3289 1082 857 498 3417 9769 1857 8353 6745 3765 9959 5468 6468 4911 1928 8798 4065 3955 9249 9362 4420 999 4340 3745 6679 
1372 4335 6623 2599 6641 995 7419 120 6478 4104 3289 1082 857 498 3417 9769 1857 8353 6745 3765 9959 5468 6468 4911 1928 8798 4065 3955 9249 9362 4420 999 4340 3745 6679 
False
False
False
1372 4335 6623 2599 6641 995 7419 120 6478 4104 3289 1082 857 498 3417 9769 1857 8353 6745 3765 9959 5468 6468 4911 1928 8798 4065 3955 9249 9362 4420 999 4340 3745 8439 4376 
36
35
1372 4335 6623 2599 6641 995 7419 120 6478 4104 3289 1082 857 498 3417 9769 1857 8353 6745 3765 9959 5468 6468 4911 1928 8798 4065 3955 9249 9362 4420 999 4340 3745 4138 
False
1372 4335 6623 2599 6641 995 7419 120 6478 4104 3289 1082 857 498 3417 9769 1857 8353 6745 3765 9959 5468 6468 4911 1928 8798 4065 3955 9249 9362 4420 999 4340 3745 
1372 4335 6623 2599 6641 995 7419 120 6478 4104 3289 1082 857 498 3417 9769 1857 8353 6745 3765 9959 5468 6468 4911 1928 8798 4065 3955 9249 9362 4420 999 4340 
False
32
False
1372 4335 6623 2599 6641 995 7419 120 6478 4104 3289 1082 857 498 3417 9769 1857 8353 6745 3765 9959 5468 6468 4911 1928 8798 4065 3955 9249 9362 4420 999 6296 
33
False
False
False
1372 4335 6623 2599 6641 995 7419 120 6478 4104 3289 1082 857 498 3417 9769 1857 8353 6745 3765 9959 5468 6468 4911 1928 8798 4065 3955 9249 9362 4420 999 
1372 4335 6623 2599 6641 995 7419 120 6478 4104 3289 1082 857 498 3417 9769 1857 8353 6745 3765 9959 5468 6468 4911 1928 8798 4065 3955 9249 9362 4420 999 1028 
31
False
False
31
1372 4335 6623 2599 6641 995 7419 120 6478 4104 3289 1082 857 498 3417 9769 1857 8353 6745 3765 9959 5468 6468 4911 1928 8798 4065 3955 9249 9362 629 
1372 4335 6623 2599 6641 995 7419 120 6478 4104 3289 1082 857 498 3417 9769 1857 8353 6745 3765 9959 5468 6468 4911 1928 8798 4065 3955 9249 9362 629 
30
False
False
1372 4335 6623 2599 6641 995 7419 120 6478 4104 3289 1082 857 498 3417 9769 1857 8353 6745 3765 9959 5468 6468 4911 1928 8798 4065 3955 9249 9362 
1372 4335 6623 2599 6641 995 7419 120 6478 4104 3289 1082 857 498 3417 9769 1857 8353 6745 3765 9959 5468 6468 4911 1928 8798 4065 3955 9249 
1372 4335 6623 2599 6641 995 7419 120 6478 4104 3289 1082 857 498 3417 9769 1857 8353 6745 3765 9959 5468 6468 4911 1928 8798 4065 3955 9249 
False
27
False
28
30
False
1372 4335 6623 2599 6641 995 7419 120 6478 4104 3289 1082 857 498 3417 9769 1857 8353 6745 3765 9959 5468 6468 4911 1928 8798 6711 8718 3280 
30
False
False
False
29
False
False
False
29
1372 4335 6623 2599 6641 995 7419 120 6478 4104 3289 1082 857 498 3417 9769 1857 8353 6745 3765 9959 5468 6468 4911 1928 8798 6711 
False
False
False
1372 4335 6623 2599 6641 995 7419 120 6478 4104 3289 1082 857 498 3417 9769 1857 8353 6745 3765 9959 5468 6468 4911 1928 8798 6711 
24
1372 4335 6623 2599 6641 995 7419 120 6478 4104 3289 1082 857 498 3417 9769 1857 8353 6745 3765 9959 5468 6468 2820 
False
1372 4335 6623 2599 6641 995 7419 120 6478 4104 3289 1082 857 498 3417 9769 1857 8353 6745 3765 9959 5468 
False
23
1372 4335 6623 2599 6641 995 7419 120 6478 4104 3289 1082 857 498 3417 9769 1857 8353 6745 3765 9959 5468 7830 
1372 4335 6623 2599 6641 995 7419 120 6478 4104 3289 1082 857 498 3417 9769 1857 8353 6745 3765 9959 5468 7919 
False
False
1372 4335 6623 2599 6641 995 7419 120 6478 4104 3289 1082 857 498 3417 9769 1857 8353 6745 3765 9959 2054 4406 5003 9711 6695 
False
24
False
22
20
20
False
1372 4335 6623 2599 6641 995 7419 120 6478 4104 3289 1082 857 498 3417 9769 1857 8353 6745 3765 4753 5238 4613 
False
False
False
False
23
False
False
1372 4335 6623 2599 6641 995 7419 120 6478 4104 3289 1082 857 498 3417 9769 1857 8353 6745 3765 2359 
21
21
False
False
1372 4335 6623 2599 6641 995 7419 120 6478 4104 3289 1082 857 498 3417 9769 1857 8353 6745 3765 
1372 4335 6623 2599 6641 995 7419 120 6478 4104 3289 1082 857 498 3417 9769 1857 8353 6745 3765 
1372 4335 6623 2599 6641 995 7419 120 6478 4104 3289 1082 857 498 3417 9769 1857 9534 
1372 4335 6623 2599 6641 995 7419 120 6478 4104 3289 1082 857 498 3417 9769 1857 9534 
False
1372 4335 6623 2599 6641 995 7419 120 6478 4104 3289 1082 857 498 3417 9769 1857 9534 
False
18
False
1372 4335 6623 2599 6641 995 7419 120 6478 4104 3289 1082 857 498 3417 9769 1857 1300 
1372 4335 6623 2599 6641 995 7419 120 6478 4104 3289 1082 857 498 3417 9769 1857 1300 
False
16
1372 4335 6623 2599 6641 995 7419 120 6478 4104 3289 1082 857 498 3417 9769 
18
1372 4335 6623 2599 6641 995 7419 120 6478 4104 3289 1082 857 498 3417 9769 6559 6688 
1372 4335 6623 2599 6641 995 7419 120 6478 4104 3289 1082 857 498 3417 9769 6559 5326 2749 
False
False
17
False
1372 4335 6623 2599 6641 995 7419 120 6478 4104 3289 1082 857 498 3417 6872 77 
17
False
False
False
1372 4335 6623 2599 6641 995 7419 120 6478 4104 3289 1082 857 498 3417 6872 
False
False
1372 4335 6623 2599 6641 995 7419 120 6478 4104 3289 1082 857 498 3417 6872 
False
1372 4335 6623 2599 6641 995 7419 120 6478 4104 3289 1082 857 498 1684 4070 
False
1372 4335 6623 2599 6641 995 7419 120 6478 4104 3289 1082 857 498 1684 4070 
17
False
17
17
False
17
1372 4335 6623 2599 6641 995 7419 120 6478 4104 3289 1082 857 498 1684 4070 3678 
False
False
1372 4335 6623 2599 6641 995 7419 120 6478 4104 3289 1082 857 498 1684 4070 
16
18
False
False
False
False
False
1372 4335 6623 2599 6641 995 7419 120 6478 4104 3289 1082 857 498 1236 
1372 4335 6623 2599 6641 995 7419 120 6478 4104 3289 1082 857 498 
False
False
1372 4335 6623 2599 6641 995 7419 120 6478 4104 5705 
11
10
1372 4335 6623 2599 6641 995 7419 120 
False
1372 4335 6623 2599 6641 995 7419 120 6810 6465 
False
1372 4335 6623 2599 6641 995 7419 120 6810 6789 
9
False
11
False
1372 4335 6623 2599 6641 995 7419 120 4410 4219 8075 319 8419 
13
13
False
1372 4335 6623 2599 6641 995 7419 120 4410 4219 8075 319 8419 4207 7887 2097 
1372 4335 6623 2599 6641 995 7419 120 4410 4219 8075 319 8419 4207 7887 2097 
False
1372 4335 6623 2599 6641 995 7419 120 4410 4219 8075 319 8419 4207 7887 2097 4048 
1372 4335 6623 2599 6641 995 7419 120 4410 4219 8075 319 8419 4207 7887 
1372 4335 6623 2599 6641 995 7419 120 4410 4219 8075 319 8419 4207 7887 
14
16
False
False
False
1372 4335 6623 2599 6641 995 7419 120 4410 4219 8075 319 8419 4207 9351 7669 3986 
16
14
False
1372 4335 6623 2599 6641 995 7419 120 4410 4219 8075 319 8419 5944 
1372 4335 6623 2599 6641 995 7419 120 4410 4219 8075 319 8419 5944 
15
False
False
False
False
1372 4335 6623 2599 6641 995 7419 120 4410 4219 8075 319 
False
1372 4335 6623 2599 6641 995 7419 120 4410 4219 8075 
11
1372 4335 6623 2599 6641 995 7419 120 4410 4219 8075 
False
False
1372 4335 6623 2599 6641 995 7419 120 4410 4219 8075 479 3578 3249 
14
False
1372 4335 6623 2599 6641 995 7419 120 4410 4219 8075 479 3578 3249 
14
14
False
11
1372 4335 6623 2599 6641 995 7419 120 4410 4219 
8
False
6
1372 4335 6623 2599 6641 995 3873 
1372 4335 6623 2599 6641 995 3873 2040 1487 
11
9
11
False
False
False
13
13
False
False
1372 4335 6623 2599 6641 995 3873 2040 1487 1284 6096 
False
14
False
False
1372 4335 6623 2599 6641 995 3873 2040 1487 1284 2069 9370 4019 
False
12
1372 4335 6623 2599 6641 995 3873 2040 1487 1284 
False
False
9
False
1372 4335 6623 2599 6641 995 3873 2040 2810 9648 
False
False
False
False
False
1372 4335 6623 2599 6641 995 3873 2040 2810 
1372 4335 6623 2599 6641 995 3873 2040 2810 
8
1372 4335 6623 2599 6641 995 3873 2040 
False
False
False
1372 4335 6623 2599 6641 995 6465 5798 
False
1372 4335 6623 2599 6641 995 6465 5798 
1372 4335 6623 2599 6641 995 6465 5798 9642 
1372 4335 6623 2599 6641 995 6465 5798 9642 
False
16
False
1372 4335 6623 2599 6641 995 6465 5798 9642 9524 1248 3019 6611 7221 5236 5986 5413 
15
14
False
1372 4335 6623 2599 6641 995 6465 5798 9642 9524 1248 3019 6611 7221 911 
False
1372 4335 6623 2599 6641 995 6465 5798 9642 9524 1248 3019 6611 7221 
False
False
False
1372 4335 6623 2599 6641 995 6465 5798 9642 9524 1248 3019 6611 8198 
False
False
False
1372 4335 6623 2599 6641 995 6465 5798 9642 9524 1248 3019 6611 5135 
1372 4335 6623 2599 6641 995 6465 5798 9642 9524 1248 3019 6611 5135 
14
False
15
False
1372 4335 6623 2599 6641 995 6465 5798 9642 9524 1248 3019 6611 5135 1596 7702 171 
17
False
False
False
19
15
1372 4335 6623 2599 6641 995 6465 5798 9642 9524 1248 3019 6611 5135 1596 
1372 4335 6623 2599 6641 995 6465 5798 9642 9524 1248 3019 6611 5135 1596 7511 
17
False
False
False
False
17
1372 4335 6623 2599 6641 995 6465 5798 9642 9524 1248 3019 6611 5135 1596 7511 
1372 4335 6623 2599 6641 995 6465 5798 9642 9524 1248 3019 6611 5135 1596 7511 7951 
1372 4335 6623 2599 6641 995 6465 5798 9642 9524 1248 3019 6611 5135 1596 7511 7951 
False
False
21
20
1372 4335 6623 2599 6641 995 6465 5798 9642 9524 1248 3019 6611 5135 1596 7511 7951 2190 511 3251 
1372 4335 6623 2599 6641 995 6465 5798 9642 9524 1248 3019 6611 5135 1596 7511 7951 2190 511 2525 
False
False
False
False
False
1372 4335 6623 2599 6641 995 6465 5798 9642 9524 1248 3019 6611 5135 1596 7511 7951 2190 511 1851 1146 
1372 4335 6623 2599 6641 995 6465 5798 9642 9524 1248 3019 6611 5135 1596 7511 7951 2190 511 1851 1146 
False
18
False
False
False
False
False
1372 4335 6623 2599 6641 995 6465 5798 9642 9524 1248 3019 6611 5135 1596 7511 7951 8854 
1372 4335 6623 2599 6641 995 6465 5798 9642 9524 1248 3019 6611 5135 1596 7511 7951 8854 
18
False
17
17
False
False
False
1372 4335 6623 2599 6641 995 6465 5798 9642 9524 1248 3019 6611 5135 1596 7511 7951 158 
19
1372 4335 6623 2599 6641 995 6465 5798 9642 9524 1248 3019 6611 5135 1596 7511 7951 158 
False
1372 4335 6623 2599 6641 995 6465 5798 9642 9524 1248 3019 6611 5135 1596 7511 7951 306 9796 
1372 4335 6623 2599 6641 995 6465 5798 9642 9524 1248 3019 6611 5135 1596 7511 7951 306 9796 
1372 4335 6623 2599 6641 995 6465 5798 9642 9524 1248 3019 6611 5135 1596 7511 2583 
18
False
16
False
False
False
15
False
1372 4335 6623 2599 6641 995 6465 5798 9642 9524 1248 3019 6611 5135 1596 381 1185 
1372 4335 6623 2599 6641 995 6465 5798 9642 9524 1248 3019 6611 5135 1596 381 1185 
False
False
1372 4335 6623 2599 6641 995 6465 5798 9642 9524 1248 3019 6611 5135 1596 381 1185 
False
False
1372 4335 6623 2599 6641 995 6465 5798 9642 9524 1248 3019 141 
False
1372 4335 6623 2599 6641 995 6465 5798 9642 9524 1248 3019 141 2856 
False
11
1372 4335 6623 2599 6641 995 6465 5798 9642 9524 
10
1372 4335 6623 2599 6641 995 6465 5798 
9
False
1372 4335 6623 2599 6641 995 3676 8276 7312 
11
14
1372 4335 6623 2599 6641 995 3676 8276 7312 491 3967 1597 7671 4023 6019 
1372 4335 6623 2599 6641 995 3676 8276 7312 491 3967 1597 7671 4023 6019 2288 
False
False
15
False
False
False
1372 4335 6623 2599 6641 995 3676 8276 7312 491 3967 1597 
13
13
1372 4335 6623 2599 6641 995 3676 8276 7312 491 3967 1597 4203 
False
1372 4335 6623 2599 6641 995 3676 8276 7312 491 3967 1597 4203 2279 2143 
18
False
False
False
False
20
False
False
19
False
False
False
1372 4335 6623 2599 6641 995 3676 8276 7312 491 3967 1597 4203 2279 2143 1472 3808 406 7994 
19
1372 4335 6623 2599 6641 995 3676 8276 7312 491 3967 1597 4203 2279 2143 1472 3808 406 7994 8542 
False
False
1372 4335 6623 2599 6641 995 3676 8276 7312 491 3967 1597 4203 2279 2143 1472 3808 406 7641 
19
1372 4335 6623 2599 6641 995 3676 8276 7312 491 3967 1597 4203 2279 2143 1472 3808 406 7641 5223 
False
False
19
1372 4335 6623 2599 6641 995 3676 8276 7312 491 3967 1597 4203 2279 2143 1472 3808 406 7641 
1372 4335 6623 2599 6641 995 3676 8276 7312 491 3967 1597 4203 2279 2143 1472 3808 406 7641 648 
18
False
18
1372 4335 6623 2599 6641 995 3676 8276 7312 491 3967 1597 4203 2279 2143 1472 3808 406 
17
19
1372 4335 6623 2599 6641 995 3676 8276 7312 491 3967 1597 4203 2279 2143 1472 3808 
False
21
1372 4335 6623 2599 6641 995 3676 8276 7312 491 3967 1597 4203 2279 2143 1472 3808 8884 3606 1984 2430 
False
False
23
1372 4335 6623 2599 6641 995 3676 8276 7312 491 3967 1597 4203 2279 2143 1472 3808 8884 3606 1984 2430 3118 3854 3647 
False
24
1372 4335 6623 2599 6641 995 3676 8276 7312 491 3967 1597 4203 2279 2143 1472 3808 8884 3606 1984 2430 3118 3854 3647 
False
23
24
23
23
24
False
23
False
False
19
1372 4335 6623 2599 6641 995 3676 8276 7312 491 3967 1597 4203 2279 2143 1472 3808 8884 3606 
20
False
False
19
1372 4335 6623 2599 6641 995 3676 8276 7312 491 3967 1597 4203 2279 2143 1472 3808 8884 9298 
False
False
False
1372 4335 6623 2599 6641 995 3676 8276 7312 491 3967 1597 4203 2279 2143 1472 3808 5405 9597 
1372 4335 6623 2599 6641 995 3676 8276 7312 491 3967 1597 4203 2279 2143 1472 3808 5405 9597 
False
False
False
16
1372 4335 6623 2599 6641 995 3676 8276 7312 491 3967 1597 4203 2279 
14
False
False
False
False
18
19
1372 4335 6623 2599 6641 995 3676 8276 7312 491 3967 1597 4203 5638 8951 4582 7310 349 
False
1372 4335 6623 2599 6641 995 3676 8276 7312 491 3967 1597 4203 5638 8951 4582 7310 349 5545 
False
False
18
1372 4335 6623 2599 6641 995 3676 8276 7312 491 3967 1597 4203 5638 8951 4582 7310 349 
1372 4335 6623 2599 6641 995 3676 8276 7312 491 3967 1597 4203 5638 8951 4582 7310 349 6012 
False
False
1372 4335 6623 2599 6641 995 3676 8276 7312 491 3967 1597 4203 5638 
False
14
False
False
False
1372 4335 6623 2599 6641 995 3676 8276 7312 491 3967 1597 4203 5638 3220 4047 1239 
1372 4335 6623 2599 6641 995 3676 8276 7312 491 3967 1597 4203 5638 3220 4047 1239 
False
False
False
False
17
1372 4335 6623 2599 6641 995 3676 8276 7312 491 3967 1597 4203 5638 3220 5745 1529 5790 9724 1123 
1372 4335 6623 2599 6641 995 3676 8276 7312 491 3967 1597 4203 5638 3220 5745 1529 5790 9724 1123 
False
1372 4335 6623 2599 6641 995 3676 8276 7312 491 3967 1597 4203 5638 3220 5745 1529 5790 9724 6910 
20
20
20
1372 4335 6623 2599 6641 995 3676 8276 7312 491 3967 1597 4203 5638 3220 5745 1529 5790 9724 6910 
False
19
1372 4335 6623 2599 6641 995 3676 8276 7312 491 3967 1597 4203 5638 3220 5745 1529 5790 1833 1595 
False
False
False
1372 4335 6623 2599 6641 995 3676 8276 7312 491 3967 1597 4203 5638 3220 5745 1529 5790 1833 1595 8104 
1372 4335 6623 2599 6641 995 3676 8276 7312 491 3967 1597 4203 5638 3220 5745 1529 5790 1833 8572 
20
False
False
False
False
False
25
False
1372 4335 6623 2599 6641 995 3676 8276 7312 491 3967 1597 4203 5638 3220 5745 1529 5790 1833 9876 1265 6806 3605 563 4803 8253 
False
1372 4335 6623 2599 6641 995 3676 8276 7312 491 3967 1597 4203 5638 3220 5745 1529 5790 1833 9876 1265 6806 3605 563 4803 8253 6556 
