Empty
Empty
Empty
False
Empty
Empty
False
Empty
False
2998 
False
Empty
0
Empty
Empty


Empty
Empty
8005 
False
False
8005 2358 5557 7374 2317 
8005 2358 5557 7374 2317 4996 
8005 2358 5557 7374 2317 4996 
False
8005 2358 5557 6044 7959 
5
False
5
8005 2358 5557 6044 6689 
5
False
False
4
8005 2358 5557 7074 
False
False
8005 2358 
False
False
False
False
1
8005 6412 
False
False
5
False
False
False
6
8005 2796 5762 2202 3283 9714 
False
False
False
False
8005 2796 5762 2202 3283 9714 1107 7297 1716 
9
8
False
8005 2796 5762 2202 3283 9714 
8005 2796 5762 2202 3283 9714 3701 7053 
9
False
9
False
False
8
False
8
False
False
8005 2796 5762 2202 3283 
False
False
7
False
False
8005 2796 5762 2202 3283 307 3309 8996 
8
8005 2796 5762 2202 3283 307 3309 8996 
False
10
False
8005 2796 5762 2202 3283 307 3309 8996 7173 
8005 2796 5762 2202 3283 307 3309 8996 7173 7993 2626 
False
8005 2796 5762 2202 3283 307 3309 8996 7173 8181 
False
8
8
False
False
9
False
9
False
False
False
False
6
False
False
8005 2796 5762 2202 3283 3747 3041 
False
10
13
8005 2796 5762 2202 3283 3747 3041 8309 2716 8038 7187 5933 4099 6847 
15
8005 2796 5762 2202 3283 3747 3041 8309 2716 8038 7187 5933 4099 
False
8005 2796 5762 2202 3283 3747 3041 8309 2716 8038 7187 5933 4067 1333 4685 
False
False
16
False
False
8005 2796 5762 2202 3283 3747 3041 8309 2716 8038 7187 5933 4067 1333 5441 
8005 2796 5762 2202 3283 3747 3041 8309 2716 8038 7187 5933 4067 1333 
False
14
False
False
