Empty
Empty
0
Empty
True

538 672 3700 7769 
False
5
9
False
538 672 3700 7769 9065 1482 9135 5594 3137 2058 
False
False
538 672 3700 7769 9065 1482 9135 5594 3137 2058 
9
9
538 672 3700 7769 9065 1482 9135 5594 8654 5771 
False
False
538 672 3700 7769 9065 1482 9135 5594 8654 5771 9714 
False
12
False
538 672 3700 7769 9065 1482 9135 5594 8654 5771 9714 2369 872 
538 672 3700 7769 9065 1482 9135 5594 8654 5771 9714 2369 
12
False
538 672 3700 7769 9065 1482 9135 5594 8654 5771 
False
13
538 672 3700 7769 9065 1482 9135 5594 8654 5771 6649 276 
538 672 3700 7769 9065 1482 9135 5594 8654 5771 6649 
False
538 672 3700 7769 9065 1482 9135 5594 8654 5771 2845 5821 
False
False
False
12
12
538 672 3700 7769 9065 1482 9135 5594 8654 5771 249 
False
False
538 672 3700 7769 9065 1482 9135 5594 8654 5771 249 
11
11
False
False
False
538 672 3700 7769 9065 1482 9135 5594 8654 5771 249 1587 
538 672 3700 7769 9065 1482 9135 5594 8654 5771 249 1587 
12
False
False
538 672 3700 7769 9065 1482 9135 5594 8654 5771 249 109 
13
11
11
False
False
False
538 672 3700 7769 9065 1482 9135 5594 8654 5771 249 
13
False
False
538 672 3700 7769 9065 1482 9135 5594 8654 5771 4834 4473 5114 820 1455 3238 2690 
17
False
False
18
False
538 672 3700 7769 9065 1482 9135 5594 8654 5771 4834 4473 5114 820 1455 3238 9145 3252 1908 
False
538 672 3700 7769 9065 1482 9135 5594 8654 5771 4834 4473 5114 820 1455 3238 9145 3252 1908 
21
False
False
538 672 3700 7769 9065 1482 9135 5594 8654 5771 4834 4473 5114 820 1455 3238 9145 3252 1809 6469 8933 2420 
538 672 3700 7769 9065 1482 9135 5594 8654 5771 4834 4473 5114 820 1455 3238 9145 3252 1809 6469 
19
False
False
18
18
False
False
16
17
False
False
538 672 3700 7769 9065 1482 9135 5594 8654 5771 4834 4473 5114 820 1455 154 4664 
19
19
538 672 3700 7769 9065 1482 9135 5594 8654 5771 4834 4473 5114 820 1455 154 4664 7017 3918 
False
18
False
False
False
538 672 3700 7769 9065 1482 9135 5594 8654 5771 4834 4473 5114 820 1455 154 4664 308 9941 2827 4602 403 
20
False
False
False
False
538 672 3700 7769 9065 1482 9135 5594 8654 5771 4834 4473 5114 820 1455 154 4664 8196 
False
False
17
19
False
19
False
538 672 3700 7769 9065 1482 9135 5594 8654 5771 4834 4473 5114 820 1455 154 4664 7522 
538 672 3700 7769 9065 1482 9135 5594 8654 5771 4834 4473 5114 820 1455 154 4664 
538 672 3700 7769 9065 1482 9135 5594 8654 5771 4834 4473 5114 820 1455 154 4664 
538 672 3700 7769 9065 1482 9135 5594 8654 5771 4834 4473 5114 820 1455 154 4664 
538 672 3700 7769 9065 1482 9135 5594 8654 5771 4834 4473 5114 820 1455 6308 
False
False
False
False
False
14
538 672 3700 7769 9065 1482 9135 5594 8654 5771 4834 4473 5114 7339 
12
False
538 672 3700 7769 9065 1482 9135 5594 8654 5771 4834 4473 3203 
False
False
13
False
538 672 3700 7769 9065 1482 9135 5594 8654 5771 4834 4473 3203 
False
538 672 3700 7769 9065 1482 9135 5594 8654 5771 4834 4473 3203 3934 6697 9834 
538 672 3700 7769 9065 1482 9135 5594 8654 5771 4834 4473 3203 3934 6697 9834 2820 
False
False
False
18
538 672 3700 7769 9065 1482 9135 5594 8654 5771 4834 4473 3203 3934 6697 9834 2820 6687 
False
False
False
False
False
False
False
538 672 3700 7769 9065 1482 9135 5594 8654 5771 4834 4473 
False
14
False
538 672 3700 7769 9065 1482 9135 5594 8654 5771 4834 4473 5573 3271 9573 4642 
538 672 3700 7769 9065 1482 9135 5594 8654 5771 4834 4473 5573 3271 9573 4642 
538 672 3700 7769 9065 1482 9135 5594 8654 5771 4834 4473 5573 3271 9573 
16
False
15
538 672 3700 7769 9065 1482 9135 5594 8654 5771 4834 4473 5573 3271 5518 9744 
16
False
17
14
538 672 3700 7769 9065 1482 9135 5594 8654 5771 4834 4473 5573 3271 2530 9909 
538 672 3700 7769 9065 1482 9135 5594 8654 5771 4834 4473 5573 3271 2530 9909 
16
538 672 3700 7769 9065 1482 9135 5594 8654 5771 4834 4473 5573 3271 2530 
538 672 3700 7769 9065 1482 9135 5594 8654 5771 4834 4473 5573 3271 2530 
False
538 672 3700 7769 9065 1482 9135 5594 8654 5771 4834 4473 5573 
11
False
False
False
False
15
False
538 672 3700 7769 9065 1482 9135 5594 8654 5771 4834 9429 4057 576 961 6267 
False
False
16
False
False
False
False
538 672 3700 7769 9065 1482 9135 5594 8654 5771 4834 9429 4057 
538 672 3700 7769 9065 1482 9135 5594 8654 5771 
False
False
False
False
538 672 3700 7769 9065 1482 9135 5594 8654 5771 5155 1916 5568 
False
False
538 672 3700 7769 9065 1482 9135 5594 8654 5771 5155 1916 790 7935 
False
False
False
False
False
False
538 672 3700 7769 9065 1482 9135 5594 8654 5771 5155 1916 790 5325 
False
False
14
False
14
538 672 3700 7769 9065 1482 9135 5594 8654 5771 5155 1916 790 7346 
False
False
False
False
False
15
15
False
False
538 672 3700 7769 9065 1482 9135 5594 8654 5771 5155 1916 790 
False
False
12
12
12
12
538 672 3700 7769 9065 1482 9135 5594 8654 5771 5155 1916 
False
False
False
538 672 3700 7769 9065 1482 9135 5594 8654 5771 5155 1916 9747 
13
False
False
False
14
538 672 3700 7769 9065 1482 9135 5594 8654 5771 5155 1916 9747 8622 
14
False
538 672 3700 7769 9065 1482 9135 5594 8654 5409 813 4211 962 
538 672 3700 7769 9065 1482 9135 5594 8654 5409 813 4211 962 5651 7022 1897 
538 672 3700 7769 9065 1482 9135 5594 8654 5409 813 4211 962 5651 7022 1897 
False
538 672 3700 7769 9065 1482 9135 5594 8654 5409 813 4211 962 5651 7022 1897 
False
False
538 672 3700 7769 9065 1482 9135 5594 8654 5409 813 4211 962 5651 7022 1897 9072 3444 9265 8304 
538 672 3700 7769 9065 1482 9135 5594 8654 5409 813 4211 962 5651 7022 1897 9072 3444 9265 
False
21
False
False
False
538 672 3700 7769 9065 1482 9135 5594 8654 5409 813 4211 962 5651 7022 1897 9072 3444 6527 
19
False
False
538 672 3700 7769 9065 1482 9135 5594 8654 5409 813 4211 962 5651 7022 1897 9072 3444 7542 7606 1511 1953 9441 
False
24
False
538 672 3700 7769 9065 1482 9135 5594 8654 5409 813 4211 962 5651 7022 1897 9072 3444 7542 7606 1511 1953 9441 5455 7402 
25
False
25
538 672 3700 7769 9065 1482 9135 5594 8654 5409 813 4211 962 5651 7022 1897 9072 3444 7542 7606 1511 1953 9441 5455 7402 
False
538 672 3700 7769 9065 1482 9135 5594 8654 5409 813 4211 962 5651 7022 1897 9072 3444 7542 7606 1511 1953 9441 5455 7402 8767 
27
26
False
27
False
538 672 3700 7769 9065 1482 9135 5594 8654 5409 813 4211 962 5651 7022 1897 9072 3444 7542 7606 1511 1953 9441 5455 7402 8767 
26
538 672 3700 7769 9065 1482 9135 5594 8654 5409 813 4211 962 5651 7022 1897 9072 3444 7542 7606 1511 1953 9441 5455 7402 8767 8665 
538 672 3700 7769 9065 1482 9135 5594 8654 5409 813 4211 962 5651 7022 1897 9072 3444 7542 7606 1511 1953 9441 5455 7402 8767 8665 
False
538 672 3700 7769 9065 1482 9135 5594 8654 5409 813 4211 962 5651 7022 1897 9072 3444 7542 7606 1511 1953 9441 5455 7402 8767 8665 
False
False
538 672 3700 7769 9065 1482 9135 5594 8654 5409 813 4211 962 5651 7022 1897 9072 3444 7542 7606 1511 1953 9441 
25
False
False
False
538 672 3700 7769 9065 1482 9135 5594 8654 5409 813 4211 962 5651 7022 1897 9072 3444 7542 7606 1511 1953 9441 8427 
False
False
False
False
False
False
False
False
False
False
False
538 672 3700 7769 9065 1482 9135 5594 8654 5409 813 4211 962 5651 7022 1897 9072 3444 7542 7606 1511 
False
538 672 3700 7769 9065 1482 9135 5594 8654 5409 813 4211 962 5651 7022 1897 9072 3444 7542 7606 
538 672 3700 7769 9065 1482 9135 5594 8654 5409 813 4211 962 5651 7022 1897 9072 3444 7542 
False
20
19
538 672 3700 7769 9065 1482 9135 5594 8654 5409 813 4211 962 5651 7022 1897 9072 3444 7542 
False
False
18
538 672 3700 7769 9065 1482 9135 5594 8654 5409 813 4211 962 5651 7022 1897 
False
False
13
14
False
16
False
False
False
False
538 672 3700 7769 9065 1482 9135 5594 8654 5409 813 4211 1179 
538 672 3700 7769 9065 1482 9135 5594 8654 5409 813 4211 1179 
False
13
False
False
10
538 672 3700 7769 9065 1482 9135 5594 4690 5828 
False
9
8
False
False
False
False
False
8
False
False
False
10
False
False
False
False
False
7
8
9
False
9
False
False
False
False
False
False
538 672 3700 7769 4243 4195 
False
False
False
5
False
False
False
538 672 3700 2786 
False
False
1
False
1
Empty
Empty
5103 5935 1171 4478 4359 3512 
False
4
False
False
False
4
False
5
5103 5935 1171 4478 6055 6259 4749 
False
False
False
False
False
5
False
False
5103 5935 1171 4478 4639 8042 
False
5
4
False
5103 5935 4468 
False
False
False
False
False
False
5
False
False
2
False
False
2
5103 
False
3
False
False
5
5103 1445 1189 981 8151 
5103 1445 1189 981 8151 
False
5103 1445 1189 
False
False
5103 4854 6403 
4
5
5103 4854 6403 5636 9378 
False
False
5103 4854 6403 5636 9795 
False
5103 4854 6403 5636 
5103 4854 6403 5636 7155 3478 
False
5103 4854 6403 5636 7155 3478 
False
False
7
False
False
False
False
6
5103 4854 6403 5636 7155 7913 
5103 4854 6403 5636 7155 
5103 4854 6403 5636 7155 
False
False
False
4
False
False
False
False
False
False
False
5103 7953 
False
False
False
False
False
5103 7953 
Empty
0
False
Empty

False
Empty

True
False
0
1748 1404 
False
False
5
False
5
2
3
False
False
1748 1404 6189 7523 300 869 4459 6597 5941 
False
False
1748 1404 6189 7523 300 869 4459 6597 5941 2928 
False
False
False
1748 1404 6189 7523 300 869 4459 6597 5941 3530 8433 
10
1748 1404 6189 7523 300 869 4459 6597 5941 3530 3384 
11
False
13
False
False
1748 1404 6189 7523 300 869 4459 6597 5941 3530 9163 1905 124 2087 
False
1748 1404 6189 7523 300 869 4459 6597 5941 3530 9163 1905 124 2087 
False
False
13
14
False
11
10
1748 1404 6189 7523 300 869 4459 6597 5941 3852 
1748 1404 6189 7523 300 869 4459 6597 5941 3852 
10
11
1748 1404 6189 7523 300 869 4459 6597 5941 3852 
False
False
False
10
False
10
False
9
False
1748 1404 6189 7523 300 869 4459 6597 
False
1748 1404 6189 7523 300 869 4459 6597 366 
False
1748 1404 6189 7523 300 869 4459 6597 7467 2585 
11
False
1748 1404 6189 7523 300 869 4459 6597 7467 2585 4925 
1748 1404 6189 7523 300 869 4459 6597 7467 2585 4925 
False
11
False
False
False
1748 1404 6189 7523 300 869 4459 6597 7467 1692 2053 
False
1748 1404 6189 7523 300 869 4459 6597 7467 
1748 1404 6189 7523 300 869 4459 6597 7467 
False
8
False
False
False
1748 1404 6189 7523 300 869 4459 6597 
8
1748 1404 6189 7523 300 869 4459 6597 
8
1748 1404 6189 7523 300 869 4459 6597 2098 
1748 1404 6189 7523 300 869 4459 6597 2098 
False
7
False
False
False
7
7
False
False
False
False
False
9
False
1748 1404 6189 7523 300 869 4459 4411 9251 
False
1748 1404 6189 7523 300 869 4459 4411 9251 6150 
False
False
1748 1404 6189 7523 300 869 4459 4411 1399 3462 9899 3720 9402 9609 
False
15
15
1748 1404 6189 7523 300 869 4459 4411 1399 3462 9899 3720 9402 9609 8033 7164 
15
1748 1404 6189 7523 300 869 4459 4411 1399 3462 9899 3720 9402 9609 3538 
False
False
1748 1404 6189 7523 300 869 4459 4411 1399 3462 9899 3720 9402 9609 3538 144 
False
False
1748 1404 6189 7523 300 869 4459 4411 1399 3462 9899 3720 5519 9023 
1748 1404 6189 7523 300 869 4459 4411 1399 3462 9899 3720 5519 9023 8172 
False
False
False
17
1748 1404 6189 7523 300 869 4459 4411 1399 3462 9899 3720 5519 9023 8172 156 
17
False
16
16
False
16
1748 1404 6189 7523 300 869 4459 4411 1399 3462 9899 3720 5519 9023 8172 156 2261 
1748 1404 6189 7523 300 869 4459 4411 1399 3462 9899 3720 5519 9023 8172 156 
16
False
False
18
False
False
20
False
False
20
1748 1404 6189 7523 300 869 4459 4411 1399 3462 9899 3720 5519 9023 8172 156 4247 1651 9426 
1748 1404 6189 7523 300 869 4459 4411 1399 3462 9899 3720 5519 9023 8172 156 4247 1651 9426 1991 
20
False
False
1748 1404 6189 7523 300 869 4459 4411 1399 3462 9899 3720 5519 9023 8172 156 4247 
False
False
1748 1404 6189 7523 300 869 4459 4411 1399 3462 9899 3720 5519 9023 8172 156 4247 8289 
18
False
1748 1404 6189 7523 300 869 4459 4411 1399 3462 9899 3720 5519 9023 8172 156 4247 8289 7499 
18
1748 1404 6189 7523 300 869 4459 4411 1399 3462 9899 3720 5519 9023 8172 156 4247 8289 8942 
False
18
1748 1404 6189 7523 300 869 4459 4411 1399 3462 9899 3720 5519 9023 8172 156 
1748 1404 6189 7523 300 869 4459 4411 1399 3462 9899 3720 5519 9023 8172 156 
False
15
False
1748 1404 6189 7523 300 869 4459 4411 1399 3462 9899 3720 1607 
False
False
False
1748 1404 6189 7523 300 869 4459 4411 1399 3462 9899 9141 5426 
15
False
1748 1404 6189 7523 300 869 4459 4411 1399 3462 9899 9141 5426 2639 
False
1748 1404 6189 7523 300 869 4459 4411 1399 3462 9899 9141 
False
13
1748 1404 6189 7523 300 869 4459 4411 1399 3462 9899 9141 8871 
False
1748 1404 6189 7523 300 869 4459 4411 
8
False
8
1748 1404 6189 7523 300 869 4459 4378 
1748 1404 6189 7523 300 869 4459 4378 
1748 1404 6189 7523 300 869 4459 
7
False
False
False
False
7
False
9
1748 1404 6189 7523 300 869 977 4967 4785 
1748 1404 6189 7523 300 869 977 
False
False
1748 1404 6189 7523 300 869 6454 
False
8
False
9
1748 1404 6189 7523 300 869 2661 9507 4031 
1748 1404 6189 7523 300 869 2661 8832 2833 
1748 1404 6189 7523 300 869 2661 8832 2833 
False
False
1748 1404 6189 7523 300 869 2661 8832 2833 2736 6548 5260 
False
False
False
1748 1404 6189 7523 300 869 2661 8832 2833 2736 6548 5260 900 2800 
False
1748 1404 6189 7523 300 869 2661 8832 2833 2736 6548 5260 900 
False
False
False
False
False
17
1748 1404 6189 7523 300 869 2661 8832 2833 2736 6548 5260 900 6859 7132 7237 3943 
False
18
1748 1404 6189 7523 300 869 2661 8832 2833 2736 6548 5260 900 6859 7132 7237 3943 4315 
1748 1404 6189 7523 300 869 2661 8832 2833 2736 6548 5260 900 6859 7132 7237 3943 4315 
False
False
17
17
16
16
False
1748 1404 6189 7523 300 869 2661 8832 2833 2736 6548 5260 900 6859 7132 7237 2349 
False
False
18
False
False
False
False
1748 1404 6189 7523 300 869 2661 8832 2833 2736 6548 5260 
12
False
1748 1404 6189 7523 300 869 2661 8832 2833 2736 6548 5263 7020 9584 
15
1748 1404 6189 7523 300 869 2661 8832 2833 2736 6548 5263 7020 
1748 1404 6189 7523 300 869 2661 8832 2833 2736 6548 5263 7020 
False
1748 1404 6189 7523 300 869 2661 
False
False
False
1
False
Empty
Empty

9790 
False
True
False
False
False
False
1769 2098 6777 817 5548 2027 
1769 2098 6777 817 5548 2027 1657 3357 5718 
False
False
9
1769 2098 6777 817 5548 2027 1657 
False
7
False
False
False
6
False
False
False
1769 2098 6777 817 5548 
False
1769 2098 6777 817 5548 8609 5295 
1769 2098 6777 817 5548 8609 5295 
1769 2098 6777 817 5548 8609 5295 9802 
False
False
7
7
7
1769 2098 6777 817 5548 8609 5295 4937 
False
1769 2098 6777 817 5548 8609 9668 2842 4732 
8
1769 2098 6777 817 5548 8609 9668 2842 
10
1769 2098 6777 817 5548 8609 9668 2842 2007 9384 
False
False
False
False
False
10
1769 2098 6777 817 5548 8609 9668 2842 2007 6709 
False
False
10
10
10
1769 2098 6777 817 5548 8609 9668 2842 2007 5545 
1769 2098 6777 817 5548 8609 9668 2842 2007 5545 3358 
False
7
8
False
1769 2098 6777 817 5548 8609 9668 8110 
9
8
1769 2098 6777 817 5548 8609 9668 8110 
1769 2098 6777 817 5548 8609 9668 8110 
1769 2098 6777 817 5548 8609 9668 8110 
7
1769 2098 6777 817 5548 8609 9668 5355 1109 
False
9
False
False
1769 2098 6777 817 5548 8609 9668 5355 1109 4718 
False
False
False
11
False
False
14
False
False
1769 2098 6777 817 5548 8609 9668 5355 1109 4718 1380 
False
False
False
8
False
1769 2098 6777 817 5548 8609 9668 5355 4443 
9
1769 2098 6777 817 5548 8609 9668 5355 4443 2344 
False
False
False
1769 2098 6777 817 5548 8609 9668 5355 4443 
9
9
False
1769 2098 6777 817 5548 8609 9668 
1769 2098 6777 817 5548 8609 9668 
False
False
8
False
12
12
1769 2098 6777 817 5548 8609 3835 422 1862 936 3442 7258 
10
False
1769 2098 6777 817 5548 8609 3835 422 1862 7686 
11
1769 2098 6777 817 5548 8609 3835 422 1862 7686 
False
False
False
1769 2098 6777 
False
3
False
False
3
False
4
1769 2098 848 661 
3
4
6
False
8
False
1769 2098 848 9021 2294 5422 863 6473 
8
1769 2098 848 9021 2294 5422 863 6473 6659 
False
False
False
False
False
1769 2098 848 9021 2294 5422 863 6473 6659 7336 8732 9493 
1769 2098 848 9021 2294 5422 863 6473 6659 7336 8732 9493 6262 
False
1769 2098 848 9021 2294 5422 863 6473 6659 7336 8732 9493 6262 
False
False
15
14
False
14
1769 2098 848 9021 2294 5422 863 6473 6659 7336 8732 9493 6262 9098 
1769 2098 848 9021 2294 5422 863 6473 6659 7336 
False
False
1769 2098 848 9021 2294 5422 863 6473 6659 7336 6400 
10
False
1769 2098 848 9021 2294 5422 863 6473 1465 3880 
False
1769 2098 848 9021 2294 5422 863 
False
4
False
1769 2098 
1769 2098 274 
3
False
False
False
3
False
False
False
False
False
9
1769 2098 2211 2392 1850 3700 550 8376 5739 
10
1769 2098 2211 2392 1850 3700 550 8376 5739 
False
7
False
1769 2098 2211 2392 1850 3700 550 8082 
1769 2098 2211 2392 1850 3700 550 8082 2123 
1769 2098 2211 2392 1850 3700 550 8082 
False
1769 2098 2211 2392 1850 3700 550 8082 5847 3924 
False
False
1769 2098 2211 2392 1850 3700 550 8082 5847 
False
9
False
1769 2098 2211 2392 1850 3700 550 8082 6053 
False
8
False
False
1769 2098 2211 2392 1850 3700 6703 
3
3
False
Empty
False
7444 4765 4095 
7444 4765 4095 8955 5250 111 
7
6
6
7444 4765 4095 8955 5250 111 
6
False
False
False
7444 4765 4095 8955 5250 111 8963 1790 
False
9
False
False
False
7444 4765 4095 8955 5250 111 8963 1790 
9
False
11
7444 4765 4095 8955 5250 111 8963 1790 8774 1128 
False
False
12
False
15
7444 4765 4095 8955 5250 111 8963 1790 8774 1128 3558 4016 4902 8845 
False
False
7444 4765 4095 8955 5250 111 8963 1790 8774 1128 3558 4016 4902 5902 
False
False
7444 4765 4095 8955 5250 111 8963 1790 8774 1128 3558 
False
12
False
False
11
False
7444 4765 4095 8955 5250 111 8963 1790 8774 1128 3558 1073 1124 9480 
False
7444 4765 4095 8955 5250 111 8963 1790 8774 1128 3558 
False
False
7444 4765 4095 8955 5250 111 8963 1790 8774 1128 4095 
False
False
11
11
10
False
7444 4765 4095 8955 5250 111 8963 1790 693 
9
False
False
False
7444 4765 4095 8955 5250 111 8963 1790 693 9599 4525 
False
False
7444 4765 4095 8955 5250 111 8963 3824 
8
8
False
False
7444 4765 4095 8955 5250 111 8963 3824 3150 2948 
7444 4765 4095 8955 5250 111 8963 3824 3150 2948 
7444 4765 4095 8955 5250 111 8963 3824 3150 2948 5333 2514 
12
7444 4765 4095 8955 5250 111 8963 3824 3150 2948 5333 6312 
11
11
False
False
False
14
False
False
False
False
False
7444 4765 4095 8955 5250 111 8963 3824 3150 2948 5333 5454 2058 
False
False
False
21
21
False
False
7444 4765 4095 8955 5250 111 8963 3824 3150 2948 5333 5454 2058 9406 9424 5551 3534 9436 5736 5821 4783 8984 7915 7060 3364 6887 3878 3846 
29
False
30
7444 4765 4095 8955 5250 111 8963 3824 3150 2948 5333 5454 2058 9406 9424 5551 3534 9436 5736 5821 4783 8984 7915 7060 3364 6887 3878 3846 3095 
7444 4765 4095 8955 5250 111 8963 3824 3150 2948 5333 5454 2058 9406 9424 5551 3534 9436 5736 5821 4783 8984 7915 7060 3364 6887 3878 3846 3095 9659 
7444 4765 4095 8955 5250 111 8963 3824 3150 2948 5333 5454 2058 9406 9424 5551 3534 9436 5736 5821 4783 8984 7915 7060 3364 6887 3878 3846 3095 9659 
False
7444 4765 4095 8955 5250 111 8963 3824 3150 2948 5333 5454 2058 9406 9424 5551 3534 9436 5736 5821 4783 8984 7915 7060 3364 6887 3878 3846 3095 9659 
7444 4765 4095 8955 5250 111 8963 3824 3150 2948 5333 5454 2058 9406 9424 5551 3534 9436 5736 5821 4783 8984 7915 7060 3364 6887 3878 3846 3095 9659 
7444 4765 4095 8955 5250 111 8963 3824 3150 2948 5333 5454 2058 9406 9424 5551 3534 9436 5736 5821 4783 8984 7915 7060 3364 6887 3878 
7444 4765 4095 8955 5250 111 8963 3824 3150 2948 5333 5454 2058 9406 9424 5551 3534 9436 5736 5821 4783 8984 7915 7060 3364 6887 
26
26
7444 4765 4095 8955 5250 111 8963 3824 3150 2948 5333 5454 2058 9406 9424 5551 3534 9436 5736 5821 4783 8984 7915 7060 3364 1821 
26
26
False
False
False
False
7444 4765 4095 8955 5250 111 8963 3824 3150 2948 5333 5454 2058 9406 9424 5551 3534 9436 5736 5821 4783 8984 7915 7060 3364 8594 3388 7043 
7444 4765 4095 8955 5250 111 8963 3824 3150 2948 5333 5454 2058 9406 9424 5551 3534 9436 5736 5821 4783 8984 7915 7060 3364 8594 3388 7043 6505 
False
7444 4765 4095 8955 5250 111 8963 3824 3150 2948 5333 5454 2058 9406 9424 5551 3534 9436 5736 5821 4783 8984 7915 7060 3364 8594 3388 7043 6505 5522 
False
7444 4765 4095 8955 5250 111 8963 3824 3150 2948 5333 5454 2058 9406 9424 5551 3534 9436 5736 5821 4783 8984 7915 7060 3364 8594 3388 7043 6505 5522 1226 
31
False
7444 4765 4095 8955 5250 111 8963 3824 3150 2948 5333 5454 2058 9406 9424 5551 3534 9436 5736 5821 4783 8984 7915 7060 3364 8594 3388 7043 6505 5522 1226 8727 3434 4791 7567 7903 
7444 4765 4095 8955 5250 111 8963 3824 3150 2948 5333 5454 2058 9406 9424 5551 3534 9436 5736 5821 4783 8984 7915 7060 3364 8594 3388 7043 6505 5522 1226 8727 3434 4791 7567 7903 
False
37
False
False
False
False
7444 4765 4095 8955 5250 111 8963 3824 3150 2948 5333 5454 2058 9406 9424 5551 3534 9436 5736 5821 4783 8984 7915 7060 3364 8594 3388 7043 6505 5522 1226 8727 3434 4791 2393 6992 7911 2081 4211 
39
False
38
7444 4765 4095 8955 5250 111 8963 3824 3150 2948 5333 5454 2058 9406 9424 5551 3534 9436 5736 5821 4783 8984 7915 7060 3364 8594 3388 7043 6505 5522 1226 8727 3434 4791 2393 6992 7911 
7444 4765 4095 8955 5250 111 8963 3824 3150 2948 5333 5454 2058 9406 9424 5551 3534 9436 5736 5821 4783 8984 7915 7060 3364 8594 3388 7043 6505 5522 1226 8727 3434 4791 2393 6992 
36
False
False
7444 4765 4095 8955 5250 111 8963 3824 3150 2948 5333 5454 2058 9406 9424 5551 3534 9436 5736 5821 4783 8984 7915 7060 3364 8594 3388 7043 6505 5522 1226 8727 3434 4791 2393 6992 
False
False
False
35
False
False
36
False
False
False
False
False
False
32
33
False
False
False
False
29
False
7444 4765 4095 8955 5250 111 8963 3824 3150 2948 5333 5454 2058 9406 9424 5551 3534 9436 5736 5821 4783 8984 7915 7060 3364 8594 3388 7043 6505 1181 7368 
31
30
False
7444 4765 4095 8955 5250 111 8963 3824 3150 2948 5333 5454 2058 9406 9424 5551 3534 9436 5736 5821 4783 8984 7915 7060 3364 8594 3388 7043 6505 6872 
False
False
7444 4765 4095 8955 5250 111 8963 3824 3150 2948 5333 5454 2058 9406 9424 5551 3534 9436 5736 5821 4783 8984 7915 7060 3364 8594 3388 7043 
False
False
7444 4765 4095 8955 5250 111 8963 3824 3150 2948 5333 5454 2058 9406 9424 5551 3534 9436 5736 5821 4783 8984 7915 
False
7444 4765 4095 8955 5250 111 8963 3824 3150 2948 5333 5454 2058 9406 9424 5551 3534 9436 5736 5821 4783 
19
18
18
18
False
7444 4765 4095 8955 5250 111 8963 3824 3150 2948 5333 5454 2058 9406 9424 5551 3534 
7444 4765 4095 8955 5250 111 8963 3824 3150 2948 5333 5454 2058 9406 9424 5551 722 4403 2305 6052 7152 
False
21
7444 4765 4095 8955 5250 111 8963 3824 3150 2948 5333 5454 2058 9406 9424 5551 722 4403 2305 6052 7152 5309 8579 
22
False
False
False
15
False
False
False
False
7444 4765 4095 8955 5250 111 8963 3824 3150 2948 5333 5454 2058 9406 132 
7444 4765 4095 8955 5250 111 8963 3824 3150 2948 5333 5454 2058 9406 132 
21
21
19
False
False
18
7444 4765 4095 8955 5250 111 8963 3824 3150 2948 5333 5454 2058 9406 132 3435 4852 1008 
False
7444 4765 4095 8955 5250 111 8963 3824 3150 2948 5333 5454 2058 9406 132 3435 4852 
7444 4765 4095 8955 5250 111 8963 3824 3150 2948 5333 5454 2058 9406 132 3435 4852 324 
False
7444 4765 4095 8955 5250 111 8963 3824 3150 2948 5333 5454 2058 
False
False
7444 4765 4095 8955 5250 111 8963 3824 3150 2948 5333 5454 7772 
7444 4765 4095 8955 5250 111 8963 3824 3150 2948 5333 5454 
7444 4765 4095 8955 5250 111 8963 3824 3150 2948 5333 5454 7447 
False
15
7444 4765 4095 8955 5250 111 8963 3824 3150 2948 5333 5454 7447 1967 9130 7559 
False
15
7444 4765 4095 8955 5250 111 8963 3824 3150 2948 5333 5454 7447 1967 9130 
False
7444 4765 4095 8955 5250 111 8963 3824 3150 2948 5333 5454 7447 1967 
7444 4765 4095 8955 5250 111 8963 3824 3150 2948 5333 5454 
False
13
False
7444 4765 4095 8955 5250 111 8963 3824 3150 
7444 4765 4095 8955 5250 111 8963 3824 8030 
9
False
9
False
8
False
False
False
False
12
False
12
7444 4765 4095 8955 5250 111 8963 9683 5145 805 7800 4534 
False
7444 4765 4095 8955 5250 111 8963 9683 5145 805 7800 4534 
12
12
False
7444 4765 4095 8955 5250 111 8963 9683 5145 805 7800 
11
11
False
7444 4765 4095 8955 5250 111 8963 9683 4060 
11
False
False
13
False
False
False
False
7444 4765 4095 8955 5250 111 8963 9683 4060 2329 6544 
False
False
False
False
False
17
False
18
17
17
False
7444 4765 4095 8955 5250 111 8963 9683 4060 2329 6544 9180 6210 9514 6890 5555 8294 5916 
False
18
18
False
False
19
False
False
False
18
False
17
False
False
False
7444 4765 4095 8955 5250 111 8963 9683 4060 2329 6544 9180 6210 9514 6890 5555 1587 
15
7444 4765 4095 8955 5250 111 8963 9683 4060 2329 6544 9180 6210 9514 
False
7444 4765 4095 8955 5250 111 8963 9683 4060 2329 6544 9180 
False
False
18
7444 4765 4095 8955 5250 111 8963 9683 4060 2329 6544 9180 4528 9768 2784 4285 555 4880 7748 9108 
False
21
21
False
7444 4765 4095 8955 5250 111 8963 9683 4060 2329 6544 9180 4528 9768 2784 4285 555 4880 7748 9108 
False
False
7444 4765 4095 8955 5250 111 8963 9683 4060 2329 6544 9180 4528 9768 2784 4285 555 4880 7748 9108 
7444 4765 4095 8955 5250 111 8963 9683 4060 2329 6544 9180 4528 9768 2784 4285 555 
7444 4765 4095 8955 5250 111 8963 9683 4060 2329 6544 9180 4528 9768 2784 4285 555 110 
False
19
7444 4765 4095 8955 5250 111 8963 9683 4060 2329 6544 9180 4528 9768 2784 4285 555 7515 
False
18
False
7444 4765 4095 8955 5250 111 8963 9683 4060 2329 6544 9180 4528 9768 2784 6124 3714 9179 5910 
False
7444 4765 4095 8955 5250 111 8963 9683 4060 2329 6544 9180 4528 9768 2784 6124 3714 9179 
False
7444 4765 4095 8955 5250 111 8963 9683 4060 2329 6544 9180 4528 9768 2784 6124 
False
7444 4765 4095 8955 5250 111 8963 9683 4060 2329 6544 9180 4528 9768 2784 6124 
False
False
19
False
False
False
16
15
False
14
False
False
False
False
15
15
False
False
7444 4765 4095 8955 5250 111 8963 9683 4060 2329 6544 9180 4528 9768 8221 
False
False
False
False
12
False
False
False
False
7444 4765 4095 8955 5250 111 8963 9683 4060 2329 6812 3307 9812 2168 
7444 4765 4095 8955 5250 111 8963 9683 4060 2329 6812 3307 9812 
False
False
7444 4765 4095 8955 5250 111 8963 9683 4060 2329 6812 3307 9843 
False
12
12
7444 4765 4095 8955 5250 111 8963 9683 4060 2329 6812 8999 
7444 4765 4095 8955 5250 111 8963 9683 4060 2329 6812 8999 5372 7418 
False
False
False
False
7444 4765 4095 8955 5250 111 8963 9683 4060 2329 6812 8999 5372 9334 7138 
12
13
False
7444 4765 4095 8955 5250 111 8963 9683 4060 2329 6812 8999 
7444 4765 4095 8955 5250 111 8963 9683 4060 2329 6812 8999 
7444 4765 4095 8955 5250 111 8963 9683 4060 2329 6812 
11
False
False
False
False
7444 4765 4095 8955 5250 111 8963 9683 4060 9874 
False
False
False
False
7444 4765 4095 8955 5250 
7444 4765 4095 8955 5250 
False
7
7444 4765 4095 8955 5250 7047 
False
False
False
False
3
1
3
3
7712 7870 3250 
False
Empty
Empty
Empty
0
Empty
Empty

Empty
1
False

9988 3957 
False
False
False
False
9988 2099 1355 7145 
6
6
9988 2099 1355 7145 254 1800 
9988 2099 1355 7145 254 1800 
False
False
False
9
False
9
9988 2099 1355 7145 254 4162 4864 4912 1725 5636 4682 3798 
False
9988 2099 1355 7145 254 4162 4864 4912 1725 5636 4682 9661 9137 
9
9
9988 2099 1355 7145 254 4162 4864 4912 2299 
8
False
10
False
12
13
False
11
False
False
9988 2099 1355 7145 254 4162 4864 3373 7434 3449 6587 5727 7442 
12
9988 2099 1355 7145 254 4162 4864 3373 7434 3449 6587 5727 452 
9988 2099 1355 7145 254 4162 4864 3373 7434 3449 6587 5727 452 2730 7390 
False
9988 2099 1355 7145 254 4162 4864 3373 7434 3449 6587 5727 452 2730 7390 
9988 2099 1355 7145 254 4162 4864 3373 7434 3449 6587 5727 452 2730 7390 
False
9988 2099 1355 7145 254 4162 4864 3373 7434 3449 6587 5727 452 7454 7422 
15
False
9988 2099 1355 7145 254 4162 4864 3373 7434 3449 6587 5727 452 
9988 2099 1355 7145 254 4162 4864 3373 7434 3449 
9
9
False
9
9988 2099 1355 7145 254 4162 4864 3373 
7
9988 2099 1355 7145 254 4162 4864 
7
False
False
False
9988 2099 1355 7145 254 4162 4864 6717 
9988 2099 1355 7145 254 4162 4864 6717 2113 
9988 2099 1355 7145 254 4162 4864 6717 2113 3811 
9988 2099 1355 7145 254 4162 4864 6717 2113 3811 
False
False
False
False
9988 2099 1355 7145 254 4162 4864 6717 2113 5874 
False
10
9988 2099 1355 7145 254 4162 4864 6717 2113 
9988 2099 1355 7145 254 4162 4864 6717 2113 
False
False
False
10
False
False
False
False
13
9988 2099 1355 7145 254 4162 4864 6717 2113 2659 1600 6417 7775 5394 9394 7440 
False
15
15
15
False
False
False
16
9988 2099 1355 7145 254 4162 4864 6717 2113 2659 1600 6417 7775 4780 5882 7182 
16
False
False
False
False
False
False
False
9988 2099 1355 7145 254 4162 4864 6717 2113 2659 1600 6417 7775 
False
False
False
False
10
9988 2099 1355 7145 254 4162 4864 6717 2113 1866 
False
False
9988 2099 1355 7145 254 4162 4864 6717 2113 1866 8571 5968 5485 8156 
9988 2099 1355 7145 254 4162 4864 6717 2113 1866 8571 5968 5485 
9988 2099 1355 7145 254 4162 4864 6717 2113 1866 8571 5968 5485 6305 3047 
False
False
9988 2099 1355 7145 254 4162 4864 6717 2113 1866 8571 5968 5485 3912 4745 3929 7373 7130 980 
False
9988 2099 1355 7145 254 4162 4864 6717 2113 1866 8571 5968 5485 3912 4745 3929 7373 7130 
17
17
False
False
False
False
False
9988 2099 1355 7145 254 4162 4864 6717 2113 1866 8571 5968 5485 3912 4745 5465 
False
False
False
9988 2099 1355 7145 254 4162 4864 6717 2113 1866 8571 5968 5485 3912 4745 5465 
16
9988 2099 1355 7145 254 4162 4864 6717 2113 1866 8571 5968 5485 3912 4745 5465 
9988 2099 1355 7145 254 4162 4864 6717 2113 1866 8571 5968 5485 3912 
14
14
False
13
9988 2099 1355 7145 254 4162 4864 6717 2113 1866 8571 5968 5485 
False
False
9988 2099 1355 7145 254 4162 4864 6717 2113 1866 8571 5968 5485 
False
False
False
9988 2099 1355 7145 254 4162 4864 6717 2113 1866 8571 5968 2674 2189 6263 2 2173 
False
False
18
False
False
15
14
9988 2099 1355 7145 254 4162 4864 6717 2113 1866 8571 5968 2674 2189 
False
9988 2099 1355 7145 254 4162 4864 6717 2113 1866 8571 5968 2674 2189 
False
False
15
9988 2099 1355 7145 254 4162 4864 6717 2113 1866 8571 5968 2674 235 3358 
False
False
9988 2099 1355 7145 254 4162 4864 6717 2113 1866 8571 5968 2674 235 6418 
18
False
False
False
9988 2099 1355 7145 254 4162 4864 6717 2113 1866 8571 5968 2674 235 6418 932 8060 1234 2945 
False
18
9988 2099 1355 7145 254 4162 4864 6717 2113 1866 8571 5968 2674 235 6418 932 8060 5649 8979 
False
False
9988 2099 1355 7145 254 4162 4864 6717 2113 1866 8571 5968 2674 235 6418 932 8060 5649 8979 508 8988 
9988 2099 1355 7145 254 4162 4864 6717 2113 1866 8571 5968 2674 235 6418 932 8060 5649 8979 508 
9988 2099 1355 7145 254 4162 4864 6717 2113 1866 8571 5968 2674 235 6418 932 8060 5649 8979 508 
19
9988 2099 1355 7145 254 4162 4864 6717 2113 1866 8571 5968 2674 235 6418 932 8060 5649 4784 
False
9988 2099 1355 7145 254 4162 4864 6717 2113 1866 8571 5968 2674 235 6418 932 8060 5649 4784 3483 
9988 2099 1355 7145 254 4162 4864 6717 2113 1866 8571 5968 2674 235 6418 932 8060 5649 4784 4727 
18
9988 2099 1355 7145 254 4162 4864 6717 2113 1866 8571 5968 2674 235 6418 932 8060 5649 
19
19
9988 2099 1355 7145 254 4162 4864 6717 2113 1866 8571 5968 2674 235 6418 932 8060 5649 6325 739 1125 
False
False
21
False
False
False
21
False
9988 2099 1355 7145 254 4162 4864 6717 2113 1866 8571 5968 2674 235 6418 932 8060 5649 6325 739 5649 1980 
False
False
False
False
27
9988 2099 1355 7145 254 4162 4864 6717 2113 1866 8571 5968 2674 235 6418 932 8060 5649 6325 739 5649 1980 8050 3576 6817 7538 9016 
31
32
False
9988 2099 1355 7145 254 4162 4864 6717 2113 1866 8571 5968 2674 235 6418 932 8060 5649 6325 739 5649 1980 8050 3576 6817 7538 9016 6205 1976 7391 7118 
False
False
False
32
False
False
32
32
False
False
9988 2099 1355 7145 254 4162 4864 6717 2113 1866 8571 5968 2674 235 6418 932 8060 5649 6325 739 5649 1980 8050 3576 6817 7538 9016 6205 1976 7391 4510 7514 9489 
33
False
False
False
9988 2099 1355 7145 254 4162 4864 6717 2113 1866 8571 5968 2674 235 6418 932 8060 5649 6325 739 5649 1980 8050 3576 6817 7538 9016 6205 1976 7391 4510 7514 6763 
9988 2099 1355 7145 254 4162 4864 6717 2113 1866 8571 5968 2674 235 6418 932 8060 5649 6325 739 5649 1980 8050 3576 6817 7538 9016 6205 1976 7391 4510 7514 6763 
False
False
False
False
False
False
9988 2099 1355 7145 254 4162 4864 6717 2113 1866 8571 5968 2674 235 6418 932 8060 5649 6325 739 5649 1980 8050 3576 6817 6931 
False
9988 2099 1355 7145 254 4162 4864 6717 2113 1866 8571 5968 2674 235 6418 932 8060 5649 6325 739 5649 1980 8050 3576 6817 9127 
26
False
9988 2099 1355 7145 254 4162 4864 6717 2113 1866 8571 5968 2674 235 6418 932 8060 5649 6325 739 5649 1980 8050 3576 
9988 2099 1355 7145 254 4162 4864 6717 2113 1866 8571 5968 2674 235 6418 932 8060 5649 6325 739 5649 1980 8050 3576 9936 5983 
False
False
False
27
False
9988 2099 1355 7145 254 4162 4864 6717 2113 1866 8571 5968 2674 235 6418 932 8060 5649 6325 739 5649 1980 8050 3576 9936 5983 
26
26
False
False
False
27
9988 2099 1355 7145 254 4162 4864 6717 2113 1866 8571 5968 2674 235 6418 932 8060 5649 6325 739 5649 1980 8050 3576 9936 6472 7696 
False
False
9988 2099 1355 7145 254 4162 4864 6717 2113 1866 8571 5968 2674 235 6418 932 8060 5649 6325 739 5649 1980 8050 3576 9936 2861 8026 
False
False
False
9988 2099 1355 7145 254 4162 4864 6717 2113 1866 8571 5968 2674 235 6418 932 8060 5649 6325 739 5649 1980 8050 3576 9936 
9988 2099 1355 7145 254 4162 4864 6717 2113 1866 8571 5968 2674 235 6418 932 8060 5649 6325 739 5649 1980 8050 3576 9936 4288 
False
25
False
False
False
False
9988 2099 1355 7145 254 4162 4864 6717 2113 1866 8571 5968 2674 235 6418 932 8060 5649 6325 739 5649 1980 8050 3576 9936 2944 
9988 2099 1355 7145 254 4162 4864 6717 2113 1866 8571 5968 2674 235 6418 932 8060 5649 6325 739 5649 1980 8050 3576 9936 2944 
False
9988 2099 1355 7145 254 4162 4864 6717 2113 1866 8571 5968 2674 235 6418 932 8060 5649 6325 739 5649 1980 8050 3576 9936 2944 7415 3803 6513 
30
False
9988 2099 1355 7145 254 4162 4864 6717 2113 1866 8571 5968 2674 235 6418 932 8060 5649 6325 739 5649 1980 8050 3576 9936 2944 7415 3803 6513 632 3329 1958 2899 
9988 2099 1355 7145 254 4162 4864 6717 2113 1866 8571 5968 2674 235 6418 932 8060 5649 6325 739 5649 1980 8050 3576 9936 2944 7415 3803 6513 632 3329 1958 2899 7328 
35
False
9988 2099 1355 7145 254 4162 4864 6717 2113 1866 8571 5968 2674 235 6418 932 8060 5649 6325 739 5649 1980 8050 3576 9936 2944 7415 3803 6513 632 3329 1958 2899 7328 4370 
False
9988 2099 1355 7145 254 4162 4864 6717 2113 1866 8571 5968 2674 235 6418 932 8060 5649 6325 739 5649 1980 8050 3576 9936 2944 7415 3803 6513 632 3329 1958 8609 
False
False
9988 2099 1355 7145 254 4162 4864 6717 2113 1866 8571 5968 2674 235 6418 932 8060 5649 6325 739 5649 1980 8050 3576 9936 2944 7415 3803 
9988 2099 1355 7145 254 4162 4864 6717 2113 1866 8571 5968 2674 235 6418 932 8060 5649 6325 739 5649 1980 8050 3576 9936 2944 7415 9666 9481 6073 
9988 2099 1355 7145 254 4162 4864 6717 2113 1866 8571 5968 2674 235 6418 932 8060 5649 6325 739 5649 1980 8050 3576 9936 2944 7415 9666 9481 6073 
9988 2099 1355 7145 254 4162 4864 6717 2113 1866 8571 5968 2674 235 6418 932 8060 5649 6325 739 5649 1980 8050 3576 9936 2944 7415 9666 2331 
31
False
False
False
30
28
False
False
9988 2099 1355 7145 254 4162 4864 6717 2113 1866 8571 5968 2674 235 6418 932 8060 5649 6325 739 5649 1980 8050 3576 9936 2944 7415 9666 5494 
False
31
9988 2099 1355 7145 254 4162 4864 6717 2113 1866 8571 5968 2674 235 6418 932 8060 5649 6325 739 5649 1980 8050 3576 9936 2944 7415 9666 5494 5033 4021 592 
False
30
9988 2099 1355 7145 254 4162 4864 6717 2113 1866 8571 5968 2674 235 6418 932 8060 5649 6325 739 5649 1980 8050 3576 9936 2944 7415 9666 5494 
False
False
False
False
9988 2099 1355 7145 254 4162 4864 6717 2113 1866 8571 5968 2674 235 6418 932 8060 5649 6325 739 5649 1980 8050 3576 9936 2944 7415 9666 5494 1484 329 8498 8580 
False
34
False
False
37
9988 2099 1355 7145 254 4162 4864 6717 2113 1866 8571 5968 2674 235 6418 932 8060 5649 6325 739 5649 1980 8050 3576 9936 2944 7415 9666 5494 1484 329 8498 8580 9202 2611 7287 1389 6202 3978 6930 
40
9988 2099 1355 7145 254 4162 4864 6717 2113 1866 8571 5968 2674 235 6418 932 8060 5649 6325 739 5649 1980 8050 3576 9936 2944 7415 9666 5494 1484 329 8498 8580 9202 2611 7287 1389 6202 3978 6930 
False
False
37
False
False
False
42
9988 2099 1355 7145 254 4162 4864 6717 2113 1866 8571 5968 2674 235 6418 932 8060 5649 6325 739 5649 1980 8050 3576 9936 2944 7415 9666 5494 1484 329 8498 8580 9202 2611 7287 6809 9187 2991 9421 952 2664 
42
9988 2099 1355 7145 254 4162 4864 6717 2113 1866 8571 5968 2674 235 6418 932 8060 5649 6325 739 5649 1980 8050 3576 9936 2944 7415 9666 5494 1484 329 8498 8580 9202 2611 7287 6809 9187 2991 9421 952 3216 
42
42
False
45
45
False
False
False
9988 2099 1355 7145 254 4162 4864 6717 2113 1866 8571 5968 2674 235 6418 932 8060 5649 6325 739 5649 1980 8050 3576 9936 2944 7415 9666 5494 1484 329 8498 8580 9202 2611 7287 6809 9187 2991 9421 952 3216 7238 4088 6681 
9988 2099 1355 7145 254 4162 4864 6717 2113 1866 8571 5968 2674 235 6418 932 8060 5649 6325 739 5649 1980 8050 3576 9936 2944 7415 9666 5494 1484 329 8498 8580 9202 2611 7287 6809 9187 2991 9421 952 
9988 2099 1355 7145 254 4162 4864 6717 2113 1866 8571 5968 2674 235 6418 932 8060 5649 6325 739 5649 1980 8050 3576 9936 2944 7415 9666 5494 1484 329 8498 8580 9202 2611 7287 6809 9187 2991 9421 952 
False
38
False
False
False
9988 2099 1355 7145 254 4162 4864 6717 2113 1866 8571 5968 2674 235 6418 932 8060 5649 6325 739 5649 1980 8050 3576 9936 2944 7415 9666 5494 1484 329 8498 8580 9202 2611 7287 6809 4993 
9988 2099 1355 7145 254 4162 4864 6717 2113 1866 8571 5968 2674 235 6418 932 8060 5649 6325 739 5649 1980 8050 3576 9936 2944 7415 9666 5494 1484 329 8498 8580 9202 2611 
9988 2099 1355 7145 254 4162 4864 6717 2113 1866 8571 5968 2674 235 6418 932 8060 5649 6325 739 5649 1980 8050 3576 9936 2944 7415 9666 5494 1484 329 8498 8580 9202 2611 
9988 2099 1355 7145 254 4162 4864 6717 2113 1866 8571 5968 2674 235 6418 932 8060 5649 6325 739 5649 1980 8050 3576 9936 2944 7415 9666 5494 1484 329 8498 8580 9202 2611 
False
False
False
37
38
False
False
9988 2099 1355 7145 254 4162 4864 6717 2113 1866 8571 5968 2674 235 6418 932 8060 5649 6325 739 5649 1980 8050 3576 9936 2944 7415 9666 5494 1484 329 8498 8580 9202 2611 8103 1220 7537 7417 8138 2959 
40
False
False
False
False
False
9988 2099 1355 7145 254 4162 4864 6717 2113 1866 8571 5968 2674 235 6418 932 8060 5649 6325 739 5649 1980 8050 3576 9936 2944 7415 9666 5494 1484 329 8498 8580 9202 2611 8103 
9988 2099 1355 7145 254 4162 4864 6717 2113 1866 8571 5968 2674 235 6418 932 8060 5649 6325 739 5649 1980 8050 3576 9936 2944 7415 9666 5494 1484 329 8498 8580 9202 2611 8103 
36
False
False
False
False
40
9988 2099 1355 7145 254 4162 4864 6717 2113 1866 8571 5968 2674 235 6418 932 8060 5649 6325 739 5649 1980 8050 3576 9936 2944 7415 9666 5494 1484 329 8498 8580 9202 2611 8103 8217 4841 4805 6002 
9988 2099 1355 7145 254 4162 4864 6717 2113 1866 8571 5968 2674 235 6418 932 8060 5649 6325 739 5649 1980 8050 3576 9936 2944 7415 9666 5494 1484 329 8498 8580 9202 2611 8103 8217 4841 
38
False
9988 2099 1355 7145 254 4162 4864 6717 2113 1866 8571 5968 2674 235 6418 932 8060 5649 6325 739 5649 1980 8050 3576 9936 2944 7415 9666 5494 1484 329 8498 8580 9202 2611 8103 8217 4841 
9988 2099 1355 7145 254 4162 4864 6717 2113 1866 8571 5968 2674 235 6418 932 8060 5649 6325 739 5649 1980 8050 3576 9936 2944 7415 9666 5494 1484 329 8498 8580 9202 2611 8103 8217 4841 1770 510 
False
False
38
9988 2099 1355 7145 254 4162 4864 6717 2113 1866 8571 5968 2674 235 6418 932 8060 5649 6325 739 5649 1980 8050 3576 9936 2944 7415 9666 5494 1484 329 8498 8580 9202 2611 8103 8217 4841 
39
False
False
False
False
False
False
9988 2099 1355 7145 254 4162 4864 6717 2113 1866 8571 5968 2674 235 6418 932 8060 5649 6325 739 5649 1980 8050 3576 9936 2944 7415 9666 5494 1484 329 8498 8580 9202 2611 
False
9988 2099 1355 7145 254 4162 4864 6717 2113 1866 8571 5968 2674 235 6418 932 8060 5649 6325 739 5649 1980 8050 3576 9936 2944 7415 9666 5494 1484 329 8498 8580 9202 2611 380 
False
9988 2099 1355 7145 254 4162 4864 6717 2113 1866 8571 5968 2674 235 6418 932 8060 5649 6325 739 5649 1980 8050 3576 9936 2944 7415 9666 5494 1484 329 8498 8580 9202 2611 380 
False
False
False
9988 2099 1355 7145 254 4162 4864 6717 2113 1866 8571 5968 2674 235 6418 932 8060 5649 6325 739 5649 1980 8050 3576 9936 2944 7415 9666 5494 1484 329 8498 8580 9202 6054 4664 
9988 2099 1355 7145 254 4162 4864 6717 2113 1866 8571 5968 2674 235 6418 932 8060 5649 6325 739 5649 1980 8050 3576 9936 2944 7415 9666 5494 1484 329 8498 8580 9202 4903 7220 
False
False
9988 2099 1355 7145 254 4162 4864 6717 2113 1866 8571 5968 2674 235 6418 932 8060 5649 6325 739 5649 1980 8050 3576 9936 2944 7415 9666 5494 1484 329 8498 8580 9202 4903 7220 9295 
36
9988 2099 1355 7145 254 4162 4864 6717 2113 1866 8571 5968 2674 235 6418 932 8060 5649 6325 739 5649 1980 8050 3576 9936 2944 7415 9666 5494 1484 329 8498 8580 9202 4903 7220 1310 
False
9988 2099 1355 7145 254 4162 4864 6717 2113 1866 8571 5968 2674 235 6418 932 8060 5649 6325 739 5649 1980 8050 3576 9936 2944 7415 9666 5494 1484 329 8498 8580 9202 4903 7220 1310 7477 
37
36
36
9988 2099 1355 7145 254 4162 4864 6717 2113 1866 8571 5968 2674 235 6418 932 8060 5649 6325 739 5649 1980 8050 3576 9936 2944 7415 9666 5494 1484 329 8498 8580 9202 4903 7220 
False
9988 2099 1355 7145 254 4162 4864 6717 2113 1866 8571 5968 2674 235 6418 932 8060 5649 6325 739 5649 1980 8050 3576 9936 2944 7415 9666 5494 1484 329 8498 8580 9202 4903 
False
9988 2099 1355 7145 254 4162 4864 6717 2113 1866 8571 5968 2674 235 6418 932 8060 5649 6325 739 5649 1980 8050 3576 9936 2944 7415 9666 5494 1484 329 8498 6011 348 
32
9988 2099 1355 7145 254 4162 4864 6717 2113 1866 8571 5968 2674 235 6418 932 8060 5649 6325 739 5649 1980 8050 3576 9936 2944 7415 9666 5494 1484 329 8498 
False
9988 2099 1355 7145 254 4162 4864 6717 2113 1866 8571 5968 2674 235 6418 932 8060 5649 6325 739 5649 1980 8050 3576 9936 2944 7415 9666 5494 1484 329 8498 8099 9353 9249 
9988 2099 1355 7145 254 4162 4864 6717 2113 1866 8571 5968 2674 235 6418 932 8060 5649 6325 739 5649 1980 8050 3576 9936 2944 7415 9666 5494 1484 329 8498 8099 9353 9249 
35
False
9988 2099 1355 7145 254 4162 4864 6717 2113 1866 8571 5968 2674 235 6418 932 8060 5649 6325 739 5649 1980 8050 3576 9936 2944 7415 9666 5494 1484 329 8498 8099 9353 9249 
False
False
9988 2099 1355 7145 254 4162 4864 6717 2113 1866 8571 5968 2674 235 6418 932 8060 5649 6325 739 5649 1980 8050 3576 9936 2944 7415 9666 5494 1484 329 8498 
9988 2099 1355 7145 254 4162 4864 6717 2113 1866 8571 5968 2674 235 6418 932 8060 5649 6325 739 5649 1980 8050 3576 9936 2944 7415 9666 5494 1484 329 
9988 2099 1355 7145 254 4162 4864 6717 2113 1866 8571 5968 2674 235 6418 932 8060 5649 6325 739 5649 1980 8050 3576 9936 2944 7415 9666 5494 1484 9609 
False
9988 2099 1355 7145 254 4162 4864 6717 2113 1866 8571 5968 2674 235 6418 932 8060 5649 6325 739 5649 1980 8050 3576 9936 2944 7415 9666 5494 1484 9609 
9988 2099 1355 7145 254 4162 4864 6717 2113 1866 8571 5968 2674 235 6418 932 8060 5649 6325 739 5649 1980 8050 3576 9936 2944 7415 9666 5494 1484 9609 
9988 2099 1355 7145 254 4162 4864 6717 2113 1866 8571 5968 2674 235 6418 932 8060 5649 6325 739 5649 1980 8050 3576 9936 2944 7415 9666 5494 1484 
False
False
False
29
False
9988 2099 1355 7145 254 4162 4864 6717 2113 1866 8571 5968 2674 235 6418 932 8060 5649 6325 739 5649 1980 8050 3576 9936 2944 7415 9666 
False
24
False
25
9988 2099 1355 7145 254 4162 4864 6717 2113 1866 8571 5968 2674 235 6418 932 8060 5649 6325 739 5649 1980 8050 9163 4082 
False
26
False
False
False
False
25
False
False
False
9988 2099 1355 7145 254 4162 4864 6717 2113 1866 8571 5968 2674 235 6418 932 8060 5649 6325 739 5649 1980 8050 9163 1278 
False
False
False
False
False
9988 2099 1355 7145 254 4162 4864 6717 2113 1866 8571 5968 2674 235 6418 932 8060 5649 6325 
False
