Empty
Empty
False
0
Empty
0
Empty
False
False
False
1
9753 
9753 2086 
9753 
9753 

True
Empty
0
Empty
False
False
5713 2698 8919 
5713 2698 8919 724 6247 2450 
False
False
4
False
False
False
2
False
1964 
False
False
False
False
1964 7651 
False
False
False
2
False
1
False
Empty
False
False
6301 5349 

Empty
Empty
False
False
Empty
False
0
0
6089 
6089 
0
Empty
False
6343 5244 
3
6343 5244 4260 1160 
6343 5244 
False
6343 5244 8225 
6343 5244 8225 
4
False
6343 5244 8957 5624 3678 
6343 5244 8957 5624 3678 1707 5365 
False
6
False
False
False
False
False
True
False
0
Empty
Empty
False
Empty
True
False

False
0
True
False
False
2
3691 8300 
3691 
3691 
Empty
Empty
Empty
Empty

Empty
False

1
False
Empty

Empty
True
True
Empty
Empty

0
False
False
Empty

8393 
1
1
False
False
False
False
False
2
2
4080 7848 
4080 7848 


False
False
2
1
Empty
Empty
Empty
3
3
3
False
4109 2567 
4109 2567 7088 
4109 2567 4656 
2
4109 2849 1060 
False
False
False
True
True
0
2908 
False
2908 1085 
False
2908 1085 949 2451 3058 
6
False
False
7
False
2908 1085 949 2451 3058 8630 2471 7152 7992 
False
False
False
4
2908 1085 949 2451 6596 
2908 1085 949 2451 6953 
2908 1085 949 2451 6953 
5
2908 1085 949 2451 4149 
False
2908 1085 949 2451 
2908 1085 949 2451 1899 
2908 1085 
False
2908 1085 
False
False
Empty
True
False
False
364 1493 
364 1493 
False
5
False
False
364 9215 2296 1100 6481 7126 
False
False
364 9215 2296 1100 6481 4108 4330 
False
364 9215 2296 1100 6481 4108 4330 3774 3426 8212 
False
False
False
False
364 9215 2296 1100 
4
4
364 9215 2296 1087 
False
False
False
False
False
Empty
0
Empty
Empty

Empty
Empty
Empty
Empty
2
False
4
3
4074 2685 
1
1
1
Empty
Empty
True
Empty
False
1
False
7681 
1
7681 

Empty
Empty
Empty
True
0
0
Empty
Empty
Empty
0
Empty
False
0
Empty

False
0
Empty
1
5249 
False
5249 
False
False
7952 946 1006 
3
7952 946 1006 
False
4
7952 946 3679 8359 
False
7952 946 
2
False
2
7952 946 
False
7952 1147 1412 
7952 1147 1412 9199 
7952 1147 1412 
False
False
2
7952 1147 
False
3
False
False
7952 1147 9393 3481 
5
5
5
7952 1147 9393 3481 
False
7952 1147 9393 3481 4754 527 2101 
False
7952 1147 9393 3481 4754 527 2101 4162 
7952 1147 9393 3481 4754 527 2101 
7952 1147 9393 3481 4754 527 2101 
False
7952 1147 9393 3481 4754 527 2101 7787 
False
7952 1147 9393 3481 4754 527 2101 6837 672 8331 8810 3116 
11
False
False
False
9
False
False
7952 1147 9393 3481 4754 527 2101 6837 5439 
False
False
False
False
False
12
False
False
7952 1147 9393 3481 4754 527 2101 6837 5439 643 8994 8603 
12
10
False
False
False
10
10
False
False
False
10
False
11
False
False
False
False
11
False
13
False
11
False
False
False
False
False
7952 1147 9393 3481 4754 527 2101 6837 2862 8633 6786 4983 8610 2234 2583 
15
7952 1147 9393 3481 4754 527 2101 6837 2862 8633 6786 4983 8610 2234 27 6345 
17
False
False
18
False
False
18
7952 1147 9393 3481 4754 527 2101 6837 2862 8633 6786 4983 8610 2234 27 6345 6485 1303 6100 
18
False
19
7952 1147 9393 3481 4754 527 2101 6837 2862 8633 6786 4983 8610 2234 27 6345 6485 1303 1957 
20
19
18
7952 1147 9393 3481 4754 527 2101 6837 2862 8633 6786 4983 8610 2234 27 6345 6485 6267 
18
False
False
7952 1147 9393 3481 4754 527 2101 6837 2862 8633 6786 4983 8610 2234 27 6345 6485 6267 7114 
19
False
16
False
7952 1147 9393 3481 4754 527 2101 6837 2862 8633 6786 4983 8610 2234 27 6345 2471 5285 
False
False
False
7952 1147 9393 3481 4754 527 2101 6837 2862 8633 6786 4983 8610 2234 27 6345 2471 2277 5424 8438 
False
False
7952 1147 9393 3481 4754 527 2101 6837 2862 8633 6786 4983 8610 2234 27 6345 2471 2277 5424 5513 
False
False
23
23
7952 1147 9393 3481 4754 527 2101 6837 2862 8633 6786 4983 8610 2234 27 6345 2471 2277 5424 5513 7495 3356 4778 
7952 1147 9393 3481 4754 527 2101 6837 2862 8633 6786 4983 8610 2234 27 6345 2471 2277 5424 5513 7495 3356 4778 
False
False
False
False
False
False
7952 1147 9393 3481 4754 527 2101 6837 2862 8633 6786 4983 8610 2234 27 6345 2471 2277 5424 5513 7495 
21
False
7952 1147 9393 3481 4754 527 2101 6837 2862 8633 6786 4983 8610 2234 27 2692 9743 6766 
False
16
16
16
False
7952 1147 9393 3481 4754 527 2101 6837 2862 8633 6786 4983 8610 2234 27 
False
14
7952 1147 9393 3481 4754 527 2101 6837 2862 8633 6786 4983 8610 9369 7950 8085 
7952 1147 9393 3481 4754 527 2101 6837 2862 8633 6786 4983 8610 9369 7950 8085 9690 
False
False
False
False
False
16
7952 1147 9393 3481 4754 527 2101 6837 2862 8633 6786 4983 8610 9369 
False
False
7952 1147 9393 3481 4754 527 2101 6837 2862 8633 6786 4983 
12
False
False
False
7952 1147 9393 3481 4754 527 2101 6837 2862 8633 6786 4983 
False
False
7952 1147 9393 3481 4754 527 2101 6837 2862 8633 6786 2286 1538 
7952 1147 9393 3481 4754 527 2101 6837 2862 8633 6786 2286 1538 629 6977 4576 7608 
14
14
16
False
15
7952 1147 9393 3481 4754 527 2101 6837 2862 8633 6786 2286 1538 629 9653 1471 6305 
False
False
18
False
False
17
7952 1147 9393 3481 4754 527 2101 6837 2862 8633 6786 2286 1538 629 9653 1471 6305 
False
7952 1147 9393 3481 4754 527 2101 6837 2862 8633 6786 2286 1538 629 9653 1471 6305 
False
False
18
False
7952 1147 9393 3481 4754 527 2101 6837 2862 8633 6786 2286 1538 629 9653 505 9602 7040 7697 2072 
False
False
7952 1147 9393 3481 4754 527 2101 6837 2862 8633 6786 2286 1538 629 9653 505 9602 7040 7697 
False
False
False
False
False
False
False
18
7952 1147 9393 3481 4754 527 2101 6837 2862 8633 6786 2286 1538 629 2945 5205 7074 192 5574 
False
7952 1147 9393 3481 4754 527 2101 6837 2862 8633 6786 2286 1538 629 2945 5205 7074 192 5574 8190 
False
False
False
22
25
False
7952 1147 9393 3481 4754 527 2101 6837 2862 8633 6786 2286 1538 629 2945 5205 7074 192 5574 8190 9859 1169 1622 1333 209 
False
25
False
False
7952 1147 9393 3481 4754 527 2101 6837 2862 8633 6786 2286 1538 629 2945 5205 7074 192 5574 8190 9859 
False
False
18
7952 1147 9393 3481 4754 527 2101 6837 2862 8633 6786 2286 1538 629 2945 5205 
False
7952 1147 9393 3481 4754 527 2101 6837 2862 8633 6786 2286 1538 
7952 1147 9393 3481 4754 527 2101 6837 2862 8633 6786 2286 1538 
False
False
11
False
11
False
False
10
False
7952 1147 9393 3481 4754 
7952 1147 9393 
3
False
False
False
False
5
False
4
4
4
7
5
5
7952 1147 9393 943 8385 
False
False
7952 1147 9393 3135 2084 9379 
False
False
5
7952 1147 9393 3135 5053 1959 8895 9664 3252 6100 
False
False
7952 1147 9393 3135 5053 1959 8895 9664 3252 6100 4404 8315 
False
7952 1147 9393 3135 5053 1959 8895 9664 3252 6100 4404 8315 
False
False
7952 1147 9393 3135 5053 1959 8895 9664 3252 6100 4404 
False
14
7952 1147 9393 3135 5053 1959 8895 9664 3252 6100 4404 9148 4227 3870 6383 
16
False
16
16
7952 1147 9393 3135 5053 1959 8895 9664 3252 6100 4404 9148 4227 3870 3763 9530 748 5770 
False
False
False
17
False
False
False
15
False
False
7952 1147 9393 3135 5053 1959 8895 9664 3252 6100 4404 9148 4227 5736 2394 9149 
False
16
False
7952 1147 9393 3135 5053 1959 8895 9664 3252 6100 4404 9148 4227 5736 2394 3210 
False
7952 1147 9393 3135 5053 1959 8895 9664 3252 6100 4404 9148 4227 5736 2394 3210 
False
15
False
7952 1147 9393 3135 5053 1959 8895 9664 3252 6100 4404 9148 4227 5736 2394 1623 9306 123 
False
7952 1147 9393 3135 5053 1959 8895 9664 3252 6100 4404 9148 4227 5736 2394 1623 9306 5390 
7952 1147 9393 3135 5053 1959 8895 9664 3252 6100 4404 9148 4227 5736 2394 1623 9306 5390 
18
False
False
20
False
7952 1147 9393 3135 5053 1959 8895 9664 3252 6100 4404 9148 4227 5736 2394 1623 9306 7684 1448 
7952 1147 9393 3135 5053 1959 8895 9664 3252 6100 4404 9148 4227 5736 2394 1623 9306 7684 7202 
19
False
7952 1147 9393 3135 5053 1959 8895 9664 3252 6100 4404 9148 4227 5736 2394 1623 9306 7684 7202 5726 
False
False
20
False
False
False
False
7952 1147 9393 3135 5053 1959 8895 9664 3252 6100 4404 9148 4227 5736 2394 1623 9306 7684 7202 993 1523 
False
7952 1147 9393 3135 5053 1959 8895 9664 3252 6100 4404 9148 4227 5736 2394 1623 9306 7684 7202 993 
False
False
18
False
False
False
False
17
False
15
False
7952 1147 9393 3135 5053 1959 8895 9664 3252 6100 4404 9148 4227 5736 
7952 1147 9393 3135 5053 1959 8895 9664 3252 6100 4404 9148 4227 5736 5376 
17
False
False
False
False
17
False
13
7952 1147 9393 3135 5053 1959 8895 9664 3252 6100 4404 9148 4227 
16
7952 1147 9393 3135 5053 1959 8895 9664 3252 6100 4404 9148 4227 2966 3912 5321 3384 2211 8595 
False
22
7952 1147 9393 3135 5053 1959 8895 9664 3252 6100 4404 9148 4227 2966 3912 5321 3384 2211 6895 7637 4211 
False
7952 1147 9393 3135 5053 1959 8895 9664 3252 6100 4404 9148 4227 2966 3912 5321 3384 2211 6895 7637 4211 3641 
False
False
19
False
False
18
7952 1147 9393 3135 5053 1959 8895 9664 3252 6100 4404 9148 4227 2966 3912 5321 3384 9289 6362 8211 
20
18
7952 1147 9393 3135 5053 1959 8895 9664 3252 6100 4404 9148 4227 2966 3912 5321 3384 9289 522 
19
False
18
False
False
15
7952 1147 9393 3135 5053 1959 8895 9664 3252 6100 4404 9148 4227 2966 3912 9547 4227 
7952 1147 9393 3135 5053 1959 8895 9664 3252 6100 4404 9148 4227 2966 3912 9547 4227 
False
False
17
False
7952 1147 9393 3135 5053 1959 8895 9664 3252 6100 4404 9148 4227 2966 3912 9547 4227 
False
False
17
False
False
False
7952 1147 9393 3135 5053 1959 8895 9664 3252 6100 4404 9148 4227 2966 3912 
7952 1147 9393 3135 5053 1959 8895 9664 3252 6100 4404 9148 2132 
15
False
False
False
14
7952 1147 9393 3135 5053 1959 8895 9664 3252 6100 4404 9148 776 7832 769 1649 
False
16
False
15
False
False
7952 1147 9393 3135 5053 1959 8895 9664 3252 6100 4404 9148 776 7832 769 1754 7791 6586 
18
False
False
False
False
False
False
False
7952 1147 9393 3135 5053 1959 8895 9664 3252 6100 4404 9148 776 7832 769 1754 7791 6586 7561 5225 6273 2844 7635 
7952 1147 9393 3135 5053 1959 8895 9664 3252 6100 4404 9148 776 7832 769 1754 7791 6586 7561 5225 6273 2844 7635 
False
False
23
7952 1147 9393 3135 5053 1959 8895 9664 3252 6100 4404 9148 776 7832 769 1754 7791 6586 7561 5225 6273 2844 7635 
22
22
7952 1147 9393 3135 5053 1959 8895 9664 3252 6100 4404 9148 776 7832 769 1754 7791 6586 7561 5225 6273 2844 
False
23
False
7952 1147 9393 3135 5053 1959 8895 9664 3252 6100 4404 9148 776 7832 769 1754 7791 6586 7561 5225 6273 2844 7603 
False
False
False
23
7952 1147 9393 3135 5053 1959 8895 9664 3252 6100 4404 9148 776 7832 769 1754 7791 6586 7561 5225 6273 2844 
22
7952 1147 9393 3135 5053 1959 8895 9664 3252 6100 4404 9148 776 7832 769 1754 7791 6586 7561 5225 6273 2844 4129 
False
7952 1147 9393 3135 5053 1959 8895 9664 3252 6100 4404 9148 776 7832 769 1754 7791 6586 7561 5225 6273 
False
False
False
False
23
False
False
False
7952 1147 9393 3135 5053 1959 8895 9664 3252 6100 4404 9148 776 7832 769 1754 7791 6586 7561 9847 4034 3956 8725 1437 7024 
False
False
False
False
False
False
False
False
False
26
26
25
False
7952 1147 9393 3135 5053 1959 8895 9664 3252 6100 4404 9148 776 7832 769 1754 7791 6586 7561 9847 4034 3956 8725 
False
False
7952 1147 9393 3135 5053 1959 8895 9664 3252 6100 4404 9148 776 7832 769 1754 7791 6586 7561 9847 4034 
7952 1147 9393 3135 5053 1959 8895 9664 3252 6100 4404 9148 776 7832 769 1754 7791 6586 7561 9847 4034 
False
False
19
7952 1147 9393 3135 5053 1959 8895 9664 3252 6100 4404 9148 776 7832 769 1754 7791 
False
False
7952 1147 9393 3135 5053 1959 8895 9664 3252 6100 4404 9148 776 7832 769 1754 
False
7952 1147 9393 3135 5053 1959 8895 9664 3252 6100 4404 9148 776 7832 769 1754 
7952 1147 9393 3135 5053 1959 8895 9664 3252 6100 4404 9148 776 7832 769 1754 
False
False
17
False
16
False
7952 1147 9393 3135 5053 1959 8895 9664 3252 6100 4404 9148 776 7832 769 1754 7848 
7952 1147 9393 3135 5053 1959 8895 9664 3252 6100 4404 9148 776 7832 769 1754 7848 4714 
18
18
False
False
False
7952 1147 9393 3135 5053 1959 8895 9664 3252 6100 4404 9148 776 7832 769 1754 7848 4714 8943 
False
18
False
False
7952 1147 9393 3135 5053 1959 8895 9664 3252 6100 4404 9148 776 7832 769 1754 7848 4714 1915 7871 
False
7952 1147 9393 3135 5053 1959 8895 9664 3252 6100 4404 9148 776 7832 769 1754 7848 4714 1915 7727 
7952 1147 9393 3135 5053 1959 8895 9664 3252 6100 4404 9148 776 7832 769 1754 7848 4714 1915 7727 1177 
False
7952 1147 9393 3135 5053 1959 8895 9664 3252 6100 4404 9148 776 7832 769 1754 7848 4714 1915 7727 1177 
21
21
7952 1147 9393 3135 5053 1959 8895 9664 3252 6100 4404 9148 776 7832 769 1754 7848 4714 1915 7727 5340 
23
7952 1147 9393 3135 5053 1959 8895 9664 3252 6100 4404 9148 776 7832 769 1754 7848 4714 1915 7727 5340 2191 8421 
False
False
False
7952 1147 9393 3135 5053 1959 8895 9664 3252 6100 4404 9148 776 7832 769 1754 7848 4714 1915 7727 5340 2191 8421 4820 4426 
7952 1147 9393 3135 5053 1959 8895 9664 3252 6100 4404 9148 776 7832 769 1754 7848 4714 1915 7727 5340 2191 8421 6256 6401 7837 
False
7952 1147 9393 3135 5053 1959 8895 9664 3252 6100 4404 9148 776 7832 769 1754 7848 4714 1915 7727 5340 2191 8421 6256 6401 5988 
False
7952 1147 9393 3135 5053 1959 8895 9664 3252 6100 4404 9148 776 7832 769 1754 7848 4714 1915 7727 5340 2191 8421 6256 8099 2432 
7952 1147 9393 3135 5053 1959 8895 9664 3252 6100 4404 9148 776 7832 769 1754 7848 4714 1915 7727 5340 2191 8421 6256 8099 
25
False
False
False
False
False
False
False
29
29
7952 1147 9393 3135 5053 1959 8895 9664 3252 6100 4404 9148 776 7832 769 1754 7848 4714 1915 7727 5340 2191 8421 6256 6339 5087 8989 1433 6991 6266 
False
29
False
False
False
False
7952 1147 9393 3135 5053 1959 8895 9664 3252 6100 4404 9148 776 7832 769 1754 7848 4714 1915 7727 5340 2191 8421 6256 6339 5087 
7952 1147 9393 3135 5053 1959 8895 9664 3252 6100 4404 9148 776 7832 769 1754 7848 4714 1915 7727 5340 2191 8421 6256 6339 5087 3941 
28
False
31
31
34
False
31
7952 1147 9393 3135 5053 1959 8895 9664 3252 6100 4404 9148 776 7832 769 1754 7848 4714 1915 7727 5340 2191 8421 6256 6339 5087 3941 40 5015 6213 
False
False
7952 1147 9393 3135 5053 1959 8895 9664 3252 6100 4404 9148 776 7832 769 1754 7848 4714 1915 7727 5340 2191 8421 6256 6339 5087 
False
False
False
False
False
False
27
7952 1147 9393 3135 5053 1959 8895 9664 3252 6100 4404 9148 776 7832 769 1754 7848 4714 1915 7727 5340 2191 8421 6256 6339 5087 8514 1275 
False
False
7952 1147 9393 3135 5053 1959 8895 9664 3252 6100 4404 9148 776 7832 769 1754 7848 4714 1915 7727 5340 2191 8421 6256 6339 
7952 1147 9393 3135 5053 1959 8895 9664 3252 6100 4404 9148 776 7832 769 1754 7848 4714 1915 7727 5340 2191 8421 6256 6339 7689 677 753 
7952 1147 9393 3135 5053 1959 8895 9664 3252 6100 4404 9148 776 7832 769 1754 7848 4714 1915 7727 5340 2191 8421 6256 6339 7689 677 753 
False
False
False
False
30
33
31
False
7952 1147 9393 3135 5053 1959 8895 9664 3252 6100 4404 9148 776 7832 769 1754 7848 4714 1915 7727 5340 2191 8421 6256 6339 7689 677 7536 4095 6963 8955 8247 6583 6718 
35
7952 1147 9393 3135 5053 1959 8895 9664 3252 6100 4404 9148 776 7832 769 1754 7848 4714 1915 7727 5340 2191 8421 6256 6339 7689 677 7536 4095 6963 8955 8247 6583 3568 9667 548 
36
7952 1147 9393 3135 5053 1959 8895 9664 3252 6100 4404 9148 776 7832 769 1754 7848 4714 1915 7727 5340 2191 8421 6256 6339 7689 677 7536 4095 6963 8955 8247 6583 3568 9667 548 
7952 1147 9393 3135 5053 1959 8895 9664 3252 6100 4404 9148 776 7832 769 1754 7848 4714 1915 7727 5340 2191 8421 6256 6339 7689 677 7536 4095 6963 8955 8247 6583 3568 9667 548 
False
7952 1147 9393 3135 5053 1959 8895 9664 3252 6100 4404 9148 776 7832 769 1754 7848 4714 1915 7727 5340 2191 8421 6256 6339 7689 677 7536 4095 6963 8955 8247 6583 3568 9667 1939 
False
7952 1147 9393 3135 5053 1959 8895 9664 3252 6100 4404 9148 776 7832 769 1754 7848 4714 1915 7727 5340 2191 8421 6256 6339 7689 677 7536 4095 6963 8955 8247 6583 3568 9667 1939 
37
37
False
False
38
7952 1147 9393 3135 5053 1959 8895 9664 3252 6100 4404 9148 776 7832 769 1754 7848 4714 1915 7727 5340 2191 8421 6256 6339 7689 677 7536 4095 6963 8955 8247 6583 3568 9667 1744 5101 1344 
False
False
7952 1147 9393 3135 5053 1959 8895 9664 3252 6100 4404 9148 776 7832 769 1754 7848 4714 1915 7727 5340 2191 8421 6256 6339 7689 677 7536 4095 6963 8955 8247 6583 3568 9667 1744 5101 1344 1915 8195 7537 9359 
False
False
7952 1147 9393 3135 5053 1959 8895 9664 3252 6100 4404 9148 776 7832 769 1754 7848 4714 1915 7727 5340 2191 8421 6256 6339 7689 677 7536 4095 6963 8955 8247 6583 3568 9667 1744 5101 1344 1915 8195 7537 1504 
42
False
False
7952 1147 9393 3135 5053 1959 8895 9664 3252 6100 4404 9148 776 7832 769 1754 7848 4714 1915 7727 5340 2191 8421 6256 6339 7689 677 7536 4095 6963 8955 8247 6583 3568 9667 1744 5101 1344 1915 8195 
False
43
42
40
39
39
38
37
37
False
7952 1147 9393 3135 5053 1959 8895 9664 3252 6100 4404 9148 776 7832 769 1754 7848 4714 1915 7727 5340 2191 8421 6256 6339 7689 677 7536 4095 6963 8955 8247 6583 3568 9667 1744 
False
False
False
False
False
36
False
7952 1147 9393 3135 5053 1959 8895 9664 3252 6100 4404 9148 776 7832 769 1754 7848 4714 1915 7727 5340 2191 8421 6256 6339 7689 677 7536 4095 6963 8955 8247 938 8654 1411 3444 
36
False
False
36
36
7952 1147 9393 3135 5053 1959 8895 9664 3252 6100 4404 9148 776 7832 769 1754 7848 4714 1915 7727 5340 2191 8421 6256 6339 7689 677 7536 4095 6963 8955 
31
False
7952 1147 9393 3135 5053 1959 8895 9664 3252 6100 4404 9148 776 7832 769 1754 7848 4714 1915 7727 5340 2191 8421 6256 6339 7689 677 7536 4095 6963 8955 
32
7952 1147 9393 3135 5053 1959 8895 9664 3252 6100 4404 9148 776 7832 769 1754 7848 4714 1915 7727 5340 2191 8421 6256 6339 7689 677 7536 4095 6963 8955 
31
False
False
False
31
31
30
False
False
7952 1147 9393 3135 5053 1959 8895 9664 3252 6100 4404 9148 776 7832 769 1754 7848 4714 1915 7727 5340 2191 8421 6256 6339 7689 677 7536 4095 6963 
False
False
False
False
7952 1147 9393 3135 5053 1959 8895 9664 3252 6100 4404 9148 776 7832 769 1754 7848 4714 1915 7727 5340 2191 8421 6256 6339 7689 677 7536 885 
False
False
26
26
False
25
False
7952 1147 9393 3135 5053 1959 8895 9664 3252 6100 4404 9148 776 7832 769 1754 7848 4714 1915 7727 5340 2191 8421 6256 
False
24
False
22
False
7952 1147 9393 3135 5053 1959 8895 9664 3252 6100 4404 9148 776 7832 769 1754 7848 4714 1915 7727 5340 2191 3064 3589 8950 7847 2472 
False
31
False
7952 1147 9393 3135 5053 1959 8895 9664 3252 6100 4404 9148 776 7832 769 1754 7848 4714 1915 7727 5340 2191 3064 3589 8950 7847 2472 5106 8503 5262 4263 2622 8886 
False
False
33
32
False
33
34
False
7952 1147 9393 3135 5053 1959 8895 9664 3252 6100 4404 9148 776 7832 769 1754 7848 4714 1915 7727 5340 2191 3064 3589 8950 7847 2472 5106 8503 5262 4263 2622 8040 
7952 1147 9393 3135 5053 1959 8895 9664 3252 6100 4404 9148 776 7832 769 1754 7848 4714 1915 7727 5340 2191 3064 3589 8950 7847 2472 5106 8503 5262 4263 9782 
7952 1147 9393 3135 5053 1959 8895 9664 3252 6100 4404 9148 776 7832 769 1754 7848 4714 1915 7727 5340 2191 3064 3589 8950 7847 2472 5106 8503 5262 4263 
7952 1147 9393 3135 5053 1959 8895 9664 3252 6100 4404 9148 776 7832 769 1754 7848 4714 1915 7727 5340 2191 3064 3589 8950 7847 2472 5106 8503 5262 4263 
31
False
False
False
False
False
7952 1147 9393 3135 5053 1959 8895 9664 3252 6100 4404 9148 776 7832 769 1754 7848 4714 1915 7727 5340 2191 3064 3589 8950 7847 2472 5106 4195 
30
7952 1147 9393 3135 5053 1959 8895 9664 3252 6100 4404 9148 776 7832 769 1754 7848 4714 1915 7727 5340 2191 3064 3589 8950 7847 2472 5106 4195 
7952 1147 9393 3135 5053 1959 8895 9664 3252 6100 4404 9148 776 7832 769 1754 7848 4714 1915 7727 5340 2191 3064 3589 8950 7847 2472 5106 4195 
False
False
7952 1147 9393 3135 5053 1959 8895 9664 3252 6100 4404 9148 776 7832 769 1754 7848 4714 1915 7727 5340 2191 3064 3589 8950 7847 2472 5106 4195 2007 6750 
7952 1147 9393 3135 5053 1959 8895 9664 3252 6100 4404 9148 776 7832 769 1754 7848 4714 1915 7727 5340 2191 3064 3589 8950 7847 2472 5106 4195 2007 6750 
32
False
False
False
False
False
7952 1147 9393 3135 5053 1959 8895 9664 3252 6100 4404 9148 776 7832 769 1754 7848 4714 1915 7727 5340 2191 3064 3589 8950 9223 6020 
30
False
False
False
7952 1147 9393 3135 5053 1959 8895 9664 3252 6100 4404 9148 776 7832 769 1754 7848 4714 1915 7727 5340 2191 3064 3589 8950 9223 6020 8572 4584 8407 6542 
30
False
False
30
29
28
False
7952 1147 9393 3135 5053 1959 8895 9664 3252 6100 4404 9148 776 7832 769 1754 7848 4714 1915 7727 5340 2191 3064 3589 8950 9223 6020 8572 
False
False
7952 1147 9393 3135 5053 1959 8895 9664 3252 6100 4404 9148 776 7832 769 1754 7848 4714 1915 7727 5340 2191 3064 3589 8950 9223 6020 
7952 1147 9393 3135 5053 1959 8895 9664 3252 6100 4404 9148 776 7832 769 1754 7848 4714 1915 7727 5340 2191 3064 3589 8950 9223 6983 1239 
False
False
False
7952 1147 9393 3135 5053 1959 8895 9664 3252 6100 4404 9148 776 7832 769 1754 7848 4714 1915 7727 5340 2191 3064 3589 8950 9223 6983 1239 599 
27
27
False
False
27
False
7952 1147 9393 3135 5053 1959 8895 9664 3252 6100 4404 9148 776 7832 769 1754 7848 4714 1915 7727 5340 2191 3064 3589 8950 7668 2568 
7952 1147 9393 3135 5053 1959 8895 9664 3252 6100 4404 9148 776 7832 769 1754 7848 4714 1915 7727 5340 2191 3064 3589 8950 7668 2568 1698 4274 3702 
28
7952 1147 9393 3135 5053 1959 8895 9664 3252 6100 4404 9148 776 7832 769 1754 7848 4714 1915 7727 5340 2191 3064 3589 8950 7668 2568 1698 
False
7952 1147 9393 3135 5053 1959 8895 9664 3252 6100 4404 9148 776 7832 769 1754 7848 4714 1915 7727 5340 2191 3064 3589 8950 7668 2568 7086 
30
False
7952 1147 9393 3135 5053 1959 8895 9664 3252 6100 4404 9148 776 7832 769 1754 7848 4714 1915 7727 5340 2191 3064 3589 8950 7668 2568 7086 5931 
7952 1147 9393 3135 5053 1959 8895 9664 3252 6100 4404 9148 776 7832 769 1754 7848 4714 1915 7727 5340 2191 3064 3589 8950 7668 2568 7086 9319 
False
False
7952 1147 9393 3135 5053 1959 8895 9664 3252 6100 4404 9148 776 7832 769 1754 7848 4714 1915 7727 5340 2191 3064 3589 8950 7668 2568 7086 4235 
7952 1147 9393 3135 5053 1959 8895 9664 3252 6100 4404 9148 776 7832 769 1754 7848 4714 1915 7727 5340 2191 3064 3589 8950 7668 2568 7086 4235 
7952 1147 9393 3135 5053 1959 8895 9664 3252 6100 4404 9148 776 7832 769 1754 7848 4714 1915 7727 5340 2191 3064 3589 8950 7668 2568 7086 4235 5949 
7952 1147 9393 3135 5053 1959 8895 9664 3252 6100 4404 9148 776 7832 769 1754 7848 4714 1915 7727 5340 2191 3064 3589 8950 7668 2568 7086 4235 555 
7952 1147 9393 3135 5053 1959 8895 9664 3252 6100 4404 9148 776 7832 769 1754 7848 4714 1915 7727 5340 2191 3064 3589 8950 7668 2568 7086 3167 
False
30
7952 1147 9393 3135 5053 1959 8895 9664 3252 6100 4404 9148 776 7832 769 1754 7848 4714 1915 7727 5340 2191 3064 3589 8950 7668 2568 7086 3167 4166 6661 
7952 1147 9393 3135 5053 1959 8895 9664 3252 6100 4404 9148 776 7832 769 1754 7848 4714 1915 7727 5340 2191 3064 3589 8950 7668 2568 7086 3167 4166 6661 
31
False
7952 1147 9393 3135 5053 1959 8895 9664 3252 6100 4404 9148 776 7832 769 1754 7848 4714 1915 7727 5340 2191 3064 3589 8950 7668 2568 7086 3167 4166 6661 
31
7952 1147 9393 3135 5053 1959 8895 9664 3252 6100 4404 9148 776 7832 769 1754 7848 4714 1915 7727 5340 2191 3064 3589 8950 7668 2568 7086 3167 4166 
False
False
False
False
False
30
False
30
False
31
False
False
False
7952 1147 9393 3135 5053 1959 8895 9664 3252 6100 4404 9148 776 7832 769 1754 7848 4714 1915 7727 5340 2191 3064 3589 8950 7668 2568 7086 3167 4023 2413 
False
False
False
False
False
7952 1147 9393 3135 5053 1959 8895 9664 3252 6100 4404 9148 776 7832 769 1754 7848 4714 1915 7727 5340 2191 3064 3589 8950 7668 2568 7086 3167 9808 
31
False
27
7952 1147 9393 3135 5053 1959 8895 9664 3252 6100 4404 9148 776 7832 769 1754 7848 4714 1915 7727 5340 2191 3064 3589 8950 7668 
25
False
7952 1147 9393 3135 5053 1959 8895 9664 3252 6100 4404 9148 776 7832 769 1754 7848 4714 1915 7727 5340 2191 3064 3589 5102 
25
25
7952 1147 9393 3135 5053 1959 8895 9664 3252 6100 4404 9148 776 7832 769 1754 7848 4714 1915 7727 5340 2191 3064 3589 5102 
False
7952 1147 9393 3135 5053 1959 8895 9664 3252 6100 4404 9148 776 7832 769 1754 7848 4714 1915 7727 5340 2191 3064 3589 5102 
7952 1147 9393 3135 5053 1959 8895 9664 3252 6100 4404 9148 776 7832 769 1754 7848 4714 1915 7727 5340 2191 3064 3589 5102 
False
False
22
21
False
7952 1147 9393 3135 5053 1959 8895 9664 3252 6100 4404 9148 776 7832 769 1754 7848 4714 
False
False
7952 1147 9393 3135 5053 1959 8895 9664 3252 6100 4404 9148 776 7832 769 1754 
False
7952 1147 9393 3135 5053 1959 8895 9664 3252 6100 4404 9148 776 7832 769 1754 7928 4582 1891 603 
7952 1147 9393 3135 5053 1959 8895 9664 3252 6100 4404 9148 776 7832 769 1754 7928 4582 1891 603 
7952 1147 9393 3135 5053 1959 8895 9664 3252 6100 4404 9148 776 7832 769 1754 7928 4582 1891 603 5936 4480 1298 
24
False
False
False
7952 1147 9393 3135 5053 1959 8895 9664 3252 6100 4404 9148 776 7832 769 1754 7928 4582 1891 603 5936 4480 1298 9529 100 8125 893 8553 5002 
False
False
29
7952 1147 9393 3135 5053 1959 8895 9664 3252 6100 4404 9148 776 7832 769 1754 7928 4582 1891 603 5936 4480 1298 9529 100 8125 893 
False
False
False
False
False
False
7952 1147 9393 3135 5053 1959 8895 9664 3252 6100 4404 9148 776 7832 769 1754 7928 4582 1891 603 5936 4480 1298 9529 100 8125 
False
False
False
False
False
False
26
False
False
False
False
7952 1147 9393 3135 5053 1959 8895 9664 3252 6100 4404 9148 776 7832 769 1754 7928 4582 1891 603 5936 4480 1298 9529 100 2484 
False
27
27
False
7952 1147 9393 3135 5053 1959 8895 9664 3252 6100 4404 9148 776 7832 769 1754 7928 4582 1891 603 5936 4480 1298 9529 
False
False
7952 1147 9393 3135 5053 1959 8895 9664 3252 6100 4404 9148 776 7832 769 1754 7928 4582 1891 603 5936 4480 1298 
False
24
7952 1147 9393 3135 5053 1959 8895 9664 3252 6100 4404 9148 776 7832 769 1754 7928 4582 1891 603 5936 4480 1298 5534 
24
7952 1147 9393 3135 5053 1959 8895 9664 3252 6100 4404 9148 776 7832 769 1754 7928 4582 1891 603 5936 4480 1298 8231 
7952 1147 9393 3135 5053 1959 8895 9664 3252 6100 4404 9148 776 7832 769 1754 7928 4582 1891 603 5936 4480 1298 
False
7952 1147 9393 3135 5053 1959 8895 9664 3252 6100 4404 9148 776 7832 769 1754 7928 4582 1891 603 5936 
False
False
28
27
False
False
False
False
False
False
False
False
7952 1147 9393 3135 5053 1959 8895 9664 3252 6100 4404 9148 776 7832 769 1754 7928 4582 1891 603 5936 4310 6248 8694 2776 5335 2728 9117 3196 9051 
28
False
7952 1147 9393 3135 5053 1959 8895 9664 3252 6100 4404 9148 776 7832 769 1754 7928 4582 1891 603 5936 4310 6248 8694 2776 5335 2728 6979 7675 
7952 1147 9393 3135 5053 1959 8895 9664 3252 6100 4404 9148 776 7832 769 1754 7928 4582 1891 603 5936 4310 6248 8694 2776 5335 2728 6979 
False
False
30
False
False
False
False
False
7952 1147 9393 3135 5053 1959 8895 9664 3252 6100 4404 9148 776 7832 769 1754 7928 4582 1891 603 5936 4310 6248 8694 2776 5335 2326 3508 9843 2706 8871 9847 
31
7952 1147 9393 3135 5053 1959 8895 9664 3252 6100 4404 9148 776 7832 769 1754 7928 4582 1891 603 5936 4310 6248 8694 2776 5335 2326 3508 9843 2706 8871 
7952 1147 9393 3135 5053 1959 8895 9664 3252 6100 4404 9148 776 7832 769 1754 7928 4582 1891 603 5936 4310 6248 8694 2776 5335 2326 3508 9843 
False
29
7952 1147 9393 3135 5053 1959 8895 9664 3252 6100 4404 9148 776 7832 769 1754 7928 4582 1891 603 5936 4310 6248 8694 2776 5335 2326 3508 9843 
7952 1147 9393 3135 5053 1959 8895 9664 3252 6100 4404 9148 776 7832 769 1754 7928 4582 1891 603 5936 4310 6248 8694 2776 5335 2326 3508 9843 
7952 1147 9393 3135 5053 1959 8895 9664 3252 6100 4404 9148 776 7832 769 1754 7928 4582 1891 603 5936 4310 6248 8694 2776 5335 2326 3508 9843 943 1543 5522 6966 
7952 1147 9393 3135 5053 1959 8895 9664 3252 6100 4404 9148 776 7832 769 1754 7928 4582 1891 603 5936 4310 6248 8694 2776 5335 2326 3508 9843 943 1543 5522 6966 461 
False
7952 1147 9393 3135 5053 1959 8895 9664 3252 6100 4404 9148 776 7832 769 1754 7928 4582 1891 603 5936 4310 6248 8694 2776 5335 2326 3508 9843 943 1543 5522 6966 292 
False
7952 1147 9393 3135 5053 1959 8895 9664 3252 6100 4404 9148 776 7832 769 1754 7928 4582 1891 603 5936 4310 6248 8694 2776 5335 2326 3508 9843 943 1543 5522 6966 292 
7952 1147 9393 3135 5053 1959 8895 9664 3252 6100 4404 9148 776 7832 769 1754 7928 4582 1891 603 5936 4310 6248 8694 2776 5335 2326 3508 9843 943 1543 5522 6966 292 4001 
False
False
False
False
False
34
False
False
7952 1147 9393 3135 5053 1959 8895 9664 3252 6100 4404 9148 776 7832 769 1754 7928 4582 1891 603 5936 4310 6248 8694 2776 5335 2326 3508 9843 943 1543 5522 6966 292 
35
34
33
7952 1147 9393 3135 5053 1959 8895 9664 3252 6100 4404 9148 776 7832 769 1754 7928 4582 1891 603 5936 4310 6248 8694 2776 5335 2326 3508 9843 943 1543 5522 6966 
False
7952 1147 9393 3135 5053 1959 8895 9664 3252 6100 4404 9148 776 7832 769 1754 7928 4582 1891 603 5936 4310 6248 8694 2776 5335 2326 3508 9843 943 1543 5522 6966 8441 4864 
False
7952 1147 9393 3135 5053 1959 8895 9664 3252 6100 4404 9148 776 7832 769 1754 7928 4582 1891 603 5936 4310 6248 8694 2776 5335 2326 3508 9843 943 1543 5522 6966 8441 4864 
34
False
7952 1147 9393 3135 5053 1959 8895 9664 3252 6100 4404 9148 776 7832 769 1754 7928 4582 1891 603 5936 4310 6248 8694 2776 5335 2326 3508 9843 943 1543 5522 6966 
False
False
False
35
7952 1147 9393 3135 5053 1959 8895 9664 3252 6100 4404 9148 776 7832 769 1754 7928 4582 1891 603 5936 4310 6248 8694 2776 5335 2326 3508 9843 943 1543 5522 6966 2930 9349 
False
7952 1147 9393 3135 5053 1959 8895 9664 3252 6100 4404 9148 776 7832 769 1754 7928 4582 1891 603 5936 4310 6248 8694 2776 5335 2326 3508 9843 943 1543 5522 6966 2930 9349 
False
7952 1147 9393 3135 5053 1959 8895 9664 3252 6100 4404 9148 776 7832 769 1754 7928 4582 1891 603 5936 4310 6248 8694 2776 5335 2326 3508 9843 943 1543 5522 
False
7952 1147 9393 3135 5053 1959 8895 9664 3252 6100 4404 9148 776 7832 769 1754 7928 4582 1891 603 5936 4310 6248 8694 2776 5335 2326 3508 
28
7952 1147 9393 3135 5053 1959 8895 9664 3252 6100 4404 9148 776 7832 769 1754 7928 4582 1891 603 5936 4310 6248 8694 2776 5335 2326 4985 
False
False
25
False
False
7952 1147 9393 3135 5053 1959 8895 9664 3252 6100 4404 9148 776 7832 769 1754 7928 4582 1891 603 5936 4310 6248 8694 1722 8902 
7952 1147 9393 3135 5053 1959 8895 9664 3252 6100 4404 9148 776 7832 769 1754 7928 4582 1891 603 5936 4310 6248 8694 1722 8902 
False
7952 1147 9393 3135 5053 1959 8895 9664 3252 6100 4404 9148 776 7832 769 1754 7928 4582 1891 603 5936 4310 6248 8694 1722 8902 
False
False
22
False
False
False
False
23
23
22
21
7952 1147 9393 3135 5053 1959 8895 9664 3252 6100 4404 9148 776 7832 769 1754 7928 4582 1891 603 5936 4616 
False
False
False
7952 1147 9393 3135 5053 1959 8895 9664 3252 6100 4404 9148 776 7832 769 1754 7928 4582 1891 
21
False
False
False
7952 1147 9393 3135 5053 1959 8895 9664 3252 6100 4404 9148 776 7832 769 1754 7928 4582 1891 972 3738 
False
24
False
7952 1147 9393 3135 5053 1959 8895 9664 3252 6100 4404 9148 776 7832 769 1754 7928 4582 1891 8265 8049 8858 4540 3574 2001 
False
False
False
7952 1147 9393 3135 5053 1959 8895 9664 3252 6100 4404 9148 776 7832 769 1754 7928 4582 1891 8265 8049 8858 
False
7952 1147 9393 3135 5053 1959 8895 9664 3252 6100 4404 9148 776 7832 769 1754 7928 4582 1891 8265 8049 
7952 1147 9393 3135 5053 1959 8895 9664 3252 6100 4404 9148 776 7832 769 1754 7928 4582 1891 8265 8049 
21
7952 1147 9393 3135 5053 1959 8895 9664 3252 6100 4404 9148 776 7832 769 1754 7928 4582 1891 8265 203 
7952 1147 9393 3135 5053 1959 8895 9664 3252 6100 4404 9148 776 7832 769 1754 7928 4582 1891 8265 203 1497 3475 672 
False
7952 1147 9393 3135 5053 1959 8895 9664 3252 6100 4404 9148 776 7832 769 1754 7928 4582 1891 8265 203 1497 3475 672 
False
24
24
False
False
False
False
False
False
False
24
24
22
7952 1147 9393 3135 5053 1959 8895 9664 3252 6100 4404 9148 776 7832 769 1754 7928 4582 1891 8265 203 1497 
24
False
False
26
26
26
False
7952 1147 9393 3135 5053 1959 8895 9664 3252 6100 4404 9148 776 7832 769 1754 7928 4582 1891 8265 203 1497 8186 1352 5526 631 6399 
28
False
25
24
25
False
7952 1147 9393 3135 5053 1959 8895 9664 3252 6100 4404 9148 776 7832 769 1754 7928 4582 1891 8265 203 1497 8186 1352 
False
23
7952 1147 9393 3135 5053 1959 8895 9664 3252 6100 4404 9148 776 7832 769 1754 7928 4582 1891 8265 203 1497 8186 
7952 1147 9393 3135 5053 1959 8895 9664 3252 6100 4404 9148 776 7832 769 1754 7928 4582 1891 8265 203 1497 8186 
False
7952 1147 9393 3135 5053 1959 8895 9664 3252 6100 4404 9148 776 7832 769 1754 7928 4582 1891 8265 203 1497 
False
False
False
26
False
False
False
7952 1147 9393 3135 5053 1959 8895 9664 3252 6100 4404 9148 776 7832 769 1754 7928 4582 1891 8265 203 1081 6373 4898 3172 7885 5785 732 
28
28
26
False
26
False
7952 1147 9393 3135 5053 1959 8895 9664 3252 6100 4404 9148 776 7832 769 1754 7928 4582 1891 8265 203 1081 6373 4898 3172 475 3821 7445 5597 3632 
False
False
False
7952 1147 9393 3135 5053 1959 8895 9664 3252 6100 4404 9148 776 7832 769 1754 7928 4582 1891 8265 203 1081 6373 4898 3172 475 3821 
7952 1147 9393 3135 5053 1959 8895 9664 3252 6100 4404 9148 776 7832 769 1754 7928 4582 1891 8265 203 1081 6373 4898 3172 475 
26
False
False
29
29
False
False
False
7952 1147 9393 3135 5053 1959 8895 9664 3252 6100 4404 9148 776 7832 769 1754 7928 4582 1891 8265 203 1081 6373 4898 3172 6649 9400 1077 457 
29
29
7952 1147 9393 3135 5053 1959 8895 9664 3252 6100 4404 9148 776 7832 769 1754 7928 4582 1891 8265 203 1081 6373 4898 3172 6649 9400 1077 457 
False
False
28
28
False
26
26
26
7952 1147 9393 3135 5053 1959 8895 9664 3252 6100 4404 9148 776 7832 769 1754 7928 4582 1891 8265 203 1081 6373 4898 3172 5989 5528 
False
7952 1147 9393 3135 5053 1959 8895 9664 3252 6100 4404 9148 776 7832 769 1754 7928 4582 1891 8265 203 1081 6373 4898 3172 5989 5528 
False
26
False
25
False
False
False
False
False
7952 1147 9393 3135 5053 1959 8895 9664 3252 6100 4404 9148 776 7832 769 1754 7928 4582 1891 8265 203 
False
20
False
False
19
16
False
16
False
18
False
7952 1147 9393 3135 5053 1959 8895 9664 3252 6100 4404 9148 776 7832 769 1754 6393 7556 6410 1017 4030 
False
7952 1147 9393 3135 5053 1959 8895 9664 3252 6100 4404 9148 776 7832 769 1754 6393 7556 6410 1017 1192 7836 6837 7108 9986 8021 1647 
7952 1147 9393 3135 5053 1959 8895 9664 3252 6100 4404 9148 776 7832 769 1754 6393 7556 6410 1017 1192 7836 6837 7108 9986 8021 1647 
False
28
False
False
False
False
False
False
False
7952 1147 9393 3135 5053 1959 8895 9664 3252 6100 4404 9148 776 7832 769 1754 6393 7556 6410 1017 1192 7836 6837 7108 9986 8021 1647 9936 7008 9577 1822 3408 
7952 1147 9393 3135 5053 1959 8895 9664 3252 6100 4404 9148 776 7832 769 1754 6393 7556 6410 1017 1192 7836 6837 7108 9986 8021 1647 9936 7008 9577 1822 3408 9962 8950 
35
False
7952 1147 9393 3135 5053 1959 8895 9664 3252 6100 4404 9148 776 7832 769 1754 6393 7556 6410 1017 1192 7836 6837 7108 9986 8021 1647 9936 7008 9577 1822 3408 9962 8950 8468 5895 7754 1104 
False
False
False
7952 1147 9393 3135 5053 1959 8895 9664 3252 6100 4404 9148 776 7832 769 1754 6393 7556 6410 1017 1192 7836 6837 7108 9986 8021 1647 9936 7008 9577 1822 3408 9962 8950 8468 6555 
False
7952 1147 9393 3135 5053 1959 8895 9664 3252 6100 4404 9148 776 7832 769 1754 6393 7556 6410 1017 1192 7836 6837 7108 9986 8021 1647 9936 7008 9577 1822 3408 9962 8950 
False
False
7952 1147 9393 3135 5053 1959 8895 9664 3252 6100 4404 9148 776 7832 769 1754 6393 7556 6410 1017 1192 7836 6837 7108 9986 8021 1647 9936 7008 9577 1822 3408 9962 8950 9638 
False
7952 1147 9393 3135 5053 1959 8895 9664 3252 6100 4404 9148 776 7832 769 1754 6393 7556 6410 1017 1192 7836 6837 7108 9986 8021 1647 9936 7008 9577 1822 3408 9962 8950 
False
7952 1147 9393 3135 5053 1959 8895 9664 3252 6100 4404 9148 776 7832 769 1754 6393 7556 6410 1017 1192 7836 6837 7108 9986 8021 1647 9936 7008 9577 1822 3408 9962 8950 
False
False
7952 1147 9393 3135 5053 1959 8895 9664 3252 6100 4404 9148 776 7832 769 1754 6393 7556 6410 1017 1192 7836 6837 7108 9986 8021 1647 9936 7008 9577 1822 3408 9962 8950 
36
7952 1147 9393 3135 5053 1959 8895 9664 3252 6100 4404 9148 776 7832 769 1754 6393 7556 6410 1017 1192 7836 6837 7108 9986 8021 1647 9936 7008 9577 1822 3408 9962 8950 1961 2929 
False
37
7952 1147 9393 3135 5053 1959 8895 9664 3252 6100 4404 9148 776 7832 769 1754 6393 7556 6410 1017 1192 7836 6837 7108 9986 8021 1647 9936 7008 9577 1822 3408 9962 8950 1961 6066 8483 
False
False
False
False
False
41
7952 1147 9393 3135 5053 1959 8895 9664 3252 6100 4404 9148 776 7832 769 1754 6393 7556 6410 1017 1192 7836 6837 7108 9986 8021 1647 9936 7008 9577 1822 3408 9962 8950 1961 6066 8483 7402 275 509 7309 1077 
7952 1147 9393 3135 5053 1959 8895 9664 3252 6100 4404 9148 776 7832 769 1754 6393 7556 6410 1017 1192 7836 6837 7108 9986 8021 1647 9936 7008 9577 1822 3408 9962 8950 1961 6066 8483 7402 275 509 7309 1077 
43
False
43
False
False
False
False
7952 1147 9393 3135 5053 1959 8895 9664 3252 6100 4404 9148 776 7832 769 1754 6393 7556 6410 1017 1192 7836 6837 7108 9986 8021 1647 9936 7008 9577 1822 3408 9962 8950 1961 6066 8483 7402 275 509 1099 8464 5754 1310 
False
41
40
False
False
7952 1147 9393 3135 5053 1959 8895 9664 3252 6100 4404 9148 776 7832 769 1754 6393 7556 6410 1017 1192 7836 6837 7108 9986 8021 1647 9936 7008 9577 1822 3408 9962 8950 1961 4733 3664 2270 
False
False
False
40
7952 1147 9393 3135 5053 1959 8895 9664 3252 6100 4404 9148 776 7832 769 1754 6393 7556 6410 1017 1192 7836 6837 7108 9986 8021 1647 9936 7008 9577 1822 3408 9962 8950 1961 4733 3664 2270 7396 8696 8261 1317 
42
False
False
False
False
False
False
7952 1147 9393 3135 5053 1959 8895 9664 3252 6100 4404 9148 776 7832 769 1754 6393 7556 6410 1017 1192 7836 6837 7108 9986 8021 1647 9936 7008 9577 1822 3408 9962 8950 1961 4733 3664 2270 7396 8696 8261 4754 1621 4721 4767 
7952 1147 9393 3135 5053 1959 8895 9664 3252 6100 4404 9148 776 7832 769 1754 6393 7556 6410 1017 1192 7836 6837 7108 9986 8021 1647 9936 7008 9577 1822 3408 9962 8950 1961 4733 3664 2270 7396 8696 8261 4754 1621 
False
False
37
False
7952 1147 9393 3135 5053 1959 8895 9664 3252 6100 4404 9148 776 7832 769 1754 6393 7556 6410 1017 1192 7836 6837 7108 9986 8021 1647 9936 7008 9577 1822 3408 9962 8950 
7952 1147 9393 3135 5053 1959 8895 9664 3252 6100 4404 9148 776 7832 769 1754 6393 7556 6410 1017 1192 7836 6837 7108 9986 8021 1647 9936 7008 9577 1822 3408 9962 8950 8398 5710 
False
39
37
False
38
38
7952 1147 9393 3135 5053 1959 8895 9664 3252 6100 4404 9148 776 7832 769 1754 6393 7556 6410 1017 1192 7836 6837 7108 9986 8021 1647 9936 7008 9577 1822 3408 9962 8950 8398 5710 5581 3454 
40
False
7952 1147 9393 3135 5053 1959 8895 9664 3252 6100 4404 9148 776 7832 769 1754 6393 7556 6410 1017 1192 7836 6837 7108 9986 8021 1647 9936 7008 9577 1822 3408 9962 8950 8398 5710 5581 4975 6420 7568 6951 
False
False
False
7952 1147 9393 3135 5053 1959 8895 9664 3252 6100 4404 9148 776 7832 769 1754 6393 7556 6410 1017 1192 7836 6837 7108 9986 8021 1647 9936 7008 9577 1822 3408 9962 8950 8398 5710 5581 4975 6420 7568 6951 7614 8631 
7952 1147 9393 3135 5053 1959 8895 9664 3252 6100 4404 9148 776 7832 769 1754 6393 7556 6410 1017 1192 7836 6837 7108 9986 8021 1647 9936 7008 9577 1822 3408 9962 8950 8398 5710 5581 4975 6420 7568 6951 7614 
43
False
False
7952 1147 9393 3135 5053 1959 8895 9664 3252 6100 4404 9148 776 7832 769 1754 6393 7556 6410 1017 1192 7836 6837 7108 9986 8021 1647 9936 7008 9577 1822 3408 9962 8950 8398 5710 5581 4975 6420 7568 6951 7614 6620 
False
False
False
False
7952 1147 9393 3135 5053 1959 8895 9664 3252 6100 4404 9148 776 7832 769 1754 6393 7556 6410 1017 1192 7836 6837 7108 9986 8021 1647 9936 7008 9577 1822 3408 9962 8950 8398 5710 5581 4975 6420 7568 6951 7614 1577 1279 5895 
False
False
41
7952 1147 9393 3135 5053 1959 8895 9664 3252 6100 4404 9148 776 7832 769 1754 6393 7556 6410 1017 1192 7836 6837 7108 9986 8021 1647 9936 7008 9577 1822 3408 9962 8950 8398 5710 5581 4975 6420 
7952 1147 9393 3135 5053 1959 8895 9664 3252 6100 4404 9148 776 7832 769 1754 6393 7556 6410 1017 1192 7836 6837 7108 9986 8021 1647 9936 7008 9577 1822 3408 9962 8950 8398 5710 5581 4975 6420 
False
42
7952 1147 9393 3135 5053 1959 8895 9664 3252 6100 4404 9148 776 7832 769 1754 6393 7556 6410 1017 1192 7836 6837 7108 9986 8021 1647 9936 7008 9577 1822 3408 9962 8950 8398 5710 5581 4975 6420 2374 
7952 1147 9393 3135 5053 1959 8895 9664 3252 6100 4404 9148 776 7832 769 1754 6393 7556 6410 1017 1192 7836 6837 7108 9986 8021 1647 9936 7008 9577 1822 3408 9962 8950 8398 5710 5581 4975 6420 2374 
False
41
7952 1147 9393 3135 5053 1959 8895 9664 3252 6100 4404 9148 776 7832 769 1754 6393 7556 6410 1017 1192 7836 6837 7108 9986 8021 1647 9936 7008 9577 1822 3408 9962 8950 8398 5710 5581 4975 6420 950 
40
41
7952 1147 9393 3135 5053 1959 8895 9664 3252 6100 4404 9148 776 7832 769 1754 6393 7556 6410 1017 1192 7836 6837 7108 9986 8021 1647 9936 7008 9577 1822 3408 9962 8950 8398 5710 5581 4975 6420 950 
False
7952 1147 9393 3135 5053 1959 8895 9664 3252 6100 4404 9148 776 7832 769 1754 6393 7556 6410 1017 1192 7836 6837 7108 9986 8021 1647 9936 7008 9577 1822 3408 9962 8950 8398 5710 5581 4975 6420 
False
7952 1147 9393 3135 5053 1959 8895 9664 3252 6100 4404 9148 776 7832 769 1754 6393 7556 6410 1017 1192 7836 6837 7108 9986 8021 1647 9936 7008 9577 1822 3408 9962 8950 8398 5710 5581 4975 6420 4390 
39
False
40
False
False
7952 1147 9393 3135 5053 1959 8895 9664 3252 6100 4404 9148 776 7832 769 1754 6393 7556 6410 1017 1192 7836 6837 7108 9986 8021 1647 9936 7008 9577 1822 3408 9962 8950 8398 5710 5581 4975 6420 8631 
7952 1147 9393 3135 5053 1959 8895 9664 3252 6100 4404 9148 776 7832 769 1754 6393 7556 6410 1017 1192 7836 6837 7108 9986 8021 1647 9936 7008 9577 1822 3408 9962 8950 8398 5710 5581 4975 6420 
False
35
False
False
34
False
False
32
7952 1147 9393 3135 5053 1959 8895 9664 3252 6100 4404 9148 776 7832 769 1754 6393 7556 6410 1017 1192 7836 6837 7108 9986 8021 1647 9936 7008 9577 1822 3408 
32
33
False
34
False
False
False
False
32
35
False
False
False
False
False
False
False
7952 1147 9393 3135 5053 1959 8895 9664 3252 6100 4404 9148 776 7832 769 1754 6393 7556 6410 1017 1192 7836 6837 7108 9986 8021 1647 9936 7008 9577 1822 7037 8934 2175 7796 5258 1141 9095 
False
False
False
False
7952 1147 9393 3135 5053 1959 8895 9664 3252 6100 4404 9148 776 7832 769 1754 6393 7556 6410 1017 1192 7836 6837 7108 9986 8021 1647 9936 7008 9577 1822 7037 8934 2175 4949 
7952 1147 9393 3135 5053 1959 8895 9664 3252 6100 4404 9148 776 7832 769 1754 6393 7556 6410 1017 1192 7836 6837 7108 9986 8021 1647 9936 7008 9577 1822 7037 8934 2175 6826 7175 
False
36
35
False
7952 1147 9393 3135 5053 1959 8895 9664 3252 6100 4404 9148 776 7832 769 1754 6393 7556 6410 1017 1192 7836 6837 7108 9986 8021 1647 9936 7008 9577 1822 7037 8934 9489 
False
False
False
27
False
False
7952 1147 9393 3135 5053 1959 8895 9664 3252 6100 4404 9148 776 7832 769 1754 6393 7556 6410 1017 1192 7836 6837 7108 9986 8021 
26
False
False
7952 1147 9393 3135 5053 1959 8895 9664 3252 6100 4404 9148 776 7832 769 1754 6393 7556 6410 1017 1192 7836 6837 2885 5416 
False
22
False
False
False
7952 1147 9393 3135 5053 1959 8895 9664 3252 6100 4404 9148 776 7832 769 1754 6393 7556 6410 1017 1192 2531 2902 3735 2393 4687 
False
26
False
7952 1147 9393 3135 5053 1959 8895 9664 3252 6100 4404 9148 776 7832 769 1754 6393 7556 6410 1017 1192 2531 2902 3735 2393 4687 1550 
False
False
28
7952 1147 9393 3135 5053 1959 8895 9664 3252 6100 4404 9148 776 7832 769 1754 6393 7556 6410 1017 1192 2531 2902 3735 2393 4687 1550 6244 
False
False
False
7952 1147 9393 3135 5053 1959 8895 9664 3252 6100 4404 9148 776 7832 769 1754 6393 7556 6410 1017 1192 2531 2902 3735 2393 4687 1550 6244 8449 
False
False
False
False
28
7952 1147 9393 3135 5053 1959 8895 9664 3252 6100 4404 9148 776 7832 769 1754 6393 7556 6410 1017 1192 2531 2902 3735 2393 4687 1550 6244 1565 
False
False
29
False
7952 1147 9393 3135 5053 1959 8895 9664 3252 6100 4404 9148 776 7832 769 1754 6393 7556 6410 1017 1192 2531 2902 3735 2393 4687 1550 6244 2141 1118 
32
False
False
7952 1147 9393 3135 5053 1959 8895 9664 3252 6100 4404 9148 776 7832 769 1754 6393 7556 6410 1017 1192 2531 2902 3735 2393 4687 1550 6244 2141 1118 5507 
7952 1147 9393 3135 5053 1959 8895 9664 3252 6100 4404 9148 776 7832 769 1754 6393 7556 6410 1017 1192 2531 2902 3735 2393 4687 1550 6244 2141 1118 5507 
False
False
False
False
7952 1147 9393 3135 5053 1959 8895 9664 3252 6100 4404 9148 776 7832 769 1754 6393 7556 6410 1017 1192 2531 2902 3735 2393 4687 1550 6244 2141 1118 5507 
False
34
7952 1147 9393 3135 5053 1959 8895 9664 3252 6100 4404 9148 776 7832 769 1754 6393 7556 6410 1017 1192 2531 2902 3735 2393 4687 1550 6244 2141 1118 1067 2929 1370 2330 1017 
36
False
7952 1147 9393 3135 5053 1959 8895 9664 3252 6100 4404 9148 776 7832 769 1754 6393 7556 6410 1017 1192 2531 2902 3735 2393 4687 1550 6244 2141 1118 1067 2929 1370 2330 3839 4411 
False
False
False
False
40
False
38
False
7952 1147 9393 3135 5053 1959 8895 9664 3252 6100 4404 9148 776 7832 769 1754 6393 7556 6410 1017 1192 2531 2902 3735 2393 4687 1550 6244 2141 1118 1067 2929 1370 2330 3839 4411 13 4264 
38
38
38
False
41
False
41
7952 1147 9393 3135 5053 1959 8895 9664 3252 6100 4404 9148 776 7832 769 1754 6393 7556 6410 1017 1192 2531 2902 3735 2393 4687 1550 6244 2141 1118 1067 2929 1370 2330 3839 4411 13 4264 6636 2590 9148 
False
7952 1147 9393 3135 5053 1959 8895 9664 3252 6100 4404 9148 776 7832 769 1754 6393 7556 6410 1017 1192 2531 2902 3735 2393 4687 1550 6244 2141 1118 1067 2929 1370 2330 3839 4411 13 4264 300 
False
39
False
False
7952 1147 9393 3135 5053 1959 8895 9664 3252 6100 4404 9148 776 7832 769 1754 6393 7556 6410 1017 1192 2531 2902 3735 2393 4687 1550 6244 2141 1118 1067 2929 1370 2330 3839 4411 
7952 1147 9393 3135 5053 1959 8895 9664 3252 6100 4404 9148 776 7832 769 1754 6393 7556 6410 1017 1192 2531 2902 3735 2393 4687 1550 6244 2141 1118 1067 2929 1370 2330 3839 4411 6142 
False
7952 1147 9393 3135 5053 1959 8895 9664 3252 6100 4404 9148 776 7832 769 1754 6393 7556 6410 1017 1192 2531 2902 3735 2393 4687 1550 6244 2141 1118 1067 2929 
False
36
36
False
7952 1147 9393 3135 5053 1959 8895 9664 3252 6100 4404 9148 776 7832 769 1754 6393 7556 6410 1017 1192 2531 2902 3735 2393 4687 1550 6244 2141 1118 1067 2929 2001 2874 1614 
7952 1147 9393 3135 5053 1959 8895 9664 3252 6100 4404 9148 776 7832 769 1754 6393 7556 6410 1017 1192 2531 2902 3735 2393 4687 1550 6244 2141 1118 1067 2929 2001 5615 
False
33
36
36
False
7952 1147 9393 3135 5053 1959 8895 9664 3252 6100 4404 9148 776 7832 769 1754 6393 7556 6410 1017 1192 2531 2902 3735 2393 4687 1550 6244 2141 1118 1067 2929 2001 946 4831 4797 
False
7952 1147 9393 3135 5053 1959 8895 9664 3252 6100 4404 9148 776 7832 769 1754 6393 7556 6410 1017 1192 2531 2902 3735 2393 4687 1550 6244 2141 1118 1067 2929 2001 946 4831 8457 2535 
7952 1147 9393 3135 5053 1959 8895 9664 3252 6100 4404 9148 776 7832 769 1754 6393 7556 6410 1017 1192 2531 2902 3735 2393 4687 1550 6244 2141 1118 1067 2929 2001 946 4831 8457 
35
7952 1147 9393 3135 5053 1959 8895 9664 3252 6100 4404 9148 776 7832 769 1754 6393 7556 6410 1017 1192 2531 2902 3735 2393 4687 1550 6244 2141 1118 1067 2929 
31
7952 1147 9393 3135 5053 1959 8895 9664 3252 6100 4404 9148 776 7832 769 1754 6393 7556 6410 1017 1192 2531 2902 3735 2393 4687 1550 6244 2141 1118 1067 
31
False
False
False
False
7952 1147 9393 3135 5053 1959 8895 9664 3252 6100 4404 9148 776 7832 769 1754 6393 7556 6410 1017 1192 2531 2902 3735 2393 4687 1550 6244 2141 3820 3074 
30
False
False
False
False
29
29
False
False
29
False
7952 1147 9393 3135 5053 1959 8895 9664 3252 6100 4404 9148 776 7832 769 1754 6393 7556 6410 1017 1192 2531 2902 3735 2393 4687 1550 6244 4356 
False
False
25
7952 1147 9393 3135 5053 1959 8895 9664 3252 6100 4404 9148 776 7832 769 1754 6393 7556 6410 1017 1192 2531 2902 3735 2393 1111 
False
False
7952 1147 9393 3135 5053 1959 8895 9664 3252 6100 4404 9148 776 7832 769 1754 6393 7556 6410 1017 1192 2531 2902 3735 2393 1111 
False
False
False
False
7952 1147 9393 3135 5053 1959 8895 9664 3252 6100 4404 9148 776 7832 769 1754 6393 7556 6410 1017 1192 2531 2902 3735 
7952 1147 9393 3135 5053 1959 8895 9664 3252 6100 4404 9148 776 7832 769 1754 6393 7556 6410 1017 1192 2531 6008 
False
False
24
7952 1147 9393 3135 5053 1959 8895 9664 3252 6100 4404 9148 776 7832 769 1754 6393 7556 6410 1017 1192 2531 6008 1110 
7952 1147 9393 3135 5053 1959 8895 9664 3252 6100 4404 9148 776 7832 769 1754 6393 7556 6410 1017 1192 2531 6008 
7952 1147 9393 3135 5053 1959 8895 9664 3252 6100 4404 9148 776 7832 769 1754 6393 7556 6410 1017 1192 7385 
False
False
19
21
7952 1147 9393 3135 5053 1959 8895 9664 3252 6100 4404 9148 776 7832 769 1754 6393 7556 6410 6275 1706 
False
23
7952 1147 9393 3135 5053 1959 8895 9664 3252 6100 4404 9148 776 7832 769 1754 6393 7556 6410 6275 1706 4909 
False
23
7952 1147 9393 3135 5053 1959 8895 9664 3252 6100 4404 9148 776 7832 769 1754 6393 7556 6410 6275 1706 6087 700 
False
7952 1147 9393 3135 5053 1959 8895 9664 3252 6100 4404 9148 776 7832 769 1754 6393 7556 6410 6275 1706 6087 700 
False
False
7952 1147 9393 3135 5053 1959 8895 9664 3252 6100 4404 9148 776 7832 769 1754 6393 7556 6410 6275 
21
False
False
7952 1147 9393 3135 5053 1959 8895 9664 3252 6100 4404 9148 776 7832 769 1754 6393 7556 6410 696 9064 
21
False
7952 1147 9393 3135 5053 1959 8895 9664 3252 6100 4404 9148 776 7832 769 1754 6393 7556 6410 696 579 4567 
False
False
False
False
False
False
20
False
20
False
False
False
False
7952 1147 9393 3135 5053 1959 8895 9664 3252 6100 4404 9148 776 7832 769 1754 6393 4600 8592 8893 3314 5747 
False
False
False
False
False
7952 1147 9393 3135 5053 1959 8895 9664 3252 6100 4404 9148 776 7832 769 1754 6393 4600 979 4439 
False
7952 1147 9393 3135 5053 1959 8895 9664 3252 6100 4404 9148 776 7832 769 1754 6393 4600 979 4439 3367 4189 9027 
7952 1147 9393 3135 5053 1959 8895 9664 3252 6100 4404 9148 776 7832 769 1754 6393 4600 979 4439 3367 4189 9027 
False
False
22
False
False
False
7952 1147 9393 3135 5053 1959 8895 9664 3252 6100 4404 9148 776 7832 769 1754 6393 4600 979 4439 3367 7119 
False
False
False
20
False
18
False
7952 1147 9393 3135 5053 1959 8895 9664 3252 6100 4404 9148 776 7832 769 1754 
7952 1147 9393 3135 5053 1959 8895 9664 3252 6100 4404 9148 776 7832 769 
False
13
13
13
False
False
False
7952 1147 9393 3135 5053 1959 8895 9664 3252 6100 4404 9148 776 3766 
7952 1147 9393 3135 5053 1959 8895 9664 3252 6100 4404 9148 776 3766 3636 
False
False
False
15
False
7952 1147 9393 3135 5053 1959 8895 9664 3252 6100 4404 9148 1966 1668 2113 
False
False
20
7952 1147 9393 3135 5053 1959 8895 9664 3252 6100 4404 9148 1966 1668 2113 2461 5871 3568 3203 3269 
7952 1147 9393 3135 5053 1959 8895 9664 3252 6100 4404 9148 1966 1668 2113 2461 5871 3568 3203 3269 
7952 1147 9393 3135 5053 1959 8895 9664 3252 6100 4404 9148 1966 1668 2113 2461 5871 3568 3203 3269 2624 
7952 1147 9393 3135 5053 1959 8895 9664 3252 6100 4404 9148 1966 1668 2113 2461 5871 3568 3203 3269 2624 
False
23
23
False
7952 1147 9393 3135 5053 1959 8895 9664 3252 6100 4404 9148 1966 1668 2113 2461 5871 3568 3203 3269 8005 1419 6749 9224 
False
22
False
False
20
22
False
False
False
7952 1147 9393 3135 5053 1959 8895 9664 3252 6100 4404 9148 1966 1668 2113 2461 5871 3568 3203 1843 646 541 7608 
7952 1147 9393 3135 5053 1959 8895 9664 3252 6100 4404 9148 1966 1668 2113 2461 5871 3568 3203 1843 646 541 7608 9794 
24
24
False
25
False
False
False
False
False
7952 1147 9393 3135 5053 1959 8895 9664 3252 6100 4404 9148 1966 1668 2113 2461 5871 3568 3203 1843 646 2099 4503 3884 2804 7817 9822 
False
False
False
7952 1147 9393 3135 5053 1959 8895 9664 3252 6100 4404 9148 1966 1668 2113 2461 5871 3568 3203 1843 646 2099 4503 3884 2804 7817 
False
7952 1147 9393 3135 5053 1959 8895 9664 3252 6100 4404 9148 1966 1668 2113 2461 5871 3568 3203 1843 646 2099 4503 3884 2804 947 
27
7952 1147 9393 3135 5053 1959 8895 9664 3252 6100 4404 9148 1966 1668 2113 2461 5871 3568 3203 1843 646 2099 4503 3884 2804 947 3571 
False
7952 1147 9393 3135 5053 1959 8895 9664 3252 6100 4404 9148 1966 1668 2113 2461 5871 3568 3203 1843 646 2099 4503 3884 2804 947 1840 662 
7952 1147 9393 3135 5053 1959 8895 9664 3252 6100 4404 9148 1966 1668 2113 2461 5871 3568 3203 1843 646 2099 4503 3884 2804 947 1840 662 
False
7952 1147 9393 3135 5053 1959 8895 9664 3252 6100 4404 9148 1966 1668 2113 2461 5871 3568 3203 1843 646 2099 4503 3884 2804 947 1840 662 
7952 1147 9393 3135 5053 1959 8895 9664 3252 6100 4404 9148 1966 1668 2113 2461 5871 3568 3203 1843 646 2099 4503 3884 2804 947 1840 6519 9316 3260 
30
False
False
False
29
7952 1147 9393 3135 5053 1959 8895 9664 3252 6100 4404 9148 1966 1668 2113 2461 5871 3568 3203 1843 646 2099 4503 3884 2804 947 1840 6519 
False
False
False
26
False
False
7952 1147 9393 3135 5053 1959 8895 9664 3252 6100 4404 9148 1966 1668 2113 2461 5871 3568 3203 1843 646 2099 4503 3884 2804 947 2283 
False
False
29
False
7952 1147 9393 3135 5053 1959 8895 9664 3252 6100 4404 9148 1966 1668 2113 2461 5871 3568 3203 1843 646 2099 4503 3884 2804 4138 3405 3975 
29
7952 1147 9393 3135 5053 1959 8895 9664 3252 6100 4404 9148 1966 1668 2113 2461 5871 3568 3203 1843 646 2099 4503 3884 2804 4138 3405 3975 
False
7952 1147 9393 3135 5053 1959 8895 9664 3252 6100 4404 9148 1966 1668 2113 2461 5871 3568 3203 1843 646 2099 4503 3884 2804 4138 3405 3975 
False
False
26
26
7952 1147 9393 3135 5053 1959 8895 9664 3252 6100 4404 9148 1966 1668 2113 2461 5871 3568 3203 9990 
False
False
False
18
False
7952 1147 9393 3135 5053 1959 8895 9664 3252 6100 4404 9148 1966 1668 2113 2461 5871 6674 
False
False
17
False
False
7952 1147 9393 3135 5053 1959 8895 9664 3252 6100 4404 9148 1966 1668 649 
False
13
7952 1147 9393 3135 5053 1959 8895 9664 3252 6100 4404 9148 1966 
False
7952 1147 9393 3135 5053 1959 8895 9664 5209 
7952 1147 9393 3135 5053 1959 8895 9664 5209 
7952 1147 9393 3135 5053 1959 8895 9664 5209 
7952 1147 9393 3135 5053 1959 8895 9664 9251 
9
False
False
7
False
False
7952 1147 9393 3135 5053 1959 1918 
7
7952 1147 9393 3135 5053 1959 
False
7
False
False
False
7952 1147 9393 3135 5053 4479 9630 
6
5
7952 1147 9393 3135 
4
7952 1147 9393 3135 
False
False
False
7952 

True
Empty
Empty
1863 
False
False
3260 
False
1
False
334 266 5878 
2
334 266 
False
1
9670 
8678 
2
8678 8283 7233 7462 
4
8678 8283 7233 7462 
8678 8283 7233 7462 4077 
8678 8283 7233 7462 1122 
False
False
False
1
Empty
True
Empty
0
3
False
4882 9360 441 
3
4882 9360 
2
4882 
1
False
False
0
True

9435 8644 
False
9435 8644 8339 158 791 
5
5
False
5
False
False
9435 8644 8339 
3
False
False
False
False
False
False
9435 8644 8339 5119 9091 1248 1506 5781 5790 
False
9435 8644 8339 5119 9091 1248 1506 584 
9435 8644 8339 5119 9091 1248 1506 584 5185 
False
10
False
9435 8644 8339 5119 9091 1248 1506 584 5185 
9435 8644 8339 5119 9091 1248 1506 584 5185 
9
9
False
9435 8644 8339 5119 9091 1248 1506 584 5185 
9435 8644 8339 5119 9091 1248 1506 584 5185 
False
False
11
12
False
False
False
False
False
9435 8644 8339 5119 9091 1248 1506 584 5185 1727 6921 6804 
False
14
9435 8644 8339 5119 9091 1248 1506 584 5185 1727 6921 6804 2113 2963 
9435 8644 8339 5119 9091 1248 1506 584 5185 1727 6921 6804 2113 2134 
14
False
False
False
9435 8644 8339 5119 9091 1248 1506 584 5185 1727 6921 6804 2113 
False
9435 8644 8339 5119 9091 1248 1506 584 5185 1727 6921 6804 
9435 8644 8339 5119 9091 1248 1506 584 5185 1727 6921 6804 
False
False
8
False
False
False
9435 8644 8339 5119 9091 1248 
9435 8644 8339 5119 9091 1248 
5
False
2
Empty
False
True
Empty
False

True
False
Empty
False
False
1458 
False
False
0
True
Empty
False
1
True
Empty
0
Empty
True
0
0
Empty
True
Empty
True
False
Empty
1
2
False
2
False
False
1
9915 
9915 
Empty

0
0
Empty

Empty
Empty
Empty
9045 
1
0
0
True
Empty
True

False
False
2
False
6468 
Empty

False
False
False
4
False
False
8814 
2
8814 9517 
False
False
False
False
8814 9517 
False
False
False
6
6
924 5981 838 6450 9096 8311 9021 
False
924 5981 838 6450 9096 8311 9021 71 8106 
False
924 5981 838 6450 9096 8311 2281 
6
5
7
7
False
False
False
924 5981 838 6450 9096 5448 3578 7821 6973 6209 5962 
12
11
924 5981 838 6450 9096 5448 3578 7821 6973 6209 5962 
924 5981 838 6450 9096 5448 3578 7821 6973 6209 5962 9395 
False
924 5981 838 6450 9096 5448 3578 7821 6973 6209 
False
924 5981 838 6450 9096 5448 969 
924 5981 838 6450 9096 5448 969 49 
False
11
False
False
False
924 5981 838 6450 9096 5448 9318 6915 
8
9
9
False
False
9
924 5981 838 6450 9096 5448 9318 6915 9407 3013 4189 
12
924 5981 838 6450 9096 5448 9318 6915 9407 3013 4189 
11
11
False
False
12
924 5981 838 6450 9096 5448 9318 6915 9407 3013 4189 
False
924 5981 838 6450 9096 5448 9318 6915 9407 3013 4189 
False
False
False
False
924 5981 838 6450 9096 5448 9318 6915 9407 3013 2365 9277 7354 7921 
14
15
924 5981 838 6450 9096 5448 9318 6915 9407 3013 2365 9277 7354 7921 7046 
924 5981 838 6450 9096 5448 9318 6915 9407 3013 2365 9277 7354 7921 
924 5981 838 6450 9096 5448 9318 6915 9407 3013 2365 9277 7354 6597 
924 5981 838 6450 9096 5448 9318 6915 9407 3013 2365 5131 
False
924 5981 838 6450 9096 5448 9318 6915 9407 3013 2365 6153 
924 5981 838 6450 9096 5448 9318 6915 9407 3013 2365 6153 
924 5981 838 6450 9096 5448 9318 6915 9407 
9
False
False
False
False
False
924 5981 838 6450 9096 5448 9318 9652 4502 
False
False
924 5981 838 6450 9096 5448 9318 9652 4502 9793 2987 6634 
False
8
7
False
False
False
False
False
False
924 5981 838 6450 9096 7935 1166 3536 
False
7
False
924 5981 838 6450 9096 7935 590 3696 2289 7126 2161 3502 2932 
924 5981 838 6450 9096 7935 590 3696 2289 7126 2161 3502 2932 
False
False
False
False
False
False
False
14
924 5981 838 6450 9096 7935 590 3696 2289 7126 2161 471 1663 8100 8321 3751 
17
924 5981 838 6450 9096 7935 590 3696 2289 7126 2161 471 1663 8100 8321 3751 6870 6587 4386 7597 
False
False
False
False
False
22
22
23
False
20
False
19
False
False
False
False
20
924 5981 838 6450 9096 7935 590 3696 2289 7126 2161 471 1663 8100 8321 3751 6870 6587 4386 
20
924 5981 838 6450 9096 7935 590 3696 2289 7126 2161 471 1663 8100 8321 3751 6870 6587 4386 2515 
924 5981 838 6450 9096 7935 590 3696 2289 7126 2161 471 1663 8100 8321 3751 6870 6587 4386 2515 
False
21
False
False
False
924 5981 838 6450 9096 7935 590 3696 2289 7126 2161 471 1663 8100 8321 3751 6870 6587 4386 2515 
924 5981 838 6450 9096 7935 590 3696 2289 7126 2161 471 1663 8100 8321 3751 6870 6587 4386 9026 
924 5981 838 6450 9096 7935 590 3696 2289 7126 2161 471 1663 8100 8321 3751 6870 6587 4386 9026 
23
924 5981 838 6450 9096 7935 590 3696 2289 7126 2161 471 1663 8100 8321 3751 6870 6587 4386 9026 7018 
False
False
False
924 5981 838 6450 9096 7935 590 3696 2289 7126 2161 471 1663 8100 8321 3751 6870 6587 4386 9026 7018 
21
False
False
22
False
False
False
False
20
20
924 5981 838 6450 9096 7935 590 3696 2289 7126 2161 471 1663 8100 8321 3751 6870 6587 4386 
False
False
18
False
False
924 5981 838 6450 9096 7935 590 3696 2289 7126 2161 471 1663 8100 8321 3751 6870 5830 
False
False
17
False
False
924 5981 838 6450 9096 7935 590 3696 2289 7126 2161 471 1663 8100 8321 3751 6870 
False
False
21
False
False
False
False
False
924 5981 838 6450 9096 7935 590 3696 2289 7126 2161 471 1663 8100 8321 3751 6870 9817 2966 
924 5981 838 6450 9096 7935 590 3696 2289 7126 2161 471 1663 8100 8321 3751 6870 9817 2966 
18
924 5981 838 6450 9096 7935 590 3696 2289 7126 2161 471 1663 8100 8321 3751 6870 9817 
False
924 5981 838 6450 9096 7935 590 3696 2289 7126 2161 471 1663 8100 8321 3751 6870 9817 
False
False
924 5981 838 6450 9096 7935 590 3696 2289 7126 2161 471 1663 8100 8321 6333 
924 5981 838 6450 9096 7935 590 3696 2289 7126 2161 471 1663 8100 8321 6333 
False
False
False
False
924 5981 838 6450 9096 7935 590 3696 2289 7126 2161 471 1663 8100 8321 6293 6853 330 
False
False
False
False
False
False
924 5981 838 6450 9096 7935 590 3696 2289 7126 2161 471 1663 8100 8321 6293 6853 
False
18
False
924 5981 838 6450 9096 7935 590 3696 2289 7126 2161 471 1663 8100 8321 6293 2184 
924 5981 838 6450 9096 7935 590 3696 2289 7126 2161 471 1663 8100 8321 6293 2184 
False
False
False
924 5981 838 6450 9096 7935 590 3696 2289 7126 2161 471 1663 8100 8321 6293 2184 
13
14
13
False
False
13
False
924 5981 838 6450 9096 7935 590 3696 2289 7126 2161 5918 
924 5981 838 6450 9096 7935 590 3696 2289 7126 2161 
False
False
14
14
False
False
False
924 5981 838 6450 9096 7935 590 3696 
False
False
7
924 5981 838 6450 9096 7935 8343 
False
False
924 5981 838 6450 622 8651 
False
False
False
12
False
10
924 5981 838 6450 622 8651 285 2493 4369 7560 2476 
13
924 5981 838 6450 622 8651 285 2493 4369 7560 2326 3380 7738 8302 
False
False
13
13
False
14
False
14
924 5981 838 6450 622 8651 285 2493 4369 7560 2326 3380 7738 9655 
924 5981 838 6450 622 8651 285 2493 4369 7560 2326 3380 7738 
924 5981 838 6450 622 8651 285 2493 4369 7560 2326 3380 7738 9814 4541 
924 5981 838 6450 622 8651 285 2493 4369 7560 2326 3380 7738 9814 
924 5981 838 6450 622 8651 285 2493 4369 7560 2326 3380 7738 9814 
924 5981 838 6450 622 8651 285 2493 4369 7560 2326 3380 7738 9814 
False
924 5981 838 6450 622 8651 285 2493 4369 7560 2326 3380 7738 9814 
15
15
False
False
924 5981 838 6450 622 8651 285 2493 4369 7560 2326 3380 7738 9814 1167 4119 7063 
17
False
16
924 5981 838 6450 622 8651 285 2493 4369 7560 2326 3380 7738 9814 1167 4119 
16
False
15
924 5981 838 6450 622 8651 285 2493 4369 7560 2326 3380 7738 9814 1167 
16
False
False
924 5981 838 6450 622 8651 285 2493 4369 7560 2326 3380 7738 9814 88 5864 5696 3937 
False
924 5981 838 6450 622 8651 285 2493 4369 7560 2326 3380 7738 9814 88 5864 
False
False
False
924 5981 838 6450 622 8651 285 2493 4369 7560 2326 3380 7738 9814 88 5864 7890 
924 5981 838 6450 622 8651 285 2493 4369 7560 2326 3380 7738 9814 88 5864 7890 
False
False
15
924 5981 838 6450 622 8651 285 2493 4369 7560 2326 3380 
False
924 5981 838 6450 622 8651 285 2493 4369 7560 2326 3380 
16
16
20
19
924 5981 838 6450 622 8651 285 2493 4369 7560 2326 3380 2479 5485 5922 8934 3385 6234 5951 
20
924 5981 838 6450 622 8651 285 2493 4369 7560 2326 3380 2479 5485 5922 8934 3385 6234 5951 5941 2919 
False
False
False
924 5981 838 6450 622 8651 285 2493 4369 7560 2326 3380 2479 5485 5922 8934 3385 6234 5951 5941 2919 9629 
924 5981 838 6450 622 8651 285 2493 4369 7560 2326 3380 2479 5485 5922 8934 3385 6234 5951 5941 2919 9629 8000 4604 
False
24
924 5981 838 6450 622 8651 285 2493 4369 7560 2326 3380 2479 5485 5922 8934 3385 6234 5951 5941 2919 9629 8000 6319 
924 5981 838 6450 622 8651 285 2493 4369 7560 2326 3380 2479 5485 5922 8934 3385 6234 5951 5941 2919 9629 8000 6319 
False
False
False
False
924 5981 838 6450 622 8651 285 2493 4369 7560 2326 3380 2479 5485 5922 8934 3385 6234 5951 5941 2919 9629 
22
924 5981 838 6450 622 8651 285 2493 4369 7560 2326 3380 2479 5485 5922 8934 3385 6234 5951 5941 2919 9629 
False
False
False
14
924 5981 838 6450 622 8651 285 2493 4369 7560 2326 3380 2479 5485 
14
14
False
14
False
14
False
924 5981 838 6450 622 8651 285 2493 4369 7560 2326 3380 2479 5485 758 
False
False
False
23
False
False
False
False
False
924 5981 838 6450 622 8651 285 2493 4369 7560 2326 3380 2479 5485 758 4811 2595 8486 1688 5857 4527 
False
19
False
False
False
924 5981 838 6450 622 8651 285 2493 4369 7560 2326 3380 2479 5485 758 4811 2595 6433 1774 7452 
False
False
False
924 5981 838 6450 622 8651 285 2493 4369 7560 2326 3380 2479 5485 758 4811 2595 6433 1774 8037 5236 
924 5981 838 6450 622 8651 285 2493 4369 7560 2326 3380 2479 5485 758 4811 2595 6433 1774 8037 5236 
21
21
924 5981 838 6450 622 8651 285 2493 4369 7560 2326 3380 2479 5485 758 4811 2595 6433 1774 8037 
False
False
False
17
False
924 5981 838 6450 622 8651 285 2493 4369 7560 2326 3380 2479 2930 6749 
False
False
14
False
14
False
False
False
False
13
False
13
False
14
924 5981 838 6450 622 8651 285 2493 4369 7560 2326 8947 7879 431 
False
17
False
False
False
False
924 5981 838 6450 622 8651 285 2493 4369 7560 2326 8947 7879 431 9530 7268 2274 2260 4018 8479 6581 
False
924 5981 838 6450 622 8651 285 2493 4369 7560 2326 8947 7879 431 9530 7268 2274 2260 
924 5981 838 6450 622 8651 285 2493 4369 7560 2326 8947 7879 431 9530 7268 2274 2260 8979 8116 
20
22
21
False
924 5981 838 6450 622 8651 285 2493 4369 7560 2326 8947 7879 431 9530 7268 2274 2260 8979 8116 
19
False
18
False
False
924 5981 838 6450 622 8651 285 2493 4369 5403 
False
False
False
False
924 5981 838 6450 622 8651 1739 3168 5838 8910 3483 
924 5981 838 6450 622 8651 1739 3168 5838 8910 3483 
11
False
False
False
9
False
False
False
False
924 5981 838 6450 622 8651 1739 3168 5838 1895 
924 5981 838 6450 622 8651 1739 3168 5838 1895 
10
False
False
13
924 5981 838 6450 622 8651 1739 3168 5838 1895 9890 2945 1667 
13
14
False
False
924 5981 838 6450 622 8651 1739 3168 5838 1895 9890 2945 6761 2227 8351 3479 5954 
False
False
15
False
False
False
924 5981 838 6450 622 8651 1739 3168 5838 1895 9890 2945 6761 2227 8351 
14
16
False
924 5981 838 6450 622 8651 1739 3168 5838 1895 9890 2945 6761 2227 
924 5981 838 6450 622 8651 1739 3168 5838 1895 9890 2945 6761 
13
False
False
17
False
14
False
13
924 5981 838 6450 622 8651 1739 3168 5838 1895 9890 2945 6761 6579 5927 
924 5981 838 6450 622 8651 1739 3168 5838 1895 9890 2945 6761 6579 
924 5981 838 6450 622 8651 1739 3168 5838 1895 9890 2945 6761 8429 9507 9611 1810 
924 5981 838 6450 622 8651 1739 3168 5838 1895 9890 2945 6761 8429 9507 9611 1810 
False
False
924 5981 838 6450 622 8651 1739 3168 5838 1895 9890 2945 6761 8429 9507 
False
924 5981 838 6450 622 8651 1739 3168 5838 1895 9890 2945 6761 6312 7163 
15
False
14
924 5981 838 6450 622 8651 1739 3168 5838 1895 9890 2945 6761 6312 
924 5981 838 6450 622 8651 1739 3168 5838 1895 9890 2945 6761 6312 6338 9378 
False
False
13
False
False
8
False
924 5981 838 6450 622 8651 1739 3168 8828 
False
924 5981 838 6450 622 3633 
False
False
924 5981 838 6450 622 3633 
7
False
False
False
False
False
False
False
False
False
924 5981 838 6450 622 3633 3261 8032 8987 5555 7191 6635 2537 7579 1276 8505 
924 5981 838 6450 622 3633 3261 8032 8987 5555 7191 6635 2537 7579 1276 8505 
False
False
False
False
False
False
924 5981 838 6450 622 3633 3261 8032 8987 5555 7191 6635 2537 5252 9147 
924 5981 838 6450 622 3633 3261 8032 8987 5555 7191 6635 2537 5252 9147 
False
False
924 5981 838 6450 622 3633 3261 8032 8987 5555 7191 6635 2537 
13
924 5981 838 6450 622 3633 3261 8032 8987 5555 7191 6635 2537 
924 5981 838 6450 622 3633 3261 8032 8987 5555 7191 6635 2537 
924 5981 838 6450 622 3633 3261 8032 8987 5555 7191 6635 2537 2652 
14
924 5981 838 6450 622 3633 3261 8032 8987 5555 7191 6635 2537 2652 
False
False
13
12
False
12
12
False
False
924 5981 838 6450 622 3633 4031 
False
False
924 5981 838 6450 8696 832 9830 
8
False
False
False
False
924 5981 838 6450 8696 832 
False
False
7
7
8
8
False
False
924 5981 838 6450 8696 7765 2943 2319 4510 
False
11
11
924 5981 838 6450 8696 7765 2943 2319 4510 9211 7154 2860 
924 5981 838 6450 8696 7765 2943 2319 
924 5981 838 6450 8696 7765 2943 
False
8
False
False
False
False
9
9
False
924 5981 838 6450 8696 7765 2528 
False
924 5981 838 6450 8696 8655 
924 5981 838 6450 8696 8655 7778 
False
False
924 5981 838 6450 8696 8655 7778 
7
7
False
924 5981 838 6450 8696 8655 
6
False
False
924 5981 838 6450 8696 8279 8923 1110 
False
6
False
924 5981 838 6450 8696 2855 
4
924 5981 838 
False
924 5981 838 
Empty
Empty
1
False
False
False
False
3
3
5632 2086 7314 
False
False
7
False
5632 2086 7314 8838 8644 9899 8540 4124 
8
False
False
False
5632 2086 7314 8838 8644 9899 8540 5580 
False
False
False
False
False
False
False
False
False
3
5632 2086 7314 
False
False
3
2
4
4
5632 7194 922 724 
False
False
False
False
False
5632 7194 922 8331 3516 
5632 7194 922 8331 3516 7344 
5632 7194 922 8331 3516 
False
False
7
5632 7194 922 8331 3516 
False
6
5632 7194 922 8331 3516 6363 
5
5632 7194 922 8331 3516 
5632 7194 922 4362 
5632 7194 922 4362 
5
False
False
4
5
5632 7194 922 
5632 7194 922 2052 
False
False
False
False
False
False
False
False
False
False
False
5632 7194 922 6181 1734 573 9769 6166 
5632 7194 922 6181 1734 573 9769 
False
False
False
False
8
False
False
5632 7194 922 6181 1734 573 2267 2549 3335 
5632 7194 922 6181 1734 573 2267 2549 3335 
False
8
5632 7194 922 6181 1734 573 2267 2549 171 
False
6
False
5632 7194 
4
5632 7194 3861 3943 
False
False
5632 7194 3861 3943 6672 
False
5632 7194 3861 3943 6672 6148 
5632 7194 3861 3943 6672 6148 
5632 7194 3861 3943 6672 6148 
False
False
False
5632 7194 3861 3943 6672 6148 
5632 7194 3861 3943 6672 6148 240 
5632 7194 3861 3943 6672 6148 240 2536 
8
8
5632 7194 3861 3943 6672 6148 
6
7
False
5632 7194 3861 3943 6672 6148 536 
8
False
7
5632 7194 3861 3943 6672 6148 536 4924 
5632 7194 3861 3943 6672 6148 
False
False
False
5632 7194 3861 3943 6672 6148 9346 5362 3863 
8
False
False
False
5632 7194 3861 3943 
5632 7194 3861 3943 8022 
False
4
3
5
6
False
False
False
False
False
8
False
False
8
8
False
False
False
False
False
False
False
9
False
8
8
5632 7194 3861 7468 2149 2502 7660 6772 
False
False
False
False
5632 7194 3861 7468 2149 2502 7660 6772 7601 6492 4509 
12
11
False
10
False
False
False
5632 7194 3861 7468 2149 2502 7660 6772 
False
False
10
10
False
False
False
10
10
False
5632 7194 3861 7468 2149 2502 7660 6772 3270 5393 
False
5632 7194 3861 7468 2149 2502 7660 6772 3270 5393 
False
False
9
False
5632 7194 3861 7468 2149 2502 7660 6772 7461 
5632 7194 3861 7468 2149 2502 7660 6772 7461 
False
False
14
13
5632 7194 3861 7468 2149 2502 7660 6772 7461 3764 5433 7675 2433 
5632 7194 3861 7468 2149 2502 7660 6772 7461 3764 5433 7675 2433 8739 
5632 7194 3861 7468 2149 2502 7660 6772 7461 3764 5433 7675 2433 8739 577 
False
False
5632 7194 3861 7468 2149 2502 7660 6772 7461 3764 
5632 7194 3861 7468 2149 2502 7660 6772 7461 
False
5632 7194 3861 7468 2149 2502 7660 
5632 7194 3861 7468 2149 2502 7660 6923 2871 5501 
False
False
False
10
False
5632 7194 3861 7468 2149 2502 7660 6923 2871 5501 9046 
11
5632 7194 3861 7468 2149 2502 7660 6923 2871 5501 9046 5235 
False
False
5632 7194 3861 7468 2149 2502 7660 6923 2871 5501 9046 5235 
False
False
False
False
False
10
10
5632 7194 3861 7468 2149 2502 7660 6923 2871 
5632 7194 3861 7468 2149 2502 7660 6923 
5632 7194 3861 7468 2149 2502 7660 6923 
False
6
False
False
Empty
True
0
False
Empty
9375 10 3224 
False
9375 10 3224 
3
False
False
9375 10 805 5875 
False
False
False
9375 10 805 5875 3752 4768 8961 
9
9375 10 805 5875 3752 4768 1031 2776 9850 5197 
10
10
False
11
9375 10 805 5875 3752 4768 1031 2776 9850 5197 7141 
9375 10 805 5875 3752 4768 1031 2776 9850 5197 7141 6206 
False
9375 10 805 5875 3752 4768 1031 2776 9850 5197 7141 6206 6513 
False
False
False
9375 10 805 5875 3752 4768 1031 2776 9850 5197 7141 6206 6513 9129 2098 866 
False
False
9375 10 805 5875 3752 4768 1031 2776 9850 5197 7141 6206 6513 9129 
14
False
False
False
False
9375 10 805 5875 3752 4768 1031 2776 9850 5197 7141 6206 6513 6447 8420 7287 9610 8086 
False
18
9375 10 805 5875 3752 4768 1031 2776 9850 5197 7141 6206 6513 6447 8420 7287 5586 9978 8597 5087 
False
False
9375 10 805 5875 3752 4768 1031 2776 9850 5197 7141 6206 6513 6447 8420 7287 5586 9978 8597 4363 7216 6849 4512 
False
False
False
22
False
9375 10 805 5875 3752 4768 1031 2776 9850 5197 7141 6206 6513 6447 8420 7287 5586 9978 8597 4363 7216 
False
False
18
False
False
False
False
False
22
False
False
False
9375 10 805 5875 3752 4768 1031 2776 9850 5197 7141 6206 6513 6447 8420 7287 5586 9978 3548 9975 1672 392 
9375 10 805 5875 3752 4768 1031 2776 9850 5197 7141 6206 6513 6447 8420 7287 5586 9978 3548 9975 1672 
9375 10 805 5875 3752 4768 1031 2776 9850 5197 7141 6206 6513 6447 8420 7287 5586 9978 3548 9975 5901 
False
False
False
20
9375 10 805 5875 3752 4768 1031 2776 9850 5197 7141 6206 6513 6447 8420 7287 5586 9978 3548 9975 748 
9375 10 805 5875 3752 4768 1031 2776 9850 5197 7141 6206 6513 6447 8420 7287 5586 9978 3548 121 
19
False
21
9375 10 805 5875 3752 4768 1031 2776 9850 5197 7141 6206 6513 6447 8420 7287 5586 9978 3548 3635 
False
17
16
False
9375 10 805 5875 3752 4768 1031 2776 9850 5197 7141 6206 6513 6447 
False
False
9375 10 805 5875 3752 4768 1031 2776 
False
8
False
9375 10 805 5875 3752 4768 1031 2776 
8
9
False
False
False
9375 10 805 5875 3752 4768 1031 
9375 10 805 5875 3752 4768 8918 
False
6
6
False
False
9375 10 805 5875 3752 4768 1792 1371 
8
False
False
5
False
False
9375 10 805 
False
2
False
False
False
9375 1132 
2
False
2

True
1
8493 4692 
2
Empty
Empty

Empty
0
False
4
2
1
False
Empty
Empty
Empty
True
0
Empty
False
False
False
4
2088 4088 8908 3599 
False
False
4
False
2088 4088 8908 3599 9693 1400 5935 475 1966 4940 
False
2088 4088 8908 3599 9693 1400 5935 475 1966 4940 1521 
False
False
False
2088 4088 8908 3599 9693 1400 5935 475 1966 4940 3644 4314 4048 
False
15
2088 4088 8908 3599 9693 1400 5935 475 1966 4940 3644 4314 4048 3039 2709 762 
17
2088 4088 8908 3599 9693 1400 5935 475 1966 4940 3644 4314 4048 3039 2709 762 4622 6617 
2088 4088 8908 3599 9693 1400 5935 475 1966 4940 3644 4314 4048 3039 2709 
False
False
False
False
False
False
9
2088 4088 8908 3599 9693 1400 5935 475 1966 4753 
False
False
2088 4088 8908 3599 9693 1400 5935 475 1966 4753 5252 2011 3422 1846 
False
2088 4088 8908 3599 9693 1400 5935 475 1966 4753 5252 2011 3422 5449 
False
False
2088 4088 8908 3599 9693 1400 5935 475 1966 4753 5252 2011 
12
False
False
False
False
14
False
2088 4088 8908 3599 9693 1400 5935 475 1966 4753 5252 2854 4855 
13
False
False
False
14
False
14
False
12
11
False
False
2088 4088 8908 3599 9693 1400 5935 475 1966 
False
False
2088 4088 8908 3599 9693 1400 5935 475 1966 2071 2743 126 9432 883 
False
False
False
False
16
False
2088 4088 8908 3599 9693 1400 5935 475 1966 2071 2743 126 9432 883 
2088 4088 8908 3599 9693 1400 5935 475 1966 2071 2743 126 9432 883 
16
False
17
False
2088 4088 8908 3599 9693 1400 5935 475 1966 2071 2743 126 9432 883 8071 498 19 5386 
False
20
18
False
17
2088 4088 8908 3599 9693 1400 5935 475 1966 2071 2743 126 9432 883 8071 498 19 9788 
2088 4088 8908 3599 9693 1400 5935 475 1966 2071 2743 126 9432 883 8071 498 19 9788 
False
False
2088 4088 8908 3599 9693 1400 5935 475 1966 2071 2743 126 9432 883 8071 498 19 9259 9752 
False
2088 4088 8908 3599 9693 1400 5935 475 1966 2071 2743 126 9432 883 8071 498 19 9259 9752 4507 4661 
False
22
22
False
2088 4088 8908 3599 9693 1400 5935 475 1966 2071 2743 126 9432 883 8071 498 19 9259 9752 4507 4661 7137 
2088 4088 8908 3599 9693 1400 5935 475 1966 2071 2743 126 9432 883 8071 498 19 9259 9752 4507 4661 3507 
22
False
False
2088 4088 8908 3599 9693 1400 5935 475 1966 2071 2743 126 9432 883 8071 498 19 9259 9752 4507 7977 6973 
2088 4088 8908 3599 9693 1400 5935 475 1966 2071 2743 126 9432 883 8071 498 19 9259 9752 4507 7977 6973 
21
False
False
2088 4088 8908 3599 9693 1400 5935 475 1966 2071 2743 126 9432 883 8071 498 19 9259 2254 9950 3268 479 
2088 4088 8908 3599 9693 1400 5935 475 1966 2071 2743 126 9432 883 8071 498 19 9259 2254 9950 3268 479 5762 
False
False
22
False
False
22
2088 4088 8908 3599 9693 1400 5935 475 1966 2071 2743 126 9432 883 8071 498 19 9259 2254 9950 3268 
False
21
21
2088 4088 8908 3599 9693 1400 5935 475 1966 2071 2743 126 9432 883 8071 498 19 9259 2254 9950 3268 6769 
False
21
2088 4088 8908 3599 9693 1400 5935 475 1966 2071 2743 126 9432 883 8071 498 19 
2088 4088 8908 3599 9693 1400 5935 475 1966 2071 2743 126 9432 883 8071 498 
2088 4088 8908 3599 9693 1400 5935 475 1966 2071 2743 126 9432 883 8071 498 
False
False
False
2088 4088 8908 3599 9693 1400 5935 475 1966 2071 2743 126 9432 883 8071 498 
16
2088 4088 8908 3599 9693 1400 5935 475 1966 2071 2743 126 9432 883 8071 4763 3360 8720 
2088 4088 8908 3599 9693 1400 5935 475 1966 2071 2743 126 9432 883 8071 4763 3360 8720 
False
2088 4088 8908 3599 9693 1400 5935 475 1966 2071 2743 126 9432 883 8071 4763 3360 5179 
2088 4088 8908 3599 9693 1400 5935 475 1966 2071 2743 126 9432 883 8071 4763 506 
False
False
False
16
False
2088 4088 8908 3599 9693 1400 5935 475 1966 2071 2743 126 9432 883 8071 
16
16
False
2088 4088 8908 3599 9693 1400 5935 475 1966 2071 2743 126 9432 883 
2088 4088 8908 3599 9693 1400 5935 475 1966 2071 2743 126 9432 883 6977 
False
14
False
False
False
17
False
False
False
False
15
False
False
2088 4088 8908 3599 9693 1400 5935 475 1966 2071 2743 126 9432 6747 6703 3191 
2088 4088 8908 3599 9693 1400 5935 475 1966 2071 2743 126 9432 6747 6703 
False
16
18
False
False
2088 4088 8908 3599 9693 1400 5935 475 1966 2071 2743 126 9432 6747 6703 7622 4602 
17
False
16
2088 4088 8908 3599 9693 1400 5935 475 1966 2071 2743 126 9432 6747 6703 8754 
17
2088 4088 8908 3599 9693 1400 5935 475 1966 2071 2743 126 9432 6747 6703 4344 2316 9462 
False
False
False
2088 4088 8908 3599 9693 1400 5935 475 1966 2071 2743 126 9432 6747 6703 4344 2316 8514 
2088 4088 8908 3599 9693 1400 5935 475 1966 2071 2743 126 9432 6747 6703 4344 2316 
False
False
19
19
2088 4088 8908 3599 9693 1400 5935 475 1966 2071 2743 126 9432 6747 6703 4344 2316 1565 8709 
2088 4088 8908 3599 9693 1400 5935 475 1966 2071 2743 126 9432 6747 6703 4344 2316 1565 8709 3982 
2088 4088 8908 3599 9693 1400 5935 475 1966 2071 2743 126 9432 6747 6703 4344 2316 1565 8709 3982 
2088 4088 8908 3599 9693 1400 5935 475 1966 2071 2743 126 9432 6747 6703 4344 2316 1565 8709 3982 4028 
21
False
False
2088 4088 8908 3599 9693 1400 5935 475 1966 2071 2743 126 9432 6747 6703 4344 2316 1565 8709 3982 
20
2088 4088 8908 3599 9693 1400 5935 475 1966 2071 2743 126 9432 6747 6703 4344 2316 1565 8709 3982 2583 7014 
False
21
20
False
False
22
2088 4088 8908 3599 9693 1400 5935 475 1966 2071 2743 126 9432 6747 6703 4344 2316 1565 8709 3982 7759 5999 
23
23
23
2088 4088 8908 3599 9693 1400 5935 475 1966 2071 2743 126 9432 6747 6703 4344 2316 1565 8709 3982 7759 5999 6268 
False
23
2088 4088 8908 3599 9693 1400 5935 475 1966 2071 2743 126 9432 6747 6703 4344 2316 1565 8709 3982 7759 5999 1190 9659 1639 
False
False
False
False
False
2088 4088 8908 3599 9693 1400 5935 475 1966 2071 2743 126 9432 6747 6703 4344 2316 1565 8709 3982 7759 5999 1190 9659 1639 1940 5625 
False
False
False
27
27
27
False
False
False
False
2088 4088 8908 3599 9693 1400 5935 475 1966 2071 2743 126 9432 6747 6703 4344 2316 1565 8709 3982 7759 5999 1190 9659 1639 5099 
27
2088 4088 8908 3599 9693 1400 5935 475 1966 2071 2743 126 9432 6747 6703 4344 2316 1565 8709 3982 7759 5999 1190 9659 1639 
False
False
False
False
2088 4088 8908 3599 9693 1400 5935 475 1966 2071 2743 126 9432 6747 6703 4344 2316 1565 8709 3982 9772 1838 
22
False
2088 4088 8908 3599 9693 1400 5935 475 1966 2071 2743 126 9432 6747 6703 4344 2316 1565 8709 
2088 4088 8908 3599 9693 1400 5935 475 1966 2071 2743 126 9432 6747 6703 4344 2316 1565 8709 
False
17
2088 4088 8908 3599 9693 1400 5935 475 1966 2071 2743 126 9432 6747 6703 4344 
2088 4088 8908 3599 9693 1400 5935 475 1966 2071 2743 126 9432 6747 6703 4344 8112 310 
2088 4088 8908 3599 9693 1400 5935 475 1966 2071 2743 126 9432 6747 6703 4344 8112 310 
False
False
2088 4088 8908 3599 9693 1400 5935 475 1966 2071 2743 126 9432 6747 6703 4344 8112 5087 
18
False
16
False
False
False
False
False
False
18
2088 4088 8908 3599 9693 1400 5935 475 1966 2071 2743 126 9432 6747 6703 4344 9441 6128 
False
2088 4088 8908 3599 9693 1400 5935 475 1966 2071 2743 126 9432 6747 6703 4344 9441 6128 
18
17
False
False
False
2088 4088 8908 3599 9693 1400 5935 475 1966 2071 2743 126 9432 6747 6703 4344 9441 3268 
False
2088 4088 8908 3599 9693 1400 5935 475 1966 2071 2743 126 9432 6747 6703 4344 9441 3268 
False
False
False
False
False
False
2088 4088 8908 3599 9693 1400 5935 475 1966 2071 2743 126 9432 6747 6703 4344 9441 3268 8570 4354 8542 7876 2824 28 3278 3425 3414 
2088 4088 8908 3599 9693 1400 5935 475 1966 2071 2743 126 9432 6747 6703 4344 9441 3268 8570 4354 8542 7876 2824 28 3278 3425 3414 
30
2088 4088 8908 3599 9693 1400 5935 475 1966 2071 2743 126 9432 6747 6703 4344 9441 3268 8570 4354 8542 7876 2824 28 3278 3425 3414 6117 5202 2646 
False
31
2088 4088 8908 3599 9693 1400 5935 475 1966 2071 2743 126 9432 6747 6703 4344 9441 3268 8570 4354 8542 7876 2824 28 3278 3425 3414 6117 5202 2646 8427 
False
2088 4088 8908 3599 9693 1400 5935 475 1966 2071 2743 126 9432 6747 6703 4344 9441 3268 8570 4354 8542 7876 2824 28 3278 3425 3414 6117 5202 2646 8427 6973 359 7596 
37
37
38
False
False
2088 4088 8908 3599 9693 1400 5935 475 1966 2071 2743 126 9432 6747 6703 4344 9441 3268 8570 4354 8542 7876 2824 28 3278 3425 3414 6117 5202 2646 8427 6973 359 7596 6642 2936 6678 8370 
40
False
41
40
40
40
False
False
False
42
43
False
False
2088 4088 8908 3599 9693 1400 5935 475 1966 2071 2743 126 9432 6747 6703 4344 9441 3268 8570 4354 8542 7876 2824 28 3278 3425 3414 6117 5202 2646 8427 6973 359 7596 6642 2936 6678 8370 8679 3811 2864 5997 8552 2920 7124 1737 2046 3423 
False
53
False
2088 4088 8908 3599 9693 1400 5935 475 1966 2071 2743 126 9432 6747 6703 4344 9441 3268 8570 4354 8542 7876 2824 28 3278 3425 3414 6117 5202 2646 8427 6973 359 7596 6642 2936 6678 8370 8679 3811 2864 5997 8552 2920 7124 1737 2046 3423 3171 3615 2 2271 
False
50
51
False
2088 4088 8908 3599 9693 1400 5935 475 1966 2071 2743 126 9432 6747 6703 4344 9441 3268 8570 4354 8542 7876 2824 28 3278 3425 3414 6117 5202 2646 8427 6973 359 7596 6642 2936 6678 8370 8679 3811 2864 5997 8552 2920 7124 1737 2046 3423 3171 3615 2350 8558 2727 8978 185 3112 9265 
False
False
False
False
False
False
