False
False
7824 4136 
3
7824 4136 7706 
3
7824 4136 7706 6834 
2
7824 4136 
7824 4136 

True
Empty
False
True
Empty
Empty

False
False
False
1
0
0
0
Empty
0
2
Empty

Empty
True
True
Empty
Empty
False
False
False
0
Empty
Empty

0
False
Empty
0
1
3813 
False
3813 143 
3813 143 
False
2
3813 
3813 
Empty

False
False
Empty

True
False
1
False
4
3
False
3396 901 1342 
False
False
9318 2399 6765 
False
9318 2399 6765 7418 7465 
9318 2399 6765 7418 
False
6135 
True
True
False
Empty
True
False
False
False
False
False
2542 6801 8322 2356 9511 2155 3411 5614 2671 
2542 6801 8322 2356 9511 2155 3411 5614 2671 634 9751 
11
False
12
False
9
2542 6801 8322 2356 9511 2155 3411 4906 
False
2542 6801 8322 2356 9511 2155 3411 
False
2542 6801 8322 2356 9511 2155 
False
False
False
2542 6801 8322 2356 9511 4537 
6
False
1
False
False
Empty
False
1
Empty
Empty
False
2
False
8316 3595 
False
False
8316 3595 
8316 3595 3871 
6
False
8316 3595 3871 8924 4131 2262 490 
False
8316 3595 3871 8924 4131 2262 
False
6
False
False
6
6
6
False
8316 3595 3871 
4
False
1
False
True

Empty
True
0
0
Empty
False

Empty
False

Empty
False
1
0
False
0
False
Empty
2262 
Empty
False

True
1
Empty
False

Empty
Empty
False
False
0
0
Empty
Empty
Empty
2338 9481 
False
False
3
3
2338 6492 2471 
False
1
True
False

1
Empty
True
Empty
False
True
False
False
False
6196 
False
False
2
6196 
False
6196 
False
Empty
5977 9462 8414 
3
2
False
False
5977 3496 
5977 3496 
2
5977 3496 9720 509 
5977 3496 9720 
5977 3496 9720 4497 4431 
False
5977 3496 9720 4497 7998 
False
False
False
False
5
False
False
5977 3496 9720 4497 
5977 3496 9720 4497 2888 
5
5977 3496 
False
False
False
3
False
3
5977 3496 4357 4884 3617 
5977 3496 4357 
6
False
5977 3496 4357 
5977 3496 
False
False
5977 
5977 
5977 816 
5977 816 
5977 816 
False
2
2
5977 816 2407 
5
False
7
5977 816 2407 7359 357 9023 5451 2698 2163 
False
False
8
5977 816 2407 7359 357 9023 5451 2698 
False
False
False
False
5
7
7
False
False
False
5977 
5977 
False
2
5977 9326 
2
5977 9326 6388 905 
6
6
False
5
False
False
False
False
5977 9326 6388 1566 
False
3
5977 9326 5519 
5977 9326 5519 
3
3
5977 9326 5519 
5977 9326 5519 
2
False
False
False
False
False
5977 9326 7479 8960 2722 
False
False
5
5977 9326 7479 8960 2722 6804 
False
False
False
5977 9326 7479 
False
False
False
False
False
False
False
5977 9326 7479 1587 6227 4554 2380 
5977 9326 7479 1587 6227 4554 2380 
False
6
5977 9326 7479 1587 6227 9658 
False
False
False
False
False
False
8
8
False
False
5977 9326 7479 1587 6227 2319 5560 
7
5977 9326 7479 1587 6227 2319 9512 2118 
5977 9326 7479 1587 6227 2319 9512 2118 3909 8956 9600 
False
False
False
5977 9326 7479 1587 6227 2319 9512 2118 3909 8956 9600 9813 4366 
5977 9326 7479 1587 6227 2319 9512 2118 3909 8956 9600 9813 2017 
False
False
False
False
False
False
False
8
False
10
5977 9326 7479 1587 6227 2319 9512 2118 5245 3112 4735 
5977 9326 7479 1587 6227 2319 9512 2118 5245 3112 4735 
False
False
False
False
False
9
False
False
False
5977 9326 7479 1587 6227 2319 
False
False
False
False
False
False
5977 9326 7479 
5977 9326 7479 
3
False
5977 9326 4223 4439 99 
6
False
False
False
False
5977 9326 4223 4439 99 1358 6388 
False
False
6
False
6
False
5977 9326 4223 4439 99 6766 
5977 9326 4223 4439 99 6766 
False
5977 9326 4223 4439 99 
False
5977 9326 4223 4439 99 7019 
False
False
5977 9326 4223 4439 1472 8614 
False
5977 9326 4223 4439 1472 8614 9274 8672 3634 752 
False
False
5977 9326 4223 4439 1472 8614 9274 8672 3634 4512 
10
False
False
6
False
False
False
5977 9326 4223 4439 3996 4095 9701 
False
False
5977 9326 
2
5977 9326 
False
2
False
1
Empty
False
Empty
Empty
False
False
False
1958 3340 5707 
False
False
False
1958 3340 5707 4851 
4
False
1958 3340 5707 
False
1958 3340 5707 
1958 3340 
False
3
False
False
4
False
False
1958 
0
2
5
2871 5302 3083 6641 6510 
5
2871 5302 3083 6641 6510 8061 5092 
2871 5302 3083 6641 6510 8061 5092 
False
False
False
False
False
False
2871 5302 3083 7877 
False
False
2871 5302 3083 7229 9536 3258 8860 6006 5657 6343 
False
False
False
False
False
False
2871 5302 3083 7229 9536 3258 8860 6006 5657 7267 10000 2733 
False
2871 5302 3083 7229 9536 3258 8860 6006 5657 7267 10000 1306 210 
11
2871 5302 3083 7229 9536 3258 8860 6006 5657 3736 
8
False
False
2871 5302 3083 7229 9536 3258 8860 6006 8718 
2871 5302 3083 7229 9536 3258 8860 6006 8718 
False
7
False
False
5
False
2871 5302 
2871 5302 
1
3
1
0
False
Empty
False

Empty
0

2547 1682 
2
Empty
0
False
Empty
False
Empty
False
False

False
True
6297 
False
False
False
False
False
False
True
1618 
False
False
False
2
False
False
True
0
0
True
False
0
Empty
Empty
True
0
0
0
False
False
2
Empty
Empty
True
True

2272 
False
Empty
Empty
Empty
Empty
False
Empty
False
4858 
2
True
0
Empty
1
Empty
0
True
Empty

Empty

True
False
False
8224 
False
2
8224 8044 
0
0
0
Empty
Empty

False
Empty
Empty
0
False
Empty
Empty
0
True
True
False
False
False
False
False
False
7
False
False
False
3776 1883 106 6502 6420 1827 6559 9601 8768 
11
3776 1883 106 6502 6420 1827 6559 9601 8768 
False
11
3776 1883 106 6502 6420 1827 6559 9601 8768 1299 782 
False
False
False
False
12
False
False
False
False
False
3776 1883 106 6502 6420 1827 6559 9601 8768 1299 782 4942 
False
14
3776 1883 106 6502 6420 1827 6559 9601 8768 1299 782 4942 604 4896 
False
16
False
3776 1883 106 6502 6420 1827 6559 9601 8768 1299 782 4942 604 4896 1822 8336 435 
False
False
15
3776 1883 106 6502 6420 1827 6559 9601 8768 1299 782 4942 604 4896 1822 4646 
False
False
3776 1883 106 6502 6420 1827 6559 9601 8768 1299 782 4942 604 4896 1822 1293 9992 7927 
False
18
False
False
14
3776 1883 106 6502 6420 1827 6559 9601 8768 1299 782 4942 604 4896 
14
3776 1883 106 6502 6420 1827 6559 9601 8768 1299 782 4942 604 4896 
14
3776 1883 106 6502 6420 1827 6559 9601 8768 1299 782 4942 604 4896 
False
False
False
15
17
False
False
False
False
12
13
False
3776 1883 106 6502 6420 1827 6559 9601 8768 1299 782 4942 8942 
False
14
3776 1883 106 6502 6420 1827 6559 9601 8768 1299 782 4942 8245 
False
False
3776 1883 106 6502 6420 1827 6559 9601 8768 1299 782 4942 8245 
False
3776 1883 106 6502 6420 1827 6559 9601 8768 1299 782 4942 8245 2131 737 4219 
3776 1883 106 6502 6420 1827 6559 9601 8768 1299 782 4942 8245 2131 737 
3776 1883 106 6502 6420 1827 6559 9601 8768 1299 782 4942 8245 2131 
3776 1883 106 6502 6420 1827 6559 9601 8768 1299 782 4942 8245 2131 
False
3776 1883 106 6502 6420 1827 6559 9601 8768 1299 782 4942 8245 
3776 1883 106 6502 6420 1827 6559 9601 8768 1299 782 4942 8245 
False
False
3776 1883 106 6502 6420 1827 6559 9601 8768 1299 782 4942 8245 322 
13
3776 1883 106 6502 6420 1827 6559 9601 8768 1299 782 4942 8245 
False
False
False
3776 1883 106 6502 6420 1827 6559 9601 8768 1299 782 4942 8020 
False
False
3776 1883 106 6502 6420 1827 6559 9601 8768 1299 782 4942 8020 9542 
12
False
3776 1883 106 6502 6420 1827 6559 9601 8768 1299 782 4942 
False
14
False
False
False
False
False
False
False
3776 1883 106 6502 6420 1827 6559 9601 8768 1220 
False
False
False
3776 1883 106 6502 6420 1827 6559 9601 735 9561 5591 
False
False
False
3776 1883 106 6502 6420 1827 6559 9601 6843 
False
False
False
False
3776 1883 106 6502 6420 1827 2610 5064 
8
False
False
False
False
7
False
3776 1883 106 6502 6420 1827 2610 
7
False
False
False
False
False
False
False
False
3776 1883 106 6502 6420 4002 
5
5
False
6
6
3776 1883 106 6502 6420 202 
False
3776 1883 106 6502 6420 202 4965 
7
False
7
False
False
3776 1883 106 
4
3776 1883 106 5391 
3776 1883 106 5391 
3
False
2
2
2
3776 1883 
3776 1883 1422 
3776 1883 
False
3776 
False
Empty
Empty
Empty
False
False
1790 
1790 
False
False
False
False
False
1790 7890 2950 
False
1790 7890 7778 
False
False
0
2
False
False
False
2
False
3
590 4773 8887 
False
False
False
False
False
False
590 4773 8379 7083 6316 
False
False
5
False
False
False
False
5
False
4
False
5
False
False
True
0
False
4
4
4
7003 8394 564 9756 
False
False
False
False
7
7
7003 8394 564 9756 8081 
5
False
6
7
False
False
7003 8394 564 9756 8081 
7003 8394 564 9756 8081 2266 
7003 8394 564 9756 8081 2266 
6
False
False
6
False
False
7003 8394 564 9756 8081 6729 
False
False
False
7003 8394 
False
True

0

Empty
0

0
Empty
False
6014 
False
2
False
6014 5146 4670 3722 94 
6014 5146 4670 3722 
6014 5146 4670 3722 
False
False
6014 610 9892 
False
False
6014 610 2661 3712 9887 
False
False
False
6014 610 
False
3
6014 610 
False
False
3
6014 610 4839 
6014 610 4839 

Empty
Empty
0
0
Empty

Empty
False
3360 4828 6843 8563 6678 5229 
False
3360 4828 6843 8563 6496 
3360 4828 6843 8563 6496 
False
