False
0
Empty
2
False
7718 6157 8877 481 757 
7718 6157 8877 481 757 
7718 6157 8877 481 757 507 8603 5102 
8
False
False
7718 6157 8877 481 757 507 8603 2844 3305 
False
False
8
7718 6157 8877 481 757 507 8603 2844 8600 
False
False
7718 6157 8877 481 757 507 8603 2844 8600 4331 1550 
12
False
10
False
False
10
11
11
13
13
False
False
7718 6157 8877 481 757 507 8603 2844 5664 4357 6026 2636 9658 2011 
14
14
14
14
False
False
7718 6157 8877 481 757 507 8603 2844 5664 4357 6026 2636 9658 6778 9773 9529 7366 76 
False
22
7718 6157 8877 481 757 507 8603 2844 5664 4357 6026 2636 9658 6778 9773 9529 7366 76 3536 9708 74 3525 
False
False
False
False
23
False
23
7718 6157 8877 481 757 507 8603 2844 5664 4357 6026 2636 9658 6778 9773 9529 7366 76 3536 9708 74 3525 2602 
24
False
23
23
False
23
7718 6157 8877 481 757 507 8603 2844 5664 4357 6026 2636 9658 6778 9773 9529 7366 76 3536 9708 74 3525 2602 
7718 6157 8877 481 757 507 8603 2844 5664 4357 6026 2636 9658 6778 9773 9529 7366 76 3536 9708 
7718 6157 8877 481 757 507 8603 2844 5664 4357 6026 2636 9658 6778 9773 9529 7366 76 3536 
False
False
False
21
False
False
7718 6157 8877 481 757 507 8603 2844 5664 4357 6026 2636 9658 6778 9773 9529 7366 76 3536 692 
False
19
False
False
7718 6157 8877 481 757 507 8603 2844 5664 4357 6026 2636 9658 6778 
14
False
False
14
False
False
False
False
False
7718 6157 8877 481 757 507 8603 2844 5664 4357 6026 2636 9658 5793 7056 4857 80 
18
False
7718 6157 8877 481 757 507 8603 2844 5664 4357 6026 2636 9658 5793 
7718 6157 8877 481 757 507 8603 2844 5664 4357 6026 2636 9658 5793 
False
14
False
False
False
False
7718 6157 8877 481 757 507 8603 2844 5664 4357 6026 9159 8576 672 
15
False
13
False
7718 6157 8877 481 757 507 8603 2844 5664 4357 6026 
False
11
13
False
False
False
False
12
False
False
False
7718 6157 8877 481 757 507 8603 2844 5664 4357 
False
False
7718 6157 8877 481 757 507 8603 6368 
8
False
7
7718 6157 8877 481 757 507 8887 2075 
7718 6157 8877 481 757 507 8887 2075 6779 
False
7718 6157 8877 481 757 507 8887 
False
7718 6157 8877 481 757 507 8887 7425 
False
8
7718 6157 8877 481 757 507 8887 7425 
7
False
False
7718 6157 8877 481 757 
7718 6157 8877 481 757 989 2547 
False
7718 6157 8877 481 757 989 2547 2312 
False
False
False
False
10
False
False
False
7718 6157 8877 481 757 6102 6455 3242 3287 7514 9955 9971 6799 3119 1466 
15
7718 6157 8877 481 757 6102 6455 3242 3287 7514 9955 9971 6799 7710 
7718 6157 8877 481 757 6102 6455 3242 3287 7514 9955 9971 6799 7710 
14
False
False
7718 6157 8877 481 757 6102 6455 3242 3287 7514 9955 9971 6799 7710 9285 4383 3982 
7718 6157 8877 481 757 6102 6455 3242 3287 7514 9955 9971 6799 7710 9285 4383 3982 
20
False
7718 6157 8877 481 757 6102 6455 3242 3287 7514 9955 9971 6799 7710 9285 4383 3982 7272 
7718 6157 8877 481 757 6102 6455 3242 3287 7514 9955 9971 6799 7710 9285 4383 747 2532 
7718 6157 8877 481 757 6102 6455 3242 3287 7514 9955 9971 6799 7710 9285 4383 747 2532 6840 
7718 6157 8877 481 757 6102 6455 3242 3287 7514 9955 9971 6799 7710 9285 4383 747 2532 6840 
False
7718 6157 8877 481 757 6102 6455 3242 3287 7514 9955 9971 6799 7710 9285 4383 747 2532 6840 6543 3944 
7718 6157 8877 481 757 6102 6455 3242 3287 7514 9955 9971 6799 7710 9285 4383 747 2532 6840 6543 3944 
7718 6157 8877 481 757 6102 6455 3242 3287 7514 9955 9971 6799 7710 9285 4383 747 2532 6840 6543 3944 88 8323 
False
False
False
False
False
False
26
26
7718 6157 8877 481 757 6102 6455 3242 3287 7514 9955 9971 6799 7710 9285 4383 747 2532 6840 6543 3944 88 8323 7514 779 2641 
27
7718 6157 8877 481 757 6102 6455 3242 3287 7514 9955 9971 6799 7710 9285 4383 747 2532 6840 6543 3944 88 8323 7514 779 
7718 6157 8877 481 757 6102 6455 3242 3287 7514 9955 9971 6799 7710 9285 4383 747 2532 6840 6543 3944 88 8323 7514 779 
False
False
False
False
False
False
False
20
False
18
False
19
False
False
19
7718 6157 8877 481 757 6102 6455 3242 3287 7514 9955 9971 6799 7710 9285 4383 747 2532 1838 
False
7718 6157 8877 481 757 6102 6455 3242 3287 7514 9955 9971 6799 7710 9285 4383 747 2532 
False
16
16
False
False
False
False
False
False
False
17
False
16
7718 6157 8877 481 757 6102 6455 3242 3287 7514 9955 9971 6799 7710 9285 9867 
16
False
False
7718 6157 8877 481 757 6102 6455 3242 3287 7514 9955 9971 6799 2805 3505 
7718 6157 8877 481 757 6102 6455 3242 3287 7514 9955 9971 6799 2805 3505 
False
False
False
False
7718 6157 8877 481 757 6102 6455 3242 3287 7514 9955 9971 6799 2805 3505 1698 
16
False
7718 6157 8877 481 757 6102 6455 3242 3287 7514 9955 9971 6799 2805 3505 1698 
False
False
17
15
False
False
False
18
