Empty

Empty

Empty
Empty
0
Empty
Empty
False
False
True
0
False
False
False
3
2195 7958 8533 
2
False
2195 
2195 

False
False
Empty
Empty

True
False
False
5498 7952 7292 8019 2158 9522 
6
False
False
5498 7952 7292 8019 2158 9522 5510 
5498 7952 7292 8019 2158 9522 
False
False
False
False
6
6
False
5498 7952 7292 8019 2158 8733 3713 2234 
False
False
9
5498 7952 7292 8019 2158 8733 3713 
False
False
False
False
False
False
7
False
False
False
5498 7952 7292 8019 2158 1888 6010 821 
8
7
7
False
5498 7952 7292 8019 2158 1888 6010 9221 6580 
False
False
False
5498 7952 7292 8019 2158 1888 6010 9221 5682 
False
False
False
False
5498 7952 7292 8019 2158 1888 6010 9221 5682 4025 8268 
False
False
13
14
5498 7952 7292 8019 2158 1888 6010 9221 5682 4025 8268 6670 7338 4449 1965 
5498 7952 7292 8019 2158 1888 6010 9221 5682 4025 8268 6670 7338 4449 1965 
15
False
12
False
False
5498 7952 7292 8019 2158 1888 6010 9221 5682 4025 8268 4282 1750 405 9698 
False
False
5498 7952 7292 8019 2158 1888 6010 9221 5682 4025 8268 4282 1750 405 9698 8408 
False
False
5498 7952 7292 8019 2158 1888 6010 9221 5682 4025 8268 4282 1750 405 9698 6634 
16
16
False
16
False
15
5498 7952 7292 8019 2158 1888 6010 9221 5682 4025 8268 4282 1750 405 9698 4097 7062 
16
False
17
False
5498 7952 7292 8019 2158 1888 6010 9221 5682 4025 8268 4282 1750 405 9698 1523 8484 
False
False
14
5498 7952 7292 8019 2158 1888 6010 9221 5682 4025 8268 4282 1750 1117 2734 
5498 7952 7292 8019 2158 1888 6010 9221 5682 4025 8268 4282 1750 1117 
5498 7952 7292 8019 2158 1888 6010 9221 5682 4025 8268 4282 
11
False
False
False
False
False
False
False
5498 7952 7292 8019 2158 1888 6010 9221 
5498 7952 7292 8019 2158 1888 
False
False
5498 7952 7292 8019 2158 
False
False
7
False
False
False
6
5498 7952 7292 
False
False
1
False
False
Empty
1
True
Empty
False
False
False
False
2
False
False
1
1
2
False
2
False
0
Empty
False
False
Empty
Empty
3582 
False
3582 9830 9132 
False
3582 9830 
False
2
False
False
False
3582 9830 
False
3582 6060 
3582 6060 
3582 6060 
4
False
False
False
False
False
False
3
3582 6060 1615 
3
False
False
3582 4719 8675 892 8127 8530 
6
False
3582 4719 8675 892 8127 8530 
False
3582 4719 8675 892 4194 
3582 4719 8675 892 4194 7175 7920 
8
3582 4719 8675 892 4194 7175 7920 8210 4030 8037 
False
3582 4719 8675 892 4194 7175 7920 8210 4030 8037 5043 
False
False
10
9
False
10
9
False
10
10
10
False
10
3582 4719 8675 892 4194 7175 7920 8210 
False
False
False
6
3582 4719 8675 892 4194 7175 
3582 4719 8675 892 4194 7175 
2
False
9434 5516 
9434 5516 
False
9434 5516 
False
9434 5516 586 
9434 5516 586 5 
6
5
9434 5516 9782 7271 
False
2
False
False
9434 5516 6082 
False
3
4657 4771 7843 
False
4
4657 4771 7843 6759 
4657 4771 7843 2183 
False
5
False
4657 4771 7843 2183 8684 
6
4657 4771 7843 2410 7019 6659 
False
False
False
6
4657 4771 7843 6790 6252 1855 
False
False
False
4657 4771 7843 6790 6252 1855 449 
4657 4771 7843 6790 6252 
False
3
False
3

True
Empty
False

999 
False
False
1
False
2
False
False
999 7013 
False
False
0
1
0
Empty
False
False
9391 4805 8570 7640 379 9656 
False
6
9391 4805 8570 7640 379 9656 
False
False
5
4
False
False
5
5
9391 4805 8570 7640 3564 
False
4
False
False
False
False
9391 4805 8570 8672 
False
4
4
False
False
False
11
False
False
9391 4805 8570 8672 2846 5684 7754 3786 4707 3073 9900 
False
9
False
False
False
8
False
9391 4805 8570 8672 2846 5684 7262 
False
False
9391 4805 8570 8672 2846 5684 4486 5724 2946 9421 
False
False
False
False
False
11
12
False
False
12
12
False
9391 4805 8570 8672 2846 5684 4486 5724 2946 2952 4517 9558 3145 
False
12
9391 4805 8570 8672 2846 5684 4486 5724 2946 2952 4802 9923 7340 
False
17
9391 4805 8570 8672 2846 5684 4486 5724 2946 2952 4802 9923 7340 5578 1004 6585 1444 9854 
False
9391 4805 8570 8672 2846 5684 4486 5724 2946 2952 4802 9923 7340 5578 2017 3606 
16
16
16
False
16
9391 4805 8570 8672 2846 5684 4486 5724 2946 2952 4802 9923 7340 5578 2017 3563 5159 
9391 4805 8570 8672 2846 5684 4486 5724 2946 2952 4802 9923 7340 5578 2017 3563 5159 
False
9391 4805 8570 8672 2846 5684 4486 5724 2946 2952 4802 9923 7340 5578 2017 
False
9391 4805 8570 8672 2846 5684 4486 5724 2946 2952 4802 9923 7340 5578 2017 3581 54 
False
False
False
9391 4805 8570 8672 2846 5684 4486 5724 2946 2952 4802 9923 7340 5578 
9391 4805 8570 8672 2846 5684 4486 5724 2946 2952 4802 9923 7340 5578 
False
False
16
False
False
False
9391 4805 8570 8672 2846 5684 4486 5724 2946 2952 4802 9923 7340 5578 7014 9232 1696 
9391 4805 8570 8672 2846 5684 4486 5724 2946 2952 4802 9923 7340 5578 7014 9232 1696 
False
False
False
16
False
9391 4805 8570 8672 2846 5684 4486 5724 2946 2952 4802 9923 7340 5578 7014 2316 
9391 4805 8570 8672 2846 5684 4486 5724 2946 2952 4802 9923 7340 5578 
14
False
14
False
14
14
False
9391 4805 8570 8672 2846 5684 4486 5724 2946 2952 4802 9923 7340 7826 3190 
14
9391 4805 8570 8672 2846 5684 4486 5724 2946 2952 4802 9923 7340 7826 
14
False
13
False
False
14
14
9391 4805 8570 8672 2846 5684 4486 5724 2946 2952 4802 9923 7340 6721 
False
False
False
15
False
14
False
14
False
9391 4805 8570 8672 2846 5684 4486 5724 2946 2952 4802 9923 7340 606 5163 
False
9391 4805 8570 8672 2846 5684 4486 5724 2946 2952 4802 9923 7340 606 5163 
15
9391 4805 8570 8672 2846 5684 4486 5724 2946 2952 4802 9923 7340 606 5163 4363 
16
14
15
False
15
False
False
False
False
False
False
False
18
False
9391 4805 8570 8672 2846 5684 4486 5724 2946 2952 4802 9923 7340 606 7200 7801 
False
False
False
9391 4805 8570 8672 2846 5684 4486 5724 2946 2952 4802 9923 7340 6952 
14
14
9391 4805 8570 8672 2846 5684 4486 5724 2946 2952 4802 9923 9958 
False
False
9391 4805 8570 8672 2846 5684 4486 5724 2946 
False
False
False
False
9391 4805 8570 8672 2846 5684 
False
False
8
False
9391 4805 8570 8672 2846 5684 6653 
6
9391 4805 8570 8672 8908 
9
9391 4805 8570 8672 8908 146 1218 3011 
False
8
False
False
False
False
7
False
False
9391 4805 8570 8672 8908 146 8480 3902 
False
False
9391 4805 8570 8672 8908 146 3413 
5
False
False
9391 
Empty
Empty
False
True
True
1
False
2215 7535 
2215 7535 
2
False
2215 
Empty
Empty
Empty

False
True
True
Empty
True
Empty
True
1312 4018 8189 
2
1312 4018 
False
False
False
False
False
5
False
1312 6463 3408 8444 464 5513 3573 7957 
7
1312 6463 3408 8444 464 5513 
False
1312 6463 3408 8444 464 5513 
1312 6463 3408 8444 464 
False
False
False
1312 6463 3408 8444 464 
False
1312 6463 3408 8444 464 
False
1312 6463 3408 8444 464 1772 
1312 6463 3408 8444 464 1772 9937 
1312 6463 3408 8444 464 1772 9937 1665 
False
7
False
False
10
False
8
False
False
1312 6463 3408 8444 464 1772 9937 9383 
False
1312 6463 3408 8444 464 1772 9937 
1312 6463 3408 8444 464 1772 9937 
False
False
False
False
7
False
8
False
1312 6463 3408 8444 464 1772 9727 8809 5683 5760 
False
9
9
False
10
1312 6463 3408 8444 464 1772 9727 8809 8299 773 720 
1312 6463 3408 8444 464 1772 9727 8809 8299 773 720 
11
12
12
13
1312 6463 3408 8444 464 1772 9727 8809 8299 773 101 8025 3225 
False
1312 6463 3408 8444 464 1772 9727 8809 8299 773 101 8025 3225 7351 
False
False
1312 6463 3408 8444 464 1772 9727 8809 8299 773 101 8025 2625 
1312 6463 3408 8444 464 1772 9727 8809 8299 773 101 8025 
12
12
False
12
False
11
11
1312 6463 3408 8444 464 1772 9727 8809 8299 773 101 
False
11
10
10
False
1312 6463 3408 8444 464 1772 9727 8809 8299 
False
False
False
False
False
False
False
1312 6463 3408 8444 464 1772 9727 8809 8299 5471 1671 361 2808 
False
1312 6463 3408 8444 464 1772 9727 8809 8299 5471 1671 361 
False
False
False
16
17
False
19
False
19
1312 6463 3408 8444 464 1772 9727 8809 8299 5471 1671 361 6707 3351 1174 2218 102 2965 7712 
1312 6463 3408 8444 464 1772 9727 8809 8299 5471 1671 361 6707 3351 1174 2218 102 2965 714 6238 9908 
False
False
False
False
1312 6463 3408 8444 464 1772 9727 8809 8299 5471 1671 361 6707 3351 1174 2218 102 2965 714 6238 9908 1565 
1312 6463 3408 8444 464 1772 9727 8809 8299 5471 1671 361 6707 3351 1174 2218 102 2965 714 6238 9908 
24
27
False
False
False
1312 6463 3408 8444 464 1772 9727 8809 8299 5471 1671 361 6707 3351 1174 2218 102 2965 714 6238 9908 782 5582 3591 63 9063 
27
False
22
22
22
22
False
False
18
1312 6463 3408 8444 464 1772 9727 8809 8299 5471 1671 361 6707 3351 1174 2218 102 2965 
1312 6463 3408 8444 464 1772 9727 8809 8299 5471 1671 361 6707 3351 1174 2218 102 2965 
1312 6463 3408 8444 464 1772 9727 8809 8299 5471 1671 361 6707 3351 1174 2218 102 2965 
False
False
18
False
1312 6463 3408 8444 464 1772 9727 8809 8299 5471 1671 361 6707 3351 1174 2218 102 9567 7063 7733 
21
False
False
False
21
1312 6463 3408 8444 464 1772 9727 8809 8299 5471 1671 361 6707 3351 1174 2218 102 9567 7063 
False
False
20
False
False
21
22
1312 6463 3408 8444 464 1772 9727 8809 8299 5471 1671 361 6707 3351 1174 2218 102 9567 5582 639 12 1423 
False
1312 6463 3408 8444 464 1772 9727 8809 8299 5471 1671 361 6707 3351 1174 2218 102 9567 5582 639 12 1423 9213 9579 431 
26
False
False
False
1312 6463 3408 8444 464 1772 9727 8809 8299 5471 1671 361 6707 3351 1174 2218 102 9567 5582 639 12 1423 9213 9579 431 
22
1312 6463 3408 8444 464 1772 9727 8809 8299 5471 1671 361 6707 3351 1174 2218 102 9567 5582 639 12 1423 
False
False
False
1312 6463 3408 8444 464 1772 9727 8809 8299 5471 1671 361 6707 3351 1174 2218 102 9567 5582 639 12 1838 1675 
False
False
False
False
False
1312 6463 3408 8444 464 1772 9727 8809 8299 5471 1671 361 6707 3351 1174 2218 102 9567 9954 3462 
1312 6463 3408 8444 464 1772 9727 8809 8299 5471 1671 361 6707 3351 1174 2218 102 9567 
False
False
18
False
18
False
False
False
1312 6463 3408 8444 464 1772 9727 8809 8299 5471 1671 361 6707 3351 1174 2218 102 7177 8861 
False
22
1312 6463 3408 8444 464 1772 9727 8809 8299 5471 1671 361 6707 3351 1174 2218 102 7177 8861 6087 4395 8475 
False
21
22
22
1312 6463 3408 8444 464 1772 9727 8809 8299 5471 1671 361 6707 3351 1174 2218 102 7177 8861 6087 4395 3481 
False
False
False
1312 6463 3408 8444 464 1772 9727 8809 8299 5471 1671 361 6707 3351 1174 2218 102 7177 8861 6087 4395 
False
False
23
False
False
22
1312 6463 3408 8444 464 1772 9727 8809 8299 5471 1671 361 6707 3351 1174 2218 102 7177 8861 2320 3128 7487 7492 
23
False
False
False
1312 6463 3408 8444 464 1772 9727 8809 8299 5471 1671 361 6707 3351 1174 2218 102 991 8461 
False
1312 6463 3408 8444 464 1772 9727 8809 8299 5471 1671 361 6707 3351 1174 2218 102 991 8461 
False
1312 6463 3408 8444 464 1772 9727 8809 8299 5471 1671 361 6707 3351 1174 2218 102 991 8461 2643 
1312 6463 3408 8444 464 1772 9727 8809 8299 5471 1671 361 6707 3351 1174 2218 102 991 8461 2643 
False
1312 6463 3408 8444 464 1772 9727 8809 8299 5471 1671 361 6707 3351 1174 2218 102 991 8461 9402 5619 
21
False
21
1312 6463 3408 8444 464 1772 9727 8809 8299 5471 1671 361 6707 3351 1174 2218 102 991 8461 9402 
20
False
False
False
19
19
1312 6463 3408 8444 464 1772 9727 8809 8299 5471 1671 361 6707 3351 1174 2218 102 991 8461 1712 
1312 6463 3408 8444 464 1772 9727 8809 8299 5471 1671 361 6707 3351 1174 2218 102 991 8461 1712 8367 
False
False
False
False
False
21
20
False
False
17
1312 6463 3408 8444 464 1772 9727 8809 8299 5471 1671 361 6707 3351 1174 
False
1312 6463 3408 8444 464 1772 9727 8809 8299 5471 1671 361 6707 3351 1174 
False
False
14
13
13
13
False
13
False
12
False
1312 6463 3408 8444 464 1772 9727 8809 8299 5471 1671 
False
1312 6463 3408 8444 464 1772 9727 8809 8299 5471 1671 8339 8752 987 7359 
False
False
False
False
13
15
13
False
1312 6463 3408 8444 464 1772 9727 8809 8299 5471 1671 8339 5328 2894 7470 
1312 6463 3408 8444 464 1772 9727 8809 8299 5471 1671 8339 5328 2894 7470 1760 
1312 6463 3408 8444 464 1772 9727 8809 8299 5471 1671 8339 5328 2894 7470 1760 
False
False
1312 6463 3408 8444 464 1772 9727 8809 8299 5471 1671 8339 5328 2894 7470 
False
15
False
False
14
False
13
False
False
1312 6463 3408 8444 464 1772 9727 8809 8299 5471 1671 8339 5328 5186 
1312 6463 3408 8444 464 1772 9727 8809 8299 5471 1671 8339 5328 5186 
15
False
16
False
1312 6463 3408 8444 464 1772 9727 8809 8299 5471 1671 8339 5328 5186 8362 2844 
False
13
False
False
False
12
False
False
1312 6463 3408 8444 464 1772 9727 8809 8299 5471 2287 
False
False
False
False
9
False
False
False
1312 6463 3408 8444 464 1772 9727 7733 628 
False
14
False
1312 6463 3408 8444 464 1772 9727 7733 9479 382 683 689 6800 
1312 6463 3408 8444 464 1772 9727 7733 9479 382 683 689 6800 4083 
False
1312 6463 3408 8444 464 1772 9727 7733 9479 382 683 689 6800 4083 
False
1312 6463 3408 8444 464 1772 9727 7733 9479 382 683 689 6800 4083 
15
False
1312 6463 3408 8444 464 1772 9727 7733 9479 382 683 689 6800 4083 9810 7476 5226 
16
15
False
15
14
False
16
16
1312 6463 3408 8444 464 1772 9727 7733 9479 382 683 689 6800 4083 1978 154 
False
False
False
False
False
False
1312 6463 3408 8444 464 1772 9727 7733 9479 382 683 689 6800 4083 7446 
1312 6463 3408 8444 464 1772 9727 7733 9479 382 683 689 6800 4083 
False
15
13
12
1312 6463 3408 8444 464 1772 9727 7733 9479 382 683 689 2185 
1312 6463 3408 8444 464 1772 9727 7733 9479 382 683 689 2185 418 2546 6862 
1312 6463 3408 8444 464 1772 9727 7733 9479 382 683 689 2185 418 2546 6862 6480 
False
17
False
15
False
False
False
1312 6463 3408 8444 464 1772 9727 7733 9479 382 683 689 2185 418 1525 
1312 6463 3408 8444 464 1772 9727 7733 9479 382 683 689 2185 418 1525 
False
1312 6463 3408 8444 464 1772 9727 7733 9479 382 683 689 2185 418 
1312 6463 3408 8444 464 1772 9727 7733 9479 382 683 689 2185 418 
1312 6463 3408 8444 464 1772 9727 7733 9479 382 683 2834 5664 
11
1312 6463 3408 8444 464 1772 9727 7733 9479 382 683 
False
False
False
10
False
11
False
1312 6463 3408 8444 464 1772 9727 7733 9479 382 2184 3998 
15
False
False
False
1312 6463 3408 8444 464 1772 9727 7733 9479 382 2184 3998 9426 8746 5339 
False
1312 6463 3408 8444 464 1772 9727 7733 9479 382 2184 3998 9426 8746 8034 4075 
False
17
17
False
False
False
False
False
1312 6463 3408 8444 464 1772 9727 7733 9479 382 2184 3998 9426 8746 8034 4075 4852 8346 5703 
False
1312 6463 3408 8444 464 1772 9727 7733 9479 382 2184 3998 9426 8746 8034 4075 4852 8346 
False
False
False
1312 6463 3408 8444 464 1772 9727 7733 9479 382 2184 3998 9426 8746 8034 4075 4852 8346 1582 
False
False
1312 6463 3408 8444 464 1772 9727 7733 9479 382 2184 3998 9426 8746 8034 4075 4852 8077 
17
False
False
False
1312 6463 3408 8444 464 1772 9727 7733 9479 382 2184 3998 4452 8764 8680 2622 248 
False
15
21
False
21
False
22
21
24
1312 6463 3408 8444 464 1772 9727 7733 9479 382 2184 3998 4452 8764 4482 272 8087 5496 6641 4749 5 1918 3115 
1312 6463 3408 8444 464 1772 9727 7733 9479 382 2184 3998 4452 8764 4482 272 8087 5496 6641 4749 5 1918 
False
False
19
False
1312 6463 3408 8444 464 1772 9727 7733 9479 382 2184 3998 4452 8764 4482 272 8087 5496 6641 821 
False
False
21
False
1312 6463 3408 8444 464 1772 9727 7733 9479 382 2184 3998 4452 8764 4482 272 8087 5496 6641 821 4449 7839 5080 
False
1312 6463 3408 8444 464 1772 9727 7733 9479 382 2184 3998 4452 8764 4482 272 8087 5496 6641 821 4449 7839 
False
False
23
False
False
False
False
False
1312 6463 3408 8444 464 1772 9727 7733 9479 382 2184 3998 4452 8764 4482 272 8087 5496 6641 821 4449 
22
23
1312 6463 3408 8444 464 1772 9727 7733 9479 382 2184 3998 4452 8764 4482 272 8087 5496 6641 821 4449 5463 6352 2486 7670 7374 2516 
False
1312 6463 3408 8444 464 1772 9727 7733 9479 382 2184 3998 4452 8764 4482 272 8087 5496 6641 821 4449 5463 6352 2486 7670 7374 2516 
1312 6463 3408 8444 464 1772 9727 7733 9479 382 2184 3998 4452 8764 4482 272 8087 5496 6641 821 4449 5463 6352 2486 7670 7374 2516 1046 
1312 6463 3408 8444 464 1772 9727 7733 9479 382 2184 3998 4452 8764 4482 272 8087 5496 6641 821 4449 5463 6352 2486 7670 7374 2516 1046 
False
False
False
1312 6463 3408 8444 464 1772 9727 7733 9479 382 2184 3998 4452 8764 4482 272 8087 5496 6641 821 4449 5463 6352 
23
23
24
False
1312 6463 3408 8444 464 1772 9727 7733 9479 382 2184 3998 4452 8764 4482 272 8087 5496 6641 821 4449 5463 4490 5674 3977 6160 
False
22
22
1312 6463 3408 8444 464 1772 9727 7733 9479 382 2184 3998 4452 8764 4482 272 8087 5496 6641 821 4449 
20
False
False
False
False
False
1312 6463 3408 8444 464 1772 9727 7733 9479 382 2184 3998 4452 8764 4482 272 8087 9220 
False
17
False
16
False
18
19
20
False
19
False
18
False
17
1312 6463 3408 8444 464 1772 9727 7733 9479 382 2184 3998 4452 8764 4482 6219 6156 1759 
False
18
False
False
18
18
False
17
1312 6463 3408 8444 464 1772 9727 7733 9479 382 2184 3998 4452 8764 
False
14
False
14
False
1312 6463 3408 8444 464 1772 9727 7733 9479 382 2184 3998 
12
False
False
13
14
False
False
1312 6463 3408 8444 464 1772 9727 7733 9479 382 2201 1231 5647 
1312 6463 3408 8444 464 1772 9727 7733 9479 382 2201 1231 
12
False
False
1312 6463 3408 8444 464 1772 9727 7733 9479 382 2201 1231 8513 7211 
1312 6463 3408 8444 464 1772 9727 7733 9479 382 2201 1231 8513 7211 
False
1312 6463 3408 8444 464 1772 9727 7733 9479 382 2201 1231 
False
False
1312 6463 3408 8444 464 1772 9727 7733 9479 382 2201 1231 7823 4356 
False
False
1312 6463 3408 8444 464 1772 9727 7733 9479 382 2201 1231 7823 4356 8298 
1312 6463 3408 8444 464 1772 9727 7733 9479 382 2201 1231 7823 4356 
12
9
False
False
9
False
False
9
False
1312 6463 3408 8444 464 1772 9727 2276 4479 
False
False
False
1312 6463 3408 8444 464 1772 9727 5969 
False
False
1312 6463 3408 8444 464 1772 9727 6658 
9
False
False
False
False
1312 6463 3408 8444 464 1772 9727 6658 244 2020 
False
False
1312 6463 3408 8444 464 1772 9727 7838 1722 
False
False
7
7
False
False
False
False
False
1312 6463 3408 8444 464 1772 9727 
False
1312 6463 3408 8444 464 1772 
1312 6463 3408 8444 464 3335 5419 
False
False
1312 6463 3408 8444 464 3335 
6
1312 6463 3408 8444 2314 
False
False
2
False
Empty
True
False
4623 6875 
2
2
False
2
False
False
4623 6875 8629 6556 585 
6
4623 6875 8629 6556 585 5765 
False
False
False
False
4623 6875 8629 6556 585 5765 6253 2641 
9
False
False
False
False
False
10
4623 6875 8629 6556 585 5765 6253 2641 6754 4585 
False
9
4623 6875 8629 6556 585 5765 6253 2641 1763 
False
4623 6875 8629 6556 585 5765 6253 2641 1763 9587 
11
False
False
4623 6875 8629 6556 585 5765 6253 2641 1763 
False
False
13
4623 6875 8629 6556 585 5765 6253 2641 1763 3470 8656 9382 7257 
False
4623 6875 8629 6556 585 5765 6253 2641 1763 3470 6963 
4623 6875 8629 6556 585 5765 6253 2641 1763 
4623 6875 8629 6556 585 5765 6253 2641 1763 
4623 6875 8629 6556 585 5765 6253 2641 1763 
9
False
4623 6875 8629 6556 585 5765 6253 2641 1763 
8
8
False
4623 6875 8629 6556 585 5765 943 
4623 6875 8629 6556 585 5765 943 299 
4623 6875 8629 6556 585 5765 943 299 
False
7
False
4623 6875 8629 6556 585 5765 943 
False
8
8
8
False
4623 6875 8629 6556 585 5765 943 9163 
4623 6875 8629 6556 585 5765 943 9163 
False
False
False
False
10
9
False
4623 6875 8629 6556 585 5765 943 9163 3709 1091 8694 
False
False
False
False
4623 6875 8629 6556 585 5765 943 9163 3709 3492 
False
False
False
False
4623 6875 8629 6556 585 5765 5678 8784 3567 3835 
4623 6875 8629 6556 585 5765 5678 8784 3567 3835 
4623 6875 8629 6556 585 5765 5678 8784 3567 3835 
False
False
10
False
10
9
False
False
4623 6875 8629 6556 585 5765 5678 2020 5423 
4623 6875 8629 6556 585 5765 5678 2020 5423 
4623 6875 8629 6556 585 5765 5678 2020 5423 
4623 6875 8629 6556 585 5765 5678 2020 5423 
8
8
False
8
4623 6875 8629 6556 585 5765 5678 2020 
False
False
False
False
5
4
False
False
4623 6875 8629 1417 
False
4623 
False
Empty

Empty
False
6256 
6256 


False
3582 

False
1
False
False
False
False
False
False
5
False
1739 8745 2763 43 5453 
False
False
False
6
1739 8745 3915 
1739 8745 3915 
2
1739 8745 
False
False
False
1739 
False
2
2
2
3
False
False
False
Empty
Empty
Empty
Empty
False
1
0
3785 
0
0
Empty
True
0

Empty
Empty
False
5039 6359 
6
False
5039 6359 7218 5677 1265 5991 
False
4
5039 6359 7218 5677 9475 571 
5039 6359 7218 5677 9475 571 
5
False
6
6
False
False
5039 6359 7218 5677 9475 1847 
False
5039 6359 7218 5677 9475 1847 9518 2107 783 1550 9541 
False
False
False
False
5039 6359 7218 5677 9475 1847 9518 2107 783 1550 
False
False
False
12
5039 6359 7218 5677 9475 1847 9518 2107 783 1550 3147 5816 
False
11
10
10
10
5039 6359 7218 5677 9475 1847 9518 2107 783 1550 9499 4918 
False
11
5039 6359 7218 5677 9475 1847 9518 2107 783 1550 9499 
False
11
False
5039 6359 7218 5677 9475 1847 9518 2107 783 1550 842 
11
5039 6359 7218 5677 9475 1847 9518 2107 783 1550 842 7757 
False
5039 6359 7218 5677 9475 1847 9518 2107 4005 
False
False
False
False
False
15
5039 6359 7218 5677 9475 1847 9518 2107 4005 8374 3815 2606 7585 9495 6950 
False
False
5039 6359 7218 5677 9475 1847 9518 2107 4005 
7
False
False
6
False
5039 6359 7218 5677 9475 1847 
6
False
False
False
5039 6359 7218 5677 9475 1847 
5039 6359 7218 5677 9475 6611 
5
False
False
False
5039 6359 7218 6369 1644 
False
5039 6359 7218 6369 
False
5039 6359 7218 6369 4422 9548 
9
False
False
5039 6359 7218 6369 4422 9548 8510 8471 
False
5039 6359 7218 6369 4422 9548 8510 
5039 6359 7218 6369 4422 9548 
5039 6359 7218 6369 4422 9548 3738 
False
5039 6359 7218 6369 
5039 6359 7218 6369 
4
5039 9746 
False
0
True
Empty
Empty

0
0
False
2
False
False
False
False
False
False
Empty
Empty
0
Empty
Empty
Empty
Empty
False

False
4
False
False
False
False

False
False
0
Empty
Empty
False
Empty
1
False
1
False
Empty
True
False
8401 31 2939 3643 2887 
8401 31 2939 3643 2887 9877 
4
False
7
8401 31 2939 3643 9295 5204 6971 7272 
False
7
False
False
8401 31 2939 3643 9295 5204 6971 
False
8401 31 2939 3643 9295 7561 
8401 31 2939 3643 9295 7561 414 2089 
7
False
3
8401 31 2939 1206 
False
False
False
False
8401 31 2939 379 
5
8401 31 
False
False
Empty
0
0
Empty
Empty
2
False
8310 243 
False
False
False
8310 243 
3
False
False
8310 243 2775 
8310 243 2775 
False
False
8310 988 5043 
False
False
Empty
Empty
False
Empty
True
0
Empty
False
0
Empty
0

False
2
4549 2119 
3
2
Empty
False
False
Empty
False
1390 5841 8723 6010 
False
False
2
1390 5512 
False
False
False
4
False
1390 5512 3354 5324 5733 9154 
6
6
False
6
6
False
1390 5512 3354 5324 5733 
5
False
False
False
1390 5512 3354 5324 5733 
1390 5512 3354 5324 5733 
4
False
False
3
2
False
False
False
False
False
False
False
False
False
False
False
False
False
False
7
7
False
False
False
6423 714 9498 5198 9563 
False
2
3
False
1
8476 6462 
8476 6462 203 2028 6232 
8476 6462 203 2028 395 
8476 6462 203 2028 395 6658 
8476 6462 203 2028 395 
8476 3673 
False
8476 3673 5832 6323 
False
3
False
8476 3673 5832 
False
1
1
Empty

Empty
Empty
0
Empty
True

1
Empty
0

True
1
False
False
68 948 9325 
68 948 9325 
False
4
False
False
False
False
68 948 9325 7679 6811 5312 499 2159 5126 
10
12
12
68 948 9325 7679 6811 5312 499 2159 5126 2246 3525 
68 948 9325 7679 6811 5312 499 2159 5126 2246 6091 
False
False
13
68 948 9325 7679 6811 5312 499 2159 5126 2246 6091 8769 1413 
False
15
68 948 9325 7679 6811 5312 499 2159 5126 2246 6091 8769 1413 4207 2226 529 
False
False
False
22
68 948 9325 7679 6811 5312 499 2159 5126 2246 6091 8769 1413 4207 2226 529 9476 79 2050 964 4443 4972 
22
False
False
68 948 9325 7679 6811 5312 499 2159 5126 2246 6091 8769 1413 4207 2226 529 9476 79 2050 964 4443 4972 8795 
False
23
False
False
False
21
False
68 948 9325 7679 6811 5312 499 2159 5126 2246 6091 8769 1413 4207 2226 529 9476 79 2050 964 4443 
False
False
19
68 948 9325 7679 6811 5312 499 2159 5126 2246 6091 8769 1413 4207 2226 529 9476 79 2050 
18
19
False
20
False
19
False
False
False
68 948 9325 7679 6811 5312 499 2159 5126 2246 6091 8769 1413 4207 2226 529 9476 79 7180 2703 6658 
19
68 948 9325 7679 6811 5312 499 2159 5126 2246 6091 8769 1413 4207 2226 529 9476 79 
22
False
68 948 9325 7679 6811 5312 499 2159 5126 2246 6091 8769 1413 4207 2226 529 9476 79 4118 5625 5497 317 4784 
68 948 9325 7679 6811 5312 499 2159 5126 2246 6091 8769 1413 4207 2226 529 9476 79 4118 5625 5497 317 4784 4067 5501 
68 948 9325 7679 6811 5312 499 2159 5126 2246 6091 8769 1413 4207 2226 529 9476 79 4118 5625 5497 317 4773 973 8450 
False
False
68 948 9325 7679 6811 5312 499 2159 5126 2246 6091 8769 1413 4207 2226 529 9476 79 4118 5625 5497 317 4773 485 675 1228 202 2563 6569 7231 
False
27
False
False
False
False
False
False
False
22
68 948 9325 7679 6811 5312 499 2159 5126 2246 6091 8769 1413 4207 2226 529 9476 79 4118 5625 5497 5166 
False
68 948 9325 7679 6811 5312 499 2159 5126 2246 6091 8769 1413 4207 2226 529 9476 79 4118 5625 
False
22
23
68 948 9325 7679 6811 5312 499 2159 5126 2246 6091 8769 1413 4207 2226 529 9476 79 4118 5625 183 1565 7909 
22
False
False
68 948 9325 7679 6811 5312 499 2159 5126 2246 6091 8769 1413 4207 2226 529 9476 79 4118 5625 183 
21
False
False
68 948 9325 7679 6811 5312 499 2159 5126 2246 6091 8769 1413 4207 2226 529 9476 79 4118 5625 4196 
False
68 948 9325 7679 6811 5312 499 2159 5126 2246 6091 8769 1413 4207 2226 529 9476 79 4118 5625 4196 
False
False
False
False
20
False
20
False
False
False
False
False
68 948 9325 7679 6811 5312 499 2159 5126 2246 6091 8769 1413 4207 2226 529 9476 79 4080 8041 
68 948 9325 7679 6811 5312 499 2159 5126 2246 6091 8769 1413 4207 2226 529 9476 79 4080 8041 
19
False
17
False
68 948 9325 7679 6811 5312 499 2159 5126 2246 6091 8769 1413 4207 2226 529 9476 9179 
68 948 9325 7679 6811 5312 499 2159 5126 2246 6091 8769 1413 4207 2226 529 9476 9179 
False
68 948 9325 7679 6811 5312 499 2159 5126 2246 6091 8769 1413 4207 2226 529 9476 9179 2973 
False
False
False
19
68 948 9325 7679 6811 5312 499 2159 5126 2246 6091 8769 1413 4207 2226 529 9476 9179 2973 
19
False
19
False
68 948 9325 7679 6811 5312 499 2159 5126 2246 6091 8769 1413 4207 2226 529 9476 9179 2973 1981 
20
False
21
21
21
False
20
False
False
False
19
False
False
False
False
15
False
15
15
False
15
False
68 948 9325 7679 6811 5312 499 2159 5126 2246 6091 8769 1413 4207 6172 8327 
False
17
16
68 948 9325 7679 6811 5312 499 2159 5126 2246 6091 8769 1413 4207 6172 
15
False
False
False
68 948 9325 7679 6811 5312 499 2159 5126 2246 6091 8769 1413 
13
False
False
9
68 948 9325 7679 6811 5312 499 2159 5126 
False
9
68 948 9325 7679 6811 5312 499 2159 5126 
False
9
9
10
68 948 9325 7679 6811 5312 499 2159 5126 934 2957 
68 948 9325 7679 6811 5312 499 2159 5126 934 2082 
68 948 9325 7679 6811 5312 499 2159 5126 934 2082 3993 
12
False
68 948 9325 7679 6811 5312 499 2159 5126 934 2082 3993 
False
False
False
68 948 9325 7679 6811 5312 499 2159 
9
10
10
68 948 9325 7679 6811 5312 499 2159 746 9855 4078 5480 1810 4505 
68 948 9325 7679 6811 5312 499 2159 746 9855 4078 5480 1810 4505 
False
14
17
17
68 948 9325 7679 6811 5312 499 2159 746 9855 4078 5480 1810 4505 3806 8629 5852 
False
False
False
False
14
16
15
15
15
68 948 9325 7679 6811 5312 499 2159 746 9855 4078 5480 1810 6900 5386 
False
15
68 948 9325 7679 6811 5312 499 2159 746 9855 4078 5480 1810 
False
False
False
9
68 948 9325 7679 6811 5312 499 
False
8
False
False
68 948 9325 7679 6811 5312 3556 8531 3847 
68 948 9325 7679 6811 5312 3556 8531 3847 
7
9
False
8
68 948 9325 7679 6811 5312 3556 2485 
68 948 9325 7679 6811 5312 3556 2485 2774 
9
68 948 9325 7679 6811 5312 3556 1215 
False
6
False
False
False
False
False
68 948 9325 7679 6699 6289 7000 3734 6919 705 4944 
68 948 9325 7679 6699 6289 7000 3734 6919 705 4944 
68 948 9325 7679 6699 6289 7000 3734 6919 705 4944 
False
False
False
68 948 9325 7679 6699 6289 7000 2568 5428 
68 948 9325 7679 6699 6289 7000 
68 948 9325 7679 6699 6289 7000 3385 
68 948 9325 7679 6699 6289 7000 3385 
False
False
68 948 9325 7679 6699 6289 7000 3385 6233 426 
False
False
False
68 948 9325 7679 6699 6289 7000 
68 948 9325 7679 6699 6289 7000 
False
68 948 9325 7679 6699 1378 
False
False
Empty

Empty
False
295 3814 1717 7868 8985 9257 
295 3814 1717 7868 8985 9257 
6
False
False
False
295 3814 1717 7868 8985 9257 
6
295 3814 1717 7868 8985 9257 
6
295 3814 1717 
295 3814 1717 
False
False
295 3814 1717 3471 5093 
7
9
9
9
False
False
False
False
False
False
295 3814 1717 3471 
295 3814 1717 3471 
False
3
False
False
False
295 3814 
3
3
False
False
3
False
295 3814 
0
2012 
False
False
2
2
False
False

False
1
Empty
8603 
False
3
False
8603 3696 2377 4677 
8603 3696 2377 4677 5989 
5
8603 3696 2377 4677 3334 7230 2341 6361 
8603 3696 2377 4677 3334 7230 2341 6361 4006 6093 
10
10
False
False
False
8603 3696 2377 4677 3334 7230 2341 
7
False
False
False
False
3
1
3
8603 
False
8603 3919 
False
2
False
False
False
9672 8443 3882 
False
False
False
False
9672 5758 
False
9672 
False
2
9672 2710 
9672 2710 
9812 
1
False
9812 3996 
False
False
0
Empty
True

Empty
Empty
Empty
Empty
False
Empty
True
True

True
False
Empty
False
9711 
False
3
False
0
False
7243 1192 5142 5237 
False
False
False
5
False
False
5
False
False
4
False
7243 1192 5142 
False
7243 1192 
False
5
False
5
False
False
False
7243 1192 
False
7243 1192 124 
7243 1192 
False
False
False
False
2
False
False
False
False
False
False
False
2
False
False
False
False
False
False
False
1
False
False
7243 
False
4
False
5218 8753 1936 2177 
False
False
False
7
6
7
5218 8753 1936 7421 6319 827 1264 
False
8
5218 8753 1936 7421 6319 827 1264 5518 1473 9938 
5218 8753 1936 7421 6319 827 1264 5518 1473 9938 
False
False
13
False
False
False
False
False
5218 8753 1936 7421 6319 827 1264 5518 8713 
False
False
False
5218 8753 1936 7421 6319 827 1264 5975 9212 8363 5215 
False
False
11
False
13
False
False
11
5218 8753 1936 7421 6319 827 1264 5975 9212 8363 4519 
False
False
5218 8753 1936 7421 6319 827 1264 5975 9212 5075 6234 
False
5218 8753 1936 7421 6319 827 1264 5975 9212 5075 
False
5218 8753 1936 7421 6319 827 1264 5975 9212 5075 
11
False
False
5218 8753 1936 7421 6319 827 1264 5975 9212 5075 1456 9721 
False
False
5218 8753 1936 7421 6319 827 1264 5975 9212 5075 1456 9721 
12
False
13
False
False
False
13
False
False
False
15
14
False
5218 8753 1936 7421 6319 827 1264 5975 9212 5075 1456 9721 4559 769 4425 
5218 8753 1936 7421 6319 827 1264 5975 9212 5075 1456 9721 4559 769 
14
5218 8753 1936 7421 6319 827 1264 5975 9212 5075 1456 9721 4559 769 1967 
False
5218 8753 1936 7421 6319 827 1264 5975 9212 5075 1456 9721 4559 769 7054 
15
False
False
18
19
False
21
5218 8753 1936 7421 6319 827 1264 5975 9212 5075 1456 9721 4559 769 7054 1052 1950 2877 2590 4648 3020 6300 
22
22
False
23
False
5218 8753 1936 7421 6319 827 1264 5975 9212 5075 1456 9721 4559 769 7054 1052 1950 2877 2590 4648 3020 6300 1978 9583 
False
5218 8753 1936 7421 6319 827 1264 5975 9212 5075 1456 9721 4559 769 7054 1052 1950 2877 2590 4648 3020 6300 
5218 8753 1936 7421 6319 827 1264 5975 9212 5075 1456 9721 4559 769 7054 1052 1950 2877 2590 4648 3020 
21
5218 8753 1936 7421 6319 827 1264 5975 9212 5075 1456 9721 4559 769 7054 1052 1950 2877 2590 4648 3020 1739 
False
False
5218 8753 1936 7421 6319 827 1264 5975 9212 5075 1456 9721 4559 769 7054 1052 1950 2877 2590 4648 3020 9010 1822 
False
False
False
False
False
5218 8753 1936 7421 6319 827 1264 5975 9212 5075 1456 9721 4559 769 7054 1052 1950 2877 2590 4648 3020 9010 8732 
5218 8753 1936 7421 6319 827 1264 5975 9212 5075 1456 9721 4559 769 7054 1052 1950 2877 2590 4648 3020 9010 8732 
5218 8753 1936 7421 6319 827 1264 5975 9212 5075 1456 9721 4559 769 7054 1052 1950 2877 2590 4648 3020 5462 711 
23
5218 8753 1936 7421 6319 827 1264 5975 9212 5075 1456 9721 4559 769 7054 1052 1950 2877 2590 4648 3020 5462 4365 
5218 8753 1936 7421 6319 827 1264 5975 9212 5075 1456 9721 4559 769 7054 1052 1950 2877 2590 4648 3020 5462 4365 
False
False
False
False
5218 8753 1936 7421 6319 827 1264 5975 9212 5075 1456 9721 4559 769 7054 1052 1950 2877 2590 4648 3020 5462 6056 
23
False
5218 8753 1936 7421 6319 827 1264 5975 9212 5075 1456 9721 4559 769 7054 1052 1950 2877 2590 4648 3020 5462 6056 
False
False
22
5218 8753 1936 7421 6319 827 1264 5975 9212 5075 1456 9721 4559 769 7054 1052 1950 2877 2590 4648 
5218 8753 1936 7421 6319 827 1264 5975 9212 5075 1456 9721 4559 769 7054 1052 1950 2877 2590 1735 
5218 8753 1936 7421 6319 827 1264 5975 9212 5075 1456 9721 4559 769 7054 1052 1950 2877 2590 1735 
5218 8753 1936 7421 6319 827 1264 5975 9212 5075 1456 9721 4559 769 7054 1052 1950 2877 
False
False
False
False
5218 8753 1936 7421 6319 827 1264 5975 9212 5075 1456 9721 4559 769 7054 1052 1950 
18
18
18
5218 8753 1936 7421 6319 827 1264 5975 9212 5075 1456 9721 4559 769 7054 1052 
False
17
False
5218 8753 1936 7421 6319 827 1264 5975 9212 5075 1456 9721 4559 769 7054 1052 1560 
False
False
16
18
False
5218 8753 1936 7421 6319 827 1264 5975 9212 5075 1456 9721 4559 769 7054 6129 8774 3947 
False
22
False
False
False
5218 8753 1936 7421 6319 827 1264 5975 9212 5075 1456 9721 4559 769 7054 6129 8774 3947 491 2457 7697 8791 9672 
False
False
False
False
False
5218 8753 1936 7421 6319 827 1264 5975 9212 5075 1456 9721 4559 769 7054 6129 8774 3947 491 2457 7697 8791 9672 
22
False
19
5218 8753 1936 7421 6319 827 1264 5975 9212 5075 1456 9721 4559 769 7054 6129 8774 3632 8352 
5218 8753 1936 7421 6319 827 1264 5975 9212 5075 1456 9721 4559 769 7054 6129 8774 3632 8352 1009 4195 9150 6075 
5218 8753 1936 7421 6319 827 1264 5975 9212 5075 1456 9721 4559 769 7054 6129 8774 3632 8352 1009 4195 9150 6075 
False
23
5218 8753 1936 7421 6319 827 1264 5975 9212 5075 1456 9721 4559 769 7054 6129 8774 3632 8352 1009 4195 9150 6075 7818 
False
False
26
False
False
False
5218 8753 1936 7421 6319 827 1264 5975 9212 5075 1456 9721 4559 769 7054 6129 8774 3632 8352 1009 4195 9150 9730 7396 2298 
False
False
False
False
24
5218 8753 1936 7421 6319 827 1264 5975 9212 5075 1456 9721 4559 769 7054 6129 8774 3632 8352 1009 4195 9150 9730 1056 
5218 8753 1936 7421 6319 827 1264 5975 9212 5075 1456 9721 4559 769 7054 6129 8774 3632 8352 1009 4195 9150 9730 1056 7164 
27
5218 8753 1936 7421 6319 827 1264 5975 9212 5075 1456 9721 4559 769 7054 6129 8774 3632 8352 1009 4195 9150 9730 1056 7164 7816 
26
False
False
5218 8753 1936 7421 6319 827 1264 5975 9212 5075 1456 9721 4559 769 7054 6129 8774 3632 8352 1009 4195 9150 9730 1056 7164 7816 2116 7256 
False
5218 8753 1936 7421 6319 827 1264 5975 9212 5075 1456 9721 4559 769 7054 6129 8774 3632 8352 1009 4195 9150 9730 1056 7164 7816 2116 7256 
5218 8753 1936 7421 6319 827 1264 5975 9212 5075 1456 9721 4559 769 7054 6129 8774 3632 8352 1009 4195 9150 9730 1056 7164 7816 2116 
False
False
5218 8753 1936 7421 6319 827 1264 5975 9212 5075 1456 9721 4559 769 7054 6129 8774 3632 8352 1009 4195 9150 9730 1056 4641 
25
False
False
5218 8753 1936 7421 6319 827 1264 5975 9212 5075 1456 9721 4559 769 7054 6129 8774 3632 8352 1009 4195 9150 9730 1056 4641 8957 
False
28
False
5218 8753 1936 7421 6319 827 1264 5975 9212 5075 1456 9721 4559 769 7054 6129 8774 3632 8352 1009 4195 9150 9730 1056 4641 8957 3323 4720 2744 7134 
False
False
5218 8753 1936 7421 6319 827 1264 5975 9212 5075 1456 9721 4559 769 7054 6129 8774 3632 8352 1009 4195 9150 9730 1056 4641 8957 3323 4720 2744 7134 7525 8112 9699 
False
5218 8753 1936 7421 6319 827 1264 5975 9212 5075 1456 9721 4559 769 7054 6129 8774 3632 8352 1009 4195 9150 9730 1056 4641 8957 3323 4720 2744 7134 7525 8112 9699 2573 
False
33
False
31
False
False
5218 8753 1936 7421 6319 827 1264 5975 9212 5075 1456 9721 4559 769 7054 6129 8774 3632 8352 1009 4195 9150 9730 1056 4641 8957 3323 4720 2744 7134 
False
5218 8753 1936 7421 6319 827 1264 5975 9212 5075 1456 9721 4559 769 7054 6129 8774 3632 8352 1009 4195 9150 9730 1056 4641 8957 3323 4720 2744 8338 
False
False
False
False
False
False
29
29
False
5218 8753 1936 7421 6319 827 1264 5975 9212 5075 1456 9721 4559 769 7054 6129 8774 3632 8352 1009 4195 9150 9730 1056 4641 8957 3323 4720 1130 
5218 8753 1936 7421 6319 827 1264 5975 9212 5075 1456 9721 4559 769 7054 6129 8774 3632 8352 1009 4195 9150 9730 1056 4641 8957 3323 4720 1130 
False
False
31
32
32
False
34
False
5218 8753 1936 7421 6319 827 1264 5975 9212 5075 1456 9721 4559 769 7054 6129 8774 3632 8352 1009 4195 9150 9730 1056 4641 8957 3323 4720 1130 5554 4766 6678 4740 9602 911 6443 
False
36
36
5218 8753 1936 7421 6319 827 1264 5975 9212 5075 1456 9721 4559 769 7054 6129 8774 3632 8352 1009 4195 9150 9730 1056 4641 8957 3323 4720 1130 5554 4766 6678 4740 9602 911 6443 
False
False
False
False
37
False
False
5218 8753 1936 7421 6319 827 1264 5975 9212 5075 1456 9721 4559 769 7054 6129 8774 3632 8352 1009 4195 9150 9730 1056 4641 8957 3323 4720 1130 5554 4766 6678 4740 9602 911 
False
False
False
False
5218 8753 1936 7421 6319 827 1264 5975 9212 5075 1456 9721 4559 769 7054 6129 8774 3632 8352 1009 4195 9150 9730 1056 4641 8957 3323 4720 1130 5554 4766 6678 
False
5218 8753 1936 7421 6319 827 1264 5975 9212 5075 1456 9721 4559 769 7054 6129 8774 3632 8352 1009 4195 9150 9730 1056 4641 8957 3323 4720 1130 5554 
False
5218 8753 1936 7421 6319 827 1264 5975 9212 5075 1456 9721 4559 769 7054 6129 8774 3632 8352 1009 4195 9150 9730 1056 4641 8957 3323 4720 8699 8737 
False
28
5218 8753 1936 7421 6319 827 1264 5975 9212 5075 1456 9721 4559 769 7054 6129 8774 3632 8352 1009 4195 9150 9730 1056 4641 8957 3323 4720 
27
False
False
5218 8753 1936 7421 6319 827 1264 5975 9212 5075 1456 9721 4559 769 7054 6129 8774 3632 8352 1009 4195 9150 9730 1056 4641 8957 7850 5501 
28
5218 8753 1936 7421 6319 827 1264 5975 9212 5075 1456 9721 4559 769 7054 6129 8774 3632 8352 1009 4195 9150 9730 1056 4641 8957 7850 5501 9036 
31
32
32
5218 8753 1936 7421 6319 827 1264 5975 9212 5075 1456 9721 4559 769 7054 6129 8774 3632 8352 1009 4195 9150 9730 1056 4641 8957 7850 5501 9036 3313 7761 3540 
False
False
5218 8753 1936 7421 6319 827 1264 5975 9212 5075 1456 9721 4559 769 7054 6129 8774 3632 8352 1009 4195 9150 9730 1056 4641 8957 7850 5501 9036 3313 7761 3018 
31
False
5218 8753 1936 7421 6319 827 1264 5975 9212 5075 1456 9721 4559 769 7054 6129 8774 3632 8352 1009 4195 9150 9730 1056 4641 8957 7850 5501 9036 3313 7761 
5218 8753 1936 7421 6319 827 1264 5975 9212 5075 1456 9721 4559 769 7054 6129 8774 3632 8352 1009 4195 9150 9730 1056 4641 8957 7850 5501 9036 3313 
5218 8753 1936 7421 6319 827 1264 5975 9212 5075 1456 9721 4559 769 7054 6129 8774 3632 8352 1009 4195 9150 9730 1056 4641 8957 7850 5501 9036 1572 333 
False
False
5218 8753 1936 7421 6319 827 1264 5975 9212 5075 1456 9721 4559 769 7054 6129 8774 3632 8352 1009 4195 9150 9730 1056 4641 8957 7850 5501 9036 
False
False
False
False
31
False
False
5218 8753 1936 7421 6319 827 1264 5975 9212 5075 1456 9721 4559 769 7054 6129 8774 3632 8352 1009 4195 9150 9730 1056 4641 8957 7850 5501 9036 6463 3736 
False
False
5218 8753 1936 7421 6319 827 1264 5975 9212 5075 1456 9721 4559 769 7054 6129 8774 3632 8352 1009 4195 9150 9730 1056 4641 8957 7850 5501 9036 6463 4311 7369 
False
28
5218 8753 1936 7421 6319 827 1264 5975 9212 5075 1456 9721 4559 769 7054 6129 8774 3632 8352 1009 4195 9150 9730 1056 4641 8957 7850 
27
27
False
26
5218 8753 1936 7421 6319 827 1264 5975 9212 5075 1456 9721 4559 769 7054 6129 8774 3632 8352 1009 4195 9150 9730 1056 4641 383 
False
5218 8753 1936 7421 6319 827 1264 5975 9212 5075 1456 9721 4559 769 7054 6129 8774 3632 8352 1009 4195 9150 9730 1056 4641 5369 
5218 8753 1936 7421 6319 827 1264 5975 9212 5075 1456 9721 4559 769 7054 6129 8774 3632 8352 1009 4195 9150 9730 1056 4641 5369 7965 
27
27
5218 8753 1936 7421 6319 827 1264 5975 9212 5075 1456 9721 4559 769 7054 6129 8774 3632 8352 1009 4195 9150 9730 1056 4641 5369 
24
5218 8753 1936 7421 6319 827 1264 5975 9212 5075 1456 9721 4559 769 7054 6129 8774 3632 8352 1009 4195 9150 9730 1056 
5218 8753 1936 7421 6319 827 1264 5975 9212 5075 1456 9721 4559 769 7054 6129 8774 3632 8352 1009 4195 9150 9730 1056 
False
22
False
5218 8753 1936 7421 6319 827 1264 5975 9212 5075 1456 9721 4559 769 7054 6129 8774 3632 8352 1009 4195 7190 
5218 8753 1936 7421 6319 827 1264 5975 9212 5075 1456 9721 4559 769 7054 6129 8774 3632 8352 1009 4195 7190 
False
False
5218 8753 1936 7421 6319 827 1264 5975 9212 5075 1456 9721 4559 769 7054 6129 8774 3632 8352 1009 4195 
False
False
False
5218 8753 1936 7421 6319 827 1264 5975 9212 5075 1456 9721 4559 769 7054 6129 8774 
5218 8753 1936 7421 6319 827 1264 5975 9212 5075 1456 9721 4559 769 7054 6129 8774 
False
5218 8753 1936 7421 6319 827 1264 5975 9212 5075 1456 9721 4559 769 7054 6129 8774 9708 
19
19
False
False
22
False
5218 8753 1936 7421 6319 827 1264 5975 9212 5075 1456 9721 4559 769 7054 6129 8774 9708 3890 32 3596 177 6159 
False
False
5218 8753 1936 7421 6319 827 1264 5975 9212 5075 1456 9721 4559 769 7054 6129 8774 9708 3890 32 3596 887 
False
5218 8753 1936 7421 6319 827 1264 5975 9212 5075 1456 9721 4559 769 7054 6129 8774 9708 3890 32 3596 
21
False
5218 8753 1936 7421 6319 827 1264 5975 9212 5075 1456 9721 4559 769 7054 6129 8774 9708 3890 32 3596 1158 
5218 8753 1936 7421 6319 827 1264 5975 9212 5075 1456 9721 4559 769 7054 6129 8774 9708 3890 32 3596 
False
False
False
5218 8753 1936 7421 6319 827 1264 5975 9212 5075 1456 9721 4559 769 7054 6129 8774 9708 3890 3620 8058 
False
False
5218 8753 1936 7421 6319 827 1264 5975 9212 5075 1456 9721 4559 769 7054 6129 8774 9708 3890 3620 
5218 8753 1936 7421 6319 827 1264 5975 9212 5075 1456 9721 4559 769 7054 6129 8774 9708 3890 3620 
False
False
24
False
5218 8753 1936 7421 6319 827 1264 5975 9212 5075 1456 9721 4559 769 7054 6129 8774 9708 3890 3620 6348 7828 8631 1811 3089 
False
25
24
5218 8753 1936 7421 6319 827 1264 5975 9212 5075 1456 9721 4559 769 7054 6129 8774 9708 3890 3620 6348 7828 8631 1811 
False
False
25
False
26
False
False
False
False
False
False
False
False
5218 8753 1936 7421 6319 827 1264 5975 9212 5075 1456 9721 4559 769 7054 6129 8774 9708 3890 3620 6348 7745 188 7794 9325 3857 8047 7256 9400 
29
False
False
5218 8753 1936 7421 6319 827 1264 5975 9212 5075 1456 9721 4559 769 7054 6129 8774 9708 3890 3620 6348 7745 188 7794 9325 3857 8047 7256 
5218 8753 1936 7421 6319 827 1264 5975 9212 5075 1456 9721 4559 769 7054 6129 8774 9708 3890 3620 6348 7745 188 7794 9325 3857 8047 7256 
5218 8753 1936 7421 6319 827 1264 5975 9212 5075 1456 9721 4559 769 7054 6129 8774 9708 3890 3620 6348 7745 188 7794 9325 3857 8047 7256 
29
31
5218 8753 1936 7421 6319 827 1264 5975 9212 5075 1456 9721 4559 769 7054 6129 8774 9708 3890 3620 6348 7745 188 7794 9325 3857 8047 7256 2758 1577 5555 
False
False
False
5218 8753 1936 7421 6319 827 1264 5975 9212 5075 1456 9721 4559 769 7054 6129 8774 9708 3890 3620 6348 7745 188 7794 9325 3857 8047 7256 2758 1577 8022 6448 
False
5218 8753 1936 7421 6319 827 1264 5975 9212 5075 1456 9721 4559 769 7054 6129 8774 9708 3890 3620 6348 7745 188 7794 9325 3857 8047 7256 2758 1577 8022 
False
False
5218 8753 1936 7421 6319 827 1264 5975 9212 5075 1456 9721 4559 769 7054 6129 8774 9708 3890 3620 6348 7745 188 7794 9325 3857 8047 7256 2758 1577 8022 7966 
29
False
5218 8753 1936 7421 6319 827 1264 5975 9212 5075 1456 9721 4559 769 7054 6129 8774 9708 3890 3620 6348 7745 188 7794 9325 3857 8047 7256 613 
False
30
5218 8753 1936 7421 6319 827 1264 5975 9212 5075 1456 9721 4559 769 7054 6129 8774 9708 3890 3620 6348 7745 188 7794 9325 3857 8047 7256 613 
False
5218 8753 1936 7421 6319 827 1264 5975 9212 5075 1456 9721 4559 769 7054 6129 8774 9708 3890 3620 6348 7745 188 7794 9325 3857 8047 7256 613 2073 
False
False
5218 8753 1936 7421 6319 827 1264 5975 9212 5075 1456 9721 4559 769 7054 6129 8774 9708 3890 3620 6348 7745 188 7794 9325 3857 8047 7256 613 2073 1835 
28
5218 8753 1936 7421 6319 827 1264 5975 9212 5075 1456 9721 4559 769 7054 6129 8774 9708 3890 3620 6348 7745 188 7794 9325 4127 647 
27
False
5218 8753 1936 7421 6319 827 1264 5975 9212 5075 1456 9721 4559 769 7054 6129 8774 9708 3890 3620 6348 7745 188 7794 9325 4127 
5218 8753 1936 7421 6319 827 1264 5975 9212 5075 1456 9721 4559 769 7054 6129 8774 9708 3890 3620 6348 7745 188 7794 9325 4127 5733 
5218 8753 1936 7421 6319 827 1264 5975 9212 5075 1456 9721 4559 769 7054 6129 8774 9708 3890 3620 6348 7745 188 7794 9325 4127 5733 
False
False
False
23
False
False
5218 8753 1936 7421 6319 827 1264 5975 9212 5075 1456 9721 4559 769 7054 6129 8774 9708 3890 3620 6348 7745 3996 
5218 8753 1936 7421 6319 827 1264 5975 9212 5075 1456 9721 4559 769 7054 6129 8774 9708 3890 3620 6348 7745 3996 
False
False
26
24
False
5218 8753 1936 7421 6319 827 1264 5975 9212 5075 1456 9721 4559 769 7054 6129 8774 9708 3890 3620 6348 7745 3996 5486 
False
False
False
False
False
25
False
5218 8753 1936 7421 6319 827 1264 5975 9212 5075 1456 9721 4559 769 7054 6129 8774 9708 3890 3620 6348 7745 3996 7554 828 9676 
26
False
False
27
False
False
26
False
False
False
False
28
25
5218 8753 1936 7421 6319 827 1264 5975 9212 5075 1456 9721 4559 769 7054 6129 8774 9708 3890 3620 6348 7745 5260 3035 
5218 8753 1936 7421 6319 827 1264 5975 9212 5075 1456 9721 4559 769 7054 6129 8774 9708 3890 3620 6348 7745 5260 3035 7601 1061 
False
5218 8753 1936 7421 6319 827 1264 5975 9212 5075 1456 9721 4559 769 7054 6129 8774 9708 3890 3620 6348 7745 5260 3035 7601 2542 
5218 8753 1936 7421 6319 827 1264 5975 9212 5075 1456 9721 4559 769 7054 6129 8774 9708 3890 3620 6348 
21
False
False
20
False
False
5218 8753 1936 7421 6319 827 1264 5975 9212 5075 1456 9721 4559 769 7054 6129 8774 9708 3890 1215 3536 6914 
False
5218 8753 1936 7421 6319 827 1264 5975 9212 5075 1456 9721 4559 769 7054 6129 8774 9708 3890 1215 3536 6914 1087 8926 3254 6730 
5218 8753 1936 7421 6319 827 1264 5975 9212 5075 1456 9721 4559 769 7054 6129 8774 9708 3890 1215 3536 6914 1087 8926 3254 
5218 8753 1936 7421 6319 827 1264 5975 9212 5075 1456 9721 4559 769 7054 6129 8774 9708 3890 1215 3536 6914 1087 8926 3254 
5218 8753 1936 7421 6319 827 1264 5975 9212 5075 1456 9721 4559 769 7054 6129 8774 9708 3890 1215 3536 6914 1087 
False
False
False
False
5218 8753 1936 7421 6319 827 1264 5975 9212 5075 1456 9721 4559 769 7054 6129 8774 9708 3890 1215 3536 5593 7471 6704 
25
25
False
24
5218 8753 1936 7421 6319 827 1264 5975 9212 5075 1456 9721 4559 769 7054 6129 8774 9708 3890 1215 3536 4418 407 7431 
26
False
5218 8753 1936 7421 6319 827 1264 5975 9212 5075 1456 9721 4559 769 7054 6129 8774 9708 3890 1215 3536 4418 407 7431 9136 2446 
5218 8753 1936 7421 6319 827 1264 5975 9212 5075 1456 9721 4559 769 7054 6129 8774 9708 3890 1215 3536 4418 407 7431 9136 2446 
False
26
False
False
5218 8753 1936 7421 6319 827 1264 5975 9212 5075 1456 9721 4559 769 7054 6129 8774 9708 3890 1215 3536 4418 407 7431 3137 2543 
False
5218 8753 1936 7421 6319 827 1264 5975 9212 5075 1456 9721 4559 769 7054 6129 8774 9708 3890 1215 3536 4418 407 7431 3137 2543 
False
27
5218 8753 1936 7421 6319 827 1264 5975 9212 5075 1456 9721 4559 769 7054 6129 8774 9708 3890 1215 3536 4418 407 7431 3137 2543 1948 212 
False
29
False
False
5218 8753 1936 7421 6319 827 1264 5975 9212 5075 1456 9721 4559 769 7054 6129 8774 9708 3890 1215 3536 4418 407 7431 3137 2543 1948 212 8375 
False
5218 8753 1936 7421 6319 827 1264 5975 9212 5075 1456 9721 4559 769 7054 6129 8774 9708 3890 1215 3536 4418 407 7431 3137 2543 1948 212 
False
False
5218 8753 1936 7421 6319 827 1264 5975 9212 5075 1456 9721 4559 769 7054 6129 8774 9708 3890 1215 3536 4418 407 7431 3137 2543 1948 
26
25
False
5218 8753 1936 7421 6319 827 1264 5975 9212 5075 1456 9721 4559 769 7054 6129 8774 9708 3890 1215 3536 4418 407 7431 3137 5146 8404 
5218 8753 1936 7421 6319 827 1264 5975 9212 5075 1456 9721 4559 769 7054 6129 8774 9708 3890 1215 3536 4418 407 7431 3137 5146 8404 
False
28
29
5218 8753 1936 7421 6319 827 1264 5975 9212 5075 1456 9721 4559 769 7054 6129 8774 9708 3890 1215 3536 4418 407 7431 3137 5146 8404 7280 4014 6403 8367 
30
5218 8753 1936 7421 6319 827 1264 5975 9212 5075 1456 9721 4559 769 7054 6129 8774 9708 3890 1215 3536 4418 407 7431 3137 5146 8404 7280 4014 6403 9232 
False
False
5218 8753 1936 7421 6319 827 1264 5975 9212 5075 1456 9721 4559 769 7054 6129 8774 9708 3890 1215 3536 4418 407 7431 3137 5146 8404 7280 4014 2831 1282 
False
False
False
False
False
False
False
False
5218 8753 1936 7421 6319 827 1264 5975 9212 5075 1456 9721 4559 769 7054 6129 8774 9708 3890 1215 3536 4418 407 7431 3137 5146 8404 7280 4014 2831 1282 9406 
False
33
33
False
33
5218 8753 1936 7421 6319 827 1264 5975 9212 5075 1456 9721 4559 769 7054 6129 8774 9708 3890 1215 3536 4418 407 7431 3137 5146 8404 7280 4014 2831 1282 9406 3802 4615 67 
35
35
False
False
5218 8753 1936 7421 6319 827 1264 5975 9212 5075 1456 9721 4559 769 7054 6129 8774 9708 3890 1215 3536 4418 407 7431 3137 5146 8404 7280 4014 2831 1282 9406 3802 4615 67 2787 
5218 8753 1936 7421 6319 827 1264 5975 9212 5075 1456 9721 4559 769 7054 6129 8774 9708 3890 1215 3536 4418 407 7431 3137 5146 8404 7280 4014 2831 1282 9406 3802 4615 67 2787 5602 
False
34
False
False
5218 8753 1936 7421 6319 827 1264 5975 9212 5075 1456 9721 4559 769 7054 6129 8774 9708 3890 1215 3536 4418 407 7431 3137 5146 8404 7280 4014 2831 8746 6332 
32
False
32
30
5218 8753 1936 7421 6319 827 1264 5975 9212 5075 1456 9721 4559 769 7054 6129 8774 9708 3890 1215 3536 4418 407 7431 3137 5146 8404 7280 4014 2831 2145 366 3831 9306 
36
36
False
5218 8753 1936 7421 6319 827 1264 5975 9212 5075 1456 9721 4559 769 7054 6129 8774 9708 3890 1215 3536 4418 407 7431 3137 5146 8404 7280 4014 2831 2145 366 3831 9306 8131 9134 
False
False
31
31
False
31
False
False
5218 8753 1936 7421 6319 827 1264 5975 9212 5075 1456 9721 4559 769 7054 6129 8774 9708 3890 1215 3536 4418 407 7431 3137 5146 8404 7280 4014 2831 
5218 8753 1936 7421 6319 827 1264 5975 9212 5075 1456 9721 4559 769 7054 6129 8774 9708 3890 1215 3536 4418 407 7431 3137 5146 8404 7280 4014 2831 1430 2753 8962 7011 7398 
5218 8753 1936 7421 6319 827 1264 5975 9212 5075 1456 9721 4559 769 7054 6129 8774 9708 3890 1215 3536 4418 407 7431 3137 5146 8404 7280 4014 2831 1430 2753 8962 9133 2687 5995 
False
False
False
5218 8753 1936 7421 6319 827 1264 5975 9212 5075 1456 9721 4559 769 7054 6129 8774 9708 3890 1215 3536 4418 407 7431 3137 5146 8404 7280 4014 2831 1430 2753 8962 9133 2687 1398 9643 
36
False
False
5218 8753 1936 7421 6319 827 1264 5975 9212 5075 1456 9721 4559 769 7054 6129 8774 9708 3890 1215 3536 4418 407 7431 3137 5146 8404 7280 4014 2831 1430 2753 8962 9133 2687 6859 7062 
False
False
False
False
35
False
5218 8753 1936 7421 6319 827 1264 5975 9212 5075 1456 9721 4559 769 7054 6129 8774 9708 3890 1215 3536 4418 407 7431 3137 5146 8404 7280 4014 2831 1430 2753 8962 
31
False
28
28
False
False
False
27
False
5218 8753 1936 7421 6319 827 1264 5975 9212 5075 1456 9721 4559 769 7054 6129 8774 9708 3890 1215 3536 4418 407 7431 3137 5146 5827 
False
27
False
27
False
False
False
False
False
False
False
26
5218 8753 1936 7421 6319 827 1264 5975 9212 5075 1456 9721 4559 769 7054 6129 8774 9708 3890 1215 3536 4418 407 6820 3506 3136 
False
False
False
False
5218 8753 1936 7421 6319 827 1264 5975 9212 5075 1456 9721 4559 769 7054 6129 8774 9708 3890 1215 3536 7249 6540 5632 
5218 8753 1936 7421 6319 827 1264 5975 9212 5075 1456 9721 4559 769 7054 6129 8774 9708 3890 1215 3536 7249 6540 5632 
False
23
False
False
False
False
False
22
5218 8753 1936 7421 6319 827 1264 5975 9212 5075 1456 9721 4559 769 7054 6129 8774 9708 3890 1215 3536 5731 
False
False
5218 8753 1936 7421 6319 827 1264 5975 9212 5075 1456 9721 4559 769 7054 6129 8774 9708 3890 1215 3536 5731 1579 371 5569 8687 
False
5218 8753 1936 7421 6319 827 1264 5975 9212 5075 1456 9721 4559 769 7054 6129 8774 9708 3890 1215 3536 5731 1579 371 5569 8687 6091 
27
False
27
False
False
False
False
5218 8753 1936 7421 6319 827 1264 5975 9212 5075 1456 9721 4559 769 7054 6129 8774 9708 3890 1215 3536 5731 1579 371 5569 8687 5651 6357 
False
False
False
5218 8753 1936 7421 6319 827 1264 5975 9212 5075 1456 9721 4559 769 7054 6129 8774 9708 3890 1215 3536 5731 1579 371 5569 8687 5651 6357 4938 
28
False
False
False
False
24
False
23
5218 8753 1936 7421 6319 827 1264 5975 9212 5075 1456 9721 4559 769 7054 6129 8774 9708 3890 1215 3536 5731 1579 
21
5218 8753 1936 7421 6319 827 1264 5975 9212 5075 1456 9721 4559 769 7054 6129 8774 9708 3890 1215 3536 
False
False
False
5218 8753 1936 7421 6319 827 1264 5975 9212 5075 1456 9721 4559 769 7054 6129 8774 9708 3890 1215 3536 324 5104 
23
False
False
False
False
False
24
False
False
False
27
5218 8753 1936 7421 6319 827 1264 5975 9212 5075 1456 9721 4559 769 7054 6129 8774 9708 3890 5250 6386 1927 2920 7811 9387 3908 1603 
27
5218 8753 1936 7421 6319 827 1264 5975 9212 5075 1456 9721 4559 769 7054 6129 8774 9708 3890 5250 6386 1927 2920 7811 9387 3908 1603 
26
5218 8753 1936 7421 6319 827 1264 5975 9212 5075 1456 9721 4559 769 7054 6129 8774 9708 3890 5250 6386 1927 2920 7811 9387 3908 9871 
24
False
23
False
5218 8753 1936 7421 6319 827 1264 5975 9212 5075 1456 9721 4559 769 7054 6129 8774 9708 3890 5250 6386 1927 2920 4332 
5218 8753 1936 7421 6319 827 1264 5975 9212 5075 1456 9721 4559 769 7054 6129 8774 9708 3890 5250 6386 1927 2920 4332 9482 
False
5218 8753 1936 7421 6319 827 1264 5975 9212 5075 1456 9721 4559 769 7054 6129 8774 9708 3890 5250 6386 1927 2920 4332 6297 
False
False
False
False
False
5218 8753 1936 7421 6319 827 1264 5975 9212 5075 1456 9721 4559 769 7054 6129 8774 9708 3890 5250 6386 1927 2920 4332 6297 7491 6640 7476 5158 4939 1617 
31
False
5218 8753 1936 7421 6319 827 1264 5975 9212 5075 1456 9721 4559 769 7054 6129 8774 9708 3890 5250 6386 1927 2920 4332 6297 7491 6640 7476 5158 8609 
5218 8753 1936 7421 6319 827 1264 5975 9212 5075 1456 9721 4559 769 7054 6129 8774 9708 3890 5250 6386 1927 2920 4332 6297 7491 6640 7476 5158 
False
False
5218 8753 1936 7421 6319 827 1264 5975 9212 5075 1456 9721 4559 769 7054 6129 8774 9708 3890 5250 6386 1927 2920 4332 6297 7491 5889 
5218 8753 1936 7421 6319 827 1264 5975 9212 5075 1456 9721 4559 769 7054 6129 8774 9708 3890 5250 6386 1927 2920 4332 6297 7491 5889 
5218 8753 1936 7421 6319 827 1264 5975 9212 5075 1456 9721 4559 769 7054 6129 8774 9708 3890 5250 6386 1927 2920 4332 6297 7491 5889 
False
False
26
False
False
False
5218 8753 1936 7421 6319 827 1264 5975 9212 5075 1456 9721 4559 769 7054 6129 8774 9708 3890 5250 6386 1927 2920 4332 8547 3558 142 
False
5218 8753 1936 7421 6319 827 1264 5975 9212 5075 1456 9721 4559 769 7054 6129 8774 9708 3890 5250 6386 1927 2920 4332 8547 3558 142 
5218 8753 1936 7421 6319 827 1264 5975 9212 5075 1456 9721 4559 769 7054 6129 8774 9708 3890 5250 6386 1927 2920 4332 8547 3558 142 
False
5218 8753 1936 7421 6319 827 1264 5975 9212 5075 1456 9721 4559 769 7054 6129 8774 9708 3890 5250 6386 1927 2920 4332 8547 3558 142 
27
False
5218 8753 1936 7421 6319 827 1264 5975 9212 5075 1456 9721 4559 769 7054 6129 8774 9708 3890 5250 6386 
21
20
5218 8753 1936 7421 6319 827 1264 5975 9212 5075 1456 9721 4559 769 7054 6129 8774 9708 3890 5250 
False
False
False
19
5218 8753 1936 7421 6319 827 1264 5975 9212 5075 1456 9721 4559 769 7054 6129 8774 9708 
False
24
False
24
False
19
False
False
False
False
False
False
18
14
False
15
False
5218 8753 1936 7421 6319 827 1264 5975 9212 5075 1456 9721 4559 7632 880 
18
False
False
5218 8753 1936 7421 6319 827 1264 5975 9212 5075 1456 9721 4559 7632 880 3383 2622 5444 
5218 8753 1936 7421 6319 827 1264 5975 9212 5075 1456 9721 4559 7632 880 3383 2622 
False
5218 8753 1936 7421 6319 827 1264 5975 9212 5075 1456 9721 4559 1806 
False
5218 8753 1936 7421 6319 827 1264 5975 9212 5075 1456 9721 4559 1806 9343 8496 
5218 8753 1936 7421 6319 827 1264 5975 9212 5075 1456 9721 4559 1806 9343 2566 
False
5218 8753 1936 7421 6319 827 1264 5975 9212 5075 1456 9721 4559 1806 9343 1085 
False
17
17
False
5218 8753 1936 7421 6319 827 1264 5975 9212 5075 1456 9721 4559 1806 9343 2156 3656 
False
False
19
False
False
False
19
5218 8753 1936 7421 6319 827 1264 5975 9212 5075 1456 9721 4559 1806 9343 2156 3656 7207 3978 9226 
False
False
False
False
False
False
False
5218 8753 1936 7421 6319 827 1264 5975 9212 5075 1456 9721 4559 1806 9343 2156 3656 7207 3978 8165 3507 7351 
5218 8753 1936 7421 6319 827 1264 5975 9212 5075 1456 9721 4559 1806 9343 2156 3656 7207 3978 8165 3507 7351 
20
20
False
5218 8753 1936 7421 6319 827 1264 5975 9212 5075 1456 9721 4559 1806 9343 2156 3656 7207 3978 8165 8737 1680 
False
False
False
24
24
5218 8753 1936 7421 6319 827 1264 5975 9212 5075 1456 9721 4559 1806 9343 2156 3656 7207 3978 8165 8737 1680 3574 3076 6824 
False
27
False
28
5218 8753 1936 7421 6319 827 1264 5975 9212 5075 1456 9721 4559 1806 9343 2156 3656 7207 3978 8165 8737 1680 3574 3076 6824 5272 2312 2047 4758 2816 
29
5218 8753 1936 7421 6319 827 1264 5975 9212 5075 1456 9721 4559 1806 9343 2156 3656 7207 3978 8165 8737 1680 3574 3076 6824 5272 2312 2047 8986 
False
False
5218 8753 1936 7421 6319 827 1264 5975 9212 5075 1456 9721 4559 1806 9343 2156 3656 7207 3978 8165 8737 1680 3574 3076 6824 5272 2312 2047 
5218 8753 1936 7421 6319 827 1264 5975 9212 5075 1456 9721 4559 1806 9343 2156 3656 7207 3978 8165 8737 1680 3574 3076 6824 5272 2312 2047 2873 
29
False
34
False
False
False
33
31
False
5218 8753 1936 7421 6319 827 1264 5975 9212 5075 1456 9721 4559 1806 9343 2156 3656 7207 3978 8165 8737 1680 3574 3076 6824 5272 2312 2047 2873 6831 
5218 8753 1936 7421 6319 827 1264 5975 9212 5075 1456 9721 4559 1806 9343 2156 3656 7207 3978 8165 8737 1680 3574 3076 6824 5272 2312 2047 2873 6831 
False
False
False
False
False
False
31
5218 8753 1936 7421 6319 827 1264 5975 9212 5075 1456 9721 4559 1806 9343 2156 3656 7207 3978 8165 8737 1680 3574 3076 6824 5272 2312 2047 2873 9946 8978 5485 
False
5218 8753 1936 7421 6319 827 1264 5975 9212 5075 1456 9721 4559 1806 9343 2156 3656 7207 3978 8165 8737 1680 3574 3076 6824 5272 2312 2047 2873 9946 8978 
False
30
5218 8753 1936 7421 6319 827 1264 5975 9212 5075 1456 9721 4559 1806 9343 2156 3656 7207 3978 8165 8737 1680 3574 3076 6824 5272 2312 2047 2873 
5218 8753 1936 7421 6319 827 1264 5975 9212 5075 1456 9721 4559 1806 9343 2156 3656 7207 3978 8165 8737 1680 3574 3076 6824 5272 2312 2047 2873 9081 1591 3554 7350 3989 
5218 8753 1936 7421 6319 827 1264 5975 9212 5075 1456 9721 4559 1806 9343 2156 3656 7207 3978 8165 8737 1680 3574 3076 6824 5272 2312 2047 2873 9081 1591 3554 7350 3989 
5218 8753 1936 7421 6319 827 1264 5975 9212 5075 1456 9721 4559 1806 9343 2156 3656 7207 3978 8165 8737 1680 3574 3076 6824 5272 2312 2047 2873 9081 1591 3554 7350 4826 9817 
False
False
35
False
False
False
False
5218 8753 1936 7421 6319 827 1264 5975 9212 5075 1456 9721 4559 1806 9343 2156 3656 7207 3978 8165 8737 1680 3574 3076 6824 5272 2312 2047 2873 9081 1591 3554 7350 4826 6439 6414 206 1909 2319 3309 
5218 8753 1936 7421 6319 827 1264 5975 9212 5075 1456 9721 4559 1806 9343 2156 3656 7207 3978 8165 8737 1680 3574 3076 6824 5272 2312 2047 2873 9081 1591 3554 7350 4826 6439 6414 206 1909 2319 3309 
False
False
False
41
False
False
5218 8753 1936 7421 6319 827 1264 5975 9212 5075 1456 9721 4559 1806 9343 2156 3656 7207 3978 8165 8737 1680 3574 3076 6824 5272 2312 2047 2873 9081 1591 3554 7350 4826 6439 6414 206 1909 2319 3857 283 4549 6234 1567 
False
46
5218 8753 1936 7421 6319 827 1264 5975 9212 5075 1456 9721 4559 1806 9343 2156 3656 7207 3978 8165 8737 1680 3574 3076 6824 5272 2312 2047 2873 9081 1591 3554 7350 4826 6439 6414 206 1909 2319 3857 283 4549 6234 1567 9911 
False
False
5218 8753 1936 7421 6319 827 1264 5975 9212 5075 1456 9721 4559 1806 9343 2156 3656 7207 3978 8165 8737 1680 3574 3076 6824 5272 2312 2047 2873 9081 1591 3554 7350 4826 6439 6414 206 1909 2319 3857 283 4549 6234 1567 9911 1511 
False
False
False
False
False
False
5218 8753 1936 7421 6319 827 1264 5975 9212 5075 1456 9721 4559 1806 9343 2156 3656 7207 3978 8165 8737 1680 3574 3076 6824 5272 2312 2047 2873 9081 1591 3554 7350 4826 6439 6414 206 1909 2319 3857 283 4549 8529 8161 489 3868 4756 356 
5218 8753 1936 7421 6319 827 1264 5975 9212 5075 1456 9721 4559 1806 9343 2156 3656 7207 3978 8165 8737 1680 3574 3076 6824 5272 2312 2047 2873 9081 1591 3554 7350 4826 6439 6414 206 1909 2319 3857 283 4549 8529 8161 489 3868 4756 
False
False
False
False
False
False
44
46
46
43
False
False
44
False
5218 8753 1936 7421 6319 827 1264 5975 9212 5075 1456 9721 4559 1806 9343 2156 3656 7207 3978 8165 8737 1680 3574 3076 6824 5272 2312 2047 2873 9081 1591 3554 7350 4826 6439 6414 206 1909 2319 3857 283 5842 
False
False
False
5218 8753 1936 7421 6319 827 1264 5975 9212 5075 1456 9721 4559 1806 9343 2156 3656 7207 3978 8165 8737 1680 3574 3076 6824 5272 2312 2047 2873 9081 1591 3554 7350 4826 6439 6414 206 1909 2319 3857 283 6531 
41
41
38
False
37
5218 8753 1936 7421 6319 827 1264 5975 9212 5075 1456 9721 4559 1806 9343 2156 3656 7207 3978 8165 8737 1680 3574 3076 6824 5272 2312 2047 2873 9081 1591 3554 7350 4826 6439 6414 206 
5218 8753 1936 7421 6319 827 1264 5975 9212 5075 1456 9721 4559 1806 9343 2156 3656 7207 3978 8165 8737 1680 3574 3076 6824 5272 2312 2047 2873 9081 1591 3554 7350 
30
5218 8753 1936 7421 6319 827 1264 5975 9212 5075 1456 9721 4559 1806 9343 2156 3656 7207 3978 8165 8737 1680 3574 3076 6824 5272 2312 2047 2873 
False
False
False
False
27
False
27
False
26
False
False
31
25
24
22
False
16
False
False
False
5218 8753 1936 7421 6319 827 1264 5975 9212 5075 1456 9721 4559 1806 9343 2156 2400 4796 2249 
False
False
False
5218 8753 1936 7421 6319 827 1264 5975 9212 5075 1456 9721 4559 1806 9343 2156 2400 4796 
20
5218 8753 1936 7421 6319 827 1264 5975 9212 5075 1456 9721 4559 1806 9343 2156 2400 4796 4629 5846 
False
False
False
False
False
False
False
False
False
False
False
False
15
False
14
False
False
False
False
False
False
False
11
False
5218 8753 1936 7421 6319 827 1264 5975 9212 3513 
False
12
5218 8753 1936 7421 6319 827 1264 5975 9212 997 6635 2675 8969 
5218 8753 1936 7421 6319 827 1264 5975 9212 997 6635 2675 8969 
5218 8753 1936 7421 6319 827 1264 5975 9212 997 6635 2675 8969 6020 
False
False
False
5218 8753 1936 7421 6319 827 1264 5975 9212 997 6635 2675 8969 6020 3880 
5218 8753 1936 7421 6319 827 1264 5975 9212 997 6635 2675 8969 6020 3880 
5218 8753 1936 7421 6319 827 1264 5975 9212 997 6635 2675 8969 6020 
13
5218 8753 1936 7421 6319 827 1264 5975 9212 997 6635 2675 8969 
5218 8753 1936 7421 6319 827 1264 5975 9212 997 6635 2675 8969 
5218 8753 1936 7421 6319 827 1264 5975 9212 997 6635 2675 
False
False
5218 8753 1936 7421 6319 827 1264 5975 9212 1831 
False
False
12
5218 8753 1936 7421 6319 827 1264 5975 9212 1831 2607 4723 
5218 8753 1936 7421 6319 827 1264 5975 9212 1831 2607 1502 
False
5218 8753 1936 7421 6319 827 1264 5975 9212 1831 
False
False
5218 8753 1936 7421 6319 827 1264 5975 9212 
False
5218 8753 1936 7421 6319 827 
5218 8753 1936 7421 6319 827 628 
8
5218 8753 1936 7421 6319 827 628 4883 4365 
9
9
False
False
False
5218 8753 1936 7421 6319 827 628 4883 
5218 8753 1936 7421 6319 827 628 4883 
5218 8753 1936 7421 6319 827 628 4883 
False
False
5
False
5218 8753 1936 7421 4021 7737 
5218 8753 1936 7421 4021 7737 9243 
5218 8753 1936 7421 4021 7737 9243 
False
False
False
2
1
False
False
False
5218 4853 1180 8483 
False
False
False
4
5218 4853 1180 8483 
5218 4853 1180 8483 
5218 4853 1180 8483 
5218 4853 1180 5873 
