True


False
False
False
False
False
7
5
False
8151 
8594 
False
False
False
8594 8103 8820 
False
8594 8103 8820 7123 
8594 8103 8820 7123 6798 
False
False
6
False
False
False
False
7
False
9
8
7
False
False
False
False
False
False
9
False
11
12
12
False
False
False
False
14
14
False
14
False
False
False
8594 8103 8820 7123 1795 675 6023 8383 3444 1329 3546 1305 4519 3518 8416 7382 
False
False
8594 8103 8820 7123 1795 675 6023 8383 3444 1329 3546 1305 4519 3518 8416 7382 3791 
False
False
17
8594 8103 8820 7123 1795 675 6023 8383 3444 1329 3546 1305 4519 3518 8416 7382 3791 
False
17
False
False
False
17
False
17
False
8594 8103 8820 7123 1795 675 6023 8383 3444 1329 3546 1305 4519 3518 8416 7382 8274 
18
False
False
False
8594 8103 8820 7123 1795 675 6023 8383 3444 1329 3546 1305 4519 3518 8416 7382 8274 6291 
19
8594 8103 8820 7123 1795 675 6023 8383 3444 1329 3546 1305 4519 3518 8416 7382 8274 6291 6002 
False
8594 8103 8820 7123 1795 675 6023 8383 3444 1329 3546 1305 4519 3518 8416 7382 2110 
False
19
False
24
False
8594 8103 8820 7123 1795 675 6023 8383 3444 1329 3546 1305 4519 3518 8416 7382 2110 7948 3816 5392 2505 6820 163 
False
8594 8103 8820 7123 1795 675 6023 8383 3444 1329 3546 1305 4519 3518 8416 7382 2110 7948 3816 5392 2505 6820 
False
False
8594 8103 8820 7123 1795 675 6023 8383 3444 1329 3546 1305 4519 3518 8416 7382 2110 7948 3816 5392 
22
False
False
False
False
22
22
8594 8103 8820 7123 1795 675 6023 8383 3444 1329 3546 1305 4519 3518 8416 7382 2110 7948 3816 5392 2113 4218 
False
False
False
False
False
22
8594 8103 8820 7123 1795 675 6023 8383 3444 1329 3546 1305 4519 3518 8416 7382 2110 7948 3816 5392 2113 3846 
False
18
18
8594 8103 8820 7123 1795 675 6023 8383 3444 1329 3546 1305 4519 3518 8416 7382 1915 
False
False
False
19
False
False
False
False
False
False
19
18
False
8594 8103 8820 7123 1795 675 6023 8383 3444 1329 3546 1305 4519 3518 8416 7382 
8594 8103 8820 7123 1795 675 6023 8383 3444 1329 3546 1305 4519 3518 8416 7382 7876 
False
False
False
8594 8103 8820 7123 1795 675 6023 8383 3444 1329 3546 1305 4519 3518 8416 5643 
8594 8103 8820 7123 1795 675 6023 8383 3444 1329 3546 1305 4519 3518 
8594 8103 8820 7123 1795 675 6023 8383 3444 1329 3546 1305 4519 2740 3225 
15
False
17
8594 8103 8820 7123 1795 675 6023 8383 3444 1329 3546 1305 4519 2740 3225 1185 
16
15
False
8594 8103 8820 7123 1795 675 6023 8383 3444 1329 3546 1305 4519 2740 7187 3281 
False
False
16
False
8594 8103 8820 7123 1795 675 6023 8383 3444 1329 3546 1305 4519 2740 7187 3281 
15
8594 8103 8820 7123 1795 675 6023 8383 3444 1329 3546 1305 4519 
False
8594 8103 8820 7123 1795 675 6023 8383 3444 1329 3546 1305 4519 5332 
8594 8103 8820 7123 1795 675 6023 8383 3444 1329 3546 1305 4519 5332 
15
False
15
False
8594 8103 8820 7123 1795 675 6023 8383 3444 1329 3546 1305 4519 2551 
False
False
8594 8103 8820 7123 1795 675 6023 8383 3444 1329 3546 1305 4519 2551 1268 
8594 8103 8820 7123 1795 675 6023 8383 3444 1329 3546 1305 4519 2551 1268 9483 
8594 8103 8820 7123 1795 675 6023 8383 3444 1329 3546 1305 4519 2551 1268 
16
8594 8103 8820 7123 1795 675 6023 8383 3444 1329 3546 1305 4519 2551 1268 8880 
8594 8103 8820 7123 1795 675 6023 8383 3444 1329 3546 1305 4519 2551 1268 8880 
False
16
False
False
8594 8103 8820 7123 1795 675 6023 8383 3444 1329 3546 1305 4519 2551 1268 1284 83 6708 
8594 8103 8820 7123 1795 675 6023 8383 3444 1329 3546 1305 4519 2551 1268 2992 3212 
False
False
8594 8103 8820 7123 1795 675 6023 8383 3444 1329 3546 1305 4519 2551 1268 2992 2523 6478 155 1357 
False
8594 8103 8820 7123 1795 675 6023 8383 3444 1329 3546 1305 4519 2551 1268 2992 2523 6478 155 1357 3581 6265 4633 
False
False
8594 8103 8820 7123 1795 675 6023 8383 3444 1329 3546 1305 4519 2551 1268 2992 2523 6478 155 1357 3581 
False
8594 8103 8820 7123 1795 675 6023 8383 3444 1329 3546 1305 4519 2551 1268 2992 2523 6478 155 1357 3581 
False
False
False
False
False
19
False
False
False
False
False
8594 8103 8820 7123 1795 675 6023 8383 3444 1329 3546 1305 4519 2551 1268 2992 2523 6478 155 4384 1150 
8594 8103 8820 7123 1795 675 6023 8383 3444 1329 3546 1305 4519 2551 1268 2992 2523 6478 155 4384 1150 
8594 8103 8820 7123 1795 675 6023 8383 3444 1329 3546 1305 4519 2551 1268 2992 2523 6478 155 4384 1150 
19
8594 8103 8820 7123 1795 675 6023 8383 3444 1329 3546 1305 4519 2551 1268 2992 2523 6478 155 
False
18
8594 8103 8820 7123 1795 675 6023 8383 3444 1329 3546 1305 4519 2551 1268 2992 2523 6478 9698 
False
8594 8103 8820 7123 1795 675 6023 8383 3444 1329 3546 1305 4519 2551 1268 2503 
8594 8103 8820 7123 1795 675 6023 8383 3444 1329 3546 1305 4519 2551 1268 
14
8594 8103 8820 7123 1795 675 6023 8383 3444 1329 3546 1305 4519 2551 9443 429 827 4530 
False
8594 8103 8820 7123 1795 675 6023 8383 3444 1329 3546 1305 4519 2551 9443 429 8806 5945 6768 
8594 8103 8820 7123 1795 675 6023 8383 3444 1329 3546 1305 4519 2551 9443 429 8806 5945 6768 5547 
19
18
False
False
False
13
False
8594 8103 8820 7123 1795 675 6023 8383 3444 1329 3546 1305 4519 9120 
False
12
False
8594 8103 8820 7123 1795 675 6023 8383 3444 1329 3546 1305 
False
8594 8103 8820 7123 1795 675 6023 8383 3444 1329 3546 1305 
12
12
12
False
False
13
False
8594 8103 8820 7123 1795 675 6023 8383 3444 1329 3546 8222 8903 4656 3860 
8594 8103 8820 7123 1795 675 6023 8383 3444 1329 3546 8222 8903 4656 3860 
8594 8103 8820 7123 1795 675 6023 8383 3444 1329 3546 8222 8903 4656 3860 
8594 8103 8820 7123 1795 675 6023 8383 3444 1329 3546 8222 8903 4656 3860 9679 
16
False
8594 8103 8820 7123 1795 675 6023 8383 3444 1329 3546 8222 8903 4656 3860 9679 4323 
False
False
8594 8103 8820 7123 1795 675 6023 8383 3444 1329 3546 8222 8903 4656 3860 784 4614 7987 6141 
False
False
False
22
23
8594 8103 8820 7123 1795 675 6023 8383 3444 1329 3546 8222 8903 4656 3860 784 4614 7987 6140 9841 7833 1498 1223 2196 3207 3582 
False
25
False
27
False
8594 8103 8820 7123 1795 675 6023 8383 3444 1329 3546 8222 8903 4656 3860 784 4614 7987 6140 9841 7833 1498 1223 2196 
False
False
False
False
26
False
8594 8103 8820 7123 1795 675 6023 8383 3444 1329 3546 8222 8903 4656 3860 784 4614 7987 6140 9841 7833 1498 1223 2196 5831 6042 5743 
29
False
False
False
False
31
False
32
32
False
False
8594 8103 8820 7123 1795 675 6023 8383 3444 1329 3546 8222 8903 4656 3860 784 4614 7987 6140 9841 7833 1498 1223 2196 5831 6042 5743 4299 716 8449 626 2607 3861 1470 485 
False
36
False
8594 8103 8820 7123 1795 675 6023 8383 3444 1329 3546 8222 8903 4656 3860 784 4614 7987 6140 9841 7833 1498 1223 2196 5831 6042 5743 4299 716 8449 626 2607 3861 1470 485 9031 5650 9280 180 2245 
False
False
False
37
36
False
False
False
8594 8103 8820 7123 1795 675 6023 8383 3444 1329 3546 8222 8903 4656 3860 784 4614 7987 6140 9841 7833 1498 1223 2196 5831 6042 5743 4299 716 8449 626 2607 3861 1470 485 9031 356 4814 254 
False
38
False
39
False
8594 8103 8820 7123 1795 675 6023 8383 3444 1329 3546 8222 8903 4656 3860 784 4614 7987 6140 9841 7833 1498 1223 2196 5831 6042 5743 4299 716 8449 626 2607 3861 1470 485 9031 356 4814 413 8306 
False
8594 8103 8820 7123 1795 675 6023 8383 3444 1329 3546 8222 8903 4656 3860 784 4614 7987 6140 9841 7833 1498 1223 2196 5831 6042 5743 4299 716 8449 626 2607 3861 1470 485 7492 
False
8594 8103 8820 7123 1795 675 6023 8383 3444 1329 3546 8222 8903 4656 3860 784 4614 7987 6140 9841 7833 1498 1223 2196 5831 6042 5743 4299 716 8449 626 2607 3861 1470 485 7492 
False
False
35
8594 8103 8820 7123 1795 675 6023 8383 3444 1329 3546 8222 8903 4656 3860 784 4614 7987 6140 9841 7833 1498 1223 2196 5831 6042 5743 4299 716 8449 626 2607 3861 1470 485 
False
False
False
False
37
False
False
36
False
35
8594 8103 8820 7123 1795 675 6023 8383 3444 1329 3546 8222 8903 4656 3860 784 4614 7987 6140 9841 7833 1498 1223 2196 5831 6042 5743 4299 716 8449 626 2607 3861 8809 2872 
False
34
35
False
False
False
34
False
34
False
34
False
False
False
False
33
False
False
False
False
38
False
False
37
38
37
False
8594 8103 8820 7123 1795 675 6023 8383 3444 1329 3546 8222 8903 4656 3860 784 4614 7987 6140 9841 7833 1498 1223 2196 5831 6042 5743 4299 716 8449 626 2607 3861 7992 8373 1356 8334 4731 5991 2739 1041 
8594 8103 8820 7123 1795 675 6023 8383 3444 1329 3546 8222 8903 4656 3860 784 4614 7987 6140 9841 7833 1498 1223 2196 5831 6042 5743 4299 716 8449 626 2607 3861 7992 8373 1356 8334 4731 5991 2739 
False
False
8594 8103 8820 7123 1795 675 6023 8383 3444 1329 3546 8222 8903 4656 3860 784 4614 7987 6140 9841 7833 1498 1223 2196 5831 6042 5743 4299 716 8449 626 2607 3861 7992 8373 1356 8334 4731 5991 2739 8589 7505 
False
False
8594 8103 8820 7123 1795 675 6023 8383 3444 1329 3546 8222 8903 4656 3860 784 4614 7987 6140 9841 7833 1498 1223 2196 5831 6042 5743 4299 716 8449 626 2607 3861 7992 8373 1356 8334 4731 5991 2739 8589 7505 8111 
False
8594 8103 8820 7123 1795 675 6023 8383 3444 1329 3546 8222 8903 4656 3860 784 4614 7987 6140 9841 7833 1498 1223 2196 5831 6042 5743 4299 716 8449 626 2607 3861 7992 8373 1356 8334 4731 5991 2739 8589 7505 8111 
43
44
43
8594 8103 8820 7123 1795 675 6023 8383 3444 1329 3546 8222 8903 4656 3860 784 4614 7987 6140 9841 7833 1498 1223 2196 5831 6042 5743 4299 716 8449 626 2607 3861 7992 8373 1356 8334 4731 5991 2739 8589 7505 7388 1991 
False
False
False
8594 8103 8820 7123 1795 675 6023 8383 3444 1329 3546 8222 8903 4656 3860 784 4614 7987 6140 9841 7833 1498 1223 2196 5831 6042 5743 4299 716 8449 626 2607 3861 7992 8373 1356 8334 4731 5991 2739 8589 6712 
False
False
False
False
False
8594 8103 8820 7123 1795 675 6023 8383 3444 1329 3546 8222 8903 4656 3860 784 4614 7987 6140 9841 7833 1498 1223 2196 5831 6042 5743 4299 716 8449 626 2607 3861 7992 8373 1356 8334 7945 
38
8594 8103 8820 7123 1795 675 6023 8383 3444 1329 3546 8222 8903 4656 3860 784 4614 7987 6140 9841 7833 1498 1223 2196 5831 6042 5743 4299 716 8449 626 2607 3861 7992 8373 1356 8334 7945 
False
False
False
False
8594 8103 8820 7123 1795 675 6023 8383 3444 1329 3546 8222 8903 4656 3860 784 4614 7987 6140 9841 7833 1498 1223 2196 5831 6042 5743 4299 716 8449 626 2607 3861 7992 8373 1356 8334 5019 
8594 8103 8820 7123 1795 675 6023 8383 3444 1329 3546 8222 8903 4656 3860 784 4614 7987 6140 9841 7833 1498 1223 2196 5831 6042 5743 4299 716 8449 626 2607 3861 7992 8373 1356 8334 
False
40
False
False
41
8594 8103 8820 7123 1795 675 6023 8383 3444 1329 3546 8222 8903 4656 3860 784 4614 7987 6140 9841 7833 1498 1223 2196 5831 6042 5743 4299 716 8449 626 2607 3861 7992 8373 1356 8334 1913 7112 7032 1551 3334 7502 2842 
False
False
False
False
False
False
False
False
41
False
41
41
False
42
8594 8103 8820 7123 1795 675 6023 8383 3444 1329 3546 8222 8903 4656 3860 784 4614 7987 6140 9841 7833 1498 1223 2196 5831 6042 5743 4299 716 8449 626 2607 3861 7992 8373 1356 8334 1913 7112 6846 7672 8203 1499 
False
False
False
False
45
8594 8103 8820 7123 1795 675 6023 8383 3444 1329 3546 8222 8903 4656 3860 784 4614 7987 6140 9841 7833 1498 1223 2196 5831 6042 5743 4299 716 8449 626 2607 3861 7992 8373 1356 8334 1913 7112 6846 7672 8203 1499 5209 
False
45
False
46
8594 8103 8820 7123 1795 675 6023 8383 3444 1329 3546 8222 8903 4656 3860 784 4614 7987 6140 9841 7833 1498 1223 2196 5831 6042 5743 4299 716 8449 626 2607 3861 7992 8373 1356 8334 1913 7112 6846 7672 8203 1499 5209 914 6495 
8594 8103 8820 7123 1795 675 6023 8383 3444 1329 3546 8222 8903 4656 3860 784 4614 7987 6140 9841 7833 1498 1223 2196 5831 6042 5743 4299 716 8449 626 2607 3861 7992 8373 1356 8334 1913 7112 6846 7672 8203 1499 5209 914 6495 
False
False
False
8594 8103 8820 7123 1795 675 6023 8383 3444 1329 3546 8222 8903 4656 3860 784 4614 7987 6140 9841 7833 1498 1223 2196 5831 6042 5743 4299 716 8449 626 2607 3861 7992 8373 1356 8334 1913 7112 6846 7672 8203 1499 2603 699 4722 3445 
8594 8103 8820 7123 1795 675 6023 8383 3444 1329 3546 8222 8903 4656 3860 784 4614 7987 6140 9841 7833 1498 1223 2196 5831 6042 5743 4299 716 8449 626 2607 3861 7992 8373 1356 8334 1913 7112 6846 7672 8203 1499 2603 699 4722 3445 9572 7867 
49
8594 8103 8820 7123 1795 675 6023 8383 3444 1329 3546 8222 8903 4656 3860 784 4614 7987 6140 9841 7833 1498 1223 2196 5831 6042 5743 4299 716 8449 626 2607 3861 7992 8373 1356 8334 1913 7112 6846 7672 8203 1499 2603 699 4722 3445 9572 7867 1627 
False
54
False
False
False
8594 8103 8820 7123 1795 675 6023 8383 3444 1329 3546 8222 8903 4656 3860 784 4614 7987 6140 9841 7833 1498 1223 2196 5831 6042 5743 4299 716 8449 626 2607 3861 7992 8373 1356 8334 1913 7112 6846 7672 8203 1499 2603 699 4722 3445 9572 7867 1627 9525 6664 1398 2716 3551 8867 
False
False
55
54
8594 8103 8820 7123 1795 675 6023 8383 3444 1329 3546 8222 8903 4656 3860 784 4614 7987 6140 9841 7833 1498 1223 2196 5831 6042 5743 4299 716 8449 626 2607 3861 7992 8373 1356 8334 1913 7112 6846 7672 8203 1499 2603 699 4722 3445 9572 7867 1627 9525 6664 1398 2716 
8594 8103 8820 7123 1795 675 6023 8383 3444 1329 3546 8222 8903 4656 3860 784 4614 7987 6140 9841 7833 1498 1223 2196 5831 6042 5743 4299 716 8449 626 2607 3861 7992 8373 1356 8334 1913 7112 6846 7672 8203 1499 2603 699 4722 3445 9572 7867 1627 9525 6664 1398 2716 
54
8594 8103 8820 7123 1795 675 6023 8383 3444 1329 3546 8222 8903 4656 3860 784 4614 7987 6140 9841 7833 1498 1223 2196 5831 6042 5743 4299 716 8449 626 2607 3861 7992 8373 1356 8334 1913 7112 6846 7672 8203 1499 2603 699 4722 3445 9572 7867 1627 9525 6664 1398 2716 1626 
False
8594 8103 8820 7123 1795 675 6023 8383 3444 1329 3546 8222 8903 4656 3860 784 4614 7987 6140 9841 7833 1498 1223 2196 5831 6042 5743 4299 716 8449 626 2607 3861 7992 8373 1356 8334 1913 7112 6846 7672 8203 1499 2603 699 4722 3445 9572 7867 1627 9525 6664 1398 2716 
8594 8103 8820 7123 1795 675 6023 8383 3444 1329 3546 8222 8903 4656 3860 784 4614 7987 6140 9841 7833 1498 1223 2196 5831 6042 5743 4299 716 8449 626 2607 3861 7992 8373 1356 8334 1913 7112 6846 7672 8203 1499 2603 699 4722 3445 9572 7867 1627 9525 6664 1398 2716 
54
False
False
False
False
False
8594 8103 8820 7123 1795 675 6023 8383 3444 1329 3546 8222 8903 4656 3860 784 4614 7987 6140 9841 7833 1498 1223 2196 5831 6042 5743 4299 716 8449 626 2607 3861 7992 8373 1356 8334 1913 7112 6846 7672 8203 1499 2603 699 4722 3445 9572 7867 1627 9525 6664 6056 946 3963 4214 6142 6388 
8594 8103 8820 7123 1795 675 6023 8383 3444 1329 3546 8222 8903 4656 3860 784 4614 7987 6140 9841 7833 1498 1223 2196 5831 6042 5743 4299 716 8449 626 2607 3861 7992 8373 1356 8334 1913 7112 6846 7672 8203 1499 2603 699 4722 3445 9572 7867 1627 9525 6664 6056 946 2605 8839 1992 
False
8594 8103 8820 7123 1795 675 6023 8383 3444 1329 3546 8222 8903 4656 3860 784 4614 7987 6140 9841 7833 1498 1223 2196 5831 6042 5743 4299 716 8449 626 2607 3861 7992 8373 1356 8334 1913 7112 6846 7672 8203 1499 2603 699 4722 3445 9572 7867 1627 9525 6664 6056 946 2605 8839 1992 
8594 8103 8820 7123 1795 675 6023 8383 3444 1329 3546 8222 8903 4656 3860 784 4614 7987 6140 9841 7833 1498 1223 2196 5831 6042 5743 4299 716 8449 626 2607 3861 7992 8373 1356 8334 1913 7112 6846 7672 8203 1499 2603 699 4722 3445 9572 7867 1627 9525 6664 6056 946 2605 8839 
8594 8103 8820 7123 1795 675 6023 8383 3444 1329 3546 8222 8903 4656 3860 784 4614 7987 6140 9841 7833 1498 1223 2196 5831 6042 5743 4299 716 8449 626 2607 3861 7992 8373 1356 8334 1913 7112 6846 7672 8203 1499 2603 699 4722 3445 9572 7867 1627 9525 6664 6056 946 2605 8839 
False
False
False
8594 8103 8820 7123 1795 675 6023 8383 3444 1329 3546 8222 8903 4656 3860 784 4614 7987 6140 9841 7833 1498 1223 2196 5831 6042 5743 4299 716 8449 626 2607 3861 7992 8373 1356 8334 1913 7112 6846 7672 8203 1499 2603 699 4722 3445 9572 7867 1627 9525 6664 6056 946 2605 4620 8162 
False
False
False
57
58
57
False
False
8594 8103 8820 7123 1795 675 6023 8383 3444 1329 3546 8222 8903 4656 3860 784 4614 7987 6140 9841 7833 1498 1223 2196 5831 6042 5743 4299 716 8449 626 2607 3861 7992 8373 1356 8334 1913 7112 6846 7672 8203 1499 2603 699 4722 3445 9572 7867 1627 9525 6664 6056 6353 
False
False
False
False
False
False
False
False
53
8594 8103 8820 7123 1795 675 6023 8383 3444 1329 3546 8222 8903 4656 3860 784 4614 7987 6140 9841 7833 1498 1223 2196 5831 6042 5743 4299 716 8449 626 2607 3861 7992 8373 1356 8334 1913 7112 6846 7672 8203 1499 2603 699 4722 3445 9572 7867 1627 9525 6664 5921 
False
False
54
False
False
8594 8103 8820 7123 1795 675 6023 8383 3444 1329 3546 8222 8903 4656 3860 784 4614 7987 6140 9841 7833 1498 1223 2196 5831 6042 5743 4299 716 8449 626 2607 3861 7992 8373 1356 8334 1913 7112 6846 7672 8203 1499 2603 699 4722 3445 9572 7867 1627 9525 6664 5921 8615 
54
False
False
55
False
57
False
53
8594 8103 8820 7123 1795 675 6023 8383 3444 1329 3546 8222 8903 4656 3860 784 4614 7987 6140 9841 7833 1498 1223 2196 5831 6042 5743 4299 716 8449 626 2607 3861 7992 8373 1356 8334 1913 7112 6846 7672 8203 1499 2603 699 4722 3445 9572 7867 1627 9525 6664 5921 
8594 8103 8820 7123 1795 675 6023 8383 3444 1329 3546 8222 8903 4656 3860 784 4614 7987 6140 9841 7833 1498 1223 2196 5831 6042 5743 4299 716 8449 626 2607 3861 7992 8373 1356 8334 1913 7112 6846 7672 8203 1499 2603 699 4722 3445 9572 7867 1627 9525 6664 5921 2945 
False
False
51
51
8594 8103 8820 7123 1795 675 6023 8383 3444 1329 3546 8222 8903 4656 3860 784 4614 7987 6140 9841 7833 1498 1223 2196 5831 6042 5743 4299 716 8449 626 2607 3861 7992 8373 1356 8334 1913 7112 6846 7672 8203 1499 2603 699 4722 3445 9572 7867 1627 7896 
51
51
50
8594 8103 8820 7123 1795 675 6023 8383 3444 1329 3546 8222 8903 4656 3860 784 4614 7987 6140 9841 7833 1498 1223 2196 5831 6042 5743 4299 716 8449 626 2607 3861 7992 8373 1356 8334 1913 7112 6846 7672 8203 1499 2603 699 4722 3445 9572 7867 1627 
False
8594 8103 8820 7123 1795 675 6023 8383 3444 1329 3546 8222 8903 4656 3860 784 4614 7987 6140 9841 7833 1498 1223 2196 5831 6042 5743 4299 716 8449 626 2607 3861 7992 8373 1356 8334 1913 7112 6846 7672 8203 1499 2603 699 4722 3445 9572 7867 1627 9639 8736 4193 
False
53
8594 8103 8820 7123 1795 675 6023 8383 3444 1329 3546 8222 8903 4656 3860 784 4614 7987 6140 9841 7833 1498 1223 2196 5831 6042 5743 4299 716 8449 626 2607 3861 7992 8373 1356 8334 1913 7112 6846 7672 8203 1499 2603 699 4722 3445 9572 7867 1627 9639 8736 4193 8587 9652 
False
False
52
8594 8103 8820 7123 1795 675 6023 8383 3444 1329 3546 8222 8903 4656 3860 784 4614 7987 6140 9841 7833 1498 1223 2196 5831 6042 5743 4299 716 8449 626 2607 3861 7992 8373 1356 8334 1913 7112 6846 7672 8203 1499 2603 699 4722 3445 9572 7867 1627 9639 
8594 8103 8820 7123 1795 675 6023 8383 3444 1329 3546 8222 8903 4656 3860 784 4614 7987 6140 9841 7833 1498 1223 2196 5831 6042 5743 4299 716 8449 626 2607 3861 7992 8373 1356 8334 1913 7112 6846 7672 8203 1499 2603 699 4722 3445 9572 7867 1627 
False
51
False
51
False
8594 8103 8820 7123 1795 675 6023 8383 3444 1329 3546 8222 8903 4656 3860 784 4614 7987 6140 9841 7833 1498 1223 2196 5831 6042 5743 4299 716 8449 626 2607 3861 7992 8373 1356 8334 1913 7112 6846 7672 8203 1499 2603 699 4722 3445 9572 7867 3231 
False
False
False
8594 8103 8820 7123 1795 675 6023 8383 3444 1329 3546 8222 8903 4656 3860 784 4614 7987 6140 9841 7833 1498 1223 2196 5831 6042 5743 4299 716 8449 626 2607 3861 7992 8373 1356 8334 1913 7112 6846 7672 8203 1499 2603 699 4722 3445 9572 7867 3231 1157 9351 9766 
False
8594 8103 8820 7123 1795 675 6023 8383 3444 1329 3546 8222 8903 4656 3860 784 4614 7987 6140 9841 7833 1498 1223 2196 5831 6042 5743 4299 716 8449 626 2607 3861 7992 8373 1356 8334 1913 7112 6846 7672 8203 1499 2603 699 4722 3445 9572 7867 3231 1157 
50
False
8594 8103 8820 7123 1795 675 6023 8383 3444 1329 3546 8222 8903 4656 3860 784 4614 7987 6140 9841 7833 1498 1223 2196 5831 6042 5743 4299 716 8449 626 2607 3861 7992 8373 1356 8334 1913 7112 6846 7672 8203 1499 2603 699 4722 3445 9572 7867 
50
False
False
8594 8103 8820 7123 1795 675 6023 8383 3444 1329 3546 8222 8903 4656 3860 784 4614 7987 6140 9841 7833 1498 1223 2196 5831 6042 5743 4299 716 8449 626 2607 3861 7992 8373 1356 8334 1913 7112 6846 7672 8203 1499 2603 699 4722 
False
False
46
False
False
False
44
False
44
False
False
False
False
False
47
False
False
False
False
50
8594 8103 8820 7123 1795 675 6023 8383 3444 1329 3546 8222 8903 4656 3860 784 4614 7987 6140 9841 7833 1498 1223 2196 5831 6042 5743 4299 716 8449 626 2607 3861 7992 8373 1356 8334 1913 7112 6846 7672 8203 1499 2603 8434 8058 9119 7545 1619 8040 
False
False
False
False
False
8594 8103 8820 7123 1795 675 6023 8383 3444 1329 3546 8222 8903 4656 3860 784 4614 7987 6140 9841 7833 1498 1223 2196 5831 6042 5743 4299 716 8449 626 2607 3861 7992 8373 1356 8334 1913 7112 6846 7672 8203 1499 2603 8434 8058 9119 7545 1619 8040 8981 8893 3142 
False
53
False
8594 8103 8820 7123 1795 675 6023 8383 3444 1329 3546 8222 8903 4656 3860 784 4614 7987 6140 9841 7833 1498 1223 2196 5831 6042 5743 4299 716 8449 626 2607 3861 7992 8373 1356 8334 1913 7112 6846 7672 8203 1499 2603 8434 8058 9119 7545 1619 8040 8981 8893 3142 
53
False
52
8594 8103 8820 7123 1795 675 6023 8383 3444 1329 3546 8222 8903 4656 3860 784 4614 7987 6140 9841 7833 1498 1223 2196 5831 6042 5743 4299 716 8449 626 2607 3861 7992 8373 1356 8334 1913 7112 6846 7672 8203 1499 2603 8434 8058 9119 7545 1619 8040 8981 8893 
52
53
53
51
51
False
False
False
False
50
8594 8103 8820 7123 1795 675 6023 8383 3444 1329 3546 8222 8903 4656 3860 784 4614 7987 6140 9841 7833 1498 1223 2196 5831 6042 5743 4299 716 8449 626 2607 3861 7992 8373 1356 8334 1913 7112 6846 7672 8203 1499 2603 8434 8058 9119 7545 
False
False
False
47
False
47
False
8594 8103 8820 7123 1795 675 6023 8383 3444 1329 3546 8222 8903 4656 3860 784 4614 7987 6140 9841 7833 1498 1223 2196 5831 6042 5743 4299 716 8449 626 2607 3861 7992 8373 1356 8334 1913 7112 6846 7672 8203 1499 2603 8434 7322 6167 
False
False
8594 8103 8820 7123 1795 675 6023 8383 3444 1329 3546 8222 8903 4656 3860 784 4614 7987 6140 9841 7833 1498 1223 2196 5831 6042 5743 4299 716 8449 626 2607 3861 7992 8373 1356 8334 1913 7112 6846 7672 8203 1499 2603 8434 7322 6167 
46
8594 8103 8820 7123 1795 675 6023 8383 3444 1329 3546 8222 8903 4656 3860 784 4614 7987 6140 9841 7833 1498 1223 2196 5831 6042 5743 4299 716 8449 626 2607 3861 7992 8373 1356 8334 1913 7112 6846 7672 8203 
False
8594 8103 8820 7123 1795 675 6023 8383 3444 1329 3546 8222 8903 4656 3860 784 4614 7987 6140 9841 7833 1498 1223 2196 5831 6042 5743 4299 716 8449 626 2607 3861 7992 8373 1356 8334 1913 7112 6846 7672 8203 
False
42
42
False
8594 8103 8820 7123 1795 675 6023 8383 3444 1329 3546 8222 8903 4656 3860 784 4614 7987 6140 9841 7833 1498 1223 2196 5831 6042 5743 4299 716 8449 626 2607 3861 7992 8373 1356 8334 1913 7112 6846 7672 
False
42
41
False
8594 8103 8820 7123 1795 675 6023 8383 3444 1329 3546 8222 8903 4656 3860 784 4614 7987 6140 9841 7833 1498 1223 2196 5831 6042 5743 4299 716 8449 626 2607 3861 7992 8373 1356 8334 1913 7112 6846 7672 
8594 8103 8820 7123 1795 675 6023 8383 3444 1329 3546 8222 8903 4656 3860 784 4614 7987 6140 9841 7833 1498 1223 2196 5831 6042 5743 4299 716 8449 626 2607 3861 7992 8373 1356 8334 1913 7112 6846 7672 
8594 8103 8820 7123 1795 675 6023 8383 3444 1329 3546 8222 8903 4656 3860 784 4614 7987 6140 9841 7833 1498 1223 2196 5831 6042 5743 4299 716 8449 626 2607 3861 7992 8373 1356 8334 1913 7112 6846 7672 1308 
8594 8103 8820 7123 1795 675 6023 8383 3444 1329 3546 8222 8903 4656 3860 784 4614 7987 6140 9841 7833 1498 1223 2196 5831 6042 5743 4299 716 8449 626 2607 3861 7992 8373 1356 8334 1913 7112 6846 7672 1308 
False
False
False
False
False
46
46
False
False
False
False
False
False
44
44
False
False
False
False
False
46
False
False
8594 8103 8820 7123 1795 675 6023 8383 3444 1329 3546 8222 8903 4656 3860 784 4614 7987 6140 9841 7833 1498 1223 2196 5831 6042 5743 4299 716 8449 626 2607 3861 7992 8373 1356 8334 1913 7112 6846 7672 1031 8613 
False
43
False
False
42
False
8594 8103 8820 7123 1795 675 6023 8383 3444 1329 3546 8222 8903 4656 3860 784 4614 7987 6140 9841 7833 1498 1223 2196 5831 6042 5743 4299 716 8449 626 2607 3861 7992 8373 1356 8334 1913 7112 6846 7672 1031 
42
False
42
False
8594 8103 8820 7123 1795 675 6023 8383 3444 1329 3546 8222 8903 4656 3860 784 4614 7987 6140 9841 7833 1498 1223 2196 5831 6042 5743 4299 716 8449 626 2607 3861 7992 8373 1356 8334 1913 7112 6846 
False
False
8594 8103 8820 7123 1795 675 6023 8383 3444 1329 3546 8222 8903 4656 3860 784 4614 7987 6140 9841 7833 1498 1223 2196 5831 6042 5743 4299 716 8449 626 2607 3861 7992 8373 1356 8334 1913 7112 6846 7567 7771 2058 8652 3564 2612 7929 
44
False
43
False
41
False
38
False
8594 8103 8820 7123 1795 675 6023 8383 3444 1329 3546 8222 8903 4656 3860 784 4614 7987 6140 9841 7833 1498 1223 2196 5831 6042 5743 4299 716 8449 626 2607 3861 7992 8373 1356 8334 1913 
38
8594 8103 8820 7123 1795 675 6023 8383 3444 1329 3546 8222 8903 4656 3860 784 4614 7987 6140 9841 7833 1498 1223 2196 5831 6042 5743 4299 716 8449 626 2607 3861 7992 8373 1356 8334 1913 4379 5353 
False
False
8594 8103 8820 7123 1795 675 6023 8383 3444 1329 3546 8222 8903 4656 3860 784 4614 7987 6140 9841 7833 1498 1223 2196 5831 6042 5743 4299 716 8449 626 2607 3861 7992 8373 
35
False
False
False
32
32
8594 8103 8820 7123 1795 675 6023 8383 3444 1329 3546 8222 8903 4656 3860 784 4614 7987 6140 9841 7833 1498 1223 2196 5831 6042 5743 4299 716 8449 626 2607 
33
8594 8103 8820 7123 1795 675 6023 8383 3444 1329 3546 8222 8903 4656 3860 784 4614 7987 6140 9841 7833 1498 1223 2196 5831 6042 5743 4299 716 8449 626 
8594 8103 8820 7123 1795 675 6023 8383 3444 1329 3546 8222 8903 4656 3860 784 4614 7987 6140 9841 7833 1498 1223 2196 5831 6042 5743 4299 716 8449 626 
False
32
8594 8103 8820 7123 1795 675 6023 8383 3444 1329 3546 8222 8903 4656 3860 784 4614 7987 6140 9841 7833 1498 1223 2196 5831 6042 5743 4299 716 8449 626 4469 
8594 8103 8820 7123 1795 675 6023 8383 3444 1329 3546 8222 8903 4656 3860 784 4614 7987 6140 9841 7833 1498 1223 2196 5831 6042 5743 4299 716 8449 626 4469 
32
8594 8103 8820 7123 1795 675 6023 8383 3444 1329 3546 8222 8903 4656 3860 784 4614 7987 6140 9841 7833 1498 1223 2196 5831 6042 5743 4299 716 
False
False
8594 8103 8820 7123 1795 675 6023 8383 3444 1329 3546 8222 8903 4656 3860 784 4614 7987 6140 9841 7833 1498 1223 2196 5831 6042 5743 685 
28
28
8594 8103 8820 7123 1795 675 6023 8383 3444 1329 3546 8222 8903 4656 3860 784 4614 7987 6140 9841 7833 1498 1223 2196 5831 6042 5743 612 
False
8594 8103 8820 7123 1795 675 6023 8383 3444 1329 3546 8222 8903 4656 3860 784 4614 7987 6140 9841 7833 1498 1223 2196 5831 6042 5743 
8594 8103 8820 7123 1795 675 6023 8383 3444 1329 3546 8222 8903 4656 3860 784 4614 7987 6140 9841 7833 1498 1223 2196 5831 
8594 8103 8820 7123 1795 675 6023 8383 3444 1329 3546 8222 8903 4656 3860 784 4614 7987 6140 9841 7833 1498 
False
False
24
8594 8103 8820 7123 1795 675 6023 8383 3444 1329 3546 8222 8903 4656 3860 784 4614 7987 6140 9841 7833 1498 4968 2562 
False
24
False
False
False
False
False
False
23
8594 8103 8820 7123 1795 675 6023 8383 3444 1329 3546 8222 8903 4656 3860 784 4614 7987 6140 9841 7833 1498 706 
23
False
False
False
8594 8103 8820 7123 1795 675 6023 8383 3444 1329 3546 8222 8903 4656 3860 784 4614 7987 6140 9841 7833 1498 1145 8148 4653 
8594 8103 8820 7123 1795 675 6023 8383 3444 1329 3546 8222 8903 4656 3860 784 4614 7987 6140 9841 7833 1498 1145 8148 4653 
25
25
False
False
8594 8103 8820 7123 1795 675 6023 8383 3444 1329 3546 8222 8903 4656 3860 784 4614 7987 6140 9841 7833 1498 1145 8148 
24
25
False
23
False
False
22
False
21
False
8594 8103 8820 7123 1795 675 6023 8383 3444 1329 3546 8222 8903 4656 3860 784 4614 7987 6140 8575 9328 
False
False
False
8594 8103 8820 7123 1795 675 6023 8383 3444 1329 3546 8222 8903 4656 3860 784 4614 7987 6140 2225 3745 
False
8594 8103 8820 7123 1795 675 6023 8383 3444 1329 3546 8222 8903 4656 3860 784 4614 
False
False
18
18
False
17
18
8594 8103 8820 7123 1795 675 6023 8383 3444 1329 3546 8222 8903 4656 3860 784 1291 
8594 8103 8820 7123 1795 675 6023 8383 3444 1329 3546 8222 8903 4656 3860 784 1291 
False
False
False
False
False
8594 8103 8820 7123 1795 675 6023 8383 3444 1329 3546 8222 8903 4656 3860 784 1291 8702 3573 2563 
False
False
False
19
False
19
False
False
False
18
False
False
False
14
8594 8103 8820 7123 1795 675 6023 8383 3444 1329 3546 8222 8903 
13
False
8594 8103 8820 7123 1795 675 
6
7
9
False
8
8
False
False
8594 8103 8820 7123 1795 675 6654 
False
8594 8103 8820 7123 1795 675 6654 7183 5684 
False
False
False
False
False
False
8594 8103 8820 7123 1795 675 6654 7183 5825 8960 
8594 8103 8820 7123 1795 675 6654 7183 5825 8960 1533 337 
False
8594 8103 8820 7123 1795 675 6654 7183 5825 8960 
8594 8103 8820 7123 1795 675 6654 7183 5825 8960 8736 
False
False
8594 8103 8820 7123 1795 675 6654 7183 5825 8960 1806 
False
False
False
False
False
False
False
17
8594 8103 8820 7123 1795 675 6654 7183 5825 8960 1806 7713 838 6746 8463 6759 2861 
15
False
8594 8103 8820 7123 1795 675 6654 7183 5825 8960 1806 7713 838 6746 8463 9836 5091 
20
8594 8103 8820 7123 1795 675 6654 7183 5825 8960 1806 7713 838 6746 8463 9836 5091 8486 135 5884 4484 
False
False
False
21
False
8594 8103 8820 7123 1795 675 6654 7183 5825 8960 1806 7713 838 6746 8463 9836 5091 8486 
8594 8103 8820 7123 1795 675 6654 7183 5825 8960 1806 7713 838 6746 8463 9836 5091 8486 7394 4856 
8594 8103 8820 7123 1795 675 6654 7183 5825 8960 1806 7713 838 6746 8463 9836 5091 8486 7394 
8594 8103 8820 7123 1795 675 6654 7183 5825 8960 1806 7713 838 6746 8463 9836 5091 8486 
False
False
False
False
False
8594 8103 8820 7123 1795 675 6654 7183 5825 8960 1806 7713 838 6746 
False
14
False
False
8594 8103 8820 7123 1795 675 6654 7183 5825 8960 1806 7713 838 
8594 8103 8820 7123 1795 675 6654 7183 5825 8960 1806 7713 
8594 8103 8820 7123 1795 675 6654 7183 5825 8960 1806 7713 
False
8594 8103 8820 7123 1795 675 6654 7183 5825 8960 1806 4893 
False
8594 8103 8820 7123 1795 675 6654 7183 5825 8960 1806 2026 
False
8594 8103 8820 7123 1795 675 6654 7183 5825 8960 
10
10
False
False
9
False
False
False
False
Empty
True
False
Empty
True
False
Empty
Empty
2672 
False
2672 7978 9998 9491 
False
False
Empty
542 
542 
False
False
2
2
False
False
2
542 727 3562 
542 727 3562 
False
542 727 3562 7561 
False
542 727 9923 
False
False
False
5
542 727 9923 1960 2657 
False
False
10
542 727 9923 1960 2657 622 957 4263 6451 7443 
False
10
False
False
False
542 727 9923 1960 2657 622 957 4263 
542 727 9923 1960 2657 622 
False
False
False
False
False
False
542 727 9923 1779 6746 
False
542 727 9923 1779 
False
False
False
542 
False
Empty
Empty
False
False
Empty
False
False
False
False
False
Empty
False
5
4
False
7
57 8323 1469 188 6500 6027 
57 8323 1469 188 6500 6027 
False
False
False
False
57 8323 1469 188 6500 6969 
False
False
False
57 8323 743 
False
False
False
True
True
3908 
False
3
False
False
False
3908 4792 9135 4850 
False
False
5
False
3908 4792 9135 6641 9205 
False
3908 4792 9135 6641 9205 707 
False
6
5
False
False
False
4
4
False
2
False
8
7
6
False
8
11
10
False
3908 4792 8867 1306 8111 1809 3493 6621 4955 4666 
False
3908 4792 8867 1306 8111 1809 
False
False
False
3
3908 4792 8867 1049 
False
4
False
4
False
False
3908 4792 8867 1049 9326 
7
False
3908 4792 8867 1049 9326 6596 
3908 4792 8867 1049 9326 6596 
False
7
3908 4792 8867 1049 9326 6596 
False
False
False
False
False
6
6
5
False
False
6
5
3908 4792 8867 1049 
4
3908 4792 8867 1049 
3908 4792 8867 1049 6251 7229 
7
3908 4792 8867 1049 6251 7229 
6
5
3908 4792 8726 
False
False
Empty
0
Empty
Empty
Empty
6495 

Empty
Empty

Empty
Empty
False
True
Empty
True
False
0
0


Empty
False
Empty
True

8395 
Empty
Empty
False
7357 
Empty
True
False
True

Empty
False
True
False
False
False
False
9819 8569 3111 6592 8117 2191 
False
False
False
9819 8569 3111 6592 8117 2191 3030 4541 
6
False
False
False
8
8
9819 8569 3111 6592 8117 2191 3292 5035 
9819 8569 3111 6592 8117 2191 3292 5035 
False
9819 8569 3111 6592 8117 2191 3292 4674 9496 
False
9
9
False
False
False
False
9819 8569 3111 6592 8117 2191 3292 4674 6223 8017 
False
9819 8569 3111 6592 8117 2191 3292 4674 
False
9819 8569 3111 6592 8117 2191 3292 4674 8033 
False
9819 8569 3111 6592 8117 2191 3292 
False
False
6
6
9819 8569 3111 6592 8117 
False
False
False
7
9
9
False
False
9819 8569 3111 329 5352 6078 2748 8447 1277 5631 460 
False
9819 8569 3111 329 5352 6078 2748 8447 1277 5631 
9819 8569 3111 329 5352 6078 2748 8447 1277 5631 
9819 8569 3111 329 5352 6078 2748 8447 1277 5631 6291 2055 2517 
False
False
9819 8569 3111 329 5352 6078 2748 8447 1277 5631 6291 2055 4066 
13
12
False
15
False
False
False
False
False
False
False
False
9819 8569 3111 329 5352 6078 2748 8447 1277 5631 6291 9725 4361 9934 
15
False
False
13
9819 8569 3111 329 5352 6078 2748 8447 1277 5631 6291 9725 4361 
9
False
False
14
False
9819 8569 3111 329 5352 6078 2748 8447 1277 8341 8405 3770 
9819 8569 3111 329 5352 6078 2748 8447 1277 8341 8405 
False
False
False
9819 8569 3111 329 5352 6078 2748 8447 1277 8506 
10
10
9819 8569 3111 329 5352 6078 2748 8447 1277 8506 
False
9819 8569 3111 329 5352 6078 2748 8447 1277 4770 
False
9819 8569 3111 329 5352 6078 2748 5667 
9819 8569 3111 329 5352 6078 2748 5667 
False
9819 8569 3111 329 5352 6078 2748 5531 
7
9819 8569 3111 329 5352 7912 
False
9819 8569 3111 329 5352 8968 
False
1
Empty
Empty
False
False
False
False
471 7403 3322 8606 4300 2926 
False
False
6
False
False
False
3
3
False
2
471 4919 
471 4919 
False
471 4919 
471 4919 
False
1
True

2
False
5282 6650 6065 6351 4399 9988 66 6533 8512 
9
False
5282 6650 6065 6351 4399 9988 66 6533 
False
10
