8355 
False
4160 8144 9213 
False
4160 8144 9213 
4160 8144 9213 
False
False
False
4160 8144 3146 9619 
4
4160 8144 3146 9619 
4
False
4160 8144 3146 9619 7849 
4160 8144 3146 
2
False
False
4160 6474 
False
False
Empty
False
1
Empty
Empty
False
2392 
2392 
Empty
Empty
Empty
1
False
False
9
False
9
9966 3114 2190 6106 6259 4605 7231 8939 4946 
10
False
False
False
False
14
False
False
15
16
False
15
False
False
False
False
12
11
False
False
False
9966 3114 2190 6106 6259 4605 7231 8939 4946 
7
False
False
7
7
False
False
False
9966 3114 2190 6106 6259 4605 8383 7250 1894 5042 
8
False
False
False
False
9966 3114 2190 6106 6259 4605 8383 2275 2298 6302 5914 
12
9966 3114 2190 6106 6259 4605 8383 2275 2298 6302 5914 3090 1753 
14
False
9966 3114 2190 6106 6259 4605 8383 2275 2298 6302 5914 3090 1753 5183 459 
9966 3114 2190 6106 6259 4605 8383 2275 2298 6302 5914 3090 1753 5183 459 8545 
False
False
9966 3114 2190 6106 6259 4605 8383 2275 2298 6302 5914 3090 1753 5183 459 1733 
False
False
18
False
False
19
False
False
18
9966 3114 2190 6106 6259 4605 8383 2275 2298 6302 5914 3090 1753 5183 459 1733 5979 7065 7322 
False
False
19
False
20
False
9966 3114 2190 6106 6259 4605 8383 2275 2298 6302 5914 3090 1753 5183 459 1733 5979 7065 7322 3625 
False
22
False
9966 3114 2190 6106 6259 4605 8383 2275 2298 6302 5914 3090 1753 5183 459 1733 5979 7065 7322 3625 1698 8461 
False
22
22
22
9966 3114 2190 6106 6259 4605 8383 2275 2298 6302 5914 3090 1753 5183 459 1733 5979 7065 7322 3625 1698 3145 
20
False
False
21
22
9966 3114 2190 6106 6259 4605 8383 2275 2298 6302 5914 3090 1753 5183 459 1733 5979 7065 7322 3625 5668 3832 
False
False
9966 3114 2190 6106 6259 4605 8383 2275 2298 6302 5914 3090 1753 5183 459 1733 5979 7065 7322 3625 5668 3832 5228 3240 
False
False
False
22
False
9966 3114 2190 6106 6259 4605 8383 2275 2298 6302 5914 3090 1753 5183 459 1733 5979 7065 7322 3625 5668 3832 5534 
False
9966 3114 2190 6106 6259 4605 8383 2275 2298 6302 5914 3090 1753 5183 459 1733 5979 7065 7322 3625 5668 3832 1856 
24
False
False
False
25
False
27
9966 3114 2190 6106 6259 4605 8383 2275 2298 6302 5914 3090 1753 5183 459 1733 5979 7065 7322 3625 5668 3832 1856 8350 1448 
False
9966 3114 2190 6106 6259 4605 8383 2275 2298 6302 5914 3090 1753 5183 459 1733 5979 7065 7322 3625 5668 
9966 3114 2190 6106 6259 4605 8383 2275 2298 6302 5914 3090 1753 5183 459 1733 5979 7065 7322 3625 5668 2019 9379 
False
9966 3114 2190 6106 6259 4605 8383 2275 2298 6302 5914 3090 1753 5183 459 1733 5979 7065 7322 3625 5668 2019 9379 5917 
24
False
9966 3114 2190 6106 6259 4605 8383 2275 2298 6302 5914 3090 1753 5183 459 1733 5979 7065 7322 3625 5668 2019 9379 5917 394 3159 6183 5195 
28
False
False
False
28
28
9966 3114 2190 6106 6259 4605 8383 2275 2298 6302 5914 3090 1753 5183 459 1733 5979 7065 7322 3625 5668 2019 9379 5917 394 3159 6183 4169 
False
9966 3114 2190 6106 6259 4605 8383 2275 2298 6302 5914 3090 1753 5183 459 1733 5979 7065 7322 3625 5668 2019 9379 5917 394 3159 6183 8817 110 3016 
False
27
False
False
False
False
False
28
False
9966 3114 2190 6106 6259 4605 8383 2275 2298 6302 5914 3090 1753 5183 459 1733 5979 7065 7322 3625 5668 2019 9379 5917 394 3159 8054 2451 7510 6263 6374 9233 2692 
33
False
False
False
9966 3114 2190 6106 6259 4605 8383 2275 2298 6302 5914 3090 1753 5183 459 1733 5979 7065 7322 3625 5668 2019 9379 5917 394 3159 8054 2451 7510 6263 6374 
31
False
9966 3114 2190 6106 6259 4605 8383 2275 2298 6302 5914 3090 1753 5183 459 1733 5979 7065 7322 3625 5668 2019 9379 5917 394 3159 8054 2451 7510 8310 
False
False
9966 3114 2190 6106 6259 4605 8383 2275 2298 6302 5914 3090 1753 5183 459 1733 5979 7065 7322 3625 5668 2019 9379 5917 394 3159 8054 2451 7510 
False
False
9966 3114 2190 6106 6259 4605 8383 2275 2298 6302 5914 3090 1753 5183 459 1733 5979 7065 7322 3625 5668 2019 
9966 3114 2190 6106 6259 4605 8383 2275 2298 6302 5914 3090 1753 5183 459 1733 5979 7065 7322 3625 5668 2019 276 1028 
9966 3114 2190 6106 6259 4605 8383 2275 2298 6302 5914 3090 1753 5183 459 1733 5979 7065 7322 3625 5668 2019 276 1028 
False
9966 3114 2190 6106 6259 4605 8383 2275 2298 6302 5914 3090 1753 5183 459 1733 5979 7065 7322 3625 5668 2019 276 1028 
False
False
26
22
False
20
False
9966 3114 2190 6106 6259 4605 8383 2275 2298 6302 5914 3090 1753 5183 459 1733 5979 7065 7322 3625 3174 2204 8134 
False
False
False
22
False
9966 3114 2190 6106 6259 4605 8383 2275 2298 6302 5914 3090 1753 5183 459 1733 5979 7065 7322 3625 3174 
False
20
9966 3114 2190 6106 6259 4605 8383 2275 2298 6302 5914 3090 1753 5183 459 1733 5979 7065 7322 3625 2240 8200 6968 
9966 3114 2190 6106 6259 4605 8383 2275 2298 6302 5914 3090 1753 5183 459 1733 5979 7065 7322 3625 2240 8200 
False
9966 3114 2190 6106 6259 4605 8383 2275 2298 6302 5914 3090 1753 5183 459 1733 5979 7065 7322 3625 2240 7919 
9966 3114 2190 6106 6259 4605 8383 2275 2298 6302 5914 3090 1753 5183 459 1733 5979 7065 7322 3625 2240 5678 
17
False
9966 3114 2190 6106 6259 4605 8383 2275 2298 6302 5914 3090 1753 5183 459 1733 9073 
18
17
False
17
9966 3114 2190 6106 6259 4605 8383 2275 2298 6302 5914 3090 1753 5183 459 1733 9073 
False
17
False
False
False
False
False
False
23
22
9966 3114 2190 6106 6259 4605 8383 2275 2298 6302 5914 3090 1753 5183 459 1733 9073 5962 8809 2068 6673 4278 1263 644 
23
25
24
False
False
False
26
28
False
9966 3114 2190 6106 6259 4605 8383 2275 2298 6302 5914 3090 1753 5183 459 1733 9073 5962 8809 2068 6673 4278 1263 9177 7522 592 6582 
27
False
9966 3114 2190 6106 6259 4605 8383 2275 2298 6302 5914 3090 1753 5183 459 1733 9073 5962 8809 2068 6673 4278 1263 9177 7522 592 6582 9499 2752 4649 7018 
9966 3114 2190 6106 6259 4605 8383 2275 2298 6302 5914 3090 1753 5183 459 1733 9073 5962 8809 2068 6673 4278 1263 9177 7522 592 6582 9499 2752 4649 7018 4357 
False
False
32
False
False
9966 3114 2190 6106 6259 4605 8383 2275 2298 6302 5914 3090 1753 5183 459 1733 9073 5962 8809 2068 6673 4278 1263 9177 7522 592 6582 9499 2752 4649 7018 4357 9997 
False
False
False
9966 3114 2190 6106 6259 4605 8383 2275 2298 6302 5914 3090 1753 5183 459 1733 9073 5962 8809 2068 6673 4278 1263 9177 7522 592 6582 9499 
False
False
28
28
9966 3114 2190 6106 6259 4605 8383 2275 2298 6302 5914 3090 1753 5183 459 1733 9073 5962 8809 2068 6673 4278 1263 9177 7522 592 6582 9499 2549 
False
False
30
False
34
False
9966 3114 2190 6106 6259 4605 8383 2275 2298 6302 5914 3090 1753 5183 459 1733 9073 5962 8809 2068 6673 4278 1263 9177 7522 592 6582 9499 2549 9383 2987 3931 6177 9149 3373 2892 5523 1498 
38
38
38
False
False
False
9966 3114 2190 6106 6259 4605 8383 2275 2298 6302 5914 3090 1753 5183 459 1733 9073 5962 8809 2068 6673 4278 1263 9177 7522 592 6582 9499 2549 9383 2987 3931 6177 9149 3373 2892 5523 
37
False
False
False
9966 3114 2190 6106 6259 4605 8383 2275 2298 6302 5914 3090 1753 5183 459 1733 9073 5962 8809 2068 6673 4278 1263 9177 7522 592 6582 9499 2549 9383 2987 3931 6177 9149 3373 
9966 3114 2190 6106 6259 4605 8383 2275 2298 6302 5914 3090 1753 5183 459 1733 9073 5962 8809 2068 6673 4278 1263 9177 7522 592 6582 9499 2549 9383 2987 3931 6177 9149 3373 
False
9966 3114 2190 6106 6259 4605 8383 2275 2298 6302 5914 3090 1753 5183 459 1733 9073 5962 8809 2068 6673 4278 1263 9177 7522 592 6582 9499 2549 9383 2987 3931 6177 9149 
False
9966 3114 2190 6106 6259 4605 8383 2275 2298 6302 5914 3090 1753 5183 459 1733 9073 5962 8809 2068 6673 4278 1263 9177 7522 592 6582 9499 2549 9383 2987 3931 7439 2989 7410 
35
False
False
False
False
9966 3114 2190 6106 6259 4605 8383 2275 2298 6302 5914 3090 1753 5183 459 1733 9073 5962 8809 2068 6673 4278 1263 9177 7522 592 6582 9499 2549 9383 2987 3931 7439 3022 5833 726 6820 
9966 3114 2190 6106 6259 4605 8383 2275 2298 6302 5914 3090 1753 5183 459 1733 9073 5962 8809 2068 6673 4278 1263 9177 7522 592 6582 9499 2549 9383 2987 3931 7439 3022 5833 726 6820 
37
9966 3114 2190 6106 6259 4605 8383 2275 2298 6302 5914 3090 1753 5183 459 1733 9073 5962 8809 2068 6673 4278 1263 9177 7522 592 6582 9499 2549 9383 2987 3931 7439 3022 5833 726 6820 7473 
37
False
False
38
False
9966 3114 2190 6106 6259 4605 8383 2275 2298 6302 5914 3090 1753 5183 459 1733 9073 5962 8809 2068 6673 4278 1263 9177 7522 592 6582 9499 2549 9383 2987 3931 7439 3022 5833 726 6820 9948 
9966 3114 2190 6106 6259 4605 8383 2275 2298 6302 5914 3090 1753 5183 459 1733 9073 5962 8809 2068 6673 4278 1263 9177 7522 592 6582 9499 2549 9383 2987 3931 7439 3022 5833 726 
9966 3114 2190 6106 6259 4605 8383 2275 2298 6302 5914 3090 1753 5183 459 1733 9073 5962 8809 2068 6673 4278 1263 9177 7522 592 6582 9499 2549 9383 2987 3931 7439 3022 5833 726 
9966 3114 2190 6106 6259 4605 8383 2275 2298 6302 5914 3090 1753 5183 459 1733 9073 5962 8809 2068 6673 4278 1263 9177 7522 592 6582 9499 2549 9383 2987 3931 7439 3022 2591 4319 6572 3520 
38
37
39
9966 3114 2190 6106 6259 4605 8383 2275 2298 6302 5914 3090 1753 5183 459 1733 9073 5962 8809 2068 6673 4278 1263 9177 7522 592 6582 9499 2549 9383 2987 3931 7439 3022 2591 4319 6572 4296 5737 
False
False
9966 3114 2190 6106 6259 4605 8383 2275 2298 6302 5914 3090 1753 5183 459 1733 9073 5962 8809 2068 6673 4278 1263 9177 7522 592 6582 9499 2549 9383 2987 3931 7439 3022 2591 4319 6572 4296 5737 1474 219 1016 
40
41
42
9966 3114 2190 6106 6259 4605 8383 2275 2298 6302 5914 3090 1753 5183 459 1733 9073 5962 8809 2068 6673 4278 1263 9177 7522 592 6582 9499 2549 9383 2987 3931 7439 3022 2591 4319 6572 4296 5737 1474 4720 5810 7398 2777 
44
44
44
False
9966 3114 2190 6106 6259 4605 8383 2275 2298 6302 5914 3090 1753 5183 459 1733 9073 5962 8809 2068 6673 4278 1263 9177 7522 592 6582 9499 2549 9383 2987 3931 7439 3022 2591 4319 6572 4296 5737 1474 4720 5810 7398 2777 9627 
False
False
9966 3114 2190 6106 6259 4605 8383 2275 2298 6302 5914 3090 1753 5183 459 1733 9073 5962 8809 2068 6673 4278 1263 9177 7522 592 6582 9499 2549 9383 2987 3931 7439 3022 2591 4319 6572 4296 5737 1474 4720 5810 7398 2777 389 
9966 3114 2190 6106 6259 4605 8383 2275 2298 6302 5914 3090 1753 5183 459 1733 9073 5962 8809 2068 6673 4278 1263 9177 7522 592 6582 9499 2549 9383 2987 3931 7439 3022 2591 4319 6572 4296 5737 1474 4720 5810 7398 2777 389 
False
46
False
46
9966 3114 2190 6106 6259 4605 8383 2275 2298 6302 5914 3090 1753 5183 459 1733 9073 5962 8809 2068 6673 4278 1263 9177 7522 592 6582 9499 2549 9383 2987 3931 7439 3022 2591 4319 6572 4296 5737 1474 4720 5810 7398 2777 389 
44
False
9966 3114 2190 6106 6259 4605 8383 2275 2298 6302 5914 3090 1753 5183 459 1733 9073 5962 8809 2068 6673 4278 1263 9177 7522 592 6582 9499 2549 9383 2987 3931 7439 3022 2591 4319 6572 4296 5737 1474 4720 5810 7398 2777 3592 
False
9966 3114 2190 6106 6259 4605 8383 2275 2298 6302 5914 3090 1753 5183 459 1733 9073 5962 8809 2068 6673 4278 1263 9177 7522 592 6582 9499 2549 9383 2987 3931 7439 3022 2591 4319 6572 4296 5737 1474 4720 5810 7398 2777 3592 4846 589 9055 4340 
49
False
48
9966 3114 2190 6106 6259 4605 8383 2275 2298 6302 5914 3090 1753 5183 459 1733 9073 5962 8809 2068 6673 4278 1263 9177 7522 592 6582 9499 2549 9383 2987 3931 7439 3022 2591 4319 6572 4296 5737 1474 4720 5810 7398 2777 3592 4846 589 9055 4029 
9966 3114 2190 6106 6259 4605 8383 2275 2298 6302 5914 3090 1753 5183 459 1733 9073 5962 8809 2068 6673 4278 1263 9177 7522 592 6582 9499 2549 9383 2987 3931 7439 3022 2591 4319 6572 4296 5737 1474 4720 5810 7398 2777 3592 4846 589 9055 4029 1061 1597 
False
False
48
9966 3114 2190 6106 6259 4605 8383 2275 2298 6302 5914 3090 1753 5183 459 1733 9073 5962 8809 2068 6673 4278 1263 9177 7522 592 6582 9499 2549 9383 2987 3931 7439 3022 2591 4319 6572 4296 5737 1474 4720 5810 7398 2777 3592 4846 589 9055 
9966 3114 2190 6106 6259 4605 8383 2275 2298 6302 5914 3090 1753 5183 459 1733 9073 5962 8809 2068 6673 4278 1263 9177 7522 592 6582 9499 2549 9383 2987 3931 7439 3022 2591 4319 6572 4296 5737 1474 4720 5810 7398 2777 3592 4846 589 9055 
9966 3114 2190 6106 6259 4605 8383 2275 2298 6302 5914 3090 1753 5183 459 1733 9073 5962 8809 2068 6673 4278 1263 9177 7522 592 6582 9499 2549 9383 2987 3931 7439 3022 2591 4319 6572 4296 5737 1474 4720 5810 7398 2777 3592 4846 589 
9966 3114 2190 6106 6259 4605 8383 2275 2298 6302 5914 3090 1753 5183 459 1733 9073 5962 8809 2068 6673 4278 1263 9177 7522 592 6582 9499 2549 9383 2987 3931 7439 3022 2591 4319 6572 4296 5737 1474 4720 5810 7398 2777 3592 4846 589 7365 
49
False
9966 3114 2190 6106 6259 4605 8383 2275 2298 6302 5914 3090 1753 5183 459 1733 9073 5962 8809 2068 6673 4278 1263 9177 7522 592 6582 9499 2549 9383 2987 3931 7439 3022 2591 4319 6572 4296 5737 1474 4720 5810 7398 2777 3592 4846 589 7365 6788 
False
False
False
53
False
52
9966 3114 2190 6106 6259 4605 8383 2275 2298 6302 5914 3090 1753 5183 459 1733 9073 5962 8809 2068 6673 4278 1263 9177 7522 592 6582 9499 2549 9383 2987 3931 7439 3022 2591 4319 6572 4296 5737 1474 4720 5810 7398 2777 3592 4846 589 7365 6788 7549 5864 7513 
9966 3114 2190 6106 6259 4605 8383 2275 2298 6302 5914 3090 1753 5183 459 1733 9073 5962 8809 2068 6673 4278 1263 9177 7522 592 6582 9499 2549 9383 2987 3931 7439 3022 2591 4319 6572 4296 5737 1474 4720 5810 7398 2777 3592 4846 589 7365 6788 
False
False
51
False
False
51
49
49
49
False
49
False
47
47
False
False
9966 3114 2190 6106 6259 4605 8383 2275 2298 6302 5914 3090 1753 5183 459 1733 9073 5962 8809 2068 6673 4278 1263 9177 7522 592 6582 9499 2549 9383 2987 3931 7439 3022 2591 4319 6572 4296 5737 1474 4720 5810 7398 2777 3592 4846 
False
9966 3114 2190 6106 6259 4605 8383 2275 2298 6302 5914 3090 1753 5183 459 1733 9073 5962 8809 2068 6673 4278 1263 9177 7522 592 6582 9499 2549 9383 2987 3931 7439 3022 2591 4319 6572 4296 5737 1474 4720 5810 7398 2777 3592 4846 7879 
False
9966 3114 2190 6106 6259 4605 8383 2275 2298 6302 5914 3090 1753 5183 459 1733 9073 5962 8809 2068 6673 4278 1263 9177 7522 592 6582 9499 2549 9383 2987 3931 7439 3022 2591 4319 6572 4296 5737 1474 4720 5810 7398 2777 3592 4846 
9966 3114 2190 6106 6259 4605 8383 2275 2298 6302 5914 3090 1753 5183 459 1733 9073 5962 8809 2068 6673 4278 1263 9177 7522 592 6582 9499 2549 9383 2987 3931 7439 3022 2591 4319 6572 4296 5737 1474 4720 5810 7398 2777 3592 4846 
46
9966 3114 2190 6106 6259 4605 8383 2275 2298 6302 5914 3090 1753 5183 459 1733 9073 5962 8809 2068 6673 4278 1263 9177 7522 592 6582 9499 2549 9383 2987 3931 7439 3022 2591 4319 6572 4296 5737 1474 4720 5810 7398 2777 3592 4846 
9966 3114 2190 6106 6259 4605 8383 2275 2298 6302 5914 3090 1753 5183 459 1733 9073 5962 8809 2068 6673 4278 1263 9177 7522 592 6582 9499 2549 9383 2987 3931 7439 3022 2591 4319 6572 4296 5737 1474 4720 5810 7398 2777 3592 
46
False
False
9966 3114 2190 6106 6259 4605 8383 2275 2298 6302 5914 3090 1753 5183 459 1733 9073 5962 8809 2068 6673 4278 1263 9177 7522 592 6582 9499 2549 9383 2987 3931 7439 3022 2591 4319 6572 4296 5737 1474 4720 5810 7398 2777 3592 651 5658 9216 
47
44
False
False
44
9966 3114 2190 6106 6259 4605 8383 2275 2298 6302 5914 3090 1753 5183 459 1733 9073 5962 8809 2068 6673 4278 1263 9177 7522 592 6582 9499 2549 9383 2987 3931 7439 3022 2591 4319 6572 4296 5737 1474 4720 5810 7398 
42
False
False
41
False
44
False
False
False
False
False
9966 3114 2190 6106 6259 4605 8383 2275 2298 6302 5914 3090 1753 5183 459 1733 9073 5962 8809 2068 6673 4278 1263 9177 7522 592 6582 9499 2549 9383 2987 3931 7439 3022 2591 4319 6572 4296 5737 1474 4720 8672 3401 4652 4347 6614 6392 
False
False
False
False
9966 3114 2190 6106 6259 4605 8383 2275 2298 6302 5914 3090 1753 5183 459 1733 9073 5962 8809 2068 6673 4278 1263 9177 7522 592 6582 9499 2549 9383 2987 3931 7439 3022 2591 4319 6572 4296 5737 1474 4720 8672 3401 4652 4347 6614 6392 6882 7547 
False
50
False
52
9966 3114 2190 6106 6259 4605 8383 2275 2298 6302 5914 3090 1753 5183 459 1733 9073 5962 8809 2068 6673 4278 1263 9177 7522 592 6582 9499 2549 9383 2987 3931 7439 3022 2591 4319 6572 4296 5737 1474 4720 8672 3401 4652 4347 6614 6392 6882 7547 7510 4789 6689 5183 
False
9966 3114 2190 6106 6259 4605 8383 2275 2298 6302 5914 3090 1753 5183 459 1733 9073 5962 8809 2068 6673 4278 1263 9177 7522 592 6582 9499 2549 9383 2987 3931 7439 3022 2591 4319 6572 4296 5737 1474 4720 8672 3401 4652 4347 6614 6392 6882 7547 7510 4789 6689 5183 2666 7224 
False
False
9966 3114 2190 6106 6259 4605 8383 2275 2298 6302 5914 3090 1753 5183 459 1733 9073 5962 8809 2068 6673 4278 1263 9177 7522 592 6582 9499 2549 9383 2987 3931 7439 3022 2591 4319 6572 4296 5737 1474 4720 8672 3401 4652 4347 6614 6392 6882 7547 7510 4789 6689 5183 2666 7224 3394 6536 
57
9966 3114 2190 6106 6259 4605 8383 2275 2298 6302 5914 3090 1753 5183 459 1733 9073 5962 8809 2068 6673 4278 1263 9177 7522 592 6582 9499 2549 9383 2987 3931 7439 3022 2591 4319 6572 4296 5737 1474 4720 8672 3401 4652 4347 6614 6392 6882 7547 7510 4789 6689 5183 2666 7224 3394 6536 
False
False
False
9966 3114 2190 6106 6259 4605 8383 2275 2298 6302 5914 3090 1753 5183 459 1733 9073 5962 8809 2068 6673 4278 1263 9177 7522 592 6582 9499 2549 9383 2987 3931 7439 3022 2591 4319 6572 4296 5737 1474 4720 8672 3401 4652 4347 6614 6392 6882 7547 7510 4789 6689 5183 2666 7224 
False
57
57
9966 3114 2190 6106 6259 4605 8383 2275 2298 6302 5914 3090 1753 5183 459 1733 9073 5962 8809 2068 6673 4278 1263 9177 7522 592 6582 9499 2549 9383 2987 3931 7439 3022 2591 4319 6572 4296 5737 1474 4720 8672 3401 4652 4347 6614 6392 6882 7547 7510 4789 6689 5183 2666 6125 9069 3680 
57
9966 3114 2190 6106 6259 4605 8383 2275 2298 6302 5914 3090 1753 5183 459 1733 9073 5962 8809 2068 6673 4278 1263 9177 7522 592 6582 9499 2549 9383 2987 3931 7439 3022 2591 4319 6572 4296 5737 1474 4720 8672 3401 4652 4347 6614 6392 6882 7547 7510 4789 6689 5183 2666 6125 9069 
9966 3114 2190 6106 6259 4605 8383 2275 2298 6302 5914 3090 1753 5183 459 1733 9073 5962 8809 2068 6673 4278 1263 9177 7522 592 6582 9499 2549 9383 2987 3931 7439 3022 2591 4319 6572 4296 5737 1474 4720 8672 3401 4652 4347 6614 6392 6882 7547 7510 4789 6689 5183 2666 6125 
55
False
9966 3114 2190 6106 6259 4605 8383 2275 2298 6302 5914 3090 1753 5183 459 1733 9073 5962 8809 2068 6673 4278 1263 9177 7522 592 6582 9499 2549 9383 2987 3931 7439 3022 2591 4319 6572 4296 5737 1474 4720 8672 3401 4652 4347 6614 6392 6882 7547 7510 4789 6689 5183 2666 6125 
False
False
False
False
53
False
False
9966 3114 2190 6106 6259 4605 8383 2275 2298 6302 5914 3090 1753 5183 459 1733 9073 5962 8809 2068 6673 4278 1263 9177 7522 592 6582 9499 2549 9383 2987 3931 7439 3022 2591 4319 6572 4296 5737 1474 4720 8672 3401 4652 4347 6614 6392 6882 7547 7510 4789 6689 5183 6444 
False
9966 3114 2190 6106 6259 4605 8383 2275 2298 6302 5914 3090 1753 5183 459 1733 9073 5962 8809 2068 6673 4278 1263 9177 7522 592 6582 9499 2549 9383 2987 3931 7439 3022 2591 4319 6572 4296 5737 1474 4720 8672 3401 4652 4347 6614 6392 6882 7547 7510 4789 6689 5183 
False
50
False
False
9966 3114 2190 6106 6259 4605 8383 2275 2298 6302 5914 3090 1753 5183 459 1733 9073 5962 8809 2068 6673 4278 1263 9177 7522 592 6582 9499 2549 9383 2987 3931 7439 3022 2591 4319 6572 4296 5737 1474 4720 8672 3401 4652 4347 
False
False
9966 3114 2190 6106 6259 4605 8383 2275 2298 6302 5914 3090 1753 5183 459 1733 9073 5962 8809 2068 6673 4278 1263 9177 7522 592 6582 9499 2549 9383 2987 3931 7439 3022 2591 4319 6572 4296 5737 1474 4720 8672 3401 9097 4619 6768 3121 5067 
48
False
9966 3114 2190 6106 6259 4605 8383 2275 2298 6302 5914 3090 1753 5183 459 1733 9073 5962 8809 2068 6673 4278 1263 9177 7522 592 6582 9499 2549 9383 2987 3931 7439 3022 2591 4319 6572 4296 5737 1474 4720 8672 3401 9097 4619 6768 3121 7375 8748 
False
False
False
False
9966 3114 2190 6106 6259 4605 8383 2275 2298 6302 5914 3090 1753 5183 459 1733 9073 5962 8809 2068 6673 4278 1263 9177 7522 592 6582 9499 2549 9383 2987 3931 7439 3022 2591 4319 6572 4296 5737 1474 4720 8672 3401 4842 6051 
45
46
False
False
False
False
9966 3114 2190 6106 6259 4605 8383 2275 2298 6302 5914 3090 1753 5183 459 1733 9073 5962 8809 2068 6673 4278 1263 9177 7522 592 6582 9499 2549 9383 2987 3931 7439 3022 2591 4319 6572 4296 5737 1474 4720 8672 3401 4842 6051 1533 3980 4934 
False
False
9966 3114 2190 6106 6259 4605 8383 2275 2298 6302 5914 3090 1753 5183 459 1733 9073 5962 8809 2068 6673 4278 1263 9177 7522 592 6582 9499 2549 9383 2987 3931 7439 3022 2591 4319 6572 4296 5737 1474 4720 8672 3401 4842 6051 1533 3980 4934 2513 8874 3053 2903 
9966 3114 2190 6106 6259 4605 8383 2275 2298 6302 5914 3090 1753 5183 459 1733 9073 5962 8809 2068 6673 4278 1263 9177 7522 592 6582 9499 2549 9383 2987 3931 7439 3022 2591 4319 6572 4296 5737 1474 4720 8672 3401 4842 6051 1533 3980 4934 2513 8874 3053 2903 
52
9966 3114 2190 6106 6259 4605 8383 2275 2298 6302 5914 3090 1753 5183 459 1733 9073 5962 8809 2068 6673 4278 1263 9177 7522 592 6582 9499 2549 9383 2987 3931 7439 3022 2591 4319 6572 4296 5737 1474 4720 8672 3401 4842 6051 1533 3980 4934 2513 8874 3053 
False
False
51
False
55
9966 3114 2190 6106 6259 4605 8383 2275 2298 6302 5914 3090 1753 5183 459 1733 9073 5962 8809 2068 6673 4278 1263 9177 7522 592 6582 9499 2549 9383 2987 3931 7439 3022 2591 4319 6572 4296 5737 1474 4720 8672 3401 4842 6051 1533 3980 4934 2513 8874 3053 5965 9130 4839 8388 
False
False
False
False
False
False
57
False
9966 3114 2190 6106 6259 4605 8383 2275 2298 6302 5914 3090 1753 5183 459 1733 9073 5962 8809 2068 6673 4278 1263 9177 7522 592 6582 9499 2549 9383 2987 3931 7439 3022 2591 4319 6572 4296 5737 1474 4720 8672 3401 4842 6051 1533 3980 4934 2513 8874 3053 5965 9130 9201 50 8590 
False
9966 3114 2190 6106 6259 4605 8383 2275 2298 6302 5914 3090 1753 5183 459 1733 9073 5962 8809 2068 6673 4278 1263 9177 7522 592 6582 9499 2549 9383 2987 3931 7439 3022 2591 4319 6572 4296 5737 1474 4720 8672 3401 4842 6051 1533 3980 4934 2513 8874 3053 5965 9130 9201 50 
False
False
False
False
False
False
57
57
False
False
False
False
9966 3114 2190 6106 6259 4605 8383 2275 2298 6302 5914 3090 1753 5183 459 1733 9073 5962 8809 2068 6673 4278 1263 9177 7522 592 6582 9499 2549 9383 2987 3931 7439 3022 2591 4319 6572 4296 5737 1474 4720 8672 3401 4842 6051 1533 3980 4934 2513 8874 3053 5965 9130 9201 50 3639 4142 4868 
9966 3114 2190 6106 6259 4605 8383 2275 2298 6302 5914 3090 1753 5183 459 1733 9073 5962 8809 2068 6673 4278 1263 9177 7522 592 6582 9499 2549 9383 2987 3931 7439 3022 2591 4319 6572 4296 5737 1474 4720 8672 3401 4842 6051 1533 3980 4934 2513 8874 3053 5965 9130 9201 50 3639 4142 4868 
False
False
False
9966 3114 2190 6106 6259 4605 8383 2275 2298 6302 5914 3090 1753 5183 459 1733 9073 5962 8809 2068 6673 4278 1263 9177 7522 592 6582 9499 2549 9383 2987 3931 7439 3022 2591 4319 6572 4296 5737 1474 4720 8672 3401 4842 6051 1533 3980 4934 2513 8874 3053 5965 9130 5675 
False
False
9966 3114 2190 6106 6259 4605 8383 2275 2298 6302 5914 3090 1753 5183 459 1733 9073 5962 8809 2068 6673 4278 1263 9177 7522 592 6582 9499 2549 9383 2987 3931 7439 3022 2591 4319 6572 4296 5737 1474 4720 8672 3401 4842 6051 1533 3980 4934 2513 8874 3053 5965 9130 5675 
54
56
False
9966 3114 2190 6106 6259 4605 8383 2275 2298 6302 5914 3090 1753 5183 459 1733 9073 5962 8809 2068 6673 4278 1263 9177 7522 592 6582 9499 2549 9383 2987 3931 7439 3022 2591 4319 6572 4296 5737 1474 4720 8672 3401 4842 6051 1533 3980 4934 2513 8874 3053 5965 9130 5675 8767 9813 
False
9966 3114 2190 6106 6259 4605 8383 2275 2298 6302 5914 3090 1753 5183 459 1733 9073 5962 8809 2068 6673 4278 1263 9177 7522 592 6582 9499 2549 9383 2987 3931 7439 3022 2591 4319 6572 4296 5737 1474 4720 8672 3401 4842 6051 1533 3980 4934 2513 8874 3053 5965 9130 5675 8767 4449 
False
9966 3114 2190 6106 6259 4605 8383 2275 2298 6302 5914 3090 1753 5183 459 1733 9073 5962 8809 2068 6673 4278 1263 9177 7522 592 6582 9499 2549 9383 2987 3931 7439 3022 2591 4319 6572 4296 5737 1474 4720 8672 3401 4842 6051 1533 3980 4934 2513 8874 3053 5965 9130 5675 8767 4449 9099 2525 
False
False
59
False
False
59
False
60
False
9966 3114 2190 6106 6259 4605 8383 2275 2298 6302 5914 3090 1753 5183 459 1733 9073 5962 8809 2068 6673 4278 1263 9177 7522 592 6582 9499 2549 9383 2987 3931 7439 3022 2591 4319 6572 4296 5737 1474 4720 8672 3401 4842 6051 1533 3980 4934 2513 8874 3053 5965 9130 5675 8767 4449 9099 9732 4373 1554 8145 
9966 3114 2190 6106 6259 4605 8383 2275 2298 6302 5914 3090 1753 5183 459 1733 9073 5962 8809 2068 6673 4278 1263 9177 7522 592 6582 9499 2549 9383 2987 3931 7439 3022 2591 4319 6572 4296 5737 1474 4720 8672 3401 4842 6051 1533 3980 4934 2513 8874 3053 5965 9130 5675 8767 4449 9099 9732 4373 1554 
False
False
False
9966 3114 2190 6106 6259 4605 8383 2275 2298 6302 5914 3090 1753 5183 459 1733 9073 5962 8809 2068 6673 4278 1263 9177 7522 592 6582 9499 2549 9383 2987 3931 7439 3022 2591 4319 6572 4296 5737 1474 4720 8672 3401 4842 6051 1533 3980 4934 2513 8874 3053 5965 9130 5675 8767 4449 9099 9732 4373 7938 6230 
9966 3114 2190 6106 6259 4605 8383 2275 2298 6302 5914 3090 1753 5183 459 1733 9073 5962 8809 2068 6673 4278 1263 9177 7522 592 6582 9499 2549 9383 2987 3931 7439 3022 2591 4319 6572 4296 5737 1474 4720 8672 3401 4842 6051 1533 3980 4934 2513 8874 3053 5965 9130 5675 8767 4449 9099 9732 4373 7938 6230 4267 
False
False
False
9966 3114 2190 6106 6259 4605 8383 2275 2298 6302 5914 3090 1753 5183 459 1733 9073 5962 8809 2068 6673 4278 1263 9177 7522 592 6582 9499 2549 9383 2987 3931 7439 3022 2591 4319 6572 4296 5737 1474 4720 8672 3401 4842 6051 1533 3980 4934 2513 8874 3053 5965 9130 5675 8767 4449 9099 9732 4373 7938 6230 4267 9525 
False
False
9966 3114 2190 6106 6259 4605 8383 2275 2298 6302 5914 3090 1753 5183 459 1733 9073 5962 8809 2068 6673 4278 1263 9177 7522 592 6582 9499 2549 9383 2987 3931 7439 3022 2591 4319 6572 4296 5737 1474 4720 8672 3401 4842 6051 1533 3980 4934 2513 8874 3053 5965 9130 5675 8767 4449 9099 9732 4373 7938 6230 4267 3172 3477 
False
62
False
63
9966 3114 2190 6106 6259 4605 8383 2275 2298 6302 5914 3090 1753 5183 459 1733 9073 5962 8809 2068 6673 4278 1263 9177 7522 592 6582 9499 2549 9383 2987 3931 7439 3022 2591 4319 6572 4296 5737 1474 4720 8672 3401 4842 6051 1533 3980 4934 2513 8874 3053 5965 9130 5675 8767 4449 9099 9732 4373 7938 6230 4267 
False
62
62
False
False
False
9966 3114 2190 6106 6259 4605 8383 2275 2298 6302 5914 3090 1753 5183 459 1733 9073 5962 8809 2068 6673 4278 1263 9177 7522 592 6582 9499 2549 9383 2987 3931 7439 3022 2591 4319 6572 4296 5737 1474 4720 8672 3401 4842 6051 1533 3980 4934 2513 8874 3053 5965 9130 5675 8767 4449 9099 9732 4373 7938 6230 4267 
False
9966 3114 2190 6106 6259 4605 8383 2275 2298 6302 5914 3090 1753 5183 459 1733 9073 5962 8809 2068 6673 4278 1263 9177 7522 592 6582 9499 2549 9383 2987 3931 7439 3022 2591 4319 6572 4296 5737 1474 4720 8672 3401 4842 6051 1533 3980 4934 2513 8874 3053 5965 9130 5675 8767 4449 9099 9732 4373 7938 6230 4267 
62
False
False
False
60
False
False
False
False
False
False
9966 3114 2190 6106 6259 4605 8383 2275 2298 6302 5914 3090 1753 5183 459 1733 9073 5962 8809 2068 6673 4278 1263 9177 7522 592 6582 9499 2549 9383 2987 3931 7439 3022 2591 4319 6572 4296 5737 1474 4720 8672 3401 4842 6051 1533 3980 4934 2513 8874 3053 5965 9130 5675 8767 4449 9099 9732 4373 7938 2569 
False
False
64
9966 3114 2190 6106 6259 4605 8383 2275 2298 6302 5914 3090 1753 5183 459 1733 9073 5962 8809 2068 6673 4278 1263 9177 7522 592 6582 9499 2549 9383 2987 3931 7439 3022 2591 4319 6572 4296 5737 1474 4720 8672 3401 4842 6051 1533 3980 4934 2513 8874 3053 5965 9130 5675 8767 4449 9099 9732 4373 7938 2569 5238 3221 7452 1490 
False
9966 3114 2190 6106 6259 4605 8383 2275 2298 6302 5914 3090 1753 5183 459 1733 9073 5962 8809 2068 6673 4278 1263 9177 7522 592 6582 9499 2549 9383 2987 3931 7439 3022 2591 4319 6572 4296 5737 1474 4720 8672 3401 4842 6051 1533 3980 4934 2513 8874 3053 5965 9130 5675 8767 4449 9099 9732 4373 7938 2569 5238 3221 7452 
64
False
9966 3114 2190 6106 6259 4605 8383 2275 2298 6302 5914 3090 1753 5183 459 1733 9073 5962 8809 2068 6673 4278 1263 9177 7522 592 6582 9499 2549 9383 2987 3931 7439 3022 2591 4319 6572 4296 5737 1474 4720 8672 3401 4842 6051 1533 3980 4934 2513 8874 3053 5965 9130 5675 8767 4449 9099 9732 4373 7938 2569 5238 3221 7452 
False
9966 3114 2190 6106 6259 4605 8383 2275 2298 6302 5914 3090 1753 5183 459 1733 9073 5962 8809 2068 6673 4278 1263 9177 7522 592 6582 9499 2549 9383 2987 3931 7439 3022 2591 4319 6572 4296 5737 1474 4720 8672 3401 4842 6051 1533 3980 4934 2513 8874 3053 5965 9130 5675 8767 4449 9099 9732 4373 7938 2569 5238 
False
63
False
9966 3114 2190 6106 6259 4605 8383 2275 2298 6302 5914 3090 1753 5183 459 1733 9073 5962 8809 2068 6673 4278 1263 9177 7522 592 6582 9499 2549 9383 2987 3931 7439 3022 2591 4319 6572 4296 5737 1474 4720 8672 3401 4842 6051 1533 3980 4934 2513 8874 3053 5965 9130 5675 8767 4449 9099 9732 4373 7938 2569 5238 
9966 3114 2190 6106 6259 4605 8383 2275 2298 6302 5914 3090 1753 5183 459 1733 9073 5962 8809 2068 6673 4278 1263 9177 7522 592 6582 9499 2549 9383 2987 3931 7439 3022 2591 4319 6572 4296 5737 1474 4720 8672 3401 4842 6051 1533 3980 4934 2513 8874 3053 5965 9130 5675 8767 4449 9099 9732 4373 7938 2569 5238 
9966 3114 2190 6106 6259 4605 8383 2275 2298 6302 5914 3090 1753 5183 459 1733 9073 5962 8809 2068 6673 4278 1263 9177 7522 592 6582 9499 2549 9383 2987 3931 7439 3022 2591 4319 6572 4296 5737 1474 4720 8672 3401 4842 6051 1533 3980 4934 2513 8874 3053 5965 9130 5675 8767 4449 9099 9732 4373 7938 2569 5238 
9966 3114 2190 6106 6259 4605 8383 2275 2298 6302 5914 3090 1753 5183 459 1733 9073 5962 8809 2068 6673 4278 1263 9177 7522 592 6582 9499 2549 9383 2987 3931 7439 3022 2591 4319 6572 4296 5737 1474 4720 8672 3401 4842 6051 1533 3980 4934 2513 8874 3053 5965 9130 5675 8767 4449 9099 9732 4373 7938 2569 1324 
63
False
63
False
9966 3114 2190 6106 6259 4605 8383 2275 2298 6302 5914 3090 1753 5183 459 1733 9073 5962 8809 2068 6673 4278 1263 9177 7522 592 6582 9499 2549 9383 2987 3931 7439 3022 2591 4319 6572 4296 5737 1474 4720 8672 3401 4842 6051 1533 3980 4934 2513 8874 3053 5965 9130 5675 8767 4449 9099 9732 4373 7938 2569 1324 6320 
64
9966 3114 2190 6106 6259 4605 8383 2275 2298 6302 5914 3090 1753 5183 459 1733 9073 5962 8809 2068 6673 4278 1263 9177 7522 592 6582 9499 2549 9383 2987 3931 7439 3022 2591 4319 6572 4296 5737 1474 4720 8672 3401 4842 6051 1533 3980 4934 2513 8874 3053 5965 9130 5675 8767 4449 9099 9732 4373 7938 2569 1324 6320 
9966 3114 2190 6106 6259 4605 8383 2275 2298 6302 5914 3090 1753 5183 459 1733 9073 5962 8809 2068 6673 4278 1263 9177 7522 592 6582 9499 2549 9383 2987 3931 7439 3022 2591 4319 6572 4296 5737 1474 4720 8672 3401 4842 6051 1533 3980 4934 2513 8874 3053 5965 9130 5675 8767 4449 9099 9732 4373 7938 2569 1324 6320 8533 
9966 3114 2190 6106 6259 4605 8383 2275 2298 6302 5914 3090 1753 5183 459 1733 9073 5962 8809 2068 6673 4278 1263 9177 7522 592 6582 9499 2549 9383 2987 3931 7439 3022 2591 4319 6572 4296 5737 1474 4720 8672 3401 4842 6051 1533 3980 4934 2513 8874 3053 5965 9130 5675 8767 4449 9099 9732 4373 7938 2569 1324 6320 8533 
False
63
9966 3114 2190 6106 6259 4605 8383 2275 2298 6302 5914 3090 1753 5183 459 1733 9073 5962 8809 2068 6673 4278 1263 9177 7522 592 6582 9499 2549 9383 2987 3931 7439 3022 2591 4319 6572 4296 5737 1474 4720 8672 3401 4842 6051 1533 3980 4934 2513 8874 3053 5965 9130 5675 8767 4449 9099 9732 4373 7938 2569 1324 
61
59
59
False
9966 3114 2190 6106 6259 4605 8383 2275 2298 6302 5914 3090 1753 5183 459 1733 9073 5962 8809 2068 6673 4278 1263 9177 7522 592 6582 9499 2549 9383 2987 3931 7439 3022 2591 4319 6572 4296 5737 1474 4720 8672 3401 4842 6051 1533 3980 4934 2513 8874 3053 5965 9130 5675 8767 4449 9099 9732 
False
False
False
9966 3114 2190 6106 6259 4605 8383 2275 2298 6302 5914 3090 1753 5183 459 1733 9073 5962 8809 2068 6673 4278 1263 9177 7522 592 6582 9499 2549 9383 2987 3931 7439 3022 2591 4319 6572 4296 5737 1474 4720 8672 3401 4842 6051 1533 3980 4934 2513 8874 3053 5965 9130 5675 8767 4449 9099 
9966 3114 2190 6106 6259 4605 8383 2275 2298 6302 5914 3090 1753 5183 459 1733 9073 5962 8809 2068 6673 4278 1263 9177 7522 592 6582 9499 2549 9383 2987 3931 7439 3022 2591 4319 6572 4296 5737 1474 4720 8672 3401 4842 6051 1533 3980 4934 2513 8874 3053 5965 9130 5675 8767 4449 9099 407 4787 
9966 3114 2190 6106 6259 4605 8383 2275 2298 6302 5914 3090 1753 5183 459 1733 9073 5962 8809 2068 6673 4278 1263 9177 7522 592 6582 9499 2549 9383 2987 3931 7439 3022 2591 4319 6572 4296 5737 1474 4720 8672 3401 4842 6051 1533 3980 4934 2513 8874 3053 5965 9130 5675 8767 4449 9099 407 4787 
59
False
9966 3114 2190 6106 6259 4605 8383 2275 2298 6302 5914 3090 1753 5183 459 1733 9073 5962 8809 2068 6673 4278 1263 9177 7522 592 6582 9499 2549 9383 2987 3931 7439 3022 2591 4319 6572 4296 5737 1474 4720 8672 3401 4842 6051 1533 3980 4934 2513 8874 3053 5965 9130 5675 8767 4449 9099 
False
False
False
9966 3114 2190 6106 6259 4605 8383 2275 2298 6302 5914 3090 1753 5183 459 1733 9073 5962 8809 2068 6673 4278 1263 9177 7522 592 6582 9499 2549 9383 2987 3931 7439 3022 2591 4319 6572 4296 5737 1474 4720 8672 3401 4842 6051 1533 3980 4934 2513 8874 3053 5965 9130 5675 8767 4449 
False
9966 3114 2190 6106 6259 4605 8383 2275 2298 6302 5914 3090 1753 5183 459 1733 9073 5962 8809 2068 6673 4278 1263 9177 7522 592 6582 9499 2549 9383 2987 3931 7439 3022 2591 4319 6572 4296 5737 1474 4720 8672 3401 4842 6051 1533 3980 4934 2513 8874 3053 5965 9130 5675 9607 
9966 3114 2190 6106 6259 4605 8383 2275 2298 6302 5914 3090 1753 5183 459 1733 9073 5962 8809 2068 6673 4278 1263 9177 7522 592 6582 9499 2549 9383 2987 3931 7439 3022 2591 4319 6572 4296 5737 1474 4720 8672 3401 4842 6051 1533 3980 4934 2513 8874 3053 5965 9130 
False
False
False
9966 3114 2190 6106 6259 4605 8383 2275 2298 6302 5914 3090 1753 5183 459 1733 9073 5962 8809 2068 6673 4278 1263 9177 7522 592 6582 9499 2549 9383 2987 3931 7439 3022 2591 4319 6572 4296 5737 1474 4720 8672 3401 4842 6051 1533 3980 4934 2513 8874 3053 
False
False
51
False
False
False
53
False
False
False
False
False
False
57
False
False
False
False
False
9966 3114 2190 6106 6259 4605 8383 2275 2298 6302 5914 3090 1753 5183 459 1733 9073 5962 8809 2068 6673 4278 1263 9177 7522 592 6582 9499 2549 9383 2987 3931 7439 3022 2591 4319 6572 4296 5737 1474 4720 8672 3401 4842 6051 1533 3980 4934 2513 8874 881 
9966 3114 2190 6106 6259 4605 8383 2275 2298 6302 5914 3090 1753 5183 459 1733 9073 5962 8809 2068 6673 4278 1263 9177 7522 592 6582 9499 2549 9383 2987 3931 7439 3022 2591 4319 6572 4296 5737 1474 4720 8672 3401 4842 6051 1533 3980 4934 2513 8874 881 8782 
9966 3114 2190 6106 6259 4605 8383 2275 2298 6302 5914 3090 1753 5183 459 1733 9073 5962 8809 2068 6673 4278 1263 9177 7522 592 6582 9499 2549 9383 2987 3931 7439 3022 2591 4319 6572 4296 5737 1474 4720 8672 3401 4842 6051 1533 3980 4934 2513 8874 7867 613 6232 
False
False
57
False
57
9966 3114 2190 6106 6259 4605 8383 2275 2298 6302 5914 3090 1753 5183 459 1733 9073 5962 8809 2068 6673 4278 1263 9177 7522 592 6582 9499 2549 9383 2987 3931 7439 3022 2591 4319 6572 4296 5737 1474 4720 8672 3401 4842 6051 1533 3980 4934 2513 8874 7867 613 6232 6131 7688 9354 
False
False
False
False
False
9966 3114 2190 6106 6259 4605 8383 2275 2298 6302 5914 3090 1753 5183 459 1733 9073 5962 8809 2068 6673 4278 1263 9177 7522 592 6582 9499 2549 9383 2987 3931 7439 3022 2591 4319 6572 4296 5737 1474 4720 8672 3401 4842 6051 1533 3980 4934 2513 8874 7867 613 6232 6131 
53
9966 3114 2190 6106 6259 4605 8383 2275 2298 6302 5914 3090 1753 5183 459 1733 9073 5962 8809 2068 6673 4278 1263 9177 7522 592 6582 9499 2549 9383 2987 3931 7439 3022 2591 4319 6572 4296 5737 1474 4720 8672 3401 4842 6051 1533 3980 4934 2513 8874 7867 613 6232 
53
9966 3114 2190 6106 6259 4605 8383 2275 2298 6302 5914 3090 1753 5183 459 1733 9073 5962 8809 2068 6673 4278 1263 9177 7522 592 6582 9499 2549 9383 2987 3931 7439 3022 2591 4319 6572 4296 5737 1474 4720 8672 3401 4842 6051 1533 3980 4934 2513 8874 7867 613 6232 
False
False
57
False
False
58
58
False
False
False
False
9966 3114 2190 6106 6259 4605 8383 2275 2298 6302 5914 3090 1753 5183 459 1733 9073 5962 8809 2068 6673 4278 1263 9177 7522 592 6582 9499 2549 9383 2987 3931 7439 3022 2591 4319 6572 4296 5737 1474 4720 8672 3401 4842 6051 1533 3980 4934 2513 8874 7867 613 6232 5658 276 2861 4605 
9966 3114 2190 6106 6259 4605 8383 2275 2298 6302 5914 3090 1753 5183 459 1733 9073 5962 8809 2068 6673 4278 1263 9177 7522 592 6582 9499 2549 9383 2987 3931 7439 3022 2591 4319 6572 4296 5737 1474 4720 8672 3401 4842 6051 1533 3980 4934 2513 8874 7867 613 6232 5658 276 2861 
False
False
False
9966 3114 2190 6106 6259 4605 8383 2275 2298 6302 5914 3090 1753 5183 459 1733 9073 5962 8809 2068 6673 4278 1263 9177 7522 592 6582 9499 2549 9383 2987 3931 7439 3022 2591 4319 6572 4296 5737 1474 4720 8672 3401 4842 6051 1533 3980 4934 2513 8874 7867 613 6232 5658 276 2861 6482 
57
False
False
57
False
False
False
False
False
54
9966 3114 2190 6106 6259 4605 8383 2275 2298 6302 5914 3090 1753 5183 459 1733 9073 5962 8809 2068 6673 4278 1263 9177 7522 592 6582 9499 2549 9383 2987 3931 7439 3022 2591 4319 6572 4296 5737 1474 4720 8672 3401 4842 6051 1533 3980 4934 2513 8874 7867 613 6232 
9966 3114 2190 6106 6259 4605 8383 2275 2298 6302 5914 3090 1753 5183 459 1733 9073 5962 8809 2068 6673 4278 1263 9177 7522 592 6582 9499 2549 9383 2987 3931 7439 3022 2591 4319 6572 4296 5737 1474 4720 8672 3401 4842 6051 1533 3980 4934 2513 8874 7867 613 6232 
53
False
51
9966 3114 2190 6106 6259 4605 8383 2275 2298 6302 5914 3090 1753 5183 459 1733 9073 5962 8809 2068 6673 4278 1263 9177 7522 592 6582 9499 2549 9383 2987 3931 7439 3022 2591 4319 6572 4296 5737 1474 4720 8672 3401 4842 6051 1533 3980 4934 2513 8874 
9966 3114 2190 6106 6259 4605 8383 2275 2298 6302 5914 3090 1753 5183 459 1733 9073 5962 8809 2068 6673 4278 1263 9177 7522 592 6582 9499 2549 9383 2987 3931 7439 3022 2591 4319 6572 4296 5737 1474 4720 8672 3401 4842 6051 1533 3980 4934 2513 8874 
False
False
50
False
9966 3114 2190 6106 6259 4605 8383 2275 2298 6302 5914 3090 1753 5183 459 1733 9073 5962 8809 2068 6673 4278 1263 9177 7522 592 6582 9499 2549 9383 2987 3931 7439 3022 2591 4319 6572 4296 5737 1474 4720 8672 3401 4842 6051 1533 3980 1370 943 7974 
False
False
9966 3114 2190 6106 6259 4605 8383 2275 2298 6302 5914 3090 1753 5183 459 1733 9073 5962 8809 2068 6673 4278 1263 9177 7522 592 6582 9499 2549 9383 2987 3931 7439 3022 2591 4319 6572 4296 5737 1474 4720 8672 3401 4842 6051 1533 3980 1370 943 7974 3331 9708 
9966 3114 2190 6106 6259 4605 8383 2275 2298 6302 5914 3090 1753 5183 459 1733 9073 5962 8809 2068 6673 4278 1263 9177 7522 592 6582 9499 2549 9383 2987 3931 7439 3022 2591 4319 6572 4296 5737 1474 4720 8672 3401 4842 6051 1533 3980 1370 943 7974 3331 9708 
9966 3114 2190 6106 6259 4605 8383 2275 2298 6302 5914 3090 1753 5183 459 1733 9073 5962 8809 2068 6673 4278 1263 9177 7522 592 6582 9499 2549 9383 2987 3931 7439 3022 2591 4319 6572 4296 5737 1474 4720 8672 3401 4842 6051 1533 3980 1370 943 7974 
50
False
9966 3114 2190 6106 6259 4605 8383 2275 2298 6302 5914 3090 1753 5183 459 1733 9073 5962 8809 2068 6673 4278 1263 9177 7522 592 6582 9499 2549 9383 2987 3931 7439 3022 2591 4319 6572 4296 5737 1474 4720 8672 3401 4842 6051 1533 3980 1370 
False
46
False
False
False
False
False
51
51
9966 3114 2190 6106 6259 4605 8383 2275 2298 6302 5914 3090 1753 5183 459 1733 9073 5962 8809 2068 6673 4278 1263 9177 7522 592 6582 9499 2549 9383 2987 3931 7439 3022 2591 4319 6572 4296 5737 1474 4720 8672 3401 4842 6051 7534 7111 8446 6087 7344 7178 
False
9966 3114 2190 6106 6259 4605 8383 2275 2298 6302 5914 3090 1753 5183 459 1733 9073 5962 8809 2068 6673 4278 1263 9177 7522 592 6582 9499 2549 9383 2987 3931 7439 3022 2591 4319 6572 4296 5737 1474 4720 8672 3401 4842 6051 7534 7111 8446 6087 7344 7178 5079 
False
53
53
9966 3114 2190 6106 6259 4605 8383 2275 2298 6302 5914 3090 1753 5183 459 1733 9073 5962 8809 2068 6673 4278 1263 9177 7522 592 6582 9499 2549 9383 2987 3931 7439 3022 2591 4319 6572 4296 5737 1474 4720 8672 3401 4842 6051 7534 7111 8446 6087 7344 
50
9966 3114 2190 6106 6259 4605 8383 2275 2298 6302 5914 3090 1753 5183 459 1733 9073 5962 8809 2068 6673 4278 1263 9177 7522 592 6582 9499 2549 9383 2987 3931 7439 3022 2591 4319 6572 4296 5737 1474 4720 8672 3401 4842 6051 7534 7111 8446 6087 7344 
False
False
51
9966 3114 2190 6106 6259 4605 8383 2275 2298 6302 5914 3090 1753 5183 459 1733 9073 5962 8809 2068 6673 4278 1263 9177 7522 592 6582 9499 2549 9383 2987 3931 7439 3022 2591 4319 6572 4296 5737 1474 4720 8672 3401 4842 6051 7534 7111 8446 6087 
False
48
False
False
False
49
