Empty
8237
2
8237
1
5962
Empty
Empty
6474
1
6474
False
False
False
2098
False
4022
False
False
531
531
2
False
531
2098 531 6226
False
531
531
False
1
Empty
0
Empty
Empty
Empty
0
Empty
False
1239
False
7215
Empty


True
False
Empty
Empty
8412
8412

True
False
0
False
0

False
4724 5289 490
False
False
6055
490
4724 5289 490 6055 7210 2736
False
5466
490
4724 5289 490 6055 7210 5466
False
False
4724 5289 490 6055 7210 5466 5076
4724 5289 490 6055 7210 5466 5076
7210
False
5
490
False
4724 5289 490 6055
5289
3
4
7714
1561
False
5588
1561
7146
4724
7146
2
False
False
2
False
False
1
4724
4724
4724
0
True
True
True
0


4608
False
3
2920
False
4608 5501 2920 9337
4
False
False
5
False
4608 5501 2920 9337 9383
2920
6
False
False
8786
4608 5501 2920 9337 9383 8575 2921 8786
4608 5501 2920 9337 9383 8575
False
4608 5501 2920 9337 9383
5
False
False
False
6
False
6
6
2345
4608 5501 2920 9388 8671 2345
False
2345
2345
9
10
4608 5501 2920 9388 8671 2345 6444 8383 7499 3511 6301 1896 9754
False
13
False
13
2342
4608 5501 2920 9388 8671 2345 6444 8383 7499 3511 6301 1896 3148 2786
14
1896
1896
14
False
15
15
False
1896
False
1067
False
1067
1067
4608 5501 2920 9388 8671 2345 6444 8383 7499 3511 6301 1896 3148 2786 2517 1067
False
9039
17
False
False
3641
1067
19
1067
3641
False
False
3641
False
3641
4608 5501 2920 9388 8671 2345 6444 8383 7499 3511 6301 1896 3148 2786 2517 1067 9039 6519 3641
False
False
19
False
False
7720
6860
False
1067
4608 5501 2920 9388 8671 2345 6444 8383 7499 3511 6301 1896 3148 2786 2517 1067 9039 6519 5749 8028 6860 7937 7008
23
4608 5501 2920 9388 8671 2345 6444 8383 7499 3511 6301 1896 3148 2786 2517 1067 9039 6519 5749 8028 6860 7929
False
False
False
1067
False
4608 5501 2920 9388 8671 2345 6444 8383 7499 3511 6301 1896 3148 2786 2517 1067 9039 6519 5749 8028 6860 2200
False
4608 5501 2920 9388 8671 2345 6444 8383 7499 3511 6301 1896 3148 2786 2517 1067 9039 6519 5749 8028 6860
21
8028
4608 5501 2920 9388 8671 2345 6444 8383 7499 3511 6301 1896 3148 2786 2517 1067 9039 6519 5749 8028
1067
False
False
18
1067
9039
1067
False
19
1067
False
False
1067
False
6391
6391
6391
6391
7186
False
False
23
False
1067
4608 5501 2920 9388 8671 2345 6444 8383 7499 3511 6301 1896 3148 2786 2517 1067 2706 4715 4478 7291 9815 6391 2795
False
23
False
False
1067
False
False
1067
4608 5501 2920 9388 8671 2345 6444 8383 7499 3511 6301 1896 3148 2786 2517 1067 2706 4715 4478 7291 9815 6391 3161 911
False
4608 5501 2920 9388 8671 2345 6444 8383 7499 3511 6301 1896 3148 2786 2517 1067 2706 4715 4478 7291 9815 6391 3161 911
False
False
4608 5501 2920 9388 8671 2345 6444 8383 7499 3511 6301 1896 3148 2786 2517 1067 2706 4715 4478 7291 9815 6391
1067
False
26
4608 5501 2920 9388 8671 2345 6444 8383 7499 3511 6301 1896 3148 2786 2517 1067 2706 4715 4478 7291 9815 2259 1106 5500 8811 8763 738
28
False
8811
8811
False
4608 5501 2920 9388 8671 2345 6444 8383 7499 3511 6301 1896 3148 2786 2517 1067 2706 4715 4478 7291 9815 2259 1106 5500 8811
1106
1106
689
False
1067
4608 5501 2920 9388 8671 2345 6444 8383 7499 3511 6301 1896 3148 2786 2517 1067 2706 4715 4478 7291 9815 2259 1106 8387
False
False
False
1067
24
1067
False
1067
2547
4608 5501 2920 9388 8671 2345 6444 8383 7499 3511 6301 1896 3148 2786 2517 1067 2706 4715 4478 7291 9815 2259 2547 9337
962
False
False
False
962
False
False
False
False
False
False
3491
1067
1067
4608 5501 2920 9388 8671 2345 6444 8383 7499 3511 6301 1896 3148 2786 2517 1067 2706 4715 4478 7291 9815 2259 2547
4608 5501 2920 9388 8671 2345 6444 8383 7499 3511 6301 1896 3148 2786 2517 1067 2706 4715 4478 7291 9815 2259 2547
23
False
4608 5501 2920 9388 8671 2345 6444 8383 7499 3511 6301 1896 3148 2786 2517 1067 2706 4715 4478 7291 9815 2259 2547
False
4608 5501 2920 9388 8671 2345 6444 8383 7499 3511 6301 1896 3148 2786 2517 1067 2706 4715 4478 7291 9815 2259 2547
358
23
358
358
False
358
4608 5501 2920 9388 8671 2345 6444 8383 7499 3511 6301 1896 3148 2786 2517 1067 2706 4715 4478 7291 9815 2259
False
False
False
22
1067
4608 5501 2920 9388 8671 2345 6444 8383 7499 3511 6301 1896 3148 2786 2517 1067 2706 4715 4478 7291 9815 2259
False
False
False
1067
4608 5501 2920 9388 8671 2345 6444 8383 7499 3511 6301 1896 3148 2786 2517 1067 2706 4715 4478 7291 9815 7136
False
9815
4608 5501 2920 9388 8671 2345 6444 8383 7499 3511 6301 1896 3148 2786 2517 1067 2706 4715 4478 7291 9815 598 9053
23
598
9053
9053
9053
598
366
24
False
598
1451
1451
35
35
35
4608 5501 2920 9388 8671 2345 6444 8383 7499 3511 6301 1896 3148 2786 2517 1067 2706 4715 4478 7291 9815 598 9053 1451 35 1247 9224
4608 5501 2920 9388 8671 2345 6444 8383 7499 3511 6301 1896 3148 2786 2517 1067 2706 4715 4478 7291 9815 598 9053 1451 35 1247 9224
35
False
False
23
9053
22
False
1067
4608 5501 2920 9388 8671 2345 6444 8383 7499 3511 6301 1896 3148 2786 2517 1067 2706 4715 4478 7291 9815 4064
4608 5501 2920 9388 8671 2345 6444 8383 7499 3511 6301 1896 3148 2786 2517 1067 2706 4715 4478 7291 9815 4064
22
23
23
False
4608 5501 2920 9388 8671 2345 6444 8383 7499 3511 6301 1896 3148 2786 2517 1067 2706 4715 4478 7291 9815 4064
1067
4608 5501 2920 9388 8671 2345 6444 8383 7499 3511 6301 1896 3148 2786 2517 1067 2706 4715 4478 7291 9815
7291
4715
False
False
4715
1067
False
False
4608 5501 2920 9388 8671 2345 6444 8383 7499 3511 6301 1896 3148 2786 2517 1067 2706 4715 2007 9777
False
False
False
1067
False
4608 5501 2920 9388 8671 2345 6444 8383 7499 3511 6301 1896 3148 2786 2517 1067 2706 4715 2007 9777 8326
False
1067
False
4608 5501 2920 9388 8671 2345 6444 8383 7499 3511 6301 1896 3148 2786 2517 1067 2706 4715 2007 9777 8326 9585 7011
1067
4608 5501 2920 9388 8671 2345 6444 8383 7499 3511 6301 1896 3148 2786 2517 1067 2706 4715 2007 9777
4608 5501 2920 9388 8671 2345 6444 8383 7499 3511 6301 1896 3148 2786 2517 1067 2706 4715 2007 9777
4608 5501 2920 9388 8671 2345 6444 8383 7499 3511 6301 1896 3148 2786 2517 1067 2706 4715 2007 9777 7878
False
21
4608 5501 2920 9388 8671 2345 6444 8383 7499 3511 6301 1896 3148 2786 2517 1067 2706 4715 2007 9777 7878
9777
1067
4608 5501 2920 9388 8671 2345 6444 8383 7499 3511 6301 1896 3148 2786 2517 1067 2706 4715
False
False
4608 5501 2920 9388 8671 2345 6444 8383 7499 3511 6301 1896 3148 2786 2517 1067 2706 4715
18
18
False
4150
1896
False
4608 5501 2920 9388 8671 2345 6444 8383 7499 3511 6301 1896 3148 2786
False
1896
4608 5501 2920 9388 8671 2345 6444 8383 7499 3511 6301 1896 3148 9012
14
False
15
3347
3347
False
False
4608 5501 2920 9388 8671 2345 6444 8383 7499 3511 6301 1896 3148 9012 3347
False
1896
False
1896
1896
False
4608 5501 2920 9388 8671 2345 6444 8383 7499 3511 6301 1896 3148 9012 3347 4155 7024
False
4608 5501 2920 9388 8671 2345 6444 8383 7499 3511 6301 1896 3148 9012 3347 4155 7024
False
4608 5501 2920 9388 8671 2345 6444 8383 7499 3511 6301 1896 3148 9012 3347 4155 7024
16
1002
4608 5501 2920 9388 8671 2345 6444 8383 7499 3511 6301 1896 3148 9012 3347 4155 1002
17
1002
False
1002
4608 5501 2920 9388 8671 2345 6444 8383 7499 3511 6301 1896 3148 9012 3347 4155 1002
False
4608 5501 2920 9388 8671 2345 6444 8383 7499 3511 6301 1896 3148 9012 3347 4155 7695
20
4511
4109
False
21
4608 5501 2920 9388 8671 2345 6444 8383 7499 3511 6301 1896 3148 9012 3347 4155 7695 624 428 4511 4109 6215
22
False
False
428
4608 5501 2920 9388 8671 2345 6444 8383 7499 3511 6301 1896 3148 9012 3347 4155 7695 624 428 4511 4109 6215 4875 3534
4608 5501 2920 9388 8671 2345 6444 8383 7499 3511 6301 1896 3148 9012 3347 4155 7695 624 428 4511 4109 6215 4875 3534
9150
4608 5501 2920 9388 8671 2345 6444 8383 7499 3511 6301 1896 3148 9012 3347 4155 7695 624 428 4511 4109 6215 9150
4608 5501 2920 9388 8671 2345 6444 8383 7499 3511 6301 1896 3148 9012 3347 4155 7695 624 428 4511 4109 6215
22
False
False
False
4608 5501 2920 9388 8671 2345 6444 8383 7499 3511 6301 1896 3148 9012 3347 4155 7695 624 428 4511 4109 6215
6215
4608 5501 2920 9388 8671 2345 6444 8383 7499 3511 6301 1896 3148 9012 3347 4155 7695 624 428 4511 4109 6215
428
6215
False
False
False
False
428
False
False
4608 5501 2920 9388 8671 2345 6444 8383 7499 3511 6301 1896 3148 9012 3347 4155 7695 624 428 4511 4109 7892 6581 8553
False
4608 5501 2920 9388 8671 2345 6444 8383 7499 3511 6301 1896 3148 9012 3347 4155 7695 624 428 4511 4109 7892 6581
False
428
False
7892
428
False
False
23
False
4608 5501 2920 9388 8671 2345 6444 8383 7499 3511 6301 1896 3148 9012 3347 4155 7695 624 428 4511 4109 7892 8803 6868 6394 9712 2299
9712
4608 5501 2920 9388 8671 2345 6444 8383 7499 3511 6301 1896 3148 9012 3347 4155 7695 624 428 4511 4109 7892 8803 6868 6394 9712
False
9712
False
26
428
428
6394
4608 5501 2920 9388 8671 2345 6444 8383 7499 3511 6301 1896 3148 9012 3347 4155 7695 624 428 4511 4109 7892 8803 6868 6394
428
False
24
428
23
False
23
False
126
25
False
126
2847
6335
False
126
126
False
False
4608 5501 2920 9388 8671 2345 6444 8383 7499 3511 6301 1896 3148 9012 3347 4155 7695 624 428 4511 4109 7892 8803 126
False
23
False
23
4608 5501 2920 9388 8671 2345 6444 8383 7499 3511 6301 1896 3148 9012 3347 4155 7695 624 428 4511 4109
4608 5501 2920 9388 8671 2345 6444 8383 7499 3511 6301 1896 3148 9012 3347 4155 7695 624 428 4511 4109 2238 9614
428
4608 5501 2920 9388 8671 2345 6444 8383 7499 3511 6301 1896 3148 9012 3347 4155 7695 624 428 4511 4109 2238 9614 6486 4724
4608 5501 2920 9388 8671 2345 6444 8383 7499 3511 6301 1896 3148 9012 3347 4155 7695 624 428 4511 4109 2238 9614 6486 4724
4608 5501 2920 9388 8671 2345 6444 8383 7499 3511 6301 1896 3148 9012 3347 4155 7695 624 428 4511 4109 2238 9614 6486 4724 1951
False
428
428
4608 5501 2920 9388 8671 2345 6444 8383 7499 3511 6301 1896 3148 9012 3347 4155 7695 624 428 4511 4109 2238 9614 6486 4724 1951 1545 7049
False
False
3841
False
4608 5501 2920 9388 8671 2345 6444 8383 7499 3511 6301 1896 3148 9012 3347 4155 7695 624 428 4511 4109 2238 9614 6486 4724 1951 1545 3841
2607
4045
4608 5501 2920 9388 8671 2345 6444 8383 7499 3511 6301 1896 3148 9012 3347 4155 7695 624 428 4511 4109 2238 9614 6486 4724 1951 2607 6255
29
428
8029
30
4608 5501 2920 9388 8671 2345 6444 8383 7499 3511 6301 1896 3148 9012 3347 4155 7695 624 428 4511 4109 2238 9614 6486 4724 1951 2607 8252 8029 6469
False
30
4608 5501 2920 9388 8671 2345 6444 8383 7499 3511 6301 1896 3148 9012 3347 4155 7695 624 428 4511 4109 2238 9614 6486 4724 1951 2607 8252 8029 6469 9438
4608 5501 2920 9388 8671 2345 6444 8383 7499 3511 6301 1896 3148 9012 3347 4155 7695 624 428 4511 4109 2238 9614 6486 4724 1951 2607 8252 8029 6469 9438
428
428
4608 5501 2920 9388 8671 2345 6444 8383 7499 3511 6301 1896 3148 9012 3347 4155 7695 624 428 4511 4109 2238 9614 6486 4724 1951 2607 8252 8029 6469 6459
4608 5501 2920 9388 8671 2345 6444 8383 7499 3511 6301 1896 3148 9012 3347 4155 7695 624 428 4511 4109 2238 9614 6486 4724 1951 2607 8252 8029 6469 6459
4947
428
4608 5501 2920 9388 8671 2345 6444 8383 7499 3511 6301 1896 3148 9012 3347 4155 7695 624 428 4511 4109 2238 9614 6486 4724 1951 2607 8252 8029 6469 6459 4947
4947
428
4947
False
31
False
428
428
428
8930
4608 5501 2920 9388 8671 2345 6444 8383 7499 3511 6301 1896 3148 9012 3347 4155 7695 624 428 4511 4109 2238 9614 6486 4724 1951 2607 8252 8029 6469 6459 8930
428
4608 5501 2920 9388 8671 2345 6444 8383 7499 3511 6301 1896 3148 9012 3347 4155 7695 624 428 4511 4109 2238 9614 6486 4724 1951 2607 8252 8029 6469 6459 8930
8930
30
4608 5501 2920 9388 8671 2345 6444 8383 7499 3511 6301 1896 3148 9012 3347 4155 7695 624 428 4511 4109 2238 9614 6486 4724 1951 2607 8252 8029 6469 9500 6104
4608 5501 2920 9388 8671 2345 6444 8383 7499 3511 6301 1896 3148 9012 3347 4155 7695 624 428 4511 4109 2238 9614 6486 4724 1951 2607 8252 8029 6469 9500 6104
False
6104
False
6104
4608 5501 2920 9388 8671 2345 6444 8383 7499 3511 6301 1896 3148 9012 3347 4155 7695 624 428 4511 4109 2238 9614 6486 4724 1951 2607 8252 8029 6469 9500 6104
False
81
False
4608 5501 2920 9388 8671 2345 6444 8383 7499 3511 6301 1896 3148 9012 3347 4155 7695 624 428 4511 4109 2238 9614 6486 4724 1951 2607 8252 8029 6469 9500 6104 384
4608 5501 2920 9388 8671 2345 6444 8383 7499 3511 6301 1896 3148 9012 3347 4155 7695 624 428 4511 4109 2238 9614 6486 4724 1951 2607 8252 8029 6469 9500 6104 384 42
145
False
1031
False
4608 5501 2920 9388 8671 2345 6444 8383 7499 3511 6301 1896 3148 9012 3347 4155 7695 624 428 4511 4109 2238 9614 6486 4724 1951 2607 8252 8029 6469 9500 6104 384 42 8913 1031 7598
False
False
False
42
False
42
4608 5501 2920 9388 8671 2345 6444 8383 7499 3511 6301 1896 3148 9012 3347 4155 7695 624 428 4511 4109 2238 9614 6486 4724 1951 2607 8252 8029 6469 9500 6104 384 42 8913 1031 7598
False
7598
False
4608 5501 2920 9388 8671 2345 6444 8383 7499 3511 6301 1896 3148 9012 3347 4155 7695 624 428 4511 4109 2238 9614 6486 4724 1951 2607 8252 8029 6469 9500 6104 384 42 8913 1031 7598
36
False
36
36
42
False
42
37
37
4608 5501 2920 9388 8671 2345 6444 8383 7499 3511 6301 1896 3148 9012 3347 4155 7695 624 428 4511 4109 2238 9614 6486 4724 1951 2607 8252 8029 6469 9500 6104 384 42 8913 1031 8403
42
8403
38
2932
8403
8403
8403
8403
37
8403
8403
False
8403
False
1031
37
False
37
False
3651
3651
3651
42
3651
False
37
4608 5501 2920 9388 8671 2345 6444 8383 7499 3511 6301 1896 3148 9012 3347 4155 7695 624 428 4511 4109 2238 9614 6486 4724 1951 2607 8252 8029 6469 9500 6104 384 42 8913 1031 3651
False
False
8499
False
4608 5501 2920 9388 8671 2345 6444 8383 7499 3511 6301 1896 3148 9012 3347 4155 7695 624 428 4511 4109 2238 9614 6486 4724 1951 2607 8252 8029 6469 9500 6104 384 42 8913 1031 3651 8499
4608 5501 2920 9388 8671 2345 6444 8383 7499 3511 6301 1896 3148 9012 3347 4155 7695 624 428 4511 4109 2238 9614 6486 4724 1951 2607 8252 8029 6469 9500 6104 384 42 8913 1031 3651 8499
4608 5501 2920 9388 8671 2345 6444 8383 7499 3511 6301 1896 3148 9012 3347 4155 7695 624 428 4511 4109 2238 9614 6486 4724 1951 2607 8252 8029 6469 9500 6104 384 42 8913 1031 3651 8499
42
3651
3651
4608 5501 2920 9388 8671 2345 6444 8383 7499 3511 6301 1896 3148 9012 3347 4155 7695 624 428 4511 4109 2238 9614 6486 4724 1951 2607 8252 8029 6469 9500 6104 384 42 8913 1031 3651
42
False
False
False
37
5994
38
6724
False
False
42
4608 5501 2920 9388 8671 2345 6444 8383 7499 3511 6301 1896 3148 9012 3347 4155 7695 624 428 4511 4109 2238 9614 6486 4724 1951 2607 8252 8029 6469 9500 6104 384 42 8913 1031 5994 2439 6724 5214
4608 5501 2920 9388 8671 2345 6444 8383 7499 3511 6301 1896 3148 9012 3347 4155 7695 624 428 4511 4109 2238 9614 6486 4724 1951 2607 8252 8029 6469 9500 6104 384 42 8913 1031 5994 2439
False
39
42
4608 5501 2920 9388 8671 2345 6444 8383 7499 3511 6301 1896 3148 9012 3347 4155 7695 624 428 4511 4109 2238 9614 6486 4724 1951 2607 8252 8029 6469 9500 6104 384 42 8913 1031 5994 2439 6286
39
4608 5501 2920 9388 8671 2345 6444 8383 7499 3511 6301 1896 3148 9012 3347 4155 7695 624 428 4511 4109 2238 9614 6486 4724 1951 2607 8252 8029 6469 9500 6104 384 42 8913 1031 5994 2439 6286
False
False
810
False
4608 5501 2920 9388 8671 2345 6444 8383 7499 3511 6301 1896 3148 9012 3347 4155 7695 624 428 4511 4109 2238 9614 6486 4724 1951 2607 8252 8029 6469 9500 6104 384 42 8913 1031 5994 2439 6286 9896
4608 5501 2920 9388 8671 2345 6444 8383 7499 3511 6301 1896 3148 9012 3347 4155 7695 624 428 4511 4109 2238 9614 6486 4724 1951 2607 8252 8029 6469 9500 6104 384 42 8913 1031 5994 2439 6286 9896
False
4608 5501 2920 9388 8671 2345 6444 8383 7499 3511 6301 1896 3148 9012 3347 4155 7695 624 428 4511 4109 2238 9614 6486 4724 1951 2607 8252 8029 6469 9500 6104 384 42 8913 1031 5994 2439
5994
5994
1031
False
42
38
1579
3914
4608 5501 2920 9388 8671 2345 6444 8383 7499 3511 6301 1896 3148 9012 3347 4155 7695 624 428 4511 4109 2238 9614 6486 4724 1951 2607 8252 8029 6469 9500 6104 384 42 8913 1031 3914 8467
False
38
8467
38
37
False
8913
False
7502
34
384
4608 5501 2920 9388 8671 2345 6444 8383 7499 3511 6301 1896 3148 9012 3347 4155 7695 624 428 4511 4109 2238 9614 6486 4724 1951 2607 8252 8029 6469 9500 6104 384 8781
False
384
4608 5501 2920 9388 8671 2345 6444 8383 7499 3511 6301 1896 3148 9012 3347 4155 7695 624 428 4511 4109 2238 9614 6486 4724 1951 2607 8252 8029 6469 9500 6104 384 8781 4933
4933
4608 5501 2920 9388 8671 2345 6444 8383 7499 3511 6301 1896 3148 9012 3347 4155 7695 624 428 4511 4109 2238 9614 6486 4724 1951 2607 8252 8029 6469 9500 6104 384 8781 4933
4608 5501 2920 9388 8671 2345 6444 8383 7499 3511 6301 1896 3148 9012 3347 4155 7695 624 428 4511 4109 2238 9614 6486 4724 1951 2607 8252 8029 6469 9500 6104 384 8781 4933
35
False
False
36
False
36
34
False
384
False
4608 5501 2920 9388 8671 2345 6444 8383 7499 3511 6301 1896 3148 9012 3347 4155 7695 624 428 4511 4109 2238 9614 6486 4724 1951 2607 8252 8029 6469 9500 6104 384 8781
False
8781
False
384
6207
1905
1905
False
4608 5501 2920 9388 8671 2345 6444 8383 7499 3511 6301 1896 3148 9012 3347 4155 7695 624 428 4511 4109 2238 9614 6486 4724 1951 2607 8252 8029 6469 9500 6104 384 8781 6207
False
384
384
4608 5501 2920 9388 8671 2345 6444 8383 7499 3511 6301 1896 3148 9012 3347 4155 7695 624 428 4511 4109 2238 9614 6486 4724 1951 2607 8252 8029 6469 9500 6104 384 8781 6207
False
False
6104
False
4608 5501 2920 9388 8671 2345 6444 8383 7499 3511 6301 1896 3148 9012 3347 4155 7695 624 428 4511 4109 2238 9614 6486 4724 1951 2607 8252 8029 6469 9500
31
428
9500
4608 5501 2920 9388 8671 2345 6444 8383 7499 3511 6301 1896 3148 9012 3347 4155 7695 624 428 4511 4109 2238 9614 6486 4724 1951 2607 8252 8029 6469 9500
9500
False
False
31
9500
False
28
428
428
False
False
428
30
428
4608 5501 2920 9388 8671 2345 6444 8383 7499 3511 6301 1896 3148 9012 3347 4155 7695 624 428 4511 4109 2238 9614 6486 4724 1951 2607 8252 6126
False
3170
False
428
31
False
6266
False
31
4608 5501 2920 9388 8671 2345 6444 8383 7499 3511 6301 1896 3148 9012 3347 4155 7695 624 428 4511 4109 2238 9614 6486 4724 1951 2607 8252 6126 7759 6266
False
False
4608 5501 2920 9388 8671 2345 6444 8383 7499 3511 6301 1896 3148 9012 3347 4155 7695 624 428 4511 4109 2238 9614 6486 4724 1951 2607 8252 6126 7759 6266 1285
False
False
428
4608 5501 2920 9388 8671 2345 6444 8383 7499 3511 6301 1896 3148 9012 3347 4155 7695 624 428 4511 4109 2238 9614 6486 4724 1951 2607 8252 6126 7759 6266 1285
False
428
False
31
4608 5501 2920 9388 8671 2345 6444 8383 7499 3511 6301 1896 3148 9012 3347 4155 7695 624 428 4511 4109 2238 9614 6486 4724 1951 2607 8252 6126 968 411 6713
4608 5501 2920 9388 8671 2345 6444 8383 7499 3511 6301 1896 3148 9012 3347 4155 7695 624 428 4511 4109 2238 9614 6486 4724 1951 2607 8252 6126 968 411 6713 2227
4608 5501 2920 9388 8671 2345 6444 8383 7499 3511 6301 1896 3148 9012 3347 4155 7695 624 428 4511 4109 2238 9614 6486 4724 1951 2607 8252 6126 968 411 6713
411
4608 5501 2920 9388 8671 2345 6444 8383 7499 3511 6301 1896 3148 9012 3347 4155 7695 624 428 4511 4109 2238 9614 6486 4724 1951 2607 8252 6126 968 411
False
False
32
4608 5501 2920 9388 8671 2345 6444 8383 7499 3511 6301 1896 3148 9012 3347 4155 7695 624 428 4511 4109 2238 9614 6486 4724 1951 2607 8252 6126 968 411 1128 6096
6096
False
4608 5501 2920 9388 8671 2345 6444 8383 7499 3511 6301 1896 3148 9012 3347 4155 7695 624 428 4511 4109 2238 9614 6486 4724 1951 2607 8252 6126 968 411 1128 6096
33
33
4608 5501 2920 9388 8671 2345 6444 8383 7499 3511 6301 1896 3148 9012 3347 4155 7695 624 428 4511 4109 2238 9614 6486 4724 1951 2607 8252 6126 968 411 1128 6096
4608 5501 2920 9388 8671 2345 6444 8383 7499 3511 6301 1896 3148 9012 3347 4155 7695 624 428 4511 4109 2238 9614 6486 4724 1951 2607 8252 6126 968 411 1128 6096
False
False
False
36
False
4608 5501 2920 9388 8671 2345 6444 8383 7499 3511 6301 1896 3148 9012 3347 4155 7695 624 428 4511 4109 2238 9614 6486 4724 1951 2607 8252 6126 968 411 1128 7879 3729 1437
35
411
False
411
False
3997
3997
False
411
411
411
3777
411
37
411
False
False
6257
False
37
False
411
36
36
36
411
4608 5501 2920 9388 8671 2345 6444 8383 7499 3511 6301 1896 3148 9012 3347 4155 7695 624 428 4511 4109 2238 9614 6486 4724 1951 2607 8252 6126 968 411 1128 7879 3729 2564
False
4608 5501 2920 9388 8671 2345 6444 8383 7499 3511 6301 1896 3148 9012 3347 4155 7695 624 428 4511 4109 2238 9614 6486 4724 1951 2607 8252 6126 968 411 1128 7879 3729 2564
False
False
4608 5501 2920 9388 8671 2345 6444 8383 7499 3511 6301 1896 3148 9012 3347 4155 7695 624 428 4511 4109 2238 9614 6486 4724 1951 2607 8252 6126 968 411 1128 7879
False
False
34
34
4608 5501 2920 9388 8671 2345 6444 8383 7499 3511 6301 1896 3148 9012 3347 4155 7695 624 428 4511 4109 2238 9614 6486 4724 1951 2607 8252 6126 968 411 1128 7879 7542
411
4608 5501 2920 9388 8671 2345 6444 8383 7499 3511 6301 1896 3148 9012 3347 4155 7695 624 428 4511 4109 2238 9614 6486 4724 1951 2607 8252 6126 968 411 1128 7879 7542 4812
False
4608 5501 2920 9388 8671 2345 6444 8383 7499 3511 6301 1896 3148 9012 3347 4155 7695 624 428 4511 4109 2238 9614 6486 4724 1951 2607 8252 6126 968 411 1128 7879 7542
4608 5501 2920 9388 8671 2345 6444 8383 7499 3511 6301 1896 3148 9012 3347 4155 7695 624 428 4511 4109 2238 9614 6486 4724 1951 2607 8252 6126 968 411 1128 7879
411
33
False
False
968
4608 5501 2920 9388 8671 2345 6444 8383 7499 3511 6301 1896 3148 9012 3347 4155 7695 624 428 4511 4109 2238 9614 6486 4724 1951 2607 8252 6126 5167
False
False
6126
False
2607
False
29
4724
25
False
4608 5501 2920 9388 8671 2345 6444 8383 7499 3511 6301 1896 3148 9012 3347 4155 7695 624 428 4511 4109 2238 9614 6486
4608 5501 2920 9388 8671 2345 6444 8383 7499 3511 6301 1896 3148 9012 3347 4155 7695 624 428 4511 4109 2238 9614 6486
False
False
False
False
22
4608 5501 2920 9388 8671 2345 6444 8383 7499 3511 6301 1896 3148 9012 3347 4155 7695 624 428 4511 9306 9913
9913
False
23
112
False
19
428
False
624
624
4608 5501 2920 9388 8671 2345 6444 8383 7499 3511 6301 1896 3148 9012 3347 4155 7695 624 3581
19
624
2652
20
4608 5501 2920 9388 8671 2345 6444 8383 7499 3511 6301 1896 3148 9012 3347 4155 7695 624 3581 2652
1896
False
4608 5501 2920 9388 8671 2345 6444 8383 7499 3511 6301 1896 3148 9012 3347 4155 7695
1896
4608 5501 2920 9388 8671 2345 6444 8383 7499 3511 6301 1896 3148 9012 3347 4155 7695 8363 2753
False
False
False
False
125
4094
125
False
7610
4608 5501 2920 9388 8671 2345 6444 8383 7499 3511 6301 1896 3148 9012 3347 4155 7695 8363 6505 125 7610
False
False
False
4608 5501 2920 9388 8671 2345 6444 8383 7499 3511 6301 1896 3148 9012 3347 4155 7695 8363 6505 125 7610 3953 2269
2269
4608 5501 2920 9388 8671 2345 6444 8383 7499 3511 6301 1896 3148 9012 3347 4155 7695 8363 6505 125 7610 3953 2269
125
False
3953
125
125
21
False
False
21
125
False
4608 5501 2920 9388 8671 2345 6444 8383 7499 3511 6301 1896 3148 9012 3347 4155 7695 8363 6505 125 8456
8456
False
20
False
4155
4155
1896
False
False
False
6831
4608 5501 2920 9388 8671 2345 6444 8383 7499 3511 6301 1896 3148 9012 3347 9007 6714 6831 8653
False
False
False
1896
4608 5501 2920 9388 8671 2345 6444 8383 7499 3511 6301 1896 3148 9012 3347 9007 6714 6831 1590
4608 5501 2920 9388 8671 2345 6444 8383 7499 3511 6301 1896 3148 9012 3347 9007 6714 6831 1590
1590
1590
1590
False
3821
1590
20
False
19
20
3819
1590
1590
4608 5501 2920 9388 8671 2345 6444 8383 7499 3511 6301 1896 3148 9012 3347 9007 6714 6831 1590 9526 3819 4234
9526
False
False
False
20
1590
20
False
1590
1590
False
4608 5501 2920 9388 8671 2345 6444 8383 7499 3511 6301 1896 3148 9012 3347 9007 6714 6831 1590 2885
4608 5501 2920 9388 8671 2345 6444 8383 7499 3511 6301 1896 3148 9012 3347 9007 6714 6831 1590 2885
20
20
1590
False
1896
False
False
4608 5501 2920 9388 8671 2345 6444 8383 7499 3511 6301 1896 3148 9012 3347 9007 6714
False
17
4608 5501 2920 9388 8671 2345 6444 8383 7499 3511 6301 1896 3148 9012 3347 9007 6714 7672
9007
18
1284
1896
1896
False
4608 5501 2920 9388 8671 2345 6444 8383 7499 3511 6301 1896 3148 9012 3347 9007 3872
4608 5501 2920 9388 8671 2345 6444 8383 7499 3511 6301 1896 3148 9012 3347 9007
False
16
16
9007
1896
False
False
490
490
False
490
18
7844
False
19
4608 5501 2920 9388 8671 2345 6444 8383 7499 3511 6301 1896 3148 9012 3347 9007 490 1514 7844 6785
21
False
7844
19
4608 5501 2920 9388 8671 2345 6444 8383 7499 3511 6301 1896 3148 9012 3347 9007 490 1514 7844
False
5297
4608 5501 2920 9388 8671 2345 6444 8383 7499 3511 6301 1896 3148 9012 3347 9007 490 4348 2913 5297
5297
4608 5501 2920 9388 8671 2345 6444 8383 7499 3511 6301 1896 3148 9012 3347 9007 490 4348 2913 5297
4608 5501 2920 9388 8671 2345 6444 8383 7499 3511 6301 1896 3148 9012 3347 9007 490 4348 2913 5297 365 2763
4608 5501 2920 9388 8671 2345 6444 8383 7499 3511 6301 1896 3148 9012 3347 9007 490 4348 2913 5297 365 2763
False
4608 5501 2920 9388 8671 2345 6444 8383 7499 3511 6301 1896 3148 9012 3347 9007 490 4348 2913 5297 365 6302 3733 1814
1814
365
24
False
False
23
22
False
23
False
9258
6302
365
4608 5501 2920 9388 8671 2345 6444 8383 7499 3511 6301 1896 3148 9012 3347 9007 490 4348 2913 5297 365 6302 4983 1915 5588
False
False
365
False
False
25
False
False
365
8265
False
False
26
27
7280
9335
26
False
False
25
25
4608 5501 2920 9388 8671 2345 6444 8383 7499 3511 6301 1896 3148 9012 3347 9007 490 4348 2913 5297 365 6302 4983 1915 5588
False
False
4608 5501 2920 9388 8671 2345 6444 8383 7499 3511 6301 1896 3148 9012 3347 9007 490 4348 2913 5297 365 6302 4983 1915 5588 772
772
False
False
365
3899
365
False
23
4983
False
365
False
False
4811
25
False
6915
False
11
False
4608 5501 2920 9388 8671 2345 6444 8383 7499 3511 6301 1896 3148 9012 3347 9007 490 4348 2913 5297 365 6302
22
4542
7952
False
7952
False
8525
8573
365
365
4608 5501 2920 9388 8671 2345 6444 8383 7499 3511 6301 1896 3148 9012 3347 9007 490 4348 2913 5297 365 4542
False
4542
22
4608 5501 2920 9388 8671 2345 6444 8383 7499 3511 6301 1896 3148 9012 3347 9007 490 4348 2913 5297 365 4542
365
365
365
4608 5501 2920 9388 8671 2345 6444 8383 7499 3511 6301 1896 3148 9012 3347 9007 490 4348 2913 5297 365
7925
4608 5501 2920 9388 8671 2345 6444 8383 7499 3511 6301 1896 3148 9012 3347 9007 490 4348 2913 5297 365
365
21
False
490
False
490
20
20
4608 5501 2920 9388 8671 2345 6444 8383 7499 3511 6301 1896 3148 9012 3347 9007 490 4348 2913 5297 5540
5540
False
False
490
490
18
4608 5501 2920 9388 8671 2345 6444 8383 7499 3511 6301 1896 3148 9012 3347 9007 490 5177
False
490
18
490
490
4608 5501 2920 9388 8671 2345 6444 8383 7499 3511 6301 1896 3148 9012 3347 9007 490 5177
5177
False
False
18
9007
False
4608 5501 2920 9388 8671 2345 6444 8383 7499 3511 6301 1896 3148 9012 3347 9881 5852
False
4608 5501 2920 9388 8671 2345 6444 8383 7499 3511 6301 1896 8051
False
13
12
False
11
2345
11
4608 5501 2920 9388 8671 2345 6444 8383 7499 3511 6301
False
6301
2475
5177
False
2345
4608 5501 2920 9388 8671 2345 6444 8383 7499 3511 6301 2475 5177
False
7499
False
False
8
False
9
8383
False
False
False
False
1913
False
4608 5501 2920 9388 8671 2345
False
4608 5501 2920 9388 8671 2345
2345
6
6
2920
4608 5501 2920 9388 8671
9388
False
2920
False
False
2
True
Empty
Empty
False
False
0
0
False
True
1
False
False
2836 2595
2595
False
False
2836 2595 5347
False
2595
3
2
2836 2595
False
False
2
2836
0
1
True
0
True
False
False
2
1980
5
1980
1980
1980
260
260
False
False
False
260
False
260
False
False
6483
6483 5795
6047
False
False
False
3580
3580
6483 5795 6047 3580
False
False
6483 5795 6047 4085 9524 6655 5389 9299
9299
False
False
6544
6483 5795 6047 4085 9524 6655 5389 9299 6544
4085
9
False
4085
10
6483 5795 6047 4085 9524 6655 5389 9299 6544 3042
10
3042
3042
6483 5795 6047 4085 9524 6655 5389 9299 6544
1715
6483 5795 6047 4085 9524 6655 5389 9299 6544
6483 5795 6047 4085 9524 6655 5389 9299 6544
False
False
False
False
4085
5248
False
6483 5795 6047 4085 9524 6655 5389 9299 6544 5294 5248
6544
6
6483 5795 6047 4085 9524
6
6483 5795 6047 4085 9524 8225 6620 562
4085
4085
6
False
False
6483 5795 6047 4085 4610 123
123
6
6483 5795 6047 4085 4610 123
False
False
4085
6483 5795 6047 4085
6483 5795 6047 4085
False
4085
6
False
6483 5795 6047 4085 9751 6975 7047
6975
4085
7393
7393
False
5
False
False
653
653
4085
False
7
5760
4085
5760
1048
5760
False
False
False
5760
6483 5795 6047 4085 9191 6106 9504 5595
9
9
7819
6483 5795 6047 4085 9191 6106 9504 5595 7819
6483 5795 6047 4085 9191 6106 9504 5595
6483 5795 6047 4085 9191 6106 9504
9504
False
6483 5795 6047 4085 9191 6106 9504
False
1535
False
False

Empty
True
Empty
True
Empty
1
8087
1
6579
False
False
False
8087 6579 6298 4670 1778
1778
False
4670
6298
False
342
False
342
8087 6579 6298 3205
3
884
884
884
8087 6579 884 9046 1040
884
False
8087 6579
0
Empty
1
False
False
2
2391
4
9089 2391 8461 6387
9089 2391 8461 6387
9089 2391 8461
2391
False
9089 2391 5400 2687 1578
9089 2391 5400 2687 1578 6230
6
6230
False
False
6
6
9089 2391 5400 2687 343 7175
343
False
343
9089 2391 5400 2687 343
False
343
False
False
False
5
343
9089 2391 5400 2687 343 4957
6
False
False
False
False
7588
7588
9089 2391 5400 2687 343 4957 7588
False
False
343
False
761
False
False
7588
False
343
False
7
7588
False
7588
False
7
7
False
9089 2391 5400 2687
2687
False
4
False
2391
False
False
False
2391
9089 2391 5510
9089 2391 5510
False
58
False
False
9089 2391 5510 58 2211
False
False
9089 2391 5510 58 2211
9089 2391 5510 58 2211 6034
6034
58
False
False
9089 2391 5510 58 2211 6034
False
6
58
False
9089 2391 5510
5510
False
False
9089 2391 5510 8452 3813
9089 2391 5510 8452 3813
2391
5
False
2391
2872
False
5
9089 2391 5510 8452
8452
4
False
2
9089
False
9089 4568 9839
4111
9089 4568 4111
False
False
2
1917
False
False
1917
1917
1917
1917

0
Empty
True

0
False
Empty


True
False
Empty
False
5363
5363
6748 5363
7257
6748
6748
3602
6748 3602
1453
1453
1453
6748 3602 1453 6818 8078 9065
False
5
6748 3602 1453 6818 6016
6016
False
False
6016
6016
False
6016
1453
False
False
6748 3602 1453
False
6748
6748
False
6748 3599
9433
9433
6748 3599 9433
2
6748
6748 2065
False
2065
4970
8254
8254
2065
2065
2065
2065
6748 2065
6748 2065
False
2
6748
0
False
0
1
False
7928
False


5606
False
4917
False
4
4917 3160 4517 9473
False
3058
False
False
False
4917 3160 4517 9473 3058 2861 5064
7
4917 3160 4517 9473 3058 2861 5064
4917 3160 4517 9473 3058 2861 5064 4766 2877
False
4917 3160 4517 9473 3058 2861 5064 4766 2877
3874
4917 3160 4517 9473 3058 2861 5064 4766 2877 3874 8862
False
2861
4917 3160 4517 9473 3058 2861 5064 4766 2877
False
6
2861
3058
False
False
4917 3160 4517 9473
4917 3160 4517 9473
8415
4917 3160 4517 8415
403
403
403
403
False
6123
6123
63
63
False
4917 3160 4517 403 5668 5942 3515 63
63
4917 3160 4517 403 5668 5942 3515 63
4917 3160 4517 403 5668 5942 3515 63 4145
63
9
False
4917 3160 4517 403 5668 5942 3515 63 4145
4145
63
63
9
63
7
403
4917
4917
4917
4917
Empty
0
Empty
False
0
Empty
Empty
False
Empty
False
4065
4065
Empty
1
1
183
False
1948 183 7973
False
7973
2
1
False
1948
1948
False
False
4
789
4121
4
1948
2
1948 2235
2235
1948
1948
False
False
1948
False
1948
3
False
1948 2235
1948
1948 2235
False
4
1948 2235 3326 6740
1948
False
1948 2235 3326 6740 2287
False
5
5
2287
1948
False
False
1948 2235 3326 6740
1948
6740
False
False
8418
1948

Empty
Empty
Empty
Empty
True
False
False


Empty
True
True
True
False
Empty
False
6888
1
1
6888
1
1
False
6888
6888
6888
6888
6888
False
True
Empty
Empty

0

Empty
False
0
False
7403
True
1
False
6516
6516

True
True
0
True

0
Empty
5723
False

False

False

Empty

Empty
Empty
True
False
5896
2411
5896
2411 5896
2411
False
2411
False
False
4
2411
6744
False
2411 5896 4457 6744
2411 5896 4457 6744
2411 5896 4457 6744
4
3
3
2411 5896 4457
False
2411
2411 5896 1122
2411 5896 1122
2411
False
False
3508
9421
False
2411
False
9999
322
False
2411 5896 322
3
322
322
False
3
False
Empty

Empty

True
0
Empty
True
False
True

0
Empty
False

Empty
False
1058
6679
2
2
6679
1058
False

0
False
Empty
Empty
9294 5864 8821 4872
4872
False
5
8494
5
8494
8494
9294 5864 8821 4872 8494 4388
6
False
4388
5
9294 5864 8821 4872 8494
False
5
False
6167
False
5
3
4
5864
5
5
3177
9496
9294 5864 8821 9496 2924
9294 5864 8821 9496 2924 6998
9294 5864 8821 9496 2924 6998
9294 5864 8821 9496 2924 6998
6
9294 5864 8821 9496 2924 6998
2924
False
2833
6998
9294 5864 8821 9496 2924 6998
False
False
False
6
9294 5864 8821 9496 2924 6998
7
9294 5864 8821 9496 2924 6998 463
False
False
False
463
463
False
False
False
463
9
False
False
False
False
1513
False
9
1838
1838
False
9294 5864 8821 9496 2924 6998 463 1513 4817
False
False
4817
463
463
9294 5864 8821 9496 2924 6998 463 1513 4817 6061
False
False
9294 5864 8821 9496 2924 6998 463 1513 4817 2186 4090
12
9294 5864 8821 9496 2924 6998 463 1513 4817 2186 4090 2975
463
9294 5864 8821 9496 2924 6998 463 1513 4817 2186 4090 2975
False
2975
False
9294 5864 8821 9496 2924 6998 463 1513 4817 2186 4090 2975 4399 4514 1002 7644 2407
2407
False
16
9294 5864 8821 9496 2924 6998 463 1513 4817 2186 4090 2975 4399 4514 1002 7644 1695
False
1695
9294 5864 8821 9496 2924 6998 463 1513 4817 2186 4090 2975 4399 4514 1002 7644 1695
17
False
18
2421
463
2421
463
463
False
1218
9294 5864 8821 9496 2924 6998 463 1513 4817 2186 4090 2975 4399 4514 1002 7644 1695 9411 2421 1218
20
False
463
False
9294 5864 8821 9496 2924 6998 463 1513 4817 2186 4090 2975 4399 4514 1002 7644 1695 9411 2421 1218
1218
9294 5864 8821 9496 2924 6998 463 1513 4817 2186 4090 2975 4399 4514 1002 7644 1695 9411 2421 1218
463
1218
False
4126
463
False
7568
7568
5880
463
463
22
False
463
20
463
9294 5864 8821 9496 2924 6998 463 1513 4817 2186 4090 2975 4399 4514 1002 7644 1695 9411 2421 5102
False
20
20
False
False
463
9294 5864 8821 9496 2924 6998 463 1513 4817 2186 4090 2975 4399 4514 1002 7644 1695 9411
463
1514
9294 5864 8821 9496 2924 6998 463 1513 4817 2186 4090 2975 4399 4514 1002 7644 9001 3015 1514
False
False
19
463
4197
463
463
20
20
20
9294 5864 8821 9496 2924 6998 463 1513 4817 2186 4090 2975 4399 4514 1002 7644 9001 3015
False
False
3015
False
463
7204
False
463
False
463
False
463
7204
47
47
9294 5864 8821 9496 2924 6998 463 1513 4817 2186 4090 2975 4399 4514 1002 7644 9001 3015 1844 47
False
False
False
24
False
False
False
False
False
47
False
5257
47
47
8903
9294 5864 8821 9496 2924 6998 463 1513 4817 2186 4090 2975 4399 4514 1002 7644 9001 3015 1844 47 5257 2916 8903
3288
9294 5864 8821 9496 2924 6998 463 1513 4817 2186 4090 2975 4399 4514 1002 7644 9001 3015 1844 47 5257 2916 8903 3288
47
47
47
3288
47
24
False
9294 5864 8821 9496 2924 6998 463 1513 4817 2186 4090 2975 4399 4514 1002 7644 9001 3015 1844 47 5257 2916 8903 3288
False
4427
False
9294 5864 8821 9496 2924 6998 463 1513 4817 2186 4090 2975 4399 4514 1002 7644 9001 3015 1844 47 5257 2916 8903
23
47
23
False
False
9294 5864 8821 9496 2924 6998 463 1513 4817 2186 4090 2975 4399 4514 1002 7644 9001 3015 1844 47 5257 2916 7602
505
False
47
505
47
9294 5864 8821 9496 2924 6998 463 1513 4817 2186 4090 2975 4399 4514 1002 7644 9001 3015 1844 47 5257 2916 505 8925 9178
47
False
False
47
47
26
26
26
9294 5864 8821 9496 2924 6998 463 1513 4817 2186 4090 2975 4399 4514 1002 7644 9001 3015 1844 47 5257 2916 505 8925 9178 507
False
9294 5864 8821 9496 2924 6998 463 1513 4817 2186 4090 2975 4399 4514 1002 7644 9001 3015 1844 47 5257 2916 505 8925 9178
False
9294 5864 8821 9496 2924 6998 463 1513 4817 2186 4090 2975 4399 4514 1002 7644 9001 3015 1844 47 5257 2916 505 8925 9178
False
False
47
26
47
47
False
9294 5864 8821 9496 2924 6998 463 1513 4817 2186 4090 2975 4399 4514 1002 7644 9001 3015 1844 47 5257 2916 505 8925 9178 2998 7108
9294 5864 8821 9496 2924 6998 463 1513 4817 2186 4090 2975 4399 4514 1002 7644 9001 3015 1844 47 5257 2916 505 8925 9178 2998 7108 1490
False
False
False
47
26
27
False
27
28
9294 5864 8821 9496 2924 6998 463 1513 4817 2186 4090 2975 4399 4514 1002 7644 9001 3015 1844 47 5257 2916 505 8925 9178 2998 9728
47
47
False
False
27
9129
9178
False
47
8925
False
28
False
False
8872
25
False
25
24
505
24
False
505
False
False
False
9294 5864 8821 9496 2924 6998 463 1513 4817 2186 4090 2975 4399 4514 1002 7644 9001 3015 1844 47 5257 2916 505 9214 6482 2018
47
False
27
47
27
9338
28
47
False
9294 5864 8821 9496 2924 6998 463 1513 4817 2186 4090 2975 4399 4514 1002 7644 9001 3015 1844 47 5257 2916 505 9214 6482 2018 9338 3271
False
False
False
29
False
False
29
7212
29
False
28
False
9294 5864 8821 9496 2924 6998 463 1513 4817 2186 4090 2975 4399 4514 1002 7644 9001 3015 1844 47 5257 2916 505 9214 6482 2018 9338
False
9294 5864 8821 9496 2924 6998 463 1513 4817 2186 4090 2975 4399 4514 1002 7644 9001 3015 1844 47 5257 2916 505 9214 6482 2018 9338 6151
False
False
6151
47
47
30
30
47
47
9294 5864 8821 9496 2924 6998 463 1513 4817 2186 4090 2975 4399 4514 1002 7644 9001 3015 1844 47 5257 2916 505 9214 6482 2018
False
9294 5864 8821 9496 2924 6998 463 1513 4817 2186 4090 2975 4399 4514 1002 7644 9001 3015 1844 47 5257 2916 505 9214
False
False
22
False
47
9294 5864 8821 9496 2924 6998 463 1513 4817 2186 4090 2975 4399 4514 1002 7644 9001 3015 1844 47 5257 2916
47
9294 5864 8821 9496 2924 6998 463 1513 4817 2186 4090 2975 4399 4514 1002 7644 9001 3015 1844 47 8018
False
47
23
1673
47
9294 5864 8821 9496 2924 6998 463 1513 4817 2186 4090 2975 4399 4514 1002 7644 9001 3015 1844 47 8409 1351 1673
9294 5864 8821 9496 2924 6998 463 1513 4817 2186 4090 2975 4399 4514 1002 7644 9001 3015 1844 47 8409 1351 1673
24
False
1686
23
False
24
False
24
False
4044
1351
21
False
False
22
22
3679
3679
False
False
25
27
9294 5864 8821 9496 2924 6998 463 1513 4817 2186 4090 2975 4399 4514 1002 7644 9001 3015 1844 47 8409 3679 6677 6045 8074 8311 5571 2158
False
2158
2158
False
47
False
2158
False
False
47
5571
2090
False
8074
8074
47
9294 5864 8821 9496 2924 6998 463 1513 4817 2186 4090 2975 4399 4514 1002 7644 9001 3015 1844 47 8409 3679 6677 6045
47
9294 5864 8821 9496 2924 6998 463 1513 4817 2186 4090 2975 4399 4514 1002 7644 9001 3015 1844 47 8409 3679 6677 6045 4410
False
False
47
9294 5864 8821 9496 2924 6998 463 1513 4817 2186 4090 2975 4399 4514 1002 7644 9001 3015 1844 47 8409 3679 6677 6045
25
3009
25
False
False
9294 5864 8821 9496 2924 6998 463 1513 4817 2186 4090 2975 4399 4514 1002 7644 9001 3015 1844 47 8409 3679 6677 6045 3009 2907 5100
5535
28
47
27
47
3763
False
False
False
False
47
47
2907
47
8589
27
27
1856
9294 5864 8821 9496 2924 6998 463 1513 4817 2186 4090 2975 4399 4514 1002 7644 9001 3015 1844 47 8409 3679 6677 6045 3009 8589 1856
9294 5864 8821 9496 2924 6998 463 1513 4817 2186 4090 2975 4399 4514 1002 7644 9001 3015 1844 47 8409 3679 6677 6045 3009 8589 1856 3740
False
9294 5864 8821 9496 2924 6998 463 1513 4817 2186 4090 2975 4399 4514 1002 7644 9001 3015 1844 47 8409 3679 6677 6045 3009 8589 1856 3740
2662
30
47
False
False
9294 5864 8821 9496 2924 6998 463 1513 4817 2186 4090 2975 4399 4514 1002 7644 9001 3015 1844 47 8409 3679 6677 6045 3009 8589 1856 3740 2112
False
9294 5864 8821 9496 2924 6998 463 1513 4817 2186 4090 2975 4399 4514 1002 7644 9001 3015 1844 47 8409 3679 6677 6045 3009 8589
9294 5864 8821 9496 2924 6998 463 1513 4817 2186 4090 2975 4399 4514 1002 7644 9001 3015 1844 47 8409 3679 6677 6045 3009 8589 9907
27
26
47
8589
8589
27
27
False
False
False
False
47
False
False
47
False
9294 5864 8821 9496 2924 6998 463 1513 4817 2186 4090 2975 4399 4514 1002 7644 9001 3015 1844 47 8409 3679 6677 6045 3009 8589 3506 4391 1206 2045 5011
9294 5864 8821 9496 2924 6998 463 1513 4817 2186 4090 2975 4399 4514 1002 7644 9001 3015 1844 47 8409 3679 6677 6045 3009 8589 3506 4391 1206 2045 5011
False
False
31
False
47
False
9294 5864 8821 9496 2924 6998 463 1513 4817 2186 4090 2975 4399 4514 1002 7644 9001 3015 1844 47 8409 3679 6677 6045 3009 8589 3506 4391 1206 2045
False
7977
9294 5864 8821 9496 2924 6998 463 1513 4817 2186 4090 2975 4399 4514 1002 7644 9001 3015 1844 47 8409 3679 6677 6045 3009 8589 3506 4391 1206 2045
47
False
False
8589
False
28
47
437
47
False
9294 5864 8821 9496 2924 6998 463 1513 4817 2186 4090 2975 4399 4514 1002 7644 9001 3015 1844 47 8409 3679 6677 6045 3009 8589 9795
False
3009
False
25
6045
6045
9294 5864 8821 9496 2924 6998 463 1513 4817 2186 4090 2975 4399 4514 1002 7644 9001 3015 1844 47 8409 3679 6677 6045
False
False
9294 5864 8821 9496 2924 6998 463 1513 4817 2186 4090 2975 4399 4514 1002 7644 9001 3015 1844 47 8409 3679 6677 6045 83
False
6045
9294 5864 8821 9496 2924 6998 463 1513 4817 2186 4090 2975 4399 4514 1002 7644 9001 3015 1844 47 8409 3679 6677 6045 8134
False
False
47
6045
25
25
False
4825
False
26
47
47
27
27
27
False
9294 5864 8821 9496 2924 6998 463 1513 4817 2186 4090 2975 4399 4514 1002 7644 9001 3015 1844 47 8409 3679 6677 6045 3251 4825 2893
False
47
1831
9294 5864 8821 9496 2924 6998 463 1513 4817 2186 4090 2975 4399 4514 1002 7644 9001 3015 1844 47 8409 3679 6677 6045 3251 4825 7466 2859
9294 5864 8821 9496 2924 6998 463 1513 4817 2186 4090 2975 4399 4514 1002 7644 9001 3015 1844 47 8409 3679 6677 6045 3251 4825 7466
9294 5864 8821 9496 2924 6998 463 1513 4817 2186 4090 2975 4399 4514 1002 7644 9001 3015 1844 47 8409 3679 6677 6045 3251 4825 7466
False
False
47
47
9097
31
47
30
False
30
906
29
29
False
30
False
30
1874
False
9294 5864 8821 9496 2924 6998 463 1513 4817 2186 4090 2975 4399 4514 1002 7644 9001 3015 1844 47 8409 3679 6677 6045 3251 4825 7466 1874
False
False
False
False
False
9294 5864 8821 9496 2924 6998 463 1513 4817 2186 4090 2975 4399 4514 1002 7644 9001 3015 1844 47 8409 3679 6677 6045 3251 4825 7466 1874 2221
False
29
30
False
False
30
30
False
2221
29
28
29
9294 5864 8821 9496 2924 6998 463 1513 4817 2186 4090 2975 4399 4514 1002 7644 9001 3015 1844 47 8409 3679 6677 6045 3251 4825 7466 1874 3957
47
2886
False
False
30
9294 5864 8821 9496 2924 6998 463 1513 4817 2186 4090 2975 4399 4514 1002 7644 9001 3015 1844 47 8409 3679 6677 6045 3251 4825 7466 1874 3957 2886
30
47
30
30
9294 5864 8821 9496 2924 6998 463 1513 4817 2186 4090 2975 4399 4514 1002 7644 9001 3015 1844 47 8409 3679 6677 6045 3251 4825 7466 1874 6891 8235
30
47
47
False
6891
9294 5864 8821 9496 2924 6998 463 1513 4817 2186 4090 2975 4399 4514 1002 7644 9001 3015 1844 47 8409 3679 6677 6045 3251 4825 7466
27
47
47
26
9294 5864 8821 9496 2924 6998 463 1513 4817 2186 4090 2975 4399 4514 1002 7644 9001 3015 1844 47 8409 3679 6677 6045 3251
3251
False
9294 5864 8821 9496 2924 6998 463 1513 4817 2186 4090 2975 4399 4514 1002 7644 9001 3015 1844 47 8409 3679 6677
False
47
47
47
False
False
False
9294 5864 8821 9496 2924 6998 463 1513 4817 2186 4090 2975 4399 4514 1002 7644 9001 3015 1844 47 8409 3679 4949 3463 8850
9294 5864 8821 9496 2924 6998 463 1513 4817 2186 4090 2975 4399 4514 1002 7644 9001 3015 1844 47 8409 3679 4949 3463 8850
False
8850
False
False
False
47
False
9294 5864 8821 9496 2924 6998 463 1513 4817 2186 4090 2975 4399 4514 1002 7644 9001 3015 1844 47 8409 3679 4949 3463 8850 8360 7401 1134 5240 7064
47
9294 5864 8821 9496 2924 6998 463 1513 4817 2186 4090 2975 4399 4514 1002 7644 9001 3015 1844 47 8409 3679 4949 3463 8850 8360 7401 1134 5240 7064
False
47
False
28
False
False
False
False
47
7401
7401
False
False
27
False
47
47
False
27
False
False
28
2845
47
False
7401
False
8850
47
9294 5864 8821 9496 2924 6998 463 1513 4817 2186 4090 2975 4399 4514 1002 7644 9001 3015 1844 47 8409 3679 4949 3463 8850
False
9294 5864 8821 9496 2924 6998 463 1513 4817 2186 4090 2975 4399 4514 1002 7644 9001 3015 1844 47 8409 3679 4949 3463 8850
False
False
False
27
False
False
47
9294 5864 8821 9496 2924 6998 463 1513 4817 2186 4090 2975 4399 4514 1002 7644 9001 3015 1844 47 8409 3679 4949 3463 8850 4212 1283 4704 4969 3582
3582
47
False
False
1296
9294 5864 8821 9496 2924 6998 463 1513 4817 2186 4090 2975 4399 4514 1002 7644 9001 3015 1844 47 8409 3679 4949 3463 8850 4212 1283 4704 4969 3582 5621
47
9294 5864 8821 9496 2924 6998 463 1513 4817 2186 4090 2975 4399 4514 1002 7644 9001 3015 1844 47 8409 3679 4949 3463 8850 4212 1283 4704 4969 3582 5621 5196 6427
False
False
False
4692
False
28
5917
4040
9294 5864 8821 9496 2924 6998 463 1513 4817 2186 4090 2975 4399 4514 1002 7644 9001 3015 1844 47 8409 3679 4949 3463 8850 4212 5917 4040
9294 5864 8821 9496 2924 6998 463 1513 4817 2186 4090 2975 4399 4514 1002 7644 9001 3015 1844 47 8409 3679 4949 3463 8850 4212 5917 4040 4407 7256
9294 5864 8821 9496 2924 6998 463 1513 4817 2186 4090 2975 4399 4514 1002 7644 9001 3015 1844 47 8409 3679 4949 3463 8850 4212 5917 4040 4407
29
False
4407
9294 5864 8821 9496 2924 6998 463 1513 4817 2186 4090 2975 4399 4514 1002 7644 9001 3015 1844 47 8409 3679 4949 3463 8850 4212 5917 4040 4407
9294 5864 8821 9496 2924 6998 463 1513 4817 2186 4090 2975 4399 4514 1002 7644 9001 3015 1844 47 8409 3679 4949 3463 8850 4212 5917 4040 4407
9294 5864 8821 9496 2924 6998 463 1513 4817 2186 4090 2975 4399 4514 1002 7644 9001 3015 1844 47 8409 3679 4949 3463 8850 4212 5917 4040 4407
4407
False
4407
47
47
29
False
False
5917
47
9294 5864 8821 9496 2924 6998 463 1513 4817 2186 4090 2975 4399 4514 1002 7644 9001 3015 1844 47 8409 3679 4949 3463 8850 4212 5917
47
False
9294 5864 8821 9496 2924 6998 463 1513 4817 2186 4090 2975 4399 4514 1002 7644 9001 3015 1844 47 8409 3679 4949 3463 8850 4212 5917 5936
False
9294 5864 8821 9496 2924 6998 463 1513 4817 2186 4090 2975 4399 4514 1002 7644 9001 3015 1844 47 8409 3679 4949 3463 8850 4212 5917 5936 9706 4136
30
False
31
47
4136
9294 5864 8821 9496 2924 6998 463 1513 4817 2186 4090 2975 4399 4514 1002 7644 9001 3015 1844 47 8409 3679 4949 3463 8850 4212 5917 5936 9706 4136
9294 5864 8821 9496 2924 6998 463 1513 4817 2186 4090 2975 4399 4514 1002 7644 9001 3015 1844 47 8409 3679 4949 3463 8850 4212 5917 5936 9706 4136 8827 3345
9294 5864 8821 9496 2924 6998 463 1513 4817 2186 4090 2975 4399 4514 1002 7644 9001 3015 1844 47 8409 3679 4949 3463 8850 4212 5917 5936 9706 4136 8827 3345
47
False
False
33
9294 5864 8821 9496 2924 6998 463 1513 4817 2186 4090 2975 4399 4514 1002 7644 9001 3015 1844 47 8409 3679 4949 3463 8850 4212 5917 5936 9706 4136 8827 3345 1681 7377
False
5294
False
False
False
3054
False
38
3054
38
3054
False
9294 5864 8821 9496 2924 6998 463 1513 4817 2186 4090 2975 4399 4514 1002 7644 9001 3015 1844 47 8409 3679 4949 3463 8850 4212 5917 5936 9706 4136 8827 3345 1681 7377 9831 5294
36
9294 5864 8821 9496 2924 6998 463 1513 4817 2186 4090 2975 4399 4514 1002 7644 9001 3015 1844 47 8409 3679 4949 3463 8850 4212 5917 5936 9706 4136 8827 3345 1681 7377 9831 5294
36
9294 5864 8821 9496 2924 6998 463 1513 4817 2186 4090 2975 4399 4514 1002 7644 9001 3015 1844 47 8409 3679 4949 3463 8850 4212 5917 5936 9706 4136 8827 3345 1681 7377 9831 5294
False
False
35
47
9294 5864 8821 9496 2924 6998 463 1513 4817 2186 4090 2975 4399 4514 1002 7644 9001 3015 1844 47 8409 3679 4949 3463 8850 4212 5917 5936 9706 4136 8827 3345 1681 7377 9831
35
47
9831
False
False
2316
False
2316
False
False
35
35
35
47
7377
34
9294 5864 8821 9496 2924 6998 463 1513 4817 2186 4090 2975 4399 4514 1002 7644 9001 3015 1844 47 8409 3679 4949 3463 8850 4212 5917 5936 9706 4136 8827 3345 1681 7377
9294 5864 8821 9496 2924 6998 463 1513 4817 2186 4090 2975 4399 4514 1002 7644 9001 3015 1844 47 8409 3679 4949 3463 8850 4212 5917 5936 9706 4136 8827 3345 1681 7377
35
35
47
False
47
9294 5864 8821 9496 2924 6998 463 1513 4817 2186 4090 2975 4399 4514 1002 7644 9001 3015 1844 47 8409 3679 4949 3463 8850 4212 5917 5936 9706 4136 8827 3345 1681 7377 6986
9294 5864 8821 9496 2924 6998 463 1513 4817 2186 4090 2975 4399 4514 1002 7644 9001 3015 1844 47 8409 3679 4949 3463 8850 4212 5917 5936 9706 4136 8827 3345 1681 7377 6986
9294 5864 8821 9496 2924 6998 463 1513 4817 2186 4090 2975 4399 4514 1002 7644 9001 3015 1844 47 8409 3679 4949 3463 8850 4212 5917 5936 9706 4136 8827 3345 1681 7377
False
1681
9294 5864 8821 9496 2924 6998 463 1513 4817 2186 4090 2975 4399 4514 1002 7644 9001 3015 1844 47 8409 3679 4949 3463 8850 4212 5917 5936 9706 4136 8827 3345 1681
9294 5864 8821 9496 2924 6998 463 1513 4817 2186 4090 2975 4399 4514 1002 7644 9001 3015 1844 47 8409 3679 4949 3463 8850 4212 5917 5936 9706 4136 8827 3345 1681
47
False
False
33
1681
33
False
False
False
47
30
False
7416
False
2768
False
9294 5864 8821 9496 2924 6998 463 1513 4817 2186 4090 2975 4399 4514 1002 7644 9001 3015 1844 47 8409 3679 4949 3463 8850 4212 5917 5936 9706 2768
9294 5864 8821 9496 2924 6998 463 1513 4817 2186 4090 2975 4399 4514 1002 7644 9001 3015 1844 47 8409 3679 4949 3463 8850 4212 5917 5936 9706 2768
False
False
47
4212
9294 5864 8821 9496 2924 6998 463 1513 4817 2186 4090 2975 4399 4514 1002 7644 9001 3015 1844 47 8409 3679 4949 3463 8850
False
False
False
8850
26
False
False
False
False
False
26
47
47
False
False
9294 5864 8821 9496 2924 6998 463 1513 4817 2186 4090 2975 4399 4514 1002 7644 9001 3015 1844 47 8409 3679 4949 3463 8850 4610 5874
False
9294 5864 8821 9496 2924 6998 463 1513 4817 2186 4090 2975 4399 4514 1002 7644 9001 3015 1844 47 8409 3679 4949 3463 8850 4610 5874
27
False
9294 5864 8821 9496 2924 6998 463 1513 4817 2186 4090 2975 4399 4514 1002 7644 9001 3015 1844 47 8409 3679 4949 3463 8850 4610 8082
27
False
False
3944
9294 5864 8821 9496 2924 6998 463 1513 4817 2186 4090 2975 4399 4514 1002 7644 9001 3015 1844 47 8409 3679 4949 3463 8850 4610 8082 636 3944
False
3944
636
28
636
9294 5864 8821 9496 2924 6998 463 1513 4817 2186 4090 2975 4399 4514 1002 7644 9001 3015 1844 47 8409 3679 4949 3463 8850 4610 8082 636 4942
26
9294 5864 8821 9496 2924 6998 463 1513 4817 2186 4090 2975 4399 4514 1002 7644 9001 3015 1844 47 8409 3679 4949 3463 8850
47
4371
27
27
47
9294 5864 8821 9496 2924 6998 463 1513 4817 2186 4090 2975 4399 4514 1002 7644 9001 3015 1844 47 8409 3679 4949
False
47
21
47
False
6917
9294 5864 8821 9496 2924 6998 463 1513 4817 2186 4090 2975 4399 4514 1002 7644 9001 3015 1844 47 8409 6917
False
22
9294 5864 8821 9496 2924 6998 463 1513 4817 2186 4090 2975 4399 4514 1002 7644 9001 3015 1844 47 8409 6917
False
False
False
47
21
9294 5864 8821 9496 2924 6998 463 1513 4817 2186 4090 2975 4399 4514 1002 7644 9001 3015 1844 47 8662
False
8662
8662
False
9294 5864 8821 9496 2924 6998 463 1513 4817 2186 4090 2975 4399 4514 1002 7644 9001 3015 1844 47 8662
21
False
False
47
8737
False
8737
23
False
9294 5864 8821 9496 2924 6998 463 1513 4817 2186 4090 2975 4399 4514 1002 7644 9001 3015 1844 47 8662 415 8737
False
False
False
False
False
47
9294 5864 8821 9496 2924 6998 463 1513 4817 2186 4090 2975 4399 4514 1002 7644 9001 3015 1844 47 8662 415 8737 4076 1957 6017 819
819
30
9294 5864 8821 9496 2924 6998 463 1513 4817 2186 4090 2975 4399 4514 1002 7644 9001 3015 1844 47 8662 415 8737 4076 1957 6017 819 6878 8139 8750 7740
8750
9294 5864 8821 9496 2924 6998 463 1513 4817 2186 4090 2975 4399 4514 1002 7644 9001 3015 1844 47 8662 415 8737 4076 1957 6017 819 6878 8139
False
False
False
9629
9294 5864 8821 9496 2924 6998 463 1513 4817 2186 4090 2975 4399 4514 1002 7644 9001 3015 1844 47 8662 415 8737 4076 1957 6017 819 6878 8139 294 9629
31
9294 5864 8821 9496 2924 6998 463 1513 4817 2186 4090 2975 4399 4514 1002 7644 9001 3015 1844 47 8662 415 8737 4076 1957 6017 819 6878 8139 294 9629
31
47
False
3417
9294 5864 8821 9496 2924 6998 463 1513 4817 2186 4090 2975 4399 4514 1002 7644 9001 3015 1844 47 8662 415 8737 4076 1957 6017 819 6878 8139 294 9629 1020 7237 1397 3417
35
34
9479
34
34
False
9294 5864 8821 9496 2924 6998 463 1513 4817 2186 4090 2975 4399 4514 1002 7644 9001 3015 1844 47 8662 415 8737 4076 1957 6017 819 6878 8139 294 9629 1020 7237 1397
34
False
False
False
47
35
False
9294 5864 8821 9496 2924 6998 463 1513 4817 2186 4090 2975 4399 4514 1002 7644 9001 3015 1844 47 8662 415 8737 4076 1957 6017 819 6878 8139 294 9629 1020
32
32
31
False
294
294
9294 5864 8821 9496 2924 6998 463 1513 4817 2186 4090 2975 4399 4514 1002 7644 9001 3015 1844 47 8662 415 8737 4076 1957 6017 819 6878 8139 294 7389
False
5052
False
31
False
31
29
9294 5864 8821 9496 2924 6998 463 1513 4817 2186 4090 2975 4399 4514 1002 7644 9001 3015 1844 47 8662 415 8737 4076 1957 6017 819 6878 8139
False
47
False
47
28
47
6878
47
9294 5864 8821 9496 2924 6998 463 1513 4817 2186 4090 2975 4399 4514 1002 7644 9001 3015 1844 47 8662 415 8737 4076 1957 6017 819 6878
False
29
47
False
False
47
False
9294 5864 8821 9496 2924 6998 463 1513 4817 2186 4090 2975 4399 4514 1002 7644 9001 3015 1844 47 8662 415 8737 4076 1957 6017 819 9702
9702
47
47
47
29
9702
26
9294 5864 8821 9496 2924 6998 463 1513 4817 2186 4090 2975 4399 4514 1002 7644 9001 3015 1844 47 8662 415 8737 4076 1957 6017 2850 1969
47
False
28
47
47
29
28
9294 5864 8821 9496 2924 6998 463 1513 4817 2186 4090 2975 4399 4514 1002 7644 9001 3015 1844 47 8662 415 8737 4076 1957 6017 2850
2850
False
26
False
False
False
False
47
2429
25
False
317
9294 5864 8821 9496 2924 6998 463 1513 4817 2186 4090 2975 4399 4514 1002 7644 9001 3015 1844 47 8662 415 8737 4076 7368 5829
False
28
False
9294 5864 8821 9496 2924 6998 463 1513 4817 2186 4090 2975 4399 4514 1002 7644 9001 3015 1844 47 8662 415 8737 4076 7368 5829 3952 1951
47
1951
9294 5864 8821 9496 2924 6998 463 1513 4817 2186 4090 2975 4399 4514 1002 7644 9001 3015 1844 47 8662 415 8737 4076 7368 5829 3952 1951
1951
29
6167
28
False
28
47
False
3317
3317
29
False
28
47
9294 5864 8821 9496 2924 6998 463 1513 4817 2186 4090 2975 4399 4514 1002 7644 9001 3015 1844 47 8662 415 8737 4076 7368 5829 3952 6994 9633
47
48
47
9294 5864 8821 9496 2924 6998 463 1513 4817 2186 4090 2975 4399 4514 1002 7644 9001 3015 1844 47 8662 415 8737 4076 7368 5829 3952 6994 1397
47
6994
9294 5864 8821 9496 2924 6998 463 1513 4817 2186 4090 2975 4399 4514 1002 7644 9001 3015 1844 47 8662 415 8737 4076 7368 5829 3952 6994
47
9294 5864 8821 9496 2924 6998 463 1513 4817 2186 4090 2975 4399 4514 1002 7644 9001 3015 1844 47 8662 415 8737 4076 7368 5829 3952 6994 6183
6183
False
6183
29
6183
False
9294 5864 8821 9496 2924 6998 463 1513 4817 2186 4090 2975 4399 4514 1002 7644 9001 3015 1844 47 8662 415 8737 4076 7368 5829 3952 6994 6183
47
False
9294 5864 8821 9496 2924 6998 463 1513 4817 2186 4090 2975 4399 4514 1002 7644 9001 3015 1844 47 8662 415 8737 4076 7368 5829 3952 6994 6183
6183
False
False
47
False
47
False
27
False
47
26
False
False
False
False
4076
9294 5864 8821 9496 2924 6998 463 1513 4817 2186 4090 2975 4399 4514 1002 7644 9001 3015 1844 47 8662 415 8737 4076 4774
9294 5864 8821 9496 2924 6998 463 1513 4817 2186 4090 2975 4399 4514 1002 7644 9001 3015 1844 47 8662 415 8737 4076
23
False
47
47
47
47
False
3056
False
False
False
3056
47
9294 5864 8821 9496 2924 6998 463 1513 4817 2186 4090 2975 4399 4514 1002 7644 9001 3015 1844 47 8662 415 8737 1867 3716
47
3716
47
9294 5864 8821 9496 2924 6998 463 1513 4817 2186 4090 2975 4399 4514 1002 7644 9001 3015 1844 47 8662 415 8737 1867 9220
9294 5864 8821 9496 2924 6998 463 1513 4817 2186 4090 2975 4399 4514 1002 7644 9001 3015 1844 47 8662 415 8737 1867 9220
9294 5864 8821 9496 2924 6998 463 1513 4817 2186 4090 2975 4399 4514 1002 7644 9001 3015 1844 47 8662 415 8737 1867 9220
False
1248
False
47
9294 5864 8821 9496 2924 6998 463 1513 4817 2186 4090 2975 4399 4514 1002 7644 9001 3015 1844 47 8662 415 8737 1867 9220 7369 1248
47
False
False
27
2977
5582
False
False
False
9294 5864 8821 9496 2924 6998 463 1513 4817 2186 4090 2975 4399 4514 1002 7644 9001 3015 1844 47 8662 415 8737 1867 9220 7369 9446
9294 5864 8821 9496 2924 6998 463 1513 4817 2186 4090 2975 4399 4514 1002 7644 9001 3015 1844 47 8662 415 8737 1867 9220 7369 9446
47
9446
False
9446
9446
False
False
False
False
False
47
False
9294 5864 8821 9496 2924 6998 463 1513 4817 2186 4090 2975 4399 4514 1002 7644 9001 3015 1844 47 8662 415 8737 1867 9220 7369 9446 7335 4495 1921
9294 5864 8821 9496 2924 6998 463 1513 4817 2186 4090 2975 4399 4514 1002 7644 9001 3015 1844 47 8662 415 8737 1867 9220 7369 9446 7335 4495 1921
False
False
32
False
False
False
9294 5864 8821 9496 2924 6998 463 1513 4817 2186 4090 2975 4399 4514 1002 7644 9001 3015 1844 47 8662 415 8737 1867 9220 7369 9446 7335 4495 1921
False
False
9294 5864 8821 9496 2924 6998 463 1513 4817 2186 4090 2975 4399 4514 1002 7644 9001 3015 1844 47 8662 415 8737 1867 9220 7369 9446 7335 1964
1964
1522
47
30
3675
3675
31
31
False
31
47
False
False
False
False
False
47
30
False
9294 5864 8821 9496 2924 6998 463 1513 4817 2186 4090 2975 4399 4514 1002 7644 9001 3015 1844 47 8662 415 8737 1867 9220 7369 9446 7335 962
False
9294 5864 8821 9496 2924 6998 463 1513 4817 2186 4090 2975 4399 4514 1002 7644 9001 3015 1844 47 8662 415 8737 1867 9220 7369 9446 7335
9294 5864 8821 9496 2924 6998 463 1513 4817 2186 4090 2975 4399 4514 1002 7644 9001 3015 1844 47 8662 415 8737 1867 9220 7369 9446 7335 9508
9294 5864 8821 9496 2924 6998 463 1513 4817 2186 4090 2975 4399 4514 1002 7644 9001 3015 1844 47 8662 415 8737 1867 9220 7369 9446 7335 9508
False
False
False
9294 5864 8821 9496 2924 6998 463 1513 4817 2186 4090 2975 4399 4514 1002 7644 9001 3015 1844 47 8662 415 8737 1867 9220 7369 9446 7335 9508
29
29
False
False
False
8721
47
32
False
9294 5864 8821 9496 2924 6998 463 1513 4817 2186 4090 2975 4399 4514 1002 7644 9001 3015 1844 47 8662 415 8737 1867 9220 7369 9446 7335 9508 7754 8721 4186
4186
4186
False
4186
9294 5864 8821 9496 2924 6998 463 1513 4817 2186 4090 2975 4399 4514 1002 7644 9001 3015 1844 47 8662 415 8737 1867 9220 7369 9446 7335 9508 7754 8721 4186 7035 9455
9070
36
False
9294 5864 8821 9496 2924 6998 463 1513 4817 2186 4090 2975 4399 4514 1002 7644 9001 3015 1844 47 8662 415 8737 1867 9220 7369 9446 7335 9508 7754 8721 4186 7035 9455 4418 2019
36
47
47
9294 5864 8821 9496 2924 6998 463 1513 4817 2186 4090 2975 4399 4514 1002 7644 9001 3015 1844 47 8662 415 8737 1867 9220 7369 9446 7335 9508 7754 8721 4186 7035 9455 4418 2019 4625 1423 5495 9483
47
9294 5864 8821 9496 2924 6998 463 1513 4817 2186 4090 2975 4399 4514 1002 7644 9001 3015 1844 47 8662 415 8737 1867 9220 7369 9446 7335 9508 7754 8721 4186 7035 9455 4418 2019 4625 1423 5495 9483 4398
4398
47
9294 5864 8821 9496 2924 6998 463 1513 4817 2186 4090 2975 4399 4514 1002 7644 9001 3015 1844 47 8662 415 8737 1867 9220 7369 9446 7335 9508 7754 8721 4186 7035 9455 4418 2019 4625 1423 5495 9483 4398 8757 7316
47
4398
False
47
False
9294 5864 8821 9496 2924 6998 463 1513 4817 2186 4090 2975 4399 4514 1002 7644 9001 3015 1844 47 8662 415 8737 1867 9220 7369 9446 7335 9508 7754 8721 4186 7035 9455 4418 2019 4625 1423 5495 9483 4398
47
False
4398
False
9294 5864 8821 9496 2924 6998 463 1513 4817 2186 4090 2975 4399 4514 1002 7644 9001 3015 1844 47 8662 415 8737 1867 9220 7369 9446 7335 9508 7754 8721 4186 7035 9455 4418 2019 4625 1423 5495 9483 4398 5335
9294 5864 8821 9496 2924 6998 463 1513 4817 2186 4090 2975 4399 4514 1002 7644 9001 3015 1844 47 8662 415 8737 1867 9220 7369 9446 7335 9508 7754 8721 4186 7035 9455 4418 2019 4625 1423 5495 9483 4398 5335
False
41
False
47
4271
4271
9294 5864 8821 9496 2924 6998 463 1513 4817 2186 4090 2975 4399 4514 1002 7644 9001 3015 1844 47 8662 415 8737 1867 9220 7369 9446 7335 9508 7754 8721 4186 7035 9455 4418 2019 4625 1423 5495 9483 4398 5627 4271
9294 5864 8821 9496 2924 6998 463 1513 4817 2186 4090 2975 4399 4514 1002 7644 9001 3015 1844 47 8662 415 8737 1867 9220 7369 9446 7335 9508 7754 8721 4186 7035 9455 4418 2019 4625 1423 5495 9483 4398 5627
43
False
4398
47
47
47
9483
40
9483
47
47
False
47
47
47
False
47
2019
47
47
36
47
47
36
9294 5864 8821 9496 2924 6998 463 1513 4817 2186 4090 2975 4399 4514 1002 7644 9001 3015 1844 47 8662 415 8737 1867 9220 7369 9446 7335 9508 7754 8721 4186 7035 9455 4418
9294 5864 8821 9496 2924 6998 463 1513 4817 2186 4090 2975 4399 4514 1002 7644 9001 3015 1844 47 8662 415 8737 1867 9220 7369 9446 7335 9508 7754 8721 4186 7035
9294 5864 8821 9496 2924 6998 463 1513 4817 2186 4090 2975 4399 4514 1002 7644 9001 3015 1844 47 8662 415 8737 1867 9220 7369 9446 7335 9508 7754 8721 4186 7035
33
7035
False
33
False
False
9294 5864 8821 9496 2924 6998 463 1513 4817 2186 4090 2975 4399 4514 1002 7644 9001 3015 1844 47 8662 415 8737 1867 9220 7369 9446 7335 9508 7754 8721
False
7410
7410
9294 5864 8821 9496 2924 6998 463 1513 4817 2186 4090 2975 4399 4514 1002 7644 9001 3015 1844 47 8662 415 8737 1867 9220 7369 9446 7335 9508 7754 8721 4215 2665 8586 7410
9294 5864 8821 9496 2924 6998 463 1513 4817 2186 4090 2975 4399 4514 1002 7644 9001 3015 1844 47 8662 415 8737 1867 9220 7369 9446 7335 9508 7754 8721 4215 2665 8586 7410 2168
36
2168
36
False
False
False
9294 5864 8821 9496 2924 6998 463 1513 4817 2186 4090 2975 4399 4514 1002 7644 9001 3015 1844 47 8662 415 8737 1867 9220 7369 9446 7335 9508 7754 8721 4215 2665 8586 7410 2168
36
47
False
37
6509
5816
False
False
47
38
False
5816
False
9294 5864 8821 9496 2924 6998 463 1513 4817 2186 4090 2975 4399 4514 1002 7644 9001 3015 1844 47 8662 415 8737 1867 9220 7369 9446 7335 9508 7754 8721 4215 2665 8586 7410 2168 6509 5816 5210
47
47
9294 5864 8821 9496 2924 6998 463 1513 4817 2186 4090 2975 4399 4514 1002 7644 9001 3015 1844 47 8662 415 8737 1867 9220 7369 9446 7335 9508 7754 8721 4215 2665 8586 7410 2168 6509 5816 5210 9198
9198
False
9294 5864 8821 9496 2924 6998 463 1513 4817 2186 4090 2975 4399 4514 1002 7644 9001 3015 1844 47 8662 415 8737 1867 9220 7369 9446 7335 9508 7754 8721 4215 2665 8586 7410 2168 6509 5816 5210
False
39
False
9294 5864 8821 9496 2924 6998 463 1513 4817 2186 4090 2975 4399 4514 1002 7644 9001 3015 1844 47 8662 415 8737 1867 9220 7369 9446 7335 9508 7754 8721 4215 2665 8586 7410 2168 6509 5816 5210 2758
1686
2758
1351
False
5816
9294 5864 8821 9496 2924 6998 463 1513 4817 2186 4090 2975 4399 4514 1002 7644 9001 3015 1844 47 8662 415 8737 1867 9220 7369 9446 7335 9508 7754 8721 4215 2665 8586 7410 2168 6509 5816 8653
9294 5864 8821 9496 2924 6998 463 1513 4817 2186 4090 2975 4399 4514 1002 7644 9001 3015 1844 47 8662 415 8737 1867 9220 7369 9446 7335 9508 7754 8721 4215 2665 8586 7410 2168 6509 5816 8653
4129
False
False
39
False
False
False
4129
39
47
False
False
False
False
40
False
47
47
47
False
9294 5864 8821 9496 2924 6998 463 1513 4817 2186 4090 2975 4399 4514 1002 7644 9001 3015 1844 47 8662 415 8737 1867 9220 7369 9446 7335 9508 7754 8721 4215 2665 8586 7410 2168 6509 5816 7243 1565
False
40
7243
False
39
40
9294 5864 8821 9496 2924 6998 463 1513 4817 2186 4090 2975 4399 4514 1002 7644 9001 3015 1844 47 8662 415 8737 1867 9220 7369 9446 7335 9508 7754 8721 4215 2665 8586 7410 2168 6509 5816 7243 3883 7918
9294 5864 8821 9496 2924 6998 463 1513 4817 2186 4090 2975 4399 4514 1002 7644 9001 3015 1844 47 8662 415 8737 1867 9220 7369 9446 7335 9508 7754 8721 4215 2665 8586 7410 2168 6509 5816 7243 3883 7918
47
40
3883
False
40
47
42
False
4456
47
40
39
7243
39
47
38
9294 5864 8821 9496 2924 6998 463 1513 4817 2186 4090 2975 4399 4514 1002 7644 9001 3015 1844 47 8662 415 8737 1867 9220 7369 9446 7335 9508 7754 8721 4215 2665 8586 7410 2168 6509
4862
4862
6509
6509
4773
4693
4693
9294 5864 8821 9496 2924 6998 463 1513 4817 2186 4090 2975 4399 4514 1002 7644 9001 3015 1844 47 8662 415 8737 1867 9220 7369 9446 7335 9508 7754 8721 4215 2665 8586 7410 2168 6509 4773 4693 812 7110
False
47
4693
39
47
False
9294 5864 8821 9496 2924 6998 463 1513 4817 2186 4090 2975 4399 4514 1002 7644 9001 3015 1844 47 8662 415 8737 1867 9220 7369 9446 7335 9508 7754 8721 4215 2665 8586 7410 2168 6509 4773 4733
4733
False
47
40
40
47
39
4773
9294 5864 8821 9496 2924 6998 463 1513 4817 2186 4090 2975 4399 4514 1002 7644 9001 3015 1844 47 8662 415 8737 1867 9220 7369 9446 7335 9508 7754 8721 4215 2665 8586 7410 2168 6509 4773
4773
47
False
4213
9294 5864 8821 9496 2924 6998 463 1513 4817 2186 4090 2975 4399 4514 1002 7644 9001 3015 1844 47 8662 415 8737 1867 9220 7369 9446 7335 9508 7754 8721 4215 2665 8586 7410 2168 6509 4773 2163 4142
4773
505
505
False
9991
9294 5864 8821 9496 2924 6998 463 1513 4817 2186 4090 2975 4399 4514 1002 7644 9001 3015 1844 47 8662 415 8737 1867 9220 7369 9446 7335 9508 7754 8721 4215 2665 8586 7410 2168 6509 4773 9991
False
False
47
47
False
7461
41
False
False
7461
False
9294 5864 8821 9496 2924 6998 463 1513 4817 2186 4090 2975 4399 4514 1002 7644 9001 3015 1844 47 8662 415 8737 1867 9220 7369 9446 7335 9508 7754 8721 4215 2665 8586 7410 2168 6509 4773 9991 6230
40
40
6230
False
6230
False
9991
40
False
False
9088
9294 5864 8821 9496 2924 6998 463 1513 4817 2186 4090 2975 4399 4514 1002 7644 9001 3015 1844 47 8662 415 8737 1867 9220 7369 9446 7335 9508 7754 8721 4215 2665 8586 7410 2168 6509 4773 9991 9100 9088 40
False
9294 5864 8821 9496 2924 6998 463 1513 4817 2186 4090 2975 4399 4514 1002 7644 9001 3015 1844 47 8662 415 8737 1867 9220 7369 9446 7335 9508 7754 8721 4215 2665 8586 7410 2168 6509 4773 9991 9100 9088 40
9294 5864 8821 9496 2924 6998 463 1513 4817 2186 4090 2975 4399 4514 1002 7644 9001 3015 1844 47 8662 415 8737 1867 9220 7369 9446 7335 9508 7754 8721 4215 2665 8586 7410 2168 6509 4773 9991 9100 9088 40
False
False
False
9294 5864 8821 9496 2924 6998 463 1513 4817 2186 4090 2975 4399 4514 1002 7644 9001 3015 1844 47 8662 415 8737 1867 9220 7369 9446 7335 9508 7754 8721 4215 2665 8586 7410 2168 6509 4773 9991 9100 9088 40 8843 940 7304
9294 5864 8821 9496 2924 6998 463 1513 4817 2186 4090 2975 4399 4514 1002 7644 9001 3015 1844 47 8662 415 8737 1867 9220 7369 9446 7335 9508 7754 8721 4215 2665 8586 7410 2168 6509 4773 9991 9100 9088 40 8843 940 7304
9294 5864 8821 9496 2924 6998 463 1513 4817 2186 4090 2975 4399 4514 1002 7644 9001 3015 1844 47 8662 415 8737 1867 9220 7369 9446 7335 9508 7754 8721 4215 2665 8586 7410 2168 6509 4773 9991 9100 9088 40 8843 940 7304
7304
45
40
1193
40
9294 5864 8821 9496 2924 6998 463 1513 4817 2186 4090 2975 4399 4514 1002 7644 9001 3015 1844 47 8662 415 8737 1867 9220 7369 9446 7335 9508 7754 8721 4215 2665 8586 7410 2168 6509 4773 9991 9100 9088 40 8843 940 7304 2928
9294 5864 8821 9496 2924 6998 463 1513 4817 2186 4090 2975 4399 4514 1002 7644 9001 3015 1844 47 8662 415 8737 1867 9220 7369 9446 7335 9508 7754 8721 4215 2665 8586 7410 2168 6509 4773 9991 9100 9088 40 8843 940 7304 2928
46
40
False
9294 5864 8821 9496 2924 6998 463 1513 4817 2186 4090 2975 4399 4514 1002 7644 9001 3015 1844 47 8662 415 8737 1867 9220 7369 9446 7335 9508 7754 8721 4215 2665 8586 7410 2168 6509 4773 9991 9100 9088 40 8843 940 7304 2928
47
False
False
7420
40
9294 5864 8821 9496 2924 6998 463 1513 4817 2186 4090 2975 4399 4514 1002 7644 9001 3015 1844 47 8662 415 8737 1867 9220 7369 9446 7335 9508 7754 8721 4215 2665 8586 7410 2168 6509 4773 9991 9100 9088 40 8843 940 7304 2928 4677 7420
9294 5864 8821 9496 2924 6998 463 1513 4817 2186 4090 2975 4399 4514 1002 7644 9001 3015 1844 47 8662 415 8737 1867 9220 7369 9446 7335 9508 7754 8721 4215 2665 8586 7410 2168 6509 4773 9991 9100 9088 40 8843 940 7304 2928
46
40
False
False
7304
40
940
9294 5864 8821 9496 2924 6998 463 1513 4817 2186 4090 2975 4399 4514 1002 7644 9001 3015 1844 47 8662 415 8737 1867 9220 7369 9446 7335 9508 7754 8721 4215 2665 8586 7410 2168 6509 4773 9991 9100 9088 40 8843 940
940
44
False
940
9294 5864 8821 9496 2924 6998 463 1513 4817 2186 4090 2975 4399 4514 1002 7644 9001 3015 1844 47 8662 415 8737 1867 9220 7369 9446 7335 9508 7754 8721 4215 2665 8586 7410 2168 6509 4773 9991 9100 9088 40 8843 975
False
False
9294 5864 8821 9496 2924 6998 463 1513 4817 2186 4090 2975 4399 4514 1002 7644 9001 3015 1844 47 8662 415 8737 1867 9220 7369 9446 7335 9508 7754 8721 4215 2665 8586 7410 2168 6509 4773 9991 9100 9088 40 8843 975
False
9294 5864 8821 9496 2924 6998 463 1513 4817 2186 4090 2975 4399 4514 1002 7644 9001 3015 1844 47 8662 415 8737 1867 9220 7369 9446 7335 9508 7754 8721 4215 2665 8586 7410 2168 6509 4773 9991 9100 9088 40
False
False
40
False
42
False
47
9294 5864 8821 9496 2924 6998 463 1513 4817 2186 4090 2975 4399 4514 1002 7644 9001 3015 1844 47 8662 415 8737 1867 9220 7369 9446 7335 9508 7754 8721 4215 2665 8586 7410 2168 6509 4773 9991 9100 9088 545
42
545
47
9088
False
9088
9294 5864 8821 9496 2924 6998 463 1513 4817 2186 4090 2975 4399 4514 1002 7644 9001 3015 1844 47 8662 415 8737 1867 9220 7369 9446 7335 9508 7754 8721 4215 2665 8586 7410 2168 6509 4773 9991 9100 9088
9294 5864 8821 9496 2924 6998 463 1513 4817 2186 4090 2975 4399 4514 1002 7644 9001 3015 1844 47 8662 415 8737 1867 9220 7369 9446 7335 9508 7754 8721 4215 2665 8586 7410 2168 6509 4773 9991 9100
False
47
47
False
47
False
False
7410
36
7410
47
False
47
9294 5864 8821 9496 2924 6998 463 1513 4817 2186 4090 2975 4399 4514 1002 7644 9001 3015 1844 47 8662 415 8737 1867 9220 7369 9446 7335 9508 7754 8721 4215 2665 6284 4011
9294 5864 8821 9496 2924 6998 463 1513 4817 2186 4090 2975 4399 4514 1002 7644 9001 3015 1844 47 8662 415 8737 1867 9220 7369 9446 7335 9508 7754 8721 4215 2665 6284 4011
