False
False
1
6920
False
True
True

Empty


0
Empty
Empty
Empty
True
Empty

False

0
True
False
Empty
Empty
Empty
Empty
9571
False
1
False
False
9962
9962
2
5333 1638
5333 1638
1638
5333 1638 8177
1524
False
5333 1638 8177 1524 6524
6
6524
False
5333 1638 8177 1524 6524 2288
1524
5
6524
1524
4
1524
5333 1638 8177 1524
1524
8177
False
5333 178
2
178
False
False
False
7636

False
4159
4159
Empty
True

Empty
False
False
False
221
221
221 8376
2
2
2
221 8376
221
221
False
False
2
221 7040
False
221
221
221
Empty

Empty
Empty

2
8063
3
5497 8063 3103
6254
False
6254
5497 8063 3103 6254
4
False
4
3103
False
3
3
False
False
2
False
5497 8063
5497
True
Empty

5117
5117
1
5117
False

2372 8378 1343 4687
4
4687
False
1285
False
4
2
False
5375
False
2372 8378 4546 5375
2372 8378 4546 5375
False
2372 8378 4546 5375
2372
False
2372 8378 4546
2372
False
False
0
8943
Empty


False
3443
2
3
9511
9511
False
False
False
5
3443 764 1150 9511 4264 6860 4828
7
False
False
6860
7
764
764
False
9
False
10
12
False
False
3443 764 1150 9511 4264 6860 6810 1843 5848 9514 6434 1873 622
622
622
False
9371
False
False
14
764
14
764
3443 764 1150 9511 4264 6860 6810 1843 5848 9514 6434 1873 9371 7800
False
8301
8301
False
False
3443 764 1150 9511 4264 6860 6810 1843 5848 9514 6434 1873 9371 7800 8301 5419 3648 7047
764
7047
False
764
764
3443 764 1150 9511 4264 6860 6810 1843 5848 9514 6434 1873 9371 7800 8301 5419 3648
3443 764 1150 9511 4264 6860 6810 1843 5848 9514 6434 1873 9371 7800 8301 5419 3648 3794
3443 764 1150 9511 4264 6860 6810 1843 5848 9514 6434 1873 9371 7800 8301 5419 3648 3794
18
3443 764 1150 9511 4264 6860 6810 1843 5848 9514 6434 1873 9371 7800 8301 5419 3648 3794
3648
False
3443 764 1150 9511 4264 6860 6810 1843 5848 9514 6434 1873 9371 7800 8301 5419 3648 69
False
False
3443 764 1150 9511 4264 6860 6810 1843 5848 9514 6434 1873 9371 7800 8301 5419
2642
False
8301
14
14
7800
7800
False
5256
False
False
3443 764 1150 9511 4264 6860 6810 1843 5848 9514 6434 1873 9371 7800 2426 7588 5256 6658
False
764
3443 764 1150 9511 4264 6860 6810 1843 5848 9514 6434 1873 9371 7800 2426 7588 5256 6658
18
6658
3443 764 1150 9511 4264 6860 6810 1843 5848 9514 6434 1873 9371 7800 2426 7588 5256
3443 764 1150 9511 4264 6860 6810 1843 5848 9514 6434 1873 9371 7800 2426 7588 5256
7792
764
764
False
False
2034
764
6029
6029
2034
False
False
2034
17
False
4097
False
18
18
3443 764 1150 9511 4264 6860 6810 1843 5848 9514 6434 1873 9371 7800 6041 2349 4097 3292
False
764
16
2349
2349
2349
False
764
False
8244
2349
3443 764 1150 9511 4264 6860 6810 1843 5848 9514 6434 1873 9371 7800 6041 2349 8770 8023
False
8770
404
False
3443 764 1150 9511 4264 6860 6810 1843 5848 9514 6434 1873 9371
False
12
764
12
1873
12
3443 764 1150 9511 4264 6860 6810 1843 5848 9514 6434 1873
764
1873
1873
764
False
3443 764 1150 9511 4264 6860 6810 1843 5848 9514 6434 1873 9853
False
14
False
13
3443 764 1150 9511 4264 6860 6810 1843 5848 9514 6434 1873 9853
False
3443 764 1150 9511 4264 6860 6810 1843 5848 9514 6434 1873 9853 6424
6424
3443 764 1150 9511 4264 6860 6810 1843 5848 9514 6434 1873 9853 6424 9446
3443 764 1150 9511 4264 6860 6810 1843 5848 9514 6434 1873 9853 6424
False
False
13
13
3443 764 1150 9511 4264 6860 6810 1843 5848 9514 6434 1873 9853
3443 764 1150 9511 4264 6860 6810 1843 5848 9514 6434 1873 9853
764
13
12
764
3443 764 1150 9511 4264 6860 6810 1843 5848 9514 6434 1873 4274
764
3443 764 1150 9511 4264 6860 6810 1843 5848 9514 6434 1873 4274
1873
False
False
764
764
False
764
11
764
9514
10
10
7
False
False
764
False
8
764
3549
False
764
False
False
5861
False
1832
9026
False
3443 764 1150 9511 4264 6860 9072 8231 3549 5861 1832 9026
764
764
3443 764 1150 9511 4264 6860 9072 8231 3549 5861 1832 9026
3443 764 1150 9511 4264 6860 9072 8231 3549 5861 1832 9026
764
3443 764 1150 9511 4264 6860 9072 8231 3549 5861 1832
11
3443 764 1150 9511 4264 6860 9072 8231 3549 5861 1832
3443 764 1150 9511 4264 6860 9072 8231 3549 5861 1832 8845
12
False
12
3443 764 1150 9511 4264 6860 9072 8231 3549 5861 1832 8845 8144
13
3443 764 1150 9511 4264 6860 9072 8231 3549 5861 1832 8845 8144
3443 764 1150 9511 4264 6860 9072 8231 3549 5861 1832 2666
False
False
13
False
3443 764 1150 9511 4264 6860 9072 8231 3549 5861 1832 2666 7324
764
3443 764 1150 9511 4264 6860 9072 8231 3549 5861 1832 2666 7324
3443 764 1150 9511 4264 6860 9072 8231 3549 5861 1832 2666 7324
False
821
821
3443 764 1150 9511 4264 6860 9072 8231 3549 5861 1832 2666 821
13
13
821
13
821
13
13
821
False
False
3443 764 1150 9511 4264 6860 9072 8231 3549 5861 1832 2666 821
764
13
821
False
821
3443 764 1150 9511 4264 6860 9072 8231 3549 5861 1832 2666 821
3443 764 1150 9511 4264 6860 9072 8231 3549 5861 1832 2666 821
False
7897
False
False
764
3443 764 1150 9511 4264 6860 9072 8231 3549 5861 1832 2666 821 5604 7897 3238
16
3238
False
3443 764 1150 9511 4264 6860 9072 8231 3549 5861 1832 2666 821 5604 7897 3238
15
False
821
11
False
3443 764 1150 9511 4264 6860 9072 8231 3549 5861
764
5861
5861
12
False
3443 764 1150 9511 4264 6860 9072 8231 3549 5861 1315
764
12
False
1289
11
False
False
False
3443 764 1150 9511 4264 6860 9072 8231 3549 5861 1315
764
False
11
11
False
False
12
False
5183
3443 764 1150 9511 4264 6860 9072 8231 3549 5861 1315 5183 640
False
False
764
False
False
False
False
14
3443 764 1150 9511 4264 6860 9072 8231 3549 5861 1315 22 6527 9991
False
3443 764 1150 9511 4264 6860 9072 8231 3549 5861 1315 22 6527 9991 9986
False
False
22
22
9986
22
4156
False
20
False
False
False
22
17
22
False
False
False
False
22
22
9986
14
3443 764 1150 9511 4264 6860 9072 8231 3549 5861 1315 22 6527 9991
False
3443 764 1150 9511 4264 6860 9072 8231 3549 5861 1315 22 6527 9991
9991
False
False
False
3443 764 1150 9511 4264 6860 9072 8231 3549 5861 1315 22 6527 9991 5722
3443 764 1150 9511 4264 6860 9072 8231 3549 5861 1315 22 6527 9991 5722
3443 764 1150 9511 4264 6860 9072 8231 3549 5861 1315 22 6527 9991 5722 7907
3443 764 1150 9511 4264 6860 9072 8231 3549 5861 1315 22 6527 9991 5722
False
5722
3443 764 1150 9511 4264 6860 9072 8231 3549 5861 1315 22 6527 9991 5722
False
False
False
14
False
9991
False
3443 764 1150 9511 4264 6860 9072 8231 3549 5861 1315 22 6527 9991
13
False
False
14
3443 764 1150 9511 4264 6860 9072 8231 3549 5861 1315 22 6527 9807 5954 8505
22
5954
False
5954
22
3443 764 1150 9511 4264 6860 9072 8231 3549 5861 1315 22 6527 9807 5954
5954
False
15
3443 764 1150 9511 4264 6860 9072 8231 3549 5861 1315 22 6527 9807
3443 764 1150 9511 4264 6860 9072 8231 3549 5861 1315 22 6527 9807
3443 764 1150 9511 4264 6860 9072 8231 3549 5861 1315 22 6527 9807
22
9807
False
False
False
False
False
11
1315
3443 764 1150 9511 4264 6860 9072 8231 3549 5861
False
False
8
False
8
4135
13
3443 764 1150 9511 4264 6860 9072 8231 4135 1728 8327 2491 9006
13
False
13
764
9006
False
764
764
False
False
764
False
False
764
False
False
764
3443 764 1150 9511 4264 6860 9072 8231 4135 1728 8327 2491 9006
3443 764 1150 9511 4264 6860 9072 8231 4135 1728 8327 2491 1819
3443 764 1150 9511 4264 6860 9072 8231 4135 1728 8327 2491
3443 764 1150 9511 4264 6860 9072 8231 4135 1728 8327 2491 3954
13
3443 764 1150 9511 4264 6860 9072 8231 4135 1728 8327 2491 8054
False
764
764
8193
14
764
15
False
8193
8193
3443 764 1150 9511 4264 6860 9072 8231 4135 1728 8327 2491
9980
False
False
14
False
False
3443 764 1150 9511 4264 6860 9072 8231 4135 1728 8327 2491 9980 2652
3443 764 1150 9511 4264 6860 9072 8231 4135 1728 8327 2491 9980 2652
3443 764 1150 9511 4264 6860 9072 8231 4135 1728 8327 2491 9980 2652
False
False
False
3443 764 1150 9511 4264 6860 9072 8231 4135 1728 8327 2491 9980 2652
2652
3443 764 1150 9511 4264 6860 9072 8231 4135 1728 8327 2491 9980 2652
764
10
2391
2391
False
11
3443 764 1150 9511 4264 6860 9072 8231 4135 1728
3443 764 1150 9511 4264 6860 9072 8231 4135 1728
1728
False
False
False
False
False
764
1728
1728
False
False
9446
764
11
False
6247
3443 764 1150 9511 4264 6860 9072 8231 4135
10
11
False
False
False
10
764
False
False
10
False
10
False
False
4135
False
False
False
1453
9
8231
8231
8
8231
764
3443 764 1150 9511 4264 6860 9072 8231
6
False
False
764
6227
False
False
764
False
764
False
7
False
764
3443 764 1150 9511 4264 6860
3443 764 1150 9511 4264 6860
3443 764 1150 9511 4264 6860
6860
False
3443 764 1150 9511 4264 6860 1799
False
3443 764 1150 9511 4264 6860
6
5
False
9511
4
False
3
3
1150
307
3443 764 1150 307
6497
4
3443 764 1150 6497
False
6497
764
3
3
False
False
False
764
3443 764 1150 4383
False
3443 764 1150
3
False
False
948
7553
False
False
3443 764 1150 7917 948 7553
7553
764
False
False
False
3443 764 1150 7917 948 7553
7553
7553
6
False
6
7553
7553
6
False
764
6
764
False
4657
3443 764 1150 7917 948 5935 8787 4657
764
False
764
7
8787
5935
False
3443 764 1150 7917 948 5935
7917
764
3443 764 1150 7917
3443 764 1150 7917
764
6
7082
False
False
7
7647
3443 764 1150 7917 2709 7082 7647
3443 764 1150 7917 2709 7082 7647
764
3443 764 1150 7917 2709 7082
764
3443 764 1150 7917 2709 7082
False
False
False
7082
764
3443 764 1150 7917 2709 7082
3443 764 1150 7917 2709 7082
3443 764 1150 7917 2709 7082 5574 5083
9
False
False
3443 764 1150 7917 2709 7082 5574 3911
3443 764 1150 7917 2709 7082 5574
False
764
3443 764 1150 7917 2709 7082 1941 9079 8390 8742 4108
10
9601
False
3443 764 1150 7917 2709 7082 1941 9079 8390 9601
764
11
False
9601
3443 764 1150 7917 2709 7082 1941 9079 8390 9601 9434 5259 4674
764
2848
764
2674
3806
3806
False
False
2136
764
3806
False
723
False
False
False
False
False
False
17
723
723
723
7630
7630
7630
7630
False
16
False
False
4283
3443 764 1150 7917 2709 7082 1941 9079 8390 9601 9434 5259 4674 3806 723 4283
723
723
False
14
False
13
3443 764 1150 7917 2709 7082 1941 9079 8390 9601 9434 5259 4674
764
False
False
False
12
12
3443 764 1150 7917 2709 7082 1941 9079 8390 9601 9434 5259
764
False
12
764
3443 764 1150 7917 2709 7082 1941 9079 8390 9601 9434
False
3443 764 1150 7917 2709 7082 1941 9079 8390
False
3443 764 1150 7917 2709 7082 1941 9079 8390
764
8390
9079
764
False
3443 764 1150 7917 2709 7082
764
False
False
5
False
6694
6
3443 764 1150 7917
764
4
3443 764 1150
False
3
1
0
Empty
1
False
False
False
5171
False
5171
5171
5171 7087 6143
6143
False
False
Empty
Empty
False
0
False
True
Empty
Empty
Empty
0
Empty
Empty

Empty
Empty
0
False
7624 2983
2
2983
False
2
7624 2983
False
2983
False
2983
2
3
2983
False
False
False
7624 2983
3
False
2
2
False
2983
2983
5049
False
False
False
False
2539
False
False
2983
7624 2983 8461
3
3
3
7624 2983 8461
7624 2983 8461 6560
2983
2983
False
Empty
7605
Empty

False
Empty
True
Empty
False


298
False
298
298
False
False
False
298
False
0
Empty
False
1
2424
False
2424
False
176
9812
2424 176 1889
2424 513
513
513
3
False
False
2424 513 5967 5465 491
False
2424 513 5967 5465
2424 513 5967 5465
2424 513 5967 5465 8340
1385
8340
False
False
False
2424 513
2
0
Empty
Empty
0

False
3
1
1
7260

Empty
False

False

Empty
False
Empty
True
0
Empty
Empty
Empty
0
True
False
Empty
False
1
False
7622
False
2
3362
7622
7622
False
1
True
0
Empty
False




0
Empty
False
0

0
False
False
7097
5734
1


False
Empty
Empty
1
False
8426 2303
2
8426 2303
2
8426 2303
3
False
2303
False
False
False
False
8426 2303 4813 7689
4
2303
2303
False
1280
1280
1280
1280
1280
7689
5137
5
False
3081
5
False
2530
False
2474
4997
False
6
7
7132
7132
False
2303
4
2303
False
5525
8426 2303 4813 7689
False
5
2303
9579
5
False
7689
8426 2303 4813 7689
False
2303
8426 2303 4813
8426 2303 4813
8426 2303 4813 5393
False
4813
269
2
8426 2303
9253
8426 2303 9253
False
8426
8426
0


Empty
1
5138

3506
False
7838 3506 2444 2233 7611
False
False
2233
5243
5243
False
6
7838 3506 2444 2233 7611 5243 1522
1522
7838 3506 2444 2233 7611 5243 1522
False
7
False
False
False
False
6355
2233
7838 3506 2444 2233 7611 5243 5894
7838 3506 2444 2233 7611 5243 5894
2233
False
False
2233
8499
False
9266
False
9
6924
False
7838 3506 2444 2233 8499 5316 3245 9266 6711
2233
7838 3506 2444 2233 8499 5316 3245
7838 3506 2444 2233 8499 5316 3245 5143 2787
False
False
2787
False
False
False
False
False
5316
False
7838 3506 2444 2233 8499 8433
2233
2444
7838 3506 2444 2921
2921
2921
False
False
2921
False
6
2444
False
7838 3506 2444 2921 5535 7268
False
5
2444
5
7838 3506 2444 2921 5535
False
2444
False
False
8
407
971
7838 3506 2444 2921 5535 971 5013 8930 1266 9885
False
8859
3198
971
10
False
False
3198
7838 3506 2444 2921 5535 971 5013 8930 8859 3198
8859
9
False
9
971
971
971
False
False
False
149
7838 3506 2444 2921 5535 971 5013 149
6
6
False
971
971
False
7
971
False
False
False
4
2444
False
7838 3506 2444
7838 3050
3050
3050
False
7838 3050 5312 5518
3050
False
5
7001
3642
7838 3050 5312 5518 7001 3642
6
7
7901
False
7838 3050 5312 5518 7001 3642 7901
5
3050
7001
False
7001
7838 3050 5312 5518 7001 7320 9876 5378
3050
8
5378
8
5551
5551
5551
7838 3050 5312 5518 7001 7320 9876 5378 5551
3050
False
False
False
1466
7838 3050 5312 5518 7001 7320 9876 5378 5551 3125 1466
1466
11
1466
11
11
13
False
False
False
22
22
22
5690
22
6879
22
18
7838 3050 5312 5518 7001 7320 9876 5378 5551 3125 1466 22 3513 6213 6879 6132 6626 8713 9298
7838 3050 5312 5518 7001 7320 9876 5378 5551 3125 1466 22 3513 6213 6879 6132 6626 8713 9298
22
False
22
18
False
False
22
7838 3050 5312 5518 7001 7320 9876 5378 5551 3125 1466 22 3513 6213 6879 6132 6626 8713
False
18
False
3033
8713
22
22
6626
7838 3050 5312 5518 7001 7320 9876 5378 5551 3125 1466 22 3513 6213 6879 6132 76
22
6132
1200
1200
17
8514
19
690
3747
False
22
22
False
False
23
22
False
False
False
22
False
22
7446
False
22
22
7838 3050 5312 5518 7001 7320 9876 5378 5551 3125 1466 22 3513 6213 6879 6132 2258 8514 690 4199 7446 8816
22
7838 3050 5312 5518 7001 7320 9876 5378 5551 3125 1466 22 3513 6213 6879 6132 2258 8514 690 4199 7446
20
22
False
22
2802
7838 3050 5312 5518 7001 7320 9876 5378 5551 3125 1466 22 3513 6213 6879 6132 2258 8514 690 4199 5786 2802 8423
False
7838 3050 5312 5518 7001 7320 9876 5378 5551 3125 1466 22 3513 6213 6879 6132 2258 8514 690 4199 5786 2802
False
22
False
2802
22
False
2802
22
9827
False
False
22
7531
False
7838 3050 5312 5518 7001 7320 9876 5378 5551 3125 1466 22 3513 6213 6879 6132 2258 8514 690 4199 5786 9452 9827 5828 7531
False
False
7838 3050 5312 5518 7001 7320 9876 5378 5551 3125 1466 22 3513 6213 6879 6132 2258 8514 690 4199 5786 9452 9827 5828
22
5828
False
25
False
False
23
False
22
9527
7838 3050 5312 5518 7001 7320 9876 5378 5551 3125 1466 22 3513 6213 6879 6132 2258 8514 690 4199 5786 9452 1540 9527
24
3570
7838 3050 5312 5518 7001 7320 9876 5378 5551 3125 1466 22 3513 6213 6879 6132 2258 8514 690 4199 5786 9452 1540 9527 3570 2558
5623
False
25
False
False
22
22
22
23
7838 3050 5312 5518 7001 7320 9876 5378 5551 3125 1466 22 3513 6213 6879 6132 2258 8514 690 4199 5786 9452 1540 6729
1540
7838 3050 5312 5518 7001 7320 9876 5378 5551 3125 1466 22 3513 6213 6879 6132 2258 8514 690 4199 5786 9452 1540 7569
9452
9452
7838 3050 5312 5518 7001 7320 9876 5378 5551 3125 1466 22 3513 6213 6879 6132 2258 8514 690 4199 5786 1127
False
4541
22
False
False
7838 3050 5312 5518 7001 7320 9876 5378 5551 3125 1466 22 3513 6213 6879 6132 2258 8514 690 4199 5786 1127 4541 5063 2953
25
False
2051
False
2051
22
27
22
27
7838 3050 5312 5518 7001 7320 9876 5378 5551 3125 1466 22 3513 6213 6879 6132 2258 8514 690 4199 5786 1127 4541 5063 2051 4426 4808
7838 3050 5312 5518 7001 7320 9876 5378 5551 3125 1466 22 3513 6213 6879 6132 2258 8514 690 4199 5786 1127 4541 5063 2051 4426 4808
642
False
29
7838 3050 5312 5518 7001 7320 9876 5378 5551 3125 1466 22 3513 6213 6879 6132 2258 8514 690 4199 5786 1127 4541 5063 2051 4426 4808 642 363
False
False
22
7838 3050 5312 5518 7001 7320 9876 5378 5551 3125 1466 22 3513 6213 6879 6132 2258 8514 690 4199 5786 1127 4541 5063 2051 4426 4808
False
False
False
9549
False
9549
9549
22
7838 3050 5312 5518 7001 7320 9876 5378 5551 3125 1466 22 3513 6213 6879 6132 2258 8514 690 4199 5786 1127 4541 5063 2051 4426 4808 9549
7838 3050 5312 5518 7001 7320 9876 5378 5551 3125 1466 22 3513 6213 6879 6132 2258 8514 690 4199 5786 1127 4541 5063 2051 4426 4808 9549
9549
7838 3050 5312 5518 7001 7320 9876 5378 5551 3125 1466 22 3513 6213 6879 6132 2258 8514 690 4199 5786 1127 4541 5063 2051 4426 4808 9549 1028 3144
3144
22
False
False
22
30
7838 3050 5312 5518 7001 7320 9876 5378 5551 3125 1466 22 3513 6213 6879 6132 2258 8514 690 4199 5786 1127 4541 5063 2051 4426 4808 9549 1028 1005
1005
False
7838 3050 5312 5518 7001 7320 9876 5378 5551 3125 1466 22 3513 6213 6879 6132 2258 8514 690 4199 5786 1127 4541 5063 2051 4426 4808 9549 1028 1005
False
1280
False
30
7838 3050 5312 5518 7001 7320 9876 5378 5551 3125 1466 22 3513 6213 6879 6132 2258 8514 690 4199 5786 1127 4541 5063 2051 4426 4808 9549 1028
22
9549
False
28
1926
False
7182
32
22
7838 3050 5312 5518 7001 7320 9876 5378 5551 3125 1466 22 3513 6213 6879 6132 2258 8514 690 4199 5786 1127 4541 5063 2051 4426 4808 1926 5492 5867 8750
7838 3050 5312 5518 7001 7320 9876 5378 5551 3125 1466 22 3513 6213 6879 6132 2258 8514 690 4199 5786 1127 4541 5063 2051 4426 4808 1926 5492 5867 8750 3413 9054
32
False
False
3413
False
False
22
8750
32
7838 3050 5312 5518 7001 7320 9876 5378 5551 3125 1466 22 3513 6213 6879 6132 2258 8514 690 4199 5786 1127 4541 5063 2051 4426 4808 1926 5492 5867 8750 7729
False
False
False
False
7838 3050 5312 5518 7001 7320 9876 5378 5551 3125 1466 22 3513 6213 6879 6132 2258 8514 690 4199 5786 1127 4541 5063 2051 4426 4808 1926 5492 5867 8750
31
8750
False
22
7838 3050 5312 5518 7001 7320 9876 5378 5551 3125 1466 22 3513 6213 6879 6132 2258 8514 690 4199 5786 1127 4541 5063 2051 4426 4808 1926 5492 5867 8750
22
False
7838 3050 5312 5518 7001 7320 9876 5378 5551 3125 1466 22 3513 6213 6879 6132 2258 8514 690 4199 5786 1127 4541 5063 2051 4426 4808 1926 5492 5867 8750 6783
8117
7838 3050 5312 5518 7001 7320 9876 5378 5551 3125 1466 22 3513 6213 6879 6132 2258 8514 690 4199 5786 1127 4541 5063 2051 4426 4808 1926 5492 5867 8750 6783 507 9149 8117
9149
8401
False
8401
False
False
7838 3050 5312 5518 7001 7320 9876 5378 5551 3125 1466 22 3513 6213 6879 6132 2258 8514 690 4199 5786 1127 4541 5063 2051 4426 4808 1926 5492 5867 8750 6783 507 9149 4236
9149
False
7838 3050 5312 5518 7001 7320 9876 5378 5551 3125 1466 22 3513 6213 6879 6132 2258 8514 690 4199 5786 1127 4541 5063 2051 4426 4808 1926 5492 5867 8750 6783 507 9149 2035 8155 4798
37
False
37
22
7838 3050 5312 5518 7001 7320 9876 5378 5551 3125 1466 22 3513 6213 6879 6132 2258 8514 690 4199 5786 1127 4541 5063 2051 4426 4808 1926 5492 5867 8750 6783 507 9149 2035 8155
False
False
False
22
False
9149
33
33
22
22
False
False
False
22
37
7838 3050 5312 5518 7001 7320 9876 5378 5551 3125 1466 22 3513 6213 6879 6132 2258 8514 690 4199 5786 1127 4541 5063 2051 4426 4808 1926 5492 5867 8750 6783 507 3589 6832 4206
36
False
False
6832
35
6832
7838 3050 5312 5518 7001 7320 9876 5378 5551 3125 1466 22 3513 6213 6879 6132 2258 8514 690 4199 5786 1127 4541 5063 2051 4426 4808 1926 5492 5867 8750 6783 507 3589 6832 9559
6832
22
37
37
False
22
False
False
False
False
False
7838 3050 5312 5518 7001 7320 9876 5378 5551 3125 1466 22 3513 6213 6879 6132 2258 8514 690 4199 5786 1127 4541 5063 2051 4426 4808 1926 5492 5867 8750 6783 507 3589 1354 8792 7502 6995
22
False
False
7838 3050 5312 5518 7001 7320 9876 5378 5551 3125 1466 22 3513 6213 6879 6132 2258 8514 690 4199 5786 1127 4541 5063 2051 4426 4808 1926 5492 5867 8750 6783 507 3589 1354 8792 7502 7620
38
22
False
7838 3050 5312 5518 7001 7320 9876 5378 5551 3125 1466 22 3513 6213 6879 6132 2258 8514 690 4199 5786 1127 4541 5063 2051 4426 4808 1926 5492 5867 8750 6783 507 3589 1354 8792 7502 7620
7620
False
False
False
22
38
7838 3050 5312 5518 7001 7320 9876 5378 5551 3125 1466 22 3513 6213 6879 6132 2258 8514 690 4199 5786 1127 4541 5063 2051 4426 4808 1926 5492 5867 8750 6783 507 3589 1354 8792 7502 7620
22
3591
False
22
False
1626
3170
22
7838 3050 5312 5518 7001 7320 9876 5378 5551 3125 1466 22 3513 6213 6879 6132 2258 8514 690 4199 5786 1127 4541 5063 2051 4426 4808 1926 5492 5867 8750 6783 507 3589 1354 8792 7502 7620 3591 5165 3170
3170
False
False
7838 3050 5312 5518 7001 7320 9876 5378 5551 3125 1466 22 3513 6213 6879 6132 2258 8514 690 4199 5786 1127 4541 5063 2051 4426 4808 1926 5492 5867 8750 6783 507 3589 1354 8792 7502 7620 3591 5165 3170 5057 4282
5165
False
7838 3050 5312 5518 7001 7320 9876 5378 5551 3125 1466 22 3513 6213 6879 6132 2258 8514 690 4199 5786 1127 4541 5063 2051 4426 4808 1926 5492 5867 8750 6783 507 3589 1354 8792 7502 7620 3591 5165 790 8650
8650
False
False
43
6465
6465
43
44
False
43
False
42
7838 3050 5312 5518 7001 7320 9876 5378 5551 3125 1466 22 3513 6213 6879 6132 2258 8514 690 4199 5786 1127 4541 5063 2051 4426 4808 1926 5492 5867 8750 6783 507 3589 1354 8792 7502 7620 3591 5165 790 8650
44
False
False
43
6446
7838 3050 5312 5518 7001 7320 9876 5378 5551 3125 1466 22 3513 6213 6879 6132 2258 8514 690 4199 5786 1127 4541 5063 2051 4426 4808 1926 5492 5867 8750 6783 507 3589 1354 8792 7502 7620 3591 5165 790 8650 527 6446
7838 3050 5312 5518 7001 7320 9876 5378 5551 3125 1466 22 3513 6213 6879 6132 2258 8514 690 4199 5786 1127 4541 5063 2051 4426 4808 1926 5492 5867 8750 6783 507 3589 1354 8792 7502 7620 3591 5165 790 8650 527 6446
44
44
False
False
7838 3050 5312 5518 7001 7320 9876 5378 5551 3125 1466 22 3513 6213 6879 6132 2258 8514 690 4199 5786 1127 4541 5063 2051 4426 4808 1926 5492 5867 8750 6783 507 3589 1354 8792 7502 7620 3591 5165 790 8650 527 6446
6446
7838 3050 5312 5518 7001 7320 9876 5378 5551 3125 1466 22 3513 6213 6879 6132 2258 8514 690 4199 5786 1127 4541 5063 2051 4426 4808 1926 5492 5867 8750 6783 507 3589 1354 8792 7502 7620 3591 5165 790 8650 527
527
43
False
False
False
43
43
False
False
527
527
False
8650
7838 3050 5312 5518 7001 7320 9876 5378 5551 3125 1466 22 3513 6213 6879 6132 2258 8514 690 4199 5786 1127 4541 5063 2051 4426 4808 1926 5492 5867 8750 6783 507 3589 1354 8792 7502 7620 3591 5165 790 8650 4527
7838 3050 5312 5518 7001 7320 9876 5378 5551 3125 1466 22 3513 6213 6879 6132 2258 8514 690 4199 5786 1127 4541 5063 2051 4426 4808 1926 5492 5867 8750 6783 507 3589 1354 8792 7502 7620 3591 5165 790 8650 4527
22
22
8650
False
5165
22
39
7838 3050 5312 5518 7001 7320 9876 5378 5551 3125 1466 22 3513 6213 6879 6132 2258 8514 690 4199 5786 1127 4541 5063 2051 4426 4808 1926 5492 5867 8750 6783 507 3589 1354 8792 7502 7620 3591
39
7838 3050 5312 5518 7001 7320 9876 5378 5551 3125 1466 22 3513 6213 6879 6132 2258 8514 690 4199 5786 1127 4541 5063 2051 4426 4808 1926 5492 5867 8750 6783 507 3589 1354 8792 7502 7620 3591
7838 3050 5312 5518 7001 7320 9876 5378 5551 3125 1466 22 3513 6213 6879 6132 2258 8514 690 4199 5786 1127 4541 5063 2051 4426 4808 1926 5492 5867 8750 6783 507 3589 1354 8792 7502 7620 3591 9932
22
7838 3050 5312 5518 7001 7320 9876 5378 5551 3125 1466 22 3513 6213 6879 6132 2258 8514 690 4199 5786 1127 4541 5063 2051 4426 4808 1926 5492 5867 8750 6783 507 3589 1354 8792 7502 7620 9449
22
22
2382
22
38
22
38
8602
22
7838 3050 5312 5518 7001 7320 9876 5378 5551 3125 1466 22 3513 6213 6879 6132 2258 8514 690 4199 5786 1127 4541 5063 2051 4426 4808 1926 5492 5867 8750 6783 507 3589 1354 8792 8602
7838 3050 5312 5518 7001 7320 9876 5378 5551 3125 1466 22 3513 6213 6879 6132 2258 8514 690 4199 5786 1127 4541 5063 2051 4426 4808 1926 5492 5867 8750 6783 507 3589 1354 8792 8602 3381
38
3381
False
7838 3050 5312 5518 7001 7320 9876 5378 5551 3125 1466 22 3513 6213 6879 6132 2258 8514 690 4199 5786 1127 4541 5063 2051 4426 4808 1926 5492 5867 8750 6783 507 3589 1354 8792 8602 3381
38
False
38
7838 3050 5312 5518 7001 7320 9876 5378 5551 3125 1466 22 3513 6213 6879 6132 2258 8514 690 4199 5786 1127 4541 5063 2051 4426 4808 1926 5492 5867 8750 6783 507 3589 1354 8792 8602 3381
7838 3050 5312 5518 7001 7320 9876 5378 5551 3125 1466 22 3513 6213 6879 6132 2258 8514 690 4199 5786 1127 4541 5063 2051 4426 4808 1926 5492 5867 8750 6783 507 3589 1354 8792 8602 3381
40
7838 3050 5312 5518 7001 7320 9876 5378 5551 3125 1466 22 3513 6213 6879 6132 2258 8514 690 4199 5786 1127 4541 5063 2051 4426 4808 1926 5492 5867 8750 6783 507 3589 1354 8792 8602 3381 6165 5136 6929 3106
False
7838 3050 5312 5518 7001 7320 9876 5378 5551 3125 1466 22 3513 6213 6879 6132 2258 8514 690 4199 5786 1127 4541 5063 2051 4426 4808 1926 5492 5867 8750 6783 507 3589 1354 8792 8602 3381 6165 5136 6929 3106 3692
False
7838 3050 5312 5518 7001 7320 9876 5378 5551 3125 1466 22 3513 6213 6879 6132 2258 8514 690 4199 5786 1127 4541 5063 2051 4426 4808 1926 5492 5867 8750 6783 507 3589 1354 8792 8602 3381 6165 5136 6929 3106 3692
22
43
False
44
22
5309
7838 3050 5312 5518 7001 7320 9876 5378 5551 3125 1466 22 3513 6213 6879 6132 2258 8514 690 4199 5786 1127 4541 5063 2051 4426 4808 1926 5492 5867 8750 6783 507 3589 1354 8792 8602 3381 6165 5136 6929 3106 3692 5309
False
44
7838 3050 5312 5518 7001 7320 9876 5378 5551 3125 1466 22 3513 6213 6879 6132 2258 8514 690 4199 5786 1127 4541 5063 2051 4426 4808 1926 5492 5867 8750 6783 507 3589 1354 8792 8602 3381 6165 5136 6929 3106 3692 5050
False
43
43
9715
7838 3050 5312 5518 7001 7320 9876 5378 5551 3125 1466 22 3513 6213 6879 6132 2258 8514 690 4199 5786 1127 4541 5063 2051 4426 4808 1926 5492 5867 8750 6783 507 3589 1354 8792 8602 3381 6165 5136 6929 3106 3692 9715
44
3106
False
7838 3050 5312 5518 7001 7320 9876 5378 5551 3125 1466 22 3513 6213 6879 6132 2258 8514 690 4199 5786 1127 4541 5063 2051 4426 4808 1926 5492 5867 8750 6783 507 3589 1354 8792 8602 3381 6165 5136 6929 3106
42
7838 3050 5312 5518 7001 7320 9876 5378 5551 3125 1466 22 3513 6213 6879 6132 2258 8514 690 4199 5786 1127 4541 5063 2051 4426 4808 1926 5492 5867 8750 6783 507 3589 1354 8792 8602 3381 6165 5136 6929 3106
False
4502
44
46
45
False
7482
22
False
7482
False
46
False
False
False
False
4502
4502
44
4502
False
7838 3050 5312 5518 7001 7320 9876 5378 5551 3125 1466 22 3513 6213 6879 6132 2258 8514 690 4199 5786 1127 4541 5063 2051 4426 4808 1926 5492 5867 8750 6783 507 3589 1354 8792 8602 3381 6165 5136 6929 3106 8871
False
False
7838 3050 5312 5518 7001 7320 9876 5378 5551 3125 1466 22 3513 6213 6879 6132 2258 8514 690 4199 5786 1127 4541 5063 2051 4426 4808 1926 5492 5867 8750 6783 507 3589 1354 8792 8602 3381 6165 5136 6929 3106 2576
7838 3050 5312 5518 7001 7320 9876 5378 5551 3125 1466 22 3513 6213 6879 6132 2258 8514 690 4199 5786 1127 4541 5063 2051 4426 4808 1926 5492 5867 8750 6783 507 3589 1354 8792 8602 3381 6165 5136 6929 3106 2576
22
False
22
22
22
8299
8299
False
7838 3050 5312 5518 7001 7320 9876 5378 5551 3125 1466 22 3513 6213 6879 6132 2258 8514 690 4199 5786 1127 4541 5063 2051 4426 4808 1926 5492 5867 8750 6783 507 3589 1354 8792 8602 3381 6165 5136 6929
22
False
39
False
False
False
False
7838 3050 5312 5518 7001 7320 9876 5378 5551 3125 1466 22 3513 6213 6879 6132 2258 8514 690 4199 5786 1127 4541 5063 2051 4426 4808 1926 5492 5867 8750 6783 507 3589 1354 8792 8602 3381 6165 3433
7838 3050 5312 5518 7001 7320 9876 5378 5551 3125 1466 22 3513 6213 6879 6132 2258 8514 690 4199 5786 1127 4541 5063 2051 4426 4808 1926 5492 5867 8750 6783 507 3589 1354 8792 8602 3381 6165
False
False
39
False
39
22
22
False
9530
False
7838 3050 5312 5518 7001 7320 9876 5378 5551 3125 1466 22 3513 6213 6879 6132 2258 8514 690 4199 5786 1127 4541 5063 2051 4426 4808 1926 5492 5867 8750 6783 507 3589 1354 8792 8602 3381 6165 9530 1808
7838 3050 5312 5518 7001 7320 9876 5378 5551 3125 1466 22 3513 6213 6879 6132 2258 8514 690 4199 5786 1127 4541 5063 2051 4426 4808 1926 5492 5867 8750 6783 507 3589 1354 8792 8602 3381 6165 9530 1808
False
41
41
1808
1808
7838 3050 5312 5518 7001 7320 9876 5378 5551 3125 1466 22 3513 6213 6879 6132 2258 8514 690 4199 5786 1127 4541 5063 2051 4426 4808 1926 5492 5867 8750 6783 507 3589 1354 8792 8602 3381 6165 9530 728
False
False
False
7838 3050 5312 5518 7001 7320 9876 5378 5551 3125 1466 22 3513 6213 6879 6132 2258 8514 690 4199 5786 1127 4541 5063 2051 4426 4808 1926 5492 5867 8750 6783 507 3589 1354 8792 8602 3381
22
7901
False
3381
False
False
3381
False
3381
7838 3050 5312 5518 7001 7320 9876 5378 5551 3125 1466 22 3513 6213 6879 6132 2258 8514 690 4199 5786 1127 4541 5063 2051 4426 4808 1926 5492 5867 8750 6783 507 3589 1354 8792 8602 3381
False
3381
False
22
22
22
22
False
8807
37
22
False
False
37
22
38
38
False
3829
False
False
False
7838 3050 5312 5518 7001 7320 9876 5378 5551 3125 1466 22 3513 6213 6879 6132 2258 8514 690 4199 5786 1127 4541 5063 2051 4426 4808 1926 5492 5867 8750 6783 507 3589 1354 8792 3829 7251 3568 6159 9263
22
7838 3050 5312 5518 7001 7320 9876 5378 5551 3125 1466 22 3513 6213 6879 6132 2258 8514 690 4199 5786 1127 4541 5063 2051 4426 4808 1926 5492 5867 8750 6783 507 3589 1354 8792 3829 7251 3568 6159 9263
7838 3050 5312 5518 7001 7320 9876 5378 5551 3125 1466 22 3513 6213 6879 6132 2258 8514 690 4199 5786 1127 4541 5063 2051 4426 4808 1926 5492 5867 8750 6783 507 3589 1354 8792 3829 7251 3568 6159 9263 6616
False
7838 3050 5312 5518 7001 7320 9876 5378 5551 3125 1466 22 3513 6213 6879 6132 2258 8514 690 4199 5786 1127 4541 5063 2051 4426 4808 1926 5492 5867 8750 6783 507 3589 1354 8792 3829 7251 3568 6159 9263
False
7838 3050 5312 5518 7001 7320 9876 5378 5551 3125 1466 22 3513 6213 6879 6132 2258 8514 690 4199 5786 1127 4541 5063 2051 4426 4808 1926 5492 5867 8750 6783 507 3589 1354 8792 3829 7251 3568 6159
7838 3050 5312 5518 7001 7320 9876 5378 5551 3125 1466 22 3513 6213 6879 6132 2258 8514 690 4199 5786 1127 4541 5063 2051 4426 4808 1926 5492 5867 8750 6783 507 3589 1354 8792 3829 7251 3568 6159
40
40
False
4985
22
False
7838 3050 5312 5518 7001 7320 9876 5378 5551 3125 1466 22 3513 6213 6879 6132 2258 8514 690 4199 5786 1127 4541 5063 2051 4426 4808 1926 5492 5867 8750 6783 507 3589 1354 8792 3829 7251 3568 6595 7652 6988 4985 811
42
False
7838 3050 5312 5518 7001 7320 9876 5378 5551 3125 1466 22 3513 6213 6879 6132 2258 8514 690 4199 5786 1127 4541 5063 2051 4426 4808 1926 5492 5867 8750 6783 507 3589 1354 8792 3829 7251 3568 6595 7652 6988 9961
6988
False
False
22
False
41
7838 3050 5312 5518 7001 7320 9876 5378 5551 3125 1466 22 3513 6213 6879 6132 2258 8514 690 4199 5786 1127 4541 5063 2051 4426 4808 1926 5492 5867 8750 6783 507 3589 1354 8792 3829 7251 3568 6595 122
False
41
22
41
5543
5543
False
False
22
False
41
5304
7838 3050 5312 5518 7001 7320 9876 5378 5551 3125 1466 22 3513 6213 6879 6132 2258 8514 690 4199 5786 1127 4541 5063 2051 4426 4808 1926 5492 5867 8750 6783 507 3589 1354 8792 3829 7251 3568 6595 122 5304
42
122
7838 3050 5312 5518 7001 7320 9876 5378 5551 3125 1466 22 3513 6213 6879 6132 2258 8514 690 4199 5786 1127 4541 5063 2051 4426 4808 1926 5492 5867 8750 6783 507 3589 1354 8792 3829 7251 3568 6595 122
3568
22
7838 3050 5312 5518 7001 7320 9876 5378 5551 3125 1466 22 3513 6213 6879 6132 2258 8514 690 4199 5786 1127 4541 5063 2051 4426 4808 1926 5492 5867 8750 6783 507 3589 1354 8792 3829 7251
22
4416
4416
43
611
2567
22
7838 3050 5312 5518 7001 7320 9876 5378 5551 3125 1466 22 3513 6213 6879 6132 2258 8514 690 4199 5786 1127 4541 5063 2051 4426 4808 1926 5492 5867 8750 6783 507 3589 1354 8792 3829 7251 3597 4416 1319
False
False
False
7838 3050 5312 5518 7001 7320 9876 5378 5551 3125 1466 22 3513 6213 6879 6132 2258 8514 690 4199 5786 1127 4541 5063 2051 4426 4808 1926 5492 5867 8750 6783 507 3589 1354 8792 3829 7251 3597 4416 1319 6418
6418
7838 3050 5312 5518 7001 7320 9876 5378 5551 3125 1466 22 3513 6213 6879 6132 2258 8514 690 4199 5786 1127 4541 5063 2051 4426 4808 1926 5492 5867 8750 6783 507 3589 1354 8792 3829 7251 3597 4416 1319 6418
6300
False
44
43
False
43
False
7838 3050 5312 5518 7001 7320 9876 5378 5551 3125 1466 22 3513 6213 6879 6132 2258 8514 690 4199 5786 1127 4541 5063 2051 4426 4808 1926 5492 5867 8750 6783 507 3589 1354 8792 3829 7251 3597 4416
4416
7838 3050 5312 5518 7001 7320 9876 5378 5551 3125 1466 22 3513 6213 6879 6132 2258 8514 690 4199 5786 1127 4541 5063 2051 4426 4808 1926 5492 5867 8750 6783 507 3589 1354 8792 3829 7251 3597 4416 2591
False
False
7838 3050 5312 5518 7001 7320 9876 5378 5551 3125 1466 22 3513 6213 6879 6132 2258 8514 690 4199 5786 1127 4541 5063 2051 4426 4808 1926 5492 5867 8750 6783 507 3589 1354 8792 3829 7251 3597 4416
40
7838 3050 5312 5518 7001 7320 9876 5378 5551 3125 1466 22 3513 6213 6879 6132 2258 8514 690 4199 5786 1127 4541 5063 2051 4426 4808 1926 5492 5867 8750 6783 507 3589 1354 8792 3829 7251 3597 4416
7838 3050 5312 5518 7001 7320 9876 5378 5551 3125 1466 22 3513 6213 6879 6132 2258 8514 690 4199 5786 1127 4541 5063 2051 4426 4808 1926 5492 5867 8750 6783 507 3589 1354 8792 3829 7251 3597 4416
False
22
40
False
40
40
22
False
7838 3050 5312 5518 7001 7320 9876 5378 5551 3125 1466 22 3513 6213 6879 6132 2258 8514 690 4199 5786 1127 4541 5063 2051 4426 4808 1926 5492 5867 8750 6783 507 3589 1354 8792 3829 7251 3597 4416
6300
7838 3050 5312 5518 7001 7320 9876 5378 5551 3125 1466 22 3513 6213 6879 6132 2258 8514 690 4199 5786 1127 4541 5063 2051 4426 4808 1926 5492 5867 8750 6783 507 3589 1354 8792 3829 7251 3597 4416 6300
6300
False
42
43
False
7838 3050 5312 5518 7001 7320 9876 5378 5551 3125 1466 22 3513 6213 6879 6132 2258 8514 690 4199 5786 1127 4541 5063 2051 4426 4808 1926 5492 5867 8750 6783 507 3589 1354 8792 3829 7251 3597 4416 6300 9949 5401 2535 6075
22
7838 3050 5312 5518 7001 7320 9876 5378 5551 3125 1466 22 3513 6213 6879 6132 2258 8514 690 4199 5786 1127 4541 5063 2051 4426 4808 1926 5492 5867 8750 6783 507 3589 1354 8792 3829 7251 3597 4416 6300 9949 5401 2535
44
6153
45
False
7838 3050 5312 5518 7001 7320 9876 5378 5551 3125 1466 22 3513 6213 6879 6132 2258 8514 690 4199 5786 1127 4541 5063 2051 4426 4808 1926 5492 5867 8750 6783 507 3589 1354 8792 3829 7251 3597 4416 6300 9949 5169
43
22
False
7838 3050 5312 5518 7001 7320 9876 5378 5551 3125 1466 22 3513 6213 6879 6132 2258 8514 690 4199 5786 1127 4541 5063 2051 4426 4808 1926 5492 5867 8750 6783 507 3589 1354 8792 3829 7251 3597 4416 6300 9949 5169 2796
False
7838 3050 5312 5518 7001 7320 9876 5378 5551 3125 1466 22 3513 6213 6879 6132 2258 8514 690 4199 5786 1127 4541 5063 2051 4426 4808 1926 5492 5867 8750 6783 507 3589 1354 8792 3829 7251 3597 4416 6300 9949 5169 2796
7838 3050 5312 5518 7001 7320 9876 5378 5551 3125 1466 22 3513 6213 6879 6132 2258 8514 690 4199 5786 1127 4541 5063 2051 4426 4808 1926 5492 5867 8750 6783 507 3589 1354 8792 3829 7251 3597 4416 6300 9949 5169 2796
2796
False
22
False
False
22
False
2324
False
45
False
6429
45
22
45
6713
False
7838 3050 5312 5518 7001 7320 9876 5378 5551 3125 1466 22 3513 6213 6879 6132 2258 8514 690 4199 5786 1127 4541 5063 2051 4426 4808 1926 5492 5867 8750 6783 507 3589 1354 8792 3829 7251 3597 4416 6300 9949 7252 8583 6429
22
7838 3050 5312 5518 7001 7320 9876 5378 5551 3125 1466 22 3513 6213 6879 6132 2258 8514 690 4199 5786 1127 4541 5063 2051 4426 4808 1926 5492 5867 8750 6783 507 3589 1354 8792 3829 7251 3597 4416 6300 9949 7252 8583
22
False
7838 3050 5312 5518 7001 7320 9876 5378 5551 3125 1466 22 3513 6213 6879 6132 2258 8514 690 4199 5786 1127 4541 5063 2051 4426 4808 1926 5492 5867 8750 6783 507 3589 1354 8792 3829 7251 3597 4416 7467
40
7838 3050 5312 5518 7001 7320 9876 5378 5551 3125 1466 22 3513 6213 6879 6132 2258 8514 690 4199 5786 1127 4541 5063 2051 4426 4808 1926 5492 5867 8750 6783 507 3589 1354 8792 3829 7251 3597 4416 4467 7230
42
False
22
False
False
7838 3050 5312 5518 7001 7320 9876 5378 5551 3125 1466 22 3513 6213 6879 6132 2258 8514 690 4199 5786 1127 4541 5063 2051 4426 4808 1926 5492 5867 8750 6783 507 3589 1354 8792 3829 7251 3597 4416 4467
False
False
7838 3050 5312 5518 7001 7320 9876 5378 5551 3125 1466 22 3513 6213 6879 6132 2258 8514 690 4199 5786 1127 4541 5063 2051 4426 4808 1926 5492 5867 8750 6783 507 3589 1354 8792 3829 7251 3597 4416 4467 111
False
False
42
7838 3050 5312 5518 7001 7320 9876 5378 5551 3125 1466 22 3513 6213 6879 6132 2258 8514 690 4199 5786 1127 4541 5063 2051 4426 4808 1926 5492 5867 8750 6783 507 3589 1354 8792 3829 7251 3597 4416 4467 111 9375
False
7877
44
3785
44
False
7838 3050 5312 5518 7001 7320 9876 5378 5551 3125 1466 22 3513 6213 6879 6132 2258 8514 690 4199 5786 1127 4541 5063 2051 4426 4808 1926 5492 5867 8750 6783 507 3589 1354 8792 3829 7251 3597 4416 4467 7877 1174
False
False
44
8246
8246
6537
False
7838 3050 5312 5518 7001 7320 9876 5378 5551 3125 1466 22 3513 6213 6879 6132 2258 8514 690 4199 5786 1127 4541 5063 2051 4426 4808 1926 5492 5867 8750 6783 507 3589 1354 8792 3829 7251 3597 4416 4467 7877 1174 8246 1102
7838 3050 5312 5518 7001 7320 9876 5378 5551 3125 1466 22 3513 6213 6879 6132 2258 8514 690 4199 5786 1127 4541 5063 2051 4426 4808 1926 5492 5867 8750 6783 507 3589 1354 8792 3829 7251 3597 4416 4467 7877 1174 8246 1102
1102
22
45
7838 3050 5312 5518 7001 7320 9876 5378 5551 3125 1466 22 3513 6213 6879 6132 2258 8514 690 4199 5786 1127 4541 5063 2051 4426 4808 1926 5492 5867 8750 6783 507 3589 1354 8792 3829 7251 3597 4416 4467 7877 1174 8246 1102
1102
47
7838 3050 5312 5518 7001 7320 9876 5378 5551 3125 1466 22 3513 6213 6879 6132 2258 8514 690 4199 5786 1127 4541 5063 2051 4426 4808 1926 5492 5867 8750 6783 507 3589 1354 8792 3829 7251 3597 4416 4467 7877 1174 8246 1102 5625 5121 678
False
48
False
False
22
False
False
678
4802
False
4802
False
7838 3050 5312 5518 7001 7320 9876 5378 5551 3125 1466 22 3513 6213 6879 6132 2258 8514 690 4199 5786 1127 4541 5063 2051 4426 4808 1926 5492 5867 8750 6783 507 3589 1354 8792 3829 7251 3597 4416 4467 7877 1174 8246 1102 5625 5121 4802 808
808
48
4802
22
7838 3050 5312 5518 7001 7320 9876 5378 5551 3125 1466 22 3513 6213 6879 6132 2258 8514 690 4199 5786 1127 4541 5063 2051 4426 4808 1926 5492 5867 8750 6783 507 3589 1354 8792 3829 7251 3597 4416 4467 7877 1174 8246 1102 5625
46
False
1102
7838 3050 5312 5518 7001 7320 9876 5378 5551 3125 1466 22 3513 6213 6879 6132 2258 8514 690 4199 5786 1127 4541 5063 2051 4426 4808 1926 5492 5867 8750 6783 507 3589 1354 8792 3829 7251 3597 4416 4467 7877 1174 8246 1102 7744
False
46
46
False
48
8660
1510
47
22
47
7218
47
7838 3050 5312 5518 7001 7320 9876 5378 5551 3125 1466 22 3513 6213 6879 6132 2258 8514 690 4199 5786 1127 4541 5063 2051 4426 4808 1926 5492 5867 8750 6783 507 3589 1354 8792 3829 7251 3597 4416 4467 7877 1174 8246 1102 9827 7218
47
7838 3050 5312 5518 7001 7320 9876 5378 5551 3125 1466 22 3513 6213 6879 6132 2258 8514 690 4199 5786 1127 4541 5063 2051 4426 4808 1926 5492 5867 8750 6783 507 3589 1354 8792 3829 7251 3597 4416 4467 7877 1174 8246 1102 9827 7218
False
False
46
46
46
False
9827
7838 3050 5312 5518 7001 7320 9876 5378 5551 3125 1466 22 3513 6213 6879 6132 2258 8514 690 4199 5786 1127 4541 5063 2051 4426 4808 1926 5492 5867 8750 6783 507 3589 1354 8792 3829 7251 3597 4416 4467 7877 1174 8246 1102 9827
1102
False
1102
45
False
False
22
22
22
43
22
43
22
False
7838 3050 5312 5518 7001 7320 9876 5378 5551 3125 1466 22 3513 6213 6879 6132 2258 8514 690 4199 5786 1127 4541 5063 2051 4426 4808 1926 5492 5867 8750 6783 507 3589 1354 8792 3829 7251 3597 4416 4467
False
False
False
36
7838 3050 5312 5518 7001 7320 9876 5378 5551 3125 1466 22 3513 6213 6879 6132 2258 8514 690 4199 5786 1127 4541 5063 2051 4426 4808 1926 5492 5867 8750 6783 507 3589 1354 5514 1105
7838 3050 5312 5518 7001 7320 9876 5378 5551 3125 1466 22 3513 6213 6879 6132 2258 8514 690 4199 5786 1127 4541 5063 2051 4426 4808 1926 5492 5867 8750 6783 507 3589 1354 5514 1105 8558
37
7838 3050 5312 5518 7001 7320 9876 5378 5551 3125 1466 22 3513 6213 6879 6132 2258 8514 690 4199 5786 1127 4541 5063 2051 4426 4808 1926 5492 5867 8750 6783 507 3589 1354 5514 1105 8514 4927
False
False
7692
7692
False
22
False
7692
7692
False
False
2464
42
42
360
False
22
7838 3050 5312 5518 7001 7320 9876 5378 5551 3125 1466 22 3513 6213 6879 6132 2258 8514 690 4199 5786 1127 4541 5063 2051 4426 4808 1926 5492 5867 8750 6783 507 3589 1354 5514 1105 8514 4927 5399 2464 1277 7899
7838 3050 5312 5518 7001 7320 9876 5378 5551 3125 1466 22 3513 6213 6879 6132 2258 8514 690 4199 5786 1127 4541 5063 2051 4426 4808 1926 5492 5867 8750 6783 507 3589 1354 5514 1105 8514 4927 5399 2464 1277 7899
7838 3050 5312 5518 7001 7320 9876 5378 5551 3125 1466 22 3513 6213 6879 6132 2258 8514 690 4199 5786 1127 4541 5063 2051 4426 4808 1926 5492 5867 8750 6783 507 3589 1354 5514 1105 8514 4927 5399 2464 1277
43
7471
22
22
7838 3050 5312 5518 7001 7320 9876 5378 5551 3125 1466 22 3513 6213 6879 6132 2258 8514 690 4199 5786 1127 4541 5063 2051 4426 4808 1926 5492 5867 8750 6783 507 3589 1354 5514 1105 8514 4927 5399 2464 1277 5431
2464
False
41
7838 3050 5312 5518 7001 7320 9876 5378 5551 3125 1466 22 3513 6213 6879 6132 2258 8514 690 4199 5786 1127 4541 5063 2051 4426 4808 1926 5492 5867 8750 6783 507 3589 1354 5514 1105 8514 4927 5399 2464
42
False
False
False
3157
43
44
43
22
22
7838 3050 5312 5518 7001 7320 9876 5378 5551 3125 1466 22 3513 6213 6879 6132 2258 8514 690 4199 5786 1127 4541 5063 2051 4426 4808 1926 5492 5867 8750 6783 507 3589 1354 5514 1105 8514 4927 5399 2464 5209
False
22
7838 3050 5312 5518 7001 7320 9876 5378 5551 3125 1466 22 3513 6213 6879 6132 2258 8514 690 4199 5786 1127 4541 5063 2051 4426 4808 1926 5492 5867 8750 6783 507 3589 1354 5514 1105 8514 4927 5399 2464
False
22
False
3927
7838 3050 5312 5518 7001 7320 9876 5378 5551 3125 1466 22 3513 6213 6879 6132 2258 8514 690 4199 5786 1127 4541 5063 2051 4426 4808 1926 5492 5867 8750 6783 507 3589 1354 5514 1105 8514 4927 5399 3927
False
9919
False
9919
False
42
22
False
False
41
3927
7838 3050 5312 5518 7001 7320 9876 5378 5551 3125 1466 22 3513 6213 6879 6132 2258 8514 690 4199 5786 1127 4541 5063 2051 4426 4808 1926 5492 5867 8750 6783 507 3589 1354 5514 1105 8514 4927 5399 3927
22
7882
7882
False
False
False
40
7838 3050 5312 5518 7001 7320 9876 5378 5551 3125 1466 22 3513 6213 6879 6132 2258 8514 690 4199 5786 1127 4541 5063 2051 4426 4808 1926 5492 5867 8750 6783 507 3589 1354 5514 1105 8514 4927 5399
False
22
7838 3050 5312 5518 7001 7320 9876 5378 5551 3125 1466 22 3513 6213 6879 6132 2258 8514 690 4199 5786 1127 4541 5063 2051 4426 4808 1926 5492 5867 8750 6783 507 3589 1354 5514 1105 8514
38
8514
8514
False
3751
False
False
3751
False
3751
22
False
False
22
False
False
22
7838 3050 5312 5518 7001 7320 9876 5378 5551 3125 1466 22 3513 6213 6879 6132 2258 8514 690 4199 5786 1127 4541 5063 2051 4426 4808 1926 5492 5867 8750 6783 507 3589 1354 5514 1105
1105
22
22
False
37
7838 3050 5312 5518 7001 7320 9876 5378 5551 3125 1466 22 3513 6213 6879 6132 2258 8514 690 4199 5786 1127 4541 5063 2051 4426 4808 1926 5492 5867 8750 6783 507 3589 1354 5514 5566 8715 9226
9226
22
9226
7838 3050 5312 5518 7001 7320 9876 5378 5551 3125 1466 22 3513 6213 6879 6132 2258 8514 690 4199 5786 1127 4541 5063 2051 4426 4808 1926 5492 5867 8750 6783 507 3589 1354 5514 5566 8715 9226
9282
False
9282
40
7838 3050 5312 5518 7001 7320 9876 5378 5551 3125 1466 22 3513 6213 6879 6132 2258 8514 690 4199 5786 1127 4541 5063 2051 4426 4808 1926 5492 5867 8750 6783 507 3589 1354 5514 5566 8715 2001 9282
False
False
43
False
22
44
747
9021
False
747
22
747
False
44
5977
False
43
22
22
22
1531
7838 3050 5312 5518 7001 7320 9876 5378 5551 3125 1466 22 3513 6213 6879 6132 2258 8514 690 4199 5786 1127 4541 5063 2051 4426 4808 1926 5492 5867 8750 6783 507 3589 1354 5514 5566 8715 2001 9282 813 5898 5977 1531
44
False
False
False
False
7838 3050 5312 5518 7001 7320 9876 5378 5551 3125 1466 22 3513 6213 6879 6132 2258 8514 690 4199 5786 1127 4541 5063 2051 4426 4808 1926 5492 5867 8750 6783 507 3589 1354 5514 5566 8715 2001 9282 813 5898 5977
22
False
813
False
22
7838 3050 5312 5518 7001 7320 9876 5378 5551 3125 1466 22 3513 6213 6879 6132 2258 8514 690 4199 5786 1127 4541 5063 2051 4426 4808 1926 5492 5867 8750 6783 507 3589 1354 5514
False
5039
False
False
False
38
783
5514
7838 3050 5312 5518 7001 7320 9876 5378 5551 3125 1466 22 3513 6213 6879 6132 2258 8514 690 4199 5786 1127 4541 5063 2051 4426 4808 1926 5492 5867 8750 6783 507 3589 1354
35
7838 3050 5312 5518 7001 7320 9876 5378 5551 3125 1466 22 3513 6213 6879 6132 2258 8514 690 4199 5786 1127 4541 5063 2051 4426 4808 1926 5492 5867 8750 6783 507 3589 1354
5557
22
37
22
False
False
False
22
False
6783
False
False
22
False
7838 3050 5312 5518 7001 7320 9876 5378 5551 3125 1466 22 3513 6213 6879 6132 2258 8514 690 4199 5786 1127 4541 5063 2051 4426 4808 1926 5492 5867
False
22
False
31
7838 3050 5312 5518 7001 7320 9876 5378 5551 3125 1466 22 3513 6213 6879 6132 2258 8514 690 4199 5786 1127 4541 5063 2051 4426 4808 1926 5492 5867 8915
False
8915
22
22
22
7838 3050 5312 5518 7001 7320 9876 5378 5551 3125 1466 22 3513 6213 6879 6132 2258 8514 690 4199 5786 1127 4541 5063 2051 4426 4808 1926 5492 5867 8915 6757 2770 3642
3642
34
22
7838 3050 5312 5518 7001 7320 9876 5378 5551 3125 1466 22 3513 6213 6879 6132 2258 8514 690 4199 5786 1127 4541 5063 2051 4426 4808 1926 5492 5867 8915 6757 431
33
4575
3226
7838 3050 5312 5518 7001 7320 9876 5378 5551 3125 1466 22 3513 6213 6879 6132 2258 8514 690 4199 5786 1127 4541 5063 2051 4426 4808 1926 5492 5867 8915 6757 431 4575 3226
35
3226
22
False
3226
22
3226
False
37
8704
8704
False
False
False
False
7838 3050 5312 5518 7001 7320 9876 5378 5551 3125 1466 22 3513 6213 6879 6132 2258 8514 690 4199 5786 1127 4541 5063 2051 4426 4808 1926 5492 5867 8915 6757 431 4575 4375 8704
False
3284
False
37
8704
False
40
7838 3050 5312 5518 7001 7320 9876 5378 5551 3125 1466 22 3513 6213 6879 6132 2258 8514 690 4199 5786 1127 4541 5063 2051 4426 4808 1926 5492 5867 8915 6757 431 4575 4375 8704 1499 6209 3071 8194
7838 3050 5312 5518 7001 7320 9876 5378 5551 3125 1466 22 3513 6213 6879 6132 2258 8514 690 4199 5786 1127 4541 5063 2051 4426 4808 1926 5492 5867 8915 6757 431 4575 4375 8704 1499 6209 3071 8194 2761
False
False
22
False
6180
False
False
7838 3050 5312 5518 7001 7320 9876 5378 5551 3125 1466 22 3513 6213 6879 6132 2258 8514 690 4199 5786 1127 4541 5063 2051 4426 4808 1926 5492 5867 8915 6757 431 4575 4375 8704 1499 6209 3071 8194 2761 8399 2568 3350 6180
False
7838 3050 5312 5518 7001 7320 9876 5378 5551 3125 1466 22 3513 6213 6879 6132 2258 8514 690 4199 5786 1127 4541 5063 2051 4426 4808 1926 5492 5867 8915 6757 431 4575 4375 8704 1499 6209 3071 8194 2761 8399 2568 3350 6180
44
False
False
7838 3050 5312 5518 7001 7320 9876 5378 5551 3125 1466 22 3513 6213 6879 6132 2258 8514 690 4199 5786 1127 4541 5063 2051 4426 4808 1926 5492 5867 8915 6757 431 4575 4375 8704 1499 6209 3071 8194 2761 8399 2568 3350
44
False
7838 3050 5312 5518 7001 7320 9876 5378 5551 3125 1466 22 3513 6213 6879 6132 2258 8514 690 4199 5786 1127 4541 5063 2051 4426 4808 1926 5492 5867 8915 6757 431 4575 4375 8704 1499 6209 3071 8194 2761 8399 2568
False
8399
22
7838 3050 5312 5518 7001 7320 9876 5378 5551 3125 1466 22 3513 6213 6879 6132 2258 8514 690 4199 5786 1127 4541 5063 2051 4426 4808 1926 5492 5867 8915 6757 431 4575 4375 8704 1499 6209 3071 8194 2761 8399
8399
8399
False
7838 3050 5312 5518 7001 7320 9876 5378 5551 3125 1466 22 3513 6213 6879 6132 2258 8514 690 4199 5786 1127 4541 5063 2051 4426 4808 1926 5492 5867 8915 6757 431 4575 4375 8704 1499 6209 3071 8194 2761 3585
41
22
False
22
False
False
22
22
3147
7838 3050 5312 5518 7001 7320 9876 5378 5551 3125 1466 22 3513 6213 6879 6132 2258 8514 690 4199 5786 1127 4541 5063 2051 4426 4808 1926 5492 5867 8915 6757 431 4575 4375 8704 1499 6209 3071 8194 2761 4180 3147
False
42
False
22
22
44
False
4180
7838 3050 5312 5518 7001 7320 9876 5378 5551 3125 1466 22 3513 6213 6879 6132 2258 8514 690 4199 5786 1127 4541 5063 2051 4426 4808 1926 5492 5867 8915 6757 431 4575 4375 8704 1499 6209 3071 8194 2761 4180
22
2761
False
7838 3050 5312 5518 7001 7320 9876 5378 5551 3125 1466 22 3513 6213 6879 6132 2258 8514 690 4199 5786 1127 4541 5063 2051 4426 4808 1926 5492 5867 8915 6757 431 4575 4375 8704 1499 6209 3071 8194 2761
False
7838 3050 5312 5518 7001 7320 9876 5378 5551 3125 1466 22 3513 6213 6879 6132 2258 8514 690 4199 5786 1127 4541 5063 2051 4426 4808 1926 5492 5867 8915 6757 431 4575 4375 8704 1499 6209 3071 8194
40
8206
40
41
7838 3050 5312 5518 7001 7320 9876 5378 5551 3125 1466 22 3513 6213 6879 6132 2258 8514 690 4199 5786 1127 4541 5063 2051 4426 4808 1926 5492 5867 8915 6757 431 4575 4375 8704 1499 6209 9180 9594 5691
42
False
9451
22
7838 3050 5312 5518 7001 7320 9876 5378 5551 3125 1466 22 3513 6213 6879 6132 2258 8514 690 4199 5786 1127 4541 5063 2051 4426 4808 1926 5492 5867 8915 6757 431 4575 4375 8704 1499 6209 9180 9594 5691 9451 1441
22
False
3525
22
7838 3050 5312 5518 7001 7320 9876 5378 5551 3125 1466 22 3513 6213 6879 6132 2258 8514 690 4199 5786 1127 4541 5063 2051 4426 4808 1926 5492 5867 8915 6757 431 4575 4375 8704 1499 6209 9180 9594 5691 9451 1441 5210
False
5210
44
False
False
False
22
False
1940
False
22
22
8641
False
22
7838 3050 5312 5518 7001 7320 9876 5378 5551 3125 1466 22 3513 6213 6879 6132 2258 8514 690 4199 5786 1127 4541 5063 2051 4426 4808 1926 5492 5867 8915 6757 431 4575 4375 8704 1499 6209 9180 9594 5691 9451 1441 5210 1940 8641
22
44
1441
False
64
22
22
False
42
40
22
40
22
False
False
False
False
1328
False
42
7838 3050 5312 5518 7001 7320 9876 5378 5551 3125 1466 22 3513 6213 6879 6132 2258 8514 690 4199 5786 1127 4541 5063 2051 4426 4808 1926 5492 5867 8915 6757 431 4575 4375 8704 1499 6209 9180 9594 9542 1328
False
39
False
2238
False
7838 3050 5312 5518 7001 7320 9876 5378 5551 3125 1466 22 3513 6213 6879 6132 2258 8514 690 4199 5786 1127 4541 5063 2051 4426 4808 1926 5492 5867 8915 6757 431 4575 4375 8704 1499 6209 5712 9102
6209
3084
7838 3050 5312 5518 7001 7320 9876 5378 5551 3125 1466 22 3513 6213 6879 6132 2258 8514 690 4199 5786 1127 4541 5063 2051 4426 4808 1926 5492 5867 8915 6757 431 4575 4375 8704 1499 6209 3084 3912 8659
False
22
22
False
39
22
1499
4575
False
7838 3050 5312 5518 7001 7320 9876 5378 5551 3125 1466 22 3513 6213 6879 6132 2258 8514 690 4199 5786 1127 4541 5063 2051 4426 4808 1926 5492 5867 8915 6757 431
22
33
False
8915
7838 3050 5312 5518 7001 7320 9876 5378 5551 3125 1466 22 3513 6213 6879 6132 2258 8514 690 4199 5786 1127 4541 5063 2051 4426 4808 1926 5492 5867 8915
22
7838 3050 5312 5518 7001 7320 9876 5378 5551 3125 1466 22 3513 6213 6879 6132 2258 8514 690 4199 5786 1127 4541 5063 2051 4426 4808 1926 5492 5867 8915
False
False
32
7838 3050 5312 5518 7001 7320 9876 5378 5551 3125 1466 22 3513 6213 6879 6132 2258 8514 690 4199 5786 1127 4541 5063 2051 4426 4808 1926 5492 5867 8915 2527
7838 3050 5312 5518 7001 7320 9876 5378 5551 3125 1466 22 3513 6213 6879 6132 2258 8514 690 4199 5786 1127 4541 5063 2051 4426 4808 1926 5492 5867 8915 2681
33
False
False
32
22
7838 3050 5312 5518 7001 7320 9876 5378 5551 3125 1466 22 3513 6213 6879 6132 2258 8514 690 4199 5786 1127 4541 5063 2051 4426 4808 1926 5492 5867 8915
False
22
7838 3050 5312 5518 7001 7320 9876 5378 5551 3125 1466 22 3513 6213 6879 6132 2258 8514 690 4199 5786 1127 4541 5063 2051 4426 4808 1926 5492 5867 3978 4304
22
33
22
False
32
33
False
False
False
False
3664
False
38
38
38
9031
5651
38
7838 3050 5312 5518 7001 7320 9876 5378 5551 3125 1466 22 3513 6213 6879 6132 2258 8514 690 4199 5786 1127 4541 5063 2051 4426 4808 1926 5492 5867 3978 4304 587 4815 548 3275 9031 5651
False
False
False
7838 3050 5312 5518 7001 7320 9876 5378 5551 3125 1466 22 3513 6213 6879 6132 2258 8514 690 4199 5786 1127 4541 5063 2051 4426 4808 1926 5492 5867 3978 4304 587 4815 548 3275 9031 5651 2309 6127
22
6127
6127
7838 3050 5312 5518 7001 7320 9876 5378 5551 3125 1466 22 3513 6213 6879 6132 2258 8514 690 4199 5786 1127 4541 5063 2051 4426 4808 1926 5492 5867 3978 4304 587 4815 548 3275 9031 5651 2309 6127
False
5580
39
7838 3050 5312 5518 7001 7320 9876 5378 5551 3125 1466 22 3513 6213 6879 6132 2258 8514 690 4199 5786 1127 4541 5063 2051 4426 4808 1926 5492 5867 3978 4304 587 4815 548 3275 9031 5651 2309
False
7838 3050 5312 5518 7001 7320 9876 5378 5551 3125 1466 22 3513 6213 6879 6132 2258 8514 690 4199 5786 1127 4541 5063 2051 4426 4808 1926 5492 5867 3978 4304 587 4815 548 3275 9031 5651 2309 9331
22
False
37
7838 3050 5312 5518 7001 7320 9876 5378 5551 3125 1466 22 3513 6213 6879 6132 2258 8514 690 4199 5786 1127 4541 5063 2051 4426 4808 1926 5492 5867 3978 4304 587 4815 548 3275 9031
7838 3050 5312 5518 7001 7320 9876 5378 5551 3125 1466 22 3513 6213 6879 6132 2258 8514 690 4199 5786 1127 4541 5063 2051 4426 4808 1926 5492 5867 3978 4304 587 4815 548 3275 9031
38
False
False
9031
22
38
False
22
22
7727
False
False
40
False
7928
40
False
False
7838 3050 5312 5518 7001 7320 9876 5378 5551 3125 1466 22 3513 6213 6879 6132 2258 8514 690 4199 5786 1127 4541 5063 2051 4426 4808 1926 5492 5867 3978 4304 587 4815 548 3275 9031 8502 2426 7928 2457
False
7838 3050 5312 5518 7001 7320 9876 5378 5551 3125 1466 22 3513 6213 6879 6132 2258 8514 690 4199 5786 1127 4541 5063 2051 4426 4808 1926 5492 5867 3978 4304 587 4815 548 3275 9031 8502 2426 7928 2457 9627 5562
9627
41
22
22
False
7838 3050 5312 5518 7001 7320 9876 5378 5551 3125 1466 22 3513 6213 6879 6132 2258 8514 690 4199 5786 1127 4541 5063 2051 4426 4808 1926 5492 5867 3978 4304 587 4815 548 3275 9031 8502 2426 970
970
7838 3050 5312 5518 7001 7320 9876 5378 5551 3125 1466 22 3513 6213 6879 6132 2258 8514 690 4199 5786 1127 4541 5063 2051 4426 4808 1926 5492 5867 3978 4304 587 4815 548 3275 9031 8502 2426
False
False
22
38
8502
38
False
8502
38
False
False
4815
1929
35
7796
35
False
22
1929
4815
False
7838 3050 5312 5518 7001 7320 9876 5378 5551 3125 1466 22 3513 6213 6879 6132 2258 8514 690 4199 5786 1127 4541 5063 2051 4426 4808 1926 5492 5867 3978 4304 587 4815 4910
22
7838 3050 5312 5518 7001 7320 9876 5378 5551 3125 1466 22 3513 6213 6879 6132 2258 8514 690 4199 5786 1127 4541 5063 2051 4426 4808 1926 5492 5867 3978 4304 587
34
False
7838 3050 5312 5518 7001 7320 9876 5378 5551 3125 1466 22 3513 6213 6879 6132 2258 8514 690 4199 5786 1127 4541 5063 2051 4426 4808 1926 5492 5867 3978 4304 587 8734
False
False
7838 3050 5312 5518 7001 7320 9876 5378 5551 3125 1466 22 3513 6213 6879 6132 2258 8514 690 4199 5786 1127 4541 5063 2051 4426 4808 1926 5492 5867 3978 4304 587 8734 3376
False
False
34
8734
False
22
False
587
False
4304
32
31
22
2559
False
False
False
False
22
2559
False
33
7838 3050 5312 5518 7001 7320 9876 5378 5551 3125 1466 22 3513 6213 6879 6132 2258 8514 690 4199 5786 1127 4541 5063 2051 4426 4808 1926 5492 5867 3978 2559
7838 3050 5312 5518 7001 7320 9876 5378 5551 3125 1466 22 3513 6213 6879 6132 2258 8514 690 4199 5786 1127 4541 5063 2051 4426 4808 1926 5492 5867 3978 2559
False
22
22
33
False
False
33
33
False
22
7838 3050 5312 5518 7001 7320 9876 5378 5551 3125 1466 22 3513 6213 6879 6132 2258 8514 690 4199 5786 1127 4541 5063 2051 4426 4808 1926 5492 5867 3978 2559 4323
4323
4323
5609
7838 3050 5312 5518 7001 7320 9876 5378 5551 3125 1466 22 3513 6213 6879 6132 2258 8514 690 4199 5786 1127 4541 5063 2051 4426 4808 1926 5492 5867 3978 2559 5609
32
False
22
22
False
32
2559
False
7838 3050 5312 5518 7001 7320 9876 5378 5551 3125 1466 22 3513 6213 6879 6132 2258 8514 690 4199 5786 1127 4541 5063 2051 4426 4808 1926 5492 5867 9933
False
False
22
False
22
False
22
False
False
4426
7838 3050 5312 5518 7001 7320 9876 5378 5551 3125 1466 22 3513 6213 6879 6132 2258 8514 690 4199 5786 1127 4541 5063 2051 4426
False
7838 3050 5312 5518 7001 7320 9876 5378 5551 3125 1466 22 3513 6213 6879 6132 2258 8514 690 4199 5786 1127 4541 5063 2051 4426 1799
27
1799
7838 3050 5312 5518 7001 7320 9876 5378 5551 3125 1466 22 3513 6213 6879 6132 2258 8514 690 4199 5786 1127 4541 5063 2051 4426 1799
False
7838 3050 5312 5518 7001 7320 9876 5378 5551 3125 1466 22 3513 6213 6879 6132 2258 8514 690 4199 5786 1127 4541 5063 2051 4426 1799
1799
False
False
22
False
False
False
22
False
False
False
False
False
False
False
False
9672
29
9672
9672
7838 3050 5312 5518 7001 7320 9876 5378 5551 3125 1466 22 3513 6213 6879 6132 2258 8514 690 4199 5786 1127 4541 5063 2051 4426 1799 5489 9672
7838 3050 5312 5518 7001 7320 9876 5378 5551 3125 1466 22 3513 6213 6879 6132 2258 8514 690 4199 5786 1127 4541 5063 2051 4426 1799 5489 9672 6827
6827
False
30
False
False
30
7838 3050 5312 5518 7001 7320 9876 5378 5551 3125 1466 22 3513 6213 6879 6132 2258 8514 690 4199 5786 1127 4541 5063 2051 4426 1799 5489 9672 6827 4843 9971
22
7838 3050 5312 5518 7001 7320 9876 5378 5551 3125 1466 22 3513 6213 6879 6132 2258 8514 690 4199 5786 1127 4541 5063 2051 4426 1799 5489 9672 6827 4843 9971 583
7838 3050 5312 5518 7001 7320 9876 5378 5551 3125 1466 22 3513 6213 6879 6132 2258 8514 690 4199 5786 1127 4541 5063 2051 4426 1799 5489 9672 6827 4843 9971 583
7838 3050 5312 5518 7001 7320 9876 5378 5551 3125 1466 22 3513 6213 6879 6132 2258 8514 690 4199 5786 1127 4541 5063 2051 4426 1799 5489 9672 6827 4843 9971 583
7838 3050 5312 5518 7001 7320 9876 5378 5551 3125 1466 22 3513 6213 6879 6132 2258 8514 690 4199 5786 1127 4541 5063 2051 4426 1799 5489 9672 6827 4843 9971 583
33
34
False
7838 3050 5312 5518 7001 7320 9876 5378 5551 3125 1466 22 3513 6213 6879 6132 2258 8514 690 4199 5786 1127 4541 5063 2051 4426 1799 5489 9672 6827 4843 9971
22
31
False
False
7838 3050 5312 5518 7001 7320 9876 5378 5551 3125 1466 22 3513 6213 6879 6132 2258 8514 690 4199 5786 1127 4541 5063 2051 4426 1799 5489 9672 6827 4843 9955
22
22
False
22
False
34
34
22
33
7838 3050 5312 5518 7001 7320 9876 5378 5551 3125 1466 22 3513 6213 6879 6132 2258 8514 690 4199 5786 1127 4541 5063 2051 4426 1799 5489 9672 6827 4843 9955 8969
22
5204
7838 3050 5312 5518 7001 7320 9876 5378 5551 3125 1466 22 3513 6213 6879 6132 2258 8514 690 4199 5786 1127 4541 5063 2051 4426 1799 5489 9672 6827 4843 9955 8969 7976
34
7838 3050 5312 5518 7001 7320 9876 5378 5551 3125 1466 22 3513 6213 6879 6132 2258 8514 690 4199 5786 1127 4541 5063 2051 4426 1799 5489 9672 6827 4843 9955 8969 7976 153
35
7838 3050 5312 5518 7001 7320 9876 5378 5551 3125 1466 22 3513 6213 6879 6132 2258 8514 690 4199 5786 1127 4541 5063 2051 4426 1799 5489 9672 6827 4843 9955 8969 7976 153 9238
False
False
6644
39
22
3930
9446
7838 3050 5312 5518 7001 7320 9876 5378 5551 3125 1466 22 3513 6213 6879 6132 2258 8514 690 4199 5786 1127 4541 5063 2051 4426 1799 5489 9672 6827 4843 9955 8969 7976 153 9238 4668 6644 3930 9446
7838 3050 5312 5518 7001 7320 9876 5378 5551 3125 1466 22 3513 6213 6879 6132 2258 8514 690 4199 5786 1127 4541 5063 2051 4426 1799 5489 9672 6827 4843 9955 8969 7976 153 9238 4668 6644 3930 9446
7838 3050 5312 5518 7001 7320 9876 5378 5551 3125 1466 22 3513 6213 6879 6132 2258 8514 690 4199 5786 1127 4541 5063 2051 4426 1799 5489 9672 6827 4843 9955 8969 7976 153 9238 4668 6644 3930 9446
22
False
22
False
False
3757
43
7838 3050 5312 5518 7001 7320 9876 5378 5551 3125 1466 22 3513 6213 6879 6132 2258 8514 690 4199 5786 1127 4541 5063 2051 4426 1799 5489 9672 6827 4843 9955 8969 7976 153 9238 4668 6644 3930 9446 4625 3757 5088
False
43
22
43
False
43
43
False
False
22
44
45
45
False
22
False
7838 3050 5312 5518 7001 7320 9876 5378 5551 3125 1466 22 3513 6213 6879 6132 2258 8514 690 4199 5786 1127 4541 5063 2051 4426 1799 5489 9672 6827 4843 9955 8969 7976 153 9238 4668 6644 3930 9446 4625 3757 9471 7850 2922
False
45
7838 3050 5312 5518 7001 7320 9876 5378 5551 3125 1466 22 3513 6213 6879 6132 2258 8514 690 4199 5786 1127 4541 5063 2051 4426 1799 5489 9672 6827 4843 9955 8969 7976 153 9238 4668 6644 3930 9446 4625 3757 9471
43
44
7838 3050 5312 5518 7001 7320 9876 5378 5551 3125 1466 22 3513 6213 6879 6132 2258 8514 690 4199 5786 1127 4541 5063 2051 4426 1799 5489 9672 6827 4843 9955 8969 7976 153 9238 4668 6644 3930 9446 4625 3757 9471 7681
False
7564
7564
43
22
22
False
False
22
False
False
22
False
7838 3050 5312 5518 7001 7320 9876 5378 5551 3125 1466 22 3513 6213 6879 6132 2258 8514 690 4199 5786 1127 4541 5063 2051 4426 1799 5489 9672 6827 4843 9955 8969 7976 153 9238 4668 6644
22
False
22
22
False
False
40
7838 3050 5312 5518 7001 7320 9876 5378 5551 3125 1466 22 3513 6213 6879 6132 2258 8514 690 4199 5786 1127 4541 5063 2051 4426 1799 5489 9672 6827 4843 9955 8969 7976 153 9238 4668 2861 7731 5264
7838 3050 5312 5518 7001 7320 9876 5378 5551 3125 1466 22 3513 6213 6879 6132 2258 8514 690 4199 5786 1127 4541 5063 2051 4426 1799 5489 9672 6827 4843 9955 8969 7976 153 9238 4668 2861 7731
7731
22
False
7838 3050 5312 5518 7001 7320 9876 5378 5551 3125 1466 22 3513 6213 6879 6132 2258 8514 690 4199 5786 1127 4541 5063 2051 4426 1799 5489 9672 6827 4843 9955 8969 7976 153 9238 4668 2861 7731 5717
7838 3050 5312 5518 7001 7320 9876 5378 5551 3125 1466 22 3513 6213 6879 6132 2258 8514 690 4199 5786 1127 4541 5063 2051 4426 1799 5489 9672 6827 4843 9955 8969 7976 153 9238 4668 2861 7731 9342
22
7838 3050 5312 5518 7001 7320 9876 5378 5551 3125 1466 22 3513 6213 6879 6132 2258 8514 690 4199 5786 1127 4541 5063 2051 4426 1799 5489 9672 6827 4843 9955 8969 7976 153 9238 4668 2861 7731 9342 2355
7838 3050 5312 5518 7001 7320 9876 5378 5551 3125 1466 22 3513 6213 6879 6132 2258 8514 690 4199 5786 1127 4541 5063 2051 4426 1799 5489 9672 6827 4843 9955 8969 7976 153 9238 4668 2861 7731 9342 2355
7731
39
False
4421
22
2615
22
False
False
22
42
7838 3050 5312 5518 7001 7320 9876 5378 5551 3125 1466 22 3513 6213 6879 6132 2258 8514 690 4199 5786 1127 4541 5063 2051 4426 1799 5489 9672 6827 4843 9955 8969 7976 153 9238 4668 2861 7731 4421 1261
False
41
7838 3050 5312 5518 7001 7320 9876 5378 5551 3125 1466 22 3513 6213 6879 6132 2258 8514 690 4199 5786 1127 4541 5063 2051 4426 1799 5489 9672 6827 4843 9955 8969 7976 153 9238 4668 2861 7731 4421
False
40
7838 3050 5312 5518 7001 7320 9876 5378 5551 3125 1466 22 3513 6213 6879 6132 2258 8514 690 4199 5786 1127 4541 5063 2051 4426 1799 5489 9672 6827 4843 9955 8969 7976 153 9238 4668 2861 7731 4421
7838 3050 5312 5518 7001 7320 9876 5378 5551 3125 1466 22 3513 6213 6879 6132 2258 8514 690 4199 5786 1127 4541 5063 2051 4426 1799 5489 9672 6827 4843 9955 8969 7976 153 9238 4668 2861 7731
7731
39
False
7838 3050 5312 5518 7001 7320 9876 5378 5551 3125 1466 22 3513 6213 6879 6132 2258 8514 690 4199 5786 1127 4541 5063 2051 4426 1799 5489 9672 6827 4843 9955 8969 7976 153 9238 4668 2861 7731
7731
22
4834
False
22
22
22
7838 3050 5312 5518 7001 7320 9876 5378 5551 3125 1466 22 3513 6213 6879 6132 2258 8514 690 4199 5786 1127 4541 5063 2051 4426 1799 5489 9672 6827 4843 9955 8969 7976 153 9238 4668 2861 7731 4834
7838 3050 5312 5518 7001 7320 9876 5378 5551 3125 1466 22 3513 6213 6879 6132 2258 8514 690 4199 5786 1127 4541 5063 2051 4426 1799 5489 9672 6827 4843 9955 8969 7976 153 9238 4668 2861 7731 4834
7838 3050 5312 5518 7001 7320 9876 5378 5551 3125 1466 22 3513 6213 6879 6132 2258 8514 690 4199 5786 1127 4541 5063 2051 4426 1799 5489 9672 6827 4843 9955 8969 7976 153 9238 4668 2861 7731 4834
4834
40
False
7838 3050 5312 5518 7001 7320 9876 5378 5551 3125 1466 22 3513 6213 6879 6132 2258 8514 690 4199 5786 1127 4541 5063 2051 4426 1799 5489 9672 6827 4843 9955 8969 7976 153 9238 4668 2861 7731 4834
22
4563
42
43
43
22
False
7838 3050 5312 5518 7001 7320 9876 5378 5551 3125 1466 22 3513 6213 6879 6132 2258 8514 690 4199 5786 1127 4541 5063 2051 4426 1799 5489 9672 6827 4843 9955 8969 7976 153 9238 4668 2861 7731 4834 8224 4563
22
False
4563
22
False
22
False
False
42
7838 3050 5312 5518 7001 7320 9876 5378 5551 3125 1466 22 3513 6213 6879 6132 2258 8514 690 4199 5786 1127 4541 5063 2051 4426 1799 5489 9672 6827 4843 9955 8969 7976 153 9238 4668 2861 7731 4834 8224 4563
False
7838 3050 5312 5518 7001 7320 9876 5378 5551 3125 1466 22 3513 6213 6879 6132 2258 8514 690 4199 5786 1127 4541 5063 2051 4426 1799 5489 9672 6827 4843 9955 8969 7976 153 9238 4668 2861 7731 4834 8224 4563 1088 5292
False
False
7838 3050 5312 5518 7001 7320 9876 5378 5551 3125 1466 22 3513 6213 6879 6132 2258 8514 690 4199 5786 1127 4541 5063 2051 4426 1799 5489 9672 6827 4843 9955 8969 7976 153 9238 4668 2861 7731 4834 8224 4563 1088 5292
False
44
False
5292
43
False
7838 3050 5312 5518 7001 7320 9876 5378 5551 3125 1466 22 3513 6213 6879 6132 2258 8514 690 4199 5786 1127 4541 5063 2051 4426 1799 5489 9672 6827 4843 9955 8969 7976 153 9238 4668 2861 7731 4834 8224 4563 1088 9218 2565 5071
22
7838 3050 5312 5518 7001 7320 9876 5378 5551 3125 1466 22 3513 6213 6879 6132 2258 8514 690 4199 5786 1127 4541 5063 2051 4426 1799 5489 9672 6827 4843 9955 8969 7976 153 9238 4668 2861 7731 4834 8224 4563 1088 9218 2565 5071 2839 4804
7838 3050 5312 5518 7001 7320 9876 5378 5551 3125 1466 22 3513 6213 6879 6132 2258 8514 690 4199 5786 1127 4541 5063 2051 4426 1799 5489 9672 6827 4843 9955 8969 7976 153 9238 4668 2861 7731 4834 8224 4563 1088 9218 2565 5071 8891
47
False
1222
False
47
46
False
46
7838 3050 5312 5518 7001 7320 9876 5378 5551 3125 1466 22 3513 6213 6879 6132 2258 8514 690 4199 5786 1127 4541 5063 2051 4426 1799 5489 9672 6827 4843 9955 8969 7976 153 9238 4668 2861 7731 4834 8224 4563 1088 9218 2565 7712 203
False
7712
45
4643
4643
7465
22
7465
False
False
22
False
False
196
196
7838 3050 5312 5518 7001 7320 9876 5378 5551 3125 1466 22 3513 6213 6879 6132 2258 8514 690 4199 5786 1127 4541 5063 2051 4426 1799 5489 9672 6827 4843 9955 8969 7976 153 9238 4668 2861 7731 4834 8224 4563 1088 9218 2565 4643 6702 196
False
22
7838 3050 5312 5518 7001 7320 9876 5378 5551 3125 1466 22 3513 6213 6879 6132 2258 8514 690 4199 5786 1127 4541 5063 2051 4426 1799 5489 9672 6827 4843 9955 8969 7976 153 9238 4668 2861 7731 4834 8224 4563 1088 9218 2565 4643 6702 196 6191
False
False
7838 3050 5312 5518 7001 7320 9876 5378 5551 3125 1466 22 3513 6213 6879 6132 2258 8514 690 4199 5786 1127 4541 5063 2051 4426 1799 5489 9672 6827 4843 9955 8969 7976 153 9238 4668 2861 7731 4834 8224 4563 1088 9218 2565 4643 6702 196
False
48
False
22
22
22
7838 3050 5312 5518 7001 7320 9876 5378 5551 3125 1466 22 3513 6213 6879 6132 2258 8514 690 4199 5786 1127 4541 5063 2051 4426 1799 5489 9672 6827 4843 9955 8969 7976 153 9238 4668 2861 7731 4834 8224 4563 1088 9218 2565 4643 6702 196 348
7838 3050 5312 5518 7001 7320 9876 5378 5551 3125 1466 22 3513 6213 6879 6132 2258 8514 690 4199 5786 1127 4541 5063 2051 4426 1799 5489 9672 6827 4843 9955 8969 7976 153 9238 4668 2861 7731 4834 8224 4563 1088 9218 2565 4643 6702 196 348
7838 3050 5312 5518 7001 7320 9876 5378 5551 3125 1466 22 3513 6213 6879 6132 2258 8514 690 4199 5786 1127 4541 5063 2051 4426 1799 5489 9672 6827 4843 9955 8969 7976 153 9238 4668 2861 7731 4834 8224 4563 1088 9218 2565 4643 6702 196
7838 3050 5312 5518 7001 7320 9876 5378 5551 3125 1466 22 3513 6213 6879 6132 2258 8514 690 4199 5786 1127 4541 5063 2051 4426 1799 5489 9672 6827 4843 9955 8969 7976 153 9238 4668 2861 7731 4834 8224 4563 1088 9218 2565 4643 6702 196
6702
False
7838 3050 5312 5518 7001 7320 9876 5378 5551 3125 1466 22 3513 6213 6879 6132 2258 8514 690 4199 5786 1127 4541 5063 2051 4426 1799 5489 9672 6827 4843 9955 8969 7976 153 9238 4668 2861 7731 4834 8224 4563 1088 9218 2565 4643 6702
46
46
False
22
4264
False
False
50
49
7838 3050 5312 5518 7001 7320 9876 5378 5551 3125 1466 22 3513 6213 6879 6132 2258 8514 690 4199 5786 1127 4541 5063 2051 4426 1799 5489 9672 6827 4843 9955 8969 7976 153 9238 4668 2861 7731 4834 8224 4563 1088 9218 2565 4643 2455 8426 4264
False
50
7838 3050 5312 5518 7001 7320 9876 5378 5551 3125 1466 22 3513 6213 6879 6132 2258 8514 690 4199 5786 1127 4541 5063 2051 4426 1799 5489 9672 6827 4843 9955 8969 7976 153 9238 4668 2861 7731 4834 8224 4563 1088 9218 2565 4643 2455 8426 4264 8359
7838 3050 5312 5518 7001 7320 9876 5378 5551 3125 1466 22 3513 6213 6879 6132 2258 8514 690 4199 5786 1127 4541 5063 2051 4426 1799 5489 9672 6827 4843 9955 8969 7976 153 9238 4668 2861 7731 4834 8224 4563 1088 9218 2565 4643 2455 8426 4264 8359
False
7838 3050 5312 5518 7001 7320 9876 5378 5551 3125 1466 22 3513 6213 6879 6132 2258 8514 690 4199 5786 1127 4541 5063 2051 4426 1799 5489 9672 6827 4843 9955 8969 7976 153 9238 4668 2861 7731 4834 8224 4563 1088 9218 2565 4643 2455 8426
8426
8426
8426
49
1692
7838 3050 5312 5518 7001 7320 9876 5378 5551 3125 1466 22 3513 6213 6879 6132 2258 8514 690 4199 5786 1127 4541 5063 2051 4426 1799 5489 9672 6827 4843 9955 8969 7976 153 9238 4668 2861 7731 4834 8224 4563 1088 9218 2565 4643 2455 8426 1692
7838 3050 5312 5518 7001 7320 9876 5378 5551 3125 1466 22 3513 6213 6879 6132 2258 8514 690 4199 5786 1127 4541 5063 2051 4426 1799 5489 9672 6827 4843 9955 8969 7976 153 9238 4668 2861 7731 4834 8224 4563 1088 9218 2565
False
False
22
45
7838 3050 5312 5518 7001 7320 9876 5378 5551 3125 1466 22 3513 6213 6879 6132 2258 8514 690 4199 5786 1127 4541 5063 2051 4426 1799 5489 9672 6827 4843 9955 8969 7976 153 9238 4668 2861 7731 4834 8224 4563 1088 9218
False
7838 3050 5312 5518 7001 7320 9876 5378 5551 3125 1466 22 3513 6213 6879 6132 2258 8514 690 4199 5786 1127 4541 5063 2051 4426 1799 5489 9672 6827 4843 9955 8969 7976 153 9238 4668 2861 7731 4834 8224 4563 1088
6084
6084
False
6658
7249
42
41
False
22
42
False
22
42
False
False
22
False
43
7838 3050 5312 5518 7001 7320 9876 5378 5551 3125 1466 22 3513 6213 6879 6132 2258 8514 690 4199 5786 1127 4541 5063 2051 4426 1799 5489 9672 6827 4843 9955 8969 7976 153 9238 4668 2861 7731 4834 8224 3155 2767
2767
22
False
4267
7838 3050 5312 5518 7001 7320 9876 5378 5551 3125 1466 22 3513 6213 6879 6132 2258 8514 690 4199 5786 1127 4541 5063 2051 4426 1799 5489 9672 6827 4843 9955 8969 7976 153 9238 4668 2861 7731 4834 8224 3155 2767 4267
False
False
False
7838 3050 5312 5518 7001 7320 9876 5378 5551 3125 1466 22 3513 6213 6879 6132 2258 8514 690 4199 5786 1127 4541 5063 2051 4426 1799 5489 9672 6827 4843 9955 8969 7976 153 9238 4668 2861 7731 4834 8224 3155 2767
2767
7838 3050 5312 5518 7001 7320 9876 5378 5551 3125 1466 22 3513 6213 6879 6132 2258 8514 690 4199 5786 1127 4541 5063 2051 4426 1799 5489 9672 6827 4843 9955 8969 7976 153 9238 4668 2861 7731 4834 8224 3155 2767
43
2767
7838 3050 5312 5518 7001 7320 9876 5378 5551 3125 1466 22 3513 6213 6879 6132 2258 8514 690 4199 5786 1127 4541 5063 2051 4426 1799 5489 9672 6827 4843 9955 8969 7976 153 9238 4668 2861 7731 4834 8224 3155 2767
False
False
False
False
22
False
22
8224
22
7838 3050 5312 5518 7001 7320 9876 5378 5551 3125 1466 22 3513 6213 6879 6132 2258 8514 690 4199 5786 1127 4541 5063 2051 4426 1799 5489 9672 6827 4843 9955 8969 7976 153 9238 4668 2861 7731 4834
22
False
39
False
7838 3050 5312 5518 7001 7320 9876 5378 5551 3125 1466 22 3513 6213 6879 6132 2258 8514 690 4199 5786 1127 4541 5063 2051 4426 1799 5489 9672 6827 4843 9955 8969 7976 153 9238 4668 2861
False
False
5712
7838 3050 5312 5518 7001 7320 9876 5378 5551 3125 1466 22 3513 6213 6879 6132 2258 8514 690 4199 5786 1127 4541 5063 2051 4426 1799 5489 9672 6827 4843 9955 8969 7976 153 9238 4668 2861 5712
False
22
22
22
22
False
37
22
False
9955
4843
False
32
7838 3050 5312 5518 7001 7320 9876 5378 5551 3125 1466 22 3513 6213 6879 6132 2258 8514 690 4199 5786 1127 4541 5063 2051 4426 1799 5489 9672 6827 4843
False
False
32
False
False
22
34
False
34
7838 3050 5312 5518 7001 7320 9876 5378 5551 3125 1466 22 3513 6213 6879 6132 2258 8514 690 4199 5786 1127 4541 5063 2051 4426 1799 5489 9672 6827 4843 4293 2277
False
22
2277
7838 3050 5312 5518 7001 7320 9876 5378 5551 3125 1466 22 3513 6213 6879 6132 2258 8514 690 4199 5786 1127 4541 5063 2051 4426 1799 5489 9672 6827 4843 4293 2277
33
2277
7838 3050 5312 5518 7001 7320 9876 5378 5551 3125 1466 22 3513 6213 6879 6132 2258 8514 690 4199 5786 1127 4541 5063 2051 4426 1799 5489 9672 6827 4843 4293
False
22
False
False
7838 3050 5312 5518 7001 7320 9876 5378 5551 3125 1466 22 3513 6213 6879 6132 2258 8514 690 4199 5786 1127 4541 5063 2051 4426 1799 5489 9672 6827 3625 5637 2004
False
False
False
22
7838 3050 5312 5518 7001 7320 9876 5378 5551 3125 1466 22 3513 6213 6879 6132 2258 8514 690 4199 5786 1127 4541 5063 2051 4426 1799 5489 9672 6827 3625 5637 2004
7838 3050 5312 5518 7001 7320 9876 5378 5551 3125 1466 22 3513 6213 6879 6132 2258 8514 690 4199 5786 1127 4541 5063 2051 4426 1799 5489 9672 6827 3625 5637
33
False
False
22
False
False
7089
32
32
22
32
False
22
7838 3050 5312 5518 7001 7320 9876 5378 5551 3125 1466 22 3513 6213 6879 6132 2258 8514 690 4199 5786 1127 4541 5063 2051 4426 1799 5489 9672 6827 3625 971
22
False
31
31
False
False
7838 3050 5312 5518 7001 7320 9876 5378 5551 3125 1466 22 3513 6213 6879 6132 2258 8514 690 4199 5786 1127 4541 5063 2051 4426 1799 5489 9672 6827 3625 266
False
22
33
33
7279
266
False
22
2811
False
2811
33
22
False
35
8128
False
7838 3050 5312 5518 7001 7320 9876 5378 5551 3125 1466 22 3513 6213 6879 6132 2258 8514 690 4199 5786 1127 4541 5063 2051 4426 1799 5489 9672 6827 3625 266 2811 3354 8128
False
22
7838 3050 5312 5518 7001 7320 9876 5378 5551 3125 1466 22 3513 6213 6879 6132 2258 8514 690 4199 5786 1127 4541 5063 2051 4426 1799 5489 9672 6827 3625 266 2811 3354 1982
1982
1982
35
False
False
35
8904
37
22
False
8111
7838 3050 5312 5518 7001 7320 9876 5378 5551 3125 1466 22 3513 6213 6879 6132 2258 8514 690 4199 5786 1127 4541 5063 2051 4426 1799 5489 9672 6827 3625 266 2811 3354 1982 9532 8904 3565 6735 8111
40
7838 3050 5312 5518 7001 7320 9876 5378 5551 3125 1466 22 3513 6213 6879 6132 2258 8514 690 4199 5786 1127 4541 5063 2051 4426 1799 5489 9672 6827 3625 266 2811 3354 1982 9532 8904 3565 6735 8111
2307
41
42
False
False
43
5874
False
False
7838 3050 5312 5518 7001 7320 9876 5378 5551 3125 1466 22 3513 6213 6879 6132 2258 8514 690 4199 5786 1127 4541 5063 2051 4426 1799 5489 9672 6827 3625 266 2811 3354 1982 9532 8904 3565 6735 8111 2307 7180 9380
43
22
22
6283
6283
45
False
7838 3050 5312 5518 7001 7320 9876 5378 5551 3125 1466 22 3513 6213 6879 6132 2258 8514 690 4199 5786 1127 4541 5063 2051 4426 1799 5489 9672 6827 3625 266 2811 3354 1982 9532 8904 3565 6735 8111 2307 7180 9380 4671
False
3664
22
False
False
39
593
22
22
41
7838 3050 5312 5518 7001 7320 9876 5378 5551 3125 1466 22 3513 6213 6879 6132 2258 8514 690 4199 5786 1127 4541 5063 2051 4426 1799 5489 9672 6827 3625 266 2811 3354 1982 9532 8904 3565 6735 8608 7209
False
41
7838 3050 5312 5518 7001 7320 9876 5378 5551 3125 1466 22 3513 6213 6879 6132 2258 8514 690 4199 5786 1127 4541 5063 2051 4426 1799 5489 9672 6827 3625 266 2811 3354 1982 9532 8904 3565 6735 8608 7209
22
7838 3050 5312 5518 7001 7320 9876 5378 5551 3125 1466 22 3513 6213 6879 6132 2258 8514 690 4199 5786 1127 4541 5063 2051 4426 1799 5489 9672 6827 3625 266 2811 3354 1982 9532 8904 3565 6735 8608 7209
3565
38
22
38
False
38
False
1472
False
False
42
False
22
22
22
22
7838 3050 5312 5518 7001 7320 9876 5378 5551 3125 1466 22 3513 6213 6879 6132 2258 8514 690 4199 5786 1127 4541 5063 2051 4426 1799 5489 9672 6827 3625 266 2811 3354 1982 9532 8904 1472 5637 6513 9207 5285 1202 8895
7838 3050 5312 5518 7001 7320 9876 5378 5551 3125 1466 22 3513 6213 6879 6132 2258 8514 690 4199 5786 1127 4541 5063 2051 4426 1799 5489 9672 6827 3625 266 2811 3354 1982 9532 8904 1472 5637 6513 9207 5285 1202 8895 2188
False
False
44
False
22
45
7838 3050 5312 5518 7001 7320 9876 5378 5551 3125 1466 22 3513 6213 6879 6132 2258 8514 690 4199 5786 1127 4541 5063 2051 4426 1799 5489 9672 6827 3625 266 2811 3354 1982 9532 8904 1472 5637 6513 9207 5285 1202 8895 210
False
46
False
False
7838 3050 5312 5518 7001 7320 9876 5378 5551 3125 1466 22 3513 6213 6879 6132 2258 8514 690 4199 5786 1127 4541 5063 2051 4426 1799 5489 9672 6827 3625 266 2811 3354 1982 9532 8904 1472 5637 6513 9207 5285 1202 8895 210 2243
47
6017
False
6017
47
False
False
7838 3050 5312 5518 7001 7320 9876 5378 5551 3125 1466 22 3513 6213 6879 6132 2258 8514 690 4199 5786 1127 4541 5063 2051 4426 1799 5489 9672 6827 3625 266 2811 3354 1982 9532 8904 1472 5637 6513 9207 5285 1202 8895 210 2243 3517 4892
48
False
3517
7838 3050 5312 5518 7001 7320 9876 5378 5551 3125 1466 22 3513 6213 6879 6132 2258 8514 690 4199 5786 1127 4541 5063 2051 4426 1799 5489 9672 6827 3625 266 2811 3354 1982 9532 8904 1472 5637 6513 9207 5285 1202 8895 210
7838 3050 5312 5518 7001 7320 9876 5378 5551 3125 1466 22 3513 6213 6879 6132 2258 8514 690 4199 5786 1127 4541 5063 2051 4426 1799 5489 9672 6827 3625 266 2811 3354 1982 9532 8904 1472 5637 6513 9207 5285 1202 8895 210
22
False
780
8895
8895
7838 3050 5312 5518 7001 7320 9876 5378 5551 3125 1466 22 3513 6213 6879 6132 2258 8514 690 4199 5786 1127 4541 5063 2051 4426 1799 5489 9672 6827 3625 266 2811 3354 1982 9532 8904 1472 5637 6513 9207 5285 1202 8895
22
22
False
False
False
22
8343
False
7838 3050 5312 5518 7001 7320 9876 5378 5551 3125 1466 22 3513 6213 6879 6132 2258 8514 690 4199 5786 1127 4541 5063 2051 4426 1799 5489 9672 6827 3625 266 2811 3354 1982 9532 8904 1472 5637 6513 9207 5285 1202 414 8343
7838 3050 5312 5518 7001 7320 9876 5378 5551 3125 1466 22 3513 6213 6879 6132 2258 8514 690 4199 5786 1127 4541 5063 2051 4426 1799 5489 9672 6827 3625 266 2811 3354 1982 9532 8904 1472 5637 6513 9207 5285 1202 414 8343
False
7838 3050 5312 5518 7001 7320 9876 5378 5551 3125 1466 22 3513 6213 6879 6132 2258 8514 690 4199 5786 1127 4541 5063 2051 4426 1799 5489 9672 6827 3625 266 2811 3354 1982 9532 8904 1472 5637 6513 9207 5285 1202 414 8343
False
False
49
False
False
False
51
51
False
7456
22
50
8213
22
False
False
22
False
False
50
7838 3050 5312 5518 7001 7320 9876 5378 5551 3125 1466 22 3513 6213 6879 6132 2258 8514 690 4199 5786 1127 4541 5063 2051 4426 1799 5489 9672 6827 3625 266 2811 3354 1982 9532 8904 1472 5637 6513 9207 5285 1202 414 6484 6261 9874 102 8213 2833
697
False
False
False
9874
False
9874
22
9874
22
False
7838 3050 5312 5518 7001 7320 9876 5378 5551 3125 1466 22 3513 6213 6879 6132 2258 8514 690 4199 5786 1127 4541 5063 2051 4426 1799 5489 9672 6827 3625 266 2811 3354 1982 9532 8904 1472 5637 6513 9207 5285 1202 414 6484 6261 9874 2092
22
False
7838 3050 5312 5518 7001 7320 9876 5378 5551 3125 1466 22 3513 6213 6879 6132 2258 8514 690 4199 5786 1127 4541 5063 2051 4426 1799 5489 9672 6827 3625 266 2811 3354 1982 9532 8904 1472 5637 6513 9207 5285 1202 414 6484 6261 9874 2092 5684
False
5684
22
7838 3050 5312 5518 7001 7320 9876 5378 5551 3125 1466 22 3513 6213 6879 6132 2258 8514 690 4199 5786 1127 4541 5063 2051 4426 1799 5489 9672 6827 3625 266 2811 3354 1982 9532 8904 1472 5637 6513 9207 5285 1202 414 6484 6261 9874 2092 5684
False
5684
49
49
22
False
False
22
48
49
274
22
22
50
False
7838 3050 5312 5518 7001 7320 9876 5378 5551 3125 1466 22 3513 6213 6879 6132 2258 8514 690 4199 5786 1127 4541 5063 2051 4426 1799 5489 9672 6827 3625 266 2811 3354 1982 9532 8904 1472 5637 6513 9207 5285 1202 414 6484 6261 9874 2092 262 274
22
51
7838 3050 5312 5518 7001 7320 9876 5378 5551 3125 1466 22 3513 6213 6879 6132 2258 8514 690 4199 5786 1127 4541 5063 2051 4426 1799 5489 9672 6827 3625 266 2811 3354 1982 9532 8904 1472 5637 6513 9207 5285 1202 414 6484 6261 9874 2092 262 274 4026
7838 3050 5312 5518 7001 7320 9876 5378 5551 3125 1466 22 3513 6213 6879 6132 2258 8514 690 4199 5786 1127 4541 5063 2051 4426 1799 5489 9672 6827 3625 266 2811 3354 1982 9532 8904 1472 5637 6513 9207 5285 1202 414 6484 6261 9874 2092 262 274 4026
52
53
2850
False
False
3679
False
7838 3050 5312 5518 7001 7320 9876 5378 5551 3125 1466 22 3513 6213 6879 6132 2258 8514 690 4199 5786 1127 4541 5063 2051 4426 1799 5489 9672 6827 3625 266 2811 3354 1982 9532 8904 1472 5637 6513 9207 5285 1202 414 6484 6261 9874 2092 262 274 4026 4348 2850 8061 6314
22
False
False
57
7838 3050 5312 5518 7001 7320 9876 5378 5551 3125 1466 22 3513 6213 6879 6132 2258 8514 690 4199 5786 1127 4541 5063 2051 4426 1799 5489 9672 6827 3625 266 2811 3354 1982 9532 8904 1472 5637 6513 9207 5285 1202 414 6484 6261 9874 2092 262 274 4026 4348 2850 8061 6314 1926 1918 4758
59
1918
57
False
22
False
22
57
22
False
7838 3050 5312 5518 7001 7320 9876 5378 5551 3125 1466 22 3513 6213 6879 6132 2258 8514 690 4199 5786 1127 4541 5063 2051 4426 1799 5489 9672 6827 3625 266 2811 3354 1982 9532 8904 1472 5637 6513 9207 5285 1202 414 6484 6261 9874 2092 262 274 4026 4348 2850 8061 6314 1926 1918
False
1926
1926
6314
False
9882
False
55
False
22
False
57
22
57
False
22
7838 3050 5312 5518 7001 7320 9876 5378 5551 3125 1466 22 3513 6213 6879 6132 2258 8514 690 4199 5786 1127 4541 5063 2051 4426 1799 5489 9672 6827 3625 266 2811 3354 1982 9532 8904 1472 5637 6513 9207 5285 1202 414 6484 6261 9874 2092 262 274 4026 4348 2850 8061 9882 8270
9882
7000
55
False
7838 3050 5312 5518 7001 7320 9876 5378 5551 3125 1466 22 3513 6213 6879 6132 2258 8514 690 4199 5786 1127 4541 5063 2051 4426 1799 5489 9672 6827 3625 266 2811 3354 1982 9532 8904 1472 5637 6513 9207 5285 1202 414 6484 6261 9874 2092 262 274 4026 4348 2850 8061 9882
False
56
7838 3050 5312 5518 7001 7320 9876 5378 5551 3125 1466 22 3513 6213 6879 6132 2258 8514 690 4199 5786 1127 4541 5063 2051 4426 1799 5489 9672 6827 3625 266 2811 3354 1982 9532 8904 1472 5637 6513 9207 5285 1202 414 6484 6261 9874 2092 262 274 4026 4348 2850 8061 9882 5583
7838 3050 5312 5518 7001 7320 9876 5378 5551 3125 1466 22 3513 6213 6879 6132 2258 8514 690 4199 5786 1127 4541 5063 2051 4426 1799 5489 9672 6827 3625 266 2811 3354 1982 9532 8904 1472 5637 6513 9207 5285 1202 414 6484 6261 9874 2092 262 274 4026 4348 2850 8061 9882 5583
False
False
False
False
False
False
22
22
59
False
7838 3050 5312 5518 7001 7320 9876 5378 5551 3125 1466 22 3513 6213 6879 6132 2258 8514 690 4199 5786 1127 4541 5063 2051 4426 1799 5489 9672 6827 3625 266 2811 3354 1982 9532 8904 1472 5637 6513 9207 5285 1202 414 6484 6261 9874 2092 262 274 4026 4348 2850 8061 9882 7977 3096 4744
False
False
56
7838 3050 5312 5518 7001 7320 9876 5378 5551 3125 1466 22 3513 6213 6879 6132 2258 8514 690 4199 5786 1127 4541 5063 2051 4426 1799 5489 9672 6827 3625 266 2811 3354 1982 9532 8904 1472 5637 6513 9207 5285 1202 414 6484 6261 9874 2092 262 274 4026 4348 2850 8061 9882 7977 9542
22
62
False
False
False
62
7838 3050 5312 5518 7001 7320 9876 5378 5551 3125 1466 22 3513 6213 6879 6132 2258 8514 690 4199 5786 1127 4541 5063 2051 4426 1799 5489 9672 6827 3625 266 2811 3354 1982 9532 8904 1472 5637 6513 9207 5285 1202 414 6484 6261 9874 2092 262 274 4026 4348 2850 8061 9882 7977 9542 438 3396 1904 8215 9482
False
False
False
False
False
7838 3050 5312 5518 7001 7320 9876 5378 5551 3125 1466 22 3513 6213 6879 6132 2258 8514 690 4199 5786 1127 4541 5063 2051 4426 1799 5489 9672 6827 3625 266 2811 3354 1982 9532 8904 1472 5637 6513 9207 5285 1202 414 6484 6261 9874 2092 262 274 4026 4348 2850 8061 9882 7977 9542 438 3396 6388 2062
False
False
22
22
22
False
7838 3050 5312 5518 7001 7320 9876 5378 5551 3125 1466 22 3513 6213 6879 6132 2258 8514 690 4199 5786 1127 4541 5063 2051 4426 1799 5489 9672 6827 3625 266 2811 3354 1982 9532 8904 1472 5637 6513 9207 5285 1202 414 6484 6261 9874 2092 262 274 4026 4348 2850 8061 9882 7977 9542 438 3396 6388 2748
22
2748
61
58
438
5204
7838 3050 5312 5518 7001 7320 9876 5378 5551 3125 1466 22 3513 6213 6879 6132 2258 8514 690 4199 5786 1127 4541 5063 2051 4426 1799 5489 9672 6827 3625 266 2811 3354 1982 9532 8904 1472 5637 6513 9207 5285 1202 414 6484 6261 9874 2092 262 274 4026 4348 2850 8061 9882 7977 9542 438 5204
22
False
False
58
7838 3050 5312 5518 7001 7320 9876 5378 5551 3125 1466 22 3513 6213 6879 6132 2258 8514 690 4199 5786 1127 4541 5063 2051 4426 1799 5489 9672 6827 3625 266 2811 3354 1982 9532 8904 1472 5637 6513 9207 5285 1202 414 6484 6261 9874 2092 262 274 4026 4348 2850 8061 9882 7977 9542
7838 3050 5312 5518 7001 7320 9876 5378 5551 3125 1466 22 3513 6213 6879 6132 2258 8514 690 4199 5786 1127 4541 5063 2051 4426 1799 5489 9672 6827 3625 266 2811 3354 1982 9532 8904 1472 5637 6513 9207 5285 1202 414 6484 6261 9874 2092 262 274 4026 4348 2850 8061 9882 7977 9542
60
60
60
60
22
False
59
False
False
7838 3050 5312 5518 7001 7320 9876 5378 5551 3125 1466 22 3513 6213 6879 6132 2258 8514 690 4199 5786 1127 4541 5063 2051 4426 1799 5489 9672 6827 3625 266 2811 3354 1982 9532 8904 1472 5637 6513 9207 5285 1202 414 6484 6261 9874 2092 262 274 4026 4348 2850 8061 9882 7977 9542
9542
7838 3050 5312 5518 7001 7320 9876 5378 5551 3125 1466 22 3513 6213 6879 6132 2258 8514 690 4199 5786 1127 4541 5063 2051 4426 1799 5489 9672 6827 3625 266 2811 3354 1982 9532 8904 1472 5637 6513 9207 5285 1202 414 6484 6261 9874 2092 262 274 4026 4348 2850 8061 9882 7977 9542
57
9542
7838 3050 5312 5518 7001 7320 9876 5378 5551 3125 1466 22 3513 6213 6879 6132 2258 8514 690 4199 5786 1127 4541 5063 2051 4426 1799 5489 9672 6827 3625 266 2811 3354 1982 9532 8904 1472 5637 6513 9207 5285 1202 414 6484 6261 9874 2092 262 274 4026 4348 2850 8061 9882 7977 4236
False
22
7838 3050 5312 5518 7001 7320 9876 5378 5551 3125 1466 22 3513 6213 6879 6132 2258 8514 690 4199 5786 1127 4541 5063 2051 4426 1799 5489 9672 6827 3625 266 2811 3354 1982 9532 8904 1472 5637 6513 9207 5285 1202 414 6484 6261 9874 2092 262 274 4026 4348 2850 8061 9882 7977 4236 4724
7838 3050 5312 5518 7001 7320 9876 5378 5551 3125 1466 22 3513 6213 6879 6132 2258 8514 690 4199 5786 1127 4541 5063 2051 4426 1799 5489 9672 6827 3625 266 2811 3354 1982 9532 8904 1472 5637 6513 9207 5285 1202 414 6484 6261 9874 2092 262 274 4026 4348 2850 8061 9882 7977 4236 4724
58
4724
58
7838 3050 5312 5518 7001 7320 9876 5378 5551 3125 1466 22 3513 6213 6879 6132 2258 8514 690 4199 5786 1127 4541 5063 2051 4426 1799 5489 9672 6827 3625 266 2811 3354 1982 9532 8904 1472 5637 6513 9207 5285 1202 414 6484 6261 9874 2092 262 274 4026 4348 2850 8061 9882 7977 4236
744
58
False
60
60
61
61
False
61
22
22
61
22
False
5897
61
61
62
False
7838 3050 5312 5518 7001 7320 9876 5378 5551 3125 1466 22 3513 6213 6879 6132 2258 8514 690 4199 5786 1127 4541 5063 2051 4426 1799 5489 9672 6827 3625 266 2811 3354 1982 9532 8904 1472 5637 6513 9207 5285 1202 414 6484 6261 9874 2092 262 274 4026 4348 2850 8061 9882 7977 4236 744 6894 2821 5897 274
22
False
False
False
61
False
False
False
False
22
7838 3050 5312 5518 7001 7320 9876 5378 5551 3125 1466 22 3513 6213 6879 6132 2258 8514 690 4199 5786 1127 4541 5063 2051 4426 1799 5489 9672 6827 3625 266 2811 3354 1982 9532 8904 1472 5637 6513 9207 5285 1202 414 6484 6261 9874 2092 262 274 4026 4348 2850 8061 9882 7977 4236 744
744
7838 3050 5312 5518 7001 7320 9876 5378 5551 3125 1466 22 3513 6213 6879 6132 2258 8514 690 4199 5786 1127 4541 5063 2051 4426 1799 5489 9672 6827 3625 266 2811 3354 1982 9532 8904 1472 5637 6513 9207 5285 1202 414 6484 6261 9874 2092 262 274 4026 4348 2850 8061 9882 7977 4236 744
False
False
False
7838 3050 5312 5518 7001 7320 9876 5378 5551 3125 1466 22 3513 6213 6879 6132 2258 8514 690 4199 5786 1127 4541 5063 2051 4426 1799 5489 9672 6827 3625 266 2811 3354 1982 9532 8904 1472 5637 6513 9207 5285 1202 414 6484 6261 9874 2092 262 274 4026 4348 2850 8061 9882 7977 4236 744
22
58
False
57
7838 3050 5312 5518 7001 7320 9876 5378 5551 3125 1466 22 3513 6213 6879 6132 2258 8514 690 4199 5786 1127 4541 5063 2051 4426 1799 5489 9672 6827 3625 266 2811 3354 1982 9532 8904 1472 5637 6513 9207 5285 1202 414 6484 6261 9874 2092 262 274 4026 4348 2850 8061 9882 7977
56
22
False
7977
False
False
7838 3050 5312 5518 7001 7320 9876 5378 5551 3125 1466 22 3513 6213 6879 6132 2258 8514 690 4199 5786 1127 4541 5063 2051 4426 1799 5489 9672 6827 3625 266 2811 3354 1982 9532 8904 1472 5637 6513 9207 5285 1202 414 6484 6261 9874 2092 262 274 4026 4348 2850 8061
7838 3050 5312 5518 7001 7320 9876 5378 5551 3125 1466 22 3513 6213 6879 6132 2258 8514 690 4199 5786 1127 4541 5063 2051 4426 1799 5489 9672 6827 3625 266 2811 3354 1982 9532 8904 1472 5637 6513 9207 5285 1202 414 6484 6261 9874 2092 262 274 4026 4348 2850 8061
54
22
False
7838 3050 5312 5518 7001 7320 9876 5378 5551 3125 1466 22 3513 6213 6879 6132 2258 8514 690 4199 5786 1127 4541 5063 2051 4426 1799 5489 9672 6827 3625 266 2811 3354 1982 9532 8904 1472 5637 6513 9207 5285 1202 414 6484 6261 9874 2092 262 274 4026 4348 2850 7572
54
False
False
54
7572
22
54
False
6822
False
False
7838 3050 5312 5518 7001 7320 9876 5378 5551 3125 1466 22 3513 6213 6879 6132 2258 8514 690 4199 5786 1127 4541 5063 2051 4426 1799 5489 9672 6827 3625 266 2811 3354 1982 9532 8904 1472 5637 6513 9207 5285 1202 414 6484 6261 9874 2092 262 274 4026 4348 2850 5480 6822
False
57
7838 3050 5312 5518 7001 7320 9876 5378 5551 3125 1466 22 3513 6213 6879 6132 2258 8514 690 4199 5786 1127 4541 5063 2051 4426 1799 5489 9672 6827 3625 266 2811 3354 1982 9532 8904 1472 5637 6513 9207 5285 1202 414 6484 6261 9874 2092 262 274 4026 4348 2850 5480 6822 988 5988
57
False
57
False
56
988
988
False
False
False
False
False
False
False
7838 3050 5312 5518 7001 7320 9876 5378 5551 3125 1466 22 3513 6213 6879 6132 2258 8514 690 4199 5786 1127 4541 5063 2051 4426 1799 5489 9672 6827 3625 266 2811 3354 1982 9532 8904 1472 5637 6513 9207 5285 1202 414 6484 6261 9874 2092 262 274 4026 4348 2850 6372
False
7838 3050 5312 5518 7001 7320 9876 5378 5551 3125 1466 22 3513 6213 6879 6132 2258 8514 690 4199 5786 1127 4541 5063 2051 4426 1799 5489 9672 6827 3625 266 2811 3354 1982 9532 8904 1472 5637 6513 9207 5285 1202 414 6484 6261 9874 2092 262 274 4026 4348 2850
False
False
False
7838 3050 5312 5518 7001 7320 9876 5378 5551 3125 1466 22 3513 6213 6879 6132 2258 8514 690 4199 5786 1127 4541 5063 2051 4426 1799 5489 9672 6827 3625 266 2811 3354 1982 9532 8904 1472 5637 6513 9207 5285 1202 414 6484 6261 9874 2092 262 274 4026 4348 2850 5401
22
False
7838 3050 5312 5518 7001 7320 9876 5378 5551 3125 1466 22 3513 6213 6879 6132 2258 8514 690 4199 5786 1127 4541 5063 2051 4426 1799 5489 9672 6827 3625 266 2811 3354 1982 9532 8904 1472 5637 6513 9207 5285 1202 414 6484 6261 9874 2092 262 274 4026 4348 2850
53
54
52
False
7838 3050 5312 5518 7001 7320 9876 5378 5551 3125 1466 22 3513 6213 6879 6132 2258 8514 690 4199 5786 1127 4541 5063 2051 4426 1799 5489 9672 6827 3625 266 2811 3354 1982 9532 8904 1472 5637 6513 9207 5285 1202 414 6484 6261 9874 2092 262 274 4026 9854
7838 3050 5312 5518 7001 7320 9876 5378 5551 3125 1466 22 3513 6213 6879 6132 2258 8514 690 4199 5786 1127 4541 5063 2051 4426 1799 5489 9672 6827 3625 266 2811 3354 1982 9532 8904 1472 5637 6513 9207 5285 1202 414 6484 6261 9874 2092 262 274 4026 9854
False
56
56
59
22
22
1786
False
8504
7838 3050 5312 5518 7001 7320 9876 5378 5551 3125 1466 22 3513 6213 6879 6132 2258 8514 690 4199 5786 1127 4541 5063 2051 4426 1799 5489 9672 6827 3625 266 2811 3354 1982 9532 8904 1472 5637 6513 9207 5285 1202 414 6484 6261 9874 2092 262 274 4026 9854 3294 7903 4209 1786 8504 9196
False
7838 3050 5312 5518 7001 7320 9876 5378 5551 3125 1466 22 3513 6213 6879 6132 2258 8514 690 4199 5786 1127 4541 5063 2051 4426 1799 5489 9672 6827 3625 266 2811 3354 1982 9532 8904 1472 5637 6513 9207 5285 1202 414 6484 6261 9874 2092 262 274 4026 9854 3294 7903 4209 1786 8504 9196
58
False
False
22
1786
22
False
22
57
False
22
False
1786
7838 3050 5312 5518 7001 7320 9876 5378 5551 3125 1466 22 3513 6213 6879 6132 2258 8514 690 4199 5786 1127 4541 5063 2051 4426 1799 5489 9672 6827 3625 266 2811 3354 1982 9532 8904 1472 5637 6513 9207 5285 1202 414 6484 6261 9874 2092 262 274 4026 9854 3294 7903 4209 1786
False
7838 3050 5312 5518 7001 7320 9876 5378 5551 3125 1466 22 3513 6213 6879 6132 2258 8514 690 4199 5786 1127 4541 5063 2051 4426 1799 5489 9672 6827 3625 266 2811 3354 1982 9532 8904 1472 5637 6513 9207 5285 1202 414 6484 6261 9874 2092 262 274 4026 9854 3294 7903 4209 1786 369
7838 3050 5312 5518 7001 7320 9876 5378 5551 3125 1466 22 3513 6213 6879 6132 2258 8514 690 4199 5786 1127 4541 5063 2051 4426 1799 5489 9672 6827 3625 266 2811 3354 1982 9532 8904 1472 5637 6513 9207 5285 1202 414 6484 6261 9874 2092 262 274 4026 9854 3294 7903 4209 1786 369
7838 3050 5312 5518 7001 7320 9876 5378 5551 3125 1466 22 3513 6213 6879 6132 2258 8514 690 4199 5786 1127 4541 5063 2051 4426 1799 5489 9672 6827 3625 266 2811 3354 1982 9532 8904 1472 5637 6513 9207 5285 1202 414 6484 6261 9874 2092 262 274 4026 9854 3294 7903 4209 1786 369
6485
58
58
22
False
7838 3050 5312 5518 7001 7320 9876 5378 5551 3125 1466 22 3513 6213 6879 6132 2258 8514 690 4199 5786 1127 4541 5063 2051 4426 1799 5489 9672 6827 3625 266 2811 3354 1982 9532 8904 1472 5637 6513 9207 5285 1202 414 6484 6261 9874 2092 262 274 4026 9854 3294 7903 4209 1786 369 4410 1852
False
7838 3050 5312 5518 7001 7320 9876 5378 5551 3125 1466 22 3513 6213 6879 6132 2258 8514 690 4199 5786 1127 4541 5063 2051 4426 1799 5489 9672 6827 3625 266 2811 3354 1982 9532 8904 1472 5637 6513 9207 5285 1202 414 6484 6261 9874 2092 262 274 4026 9854 3294 7903 4209 1786 369 4410 1852
1852
59
7838 3050 5312 5518 7001 7320 9876 5378 5551 3125 1466 22 3513 6213 6879 6132 2258 8514 690 4199 5786 1127 4541 5063 2051 4426 1799 5489 9672 6827 3625 266 2811 3354 1982 9532 8904 1472 5637 6513 9207 5285 1202 414 6484 6261 9874 2092 262 274 4026 9854 3294 7903 4209 1786 369 4410
7838 3050 5312 5518 7001 7320 9876 5378 5551 3125 1466 22 3513 6213 6879 6132 2258 8514 690 4199 5786 1127 4541 5063 2051 4426 1799 5489 9672 6827 3625 266 2811 3354 1982 9532 8904 1472 5637 6513 9207 5285 1202 414 6484 6261 9874 2092 262 274 4026 9854 3294 7903 4209 1786 369 4410 4962
False
7838 3050 5312 5518 7001 7320 9876 5378 5551 3125 1466 22 3513 6213 6879 6132 2258 8514 690 4199 5786 1127 4541 5063 2051 4426 1799 5489 9672 6827 3625 266 2811 3354 1982 9532 8904 1472 5637 6513 9207 5285 1202 414 6484 6261 9874 2092 262 274 4026 9854 3294 7903 4209 1786 369 4410 4962
False
False
False
7838 3050 5312 5518 7001 7320 9876 5378 5551 3125 1466 22 3513 6213 6879 6132 2258 8514 690 4199 5786 1127 4541 5063 2051 4426 1799 5489 9672 6827 3625 266 2811 3354 1982 9532 8904 1472 5637 6513 9207 5285 1202 414 6484 6261 9874 2092 262 274 4026 9854 3294 7903 4209 1786 369 4410 447 5896 2329
7838 3050 5312 5518 7001 7320 9876 5378 5551 3125 1466 22 3513 6213 6879 6132 2258 8514 690 4199 5786 1127 4541 5063 2051 4426 1799 5489 9672 6827 3625 266 2811 3354 1982 9532 8904 1472 5637 6513 9207 5285 1202 414 6484 6261 9874 2092 262 274 4026 9854 3294 7903 4209 1786 369 4410 447 5896 2329
2329
False
False
False
22
False
False
7838 3050 5312 5518 7001 7320 9876 5378 5551 3125 1466 22 3513 6213 6879 6132 2258 8514 690 4199 5786 1127 4541 5063 2051 4426 1799 5489 9672 6827 3625 266 2811 3354 1982 9532 8904 1472 5637 6513 9207 5285 1202 414 6484 6261 9874 2092 262 274 4026 9854 3294 7903 4209 1786 369 4410 447 5896 2329 9368 5039 7355
7838 3050 5312 5518 7001 7320 9876 5378 5551 3125 1466 22 3513 6213 6879 6132 2258 8514 690 4199 5786 1127 4541 5063 2051 4426 1799 5489 9672 6827 3625 266 2811 3354 1982 9532 8904 1472 5637 6513 9207 5285 1202 414 6484 6261 9874 2092 262 274 4026 9854 3294 7903 4209 1786 369 4410 447 5896 2329 9368 5039 7355
7355
7838 3050 5312 5518 7001 7320 9876 5378 5551 3125 1466 22 3513 6213 6879 6132 2258 8514 690 4199 5786 1127 4541 5063 2051 4426 1799 5489 9672 6827 3625 266 2811 3354 1982 9532 8904 1472 5637 6513 9207 5285 1202 414 6484 6261 9874 2092 262 274 4026 9854 3294 7903 4209 1786 369 4410 447 5896 2329 9368 5039 7355
63
False
False
22
False
4367
22
7838 3050 5312 5518 7001 7320 9876 5378 5551 3125 1466 22 3513 6213 6879 6132 2258 8514 690 4199 5786 1127 4541 5063 2051 4426 1799 5489 9672 6827 3625 266 2811 3354 1982 9532 8904 1472 5637 6513 9207 5285 1202 414 6484 6261 9874 2092 262 274 4026 9854 3294 7903 4209 1786 369 4410 447 5896 2329 9368 5039
False
False
7838 3050 5312 5518 7001 7320 9876 5378 5551 3125 1466 22 3513 6213 6879 6132 2258 8514 690 4199 5786 1127 4541 5063 2051 4426 1799 5489 9672 6827 3625 266 2811 3354 1982 9532 8904 1472 5637 6513 9207 5285 1202 414 6484 6261 9874 2092 262 274 4026 9854 3294 7903 4209 1786 369 4410 447 5896 2329 9368
False
62
False
64
False
66
7838 3050 5312 5518 7001 7320 9876 5378 5551 3125 1466 22 3513 6213 6879 6132 2258 8514 690 4199 5786 1127 4541 5063 2051 4426 1799 5489 9672 6827 3625 266 2811 3354 1982 9532 8904 1472 5637 6513 9207 5285 1202 414 6484 6261 9874 2092 262 274 4026 9854 3294 7903 4209 1786 369 4410 447 5896 2329 9368 298 8356 3935 9488
7838 3050 5312 5518 7001 7320 9876 5378 5551 3125 1466 22 3513 6213 6879 6132 2258 8514 690 4199 5786 1127 4541 5063 2051 4426 1799 5489 9672 6827 3625 266 2811 3354 1982 9532 8904 1472 5637 6513 9207 5285 1202 414 6484 6261 9874 2092 262 274 4026 9854 3294 7903 4209 1786 369 4410 447 5896 2329 9368 298 8356 3935 9488 9466
False
7838 3050 5312 5518 7001 7320 9876 5378 5551 3125 1466 22 3513 6213 6879 6132 2258 8514 690 4199 5786 1127 4541 5063 2051 4426 1799 5489 9672 6827 3625 266 2811 3354 1982 9532 8904 1472 5637 6513 9207 5285 1202 414 6484 6261 9874 2092 262 274 4026 9854 3294 7903 4209 1786 369 4410 447 5896 2329 9368 298 8356 3935 9488 9466
7838 3050 5312 5518 7001 7320 9876 5378 5551 3125 1466 22 3513 6213 6879 6132 2258 8514 690 4199 5786 1127 4541 5063 2051 4426 1799 5489 9672 6827 3625 266 2811 3354 1982 9532 8904 1472 5637 6513 9207 5285 1202 414 6484 6261 9874 2092 262 274 4026 9854 3294 7903 4209 1786 369 4410 447 5896 2329 9368 298 8356 3935 9488
False
False
66
66
8356
22
22
False
False
False
7838 3050 5312 5518 7001 7320 9876 5378 5551 3125 1466 22 3513 6213 6879 6132 2258 8514 690 4199 5786 1127 4541 5063 2051 4426 1799 5489 9672 6827 3625 266 2811 3354 1982 9532 8904 1472 5637 6513 9207 5285 1202 414 6484 6261 9874 2092 262 274 4026 9854 3294 7903 4209 1786 369 4410 447 5896 2329 9368 298 8356 8539 3701
1541
7838 3050 5312 5518 7001 7320 9876 5378 5551 3125 1466 22 3513 6213 6879 6132 2258 8514 690 4199 5786 1127 4541 5063 2051 4426 1799 5489 9672 6827 3625 266 2811 3354 1982 9532 8904 1472 5637 6513 9207 5285 1202 414 6484 6261 9874 2092 262 274 4026 9854 3294 7903 4209 1786 369 4410 447 5896 2329 9368 298 8356 8539 3701 2346
67
False
22
False
67
7838 3050 5312 5518 7001 7320 9876 5378 5551 3125 1466 22 3513 6213 6879 6132 2258 8514 690 4199 5786 1127 4541 5063 2051 4426 1799 5489 9672 6827 3625 266 2811 3354 1982 9532 8904 1472 5637 6513 9207 5285 1202 414 6484 6261 9874 2092 262 274 4026 9854 3294 7903 4209 1786 369 4410 447 5896 2329 9368 298 8356 8539 6254 3215
False
6254
22
False
False
False
8313
7838 3050 5312 5518 7001 7320 9876 5378 5551 3125 1466 22 3513 6213 6879 6132 2258 8514 690 4199 5786 1127 4541 5063 2051 4426 1799 5489 9672 6827 3625 266 2811 3354 1982 9532 8904 1472 5637 6513 9207 5285 1202 414 6484 6261 9874 2092 262 274 4026 9854 3294 7903 4209 1786 369 4410 447 5896 2329 9368 298 8356 8539
8539
False
8356
False
63
