Empty
Empty
False
True
0
Empty
True

Empty
True
2449
2449
False
2
False
False
2449
2449

False
4817
1
0
Empty
True
0
0
False

0

1
2
5159
2
False
6280
False
6280
1
303
303
False
False
5143
4740
False
6280 303 8245 5143 1347 3247
303
3247
False
3247
6
303
303
False
2
303
303
303
5171
6280 303 5171
False
4
False
4
4719
False
4719
6280 303 5171 1849 4719
8
False
False
8
False
False
False
False
8
8
False
604
6280 303 5171 1849 4719 1627 604
8
604
5
False
6280 303 5171 1849 4719 9777
6
6280 303 5171 1849 4719 9777 7098
False
7098
6280 303 5171 1849 4719 9777 7098
9
6280 303 5171 1849 4719 9777 7098 4463 946
303
946
6280 303 5171 1849 4719 9777 7098 4463 946
946
False
7
7
7
False
7
7
6856
303
5675
False
False
False
False
False
303
False
False
6280 303 5171 1849 4719 9777 5745 5675 6588
9
False
9
10
6280 303 5171 1849 4719 9777 5745 5675 6588
False
303
False
False
6280 303 5171 1849 4719 9777 5745 5675 6588
6588
4464
303
303
False
6280 303 5171 1849 4719 9777 5745 5675 4464 1563
False
1563
1563
False
False
False
13
6280 303 5171 1849 4719 9777 5745 5675 4464 1563 2716 5137 704
12
False
6280 303 5171 1849 4719 9777 5745 5675 4464 1563 2716
False
False
721
False
6280 303 5171 1849 4719 9777 5745 5675 4464 1563 2716 9932 9161
6280 303 5171 1849 4719 9777 5745 5675 4464 1563 2716 9932 9161
6280 303 5171 1849 4719 9777 5745 5675 4464 1563 2716 9932 9161 5170 1475
303
6280 303 5171 1849 4719 9777 5745 5675 4464 1563 2716 9932 9161 5170 1475
303
6280 303 5171 1849 4719 9777 5745 5675 4464 1563 2716 9932 9161 5170
5170
13
11
False
11
False
303
False
False
9
4464
False
6280 303 5171 1849 4719 9777 5745 5675 4464
False
6280 303 5171 1849 4719 9777 5745 5675 4464
False
6280 303 5171 1849 4719 9777 5745 5675 4464
False
11
11
9417
303
False
5679
False
400
303
6280 303 5171 1849 4719 9777 5745 5675 3431 1158 9417 5679 3802 4350
4350
False
303
14
5679
303
12
False
16
15
6280 303 5171 1849 4719 9777 5745 5675 3431 1158 9417 2278 7178 7024 1715
False
303
1715
False
False
False
False
6280 303 5171 1849 4719 9777 5745 5675 3431 1158 9417 2278 7178 8177 7735
False
15
6280 303 5171 1849 4719 9777 5745 5675 3431 1158 9417 2278 7178
False
False
767
False
17
6280 303 5171 1849 4719 9777 5745 5675 3431 1158 9417 2278 3614 767 4612 4650 4133 5473
6280 303 5171 1849 4719 9777 5745 5675 3431 1158 9417 2278 3614 767 4612 4650 4133 5473
18
False
303
False
2014
False
False
False
6280 303 5171 1849 4719 9777 5745 5675 3431 1158 9417 2278 3614 767 4612
303
15
5339
6280 303 5171 1849 4719 9777 5745 5675 3431 1158 9417 2278 3614 767 4402 5339 6987
False
6987
303
6280 303 5171 1849 4719 9777 5745 5675 3431 1158 9417 2278 3614 767 4402 5339 6987
303
False
6280 303 5171 1849 4719 9777 5745 5675 3431 1158 9417 2278 3614 767 4402 5339 6987
False
False
False
False
8016
False
6280 303 5171 1849 4719 9777 5745 5675 3431 1158 9417 2278 3614 767 4402 5339 6987 3906 8016 9708
False
False
False
4827
False
21
False
303
303
False
21
False
6280 303 5171 1849 4719 9777 5745 5675 3431 1158 9417 2278 3614 767 4402 5339 6987 3906 8016 9708
303
False
False
20
False
303
6280 303 5171 1849 4719 9777 5745 5675 3431 1158 9417 2278 3614 767 4402 5339 6987 3906 9796
False
False
20
False
False
303
9752
6280 303 5171 1849 4719 9777 5745 5675 3431 1158 9417 2278 3614 767 4402 5339 6987 3906 9796 9752
False
6280 303 5171 1849 4719 9777 5745 5675 3431 1158 9417 2278 3614 767 4402 5339 6987 3906 9796
False
20
19
303
6280 303 5171 1849 4719 9777 5745 5675 3431 1158 9417 2278 3614 767 4402 5339 6987 3906 9796 2837
6280 303 5171 1849 4719 9777 5745 5675 3431 1158 9417 2278 3614 767 4402 5339 6987 3906 9796
False
2917
False
False
303
6280 303 5171 1849 4719 9777 5745 5675 3431 1158 9417 2278 3614 767 4402 5339 6987 3906 9796 2917 4017
6280 303 5171 1849 4719 9777 5745 5675 3431 1158 9417 2278 3614 767 4402 5339 6987 3906 9796 2917 4017
False
False
6280 303 5171 1849 4719 9777 5745 5675 3431 1158 9417 2278 3614 767 4402 5339 6987 3906 9796 2917 4017 8629
303
8629
8629
False
False
False
303
6280 303 5171 1849 4719 9777 5745 5675 3431 1158 9417 2278 3614 767 4402 5339 6987 3906 9796 2917 4017 8629 7876
False
False
False
303
303
4017
303
False
303
False
6280 303 5171 1849 4719 9777 5745 5675 3431 1158 9417 2278 3614 767 4402 5339 6987 3906 9796 2917 4017 9670
21
303
21
6280 303 5171 1849 4719 9777 5745 5675 3431 1158 9417 2278 3614 767 4402 5339 6987 3906 9796 2917 4017
6280 303 5171 1849 4719 9777 5745 5675 3431 1158 9417 2278 3614 767 4402 5339 6987 3906 9796 2917
303
17
False
6280 303 5171 1849 4719 9777 5745 5675 3431 1158 9417 2278 3614 767 4402 5339 6987
False
False
7432
6280 303 5171 1849 4719 9777 5745 5675 3431 1158 9417 2278 3614 8270
8270
303
6280 303 5171 1849 4719 9777 5745 5675 3431 1158 9417 2278 3614
False
303
False
303
303
False
8129
False
5200
False
False
6280 303 5171 1849 4719 9777 5745 5675 3431 1158 9417 2278 3015 8129 1658 9022 8499 4332
18
19
19
19
False
False
9220
False
9220
4332
False
18
False
False
False
4616
303
6280 303 5171 1849 4719 9777 5745 5675 3431 1158 9417 2278 3015 8129 1658 9022 8499 4616
False
18
6280 303 5171 1849 4719 9777 5745 5675 3431 1158 9417 2278 3015 8129 1658 9022 8499 4327
303
False
False
19
6914
4563
18
False
303
False
False
6280 303 5171 1849 4719 9777 5745 5675 3431 1158 9417 2278 3015 8129 1658 9022 8499 4563 3715
False
4563
8499
303
9022
6280 303 5171 1849 4719 9777 5745 5675 3431 1158 9417 2278 3015 8129 1658 9022
False
6280 303 5171 1849 4719 9777 5745 5675 3431 1158 9417 2278 3015 8129 1658 9022
False
303
303
False
False
False
False
6280 303 5171 1849 4719 9777 5745 5675 3431 1158 9417 2278 3015 8129 1658 9036 8417
6280 303 5171 1849 4719 9777 5745 5675 3431 1158 9417 2278 3015 8129 1658 9036 8417
303
False
98
False
6280 303 5171 1849 4719 9777 5745 5675 3431 1158 9417 2278 3015 8129 1658 9036 5963
6280 303 5171 1849 4719 9777 5745 5675 3431 1158 9417 2278 3015 8129 1658 9036 5963
False
False
False
18
18
6280 303 5171 1849 4719 9777 5745 5675 3431 1158 9417 2278 3015 8129 1658 9036 5963
False
303
16
16
303
534
17
6280 303 5171 1849 4719 9777 5745 5675 3431 1158 9417 2278 3015 8129 1658 9036 2380
303
303
8834
False
15
15
15
16
16
3123
3123
False
6280 303 5171 1849 4719 9777 5745 5675 3431 1158 9417 2278 3015 8129 8834 9307 7139 825
6280 303 5171 1849 4719 9777 5745 5675 3431 1158 9417 2278 3015 8129 8834 9307 7139 825 1677
20
303
6356
False
22
303
9608
303
9608
False
6280 303 5171 1849 4719 9777 5745 5675 3431 1158 9417 2278 3015 8129 8834 9307 7139 825 1677 6356 5849 6931
6280 303 5171 1849 4719 9777 5745 5675 3431 1158 9417 2278 3015 8129 8834 9307 7139 825 1677 6356 5849 6931
6280 303 5171 1849 4719 9777 5745 5675 3431 1158 9417 2278 3015 8129 8834 9307 7139 825 1677 6356 5849 6931
24
24
303
7076
7076
6280 303 5171 1849 4719 9777 5745 5675 3431 1158 9417 2278 3015 8129 8834 9307 7139 825 1677 6356 5849 6931 909 5731 7076
False
False
303
False
303
6280 303 5171 1849 4719 9777 5745 5675 3431 1158 9417 2278 3015 8129 8834 9307 7139 825 1677 6356 5849 6931 909 5731 7076 8849 8986 4634
303
28
303
4634
False
False
False
False
29
303
False
6280 303 5171 1849 4719 9777 5745 5675 3431 1158 9417 2278 3015 8129 8834 9307 7139 825 1677 6356 5849 6931 909 5731 7076 8849 8986 1398 1627 9776
30
6280 303 5171 1849 4719 9777 5745 5675 3431 1158 9417 2278 3015 8129 8834 9307 7139 825 1677 6356 5849 6931 909 5731 7076 8849 8986 1398 1627
6280 303 5171 1849 4719 9777 5745 5675 3431 1158 9417 2278 3015 8129 8834 9307 7139 825 1677 6356 5849 6931 909 5731 7076 8849 8986 1398
8986
27
False
False
303
303
303
False
616
6034
29
303
False
False
False
6280 303 5171 1849 4719 9777 5745 5675 3431 1158 9417 2278 3015 8129 8834 9307 7139 825 1677 6356 5849 6931 909 5731 7076 8849 8986 6034 7127
False
6280 303 5171 1849 4719 9777 5745 5675 3431 1158 9417 2278 3015 8129 8834 9307 7139 825 1677 6356 5849 6931 909 5731 7076 8849 8986 6034 7127
7127
False
False
4104
4104
303
False
30
6280 303 5171 1849 4719 9777 5745 5675 3431 1158 9417 2278 3015 8129 8834 9307 7139 825 1677 6356 5849 6931 909 5731 7076 8849 8986 6034
30
8330
False
29
29
29
False
False
False
1451
303
False
6280 303 5171 1849 4719 9777 5745 5675 3431 1158 9417 2278 3015 8129 8834 9307 7139 825 1677 6356 5849 6931 909 5731 7076 8849 8986
False
6280 303 5171 1849 4719 9777 5745 5675 3431 1158 9417 2278 3015 8129 8834 9307 7139 825 1677 6356 5849 6931 909 5731 7076 8849 7841
False
False
6280 303 5171 1849 4719 9777 5745 5675 3431 1158 9417 2278 3015 8129 8834 9307 7139 825 1677 6356 5849 6931 909 5731 2602
303
6931
303
22
False
False
False
22
6931
False
303
23
303
303
21
False
22
False
7725
303
2870
6280 303 5171 1849 4719 9777 5745 5675 3431 1158 9417 2278 3015 8129 8834 9307 7139 1698 5959
6280 303 5171 1849 4719 9777 5745 5675 3431 1158 9417 2278 3015 8129 8834 9307 7139 1698 5959
6280 303 5171 1849 4719 9777 5745 5675 3431 1158 9417 2278 3015 8129 8834 9307 7139 1698 5959
303
303
303
303
16
6280 303 5171 1849 4719 9777 5745 5675 3431 1158 9417 2278 3015 8129 8834 5940
303
16
False
16
False
False
17
False
6280 303 5171 1849 4719 9777 5745 5675 3431 1158 9417 2278 3015 8129 8834 8812 8084
False
6280 303 5171 1849 4719 9777 5745 5675 3431 1158 9417 2278 3015 8129 8834 8812 8084
8812
303
False
6280 303 5171 1849 4719 9777 5745 5675 3431 1158 9417 2278 3015 8129 8834 8812
False
8812
False
False
303
False
False
8812
False
8834
303
15
False
16
False
303
6280 303 5171 1849 4719 9777 5745 5675 3431 1158 9417 2278 3015 8129 7312 5130 6534
6280 303 5171 1849 4719 9777 5745 5675 3431 1158 9417 2278 3015 8129 7312 5130 6534
False
False
303
303
15
False
False
15
15
15
15
False
173
6280 303 5171 1849 4719 9777 5745 5675 3431 1158 9417 2278 3015 2391 173 4127 6705 2170
18
False
6280 303 5171 1849 4719 9777 5745 5675 3431 1158 9417 2278 3015 2391 173 4127 6705
17
6705
6705
6280 303 5171 1849 4719 9777 5745 5675 3431 1158 9417 2278 3015 2391 173 4127 6705 2578
False
6280 303 5171 1849 4719 9777 5745 5675 3431 1158 9417 2278 3015 2391 173 4127 6705 2578
False
6280 303 5171 1849 4719 9777 5745 5675 3431 1158 9417 2278 3015 2391 173 4127 6705
False
False
False
False
6705
False
6705
6705
False
False
17
17
173
6280 303 5171 1849 4719 9777 5745 5675 3431 1158 9417 2278 3015 2391 173 7543 4431 4253
173
173
173
19
False
6280 303 5171 1849 4719 9777 5745 5675 3431 1158 9417 2278 3015 2391 173 7543 4431 4253 7168 8202
8202
20
6280 303 5171 1849 4719 9777 5745 5675 3431 1158 9417 2278 3015 2391 173 7543 4431 4253 7168 8202
173
21
False
False
6280 303 5171 1849 4719 9777 5745 5675 3431 1158 9417 2278 3015 2391 173 7543 4431 4253
6280 303 5171 1849 4719 9777 5745 5675 3431 1158 9417 2278 3015 2391 173 7543 4431 4253
6280 303 5171 1849 4719 9777 5745 5675 3431 1158 9417 2278 3015 2391 173 7543 4431 4253
18
4639
18
131
131
19
148
False
19
8608
148
1632
641
False
6280 303 5171 1849 4719 9777 5745 5675 3431 1158 9417 2278 3015 2391 173 7543 4431 148 5977 8608 1632 2176 641
False
641
641
False
6280 303 5171 1849 4719 9777 5745 5675 3431 1158 9417 2278 3015 2391 173 7543 4431 148 5977 8608 1632 2176 641 746 3199
3199
6280 303 5171 1849 4719 9777 5745 5675 3431 1158 9417 2278 3015 2391 173 7543 4431 148 5977 8608 1632 2176 641 746
False
6280 303 5171 1849 4719 9777 5745 5675 3431 1158 9417 2278 3015 2391 173 7543 4431 148 5977 8608 1632 2176 641
148
False
148
24
148
8013
148
24
148
24
148
False
False
6280 303 5171 1849 4719 9777 5745 5675 3431 1158 9417 2278 3015 2391 173 7543 4431 148 5977 8608 1632 2176 641 5793 6688
2962
148
26
26
False
6280 303 5171 1849 4719 9777 5745 5675 3431 1158 9417 2278 3015 2391 173 7543 4431 148 5977 8608 1632 2176 641 5793 6688 2962 3293
148
False
6280 303 5171 1849 4719 9777 5745 5675 3431 1158 9417 2278 3015 2391 173 7543 4431 148 5977 8608 1632 2176 641 5793 6688 2962 3293
False
148
False
27
False
False
26
25
6280 303 5171 1849 4719 9777 5745 5675 3431 1158 9417 2278 3015 2391 173 7543 4431 148 5977 8608 1632 2176 641 5793 6688 5398
8162
False
30
False
6280 303 5171 1849 4719 9777 5745 5675 3431 1158 9417 2278 3015 2391 173 7543 4431 148 5977 8608 1632 2176 641 5793 6688 5398 6147 1185 8162 2247
False
False
8162
False
6280 303 5171 1849 4719 9777 5745 5675 3431 1158 9417 2278 3015 2391 173 7543 4431 148 5977 8608 1632 2176 641 5793 6688 5398 6147 1185 8162
28
False
False
False
False
148
False
148
6280 303 5171 1849 4719 9777 5745 5675 3431 1158 9417 2278 3015 2391 173 7543 4431 148 5977 8608 1632 2176 641 5793 6688 5398 6147 2440 5593
6280 303 5171 1849 4719 9777 5745 5675 3431 1158 9417 2278 3015 2391 173 7543 4431 148 5977 8608 1632 2176 641 5793 6688 5398 6147 2440 5593
False
148
28
148
148
6280 303 5171 1849 4719 9777 5745 5675 3431 1158 9417 2278 3015 2391 173 7543 4431 148 5977 8608 1632 2176 641 5793 6688 5398 6147 2440 4087
4087
False
148
False
False
6280 303 5171 1849 4719 9777 5745 5675 3431 1158 9417 2278 3015 2391 173 7543 4431 148 5977 8608 1632 2176 641 5793 6688 5398 6147 2440 4087
148
7381
False
2440
False
148
2440
False
6280 303 5171 1849 4719 9777 5745 5675 3431 1158 9417 2278 3015 2391 173 7543 4431 148 5977 8608 1632 2176 641 5793 6688 5398 6147 2187
5398
5398
False
False
148
False
148
False
27
6280 303 5171 1849 4719 9777 5745 5675 3431 1158 9417 2278 3015 2391 173 7543 4431 148 5977 8608 1632 2176 641 5793 6688 5053 8422
148
148
4424
28
27
False
False
9165
148
9165
28
29
2849
29
148
2849
False
28
False
False
6688
6280 303 5171 1849 4719 9777 5745 5675 3431 1158 9417 2278 3015 2391 173 7543 4431 148 5977 8608 1632 2176 641 5793 6688 8412
148
148
False
False
2051
1821
6280 303 5171 1849 4719 9777 5745 5675 3431 1158 9417 2278 3015 2391 173 7543 4431 148 5977 8608 1632 2176 641 5793 6688 2051 9827 742 1821 122 767
False
6280 303 5171 1849 4719 9777 5745 5675 3431 1158 9417 2278 3015 2391 173 7543 4431 148 5977 8608 1632 2176 641 5793 6688 2051 9827 742 1821 122 767
6280 303 5171 1849 4719 9777 5745 5675 3431 1158 9417 2278 3015 2391 173 7543 4431 148 5977 8608 1632 2176 641 5793 6688 2051 9827 742 1821 122 767 690
False
3721
False
False
122
6280 303 5171 1849 4719 9777 5745 5675 3431 1158 9417 2278 3015 2391 173 7543 4431 148 5977 8608 1632 2176 641 5793 6688 2051 9827 742 1821 122 767 3721
122
767
False
31
False
122
1821
8619
False
2959
6280 303 5171 1849 4719 9777 5745 5675 3431 1158 9417 2278 3015 2391 173 7543 4431 148 5977 8608 1632 2176 641 5793 6688 2051 9827 742 1821 8619 2959 7088
False
31
False
6280 303 5171 1849 4719 9777 5745 5675 3431 1158 9417 2278 3015 2391 173 7543 4431 148 5977 8608 1632 2176 641 5793 6688 2051 9827 742 1821 8619 2959
False
False
False
33
False
False
6280 303 5171 1849 4719 9777 5745 5675 3431 1158 9417 2278 3015 2391 173 7543 4431 148 5977 8608 1632 2176 641 5793 6688 2051 9827 742 1821 8619 2959 501 695
6280 303 5171 1849 4719 9777 5745 5675 3431 1158 9417 2278 3015 2391 173 7543 4431 148 5977 8608 1632 2176 641 5793 6688 2051 9827 742 1821 8619 2959 501 695 1660 8726
6280 303 5171 1849 4719 9777 5745 5675 3431 1158 9417 2278 3015 2391 173 7543 4431 148 5977 8608 1632 2176 641 5793 6688 2051 9827 742 1821 8619 2959 501 695 1660 8726 6272
False
148
6272
36
6280 303 5171 1849 4719 9777 5745 5675 3431 1158 9417 2278 3015 2391 173 7543 4431 148 5977 8608 1632 2176 641 5793 6688 2051 9827 742 1821 8619 2959 501 695 1660 8726 6272
8726
6280 303 5171 1849 4719 9777 5745 5675 3431 1158 9417 2278 3015 2391 173 7543 4431 148 5977 8608 1632 2176 641 5793 6688 2051 9827 742 1821 8619 2959 501 695 1660 8726
False
6280 303 5171 1849 4719 9777 5745 5675 3431 1158 9417 2278 3015 2391 173 7543 4431 148 5977 8608 1632 2176 641 5793 6688 2051 9827 742 1821 8619 2959 501
501
148
False
6280 303 5171 1849 4719 9777 5745 5675 3431 1158 9417 2278 3015 2391 173 7543 4431 148 5977 8608 1632 2176 641 5793 6688 2051 9827 742 1821 8619 2959 9804
False
False
1189
31
31
False
148
6280 303 5171 1849 4719 9777 5745 5675 3431 1158 9417 2278 3015 2391 173 7543 4431 148 5977 8608 1632 2176 641 5793 6688 2051 9827 742 1821 8619 1189
False
False
False
94
148
False
148
32
2576
33
6280 303 5171 1849 4719 9777 5745 5675 3431 1158 9417 2278 3015 2391 173 7543 4431 148 5977 8608 1632 2176 641 5793 6688 2051 9827 742 1821 8619 1189 2576 9656 7590
6280 303 5171 1849 4719 9777 5745 5675 3431 1158 9417 2278 3015 2391 173 7543 4431 148 5977 8608 1632 2176 641 5793 6688 2051 9827 742 1821 8619 1189 2576
False
False
4830
7429
7429
38
False
False
148
4752
False
6280 303 5171 1849 4719 9777 5745 5675 3431 1158 9417 2278 3015 2391 173 7543 4431 148 5977 8608 1632 2176 641 5793 6688 2051 9827 742 1821 8619 1189 2576 6394 2335 6228 5706 4830 7429 1444
False
False
7429
148
6280 303 5171 1849 4719 9777 5745 5675 3431 1158 9417 2278 3015 2391 173 7543 4431 148 5977 8608 1632 2176 641 5793 6688 2051 9827 742 1821 8619 1189 2576 6394 2335 6228 5706 4830 7429
False
37
148
4830
False
1137
148
6280 303 5171 1849 4719 9777 5745 5675 3431 1158 9417 2278 3015 2391 173 7543 4431 148 5977 8608 1632 2176 641 5793 6688 2051 9827 742 1821 8619 1189 2576 6394 2335 6228 5706 1137 3652
38
False
False
148
False
148
False
False
37
148
6280 303 5171 1849 4719 9777 5745 5675 3431 1158 9417 2278 3015 2391 173 7543 4431 148 5977 8608 1632 2176 641 5793 6688 2051 9827 742 1821 8619 1189 2576 6394 2335 6228 5706 1137
False
False
2000
False
39
False
6280 303 5171 1849 4719 9777 5745 5675 3431 1158 9417 2278 3015 2391 173 7543 4431 148 5977 8608 1632 2176 641 5793 6688 2051 9827 742 1821 8619 1189 2576 6394 2335 6228 5706 1547 2000
False
False
2000
39
False
40
40
6280 303 5171 1849 4719 9777 5745 5675 3431 1158 9417 2278 3015 2391 173 7543 4431 148 5977 8608 1632 2176 641 5793 6688 2051 9827 742 1821 8619 1189 2576 6394 2335 6228 5706 1547 2000 7284 6431
148
39
6280 303 5171 1849 4719 9777 5745 5675 3431 1158 9417 2278 3015 2391 173 7543 4431 148 5977 8608 1632 2176 641 5793 6688 2051 9827 742 1821 8619 1189 2576 6394 2335 6228 5706 1547 2000 7284 3087
False
2286
False
6280 303 5171 1849 4719 9777 5745 5675 3431 1158 9417 2278 3015 2391 173 7543 4431 148 5977 8608 1632 2176 641 5793 6688 2051 9827 742 1821 8619 1189 2576 6394 2335 6228 5706 1547 2000 7284 3087 2286
6280 303 5171 1849 4719 9777 5745 5675 3431 1158 9417 2278 3015 2391 173 7543 4431 148 5977 8608 1632 2176 641 5793 6688 2051 9827 742 1821 8619 1189 2576 6394 2335 6228 5706 1547 2000 7284 3087 2286 8114
False
148
False
148
2286
False
3087
148
False
148
148
40
6280 303 5171 1849 4719 9777 5745 5675 3431 1158 9417 2278 3015 2391 173 7543 4431 148 5977 8608 1632 2176 641 5793 6688 2051 9827 742 1821 8619 1189 2576 6394 2335 6228 5706 1547
6280 303 5171 1849 4719 9777 5745 5675 3431 1158 9417 2278 3015 2391 173 7543 4431 148 5977 8608 1632 2176 641 5793 6688 2051 9827 742 1821 8619 1189 2576 6394 2335 6228 5706 1547
6280 303 5171 1849 4719 9777 5745 5675 3431 1158 9417 2278 3015 2391 173 7543 4431 148 5977 8608 1632 2176 641 5793 6688 2051 9827 742 1821 8619 1189 2576 6394 2335 6228 5706 1547
1547
37
37
6280 303 5171 1849 4719 9777 5745 5675 3431 1158 9417 2278 3015 2391 173 7543 4431 148 5977 8608 1632 2176 641 5793 6688 2051 9827 742 1821 8619 1189 2576 6394 2335 6228 5706 1547
148
148
6280 303 5171 1849 4719 9777 5745 5675 3431 1158 9417 2278 3015 2391 173 7543 4431 148 5977 8608 1632 2176 641 5793 6688 2051 9827 742 1821 8619 1189 2576 6394 2335 6228 5706 1547 5676
148
148
False
False
5676
5676
36
6280 303 5171 1849 4719 9777 5745 5675 3431 1158 9417 2278 3015 2391 173 7543 4431 148 5977 8608 1632 2176 641 5793 6688 2051 9827 742 1821 8619 1189 2576 6394 2335 6228 3313
3313
148
148
False
False
36
False
False
6228
False
148
35
5480
6280 303 5171 1849 4719 9777 5745 5675 3431 1158 9417 2278 3015 2391 173 7543 4431 148 5977 8608 1632 2176 641 5793 6688 2051 9827 742 1821 8619 1189 2576 6394 2335 6228 5480
148
False
6280 303 5171 1849 4719 9777 5745 5675 3431 1158 9417 2278 3015 2391 173 7543 4431 148 5977 8608 1632 2176 641 5793 6688 2051 9827 742 1821 8619 1189 2576 6394 2335 6228 5480
37
False
False
False
148
1498
6280 303 5171 1849 4719 9777 5745 5675 3431 1158 9417 2278 3015 2391 173 7543 4431 148 5977 8608 1632 2176 641 5793 6688 2051 9827 742 1821 8619 1189 2576 6394 2335 6228 5480 2425 6261 1498
False
False
False
6280 303 5171 1849 4719 9777 5745 5675 3431 1158 9417 2278 3015 2391 173 7543 4431 148 5977 8608 1632 2176 641 5793 6688 2051 9827 742 1821 8619 1189 2576 6394 2335 6228 5480 2425 3396
False
False
36
False
148
148
False
148
False
148
35
False
False
False
False
False
False
False
6352
False
False
6280 303 5171 1849 4719 9777 5745 5675 3431 1158 9417 2278 3015 2391 173 7543 4431 148 5977 8608 1632 2176 641 5793 6688 2051 9827 742 1821 8619 1189 2576 6394 2335 458 6352
False
False
False
False
False
False
6280 303 5171 1849 4719 9777 5745 5675 3431 1158 9417 2278 3015 2391 173 7543 4431 148 5977 8608 1632 2176 641 5793 6688 2051 9827 742 1821 8619 1189 2576 6394 2335 458 6352 2744 5789
5789
False
False
False
False
39
148
148
False
40
6280 303 5171 1849 4719 9777 5745 5675 3431 1158 9417 2278 3015 2391 173 7543 4431 148 5977 8608 1632 2176 641 5793 6688 2051 9827 742 1821 8619 1189 2576 6394 2335 458 6352 2744 5789 7564 3243 307
6280 303 5171 1849 4719 9777 5745 5675 3431 1158 9417 2278 3015 2391 173 7543 4431 148 5977 8608 1632 2176 641 5793 6688 2051 9827 742 1821 8619 1189 2576 6394 2335 458 6352 2744 5789 7564 3243 307
6280 303 5171 1849 4719 9777 5745 5675 3431 1158 9417 2278 3015 2391 173 7543 4431 148 5977 8608 1632 2176 641 5793 6688 2051 9827 742 1821 8619 1189 2576 6394 2335 458 6352 2744 5789 7564 3243 307
False
41
False
False
False
40
148
148
6280 303 5171 1849 4719 9777 5745 5675 3431 1158 9417 2278 3015 2391 173 7543 4431 148 5977 8608 1632 2176 641 5793 6688 2051 9827 742 1821 8619 1189 2576 6394 2335 458 6352 2744 5789 7564 3243
False
148
148
148
40
6280 303 5171 1849 4719 9777 5745 5675 3431 1158 9417 2278 3015 2391 173 7543 4431 148 5977 8608 1632 2176 641 5793 6688 2051 9827 742 1821 8619 1189 2576 6394 2335 458 6352 2744 5789 7564 5557
40
40
False
7564
6280 303 5171 1849 4719 9777 5745 5675 3431 1158 9417 2278 3015 2391 173 7543 4431 148 5977 8608 1632 2176 641 5793 6688 2051 9827 742 1821 8619 1189 2576 6394 2335 458 6352 2744 5789 7564
7564
False
6280 303 5171 1849 4719 9777 5745 5675 3431 1158 9417 2278 3015 2391 173 7543 4431 148 5977 8608 1632 2176 641 5793 6688 2051 9827 742 1821 8619 1189 2576 6394 2335 458 6352 2744 5789 7564
False
6280 303 5171 1849 4719 9777 5745 5675 3431 1158 9417 2278 3015 2391 173 7543 4431 148 5977 8608 1632 2176 641 5793 6688 2051 9827 742 1821 8619 1189 2576 6394 2335 458 6352 2744 5789 7564 8273
False
40
False
False
False
9173
9173
False
False
False
42
8221
39
148
7564
40
2713
148
41
False
40
6280 303 5171 1849 4719 9777 5745 5675 3431 1158 9417 2278 3015 2391 173 7543 4431 148 5977 8608 1632 2176 641 5793 6688 2051 9827 742 1821 8619 1189 2576 6394 2335 458 6352 2744 5789 7564 2713 4804
6280 303 5171 1849 4719 9777 5745 5675 3431 1158 9417 2278 3015 2391 173 7543 4431 148 5977 8608 1632 2176 641 5793 6688 2051 9827 742 1821 8619 1189 2576 6394 2335 458 6352 2744 5789 7564 2713 4804
7564
False
39
148
148
6280 303 5171 1849 4719 9777 5745 5675 3431 1158 9417 2278 3015 2391 173 7543 4431 148 5977 8608 1632 2176 641 5793 6688 2051 9827 742 1821 8619 1189 2576 6394 2335 458 6352 2744 410 9266
148
410
38
148
False
38
39
False
False
39
6280 303 5171 1849 4719 9777 5745 5675 3431 1158 9417 2278 3015 2391 173 7543 4431 148 5977 8608 1632 2176 641 5793 6688 2051 9827 742 1821 8619 1189 2576 6394 2335 458 6352 2744 410 9140
6280 303 5171 1849 4719 9777 5745 5675 3431 1158 9417 2278 3015 2391 173 7543 4431 148 5977 8608 1632 2176 641 5793 6688 2051 9827 742 1821 8619 1189 2576 6394 2335 458 6352 2744 410
410
37
148
False
2744
False
False
37
False
6280 303 5171 1849 4719 9777 5745 5675 3431 1158 9417 2278 3015 2391 173 7543 4431 148 5977 8608 1632 2176 641 5793 6688 2051 9827 742 1821 8619 1189 2576 6394 2335 458 6352 2744
6280 303 5171 1849 4719 9777 5745 5675 3431 1158 9417 2278 3015 2391 173 7543 4431 148 5977 8608 1632 2176 641 5793 6688 2051 9827 742 1821 8619 1189 2576 6394 2335 458 6352 2744
False
148
148
False
False
39
False
False
False
6280 303 5171 1849 4719 9777 5745 5675 3431 1158 9417 2278 3015 2391 173 7543 4431 148 5977 8608 1632 2176 641 5793 6688 2051 9827 742 1821 8619 1189 2576 6394 2335 458 6352 2744
2744
37
6280 303 5171 1849 4719 9777 5745 5675 3431 1158 9417 2278 3015 2391 173 7543 4431 148 5977 8608 1632 2176 641 5793 6688 2051 9827 742 1821 8619 1189 2576 6394 2335 458 6352 2744 3652 3292
False
False
148
148
False
6280 303 5171 1849 4719 9777 5745 5675 3431 1158 9417 2278 3015 2391 173 7543 4431 148 5977 8608 1632 2176 641 5793 6688 2051 9827 742 1821 8619 1189 2576 6394 2335 458 6352 2744 3652 3292 706 7253 5421
6280 303 5171 1849 4719 9777 5745 5675 3431 1158 9417 2278 3015 2391 173 7543 4431 148 5977 8608 1632 2176 641 5793 6688 2051 9827 742 1821 8619 1189 2576 6394 2335 458 6352 2744 3652 3292 706 7253 5421
False
6280 303 5171 1849 4719 9777 5745 5675 3431 1158 9417 2278 3015 2391 173 7543 4431 148 5977 8608 1632 2176 641 5793 6688 2051 9827 742 1821 8619 1189 2576 6394 2335 458 6352 2744 3652 3292 706 7253 5421
148
5421
5421
43
False
3734
43
6280 303 5171 1849 4719 9777 5745 5675 3431 1158 9417 2278 3015 2391 173 7543 4431 148 5977 8608 1632 2176 641 5793 6688 2051 9827 742 1821 8619 1189 2576 6394 2335 458 6352 2744 3652 3292 706 7253 5421 3734
42
False
8268
8268
148
41
False
148
39
3292
37
148
False
False
830
False
False
False
9847
3909
False
40
148
6280 303 5171 1849 4719 9777 5745 5675 3431 1158 9417 2278 3015 2391 173 7543 4431 148 5977 8608 1632 2176 641 5793 6688 2051 9827 742 1821 8619 1189 2576 6394 2335 458 6352 3903 1472
6280 303 5171 1849 4719 9777 5745 5675 3431 1158 9417 2278 3015 2391 173 7543 4431 148 5977 8608 1632 2176 641 5793 6688 2051 9827 742 1821 8619 1189 2576 6394 2335 458 6352 3903
148
6280 303 5171 1849 4719 9777 5745 5675 3431 1158 9417 2278 3015 2391 173 7543 4431 148 5977 8608 1632 2176 641 5793 6688 2051 9827 742 1821 8619 1189 2576 6394 2335 458 6352 3903
False
148
False
148
5363
9048
148
148
False
9048
6280 303 5171 1849 4719 9777 5745 5675 3431 1158 9417 2278 3015 2391 173 7543 4431 148 5977 8608 1632 2176 641 5793 6688 2051 9827 742 1821 8619 1189 2576 6394 2335 458 6352 5195 6502 4239 5117 5363 7669 9048
148
148
False
7669
6280 303 5171 1849 4719 9777 5745 5675 3431 1158 9417 2278 3015 2391 173 7543 4431 148 5977 8608 1632 2176 641 5793 6688 2051 9827 742 1821 8619 1189 2576 6394 2335 458 6352 5195 6502 4239 5117 5363 7669
4467
6280 303 5171 1849 4719 9777 5745 5675 3431 1158 9417 2278 3015 2391 173 7543 4431 148 5977 8608 1632 2176 641 5793 6688 2051 9827 742 1821 8619 1189 2576 6394 2335 458 6352 5195 6502 4239 5117 5363 7669 4467
False
False
2222
148
44
6280 303 5171 1849 4719 9777 5745 5675 3431 1158 9417 2278 3015 2391 173 7543 4431 148 5977 8608 1632 2176 641 5793 6688 2051 9827 742 1821 8619 1189 2576 6394 2335 458 6352 5195 6502 4239 5117 5363 7669
6280 303 5171 1849 4719 9777 5745 5675 3431 1158 9417 2278 3015 2391 173 7543 4431 148 5977 8608 1632 2176 641 5793 6688 2051 9827 742 1821 8619 1189 2576 6394 2335 458 6352 5195 6502 4239 5117 5363 7669
7669
6280 303 5171 1849 4719 9777 5745 5675 3431 1158 9417 2278 3015 2391 173 7543 4431 148 5977 8608 1632 2176 641 5793 6688 2051 9827 742 1821 8619 1189 2576 6394 2335 458 6352 5195 6502 4239 5117 5363 7669 1652
148
148
42
148
False
False
148
False
6280 303 5171 1849 4719 9777 5745 5675 3431 1158 9417 2278 3015 2391 173 7543 4431 148 5977 8608 1632 2176 641 5793 6688 2051 9827 742 1821 8619 1189 2576 6394 2335 458 6352 5195 6502 4239 5117 5363
False
148
False
40
False
False
6280 303 5171 1849 4719 9777 5745 5675 3431 1158 9417 2278 3015 2391 173 7543 4431 148 5977 8608 1632 2176 641 5793 6688 2051 9827 742 1821 8619 1189 2576 6394 2335 458 6352 5195 6502 4239 5117
6280 303 5171 1849 4719 9777 5745 5675 3431 1158 9417 2278 3015 2391 173 7543 4431 148 5977 8608 1632 2176 641 5793 6688 2051 9827 742 1821 8619 1189 2576 6394 2335 458 6352 5195 6502 4239
39
148
6280 303 5171 1849 4719 9777 5745 5675 3431 1158 9417 2278 3015 2391 173 7543 4431 148 5977 8608 1632 2176 641 5793 6688 2051 9827 742 1821 8619 1189 2576 6394 2335 458 6352 5195 6502 4239 3547
3547
40
4510
148
41
4510
6280 303 5171 1849 4719 9777 5745 5675 3431 1158 9417 2278 3015 2391 173 7543 4431 148 5977 8608 1632 2176 641 5793 6688 2051 9827 742 1821 8619 1189 2576 6394 2335 458 6352 5195 6502 4239 3547 4510
6280 303 5171 1849 4719 9777 5745 5675 3431 1158 9417 2278 3015 2391 173 7543 4431 148 5977 8608 1632 2176 641 5793 6688 2051 9827 742 1821 8619 1189 2576 6394 2335 458 6352 5195 6502 4239 3547
False
False
6280 303 5171 1849 4719 9777 5745 5675 3431 1158 9417 2278 3015 2391 173 7543 4431 148 5977 8608 1632 2176 641 5793 6688 2051 9827 742 1821 8619 1189 2576 6394 2335 458 6352 5195 6502 4239 3547 8975 7382
False
148
6280 303 5171 1849 4719 9777 5745 5675 3431 1158 9417 2278 3015 2391 173 7543 4431 148 5977 8608 1632 2176 641 5793 6688 2051 9827 742 1821 8619 1189 2576 6394 2335 458 6352 5195 6502 4239 3547 8975 9124
False
2430
2430
44
False
False
False
44
8610
False
6280 303 5171 1849 4719 9777 5745 5675 3431 1158 9417 2278 3015 2391 173 7543 4431 148 5977 8608 1632 2176 641 5793 6688 2051 9827 742 1821 8619 1189 2576 6394 2335 458 6352 5195 6502 4239 3547 8975 9124 2430 8610
43
False
44
False
117
6280 303 5171 1849 4719 9777 5745 5675 3431 1158 9417 2278 3015 2391 173 7543 4431 148 5977 8608 1632 2176 641 5793 6688 2051 9827 742 1821 8619 1189 2576 6394 2335 458 6352 5195 6502 4239 3547 8975 9124 2430 117 5857
117
117
False
41
6280 303 5171 1849 4719 9777 5745 5675 3431 1158 9417 2278 3015 2391 173 7543 4431 148 5977 8608 1632 2176 641 5793 6688 2051 9827 742 1821 8619 1189 2576 6394 2335 458 6352 5195 6502 4239 3547 8975
148
148
6280 303 5171 1849 4719 9777 5745 5675 3431 1158 9417 2278 3015 2391 173 7543 4431 148 5977 8608 1632 2176 641 5793 6688 2051 9827 742 1821 8619 1189 2576 6394 2335 458 6352 5195 6502 4239 3547
6280 303 5171 1849 4719 9777 5745 5675 3431 1158 9417 2278 3015 2391 173 7543 4431 148 5977 8608 1632 2176 641 5793 6688 2051 9827 742 1821 8619 1189 2576 6394 2335 458 6352 5195 6502
6502
6280 303 5171 1849 4719 9777 5745 5675 3431 1158 9417 2278 3015 2391 173 7543 4431 148 5977 8608 1632 2176 641 5793 6688 2051 9827 742 1821 8619 1189 2576 6394 2335 458 6352 5195 6502 8459
6280 303 5171 1849 4719 9777 5745 5675 3431 1158 9417 2278 3015 2391 173 7543 4431 148 5977 8608 1632 2176 641 5793 6688 2051 9827 742 1821 8619 1189 2576 6394 2335 458 6352 5195 6502 8459
6280 303 5171 1849 4719 9777 5745 5675 3431 1158 9417 2278 3015 2391 173 7543 4431 148 5977 8608 1632 2176 641 5793 6688 2051 9827 742 1821 8619 1189 2576 6394 2335 458 6352 5195 6502 8459
6280 303 5171 1849 4719 9777 5745 5675 3431 1158 9417 2278 3015 2391 173 7543 4431 148 5977 8608 1632 2176 641 5793 6688 2051 9827 742 1821 8619 1189 2576 6394 2335 458 6352 5195 6502 8459
39
False
8459
False
148
6280 303 5171 1849 4719 9777 5745 5675 3431 1158 9417 2278 3015 2391 173 7543 4431 148 5977 8608 1632 2176 641 5793 6688 2051 9827 742 1821 8619 1189 2576 6394 2335 458 6352 5195 6502 8459 2305
False
148
False
6280 303 5171 1849 4719 9777 5745 5675 3431 1158 9417 2278 3015 2391 173 7543 4431 148 5977 8608 1632 2176 641 5793 6688 2051 9827 742 1821 8619 1189 2576 6394 2335 458 6352 5195 6502 8459
6280 303 5171 1849 4719 9777 5745 5675 3431 1158 9417 2278 3015 2391 173 7543 4431 148 5977 8608 1632 2176 641 5793 6688 2051 9827 742 1821 8619 1189 2576 6394 2335 458 6352 5195 6502 8459
5195
False
6352
6352
6280 303 5171 1849 4719 9777 5745 5675 3431 1158 9417 2278 3015 2391 173 7543 4431 148 5977 8608 1632 2176 641 5793 6688 2051 9827 742 1821 8619 1189 2576 6394 2335 458 6352
False
6352
False
6352
6280 303 5171 1849 4719 9777 5745 5675 3431 1158 9417 2278 3015 2391 173 7543 4431 148 5977 8608 1632 2176 641 5793 6688 2051 9827 742 1821 8619 1189 2576 6394 2335 458
2335
False
6280 303 5171 1849 4719 9777 5745 5675 3431 1158 9417 2278 3015 2391 173 7543 4431 148 5977 8608 1632 2176 641 5793 6688 2051 9827 742 1821 8619 1189 2576 6394 8026 8534
35
6280 303 5171 1849 4719 9777 5745 5675 3431 1158 9417 2278 3015 2391 173 7543 4431 148 5977 8608 1632 2176 641 5793 6688 2051 9827 742 1821 8619 1189 2576 6394 8026 8534 4995
6280 303 5171 1849 4719 9777 5745 5675 3431 1158 9417 2278 3015 2391 173 7543 4431 148 5977 8608 1632 2176 641 5793 6688 2051 9827 742 1821 8619 1189 2576 6394 8026 8534 4995
4995
False
5858
148
False
5858
38
5990
False
6280 303 5171 1849 4719 9777 5745 5675 3431 1158 9417 2278 3015 2391 173 7543 4431 148 5977 8608 1632 2176 641 5793 6688 2051 9827 742 1821 8619 1189 2576 6394 8026 8534 4995 4935 5569 9961
9961
6280 303 5171 1849 4719 9777 5745 5675 3431 1158 9417 2278 3015 2391 173 7543 4431 148 5977 8608 1632 2176 641 5793 6688 2051 9827 742 1821 8619 1189 2576 6394 8026 8534 4995 4935
4572
6280 303 5171 1849 4719 9777 5745 5675 3431 1158 9417 2278 3015 2391 173 7543 4431 148 5977 8608 1632 2176 641 5793 6688 2051 9827 742 1821 8619 1189 2576 6394 8026 8534 4995 4935 2056 4572
False
6280 303 5171 1849 4719 9777 5745 5675 3431 1158 9417 2278 3015 2391 173 7543 4431 148 5977 8608 1632 2176 641 5793 6688 2051 9827 742 1821 8619 1189 2576 6394 8026 8534 4995 4935 2056 4572 7337
False
41
False
False
False
False
40
False
False
6280 303 5171 1849 4719 9777 5745 5675 3431 1158 9417 2278 3015 2391 173 7543 4431 148 5977 8608 1632 2176 641 5793 6688 2051 9827 742 1821 8619 1189 2576 6394 8026 8534 4995 4935 2056 4572 7337
148
False
4879
4555
False
148
7337
False
40
False
6280 303 5171 1849 4719 9777 5745 5675 3431 1158 9417 2278 3015 2391 173 7543 4431 148 5977 8608 1632 2176 641 5793 6688 2051 9827 742 1821 8619 1189 2576 6394 8026 8534 4995 4935 2056 4572 7337
41
41
148
148
6280 303 5171 1849 4719 9777 5745 5675 3431 1158 9417 2278 3015 2391 173 7543 4431 148 5977 8608 1632 2176 641 5793 6688 2051 9827 742 1821 8619 1189 2576 6394 8026 8534 4995 4935 2056 4572 7337 6481 6804 7054
False
False
6280 303 5171 1849 4719 9777 5745 5675 3431 1158 9417 2278 3015 2391 173 7543 4431 148 5977 8608 1632 2176 641 5793 6688 2051 9827 742 1821 8619 1189 2576 6394 8026 8534 4995 4935 2056 4572 7337 6481 6804 7054
False
False
False
44
44
6280 303 5171 1849 4719 9777 5745 5675 3431 1158 9417 2278 3015 2391 173 7543 4431 148 5977 8608 1632 2176 641 5793 6688 2051 9827 742 1821 8619 1189 2576 6394 8026 8534 4995 4935 2056 4572 7337 6481 6804 7054
6280 303 5171 1849 4719 9777 5745 5675 3431 1158 9417 2278 3015 2391 173 7543 4431 148 5977 8608 1632 2176 641 5793 6688 2051 9827 742 1821 8619 1189 2576 6394 8026 8534 4995 4935 2056 4572 7337 6481 6804 7054
6280 303 5171 1849 4719 9777 5745 5675 3431 1158 9417 2278 3015 2391 173 7543 4431 148 5977 8608 1632 2176 641 5793 6688 2051 9827 742 1821 8619 1189 2576 6394 8026 8534 4995 4935 2056 4572 7337 6481 6804 7054 919
False
False
44
919
False
False
6280 303 5171 1849 4719 9777 5745 5675 3431 1158 9417 2278 3015 2391 173 7543 4431 148 5977 8608 1632 2176 641 5793 6688 2051 9827 742 1821 8619 1189 2576 6394 8026 8534 4995 4935 2056 4572 7337 6481 6804
148
6280 303 5171 1849 4719 9777 5745 5675 3431 1158 9417 2278 3015 2391 173 7543 4431 148 5977 8608 1632 2176 641 5793 6688 2051 9827 742 1821 8619 1189 2576 6394 8026 8534 4995 4935 2056 4572 7337 6481 6804
False
False
148
False
43
44
False
6280 303 5171 1849 4719 9777 5745 5675 3431 1158 9417 2278 3015 2391 173 7543 4431 148 5977 8608 1632 2176 641 5793 6688 2051 9827 742 1821 8619 1189 2576 6394 8026 8534 4995 4935 2056 4572 7337 6481 6804 9464 9909
44
False
6280 303 5171 1849 4719 9777 5745 5675 3431 1158 9417 2278 3015 2391 173 7543 4431 148 5977 8608 1632 2176 641 5793 6688 2051 9827 742 1821 8619 1189 2576 6394 8026 8534 4995 4935 2056 4572 7337 6481 6804 9464 9909
44
44
2688
2688
2688
6280 303 5171 1849 4719 9777 5745 5675 3431 1158 9417 2278 3015 2391 173 7543 4431 148 5977 8608 1632 2176 641 5793 6688 2051 9827 742 1821 8619 1189 2576 6394 8026 8534 4995 4935 2056 4572 7337 6481 6804 9464 9909 2688
False
45
False
False
2688
148
6280 303 5171 1849 4719 9777 5745 5675 3431 1158 9417 2278 3015 2391 173 7543 4431 148 5977 8608 1632 2176 641 5793 6688 2051 9827 742 1821 8619 1189 2576 6394 8026 8534 4995 4935 2056 4572 7337 6481 6804 9464 9909 2688
False
148
False
False
False
False
9909
148
148
False
6280 303 5171 1849 4719 9777 5745 5675 3431 1158 9417 2278 3015 2391 173 7543 4431 148 5977 8608 1632 2176 641 5793 6688 2051 9827 742 1821 8619 1189 2576 6394 8026 8534 4995 4935 2056 4572 7337 6481 6804 9464 9909 8358 6448 6252
6252
False
False
False
False
46
False
9319
6280 303 5171 1849 4719 9777 5745 5675 3431 1158 9417 2278 3015 2391 173 7543 4431 148 5977 8608 1632 2176 641 5793 6688 2051 9827 742 1821 8619 1189 2576 6394 8026 8534 4995 4935 2056 4572 7337 6481 6804 9464 9909 8358 6448 9319 718
48
718
False
148
148
148
False
False
718
148
False
False
47
False
False
False
1761
6280 303 5171 1849 4719 9777 5745 5675 3431 1158 9417 2278 3015 2391 173 7543 4431 148 5977 8608 1632 2176 641 5793 6688 2051 9827 742 1821 8619 1189 2576 6394 8026 8534 4995 4935 2056 4572 7337 6481 6804 9464 9909 8358 6448
6280 303 5171 1849 4719 9777 5745 5675 3431 1158 9417 2278 3015 2391 173 7543 4431 148 5977 8608 1632 2176 641 5793 6688 2051 9827 742 1821 8619 1189 2576 6394 8026 8534 4995 4935 2056 4572 7337 6481 6804 9464 9909 8358 6448 1759
46
False
6280 303 5171 1849 4719 9777 5745 5675 3431 1158 9417 2278 3015 2391 173 7543 4431 148 5977 8608 1632 2176 641 5793 6688 2051 9827 742 1821 8619 1189 2576 6394 8026 8534 4995 4935 2056 4572 7337 6481 6804 9464 9909 8358 6448
False
False
46
6280 303 5171 1849 4719 9777 5745 5675 3431 1158 9417 2278 3015 2391 173 7543 4431 148 5977 8608 1632 2176 641 5793 6688 2051 9827 742 1821 8619 1189 2576 6394 8026 8534 4995 4935 2056 4572 7337 6481 6804 9464 9909 8358 6448
6448
1487
6280 303 5171 1849 4719 9777 5745 5675 3431 1158 9417 2278 3015 2391 173 7543 4431 148 5977 8608 1632 2176 641 5793 6688 2051 9827 742 1821 8619 1189 2576 6394 8026 8534 4995 4935 2056 4572 7337 6481 6804 9464 9909 8358 6448 1487
False
148
6280 303 5171 1849 4719 9777 5745 5675 3431 1158 9417 2278 3015 2391 173 7543 4431 148 5977 8608 1632 2176 641 5793 6688 2051 9827 742 1821 8619 1189 2576 6394 8026 8534 4995 4935 2056 4572 7337 6481 6804 9464 9909 8358 6448
False
False
8358
47
4441
