True
Empty
Empty



False
Empty


Empty

Empty

True
3643
3643
3643
3643
False
False
3643
False
3643
False
3643
3643
3643
3643
5915
5915
3643 2898 2417 5730 5915
6
8633
2417
False
2417
False
False
False
4
False
2417
False
False
False
6319
False
3643 2898 2417 5730 6319
False
False
False
3826
2417
False
8637
2417
False
3643 2898 2417 5730 6319
False
False
False
False
False
False
1394
False
3643 2898 2417 5794
3643 2898 2417 5794 2286
2286
2286
5794
2898
3643 2898
3643 2898
2
1703
False
1703
3643 1703
6211
False
False
False
5
False
382
False
False
False
9556
9
False
3643 1703 4396 6627 7960 1349 4136 9556 49 6865
6865
False
False
13
49
13
False
3676
3643 1703 4396 6627 7960 1349 4136 9556 49 7009 3413 3676 2999
13
3643 1703 4396 6627 7960 1349 4136 9556 49 7009 3413 3676 2999
7745
3643 1703 4396 6627 7960 1349 4136 9556 49 7009 3413 3676 7745
7745
15
3047
False
False
False
49
False
False
49
3643 1703 4396 6627 7960 1349 4136 9556 49 7009 3413 3676 7745
False
11
49
11
3643 1703 4396 6627 7960 1349 4136 9556 49 7009 3413
3413
3643 1703 4396 6627 7960 1349 4136 9556 49 7009 3413 3004
3643 1703 4396 6627 7960 1349 4136 9556 49 7009 3413 3004
False
13
13
False
49
417
3004
3643 1703 4396 6627 7960 1349 4136 9556 49 7009 3413 3004 7650
3643 1703 4396 6627 7960 1349 4136 9556 49 7009 3413 3004 7650
49
3004
False
False
12
3004
False
False
False
3643 1703 4396 6627 7960 1349 4136 9556 49 7009 3413
3643 1703 4396 6627 7960 1349 4136 9556 49 7009 3413
3643 1703 4396 6627 7960 1349 4136 9556 49 7009 3413 8971 3816
3643 1703 4396 6627 7960 1349 4136 9556 49 7009 3413 3875
13
False
13
14
False
4096
20
False
False
20
False
49
49
20
2092
19
False
49
3643 1703 4396 6627 7960 1349 4136 9556 49 7009 3413 3875 848 5166 9316 5347 2908 9525
7489
3643 1703 4396 6627 7960 1349 4136 9556 49 7009 3413 3875 848 5166 9316 5347 2908 786
False
20
49
False
3643 1703 4396 6627 7960 1349 4136 9556 49 7009 3413 3875 848 5166 9316 5347 2908 786 9511 6182
20
False
49
False
False
False
3643 1703 4396 6627 7960 1349 4136 9556 49 7009 3413 3875 848 5166 9316 5347 2908 786 9511 6182 9495 4819 8615 426 5642
5642
3643 1703 4396 6627 7960 1349 4136 9556 49 7009 3413 3875 848 5166 9316 5347 2908 786 9511 6182 9495 4819 8615 426
False
3643 1703 4396 6627 7960 1349 4136 9556 49 7009 3413 3875 848 5166 9316 5347 2908 786 9511 6182 9495 4819 8615
49
3643 1703 4396 6627 7960 1349 4136 9556 49 7009 3413 3875 848 5166 9316 5347 2908 786 9511 6182 8497
False
3643 1703 4396 6627 7960 1349 4136 9556 49 7009 3413 3875 848 5166 9316 5347 2908 786 9511 6182 3364
False
3643 1703 4396 6627 7960 1349 4136 9556 49 7009 3413 3875 848 5166 9316 5347 2908 786 9511 6182 3364 9028 2517
2517
3643 1703 4396 6627 7960 1349 4136 9556 49 7009 3413 3875 848 5166 9316 5347 2908 786 9511 6182 3364 9028
9028
False
3643 1703 4396 6627 7960 1349 4136 9556 49 7009 3413 3875 848 5166 9316 5347 2908 786 9511 6182
6182
False
22
49
False
False
6182
3643 1703 4396 6627 7960 1349 4136 9556 49 7009 3413 3875 848 5166 9316 5347 2908 786 9511 6182 2347
49
20
20
3643 1703 4396 6627 7960 1349 4136 9556 49 7009 3413 3875 848 5166 9316 5347 2908 786 9511 8003
False
3643 1703 4396 6627 7960 1349 4136 9556 49 7009 3413 3875 848 5166 9316 5347 2908 786 9511 8003
False
False
False
49
3643 1703 4396 6627 7960 1349 4136 9556 49 7009 3413 3875 848 5166 9316 5347 2908 786 9511 8842
False
8842
False
49
20
False
False
2382
2382
21
False
False
20
False
8842
False
19
49
False
False
2908
4234
5474
False
20
20
5474
5474
5474
False
5474
20
False
18
3643 1703 4396 6627 7960 1349 4136 9556 49 7009 3413 3875 848 5166 9316 5347 2908 4234
3643 1703 4396 6627 7960 1349 4136 9556 49 7009 3413 3875 848 5166 9316 5347 2908 4234
4234
False
False
17
49
False
False
49
18
18
7052
7052
False
False
7052
49
3643 1703 4396 6627 7960 1349 4136 9556 49 7009 3413 3875 848 5166 9316 5347 2001 7052
8417
3643 1703 4396 6627 7960 1349 4136 9556 49 7009 3413 3875 848 5166 9316 5347 2001 7052 8417
49
2001
2001
2001
False
18
49
4035
49
49
3643 1703 4396 6627 7960 1349 4136 9556 49 7009 3413 3875 848 5166 9316 5347 2001 2489
49
False
2489
49
False
2059
False
7927
453
453
False
False
False
3643 1703 4396 6627 7960 1349 4136 9556 49 7009 3413 3875 848 5166 9316 5347 2001 2489 2059 7927 364
7927
18
18
9443
3643 1703 4396 6627 7960 1349 4136 9556 49 7009 3413 3875 848 5166 9316 5347 2001 3724 9443
3643 1703 4396 6627 7960 1349 4136 9556 49 7009 3413 3875 848 5166 9316 5347 2001 3724 9443
False
False
22
1553
False
1082
False
49
3643 1703 4396 6627 7960 1349 4136 9556 49 7009 3413 3875 848 5166 9316 5347 2001 3724 9443 9539 7594 1082 182 1551
24
3643 1703 4396 6627 7960 1349 4136 9556 49 7009 3413 3875 848 5166 9316 5347 2001 3724 9443 9539 7594 1082 182 1551
24
False
False
49
False
3831
25
False
3771
False
3643 1703 4396 6627 7960 1349 4136 9556 49 7009 3413 3875 848 5166 9316 5347 2001 3724 9443 9539 7594 1082 182 1551 6285 7480 7128
False
False
2524
False
30
49
False
3643 1703 4396 6627 7960 1349 4136 9556 49 7009 3413 3875 848 5166 9316 5347 2001 3724 9443 9539 7594 1082 182 1551 6285 7480 7128 9496
False
27
49
49
49
8256
49
3643 1703 4396 6627 7960 1349 4136 9556 49 7009 3413 3875 848 5166 9316 5347 2001 3724 9443 9539 7594 1082 182 1551 6285 7480 8256 3249
3643 1703 4396 6627 7960 1349 4136 9556 49 7009 3413 3875 848 5166 9316 5347 2001 3724 9443 9539 7594 1082 182 1551 6285 7480 8256 3249
49
3249
False
29
3643 1703 4396 6627 7960 1349 4136 9556 49 7009 3413 3875 848 5166 9316 5347 2001 3724 9443 9539 7594 1082 182 1551 6285 7480 8256 3249 3182
False
29
3182
3182
30
49
False
2034
49
49
31
False
3643 1703 4396 6627 7960 1349 4136 9556 49 7009 3413 3875 848 5166 9316 5347 2001 3724 9443 9539 7594 1082 182 1551 6285 7480 8256 3249 3182 5403
False
False
False
29
28
False
49
32
49
False
False
3643 1703 4396 6627 7960 1349 4136 9556 49 7009 3413 3875 848 5166 9316 5347 2001 3724 9443 9539 7594 1082 182 1551 6285 7480 8256 3249 5896 3456 4669 770 7858 8923 3169 5557
49
False
False
35
3643 1703 4396 6627 7960 1349 4136 9556 49 7009 3413 3875 848 5166 9316 5347 2001 3724 9443 9539 7594 1082 182 1551 6285 7480 8256 3249 5896 3456 4669 770 7858 8923 1738
35
False
37
49
8923
False
7715
35
35
49
False
49
39
3643 1703 4396 6627 7960 1349 4136 9556 49 7009 3413 3875 848 5166 9316 5347 2001 3724 9443 9539 7594 1082 182 1551 6285 7480 8256 3249 5896 3456 4669 770 7858 8923 7715 756 3886 3691
False
3691
49
False
49
37
49
False
49
False
3886
756
False
7715
3643 1703 4396 6627 7960 1349 4136 9556 49 7009 3413 3875 848 5166 9316 5347 2001 3724 9443 9539 7594 1082 182 1551 6285 7480 8256 3249 5896 3456 4669 770 7858 8923 7715 5260
5260
3643 1703 4396 6627 7960 1349 4136 9556 49 7009 3413 3875 848 5166 9316 5347 2001 3724 9443 9539 7594 1082 182 1551 6285 7480 8256 3249 5896 3456 4669 770 7858 8923 7715 5260
49
35
3643 1703 4396 6627 7960 1349 4136 9556 49 7009 3413 3875 848 5166 9316 5347 2001 3724 9443 9539 7594 1082 182 1551 6285 7480 8256 3249 5896 3456 4669 770 7858 8923 1936
False
37
False
3643 1703 4396 6627 7960 1349 4136 9556 49 7009 3413 3875 848 5166 9316 5347 2001 3724 9443 9539 7594 1082 182 1551 6285 7480 8256 3249 5896 3456 4669 770 7858 8923 1936 6148 7828
False
9526
49
36
36
49
2154
False
3643 1703 4396 6627 7960 1349 4136 9556 49 7009 3413 3875 848 5166 9316 5347 2001 3724 9443 9539 7594 1082 182 1551 6285 7480 8256 3249 5896 3456 4669 770 7858 8923 1936 2154 8699 4463 487 9675
False
3643 1703 4396 6627 7960 1349 4136 9556 49 7009 3413 3875 848 5166 9316 5347 2001 3724 9443 9539 7594 1082 182 1551 6285 7480 8256 3249 5896 3456 4669 770 7858 8923 1936 2154 8699 4463 487 9675
False
40
False
49
9675
False
49
1908
3643 1703 4396 6627 7960 1349 4136 9556 49 7009 3413 3875 848 5166 9316 5347 2001 3724 9443 9539 7594 1082 182 1551 6285 7480 8256 3249 5896 3456 4669 770 7858 8923 1936 2154 8699 4463 8981 4548 8019 8725
3643 1703 4396 6627 7960 1349 4136 9556 49 7009 3413 3875 848 5166 9316 5347 2001 3724 9443 9539 7594 1082 182 1551 6285 7480 8256 3249 5896 3456 4669 770 7858 8923 1936 2154 8699 4463 8981 4548 8019 8725
49
8725
42
3643 1703 4396 6627 7960 1349 4136 9556 49 7009 3413 3875 848 5166 9316 5347 2001 3724 9443 9539 7594 1082 182 1551 6285 7480 8256 3249 5896 3456 4669 770 7858 8923 1936 2154 8699 4463 8981 4548 8019 8725
40
3643 1703 4396 6627 7960 1349 4136 9556 49 7009 3413 3875 848 5166 9316 5347 2001 3724 9443 9539 7594 1082 182 1551 6285 7480 8256 3249 5896 3456 4669 770 7858 8923 1936 2154 8699 4463 8981 4548
49
49
39
49
False
8981
3643 1703 4396 6627 7960 1349 4136 9556 49 7009 3413 3875 848 5166 9316 5347 2001 3724 9443 9539 7594 1082 182 1551 6285 7480 8256 3249 5896 3456 4669 770 7858 8923 1936 2154 8699 4463 8981 2719
49
39
38
4463
38
3643 1703 4396 6627 7960 1349 4136 9556 49 7009 3413 3875 848 5166 9316 5347 2001 3724 9443 9539 7594 1082 182 1551 6285 7480 8256 3249 5896 3456 4669 770 7858 8923 1936 2154 8699 4463
False
49
33
34
False
49
33
3643 1703 4396 6627 7960 1349 4136 9556 49 7009 3413 3875 848 5166 9316 5347 2001 3724 9443 9539 7594 1082 182 1551 6285 7480 8256 3249 5896 3456 4669 770 7858
3643 1703 4396 6627 7960 1349 4136 9556 49 7009 3413 3875 848 5166 9316 5347 2001 3724 9443 9539 7594 1082 182 1551 6285 7480 8256 3249 5896 3456 4669 770
False
4669
False
3643 1703 4396 6627 7960 1349 4136 9556 49 7009 3413 3875 848 5166 9316 5347 2001 3724 9443 9539 7594 1082 182 1551 6285 7480 8256 3249 5896 3456 4669 3483
False
49
3643 1703 4396 6627 7960 1349 4136 9556 49 7009 3413 3875 848 5166 9316 5347 2001 3724 9443 9539 7594 1082 182 1551 6285 7480 8256 3249 5896 3456 4669 3483 3760
3643 1703 4396 6627 7960 1349 4136 9556 49 7009 3413 3875 848 5166 9316 5347 2001 3724 9443 9539 7594 1082 182 1551 6285 7480 8256 3249 5896 3456 4669 3483 3760
False
3643 1703 4396 6627 7960 1349 4136 9556 49 7009 3413 3875 848 5166 9316 5347 2001 3724 9443 9539 7594 1082 182 1551 6285 7480 8256 3249 5896 3456 4669 3483 3760
False
49
3643 1703 4396 6627 7960 1349 4136 9556 49 7009 3413 3875 848 5166 9316 5347 2001 3724 9443 9539 7594 1082 182 1551 6285 7480 8256 3249 5896 3456 4669 3483 3760
False
False
False
33
3643 1703 4396 6627 7960 1349 4136 9556 49 7009 3413 3875 848 5166 9316 5347 2001 3724 9443 9539 7594 1082 182 1551 6285 7480 8256 3249 5896 3456 4669 3483 2531
False
49
3643 1703 4396 6627 7960 1349 4136 9556 49 7009 3413 3875 848 5166 9316 5347 2001 3724 9443 9539 7594 1082 182 1551 6285 7480 8256 3249 5896 3456 4669 3483
32
32
49
33
49
49
3643 1703 4396 6627 7960 1349 4136 9556 49 7009 3413 3875 848 5166 9316 5347 2001 3724 9443 9539 7594 1082 182 1551 6285 7480 8256 3249 5896 3456 4669 3483 6133 5323
False
3643 1703 4396 6627 7960 1349 4136 9556 49 7009 3413 3875 848 5166 9316 5347 2001 3724 9443 9539 7594 1082 182 1551 6285 7480 8256 3249 5896 3456 4669 3483 5037
False
False
49
False
False
4669
31
31
31
6019
49
3643 1703 4396 6627 7960 1349 4136 9556 49 7009 3413 3875 848 5166 9316 5347 2001 3724 9443 9539 7594 1082 182 1551 6285 7480 8256 3249 6019 6150
6150
False
False
False
29
False
49
49
False
3643 1703 4396 6627 7960 1349 4136 9556 49 7009 3413 3875 848 5166 9316 5347 2001 3724 9443 9539 7594 1082 182 1551 6285 7480 8256 3249
28
49
27
False
3643 1703 4396 6627 7960 1349 4136 9556 49 7009 3413 3875 848 5166 9316 5347 2001 3724 9443 9539 7594 1082 182 1551 6285 7480
6285
False
False
False
1551
49
False
49
5366
49
False
False
False
1082
3643 1703 4396 6627 7960 1349 4136 9556 49 7009 3413 3875 848 5166 9316 5347 2001 3724 9443 9539 7594 1082
1082
49
3643 1703 4396 6627 7960 1349 4136 9556 49 7009 3413 3875 848 5166 9316 5347 2001 3724 9443 9539 7594
3643 1703 4396 6627 7960 1349 4136 9556 49 7009 3413 3875 848 5166 9316 5347 2001 3724 9443 9539 7594
49
False
7005
49
2017
False
25
2017
24
49
2353
2353
294
False
49
49
22
False
20
49
False
49
4893
False
False
49
False
49
16
3643 1703 4396 6627 7960 1349 4136 9556 49 7009 3413 3875 848 5166 9316
False
9316
9316
5166
False
49
3643 1703 4396 6627 7960 1349 4136 9556 49 7009 3413 3875 848
848
3643 1703 4396 6627 7960 1349 4136 9556 49 7009 3413 3875
5395
12
12
False
False
3643 1703 4396 6627 7960 1349 4136 9556 49 7009 3413 3875 9001
3643 1703 4396 6627 7960 1349 4136 9556 49 7009 3413 3875 9001
7188
13
5980
49
12
49
12
49
49
3643 1703 4396 6627 7960 1349 4136 9556 49 7009 3413 8439
3643 1703 4396 6627 7960 1349 4136 9556 49 7009 3413 8439
11
3643 1703 4396 6627 7960 1349 4136 9556 49 7009 3413
11
False
False
3643 1703 4396 6627 7960 1349 4136 9556 49
False
49
3643 1703 4396 6627 7960 1349 4136 9556 49
False
49
49
9
False
9
3643 1703 4396 6627 7960 1349 4136 9556
False
3643 1703 4396 6627 7960 1349 4136
False
5
False
False
2538
7
7
False
3643 1703 4396 6627 7960 1614
False
1614
False
False
False
1614
10
3978
3643 1703 4396 6627 7960 1614 8568 7466 9192 8436 3505 3978 7881
False
False
1614
False
8436
1614
3643 1703 4396 6627 7960 1614 8568 7466 9192 8436
False
False
11
False
4312
4148
9887
9887
1614
1614
3643 1703 4396 6627 7960 1614 8568 7466 9192 8436 3870 7804 4312 6846 4148 9887 3902 5774
1863
19
19
1614
False
7821
1614
1614
1614
4239
False
1325
22
1614
False
False
False
8618
21
8618
False
False
3643 1703 4396 6627 7960 1614 8568 7466 9192 8436 3870 7804 4312 6846 4148 9887 3902 5774 1863 4909 1642
False
False
21
1614
3643 1703 4396 6627 7960 1614 8568 7466 9192 8436 3870 7804 4312 6846 4148 9887 3902 5774 1863 4909 1642
3643 1703 4396 6627 7960 1614 8568 7466 9192 8436 3870 7804 4312 6846 4148 9887 3902 5774 1863 4909 1642
21
False
5774
3643 1703 4396 6627 7960 1614 8568 7466 9192 8436 3870 7804 4312 6846 4148 9887 3902 5774
False
5774
5774
False
5774
False
17
False
3643 1703 4396 6627 7960 1614 8568 7466 9192 8436 3870 7804 4312 6846 4148 9887 3902
3902
3902
False
15
3643 1703 4396 6627 7960 1614 8568 7466 9192 8436 3870 7804 4312 6846 4148
1614
False
15
1614
False
14
False
1614
14
6846
1614
14
3643 1703 4396 6627 7960 1614 8568 7466 9192 8436 3870 7804 4312
1614
1614
5813
1614
False
3643 1703 4396 6627 7960 1614 8568 7466 9192 8436 3870 7804 4312
13
14
6823
1614
1614
7287
3643 1703 4396 6627 7960 1614 8568 7466 9192 8436 3870 7804 4312 7287 3993
4312
False
3643 1703 4396 6627 7960 1614 8568 7466 9192 8436 3870 7804 4312
4312
False
3643 1703 4396 6627 7960 1614 8568 7466 9192 8436 3870 7804 4312 9807
1614
1614
1614
False
1614
False
False
3643 1703 4396 6627 7960 1614 8568 7466 9192 8436 3870 7804 4312 9807 3382 8941
1614
8941
False
False
1614
16
9412
False
False
False
3382
False
5823
13
13
7804
3643 1703 4396 6627 7960 1614 8568 7466 9192 8436 3870 7804
7804
1614
1614
3643 1703 4396 6627 7960 1614 8568 7466 9192 8436 3870 7804
1614
3870
False
False
12
3643 1703 4396 6627 7960 1614 8568 7466 9192 8436 3870 4406
1614
1614
9
9
False
False
8
3643 1703 4396 6627 7960 1614 8568 1238
8568
3643 1703 4396 6627 7960 1614 8568
7
False
False
False
8
1614
False
False
False
False
3643 1703 4396 6627 7960 1614 8568 7722 9213
False
1614
1614
1614
1614
3643 1703 4396 6627 7960 1614 2253 7029
7029
7
False
1614
False
False
False
7
442
1151
False
3643 1703 4396 6627 442 817
False
False
442
3643 1703 4396 6627 442 6680 5991
False
3643 1703 4396 6627 442 6680 5991
442
3643 1703 4396 6627 442 6680
7
3643 1703 4396 6627 442 6680
442
6
3643 1703 4396 6627 442 6680 1113
1113
7
7
False
442
False
False
3643 1703 4396 6627 442 7207
False
3591
False
3643 1703 4396 6627 442 7207 6680 3591 8436
9
6671
8
442
3643 1703 4396 6627 442 7207 6680
False
3643 1703 4396 6627 442 7207 6680
6680
False
7
5
5
442
1703
1703
1703
False
False
False
3643 1703 4396 6627 1939
1703
3643 1703 4396 6627
4396
False
False
False
4494
1703
4494
False
False
False
False
2
False
False
1703
Empty
Empty
False
Empty
4337
4337
4337
7695
False
3040
4
False
False
7695 7562 3040 2255 5103 5765 620
False
5765
False
False
7695 7562 3040 2255 5103 5765
False
2255
7695 7562 3040 2255 5103 5287
6
2255
False
2255
False
2255
2255
False
2522
False
False
6
7695 7562 3040 2255 7484 5604 8179
8179
False
2255
9
False
7455
8
9
7695 7562 3040 2255 7484 5604 8179 1589 481
False
11
False
False
481
7695 7562 3040 2255 7484 5604 8179 1589 481 2380 9940
False
11
7695 7562 3040 2255 7484 5604 8179 1589 481 2380 9940
481
10
481
7695 7562 3040 2255 7484 5604 8179 1589
False
False
1589
8201
10
7695 7562 3040 2255 7484 5604 8179 1589 1717 8201
1589
False
8660
12
12
845
False
False
845
False
7695 7562 3040 2255 7484 5604 8179 1589 1717 8108
False
8108
8108
8108
False
7695 7562 3040 2255 7484 5604 8179 1589 1717
False
1717
1589
1589
7695 7562 3040 2255 7484 5604 8179 1589
7695 7562 3040 2255 7484 5604 8179 1589
False
7
False
2255
2255
False
8179
2255
2255
2255
2255
7695 7562 3040 2255 7484 5604 8179
2255
False
8179
8
2032
False
2032
False
9
False
False
False
9
5333
9
2032
9
7695 7562 3040 2255 7484 5604 8179 2032 5333
7695 7562 3040 2255 7484 5604 8179 2032 5333
False
False
7695 7562 3040 2255 7484 5604 8179
7695 7562 3040 2255 7484 5604 8179
7
False
False
7695 7562 3040 2255 6099
2255
7695 7562 3040 2255
7695 7562 3040 6637
6637
4
7562
4
6500
5
False
7139
False
5880
2469
5880
7695 7562 2469 6500 7139 5880 6833
7
7695 7562 2469 6500 7139 5880
6
False
7695 7562 2469
7695 7562 2469
2469
8429
False
False
7695 7562 2469 8429 378 9368
6
9368
378
7695 7562 2469 8429
8429
False
False
7562
1
False
False
Empty
Empty
Empty
1
4226 9569
9569
False
4226
2
False
False
False
5
8838
5
6
False
1118
4992
4226 9569 7124 7788 8838 8447 1118 4992
False
4226 9569 7124 7788 8838 8447 1118 4992 7400
4226 9569 7124 7788 8838 8447 1118 4992 7400 9384
4226 9569 7124 7788 8838 8447 1118 4992 7400 9384
9384
10
9384
4226 9569 7124 7788 8838 8447 1118 4992 7400 9384 7302 7860
12
4226 9569 7124 7788 8838 8447 1118 4992 7400 9384 7302 7860
False
1118
13
8750
False
13
False
4226 9569 7124 7788 8838 8447 1118 4992 7400 9384 7302 7860 8750
13
7302
7302
4226 9569 7124 7788 8838 8447 1118 4992 7400 9384 7302
False
False
4226 9569 7124 7788 8838 8447 1118 4992 7400 9384 1308
1118
False
4226 9569 7124 7788 8838 8447 1118 4992 7400 9384 1308 1043
1043
12
1043
False
False
False
4226 9569 7124 7788 8838 8447 1118 4992 7400 9384
4226 9569 7124 7788 8838 8447 1118 4992 7400 9384
9384
4226 9569 7124 7788 8838 8447 1118 4992 7400 9384 6807
6807
11
11
6807
11
4226 9569 7124 7788 8838 8447 1118 4992 7400 9384 6807
9384
9384
9760
False
11
12
4226 9569 7124 7788 8838 8447 1118 4992 7400 9384 9760 7054
12
False
11
11
1118
11
1118
4226 9569 7124 7788 8838 8447 1118 4992 7400 9384 9760
False
False
1118
4226 9569 7124 7788 8838 8447 1118 4992 7400 9384 9760 9719
4226 9569 7124 7788 8838 8447 1118 4992 7400 9384 9760
4226 9569 7124 7788 8838 8447 1118 4992 7400
7400
False
9
9
False
False
False
4992
1118
4226 9569 7124 7788 8838 8447 1118 4992
4226 9569 7124 7788 8838 8447 1118 4992
4992
False
False
4226 9569 7124 7788 8838 8447
1380
4226 9569 7124 7788 8838 8447 1493 7878 5089 1380
4226 9569 7124 7788 8838 8447 1493 7878 5089 1380
1380
False
4226 9569 7124 7788 8838 8447 1493 7878 5089 1380
1380
False
False
1380
2001
7
False
False
8447
False
4226
4226
False
5
8838
5
False
9569
3
4226 9569 4910
False
False
False
2
False
False
4226 9569 4830 8747
False
4226
False
4226
False
1157
5
4226 9569 4830 7715 1157
False
False
False
False
7715
4
False
3
4226
3
3
3
4226
4226
False
4226
4226
False
1
True

Empty
True
Empty
0
Empty
0
Empty
False

False

Empty
Empty
True

Empty
True
Empty

False
Empty
0
Empty
False
True
8485
8485 5663
148
8485 5663 148
False
False
4
3

0

0
0
False
Empty
False
5614 534
534
5614 534
False
5614
False
2628

False
Empty
3662
3662
3662
False
False
False
3662
3662
False
Empty
Empty
False
2
1867
3061 1867
1867
False
3061 1867 1265 4853
False
3061 1867 1265 4853
9073
3061 1867 1265 4853 1498
False
False
3061 1867 1265 4853 8509
5
1265
False
5
3061 1867 1265 4853 8509
8509
1265
False
5
False
3061 1867 1265 1870 4979
1265
5
False
4
1870
4
1265
4
4
False
False
660
660
5
False
False
False
6
False
False
9674
660
7
3344
3061 1867 1265 1870 660 9674 3344 5273 6047
3061 1867 1265 1870 660 9674 3344 5273 6047
False
568
568
568
7214
568
3061 1867 1265 1870 660 9674 2730 568 7214
9
660
660
False
False
2730
3061 1867 1265 1870 660 9674 2730
False
3061 1867 1265 1870 660 9674
False
3061 1867 1265 1870 660
False
1265
False
False
1265
False
1795
False
False
7431
3061 1867 1265 1870 3412 9925 9048 9147 7654 1795 7431
6612
False
False
False
6612
6612
1265
False
1265
1265
1137
False
False
False
False
4980
15
1880
False
3061 1867 1265 1870 3412 9925 9048 9147 7654 1795 6612 4101 1410 1137 4980 1880 5126
3061 1867 1265 1870 3412 9925 9048 9147 7654 1795 6612 4101 1410 1137 4980 1880
1137
1880
3061 1867 1265 1870 3412 9925 9048 9147 7654 1795 6612 4101 1410 1137 4980 1880
False
433
False
433
17
False
False
3061 1867 1265 1870 3412 9925 9048 9147 7654 1795 6612 4101 1410 1137 4980 1880
1880
16
1137
15
1137
15
False
1137
False
1137
False
3061 1867 1265 1870 3412 9925 9048 9147 7654 1795 6612 4101 1410 1137 8296 9423
False
False
9244
2487
21
6230
1137
False
9919
False
4896
4896
1137
False
False
False
False
6740
6740
3061 1867 1265 1870 3412 9925 9048 9147 7654 1795 6612 4101 1410 1137 8296 9423 6740
17
6740
16
False
3061 1867 1265 1870 3412 9925 9048 9147 7654 1795 6612 4101 1410 1137 8296
1137
False
14
1265
False
7060
1265
False
17
3643
1265
1265
3061 1867 1265 1870 3412 9925 9048 9147 7654 1795 6612 4101 1410 2012 7060 4822
3061 1867 1265 1870 3412 9925 9048 9147 7654 1795 6612 4101 1410 2012 7060 4822
False
3061 1867 1265 1870 3412 9925 9048 9147 7654 1795 6612 4101 1410 2012 7060 4822
False
1265
3061 1867 1265 1870 3412 9925 9048 9147 7654 1795 6612 4101 1410 2012 7060 4822 8085
False
False
15
272
False
272
False
False
4101
6612
3061 1867 1265 1870 3412 9925 9048 9147 7654 1795
3061 1867 1265 1870 3412 9925 9048 9147 7654 1795
11
3061 1867 1265 1870 3412 9925 9048 9147 7654 1795 2054
11
1265
1265
False
8645
8
False
3061 1867 1265 1870 3412 9925 9048 9147
1265
3061 1867 1265 1870 3412 9925 9048
7
False
9048
9
9
3061 1867 1265 1870 3412 9925 9048 1633 9204
9
7
False
False
7010
False
9
4161
10
11
11
3061 1867 1265 1870 3412 9925 9048 7010 4161 8549 7101
False
False
10
False
False
1265
False
3412
3061 1867 1265 1870 3412
False
False
3061 1867 1265 1870
1265
1870
840
840
False
False
False
840
8867
False
6
6
6
840
3061 1867 1265 1870 840
False
1265
6
False
3061 1867 1265 1870 1836 2794
3061 1867 1265 1870 1836 2794
False
3061 1867 1265 1870 1836 2794
6
6
False
3061 1867 1265 1870 1836 2794 3881
3881
3061 1867 1265 1870 1836 2794 3881 7343 4259
9
3061 1867 1265 1870 1836 2794 3881 7343 4259
False
1265
3061 1867 1265 1870 1836 2794
3061 1867 1265 1870 1836
False
3061 1867 1265 1870 1836
6879
False
False
7167
1265
1265
3061 1867 1265 1870 7167
7
2645
2645
3061 1867 1265 1870 7167 421 2645 4053
8
3061 1867 1265 1870 7167 421 2645 4053
9
False
421
False
3061 1867 1265 1870 7167 421 2645 4053 2249 7566
False
7566
10
False
421
11
False
12
False
False
False
False
421
3751
7137
7137
False
False
False
False
7137
False
421
3061 1867 1265 1870 7167 421 2645 4053 2249 4914 4272 5751 3648 8316
False
3061 1867 1265 1870 7167 421 2645 4053 2249 4914 4272 5751 3648 8316
13
3061 1867 1265 1870 7167 421 2645 4053 2249 4914 4272 5751 3648
421
3061 1867 1265 1870 7167 421 2645 4053 2249 4914 4272 5751
11
3061 1867 1265 1870 7167 421 2645 4053 2249 4914 4272
421
9
False
10
12
3061 1867 1265 1870 7167 421 2645 4053 2249 1915 5550 7038
421
421
13
False
421
False
False
3061 1867 1265 1870 7167 421 2645 4053 2249 1915 5550 7038 585
585
False
13
13
False
False
9808
False
False
False
3061 1867 1265 1870 7167 421 2645 4053 2249 1915 5550 7038 585 3214
False
421
3061 1867 1265 1870 7167 421 2645 4053 2249 1915 5550 7038 585 3214 3187 9588 8131
18
421
421
3187
False
1247
1247
421
421
421
421
False
421
False
False
3061 1867 1265 1870 7167 421 2645 4053 2249 1915 5550 7038
3061 1867 1265 1870 7167 421 2645 4053 2249 1915 5550 7038
False
7038
421
7038
421
False
454
False
12
12
7038
3061 1867 1265 1870 7167 421 2645 4053 2249 1915 5550 629 2542
False
629
12
11
3061 1867 1265 1870 7167 421 2645 4053 2249 1915 5550 7297 1146
False
3061 1867 1265 1870 7167 421 2645 4053 2249 1915 5550 7297
False
3061 1867 1265 1870 7167 421 2645 4053 2249 1915 5550 7297
False
3061 1867 1265 1870 7167 421 2645 4053 2249 1915 5550 7297
False
12
False
401
False
False
421
3061 1867 1265 1870 7167 421 2645 4053 2249 1915 5550 758 1163
11
3061 1867 1265 1870 7167 421 2645 4053 2249 1915 5550 8046 2166
2166
421
13
2166
13
3061 1867 1265 1870 7167 421 2645 4053 2249 1915 5550 8046
False
13
8046
5250
3061 1867 1265 1870 7167 421 2645 4053 2249 1915 5550 8046 5250
False
13
3061 1867 1265 1870 7167 421 2645 4053 2249 1915 5550 8046 5250
False
13
False
3061 1867 1265 1870 7167 421 2645 4053 2249 1915 5550 8046
421
False
1135
False
421
3061 1867 1265 1870 7167 421 2645 4053 2249 1915 5550 8046 1135
3061 1867 1265 1870 7167 421 2645 4053 2249 1915 5550 8046 1135
1135
3061 1867 1265 1870 7167 421 2645 4053 2249 1915 5550 8046 1135
1135
3061 1867 1265 1870 7167 421 2645 4053 2249 1915 5550 8046 1135
False
39
39
39
4227
39
4227
84
16
7306
3061 1867 1265 1870 7167 421 2645 4053 2249 1915 5550 8046 1135 39
11
False
12
421
False
3061 1867 1265 1870 7167 421 2645 4053 2249 1915
1915
False
False
421
3061 1867 1265 1870 7167 421 2645 4053 8145
8145
9
3061 1867 1265 1870 7167 421 2645 4053 8145
1365
1365
10
421
False
False
12
4900
3061 1867 1265 1870 7167 421 2645 4053 8145 1365 4149 4900
12
4900
421
False
1365
11
11
11
3061 1867 1265 1870 7167 421 2645 4053 8145 1365 2197
False
3061 1867 1265 1870 7167 421 2645 4053 8145 1365 2197 7919
12
421
12
672
False
421
421
False
421
421
13
13
11
False
3061 1867 1265 1870 7167 421 2645 4053 8145 1365 2197 3367 5749 9327
14
False
421
3061 1867 1265 1870 7167 421 2645 4053 8145 1365 2197 3367 5749 9327 3485
3485
3061 1867 1265 1870 7167 421 2645 4053 8145 1365 2197 3367 5749 9327 3485
False
3061 1867 1265 1870 7167 421 2645 4053 8145 1365 2197 3367 5749 9327 3485 8159
False
421
421
1480
1480
1480
421
False
4402
3061 1867 1265 1870 7167 421 2645 4053 8145 1365 2197 3367 5749 9327 3485 8159 4402
4402
8159
False
3061 1867 1265 1870 7167 421 2645 4053 8145 1365 2197 3367 5749 9327 3485 8159
15
421
False
14
3061 1867 1265 1870 7167 421 2645 4053 8145 1365 2197 3367 5749 8791
421
False
15
15
4769
16
4769
False
421
3061 1867 1265 1870 7167 421 2645 4053 8145 1365 2197 3367 5749 8791 3680 4769
3061 1867 1265 1870 7167 421 2645 4053 8145 1365 2197 3367 5749 8791 3680
3061 1867 1265 1870 7167 421 2645 4053 8145 1365 2197 3367 5749 8791 3680
3061 1867 1265 1870 7167 421 2645 4053 8145 1365 2197 3367 5749 8791 3680
16
3061 1867 1265 1870 7167 421 2645 4053 8145 1365 2197 3367 5749 8791 3680 2496
3680
421
5749
False
16
421
17
184
421
9485
False
16
False
421
16
421
