


Empty
Empty
Empty
0
5867
False
5019
3
False
1323
1323
5019
False
False
1323
False
False
False
1799
False
False
436
436
False
False
436
436
5867 1323 436
False
False
False
False
False
False
1323
7207
5867 1323 2661 7030 9743
1323
False
False
False
4106
5867 1323 2661 7030 1674 4106
5
7030
5867 1323 2661 7030
7030
False
False
1323
5867 1323 2661 7030 6288
7
False
5008
False
766
5057
False
766
766
False
False
766
10
766
False
766
766
False
5867 1323 2661 7030 6288 766 6136
5867 1323 2661 7030 6288 766 6136
7
6136
5867 1323 2661 7030 6288 766 6136
False
766
False
766
766
6136
6288
6288
False
False
False
6288
5
1323
1323
6288
False
False
False
False
3
5867 1906 7277
False
1906
2
2
6476
False
1
1

0
Empty
False
False

1
1750
3
3
False
1750 4701
False
1750
1750
False
False
1

Empty
Empty
True
Empty
Empty
Empty
Empty
False
False
False
8606 7984
8606
False
763
3667
3667
Empty
Empty
Empty
Empty
False
True
125
True

False
False
1449
1449
1449 2233
3026
False
1449
False
2
False
2408
1449 2233 2408
1449
False
False
False
False
False
1449 2233 2408 4202
5
False
1449
False
5
1449
False
False
632
1449 2233 2408 4202 6627 67 632
632
False
632
67
7628
1449 2233 2408 4202 6627 67
1449 2233 2408 4202 6627
5
1449 2233 2408 4202 6627
False
5
1449
1449 2233
1449 2233
1449 2233
1449 2233
False
1449
False
1449
1
False
1449
4
7413
False
False
3
False
2775
8910 1901 6587 6417 7757
1901
False
1901
8910 1901 6587 6417 7757 3404
False
1901
False
6
1901
1901
1901
8910 1901 6587 6417 7757 3404 8445
False
1901
1901
False
False
8
8910 1901 6587 6417 4745 159
8910 1901 6587 6417 4745 159 4991
False
159
False
8910 1901 6587 6417 4745 159 4991
8910 1901 6587 6417 4745 159 4991
False
False
6
3887
6
8910 1901 6587 6417 4745 3887
False
False
False
8910 1901 6587
8910 1901
1901
1901
8910

Empty
0

Empty
Empty
Empty
0
False

Empty
Empty
True
True

True


True
0
1
False
False
5171
7002 5171
7002 5171
7002 5171
5171
False
False
5171
2
5171
False
7002 5171
False
False
3
4
7002 5171 3674 8124
False
6
3674
7002 5171 3674 8124 7424 8710 4394 5408
False
9
3674
3674
7
False
7619
3674
7002 5171 3674 8124 7424 8710 4394 7619
7002 5171 3674 8124 7424 8710 4394 7619
7
3674
7
7002 5171 3674 8124 7424 8710 1658
7002 5171 3674 8124 7424 8710 1658 4248
False
9
False
False
2031
1658
12
False
False
False
12
False
False
12
1658
2031
False
1658
13
False
7002 5171 3674 8124 7424 8710 1658 4248 6800 9250 6959 2031 6314
1658
7002 5171 3674 8124 7424 8710 1658 4248 6800 9250 6959 2031 6314 5462 7815
False
7002 5171 3674 8124 7424 8710 1658 4248 6800 9250 6959 2031 6314 5462 7815 3689
1658
15
7002 5171 3674 8124 7424 8710 1658 4248 6800 9250 6959 2031 6314 5462 25
7002 5171 3674 8124 7424 8710 1658 4248 6800 9250 6959 2031 6314 5462 25
25
25
16
25
25
25
15
25
7002 5171 3674 8124 7424 8710 1658 4248 6800 9250 6959 2031 6314 5462 25
25
25
3526
False
15
25
12
7002 5171 3674 8124 7424 8710 1658 4248 6800 9250 6959 2031 3533
1658
1658
3533
1658
1658
False
12
11
12
False
7236
7002 5171 3674 8124 7424 8710 1658 4248 6800 9250 6959 3234 7236
3467
False
3467
False
1658
False
7002 5171 3674 8124 7424 8710 1658 4248 6800 9250 6959 3234 7236 3467 2413 7160 8438 6543
18
1658
1658
17
False
False
7002 5171 3674 8124 7424 8710 1658 4248 6800 9250 6959 3234 7236 3467 2413 4307 1346
1346
False
False
16
7002 5171 3674 8124 7424 8710 1658 4248 6800 9250 6959 3234 7236 3467 2413 4307
False
4307
1658
False
False
False
False
7002 5171 3674 8124 7424 8710 1658 4248 6800 9250 6959 3234 7236 3467 2413
1658
False
False
7002 5171 3674 8124 7424 8710 1658 4248 6800 9250 6959 3234 7236 3467 2413 4936
7002 5171 3674 8124 7424 8710 1658 4248 6800 9250 6959 3234 7236 3467 2413 4936
15
1658
False
14
False
7002 5171 3674 8124 7424 8710 1658 4248 6800 9250 6959 3234 7236 3467
1658
False
7002 5171 3674 8124 7424 8710 1658 4248 6800 9250 6959 3234 7236 3467 2704 679 6182
6182
679
16
16
False
False
679
False
1445
19
1445
19
7002 5171 3674 8124 7424 8710 1658 4248 6800 9250 6959 3234 7236 3467 2704 679
679
17
17
False
6316
3467
1658
3467
1658
False
14
3467
7002 5171 3674 8124 7424 8710 1658 4248 6800 9250 6959 3234 7236 3467
7002 5171 3674 8124 7424 8710 1658 4248 6800 9250 6959 3234 7236 3467
3467
False
7002 5171 3674 8124 7424 8710 1658 4248 6800 9250 6959 3234 7236
7002 5171 3674 8124 7424 8710 1658 4248 6800 9250 6959 3234 7236
13
14
686
False
7236
False
1658
False
False
False
7506
14
False
False
7002 5171 3674 8124 7424 8710 1658 4248 6800 9250 6959
6959
7002 5171 3674 8124 7424 8710 1658 4248 6800 9250 6959
1658
False
1658
11
10
False
9250
False
1658
7002 5171 3674 8124 7424 8710 1658 4248 6800
33
10
10
518
False
518
12
12
7002 5171 3674 8124 7424 8710 1658 4248 6800 33 518 6255 3615
33
13
7002 5171 3674 8124 7424 8710 1658 4248 6800 33 518 6255 3615
33
False
False
False
7402
False
False
False
1658
1106
False
9
7002 5171 3674 8124 7424 8710 1658 4248
4248
False
7002 5171 3674 8124 7424 8710 1658 4248 8446
False
7002 5171 3674 8124 7424 8710 1658 4248 4564
1658
False
False
False
1658
False
False
8
7002 5171 3674 8124 7424 8710 1658 2679
False
8
False
False
False
False
False
False
9
1658
False
7002 5171 3674 8124 7424 8710 1658 2679
False
2974
False
False
False
12
1658
1658
1108
13
14
1108
14
False
False
1108
False
7002 5171 3674 8124 7424 8710 1658 2679 3487 5766 3984 6580 1108 8456
False
7002 5171 3674 8124 7424 8710 1658 2679 3487 5766 3984 6580 1108 8456 6326 6774
16
1108
8456
False
7002 5171 3674 8124 7424 8710 1658 2679 3487 5766 3984 6580 1108 8456 5962
1108
False
8456
7002 5171 3674 8124 7424 8710 1658 2679 3487 5766 3984 6580 1108 8456
False
False
False
False
16
False
False
16
16
7002 5171 3674 8124 7424 8710 1658 2679 3487 5766 3984 6580 1108 8456 1059 5728
7002 5171 3674 8124 7424 8710 1658 2679 3487 5766 3984 6580 1108 8456 1059
False
False
8911
15
6638
False
1108
17
7002 5171 3674 8124 7424 8710 1658 2679 3487 5766 3984 6580 1108 8456 6638 6704
16
6704
2082
15
4762
False
15
False
4762
4762
False
8456
15
2515
False
False
False
7002 5171 3674 8124 7424 8710 1658 2679 3487 5766 3984 6580 1108 8456 411 2515
411
False
411
7002 5171 3674 8124 7424 8710 1658 2679 3487 5766 3984 6580 1108 8456 411 7399
7399
16
16
16
411
5016
False
False
5016
5016
7002 5171 3674 8124 7424 8710 1658 2679 3487 5766 3984 6580 1108 8456 411 5016
False
411
7002 5171 3674 8124 7424 8710 1658 2679 3487 5766 3984 6580 1108 8456 411 5016 5723
False
False
17
17
413
False
18
False
7002 5171 3674 8124 7424 8710 1658 2679 3487 5766 3984 6580 1108 8456 411 5016 5723
7002 5171 3674 8124 7424 8710 1658 2679 3487 5766 3984 6580 1108 8456 411 5016 5723
8622
14
1108
1108
13
1108
False
7002 5171 3674 8124 7424 8710 1658 2679 3487 5766 3984 6580
7002 5171 3674 8124 7424 8710 1658 2679 3487 5766 3984 8097
3984
12
7002 5171 3674 8124 7424 8710 1658 2679 3487 5766 3984 1961
1658
7002 5171 3674 8124 7424 8710 1658 2679 3487 5766
1658
10
False
False
7002 5171 3674 8124 7424 8710 1658 2679
7002 5171 3674 8124 7424 8710 1658 2679
False
2679
8
7002 5171 3674 8124 7424 8710 1658 2679
False
7002 5171 3674 8124 7424 8710 1658 6571 4544
7002 5171 3674 8124 7424 8710 1658 6571 4544
False
1658
False
False
6479
1658
False
False
False
3674
7002 5171 3674
False
7002 5171 2761 2008
2008
2008
2008
False
False
False
False
False
False
False
4
False
3896
7002 5171 2761 2008 3896
3896
False
