0
Empty
0
1
5958
False
4
5958 9576 9908 6492
9908
5958

False
Empty
Empty
True
Empty


True
Empty
Empty
True
True
Empty
Empty
True
True
True

4353
False

0
Empty
Empty

True
Empty
False
Empty
0
1
8728
False
3
3349
False
False
3349 9490 8799 3878
3349
False
4
3349
3349
3349
4
False
8799
3349
False
1
3349
False
Empty
Empty
9918
8716
8716
9918 5713 8716 1009
False
1009
2313
5713
False
False
2435
2435
False
2435
2435
9918 5713 6167 2435
False
False
353
False
False
9918 5713 6167 2435 353
9918 5713 6167 2435 353
353
353
False
False
False
False
False
2435
4
5713
6167
3
False
False
False
4
False
False
False
9918 5713 6167
6167
5713
3830
False
False
False
5
9918 5713 3830 1668 2900
False
False
False
3
9918 5713
2
8974
False
8974
True
True
Empty
True
False
False
False
680
680
4041 680
680
4041
False
4041
False
False
True
Empty


False
8399
6559
6559
6559
False
False
9680 8399 6559 3181 242
False
5
9680 8399 6559 3181 242 2858 5468
False
False
False
False
242
5468
False
4745
9680 8399 6559 3181 242 4745
242
5
9680 8399 6559 3181 242 7468
7468
False
1073
2015
8
2015
242
7
False
6
242
9680 8399 6559 3181 242 7468
9680 8399 6559 3181 242
False
False
6410
6
False
5114
5114
9
False
242
False
242
242
8
False
False
8
9
9680 8399 6559 3181 242 6410 8428 7420 844
False
242
9
False
9680 8399 6559 3181 242 6410
242
9680 8399 6559 3181 242 6410 5858 4929 4640
9680 8399 6559 3181 242 6410 5858 4929 4640
9
9680 8399 6559 3181 242 6410 5858 4929 4640
9
False
9680 8399 6559 3181 242 6410 5858 4929 4640
False
False
False
10
False
9680 8399 6559 3181 242 6410 5858
5858
False
7
6
False
False
4025
False
242
4899
1514
1514
1514
242
9680 8399 6559 3181 242 6410 4025 4899 2382 9798 5710 1514
242
242
False
9680 8399 6559 3181 242 6410 4025 4899 2382 9798
242
10
242
9
False
False
False
9680 8399 6559 3181 242 6410 4025 4899 6221 9265 8977 340
False
242
False
False
242
9680 8399 6559 3181 242 6410 4025 4899 6221 9265 8977 340 9445 2409 9434 7734
False
False
16
9680 8399 6559 3181 242 6410 4025 4899 6221 9265 8977 340 9445 2409 9434
7822
242
17
242
16
9680 8399 6559 3181 242 6410 4025 4899 6221 9265 8977 340 9445 2409 9434 4010
2864
9680 8399 6559 3181 242 6410 4025 4899 6221 9265 8977 340 9445 2409 9434 4010 2864
242
242
9680 8399 6559 3181 242 6410 4025 4899 6221 9265 8977 340 9445 2409 9434 4010 2864
2864
False
242
False
False
17
242
17
242
9680 8399 6559 3181 242 6410 4025 4899 6221 9265 8977 340 9445 2409 9434 4010 2402
9680 8399 6559 3181 242 6410 4025 4899 6221 9265 8977 340 9445 2409 9434 4010 2067 1460
False
9680 8399 6559 3181 242 6410 4025 4899 6221 9265 8977 340 9445 2409 9434 4010 2067 1460
242
9680 8399 6559 3181 242 6410 4025 4899 6221 9265 8977 340 9445 2409 9434 4010 2067 6308 8490
False
9238
19
False
False
18
False
242
9757
False
20
242
7372
242
False
9680 8399 6559 3181 242 6410 4025 4899 6221 9265 8977 340 9445 2409 9434 4010 2067 6308 9082 560
560
20
9680 8399 6559 3181 242 6410 4025 4899 6221 9265 8977 340 9445 2409 9434 4010 2067 6308 9082 560
9680 8399 6559 3181 242 6410 4025 4899 6221 9265 8977 340 9445 2409 9434 4010 2067 6308 9082 560
False
False
21
False
9680 8399 6559 3181 242 6410 4025 4899 6221 9265 8977 340 9445 2409 9434 4010 2067 6308 9082 8035 4212
9680 8399 6559 3181 242 6410 4025 4899 6221 9265 8977 340 9445 2409 9434 4010 2067 6308 9082 8035 4212
9680 8399 6559 3181 242 6410 4025 4899 6221 9265 8977 340 9445 2409 9434 4010 2067 6308 9082 8035 4212
9680 8399 6559 3181 242 6410 4025 4899 6221 9265 8977 340 9445 2409 9434 4010 2067 6308 9082 8035 4212
False
4212
4212
242
21
False
242
9680 8399 6559 3181 242 6410 4025 4899 6221 9265 8977 340 9445 2409 9434 4010 2067 6308 9082 8035 2666
False
20
False
9680 8399 6559 3181 242 6410 4025 4899 6221 9265 8977 340 9445 2409 9434 4010 2067 6308 9082 8035 2290
22
False
242
242
False
242
False
False
False
23
242
242
False
False
23
9680 8399 6559 3181 242 6410 4025 4899 6221 9265 8977 340 9445 2409 9434 4010 2067 6308 9082 8035 2290 4155
9680 8399 6559 3181 242 6410 4025 4899 6221 9265 8977 340 9445 2409 9434 4010 2067 6308 9082 8035 2290 4155
False
False
9680 8399 6559 3181 242 6410 4025 4899 6221 9265 8977 340 9445 2409 9434 4010 2067 6308 9082 8035 2290 4155 9841
9841
9680 8399 6559 3181 242 6410 4025 4899 6221 9265 8977 340 9445 2409 9434 4010 2067 6308 9082 8035 2290 4155 9841 8871 8285
26
242
2350
242
24
24
24
24
242
242
8871
9680 8399 6559 3181 242 6410 4025 4899 6221 9265 8977 340 9445 2409 9434 4010 2067 6308 9082 8035 2290 4155 9841 8871
242
False
False
242
3305
9680 8399 6559 3181 242 6410 4025 4899 6221 9265 8977 340 9445 2409 9434 4010 2067 6308 9082 8035 2290 4155 9841 5850 3305
25
25
6463
False
5850
5850
False
242
9680 8399 6559 3181 242 6410 4025 4899 6221 9265 8977 340 9445 2409 9434 4010 2067 6308 9082 8035 2290 4155 9841 5850 636 7885 9091
9680 8399 6559 3181 242 6410 4025 4899 6221 9265 8977 340 9445 2409 9434 4010 2067 6308 9082 8035 2290 4155 9841 5850 636 7885
False
7885
7885
7885
242
False
242
9285
False
False
30
9680 8399 6559 3181 242 6410 4025 4899 6221 9265 8977 340 9445 2409 9434 4010 2067 6308 9082 8035 2290 4155 9841 5850 636 7885 1039 2992 9285 9524
9680 8399 6559 3181 242 6410 4025 4899 6221 9265 8977 340 9445 2409 9434 4010 2067 6308 9082 8035 2290 4155 9841 5850 636 7885 1039 2992 9285 9524
31
242
9680 8399 6559 3181 242 6410 4025 4899 6221 9265 8977 340 9445 2409 9434 4010 2067 6308 9082 8035 2290 4155 9841 5850 636 7885 1039 2992 9285 9524 5065
False
9680 8399 6559 3181 242 6410 4025 4899 6221 9265 8977 340 9445 2409 9434 4010 2067 6308 9082 8035 2290 4155 9841 5850 636 7885 1039 2992 9285 9524 5065
5065
9680 8399 6559 3181 242 6410 4025 4899 6221 9265 8977 340 9445 2409 9434 4010 2067 6308 9082 8035 2290 4155 9841 5850 636 7885 1039 2992 9285 9524 5065
242
31
False
9680 8399 6559 3181 242 6410 4025 4899 6221 9265 8977 340 9445 2409 9434 4010 2067 6308 9082 8035 2290 4155 9841 5850 636 7885 1039 2992 9285 9524 5065 6949
False
5065
False
9680 8399 6559 3181 242 6410 4025 4899 6221 9265 8977 340 9445 2409 9434 4010 2067 6308 9082 8035 2290 4155 9841 5850 636 7885 1039 2992 9285 9524 5065
False
9680 8399 6559 3181 242 6410 4025 4899 6221 9265 8977 340 9445 2409 9434 4010 2067 6308 9082 8035 2290 4155 9841 5850 636 7885 1039 2992 9285 9524 5065
False
False
242
9524
False
9680 8399 6559 3181 242 6410 4025 4899 6221 9265 8977 340 9445 2409 9434 4010 2067 6308 9082 8035 2290 4155 9841 5850 636 7885 1039 2992 9285 9524
False
False
9680 8399 6559 3181 242 6410 4025 4899 6221 9265 8977 340 9445 2409 9434 4010 2067 6308 9082 8035 2290 4155 9841 5850 636 7885 1039 2992 9285 9524 361 4440 2441 7744 5020
False
242
False
242
34
9680 8399 6559 3181 242 6410 4025 4899 6221 9265 8977 340 9445 2409 9434 4010 2067 6308 9082 8035 2290 4155 9841 5850 636 7885 1039 2992 9285 9524 361 4440 2441 7744
33
False
33
242
242
False
30
9680 8399 6559 3181 242 6410 4025 4899 6221 9265 8977 340 9445 2409 9434 4010 2067 6308 9082 8035 2290 4155 9841 5850 636 7885 1039 2992 3291 8218 6003
242
False
False
False
3272
9680 8399 6559 3181 242 6410 4025 4899 6221 9265 8977 340 9445 2409 9434 4010 2067 6308 9082 8035 2290 4155 9841 5850 636 7885 1039 2992 3291 8218 6003 8266 3272 4217
9680 8399 6559 3181 242 6410 4025 4899 6221 9265 8977 340 9445 2409 9434 4010 2067 6308 9082 8035 2290 4155 9841 5850 636 7885 1039 2992 3291 8218 6003 8266
31
False
9680 8399 6559 3181 242 6410 4025 4899 6221 9265 8977 340 9445 2409 9434 4010 2067 6308 9082 8035 2290 4155 9841 5850 636 7885 1039 2992 3291 8218 6003
242
False
8177
False
False
False
False
34
242
False
242
9680 8399 6559 3181 242 6410 4025 4899 6221 9265 8977 340 9445 2409 9434 4010 2067 6308 9082 8035 2290 4155 9841 5850 636 7885 1039 2992 3291 8218 6003 8430 9910 4708 4128
False
False
242
36
False
242
False
False
False
False
3391
9680 8399 6559 3181 242 6410 4025 4899 6221 9265 8977 340 9445 2409 9434 4010 2067 6308 9082 8035 2290 4155 9841 5850 636 7885 1039 2992 3291 8218 6003 8430 9910 4708 4128 3788 9130 7950 8270 3391
42
9680 8399 6559 3181 242 6410 4025 4899 6221 9265 8977 340 9445 2409 9434 4010 2067 6308 9082 8035 2290 4155 9841 5850 636 7885 1039 2992 3291 8218 6003 8430 9910 4708 4128 3788 9130 7950 8270 3391 6892 851
242
9680 8399 6559 3181 242 6410 4025 4899 6221 9265 8977 340 9445 2409 9434 4010 2067 6308 9082 8035 2290 4155 9841 5850 636 7885 1039 2992 3291 8218 6003 8430 9910 4708 4128 3788 9130 7950 8270 3391 6892 851 4193
851
851
42
False
False
40
242
8270
8270
False
9130
38
9130
9680 8399 6559 3181 242 6410 4025 4899 6221 9265 8977 340 9445 2409 9434 4010 2067 6308 9082 8035 2290 4155 9841 5850 636 7885 1039 2992 3291 8218 6003 8430 9910 4708 4128 3788 9130
False
242
36
False
9680 8399 6559 3181 242 6410 4025 4899 6221 9265 8977 340 9445 2409 9434 4010 2067 6308 9082 8035 2290 4155 9841 5850 636 7885 1039 2992 3291 8218 6003 8430 9910 4708 4128 3788
9680 8399 6559 3181 242 6410 4025 4899 6221 9265 8977 340 9445 2409 9434 4010 2067 6308 9082 8035 2290 4155 9841 5850 636 7885 1039 2992 3291 8218 6003 8430 9910 4708 4128 3788
242
3788
3788
False
9680 8399 6559 3181 242 6410 4025 4899 6221 9265 8977 340 9445 2409 9434 4010 2067 6308 9082 8035 2290 4155 9841 5850 636 7885 1039 2992 3291 8218 6003 8430 9910 4708 4128 3788
242
242
False
False
38
38
False
False
242
37
9680 8399 6559 3181 242 6410 4025 4899 6221 9265 8977 340 9445 2409 9434 4010 2067 6308 9082 8035 2290 4155 9841 5850 636 7885 1039 2992 3291 8218 6003 8430 9910 4708 4128 3788 9717
35
4708
9680 8399 6559 3181 242 6410 4025 4899 6221 9265 8977 340 9445 2409 9434 4010 2067 6308 9082 8035 2290 4155 9841 5850 636 7885 1039 2992 3291 8218 6003 8430 9910 4708
242
False
9910
242
33
9680 8399 6559 3181 242 6410 4025 4899 6221 9265 8977 340 9445 2409 9434 4010 2067 6308 9082 8035 2290 4155 9841 5850 636 7885 1039 2992 3291 8218 6003 8430 9910 3978
False
36
False
9680 8399 6559 3181 242 6410 4025 4899 6221 9265 8977 340 9445 2409 9434 4010 2067 6308 9082 8035 2290 4155 9841 5850 636 7885 1039 2992 3291 8218 6003 8430 9910 3978 6796 1764 2147
36
242
False
3891
37
730
9680 8399 6559 3181 242 6410 4025 4899 6221 9265 8977 340 9445 2409 9434 4010 2067 6308 9082 8035 2290 4155 9841 5850 636 7885 1039 2992 3291 8218 6003 8430 9910 3978 6796 1810 730
37
False
False
4247
242
False
4247
False
False
40
False
242
242
37
3541
37
242
False
394
False
394
242
394
394
8990
False
False
False
9680 8399 6559 3181 242 6410 4025 4899 6221 9265 8977 340 9445 2409 9434 4010 2067 6308 9082 8035 2290 4155 9841 5850 636 7885 1039 2992 3291 8218 6003 8430 9910 3978 6796 1810 3541 394
False
242
1263
6566
39
6566
38
False
False
False
4461
40
9680 8399 6559 3181 242 6410 4025 4899 6221 9265 8977 340 9445 2409 9434 4010 2067 6308 9082 8035 2290 4155 9841 5850 636 7885 1039 2992 3291 8218 6003 8430 9910 3978 6796 1810 3541 394 2494 8415
False
9680 8399 6559 3181 242 6410 4025 4899 6221 9265 8977 340 9445 2409 9434 4010 2067 6308 9082 8035 2290 4155 9841 5850 636 7885 1039 2992 3291 8218 6003 8430 9910 3978 6796 1810 3541 394 2494 8415 4142
242
242
42
9256
42
9256
42
42
False
False
False
8415
False
41
False
242
False
9680 8399 6559 3181 242 6410 4025 4899 6221 9265 8977 340 9445 2409 9434 4010 2067 6308 9082 8035 2290 4155 9841 5850 636 7885 1039 2992 3291 8218 6003 8430 9910 3978 6796 1810 3541 394 2494 1689 4835 4816
9680 8399 6559 3181 242 6410 4025 4899 6221 9265 8977 340 9445 2409 9434 4010 2067 6308 9082 8035 2290 4155 9841 5850 636 7885 1039 2992 3291 8218 6003 8430 9910 3978 6796 1810 3541 394 2494
242
False
9680 8399 6559 3181 242 6410 4025 4899 6221 9265 8977 340 9445 2409 9434 4010 2067 6308 9082 8035 2290 4155 9841 5850 636 7885 1039 2992 3291 8218 6003 8430 9910 3978 6796 1810 3541 394
9680 8399 6559 3181 242 6410 4025 4899 6221 9265 8977 340 9445 2409 9434 4010 2067 6308 9082 8035 2290 4155 9841 5850 636 7885 1039 2992 3291 8218 6003 8430 9910 3978 6796 1810 3541 394
False
False
242
False
37
False
242
False
8273
38
242
9680 8399 6559 3181 242 6410 4025 4899 6221 9265 8977 340 9445 2409 9434 4010 2067 6308 9082 8035 2290 4155 9841 5850 636 7885 1039 2992 3291 8218 6003 8430 9910 3978 6796 1810 8273 3046 2311 4901
43
242
False
242
False
9680 8399 6559 3181 242 6410 4025 4899 6221 9265 8977 340 9445 2409 9434 4010 2067 6308 9082 8035 2290 4155 9841 5850 636 7885 1039 2992 3291 8218 6003 8430 9910 3978 6796 1810 8273 3046 2311 4901 6956 7887 9521 9294
9294
43
43
9680 8399 6559 3181 242 6410 4025 4899 6221 9265 8977 340 9445 2409 9434 4010 2067 6308 9082 8035 2290 4155 9841 5850 636 7885 1039 2992 3291 8218 6003 8430 9910 3978 6796 1810 8273 3046 2311 4901 6956 7887 9521
9680 8399 6559 3181 242 6410 4025 4899 6221 9265 8977 340 9445 2409 9434 4010 2067 6308 9082 8035 2290 4155 9841 5850 636 7885 1039 2992 3291 8218 6003 8430 9910 3978 6796 1810 8273 3046 2311 4901 6956 7887
242
7972
242
7972
43
43
42
False
False
39
2311
242
False
39
9680 8399 6559 3181 242 6410 4025 4899 6221 9265 8977 340 9445 2409 9434 4010 2067 6308 9082 8035 2290 4155 9841 5850 636 7885 1039 2992 3291 8218 6003 8430 9910 3978 6796 1810 8273 3046 2311 1674
242
False
40
40
242
681
681
43
9680 8399 6559 3181 242 6410 4025 4899 6221 9265 8977 340 9445 2409 9434 4010 2067 6308 9082 8035 2290 4155 9841 5850 636 7885 1039 2992 3291 8218 6003 8430 9910 3978 6796 1810 8273 3046 2311 1674 1498 681 5265
5265
44
False
44
5861
9680 8399 6559 3181 242 6410 4025 4899 6221 9265 8977 340 9445 2409 9434 4010 2067 6308 9082 8035 2290 4155 9841 5850 636 7885 1039 2992 3291 8218 6003 8430 9910 3978 6796 1810 8273 3046 2311 1674 1498 681 5265 5907 5861
44
9680 8399 6559 3181 242 6410 4025 4899 6221 9265 8977 340 9445 2409 9434 4010 2067 6308 9082 8035 2290 4155 9841 5850 636 7885 1039 2992 3291 8218 6003 8430 9910 3978 6796 1810 8273 3046 2311 1674 1498 681 5265 5907
3254
9680 8399 6559 3181 242 6410 4025 4899 6221 9265 8977 340 9445 2409 9434 4010 2067 6308 9082 8035 2290 4155 9841 5850 636 7885 1039 2992 3291 8218 6003 8430 9910 3978 6796 1810 8273 3046 2311 1674 1498 9126
9680 8399 6559 3181 242 6410 4025 4899 6221 9265 8977 340 9445 2409 9434 4010 2067 6308 9082 8035 2290 4155 9841 5850 636 7885 1039 2992 3291 8218 6003 8430 9910 3978 6796 1810 8273 3046 2311 1674 1498 9126 1392
1392
False
242
43
44
False
242
9680 8399 6559 3181 242 6410 4025 4899 6221 9265 8977 340 9445 2409 9434 4010 2067 6308 9082 8035 2290 4155 9841 5850 636 7885 1039 2992 3291 8218 6003 8430 9910 3978 6796 1810 8273 3046 2311 1674 1498 9126 1473 7682
46
False
False
242
9680 8399 6559 3181 242 6410 4025 4899 6221 9265 8977 340 9445 2409 9434 4010 2067 6308 9082 8035 2290 4155 9841 5850 636 7885 1039 2992 3291 8218 6003 8430 9910 3978 6796 1810 8273 3046 2311 1674 1498 9126 1473 7682 3903 8954
9680 8399 6559 3181 242 6410 4025 4899 6221 9265 8977 340 9445 2409 9434 4010 2067 6308 9082 8035 2290 4155 9841 5850 636 7885 1039 2992 3291 8218 6003 8430 9910 3978 6796 1810 8273 3046 2311 1674 1498 9126 1473 7682 3903 8954
45
9680 8399 6559 3181 242 6410 4025 4899 6221 9265 8977 340 9445 2409 9434 4010 2067 6308 9082 8035 2290 4155 9841 5850 636 7885 1039 2992 3291 8218 6003 8430 9910 3978 6796 1810 8273 3046 2311 1674 1498 9126 1473 7682 3903
43
242
False
9680 8399 6559 3181 242 6410 4025 4899 6221 9265 8977 340 9445 2409 9434 4010 2067 6308 9082 8035 2290 4155 9841 5850 636 7885 1039 2992 3291 8218 6003 8430 9910 3978 6796 1810 8273 3046 2311 1674 1498 9126 1473 8765
4003
9680 8399 6559 3181 242 6410 4025 4899 6221 9265 8977 340 9445 2409 9434 4010 2067 6308 9082 8035 2290 4155 9841 5850 636 7885 1039 2992 3291 8218 6003 8430 9910 3978 6796 1810 8273 3046 2311 1674 1498 9126 1473 8765 4003
False
9680 8399 6559 3181 242 6410 4025 4899 6221 9265 8977 340 9445 2409 9434 4010 2067 6308 9082 8035 2290 4155 9841 5850 636 7885 1039 2992 3291 8218 6003 8430 9910 3978 6796 1810 8273 3046 2311 1674 1498 9126 1473 8765
9680 8399 6559 3181 242 6410 4025 4899 6221 9265 8977 340 9445 2409 9434 4010 2067 6308 9082 8035 2290 4155 9841 5850 636 7885 1039 2992 3291 8218 6003 8430 9910 3978 6796 1810 8273 3046 2311 1674 1498 9126 1473
False
43
9680 8399 6559 3181 242 6410 4025 4899 6221 9265 8977 340 9445 2409 9434 4010 2067 6308 9082 8035 2290 4155 9841 5850 636 7885 1039 2992 3291 8218 6003 8430 9910 3978 6796 1810 8273 3046 2311 1674 1498 9126 1473 531
44
43
False
242
9680 8399 6559 3181 242 6410 4025 4899 6221 9265 8977 340 9445 2409 9434 4010 2067 6308 9082 8035 2290 4155 9841 5850 636 7885 1039 2992 3291 8218 6003 8430 9910 3978 6796 1810 8273 3046 2311 1674 1498 9126 1473 7411 9190 3615 9909
9909
False
50
7182
51
51
False
5545
False
242
52
242
False
242
9680 8399 6559 3181 242 6410 4025 4899 6221 9265 8977 340 9445 2409 9434 4010 2067 6308 9082 8035 2290 4155 9841 5850 636 7885 1039 2992 3291 8218 6003 8430 9910 3978 6796 1810 8273 3046 2311 1674 1498 9126 1473 7411 9190 3615 9909 7496 4812 7783 8770 3471
9680 8399 6559 3181 242 6410 4025 4899 6221 9265 8977 340 9445 2409 9434 4010 2067 6308 9082 8035 2290 4155 9841 5850 636 7885 1039 2992 3291 8218 6003 8430 9910 3978 6796 1810 8273 3046 2311 1674 1498 9126 1473 7411 9190 3615 9909 7496 4812 7783 8770 3471
False
53
53
242
False
53
9680 8399 6559 3181 242 6410 4025 4899 6221 9265 8977 340 9445 2409 9434 4010 2067 6308 9082 8035 2290 4155 9841 5850 636 7885 1039 2992 3291 8218 6003 8430 9910 3978 6796 1810 8273 3046 2311 1674 1498 9126 1473 7411 9190 3615 9909 7496 4812 7783 8770 3471 1940
52
False
3471
3471
928
False
242
False
55
242
242
7713
57
57
242
242
False
58
242
9680 8399 6559 3181 242 6410 4025 4899 6221 9265 8977 340 9445 2409 9434 4010 2067 6308 9082 8035 2290 4155 9841 5850 636 7885 1039 2992 3291 8218 6003 8430 9910 3978 6796 1810 8273 3046 2311 1674 1498 9126 1473 7411 9190 3615 9909 7496 4812 7783 8770 3471 4437 928 5766 7713 5565 2028 4173 7686
False
False
242
False
5553
False
9680 8399 6559 3181 242 6410 4025 4899 6221 9265 8977 340 9445 2409 9434 4010 2067 6308 9082 8035 2290 4155 9841 5850 636 7885 1039 2992 3291 8218 6003 8430 9910 3978 6796 1810 8273 3046 2311 1674 1498 9126 1473 7411 9190 3615 9909 7496 4812 7783 8770 3471 4437 928 5766 7713 5565 2028 4173 7686 4679 8026 5098 9542 5553 7481 198
198
198
198
7457
68
198
67
False
False
66
7481
7481
66
66
242
False
242
False
9542
63
False
9680 8399 6559 3181 242 6410 4025 4899 6221 9265 8977 340 9445 2409 9434 4010 2067 6308 9082 8035 2290 4155 9841 5850 636 7885 1039 2992 3291 8218 6003 8430 9910 3978 6796 1810 8273 3046 2311 1674 1498 9126 1473 7411 9190 3615 9909 7496 4812 7783 8770 3471 4437 928 5766 7713 5565 2028 4173 7686 4679 8026 5098 427 7214
9680 8399 6559 3181 242 6410 4025 4899 6221 9265 8977 340 9445 2409 9434 4010 2067 6308 9082 8035 2290 4155 9841 5850 636 7885 1039 2992 3291 8218 6003 8430 9910 3978 6796 1810 8273 3046 2311 1674 1498 9126 1473 7411 9190 3615 9909 7496 4812 7783 8770 3471 4437 928 5766 7713 5565 2028 4173 7686 4679 8026 5098 427 7214 6764
False
False
242
65
242
9680 8399 6559 3181 242 6410 4025 4899 6221 9265 8977 340 9445 2409 9434 4010 2067 6308 9082 8035 2290 4155 9841 5850 636 7885 1039 2992 3291 8218 6003 8430 9910 3978 6796 1810 8273 3046 2311 1674 1498 9126 1473 7411 9190 3615 9909 7496 4812 7783 8770 3471 4437 928 5766 7713 5565 2028 4173 7686 4679 8026 5098 427
9680 8399 6559 3181 242 6410 4025 4899 6221 9265 8977 340 9445 2409 9434 4010 2067 6308 9082 8035 2290 4155 9841 5850 636 7885 1039 2992 3291 8218 6003 8430 9910 3978 6796 1810 8273 3046 2311 1674 1498 9126 1473 7411 9190 3615 9909 7496 4812 7783 8770 3471 4437 928 5766 7713 5565 2028 4173 7686 4679 8026 5098 427
9680 8399 6559 3181 242 6410 4025 4899 6221 9265 8977 340 9445 2409 9434 4010 2067 6308 9082 8035 2290 4155 9841 5850 636 7885 1039 2992 3291 8218 6003 8430 9910 3978 6796 1810 8273 3046 2311 1674 1498 9126 1473 7411 9190 3615 9909 7496 4812 7783 8770 3471 4437 928 5766 7713 5565 2028 4173 7686 4679 8026 5098 427
66
242
False
False
False
False
False
8265
242
False
9680 8399 6559 3181 242 6410 4025 4899 6221 9265 8977 340 9445 2409 9434 4010 2067 6308 9082 8035 2290 4155 9841 5850 636 7885 1039 2992 3291 8218 6003 8430 9910 3978 6796 1810 8273 3046 2311 1674 1498 9126 1473 7411 9190 3615 9909 7496 4812 7783 8770 3471 4437 928 5766 7713 5565 2028 4173 7686 4679 8026 5098 427 2508
False
False
242
False
False
9680 8399 6559 3181 242 6410 4025 4899 6221 9265 8977 340 9445 2409 9434 4010 2067 6308 9082 8035 2290 4155 9841 5850 636 7885 1039 2992 3291 8218 6003 8430 9910 3978 6796 1810 8273 3046 2311 1674 1498 9126 1473 7411 9190 3615 9909 7496 4812 7783 8770 3471 4437 928 5766 7713 5565 2028 4173 7686 4679 8026 5098 427 2508
False
2508
66
1878
False
242
427
242
9680 8399 6559 3181 242 6410 4025 4899 6221 9265 8977 340 9445 2409 9434 4010 2067 6308 9082 8035 2290 4155 9841 5850 636 7885 1039 2992 3291 8218 6003 8430 9910 3978 6796 1810 8273 3046 2311 1674 1498 9126 1473 7411 9190 3615 9909 7496 4812 7783 8770 3471 4437 928 5766 7713 5565 2028 4173 7686 4679 8026 5098
242
242
False
False
9680 8399 6559 3181 242 6410 4025 4899 6221 9265 8977 340 9445 2409 9434 4010 2067 6308 9082 8035 2290 4155 9841 5850 636 7885 1039 2992 3291 8218 6003 8430 9910 3978 6796 1810 8273 3046 2311 1674 1498 9126 1473 7411 9190 3615 9909 7496 4812 7783 8770 3471 4437 928 5766 7713 5565 2028 4173 7686 4679 8026
9680 8399 6559 3181 242 6410 4025 4899 6221 9265 8977 340 9445 2409 9434 4010 2067 6308 9082 8035 2290 4155 9841 5850 636 7885 1039 2992 3291 8218 6003 8430 9910 3978 6796 1810 8273 3046 2311 1674 1498 9126 1473 7411 9190 3615 9909 7496 4812 7783 8770 3471 4437 928 5766 7713 5565 2028 4173 7686 4679
4679
9680 8399 6559 3181 242 6410 4025 4899 6221 9265 8977 340 9445 2409 9434 4010 2067 6308 9082 8035 2290 4155 9841 5850 636 7885 1039 2992 3291 8218 6003 8430 9910 3978 6796 1810 8273 3046 2311 1674 1498 9126 1473 7411 9190 3615 9909 7496 4812 7783 8770 3471 4437 928 5766 7713 5565 2028 4173 7686 4358
62
7686
False
9680 8399 6559 3181 242 6410 4025 4899 6221 9265 8977 340 9445 2409 9434 4010 2067 6308 9082 8035 2290 4155 9841 5850 636 7885 1039 2992 3291 8218 6003 8430 9910 3978 6796 1810 8273 3046 2311 1674 1498 9126 1473 7411 9190 3615 9909 7496 4812 7783 8770 3471 4437 928 5766 7713 5565 2028 4173 7686
9680 8399 6559 3181 242 6410 4025 4899 6221 9265 8977 340 9445 2409 9434 4010 2067 6308 9082 8035 2290 4155 9841 5850 636 7885 1039 2992 3291 8218 6003 8430 9910 3978 6796 1810 8273 3046 2311 1674 1498 9126 1473 7411 9190 3615 9909 7496 4812 7783 8770 3471 4437 928 5766 7713 5565 2028
57
242
57
False
242
242
56
False
242
56
242
57
242
False
57
9680 8399 6559 3181 242 6410 4025 4899 6221 9265 8977 340 9445 2409 9434 4010 2067 6308 9082 8035 2290 4155 9841 5850 636 7885 1039 2992 3291 8218 6003 8430 9910 3978 6796 1810 8273 3046 2311 1674 1498 9126 1473 7411 9190 3615 9909 7496 4812 7783 8770 3471 4437 928 5766 7713 3501
9680 8399 6559 3181 242 6410 4025 4899 6221 9265 8977 340 9445 2409 9434 4010 2067 6308 9082 8035 2290 4155 9841 5850 636 7885 1039 2992 3291 8218 6003 8430 9910 3978 6796 1810 8273 3046 2311 1674 1498 9126 1473 7411 9190 3615 9909 7496 4812 7783 8770 3471 4437 928 5766 7713
56
False
242
False
False
9680 8399 6559 3181 242 6410 4025 4899 6221 9265 8977 340 9445 2409 9434 4010 2067 6308 9082 8035 2290 4155 9841 5850 636 7885 1039 2992 3291 8218 6003 8430 9910 3978 6796 1810 8273 3046 2311 1674 1498 9126 1473 7411 9190 3615 9909 7496 4812 7783 8770 3471 4437 928 5766 7259 9495
False
9495
242
False
False
9680 8399 6559 3181 242 6410 4025 4899 6221 9265 8977 340 9445 2409 9434 4010 2067 6308 9082 8035 2290 4155 9841 5850 636 7885 1039 2992 3291 8218 6003 8430 9910 3978 6796 1810 8273 3046 2311 1674 1498 9126 1473 7411 9190 3615 9909 7496 4812 7783 8770 3471 4437 928 5766 7259 8091 3834
False
False
False
9680 8399 6559 3181 242 6410 4025 4899 6221 9265 8977 340 9445 2409 9434 4010 2067 6308 9082 8035 2290 4155 9841 5850 636 7885 1039 2992 3291 8218 6003 8430 9910 3978 6796 1810 8273 3046 2311 1674 1498 9126 1473 7411 9190 3615 9909 7496 4812 7783 8770 3471 4437 928 5766 7259 8091 3834 3118 6191 4 5828 2735 2668 4020 3686 2835 8943 5597
9680 8399 6559 3181 242 6410 4025 4899 6221 9265 8977 340 9445 2409 9434 4010 2067 6308 9082 8035 2290 4155 9841 5850 636 7885 1039 2992 3291 8218 6003 8430 9910 3978 6796 1810 8273 3046 2311 1674 1498 9126 1473 7411 9190 3615 9909 7496 4812 7783 8770 3471 4437 928 5766 7259 8091 3834 3118 6191 4 5828 2735 2668 4020 3686 2835 8943 5597
False
4
69
9680 8399 6559 3181 242 6410 4025 4899 6221 9265 8977 340 9445 2409 9434 4010 2067 6308 9082 8035 2290 4155 9841 5850 636 7885 1039 2992 3291 8218 6003 8430 9910 3978 6796 1810 8273 3046 2311 1674 1498 9126 1473 7411 9190 3615 9909 7496 4812 7783 8770 3471 4437 928 5766 7259 8091 3834 3118 6191 4 5828 2735 2668 4020 3686 2835 8943
False
8943
68
68
68
9721
False
2835
4
False
2835
67
67
False
False
68
68
False
4671
4
9680 8399 6559 3181 242 6410 4025 4899 6221 9265 8977 340 9445 2409 9434 4010 2067 6308 9082 8035 2290 4155 9841 5850 636 7885 1039 2992 3291 8218 6003 8430 9910 3978 6796 1810 8273 3046 2311 1674 1498 9126 1473 7411 9190 3615 9909 7496 4812 7783 8770 3471 4437 928 5766 7259 8091 3834 3118 6191 4 5828 2735 2668 4020 3686 2835 4671
9680 8399 6559 3181 242 6410 4025 4899 6221 9265 8977 340 9445 2409 9434 4010 2067 6308 9082 8035 2290 4155 9841 5850 636 7885 1039 2992 3291 8218 6003 8430 9910 3978 6796 1810 8273 3046 2311 1674 1498 9126 1473 7411 9190 3615 9909 7496 4812 7783 8770 3471 4437 928 5766 7259 8091 3834 3118 6191 4 5828 2735 2668 4020 3686 2835 4671
4
False
4
66
66
66
4
69
False
False
False
1678
9680 8399 6559 3181 242 6410 4025 4899 6221 9265 8977 340 9445 2409 9434 4010 2067 6308 9082 8035 2290 4155 9841 5850 636 7885 1039 2992 3291 8218 6003 8430 9910 3978 6796 1810 8273 3046 2311 1674 1498 9126 1473 7411 9190 3615 9909 7496 4812 7783 8770 3471 4437 928 5766 7259 8091 3834 3118 6191 4 5828 2735 2668 4020 3686 4035 9810 2657 1678
1678
9680 8399 6559 3181 242 6410 4025 4899 6221 9265 8977 340 9445 2409 9434 4010 2067 6308 9082 8035 2290 4155 9841 5850 636 7885 1039 2992 3291 8218 6003 8430 9910 3978 6796 1810 8273 3046 2311 1674 1498 9126 1473 7411 9190 3615 9909 7496 4812 7783 8770 3471 4437 928 5766 7259 8091 3834 3118 6191 4 5828 2735 2668 4020 3686 4035 9810 2657 1678
False
4
False
2657
9680 8399 6559 3181 242 6410 4025 4899 6221 9265 8977 340 9445 2409 9434 4010 2067 6308 9082 8035 2290 4155 9841 5850 636 7885 1039 2992 3291 8218 6003 8430 9910 3978 6796 1810 8273 3046 2311 1674 1498 9126 1473 7411 9190 3615 9909 7496 4812 7783 8770 3471 4437 928 5766 7259 8091 3834 3118 6191 4 5828 2735 2668 4020 3686 4035 9810 2657
4
False
False
4
False
False
9680 8399 6559 3181 242 6410 4025 4899 6221 9265 8977 340 9445 2409 9434 4010 2067 6308 9082 8035 2290 4155 9841 5850 636 7885 1039 2992 3291 8218 6003 8430 9910 3978 6796 1810 8273 3046 2311 1674 1498 9126 1473 7411 9190 3615 9909 7496 4812 7783 8770 3471 4437 928 5766 7259 8091 3834 3118 6191 4 5828 2735 2668 4020 3686 4035 9810 2657 7893 882 1453
False
72
510
9680 8399 6559 3181 242 6410 4025 4899 6221 9265 8977 340 9445 2409 9434 4010 2067 6308 9082 8035 2290 4155 9841 5850 636 7885 1039 2992 3291 8218 6003 8430 9910 3978 6796 1810 8273 3046 2311 1674 1498 9126 1473 7411 9190 3615 9909 7496 4812 7783 8770 3471 4437 928 5766 7259 8091 3834 3118 6191 4 5828 2735 2668 4020 3686 4035 9810 2657 7893 882 510
4
510
4
False
False
4
70
70
69
False
False
4
70
9680 8399 6559 3181 242 6410 4025 4899 6221 9265 8977 340 9445 2409 9434 4010 2067 6308 9082 8035 2290 4155 9841 5850 636 7885 1039 2992 3291 8218 6003 8430 9910 3978 6796 1810 8273 3046 2311 1674 1498 9126 1473 7411 9190 3615 9909 7496 4812 7783 8770 3471 4437 928 5766 7259 8091 3834 3118 6191 4 5828 2735 2668 4020 3686 4035 9810 2657 5335
9680 8399 6559 3181 242 6410 4025 4899 6221 9265 8977 340 9445 2409 9434 4010 2067 6308 9082 8035 2290 4155 9841 5850 636 7885 1039 2992 3291 8218 6003 8430 9910 3978 6796 1810 8273 3046 2311 1674 1498 9126 1473 7411 9190 3615 9909 7496 4812 7783 8770 3471 4437 928 5766 7259 8091 3834 3118 6191 4 5828 2735 2668 4020 3686 4035 9810 2657 5335
9680 8399 6559 3181 242 6410 4025 4899 6221 9265 8977 340 9445 2409 9434 4010 2067 6308 9082 8035 2290 4155 9841 5850 636 7885 1039 2992 3291 8218 6003 8430 9910 3978 6796 1810 8273 3046 2311 1674 1498 9126 1473 7411 9190 3615 9909 7496 4812 7783 8770 3471 4437 928 5766 7259 8091 3834 3118 6191 4 5828 2735 2668 4020 3686 4035 9810 2657 5335
9680 8399 6559 3181 242 6410 4025 4899 6221 9265 8977 340 9445 2409 9434 4010 2067 6308 9082 8035 2290 4155 9841 5850 636 7885 1039 2992 3291 8218 6003 8430 9910 3978 6796 1810 8273 3046 2311 1674 1498 9126 1473 7411 9190 3615 9909 7496 4812 7783 8770 3471 4437 928 5766 7259 8091 3834 3118 6191 4 5828 2735 2668 4020 3686 4035 9810 2657 5335 8876
4
False
4
9680 8399 6559 3181 242 6410 4025 4899 6221 9265 8977 340 9445 2409 9434 4010 2067 6308 9082 8035 2290 4155 9841 5850 636 7885 1039 2992 3291 8218 6003 8430 9910 3978 6796 1810 8273 3046 2311 1674 1498 9126 1473 7411 9190 3615 9909 7496 4812 7783 8770 3471 4437 928 5766 7259 8091 3834 3118 6191 4 5828 2735 2668 4020 3686 4035 9810 2657 5335 8876
False
9680 8399 6559 3181 242 6410 4025 4899 6221 9265 8977 340 9445 2409 9434 4010 2067 6308 9082 8035 2290 4155 9841 5850 636 7885 1039 2992 3291 8218 6003 8430 9910 3978 6796 1810 8273 3046 2311 1674 1498 9126 1473 7411 9190 3615 9909 7496 4812 7783 8770 3471 4437 928 5766 7259 8091 3834 3118 6191 4 5828 2735 2668 4020 3686 4035 9810 2657 5335 8876 235
False
4
72
4
9680 8399 6559 3181 242 6410 4025 4899 6221 9265 8977 340 9445 2409 9434 4010 2067 6308 9082 8035 2290 4155 9841 5850 636 7885 1039 2992 3291 8218 6003 8430 9910 3978 6796 1810 8273 3046 2311 1674 1498 9126 1473 7411 9190 3615 9909 7496 4812 7783 8770 3471 4437 928 5766 7259 8091 3834 3118 6191 4 5828 2735 2668 4020 3686 4035 9810 2657 5335 8876 8350 20 9468 7154
False
False
False
9680 8399 6559 3181 242 6410 4025 4899 6221 9265 8977 340 9445 2409 9434 4010 2067 6308 9082 8035 2290 4155 9841 5850 636 7885 1039 2992 3291 8218 6003 8430 9910 3978 6796 1810 8273 3046 2311 1674 1498 9126 1473 7411 9190 3615 9909 7496 4812 7783 8770 3471 4437 928 5766 7259 8091 3834 3118 6191 4 5828 2735 2668 4020 3686 4035 9810 2657 5335 8876 8350 20 9468 7154 9703
77
78
False
False
False
False
False
False
2244
False
79
79
False
4
9680 8399 6559 3181 242 6410 4025 4899 6221 9265 8977 340 9445 2409 9434 4010 2067 6308 9082 8035 2290 4155 9841 5850 636 7885 1039 2992 3291 8218 6003 8430 9910 3978 6796 1810 8273 3046 2311 1674 1498 9126 1473 7411 9190 3615 9909 7496 4812 7783 8770 3471 4437 928 5766 7259 8091 3834 3118 6191 4 5828 2735 2668 4020 3686 4035 9810 2657 5335 8876 8350 20 9468 7154 9703 4673 5604 2244 2664
False
2664
False
False
2244
False
9680 8399 6559 3181 242 6410 4025 4899 6221 9265 8977 340 9445 2409 9434 4010 2067 6308 9082 8035 2290 4155 9841 5850 636 7885 1039 2992 3291 8218 6003 8430 9910 3978 6796 1810 8273 3046 2311 1674 1498 9126 1473 7411 9190 3615 9909 7496 4812 7783 8770 3471 4437 928 5766 7259 8091 3834 3118 6191 4 5828 2735 2668 4020 3686 4035 9810 2657 5335 8876 8350 20 9468 7154 9703 4673 5604 2244
79
79
False
False
4
9148
False
83
4
4
False
9680 8399 6559 3181 242 6410 4025 4899 6221 9265 8977 340 9445 2409 9434 4010 2067 6308 9082 8035 2290 4155 9841 5850 636 7885 1039 2992 3291 8218 6003 8430 9910 3978 6796 1810 8273 3046 2311 1674 1498 9126 1473 7411 9190 3615 9909 7496 4812 7783 8770 3471 4437 928 5766 7259 8091 3834 3118 6191 4 5828 2735 2668 4020 3686 4035 9810 2657 5335 8876 8350 20 9468 7154 9703 4673 5604 2244 5955 7456 1851
False
4
4
82
3925
False
83
False
83
8167
85
9680 8399 6559 3181 242 6410 4025 4899 6221 9265 8977 340 9445 2409 9434 4010 2067 6308 9082 8035 2290 4155 9841 5850 636 7885 1039 2992 3291 8218 6003 8430 9910 3978 6796 1810 8273 3046 2311 1674 1498 9126 1473 7411 9190 3615 9909 7496 4812 7783 8770 3471 4437 928 5766 7259 8091 3834 3118 6191 4 5828 2735 2668 4020 3686 4035 9810 2657 5335 8876 8350 20 9468 7154 9703 4673 5604 2244 5955 7456 3925 2570 8167 3992
3992
85
9680 8399 6559 3181 242 6410 4025 4899 6221 9265 8977 340 9445 2409 9434 4010 2067 6308 9082 8035 2290 4155 9841 5850 636 7885 1039 2992 3291 8218 6003 8430 9910 3978 6796 1810 8273 3046 2311 1674 1498 9126 1473 7411 9190 3615 9909 7496 4812 7783 8770 3471 4437 928 5766 7259 8091 3834 3118 6191 4 5828 2735 2668 4020 3686 4035 9810 2657 5335 8876 8350 20 9468 7154 9703 4673 5604 2244 5955 7456 3925 2570 8167 3992
85
False
9680 8399 6559 3181 242 6410 4025 4899 6221 9265 8977 340 9445 2409 9434 4010 2067 6308 9082 8035 2290 4155 9841 5850 636 7885 1039 2992 3291 8218 6003 8430 9910 3978 6796 1810 8273 3046 2311 1674 1498 9126 1473 7411 9190 3615 9909 7496 4812 7783 8770 3471 4437 928 5766 7259 8091 3834 3118 6191 4 5828 2735 2668 4020 3686 4035 9810 2657 5335 8876 8350 20 9468 7154 9703 4673 5604 2244 5955 7456 3925 2570 8167 9120 9963
630
False
False
9680 8399 6559 3181 242 6410 4025 4899 6221 9265 8977 340 9445 2409 9434 4010 2067 6308 9082 8035 2290 4155 9841 5850 636 7885 1039 2992 3291 8218 6003 8430 9910 3978 6796 1810 8273 3046 2311 1674 1498 9126 1473 7411 9190 3615 9909 7496 4812 7783 8770 3471 4437 928 5766 7259 8091 3834 3118 6191 4 5828 2735 2668 4020 3686 4035 9810 2657 5335 8876 8350 20 9468 7154 9703 4673 5604 2244 5955 7456 3925 2570
4
4
6341
False
False
False
5942
9680 8399 6559 3181 242 6410 4025 4899 6221 9265 8977 340 9445 2409 9434 4010 2067 6308 9082 8035 2290 4155 9841 5850 636 7885 1039 2992 3291 8218 6003 8430 9910 3978 6796 1810 8273 3046 2311 1674 1498 9126 1473 7411 9190 3615 9909 7496 4812 7783 8770 3471 4437 928 5766 7259 8091 3834 3118 6191 4 5828 2735 2668 4020 3686 4035 9810 2657 5335 8876 8350 20 9468 7154 9703 4673 5604 2244 5955 7456 3925 2570 9485 672 3793 6341 5942 8875
4
7580
89
False
False
9680 8399 6559 3181 242 6410 4025 4899 6221 9265 8977 340 9445 2409 9434 4010 2067 6308 9082 8035 2290 4155 9841 5850 636 7885 1039 2992 3291 8218 6003 8430 9910 3978 6796 1810 8273 3046 2311 1674 1498 9126 1473 7411 9190 3615 9909 7496 4812 7783 8770 3471 4437 928 5766 7259 8091 3834 3118 6191 4 5828 2735 2668 4020 3686 4035 9810 2657 5335 8876 8350 20 9468 7154 9703 4673 5604 2244 5955 7456 3925 2570 9485 672 3793 6341 5942
506
9680 8399 6559 3181 242 6410 4025 4899 6221 9265 8977 340 9445 2409 9434 4010 2067 6308 9082 8035 2290 4155 9841 5850 636 7885 1039 2992 3291 8218 6003 8430 9910 3978 6796 1810 8273 3046 2311 1674 1498 9126 1473 7411 9190 3615 9909 7496 4812 7783 8770 3471 4437 928 5766 7259 8091 3834 3118 6191 4 5828 2735 2668 4020 3686 4035 9810 2657 5335 8876 8350 20 9468 7154 9703 4673 5604 2244 5955 7456 3925 2570 9485 672 3793 6341 5942 506 480
False
4
False
False
9680 8399 6559 3181 242 6410 4025 4899 6221 9265 8977 340 9445 2409 9434 4010 2067 6308 9082 8035 2290 4155 9841 5850 636 7885 1039 2992 3291 8218 6003 8430 9910 3978 6796 1810 8273 3046 2311 1674 1498 9126 1473 7411 9190 3615 9909 7496 4812 7783 8770 3471 4437 928 5766 7259 8091 3834 3118 6191 4 5828 2735 2668 4020 3686 4035 9810 2657 5335 8876 8350 20 9468 7154 9703 4673 5604 2244 5955 7456 3925 2570 9485 672 3793 6341 5942 506 480 8016 7634
False
False
7634
False
9680 8399 6559 3181 242 6410 4025 4899 6221 9265 8977 340 9445 2409 9434 4010 2067 6308 9082 8035 2290 4155 9841 5850 636 7885 1039 2992 3291 8218 6003 8430 9910 3978 6796 1810 8273 3046 2311 1674 1498 9126 1473 7411 9190 3615 9909 7496 4812 7783 8770 3471 4437 928 5766 7259 8091 3834 3118 6191 4 5828 2735 2668 4020 3686 4035 9810 2657 5335 8876 8350 20 9468 7154 9703 4673 5604 2244 5955 7456 3925 2570 9485 672 3793 6341 5942 506 480 8016 7634 7450
9680 8399 6559 3181 242 6410 4025 4899 6221 9265 8977 340 9445 2409 9434 4010 2067 6308 9082 8035 2290 4155 9841 5850 636 7885 1039 2992 3291 8218 6003 8430 9910 3978 6796 1810 8273 3046 2311 1674 1498 9126 1473 7411 9190 3615 9909 7496 4812 7783 8770 3471 4437 928 5766 7259 8091 3834 3118 6191 4 5828 2735 2668 4020 3686 4035 9810 2657 5335 8876 8350 20 9468 7154 9703 4673 5604 2244 5955 7456 3925 2570 9485 672 3793 6341 5942 506 480 8016 7634 7450
9680 8399 6559 3181 242 6410 4025 4899 6221 9265 8977 340 9445 2409 9434 4010 2067 6308 9082 8035 2290 4155 9841 5850 636 7885 1039 2992 3291 8218 6003 8430 9910 3978 6796 1810 8273 3046 2311 1674 1498 9126 1473 7411 9190 3615 9909 7496 4812 7783 8770 3471 4437 928 5766 7259 8091 3834 3118 6191 4 5828 2735 2668 4020 3686 4035 9810 2657 5335 8876 8350 20 9468 7154 9703 4673 5604 2244 5955 7456 3925 2570 9485 672 3793 6341 5942 506 480 8016 7634 7450 7903
False
False
94
93
False
False
False
3405
False
False
91
False
False
False
9680 8399 6559 3181 242 6410 4025 4899 6221 9265 8977 340 9445 2409 9434 4010 2067 6308 9082 8035 2290 4155 9841 5850 636 7885 1039 2992 3291 8218 6003 8430 9910 3978 6796 1810 8273 3046 2311 1674 1498 9126 1473 7411 9190 3615 9909 7496 4812 7783 8770 3471 4437 928 5766 7259 8091 3834 3118 6191 4 5828 2735 2668 4020 3686 4035 9810 2657 5335 8876 8350 20 9468 7154 9703 4673 5604 2244 5955 7456 3925 2570 9485 672 3793 6341 5942 506 480 8016 5585 9341 349
False
396
False
95
4
349
False
4
False
8605
92
92
8605
8605
4
92
9680 8399 6559 3181 242 6410 4025 4899 6221 9265 8977 340 9445 2409 9434 4010 2067 6308 9082 8035 2290 4155 9841 5850 636 7885 1039 2992 3291 8218 6003 8430 9910 3978 6796 1810 8273 3046 2311 1674 1498 9126 1473 7411 9190 3615 9909 7496 4812 7783 8770 3471 4437 928 5766 7259 8091 3834 3118 6191 4 5828 2735 2668 4020 3686 4035 9810 2657 5335 8876 8350 20 9468 7154 9703 4673 5604 2244 5955 7456 3925 2570 9485 672 3793 6341 5942 506 480 8016 8605
4
4
4
9680 8399 6559 3181 242 6410 4025 4899 6221 9265 8977 340 9445 2409 9434 4010 2067 6308 9082 8035 2290 4155 9841 5850 636 7885 1039 2992 3291 8218 6003 8430 9910 3978 6796 1810 8273 3046 2311 1674 1498 9126 1473 7411 9190 3615 9909 7496 4812 7783 8770 3471 4437 928 5766 7259 8091 3834 3118 6191 4 5828 2735 2668 4020 3686 4035 9810 2657 5335 8876 8350 20 9468 7154 9703 4673 5604 2244 5955 7456 3925 2570 9485 672 3793 6341 5942 506
False
False
88
False
87
False
3793
86
3793
4
3793
9680 8399 6559 3181 242 6410 4025 4899 6221 9265 8977 340 9445 2409 9434 4010 2067 6308 9082 8035 2290 4155 9841 5850 636 7885 1039 2992 3291 8218 6003 8430 9910 3978 6796 1810 8273 3046 2311 1674 1498 9126 1473 7411 9190 3615 9909 7496 4812 7783 8770 3471 4437 928 5766 7259 8091 3834 3118 6191 4 5828 2735 2668 4020 3686 4035 9810 2657 5335 8876 8350 20 9468 7154 9703 4673 5604 2244 5955 7456 3925 2570 9485 672 3793 8655 4265 5684
5684
5684
9680 8399 6559 3181 242 6410 4025 4899 6221 9265 8977 340 9445 2409 9434 4010 2067 6308 9082 8035 2290 4155 9841 5850 636 7885 1039 2992 3291 8218 6003 8430 9910 3978 6796 1810 8273 3046 2311 1674 1498 9126 1473 7411 9190 3615 9909 7496 4812 7783 8770 3471 4437 928 5766 7259 8091 3834 3118 6191 4 5828 2735 2668 4020 3686 4035 9810 2657 5335 8876 8350 20 9468 7154 9703 4673 5604 2244 5955 7456 3925 2570 9485 672 3793 8655 4265 5684
89
False
False
False
9680 8399 6559 3181 242 6410 4025 4899 6221 9265 8977 340 9445 2409 9434 4010 2067 6308 9082 8035 2290 4155 9841 5850 636 7885 1039 2992 3291 8218 6003 8430 9910 3978 6796 1810 8273 3046 2311 1674 1498 9126 1473 7411 9190 3615 9909 7496 4812 7783 8770 3471 4437 928 5766 7259 8091 3834 3118 6191 4 5828 2735 2668 4020 3686 4035 9810 2657 5335 8876 8350 20 9468 7154 9703 4673 5604 2244 5955 7456 3925 2570 9485 672 3793 8655 4265 5684 1951
1951
1951
False
False
9680 8399 6559 3181 242 6410 4025 4899 6221 9265 8977 340 9445 2409 9434 4010 2067 6308 9082 8035 2290 4155 9841 5850 636 7885 1039 2992 3291 8218 6003 8430 9910 3978 6796 1810 8273 3046 2311 1674 1498 9126 1473 7411 9190 3615 9909 7496 4812 7783 8770 3471 4437 928 5766 7259 8091 3834 3118 6191 4 5828 2735 2668 4020 3686 4035 9810 2657 5335 8876 8350 20 9468 7154 9703 4673 5604 2244 5955 7456 3925 2570 9485 672 3793 8655 4265 5684 1951
False
False
False
False
4
False
8655
False
9680 8399 6559 3181 242 6410 4025 4899 6221 9265 8977 340 9445 2409 9434 4010 2067 6308 9082 8035 2290 4155 9841 5850 636 7885 1039 2992 3291 8218 6003 8430 9910 3978 6796 1810 8273 3046 2311 1674 1498 9126 1473 7411 9190 3615 9909 7496 4812 7783 8770 3471 4437 928 5766 7259 8091 3834 3118 6191 4 5828 2735 2668 4020 3686 4035 9810 2657 5335 8876 8350 20 9468 7154 9703 4673 5604 2244 5955 7456 3925 2570 9485 672 3793 8655
8655
4
89
7198
False
False
5966
False
93
False
4
9680 8399 6559 3181 242 6410 4025 4899 6221 9265 8977 340 9445 2409 9434 4010 2067 6308 9082 8035 2290 4155 9841 5850 636 7885 1039 2992 3291 8218 6003 8430 9910 3978 6796 1810 8273 3046 2311 1674 1498 9126 1473 7411 9190 3615 9909 7496 4812 7783 8770 3471 4437 928 5766 7259 8091 3834 3118 6191 4 5828 2735 2668 4020 3686 4035 9810 2657 5335 8876 8350 20 9468 7154 9703 4673 5604 2244 5955 7456 3925 2570 9485 672 3793 8655 7962 7198 1707 5966 1233
4
4
False
4
89
4
False
4
9680 8399 6559 3181 242 6410 4025 4899 6221 9265 8977 340 9445 2409 9434 4010 2067 6308 9082 8035 2290 4155 9841 5850 636 7885 1039 2992 3291 8218 6003 8430 9910 3978 6796 1810 8273 3046 2311 1674 1498 9126 1473 7411 9190 3615 9909 7496 4812 7783 8770 3471 4437 928 5766 7259 8091 3834 3118 6191 4 5828 2735 2668 4020 3686 4035 9810 2657 5335 8876 8350 20 9468 7154 9703 4673 5604 2244 5955 7456 3925 2570 9485 672 3793 9578
False
9578
4
86
False
9680 8399 6559 3181 242 6410 4025 4899 6221 9265 8977 340 9445 2409 9434 4010 2067 6308 9082 8035 2290 4155 9841 5850 636 7885 1039 2992 3291 8218 6003 8430 9910 3978 6796 1810 8273 3046 2311 1674 1498 9126 1473 7411 9190 3615 9909 7496 4812 7783 8770 3471 4437 928 5766 7259 8091 3834 3118 6191 4 5828 2735 2668 4020 3686 4035 9810 2657 5335 8876 8350 20 9468 7154 9703 4673 5604 2244 5955 7456 3925 2570 9485 672 3793
9680 8399 6559 3181 242 6410 4025 4899 6221 9265 8977 340 9445 2409 9434 4010 2067 6308 9082 8035 2290 4155 9841 5850 636 7885 1039 2992 3291 8218 6003 8430 9910 3978 6796 1810 8273 3046 2311 1674 1498 9126 1473 7411 9190 3615 9909 7496 4812 7783 8770 3471 4437 928 5766 7259 8091 3834 3118 6191 4 5828 2735 2668 4020 3686 4035 9810 2657 5335 8876 8350 20 9468 7154 9703 4673 5604 2244 5955 7456 3925 2570 9485 672
672
9485
False
4
83
9680 8399 6559 3181 242 6410 4025 4899 6221 9265 8977 340 9445 2409 9434 4010 2067 6308 9082 8035 2290 4155 9841 5850 636 7885 1039 2992 3291 8218 6003 8430 9910 3978 6796 1810 8273 3046 2311 1674 1498 9126 1473 7411 9190 3615 9909 7496 4812 7783 8770 3471 4437 928 5766 7259 8091 3834 3118 6191 4 5828 2735 2668 4020 3686 4035 9810 2657 5335 8876 8350 20 9468 7154 9703 4673 5604 2244 5955 7456 3925 2570 7381 9106
7381
84
7381
4
83
4
2570
False
False
3925
82
9680 8399 6559 3181 242 6410 4025 4899 6221 9265 8977 340 9445 2409 9434 4010 2067 6308 9082 8035 2290 4155 9841 5850 636 7885 1039 2992 3291 8218 6003 8430 9910 3978 6796 1810 8273 3046 2311 1674 1498 9126 1473 7411 9190 3615 9909 7496 4812 7783 8770 3471 4437 928 5766 7259 8091 3834 3118 6191 4 5828 2735 2668 4020 3686 4035 9810 2657 5335 8876 8350 20 9468 7154 9703 4673 5604 2244 5955 7456 3925
False
6150
9680 8399 6559 3181 242 6410 4025 4899 6221 9265 8977 340 9445 2409 9434 4010 2067 6308 9082 8035 2290 4155 9841 5850 636 7885 1039 2992 3291 8218 6003 8430 9910 3978 6796 1810 8273 3046 2311 1674 1498 9126 1473 7411 9190 3615 9909 7496 4812 7783 8770 3471 4437 928 5766 7259 8091 3834 3118 6191 4 5828 2735 2668 4020 3686 4035 9810 2657 5335 8876 8350 20 9468 7154 9703 4673 5604 2244 5955 7456 3925 6150
9680 8399 6559 3181 242 6410 4025 4899 6221 9265 8977 340 9445 2409 9434 4010 2067 6308 9082 8035 2290 4155 9841 5850 636 7885 1039 2992 3291 8218 6003 8430 9910 3978 6796 1810 8273 3046 2311 1674 1498 9126 1473 7411 9190 3615 9909 7496 4812 7783 8770 3471 4437 928 5766 7259 8091 3834 3118 6191 4 5828 2735 2668 4020 3686 4035 9810 2657 5335 8876 8350 20 9468 7154 9703 4673 5604 2244 5955 7456 3925 6150
4
4
9680 8399 6559 3181 242 6410 4025 4899 6221 9265 8977 340 9445 2409 9434 4010 2067 6308 9082 8035 2290 4155 9841 5850 636 7885 1039 2992 3291 8218 6003 8430 9910 3978 6796 1810 8273 3046 2311 1674 1498 9126 1473 7411 9190 3615 9909 7496 4812 7783 8770 3471 4437 928 5766 7259 8091 3834 3118 6191 4 5828 2735 2668 4020 3686 4035 9810 2657 5335 8876 8350 20 9468 7154 9703 4673 5604 2244 5955 7456 3925 5344
False
83
84
False
False
False
4225
4
5409
85
86
False
False
False
False
False
1855
86
False
False
9971
4
9971
False
False
False
9680 8399 6559 3181 242 6410 4025 4899 6221 9265 8977 340 9445 2409 9434 4010 2067 6308 9082 8035 2290 4155 9841 5850 636 7885 1039 2992 3291 8218 6003 8430 9910 3978 6796 1810 8273 3046 2311 1674 1498 9126 1473 7411 9190 3615 9909 7496 4812 7783 8770 3471 4437 928 5766 7259 8091 3834 3118 6191 4 5828 2735 2668 4020 3686 4035 9810 2657 5335 8876 8350 20 9468 7154 9703 4673 5604 2244 5955 7456 3925 9960 4225 5409 8573
8573
4
8573
4
9680 8399 6559 3181 242 6410 4025 4899 6221 9265 8977 340 9445 2409 9434 4010 2067 6308 9082 8035 2290 4155 9841 5850 636 7885 1039 2992 3291 8218 6003 8430 9910 3978 6796 1810 8273 3046 2311 1674 1498 9126 1473 7411 9190 3615 9909 7496 4812 7783 8770 3471 4437 928 5766 7259 8091 3834 3118 6191 4 5828 2735 2668 4020 3686 4035 9810 2657 5335 8876 8350 20 9468 7154 9703 4673 5604 2244 5955 7456 3925 9960 4225 5409 8573
False
128
7772
4
False
False
False
87
2260
False
4
False
False
2205
90
90
False
91
False
90
False
False
False
5287
90
5287
5287
91
9308
9680 8399 6559 3181 242 6410 4025 4899 6221 9265 8977 340 9445 2409 9434 4010 2067 6308 9082 8035 2290 4155 9841 5850 636 7885 1039 2992 3291 8218 6003 8430 9910 3978 6796 1810 8273 3046 2311 1674 1498 9126 1473 7411 9190 3615 9909 7496 4812 7783 8770 3471 4437 928 5766 7259 8091 3834 3118 6191 4 5828 2735 2668 4020 3686 4035 9810 2657 5335 8876 8350 20 9468 7154 9703 4673 5604 2244 5955 7456 3925 9960 4225 5057 7743 128 5362 1608 5287 5705 2507 9308 4947 8786
False
95
8786
897
4
96
4
4
False
9680 8399 6559 3181 242 6410 4025 4899 6221 9265 8977 340 9445 2409 9434 4010 2067 6308 9082 8035 2290 4155 9841 5850 636 7885 1039 2992 3291 8218 6003 8430 9910 3978 6796 1810 8273 3046 2311 1674 1498 9126 1473 7411 9190 3615 9909 7496 4812 7783 8770 3471 4437 928 5766 7259 8091 3834 3118 6191 4 5828 2735 2668 4020 3686 4035 9810 2657 5335 8876 8350 20 9468 7154 9703 4673 5604 2244 5955 7456 3925 9960 4225 5057 7743 128 5362 1608 5287 5705 2507 9308 4947 8786 897
False
897
4
98
98
False
4
False
392
False
392
3500
9680 8399 6559 3181 242 6410 4025 4899 6221 9265 8977 340 9445 2409 9434 4010 2067 6308 9082 8035 2290 4155 9841 5850 636 7885 1039 2992 3291 8218 6003 8430 9910 3978 6796 1810 8273 3046 2311 1674 1498 9126 1473 7411 9190 3615 9909 7496 4812 7783 8770 3471 4437 928 5766 7259 8091 3834 3118 6191 4 5828 2735 2668 4020 3686 4035 9810 2657 5335 8876 8350 20 9468 7154 9703 4673 5604 2244 5955 7456 3925 9960 4225 5057 7743 128 5362 1608 5287 5705 2507 9308 4947 8786 897 1492 3500
False
False
100
False
4
100
False
1247
False
9680 8399 6559 3181 242 6410 4025 4899 6221 9265 8977 340 9445 2409 9434 4010 2067 6308 9082 8035 2290 4155 9841 5850 636 7885 1039 2992 3291 8218 6003 8430 9910 3978 6796 1810 8273 3046 2311 1674 1498 9126 1473 7411 9190 3615 9909 7496 4812 7783 8770 3471 4437 928 5766 7259 8091 3834 3118 6191 4 5828 2735 2668 4020 3686 4035 9810 2657 5335 8876 8350 20 9468 7154 9703 4673 5604 2244 5955 7456 3925 9960 4225 5057 7743 128 5362 1608 5287 5705 2507 9308 4947 8786 897 1492 3500 133 1126 1247
False
100
133
False
4
9680 8399 6559 3181 242 6410 4025 4899 6221 9265 8977 340 9445 2409 9434 4010 2067 6308 9082 8035 2290 4155 9841 5850 636 7885 1039 2992 3291 8218 6003 8430 9910 3978 6796 1810 8273 3046 2311 1674 1498 9126 1473 7411 9190 3615 9909 7496 4812 7783 8770 3471 4437 928 5766 7259 8091 3834 3118 6191 4 5828 2735 2668 4020 3686 4035 9810 2657 5335 8876 8350 20 9468 7154 9703 4673 5604 2244 5955 7456 3925 9960 4225 5057 7743 128 5362 1608 5287 5705 2507 9308 4947 8786 897
False
7827
False
False
4
False
9680 8399 6559 3181 242 6410 4025 4899 6221 9265 8977 340 9445 2409 9434 4010 2067 6308 9082 8035 2290 4155 9841 5850 636 7885 1039 2992 3291 8218 6003 8430 9910 3978 6796 1810 8273 3046 2311 1674 1498 9126 1473 7411 9190 3615 9909 7496 4812 7783 8770 3471 4437 928 5766 7259 8091 3834 3118 6191 4 5828 2735 2668 4020 3686 4035 9810 2657 5335 8876 8350 20 9468 7154 9703 4673 5604 2244 5955 7456 3925 9960 4225 5057 7743 128 5362 1608 5287 5705 2507 9308 4947 8786 897 2852 7827 3770 2624 9762
101
4
4
101
False
4
102
4
False
102
9680 8399 6559 3181 242 6410 4025 4899 6221 9265 8977 340 9445 2409 9434 4010 2067 6308 9082 8035 2290 4155 9841 5850 636 7885 1039 2992 3291 8218 6003 8430 9910 3978 6796 1810 8273 3046 2311 1674 1498 9126 1473 7411 9190 3615 9909 7496 4812 7783 8770 3471 4437 928 5766 7259 8091 3834 3118 6191 4 5828 2735 2668 4020 3686 4035 9810 2657 5335 8876 8350 20 9468 7154 9703 4673 5604 2244 5955 7456 3925 9960 4225 5057 7743 128 5362 1608 5287 5705 2507 9308 4947 8786 897 2852 7827 3770 2624 9762 5711
4
False
False
4
False
4
4
4
False
9762
False
4
9680 8399 6559 3181 242 6410 4025 4899 6221 9265 8977 340 9445 2409 9434 4010 2067 6308 9082 8035 2290 4155 9841 5850 636 7885 1039 2992 3291 8218 6003 8430 9910 3978 6796 1810 8273 3046 2311 1674 1498 9126 1473 7411 9190 3615 9909 7496 4812 7783 8770 3471 4437 928 5766 7259 8091 3834 3118 6191 4 5828 2735 2668 4020 3686 4035 9810 2657 5335 8876 8350 20 9468 7154 9703 4673 5604 2244 5955 7456 3925 9960 4225 5057 7743 128 5362 1608 5287 5705 2507 9308 4947 8786 897 2852 7827 3770 2624 9762
101
2624
3770
False
3770
9680 8399 6559 3181 242 6410 4025 4899 6221 9265 8977 340 9445 2409 9434 4010 2067 6308 9082 8035 2290 4155 9841 5850 636 7885 1039 2992 3291 8218 6003 8430 9910 3978 6796 1810 8273 3046 2311 1674 1498 9126 1473 7411 9190 3615 9909 7496 4812 7783 8770 3471 4437 928 5766 7259 8091 3834 3118 6191 4 5828 2735 2668 4020 3686 4035 9810 2657 5335 8876 8350 20 9468 7154 9703 4673 5604 2244 5955 7456 3925 9960 4225 5057 7743 128 5362 1608 5287 5705 2507 9308 4947 8786 897 2852 7827 3770 8034
False
7330
False
False
4
False
False
4
False
4
False
101
9680 8399 6559 3181 242 6410 4025 4899 6221 9265 8977 340 9445 2409 9434 4010 2067 6308 9082 8035 2290 4155 9841 5850 636 7885 1039 2992 3291 8218 6003 8430 9910 3978 6796 1810 8273 3046 2311 1674 1498 9126 1473 7411 9190 3615 9909 7496 4812 7783 8770 3471 4437 928 5766 7259 8091 3834 3118 6191 4 5828 2735 2668 4020 3686 4035 9810 2657 5335 8876 8350 20 9468 7154 9703 4673 5604 2244 5955 7456 3925 9960 4225 5057 7743 128 5362 1608 5287 5705 2507 9308 4947 8786 897 2852 7827 9979 7330 1680
False
101
9680 8399 6559 3181 242 6410 4025 4899 6221 9265 8977 340 9445 2409 9434 4010 2067 6308 9082 8035 2290 4155 9841 5850 636 7885 1039 2992 3291 8218 6003 8430 9910 3978 6796 1810 8273 3046 2311 1674 1498 9126 1473 7411 9190 3615 9909 7496 4812 7783 8770 3471 4437 928 5766 7259 8091 3834 3118 6191 4 5828 2735 2668 4020 3686 4035 9810 2657 5335 8876 8350 20 9468 7154 9703 4673 5604 2244 5955 7456 3925 9960 4225 5057 7743 128 5362 1608 5287 5705 2507 9308 4947 8786 897 2852 7827 9979 3060 2565
2565
9680 8399 6559 3181 242 6410 4025 4899 6221 9265 8977 340 9445 2409 9434 4010 2067 6308 9082 8035 2290 4155 9841 5850 636 7885 1039 2992 3291 8218 6003 8430 9910 3978 6796 1810 8273 3046 2311 1674 1498 9126 1473 7411 9190 3615 9909 7496 4812 7783 8770 3471 4437 928 5766 7259 8091 3834 3118 6191 4 5828 2735 2668 4020 3686 4035 9810 2657 5335 8876 8350 20 9468 7154 9703 4673 5604 2244 5955 7456 3925 9960 4225 5057 7743 128 5362 1608 5287 5705 2507 9308 4947 8786 897 2852 7827 9979 3060 2565
8899
102
False
2565
2565
2565
False
False
9680 8399 6559 3181 242 6410 4025 4899 6221 9265 8977 340 9445 2409 9434 4010 2067 6308 9082 8035 2290 4155 9841 5850 636 7885 1039 2992 3291 8218 6003 8430 9910 3978 6796 1810 8273 3046 2311 1674 1498 9126 1473 7411 9190 3615 9909 7496 4812 7783 8770 3471 4437 928 5766 7259 8091 3834 3118 6191 4 5828 2735 2668 4020 3686 4035 9810 2657 5335 8876 8350 20 9468 7154 9703 4673 5604 2244 5955 7456 3925 9960 4225 5057 7743 128 5362 1608 5287 5705 2507 9308 4947 8786 897 2852 7827 9979 3060 2565
False
2565
2565
3060
4
9680 8399 6559 3181 242 6410 4025 4899 6221 9265 8977 340 9445 2409 9434 4010 2067 6308 9082 8035 2290 4155 9841 5850 636 7885 1039 2992 3291 8218 6003 8430 9910 3978 6796 1810 8273 3046 2311 1674 1498 9126 1473 7411 9190 3615 9909 7496 4812 7783 8770 3471 4437 928 5766 7259 8091 3834 3118 6191 4 5828 2735 2668 4020 3686 4035 9810 2657 5335 8876 8350 20 9468 7154 9703 4673 5604 2244 5955 7456 3925 9960 4225 5057 7743 128 5362 1608 5287 5705 2507 9308 4947 8786 897 2852 7827 9979 3060
4002
101
101
False
102
False
False
False
False
4
99
False
99
False
False
101
False
False
False
4
False
9680 8399 6559 3181 242 6410 4025 4899 6221 9265 8977 340 9445 2409 9434 4010 2067 6308 9082 8035 2290 4155 9841 5850 636 7885 1039 2992 3291 8218 6003 8430 9910 3978 6796 1810 8273 3046 2311 1674 1498 9126 1473 7411 9190 3615 9909 7496 4812 7783 8770 3471 4437 928 5766 7259 8091 3834 3118 6191 4 5828 2735 2668 4020 3686 4035 9810 2657 5335 8876 8350 20 9468 7154 9703 4673 5604 2244 5955 7456 3925 9960 4225 5057 7743 128 5362 1608 5287 5705 2507 9308 4947 8786 897 2852 7827 9979 9580 1611
4
False
9680 8399 6559 3181 242 6410 4025 4899 6221 9265 8977 340 9445 2409 9434 4010 2067 6308 9082 8035 2290 4155 9841 5850 636 7885 1039 2992 3291 8218 6003 8430 9910 3978 6796 1810 8273 3046 2311 1674 1498 9126 1473 7411 9190 3615 9909 7496 4812 7783 8770 3471 4437 928 5766 7259 8091 3834 3118 6191 4 5828 2735 2668 4020 3686 4035 9810 2657 5335 8876 8350 20 9468 7154 9703 4673 5604 2244 5955 7456 3925 9960 4225 5057 7743 128 5362 1608 5287 5705 2507 9308 4947 8786 897 2852 7827 9979 9580 3595
4
9680 8399 6559 3181 242 6410 4025 4899 6221 9265 8977 340 9445 2409 9434 4010 2067 6308 9082 8035 2290 4155 9841 5850 636 7885 1039 2992 3291 8218 6003 8430 9910 3978 6796 1810 8273 3046 2311 1674 1498 9126 1473 7411 9190 3615 9909 7496 4812 7783 8770 3471 4437 928 5766 7259 8091 3834 3118 6191 4 5828 2735 2668 4020 3686 4035 9810 2657 5335 8876 8350 20 9468 7154 9703 4673 5604 2244 5955 7456 3925 9960 4225 5057 7743 128 5362 1608 5287 5705 2507 9308 4947 8786 897 2852 7827 9979 9580 3595
False
