Empty
False
2589 8079
2589
2589 8079 6988
2589 8079 6988
False
2589
4
False
2589
4
False
2589
6988
False
2589
8857
8857
2589 8079 6988 8857
5
2589
False
6709
False
False
2589 8079 6988 8857
False
False
False
8857
8857
2589
6988
2589 8079 6988
2589 8079
False
2589 8079
0
False
Empty
False
Empty
0
1
False
7443
0
Empty


True
True
6174
True
False
0
1785
1785 1756
2
1785 1756 5993
1785 1756 5993
1785 1756
False
3
False
1756
False
5
1756
2637
False
1756
1756
False
2637
False
False
False
False
False
False
5
4725
5
1756
False
5
1785 1756 7192 6841 4725 7429 531
1785 1756 7192 6841 4725 7429 531
False
False
False
7429
False
8
9
False
2420
False
8
8
False
1756
False
False
9
7971
False
7
False
False
7
1437
1148
1148
False
1785 1756 7192 6841 4725 7429 9534 1148 924
1785 1756 7192 6841 4725 7429 9534 1148
1785 1756 7192 6841 4725 7429
False
1785 1756 7192 6841 4725
False
1756
False
1756
1785 1756 7192 6841
7192
False
1756
False
1785 1756
1785 1756
1756
1785 1756 2176 4666
False
4
False
False
False
False
False
370
1785 1756 5440
1756
1785 1756
1756
1756
2
1756
False
123
False
123
1785 1756 5827 123
4
123
123
1785 1756 5827 123
False
123
False
7539
False
False
123
4
1756
1756
False
False
False
1785 1756 8254
4
False
False
1756
False
4
1756
1756
1785 1756 8254
4
1785 1756 8254 2509 4105
5
1756
False
3808
3
3
3
False
1756
1785 1756 8254
False
1
8135
2221
1785
1785 8135 2221 8793
1785
1785
False
False
False
1785 8135 2221 3801 4254
False
2086
False
False
2086
1785
False
1785 8135 2221 3801 2086 4112
1785 8135 2221 3801 2086 4112 139
6
False
False
5
5
1785 8135 2221 3801
False
3
8135
8135
1785 8135
False
1785
False
5490
5490
4
1785
4309
False
6
1785
1785
False
False
False
1785
False
1785
False
1785 8135 4634 5490 4309 2126
1785
2126
False
1785 8135 4634 5490 4309
1785
6
1785 8135 4634 5490
1785 8135 4634 5490
False
False
3
1785
False
1785
7952
6
False
1785
2270
False
7
7
1785
1785
1785
1785 8135 4634 8564 4683 7952 2270 9817 5080
False
9834
9834
False
1785 8135 4634 8564 4683 7952 2270 9817
9817
2270
False
1785 8135 4634 8564 4683 7952 2270 6799 7223
1785
False
7
False
False
6
False
6
False
1785 8135 4634 8564 4683
7
6
1785 8135 4634 8564 4683 5898
6
False
False
False
1785 8135 4634 8564 4683 232
False
False
False
232
1785 8135 4634 8564 4683 232 1928 3995 6361
9
False
10
False
False
1785 8135 4634 8564 4683 232 1928 3995 6361 5835
False
False
False
False
False
False
False
1785 8135 4634 8564 4683 232 1928 3995 6361 5835 3402
3402
False
12
False
False
False
False
1785 8135 4634 8564 4683 232 1928 3995 6361 5835 3402 3847 2157 2002 1751
1785 8135 4634 8564 4683 232 1928 3995 6361 5835 3402 3847 2157 2002 1751
False
9339
15
232
16
1785 8135 4634 8564 4683 232 1928 3995 6361 5835 3402 3847 2157 2002
2002
14
2002
5071
False
14
False
232
232
232
False
False
False
False
232
False
1785 8135 4634 8564 4683 232 1928 3995 6361 5835 3402 3847 2157 2002 8194 5965 8003 6578
232
False
False
232
232
False
False
1785 8135 4634 8564 4683 232 1928 3995 6361 5835 3402 3847 2157 2002 8194 5965 8003 6578 4973 1569
19
232
19
False
False
1785 8135 4634 8564 4683 232 1928 3995 6361 5835 3402 3847 2157 2002 8194 5965 8003 6578 6291
19
False
6578
1785 8135 4634 8564 4683 232 1928 3995 6361 5835 3402 3847 2157 2002 8194 5965 8003 6578
False
18
232
False
6578
232
18
1785 8135 4634 8564 4683 232 1928 3995 6361 5835 3402 3847 2157 2002 8194 5965 8003 9202
232
1785 8135 4634 8564 4683 232 1928 3995 6361 5835 3402 3847 2157 2002 8194 5965 8003 9202 8959
False
8959
False
232
1785 8135 4634 8564 4683 232 1928 3995 6361 5835 3402 3847 2157 2002 8194 5965 8003 9202 8959 4047
False
False
20
232
20
False
6010
6010
232
False
4047
False
19
1785 8135 4634 8564 4683 232 1928 3995 6361 5835 3402 3847 2157 2002 8194 5965 8003 9202 8959
1785 8135 4634 8564 4683 232 1928 3995 6361 5835 3402 3847 2157 2002 8194 5965 8003 9202 8959
False
9202
False
9202
232
19
19
232
9202
8157
False
8157
1785 8135 4634 8564 4683 232 1928 3995 6361 5835 3402 3847 2157 2002 8194 5965 8003 9202 8157
5965
False
False
1921
16
232
16
1921
False
16
232
232
232
3324
1785 8135 4634 8564 4683 232 1928 3995 6361 5835 3402 3847 2157 2002 8194 1921 3324
3324
232
20
8187
False
False
1785 8135 4634 8564 4683 232 1928 3995 6361 5835 3402 3847 2157 2002 8194 1921 3324 4304 6602 8491 8187 9660
False
False
False
False
False
23
9660
1785 8135 4634 8564 4683 232 1928 3995 6361 5835 3402 3847 2157 2002 8194 1921 3324 4304 6602 8491 8187 9660
9660
1785 8135 4634 8564 4683 232 1928 3995 6361 5835 3402 3847 2157 2002 8194 1921 3324 4304 6602 8491 8187 9660
1785 8135 4634 8564 4683 232 1928 3995 6361 5835 3402 3847 2157 2002 8194 1921 3324 4304 6602 8491 8187 9012 9801
9801
9801
1785 8135 4634 8564 4683 232 1928 3995 6361 5835 3402 3847 2157 2002 8194 1921 3324 4304 6602 8491 8187 9012 9801
False
232
23
False
8429
8429
1332
1785 8135 4634 8564 4683 232 1928 3995 6361 5835 3402 3847 2157 2002 8194 1921 3324 4304 6602 8491 8187 9012 4065 8429
1785 8135 4634 8564 4683 232 1928 3995 6361 5835 3402 3847 2157 2002 8194 1921 3324 4304 6602 8491 8187 9012 4065 8429
False
False
1785 8135 4634 8564 4683 232 1928 3995 6361 5835 3402 3847 2157 2002 8194 1921 3324 4304 6602 8491 8187 9012 4065 8429
24
False
False
False
False
False
23
23
False
8015
False
232
False
232
1785 8135 4634 8564 4683 232 1928 3995 6361 5835 3402 3847 2157 2002 8194 1921 3324 4304 6602 8491 8187 9989
9989
False
1785 8135 4634 8564 4683 232 1928 3995 6361 5835 3402 3847 2157 2002 8194 1921 3324 4304 6602 8491 8187
232
1785 8135 4634 8564 4683 232 1928 3995 6361 5835 3402 3847 2157 2002 8194 1921 3324 4304 6602 8491 8187
False
21
False
False
20
1785 8135 4634 8564 4683 232 1928 3995 6361 5835 3402 3847 2157 2002 8194 1921 3324 4304 6602 8491
20
8491
232
6100
1785 8135 4634 8564 4683 232 1928 3995 6361 5835 3402 3847 2157 2002 8194 1921 3324 4304 6602 8491 107 5186 6100
107
5186
False
1785 8135 4634 8564 4683 232 1928 3995 6361 5835 3402 3847 2157 2002 8194 1921 3324 4304 6602 8491 107 5186 4270
False
False
1785 8135 4634 8564 4683 232 1928 3995 6361 5835 3402 3847 2157 2002 8194 1921 3324 4304 6602 8491 107 5186
False
1785 8135 4634 8564 4683 232 1928 3995 6361 5835 3402 3847 2157 2002 8194 1921 3324 4304 6602 8491 107 5186
False
1785 8135 4634 8564 4683 232 1928 3995 6361 5835 3402 3847 2157 2002 8194 1921 3324 4304 6602 8491 107
False
22
22
232
False
232
1785 8135 4634 8564 4683 232 1928 3995 6361 5835 3402 3847 2157 2002 8194 1921 3324 4304 6602 8491 5233 5269 5709
22
21
False
8491
232
False
232
False
1785 8135 4634 8564 4683 232 1928 3995 6361 5835 3402 3847 2157 2002 8194 1921 3324 4304 6602 8425
232
232
18
18
232
False
17
5390
False
232
1785 8135 4634 8564 4683 232 1928 3995 6361 5835 3402 3847 2157 2002 8194 1921 3324 5390 8652 5547
False
5547
1785 8135 4634 8564 4683 232 1928 3995 6361 5835 3402 3847 2157 2002 8194 1921 3324 5390 8652 5547 6327
False
False
1785 8135 4634 8564 4683 232 1928 3995 6361 5835 3402 3847 2157 2002 8194 1921 3324 5390 8652 5547 6327
6327
232
1785 8135 4634 8564 4683 232 1928 3995 6361 5835 3402 3847 2157 2002 8194 1921 3324 5390 8652 5547 6327
5547
20
8652
False
False
232
232
8194
False
False
232
False
16
1785 8135 4634 8564 4683 232 1928 3995 6361 5835 3402 3847 2157 2002 8194 1429 1281
232
1281
18
1281
17
1281
1281
232
False
232
5835
4173
232
1785 8135 4634 8564 4683 232 1928 3995 6361 5835 4173
12
232
13
False
14
False
232
False
False
232
232
12
232
232
4831
232
4831
False
13
13
9953
4831
False
False
False
False
1785 8135 4634 8564 4683 232 1928 3995 6361 5835 4173 7714 3154 4442
False
15
1785 8135 4634 8564 4683 232 1928 3995 6361 5835 4173 7714 3154 4442 3677
False
False
232
13
3154
1785 8135 4634 8564 4683 232 1928 3995 6361 5835 4173 7714 3154 2424
False
1785 8135 4634 8564 4683 232 1928 3995 6361 5835 4173 7714 3154 2424
2424
False
14
1785 8135 4634 8564 4683 232 1928 3995 6361 5835 4173 7714 3154 2424
1785 8135 4634 8564 4683 232 1928 3995 6361 5835 4173 7714 3154 2424
232
13
1785 8135 4634 8564 4683 232 1928 3995 6361 5835 4173 7714 3154
232
232
False
False
1785 8135 4634 8564 4683 232 1928 3995 6361 5835 4173 7714 6194
False
6194
False
False
False
1785 8135 4634 8564 4683 232 1928 3995 6361 5835 4173 7714 1620
False
False
False
False
1785 8135 4634 8564 4683 232 1928 3995 6361 5835 4173 7714
False
False
1785 8135 4634 8564 4683 232 1928 3995 6361 5835 4173 7714
7714
7714
232
12
False
False
12
False
1785 8135 4634 8564 4683 232 1928 3995 6361 5835 4173
232
232
232
232
False
232
232
False
False
3995
False
9991
864
232
1785 8135 4634 8564 4683 232
False
False
5
1785
5
1785
5
1785
2
8135
False
3
False
1785 8135 660
False
1785 8135 7422
1785 8135 9172
8135
1785
2
1785
False
False
False
1785 8135 5704 4614
1785
1785
2
Empty

Empty

Empty

Empty
False
1983
1983
False
1983
False
1983
1983

False
Empty
True
Empty
3207
3207
4643
False
False
3207
False
1
1489
1489
False
2
False
1
1
9893
9893

1944 5304
3
False
False
4
5
1944 5304 2194 2690 1451
1451
False
6
7
1944 5304 2194 2690 1451 2062 8232
1944 5304 2194 2690 1451 2062 8232
8
1451
1944 5304 2194 2690 1451 2062 5420 6365 217 206
206
False
1944 5304 2194 2690 1451 2062 5420 6365 217 206 9173 2144 8380 1745
14
14
False
False
1944 5304 2194 2690 1451 2062 5420 6365 217 206 9173 2144 8380 1745 7668
15
206
False
15
1944 5304 2194 2690 1451 2062 5420 6365 217 206 9173 2144 8380 1745
206
False
False
1944 5304 2194 2690 1451 2062 5420 6365 217 206 9173 2144 8380 1745
1745
206
False
False
False
False
1944 5304 2194 2690 1451 2062 5420 6365 217 206 9173
False
9173
206
11
206
9173
False
False
1944 5304 2194 2690 1451 2062 5420 6365 217 206
False
7960
False
False
False
8071
8071
8
8071
8
1944 5304 2194 2690 1451 2062 9182 8071 65
False
8071
1944 5304 2194 2690 1451 2062 9182
1451
7
1451
7
6270
6270
8
201
9
False
201
1944 5304 2194 2690 1451 2062 201 419
False
1944 5304 2194 2690 1451 2062 201
1944 5304 2194 2690 1451 2062 9870
6
False
1944 5304 2194 2690 1451 2062
False
1944 5304 2194 2690 1451
False
False
1944 5304 2194 2690 6492
6492
False
False
False
1944 5304 2194 2690 6492 2232
1944
6364
False
1944 5304 2194 2690 6492 2232 6364
1944
False
1944 5304 2194 2690 6492 2232 6364
False
False
6
False
6492
1944
5
False
False
1944
1944 5304 2194 2690 6492 437 760
760
7
False
False
614
7
614
False
False
1944 5304 2194 2690 6492 5901
6
False
False
False
False
False
False
False
1944 5304 2194
2194
3
2194
2194
1944 5304 2194
False
430
1944 5304 2194 8774
False
False
1944 5304 2194 8774
False
1944 5304 2194
1944
654
False
1944 5304 2194 1988 654 3101 4487
1944 5304 2194 1988 654 3101 4487
False
1944 5304 2194 1988 654 3101 4487
654
8
False
4933
654
False
1944 5304 2194 1988 654 3101 7569 6656 4933
1944 5304 2194 1988 654 3101 7569 6656 4933
False
4933
8
False
False
8
False
1944 5304 2194 1988 654 3101 7569 3016
654
9
7
654
1944 5304 2194 1988 654 3101 7569
654
654
654
654
654
1944 5304 2194 1988 654 448
654
1944 5304 2194 1988
False
False
False
1944 5304 2194 1988
False
1944 5304 2194 1988
1988
4
False
6
4488
False
20
False
False
1944 5304 2194 1988 405 4488 20
20
1944 5304 2194 1988 405 1646
405
1646
1944 5304 2194 1988 405 1646
6
False
8811
6
405
1988
1944 5304 2194 1988
4
1944
1944 5304 2194 4320
False
1944
2194
1944
2
2
False
False
1944
1944
False
1944 5304 4937 9917 2171 4547 3211 2163
1944
8
1944
7
1944 5304 4937 9917 2171 4547 3211 6364
False
10
False
10
False
991
12
11
False
False
9003
9057
1944 5304 4937 9917 2171 4547 3211 6364 1302 8201 9057
False
11
1302
1302
False
1944 5304 4937 9917 2171 4547 3211 6364 1302 8201
1944 5304 4937 9917 2171 4547 3211 6364 1302 8201
14
1302
1944 5304 4937 9917 2171 4547 3211 6364 1302 8201 8382 2075 2193 7619
1944 5304 4937 9917 2171 4547 3211 6364 1302 8201 8382 2075 2193 7619
1944 5304 4937 9917 2171 4547 3211 6364 1302 8201 8382 2075 2193 7619
1944 5304 4937 9917 2171 4547 3211 6364 1302 8201 8382 2075 2193
1944 5304 4937 9917 2171 4547 3211 6364 1302 8201 8382 2075 2193
1944 5304 4937 9917 2171 4547 3211 6364 1302 8201 8382 2075
1944 5304 4937 9917 2171 4547 3211 6364 1302 8201 8382 2075
False
1128
False
False
15
1944 5304 4937 9917 2171 4547 3211 6364 1302 8201 8382 2075 1128 3035 5373 2352
False
5088
17
False
6852
6852
15
1944 5304 4937 9917 2171 4547 3211 6364 1302 8201 8382 2075 1128 3035 5373
False
5373
False
1944 5304 4937 9917 2171 4547 3211 6364 1302 8201 8382 2075 1128 3035 5373 4442 4677 4026
False
4677
False
1128
4677
1944 5304 4937 9917 2171 4547 3211 6364 1302 8201 8382 2075 1128 3035 5373
1944 5304 4937 9917 2171 4547 3211 6364 1302 8201 8382 2075 1128 3035
False
1128
False
1302
11
1302
False
1302
1302
1944 5304 4937 9917 2171 4547 3211 6364 1302 5222
False
10
False
1944 5304 4937 9917 2171 4547 3211 6364 1302 5222
913
1944 5304 4937 9917 2171 4547 3211 6364 1302 5222 913 3129 3733
3129
False
False
1944 5304 4937 9917 2171 4547 3211 6364 1302 5222 913
11
5222
1944 5304 4937 9917 2171 4547 3211 6364 1302 5222 4003
4003
11
False
10
1302
1302
False
15
6314
False
False
False
False
1302
15
8456
False
8456
1944 5304 4937 9917 2171 4547 3211 6364 1302 5222 6672 2166 2260 8456
False
1302
13
12
1302
6672
1944 5304 4937 9917 2171 4547 3211 6364 1302 5222 6672
1944 5304 4937 9917 2171 4547 3211 6364 1302 5222 6672
1302
11
False
1302
6672
1944 5304 4937 9917 2171 4547 3211 6364 1302 5222 6672 3292
3292
1944 5304 4937 9917 2171 4547 3211 6364 1302 5222 6672 3292
1944 5304 4937 9917 2171 4547 3211 6364 1302 5222 6672 3292
False
False
1944 5304 4937 9917 2171 4547 3211 6364 1302 5222 6672 3292 9201 7804
False
False
17
False
False
18
1302
1944 5304 4937 9917 2171 4547 3211 6364 1302 5222 6672 3292 9201 7804 2414 8236 7952 3547
3547
False
False
1302
1302
False
18
1302
False
1944 5304 4937 9917 2171 4547 3211 6364 1302 5222 6672 3292 9201 7804 2414 8236 7952 3547 3179
19
False
1944 5304 4937 9917 2171 4547 3211 6364 1302 5222 6672 3292 9201 7804 2414 8236 7952 3547 3179
False
1302
3547
False
1302
False
False
1944 5304 4937 9917 2171 4547 3211 6364 1302 5222 6672 3292 9201 7804 2414
2414
1302
False
1302
1302
False
14
False
False
1302
False
12
1302
1944 5304 4937 9917 2171 4547 3211 6364 1302 5222 6672 3292 5138
13
False
1944 5304 4937 9917 2171 4547 3211 6364 1302 5222 6672 3292
12
12
False
8596
False
False
3025
15
False
7459
1302
False
False
352
False
352
False
1944 5304 4937 9917 2171 4547 3211 6364 1302 5222 6672 3292
False
4343
1944 5304 4937 9917 2171 4547 3211 6364 1302 5222 6672 3292 4343
1944 5304 4937 9917 2171 4547 3211 6364 1302 5222 6672 3292 4343
False
1302
1944 5304 4937 9917 2171 4547 3211 6364 1302 5222 6672 3292 4343 1689
4363
1302
15
1944 5304 4937 9917 2171 4547 3211 6364 1302 5222 6672 3292 4343 1689 4363
1944 5304 4937 9917 2171 4547 3211 6364 1302 5222 6672 3292 4343 1689
1302
False
6672
7891
6327
False
1944 5304 4937 9917 2171 4547 3211 6364 1302 5222 6672 5543
12
1944 5304 4937 9917 2171 4547 3211 6364 1302 5222 6672 5543
12
1302
False
False
False
1944 5304 4937 9917 2171 4547 3211 6364 1302 5222 6672 5543 339 2449
339
339
False
8894
False
False
False
14
False
False
1944 5304 4937 9917 2171 4547 3211 6364 1302 5222 6672 5543 339 9581
9581
False
False
False
False
339
False
False
18
339
339
20
5955
False
1944 5304 4937 9917 2171 4547 3211 6364 1302 5222 6672 5543 339 4806 7897 832 6411 6175 5955
339
339
339
1944 5304 4937 9917 2171 4547 3211 6364 1302 5222 6672 5543 339 4806 7897 832 6411 6175 5955 8168 5566
1944 5304 4937 9917 2171 4547 3211 6364 1302 5222 6672 5543 339 4806 7897 832 6411 6175 5955 8168
3455
339
339
21
9684
339
6175
False
1944 5304 4937 9917 2171 4547 3211 6364 1302 5222 6672 5543 339 4806 7897 832 6411 6175
1944 5304 4937 9917 2171 4547 3211 6364 1302 5222 6672 5543 339 4806 7897 832 6411
False
17
339
17
17
1944 5304 4937 9917 2171 4547 3211 6364 1302 5222 6672 5543 339 4806 7897 832 2247
False
False
1944 5304 4937 9917 2171 4547 3211 6364 1302 5222 6672 5543 339 4806 7897 832 2247 251
18
251
False
18
1944 5304 4937 9917 2171 4547 3211 6364 1302 5222 6672 5543 339 4806 7897 832 2247
False
18
1975
1944 5304 4937 9917 2171 4547 3211 6364 1302 5222 6672 5543 339 4806 7897 832
False
1944 5304 4937 9917 2171 4547 3211 6364 1302 5222 6672 5543 339 4806 7897
12
81
1302
False
12
False
6672
False
False
False
6672
1302
12
False
1302
False
1302
1944 5304 4937 9917 2171 4547 3211 6364 1302 5222 6672 7286
1944 5304 4937 9917 2171 4547 3211 6364 1302 5222 6672 7286 8994
1302
False
1302
False
1944 5304 4937 9917 2171 4547 3211 6364 1302 5222 6672 7286 8994
1944 5304 4937 9917 2171 4547 3211 6364 1302 5222 6672 7286 8994
8994
1302
False
12
1944 5304 4937 9917 2171 4547 3211 6364 1302 5222 6672 7286
7286
1944 5304 4937 9917 2171 4547 3211 6364 1302 5222 6672 7286
6672
1944 5304 4937 9917 2171 4547 3211 6364 1302 5222 6672
6672
1944 5304 4937 9917 2171 4547 3211 6364 1302 5222 6672
False
742
False
742
False
False
742
10
2796
1302
False
False
1944 5304 4937 9917 2171 4547 3211 6364 1302 5222 2796
12
9133
False
False
12
12
False
False
False
1944 5304 4937 9917 2171 4547 3211 6364 1302 5222 2796
11
1302
5222
1944 5304 4937 9917 2171 4547 3211 6364 1302 5222
False
1302
1944 5304 4937 9917 2171 4547 3211 6364 1302 5222
False
8284
7261
1944 5304 4937 9917 2171 4547 3211 6364 1302 5222 8284 7261
7261
13
False
1944 5304 4937 9917 2171 4547 3211 6364 1302 5222 8284 7261 9553
False
False
12
1944 5304 4937 9917 2171 4547 3211 6364 1302 5222 8284 4875
4875
4875
False
4875
11
1944 5304 4937 9917 2171 4547 3211 6364 1302 5222
1944
9
8
1944 5304 4937 9917 2171 4547 3211 6364 4288
False
1944
False
2171
5
5
1944
False
1944 5304 4937 9917 2124
2124
1944
6626
False
False
1944 5304 4937
False
False
False
False
1944
2
1944
False
False
1
1944
False
2
1043
1043
1043
False
4
1944 1908 1043 6197 903
False
1043
2
3
False
8951
2
1944 1908 6229 4907
8944
4907
1908
1908
2
2
False
1908
2
1908
1944 1908
False
1944 1908
1908
False
False
1
1944
1944
Empty
Empty
Empty
0
False
Empty
6924
6924
6924
False
False
1211
6924 1211


False



True
9127
False
False
1975
1975
5341
3
False
False
False
1
9127
9127
False
421
False
False
421
False
421
False
421
421
False
6
9127 421 2026 4569 6673 4426
False
False
421
421
False
False
False
7166
4
9127 421 7166
False
False
3
9127 421 3415
9127
9127 9792
9127 9792 9209
False
9127
9184
False
1277


True
Empty
1
0
Empty
0
Empty
416
416
416
1
False
1
False
416
False


True

Empty

Empty
0
False


False
False
False
False
1
True
0
False
8811
1
False
False
8811 6018
8811 6018
1
8811
False
8811
8811
False
False
False
4800
2
2
4800
False
3
5769
False
False
3
8811 4800 5769 4118 1088
False
8811 4800 5769 4118 1088 3328
False
1064
1064
1064
False
1088
False
1088
1088
8811 4800 5769 4118
4800
8811 4800
3
2
4800
4800
True
Empty
Empty



Empty
False
Empty
False
False
False
6281

True
Empty


454
454
454
0
False
3
162
8253 162 8041
162
3
False
162
162
7208
2571
False
162
False
False
False
8253 162 8041 9941 791 8960 7208 8519
8
8253 162 8041 9941 791 8960 7208 8519
False
8253 162 8041 9941 791 8960 7208
False
8253 162 8041 9941 791
False
False
False
3
False
False
False
8253 162 1841 276 749
8253 162 1841 276 749
False
False
8253 162 1841 276 749 2374 8123
False
False
7
8123
8123
162
162
7
False
7
False
False
2374
6
2374
6
162
8253 162 1841 276 749 2374
False
False
8253 162 1841 276 749 2374
162
162
False
8253
False
8253
8253
2
False
8253 5730 1371
5730
8253 5730
8253
0
False

Empty
True
7879
7879
7879
False
7879
7879
0

True
False
2
1929
5320
5320
False
5320
5320
Empty
0
False
4267
4831 4267
False
False
4831 4267
False
4267
False
4
False
4831 4267 3363 8439
3363
False
4831 4267 3363 8439
4831 4267 3363 8439
1099
1099
8439
4831 4267 3363 8439
4831 4267 3363 8439 7527 6431
False
False
False
False
4831 4267 3363 8439 7527 6431 8961 5112
False
1532
1532
4831 4267 3363 8439 7527 6431 8961
7
3363
4966
825
False
False
False
10
False
False
9
825
False
3363
False
False
3363
8
False
7
False
7528
7
False
False
False
10
5583
1588
1588
False
1588
4831 4267 3363 8439 7527 6431 7528 2342 7398 5583 3357 7086 5298 1588
4831 4267 3363 8439 7527 6431 7528 2342 7398 5583 3357 7086 5298
2342
2342
13
4831 4267 3363 8439 7527 6431 7528 2342 7398 5583 3357 7086 5298 2979
15
False
13
5298
1171
4831 4267 3363 8439 7527 6431 7528 2342 7398 5583 3357 7086
2342
False
False
False
False
11
11
10
False
False
False
4831 4267 3363 8439 7527 6431 7528 2342 7398 5583 5887 8473
4831 4267 3363 8439 7527 6431 7528 2342 7398 5583 5887 8473 662 9917
7877
False
17
False
662
15
15
13
662
4831 4267 3363 8439 7527 6431 7528 2342 7398 5583 5887 8473 662
False
2890
8809
8809
4831 4267 3363 8439 7527 6431 7528 2342 7398 5583 5887 8473 662 2890 8809
False
662
4831 4267 3363 8439 7527 6431 7528 2342 7398 5583 5887 8473 662 2890 8809 5584
False
662
False
False
662
False
15
False
18
False
7949
7949
4831 4267 3363 8439 7527 6431 7528 2342 7398 5583 5887 8473 662 2890 8809 2796 4451 7949
9598
4831 4267 3363 8439 7527 6431 7528 2342 7398 5583 5887 8473 662 2890 8809 2796 4451 7949 9598
662
662
False
662
21
False
20
False
False
21
662
False
4831 4267 3363 8439 7527 6431 7528 2342 7398 5583 5887 8473 662 2890 8809 2796 4451 7949 9598 3988 992 7703
4831 4267 3363 8439 7527 6431 7528 2342 7398 5583 5887 8473 662 2890 8809 2796 4451 7949 9598 3988 992 7703
662
662
662
20
False
662
4831 4267 3363 8439 7527 6431 7528 2342 7398 5583 5887 8473 662 2890 8809 2796 4451 7949 9598 3988
False
False
False
4831 4267 3363 8439 7527 6431 7528 2342 7398 5583 5887 8473 662 2890 8809 2796 4451 7949 3060
7949
662
False
7949
662
False
False
18
7949
4831 4267 3363 8439 7527 6431 7528 2342 7398 5583 5887 8473 662 2890 8809 2796 4451 7949
18
18
18
4831 4267 3363 8439 7527 6431 7528 2342 7398 5583 5887 8473 662 2890 8809 2796 4451 7949
18
4831 4267 3363 8439 7527 6431 7528 2342 7398 5583 5887 8473 662 2890 8809 2796 4451 7949
662
19
False
False
False
