

False
Empty
0
Empty
5870
5870 5915 8152
False
3930
False
False
5870 5915 8260 3930
False
3930
4
False
False
5870 5915 8260
5870
1
5870
5870
False
5553
5553
5870 5553
5870
False
False
5870 3444
False
5870 3444
False
3444
5870 3444
3444
2
False
False
2
True
0
Empty
Empty
False
0
True
0
False

True
Empty
Empty
1
False
1
False
3457 1866 2432 6183
False
1866
False
1866
1866
False
3
3457 1866 2432
2
5413
1866
False
4
False
5040
1866
4
2160
2
1866
3457 1866
1866
1809
False
False
1809
3
False
3
3457 5692 1809
1809
3457 5692 1809 1315 6570
False
5
7
6
1288
1288
False
False
3457 5692 1809 1315 2171 1288 9809
3457 5692 1809 1315 2171 1288
1288
3457 5692 1809 1315 2171 1288
1288
False
6
4687
4687
False
3457 5692 1809 1315 2171 1288 4687
8
3945
False
False
3457 5692 1809 1315 2171 1288 4687 3945 5458
4687
4687
4687
7
7
7
False
6
False
5
False
4
3457 5692 1809 1315
3457 5692 1809 1315
False
1315
1315
8644
1315
5
5
3457 5692 1809 1315 8644
False
8644
639
False
1297
3457 5692 1809 1315 8644 639 8853 1297
9
639
4028
8853
False
8853
False
False
3457 5692 1809 1315 8644 639
3457 5692 1809 1315 8644 639
5
3684
3457 5692 1809 1315 3684
8
470
270
False
3457 5692 1809 1315 3684 6637 270 470 9671
False
9671
False
3457 5692 1809 1315 3684 6637 270 470 9671
False
False
270
9671
False
False
False
False
11
14
14
False
270
False
3457 5692 1809 1315 3684 6637 270 470 7055 6124 4904
11
False
False
False
8899
8899
270
270
13
5224
3457 5692 1809 1315 3684 6637 270 470 7055 6124 4904 8899
False
8053
False
270
False
8899
False
False
13
False
6229
False
False
False
False
False
False
False
3457 5692 1809 1315 3684 6637 270 470 7055 6124 4904 8899 1818 8469
8469
8469
8469
8469
270
18
False
3457 5692 1809 1315 3684 6637 270 470 7055 6124 4904 8899 1818 9073 6112 2181 8323 8703 3908
3908
False
3457 5692 1809 1315 3684 6637 270 470 7055 6124 4904 8899 1818 9073 6112 2181 8323 8703 3908 7781
False
270
False
6112
15
6112
3457 5692 1809 1315 3684 6637 270 470 7055 6124 4904 8899 1818 9073 8642 8218
9073
270
False
False
3457 5692 1809 1315 3684 6637 270 470 7055 6124 4904 8899 7841
3457 5692 1809 1315 3684 6637 270 470 7055 6124 4904 8899 7841
13
False
3815
False
15
15
270
3457 5692 1809 1315 3684 6637 270 470 7055 6124 4904 8899 7841 4811 3815
270
15
15
3815
270
False
False
3457 5692 1809 1315 3684 6637 270 470 7055 6124 4904 8899 7841 4811 3815 6189 5573
False
5573
17
3457 5692 1809 1315 3684 6637 270 470 7055 6124 4904 8899 7841 4811 3815 6189 5573 2256
18
3457 5692 1809 1315 3684 6637 270 470 7055 6124 4904 8899 7841 4811 3815 6189 5573 2256
5573
3457 5692 1809 1315 3684 6637 270 470 7055 6124 4904 8899 7841 4811 3815 6189 5573 3192 4304
270
4304
270
19
270
17
False
16
15
3457 5692 1809 1315 3684 6637 270 470 7055 6124 4904 8899 7841 4811 3815
3457 5692 1809 1315 3684 6637 270 470 7055 6124 4904 8899 7841 4811 3815
3815
3457 5692 1809 1315 3684 6637 270 470 7055 6124 4904 8899 7841 4811 3815
14
3457 5692 1809 1315 3684 6637 270 470 7055 6124 4904 8899
8899
270
False
False
3457 5692 1809 1315 3684 6637 270 470 7055 6124 4904 8190
270
8437
8597
8597
3457 5692 1809 1315 3684 6637 270 470 7055 6124 4904 8437 9328
False
False
3457 5692 1809 1315 3684 6637 270 470 7055 6124 4904 8437 9328 4039 4240 206
False
3457 5692 1809 1315 3684 6637 270 470 7055 6124 4904 8437 9328 4039 4240 206 9768
206
False
206
False
3457 5692 1809 1315 3684 6637 270 470 7055 6124 4904 8437 9328 4039 4240 206 9768 7746 8294
8294
20
7942
3927
206
3457 5692 1809 1315 3684 6637 270 470 7055 6124 4904 8437 9328 4039 4240 206 9768 7746 8294 7942
7942
False
20
206
20
18
17
17
17
False
False
False
3457 5692 1809 1315 3684 6637 270 470 7055 6124 4904 8437 9328 4039 4240 206 9768 5951
False
3457 5692 1809 1315 3684 6637 270 470 7055 6124 4904 8437 9328 4039 4240 206 9768 5951 5555
5951
206
18
False
270
4240
3457 5692 1809 1315 3684 6637 270 470 7055 6124 4904 8437 9328 4039 4240
False
9336
3457 5692 1809 1315 3684 6637 270 470 7055 6124 4904 8437 9328 4039 9336
270
False
False
8505
8505
False
False
False
False
6190
6190
False
False
False
8505
15
False
8505
False
False
270
1143
1143
16
270
3457 5692 1809 1315 3684 6637 270 470 7055 6124 4904 8437 9328 4039 8505 1569
3457 5692 1809 1315 3684 6637 270 470 7055 6124 4904 8437 9328 4039 8505 1569 886
17
5531
270
False
1569
1569
9328
14
270
270
270
4326
4326
3457 5692 1809 1315 3684 6637 270 470 7055 6124 4904 8437 9328 4326
False
False
3457 5692 1809 1315 3684 6637 270 470 7055 6124 4904 8437 7927 4309
4309
4309
False
4309
False
3457 5692 1809 1315 3684 6637 270 470 7055 6124 4904 8437 7927 4309 4256 7377 7503
False
17
False
3457 5692 1809 1315 3684 6637 270 470 7055 6124 4904 8437 7927 4309 4256 7377 7503
False
False
270
False
270
False
13
False
4950
4950
3457 5692 1809 1315 3684 6637 270 470 7055 6124 4904 8437 7927 4950
3457 5692 1809 1315 3684 6637 270 470 7055 6124 4904 8437 7927 4950
False
False
12
False
False
False
False
3457 5692 1809 1315 3684 6637 270
270
False
1315
3457 5692 1809 1315 3684 6637
1315
1315
False
1315
1809
3457
2
5692
5692
3457
5692
False
3457
3457
1467
1467 5667
1467
3
False
8188
False
3
False
1467
4217
False
4
1467 6352 6788
963
1467 6352
3
1467 6352 9278
1467
False
3
1467 6352
False
False
1
1467
6809
False
6809
1467
2
1007
1467 1007
1467 1007
1007
False
1
False
1
1467
False
False
2
4154
1467 4154
1467
4
False
1078
False
1078
1078
False
1467 4154 2604 1078
4
1467
False
1467
False
2604
False
False
1467 4154
False
False
3
892
1467 892
892
892
892
1467 892
False
892
False
False
892
1467 892 1758
False
5
False
3550
1467 892 1758 4561 5337 3550
3550
892
6
False
False
5337
5337
False
False
False
5
892
1467 892 1758 4561 5337
False
1467 892 1758
892
4
False
892
892
False
6148
6148
False
6148
4
1467 892 1758
892
False
False
False
497
1467 892 1758 497
497
False
False
False
497
1467 892 1758 497 1987 7061
False
1467 892 1758 497 1987 7061 6637
8
4258
497
497
9
1467 892 1758 497 1987 7061 6637 2363 4258
False
False
395
1002
12
1132
12
False
False
395
395
395
395
False
1467 892 1758 497 1987 7061 6637 2363 4258 8462 395 1002 4684 9352
17
15
4885
395
15
False
1467 892 1758 497 1987 7061 6637 2363 4258 8462 395 1002 4684 3156 4885
3156
1467 892 1758 497 1987 7061 6637 2363 4258 8462 395 1002 4684 3156
14
False
395
395
9501
False
False
1467 892 1758 497 1987 7061 6637 2363 4258 8462 395 1002 9501
13
13
False
False
9501
13
12
1002
395
False
False
False
1467 892 1758 497 1987 7061 6637 2363 4258 8462 395 9424
395
1467 892 1758 497 1987 7061 6637 2363 4258 8462 395 9424 4092 1528 9522
False
False
395
1138
False
16
1467 892 1758 497 1987 7061 6637 2363 4258 8462 395 9424 4092 1528 9522 2096
False
395
16
2096
395
16
7222
7222
9522
1416
False
1467 892 1758 497 1987 7061 6637 2363 4258 8462 395 9424 4092 1528 9522 5132 1416 4781
1467 892 1758 497 1987 7061 6637 2363 4258 8462 395 9424 4092 1528 9522 5132 1416 4781
1467 892 1758 497 1987 7061 6637 2363 4258 8462 395 9424 4092 1528 9522 5132 1416 4781
False
20
1467 892 1758 497 1987 7061 6637 2363 4258 8462 395 9424 4092 1528 9522 5132 1416 1143 1615 3383
1467 892 1758 497 1987 7061 6637 2363 4258 8462 395 9424 4092 1528 9522 5132 1416 1143 1615 3383
20
20
395
1467 892 1758 497 1987 7061 6637 2363 4258 8462 395 9424 4092 1528 9522 5132 1416 1143
1467 892 1758 497 1987 7061 6637 2363 4258 8462 395 9424 4092 1528 9522 5132 1416 1143
False
18
395
1467 892 1758 497 1987 7061 6637 2363 4258 8462 395 9424 4092 1528 9522 5132 1416 1143 5779
395
False
False
21
8736
22
395
5742
395
False
False
1467 892 1758 497 1987 7061 6637 2363 4258 8462 395 9424 4092 1528 9522 5132 1416 1143 5779 7845 1422
395
1467 892 1758 497 1987 7061 6637 2363 4258 8462 395 9424 4092 1528 9522 5132 1416 1143 5779 7845 1422
False
False
22
False
False
False
1467 892 1758 497 1987 7061 6637 2363 4258 8462 395 9424 4092 1528 9522 5132 1416 1143 5779 7845 1422 1539
8860
False
False
False
False
395
1467 892 1758 497 1987 7061 6637 2363 4258 8462 395 9424 4092 1528 9522 5132 1416 1143 5779 7845 1422 8860 9632 249 866
26
False
3035
26
False
False
3035
249
False
249
1467 892 1758 497 1987 7061 6637 2363 4258 8462 395 9424 4092 1528 9522 5132 1416 1143 5779 7845 1422 8860 9632 249
23
False
9632
False
395
1422
395
21
22
False
6425
6425
1467 892 1758 497 1987 7061 6637 2363 4258 8462 395 9424 4092 1528 9522 5132 1416 1143 5779 7845 1422 435 6425
23
395
1467 892 1758 497 1987 7061 6637 2363 4258 8462 395 9424 4092 1528 9522 5132 1416 1143 5779 7845 1422 435 6425 2556
395
False
False
22
395
435
395
22
435
21
1467 892 1758 497 1987 7061 6637 2363 4258 8462 395 9424 4092 1528 9522 5132 1416 1143 5779 7845 1422
False
1467 892 1758 497 1987 7061 6637 2363 4258 8462 395 9424 4092 1528 9522 5132 1416 1143
False
False
False
False
1467 892 1758 497 1987 7061 6637 2363 4258 8462 395 9424 4092 1528 9522 5132 1416 1143 2163 2669
False
1467 892 1758 497 1987 7061 6637 2363 4258 8462 395 9424 4092 1528 9522 5132 1416 1143 2163
2163
False
1467 892 1758 497 1987 7061 6637 2363 4258 8462 395 9424 4092 1528 9522 5132 1416 1143 2163
19
False
False
False
4844
False
1467 892 1758 497 1987 7061 6637 2363 4258 8462 395 9424 4092 1528 9522 5132 1416 1143 2163 4844
19
9302
395
395
395
False
20
False
9842
1467 892 1758 497 1987 7061 6637 2363 4258 8462 395 9424 4092 1528 9522 5132 1416 1143 2163 9842 4236
False
231
231
False
231
26
False
7832
25
False
26
231
1467 892 1758 497 1987 7061 6637 2363 4258 8462 395 9424 4092 1528 9522 5132 1416 1143 2163 9842 4236 7166 3459 931 231 5085 1344
1467 892 1758 497 1987 7061 6637 2363 4258 8462 395 9424 4092 1528 9522 5132 1416 1143 2163 9842 4236 7166 3459 931 231
False
24
1467 892 1758 497 1987 7061 6637 2363 4258 8462 395 9424 4092 1528 9522 5132 1416 1143 2163 9842 4236 7166 3459
3459
23
False
False
3459
False
False
False
24
1467 892 1758 497 1987 7061 6637 2363 4258 8462 395 9424 4092 1528 9522 5132 1416 1143 2163 9842 4236 7166 3459 3317
False
False
3317
False
25
26
190
190
25
190
False
190
190
190
False
False
6386
190
190
27
False
False
1467 892 1758 497 1987 7061 6637 2363 4258 8462 395 9424 4092 1528 9522 5132 1416 1143 2163 9842 4236 7166 3459 3317 190 8186 8595 2898
False
1467 892 1758 497 1987 7061 6637 2363 4258 8462 395 9424 4092 1528 9522 5132 1416 1143 2163 9842 4236 7166 3459 3317 190 8186 8595 2898
1467 892 1758 497 1987 7061 6637 2363 4258 8462 395 9424 4092 1528 9522 5132 1416 1143 2163 9842 4236 7166 3459 3317 190 8186 8595 2898 9419 1353
False
False
False
190
190
False
1467 892 1758 497 1987 7061 6637 2363 4258 8462 395 9424 4092 1528 9522 5132 1416 1143 2163 9842 4236 7166 3459 3317 190 8186 8595 2898
1467 892 1758 497 1987 7061 6637 2363 4258 8462 395 9424 4092 1528 9522 5132 1416 1143 2163 9842 4236 7166 3459 3317 190 8186 8595
1467 892 1758 497 1987 7061 6637 2363 4258 8462 395 9424 4092 1528 9522 5132 1416 1143 2163 9842 4236 7166 3459 3317 190 8186 8595
8595
6991
False
6991
8186
False
25
25
25
1467 892 1758 497 1987 7061 6637 2363 4258 8462 395 9424 4092 1528 9522 5132 1416 1143 2163 9842 4236 7166 3459 3317 190
25
190
False
False
False
22
395
1467 892 1758 497 1987 7061 6637 2363 4258 8462 395 9424 4092 1528 9522 5132 1416 1143 2163 9842 4236 7166 9300
9300
23
24
1467 892 1758 497 1987 7061 6637 2363 4258 8462 395 9424 4092 1528 9522 5132 1416 1143 2163 9842 4236 7166 3242 187
1467 892 1758 497 1987 7061 6637 2363 4258 8462 395 9424 4092 1528 9522 5132 1416 1143 2163 9842 4236 7166 3242
1467 892 1758 497 1987 7061 6637 2363 4258 8462 395 9424 4092 1528 9522 5132 1416 1143 2163 9842 4236 7166 3242
1467 892 1758 497 1987 7061 6637 2363 4258 8462 395 9424 4092 1528 9522 5132 1416 1143 2163 9842 4236 7166 3242
False
False
False
395
395
24
24
395
395
3671
1467 892 1758 497 1987 7061 6637 2363 4258 8462 395 9424 4092 1528 9522 5132 1416 1143 2163 9842 4236 7166 4055 3671
395
7166
False
False
4236
21
False
1467 892 1758 497 1987 7061 6637 2363 4258 8462 395 9424 4092 1528 9522 5132 1416 1143 2163 9842
1467 892 1758 497 1987 7061 6637 2363 4258 8462 395 9424 4092 1528 9522 5132 1416 1143 2163 9842
20
9842
1467 892 1758 497 1987 7061 6637 2363 4258 8462 395 9424 4092 1528 9522 5132 1416 1143 2163 9842
395
1467 892 1758 497 1987 7061 6637 2363 4258 8462 395 9424 4092 1528 9522 5132 1416 1143 2163
1143
17
1416
5388
395
18
19
395
20
False
False
3344
False
1467 892 1758 497 1987 7061 6637 2363 4258 8462 395 9424 4092 1528 9522 5132 1416 5388 2495 5368 3344
False
False
5368
19
19
1467 892 1758 497 1987 7061 6637 2363 4258 8462 395 9424 4092 1528 9522 5132 1416 5388 2495
False
20
1467 892 1758 497 1987 7061 6637 2363 4258 8462 395 9424 4092 1528 9522 5132 1416 5388 2495
2495
395
395
False
19
False
395
False
395
False
395
1467 892 1758 497 1987 7061 6637 2363 4258 8462 395 9424 4092 1528 9522 5132 1416 5388 7252 9857 5947
False
395
395
21
1467 892 1758 497 1987 7061 6637 2363 4258 8462 395 9424 4092 1528 9522 5132 1416 5388 7252 9857 5947
False
False
21
False
7359
False
False
395
619
619
1467 892 1758 497 1987 7061 6637 2363 4258 8462 395 9424 4092 1528 9522 5132 1416 5388 7252 1074 7359 619 5092
23
False
27
False
29
6632
False
30
1467 892 1758 497 1987 7061 6637 2363 4258 8462 395 9424 4092 1528 9522 5132 1416 5388 7252 1074 7359 619 4258 7941 463 2413 1824 7306 6632 9331
1467 892 1758 497 1987 7061 6637 2363 4258 8462 395 9424 4092 1528 9522 5132 1416 5388 7252 1074 7359 619 4258 7941 463 2413 1824 7306 6632 9331
9331
29
6632
1467 892 1758 497 1987 7061 6637 2363 4258 8462 395 9424 4092 1528 9522 5132 1416 5388 7252 1074 7359 619 4258 7941 463 2413 1824 7306 6632 7465
False
31
31
False
2955
2955
32
395
32
32
1467 892 1758 497 1987 7061 6637 2363 4258 8462 395 9424 4092 1528 9522 5132 1416 5388 7252 1074 7359 619 4258 7941 463 2413 1824 7306 6632 7465 848 3302
False
1467 892 1758 497 1987 7061 6637 2363 4258 8462 395 9424 4092 1528 9522 5132 1416 5388 7252 1074 7359 619 4258 7941 463 2413 1824 7306 6632 7465
False
False
29
28
7306
False
1824
1467 892 1758 497 1987 7061 6637 2363 4258 8462 395 9424 4092 1528 9522 5132 1416 5388 7252 1074 7359 619 4258 7941 463 2413 1824
False
395
1824
1467 892 1758 497 1987 7061 6637 2363 4258 8462 395 9424 4092 1528 9522 5132 1416 5388 7252 1074 7359 619 4258 7941 463
395
463
1467 892 1758 497 1987 7061 6637 2363 4258 8462 395 9424 4092 1528 9522 5132 1416 5388 7252 1074 7359 619 4258 7941 463
7941
395
4258
619
False
19
5388
5388
1467 892 1758 497 1987 7061 6637 2363 4258 8462 395 9424 4092 1528 9522 5132
1467 892 1758 497 1987 7061 6637 2363 4258 8462 395 9424 4092 1528 9522 5132
False
False
395
16
1467 892 1758 497 1987 7061 6637 2363 4258 8462 395 9424 4092 1528 9522 1344 3919 7113
False
False
False
18
False
1467 892 1758 497 1987 7061 6637 2363 4258 8462 395 9424 4092 1528 9522 1344 9414 51
False
395
False
395
110
19
False
395
False
False
1467 892 1758 497 1987 7061 6637 2363 4258 8462 395 9424 4092 1528 9522 1344 9414 8654
395
False
False
1467 892 1758 497 1987 7061 6637 2363 4258 8462 395 9424 4092 1528 9522 1344 9414 4221
395
1467 892 1758 497 1987 7061 6637 2363 4258 8462 395 9424 4092 1528 9522 1344 9414
15
15
False
False
False
False
395
False
395
False
1467 892 1758 497 1987 7061 6637 2363 4258 8462 395 9424 4092 1970
1467 892 1758 497 1987 7061 6637 2363 4258 8462 395 9424 4092 1970
False
395
False
1467 892 1758 497 1987 7061 6637 2363 4258 8462 395 9424 4092 1970
395
False
False
5997
False
12
9280
13
False
False
9280
12
False
395
1467 892 1758 497 1987 7061 6637 2363 4258 8462 395 2843
False
False
False
12
8981
13
6444
False
False
497
6444
1467 892 1758 497 1987 7061 6637 2363 4258 8462 2251 3779 8981 7286 6444
6444
1467 892 1758 497 1987 7061 6637 2363 4258 8462 2251 3779 8981 7286 6444 3932 4387
18
17
15
15
False
False
False
15
6749
497
1467 892 1758 497 1987 7061 6637 2363 4258 8462 2251 3779 8981 7286 6749
1467 892 1758 497 1987 7061 6637 2363 4258 8462 2251 3779 8981 7286 6749 4577
15
False
False
497
7286
14
497
497
1467 892 1758 497 1987 7061 6637 2363 4258 8462 2251 3779 8981
False
8981
1467 892 1758 497 1987 7061 6637 2363 4258 8462 2251 3779 8981
1467 892 1758 497 1987 7061 6637 2363 4258 8462 2251 3779 8981
False
1467 892 1758 497 1987 7061 6637 2363 4258 8462 2251 3779 8981
1467 892 1758 497 1987 7061 6637 2363 4258 8462 2251 3779 8981
13
1467 892 1758 497 1987 7061 6637 2363 4258 8462 2251 3779 8981
12
3779
False
3779
3779
False
1467 892 1758 497 1987 7061 6637 2363 4258 8462 2251 3779
497
1467 892 1758 497 1987 7061 6637 2363 4258 8462 2251 3779
3779
1467 892 1758 497 1987 7061 6637 2363 4258 8462 2251
2251
False
497
1467 892 1758 497 1987 7061 6637 2363 4258 8462 2251
False
497
8462
1467 892 1758 497 1987 7061 6637 2363 4258 8462
497
3826
10
False
False
4258
False
2046
1467 892 1758 497 1987 7061 6637 2363 4258 3052 5213 2046
6852
False
497
12
2732
497
1467 892 1758 497 1987 7061 6637 2363 4258 3052 5213 2046 2732
1467 892 1758 497 1987 7061 6637 2363 4258 3052 5213 2046 2732 7745
False
497
497
False
497
1467 892 1758 497 1987 7061 6637 2363 4258 3052 5213 2046 2732
False
497
False
False
False
False
1467 892 1758 497 1987 7061 6637 2363 4258 3052 5213 2046 2732
497
497
6996
False
497
2732
13
2732
13
497
False
1467 892 1758 497 1987 7061 6637 2363 4258 3052 5213 2046
False
15
False
False
5613
False
16
5520
False
1467 892 1758 497 1987 7061 6637 2363 4258 3052 5213 2046 8366 9653 5613 5520
497
5520
497
False
1467 892 1758 497 1987 7061 6637 2363 4258 3052 5213 2046 8366 9653 5613 5520 4974 860
497
False
19
19
False
1612
497
19
False
False
1467 892 1758 497 1987 7061 6637 2363 4258 3052 5213 2046 8366 9653 5613 5520 4974
False
16
False
5520
16
False
16
False
497
3572
497
19
1467 892 1758 497 1987 7061 6637 2363 4258 3052 5213 2046 8366 9653 5613 5520 9106 1574 7193 1875
1467 892 1758 497 1987 7061 6637 2363 4258 3052 5213 2046 8366 9653 5613 5520 9106 1574 7193 1875
497
19
497
21
20
7193
497
497
9033
9033
9033
9033
False
497
False
497
18
9033
False
20
8850
497
9300
19
1467 892 1758 497 1987 7061 6637 2363 4258 3052 5213 2046 8366 9653 5613 5520 9106 1054 9300
1467 892 1758 497 1987 7061 6637 2363 4258 3052 5213 2046 8366 9653 5613 5520 9106 1054 9300 3689 9529
497
497
False
22
False
497
497
False
False
497
5759
False
497
1467 892 1758 497 1987 7061 6637 2363 4258 3052 5213 2046 8366 9653 5613 5520 9106 1054 9300 3689 9529 7858 7329
1467 892 1758 497 1987 7061 6637 2363 4258 3052 5213 2046 8366 9653 5613 5520 9106 1054 9300 3689 9529 7858 7329
497
1467 892 1758 497 1987 7061 6637 2363 4258 3052 5213 2046 8366 9653 5613 5520 9106 1054 9300 3689 9529 7858 7329
1467 892 1758 497 1987 7061 6637 2363 4258 3052 5213 2046 8366 9653 5613 5520 9106 1054 9300 3689 9529 7858 7329
21
497
9300
1467 892 1758 497 1987 7061 6637 2363 4258 3052 5213 2046 8366 9653 5613 5520 9106 1054 9300
False
497
9300
9300
False
415
9851
22
False
False
False
1467 892 1758 497 1987 7061 6637 2363 4258 3052 5213 2046 8366 9653 5613 5520 9106 1054 9300 415
6165
6165
21
1467 892 1758 497 1987 7061 6637 2363 4258 3052 5213 2046 8366 9653 5613 5520 9106 1054 9300 415 6165
1467 892 1758 497 1987 7061 6637 2363 4258 3052 5213 2046 8366 9653 5613 5520 9106 1054 9300 415 6165
False
False
6165
6165
415
20
False
19
9300
False
1467 892 1758 497 1987 7061 6637 2363 4258 3052 5213 2046 8366 9653 5613 5520 9106 1054 9300
20
False
False
20
False
False
20
757
1467 892 1758 497 1987 7061 6637 2363 4258 3052 5213 2046 8366 9653 5613 5520 9106 1054 9300
False
20
351
351
22
2586
False
1467 892 1758 497 1987 7061 6637 2363 4258 3052 5213 2046 8366 9653 5613 5520 9106 1054 9300 351 7333 4084
False
False
False
351
False
False
351
351
False
24
1467 892 1758 497 1987 7061 6637 2363 4258 3052 5213 2046 8366 9653 5613 5520 9106 1054 9300 351 7333 4084 2586 7243
24
351
351
False
1467 892 1758 497 1987 7061 6637 2363 4258 3052 5213 2046 8366 9653 5613 5520 9106 1054 9300 351 7333 4084 2586 7408
1467 892 1758 497 1987 7061 6637 2363 4258 3052 5213 2046 8366 9653 5613 5520 9106 1054 9300 351 7333 4084 2586 7408
7408
False
False
False
False
False
22
7333
351
7333
1467 892 1758 497 1987 7061 6637 2363 4258 3052 5213 2046 8366 9653 5613 5520 9106 1054 9300 351 7333
22
351
6199
351
6199
21
7333
False
1467 892 1758 497 1987 7061 6637 2363 4258 3052 5213 2046 8366 9653 5613 5520 9106 1054 9300
497
16
False
17
7138
1467 892 1758 497 1987 7061 6637 2363 4258 3052 5213 2046 8366 9653 5613 5520 5256
False
False
False
2393
False
1467 892 1758 497 1987 7061 6637 2363 4258 3052 5213 2046 8366 9653 5613 5520 5256 7259 2393
False
2393
1467 892 1758 497 1987 7061 6637 2363 4258 3052 5213 2046 8366 9653 5613 5520 5256 7259
7259
18
False
False
16
16
497
497
1467 892 1758 497 1987 7061 6637 2363 4258 3052 5213 2046 8366 9653 5613
15
1467 892 1758 497 1987 7061 6637 2363 4258 3052 5213 2046 8366 9653 5613
497
False
False
False
9653
1467 892 1758 497 1987 7061 6637 2363 4258 3052 5213 2046 8366
8366
497
False
12
False
14
7775
13
False
497
False
False
1467 892 1758 497 1987 7061 6637 2363 4258 3052 5213
497
False
11
11
497
1467 892 1758 497 1987 7061 6637 2363 4258 3052 5213 6822
1467 892 1758 497 1987 7061 6637 2363 4258 3052 5213 8602 9661
9661
False
False
1467 892 1758 497 1987 7061 6637 2363 4258 3052 5213 8602 9661
False
4248
False
False
4248
497
False
1467 892 1758 497 1987 7061 6637 2363 4258 3052 5213 8602 5573
False
1467 892 1758 497 1987 7061 6637 2363 4258 3052 5213 8602 5573
False
1128
False
1467 892 1758 497 1987 7061 6637 2363 4258 3052 5213 8602 1128
497
12
False
497
1467 892 1758 497 1987 7061 6637 2363 4258 3052 5213
11
False
5213
1467 892 1758 497 1987 7061 6637 2363 4258 3052 5213 4643
497
4643
False
False
1467 892 1758 497 1987 7061 6637 2363 4258 3052 5213
1467 892 1758 497 1987 7061 6637 2363 4258 3052 5213 6318
497
6318
1467 892 1758 497 1987 7061 6637 2363 4258 3052 5213 6318
6318
11
False
1467 892 1758 497 1987 7061 6637 2363 4258 3052 5213
False
False
497
497
9811
9811
14
False
False
False
497
14
False
13
9894
1467 892 1758 497 1987 7061 6637 2363 4258 3052 5213 3074 2741
13
8504
497
False
8504
False
497
497
497
False
2741
1467 892 1758 497 1987 7061 6637 2363 4258 3052 5213 3074 2741
False
3074
1467 892 1758 497 1987 7061 6637 2363 4258 3052 5213 3074
3074
12
1467 892 1758 497 1987 7061 6637 2363 4258 3052 5213 3074 4688
1467 892 1758 497 1987 7061 6637 2363 4258 3052 5213
False
False
1467 892 1758 497 1987 7061 6637 2363 4258 3052 7743
False
11
7743
11
10
1467 892 1758 497 1987 7061 6637 2363 4258 3052
3052
False
False
False
11
False
497
497
1467 892 1758 497 1987 7061 6637 2363 4258 3052 3385 2687 4253
False
13
1467 892 1758 497 1987 7061 6637 2363 4258 3052 3385 2687 4253 7130
14
7130
497
15
14
14
False
False
497
5138
497
3385
False
False
False
11
False
497
False
False
12
False
3046
False
8831
1467 892 1758 497 1987 7061 6637 2363 4258 3052 3385 5414 3046 7036 8831
False
1467 892 1758 497 1987 7061 6637 2363 4258 3052 3385 5414 3046 7036 8831 8882
False
497
1467 892 1758 497 1987 7061 6637 2363 4258 3052 3385 5414 3046 7036 8831 8882 685 1499
False
18
1467 892 1758 497 1987 7061 6637 2363 4258 3052 3385 5414 3046 7036 8831 8882
1467 892 1758 497 1987 7061 6637 2363 4258 3052 3385 5414 3046 7036 8831 8882
9945
1467 892 1758 497 1987 7061 6637 2363 4258 3052 3385 5414 3046 7036 8831 8882 9945
497
1467 892 1758 497 1987 7061 6637 2363 4258 3052 3385 5414 3046 7036 8831 8882 9945
False
False
15
1467 892 1758 497 1987 7061 6637 2363 4258 3052 3385 5414 3046 7036 8831
15
1467 892 1758 497 1987 7061 6637 2363 4258 3052 3385 5414 3046 7036
14
False
7036
7862
15
497
15
3186
5496
5496
497
497
15
False
497
497
497
5247
5247
497
497
2026
497
18
1467 892 1758 497 1987 7061 6637 2363 4258 3052 3385 5414 3046 7036 3186 5247 7800 851
18
1467 892 1758 497 1987 7061 6637 2363 4258 3052 3385 5414 3046 7036 3186 5247 7800 851
False
1467 892 1758 497 1987 7061 6637 2363 4258 3052 3385 5414 3046 7036 3186 5247 7800
False
False
6569
False
5247
1467 892 1758 497 1987 7061 6637 2363 4258 3052 3385 5414 3046 7036 3186 5247
False
1467 892 1758 497 1987 7061 6637 2363 4258 3052 3385 5414 3046 7036 3186 5247
False
16
False
17
497
497
1467 892 1758 497 1987 7061 6637 2363 4258 3052 3385 5414 3046 7036 3186 5247 4303
17
17
497
False
False
16
497
1467 892 1758 497 1987 7061 6637 2363 4258 3052 3385 5414 3046 7036 3001 8941
False
16
False
False
9387
2939
1467 892 1758 497 1987 7061 6637 2363 4258 3052 3385 5414 3046 7036 9387 2939 274
False
15
1467 892 1758 497 1987 7061 6637 2363 4258 3052 3385 5414 3046 7036 9387
1531
1467 892 1758 497 1987 7061 6637 2363 4258 3052 3385 5414 3046 7036 9387 1531
1467 892 1758 497 1987 7061 6637 2363 4258 3052 3385 5414 3046 7036 9387
7036
14
7036
False
1467 892 1758 497 1987 7061 6637 2363 4258 3052 3385 5414 3046
13
497
False
False
1467 892 1758 497 1987 7061 6637 2363 4258 3052 3385 5414 3046
False
False
1467 892 1758 497 1987 7061 6637 2363 4258 3052 3385 5414 3046 9419
321
321
17
321
321
321
False
497
9419
15
False
False
13
False
False
497
False
False
5414
False
6121
False
False
12
1467 892 1758 497 1987 7061 6637 2363 4258 3052 3385 6121
False
497
False
6121
6121
497
1467 892 1758 497 1987 7061 6637 2363 4258 3052 3385 6121 3114
3114
14
1467 892 1758 497 1987 7061 6637 2363 4258 3052 3385 6121 3114 1377 7404
False
False
17
17
1467 892 1758 497 1987 7061 6637 2363 4258 3052 3385 6121 3114 1377 7404 1615 7432
2129
497
False
False
False
497
False
3509
497
7184
False
1467 892 1758 497 1987 7061 6637 2363 4258 3052 3385 6121 3114 1377 9339
15
False
False
False
9339
9339
9339
False
1905
1467 892 1758 497 1987 7061 6637 2363 4258 3052 3385 6121 3114 1377 9339 1905 3357
False
1467 892 1758 497 1987 7061 6637 2363 4258 3052 3385 6121 3114 1377 9339 1905
1467 892 1758 497 1987 7061 6637 2363 4258 3052 3385 6121 3114 1377 9339 1905
1467 892 1758 497 1987 7061 6637 2363 4258 3052 3385 6121 3114 1377 9339 1905
False
497
False
16
2295
False
1467 892 1758 497 1987 7061 6637 2363 4258 3052 3385 6121 3114 1377 9339 2295 7525 8515
False
497
False
False
417
1467 892 1758 497 1987 7061 6637 2363 4258 3052 3385 6121 3114 1377 9339 2295 2121 919 417
417
417
False
False
19
False
417
1467 892 1758 497 1987 7061 6637 2363 4258 3052 3385 6121 3114 1377 9339 2295 2121 919 417 1867 3646 1978 6225
23
22
False
False
25
False
1467 892 1758 497 1987 7061 6637 2363 4258 3052 3385 6121 3114 1377 9339 2295 2121 919 417 1867 3646 1978 2406 8712 3969
417
417
False
1467 892 1758 497 1987 7061 6637 2363 4258 3052 3385 6121 3114 1377 9339 2295 2121 919 417 1867 3646 1978 2406 8712 3969 9280 5214
417
False
5214
417
417
27
3668
417
False
1467 892 1758 497 1987 7061 6637 2363 4258 3052 3385 6121 3114 1377 9339 2295 2121 919 417 1867 3646 1978 2406 8712 3969 3668 9392
4949
False
29
1467 892 1758 497 1987 7061 6637 2363 4258 3052 3385 6121 3114 1377 9339 2295 2121 919 417 1867 3646 1978 2406 8712 3969 3668 9392 8984 4949
4949
29
False
4949
4949
False
1467 892 1758 497 1987 7061 6637 2363 4258 3052 3385 6121 3114 1377 9339 2295 2121 919 417 1867 3646 1978 2406 8712 3969
25
1467 892 1758 497 1987 7061 6637 2363 4258 3052 3385 6121 3114 1377 9339 2295 2121 919 417 1867 3646 1978 2406 8712 3969
1467 892 1758 497 1987 7061 6637 2363 4258 3052 3385 6121 3114 1377 9339 2295 2121 919 417 1867 3646 1978 2406 8712 3969
1467 892 1758 497 1987 7061 6637 2363 4258 3052 3385 6121 3114 1377 9339 2295 2121 919 417 1867 3646 1978 2406 8712 3969
False
False
False
False
23
417
417
8226
417
False
28
3050
6508
False
False
6508
5723
30
6508
6508
417
1264
1467 892 1758 497 1987 7061 6637 2363 4258 3052 3385 6121 3114 1377 9339 2295 2121 919 417 1867 3646 1978 9041 6454 5297 2603 4243 3050 6508 1264 7792
1467 892 1758 497 1987 7061 6637 2363 4258 3052 3385 6121 3114 1377 9339 2295 2121 919 417 1867 3646 1978 9041 6454 5297 2603 4243 3050 6508 1264 7792
7792
False
False
False
1264
False
6508
False
False
30
31
417
False
1467 892 1758 497 1987 7061 6637 2363 4258 3052 3385 6121 3114 1377 9339 2295 2121 919 417 1867 3646 1978 9041 6454 5297 2603 4243 3050 1832 998 4242
False
998
False
1467 892 1758 497 1987 7061 6637 2363 4258 3052 3385 6121 3114 1377 9339 2295 2121 919 417 1867 3646 1978 9041 6454 5297 2603 4243 3050 1832
1467 892 1758 497 1987 7061 6637 2363 4258 3052 3385 6121 3114 1377 9339 2295 2121 919 417 1867 3646 1978 9041 6454 5297 2603 4243 3050
1467 892 1758 497 1987 7061 6637 2363 4258 3052 3385 6121 3114 1377 9339 2295 2121 919 417 1867 3646 1978 9041 6454 5297 2603 4243 3050
False
False
417
False
25
False
4772
26
False
417
417
False
2875
False
28
417
28
False
1467 892 1758 497 1987 7061 6637 2363 4258 3052 3385 6121 3114 1377 9339 2295 2121 919 417 1867 3646 1978 9041 6454 5297 4772 2875 4189
1467 892 1758 497 1987 7061 6637 2363 4258 3052 3385 6121 3114 1377 9339 2295 2121 919 417 1867 3646 1978 9041 6454 5297 4772 2875 4189
1467 892 1758 497 1987 7061 6637 2363 4258 3052 3385 6121 3114 1377 9339 2295 2121 919 417 1867 3646 1978 9041 6454 5297 4772 2875 4189
1467 892 1758 497 1987 7061 6637 2363 4258 3052 3385 6121 3114 1377 9339 2295 2121 919 417 1867 3646 1978 9041 6454 5297 4772 2875 4189
417
26
False
26
1467 892 1758 497 1987 7061 6637 2363 4258 3052 3385 6121 3114 1377 9339 2295 2121 919 417 1867 3646 1978 9041 6454 5297 4772
417
1467 892 1758 497 1987 7061 6637 2363 4258 3052 3385 6121 3114 1377 9339 2295 2121 919 417 1867 3646 1978 9041 6454 5297 4772
False
False
False
6454
417
24
417
417
1467 892 1758 497 1987 7061 6637 2363 4258 3052 3385 6121 3114 1377 9339 2295 2121 919 417 1867 3646 1978 9041 6454
False
23
417
1467 892 1758 497 1987 7061 6637 2363 4258 3052 3385 6121 3114 1377 9339 2295 2121 919 417 1867 3646 1978 5732
1467 892 1758 497 1987 7061 6637 2363 4258 3052 3385 6121 3114 1377 9339 2295 2121 919 417 1867 3646 1978 5732
24
1467 892 1758 497 1987 7061 6637 2363 4258 3052 3385 6121 3114 1377 9339 2295 2121 919 417 1867 3646 1978 5732 5762 3601
417
False
25
24
417
417
False
417
False
417
265
265
26
1467 892 1758 497 1987 7061 6637 2363 4258 3052 3385 6121 3114 1377 9339 2295 2121 919 417 1867 3646 1978 5732 1287 7870 265
25
417
False
False
1467 892 1758 497 1987 7061 6637 2363 4258 3052 3385 6121 3114 1377 9339 2295 2121 919 417 1867 3646 1978 5732 1287
1467 892 1758 497 1987 7061 6637 2363 4258 3052 3385 6121 3114 1377 9339 2295 2121 919 417 1867 3646 1978 5732 1287
False
417
24
1467 892 1758 497 1987 7061 6637 2363 4258 3052 3385 6121 3114 1377 9339 2295 2121 919 417 1867 3646 1978 5732 5333
5333
5732
1467 892 1758 497 1987 7061 6637 2363 4258 3052 3385 6121 3114 1377 9339 2295 2121 919 417 1867 3646 1978 5732
1467 892 1758 497 1987 7061 6637 2363 4258 3052 3385 6121 3114 1377 9339 2295 2121 919 417 1867 3646 1978 5732
417
7906
False
1467 892 1758 497 1987 7061 6637 2363 4258 3052 3385 6121 3114 1377 9339 2295 2121 919 417 1867 3646 1978 5732 7906
False
2112
2112
417
24
24
False
3632
1467 892 1758 497 1987 7061 6637 2363 4258 3052 3385 6121 3114 1377 9339 2295 2121 919 417 1867 3646 8037 2112 9634 3632
3632
3632
417
False
False
False
False
417
21
7210
1467 892 1758 497 1987 7061 6637 2363 4258 3052 3385 6121 3114 1377 9339 2295 2121 919 417
417
417
1467 892 1758 497 1987 7061 6637 2363 4258 3052 3385 6121 3114 1377 9339 2295 2121 919 417 1021
1021
False
1467 892 1758 497 1987 7061 6637 2363 4258 3052 3385 6121 3114 1377 9339 2295 2121 919 417 1021 4262
21
21
False
False
False
417
5644
23
417
1467 892 1758 497 1987 7061 6637 2363 4258 3052 3385 6121 3114 1377 9339 2295 2121 919 417 1021 4262 5622 5644
False
24
False
1467 892 1758 497 1987 7061 6637 2363 4258 3052 3385 6121 3114 1377 9339 2295 2121 919 417 1021 4262 5622 5644 9715
417
False
9422
1467 892 1758 497 1987 7061 6637 2363 4258 3052 3385 6121 3114 1377 9339 2295 2121 919 417 1021 4262 5622 5644 9715
25
False
1467 892 1758 497 1987 7061 6637 2363 4258 3052 3385 6121 3114 1377 9339 2295 2121 919 417 1021 4262 5622 5644 9715 4680 4758 3935
27
False
3835
417
False
25
False
False
24
False
417
9715
False
9715
False
9715
False
22
22
False
417
22
22
False
5622
False
24
9963
1467 892 1758 497 1987 7061 6637 2363 4258 3052 3385 6121 3114 1377 9339 2295 2121 919 417 1021 4262 5622 4937 9963
417
False
417
417
False
8708
25
4257
417
False
6702
False
417
False
False
24
417
False
False
24
False
False
22
False
1021
417
417
1467 892 1758 497 1987 7061 6637 2363 4258 3052 3385 6121 3114 1377 9339 2295 2121 919 417
417
5252
417
919
1467 892 1758 497 1987 7061 6637 2363 4258 3052 3385 6121 3114 1377 9339 2295 2121 919
1467 892 1758 497 1987 7061 6637 2363 4258 3052 3385 6121 3114 1377 9339 2295 2121 919
2295
False
False
2295
False
497
False
1467 892 1758 497 1987 7061 6637 2363 4258 3052 3385 6121 3114 1377 9339 2295 4199 4719
False
False
497
497
1467 892 1758 497 1987 7061 6637 2363 4258 3052 3385 6121 3114 1377 9339 2295
1467 892 1758 497 1987 7061 6637 2363 4258 3052 3385 6121 3114 1377 9339 2295
14
14
14
1377
1467 892 1758 497 1987 7061 6637 2363 4258 3052 3385 6121
3385
False
3385
False
1467 892 1758 497 1987 7061 6637 2363 4258 3052 3385 9675
497
False
9675
3385
7344
3385
False
1467 892 1758 497 1987 7061 6637 2363 4258 3052 3385 8504
1467 892 1758 497 1987 7061 6637 2363 4258 3052 3385 8504
3052
False
False
False
False
497
10
5828
False
False
497
497
False
False
False
3038
False
12
False
1467 892 1758 497 1987 7061 6637 2363 4258 7163 3038 5785 7222
1467 892 1758 497 1987 7061 6637 2363 4258 7163 3038 5785 7222
False
497
13
False
497
497
5785
1467 892 1758 497 1987 7061 6637 2363 4258 7163 3038 5785
1467 892 1758 497 1987 7061 6637 2363 4258 7163 3038 5785 8280 9687
9687
9687
9687
497
False
4590
15
False
False
15
False
2174
False
15
6791
1467 892 1758 497 1987 7061 6637 2363 4258 7163 3038 5785 8280 9687 6791
14
1467 892 1758 497 1987 7061 6637 2363 4258 7163 3038 5785 8280 9687
1467 892 1758 497 1987 7061 6637 2363 4258 7163 3038 5785 8280 9687
14
497
False
497
1467 892 1758 497 1987 7061 6637 2363 4258 7163 3038 5785 8280 9687
1467 892 1758 497 1987 7061 6637 2363 4258 7163 3038 5785 8280 9687 9684
15
1467 892 1758 497 1987 7061 6637 2363 4258 7163 3038 5785 8280 9687 9684
15
False
15
False
15
False
14
1467 892 1758 497 1987 7061 6637 2363 4258 7163 3038 5785 8280 9687 9780
14
1467 892 1758 497 1987 7061 6637 2363 4258 7163 3038 5785 8280 9687
False
2135
False
497
15
2135
1467 892 1758 497 1987 7061 6637 2363 4258 7163 3038 5785 8280 9687 2135
1467 892 1758 497 1987 7061 6637 2363 4258 7163 3038 5785 8280 9687 2135
497
False
7041
False
14
False
False
318
318
False
318
318
318
318
1467 892 1758 497 1987 7061 6637 2363 4258 7163 3038 5785 8280 9687 318 7954
False
80
16
False
False
False
16
False
16
16
16
False
False
15
1467 892 1758 497 1987 7061 6637 2363 4258 7163 3038 5785 8280 9687
False
False
1051
1467 892 1758 497 1987 7061 6637 2363 4258 7163 3038 5785 8280
8280
False
False
497
497
False
497
1467 892 1758 497 1987 7061 6637 2363 4258 7163 3038 5785 3129 6872
9798
1467 892 1758 497 1987 7061 6637 2363 4258 7163 3038 5785 3129 6872 9798 5273
497
16
16
5273
False
False
497
False
False
1467 892 1758 497 1987 7061 6637 2363 4258 7163 3038 5785 3129
False
False
4199
False
4199
15
False
False
False
4238
17
1467 892 1758 497 1987 7061 6637 2363 4258 7163 3038 5785 3129 4199 3501 4419 4238
False
False
False
1467 892 1758 497 1987 7061 6637 2363 4258 7163 3038 5785 3129 4199 3501 4419 4238 2192
19
17
False
