Empty


Empty
Empty


Empty
3480
False
2957
2
9008
9008
9008
5840 3480
False
False
False
7618 6140 1045 7275
7618 6140 1045 7275
1045
7618 6140 1045 455
False
4
7618 6140 1045 455
False
7618 6140 1045 455
455
7618 6140 1045 455
5
False
4
False
4
1045
False
1045
7618 6140 1045 7474 1524
1524
1524
7618 6140 1045 7474 1524
7618 6140 1045 7474 1524
1045
1045
1045
8117
1045
False
8157
False
11
False
11
548
548
False
548
14
2036
548
7618 6140 1045 7474 1524 4167 8117 9988 9621 8157 9090 548
548
12
548
7618 6140 1045 7474 1524 4167 8117 9988 9621 8157 9090 548
9090
7618 6140 1045 7474 1524 4167 8117 9988 9621 8157 9090
13
3829
False
False
False
7618 6140 1045 7474 1524 4167 8117 9988 9621 8157 9090
7618 6140 1045 7474 1524 4167 8117 9988 9621 8157 9090
1045
False
False
9090
1045
11
7618 6140 1045 7474 1524 4167 8117 9988 9621 8157 9090
1045
10
7618 6140 1045 7474 1524 4167 8117 9988 9621 8157
1045
10
1045
10
1045
7618 6140 1045 7474 1524 4167 8117 9988 9621 8157
10
False
1045
6956
10
False
False
1045
False
6956
6956
10
7618 6140 1045 7474 1524 4167 8117 9988 9621 6956
7618 6140 1045 7474 1524 4167 8117 9988 9621 6956
False
False
7618 6140 1045 7474 1524 4167 8117 9988 9621 6956
False
False
False
1045
11
False
1045
13
1409
13
False
False
7618 6140 1045 7474 1524 4167 8117 9988 9621 6956 4521 1409 9915
13
7618 6140 1045 7474 1524 4167 8117 9988 9621 6956 4521 1409 9915
7618 6140 1045 7474 1524 4167 8117 9988 9621 6956 4521 1409 9915
1045
7618 6140 1045 7474 1524 4167 8117 9988 9621 6956 4521 1409 9915
1045
7618 6140 1045 7474 1524 4167 8117 9988 9621 6956 4521 1409
1045
False
False
False
False
7618 6140 1045 7474 1524 4167 8117 9988 9621 6956 5785
False
False
7618 6140 1045 7474 1524 4167 8117 9988 9621 6956 4764
7618 6140 1045 7474 1524 4167 8117 9988 9621 6956 4764 2445
1045
1045
7618 6140 1045 7474 1524 4167 8117 9988 9621 6956 4764
11
11
False
1045
False
9787
9787
7618 6140 1045 7474 1524 4167 8117 9988 9621 6956 4764 9787
False
False
1045
1045
1045
7618 6140 1045 7474 1524 4167 8117 9988 9621 6956 4764 9776 8593
1045
7618 6140 1045 7474 1524 4167 8117 9988 9621 6956 4764 9776 8915
1045
14
1045
False
14
False
1045
7618 6140 1045 7474 1524 4167 8117 9988 9621 6956 4764 9776 8915 7232 7673
4400
4400
7618 6140 1045 7474 1524 4167 8117 9988 9621 6956 4764 9776 8915 7232 7673 4400 3107 382
3107
17
False
False
1045
4400
False
1045
7618 6140 1045 7474 1524 4167 8117 9988 9621 6956 4764 9776 8915 7232 7673
False
False
7232
7232
7618 6140 1045 7474 1524 4167 8117 9988 9621 6956 4764 9776 8915 7232
7618 6140 1045 7474 1524 4167 8117 9988 9621 6956 4764 9776 8915
1045
1045
7618 6140 1045 7474 1524 4167 8117 9988 9621 6956 4764
False
False
9621
1045
False
False
1045
9621
9
False
9
False
9621
7618 6140 1045 7474 1524 4167 8117 9988
9888
False
7618 6140 1045 7474 1524 4167 9888 5557
False
9888
False
1045
8
7618 6140 1045 7474 1524 4167 4068 5022
5022
7618 6140 1045 7474 1524 4167 4068 5022
8
7618 6140 1045 7474 1524 4167 6176
7
1045
8
1045
7491
6385
False
1091
922
7618 6140 1045 7474 1524 4167 6176 1091 1163 922
7618 6140 1045 7474 1524 4167 6176 1091 1163 922 5492
False
11
922
11
False
False
11
9458
False
7618 6140 1045 7474 1524 4167 6176 1091 1163 922 7370 4152
False
12
False
False
922
12
False
False
False
False
False
False
922
7618 6140 1045 7474 1524 4167 6176 1091 1163 922 7370 6547
1186
False
922
922
922
7618 6140 1045 7474 1524 4167 6176 1091 1163 922 7351 4403
7618 6140 1045 7474 1524 4167 6176 1091 1163 922 7351 4403
7618 6140 1045 7474 1524 4167 6176 1091 1163 922 7351 4403
7351
1163
False
False
1091
1091
1091
False
False
8894
False
21
10
False
21
10
False
21
21
False
2772
7618 6140 1045 7474 1524 4167 6176 1091 21 9518 4957 2772
False
False
21
False
7618 6140 1045 7474 1524 4167 6176 1091 21 9518 4957
21
11
False
False
False
1091
1091
1091
1045
1045
1045
1045
10
10
7618 6140 1045 7474 1524 4167 6176 1090 5525 7863
7863
1045
11
1045
10
1045
10
1045
7863
False
7188
69
False
False
7863
10
1045
False
9
False
False
False
1090
1045
False
False
4104
7618 6140 1045 7474 1524 4167 6176 4104
4104
False
1524
1045
6
1045
7
False
1045
7
False
7618 6140 1045 7474 7555 3923 8609
7618 6140 1045 7474 7555 1001
7618 6140 1045 7474 7555 1001
7618 6140 1045 7474 7555 1001
False
1001
1001
7618 6140 1045 7474 7555 1001
False
7618 6140 1045 7474
6140
7618 6140 1147
False
2
False
7618
7618
828
7618 828
False
2742
7618 828 2742
2742
7618 828 2742
False
7618 828 2742 6723
False
7618 828 2923
False
False
828
828
3
False
7618 828 2923 4049
False
3
828
False
False
False
828
7618
False
Empty
9130
False
False
9130
1
False
2
9130 3226
False
9130
9130
1
True

7434
False
4913
4913
False
False
4913
4913
7434 7501 4057 4913
4913
7434 7501 4057 4913
4057
False
False
4057
4057
False
False
6
False
6190
7434 7501 4057 4913 8618 6190
False
False
4913
False
7434 7501 4057 4913
4057
4
False
False
False
False
7434 7501 4057 4913 1363
1363
False
False
False
4057
False
False
2
False
8819
False
7434 7501 4420 3955 8819 5622 9556
9556
7434 7501 4420 3955 8819 5622 9556
6
3955
False
6
8819
5
7434 7501 4420 3955 8819
4
4
3955
False
False
False
7434 7501 4420 3955 308 6106 2725
308
False
False
7434 7501 4420 3955 308 6106 2725
2725
False
7
8
7434 7501 4420 3955 308 6106 2725 1998
False
3208
False
1971
5998
False
False
5998
False
9
308
4865
False
6755
7434 7501 4420 3955 308 6106
False
308
False
308
False
7434 7501 4420 3955 308 6106
308
5
False
4
3955
False
7434 7501 4420 3955 5775
5
False
False
4397
4397
3955
False
4397
4397
False
False
8
False
False
5775
False
7434 7501 4420 3955 5775 8396 9493 774 1096 7478
7478
9945
7434 7501 4420 3955 5775 8396 9493 774 1096 7478
7434 7501 4420 3955 5775 8396 9493 774 1096 7478 9754
9754
9754
False
7434 7501 4420 3955 5775 8396 9493 774 1096 7478 9754
False
13
False
7434 7501 4420 3955 5775 8396 9493 774 1096 7478 9754
False
774
6455
7434 7501 4420 3955 5775 8396 9493 774 1096 7478 7259 6455 4025
5986
774
False
False
774
774
False
7434 7501 4420 3955 5775 8396 9493 774 1096 7478 7259
7434 7501 4420 3955 5775 8396 9493 774 1096 7478 7259
774
11
774
12
13
False
7434 7501 4420 3955 5775 8396 9493 774 1096 7478 7259 1690
12
1690
1690
7434 7501 4420 3955 5775 8396 9493 774 1096 7478 7259 1690
287
7434 7501 4420 3955 5775 8396 9493 774 1096 7478 7259 1690 287
287
1690
7259
False
False
13
False
774
7434 7501 4420 3955 5775 8396 9493 774 1096 7478 7259 5271
774
5957
774
7434 7501 4420 3955 5775 8396 9493 774 1096 7478 7259 5271
774
774
False
False
12
False
450
7434 7501 4420 3955 5775 8396 9493 774 1096 450 8395
False
11
450
False
450
450
8395
11
False
False
False
12
7434 7501 4420 3955 5775 8396 9493 774 1096 450 8395
False
774
False
False
7
7434 7501 4420 3955 5775 8396 9493 5918
False
9
3955
3955
False
1204
False
False
False
False
1793
1204
False
9
False
False
False
False
False
False
620
False
7434 7501 4420 3955 5775 8396 9493 5918 1204 620 9426 7632
False
620
False
1341
7434 7501 4420 3955 5775 8396 9493 5918 1204 620 9426 7632
12
12
False
7434 7501 4420 3955 5775 8396 9493 5918 1204 620 9426
7434 7501 4420 3955 5775 8396 9493 5918 1204 620 9426 1966
12
620
False
3269
False
12
11
False
3787
False
3955
7434 7501 4420 3955 5775
7434 7501 4420 3955
False
4420
7501
False
2
False
7501
1
False
7434
7434
7434
4378
False
False
2
False
6163
6163
4378
False
7445
False
4378
False
4378
4378
4378
False
4378
4378
False
False
4378

Empty
False
False

2557
False
2557 5778 1038
2557 5778 1038
False
True
False
9119
9119
1
9119
9119
False
9119 5502
False
2
2587
2
5502
4668
5502
False
2
5502
9119 5502
5502
False
5502
9119
False



0
False
False
5869
False
2
False
8648
5869
False
1
1
False
4928
False
False
5869 1325 4928 9741
4
5173
5869 1325 4928 9741 5173 1846
False
5869 1325 4928 9741 5173
5869 1325 4928 9741 5173 6926
5869 1325 4928
0

False
False
5491
False
5491
8011
5491 8011
False
5491
5491
5491
False
False
1
5491
5491
1
1
5491
5491
False
2
False
False
2
5491
5491
False
True
0
Empty
Empty
Empty

0

True
True


0

Empty
Empty
Empty

1387
False
False


Empty
5239
False
5239
5239

7203 4794
False
False
4794
4794
2
7203 4794 2867
3
False
3
False
5
5
7203 4794 32 9143
False
2463
9143
9143
3
3
32
7203 4794 32 5926 3635
32
7729
32
7729
False
7203 4794 32 5926 3635 7729
False
7203 4794 32
32
False
False
False
4794
7203 4794
7203
True
Empty
Empty
0
False

Empty
Empty

Empty
False
Empty
Empty
0

0

0
Empty
Empty
Empty
0
Empty
Empty
3761
False
False
1
3761
4
3858
3858
3761
5
813
False
813
False
4850
False
3761 4499 6797 3858 813 8057
8057
3761 4499 6797 3858 813
3761 4499 6797 3858 813
False
813
813
6797
False
3761
False
False
2
False
False
3761
False
3006
3
3006
3006
3761 4499
2167
2167
3761
1
False
False
1379
1379
1379
3761 2117 7393 1379
False
False
False
3761 2117 7393
2117
3761 2117 7393
False
2117
False
True
Empty
True
Empty
False
False
False
2403
1
False
1
2
False
2403 2007 8324
8324
False
2007
2007
3
3
False
306
4
6867
3
False
2007
False
2403 2007 6867
False
2007
6226
False
6226
1
False
2
9925 2888 792
3
False
3
4
False
9925 2888 792 1073
False
9925 2888 792
False
9925
False
True
False
Empty
Empty
False
0
False

False
152
False
False
152
152 747 5871
152 747
152 747
152 747
False
False
False
152
False
False
152
False
False
2
2
3755
False
857
857
False
True

0
4614
4614
False
1
False
4614
4614
False
4614
4614
4614
1


Empty
2111
1
1
2111
False
2111 6833
6833
2111
9133
2111
False
2111 6833 9133 5822
False
4
2111 6833 9133 5822 2112 1502
1502
6
False
5
5822
4
2111
2111 6833 9133 5822 6464 2462
403
6514
False
403
False
2111 6833 9133 5822 6464 748 403 4652
False
2111 6833 9133 5822 6464 748
3816
2111 6833 9133 5822 4500
624
False
4
False
False
5
2111 6833 9133 3059 6432
2111
2111
False
7848
1716
1080
False
9
3432
1080
False
False
1080
2673
False
1080
False
10
False
10
1080
10
10
False
2673
1080
False
1080
3010
2889
False
2111 6833 9133 3059 6432 7848 1716 1080 2673 4379 1742 3010 4454
False
1742
1742
False
11
False
2111 6833 9133 3059 6432 7848 1716 1080 2673 4379
False
False
False
False
8
False
1080
2894
10
False
False
False
415
415
2040
2040
415
2111 6833 9133 3059 6432 7848 1716 1080 1395 2894 415 2040
2111 6833 9133 3059 6432 7848 1716 1080 1395 2894 415 2040
10
False
9
8362
2111 6833 9133 3059 6432 7848 1716 1080 1395 8362 7832 933
933
False
1080
2111 6833 9133 3059 6432 7848 1716 1080 1395 8362 9249 3468 3540
False
2111 6833 9133 3059 6432 7848 1716 1080 1395 8362 9249 3468 3540 676
2111 6833 9133 3059 6432 7848 1716 1080 1395 8362 9249 3468 3540 676
124
124
16
False
False
2111 6833 9133 3059 6432 7848 1716 1080 1395 8362 9249 3468 3540 676 124
15
False
False
1080
False
2111 6833 9133 3059 6432 7848 1716 1080 1395 8362 9249 3468 3540
13
False
1080
9117
2111 6833 9133 3059 6432 7848 1716 1080 1395 8362 9249 3468 3540 9117
False
1080
2111 6833 9133 3059 6432 7848 1716 1080 1395 8362 9249 3468 3540
1080
False
2111 6833 9133 3059 6432 7848 1716 1080 1395 8362 9249 3468 3540 6083
1080
14
2111 6833 9133 3059 6432 7848 1716 1080 1395 8362 9249 3468 3540 6083 2624
False
False
1080
15
2185
False
False
17
17
1080
1080
5536
5427
16
16
2111 6833 9133 3059 6432 7848 1716 1080 1395 8362 9249 3468 3540 6083
2111 6833 9133 3059 6432 7848 1716 1080 1395 8362 9249 3468 3540 6083
False
False
False
559
15
559
False
2111 6833 9133 3059 6432 7848 1716 1080 1395 8362 9249 3468 3540 6083
3011
3011
1080
1080
False
2111 6833 9133 3059 6432 7848 1716 1080 1395 8362 9249 3468 3540 6083 2907
2111 6833 9133 3059 6432 7848 1716 1080 1395 8362 9249 3468 3540 6083 2907
False
False
1080
1080
6083
1080
2111 6833 9133 3059 6432 7848 1716 1080 1395 8362 9249 3468 3540 6083
1080
3468
9249
1080
False
False
10
False
2111 6833 9133 3059 6432 7848 1716 1080 1395 8362 4649
False
2111 6833 9133 3059 6432 7848 1716 1080 1395 8362 4649 3245
1080
12
False
3245
False
False
12
1080
4649
12
2111 6833 9133 3059 6432 7848 1716 1080 1395 8362 4649
11
False
1080
1080
12
11
False
False
False
1395
1080
1395
1080
False
False
False
2111 6833 9133 3059 6432 7848 1716 2222
1716
8
8378
8
2111 6833 9133 3059 6432 7848 1716
2111 6833 9133 3059 6432 7848 1716
2111 6833 9133 3059 6432 7848 1716
6
6432
2111 6833 9133 3059 6432
6
2111 6833 9133 3059 6432
False
False
2111 6833 9133 3059
2111
2111
3059
2111 6833 9133
1663
1663
2111 6833 1271 232
False
5
2111 6833 1271 232 6366
232
6366
False
4
232
False
2111 6833 1271 232
232
False
False
232
False
False
False

Empty
Empty
Empty
6536
False
6536 7116
7116
False
7116
3763
3763
False
5
9376
6536 7116 5453 3763 9376
False
6536 7116 5453 3763 9376
6536 7116 5453 3763 9376
6536 7116 5453 3763 9376
6536 7116 5453 3763 9376
False
False
9492
7
167
False
167
3071
False
False
False
False
3517
False
167
False
3517
11
6536 7116 5453 3763 9376 9492 8289 1999 167 3071 3517
11
False
11
False
12
167
167
6536 7116 5453 3763 9376 9492 8289 1999 167 3071 3517 6533
167
167
False
False
False
6536 7116 5453 3763 9376 9492 8289 1999 167 3071 3517 6327
167
3517
6536 7116 5453 3763 9376 9492 8289 1999 167 3071 3517
False
8
1999
6536 7116 5453 3763 9376 9492 8289 1999 6817
1999
1999
False
False
6
9492
6536 7116 5453 3763 9376 8701
False
3763
3763
5
6536
6536 7116
False
False
1108
6536 7116 1108
6536 7116 1108
1108
1108
6536 7116 1108
False
6536 7116 1108
False
False
2
4764
False
3
False
8954
6536 8954
False
False
False
False
6536 8954
6536

True
0
True
566
2
False
6651
False
6651
False
0

0
0
Empty

True
Empty
True
Empty
Empty
Empty
4785
Empty
True
Empty
3906
3906
3906
Empty
False
6946
6946
1
Empty


5154
5154
5154
5154
2
5154 5229
False
5154
False
5154 5229 4298
5154 5229
1063
4
1063
False
False
5
1063
5154 5229 2273 1063 4761
4761
5
1063
5
5
1063
5154 5229 2273 1063 4761 5075 357
1063
1063
False
4
5154 5229 2273 1063 8206
5
5154 5229 2273 1063 8206
5154 5229 2273 1063 8206
5154
5154
False
5154
False
False
False
False
False
2
False
False
False
5154 884
1
False
5154
False
5154 7485 2746
False
2746
False
5154 7485 2746
False
False
7485
False
False
5154
5154
2
2
2
5154 8499
8499
5154
5154 8499
True

Empty
True
Empty

Empty
False
8198
True
0
True
False
8102
8102
8102 9912
2768
3
3
2768
False
2
False
False
8102 4694
False
8102 4694
False
Empty
True
True
2027
2027
False
2027 2755
2027
False
False
False
9980
False
False
6823
3
False
False
2
9980
False
6399
6823 9980 6399
3
34
False
False
4
34
6399
3
False
False
5
6399
4
5
6823 9980 6399 9404 6318 9953
6823 9980 6399 9404 6318 9953
6
5
6823 9980 6399 9404
4
False
False
6399
6399
False
6823 9980 6399 9404
4
6399
6399
9980
9980
False
6823 9980 811
False
9980
2
False
6823
False
6823 9980
2
2
6823 9980
False
False
2537
False
False
6823
1
1
6823 3101
False
3101
3101
False
3101
False
False
8094
6823 8094
766
False
1385
1385
False
0
Empty

0

False
False
False
True
5243
False
1169
5243 9673 8525
False
False
False
5243
3
6270
5243 9673 3478
False
False
1646
False
5
5243 9673 3478 1646 8924
False
5243 9673 3478 1646 8924 2055 4593
False
8924
1646
False
False
5243 9673 3478 1646
False
4
5243 9673 3478 1646
5243 9673 3478 1646
False
False
1646
5243 9673 3478 1646 6377 2746
6
False
False
1646
False
1282
6009
6009
6009
False
9548
False
9548
False
False
5243 9673 3478 1646 1282 9548 5866 5957
1282
False
5243 9673 3478 1646 1282 9548 5866
5866
5243 9673 3478 1646 1282 9548 5866
7
False
1282
False
5243 9673 3478 1646 1282 9548 5866 9924
False
2816
1282
False
9
5243 9673 3478 1646 1282 9548 5866 2816
8
5243 9673 3478 1646 1282 9548 5866 2816 3379 9903
False
5243 9673 3478 1646 1282 9548 5866 2816 3379 9903
9903
False
3379
1282
1282
5243 9673 3478 1646 1282 9548 5866 2816 3379
5243 9673 3478 1646 1282 9548 5866 2816 3379 9600
False
5243 9673 3478 1646 1282 9548 5866 2816 3379
5243 9673 3478 1646 1282 9548 5866 2816
8
9261
2816
False
8
False
False
1282
7
8
342
9548
1282
False
False
5243 9673 3478 1646 1282
False
7943
False
7943
False
5243 9673 3478 1646 1282
1282
1282
5789
5243 9673 3478 1646
5243
False
False
False
3
5243 9673 9550 5326
False
4
4
5326
4
False
5243
9550
5243
5243
False
5051
5243
False
False
False
2
8819
5243 1034
5243 1034
False
False
False
1034
1034
False
5243
False
5243
1
3
5243
5243 5858
False
5243 5858
False
False
3
5131
5243 5858 5131
False
1428
2754
False
5243 5858 5131 2754
8
False
5243 5858 5131 2196 145 7874 4512
6
5243 5858 5131
4475
4475
4475
4789
False
False
False
False
8
5243 5858 5131 4626 4475 5193 169 3970
169
3970
7
False
169
5243 5858 5131 4626 4475 5193 169 6720
1748
5243 5858 5131 4626 4475 5193 169 6720 1748
5243 5858 5131 4626 4475 5193 169 6720 1748
False
5243 5858 5131 4626 4475 5193 169 6720
False
5748
9385
9
False
6720
6720
False
False
6720
169
False
False
2847
5243 5858 5131 4626 4475 5193 2847
2847
False
5243 5858 5131 4626 4475 5193 2591
6
False
4475
4475
False
5243 5858 5131 4626 4475 5193
5193
False
5243 5858 5131 4626 4475 5193
8
8
9
1400
8
8462
5243 5858 5131 4626 4475 5193 6178 172 8462
False
172
False
5243 5858 5131 4626 4475 5193 6178
False
False
4883
False
False
False
220
220
False
5243 5858 5131 4626 4475
False
False
1410
6
False
False
False
812
812
False
812
False
5243 5858 5131 4626 4475 1410 2948 812 3717
False
5243 5858 5131 4626 4475 1410 2948 812 3717 3044
5243 5858 5131 4626 4475 1410 2948 812 3717 3044
False
False
5243 5858 5131 4626 4475 1410 2948 812 3717 3066 635
False
False
False
12
635
635
False
5243 5858 5131 4626 4475 1410 2948 812 3717 3066 635
3066
5243 5858 5131 4626 4475 1410 2948 812 3717 3066
False
812
6283
9
False
2095
False
False
False
False
5243 5858 5131 4626 4475 1410 5009
5009
1410
False
False
1410
False
8
1410
8
5243 5858 5131 4626 4475 1410 5009 2304
False
5243 5858 5131 4626 4475 1410 5009 2304
False
False
1410
False
5243 5858 5131 4626 4475 1410 5009 2304 2322
1410
False
5243 5858 5131 4626 4475 1410
6
False
1410
1410
1410
1410
1410
False
8
304
304
304
False
1410
5243 5858 5131 4626 4475 1410 1441
5243 5858 5131 4626 4475 1410 1441
6
False
5243 5858 5131 4626 4475
4475
4475
5243 5858 5131 4626 4475 2096
2096
False
4626
False
5243 5858
5243 5858
5243
False
1148
1148
3
1148
1148
1148
False
1148
False
4
2
False
5243
Empty
False
False
Empty
0
0

False
Empty
Empty
Empty
0
False
1
7097
7097
7097
7097
7097 6701
7097 6701
2
7097 5269 5571
False
False
False
False
4
False
5269
5269
5269
7097 5269
7097 5269
False
2
5269
2
9075
False
Empty
0

Empty

False


Empty


1
5968
5114 8455
2
False
8455
False
2697
2
False
5114 2697
1040
1040
1040
2

Empty
7260
False
7260 449
449
3
449
False
9336
False
False
10
False
3797
3797
False
7260 449 3485 6495 1468 9336 5921 1043 4316 7478
7260 449 3485 6495 1468 9336 5921 1043 4316 7478
7478
449
7478
False
449
False
7887
False
False
449
False
False
False
7260 449 3485 6495 1468 9336 5921 1043 4316 7887 2602 8778
13
449
13
False
449
False
7260 449 3485 6495 1468 9336 5921 1043 4316 7887 2602 8778 9420 1380 3389
14
False
449
False
15
449
False
5769
7260 449 3485 6495 1468 9336 5921 1043 4316 7887 2602 8778 9420 1380 5780 2039 4871 26
16
449
16
False
False
16
7260 449 3485 6495 1468 9336 5921 1043 4316 7887 2602 8778 9420 1380 5780
449
14
9420
False
449
7260 449 3485 6495 1468 9336 5921 1043 4316 7887 2602 8778 9420 4041
8685
7260 449 3485 6495 1468 9336 5921 1043 4316 7887 2602 8778 9420 4041 2226 8685
8685
False
False
False
False
8626
449
449
18
False
False
19
False
1298
19
7260 449 3485 6495 1468 9336 5921 1043 4316 7887 2602 8778 9420 4041 2226 8685 8626 4039
False
False
2015
False
False
7260 449 3485 6495 1468 9336 5921 1043 4316 7887 2602 8778 9420 4041 2226 8685 8626
449
449
16
7260 449 3485 6495 1468 9336 5921 1043 4316 7887 2602 8778 9420 4041 2226 8685
7260 449 3485 6495 1468 9336 5921 1043 4316 7887 2602 8778 9420 4041 2226 8685 9865
7260 449 3485 6495 1468 9336 5921 1043 4316 7887 2602 8778 9420 4041 2226 8685 9865
16
False
False
False
7260 449 3485 6495 1468 9336 5921 1043 4316 7887 2602 8778 9420
False
449
2602
449
7260 449 3485 6495 1468 9336 5921 1043 4316 7887 2602
2602
2602
449
11
False
11
False
False
449
False
5121
False
449
6696
False
False
449
449
False
False
7260 449 3485 6495 1468 9336 5921 1043 4316 7887 2602 5121
7260 449 3485 6495 1468 9336 5921 1043 4316 7887 2602 5121 2661
449
14
False
7260 449 3485 6495 1468 9336 5921 1043 4316 7887 2602 5121 2661 2908
14
False
False
3287
12
5121
13
7260 449 3485 6495 1468 9336 5921 1043 4316 7887 2602 5121 4450
False
False
False
449
14
4450
False
14
False
449
False
False
False
5485
15
7260 449 3485 6495 1468 9336 5921 1043 4316 7887 2602 5121 4450 9485 1343
7260 449 3485 6495 1468 9336 5921 1043 4316 7887 2602 5121 4450 9485 1343
1343
7260 449 3485 6495 1468 9336 5921 1043 4316 7887 2602 5121 4450 9485 1343 9712
False
7260 449 3485 6495 1468 9336 5921 1043 4316 7887 2602 5121 4450 9485 1343
15
1343
False
449
449
False
4655
4655
449
1343
7260 449 3485 6495 1468 9336 5921 1043 4316 7887 2602 5121 4450 9485 1343
False
9485
449
4450
449
7260 449 3485 6495 1468 9336 5921 1043 4316 7887 2602 5121 4450 4753
7260 449 3485 6495 1468 9336 5921 1043 4316 7887 2602 5121 4450 4753
False
4450
4450
False
False
False
False
11
False
1943
False
False
7260 449 3485 6495 1468 9336 5921 1043 4316 7887 6995 9430 9182 4932 1943 7062
False
7260 449 3485 6495 1468 9336 5921 1043 4316 7887 6995 9430 9182 4932 1943 7062
False
False
7260 449 3485 6495 1468 9336 5921 1043 4316 7887 6995 9430 9182 4932 1943 7062 4494
False
7260 449 3485 6495 1468 9336 5921 1043 4316 7887 6995 9430 9182 4932 1943 7062 4494
False
False
18
7260 449 3485 6495 1468 9336 5921 1043 4316 7887 6995 9430 9182 4932 1943 7062 4494 5755
16
False
False
False
8025
8751
False
False
False
253
8823
23
7260 449 3485 6495 1468 9336 5921 1043 4316 7887 6995 9430 9182 4932 1943 7062 253 1547 1197 7378 6899 2023 8823
7260 449 3485 6495 1468 9336 5921 1043 4316 7887 6995 9430 9182 4932 1943 7062 253 1547 1197 7378 6899 2023 8823
253
23
8823
253
253
23
1179
7260 449 3485 6495 1468 9336 5921 1043 4316 7887 6995 9430 9182 4932 1943 7062 253 1547 1197 7378 6899 2023 8823 1179
253
1366
False
253
1366
7260 449 3485 6495 1468 9336 5921 1043 4316 7887 6995 9430 9182 4932 1943 7062 253 1547 1197 7378 6899 2023 8823 1179
24
24
253
22
2023
22
2023
4905
7260 449 3485 6495 1468 9336 5921 1043 4316 7887 6995 9430 9182 4932 1943 7062 253 1547 1197 7378 6899 2023 4905 9144
False
False
26
9404
25
253
24
False
False
253
False
253
False
20
253
False
False
7260 449 3485 6495 1468 9336 5921 1043 4316 7887 6995 9430 9182 4932 1943 7062 253 1547 1197 7378 9543 7606
7829
25
False
8543
False
False
24
253
253
253
27
253
7260 449 3485 6495 1468 9336 5921 1043 4316 7887 6995 9430 9182 4932 1943 7062 253 1547 1197 7378 9543 7606 7829 8543 1100 9335 5902
False
27
False
27
253
253
253
253
24
False
False
False
253
2804
2804
False
7606
22
False
False
915
7260 449 3485 6495 1468 9336 5921 1043 4316 7887 6995 9430 9182 4932 1943 7062 253 1547 1197 7378 9543 7606 1681 915
253
253
253
False
7378
False
False
False
False
1197
1197
253
19
False
253
253
449
False
17
449
7260 449 3485 6495 1468 9336 5921 1043 4316 7887 6995 9430 9182 4932 1943 7062 1718
7260 449 3485 6495 1468 9336 5921 1043 4316 7887 6995 9430 9182 4932 1943 7062
False
449
346
False
7260 449 3485 6495 1468 9336 5921 1043 4316 7887 6995 9430 9182 4932 1886 1808 5347 346
346
False
False
18
False
346
False
7260 449 3485 6495 1468 9336 5921 1043 4316 7887 6995 9430 9182 4932 1886
15
449
4496
449
9778
False
False
False
7260 449 3485 6495 1468 9336 5921 1043 4316 7887 6995 9430 9182 4932 1886 3811 4496 9210 9778
19
7260 449 3485 6495 1468 9336 5921 1043 4316 7887 6995 9430 9182 4932 1886 3811 4496 9210
449
False
7260 449 3485 6495 1468 9336 5921 1043 4316 7887 6995 9430 9182 4932
False
False
449
False
16
449
False
16
7260 449 3485 6495 1468 9336 5921 1043 4316 7887 6995 9430 9182 4932 6498 7471
7260 449 3485 6495 1468 9336 5921 1043 4316 7887 6995 9430 9182 4932 6498 7471
False
False
7260 449 3485 6495 1468 9336 5921 1043 4316 7887 6995 9430 9182 4932 6498 7471 4909 3220
False
449
False
449
7260 449 3485 6495 1468 9336 5921 1043 4316 7887 6995 9430 9182 4932 6498 7471 4909
7260 449 3485 6495 1468 9336 5921 1043 4316 7887 6995 9430 9182 4932 6498 7471 4909
False
449
False
16
16
7260 449 3485 6495 1468 9336 5921 1043 4316 7887 6995 9430 9182 4932 6498 7950
False
16
False
15
6498
7260 449 3485 6495 1468 9336 5921 1043 4316 7887 6995 9430 9182 4932 6498
449
6847
6847
4932
False
7260 449 3485 6495 1468 9336 5921 1043 4316 7887 6995 9430 9182 4932
False
449
False
15
False
449
False
4932
False
7260 449 3485 6495 1468 9336 5921 1043 4316 7887 6995 9430 9182
7260 449 3485 6495 1468 9336 5921 1043 4316 7887 6995 9430
7260 449 3485 6495 1468 9336 5921 1043 4316 7887 6995 8135
12
8135
449
14
False
3768
False
7260 449 3485 6495 1468 9336 5921 1043 4316 7887 6995 8135 9372 3154 8895
449
15
False
8895
7260 449 3485 6495 1468 9336 5921 1043 4316 7887 6995 8135 9372 3154 8895 6456
16
False
19
2012
False
False
False
19
False
16
False
False
False
15
7260 449 3485 6495 1468 9336 5921 1043 4316 7887 6995 8135 9372 3154 8895 433
False
433
False
False
False
2106
16
2799
False
7260 449 3485 6495 1468 9336 5921 1043 4316 7887 6995 8135 9372 3154 8895 2799 4706
7260 449 3485 6495 1468 9336 5921 1043 4316 7887 6995 8135 9372 3154 8895 2799 4706
7260 449 3485 6495 1468 9336 5921 1043 4316 7887 6995 8135 9372 3154 8895 2799 4706
False
17
449
449
7260 449 3485 6495 1468 9336 5921 1043 4316 7887 6995 8135 9372 3154 8895 2799 6469
False
7260 449 3485 6495 1468 9336 5921 1043 4316 7887 6995 8135 9372 3154 8895 2799 6469
False
7260 449 3485 6495 1468 9336 5921 1043 4316 7887 6995 8135 9372 3154 8895 2799 6469
False
6469
6701
7260 449 3485 6495 1468 9336 5921 1043 4316 7887 6995 8135 9372 3154 8895 2799 6469 6701
6701
7260 449 3485 6495 1468 9336 5921 1043 4316 7887 6995 8135 9372 3154 8895 2799 6469 6701
False
False
449
False
2376
16
7260 449 3485 6495 1468 9336 5921 1043 4316 7887 6995 8135 9372 3154 8895 2799 2352
18
False
False
449
449
False
449
False
12
12
False
8135
14
7260 449 3485 6495 1468 9336 5921 1043 4316 7887 6995 8135 6035
False
8135
449
12
False
12
8135
False
13
8191
13
8191
False
7260 449 3485 6495 1468 9336 5921 1043 4316 7887 6995 8135 8191 9788 7701
False
False
False
False
7260 449 3485 6495 1468 9336 5921 1043 4316 7887 6995 8135 8191 9788
9788
9788
7260 449 3485 6495 1468 9336 5921 1043 4316 7887 6995 8135 8191 9788
False
449
7260 449 3485 6495 1468 9336 5921 1043 4316 7887 6995 8135 8191 9788 3055 1094
False
False
449
False
14
7260 449 3485 6495 1468 9336 5921 1043 4316 7887 6995 8135 8191 9788 6024
449
449
False
7260 449 3485 6495 1468 9336 5921 1043 4316 7887 6995 8135 8191 9788
False
9788
1129
449
16
7260 449 3485 6495 1468 9336 5921 1043 4316 7887 6995 8135 8191 9788 795 7586
False
False
15
449
795
14
False
449
False
False
False
449
7260 449 3485 6495 1468 9336 5921 1043 4316 7887 6995 8135 8191 9788 4858 2517
449
False
4858
15
15
False
False
False
7260 449 3485 6495 1468 9336 5921 1043 4316 7887
449
7260 449 3485 6495 1468 9336 5921 1043 4316 7887 967
False
449
False
False
7260 449 3485 6495 1468 9336 5921 1043 4316 7887 5062 3439
False
False
False
9194
5504
16
4100
16
449
False
16
449
4100
16
7260 449 3485 6495 1468 9336 5921 1043 4316 7887 5062 3439 9194 5504 6972 4100 2453 758 3567
False
False
3008
449
7627
False
False
7627
20
7260 449 3485 6495 1468 9336 5921 1043 4316 7887 5062 3439 9194 5504 6972 4100 2453 758 4671
7260 449 3485 6495 1468 9336 5921 1043 4316 7887 5062 3439 9194 5504 6972 4100 2453 758 4671
7260 449 3485 6495 1468 9336 5921 1043 4316 7887 5062 3439 9194 5504 6972 4100 2453 758 4671
False
4671
False
449
18
7260 449 3485 6495 1468 9336 5921 1043 4316 7887 5062 3439 9194 5504 6972 4100 2453 758
18
758
18
758
7260 449 3485 6495 1468 9336 5921 1043 4316 7887 5062 3439 9194 5504 6972 4100 2453
6972
7260 449 3485 6495 1468 9336 5921 1043 4316 7887 5062 3439 9194 5504 6972 4540 1056
16
False
449
449
449
4540
7260 449 3485 6495 1468 9336 5921 1043 4316 7887 5062 3439 9194 5504 6972 4540
7260 449 3485 6495 1468 9336 5921 1043 4316 7887 5062 3439 9194 5504
14
15
False
7260 449 3485 6495 1468 9336 5921 1043 4316 7887 5062 3439 9194 5504 7324
7324
449
False
False
False
False
449
449
7260 449 3485 6495 1468 9336 5921 1043 4316 7887 5062 3439 9194 3774 3656
7260 449 3485 6495 1468 9336 5921 1043 4316 7887 5062 3439 9194 3774
449
7260 449 3485 6495 1468 9336 5921 1043 4316 7887 5062 3439 9194 3774
3774
False
449
False
449
449
3774
14
7260 449 3485 6495 1468 9336 5921 1043 4316 7887 5062 3439 9194
13
9194
1531
7260 449 3485 6495 1468 9336 5921 1043 4316 7887 5062 3439 9194 1531
1531
1531
7260 449 3485 6495 1468 9336 5921 1043 4316 7887 5062 3439 9194 1531
False
7260 449 3485 6495 1468 9336 5921 1043 4316 7887 5062 3439 9194
9194
7260 449 3485 6495 1468 9336 5921 1043 4316 7887 5062 3439 9194
7260 449 3485 6495 1468 9336 5921 1043 4316 7887 5062 3439 9194
9194
False
9194
449
13
14
False
30
False
13
False
449
5289
13
449
13
449
False
14
False
False
14
4905
False
False
False
False
7260 449 3485 6495 1468 9336 5921 1043 4316 7887 5062 8113
False
7260 449 3485 6495 1468 9336 5921 1043
False
False
7260 449 3485 6495 1468 9336 5921
False
1016
8
1016
1016
4526
False
False
False
False
449
False
False
449
7260 449 3485 6495 1468 9336 5921 3389 5284
10
10
5284
7260 449 3485 6495 1468 9336 5921 3389 5284
7260 449 3485 6495 1468 9336 5921 3389
False
449
7
False
7260 449 3485 6495 1468 9336 5921
7260 449 3485 6495 1468 9336 5921 86
86
False
7260 449 3485 6495 1468 9336 5921 86
9
7260 449 3485 6495 1468 9336 5921 86
False
86
8
7260 449 3485 6495 1468 9336 5921 8476
7619
7260 449 3485 6495 1468 9336 5921 7619
449
8
7
449
7260 449 3485 6495 1468 9336 5921
7
False
False
False
449
6722
False
4758
7
4758
7260 449 3485 6495 8591 8349 4758
False
4
False
False
7260 449 3485 6495 6168
449
7260 449 3485 6495 6168
5
False
7260 449 3485
False
3485
7260
1
Empty
Empty

269
269 7761
7761
269
False
269 7761
269 7761
2
False
False
269
False
False
269 3326
269
269 3326 5886
False
False
269 3326 5886
5886
False
269 3326 5886 8069
4
False
5
6000
False
6000
False
5
269
8069
4
4
269 3326 5886 8069
8069
269 3326 5886 8069
8069
4
False
686
4
269
False
4
4
False
False
4
False
4
1221
7068
269 3326 5886
5886
269
269 3326 5886 7787 6285
False
5
6
7
269 3326 5886 7787 6285 4405
269 3326 5886 7787 6285 4405
4405
269
5437
False
269
5076
False
269
False
6300
6300
False
269
269 3326 5886 7787 6285 4405
4405
6
269
269 3326 5886 7787 6285 4405 4104
False
269
7
False
269 3326 5886 7787 6285 4405 4104 9561
9
9
False
False
6637
9
6637
269
False
False
4104
False
False
False
False
7
9
269
9
False
False
False
269
269
269
269
269
269
False
False
False
269 3326 5886 7787 6285 4405 7755 2763
7755
False
False
269
False
269 3326 5886 7787 6285
6285
False
False
7787
False
269
269
269
False
False
269 3326 5886 7787 2799 7529 8254 8578
269
269 3326 5886 7787 2799 7529 8254 8578
8254
269 3326 5886 7787 2799 7529 8254
269
False
269
False
269
False
False
1935
False
False
False
False
269 3326 5886 7787 2799 7529 4887 1935
1935
269 3326 5886 7787 2799 7529 4887
269
False
False
269
False
4
5
269 3326 5886 5870 9147 5155
False
269
269 3326 5886 5870 9147 5155 6799
False
7
5155
False
269
4630
4630
269 3326 5886 5870 9147 5155 4630
4630
False
6
False
269 3326 5886 5870 9147 5155
6
False
7
269
269
269 3326 5886 5870 9147 5155 7666 9047
False
269
7666
7
False
7
269
False
269 3326 5886 5870 9147 5155 7666 2796
269 3326 5886 5870 9147 5155 7666 2796
False
False
269
False
269
False
269
False
False
6
6
269 3326 5886 5870 9147 8507
8507
269 3326 5886 5870 9147
False
9147
269
False
False
269
269
False
7
False
7
7917
269
False
7917
4975
False
9658
68
False
15
269 3326 5886 5870 9147 4685 7917 4975 9658 68 6232 2527 157 4428 6070
4428
14
False
68
False
4428
False
6834
False
15
269 3326 5886 5870 9147 4685 7917 4975 9658 68 6232 2527 157 4428
15
False
False
False
False
False
11
68
269 3326 5886 5870 9147 4685 7917 4975 9658 68 6232
False
68
12
4627
269 3326 5886 5870 9147 4685 7917 4975 9658 68 9364 4627
9364
11
12
68
12
68
269 3326 5886 5870 9147 4685 7917 4975 9658 68 9364 5112 4833
14
False
14
5102
False
269 3326 5886 5870 9147 4685 7917 4975 9658 68 9364 5112 4833 5102
269 3326 5886 5870 9147 4685 7917 4975 9658 68 9364 5112 5091
269 3326 5886 5870 9147 4685 7917 4975 9658 68 9364 5112 5091 6508 9044
15
False
False
5839
68
False
False
9044
9871
False
False
68
68
False
False
1787
269 3326 5886 5870 9147 4685 7917 4975 9658 68 9364 5112 324 1787 1260
False
False
6121
132
269 3326 5886 5870 9147 4685 7917 4975 9658 68 9364 5112 324 1787 1260 6121 132
68
False
68
68
False
14
1787
269 3326 5886 5870 9147 4685 7917 4975 9658 68 9364 5112 324 1787
14
68
12
11
False
68
10
68
False
68
False
269 3326 5886 5870 9147 4685 7917 4975 9658
4975
8
269 3326 5886 5870 9147 4685 7917 6223
8
269 3326 5886 5870 9147 4685 7917 4098
7917
False
7917
269
8
False
9516
8
False
269
269 3326 5886 5870 9147 4685 7917 9516
False
8
8
False
269 3326 5886 5870 9147 4685 7917 3134 1896
269
8905
8905
8905
False
False
9583
False
8905
False
False
269
False
False
269
269
False
13
8981
269 3326 5886 5870 9147 4685 7917 3134 8905 2550 732 3288 8981
269 3326 5886 5870 9147 4685 7917 3134 8905 2550 732 3288 8981
False
False
269
False
16
269 3326 5886 5870 9147 4685 7917 3134 8905 2550 732 3288 8981 9420 5361 2015
269 3326 5886 5870 9147 4685 7917 3134 8905 2550 732 3288 8981 9420 5361 2015 9382
269
False
False
269
269 3326 5886 5870 9147 4685 7917 3134 8905 2550 732 3288 8981 9420 5361 3299
9420
False
False
269 3326 5886 5870 9147 4685 7917 3134 8905 2550 732 3288 8981
False
False
269 3326 5886 5870 9147 4685 7917 3134 8905 2550 732 3288 8981
False
269
False
False
False
269 3326 5886 5870 9147 4685 7917 3134 8905 2550 732
False
False
269
False
False
269
False
269
10
14
False
14
False
269
269 3326 5886 5870 9147 4685 7917 3134 8905 8697 8570 3060 405 6475
269
False
269 3326 5886 5870 9147 4685 7917 3134 8905 8697 8570 3060 405 6475 7179
269
False
7179
False
7179
False
19
269
20
6776
False
9376
False
22
False
22
21
False
6776
False
21
269 3326 5886 5870 9147 4685 7917 3134 8905 8697 8570 3060 405 6475 7179 9049 3540 9963 6895 8146 6776
8146
False
6895
9963
9963
False
18
9963
18
False
18
17
False
16
269 3326 5886 5870 9147 4685 7917 3134 8905 8697 8570 3060 405 6475 7179 9049 1707 3262 376
19
19
269 3326 5886 5870 9147 4685 7917 3134 8905 8697 8570 3060 405 6475 7179 9049 1707 3262 5856
269
269 3326 5886 5870 9147 4685 7917 3134 8905 8697 8570 3060 405 6475 7179 9049 1707 3262 5856 2497
269 3326 5886 5870 9147 4685 7917 3134 8905 8697 8570 3060 405 6475 7179 9049 1707 3262 5856 2497
269 3326 5886 5870 9147 4685 7917 3134 8905 8697 8570 3060 405 6475 7179 9049 1707 3262 5856 2497
269
5856
False
False
False
3104
4009
4009
False
269 3326 5886 5870 9147 4685 7917 3134 8905 8697 8570 3060 405 6475 7179 9049 1707 3262 5856 3104 4009
4009
2060
False
269
2310
2310
269 3326 5886 5870 9147 4685 7917 3134 8905 8697 8570 3060 405 6475 7179 9049 1707 3262 5856 3104 3461 2060 2310
269 3326 5886 5870 9147 4685 7917 3134 8905 8697 8570 3060 405 6475 7179 9049 1707 3262 5856 3104 3461 2060 2310
269
269
2310
False
False
False
False
269
False
7970
23
24
269 3326 5886 5870 9147 4685 7917 3134 8905 8697 8570 3060 405 6475 7179 9049 1707 3262 5856 3104 3461 2060 7970
269 3326 5886 5870 9147 4685 7917 3134 8905 8697 8570 3060 405 6475 7179 9049 1707 3262 5856 3104 3461 2060 7970
23
False
3635
269 3326 5886 5870 9147 4685 7917 3134 8905 8697 8570 3060 405 6475 7179 9049 1707 3262 5856 3104 3461 2060 3635
False
23
False
269 3326 5886 5870 9147 4685 7917 3134 8905 8697 8570 3060 405 6475 7179 9049 1707 3262 5856 3104 3461 2060 6084
False
23
269
9708
False
24
24
False
2410
False
False
269
False
269 3326 5886 5870 9147 4685 7917 3134 8905 8697 8570 3060 405 6475 7179 9049 1707 3262 5856 3104 3461 2060
False
3461
269 3326 5886 5870 9147 4685 7917 3134 8905 8697 8570 3060 405 6475 7179 9049 1707 3262 5856 3104
False
5856
269
269 3326 5886 5870 9147 4685 7917 3134 8905 8697 8570 3060 405 6475 7179 9049 1707 3262 5856 9741
9741
False
269 3326 5886 5870 9147 4685 7917 3134 8905 8697 8570 3060 405 6475 7179 9049 1707 3262 5856 9741 7576
7576
21
269
False
False
269
27
269
False
False
269 3326 5886 5870 9147 4685 7917 3134 8905 8697 8570 3060 405 6475 7179 9049 1707 3262 5856 9741 7576 5853 7609 4534 6267 2400 2497 3666 3047 907 7570
False
False
269 3326 5886 5870 9147 4685 7917 3134 8905 8697 8570 3060 405 6475 7179 9049 1707 3262 5856 9741 7576 5853 7609 4534 6267 2400 2497 3666 3047 907 7570 241
269
False
7570
False
269 3326 5886 5870 9147 4685 7917 3134 8905 8697 8570 3060 405 6475 7179 9049 1707 3262 5856 9741 7576 5853 7609 4534 6267 2400 2497 3666 3047 907 7570 4217
4217
269
4217
29
269
False
29
269 3326 5886 5870 9147 4685 7917 3134 8905 8697 8570 3060 405 6475 7179 9049 1707 3262 5856 9741 7576 5853 7609 4534 6267 2400 2497 3666
27
False
29
269 3326 5886 5870 9147 4685 7917 3134 8905 8697 8570 3060 405 6475 7179 9049 1707 3262 5856 9741 7576 5853 7609 4534 6267 2400 1268 5711 6533
269 3326 5886 5870 9147 4685 7917 3134 8905 8697 8570 3060 405 6475 7179 9049 1707 3262 5856 9741 7576 5853 7609 4534 6267 2400 1268 5711 6533
269
False
False
269 3326 5886 5870 9147 4685 7917 3134 8905 8697 8570 3060 405 6475 7179 9049 1707 3262 5856 9741 7576 5853 7609 4534 6267 2400 1268
269 3326 5886 5870 9147 4685 7917 3134 8905 8697 8570 3060 405 6475 7179 9049 1707 3262 5856 9741 7576 5853 7609 4534 6267 2400 1268
3011
5588
5588
269
27
269
269 3326 5886 5870 9147 4685 7917 3134 8905 8697 8570 3060 405 6475 7179 9049 1707 3262 5856 9741 7576 5853 7609 4534 6267 2400 1268
False
False
25
False
269 3326 5886 5870 9147 4685 7917 3134 8905 8697 8570 3060 405 6475 7179 9049 1707 3262 5856 9741 7576 5853 7609 4534 6267 4946
False
269
False
24
269 3326 5886 5870 9147 4685 7917 3134 8905 8697 8570 3060 405 6475 7179 9049 1707 3262 5856 9741 7576 5853 7609 4534
False
False
False
False
269 3326 5886 5870 9147 4685 7917 3134 8905 8697 8570 3060 405 6475 7179 9049 1707 3262 5856 9741 7576 5853 7609 4534 7438 929 465
False
False
269
7438
269
False
False
269 3326 5886 5870 9147 4685 7917 3134 8905 8697 8570 3060 405 6475 7179 9049 1707 3262 5856 9741 7576 5853 7609 4534 7438 5380 7909
269
29
269 3326 5886 5870 9147 4685 7917 3134 8905 8697 8570 3060 405 6475 7179 9049 1707 3262 5856 9741 7576 5853 7609 4534 7438 5380 7909 586 9476 5396
269 3326 5886 5870 9147 4685 7917 3134 8905 8697 8570 3060 405 6475 7179 9049 1707 3262 5856 9741 7576 5853 7609 4534 7438 5380 7909 586 9476 5396
269 3326 5886 5870 9147 4685 7917 3134 8905 8697 8570 3060 405 6475 7179 9049 1707 3262 5856 9741 7576 5853 7609 4534 7438 5380 7909 586 9476 5396 3193
31
269
8109
False
8109
32
269 3326 5886 5870 9147 4685 7917 3134 8905 8697 8570 3060 405 6475 7179 9049 1707 3262 5856 9741 7576 5853 7609 4534 7438 5380 7909 586 9476 5396 3193 8109
False
False
32
33
False
False
8996
False
False
32
269 3326 5886 5870 9147 4685 7917 3134 8905 8697 8570 3060 405 6475 7179 9049 1707 3262 5856 9741 7576 5853 7609 4534 7438 5380 7909 586 9476 5396 3193 8109 8493
269 3326 5886 5870 9147 4685 7917 3134 8905 8697 8570 3060 405 6475 7179 9049 1707 3262 5856 9741 7576 5853 7609 4534 7438 5380 7909 586 9476 5396 3193 8109 8493
False
33
8493
269 3326 5886 5870 9147 4685 7917 3134 8905 8697 8570 3060 405 6475 7179 9049 1707 3262 5856 9741 7576 5853 7609 4534 7438 5380 7909 586 9476 5396 3193 8109 8493
8493
False
269
8945
269 3326 5886 5870 9147 4685 7917 3134 8905 8697 8570 3060 405 6475 7179 9049 1707 3262 5856 9741 7576 5853 7609 4534 7438 5380 7909 586 9476 5396 3193 8109 8945 6561
269
False
269
269
269
269 3326 5886 5870 9147 4685 7917 3134 8905 8697 8570 3060 405 6475 7179 9049 1707 3262 5856 9741 7576 5853 7609 4534 7438 5380 7909 586 9476 5396 3193 3440 1044
269
9525
1044
1044
269
False
269 3326 5886 5870 9147 4685 7917 3134 8905 8697 8570 3060 405 6475 7179 9049 1707 3262 5856 9741 7576 5853 7609 4534 7438 5380 7909 586 9476 5396 3193 3440 1044 1001 7307 8492 5389
269
36
37
269
1749
38
False
False
269
269 3326 5886 5870 9147 4685 7917 3134 8905 8697 8570 3060 405 6475 7179 9049 1707 3262 5856 9741 7576 5853 7609 4534 7438 5380 7909 586 9476 5396 3193 3440 1044 1001 7307 8492 3782 5528
False
3782
False
37
269 3326 5886 5870 9147 4685 7917 3134 8905 8697 8570 3060 405 6475 7179 9049 1707 3262 5856 9741 7576 5853 7609 4534 7438 5380 7909 586 9476 5396 3193 3440 1044 1001 7307 8492 3782 7303 3302
1008
False
269 3326 5886 5870 9147 4685 7917 3134 8905 8697 8570 3060 405 6475 7179 9049 1707 3262 5856 9741 7576 5853 7609 4534 7438 5380 7909 586 9476 5396 3193 3440 1044 1001 7307 8492 3782 7303 3302 1008
False
40
40
41
183
False
320
269 3326 5886 5870 9147 4685 7917 3134 8905 8697 8570 3060 405 6475 7179 9049 1707 3262 5856 9741 7576 5853 7609 4534 7438 5380 7909 586 9476 5396 3193 3440 1044 1001 7307 8492 3782 7303 3302 1008 183 320
2026
269 3326 5886 5870 9147 4685 7917 3134 8905 8697 8570 3060 405 6475 7179 9049 1707 3262 5856 9741 7576 5853 7609 4534 7438 5380 7909 586 9476 5396 3193 3440 1044 1001 7307 8492 3782 7303 3302 1008 183 320 5786 9093
False
False
9280
False
False
False
183
False
46
4193
269 3326 5886 5870 9147 4685 7917 3134 8905 8697 8570 3060 405 6475 7179 9049 1707 3262 5856 9741 7576 5853 7609 4534 7438 5380 7909 586 9476 5396 3193 3440 1044 1001 7307 8492 3782 7303 3302 1008 183 320 5786 9093 8309 1736 3253 4193
False
46
46
1736
183
269 3326 5886 5870 9147 4685 7917 3134 8905 8697 8570 3060 405 6475 7179 9049 1707 3262 5856 9741 7576 5853 7609 4534 7438 5380 7909 586 9476 5396 3193 3440 1044 1001 7307 8492 3782 7303 3302 1008 183 320 5786 9093 8309 1736
269 3326 5886 5870 9147 4685 7917 3134 8905 8697 8570 3060 405 6475 7179 9049 1707 3262 5856 9741 7576 5853 7609 4534 7438 5380 7909 586 9476 5396 3193 3440 1044 1001 7307 8492 3782 7303 3302 1008 183 320 5786 9093 8309 1736
False
False
False
269 3326 5886 5870 9147 4685 7917 3134 8905 8697 8570 3060 405 6475 7179 9049 1707 3262 5856 9741 7576 5853 7609 4534 7438 5380 7909 586 9476 5396 3193 3440 1044 1001 7307 8492 3782 7303 3302 1008 183 320 5786 9093
183
False
False
183
183
False
False
False
183
5314
False
183
False
False
False
49
6235
183
269 3326 5886 5870 9147 4685 7917 3134 8905 8697 8570 3060 405 6475 7179 9049 1707 3262 5856 9741 7576 5853 7609 4534 7438 5380 7909 586 9476 5396 3193 3440 1044 1001 7307 8492 3782 7303 3302 1008 183 320 5786 505 4027 5314 8876 8844 1977 6235
6235
183
50
183
False
269 3326 5886 5870 9147 4685 7917 3134 8905 8697 8570 3060 405 6475 7179 9049 1707 3262 5856 9741 7576 5853 7609 4534 7438 5380 7909 586 9476 5396 3193 3440 1044 1001 7307 8492 3782 7303 3302 1008 183 320 5786 505 4027 5314 8876 8844 1977
8822
8821
269 3326 5886 5870 9147 4685 7917 3134 8905 8697 8570 3060 405 6475 7179 9049 1707 3262 5856 9741 7576 5853 7609 4534 7438 5380 7909 586 9476 5396 3193 3440 1044 1001 7307 8492 3782 7303 3302 1008 183 320 5786 505 4027 5314 8876 8844 1977 8822 8821 6791
8724
False
False
51
False
612
52
269 3326 5886 5870 9147 4685 7917 3134 8905 8697 8570 3060 405 6475 7179 9049 1707 3262 5856 9741 7576 5853 7609 4534 7438 5380 7909 586 9476 5396 3193 3440 1044 1001 7307 8492 3782 7303 3302 1008 183 320 5786 505 4027 5314 8876 8844 1977 8822 8821 612
612
183
False
False
1027
51
False
False
53
False
False
269 3326 5886 5870 9147 4685 7917 3134 8905 8697 8570 3060 405 6475 7179 9049 1707 3262 5856 9741 7576 5853 7609 4534 7438 5380 7909 586 9476 5396 3193 3440 1044 1001 7307 8492 3782 7303 3302 1008 183 320 5786 505 4027 5314 8876 8844 1977 7468 1027 1729
52
52
False
1027
False
False
False
False
269 3326 5886 5870 9147 4685 7917 3134 8905 8697 8570 3060 405 6475 7179 9049 1707 3262 5856 9741 7576 5853 7609 4534 7438 5380 7909 586 9476 5396 3193 3440 1044 1001 7307 8492 3782 7303 3302 1008 183 320 5786 505 4027 5314 8876 8844 1977 7468
False
183
183
183
49
1977
8359
183
52
53
53
9531
False
183
9531
183
False
False
183
9354
183
53
False
False
False
269 3326 5886 5870 9147 4685 7917 3134 8905 8697 8570 3060 405 6475 7179 9049 1707 3262 5856 9741 7576 5853 7609 4534 7438 5380 7909 586 9476 5396 3193 3440 1044 1001 7307 8492 3782 7303 3302 1008 183 320 5786 505 4027 5314 8876 8844
False
183
False
269 3326 5886 5870 9147 4685 7917 3134 8905 8697 8570 3060 405 6475 7179 9049 1707 3262 5856 9741 7576 5853 7609 4534 7438 5380 7909 586 9476 5396 3193 3440 1044 1001 7307 8492 3782 7303 3302 1008 183 320 5786 505 4027 5314 8876 6447 9846 4321 3331 277
False
False
269 3326 5886 5870 9147 4685 7917 3134 8905 8697 8570 3060 405 6475 7179 9049 1707 3262 5856 9741 7576 5853 7609 4534 7438 5380 7909 586 9476 5396 3193 3440 1044 1001 7307 8492 3782 7303 3302 1008 183 320 5786 505 4027 5314 8876 6447 9846 4321
False
4455
False
6959
269 3326 5886 5870 9147 4685 7917 3134 8905 8697 8570 3060 405 6475 7179 9049 1707 3262 5856 9741 7576 5853 7609 4534 7438 5380 7909 586 9476 5396 3193 3440 1044 1001 7307 8492 3782 7303 3302 1008 183 320 5786 505 4027 5314 8876 6447 9846 4321 6959
False
269 3326 5886 5870 9147 4685 7917 3134 8905 8697 8570 3060 405 6475 7179 9049 1707 3262 5856 9741 7576 5853 7609 4534 7438 5380 7909 586 9476 5396 3193 3440 1044 1001 7307 8492 3782 7303 3302 1008 183 320 5786 505 4027 5314 8876 6447 9846 4321 6959
6959
False
False
False
269 3326 5886 5870 9147 4685 7917 3134 8905 8697 8570 3060 405 6475 7179 9049 1707 3262 5856 9741 7576 5853 7609 4534 7438 5380 7909 586 9476 5396 3193 3440 1044 1001 7307 8492 3782 7303 3302 1008 183 320 5786 505 4027 5314 8876 6447 9846 4321
4321
50
269 3326 5886 5870 9147 4685 7917 3134 8905 8697 8570 3060 405 6475 7179 9049 1707 3262 5856 9741 7576 5853 7609 4534 7438 5380 7909 586 9476 5396 3193 3440 1044 1001 7307 8492 3782 7303 3302 1008 183 320 5786 505 4027 5314 8876 6447 9846 4321 9002
False
269 3326 5886 5870 9147 4685 7917 3134 8905 8697 8570 3060 405 6475 7179 9049 1707 3262 5856 9741 7576 5853 7609 4534 7438 5380 7909 586 9476 5396 3193 3440 1044 1001 7307 8492 3782 7303 3302 1008 183 320 5786 505 4027 5314 8876 6447 9846 4321 9002
183
183
269 3326 5886 5870 9147 4685 7917 3134 8905 8697 8570 3060 405 6475 7179 9049 1707 3262 5856 9741 7576 5853 7609 4534 7438 5380 7909 586 9476 5396 3193 3440 1044 1001 7307 8492 3782 7303 3302 1008 183 320 5786 505 4027 5314 8876 6447 9846 4321
183
183
269 3326 5886 5870 9147 4685 7917 3134 8905 8697 8570 3060 405 6475 7179 9049 1707 3262 5856 9741 7576 5853 7609 4534 7438 5380 7909 586 9476 5396 3193 3440 1044 1001 7307 8492 3782 7303 3302 1008 183 320 5786 505 4027 5314 8876 6447 9846
False
48
269 3326 5886 5870 9147 4685 7917 3134 8905 8697 8570 3060 405 6475 7179 9049 1707 3262 5856 9741 7576 5853 7609 4534 7438 5380 7909 586 9476 5396 3193 3440 1044 1001 7307 8492 3782 7303 3302 1008 183 320 5786 505 4027 5314 8876 6447
183
4350
48
183
269 3326 5886 5870 9147 4685 7917 3134 8905 8697 8570 3060 405 6475 7179 9049 1707 3262 5856 9741 7576 5853 7609 4534 7438 5380 7909 586 9476 5396 3193 3440 1044 1001 7307 8492 3782 7303 3302 1008 183 320 5786 505 4027 5314 8876
269 3326 5886 5870 9147 4685 7917 3134 8905 8697 8570 3060 405 6475 7179 9049 1707 3262 5856 9741 7576 5853 7609 4534 7438 5380 7909 586 9476 5396 3193 3440 1044 1001 7307 8492 3782 7303 3302 1008 183 320 5786 505 4027 5314 8876 2831
6087
False
269 3326 5886 5870 9147 4685 7917 3134 8905 8697 8570 3060 405 6475 7179 9049 1707 3262 5856 9741 7576 5853 7609 4534 7438 5380 7909 586 9476 5396 3193 3440 1044 1001 7307 8492 3782 7303 3302 1008 183 320 5786 505 4027 5314 8876 2831 6087
False
269 3326 5886 5870 9147 4685 7917 3134 8905 8697 8570 3060 405 6475 7179 9049 1707 3262 5856 9741 7576 5853 7609 4534 7438 5380 7909 586 9476 5396 3193 3440 1044 1001 7307 8492 3782 7303 3302 1008 183 320 5786 505 4027 5314 8876 2831 6087 2247
False
False
48
48
48
False
49
False
False
269 3326 5886 5870 9147 4685 7917 3134 8905 8697 8570 3060 405 6475 7179 9049 1707 3262 5856 9741 7576 5853 7609 4534 7438 5380 7909 586 9476 5396 3193 3440 1044 1001 7307 8492 3782 7303 3302 1008 183 320 5786 505 4027 5314 8876 2831 3422 4178 621
183
False
183
269 3326 5886 5870 9147 4685 7917 3134 8905 8697 8570 3060 405 6475 7179 9049 1707 3262 5856 9741 7576 5853 7609 4534 7438 5380 7909 586 9476 5396 3193 3440 1044 1001 7307 8492 3782 7303 3302 1008 183 320 5786 505 4027 5314 8876 2831 3422
False
False
False
183
False
8747
False
183
False
8747
269 3326 5886 5870 9147 4685 7917 3134 8905 8697 8570 3060 405 6475 7179 9049 1707 3262 5856 9741 7576 5853 7609 4534 7438 5380 7909 586 9476 5396 3193 3440 1044 1001 7307 8492 3782 7303 3302 1008 183 320 5786 505 4027 5314
False
5314
5314
505
269 3326 5886 5870 9147 4685 7917 3134 8905 8697 8570 3060 405 6475 7179 9049 1707 3262 5856 9741 7576 5853 7609 4534 7438 5380 7909 586 9476 5396 3193 3440 1044 1001 7307 8492 3782 7303 3302 1008 183 320 5786 505
269 3326 5886 5870 9147 4685 7917 3134 8905 8697 8570 3060 405 6475 7179 9049 1707 3262 5856 9741 7576 5853 7609 4534 7438 5380 7909 586 9476 5396 3193 3440 1044 1001 7307 8492 3782 7303 3302 1008 183 320 5786 505
44
False
183
42
320
269 3326 5886 5870 9147 4685 7917 3134 8905 8697 8570 3060 405 6475 7179 9049 1707 3262 5856 9741 7576 5853 7609 4534 7438 5380 7909 586 9476 5396 3193 3440 1044 1001 7307 8492 3782 7303 3302 1008
1008
269 3326 5886 5870 9147 4685 7917 3134 8905 8697 8570 3060 405 6475 7179 9049 1707 3262 5856 9741 7576 5853 7609 4534 7438 5380 7909 586 9476 5396 3193 3440 1044 1001 7307 8492 3782 7303 3302 1008 1122
269
False
269 3326 5886 5870 9147 4685 7917 3134 8905 8697 8570 3060 405 6475 7179 9049 1707 3262 5856 9741 7576 5853 7609 4534 7438 5380 7909 586 9476 5396 3193 3440 1044 1001 7307 8492 3782 7303 3302 1008 1122 5214
269 3326 5886 5870 9147 4685 7917 3134 8905 8697 8570 3060 405 6475 7179 9049 1707 3262 5856 9741 7576 5853 7609 4534 7438 5380 7909 586 9476 5396 3193 3440 1044 1001 7307 8492 3782 7303 3302 1008 1122 5214
42
269
False
269 3326 5886 5870 9147 4685 7917 3134 8905 8697 8570 3060 405 6475 7179 9049 1707 3262 5856 9741 7576 5853 7609 4534 7438 5380 7909 586 9476 5396 3193 3440 1044 1001 7307 8492 3782 7303 3302 1008 1122 5517
False
269 3326 5886 5870 9147 4685 7917 3134 8905 8697 8570 3060 405 6475 7179 9049 1707 3262 5856 9741 7576 5853 7609 4534 7438 5380 7909 586 9476 5396 3193 3440 1044 1001 7307 8492 3782 7303 3302 1008 1122 5517 887 5551
269 3326 5886 5870 9147 4685 7917 3134 8905 8697 8570 3060 405 6475 7179 9049 1707 3262 5856 9741 7576 5853 7609 4534 7438 5380 7909 586 9476 5396 3193 3440 1044 1001 7307 8492 3782 7303 3302 1008 1122 5517 887 5551
269
False
269
5517
False
False
269
269
6371
269
269
4110
False
269 3326 5886 5870 9147 4685 7917 3134 8905 8697 8570 3060 405 6475 7179 9049 1707 3262 5856 9741 7576 5853 7609 4534 7438 5380 7909 586 9476 5396 3193 3440 1044 1001 7307 8492 3782 7303 3302 1008 1122 6371 4110
False
False
42
269 3326 5886 5870 9147 4685 7917 3134 8905 8697 8570 3060 405 6475 7179 9049 1707 3262 5856 9741 7576 5853 7609 4534 7438 5380 7909 586 9476 5396 3193 3440 1044 1001 7307 8492 3782 7303 3302 1008 1122 6371
False
4489
269
44
False
False
6371
42
False
False
False
40
False
False
False
269
False
36
False
269 3326 5886 5870 9147 4685 7917 3134 8905 8697 8570 3060 405 6475 7179 9049 1707 3262 5856 9741 7576 5853 7609 4534 7438 5380 7909 586 9476 5396 3193 3440 1044 1001 7307 8492 2927
269
9609
False
False
2017
8492
False
False
269
37
37
460
False
False
False
269 3326 5886 5870 9147 4685 7917 3134 8905 8697 8570 3060 405 6475 7179 9049 1707 3262 5856 9741 7576 5853 7609 4534 7438 5380 7909 586 9476 5396 3193 3440 1044 1001 7307
269 3326 5886 5870 9147 4685 7917 3134 8905 8697 8570 3060 405 6475 7179 9049 1707 3262 5856 9741 7576 5853 7609 4534 7438 5380 7909 586 9476 5396 3193 3440 1044 1001
269 3326 5886 5870 9147 4685 7917 3134 8905 8697 8570 3060 405 6475 7179 9049 1707 3262 5856 9741 7576 5853 7609 4534 7438 5380 7909 586 9476 5396 3193 3440 1044 1001
269
1001
False
1044
269
False
False
False
269 3326 5886 5870 9147 4685 7917 3134 8905 8697 8570 3060 405 6475 7179 9049 1707 3262 5856 9741 7576 5853 7609 4534 7438 5380 7909 586 9476 5396 3193 3440 1044
1044
32
269 3326 5886 5870 9147 4685 7917 3134 8905 8697 8570 3060 405 6475 7179 9049 1707 3262 5856 9741 7576 5853 7609 4534 7438 5380 7909 586 9476 5396 3193 3440
32
False
32
32
False
32
3193
False
269
3829
False
False
False
4168
False
269
False
68
269 3326 5886 5870 9147 4685 7917 3134 8905 8697 8570 3060 405 6475 7179 9049 1707 3262 5856 9741 7576 5853 7609 4534 7438 5380 7909 586 9476 5396 3193 3829 6075 68
False
269 3326 5886 5870 9147 4685 7917 3134 8905 8697 8570 3060 405 6475 7179 9049 1707 3262 5856 9741 7576 5853 7609 4534 7438 5380 7909 586 9476 5396 3193 3829 6075 3477
269 3326 5886 5870 9147 4685 7917 3134 8905 8697 8570 3060 405 6475 7179 9049 1707 3262 5856 9741 7576 5853 7609 4534 7438 5380 7909 586 9476 5396 3193 3829 6075 3477
269
269
33
269
False
False
6075
False
269 3326 5886 5870 9147 4685 7917 3134 8905 8697 8570 3060 405 6475 7179 9049 1707 3262 5856 9741 7576 5853 7609 4534 7438 5380 7909 586 9476 5396
False
9334
245
False
245
245
False
269 3326 5886 5870 9147 4685 7917 3134 8905 8697 8570 3060 405 6475 7179 9049 1707 3262 5856 9741 7576 5853 7609 4534 7438 5380 7909 586 245
False
False
245
27
False
269 3326 5886 5870 9147 4685 7917 3134 8905 8697 8570 3060 405 6475 7179 9049 1707 3262 5856 9741 7576 5853 7609 4534 7438 5380 7909 4481
269 3326 5886 5870 9147 4685 7917 3134 8905 8697 8570 3060 405 6475 7179 9049 1707 3262 5856 9741 7576 5853 7609 4534 7438 5380 7909 1032 1550
1550
28
28
269 3326 5886 5870 9147 4685 7917 3134 8905 8697 8570 3060 405 6475 7179 9049 1707 3262 5856 9741 7576 5853 7609 4534 7438
7438
7438
False
False
False
3712
False
25
False
269
269 3326 5886 5870 9147 4685 7917 3134 8905 8697 8570 3060 405 6475 7179 9049 1707 3262 5856 9741 7576 5853 2994 5218 8682
269
False
False
False
False
269
269 3326 5886 5870 9147 4685 7917 3134 8905 8697 8570 3060 405 6475 7179 9049 1707 3262 5856 9741 7576 5853 2994 5218 8682 5202 6712 3605
27
8682
8682
269
269 3326 5886 5870 9147 4685 7917 3134 8905 8697 8570 3060 405 6475 7179 9049 1707 3262 5856 9741 7576 5853 2994 5218 8682
269
False
False
3113
269
25
25
26
False
269
False
False
4756
26
4756
26
269
26
269 3326 5886 5870 9147 4685 7917 3134 8905 8697 8570 3060 405 6475 7179 9049 1707 3262 5856 9741 7576 5853 2994 5218 8414 4756 3740
False
3740
3740
269
26
269 3326 5886 5870 9147 4685 7917 3134 8905 8697 8570 3060 405 6475 7179 9049 1707 3262 5856 9741 7576 5853 2994 5218 8414
269 3326 5886 5870 9147 4685 7917 3134 8905 8697 8570 3060 405 6475 7179 9049 1707 3262 5856 9741 7576 5853 2994
False
269
8119
False
5215
False
5500
False
False
5500
269 3326 5886 5870 9147 4685 7917 3134 8905 8697 8570 3060 405 6475 7179 9049 1707 3262 5856 9741 7576 6174 5215 5500
5500
24
25
False
5500
269
269 3326 5886 5870 9147 4685 7917 3134 8905 8697 8570 3060 405 6475 7179 9049 1707 3262 5856 9741 7576 6174 5215
False
False
False
23
False
5215
269
269
5215
269
False
5597
269 3326 5886 5870 9147 4685 7917 3134 8905 8697 8570 3060 405 6475 7179 9049 1707 3262 5856 9741 7576 6174 5215 3646 5597
269
False
269
5215
269 3326 5886 5870 9147 4685 7917 3134 8905 8697 8570 3060 405 6475 7179 9049 1707 3262 5856 9741 7576 6174 5215
False
269 3326 5886 5870 9147 4685 7917 3134 8905 8697 8570 3060 405 6475 7179 9049 1707 3262 5856 9741 7576 6174 5215
24
23
23
269
False
269
5215
False
6174
6174
269 3326 5886 5870 9147 4685 7917 3134 8905 8697 8570 3060 405 6475 7179 9049 1707 3262 5856 9741 7576
False
False
False
False
20
269
False
269 3326 5886 5870 9147 4685 7917 3134 8905 8697 8570 3060 405 6475 7179 9049 1707
9049
16
False
9049
3245
17
False
False
269
269 3326 5886 5870 9147 4685 7917 3134 8905 8697 8570 3060 405 6475 7179 9049
False
269 3326 5886 5870 9147 4685 7917 3134 8905 8697 8570 3060 405 6475 7179 9049
17
False
9049
269 3326 5886 5870 9147 4685 7917 3134 8905 8697 8570 3060 405 6475 7179
7179
False
False
False
15
False
False
269
16
269
17
False
False
17
269 3326 5886 5870 9147 4685 7917 3134 8905 8697 8570 3060 405 6475 7179 5848 9414
False
False
False
269 3326 5886 5870 9147 4685 7917 3134 8905 8697 8570 3060 405 6475 7179 5848 9414 5015
269
False
7975
7975
21
21
269 3326 5886 5870 9147 4685 7917 3134 8905 8697 8570 3060 405 6475 7179 5848 9414 5015 7975 7108 631
631
631
3247
269 3326 5886 5870 9147 4685 7917 3134 8905 8697 8570 3060 405 6475 7179 5848 9414 5015 7975 7108
False
269
22
269
269 3326 5886 5870 9147 4685 7917 3134 8905 8697 8570 3060 405 6475 7179 5848 9414 5015 7975 7108 6223
6223
269 3326 5886 5870 9147 4685 7917 3134 8905 8697 8570 3060 405 6475 7179 5848 9414 5015 7975 7108 6223 8072
269 3326 5886 5870 9147 4685 7917 3134 8905 8697 8570 3060 405 6475 7179 5848 9414 5015 7975 7108 6223 8072 161
269 3326 5886 5870 9147 4685 7917 3134 8905 8697 8570 3060 405 6475 7179 5848 9414 5015 7975 7108 6223 8072 161
161
False
6223
False
269
269
6223
5777
22
False
False
False
269
False
20
False
269 3326 5886 5870 9147 4685 7917 3134 8905 8697 8570 3060 405 6475 7179 5848 9414 5015 7975 9393
20
269 3326 5886 5870 9147 4685 7917 3134 8905 8697 8570 3060 405 6475 7179 5848 9414 5015 7975 9393
9393
20
21
5537
False
269 3326 5886 5870 9147 4685 7917 3134 8905 8697 8570 3060 405 6475 7179 5848 9414 5015 7975 9393 3763 5537
False
269 3326 5886 5870 9147 4685 7917 3134 8905 8697 8570 3060 405 6475 7179 5848 9414 5015 7975 9393 3763 5537 9975
269 3326 5886 5870 9147 4685 7917 3134 8905 8697 8570 3060 405 6475 7179 5848 9414 5015 7975 9393 3763 5537 9975
23
False
269
False
False
24
7166
False
269 3326 5886 5870 9147 4685 7917 3134 8905 8697 8570 3060 405 6475 7179 5848 9414 5015 7975 9393 3763 5537 9975 7166
269 3326 5886 5870 9147 4685 7917 3134 8905 8697 8570 3060 405 6475 7179 5848 9414 5015 7975 9393 3763 5537 9975 7166
7166
False
9975
False
False
269
269 3326 5886 5870 9147 4685 7917 3134 8905 8697 8570 3060 405 6475 7179 5848 9414 5015 7975 9393 3763 5537 9975 3250
269
False
24
False
False
9975
269
False
23
269
269
6203
False
False
False
21
9725
9725
9393
269 3326 5886 5870 9147 4685 7917 3134 8905 8697 8570 3060 405 6475 7179 5848 9414 5015 7975 9393
1949
269 3326 5886 5870 9147 4685 7917 3134 8905 8697 8570 3060 405 6475 7179 5848 9414 5015 7975 9393
19
False
False
269
False
8281
269
19
False
269
False
False
False
False
18
269 3326 5886 5870 9147 4685 7917 3134 8905 8697 8570 3060 405 6475 7179 5848 9414 5015
False
269
269
19
False
4859
19
269 3326 5886 5870 9147 4685 7917 3134 8905 8697 8570 3060 405 6475 7179 5848 9414 5015
16
5848
15
15
False
False
15
269
6475
269 3326 5886 5870 9147 4685 7917 3134 8905 8697 8570 3060 405 6475
5592
269 3326 5886 5870 9147 4685 7917 3134 8905 8697 8570 3060 405 6475
269 3326 5886 5870 9147 4685 7917 3134 8905 8697 8570 3060 405
405
269 3326 5886 5870 9147 4685 7917 3134 8905 8697 8570 3060 405 3711
269 3326 5886 5870 9147 4685 7917 3134 8905 8697 8570 3060 405
False
False
269
False
12
False
13
False
3779
False
269 3326 5886 5870 9147 4685 7917 3134 8905 8697 8570 3060 3779 4062 2895
269
False
False
269 3326 5886 5870 9147 4685 7917 3134 8905 8697 8570 3060 3779 4062 2895 5419 2107
269 3326 5886 5870 9147 4685 7917 3134 8905 8697 8570 3060 3779 4062 2895 5419 2107
False
269
269 3326 5886 5870 9147 4685 7917 3134 8905 8697 8570 3060 3779 4062 2895 5419
5419
269 3326 5886 5870 9147 4685 7917 3134 8905 8697 8570 3060 3779 4062 2895 5419 5169
269 3326 5886 5870 9147 4685 7917 3134 8905 8697 8570 3060 3779 4062 2895 5419 5169
269
19
False
269 3326 5886 5870 9147 4685 7917 3134 8905 8697 8570 3060 3779 4062 2895 5419 5169 511
False
False
269 3326 5886 5870 9147 4685 7917 3134 8905 8697 8570 3060 3779 4062 2895 5419 5169 511 9772
269
269 3326 5886 5870 9147 4685 7917 3134 8905 8697 8570 3060 3779 4062 2895 5419 5169 511
18
269
18
False
False
269
17
False
269
False
17
269 3326 5886 5870 9147 4685 7917 3134 8905 8697 8570 3060 3779 4062 2895 5419 5169
False
False
5419
17
269
16
False
269 3326 5886 5870 9147 4685 7917 3134 8905 8697 8570
2822
269
6880
False
False
False
269
False
False
269 3326 5886 5870 9147 4685 7917 3134 8905 6880
False
6880
269
False
10
10
269 3326 5886 5870 9147 4685 7917 3134 8905 6880
269
12
False
269
7312
False
13
269
12
12
12
False
6880
False
False
False
False
8905
8905
269
8
269 3326 5886 5870 9147 4685 7917 3134
8
269 3326 5886 5870 9147 4685 7917 7432
8
269 3326 5886 5870 9147 4685 7917 7432
4685
4685
4685
6
False
False
6
False
False
4685
False
269 3326 5886 5870 9147 4685 4248
7223
False
False
269
7175
269 3326 5886 5870 9147 4685 7223 2188 1764
False
2188
269
2188
269
269
False
False
269 3326 5886 5870 9147 4685 7223 2188 8381 6853
10
269
269 3326 5886 5870 9147 4685 7223 2188 8381 6853
False
269
269 3326 5886 5870 9147 4685 7223 2188 8381 6853
False
269 3326 5886 5870 9147 4685 7223 2188 8381 6853
269 3326 5886 5870 9147 4685 7223 2188 8381 6853
269 3326 5886 5870 9147 4685 7223 2188 8381 6853
269 3326 5886 5870 9147 4685 7223 2188 8381 6853 3897 6381
False
9782
12
2872
269
False
False
14
269
14
269
269
269
269
269 3326 5886 5870 9147 4685 7223 2188 8381 6853 3897 6381 1914 4667 842 5307
269
False
17
False
5373
False
269 3326 5886 5870 9147 4685 7223 2188 8381 6853 3897 6381 1914 4667 842 5307 2977 5373
269 3326 5886 5870 9147 4685 7223 2188 8381 6853 3897 6381 1914 4667 842 5307 2977 5373
269 3326 5886 5870 9147 4685 7223 2188 8381 6853 3897 6381 1914 4667 842 5307 2977 5373
19
845
19
845
269 3326 5886 5870 9147 4685 7223 2188 8381 6853 3897 6381 1914 4667 842 5307 2977 5373
269 3326 5886 5870 9147 4685 7223 2188 8381 6853 3897 6381 1914 4667 842 5307 2977 5373
False
17
269
269
18
False
269
269 3326 5886 5870 9147 4685 7223 2188 8381 6853 3897 6381 1914 4667 842 5307 2977 6738 2037
269
False
269 3326 5886 5870 9147 4685 7223 2188 8381 6853 3897 6381 1914 4667 842 5307 2977 6738 2533
19
20
20
269 3326 5886 5870 9147 4685 7223 2188 8381 6853 3897 6381 1914 4667 842 5307 2977 6738 2533 4428 5417
False
20
269 3326 5886 5870 9147 4685 7223 2188 8381 6853 3897 6381 1914 4667 842 5307 2977 6738 2533 4428
20
19
False
False
2533
19
6738
False
2977
2977
2977
17
False
6492
269
269
16
17
3196
269
False
False
269 3326 5886 5870 9147 4685 7223 2188 8381 6853 3897 6381 1914 4667 842 6492 6050 4337
False
False
269 3326 5886 5870 9147 4685 7223 2188 8381 6853 3897 6381 1914 4667 842 6492 6050 4337
269 3326 5886 5870 9147 4685 7223 2188 8381 6853 3897 6381 1914 4667 842 6492 6050 4337
269 3326 5886 5870 9147 4685 7223 2188 8381 6853 3897 6381 1914 4667 842 6492 6050 5947
269 3326 5886 5870 9147 4685 7223 2188 8381 6853 3897 6381 1914 4667 842 6492 6050
269 3326 5886 5870 9147 4685 7223 2188 8381 6853 3897 6381 1914 4667 842 6492 6050
269
269
269 3326 5886 5870 9147 4685 7223 2188 8381 6853 3897 6381 1914 4667 842 6492 6050 870
269 3326 5886 5870 9147 4685 7223 2188 8381 6853 3897 6381 1914 4667 842 6492 6050 870 5813
269
269
5813
19
269
False
269 3326 5886 5870 9147 4685 7223 2188 8381 6853 3897 6381 1914 4667 842 6492 6050 870 5813 6697
False
269 3326 5886 5870 9147 4685 7223 2188 8381 6853 3897 6381 1914 4667 842 6492 6050 870 5813
False
269
16
269
269 3326 5886 5870 9147 4685 7223 2188 8381 6853 3897 6381 1914 5108
5108
15
269 3326 5886 5870 9147 4685 7223 2188 8381 6853 3897 6381 1914 5108
14
14
False
269
384
269 3326 5886 5870 9147 4685 7223 2188 8381 6853 3897 6381 1914 5108 9399 384 5390
17
269 3326 5886 5870 9147 4685 7223 2188 8381 6853 3897 6381 1914 5108 9399 384 5390 6723 152
152
152
18
False
False
17
False
False
5390
269 3326 5886 5870 9147 4685 7223 2188 8381 6853 3897 6381 1914 5108 9399 384 5390
16
269
7192
384
False
9110
9110
False
269
16
269
18
3182
18
384
384
False
9399
False
269
1914
False
269 3326 5886 5870 9147 4685 7223 2188 8381 6853
9
False
1051
10
False
269
269
False
9306
269
9306
8
False
7133
False
11
1377
False
269 3326 5886 5870 9147 4685 7223 9306 7133 2432 6036 5447 8500
False
269
269
False
8500
2230
2230
False
False
False
269
269
14
False
269
269 3326 5886 5870 9147 4685 7223 9306 7133 2432 6036 5447 8500 2230
269
13
False
False
11
269
False
6036
269
False
False
False
269
False
269 3326 5886 5870 9147 4685 7223
269
7223
5
5
False
False
5
269 3326 5886 5870
269
269 3326 5886 5870 7810
5
False
False
269
9034
False
False
False
269 3326 5886
5886
269
3
False
False
9479 8761 7014 4116
4116
4
9479 8761 7014 4116
4116
1276
9479 8761 7014 4116 1276
9844
1276
False
7257
1276
7257
5
False
1276
6
1276
False
1276
3
7014
3
9479 8761 7014
9479 8761
False
9479 8761
False
8761
1371
8761
2
False
9479
4246
9479 4246
False
9479 4246
4246
False
9479 4246
4246
False
2
False
1
False
False
9479 6533 3848
False
375
9479 6533 3848 375
3848
False
False
3
9479 6533 3848
9479 6533 3848
3848
3
False
6533
6533
False
False
9479 6533
False
False
6533
6533
False
False
3
False
5304
9479 6533 5304 1947
False
False
5304
False
False
9479 6533
9479
Empty
Empty
True
False
False

1
9074
9074
False
False
9074 5098
False
5098
2
5098
False
False
False
3
9074 5098
False
1124
3
False
2
5098
9074

False
1860
0
Empty
Empty
0
9431
9431
9431
0
Empty
Empty
Empty
8929
False
False
119
8929
119
Empty
Empty
1
8707
False
False
5682
False
53
2
False
8707
1
2
1
8707
8707
False



Empty
4877
0
Empty
0
Empty

True
Empty

False
0
0

False

True
Empty
Empty
0

2851

False
0

0

Empty
0
0

6674 5149
6008
False
False
False
6674 5149 6008 9821 6225
6225
1535
6674 5149 6008 9821 6225 1535 2456
False
6674 5149 6008 9821 6225 1535 2456 1820
False
False
1535
1820
1535
1535
6674 5149 6008 9821 6225 1535 2456
7
6674 5149 6008 9821 6225 1535 2456
7
6674 5149 6008 9821 6225 1535 2456
False
1535
False
1535
False
12
9119
12
12
6674 5149 6008 9821 6225 1535 2456 2644 3049 5003 7426 9119
False
False
False
False
871
958
6674 5149 6008 9821 6225 1535 2456 2644 3049 5003 7426 9119 958 3163
958
470
17
False
False
False
315
False
6674 5149 6008 9821 6225 1535 2456 2644 3049 5003 7426 9119 958 3163 8885 6366 315 2899
False
18
315
1007
20
6674 5149 6008 9821 6225 1535 2456 2644 3049 5003 7426 9119 958 3163 8885 6366 315 2899 3937 1007
False
1007
21
False
False
315
24
315
6674 5149 6008 9821 6225 1535 2456 2644 3049 5003 7426 9119 958 3163 8885 6366 315 2899 3937 1007 9037 4600 9656
False
9037
315
6674 5149 6008 9821 6225 1535 2456 2644 3049 5003 7426 9119 958 3163 8885 6366 315 2899 3937 1007 9037
1007
20
19
2899
False
4461
6674 5149 6008 9821 6225 1535 2456 2644 3049 5003 7426 9119 958 3163 8885 6366 315 2899 4461
315
19
18
2899
315
315
19
False
False
6674 5149 6008 9821 6225 1535 2456 2644 3049 5003 7426 9119 958 3163 8885 6366 315 2899
2899
6674 5149 6008 9821 6225 1535 2456 2644 3049 5003 7426 9119 958 3163 8885 6366 315 2899
315
False
315
False
19
False
False
9395
22
False
22
False
6674 5149 6008 9821 6225 1535 2456 2644 3049 5003 7426 9119 958 3163 8885 6366 315 8682 9807 3200 9395 2349 4594
22
False
False
False
315
False
6674 5149 6008 9821 6225 1535 2456 2644 3049 5003 7426 9119 958 3163 8885 6366 315 8682 9807 3200 9395 5277 6118
6674 5149 6008 9821 6225 1535 2456 2644 3049 5003 7426 9119 958 3163 8885 6366 315 8682 9807 3200 9395 5277
6674 5149 6008 9821 6225 1535 2456 2644 3049 5003 7426 9119 958 3163 8885 6366 315 8682 9807 3200 9395 5277
False
False
False
6674 5149 6008 9821 6225 1535 2456 2644 3049 5003 7426 9119 958 3163 8885 6366 315 8682 9807 3200 9395 5277 1880
20
3200
6118
6118
315
19
False
False
19
False
False
315
271
6674 5149 6008 9821 6225 1535 2456 2644 3049 5003 7426 9119 958 3163 8885 6366 315 271 6706
271
False
271
271
6706
7612
False
271
8556
8556
False
20
8937
271
8937
21
6674 5149 6008 9821 6225 1535 2456 2644 3049 5003 7426 9119 958 3163 8885 6366 315 271 8556 4427 3565
21
6674 5149 6008 9821 6225 1535 2456 2644 3049 5003 7426 9119 958 3163 8885 6366 315 271 8556 4427 4003
271
False
6674 5149 6008 9821 6225 1535 2456 2644 3049 5003 7426 9119 958 3163 8885 6366 315 271 8556 4427 4003 5163
False
False
6723
4003
6674 5149 6008 9821 6225 1535 2456 2644 3049 5003 7426 9119 958 3163 8885 6366 315 271 8556 4427 4003
False
24
False
25
25
271
6674 5149 6008 9821 6225 1535 2456 2644 3049 5003 7426 9119 958 3163 8885 6366 315 271 8556 4427 4003 7876 2344 3614 1872 171
171
171
False
171
26
171
False
25
6674 5149 6008 9821 6225 1535 2456 2644 3049 5003 7426 9119 958 3163 8885 6366 315 271 8556 4427 4003 7876 2344 3614
3614
271
False
9634
False
6674 5149 6008 9821 6225 1535 2456 2644 3049 5003 7426 9119 958 3163 8885 6366 315 271 8556 4427 4003 7118 9658 5769
False
6674 5149 6008 9821 6225 1535 2456 2644 3049 5003 7426 9119 958 3163 8885 6366 315 271 8556 4427 4003 7118 9658 5769
6674 5149 6008 9821 6225 1535 2456 2644 3049 5003 7426 9119 958 3163 8885 6366 315 271 8556 4427 4003 7118 9658 5769
24
5769
6674 5149 6008 9821 6225 1535 2456 2644 3049 5003 7426 9119 958 3163 8885 6366 315 271 8556 4427 4003 7118 9658
False
271
False
23
False
False
23
False
22
6674 5149 6008 9821 6225 1535 2456 2644 3049 5003 7426 9119 958 3163 8885 6366 315 271 8556 4427 4003 7118
False
False
False
4003
21
4003
271
False
6674 5149 6008 9821 6225 1535 2456 2644 3049 5003 7426 9119 958 3163 8885 6366 315 271 8556 4427 4003 3362 2156
23
6674 5149 6008 9821 6225 1535 2456 2644 3049 5003 7426 9119 958 3163 8885 6366 315 271 8556 4427 4003 3362
False
22
271
5446
22
3362
False
271
21
20
6674 5149 6008 9821 6225 1535 2456 2644 3049 5003 7426 9119 958 3163 8885 6366 315 271 8556 4427
271
False
1418
6674 5149 6008 9821 6225 1535 2456 2644 3049 5003 7426 9119 958 3163 8885 6366 315 271 8556 4427 1418
6674 5149 6008 9821 6225 1535 2456 2644 3049 5003 7426 9119 958 3163 8885 6366 315 271 8556 4427 1418 8424
False
6674 5149 6008 9821 6225 1535 2456 2644 3049 5003 7426 9119 958 3163 8885 6366 315 271 8556 4427 2625
6674 5149 6008 9821 6225 1535 2456 2644 3049 5003 7426 9119 958 3163 8885 6366 315 271 8556 4427
20
271
271
6674 5149 6008 9821 6225 1535 2456 2644 3049 5003 7426 9119 958 3163 8885 6366 315 271 8556
8556
False
False
6552
False
21
False
False
21
6552
6674 5149 6008 9821 6225 1535 2456 2644 3049 5003 7426 9119 958 3163 8885 6366 315 271 8556 6552
False
315
False
315
20
315
315
20
False
315
6674 5149 6008 9821 6225 1535 2456 2644 3049 5003 7426 9119 958 3163 8885 6366 315 6783 4819 629
20
False
False
6674 5149 6008 9821 6225 1535 2456 2644 3049 5003 7426 9119 958 3163 8885 6366 315 6783 4819 629 215
215
6674 5149 6008 9821 6225 1535 2456 2644 3049 5003 7426 9119 958 3163 8885 6366 315 6783 4819 629 215
False
315
False
6674 5149 6008 9821 6225 1535 2456 2644 3049 5003 7426 9119 958 3163 8885 6366 315 6783 4819
19
6674 5149 6008 9821 6225 1535 2456 2644 3049 5003 7426 9119 958 3163 8885 6366 315 6783 4819 6576
False
315
315
18
False
False
315
False
19
False
315
False
315
6674 5149 6008 9821 6225 1535 2456 2644 3049 5003 7426 9119 958 3163 8885 6366 315 965 1471
False
False
False
17
False
315
False
315
False
5945
6674 5149 6008 9821 6225 1535 2456 2644 3049 5003 7426 9119 958 3163 8885 6366 315 5945
315
False
315
315
18
6674 5149 6008 9821 6225 1535 2456 2644 3049 5003 7426 9119 958 3163 8885 6366 315
17
False
18
False
False
False
False
False
6674 5149 6008 9821 6225 1535 2456 2644 3049 5003 7426 9119 958
False
False
False
1807
False
14
360
360
False
False
6674 5149 6008 9821 6225 1535 2456 2644 3049 5003 7426 9119 958 360
14
360
6674 5149 6008 9821 6225 1535 2456 2644 3049 5003 7426 9119 958 360
6674 5149 6008 9821 6225 1535 2456 2644 3049 5003 7426 9119 958 360
False
360
360
360
16
3580
6674 5149 6008 9821 6225 1535 2456 2644 3049 5003 7426 9119 958 360 1792 3580 768
False
768
360
768
False
17
False
768
768
False
17
False
17
17
6674 5149 6008 9821 6225 1535 2456 2644 3049 5003 7426 9119 958 360 1792
360
360
False
False
1859
False
1792
False
6674 5149 6008 9821 6225 1535 2456 2644 3049 5003 7426 9119 958 360 1792
360
12
12
1535
False
False
6674 5149 6008 9821 6225 1535 2456 2644 3049 6940
10
1535
2456
2456
2456
False
2456
False
7
6674 5149 6008 9821 6225 1535 7913
5149
False
5
False
5149
4
4
9045
False
6674 5149 6008 9739 9045
False
6674 5149 6008 9739 9045
4
6008
5149
False
5149
3716
3716
6674 3716 7463
7463
False
4
False
5
4
4
7463
False
False
3716
7463
6674 3716 7463
False
6674 3716
3716
False
Empty
True
0
0
False
Empty
Empty
0
Empty
False


Empty

Empty



False
0
Empty
Empty
0
Empty
False
True
Empty
9145
False
1767
False
4264
4754 4264 920
3
4754 4264 920
False
920
False
False
4754
True
False
Empty
6054
False
False
6054 5282
6054
False
1568
6054
False
6054 7170 3276 4659 932 2683
7
6054 7170 3276 4659 932 2683 3899
932
932
7
7
False
804
9
False
932
6054 7170 3276 4659 932 2683 3899 6703
6
932
4
4659
4659
4659
False
3276
4659
False
4
6054 7170 3276 4659 5944 1662
5944
False
6054 7170 3276 4659 9400
6054 7170 3276 4659 9400
9400
6054 7170 3276 4659 9400
6054 7170 3276 4659 9400 2861 4577
7
False
6054 7170 3276 4659 9400 2861 4577 5929
6054 7170 3276 4659 9400 2861 4577 5929
False
False
False
6
2861
8
2729
False
False
6054 7170 3276 4659 9400 2861 2729 9031 95
9
9
False
6054 7170 3276 4659 9400 2861 2729
2861
6054 7170 3276 4659 9400 2861 7258
False
6054 7170 3276 4659 9400 2861 7258
2861
7258
6054 7170 3276 4659 9400 2861 8785
8785
6054 7170 3276 4659 9400 2861 8785
False
False
False
6054 7170 3276 4659 9400 2861 8785
False
False
False
7
6054 7170 3276 4659 9400 2861 8785
2861
8785
6054 7170 3276 4659 9400 2861 8785
6054 7170 3276 4659 9400 2861 8785
False
2861
9403
8060
False
2861
False
8060
7
8060
7
False
7
6054 7170 3276 4659 9400 2861 8060
2861
False
6054 7170 3276 4659 9400 2861 8060
2861
False
6054 7170 3276 4659 9400 2861 8060 8394
False
False
7
2861
False
6
6054 7170 3276 4659 9400
False
6054 7170 3276 4659 9400
6
3276
False
9468
9468
6054 7170 3276 4659 9400 9468 5606
False
3276
False
False
6054 7170 3276 4659 9400 9954
7
9954
False
7
8673
8673
False
False
1326
False
9
1060
2067
False
10
False
1326
6054 7170 3276 4659 9400 8673 1750 1326 4873 2627
False
1326
False
6054 7170 3276 4659 9400 8673 1750 1326 4873 5620 9485
11
1326
5620
10
6054 7170 3276 4659 9400 8673 1750 1326 4873 5620
1326
8
False
1750
False
False
6054 7170 3276 4659 9400 8673 1750
1750
6054 7170 3276 4659 9400 8673 1750
1750
6054 7170 3276 4659 9400 8673 1750
1750
False
3
6054 7170 3276
7170
9363
9363
9363
6054 7170
7170
False
False
34
False
False
8893
4777
34
34 7784 1349 9086 8893 4777 7461
34
34 7784 1349 9086 8893 4777 7461
8893
False
False
False
1349
2
2
3
34 7784 9554
False
3
9099
34
5
5
5089
False
9554
False
9554
9554
34
34
False
False
34
34
False
Empty
Empty
False
5229
8067
4
False
False
5229
5229
5229
5229
False
False
0
1
2130
Empty
Empty
1
418
True
Empty

False
False
1288
1288
1288
False
5
1938 9773 2051 1288
1288
False
1938 9773 2051
4
2051
False
1938 9773 2051
3
1938 9773
420
1938 9773 4877 420
420
420
1938 9773 4877 420
False
4
False
1938 9773 4877 420 9029
