
False
False
8767
2
2
4541
8767
8767
False
1
8767
False

Empty
False
788
788
False
False
3083 5644 8292
False
1469
False
3083 5644 8292 8594
8568
8568
8568
3083 5644 8568
3
False
False
8568
3
3
False
5442
False
5
False
3083
3083 5644 8568 5442 5273 5388
3083
3540
False
1208
12
False
5314
3083 5644 8568 5442 5273 5388 5841 3540 1208 3467 5314
1208
False
False
1208
False
1208
3083 5644 8568 5442 5273 5388 5841 3540 1208 3467
False
10
3467
3083 5644 8568 5442 5273 5388 5841 3540 1208 3467
False
False
False
False
False
1208
1208
11
1208
12
13
2452
1208
False
5401
11
False
False
5401
1208
11
5401
11
5401
3083 5644 8568 5442 5273 5388 5841 3540 1208 6203 5401 7233
3083 5644 8568 5442 5273 5388 5841 3540 1208 6203 5401 7233
12
7233
False
False
14
8970
False
13
8970
False
3083 5644 8568 5442 5273 5388 5841 3540 1208 6203 5401
11
False
1208
False
1208
False
False
520
False
False
1208
False
13
False
4398
False
9291
9291
3083 5644 8568 5442 5273 5388 5841 3540 1208 6203 5401 7860 4398 9291
1208
1208
False
3083 5644 8568 5442 5273 5388 5841 3540 1208 6203 5401 7860 4398 9291 5395 2320 6813
False
False
1162
4049
False
21
False
4372
3083 5644 8568 5442 5273 5388 5841 3540 1208 6203 5401 7860 4398 9291 5395 2320 6813 2654 5046 1162 4049 8635
22
22
4049
1162
3083 5644 8568 5442 5273 5388 5841 3540 1208 6203 5401 7860 4398 9291 5395 2320 6813 2654 5046 1162
9225
1208
False
20
3083 5644 8568 5442 5273 5388 5841 3540 1208 6203 5401 7860 4398 9291 5395 2320 6813 2654 9225 6388
3083 5644 8568 5442 5273 5388 5841 3540 1208 6203 5401 7860 4398 9291 5395 2320 6813 2654 9225 6388
3083 5644 8568 5442 5273 5388 5841 3540 1208 6203 5401 7860 4398 9291 5395 2320 6813 2654 9225 6388
False
9225
19
False
False
19
20
False
1208
False
1208
False
False
529
529
3083 5644 8568 5442 5273 5388 5841 3540 1208 6203 5401 7860 4398 9291 5395 2320 6813 2654 7490 9718 9982 7318
22
7318
1208
21
1208
3083 5644 8568 5442 5273 5388 5841 3540 1208 6203 5401 7860 4398 9291 5395 2320 6813 2654 7490 9718 9982
False
9982
False
1208
6813
1208
17
3083 5644 8568 5442 5273 5388 5841 3540 1208 6203 5401 7860 4398 9291 5395 2320
3083 5644 8568 5442 5273 5388 5841 3540 1208 6203 5401 7860 4398 9291 5395 2320
1208
False
1208
5395
False
3083 5644 8568 5442 5273 5388 5841 3540 1208 6203 5401 7860 4398 9291 5395
False
781
False
False
196
False
3083 5644 8568 5442 5273 5388 5841 3540 1208 6203 5401 7860 4398 9291 196
196
8462
196
3083 5644 8568 5442 5273 5388 5841 3540 1208 6203 5401 7860 4398 9291
4398
4398
5401
3083 5644 8568 5442 5273 5388 5841 3540 1208 6203 5401 3526 5403
False
5403
11
5401
3083 5644 8568 5442 5273 5388 5841 3540 1208 6203 5401
3083 5644 8568 5442 5273 5388 5841 3540 1208 6203 5401 1285
3083 5644 8568 5442 5273 5388 5841 3540 1208 6203 5401 1285
False
False
1208
1285
1208
False
3083 5644 8568 5442 5273 5388 5841 3540 1208 6203 5401
False
3083 5644 8568 5442 5273 5388 5841 3540 1208
False
3083
3083 5644 8568 5442 5273 5388 5841 3540
False
False
8
7
3083 5644 8568 5442 5273 5388 5841 631
False
3083 5644 8568 5442 5273 5388 5841
3083
3083
False
3083
False
3083
5644
3083

False
Empty
Empty
Empty
False
0
True
Empty
Empty
True

False

Empty
Empty

0

3926
3926
1
3926
3207
False
486
3926 486 3207 714 6860 6692
False
486
False
9780
9780
False
9
10
486
6321
486
False
3926 486 3207 714 6860 6692 6636 9780 6921 6321 7428
False
3926 486 3207 714 6860 6692 6636 9780 6921 6321 7428
486
False
486
486
10
False
10
3926 486 3207 714 6860 6692 6636 9780 6921 6363
3926 486 3207 714 6860 6692 6636 9780 6921 6363 1471
False
False
3926 486 3207 714 6860 6692 6636 9780 6921
False
486
3926 486 3207 714 6860 6692 6636 9780 6921 3709
486
False
12
486
3926 486 3207 714 6860 6692 6636 9780 6921 3709 8900 4849 2467
False
4849
3926 486 3207 714 6860 6692 6636 9780 6921 3709 8900 4849
486
486
486
8900
False
486
2687
486
13
486
False
3926 486 3207 714 6860 6692 6636 9780 6921 3709 8900 2687 8326
3926 486 3207 714 6860 6692 6636 9780 6921 3709 8900
486
False
8
486
3926 486 3207 714 6860 6692
6692
False
False
False
False
486
3926 486 3207 714 6860 6692 2477 6643 1852 7492
8
False
7
6
486
False
6
7
7960
7
486
False
False
3926 486 3207 714
False
3926 486 3207 714 1840 5623
3926 486 3207 714 1840 5623 7460
False
486
False
2
486
2
False
False
486
5
3926 486 4504 550 7252 7577
False
False
3926 486 4504 550 7252 7577 492
False
False
486
3926 486 4504 550 7252
486
3926 486 4504 550 7252
3926 486 4504 550 7252
3926 486 4504 550 7252 2314
False
486
5
7252
3926 486 4504 550 7252
3926 486 4504 550
False
3926 486 4504
486
486
False
9729
3926 486 4504
486
False
False
6
2865
486
7
False
486
False
False
486
3
486
486
2676
2676
False
5
486


Empty

False
False
3002
3002
1
False
True
8976
8976
False
False
390
2
390 6878 706
3
2
2
390 6878
2
False
False
False
390
2
390 719
390
False
3
False
5125
390 719 1914 5125
False
False
False
False
1914
1914
390 719
390 719 2525 4845
False
2
719
542
390 719 161 542
4
390 719 161
False
False
False
390 719 161 4036
4036
False
False
390 719 161 4036
False
161
False
390
719
390
390 719
False
390 8836
2
False
390 8836 6390
False
390
390 8836 6390
390
8836
False
2
390
8836
False
False
Empty

Empty
Empty
Empty
Empty

0


True

True
False
8152
False
7286
8152 7286
False
7286
7286
2
3
9500
8152 7286 9500
2
Empty
4425
3476
5333
0
3177
3177
1
3177
False
False
3
False
6324
False
3177 6426 3526 6324
False
False
3605
3605
3177
False
3644
False
False
6937
8
8
False
7
3177
9
3177 6426 3526 6324 3605 9063 3644 5267 7273 6050
3177
9
False
False
False
False
11
9004
7880
3177
10
10
False
False
10
False
False
3177 6426 3526 6324 3605 9063 3644 5267 8366 7880
False
3181
11
12
2915
False
2736
False
3177 6426 3526 6324 3605 9063 3644 5267 8366 7880 3181 2736
False
False
False
3177
3177 6426 3526 6324 3605 9063 3644 5267 8366 7880
False
5419
3177
False
3177
11
11
3177
False
3177 6426 3526 6324 3605 9063 3644 5267 8366 7880 6907
2704
False
False
8366
3177 6426 3526 6324 3605 9063 3644 5267 8366
3177 6426 3526 6324 3605 9063 3644 5267 8366
False
1522
False
7406
2973
11
False
5452
3177
False
3177 6426 3526 6324 3605 9063 3644 5267 8366 5452
3177
3177
3177
False
False
3177 6426 3526 6324 3605 9063 3644 5267 8366
9
False
9
8
3177
False
False
9
False
10
3486
9
False
3486
False
False
3177 6426 3526 6324 3605 9063 3644 5267 3486
3486
9
False
3177
False
9764
2888
11
11
3486
False
3486
False
3177 6426 3526 6324 3605 9063 3644 5267 3486 8115
10
8115
10
3486
3177 6426 3526 6324 3605 9063 3644 5267 3486
False
False
11
9
3177 6426 3526 6324 3605 9063 3644 5267 3486
9
5267
3177
3177 6426 3526 6324 3605 9063 3644
False
9417
False
3177 6426 3526 6324 3605 9063 3644 8727
9249
False
3172
3172
3177 6426 3526 6324 3605 9063 3644 8727
3177
False
8
3177
False
3644
3644
False
3644
3177
False
False
False
7
6
4
3177
False
3177
3177 6426 3526 6601 1193
3177 6426 3526 6601 1193
False
False
1193
3177 6426 3526 6601 1193 8631
1193
3177 6426 3526 6601 1193 4996
5
False
False
False
3177 6426 3526
3177
6426
2
False
3177 6426
3
3177
False

False
True
9534
False
9534 231

0

0
Empty
False
Empty
0

Empty
1
False
3010
False
False
1
1
3010
2
3010
False
False
3010
4068
2
False
False
3
3
3010
3010
2
False
4068
3010 4068
3010
False
1
2

Empty
0
Empty
Empty
False
Empty
0
Empty
5036



False
False


False


0
False
1216
3320
3320
False
2
Empty
0
Empty

0
True

True
5596
5596
False
False
Empty

Empty
Empty
Empty
Empty
False

True
False
False
9679 1993
False
False
656
2
False
9679 1993
9679 1993
9679 1993 3461
False
False
Empty
Empty
5217
False
5217
5217
False
5217
5217
False
5217
5217
1
False
7556
False
7556 3832
3832
2
2
6630
0
False
False
False
1
7300
Empty
Empty

0
1
False
False
1
Empty
False
False
6129
False
False
9726
1
False

Empty
Empty
Empty

False
False
6025
6025
6025
2
6025
3
8997
6025
6565 6025 8997
6565 6025 8997
3
6565 6025 8997
6025
2
6565
False
6565
False
False
False
591
False
False
6565 591
591
False
False
6565 591 9030
False
4
False
5
2487
7
False
False
False
False
4648
591
4648
3151
8
8
6565 591 9030 5257 1628 2487 4648 3151
591
False
9
9
10
591
4170
False
False
591
4170
591
591
591
8
False
6893
591
6893
False
591
False
False
6565 591 9030 5257 1628 2487 4648 3151
False
False
3151
6565 591 9030 5257 1628 2487 4648 3151
6565 591 9030 5257 1628 2487
False
5
5
5
6565 591 9030 5257 1628 7723
6565 591 9030 5257 1628 7723 6241
6241
6241
7
6565 591 9030 5257 1628 7723 6241
6565 591 9030 5257 1628 7723 6241
7813
5257
False
6565 591 9030 5257 2796 2383
6565 591 9030 5257 2796 2383
591
False
6565 591 9030 5257 8352 6665
False
6565 591 9030 5257 8352
591
False
False
1990
6565 591 9030 5257
591
4
6565 591 9030 5257 9901
3
3
591
3
591
3
591
591
6565 591
False
9154
591
False
6565 591
False
2
591
2
591
False
6565 591
2
6565

False
False
9173
4112
9173 5439 4112
9173 5439 4112
4112
4112
4112
4112
3
False
5853
9173 5439 5853
9173 5439 5853
False
3
3
5853
False
5096
False
False
9173
False

True

True


True
Empty
6130
False
6130


Empty
True

True
Empty
True
Empty
True
Empty
2690
2690
False
False
2
False
False
False
False
2
58
False
58
False
2690 9085 58 9237 3299 7315
False
58
58
2690 9085 58 9237 3299 7315 5669 9228
False
2690 9085 58 9237 3299 7315 5669 9228 812 1749 7666
10
2690 9085 58 9237 3299 7315 5669 9228 812 1749
58
10
False
58
58
2690 9085 58 9237 3299 7315 5669 9228 812 1749 6158
8582
False
13
13
2690 9085 58 9237 3299 7315 5669 9228 812 1749 6158 5689 8582 8568
8568
False
2690 9085 58 9237 3299 7315 5669 9228 812 1749 6158 5689 8582 8568
8568
58
58
8582
5689
False
12
58
16
16
False
2690 9085 58 9237 3299 7315 5669 9228 812 1749 6158 5689 9659 5792 6630 7555
16
False
58
False
False
False
16
False
58
16
2690 9085 58 9237 3299 7315 5669 9228 812 1749 6158 5689 9659 5792 6630 7555
7555
False
False
2690 9085 58 9237 3299 7315 5669 9228 812 1749 6158 5689 9659 5792 6630 3472
16
58
58
6810
17
17
2690 9085 58 9237 3299 7315 5669 9228 812 1749 6158 5689 9659 5792 6630 3472 6810
False
18
6810
58
17
False
2690 9085 58 9237 3299 7315 5669 9228 812 1749 6158 5689 9659 5792 6630 3472 2406
58
2690 9085 58 9237 3299 7315 5669 9228 812 1749 6158 5689 9659 5792 6630 3472 2406 2136
58
2136
False
58
2690 9085 58 9237 3299 7315 5669 9228 812 1749 6158 5689 9659 5792 6630 3472 2406 2136 1273
False
19
False
18
False
2136
58
False
18
58
False
False
17
False
5160
5160
5160
5160
2690 9085 58 9237 3299 7315 5669 9228 812 1749 6158 5689 9659 5792 6630 3472 1764 5160
2690 9085 58 9237 3299 7315 5669 9228 812 1749 6158 5689 9659 5792 6630 3472 1764 5160 7815
19
7815
False
5160
438
False
438
58
58
False
False
5250
20
False
2690 9085 58 9237 3299 7315 5669 9228 812 1749 6158 5689 9659 5792 6630 3472 1764 5160 438 5250
False
21
False
False
6130
7031
58
6549
False
2690 9085 58 9237 3299 7315 5669 9228 812 1749 6158 5689 9659 5792 6630 3472 1764 5160 438 5250 6549
21
58
20
58
2690 9085 58 9237 3299 7315 5669 9228 812 1749 6158 5689 9659 5792 6630 3472 1764 5160 438 5250
58
20
False
438
False
58
False
False
21
58
21
21
2690 9085 58 9237 3299 7315 5669 9228 812 1749 6158 5689 9659 5792 6630 3472 1764 5160 438 6694 8194
8194
False
21
False
2690 9085 58 9237 3299 7315 5669 9228 812 1749 6158 5689 9659 5792 6630 3472 1764 5160 438 6694 8194
58
False
False
False
False
False
2286
False
False
False
58
22
22
22
2690 9085 58 9237 3299 7315 5669 9228 812 1749 6158 5689 9659 5792 6630 3472 1764 5160 438 6694 8194 2286
58
False
4567
2690 9085 58 9237 3299 7315 5669 9228 812 1749 6158 5689 9659 5792 6630 3472 1764 5160 438 6694 8194 2286 3857 2806 5026
58
5026
58
2690 9085 58 9237 3299 7315 5669 9228 812 1749 6158 5689 9659 5792 6630 3472 1764 5160 438 6694 8194 2286 3857 2806
2690 9085 58 9237 3299 7315 5669 9228 812 1749 6158 5689 9659 5792 6630 3472 1764 5160 438 6694 8194 2286 3857 2358
False
False
2690 9085 58 9237 3299 7315 5669 9228 812 1749 6158 5689 9659 5792 6630 3472 1764 5160 438 6694 8194 2286 3857 2358 7442
28
False
58
800
False
58
29
58
False
9958
2690 9085 58 9237 3299 7315 5669 9228 812 1749 6158 5689 9659 5792 6630 3472 1764 5160 438 6694 8194 2286 3857 2358 7442 3949 3494 800
28
28
58
58
58
7452
2690 9085 58 9237 3299 7315 5669 9228 812 1749 6158 5689 9659 5792 6630 3472 1764 5160 438 6694 8194 2286 3857 2358 7442 3949 3494 7452
2690 9085 58 9237 3299 7315 5669 9228 812 1749 6158 5689 9659 5792 6630 3472 1764 5160 438 6694 8194 2286 3857 2358 7442 3949 3494 7452
28
False
58
False
False
False
False
26
False
2690 9085 58 9237 3299 7315 5669 9228 812 1749 6158 5689 9659 5792 6630 3472 1764 5160 438 6694 8194 2286 3857 2358 7442
25
24
2690 9085 58 9237 3299 7315 5669 9228 812 1749 6158 5689 9659 5792 6630 3472 1764 5160 438 6694 8194 2286 3857 2358
58
2690 9085 58 9237 3299 7315 5669 9228 812 1749 6158 5689 9659 5792 6630 3472 1764 5160 438 6694 8194 2286 3857
False
False
25
False
58
False
2690 9085 58 9237 3299 7315 5669 9228 812 1749 6158 5689 9659 5792 6630 3472 1764 5160 438 6694 8194 2286 3857 5315
False
False
23
False
58
False
False
False
23
58
58
58
False
24
2690 9085 58 9237 3299 7315 5669 9228 812 1749 6158 5689 9659 5792 6630 3472 1764 5160 438 6694 8194 1586 7430 577
False
577
58
24
24
2690 9085 58 9237 3299 7315 5669 9228 812 1749 6158 5689 9659 5792 6630 3472 1764 5160 438 6694 8194 1586 7430 577
2690 9085 58 9237 3299 7315 5669 9228 812 1749 6158 5689 9659 5792 6630 3472 1764 5160 438 6694 8194 1586 7430 577
58
58
2690 9085 58 9237 3299 7315 5669 9228 812 1749 6158 5689 9659 5792 6630 3472 1764 5160 438 6694 8194 1586
2690 9085 58 9237 3299 7315 5669 9228 812 1749 6158 5689 9659 5792 6630 3472 1764 5160 438 6694 8194 1586 5057
2690 9085 58 9237 3299 7315 5669 9228 812 1749 6158 5689 9659 5792 6630 3472 1764 5160 438 6694 8194 1586 5057
23
5057
24
False
2690 9085 58 9237 3299 7315 5669 9228 812 1749 6158 5689 9659 5792 6630 3472 1764 5160 438 6694 8194 1586 5057 7093
58
False
False
False
False
2690 9085 58 9237 3299 7315 5669 9228 812 1749 6158 5689 9659 5792 6630 3472 1764 5160 438 6694 8194 1586 5057 7093 5091
27
58
2690 9085 58 9237 3299 7315 5669 9228 812 1749 6158 5689 9659 5792 6630 3472 1764 5160 438 6694 8194 1586 5057 7093 5091 1108
2690 9085 58 9237 3299 7315 5669 9228 812 1749 6158 5689 9659 5792 6630 3472 1764 5160 438 6694 8194 1586 5057 7093 5091 1108
False
2690 9085 58 9237 3299 7315 5669 9228 812 1749 6158 5689 9659 5792 6630 3472 1764 5160 438 6694 8194 1586 5057 7093 5091 1108 6658
26
False
False
58
False
58
False
False
False
False
False
False
58
2690 9085 58 9237 3299 7315 5669 9228 812 1749 6158 5689 9659 5792 6630 3472 1764 5160 438 6694
20
False
58
False
False
58
8132
False
False
58
2690 9085 58 9237 3299 7315 5669 9228 812 1749 6158 5689 9659 5792 6630 3472 1764 5160 438 4378 8132
58
8132
58
8132
False
False
2690 9085 58 9237 3299 7315 5669 9228 812 1749 6158 5689 9659 5792 6630 3472 1764 5160 438 4378 8132 7399 7969
58
False
False
False
23
2690 9085 58 9237 3299 7315 5669 9228 812 1749 6158 5689 9659 5792 6630 3472 1764 5160 438 4378 8132 7399 8717 6920
False
8717
False
False
2690 9085 58 9237 3299 7315 5669 9228 812 1749 6158 5689 9659 5792 6630 3472 1764 5160 438 4378 8132 7399 8717
8717
8717
False
5202
False
26
False
9839
False
58
False
False
58
9289
False
2690 9085 58 9237 3299 7315 5669 9228 812 1749 6158 5689 9659 5792 6630 3472 1764 5160 438 4378 8132 7399 8717 7442 622 9839 9289 7538
58
1148
False
1148
False
2690 9085 58 9237 3299 7315 5669 9228 812 1749 6158 5689 9659 5792 6630 3472 1764 5160 438 4378 8132 7399 8717 7442 622 9839 1148
False
False
2690 9085 58 9237 3299 7315 5669 9228 812 1749 6158 5689 9659 5792 6630 3472 1764 5160 438 4378 8132 7399 8717 7442 622 9839 1148 6958 2581
58
2581
28
27
2690 9085 58 9237 3299 7315 5669 9228 812 1749 6158 5689 9659 5792 6630 3472 1764 5160 438 4378 8132 7399 8717 7442 622 9839 1148
False
False
2690 9085 58 9237 3299 7315 5669 9228 812 1749 6158 5689 9659 5792 6630 3472 1764 5160 438 4378 8132 7399
21
9379
58
False
False
False
False
21
2690 9085 58 9237 3299 7315 5669 9228 812 1749 6158 5689 9659 5792 6630 3472 1764 5160 438 4378 2130
2690 9085 58 9237 3299 7315 5669 9228 812 1749 6158 5689 9659 5792 6630 3472 1764 5160 438 4378 2130
2690 9085 58 9237 3299 7315 5669 9228 812 1749 6158 5689 9659 5792 6630 3472 1764 5160 438 4378
18
False
58
16
7608
False
7608
58
58
58
14
2690 9085 58 9237 3299 7315 5669 9228 812 1749 6158 5689 9659 217
2690 9085 58 9237 3299 7315 5669 9228 812 1749 6158 5689 9659 217
False
13
False
False
2690 9085 58 9237 3299 7315 5669 9228 812 1749 6158 5689
False
5689
2690 9085 58 9237 3299 7315 5669 9228 812 1749 6158 5689
10
1749
1749
2690 9085 58 9237 3299 7315 5669 9228 812 1749
10
58
False
1749
False
False
58
2690 9085 58 9237 3299 7315 5669 9228 812 1749
False
9228
8
False
8
False
58
2690 9085 58 9237 3299 7315 5669
7
False
7
7
5669
5669
58
False
58
2690 9085 58 9237 3299 7315 5669
2690 9085 58 9237 3299 7315
False
58
1545
1545
False
False
False
5
False
9237
4868
False
2690 9085 58 9237 5274 4868
58
4868
False
58
False
2690 9085 58 9237 5274 492
False
58
False
False
False
7
2690 9085 58 9237 5274 492 946
False
False
False
9180
False
8
2690 9085 58 9237 5274 492 946 9180
58
6
58
7
7
False
6
7
2690 9085 58 9237 5274 492 3891 993
58
2690 9085 58 9237 5274 492 3891 993
2690 9085 58 9237 5274 492 3891 993
8
58
2690 9085 58 9237 5274 492 3891 993
492
False
5274
False
5274
8
8
10
False
58
False
False
False
2690 9085 58 9237 5274 4932 6058 1896 2560 3071 4842 3687
False
False
False
False
2690 9085 58 9237 5274 4932 6058 1896 2560 3071 5618
11
2690 9085 58 9237 5274 4932 6058 1896 2560 3071 5618
2690 9085 58 9237 5274 4932 6058 1896 2560 3071 5618 5489 639
2558
False
14
2690 9085 58 9237 5274 4932 6058 1896 2560 3071 5618 5489 2558 8341
2690 9085 58 9237 5274 4932 6058 1896 2560 3071 5618 5489 2558 8341
False
8800
17
17
2690 9085 58 9237 5274 4932 6058 1896 2560 3071 5618 5489 2558 8341 5086 1483 8800
False
17
False
17
False
2690 9085 58 9237 5274 4932 6058 1896 2560 3071 5618 5489 2558 8341 5086 1483
False
False
2690 9085 58 9237 5274 4932 6058 1896 2560 3071 5618 5489 2558 8341 5086 1483 1017
17
17
17
False
1483
False
False
False
7757
False
False
False
2690 9085 58 9237 5274 4932 6058 1896 2560 3071 5618 5489 2558 8341 5086 2461 1348
False
18
7496
1348
1348
1348
2690 9085 58 9237 5274 4932 6058 1896 2560 3071 5618 5489 2558 8341 5086 2461 1348
1348
1348
1348
1348
False
False
2690 9085 58 9237 5274 4932 6058 1896 2560 3071 5618 5489 2558 8341 5086 2461
2461
58
4056
17
17
58
False
False
2690 9085 58 9237 5274 4932 6058 1896 2560 3071 5618 5489 2558 8341 5086
58
False
19
19
8512
False
2690 9085 58 9237 5274 4932 6058 1896 2560 3071 5618 5489 2558 8341 5086 7093 4992 8512
False
False
16
False
False
2690 9085 58 9237 5274 4932 6058 1896 2560 3071 5618 5489 2558 8341 5086 7093 9063 2538
False
16
2690 9085 58 9237 5274 4932 6058 1896 2560 3071 5618 5489 2558 8341 5086 7093
False
15
2690 9085 58 9237 5274 4932 6058 1896 2560 3071 5618 5489 2558 8341 5086
False
False
2558
58
False
False
11
False
12
58
10
False
False
False
False
58
False
False
False
False
58
False
False
7087
58
False
7087
False
False
False
20
6097
False
58
4903
False
2690 9085 58 9237 5274 4932 6058 1896 2560 4859 2457 6196 4000 8307 7199 8266 2513 4827 7087 6097 4903
False
58
58
5202
2690 9085 58 9237 5274 4932 6058 1896 2560 4859 2457 6196 4000 8307 7199 8266 2513 4827 7087 6097 4903 5202
58
False
58
21
False
58
False
False
False
2690 9085 58 9237 5274 4932 6058 1896 2560 4859 2457 6196 4000 8307 7199 8266 2513 4827 7087 6097 4903 6477 5984
2690 9085 58 9237 5274 4932 6058 1896 2560 4859 2457 6196 4000 8307 7199 8266 2513 4827 7087 6097 4903 6477 5984 7917 6616 5987
5987
False
False
2690 9085 58 9237 5274 4932 6058 1896 2560 4859 2457 6196 4000 8307 7199 8266 2513 4827 7087 6097 4903 6477 5984
58
False
False
2578
False
58
58
21
False
58
2690 9085 58 9237 5274 4932 6058 1896 2560 4859 2457 6196 4000 8307 7199 8266 2513 4827 7087 2578
False
False
False
2690 9085 58 9237 5274 4932 6058 1896 2560 4859 2457 6196 4000 8307 7199 8266 2513 4827 7087 2578 7891 2258 5908
2690 9085 58 9237 5274 4932 6058 1896 2560 4859 2457 6196 4000 8307 7199 8266 2513 4827 7087 2578 7891 2258 5908
False
22
False
58
9860
2690 9085 58 9237 5274 4932 6058 1896 2560 4859 2457 6196 4000 8307 7199 8266 2513 4827 7087 2578 7891 2258 7646
False
False
False
26
False
26
26
58
False
4936
27
58
False
58
False
False
6412
2690 9085 58 9237 5274 4932 6058 1896 2560 4859 2457 6196 4000 8307 7199 8266 2513 4827 7087 2578 7891 2258 1776 3559 5461 1660 6412
6412
27
False
False
False
False
26
25
25
False
2690 9085 58 9237 5274 4932 6058 1896 2560 4859 2457 6196 4000 8307 7199 8266 2513 4827 7087 2578 7891 2258 1776 3559 5461 2242 9904
2690 9085 58 9237 5274 4932 6058 1896 2560 4859 2457 6196 4000 8307 7199 8266 2513 4827 7087 2578 7891 2258 1776 3559 5461 2242 9904
False
False
839
26
False
2690 9085 58 9237 5274 4932 6058 1896 2560 4859 2457 6196 4000 8307 7199 8266 2513 4827 7087 2578 7891 2258 1776 3559 5461 2242
2690 9085 58 9237 5274 4932 6058 1896 2560 4859 2457 6196 4000 8307 7199 8266 2513 4827 7087 2578 7891 2258 1776 3559 5461 2242
2690 9085 58 9237 5274 4932 6058 1896 2560 4859 2457 6196 4000 8307 7199 8266 2513 4827 7087 2578 7891 2258 1776 3559 5461 2242
2690 9085 58 9237 5274 4932 6058 1896 2560 4859 2457 6196 4000 8307 7199 8266 2513 4827 7087 2578 7891 2258 1776 3559 5461
58
False
False
25
2690 9085 58 9237 5274 4932 6058 1896 2560 4859 2457 6196 4000 8307 7199 8266 2513 4827 7087 2578 7891 2258 1776 3559 5461
1652
False
2690 9085 58 9237 5274 4932 6058 1896 2560 4859 2457 6196 4000 8307 7199 8266 2513 4827 7087 2578 7891 2258 1776 3559 5461 1652
2690 9085 58 9237 5274 4932 6058 1896 2560 4859 2457 6196 4000 8307 7199 8266 2513 4827 7087 2578 7891 2258 1776 3559 5461 1652
False
False
4369
False
58
8665
4369
2690 9085 58 9237 5274 4932 6058 1896 2560 4859 2457 6196 4000 8307 7199 8266 2513 4827 7087 2578 7891 2258 1776 3559 5461 1652 2874 1576 6665 4369
False
False
58
8444
58
4646
4646
2690 9085 58 9237 5274 4932 6058 1896 2560 4859 2457 6196 4000 8307 7199 8266 2513 4827 7087 2578 7891 2258 1776 3559 5461 1652 2874 1576 6665 4369
False
False
False
58
False
29
2531
2531
58
58
False
False
False
2690 9085 58 9237 5274 4932 6058 1896 2560 4859 2457 6196 4000 8307 7199 8266 2513 4827 7087 2578 7891 2258 1776 3559 5461 1652 2874 1576
28
27
False
2690 9085 58 9237 5274 4932 6058 1896 2560 4859 2457 6196 4000 8307 7199 8266 2513 4827 7087 2578 7891 2258 1776 3559 5461 1652 2874 6959 964
False
2874
28
5138
2874
58
False
2690 9085 58 9237 5274 4932 6058 1896 2560 4859 2457 6196 4000 8307 7199 8266 2513 4827 7087 2578 7891 2258 1776 3559 5461 1652 2874 2758
2758
2690 9085 58 9237 5274 4932 6058 1896 2560 4859 2457 6196 4000 8307 7199 8266 2513 4827 7087 2578 7891 2258 1776 3559 5461 1652 2874 2758 301
False
False
False
False
2690 9085 58 9237 5274 4932 6058 1896 2560 4859 2457 6196 4000 8307 7199 8266 2513 4827 7087 2578 7891 2258 1776 3559 5461 1652 2874
2690 9085 58 9237 5274 4932 6058 1896 2560 4859 2457 6196 4000 8307 7199 8266 2513 4827 7087 2578 7891 2258 1776 3559 5461 1652 2874 2859
2874
27
2874
False
False
False
False
58
1107
False
2690 9085 58 9237 5274 4932 6058 1896 2560 4859 2457 6196 4000 8307 7199 8266 2513 4827 7087 2578 7891 2258 1776 3559 5461 1652 2874 1107
8428
8428
False
2690 9085 58 9237 5274 4932 6058 1896 2560 4859 2457 6196 4000 8307 7199 8266 2513 4827 7087 2578 7891 2258 1776 3559 5461 1652 2874
False
26
58
27
5068
5068
28
5835
58
2690 9085 58 9237 5274 4932 6058 1896 2560 4859 2457 6196 4000 8307 7199 8266 2513 4827 7087 2578 7891 2258 1776 3559 5461 1652 5068 5835
False
False
58
2690 9085 58 9237 5274 4932 6058 1896 2560 4859 2457 6196 4000 8307 7199 8266 2513 4827 7087 2578 7891 2258 1776 3559 5461 1652
2690 9085 58 9237 5274 4932 6058 1896 2560 4859 2457 6196 4000 8307 7199 8266 2513 4827 7087 2578 7891 2258 1776 3559 5461 1652
5461
2690 9085 58 9237 5274 4932 6058 1896 2560 4859 2457 6196 4000 8307 7199 8266 2513 4827 7087 2578 7891 2258 1776 3559 5461 6510
False
5295
7902
58
False
2690 9085 58 9237 5274 4932 6058 1896 2560 4859 2457 6196 4000 8307 7199 8266 2513 4827 7087 2578 7891 2258 1776 3559 5461 6510 5295 1574
False
False
2690 9085 58 9237 5274 4932 6058 1896 2560 4859 2457 6196 4000 8307 7199 8266 2513 4827 7087 2578 7891 2258 1776 3559 5461 6510 5295 1574 657
657
29
False
657
False
58
1574
False
30
58
58
2690 9085 58 9237 5274 4932 6058 1896 2560 4859 2457 6196 4000 8307 7199 8266 2513 4827 7087 2578 7891 2258 1776 3559 5461 6510 5295 1574 2627 2511 2508
58
False
2690 9085 58 9237 5274 4932 6058 1896 2560 4859 2457 6196 4000 8307 7199 8266 2513 4827 7087 2578 7891 2258 1776 3559 5461 6510 5295 1574 2627 2511 2508
False
5647
False
58
False
2690 9085 58 9237 5274 4932 6058 1896 2560 4859 2457 6196 4000 8307 7199 8266 2513 4827 7087 2578 7891 2258 1776 3559 5461 6510 5295 1574 2627
False
2690 9085 58 9237 5274 4932 6058 1896 2560 4859 2457 6196 4000 8307 7199 8266 2513 4827 7087 2578 7891 2258 1776 3559 5461 6510 5295 1574 407 8452
58
58
False
False
False
False
False
False
False
False
58
8452
8452
30
58
False
407
2690 9085 58 9237 5274 4932 6058 1896 2560 4859 2457 6196 4000 8307 7199 8266 2513 4827 7087 2578 7891 2258 1776 3559 5461 6510 5295 1574 407 3986 6770
6770
31
False
32
False
58
False
58
32
False
32
False
2690 9085 58 9237 5274 4932 6058 1896 2560 4859 2457 6196 4000 8307 7199 8266 2513 4827 7087 2578 7891 2258 1776 3559 5461 6510 5295 1574 407 3986 6770
2690 9085 58 9237 5274 4932 6058 1896 2560 4859 2457 6196 4000 8307 7199 8266 2513 4827 7087 2578 7891 2258 1776 3559 5461 6510 5295 1574 407 3986 6770
False
False
31
False
31
31
3986
False
2690 9085 58 9237 5274 4932 6058 1896 2560 4859 2457 6196 4000 8307 7199 8266 2513 4827 7087 2578 7891 2258 1776 3559 5461 6510 5295 1574 407 2485
27
5295
False
False
6510
26
58
2690 9085 58 9237 5274 4932 6058 1896 2560 4859 2457 6196 4000 8307 7199 8266 2513 4827 7087 2578 7891 2258 1776 3559 5461 6510
27
3352
58
False
False
False
3352
58
28
False
2690 9085 58 9237 5274 4932 6058 1896 2560 4859 2457 6196 4000 8307 7199 8266 2513 4827 7087 2578 7891 2258 1776 3559 5461 6510 3352 5609 3963 6741
58
31
31
False
58
6741
False
False
2690 9085 58 9237 5274 4932 6058 1896 2560 4859 2457 6196 4000 8307 7199 8266 2513 4827 7087 2578 7891 2258 1776 3559 5461 6510 3352 5609 3963 6741
False
6741
58
58
False
32
33
58
False
False
58
3212
32
32
5231
3212
2690 9085 58 9237 5274 4932 6058 1896 2560 4859 2457 6196 4000 8307 7199 8266 2513 4827 7087 2578 7891 2258 1776 3559 5461 6510 3352 5609 3963 6741 3212
False
27
27
3352
58
5461
58
5461
58
False
58
2690 9085 58 9237 5274 4932 6058 1896 2560 4859 2457 6196 4000 8307 7199 8266 2513 4827 7087 2578 7891 2258 1776 3559 4442
58
False
26
26
2690 9085 58 9237 5274 4932 6058 1896 2560 4859 2457 6196 4000 8307 7199 8266 2513 4827 7087 2578 7891 2258 1776 3559
False
False
2690 9085 58 9237 5274 4932 6058 1896 2560 4859 2457 6196 4000 8307 7199 8266 2513 4827 7087 2578 7891 2258 8202
False
2578
20
20
False
2690 9085 58 9237 5274 4932 6058 1896 2560 4859 2457 6196 4000 8307 7199 8266 2513 4827 7087
False
False
False
58
20
False
452
58
58
False
58
False
False
58
7316
19
2690 9085 58 9237 5274 4932 6058 1896 2560 4859 2457 6196 4000 8307 7199 8266 2513 4827 2027
False
False
False
2027
2027
58
2690 9085 58 9237 5274 4932 6058 1896 2560 4859 2457 6196 4000 8307 7199 8266 2513 4827 2027
2690 9085 58 9237 5274 4932 6058 1896 2560 4859 2457 6196 4000 8307 7199 8266 2513 4827 2027
False
False
False
19
19
2027
False
False
2690 9085 58 9237 5274 4932 6058 1896 2560 4859 2457 6196 4000 8307 7199 8266 2513 4827 2027
2690 9085 58 9237 5274 4932 6058 1896 2560 4859 2457 6196 4000 8307 7199 8266 2513 4827 2027 3349
2690 9085 58 9237 5274 4932 6058 1896 2560 4859 2457 6196 4000 8307 7199 8266 2513 4827 2027 3349
False
False
False
58
2690 9085 58 9237 5274 4932 6058 1896 2560 4859 2457 6196 4000 8307 7199 8266 2513 4827 2027 3349 1677
58
2690 9085 58 9237 5274 4932 6058 1896 2560 4859 2457 6196 4000 8307 7199 8266 2513 4827 2027 3349 1677
False
2690 9085 58 9237 5274 4932 6058 1896 2560 4859 2457 6196 4000 8307 7199 8266 2513 4827 2027 3349 1677 4514 2522
False
2690 9085 58 9237 5274 4932 6058 1896 2560 4859 2457 6196 4000 8307 7199 8266 2513 4827 2027 3349 1677 4514 2522 192
False
False
23
2522
2690 9085 58 9237 5274 4932 6058 1896 2560 4859 2457 6196 4000 8307 7199 8266 2513 4827 2027 3349 1677 4514 2522
False
2690 9085 58 9237 5274 4932 6058 1896 2560 4859 2457 6196 4000 8307 7199 8266 2513 4827 2027 3349 1677 4514 2522 167 6915 6533
4514
58
False
False
2690 9085 58 9237 5274 4932 6058 1896 2560 4859 2457 6196 4000 8307 7199 8266 2513 4827 2027 3349 1677
1677
8431
24
6627
False
False
58
6627
467
25
False
58
