False
Empty
3134
False
False
2
9698
9698
9698
7290
False
3134
2
3134 9698
2
2
False
3134
False
660
660
3134 660
3134
6808
3134 6808
False
6808
3134 6808
False
3134
False
False
3134 5538
False
False
8692
3134 1902 8692 8001
4
False
False
6
1902
False
6
3134 1902 8692 8001 9391 5230
3134 1902 8692 8001 9391 5230
False
6
False
1902
3134 1902 8692
1902
3
8692
False
3
False
2
6318 4584
False
False
Empty
Empty


Empty
0
Empty
False
8939
1
3484
False
Empty

True

Empty
7274
1

0

Empty
True
4602
False
False
Empty

Empty
True
False
Empty
9119
Empty
Empty

Empty
False
Empty
Empty
1466
False
8555 3524
False
1
False
9636
False
False
False
8555 9636
False
8555
8555
8555
1
False
1


False
7538
7538
7538
7538
Empty
9425
9425
9425 5828 6134
9425 5828 6134
6482
5828
False
9425 5828 6482
False
False
2
True
0
Empty
True
Empty
Empty
Empty
False
False
False

False
True

False

3965
False
False
3965
1
True

False
1
False

4297
2
8907
2
2
False
0
Empty
False
1312
Empty
Empty
False
Empty
Empty
Empty
1
2616
True
Empty
False
False
False
False
3203
4310
False
False
4310 5923
4310 5923 49
False
49
False
False
3429
5
3429
7
49
4310 5923 49 9186 3429 7745 5183 8997 8334 4889 451
False
11
4310 5923 49 9186 3429 7745 5183 8997 8334 4889
False
4310 5923 49 9186 3429 7745 5183 8997 8334 4889 7367 7648 2889
49
13
False
4310 5923 49 9186 3429 7745 5183 8997 8334 4889 7367 7648 2889
2889
2889
4310 5923 49 9186 3429 7745 5183 8997 8334 4889 7367 7648 2889
4310 5923 49 9186 3429 7745 5183 8997 8334 4889 7367
49
False
49
4310 5923 49 9186 3429 7745 5183 8997 8334 4889 7367
False
49
932
4310 5923 49 9186 3429 7745 5183 8997 8334 5365
False
13
12
49
7527
False
4310 5923 49 9186 3429 7745 5183 8997 8334 5365
False
False
11
11
False
4310 5923 49 9186 3429 7745 5183 8997 8334 5365 9222
False
4310 5923 49 9186 3429 7745 5183 8997 8334 5365 9222
9222
False
False
4310 5923 49 9186 3429 7745 5183 8997 8334
10
5371
49
49
False
False
4310 5923 49 9186 3429 7745 5183 8997 8334
9
8334
4310 5923 49 9186 3429 7745 5183 8997 8334
False
49
False
4310 5923 49 9186 3429 7745 5183 8997 5126 5102
False
False
49
10
10
4139
False
4310 5923 49 9186 3429 7745 5183 8997 5126 5102 4139 4546
4310 5923 49 9186 3429 7745 5183 8997 5126 5102 4139 4546 6602 5410
False
4310 5923 49 9186 3429 7745 5183 8997 5126 5102 4139 4546 6602 5410
5410
14
14
5410
4310 5923 49 9186 3429 7745 5183 8997 5126 5102 4139 4546 6602 5410
5410
5410
49
False
5410
13
6602
False
False
49
49
False
49
15
False
4310 5923 49 9186 3429 7745 5183 8997 5126 5102 4139 4546 6602 7439 8012
False
False
49
4310 5923 49 9186 3429 7745 5183 8997 5126 5102 4139 4546 6602 7439
False
False
4310 5923 49 9186 3429 7745 5183 8997 5126 5102 4139 4546 1450
4546
False
False
False
False
49
4310 5923 49 9186 3429 7745 5183 8997 5126 5102 4139 4546 1231 3599
14
4310 5923 49 9186 3429 7745 5183 8997 5126 5102 4139 4546 1231 3599 2589
False
49
49
49
False
49
3409
False
4310 5923 49 9186 3429 7745 5183 8997 5126 5102 4139 4546 1231 3599
3599
False
4310 5923 49 9186 3429 7745 5183 8997 5126 5102 4139 4546 1231
1231
11
False
False
11
False
False
12
4310 5923 49 9186 3429 7745 5183 8997 5126 5102 4139 2323
49
13
False
4310 5923 49 9186 3429 7745 5183 8997 5126 5102 4139 2323 3134
False
4310 5923 49 9186 3429 7745 5183 8997 5126 5102 4139 2323
False
49
4139
False
11
False
4310 5923 49 9186 3429 7745 5183 8997 5126 5102 4139
False
49
4310 5923 49 9186 3429 7745 5183 8997 5126 5102 4139 5001
4310 5923 49 9186 3429 7745 5183 8997 5126 5102 4139 5001
49
11
False
49
False
9
False
49
False
False
49
11
11
49
12
12
False
4310 5923 49 9186 3429 7745 5183 8997 218 7666 6006 861
49
49
4310 5923 49 9186 3429 7745 5183 8997 218 7666 6006 861 8780
12
49
49
False
4310 5923 49 9186 3429 7745 5183 8997 218 7666 6006 861 8098
8098
4310 5923 49 9186 3429 7745 5183 8997 218 7666 6006 861 8098
8098
False
False
8098
False
False
49
49
49
894
49
False
False
49
False
18
False
207
18
49
21
49
49
49
False
9126
49
2654
4310 5923 49 9186 3429 7745 5183 8997 218 7666 6006 861 904 3461 9728 7765 894 207 2813 4256 6756 2654
4310 5923 49 9186 3429 7745 5183 8997 218 7666 6006 861 904 3461 9728 7765 894 207 2813 4256 6756 2654
49
49
49
207
19
False
19
49
4310 5923 49 9186 3429 7745 5183 8997 218 7666 6006 861 904 3461 9728 7765 1007 2985
2985
49
18
8231
19
4310 5923 49 9186 3429 7745 5183 8997 218 7666 6006 861 904 3461 9728 7765 1007 2985 7191
19
4310 5923 49 9186 3429 7745 5183 8997 218 7666 6006 861 904 3461 9728 7765 1007 2985 7191 448 3843
4310 5923 49 9186 3429 7745 5183 8997 218 7666 6006 861 904 3461 9728 7765 1007 2985 7191 448 1986
49
1986
1298
False
4310 5923 49 9186 3429 7745 5183 8997 218 7666 6006 861 904 3461 9728 7765 1007 2985 7191 448
False
49
49
4310 5923 49 9186 3429 7745 5183 8997 218 7666 6006 861 904 3461 9728 7765 1007 2985 7191 448 5190
False
21
4310 5923 49 9186 3429 7745 5183 8997 218 7666 6006 861 904 3461 9728 7765 1007 2985 7191 448 9255
9255
49
20
4310 5923 49 9186 3429 7745 5183 8997 218 7666 6006 861 904 3461 9728 7765 1007 2985 7191 448
False
49
18
False
False
4310 5923 49 9186 3429 7745 5183 8997 218 7666 6006 861 904 3461 9728 7765 1007 6526
4310 5923 49 9186 3429 7745 5183 8997 218 7666 6006 861 904 3461 9728 7765 1007
4310 5923 49 9186 3429 7745 5183 8997 218 7666 6006 861 904 3461 9728 7765 1007
17
False
1007
False
18
49
4283
49
49
20
False
9029
9029
19
4112
49
49
4310 5923 49 9186 3429 7745 5183 8997 218 7666 6006 861 904 3461 9728
False
15
15
49
False
6133
False
False
49
False
2640
2640
4310 5923 49 9186 3429 7745 5183 8997 218 7666 6006 861 904 3461 9728 6133 1101 7391 7580 2640
False
4310 5923 49 9186 3429 7745 5183 8997 218 7666 6006 861 904 3461 9728 6133 1101 7391 7580 2640 608 3635
4310 5923 49 9186 3429 7745 5183 8997 218 7666 6006 861 904 3461 9728 6133 1101 7391 7580 2640 608
21
22
49
49
False
False
49
False
4310 5923 49 9186 3429 7745 5183 8997 218 7666 6006 861 904 3461 9728 6133 1101 7391 7580 4313
49
49
49
False
False
19
19
False
19
6575
49
49
6575
False
4310 5923 49 9186 3429 7745 5183 8997 218 7666 6006 861 904 3461 9728 6133 1101 7391 7580 6575
21
False
49
4310 5923 49 9186 3429 7745 5183 8997 218 7666 6006 861 904 3461 9728 6133 1101 7391 7580 2883
49
49
49
False
False
False
4310 5923 49 9186 3429 7745 5183 8997 218 7666 6006 861 904 3461 9728 6133 1101 7391 7580
19
False
False
4310 5923 49 9186 3429 7745 5183 8997 218 7666 6006 861 904 3461 9728 6133 1101 7391 7580
19
False
8234
False
49
False
49
19
7580
19
7391
49
49
49
49
False
8503
49
8503
4310 5923 49 9186 3429 7745 5183 8997 218 7666 6006 861 904 3461 9728 6133 8503
False
49
4310 5923 49 9186 3429 7745 5183 8997 218 7666 6006 861 904 3461 9728 6133 8503
False
False
4310 5923 49 9186 3429 7745 5183 8997 218 7666 6006 861 904 3461 9728 6133 8503 657 2440 3857 7461 3321 2845
23
2845
False
23
False
4310 5923 49 9186 3429 7745 5183 8997 218 7666 6006 861 904 3461 9728 6133 8503 657 2440 3857 7461 3321 9312 329
25
25
25
False
25
663
4310 5923 49 9186 3429 7745 5183 8997 218 7666 6006 861 904 3461 9728 6133 8503 657 2440 3857 7461 3321 9312 329 5031 663
663
663
49
27
27
False
25
4272
False
49
4310 5923 49 9186 3429 7745 5183 8997 218 7666 6006 861 904 3461 9728 6133 8503 657 2440 3857 7461 3321 9312 329 5031 4272 8538
False
49
8538
8538
False
False
25
49
49
49
27
49
4310 5923 49 9186 3429 7745 5183 8997 218 7666 6006 861 904 3461 9728 6133 8503 657 2440 3857 7461 3321 9312 329 5287 8037 4827
False
4015
False
29
False
False
29
29
False
False
28
4310 5923 49 9186 3429 7745 5183 8997 218 7666 6006 861 904 3461 9728 6133 8503 657 2440 3857 7461 3321 9312 329 5287 8037
False
25
False
4310 5923 49 9186 3429 7745 5183 8997 218 7666 6006 861 904 3461 9728 6133 8503 657 2440 3857 7461 3321 9312 329 5287 2917
49
2671
49
3144
4310 5923 49 9186 3429 7745 5183 8997 218 7666 6006 861 904 3461 9728 6133 8503 657 2440 3857 7461 3321 9312 329 5287 2917 2671 3144
3144
27
False
False
2671
28
False
False
49
False
False
False
4310 5923 49 9186 3429 7745 5183 8997 218 7666 6006 861 904 3461 9728 6133 8503 657 2440 3857 7461 3321 9312 329 5287 2917
4310 5923 49 9186 3429 7745 5183 8997 218 7666 6006 861 904 3461 9728 6133 8503 657 2440 3857 7461 3321
False
24
25
49
False
False
2863
2863
2863
False
3501
4310 5923 49 9186 3429 7745 5183 8997 218 7666 6006 861 904 3461 9728 6133 8503 657 2440 3857 7461 3321 1412
4310 5923 49 9186 3429 7745 5183 8997 218 7666 6006 861 904 3461 9728 6133 8503 657 2440 3857 7461 3321 1412
False
False
False
False
3321
False
23
49
False
False
7782
23
8275
26
49
49
902
4310 5923 49 9186 3429 7745 5183 8997 218 7666 6006 861 904 3461 9728 6133 8503 657 2440 3857 7461 3321 7782 1206 153
49
1206
49
49
49
8081
8081
False
49
False
28
8884
False
13
False
False
8845
False
29
8845
49
49
4310 5923 49 9186 3429 7745 5183 8997 218 7666 6006 861 904 3461 9728 6133 8503 657 2440 3857 7461 3321 7782 4901 856 9158 1228 8884 8845 1734
False
False
4310 5923 49 9186 3429 7745 5183 8997 218 7666 6006 861 904 3461 9728 6133 8503 657 2440 3857 7461 3321 7782 4901 856 9158 1228 8884
8674
49
28
49
False
49
5812
30
False
4310 5923 49 9186 3429 7745 5183 8997 218 7666 6006 861 904 3461 9728 6133 8503 657 2440 3857 7461 3321 7782 4901 856 9158 1228 8884
4310 5923 49 9186 3429 7745 5183 8997 218 7666 6006 861 904 3461 9728 6133 8503 657 2440 3857 7461 3321 7782 4901 856 9158 1228 8884
28
False
28
False
49
7031
False
8884
4310 5923 49 9186 3429 7745 5183 8997 218 7666 6006 861 904 3461 9728 6133 8503 657 2440 3857 7461 3321 7782 4901 856 9158 1228 8884
4310 5923 49 9186 3429 7745 5183 8997 218 7666 6006 861 904 3461 9728 6133 8503 657 2440 3857 7461 3321 7782 4901 856 9158 1228 8884
4310 5923 49 9186 3429 7745 5183 8997 218 7666 6006 861 904 3461 9728 6133 8503 657 2440 3857 7461 3321 7782 4901 856 9158 1228 8884
28
False
False
False
False
4310 5923 49 9186 3429 7745 5183 8997 218 7666 6006 861 904 3461 9728 6133 8503 657 2440 3857 7461 3321 7782 4901 856 9158 1228 1355
False
49
False
4310 5923 49 9186 3429 7745 5183 8997 218 7666 6006 861 904 3461 9728 6133 8503 657 2440 3857 7461 3321 7782 4901 856 9158 1228 3722
4310 5923 49 9186 3429 7745 5183 8997 218 7666 6006 861 904 3461 9728 6133 8503 657 2440 3857 7461 3321 7782 4901 856 9158 1228 3722
4310 5923 49 9186 3429 7745 5183 8997 218 7666 6006 861 904 3461 9728 6133 8503 657 2440 3857 7461 3321 7782 4901 856 9158 1228 3722
3722
49
False
3722
False
False
49
4310 5923 49 9186 3429 7745 5183 8997 218 7666 6006 861 904 3461 9728 6133 8503 657 2440 3857 7461 3321 7782 4901 856 9158 1228 3722 9573
49
49
4310 5923 49 9186 3429 7745 5183 8997 218 7666 6006 861 904 3461 9728 6133 8503 657 2440 3857 7461 3321 7782 4901 856 9158 1228 3722 9573 4525 7867
49
False
49
49
False
9367
9367
32
32
33
49
49
False
False
False
4310 5923 49 9186 3429 7745 5183 8997 218 7666 6006 861 904 3461 9728 6133 8503 657 2440 3857 7461 3321 7782 4901 856 9158 1228 3722 9573 4525 7756 7732 4163 9798
4310 5923 49 9186 3429 7745 5183 8997 218 7666 6006 861 904 3461 9728 6133 8503 657 2440 3857 7461 3321 7782 4901 856 9158 1228 3722 9573 4525 7756 7732 4163 9798
4310 5923 49 9186 3429 7745 5183 8997 218 7666 6006 861 904 3461 9728 6133 8503 657 2440 3857 7461 3321 7782 4901 856 9158 1228 3722 9573 4525 7756 7732 4163 9798
9798
False
False
False
False
33
33
4310 5923 49 9186 3429 7745 5183 8997 218 7666 6006 861 904 3461 9728 6133 8503 657 2440 3857 7461 3321 7782 4901 856 9158 1228 3722 9573 4525 7756 7732 1785 3620
49
49
7760
False
4310 5923 49 9186 3429 7745 5183 8997 218 7666 6006 861 904 3461 9728 6133 8503 657 2440 3857 7461 3321 7782 4901 856 9158 1228 3722 9573 4525 7756 7732 1785 3620 7760 238 5440
49
37
5440
49
4310 5923 49 9186 3429 7745 5183 8997 218 7666 6006 861 904 3461 9728 6133 8503 657 2440 3857 7461 3321 7782 4901 856 9158 1228 3722 9573 4525 7756 7732 1785 3620 7760 5781
49
False
49
37
49
49
5781
36
False
36
4025
36
4025
49
36
35
2413
2413
451
35
49
49
49
33
False
33
False
49
33
33
49
8491
1785
49
7732
4310 5923 49 9186 3429 7745 5183 8997 218 7666 6006 861 904 3461 9728 6133 8503 657 2440 3857 7461 3321 7782 4901 856 9158 1228 3722 9573 4525 7756 7732
49
False
4310 5923 49 9186 3429 7745 5183 8997 218 7666 6006 861 904 3461 9728 6133 8503 657 2440 3857 7461 3321 7782 4901 856 9158 1228 3722 9573 4525
False
4525
4310 5923 49 9186 3429 7745 5183 8997 218 7666 6006 861 904 3461 9728 6133 8503 657 2440 3857 7461 3321 7782 4901 856 9158 1228 3722 9573 4525 2361
49
49
4310 5923 49 9186 3429 7745 5183 8997 218 7666 6006 861 904 3461 9728 6133 8503 657 2440 3857 7461 3321 7782 4901 856 9158 1228 3722 9573 883
False
883
4310 5923 49 9186 3429 7745 5183 8997 218 7666 6006 861 904 3461 9728 6133 8503 657 2440 3857 7461 3321 7782 4901 856 9158 1228 3722 9573 883
29
4310 5923 49 9186 3429 7745 5183 8997 218 7666 6006 861 904 3461 9728 6133 8503 657 2440 3857 7461 3321 7782 4901 856 9158 1228 3722 9573
False
49
29
29
49
4310 5923 49 9186 3429 7745 5183 8997 218 7666 6006 861 904 3461 9728 6133 8503 657 2440 3857 7461 3321 7782 4901 856 9158 1228
27
False
26
26
26
4310 5923 49 9186 3429 7745 5183 8997 218 7666 6006 861 904 3461 9728 6133 8503 657 2440 3857 7461 3321 7782 4901 856 9158 9209
False
False
49
49
False
4310 5923 49 9186 3429 7745 5183 8997 218 7666 6006 861 904 3461 9728 6133 8503 657 2440 3857 7461 3321 7782 4901 856 9158 9209 8974
False
False
1117
False
4573
False
False
30
4310 5923 49 9186 3429 7745 5183 8997 218 7666 6006 861 904 3461 9728 6133 8503 657 2440 3857 7461 3321 7782 4901 856 9158 9209 8974 1117
4310 5923 49 9186 3429 7745 5183 8997 218 7666 6006 861 904 3461 9728 6133 8503 657 2440 3857 7461 3321 7782 4901 856 9158 9209 8974
False
4309
4309
4309
4309
4309
4310 5923 49 9186 3429 7745 5183 8997 218 7666 6006 861 904 3461 9728 6133 8503 657 2440 3857 7461 3321 7782 4901 856 9158 9209 8974 4309
29
False
False
False
29
4309
49
4310 5923 49 9186 3429 7745 5183 8997 218 7666 6006 861 904 3461 9728 6133 8503 657 2440 3857 7461 3321 7782 4901 856 9158 9209 8974 4309
28
4310 5923 49 9186 3429 7745 5183 8997 218 7666 6006 861 904 3461 9728 6133 8503 657 2440 3857 7461 3321 7782 4901 856 9158 9209 8974
4310 5923 49 9186 3429 7745 5183 8997 218 7666 6006 861 904 3461 9728 6133 8503 657 2440 3857 7461 3321 7782 4901 856 9158 9209 8974
False
4310 5923 49 9186 3429 7745 5183 8997 218 7666 6006 861 904 3461 9728 6133 8503 657 2440 3857 7461 3321 7782 4901 856 9158 9209 8974
28
False
False
8974
4310 5923 49 9186 3429 7745 5183 8997 218 7666 6006 861 904 3461 9728 6133 8503 657 2440 3857 7461 3321 7782 4901 856 9158 9209
49
3514
49
4310 5923 49 9186 3429 7745 5183 8997 218 7666 6006 861 904 3461 9728 6133 8503 657 2440 3857 7461 3321 7782 4901 856 9158 9209 3514 6435
49
False
4310 5923 49 9186 3429 7745 5183 8997 218 7666 6006 861 904 3461 9728 6133 8503 657 2440 3857 7461 3321 7782 4901 856 9158 9209
False
26
26
False
9158
49
4901
24
4310 5923 49 9186 3429 7745 5183 8997 218 7666 6006 861 904 3461 9728 6133 8503 657 2440 3857 7461 3321 7782
False
25
False
False
25
False
25
25
3049
4310 5923 49 9186 3429 7745 5183 8997 218 7666 6006 861 904 3461 9728 6133 8503 657 2440 3857 7461 3321 7782 8529 3049 1892
False
2965
26
49
2965
False
False
351
4310 5923 49 9186 3429 7745 5183 8997 218 7666 6006 861 904 3461 9728 6133 8503 657 2440 3857 7461 3321 7782 8529 3049 2965 351
False
False
False
False
49
False
351
351
4310 5923 49 9186 3429 7745 5183 8997 218 7666 6006 861 904 3461 9728 6133 8503 657 2440 3857 7461 3321 7782 8529 3049 2965 351
49
4310 5923 49 9186 3429 7745 5183 8997 218 7666 6006 861 904 3461 9728 6133 8503 657 2440 3857 7461 3321 7782 8529 3049 2965
2965
4310 5923 49 9186 3429 7745 5183 8997 218 7666 6006 861 904 3461 9728 6133 8503 657 2440 3857 7461 3321 7782 8529 3049 2965
26
8529
4310 5923 49 9186 3429 7745 5183 8997 218 7666 6006 861 904 3461 9728 6133 8503 657 2440 3857 7461 3321 7782 8529
49
False
4310 5923 49 9186 3429 7745 5183 8997 218 7666 6006 861 904 3461 9728 6133 8503 657 2440 3857 7461 3321 7782 8529 9356
49
4310 5923 49 9186 3429 7745 5183 8997 218 7666 6006 861 904 3461 9728 6133 8503 657 2440 3857 7461 3321 7782 8529
4310 5923 49 9186 3429 7745 5183 8997 218 7666 6006 861 904 3461 9728 6133 8503 657 2440 3857 7461 3321 7782
49
False
4310 5923 49 9186 3429 7745 5183 8997 218 7666 6006 861 904 3461 9728 6133 8503 657 2440 3857 7461 3321 7782
23
False
49
505
505
20
3857
False
False
2466
2466
2956
4310 5923 49 9186 3429 7745 5183 8997 218 7666 6006 861 904 3461 9728 6133 8503 657 2440 3857 6532
6532
False
6532
False
4310 5923 49 9186 3429 7745 5183 8997 218 7666 6006 861 904 3461 9728 6133 8503 657 2440 3857 6532 8948
8948
8948
21
6532
False
4310 5923 49 9186 3429 7745 5183 8997 218 7666 6006 861 904 3461 9728 6133 8503 657 2440 3857 6532
3857
False
4310 5923 49 9186 3429 7745 5183 8997 218 7666 6006 861 904 3461 9728 6133 8503 657 2440 3857
3857
20
False
4310 5923 49 9186 3429 7745 5183 8997 218 7666 6006 861 904 3461 9728 6133 8503 657 2440 3857 6353
False
20
2440
49
4310 5923 49 9186 3429 7745 5183 8997 218 7666 6006 861 904 3461 9728 6133 8503 657 2440
False
False
False
19
49
8589
19
4310 5923 49 9186 3429 7745 5183 8997 218 7666 6006 861 904 3461 9728 6133 8503 657 2440
49
4310 5923 49 9186 3429 7745 5183 8997 218 7666 6006 861 904 3461 9728 6133 8503 657 2440
False
18
4434
4310 5923 49 9186 3429 7745 5183 8997 218 7666 6006 861 904 3461 9728 6133 8503 657 9123 4434
20
49
False
6206
False
2064
23
23
4310 5923 49 9186 3429 7745 5183 8997 218 7666 6006 861 904 3461 9728 6133 8503 657 9123 6206 1259 2064 531
False
4310 5923 49 9186 3429 7745 5183 8997 218 7666 6006 861 904 3461 9728 6133 8503 657 9123 6206 1259
False
21
21
False
49
4310 5923 49 9186 3429 7745 5183 8997 218 7666 6006 861 904 3461 9728 6133 8503 657 9123 6206 9382 5656 5397
False
49
5134
22
False
6835
49
False
49
49
24
49
49
4310 5923 49 9186 3429 7745 5183 8997 218 7666 6006 861 904 3461 9728 6133 8503 657 9123 6206 9382 5584 6835
23
49
6835
5584
49
False
24
23
49
22
4310 5923 49 9186 3429 7745 5183 8997 218 7666 6006 861 904 3461 9728 6133 8503 657 9123 6206 9382 5584
False
4310 5923 49 9186 3429 7745 5183 8997 218 7666 6006 861 904 3461 9728 6133 8503 657 9123 6206 9382 5584 5402
9382
9382
False
49
49
False
49
49
False
4973
False
6339
22
False
21
False
3495
4961
7419
False
24
24
24
False
4310 5923 49 9186 3429 7745 5183 8997 218 7666 6006 861 904 3461 9728 6133 8503 657 9123 4973 1583 3495 3207 7419
4310 5923 49 9186 3429 7745 5183 8997 218 7666 6006 861 904 3461 9728 6133 8503 657 9123 4973 1583 3495 3207 7419 5371
23
False
23
49
4310 5923 49 9186 3429 7745 5183 8997 218 7666 6006 861 904 3461 9728 6133 8503 657 9123 4973 1583 3495
4310 5923 49 9186 3429 7745 5183 8997 218 7666 6006 861 904 3461 9728 6133 8503 657 9123 4973 1583 3495
False
False
False
False
21
4310 5923 49 9186 3429 7745 5183 8997 218 7666 6006 861 904 3461 9728 6133 8503 657 9123 4973 2677
2677
False
4310 5923 49 9186 3429 7745 5183 8997 218 7666 6006 861 904 3461 9728 6133 8503 657 9123 4973
4310 5923 49 9186 3429 7745 5183 8997 218 7666 6006 861 904 3461 9728 6133 8503 657 9123
4310 5923 49 9186 3429 7745 5183 8997 218 7666 6006 861 904 3461 9728 6133 8503 657 9123
657
False
18
49
49
False
False
False
4310 5923 49 9186 3429 7745 5183 8997 218 7666 6006 861 904 3461 9728 6133 8503 657
False
4310 5923 49 9186 3429 7745 5183 8997 218 7666 6006 861 904 3461 9728 6133 8503 657
False
False
4994
3461
49
4310 5923 49 9186 3429 7745 5183 8997 218 7666 6006 861 904 3461 3399 6196
False
49
4310 5923 49 9186 3429 7745 5183 8997 218 7666 6006 861 904 3461 3399 6196
6196
49
False
4310 5923 49 9186 3429 7745 5183 8997 218 7666 6006 861 904
False
4310 5923 49 9186 3429 7745 5183 8997 218 7666 6006 861 904
49
4310 5923 49 9186 3429 7745 5183 8997 218 7666 6006 861 904
904
False
904
False
49
49
15
False
6018
4310 5923 49 9186 3429 7745 5183 8997 218 7666 6006 861 904 1373
False
4310 5923 49 9186 3429 7745 5183 8997 218 7666 6006 861 904 1373
False
False
False
904
14
False
8752
14
4310 5923 49 9186 3429 7745 5183 8997 218 7666 6006 861 904 8752
False
49
False
13
False
7666
7666
4310 5923 49 9186 3429 7745 5183 8997 218 7666
4310 5923 49 9186 3429 7745 5183 8997 218 7666
4310 5923 49 9186 3429 7745 5183 8997 218 7666
49
49
11
7666
4310 5923 49 9186 3429 7745 5183 8997 218 7666
4310 5923 49 9186 3429 7745 5183 8997 218 7666
False
4310 5923 49 9186 3429 7745 5183 8997 218
False
4310 5923 49 9186 3429 7745 5183 8997
8997
5183
49
False
6597
False
False
9
49
False
8791
49
False
4310 5923 49 9186 3429 7745 5183 8791 3968 6222 6753
6753
False
6753
49
6753
False
6753
False
1201
False
4310 5923 49 9186 3429 7745 5183 8791 3968
49
False
49
False
False
49
8791
8
8
False
False
7
6
49
49
7745
7745
False
False
4310 5923 49 9186 3429 7745 3426 3479
4310 5923 49 9186 3429 7745 3426 3479
False
49
4310 5923 49 9186 3429 7745 3426 3479
7
False
False
False
9949
4310 5923 49 9186 3429 7745 3426 9949
9949
False
49
False
4310 5923 49 9186 3429 7745 3426 9949 1612
4310 5923 49 9186 3429 7745 3426 9949 1612
9
1612
49
4310 5923 49 9186 3429 7745 3426 9949
4310 5923 49 9186 3429 7745 3426 9949
4310 5923 49 9186 3429 7745 3426 9949
False
False
False
False
193
7
6
5
5
3429
3429
3429
49
4310 5923 49 9186
4310 5923 49 9186
4310 5923 49 9186
False
4310 5923 49
49
4
False
False
49
4
False
3
49
3
3
4310
4310
5014
False
4310
False
False
False
False
False
False
4310
8589
4310
False
4310 1370
4310 1370 7991
False
4310 1370 1222 1510
False
False
2199
4310 1370 2199
False
4
6116
1370
4310 1370 2199 2274 6116
4310 1370 2199 2274 6116
1370
4310 1370 2199 2274 6116 1663
1370
1370
2
4310 1370 2353
1370
1370
False
4310 1370 1652 8927 9881
4310 1370 1652 8927 9881
False
False
False
False
False
1370
False
1370
9
9
4310 1370 1652 8927 9881 9364 7439 9213 6327 2170 9444
9444
9444
11
4310 1370 1652 8927 9881 9364 7439 9213 6327 2170 8528
1370
1370
False
6327
6327
4310 1370 1652 8927 9881 9364 7439 9213 6327
1370
4310 1370 1652 8927 9881 9364 7439 9213 6327 1687
10
False
False
9173
920
False
False
11
1370
False
4310 1370 1652 8927 9881 9364 7439 9213 6327 1687 3191
False
11
3191
11
1370
12
4310 1370 1652 8927 9881 9364 7439 9213 6327 1687 3197 2970
1370
False
3197
3197
False
False
4310 1370 1652 8927 9881 9364 7439 9213 6327 1687 3197
False
1370
False
4310 1370 1652 8927 9881 9364 7439 9213 6327 1687 3197 7357
7357
12
False
False
False
1370
4310 1370 1652 8927 9881 9364 7439 9213 6327 1687 3197
False
False
False
821
4310 1370 1652 8927 9881 9364 7439 9213 821
821
False
False
False
7448
4310 1370 1652 8927 9881 9364 7439 9213 7339 7448
1370
False
7448
10
1370
7448
1370
7339
7339
8
7
7
7
6
6
5
False
1370
False
4
9226
False
False
1652
False
3
3
False
4310 5569 970
2
5569
5569
4310
4310
4310
4310
8955
True
True
0
Empty

Empty
Empty
3014 5372
3014
1
3014

Empty

True
Empty

Empty
Empty
0

False
3105
3105
False
False
8320
False
8320
9044 8320
2
2
782
4
8998
False
3
False
9044 1032 5230
4
False
False
4
3887
4
False
False
False
9044 1032 5230 3887
1032
3887
2
False
1032
2
1032
2
1
9044
False
2154
False
False
9044 2154
1
False
0
3178

2579
False
False
4
465
465
3
3
2579
False
False
3
3
False
2009
3
False
False
4455 2009 1644 6931
False
1644
False
2
2
4455 2009
False
False
False
2009
4455 9304 6616
3
4455
False
6616
4455
3
6616
False
4455 9304 6616
3
4455
4455 9304 6616
6616
3
False
6616
4455 9304 6616
3
4455
False
4455 9304 6616 9416 5728
5
False
False
False
False
4
False
4455 9304 6616 7133 487 7212 5656
5656
5656
5656
False
5656
False
False
4455
False
4455
4455
4455 9304 6616
6616
False
False
4455 9304 6616 1015 4567
5
False
4
4
4
False
5
False
1015
1015
1015
4
1015
False
False
1015
False
False
False
False
9304
False
7397
False
9304
4455
False
False
4455
4455
