3228
3228
3228
7496
7496

0
7945 5037 8311
7945 5037 8311
397
False
3721
3299
False
False
3
7945 5037 6729
7945 9632
False
7945 9632 6376 4367
4367
9632
5223
5223
5267
False
5
7945 9632 5223 5588 5267
False
5267
5
5526
4205
7945 9632 5223 5588 5267 4205 8358 7889 5426
False
4205
4205
False
9
6866
11
7945 9632 5223 5588 5267 4205 8358 7889 5426 6866 9987
8
False
7945 9632 5223 5588 5267 4205 5360
False
7945 9632 5223 5588 5267 4205
7945 9632 5223 5588 5267 4205
6
4500
4500
5
4
5223
5588
7945 9632 5223 5588
5223
7945 9632 5223
False
False

Empty
True
Empty
False
1
3058
3058
3058
3058
551
False
3058 551
False
False
False
3058 9963 730 5900
False
False
False
5
6
False
467
6
False
5262
False
2270
730
5900
730
4
5900
False
False
False
5900
False
5900
False
False
5900
4
5900
3058 9963 730 5900
False
3058 9963 730 5900
4
3058 9963 730 3923
3923
3923
4
False
3923
730
False
7286
4
3
False
730
3
730
730
730
730
3058 9963 730
730
False
3058 9963 730
3058 9963 730 6750 715 787
3058 9963 730 6750 715 787
3058 9963 730 6750 715 787 9123
3058 9963 730 6750 715 787 9123 6600
False
3058 9963 730 6750 715 787
False
3
False
730
4
False
False
1133
1133
5
1133
6
False
False
5
False
False
False
3058 6111 1675 1133
3058 6111 1675 1133
False
6
5151
3058 6111 1675 1133 3113 5151
False
7
7
False
False
3058 6111 1675 1133 3113 9596
False
3058 6111 1675 1133 3113 9596
False
False
False
6
1133
False
6
1133
False
3058 6111 1675 1133 3113 7347 901
7347
6
7347
7347
False
6
7347
3058 6111 1675 1133 3113
False
False
False
4
False
False
False
False
919
False
False
919
4
False
3
False
3058
1
0
True
False
Empty

False
Empty
Empty

Empty
Empty
Empty
0
False
False
Empty
2285
2285
2285
1
3
3
False
3
2285
2285
2285
False
6734
2285 5163 6723
2285
False

True
Empty
Empty
0
Empty

Empty
True
Empty
Empty
0

Empty
Empty
Empty

0
Empty
Empty

False
Empty
Empty
Empty
Empty
6335
6335
1
False
6335
False
6335


False

Empty
False
Empty
True
False
0
True
Empty
False
False
Empty
True
Empty

Empty
9176 7194
7194
9176 7194
7194
3
7194
9176 7194
5697
False
False
9159
False
False
4
5697
False
False
False
1452
1452
1452
False
1932
9176 7194 5697 3573
3573
False
False
False
3
1
0
Empty
Empty
True
Empty
Empty
5917

True
Empty
True
True

False
False
False

Empty
True
Empty
False
1
3419
False
False
False
False
3419
False
False
3419 7948
False
False
2050
False
786
4
4
3419 7948 2050 786
False
501
False
5
False
3419 7948 2050 4162
False
3419 7948 2050 2637
2050
3419 7948 2050 2637
2050
3419
2
False
3419
3419
3419
3419

False
0
Empty

False
Empty
Empty
Empty

Empty
Empty
False


False
2
2
1243
False
1243
2
False
False
4781 1243
1243
4838
4781 1243 4838
5
4781 1243 4838 9228 7255
4781 1243 4838 9228 7675 7753
False
4781 1243 4838 9228 7675 7753
7
1243
1243
4781 1243 4838 9228 7675 7753 2161
2161
7753
8341
4781 1243 4838 9228 7675 7753 8341 1365
1365
4781 1243 4838 9228 7675 7753 8341
7
False
8
984
False
4781 1243 4838 9228 7675 7753 984 1839 3763
False
470
11
4781 1243 4838 9228 7675 7753 984 1839 9677 494 470
False
10
10
False
10
494
494
4781 1243 4838 9228 7675 7753 984 1839 9677 494
False
6468
9
4781 1243 4838 9228 7675 7753 984 1839 6468
False
4781 1243 4838 9228 7675 7753 984 1839
False
False
False
984
7753
False
7669
False
7669
1243
7669
False
1243
False
1016
10
1016
4781 1243 4838 9228 7675 7753 2131 6180 1016 6834
4781 1243 4838 9228 7675 7753 2131 6180 1016 6834
6834
False
False
1243
9
4781 1243 4838 9228 7675 7753 2131 6180 1845 988 6569
988
4781 1243 4838 9228 7675 7753 2131 6180 1845 9927
False
4781 1243 4838 9228 7675 7753 2131 6180 1845
9
1243
1243
1845
4781 1243 4838 9228 7675 7753 2131 6180 1845
False
4781 1243 4838 9228 7675 7753 2131 6180 1845
1845
False
False
False
8
4781 1243 4838 9228 7675 7753 2131 6180
8230
6180
False
False
1243
4781 1243 4838 9228 7675 7753 2131
4781 1243 4838 9228 7675 7753
False
4781 1243 4838 9228 7675 7753 8914
8914
1243
4781 1243 4838 9228 7675
4781 1243 4838 9228 8173
False
False
8173
False
5
4781 1243 4838 9228 8173
9228
1243
False
False
False
1243
4781 1243 4838 9228
4781 1243 4838
False
5
4922
5
1243
False
4922
4781 1243 4838 6255 4922
2670
False
4
5
4579
4579
1243
4579
False
1243
3845
False
False
4838
4838
3
False
4838
False
False
False
4781 1243 4838 9970 6679
False
False
6
5
4781 1243 4838 9970 6599 4462
1243
6
4462
1243
False
4781 1243 4838 9970
4781 1243 4838 9970
1243
3
1243
4
3596
1243
False
False

0
True

Empty
Empty
False
Empty

Empty
Empty
False
False

False
0
1
False
1560
63
641
False
63
7723
False
False
False
1692
False
1692
1692
63
4688 63 1692 3528 4598
3110
3110
4688 63 1692 3528 4598 1310 3110
False
3110
3110
63
4688 63 1692 3528 4598 1310 6822
63
False
6822
63
8088
False
1310
False
False
4688 63 1692 3528 6500
6500
False
4688 63 1692 7748
7748
9333
False
63
False
4688 63 1692 9333 3772 5901 2596
4688 63 1692 9333 3772 5901 2596
False
7
4688 63 1692 9333 3772 5901 2596
993
993
False
4688 63 1692 9333 3772 5901 2596
63
5
False
9333
False
False
4
3
False
63
63
Empty
Empty
False
8570

8390
1
8390
1
False
8390 6497
8390 6497
8390 2083
8390
8390

Empty
Empty
0
Empty
Empty
Empty
1785



Empty
False
1199 3794
False
3794
2
False
2
False
False
False
1199 3794
1199 3794


False
Empty
True

0
Empty

0
0
Empty
False
Empty
0
False
True
True

1
False
673
False
False
7292
5
2822 7549 7501 7292 293
7292
2822
False
2822
2822
False
False
2822 7549 7501 7292 4018
2822
4018
4
False
4
2822 7549 7501 7292 9684
9684
2822 7549 7501 7292 9684
2822
7549
1964
1964
2822 7549 1964
2822 7549 1964
2
2822
False
2822
False
False
2822 7365 7181 7398
False
2822 7365 7181 7398 7880
5
False
False
2822 7365 7181 7398 7880 9207
6
2822
7880
False
7880
2822 7365 7181 7398 7880
2822 7365 7181 7398 7880
False
2822 7365 7181 7398 3065
False
2822
3
False
False
False
False
False
False
2822 777
False
777
777
2
2822 777
777
2822 777
2
False
2
False
2822
256
False
False
False
False
False
False
False
False
2822 2973 256 8417 7916 3289
False
False
False
False
False
256
256
False
256
False
False
2822 2973 256 8417 7916 1967
False
6
256
256
False
256
256
2822 2973 256 8417 7916
False
256
7916
False
False
911
False
256
256
2683
2683
3
2822 2973
2973
2973
2822 2973
2822
2822
2822 2973 3282
False
9746
2822 2973 3282
3
False
False
False
False
6132
False
False
False
8569
False
False
2822
False
4036
2822
False
1012
6
2822 4461 1012 4874 6117 8353
False
8
8
2822 4461 1012 4874 6117 8353 1466 4207
False
1012
2822 4461 1012 4874 6117 8353 1466 4207
2822 4461 1012 4874 6117 8353 1466 4207
1466
False
1466
2822 4461 1012 4874 6117 8353
1012
False
1012
2822 4461 1012 4874 6117 8353
1012
6
2822 4461 1012 4874 6117 8353 6604
2822 4461 1012 4874 6117 8353 6604 6415
2822 4461 1012 4874 6117 8353
7
False
False
1012
False
False
7
1012
2822 4461 1012 4874 6117 8353 1778
2822 4461 1012 4874 6117 8353 1778
2822 4461 1012 4874 6117 8353 1778
1778
1012
False
1012
False
1012
1012
False
False
8353
False
8353
6
False
6
False
2822 4461 1012 4874 6117
6117
False
4
False
4874
2822 4461 1012
3085
1012
1012
False
515
False
6257
2822 4461 1012 6630 6257
2822 4461 1012 6630 6257 8960
2822 4461 1012 6630 6257 8960 5427
False
1012
False
False
False
False
7988
False
9724
6
5
3
False
3
1012
1012
0

5155
5155
5155
5155
False
6474

Empty
8823
0

False
5868
False
1
5868
1
5868
5868
False
5852
5868 5852
5852
5868 5852
5868 5852
5868
Empty
False

Empty
1
3001
1
3001
1
3001
3001
False
False
3001 1897
1897
1897
5302
6
4
False
3001 1897 3575 5302 970
3001 1897 3575 5302 970 667
667
6
667
1649
7
667
False
False
False
False
6071
False
72
10
72
13
False
72
8296
False
13
13
False
11
3225
10
False
False
72
3225
11
3001 1897 3575 5302 970 667 1649 72 3282 3225 3730
False
False
False
3001 1897 3575 5302 970 667 1649 72 3282
False
9
9
False
False
False
False
3001 1897 3575 5302 970 667 1649 72
72
3001 1897 3575 5302 970 667 1649 72
72
False
False
False
3001 1897 3575 5302 970 667 1649 72
9
8776
72
False
False
7
False
667
667
1649
False
667
6
667
3001 1897 3575 5302 970 667
False
False
6
667
False
False
False
False
6
3001 1897 3575 5302 970
3001 1897 3575 5302 970
970
970
970
970
3001 1897 3575 5302 970
970
False
970
False
False
4
False
False
5
False
1897
False
1897
3001 1897 3575 7776 9245 9446 8697 7562
8697
False
8697
1897
3001 1897 3575 7776 9245 9446
False
6
9794
6
False
9245
False
3460
3001 1897 3575 3460 4669
1897
3001 1897 3575 3460 4669 5710
False
1897
6
9751
False
9751
False
False
1897
7
7
4214
3001 1897 3575 3460 4669 5710 9751 4214
4214
False
3001 1897 3575 3460 4669 5710 9751 4214 4683
False
3984
12
6238
6238
10
1897
7274
False
False
4683
False
1897
1897
1897
1897
3001 1897 3575 3460 4669 5710 9751 4214 4683 5710 4751 7094 787
False
3001 1897 3575 3460 4669 5710 9751 4214 4683 5710 4751 7094 787 8780
787
3001 1897 3575 3460 4669 5710 9751 4214 4683 5710 4751 7094 787 8780
15
False
404
16
16
17
404
False
False
False
404
3001 1897 3575 3460 4669 5710 9751 4214 4683 5710 4751 7094 787 8780 404
3001 1897 3575 3460 4669 5710 9751 4214 4683 5710 4751 7094 787 8780 404
404
787
787
4751
False
4751
False
