Empty
Empty
Empty
False
9775 944
9775 944
False
Empty
False
Empty
391

True
True
Empty
Empty
0

0
0
8017
8017 3107
3107
3107
8017 3107
False
False
3107
False
8017 3107 7742
3107
False
7742
False
False
6
2350
False
False
2350
2350
2350
False
10
False
10
False
6122
10
10
2350
False
8017 3107 7742 9994 2350 3101 2799 4221 7206 6122
False
11
False
9104
False
False
False
False
False
2350
False
9
2350
8017 3107 7742 9994 2350 3101 2799 4221
False
21
21
8017 3107 7742 9994 2350 3101 2799 4221 21
8017 3107 7742 9994 2350 3101 2799 4221
8621
8017 3107 7742 9994 2350 3101 2799 4221 8621
11
False
11
8017 3107 7742 9994 2350 3101 2799 4221 8621 2957 793
False
2957
False
11
False
False
8017 3107 7742 9994 2350 3101 2799
False
False
6
False
False
False
2350
2350
3107
3107
8017 3107 7742 9994 9213
False
8017 3107 7742 9994 9213
8017 3107 7742 9994 9213
9213
False
954
False
8017 3107 7742 9994 9213 9778 954
False
1498
8017 3107 7742 9994 9213 9778 954 1498
7
7
8017 3107 7742 9994 9213 9778 954
8
8017 3107 7742 9994 9213 9778 954 3811
8
954
8017 3107 7742 9994 9213 9778 954 3811
False
8017 3107 7742 9994 9213 9778 954 3811
1853
False
8017 3107 7742 9994 9213 9778 954 3811 1853
False
False
6356
954
8
939
9
939
8
954
9198
8017 3107 7742 9994 9213 9778 954 9198
954
6295
False
8017 3107 7742 9994 9213 9778 954 1265
False
954
False
954
954
954
954
954
9
8017 3107 7742 9994 9213 9778 954 9034 9044
9044
8017 3107 7742 9994 9213 9778 954 9034 9044
9
False
False
9
9034
8017 3107 7742 9994 9213 9778 954 9034
8
8017 3107 7742 9994 9213 9778 954 9034
954
9313
False
False
10
8017 3107 7742 9994 9213 9778 954 9034 4571 9313
False
954
954
11
11
8017 3107 7742 9994 9213 9778 954 9034 4571 9313
11
6221
False
11
False
8017 3107 7742 9994 9213 9778 954 9034 4571 9313 9260
8017 3107 7742 9994 9213 9778 954 9034 4571 9313
8017 3107 7742 9994 9213 9778 954 9034 4571
False
9034
False
9034
False
9
8017 3107 7742 9994 9213 9778 954 9034 3097 682 4237
8017 3107 7742 9994 9213 9778 954 9034 3097 682 4237
8017 3107 7742 9994 9213 9778 954 9034 3097
8017 3107 7742 9994 9213 9778 954 9034 3097
False
954
8017 3107 7742 9994 9213 9778 954 9034 3097
False
False
False
3097
False
954
8017 3107 7742 9994 9213 9778 954 9034 9263
954
954
False
False
9
False
954
9
8017 3107 7742 9994 9213 9778 954 9034 9263 8008
False
8017 3107 7742 9994 9213 9778 954 9034 9263 8008 7452
False
8017 3107 7742 9994 9213 9778 954 9034 9263 8008 7452 3646
954
False
False
False
33
4018
14
8017 3107 7742 9994 9213 9778 954 9034 9263 8008 7452 8267 33 4018
4018
8017 3107 7742 9994 9213 9778 954 9034 9263 8008 7452 8267 33 4018
14
33
False
4018
33
33
12
8267
2686
False
8017 3107 7742 9994 9213 9778 954 9034 9263 8008 7452 8267 2686 5982
5982
14
954
15
8017 3107 7742 9994 9213 9778 954 9034 9263 8008 7452 8267 2686 5982 6041
954
False
False
8017 3107 7742 9994 9213 9778 954 9034 9263 8008 7452 8267 2686 5982 4677
954
15
954
15
8017 3107 7742 9994 9213 9778 954 9034 9263 8008 7452 8267 2686 5982 4677
954
False
4677
8017 3107 7742 9994 9213 9778 954 9034 9263 8008 7452 8267 2686 5982 4677
15
16
8017 3107 7742 9994 9213 9778 954 9034 9263 8008 7452 8267 2686 5982 4677 6565
8017 3107 7742 9994 9213 9778 954 9034 9263 8008 7452 8267 2686 5982 4677 6565
15
5982
8017 3107 7742 9994 9213 9778 954 9034 9263 8008 7452 8267 2686 5982
False
8017 3107 7742 9994 9213 9778 954 9034 9263 8008 7452 8267
954
False
False
8017 3107 7742 9994 9213 9778 954 9034 9263 8008 7452 7010
12
7010
12
13
954
4355
False
False
954
False
False
8017 3107 7742 9994 9213 9778 954 9034 9263 8008 7452 7010 4355 1376 2351
8017 3107 7742 9994 9213 9778 954 9034 9263 8008 7452 7010 4355 1376 2351
False
False
17
False
18
False
19
954
17
954
8017 3107 7742 9994 9213 9778 954 9034 9263 8008 7452 7010 4355 1376 2351 7387 8258
False
8017 3107 7742 9994 9213 9778 954 9034 9263 8008 7452 7010 4355 1376 2351 7387
False
17
17
8017 3107 7742 9994 9213 9778 954 9034 9263 8008 7452 7010 4355 1376 2351 7387 3099
954
False
False
False
954
False
8017 3107 7742 9994 9213 9778 954 9034 9263 8008 7452 7010 4355 1376 2351 3082 5096 2352
2352
False
2351
False
1690
False
954
4694
16
16
False
8017 3107 7742 9994 9213 9778 954 9034 9263 8008 7452 7010 4355 1376 2351 4694 2734
2734
17
False
False
False
False
False
954
8017 3107 7742 9994 9213 9778 954 9034 9263 8008 7452 7010 4355 1376 1498 9162
954
False
954
18
18
18
18
7174
False
8017 3107 7742 9994 9213 9778 954 9034 9263 8008 7452 7010 4355 1376 1498 9162 2964 2829 7174
19
954
954
643
2964
2964
False
954
9162
16
False
False
False
False
954
False
False
False
954
False
18
8017 3107 7742 9994 9213 9778 954 9034 9263 8008 7452 7010 4355 1376 1498 5723 8832 1738
17
False
8832
8832
8017 3107 7742 9994 9213 9778 954 9034 9263 8008 7452 7010 4355 1376 1498 5723
False
False
False
7603
False
False
201
False
20
8017 3107 7742 9994 9213 9778 954 9034 9263 8008 7452 7010 4355 1376 1498 5723 201 5667 7603 8256
8256
8017 3107 7742 9994 9213 9778 954 9034 9263 8008 7452 7010 4355 1376 1498 5723 201 5667 7603 8256
201
8017 3107 7742 9994 9213 9778 954 9034 9263 8008 7452 7010 4355 1376 1498 5723 201 5667 7603 4671
201
False
8017 3107 7742 9994 9213 9778 954 9034 9263 8008 7452 7010 4355 1376 1498 5723 201 5667 7603 2196
False
201
23
1037
201
False
22
False
False
False
False
1658
1658
False
24
24
23
201
8017 3107 7742 9994 9213 9778 954 9034 9263 8008 7452 7010 4355 1376 1498 5723 201 5667 7603 4197 2742 2893 6241
2893
22
2893
22
201
False
False
201
False
8017 3107 7742 9994 9213 9778 954 9034 9263 8008 7452 7010 4355 1376 1498 5723 201 5667 7603 4197 2742 2893 6849 5544
201
8017 3107 7742 9994 9213 9778 954 9034 9263 8008 7452 7010 4355 1376 1498 5723 201 5667 7603 4197 2742 2893 6849 5544 1874
8017 3107 7742 9994 9213 9778 954 9034 9263 8008 7452 7010 4355 1376 1498 5723 201 5667 7603 4197 2742 2893 6849 5544
False
5544
False
8017 3107 7742 9994 9213 9778 954 9034 9263 8008 7452 7010 4355 1376 1498 5723 201 5667 7603 4197 2742 2893 6849 5544 2286 8675 9528
8017 3107 7742 9994 9213 9778 954 9034 9263 8008 7452 7010 4355 1376 1498 5723 201 5667 7603 4197 2742 2893 6849 5544 2286 8675
8017 3107 7742 9994 9213 9778 954 9034 9263 8008 7452 7010 4355 1376 1498 5723 201 5667 7603 4197 2742 2893 6849 5544 2286 8675
8675
False
201
201
False
8017 3107 7742 9994 9213 9778 954 9034 9263 8008 7452 7010 4355 1376 1498 5723 201 5667 7603 4197 2742 2893 6849 5544 2286 1883
False
201
False
201
False
False
201
False
8083
201
False
4030
8017 3107 7742 9994 9213 9778 954 9034 9263 8008 7452 7010 4355 1376 1498 5723 201 5667 7603 4197 2742 2893 6849 5544 2286 1883 8083 4030
28
False
False
False
29
30
201
8017 3107 7742 9994 9213 9778 954 9034 9263 8008 7452 7010 4355 1376 1498 5723 201 5667 7603 4197 2742 2893 6849 5544 2286 1883 8083 4030 8026 1751
8017 3107 7742 9994 9213 9778 954 9034 9263 8008 7452 7010 4355 1376 1498 5723 201 5667 7603 4197 2742 2893 6849 5544 2286 1883 8083 4030 8026 1751
False
8487
33
134
8017 3107 7742 9994 9213 9778 954 9034 9263 8008 7452 7010 4355 1376 1498 5723 201 5667 7603 4197 2742 2893 6849 5544 2286 1883 8083 4030 8026 1751 134 8487 7368
False
False
34
35
False
False
4890
4890
False
36
37
37
False
False
False
False
8017 3107 7742 9994 9213 9778 954 9034 9263 8008 7452 7010 4355 1376 1498 5723 201 5667 7603 4197 2742 2893 6849 5544 2286 1883 8083 4030 8026 1751 134 8487 7368 2788 4890 693 2436 4897
8017 3107 7742 9994 9213 9778 954 9034 9263 8008 7452 7010 4355 1376 1498 5723 201 5667 7603 4197 2742 2893 6849 5544 2286 1883 8083 4030 8026 1751 134 8487 7368 2788 4890 693 2436 9908
9908
38
38
134
False
8017 3107 7742 9994 9213 9778 954 9034 9263 8008 7452 7010 4355 1376 1498 5723 201 5667 7603 4197 2742 2893 6849 5544 2286 1883 8083 4030 8026 1751 134 8487 7368 2788 4890 693 2436
2436
2436
7122
False
False
39
False
693
False
36
134
5096
693
False
36
37
False
False
38
False
False
False
9722
6923
False
134
False
False
False
False
1515
False
134
False
42
134
8017 3107 7742 9994 9213 9778 954 9034 9263 8008 7452 7010 4355 1376 1498 5723 201 5667 7603 4197 2742 2893 6849 5544 2286 1883 8083 4030 8026 1751 134 8487 7368 2788 4890 7672 3351 9722 6923 4392 2708 1515
134
8017 3107 7742 9994 9213 9778 954 9034 9263 8008 7452 7010 4355 1376 1498 5723 201 5667 7603 4197 2742 2893 6849 5544 2286 1883 8083 4030 8026 1751 134 8487 7368 2788 4890 7672 3351 9722 6923 4392 2708 1515
1515
8017 3107 7742 9994 9213 9778 954 9034 9263 8008 7452 7010 4355 1376 1498 5723 201 5667 7603 4197 2742 2893 6849 5544 2286 1883 8083 4030 8026 1751 134 8487 7368 2788 4890 7672 3351 9722 6923 4392 2708 1515
134
8017 3107 7742 9994 9213 9778 954 9034 9263 8008 7452 7010 4355 1376 1498 5723 201 5667 7603 4197 2742 2893 6849 5544 2286 1883 8083 4030 8026 1751 134 8487 7368 2788 4890 7672 3351 9722 6923 4392 2708 4413
False
134
8017 3107 7742 9994 9213 9778 954 9034 9263 8008 7452 7010 4355 1376 1498 5723 201 5667 7603 4197 2742 2893 6849 5544 2286 1883 8083 4030 8026 1751 134 8487 7368 2788 4890 7672 3351 9722 6923 4392 2708 4413
False
8017 3107 7742 9994 9213 9778 954 9034 9263 8008 7452 7010 4355 1376 1498 5723 201 5667 7603 4197 2742 2893 6849 5544 2286 1883 8083 4030 8026 1751 134 8487 7368 2788 4890 7672 3351 9722 6923 4392 2708 4413 4803 6176 6351 2585 5460 8578
48
False
False
False
48
False
752
8017 3107 7742 9994 9213 9778 954 9034 9263 8008 7452 7010 4355 1376 1498 5723 201 5667 7603 4197 2742 2893 6849 5544 2286 1883 8083 4030 8026 1751 134 8487 7368 2788 4890 7672 3351 9722 6923 4392 2708 4413 4803 6176 6351 2585 5460
2549
1649
8017 3107 7742 9994 9213 9778 954 9034 9263 8008 7452 7010 4355 1376 1498 5723 201 5667 7603 4197 2742 2893 6849 5544 2286 1883 8083 4030 8026 1751 134 8487 7368 2788 4890 7672 3351 9722 6923 4392 2708 4413 4803 6176 6351 2585 5460 9083 2549
False
False
False
8017 3107 7742 9994 9213 9778 954 9034 9263 8008 7452 7010 4355 1376 1498 5723 201 5667 7603 4197 2742 2893 6849 5544 2286 1883 8083 4030 8026 1751 134 8487 7368 2788 4890 7672 3351 9722 6923 4392 2708 4413 4803 6176 6351 2585 5460 9083 2549 7064 4198
134
4198
49
50
1765
False
50
48
9083
47
47
46
6351
45
134
45
False
45
6176
False
False
134
8017 3107 7742 9994 9213 9778 954 9034 9263 8008 7452 7010 4355 1376 1498 5723 201 5667 7603 4197 2742 2893 6849 5544 2286 1883 8083 4030 8026 1751 134 8487 7368 2788 4890 7672 3351 9722 6923 4392 2708 4413 4803
134
False
41
False
8017 3107 7742 9994 9213 9778 954 9034 9263 8008 7452 7010 4355 1376 1498 5723 201 5667 7603 4197 2742 2893 6849 5544 2286 1883 8083 4030 8026 1751 134 8487 7368 2788 4890 7672 3351 9722 6923 4392 2473 2176
False
False
False
False
43
False
False
9734
134
2176
8017 3107 7742 9994 9213 9778 954 9034 9263 8008 7452 7010 4355 1376 1498 5723 201 5667 7603 4197 2742 2893 6849 5544 2286 1883 8083 4030 8026 1751 134 8487 7368 2788 4890 7672 3351 9722 6923 4392 2473 2176
False
43
6848
False
False
False
43
False
8017 3107 7742 9994 9213 9778 954 9034 9263 8008 7452 7010 4355 1376 1498 5723 201 5667 7603 4197 2742 2893 6849 5544 2286 1883 8083 4030 8026 1751 134 8487 7368 2788 4890 7672 3351 9722 6923 4392 2473 2176 1787
1787
False
3435
8017 3107 7742 9994 9213 9778 954 9034 9263 8008 7452 7010 4355 1376 1498 5723 201 5667 7603 4197 2742 2893 6849 5544 2286 1883 8083 4030 8026 1751 134 8487 7368 2788 4890 7672 3351 9722 6923 4392 2473 2176 1787 3435
False
8017 3107 7742 9994 9213 9778 954 9034 9263 8008 7452 7010 4355 1376 1498 5723 201 5667 7603 4197 2742 2893 6849 5544 2286 1883 8083 4030 8026 1751 134 8487 7368 2788 4890 7672 3351 9722 6923 4392 2473 2176 1787 3435 6572 7327
7327
False
134
2475
8017 3107 7742 9994 9213 9778 954 9034 9263 8008 7452 7010 4355 1376 1498 5723 201 5667 7603 4197 2742 2893 6849 5544 2286 1883 8083 4030 8026 1751 134 8487 7368 2788 4890 7672 3351 9722 6923 4392 2473 2176 1787 3435 6572 2475 3373
3967
False
7712
False
134
4645
False
False
134
134
8017 3107 7742 9994 9213 9778 954 9034 9263 8008 7452 7010 4355 1376 1498 5723 201 5667 7603 4197 2742 2893 6849 5544 2286 1883 8083 4030 8026 1751 134 8487 7368 2788 4890 7672 3351 9722 6923 4392 2473 2176 1787 3435 6572 2475 3373 1935 9938 4837 3967 1289 4645 5079 4032
8017 3107 7742 9994 9213 9778 954 9034 9263 8008 7452 7010 4355 1376 1498 5723 201 5667 7603 4197 2742 2893 6849 5544 2286 1883 8083 4030 8026 1751 134 8487 7368 2788 4890 7672 3351 9722 6923 4392 2473 2176 1787 3435 6572 2475 3373 1935 9938 4837 3967 1289 4645 5079 4032
55
False
False
55
8017 3107 7742 9994 9213 9778 954 9034 9263 8008 7452 7010 4355 1376 1498 5723 201 5667 7603 4197 2742 2893 6849 5544 2286 1883 8083 4030 8026 1751 134 8487 7368 2788 4890 7672 3351 9722 6923 4392 2473 2176 1787 3435 6572 2475 3373 1935 9938 4837 3967 1289 4645 5079 4032
4032
4032
8017 3107 7742 9994 9213 9778 954 9034 9263 8008 7452 7010 4355 1376 1498 5723 201 5667 7603 4197 2742 2893 6849 5544 2286 1883 8083 4030 8026 1751 134 8487 7368 2788 4890 7672 3351 9722 6923 4392 2473 2176 1787 3435 6572 2475 3373 1935 9938 4837 3967 1289 4645 5079 4032 1459
False
False
False
8017 3107 7742 9994 9213 9778 954 9034 9263 8008 7452 7010 4355 1376 1498 5723 201 5667 7603 4197 2742 2893 6849 5544 2286 1883 8083 4030 8026 1751 134 8487 7368 2788 4890 7672 3351 9722 6923 4392 2473 2176 1787 3435 6572 2475 3373 1935 9938 4837 3967 1289 4645 5079 379 1016
8017 3107 7742 9994 9213 9778 954 9034 9263 8008 7452 7010 4355 1376 1498 5723 201 5667 7603 4197 2742 2893 6849 5544 2286 1883 8083 4030 8026 1751 134 8487 7368 2788 4890 7672 3351 9722 6923 4392 2473 2176 1787 3435 6572 2475 3373 1935 9938 4837 3967 1289 4645 5079 379 1016
5079
266
False
54
54
8017 3107 7742 9994 9213 9778 954 9034 9263 8008 7452 7010 4355 1376 1498 5723 201 5667 7603 4197 2742 2893 6849 5544 2286 1883 8083 4030 8026 1751 134 8487 7368 2788 4890 7672 3351 9722 6923 4392 2473 2176 1787 3435 6572 2475 3373 1935 9938 4837 3967 1289 4645
4645
4645
134
54
54
134
False
False
8017 3107 7742 9994 9213 9778 954 9034 9263 8008 7452 7010 4355 1376 1498 5723 201 5667 7603 4197 2742 2893 6849 5544 2286 1883 8083 4030 8026 1751 134 8487 7368 2788 4890 7672 3351 9722 6923 4392 2473 2176 1787 3435 6572 2475 3373 1935 9938 4837 3967 1289 4645 9861
54
False
8017 3107 7742 9994 9213 9778 954 9034 9263 8008 7452 7010 4355 1376 1498 5723 201 5667 7603 4197 2742 2893 6849 5544 2286 1883 8083 4030 8026 1751 134 8487 7368 2788 4890 7672 3351 9722 6923 4392 2473 2176 1787 3435 6572 2475 3373 1935 9938 4837 3967 1289 4645 9861 5737 1494 9332
False
False
134
False
134
False
False
False
134
False
58
728
False
134
60
8933
134
8933
8933
8017 3107 7742 9994 9213 9778 954 9034 9263 8008 7452 7010 4355 1376 1498 5723 201 5667 7603 4197 2742 2893 6849 5544 2286 1883 8083 4030 8026 1751 134 8487 7368 2788 4890 7672 3351 9722 6923 4392 2473 2176 1787 3435 6572 2475 3373 1935 9938 4837 3967 1289 4645 9861 5737 1494 6853 728 7162 1232
60
False
134
728
False
58
8017 3107 7742 9994 9213 9778 954 9034 9263 8008 7452 7010 4355 1376 1498 5723 201 5667 7603 4197 2742 2893 6849 5544 2286 1883 8083 4030 8026 1751 134 8487 7368 2788 4890 7672 3351 9722 6923 4392 2473 2176 1787 3435 6572 2475 3373 1935 9938 4837 3967 1289 4645 9861 5737 1494 6853 3570
False
False
8017 3107 7742 9994 9213 9778 954 9034 9263 8008 7452 7010 4355 1376 1498 5723 201 5667 7603 4197 2742 2893 6849 5544 2286 1883 8083 4030 8026 1751 134 8487 7368 2788 4890 7672 3351 9722 6923 4392 2473 2176 1787 3435 6572 2475 3373 1935 9938 4837 3967 1289 4645 9861 5737 1494
False
1494
False
56
805
805
805
8017 3107 7742 9994 9213 9778 954 9034 9263 8008 7452 7010 4355 1376 1498 5723 201 5667 7603 4197 2742 2893 6849 5544 2286 1883 8083 4030 8026 1751 134 8487 7368 2788 4890 7672 3351 9722 6923 4392 2473 2176 1787 3435 6572 2475 3373 1935 9938 4837 3967 1289 4645 9861 5737 1494 805
8017 3107 7742 9994 9213 9778 954 9034 9263 8008 7452 7010 4355 1376 1498 5723 201 5667 7603 4197 2742 2893 6849 5544 2286 1883 8083 4030 8026 1751 134 8487 7368 2788 4890 7672 3351 9722 6923 4392 2473 2176 1787 3435 6572 2475 3373 1935 9938 4837 3967 1289 4645 9861 5737 1494 805
False
134
805
57
False
False
805
59
8017 3107 7742 9994 9213 9778 954 9034 9263 8008 7452 7010 4355 1376 1498 5723 201 5667 7603 4197 2742 2893 6849 5544 2286 1883 8083 4030 8026 1751 134 8487 7368 2788 4890 7672 3351 9722 6923 4392 2473 2176 1787 3435 6572 2475 3373 1935 9938 4837 3967 1289 4645 9861 5737 1494 805 7738 7253
5177
False
False
7303
61
8017 3107 7742 9994 9213 9778 954 9034 9263 8008 7452 7010 4355 1376 1498 5723 201 5667 7603 4197 2742 2893 6849 5544 2286 1883 8083 4030 8026 1751 134 8487 7368 2788 4890 7672 3351 9722 6923 4392 2473 2176 1787 3435 6572 2475 3373 1935 9938 4837 3967 1289 4645 9861 5737 1494 805 7738 7253 5177
134
False
False
8017 3107 7742 9994 9213 9778 954 9034 9263 8008 7452 7010 4355 1376 1498 5723 201 5667 7603 4197 2742 2893 6849 5544 2286 1883 8083 4030 8026 1751 134 8487 7368 2788 4890 7672 3351 9722 6923 4392 2473 2176 1787 3435 6572 2475 3373 1935 9938 4837 3967 1289 4645 9861 5737 1494 805
False
56
1494
8792
False
False
8017 3107 7742 9994 9213 9778 954 9034 9263 8008 7452 7010 4355 1376 1498 5723 201 5667 7603 4197 2742 2893 6849 5544 2286 1883 8083 4030 8026 1751 134 8487 7368 2788 4890 7672 3351 9722 6923 4392 2473 2176 1787 3435 6572 2475 3373 1935 9938 4837 3967 1289 4645 9861 5737 1494 9250
False
57
134
57
5087
False
134
134
8017 3107 7742 9994 9213 9778 954 9034 9263 8008 7452 7010 4355 1376 1498 5723 201 5667 7603 4197 2742 2893 6849 5544 2286 1883 8083 4030 8026 1751 134 8487 7368 2788 4890 7672 3351 9722 6923 4392 2473 2176 1787 3435 6572 2475 3373 1935 9938 4837 3967 1289 4645 9861 5737 3103 5087 9170 3130
59
59
59
False
False
False
1036
59
False
False
8017 3107 7742 9994 9213 9778 954 9034 9263 8008 7452 7010 4355 1376 1498 5723 201 5667 7603 4197 2742 2893 6849 5544 2286 1883 8083 4030 8026 1751 134 8487 7368 2788 4890 7672 3351 9722 6923 4392 2473 2176 1787 3435 6572 2475 3373 1935 9938 4837 3967 1289 4645 9861 5737 3103 5087 9170 3130 5378
False
60
134
False
60
False
134
False
False
8017 3107 7742 9994 9213 9778 954 9034 9263 8008 7452 7010 4355 1376 1498 5723 201 5667 7603 4197 2742 2893 6849 5544 2286 1883 8083 4030 8026 1751 134 8487 7368 2788 4890 7672 3351 9722 6923 4392 2473 2176 1787 3435 6572 2475 3373 1935 9938 4837 3967 1289 4645 9861 5737 3103 5087 9170
58
134
8017 3107 7742 9994 9213 9778 954 9034 9263 8008 7452 7010 4355 1376 1498 5723 201 5667 7603 4197 2742 2893 6849 5544 2286 1883 8083 4030 8026 1751 134 8487 7368 2788 4890 7672 3351 9722 6923 4392 2473 2176 1787 3435 6572 2475 3373 1935 9938 4837 3967 1289 4645 9861 5737 3103 5087 9170
False
9170
59
57
134
58
134
False
False
134
134
3770
57
8017 3107 7742 9994 9213 9778 954 9034 9263 8008 7452 7010 4355 1376 1498 5723 201 5667 7603 4197 2742 2893 6849 5544 2286 1883 8083 4030 8026 1751 134 8487 7368 2788 4890 7672 3351 9722 6923 4392 2473 2176 1787 3435 6572 2475 3373 1935 9938 4837 3967 1289 4645 9861 5737 3103 3770
134
8017 3107 7742 9994 9213 9778 954 9034 9263 8008 7452 7010 4355 1376 1498 5723 201 5667 7603 4197 2742 2893 6849 5544 2286 1883 8083 4030 8026 1751 134 8487 7368 2788 4890 7672 3351 9722 6923 4392 2473 2176 1787 3435 6572 2475 3373 1935 9938 4837 3967 1289 4645 9861 5737 3103 3770 5976
58
58
8017 3107 7742 9994 9213 9778 954 9034 9263 8008 7452 7010 4355 1376 1498 5723 201 5667 7603 4197 2742 2893 6849 5544 2286 1883 8083 4030 8026 1751 134 8487 7368 2788 4890 7672 3351 9722 6923 4392 2473 2176 1787 3435 6572 2475 3373 1935 9938 4837 3967 1289 4645 9861 5737 3103 3770
8017 3107 7742 9994 9213 9778 954 9034 9263 8008 7452 7010 4355 1376 1498 5723 201 5667 7603 4197 2742 2893 6849 5544 2286 1883 8083 4030 8026 1751 134 8487 7368 2788 4890 7672 3351 9722 6923 4392 2473 2176 1787 3435 6572 2475 3373 1935 9938 4837 3967 1289 4645 9861 5737 3103 3770
3770
134
5291
134
False
5291
134
134
8017 3107 7742 9994 9213 9778 954 9034 9263 8008 7452 7010 4355 1376 1498 5723 201 5667 7603 4197 2742 2893 6849 5544 2286 1883 8083 4030 8026 1751 134 8487 7368 2788 4890 7672 3351 9722 6923 4392 2473 2176 1787 3435 6572 2475 3373 1935 9938 4837 3967 1289 4645 9861 5737 3103 3770 5291
False
2307
8017 3107 7742 9994 9213 9778 954 9034 9263 8008 7452 7010 4355 1376 1498 5723 201 5667 7603 4197 2742 2893 6849 5544 2286 1883 8083 4030 8026 1751 134 8487 7368 2788 4890 7672 3351 9722 6923 4392 2473 2176 1787 3435 6572 2475 3373 1935 9938 4837 3967 1289 4645 9861 5737 3103 3770 2307 4239
8017 3107 7742 9994 9213 9778 954 9034 9263 8008 7452 7010 4355 1376 1498 5723 201 5667 7603 4197 2742 2893 6849 5544 2286 1883 8083 4030 8026 1751 134 8487 7368 2788 4890 7672 3351 9722 6923 4392 2473 2176 1787 3435 6572 2475 3373 1935 9938 4837 3967 1289 4645 9861 5737 3103 3770 2307 4239
4239
134
False
8017 3107 7742 9994 9213 9778 954 9034 9263 8008 7452 7010 4355 1376 1498 5723 201 5667 7603 4197 2742 2893 6849 5544 2286 1883 8083 4030 8026 1751 134 8487 7368 2788 4890 7672 3351 9722 6923 4392 2473 2176 1787 3435 6572 2475 3373 1935 9938 4837 3967 1289 4645 9861 5737 3103 3770
134
134
134
False
3350
False
8017 3107 7742 9994 9213 9778 954 9034 9263 8008 7452 7010 4355 1376 1498 5723 201 5667 7603 4197 2742 2893 6849 5544 2286 1883 8083 4030 8026 1751 134 8487 7368 2788 4890 7672 3351 9722 6923 4392 2473 2176 1787 3435 6572 2475 3373 1935 9938 4837 3967 1289 4645 9861 5737 3103 9084
134
58
8017 3107 7742 9994 9213 9778 954 9034 9263 8008 7452 7010 4355 1376 1498 5723 201 5667 7603 4197 2742 2893 6849 5544 2286 1883 8083 4030 8026 1751 134 8487 7368 2788 4890 7672 3351 9722 6923 4392 2473 2176 1787 3435 6572 2475 3373 1935 9938 4837 3967 1289 4645 9861 5737 3103 9084 5898
5898
False
134
8017 3107 7742 9994 9213 9778 954 9034 9263 8008 7452 7010 4355 1376 1498 5723 201 5667 7603 4197 2742 2893 6849 5544 2286 1883 8083 4030 8026 1751 134 8487 7368 2788 4890 7672 3351 9722 6923 4392 2473 2176 1787 3435 6572 2475 3373 1935 9938 4837 3967 1289 4645 9861 5737 3103 9084 5898 2942
5898
8017 3107 7742 9994 9213 9778 954 9034 9263 8008 7452 7010 4355 1376 1498 5723 201 5667 7603 4197 2742 2893 6849 5544 2286 1883 8083 4030 8026 1751 134 8487 7368 2788 4890 7672 3351 9722 6923 4392 2473 2176 1787 3435 6572 2475 3373 1935 9938 4837 3967 1289 4645 9861 5737 3103 9084 5898 9712 5345
False
134
8017 3107 7742 9994 9213 9778 954 9034 9263 8008 7452 7010 4355 1376 1498 5723 201 5667 7603 4197 2742 2893 6849 5544 2286 1883 8083 4030 8026 1751 134 8487 7368 2788 4890 7672 3351 9722 6923 4392 2473 2176 1787 3435 6572 2475 3373 1935 9938 4837 3967 1289 4645 9861 5737 3103 9084 5898 9712 5345 2621
False
False
60
134
60
61
1333
False
False
134
False
1333
134
False
8017 3107 7742 9994 9213 9778 954 9034 9263 8008 7452 7010 4355 1376 1498 5723 201 5667 7603 4197 2742 2893 6849 5544 2286 1883 8083 4030 8026 1751 134 8487 7368 2788 4890 7672 3351 9722 6923 4392 2473 2176 1787 3435 6572 2475 3373 1935 9938 4837 3967 1289 4645 9861 5737 3103 9084 5898 9712 5345 1333 4567 7637 9873
False
64
8017 3107 7742 9994 9213 9778 954 9034 9263 8008 7452 7010 4355 1376 1498 5723 201 5667 7603 4197 2742 2893 6849 5544 2286 1883 8083 4030 8026 1751 134 8487 7368 2788 4890 7672 3351 9722 6923 4392 2473 2176 1787 3435 6572 2475 3373 1935 9938 4837 3967 1289 4645 9861 5737 3103 9084 5898 9712 5345 1333 4567 7637 9873
64
False
False
False
False
False
False
False
61
False
61
134
134
False
False
False
False
8017 3107 7742 9994 9213 9778 954 9034 9263 8008 7452 7010 4355 1376 1498 5723 201 5667 7603 4197 2742 2893 6849 5544 2286 1883 8083 4030 8026 1751 134 8487 7368 2788 4890 7672 3351 9722 6923 4392 2473 2176 1787 3435 6572 2475 3373 1935 9938 4837 3967 1289 4645 9861 5737 3103 9084 5898
59
134
8017 3107 7742 9994 9213 9778 954 9034 9263 8008 7452 7010 4355 1376 1498 5723 201 5667 7603 4197 2742 2893 6849 5544 2286 1883 8083 4030 8026 1751 134 8487 7368 2788 4890 7672 3351 9722 6923 4392 2473 2176 1787 3435 6572 2475 3373 1935 9938 4837 3967 1289 4645 9861 5737 3103 9084 5898 6025 5281 7176
5281
8017 3107 7742 9994 9213 9778 954 9034 9263 8008 7452 7010 4355 1376 1498 5723 201 5667 7603 4197 2742 2893 6849 5544 2286 1883 8083 4030 8026 1751 134 8487 7368 2788 4890 7672 3351 9722 6923 4392 2473 2176 1787 3435 6572 2475 3373 1935 9938 4837 3967 1289 4645 9861 5737 3103 9084 5898 6025 9265
134
8017 3107 7742 9994 9213 9778 954 9034 9263 8008 7452 7010 4355 1376 1498 5723 201 5667 7603 4197 2742 2893 6849 5544 2286 1883 8083 4030 8026 1751 134 8487 7368 2788 4890 7672 3351 9722 6923 4392 2473 2176 1787 3435 6572 2475 3373 1935 9938 4837 3967 1289 4645 9861 5737 3103 9084 5898 6025 9265 6322
60
6025
8017 3107 7742 9994 9213 9778 954 9034 9263 8008 7452 7010 4355 1376 1498 5723 201 5667 7603 4197 2742 2893 6849 5544 2286 1883 8083 4030 8026 1751 134 8487 7368 2788 4890 7672 3351 9722 6923 4392 2473 2176 1787 3435 6572 2475 3373 1935 9938 4837 3967 1289 4645 9861 5737 3103 9084 5898
False
8017 3107 7742 9994 9213 9778 954 9034 9263 8008 7452 7010 4355 1376 1498 5723 201 5667 7603 4197 2742 2893 6849 5544 2286 1883 8083 4030 8026 1751 134 8487 7368 2788 4890 7672 3351 9722 6923 4392 2473 2176 1787 3435 6572 2475 3373 1935 9938 4837 3967 1289 4645 9861 5737 3103 9084
False
False
9084
8017 3107 7742 9994 9213 9778 954 9034 9263 8008 7452 7010 4355 1376 1498 5723 201 5667 7603 4197 2742 2893 6849 5544 2286 1883 8083 4030 8026 1751 134 8487 7368 2788 4890 7672 3351 9722 6923 4392 2473 2176 1787 3435 6572 2475 3373 1935 9938 4837 3967 1289 4645 9861 5737 3103 9084
134
False
8017 3107 7742 9994 9213 9778 954 9034 9263 8008 7452 7010 4355 1376 1498 5723 201 5667 7603 4197 2742 2893 6849 5544 2286 1883 8083 4030 8026 1751 134 8487 7368 2788 4890 7672 3351 9722 6923 4392 2473 2176 1787 3435 6572 2475 3373 1935 9938 4837 3967 1289 4645 9861 5737 3103 9084 9922
8017 3107 7742 9994 9213 9778 954 9034 9263 8008 7452 7010 4355 1376 1498 5723 201 5667 7603 4197 2742 2893 6849 5544 2286 1883 8083 4030 8026 1751 134 8487 7368 2788 4890 7672 3351 9722 6923 4392 2473 2176 1787 3435 6572 2475 3373 1935 9938 4837 3967 1289 4645 9861 5737 3103 9084 9922
134
8017 3107 7742 9994 9213 9778 954 9034 9263 8008 7452 7010 4355 1376 1498 5723 201 5667 7603 4197 2742 2893 6849 5544 2286 1883 8083 4030 8026 1751 134 8487 7368 2788 4890 7672 3351 9722 6923 4392 2473 2176 1787 3435 6572 2475 3373 1935 9938 4837 3967 1289 4645 9861 5737 3103 9084 9922 5566
False
8017 3107 7742 9994 9213 9778 954 9034 9263 8008 7452 7010 4355 1376 1498 5723 201 5667 7603 4197 2742 2893 6849 5544 2286 1883 8083 4030 8026 1751 134 8487 7368 2788 4890 7672 3351 9722 6923 4392 2473 2176 1787 3435 6572 2475 3373 1935 9938 4837 3967 1289 4645 9861 5737 3103 9084 9922 5566 4564
False
134
False
False
8017 3107 7742 9994 9213 9778 954 9034 9263 8008 7452 7010 4355 1376 1498 5723 201 5667 7603 4197 2742 2893 6849 5544 2286 1883 8083 4030 8026 1751 134 8487 7368 2788 4890 7672 3351 9722 6923 4392 2473 2176 1787 3435 6572 2475 3373 1935 9938 4837 3967 1289 4645 9861 5737 3103 9084 9922 5566 4564 8712 3358
8017 3107 7742 9994 9213 9778 954 9034 9263 8008 7452 7010 4355 1376 1498 5723 201 5667 7603 4197 2742 2893 6849 5544 2286 1883 8083 4030 8026 1751 134 8487 7368 2788 4890 7672 3351 9722 6923 4392 2473 2176 1787 3435 6572 2475 3373 1935 9938 4837 3967 1289 4645 9861 5737 3103 9084 9922 5566 4564 596
8017 3107 7742 9994 9213 9778 954 9034 9263 8008 7452 7010 4355 1376 1498 5723 201 5667 7603 4197 2742 2893 6849 5544 2286 1883 8083 4030 8026 1751 134 8487 7368 2788 4890 7672 3351 9722 6923 4392 2473 2176 1787 3435 6572 2475 3373 1935 9938 4837 3967 1289 4645 9861 5737 3103 9084 9922 5566 4564
4564
8017 3107 7742 9994 9213 9778 954 9034 9263 8008 7452 7010 4355 1376 1498 5723 201 5667 7603 4197 2742 2893 6849 5544 2286 1883 8083 4030 8026 1751 134 8487 7368 2788 4890 7672 3351 9722 6923 4392 2473 2176 1787 3435 6572 2475 3373 1935 9938 4837 3967 1289 4645 9861 5737 3103 9084 9922 5566 4564
False
134
60
59
5566
False
56
8017 3107 7742 9994 9213 9778 954 9034 9263 8008 7452 7010 4355 1376 1498 5723 201 5667 7603 4197 2742 2893 6849 5544 2286 1883 8083 4030 8026 1751 134 8487 7368 2788 4890 7672 3351 9722 6923 4392 2473 2176 1787 3435 6572 2475 3373 1935 9938 4837 3967 1289 4645 9861 5737
5737
134
8017 3107 7742 9994 9213 9778 954 9034 9263 8008 7452 7010 4355 1376 1498 5723 201 5667 7603 4197 2742 2893 6849 5544 2286 1883 8083 4030 8026 1751 134 8487 7368 2788 4890 7672 3351 9722 6923 4392 2473 2176 1787 3435 6572 2475 3373 1935 9938 4837 3967 1289 4645 9861 5737
False
9861
False
False
8017 3107 7742 9994 9213 9778 954 9034 9263 8008 7452 7010 4355 1376 1498 5723 201 5667 7603 4197 2742 2893 6849 5544 2286 1883 8083 4030 8026 1751 134 8487 7368 2788 4890 7672 3351 9722 6923 4392 2473 2176 1787 3435 6572 2475 3373 1935 9938 4837 3967 1289 4645 9861
134
False
134
54
134
134
False
134
53
4460
False
False
53
134
False
8017 3107 7742 9994 9213 9778 954 9034 9263 8008 7452 7010 4355 1376 1498 5723 201 5667 7603 4197 2742 2893 6849 5544 2286 1883 8083 4030 8026 1751 134 8487 7368 2788 4890 7672 3351 9722 6923 4392 2473 2176 1787 3435 6572 2475 3373 1935 9938 4837 3967 2632 4460
2632
8017 3107 7742 9994 9213 9778 954 9034 9263 8008 7452 7010 4355 1376 1498 5723 201 5667 7603 4197 2742 2893 6849 5544 2286 1883 8083 4030 8026 1751 134 8487 7368 2788 4890 7672 3351 9722 6923 4392 2473 2176 1787 3435 6572 2475 3373 1935 9938 4837 3967 2632
8017 3107 7742 9994 9213 9778 954 9034 9263 8008 7452 7010 4355 1376 1498 5723 201 5667 7603 4197 2742 2893 6849 5544 2286 1883 8083 4030 8026 1751 134 8487 7368 2788 4890 7672 3351 9722 6923 4392 2473 2176 1787 3435 6572 2475 3373 1935 9938 4837 3967 2632
8017 3107 7742 9994 9213 9778 954 9034 9263 8008 7452 7010 4355 1376 1498 5723 201 5667 7603 4197 2742 2893 6849 5544 2286 1883 8083 4030 8026 1751 134 8487 7368 2788 4890 7672 3351 9722 6923 4392 2473 2176 1787 3435 6572 2475 3373 1935 9938 4837 3967 2632
False
134
8017 3107 7742 9994 9213 9778 954 9034 9263 8008 7452 7010 4355 1376 1498 5723 201 5667 7603 4197 2742 2893 6849 5544 2286 1883 8083 4030 8026 1751 134 8487 7368 2788 4890 7672 3351 9722 6923 4392 2473 2176 1787 3435 6572 2475 3373 1935 9938 4837
False
134
9938
False
8017 3107 7742 9994 9213 9778 954 9034 9263 8008 7452 7010 4355 1376 1498 5723 201 5667 7603 4197 2742 2893 6849 5544 2286 1883 8083 4030 8026 1751 134 8487 7368 2788 4890 7672 3351 9722 6923 4392 2473 2176 1787 3435 6572 2475 3373 1935 9938
False
False
8017 3107 7742 9994 9213 9778 954 9034 9263 8008 7452 7010 4355 1376 1498 5723 201 5667 7603 4197 2742 2893 6849 5544 2286 1883 8083 4030 8026 1751 134 8487 7368 2788 4890 7672 3351 9722 6923 4392 2473 2176 1787 3435 6572 2475 3373 1935 9938 9996
False
2741
2741
2741
False
2741
49
47
False
8017 3107 7742 9994 9213 9778 954 9034 9263 8008 7452 7010 4355 1376 1498 5723 201 5667 7603 4197 2742 2893 6849 5544 2286 1883 8083 4030 8026 1751 134 8487 7368 2788 4890 7672 3351 9722 6923 4392 2473 2176 1787 3435 6572 2475
134
3435
False
False
134
False
1787
8017 3107 7742 9994 9213 9778 954 9034 9263 8008 7452 7010 4355 1376 1498 5723 201 5667 7603 4197 2742 2893 6849 5544 2286 1883 8083 4030 8026 1751 134 8487 7368 2788 4890 7672 3351 9722 6923 4392 2473 2176 1787 3144 8910
False
134
3144
False
3773
False
False
8017 3107 7742 9994 9213 9778 954 9034 9263 8008 7452 7010 4355 1376 1498 5723 201 5667 7603 4197 2742 2893 6849 5544 2286 1883 8083 4030 8026 1751 134 8487 7368 2788 4890 7672 3351 9722 6923 4392 2473 2176 1787 3144 3777 3773 7366
47
7024
8017 3107 7742 9994 9213 9778 954 9034 9263 8008 7452 7010 4355 1376 1498 5723 201 5667 7603 4197 2742 2893 6849 5544 2286 1883 8083 4030 8026 1751 134 8487 7368 2788 4890 7672 3351 9722 6923 4392 2473 2176 1787 3144 3777 3773 7366 7024
False
49
134
False
False
134
8017 3107 7742 9994 9213 9778 954 9034 9263 8008 7452 7010 4355 1376 1498 5723 201 5667 7603 4197 2742 2893 6849 5544 2286 1883 8083 4030 8026 1751 134 8487 7368 2788 4890 7672 3351 9722 6923 4392 2473 2176 1787 3144 3777 3773 7366 7024
7024
134
2441
2441
8017 3107 7742 9994 9213 9778 954 9034 9263 8008 7452 7010 4355 1376 1498 5723 201 5667 7603 4197 2742 2893 6849 5544 2286 1883 8083 4030 8026 1751 134 8487 7368 2788 4890 7672 3351 9722 6923 4392 2473 2176 1787 3144 3777 3773 7366 7024 2441
49
134
49
False
False
False
50
134
134
8017 3107 7742 9994 9213 9778 954 9034 9263 8008 7452 7010 4355 1376 1498 5723 201 5667 7603 4197 2742 2893 6849 5544 2286 1883 8083 4030 8026 1751 134 8487 7368 2788 4890 7672 3351 9722 6923 4392 2473 2176 1787 3144 3777 3773 7366 7024 3607 1198 4586
51
51
False
False
False
False
False
False
False
48
134
8017 3107 7742 9994 9213 9778 954 9034 9263 8008 7452 7010 4355 1376 1498 5723 201 5667 7603 4197 2742 2893 6849 5544 2286 1883 8083 4030 8026 1751 134 8487 7368 2788 4890 7672 3351 9722 6923 4392 2473 2176 1787 3144 3777 3773 7382 9805
47
8017 3107 7742 9994 9213 9778 954 9034 9263 8008 7452 7010 4355 1376 1498 5723 201 5667 7603 4197 2742 2893 6849 5544 2286 1883 8083 4030 8026 1751 134 8487 7368 2788 4890 7672 3351 9722 6923 4392 2473 2176 1787 3144 3777 3773 7382 6797
134
50
7056
134
False
8017 3107 7742 9994 9213 9778 954 9034 9263 8008 7452 7010 4355 1376 1498 5723 201 5667 7603 4197 2742 2893 6849 5544 2286 1883 8083 4030 8026 1751 134 8487 7368 2788 4890 7672 3351 9722 6923 4392 2473 2176 1787 3144 3777 3773 7382
45
46
43
8017 3107 7742 9994 9213 9778 954 9034 9263 8008 7452 7010 4355 1376 1498 5723 201 5667 7603 4197 2742 2893 6849 5544 2286 1883 8083 4030 8026 1751 134 8487 7368 2788 4890 7672 3351 9722 6923 4392 2473 2176 1787
False
1787
False
2473
8017 3107 7742 9994 9213 9778 954 9034 9263 8008 7452 7010 4355 1376 1498 5723 201 5667 7603 4197 2742 2893 6849 5544 2286 1883 8083 4030 8026 1751 134 8487 7368 2788 4890 7672 3351 9722 6923 4392 2473
41
41
False
134
40
134
False
9930
False
3776
False
134
False
5078
False
5078
44
5078
43
7036
False
8017 3107 7742 9994 9213 9778 954 9034 9263 8008 7452 7010 4355 1376 1498 5723 201 5667 7603 4197 2742 2893 6849 5544 2286 1883 8083 4030 8026 1751 134 8487 7368 2788 4890 7672 3351 9722 6923 4392 2785 3228
8017 3107 7742 9994 9213 9778 954 9034 9263 8008 7452 7010 4355 1376 1498 5723 201 5667 7603 4197 2742 2893 6849 5544 2286 1883 8083 4030 8026 1751 134 8487 7368 2788 4890 7672 3351 9722 6923 4392
False
134
False
39
6923
6923
False
False
37
8017 3107 7742 9994 9213 9778 954 9034 9263 8008 7452 7010 4355 1376 1498 5723 201 5667 7603 4197 2742 2893 6849 5544 2286 1883 8083 4030 8026 1751 134 8487 7368 2788 4890 7672 3351
37
False
134
7672
False
False
False
4635
134
4890
36
38
134
8017 3107 7742 9994 9213 9778 954 9034 9263 8008 7452 7010 4355 1376 1498 5723 201 5667 7603 4197 2742 2893 6849 5544 2286 1883 8083 4030 8026 1751 134 8487 7368 2788 4890 6683 6262 2901
4890
134
False
False
False
134
False
False
36
6316
8017 3107 7742 9994 9213 9778 954 9034 9263 8008 7452 7010 4355 1376 1498 5723 201 5667 7603 4197 2742 2893 6849 5544 2286 1883 8083 4030 8026 1751 134 8487 7368 2788 4890 6316 8914
134
False
134
134
8871
8017 3107 7742 9994 9213 9778 954 9034 9263 8008 7452 7010 4355 1376 1498 5723 201 5667 7603 4197 2742 2893 6849 5544 2286 1883 8083 4030 8026 1751 134 8487 7368 2788
4130
8017 3107 7742 9994 9213 9778 954 9034 9263 8008 7452 7010 4355 1376 1498 5723 201 5667 7603 4197 2742 2893 6849 5544 2286 1883 8083 4030 8026 1751 134 8487 7368 2788 4130 8211
8211
False
134
8017 3107 7742 9994 9213 9778 954 9034 9263 8008 7452 7010 4355 1376 1498 5723 201 5667 7603 4197 2742 2893 6849 5544 2286 1883 8083 4030 8026 1751 134 8487 7368 2788 4130 8211
8211
False
36
False
8017 3107 7742 9994 9213 9778 954 9034 9263 8008 7452 7010 4355 1376 1498 5723 201 5667 7603 4197 2742 2893 6849 5544 2286 1883 8083 4030 8026 1751 134 8487 7368 2788 4130 8211
8017 3107 7742 9994 9213 9778 954 9034 9263 8008 7452 7010 4355 1376 1498 5723 201 5667 7603 4197 2742 2893 6849 5544 2286 1883 8083 4030 8026 1751 134 8487 7368 2788 4130 8211
False
36
8211
False
35
False
35
134
8017 3107 7742 9994 9213 9778 954 9034 9263 8008 7452 7010 4355 1376 1498 5723 201 5667 7603 4197 2742 2893 6849 5544 2286 1883 8083 4030 8026 1751 134 8487 7368 2788 4130
False
35
8017 3107 7742 9994 9213 9778 954 9034 9263 8008 7452 7010 4355 1376 1498 5723 201 5667 7603 4197 2742 2893 6849 5544 2286 1883 8083 4030 8026 1751 134 8487 7368 2788 4130
8017 3107 7742 9994 9213 9778 954 9034 9263 8008 7452 7010 4355 1376 1498 5723 201 5667 7603 4197 2742 2893 6849 5544 2286 1883 8083 4030 8026 1751 134 8487 7368 2788
2788
8017 3107 7742 9994 9213 9778 954 9034 9263 8008 7452 7010 4355 1376 1498 5723 201 5667 7603 4197 2742 2893 6849 5544 2286 1883 8083 4030 8026 1751 134 8487 7368 2788 8171
8171
False
2788
7368
7368
False
8487
134
134
8487
False
False
False
False
8017 3107 7742 9994 9213 9778 954 9034 9263 8008 7452 7010 4355 1376 1498 5723 201 5667 7603 4197 2742 2893 6849 5544 2286 1883 8083 4030 8026 1751 7068 753 7485
6011
201
201
7485
201
201
False
False
8017 3107 7742 9994 9213 9778 954 9034 9263 8008 7452 7010 4355 1376 1498 5723 201 5667 7603 4197 2742 2893 6849 5544 2286 1883 8083 4030 8026 1751 7068 753 7485
False
False
159
159
305
159
False
36
38
8017 3107 7742 9994 9213 9778 954 9034 9263 8008 7452 7010 4355 1376 1498 5723 201 5667 7603 4197 2742 2893 6849 5544 2286 1883 8083 4030 8026 9031 5266 159 1107 3845 6768 992 1236 2210
8017 3107 7742 9994 9213 9778 954 9034 9263 8008 7452 7010 4355 1376 1498 5723 201 5667 7603 4197 2742 2893 6849 5544 2286 1883 8083 4030 8026 9031 5266 159 1107 3845 6768 992 1236 9015
9015
159
8017 3107 7742 9994 9213 9778 954 9034 9263 8008 7452 7010 4355 1376 1498 5723 201 5667 7603 4197 2742 2893 6849 5544 2286 1883 8083 4030 8026 9031 5266 159 1107 3845 6768
8017 3107 7742 9994 9213 9778 954 9034 9263 8008 7452 7010 4355 1376 1498 5723 201 5667 7603 4197 2742 2893 6849 5544 2286 1883 8083 4030 8026 9031 5266 159 1107 3845 6768
159
False
35
False
8017 3107 7742 9994 9213 9778 954 9034 9263 8008 7452 7010 4355 1376 1498 5723 201 5667 7603 4197 2742 2893 6849 5544 2286 1883 8083 4030 8026 9031 5266 159 1107 3845 6768 5180
False
8017 3107 7742 9994 9213 9778 954 9034 9263 8008 7452 7010 4355 1376 1498 5723 201 5667 7603 4197 2742 2893 6849 5544 2286 1883 8083 4030 8026 9031 5266 159 1107 3845 6768 5180
False
5180
6768
159
2570
3193
False
8017 3107 7742 9994 9213 9778 954 9034 9263 8008 7452 7010 4355 1376 1498 5723 201 5667 7603 4197 2742 2893 6849 5544 2286 1883 8083 4030 8026 9031 5266 159 1107 3845 2926 2570 439 3193
8017 3107 7742 9994 9213 9778 954 9034 9263 8008 7452 7010 4355 1376 1498 5723 201 5667 7603 4197 2742 2893 6849 5544 2286 1883 8083 4030 8026 9031 5266 159 1107 3845 2926 2570 439 3193 3262
False
8847
41
False
159
40
False
False
40
False
False
39
2926
3845
8017 3107 7742 9994 9213 9778 954 9034 9263 8008 7452 7010 4355 1376 1498 5723 201 5667 7603 4197 2742 2893 6849 5544 2286 1883 8083 4030 8026 9031 5266 159 1107 3845
False
159
False
1107
False
33
False
8017 3107 7742 9994 9213 9778 954 9034 9263 8008 7452 7010 4355 1376 1498 5723 201 5667 7603 4197 2742 2893 6849 5544 2286 1883 8083 4030 8026 9031 5266 159 2593 6217
False
2593
33
35
8017 3107 7742 9994 9213 9778 954 9034 9263 8008 7452 7010 4355 1376 1498 5723 201 5667 7603 4197 2742 2893 6849 5544 2286 1883 8083 4030 8026 9031 5266 159 2593 7046
7046
False
33
False
False
159
159
9077
False
35
8017 3107 7742 9994 9213 9778 954 9034 9263 8008 7452 7010 4355 1376 1498 5723 201 5667 7603 4197 2742 2893 6849 5544 2286 1883 8083 4030 8026 9031 5266 159 2593 3043 9077
159
587
8017 3107 7742 9994 9213 9778 954 9034 9263 8008 7452 7010 4355 1376 1498 5723 201 5667 7603 4197 2742 2893 6849 5544 2286 1883 8083 4030 8026 9031 5266 159 2593 3043 9077 587
False
8017 3107 7742 9994 9213 9778 954 9034 9263 8008 7452 7010 4355 1376 1498 5723 201 5667 7603 4197 2742 2893 6849 5544 2286 1883 8083 4030 8026 9031 5266 159 2593 3043 9077 587
9077
False
8989
6398
False
8017 3107 7742 9994 9213 9778 954 9034 9263 8008 7452 7010 4355 1376 1498 5723 201 5667 7603 4197 2742 2893 6849 5544 2286 1883 8083 4030 8026 9031 5266 159 2593 3043 9077 6398
False
9077
False
7939
False
3043
False
False
8017 3107 7742 9994 9213 9778 954 9034 9263 8008 7452 7010 4355 1376 1498 5723 201 5667 7603 4197 2742 2893 6849 5544 2286 1883 8083 4030 8026 9031 5266 159 2593 3043 3279
159
35
34
159
False
8017 3107 7742 9994 9213 9778 954 9034 9263 8008 7452 7010 4355 1376 1498 5723 201 5667 7603 4197 2742 2893 6849 5544 2286 1883 8083 4030 8026 9031 5266 159 2593 1663
False
8017 3107 7742 9994 9213 9778 954 9034 9263 8008 7452 7010 4355 1376 1498 5723 201 5667 7603 4197 2742 2893 6849 5544 2286 1883 8083 4030 8026 9031 5266 159 2593 8510 5267
159
35
159
35
5267
4753
False
159
False
False
4821
False
False
43
False
159
9301
False
159
False
41
False
8017 3107 7742 9994 9213 9778 954 9034 9263 8008 7452 7010 4355 1376 1498 5723 201 5667 7603 4197 2742 2893 6849 5544 2286 1883 8083 4030 8026 9031 5266 159 2593 8510 5267 4753 3441 182 4821
8017 3107 7742 9994 9213 9778 954 9034 9263 8008 7452 7010 4355 1376 1498 5723 201 5667 7603 4197 2742 2893 6849 5544 2286 1883 8083 4030 8026 9031 5266 159 2593 8510 5267 4753 3441 182 4821
4821
8017 3107 7742 9994 9213 9778 954 9034 9263 8008 7452 7010 4355 1376 1498 5723 201 5667 7603 4197 2742 2893 6849 5544 2286 1883 8083 4030 8026 9031 5266 159 2593 8510 5267 4753 3441 182 4821
8017 3107 7742 9994 9213 9778 954 9034 9263 8008 7452 7010 4355 1376 1498 5723 201 5667 7603 4197 2742 2893 6849 5544 2286 1883 8083 4030 8026 9031 5266 159 2593 8510 5267 4753 3441 182 4821
8017 3107 7742 9994 9213 9778 954 9034 9263 8008 7452 7010 4355 1376 1498 5723 201 5667 7603 4197 2742 2893 6849 5544 2286 1883 8083 4030 8026 9031 5266 159 2593 8510 5267 4753 3441 182 4821
40
8017 3107 7742 9994 9213 9778 954 9034 9263 8008 7452 7010 4355 1376 1498 5723 201 5667 7603 4197 2742 2893 6849 5544 2286 1883 8083 4030 8026 9031 5266 159 2593 8510 5267 4753 3441 182 4821 283 7779 1105
1105
False
False
False
159
9882
False
False
False
42
False
159
8017 3107 7742 9994 9213 9778 954 9034 9263 8008 7452 7010 4355 1376 1498 5723 201 5667 7603 4197 2742 2893 6849 5544 2286 1883 8083 4030 8026 9031 5266 159 2593 8510 5267 4753 3441 182 4821 283 9882 6242 6554
159
44
4952
44
False
159
159
False
159
8017 3107 7742 9994 9213 9778 954 9034 9263 8008 7452 7010 4355 1376 1498 5723 201 5667 7603 4197 2742 2893 6849 5544 2286 1883 8083 4030 8026 9031 5266 159 2593 8510 5267 4753 3441 182 4821 283 9882
False
8017 3107 7742 9994 9213 9778 954 9034 9263 8008 7452 7010 4355 1376 1498 5723 201 5667 7603 4197 2742 2893 6849 5544 2286 1883 8083 4030 8026 9031 5266 159 2593 8510 5267 4753 3441 182 4821 283 9882
9882
8017 3107 7742 9994 9213 9778 954 9034 9263 8008 7452 7010 4355 1376 1498 5723 201 5667 7603 4197 2742 2893 6849 5544 2286 1883 8083 4030 8026 9031 5266 159 2593 8510 5267 4753 3441 182 4821 283 9882 8354
159
9882
40
40
False
8017 3107 7742 9994 9213 9778 954 9034 9263 8008 7452 7010 4355 1376 1498 5723 201 5667 7603 4197 2742 2893 6849 5544 2286 1883 8083 4030 8026 9031 5266 159 2593 8510 5267 4753 3441 182 4821
39
4821
39
40
40
False
40
159
False
8017 3107 7742 9994 9213 9778 954 9034 9263 8008 7452 7010 4355 1376 1498 5723 201 5667 7603 4197 2742 2893 6849 5544 2286 1883 8083 4030 8026 9031 5266 159 2593 8510 5267 4753 3441 182 4821 4203
40
False
False
8017 3107 7742 9994 9213 9778 954 9034 9263 8008 7452 7010 4355 1376 1498 5723 201 5667 7603 4197 2742 2893 6849 5544 2286 1883 8083 4030 8026 9031 5266 159 2593 8510 5267 4753 3441 182 4821 4203 1370 5495 749 9020
False
False
8017 3107 7742 9994 9213 9778 954 9034 9263 8008 7452 7010 4355 1376 1498 5723 201 5667 7603 4197 2742 2893 6849 5544 2286 1883 8083 4030 8026 9031 5266 159 2593 8510 5267 4753 3441 182 4821 4203 1370 5495 749 9020
False
False
8017 3107 7742 9994 9213 9778 954 9034 9263 8008 7452 7010 4355 1376 1498 5723 201 5667 7603 4197 2742 2893 6849 5544 2286 1883 8083 4030 8026 9031 5266 159 2593 8510 5267 4753 3441 182 4821 4203 1370 5495 749 8034
44
False
8017 3107 7742 9994 9213 9778 954 9034 9263 8008 7452 7010 4355 1376 1498 5723 201 5667 7603 4197 2742 2893 6849 5544 2286 1883 8083 4030 8026 9031 5266 159 2593 8510 5267 4753 3441 182 4821 4203 1370 5495 9675 9540
159
8017 3107 7742 9994 9213 9778 954 9034 9263 8008 7452 7010 4355 1376 1498 5723 201 5667 7603 4197 2742 2893 6849 5544 2286 1883 8083 4030 8026 9031 5266 159 2593 8510 5267 4753 3441 182 4821 4203 1370 5495 9675 9540
43
44
159
8017 3107 7742 9994 9213 9778 954 9034 9263 8008 7452 7010 4355 1376 1498 5723 201 5667 7603 4197 2742 2893 6849 5544 2286 1883 8083 4030 8026 9031 5266 159 2593 8510 5267 4753 3441 182 4821 4203 1370 5495 9675 5797 7927
False
False
7722
159
1729
False
False
2212
False
49
False
2212
8017 3107 7742 9994 9213 9778 954 9034 9263 8008 7452 7010 4355 1376 1498 5723 201 5667 7603 4197 2742 2893 6849 5544 2286 1883 8083 4030 8026 9031 5266 159 2593 8510 5267 4753 3441 182 4821 4203 1370 5495 9675 5797 7927 9265 8647 1729 2212
False
8017 3107 7742 9994 9213 9778 954 9034 9263 8008 7452 7010 4355 1376 1498 5723 201 5667 7603 4197 2742 2893 6849 5544 2286 1883 8083 4030 8026 9031 5266 159 2593 8510 5267 4753 3441 182 4821 4203 1370 5495 9675 5797 7927 9265 8647 1729 2212 6584
8017 3107 7742 9994 9213 9778 954 9034 9263 8008 7452 7010 4355 1376 1498 5723 201 5667 7603 4197 2742 2893 6849 5544 2286 1883 8083 4030 8026 9031 5266 159 2593 8510 5267 4753 3441 182 4821 4203 1370 5495 9675 5797 7927 9265 8647 1729 2212 6584 548
8017 3107 7742 9994 9213 9778 954 9034 9263 8008 7452 7010 4355 1376 1498 5723 201 5667 7603 4197 2742 2893 6849 5544 2286 1883 8083 4030 8026 9031 5266 159 2593 8510 5267 4753 3441 182 4821 4203 1370 5495 9675 5797 7927 9265 8647 1729 2212 6584 548
False
548
False
548
False
159
108
53
121
False
False
False
108
False
548
548
159
8017 3107 7742 9994 9213 9778 954 9034 9263 8008 7452 7010 4355 1376 1498 5723 201 5667 7603 4197 2742 2893 6849 5544 2286 1883 8083 4030 8026 9031 5266 159 2593 8510 5267 4753 3441 182 4821 4203 1370 5495 9675 5797 7927 9265 8647 1729 2212 6584
False
8017 3107 7742 9994 9213 9778 954 9034 9263 8008 7452 7010 4355 1376 1498 5723 201 5667 7603 4197 2742 2893 6849 5544 2286 1883 8083 4030 8026 9031 5266 159 2593 8510 5267 4753 3441 182 4821 4203 1370 5495 9675 5797 7927 9265 8647 1729 2212 6584
False
51
8017 3107 7742 9994 9213 9778 954 9034 9263 8008 7452 7010 4355 1376 1498 5723 201 5667 7603 4197 2742 2893 6849 5544 2286 1883 8083 4030 8026 9031 5266 159 2593 8510 5267 4753 3441 182 4821 4203 1370 5495 9675 5797 7927 9265 8647 1729 2212 6584 6378 8173
8173
159
False
8017 3107 7742 9994 9213 9778 954 9034 9263 8008 7452 7010 4355 1376 1498 5723 201 5667 7603 4197 2742 2893 6849 5544 2286 1883 8083 4030 8026 9031 5266 159 2593 8510 5267 4753 3441 182 4821 4203 1370 5495 9675 5797 7927 9265 8647 1729 2212 6584 6378 8173 3376 6792
False
54
55
8017 3107 7742 9994 9213 9778 954 9034 9263 8008 7452 7010 4355 1376 1498 5723 201 5667 7603 4197 2742 2893 6849 5544 2286 1883 8083 4030 8026 9031 5266 159 2593 8510 5267 4753 3441 182 4821 4203 1370 5495 9675 5797 7927 9265 8647 1729 2212 6584 6378 8173 3376 6792 5569
8017 3107 7742 9994 9213 9778 954 9034 9263 8008 7452 7010 4355 1376 1498 5723 201 5667 7603 4197 2742 2893 6849 5544 2286 1883 8083 4030 8026 9031 5266 159 2593 8510 5267 4753 3441 182 4821 4203 1370 5495 9675 5797 7927 9265 8647 1729 2212 6584 6378 8173 3376 6792 5569
55
False
False
159
54
False
False
False
54
2311
54
2311
159
54
False
54
8017 3107 7742 9994 9213 9778 954 9034 9263 8008 7452 7010 4355 1376 1498 5723 201 5667 7603 4197 2742 2893 6849 5544 2286 1883 8083 4030 8026 9031 5266 159 2593 8510 5267 4753 3441 182 4821 4203 1370 5495 9675 5797 7927 9265 8647 1729 2212 6584 6378 8173 3376 2311
9081
False
8017 3107 7742 9994 9213 9778 954 9034 9263 8008 7452 7010 4355 1376 1498 5723 201 5667 7603 4197 2742 2893 6849 5544 2286 1883 8083 4030 8026 9031 5266 159 2593 8510 5267 4753 3441 182 4821 4203 1370 5495 9675 5797 7927 9265 8647 1729 2212 6584 6378 8173 3376 1505
4001
False
56
False
159
4001
4001
9938
False
56
159
8017 3107 7742 9994 9213 9778 954 9034 9263 8008 7452 7010 4355 1376 1498 5723 201 5667 7603 4197 2742 2893 6849 5544 2286 1883 8083 4030 8026 9031 5266 159 2593 8510 5267 4753 3441 182 4821 4203 1370 5495 9675 5797 7927 9265 8647 1729 2212 6584 6378 8173 3376 1505 4001
False
False
False
54
8017 3107 7742 9994 9213 9778 954 9034 9263 8008 7452 7010 4355 1376 1498 5723 201 5667 7603 4197 2742 2893 6849 5544 2286 1883 8083 4030 8026 9031 5266 159 2593 8510 5267 4753 3441 182 4821 4203 1370 5495 9675 5797 7927 9265 8647 1729 2212 6584 6378 8173 3376
159
False
8017 3107 7742 9994 9213 9778 954 9034 9263 8008 7452 7010 4355 1376 1498 5723 201 5667 7603 4197 2742 2893 6849 5544 2286 1883 8083 4030 8026 9031 5266 159 2593 8510 5267 4753 3441 182 4821 4203 1370 5495 9675 5797 7927 9265 8647 1729 2212 6584 6378 8173 3376
8017 3107 7742 9994 9213 9778 954 9034 9263 8008 7452 7010 4355 1376 1498 5723 201 5667 7603 4197 2742 2893 6849 5544 2286 1883 8083 4030 8026 9031 5266 159 2593 8510 5267 4753 3441 182 4821 4203 1370 5495 9675 5797 7927 9265 8647 1729 2212 6584 6378 8173 3376 6783
6783
54
False
54
2749
False
False
2749
False
False
False
159
159
False
False
False
159
1329
59
159
8017 3107 7742 9994 9213 9778 954 9034 9263 8008 7452 7010 4355 1376 1498 5723 201 5667 7603 4197 2742 2893 6849 5544 2286 1883 8083 4030 8026 9031 5266 159 2593 8510 5267 4753 3441 182 4821 4203 1370 5495 9675 5797 7927 9265 8647 1729 2212 6584 6378 8173 3376 6783 2749 8409 6078 1512 1976 3218 1501
1501
8017 3107 7742 9994 9213 9778 954 9034 9263 8008 7452 7010 4355 1376 1498 5723 201 5667 7603 4197 2742 2893 6849 5544 2286 1883 8083 4030 8026 9031 5266 159 2593 8510 5267 4753 3441 182 4821 4203 1370 5495 9675 5797 7927 9265 8647 1729 2212 6584 6378 8173 3376 6783 2749 8409 6078 1512 1976 3218 1501
3590
3590
2555
159
3717
3717
False
False
False
64
8017 3107 7742 9994 9213 9778 954 9034 9263 8008 7452 7010 4355 1376 1498 5723 201 5667 7603 4197 2742 2893 6849 5544 2286 1883 8083 4030 8026 9031 5266 159 2593 8510 5267 4753 3441 182 4821 4203 1370 5495 9675 5797 7927 9265 8647 1729 2212 6584 6378 8173 3376 6783 2749 8409 6078 1512 1976 3218 1501 284 9395 8744
8017 3107 7742 9994 9213 9778 954 9034 9263 8008 7452 7010 4355 1376 1498 5723 201 5667 7603 4197 2742 2893 6849 5544 2286 1883 8083 4030 8026 9031 5266 159 2593 8510 5267 4753 3441 182 4821 4203 1370 5495 9675 5797 7927 9265 8647 1729 2212 6584 6378 8173 3376 6783 2749 8409 6078 1512 1976 3218 1501 284 9395 8744
64
False
1715
8017 3107 7742 9994 9213 9778 954 9034 9263 8008 7452 7010 4355 1376 1498 5723 201 5667 7603 4197 2742 2893 6849 5544 2286 1883 8083 4030 8026 9031 5266 159 2593 8510 5267 4753 3441 182 4821 4203 1370 5495 9675 5797 7927 9265 8647 1729 2212 6584 6378 8173 3376 6783 2749 8409 6078 1512 1976 3218 1501 284 1715
8017 3107 7742 9994 9213 9778 954 9034 9263 8008 7452 7010 4355 1376 1498 5723 201 5667 7603 4197 2742 2893 6849 5544 2286 1883 8083 4030 8026 9031 5266 159 2593 8510 5267 4753 3441 182 4821 4203 1370 5495 9675 5797 7927 9265 8647 1729 2212 6584 6378 8173 3376 6783 2749 8409 6078 1512 1976 3218 1501 284 1715
159
False
63
False
63
159
1715
1715
63
False
62
1501
False
8017 3107 7742 9994 9213 9778 954 9034 9263 8008 7452 7010 4355 1376 1498 5723 201 5667 7603 4197 2742 2893 6849 5544 2286 1883 8083 4030 8026 9031 5266 159 2593 8510 5267 4753 3441 182 4821 4203 1370 5495 9675 5797 7927 9265 8647 1729 2212 6584 6378 8173 3376 6783 2749 8409 6078 1512 1976 3218
False
False
159
159
False
1976
59
159
62
False
62
False
False
8017 3107 7742 9994 9213 9778 954 9034 9263 8008 7452 7010 4355 1376 1498 5723 201 5667 7603 4197 2742 2893 6849 5544 2286 1883 8083 4030 8026 9031 5266 159 2593 8510 5267 4753 3441 182 4821 4203 1370 5495 9675 5797 7927 9265 8647 1729 2212 6584 6378 8173 3376 6783 2749 8409 6078 1512 1976 4614 9262 8335
8335
61
9262
False
61
False
159
False
False
159
False
False
False
159
False
False
8409
False
56
8004
False
56
8409
56
False
False
14
14
8017 3107 7742 9994 9213 9778 954 9034 9263 8008 7452 7010 4355 1376 1498 5723 201 5667 7603 4197 2742 2893 6849 5544 2286 1883 8083 4030 8026 9031 5266 159 2593 8510 5267 4753 3441 182 4821 4203 1370 5495 9675 5797 7927 9265 8647 1729 2212 6584 6378 8173 3376 6783 14 4965
57
14
57
False
57
False
14
14
7721
57
False
14
7721
6481
False
8017 3107 7742 9994 9213 9778 954 9034 9263 8008 7452 7010 4355 1376 1498 5723 201 5667 7603 4197 2742 2893 6849 5544 2286 1883 8083 4030 8026 9031 5266 159 2593 8510 5267 4753 3441 182 4821 4203 1370 5495 9675 5797 7927 9265 8647 1729 2212 6584 6378 8173 3376 6783 14 4965 7721
14
False
False
8017 3107 7742 9994 9213 9778 954 9034 9263 8008 7452 7010 4355 1376 1498 5723 201 5667 7603 4197 2742 2893 6849 5544 2286 1883 8083 4030 8026 9031 5266 159 2593 8510 5267 4753 3441 182 4821 4203 1370 5495 9675 5797 7927 9265 8647 1729 2212 6584 6378 8173 3376 6783 14 4965 7721 1333 8249
14
False
False
6490
