Empty
8073
8073
False

Empty


Empty
True
False

False

0
False
0
1
7556
False
2138
7556 2138
7556 2138
False
7556 2138
2138
2
5503
False
6068
2
7556
7556 4152
4152
False
False
False
4152
2
7556
False
0

False
1
4562
False
4136
False
4562
False
2
False
False
4562
4562
1
4562
4562
4562
4562 7135
7135
4562
False
False
False
4562
4562
1
1
Empty


False

Empty
False
False
False
4021
4021
False
4021 6824 3904
2
4021 6824
6824
6824
False
4021
False
Empty

False
0
Empty
Empty
True
False
Empty
Empty
False

0


Empty
True
Empty
False
0
4321
False
1
1
False
True
False
True
0
0
Empty
False
756
False
1
756
False
756
756 1491 7789
False
5122
False
False
False
False
4
4
756 1491 5122 1950 4939 8201
False
756 1491 5122 1950 4939 8201
756 1491 5122 1950 4939 8201
2522
False
7
756
False
False
756
756
756
False
3
756 1491 5122
5122
False
756
756 1491 5122
False
False
756 9045
756
756 1192 5908 9553 9346
9346
False
False
9346
756 1192 5908 9553 9346
2079
756
False
4598
252
False
7681
756
7
False
756
756 1192 5908 7257 4598 5765
False
756
756
5765
756
1835
False
False
756 1192 5908 7257 4598 5765 1835
756 1192 5908 7257 4598 5765 1835
False
False
False
756 1192 5908 7257 4598 5765 1835 4458 5716
False
756
9
10
790
756
10
5667
5951
12
7398
13
False
False
756 1192 5908 7257 4598 5765 1835 4458 5716 790 5667 5951 7398 9945
14
9945
False
False
756 1192 5908 7257 4598 5765 1835 4458 5716 790 5667 5951 7398 9945 5926
False
756 1192 5908 7257 4598 5765 1835 4458 5716 790 5667 5951 7398 9945 5926
756 1192 5908 7257 4598 5765 1835 4458 5716 790 5667 5951 7398 9945 5926
False
False
False
False
False
18
5825
False
False
False
9043
756
756
756 1192 5908 7257 4598 5765 1835 4458 5716 790 5667 5951 7398 9945 5926 5569 5825 9043
False
False
5825
5825
756 1192 5908 7257 4598 5765 1835 4458 5716 790 5667 5951 7398 9945 5926
15
False
756
6590
140
False
False
756
False
756 1192 5908 7257 4598 5765 1835 4458 5716 790 5667 5951 7398 9945 5926 6590 7517
756 1192 5908 7257 4598 5765 1835 4458 5716 790 5667 5951 7398 9945 5926 6590 1243
756
13
756 1192 5908 7257 4598 5765 1835 4458 5716 790 5667 5951 7398
False
756 1192 5908 7257 4598 5765 1835 4458 5716 790 5667 5951 7398
False
13
False
False
7398
False
False
756 1192 5908 7257 4598 5765 1835 4458 5716 790 5667 5951
5951
12
False
756 1192 5908 7257 4598 5765 1835 4458 5716 790 5667 5951 3263 2365 4033
4033
False
False
False
False
False
False
756
19
False
756
756
756 1192 5908 7257 4598 5765 1835 4458 5716 790 5667 5951 3263 2365 8090 6794 9773 2374 9742
False
19
756
756 1192 5908 7257 4598 5765 1835 4458 5716 790 5667 5951 3263 2365 8090 6794 9773 2374 9742
9742
19
19
False
21
463
3707
756 1192 5908 7257 4598 5765 1835 4458 5716 790 5667 5951 3263 2365 8090 6794 9773 2374 1085 3707
4807
4807
False
756 1192 5908 7257 4598 5765 1835 4458 5716 790 5667 5951 3263 2365 8090 6794 9773 2374 1085 3707 4807
4807
756 1192 5908 7257 4598 5765 1835 4458 5716 790 5667 5951 3263 2365 8090 6794 9773 2374 1085 3707 4807
101
756
756
False
756 1192 5908 7257 4598 5765 1835 4458 5716 790 5667 5951 3263 2365 8090 6794 9773 2374 1085
20
3422
False
False
False
756 1192 5908 7257 4598 5765 1835 4458 5716 790 5667 5951 3263 2365 8090 6794 9773 2374 1085
1085
19
18
2374
20
756
False
False
False
9773
756 1192 5908 7257 4598 5765 1835 4458 5716 790 5667 5951 3263 2365 8090 6794 9773
8090
8090
15
756 1192 5908 7257 4598 5765 1835 4458 5716 790 5667 5951 3263 2365 8090
False
14
False
756
15
9468
15
15
756
15
15
15
False
756 1192 5908 7257 4598 5765 1835 4458 5716 790 5667 5951 3263 2365 8047
756 1192 5908 7257 4598 5765 1835 4458 5716 790 5667 5951 3263 2365 8047
15
756
8047
8047
756 1192 5908 7257 4598 5765 1835 4458 5716 790 5667 5951 3263 2365 8047
13
756
False
8819
15
756 1192 5908 7257 4598 5765 1835 4458 5716 790 5667 5951 3263 5412 8819
756
8819
5412
756
False
775
775
756
15
756 1192 5908 7257 4598 5765 1835 4458 5716 790 5667 5951 3263 5412
False
False
756
11
790
False
756 1192 5908 7257 4598 5765 1835 4458 5716 790
790
False
756 1192 5908 7257 4598 5765 1835 4458 5716 790 3194 6634
756 1192 5908 7257 4598 5765 1835 4458 5716 790 3194 4986
False
3194
756
9
756 1192 5908 7257 4598 5765 1835 4458
False
False
7987
756 1192 5908 7257 4598 5765 1835 4458 7987
False
756
False
9
False
756 1192 5908 7257 4598 5765 1835 4458 4782
9
612
5997
False
816
11
5432
612
5432
13
False
756 1192 5908 7257 4598 5765 1835 4458 4782 612 816 5432 4856
612
612
4856
False
False
612
756 1192 5908 7257 4598 5765 1835 4458 4782 612 816 5432 4856
False
4856
756 1192 5908 7257 4598 5765 1835 4458 4782 612 816 5432 4856
12
False
False
612
612
False
756
False
756
False
10
7073
False
9
756
756 1192 5908 7257 4598 5765 1835 8993 5137
False
183
False
False
False
False
False
False
False
183
183
False
183
False
756 1192 5908 7257 4598 5765 1835 8993 5137 183 277 4095 8611
12
756 1192 5908 7257 4598 5765 1835 8993 5137 183 277 4095 3483
False
False
4095
12
13
756 1192 5908 7257 4598 5765 1835 8993 5137 183 277 4095 6276 5446
5446
183
756 1192 5908 7257 4598 5765 1835 8993 5137 183 277 4095 6276 5446
False
756 1192 5908 7257 4598 5765 1835 8993 5137 183 277 4095 6276 5446 2964
756 1192 5908 7257 4598 5765 1835 8993 5137 183 277 4095 6276 5446 2964
756 1192 5908 7257 4598 5765 1835 8993 5137 183 277 4095 6276 5074
False
5074
4095
False
756 1192 5908 7257 4598 5765 1835 8993 5137 183 7141 3051 8794
756 1192 5908 7257 4598 5765 1835 8993 5137 183 7141 3051 6102
False
183
False
12
3051
3051
183
3051
12
7141
False
10
183
11
11
756 1192 5908 7257 4598 5765 1835 8993 5137 183 7997 7479
183
False
False
False
False
False
11
4358
4358
11
756 1192 5908 7257 4598 5765 1835 8993 5137 183 4358
False
756 1192 5908 7257 4598 5765 1835 8993 5137
False
756 1192 5908 7257 4598 5765 1835 8993 5137 8136
756 1192 5908 7257 4598 5765 1835 8993 5137 8136
756 1192 5908 7257 4598 5765 1835 8993 5137 8136 4501
11
False
8758
False
False
False
756 1192 5908 7257 4598 5765 1835 8993 5137 8136
9
False
756 1192 5908 7257 4598 5765 1835 8993 5137
8993
8
8
1835
756
False
756 1192 5908 7257 4598 5765 1702 8716
756 1192 5908 7257 4598 5765 1702 8716
756 1192 5908 7257 4598 5765
False
7495
False
5765
756 1192 5908 7257 4598 5765
False
756 1192 5908 7257 4598 5765
756
6
False
False
False
756 1192 5908 7257 4598 5497
756 1192 5908 7257 4598 5497
6
False
756 1192 5908 7257 5885
False
5
5885
5885
False
756
False
8
False
False
1748
756 1192 5908 7257 5885 1748
False
9398
4380
9
4380
8
False
False
756 1192 5908 7257 5885 1748 9398 4380
False
1748
756 1192 5908 7257 5885 1748 7035
756
756 1192 5908 7257 5885 1748 7035
756
False
8
5397
False
756
False
9
False
False
756
7280
756 1192 5908 7257 5885 1748 7905 5397 6459 2138 7280
756
12
False
False
False
756
756
756 1192 5908 7257 5885 1748 7905 5397 6459 2138
756
756 1192 5908 7257 5885 1748 7905 5397 6459
9
False
False
756 1192 5908 7257 5885 1748 7905 5397 6459 7765
False
756 1192 5908 7257 5885 1748 7905 5397 6459
False
5397
False
5397
False
False
False
756
False
5397
756 1192 5908 7257 5885 1748 7905
7
756
False
4617
False
False
756
756 1192 5908 7257 5885 1748 970 4617
756 1192 5908 7257 5885 1748 970 4617
4617
8
False
False
4617
6
False
False
756
4481
7
False
False
1748
1748
1748
False
False
5
5
756 1192 5908 7257 5885
False
False
5
False
False
4
4
756
4
False
6167
756
False
False
8746
4
756
False
False
756
6167
756 1192 5908 6167
756 1192 5908 6167
False
False
756
6241
756
756 1192 5908 6167 6241 7198
6
756
756 1192 5908 6167 6241 7198 5164 6770
False
10
False
False
6770
False
False
False
False
False
False
False
756
5908
3
756
False
5908
756 1192
False
756
1
False
Empty

0
False
Empty
False
8036
False
8036
8036
8036
9885
8036 9885
9885

0
True
Empty
False
5509
5509
False
5509
5509
90
2
5509
False
False
90 5509 9130
90
3
False
3
9130
9130
90 5509 9130
False
False
False
90
9130
9130
3
False
90
3
90
7571
4
90 5509 9130
9130
False
False
False
90
1808
1808
4992
4992
False
8448 4992
799
8448 4992 799 9418
8668
False
924
4609
False
8448 4992 799 9418 8668 7759 924 1934 6163
799
1934
8448 4992 799 9418 8668 7759 924 1934 806
False
9
9
8448 4992 799 9418 8668 7759 924 1934 806 9577
False
False
9577
799
10
11
11
8448 4992 799 9418 8668 7759 924 1934 806 9577 7194
799
False
498
False
8448 4992 799 9418 8668 7759 924 1934 806 9577 7194 3240 3210 498
False
498
15
False
False
498
False
498
14
False
8448 4992 799 9418 8668 7759 924 1934 806 9577 7194 3240 3210 628
8448 4992 799 9418 8668 7759 924 1934 806 9577 7194 3240 3210 628
799
799
799
5420
8448 4992 799 9418 8668 7759 924 1934 806 9577 7194 3240 3210
8448 4992 799 9418 8668 7759 924 1934 806 9577 7194 3240 3210
False
False
12
False
8448 4992 799 9418 8668 7759 924 1934 806 9577 7194
False
False
7194
7175
False
False
False
1322
1322
11
13
13
2349
False
13
8448 4992 799 9418 8668 7759 924 1934 806 9577 7104 568 2349
8448 4992 799 9418 8668 7759 924 1934 806 9577 7104 568 2349
8448 4992 799 9418 8668 7759 924 1934 806 9577 7104 568 7000
1562
8448 4992 799 9418 8668 7759 924 1934 806 9577 7104 568 7000 6895 1562 5304
568
8448 4992 799 9418 8668 7759 924 1934 806 9577 7104 568 7000 6895 1562 5304 5185
False
17
15
568
568
568
7000
13
8448 4992 799 9418 8668 7759 924 1934 806 9577 7104 568
12
568
7104
False
9
806
799
8448 4992 799 9418 8668 7759 924 1934
1934
8448 4992 799 9418 8668 7759 924 1934
False
9606
False
9606
False
False
8448 4992 799 9418 8668 7759 924 1934 9606 814
814
814
10
False
10
False
False
8448 4992 799 9418 8668 7759 924 1934 9606 814 8366 3299
799
12
8448 4992 799 9418 8668 7759 924 1934 9606 814 8366 3299 8156
8448 4992 799 9418 8668 7759 924 1934 9606 814 8366 3299 8156
8448 4992 799 9418 8668 7759 924 1934 9606 814 8366 3299 8156
8156
8448 4992 799 9418 8668 7759 924 1934 9606 814 8366 3299 8156
8448 4992 799 9418 8668 7759 924 1934
5
8448 4992 799 9418 247 6031
8448 4992 799 9418 247 6031
False
False
8448 4992 799 9418 247 6031
7
7
247
8
247
False
8448 4992 799 9418 247 6031 2034 9331 3591 3696 2166
False
False
False
False
2166
247
8448 4992 799 9418 247 6031 2034 9331 3591 3696 2166 6998
6998
False
247
False
False
8448 4992 799 9418 247 6031 2034 9331 3591 3696 2166 6998 8693 3784 8177
8448 4992 799 9418 247 6031 2034 9331 3591 3696 2166 6998 8693 3784 8177 9553 6738
17
False
7869
15
1697
247
247
7869
247
False
6998
False
247
3351
False
8448 4992 799 9418 247 6031 2034 9331 3591 3696 2166 6998 2383 3646
247
False
False
3919
False
247
False
8448 4992 799 9418 247 6031 2034 9331 3591 3696 2166 2783 8080
8080
False
8080
8080
247
8448 4992 799 9418 247 6031 2034 9331 3591 3696 2166 2783 8080
12
12
False
8448 4992 799 9418 247 6031 2034 9331 3591 3696 2166 5505 93 208
14
93
208
208
93
8448 4992 799 9418 247 6031 2034 9331 3591 3696 2166 5505 93 208
16
93
False
8448 4992 799 9418 247 6031 2034 9331 3591 3696 2166 5505 93 208 3286 7296
17
93
93
False
18
9880
18
9880
18
7149
False
False
8448 4992 799 9418 247 6031 2034 9331 3591 3696 2166 5505 93 208 3286 7296 7149
93
5492
False
False
8448 4992 799 9418 247 6031 2034 9331 3591 3696 2166 5505 93 208 3286 7296 7149 6748 5492
7149
17
False
17
False
False
17
8448 4992 799 9418 247 6031 2034 9331 3591 3696 2166 5505 93 208 3286 7296 7149
8448 4992 799 9418 247 6031 2034 9331 3591 3696 2166 5505 93 208 3286 7296 7149 6206
6206
7149
False
8448 4992 799 9418 247 6031 2034 9331 3591 3696 2166 5505 93 208 3286
False
16
93
93
8448 4992 799 9418 247 6031 2034 9331 3591 3696 2166 5505
8448 4992 799 9418 247 6031 2034 9331 3591 3696 2166
2166
11
False
False
2166
8448 4992 799 9418 247 6031 2034 9331 3591 3696 2166
8448 4992 799 9418 247 6031 2034 9331 3591 3696 2166
247
8448 4992 799 9418 247 6031 2034 9331 3591 3696 2166 680
680
False
False
8448 4992 799 9418 247 6031 2034 9331 3591 3696 2166 8132
False
8448 4992 799 9418 247 6031 2034 9331 3591 3696 2166 8132
2166
False
11
False
False
3696
10
8448 4992 799 9418 247 6031 2034 9331 3591
8448 4992 799 9418 247 6031 2034 9331 3591
8448 4992 799 9418 247 6031 2034 9331 3591
9
False
False
8448 4992 799 9418 247 6031 2034 9331 5330 3837
10
False
10
8448 4992 799 9418 247 6031 2034 9331 5330 3837
10
False
False
247
247
8448 4992 799 9418 247 6031 2034 9331 5330 3837
8448 4992 799 9418 247 6031 2034 9331 5330 3837
247
8289
False
False
False
False
14
15
4031
False
247
1506
8448 4992 799 9418 247 6031 2034 9331 5330 3837 4799 8289 5699 3075 1506
16
247
8448 4992 799 9418 247 6031 2034 9331 5330 3837 4799 8289 5699 3075 1506 9025 2634 5519 5675 2016 4973
4973
247
False
False
247
20
2016
False
8448 4992 799 9418 247 6031 2034 9331 5330 3837 4799 8289 5699 3075 1506 9025 2634 5519 5675
False
5519
18
18
5519
False
False
22
False
False
False
8262
False
8448 4992 799 9418 247 6031 2034 9331 5330 3837 4799 8289 5699 3075 1506 9025 2634 5519 7373 4268 8262
20
21
22
8448 4992 799 9418 247 6031 2034 9331 5330 3837 4799 8289 5699 3075 1506 9025 2634 5519 7373 4268 472 3827 9123
9123
9123
False
8448 4992 799 9418 247 6031 2034 9331 5330 3837 4799 8289 5699 3075 1506 9025 2634 5519 7373 4268 472 3827
6031
8765
8765
8765
6031
6031
24
False
False
False
False
False
8448 4992 799 9418 247 6031 2034 9331 5330 3837 4799 8289 5699 3075 1506 9025 2634 5519 7373 4268 472 3827 4499 6031
False
False
6571
247
False
False
23
8448 4992 799 9418 247 6031 2034 9331 5330 3837 4799 8289 5699 3075 1506 9025 2634 5519 7373 4268 472 3827 6515
False
24
False
247
21
False
8751
8448 4992 799 9418 247 6031 2034 9331 5330 3837 4799 8289 5699 3075 1506 9025 2634 5519 7373 4268 472 8751
22
False
False
247
20
20
4268
False
5519
18
False
False
18
8448 4992 799 9418 247 6031 2034 9331 5330 3837 4799 8289 5699 3075 1506 9025 2634
False
247
247
False
False
247
False
8268
8448 4992 799 9418 247 6031 2034 9331 5330 3837 4799 8289 5699 3075 1506 9025 2634 8268 5942
8448 4992 799 9418 247 6031 2034 9331 5330 3837 4799 8289 5699 3075 1506 9025 2634 8268 5942 8342
False
8034
False
247
False
8448 4992 799 9418 247 6031 2034 9331 5330 3837 4799 8289 5699 3075 1506 9025 2634 8268 5942 8342 5051 9228
8448 4992 799 9418 247 6031 2034 9331 5330 3837 4799 8289 5699 3075 1506 9025 2634 8268 5942 8342 5051 9228
22
8448 4992 799 9418 247 6031 2034 9331 5330 3837 4799 8289 5699 3075 1506 9025 2634 8268 5942 8342 5051 9228 9421
24
24
247
8448 4992 799 9418 247 6031 2034 9331 5330 3837 4799 8289 5699 3075 1506 9025 2634 8268 5942 8342 5051 9228 9421
8448 4992 799 9418 247 6031 2034 9331 5330 3837 4799 8289 5699 3075 1506 9025 2634 8268 5942 8342 5051 3548
247
247
20
False
False
False
8342
8448 4992 799 9418 247 6031 2034 9331 5330 3837 4799 8289 5699 3075 1506 9025 2634 8268 5942 8342
8448 4992 799 9418 247 6031 2034 9331 5330 3837 4799 8289 5699 3075 1506 9025 2634 8268 5942
20
8448 4992 799 9418 247 6031 2034 9331 5330 3837 4799 8289 5699 3075 1506 9025 2634 8268 5942 829
False
False
20
False
False
False
247
False
9721
20
False
4593
24
False
24
False
4541
8448 4992 799 9418 247 6031 2034 9331 5330 3837 4799 8289 5699 3075 1506 9025 2634 8268 5942 9721 724 4593 6419 1733
8448 4992 799 9418 247 6031 2034 9331 5330 3837 4799 8289 5699 3075 1506 9025 2634 8268 5942 9721 724 4593 6419
4593
4593
8448 4992 799 9418 247 6031 2034 9331 5330 3837 4799 8289 5699 3075 1506 9025 2634 8268 5942 9721 724
2634
17
8448 4992 799 9418 247 6031 2034 9331 5330 3837 4799 8289 5699 3075 1506 9025 9216
247
False
8448 4992 799 9418 247 6031 2034 9331 5330 3837 4799 8289 5699 3075 1506 9025 9216 3911 4077
False
8742
4077
False
247
False
8448 4992 799 9418 247 6031 2034 9331 5330 3837 4799 8289 5699 3075 1506 9025 9216 3911 4077 9331
20
19
247
8448 4992 799 9418 247 6031 2034 9331 5330 3837 4799 8289 5699 3075 1506 9025 9216 3911
247
False
9216
8448 4992 799 9418 247 6031 2034 9331 5330 3837 4799 8289 5699 3075 1506 9025 9216
247
247
False
False
8448 4992 799 9418 247 6031 2034 9331 5330 3837 4799 8289 5699 3075 1506 9025 9216 3293 5378 4825
247
7871
False
20
False
190
190
190
247
False
247
7514
7514
False
7514
False
False
16
247
False
False
247
16
False
False
16
247
16
False
False
8448 4992 799 9418 247 6031 2034 9331 5330 3837 4799 8289 5699 3075 7936 1336
8448 4992 799 9418 247 6031 2034 9331 5330 3837 4799 8289 5699 3075 7936 1336 1075
1075
1075
247
247
False
8448 4992 799 9418 247 6031 2034 9331 5330 3837 4799 8289 5699 3075 7936 1336 1075 9275
False
18
18
False
9275
247
8448 4992 799 9418 247 6031 2034 9331 5330 3837 4799 8289 5699 3075 7936 1336
False
14
8448 4992 799 9418 247 6031 2034 9331 5330 3837 4799 8289 5699 3075
False
8448 4992 799 9418 247 6031 2034 9331 5330 3837 4799 8289 5699 3075
13
188
False
247
False
False
False
247
14
14
False
8448 4992 799 9418 247 6031 2034 9331 5330 3837 4799 8289 3885 9518
8448 4992 799 9418 247 6031 2034 9331 5330 3837 4799 8289 3885
247
13
247
247
False
False
8448 4992 799 9418 247 6031 2034 9331 5330 3837 4799 8289 1560 8995
247
False
15
False
2659
False
False
247
8448 4992 799 9418 247 6031 2034 9331 5330 3837 4799 8289 1560 8995 9768 2659
9768
8448 4992 799 9418 247 6031 2034 9331 5330 3837 4799 8289 1560 8995 8489 1990
False
247
False
False
8448 4992 799 9418 247 6031 2034 9331 5330 3837 4799 8289 1560 8995 8489
False
8448 4992 799 9418 247 6031 2034 9331 5330 3837 4799 8289 1560 8995 8873
False
False
False
False
8448 4992 799 9418 247 6031 2034 9331 5330 3837 4799 8289 1560 8995 8873 6837
8448 4992 799 9418 247 6031 2034 9331 5330 3837 4799 8289 1560 8995 8873 6837
False
6837
8448 4992 799 9418 247 6031 2034 9331 5330 3837 4799 8289 1560 8995 8873 6837
6837
247
6771
False
6771
14
8448 4992 799 9418 247 6031 2034 9331 5330 3837 4799 8289 1560
8448 4992 799 9418 247 6031 2034 9331 5330 3837 4799 8289 1560
False
8448 4992 799 9418 247 6031 2034 9331 5330 3837 4799 8289 1560 8564
14
8448 4992 799 9418 247 6031 2034 9331 5330 3837 4799 8289 1560 8564
247
247
8448 4992 799 9418 247 6031 2034 9331 5330 3837 4799 8289 1560 8564 1729
15
15
False
1560
13
6726
False
8448 4992 799 9418 247 6031 2034 9331 5330 3837 4799 8289
4799
11
False
4799
False
11
247
False
False
8448 4992 799 9418 247 6031 2034 9331 5330 3837 4799
3298
3298
8448 4992 799 9418 247 6031 2034 9331 5330 3837 4799 943
12
False
False
4799
False
9
False
False
False
False
False
False
247
247
False
247
8448 4992 799 9418 247 6031 2034 9331 5330 3626 8273 3990 7914
13
False
8448 4992 799 9418 247 6031 2034 9331 5330 3626 8273 3990 7914 6713 1654 7844
False
False
247
False
8448 4992 799 9418 247 6031 2034 9331 5330 3626 8273 3990 7914 6713 1654 7844
15
1039
247
False
8448 4992 799 9418 247 6031 2034 9331 5330 3626 8273 3990 7914 1039
False
1039
False
False
False
247
247
247
8448 4992 799 9418 247 6031 2034 9331 5330 3626 8273
10
7475
7475
5330
247
247
False
5330
False
247
False
9
False
11
247
4969
4969
8448 4992 799 9418 247 6031 2034 9331 5330 9583 2071 7530 342 4969
2857
4969
247
342
False
247
False
8448 4992 799 9418 247 6031 2034 9331 5330 9583 2071 7530 342 6961
False
8448 4992 799 9418 247 6031 2034 9331 5330 9583 2071 7530 342 6961
6961
14
False
247
False
8448 4992 799 9418 247 6031 2034 9331 5330 9583 2071 7530 342 6961 5822
247
5822
16
False
False
16
False
8448 4992 799 9418 247 6031 2034 9331 5330 9583 2071 7530 342 6961 5822
False
8448 4992 799 9418 247 6031 2034 9331 5330 9583 2071 7530 342 5791 4361
978
247
978
False
False
8448 4992 799 9418 247 6031 2034 9331 5330 9583 2071 7530 342 5791 4361 978
False
978
978
False
247
17
8448 4992 799 9418 247 6031 2034 9331 5330 9583 2071 7530 342 5791 4361 978 4662
False
16
False
False
False
6070
False
False
False
False
False
21
240
240
False
24
240
496
8448 4992 799 9418 247 6031 2034 9331 5330 9583 2071 7530 342 5791 4361 978 6070 3825 8072 240 5047 3090 496
8448 4992 799 9418 247 6031 2034 9331 5330 9583 2071 7530 342 5791 4361 978 6070 3825 8072 240 5047 3090 496 9046
8448 4992 799 9418 247 6031 2034 9331 5330 9583 2071 7530 342 5791 4361 978 6070 3825 8072 240 5047 3090 496
8448 4992 799 9418 247 6031 2034 9331 5330 9583 2071 7530 342 5791 4361 978 6070 3825 8072 240 5047 3090 496
23
False
22
False
False
False
4005
4005
4005
9990
8448 4992 799 9418 247 6031 2034 9331 5330 9583 2071 7530 342 5791 4361 978 6070 3825 8072 240 5047 4005
8448 4992 799 9418 247 6031 2034 9331 5330 9583 2071 7530 342 5791 4361 978 6070 3825 8072 240 5047 4005
False
False
4005
240
240
23
False
23
240
False
False
4005
240
22
5393
5393
3355
5393
22
8448 4992 799 9418 247 6031 2034 9331 5330 9583 2071 7530 342 5791 4361 978 6070 3825 8072 240 4283 3408 7924
False
240
240
False
240
8554
8448 4992 799 9418 247 6031 2034 9331 5330 9583 2071 7530 342 5791 4361 978 6070 3825 8072 240 4283 3408 7924 8554
8554
False
240
3408
False
8448 4992 799 9418 247 6031 2034 9331 5330 9583 2071 7530 342 5791 4361 978 6070 3825 8072 240 4283 3408 590 9645 611 6012 3087
27
3087
False
False
False
False
6012
26
False
26
8448 4992 799 9418 247 6031 2034 9331 5330 9583 2071 7530 342 5791 4361 978 6070 3825 8072 240 4283 3408 590 9645 611 6361
False
False
240
26
240
6361
26
False
8448 4992 799 9418 247 6031 2034 9331 5330 9583 2071 7530 342 5791 4361 978 6070 3825 8072 240 4283 3408 590
8448 4992 799 9418 247 6031 2034 9331 5330 9583 2071 7530 342 5791 4361 978 6070 3825 8072 240 4283 3408 590
False
False
3408
8448 4992 799 9418 247 6031 2034 9331 5330 9583 2071 7530 342 5791 4361 978 6070 3825 8072 240 4283 3408 9363
240
8448 4992 799 9418 247 6031 2034 9331 5330 9583 2071 7530 342 5791 4361 978 6070 3825 8072 240 4283 3408 9363 1577
False
8448 4992 799 9418 247 6031 2034 9331 5330 9583 2071 7530 342 5791 4361 978 6070 3825 8072 240 4283 3408 9363 1577 9283 4186
False
False
8448 4992 799 9418 247 6031 2034 9331 5330 9583 2071 7530 342 5791 4361 978 6070 3825 8072 240 4283 3408 9363 1577 9283 4186
8448 4992 799 9418 247 6031 2034 9331 5330 9583 2071 7530 342 5791 4361 978 6070 3825 8072 240 4283 3408 9363 1577 9283 4186
False
False
False
False
8989
False
False
8448 4992 799 9418 247 6031 2034 9331 5330 9583 2071 7530 342 5791 4361 978 6070 3825 8072 240 4283 3408 9363 1577 9283 4186 36 8989
False
False
36
27
8448 4992 799 9418 247 6031 2034 9331 5330 9583 2071 7530 342 5791 4361 978 6070 3825 8072 240 4283 3408 9363 1577 9283 4186 36
False
3774
3774
240
240
8448 4992 799 9418 247 6031 2034 9331 5330 9583 2071 7530 342 5791 4361 978 6070 3825 8072 240 4283 3408 9363 1577 9283 4186 3774 7487
28
4231
False
31
29
4231
240
False
8448 4992 799 9418 247 6031 2034 9331 5330 9583 2071 7530 342 5791 4361 978 6070 3825 8072 240 4283 3408 9363 1577 9283 4186 3774 7487 4231
4231
4231
4231
False
25
8448 4992 799 9418 247 6031 2034 9331 5330 9583 2071 7530 342 5791 4361 978 6070 3825 8072 240 4283 3408 9363 1577 1483
False
240
27
240
False
8448 4992 799 9418 247 6031 2034 9331 5330 9583 2071 7530 342 5791 4361 978 6070 3825 8072 240 4283 3408 9363 1577 1483 544
False
81
False
3875
3875
False
8448 4992 799 9418 247 6031 2034 9331 5330 9583 2071 7530 342 5791 4361 978 6070 3825 8072 240 4283 3408 9363 1577 1483 4152 3875
28
False
26
2505
29
28
8448 4992 799 9418 247 6031 2034 9331 5330 9583 2071 7530 342 5791 4361 978 6070 3825 8072 240 4283 3408 9363 1577 1483 4152 703 348
8448 4992 799 9418 247 6031 2034 9331 5330 9583 2071 7530 342 5791 4361 978 6070 3825 8072 240 4283 3408 9363 1577 1483 4152 7280
False
8448 4992 799 9418 247 6031 2034 9331 5330 9583 2071 7530 342 5791 4361 978 6070 3825 8072 240 4283 3408 9363 1577 1483 4152 7280
7280
False
240
240
False
False
8448 4992 799 9418 247 6031 2034 9331 5330 9583 2071 7530 342 5791 4361 978 6070 3825 8072 240 4283 3408 9363 1577 1483
8448 4992 799 9418 247 6031 2034 9331 5330 9583 2071 7530 342 5791 4361 978 6070 3825 8072 240 4283 3408 9363 1577 1483 366 2490 263
False
263
240
29
29
29
29
False
8448 4992 799 9418 247 6031 2034 9331 5330 9583 2071 7530 342 5791 4361 978 6070 3825 8072 240 4283 3408 9363 1577 1483 366 2490 263 5336 7114
30
7114
False
8448 4992 799 9418 247 6031 2034 9331 5330 9583 2071 7530 342 5791 4361 978 6070 3825 8072 240 4283 3408 9363 1577 1483 366 2490 263 5336 7114 3118
5336
5336
False
8448 4992 799 9418 247 6031 2034 9331 5330 9583 2071 7530 342 5791 4361 978 6070 3825 8072 240 4283 3408 9363 1577 1483 366 2490 263 5336
False
30
8448 4992 799 9418 247 6031 2034 9331 5330 9583 2071 7530 342 5791 4361 978 6070 3825 8072 240 4283 3408 9363 1577 1483 366 2490 263 5336 548
30
240
8448 4992 799 9418 247 6031 2034 9331 5330 9583 2071 7530 342 5791 4361 978 6070 3825 8072 240 4283 3408 9363 1577 1483 366 2490 263 5336
29
29
8448 4992 799 9418 247 6031 2034 9331 5330 9583 2071 7530 342 5791 4361 978 6070 3825 8072 240 4283 3408 9363 1577 1483 366 2490 263 5336
29
False
2490
False
False
False
240
240
8448 4992 799 9418 247 6031 2034 9331 5330 9583 2071 7530 342 5791 4361 978 6070 3825 8072 240 4283 3408 9363 1577 1483 366
8448 4992 799 9418 247 6031 2034 9331 5330 9583 2071 7530 342 5791 4361 978 6070 3825 8072 240 4283 3408 9363 1577 1483 366
240
25
False
8448 4992 799 9418 247 6031 2034 9331 5330 9583 2071 7530 342 5791 4361 978 6070 3825 8072 240 4283 3408 9363 1577 1483
False
25
25
False
26
False
1483
240
False
23
False
7142
False
8448 4992 799 9418 247 6031 2034 9331 5330 9583 2071 7530 342 5791 4361 978 6070 3825 8072 240 4283 3408 9363 3560
24
3560
False
240
8448 4992 799 9418 247 6031 2034 9331 5330 9583 2071 7530 342 5791 4361 978 6070 3825 8072 240 4283 3408 9363 3560 2769 1898 6728 2948
240
False
False
240
False
31
8448 4992 799 9418 247 6031 2034 9331 5330 9583 2071 7530 342 5791 4361 978 6070 3825 8072 240 4283 3408 9363 3560 2769 1898 6728 2948 7041 3733 9689
9689
False
240
2638
2638
1244
8448 4992 799 9418 247 6031 2034 9331 5330 9583 2071 7530 342 5791 4361 978 6070 3825 8072 240 4283 3408 9363 3560 2769 1898 6728 2948 7041 3733 9689 1244
9689
8448 4992 799 9418 247 6031 2034 9331 5330 9583 2071 7530 342 5791 4361 978 6070 3825 8072 240 4283 3408 9363 3560 2769 1898 6728 2948 7041 3733 9689
8448 4992 799 9418 247 6031 2034 9331 5330 9583 2071 7530 342 5791 4361 978 6070 3825 8072 240 4283 3408 9363 3560 2769 1898 6728 2948 7041 3733
False
5583
240
240
29
7041
8448 4992 799 9418 247 6031 2034 9331 5330 9583 2071 7530 342 5791 4361 978 6070 3825 8072 240 4283 3408 9363 3560 2769 1898 6728 2948 7041
8448 4992 799 9418 247 6031 2034 9331 5330 9583 2071 7530 342 5791 4361 978 6070 3825 8072 240 4283 3408 9363 3560 2769 1898 6728 2948 7041
7041
240
240
6388
240
False
30
3622
False
240
8448 4992 799 9418 247 6031 2034 9331 5330 9583 2071 7530 342 5791 4361 978 6070 3825 8072 240 4283 3408 9363 3560 2769 1898 6728 2948 3578 3622 7531
8448 4992 799 9418 247 6031 2034 9331 5330 9583 2071 7530 342 5791 4361 978 6070 3825 8072 240 4283 3408 9363 3560 2769 1898 6728 2948 3578 3622 7531
False
8448 4992 799 9418 247 6031 2034 9331 5330 9583 2071 7530 342 5791 4361 978 6070 3825 8072 240 4283 3408 9363 3560 2769 1898 6728 2948 3578 3622 7531
False
240
8448 4992 799 9418 247 6031 2034 9331 5330 9583 2071 7530 342 5791 4361 978 6070 3825 8072 240 4283 3408 9363 3560 2769 1898 6728 2948 3578 3622 4146
False
4146
8448 4992 799 9418 247 6031 2034 9331 5330 9583 2071 7530 342 5791 4361 978 6070 3825 8072 240 4283 3408 9363 3560 2769 1898 6728 2948 3578 3622 4146
8448 4992 799 9418 247 6031 2034 9331 5330 9583 2071 7530 342 5791 4361 978 6070 3825 8072 240 4283 3408 9363 3560 2769 1898 6728 2948 3578 3622 4146
8448 4992 799 9418 247 6031 2034 9331 5330 9583 2071 7530 342 5791 4361 978 6070 3825 8072 240 4283 3408 9363 3560 2769 1898 6728 2948 3578 3622 4146
240
False
False
8448 4992 799 9418 247 6031 2034 9331 5330 9583 2071 7530 342 5791 4361 978 6070 3825 8072 240 4283 3408 9363 3560 2769 1898 6728 2948 3578 3622
240
240
28
2528
False
False
30
False
False
8448 4992 799 9418 247 6031 2034 9331 5330 9583 2071 7530 342 5791 4361 978 6070 3825 8072 240 4283 3408 9363 3560 2769 1898 6728 2948 7232
False
False
29
7232
False
8448 4992 799 9418 247 6031 2034 9331 5330 9583 2071 7530 342 5791 4361 978 6070 3825 8072 240 4283 3408 9363 3560 2769 1898 6728 2948
2948
8448 4992 799 9418 247 6031 2034 9331 5330 9583 2071 7530 342 5791 4361 978 6070 3825 8072 240 4283 3408 9363 3560 2769 1898 6728 2948
False
5619
False
False
240
31
33
8448 4992 799 9418 247 6031 2034 9331 5330 9583 2071 7530 342 5791 4361 978 6070 3825 8072 240 4283 3408 9363 3560 2769 1898 6728 2948 5619 2029 5020 2073 9899
9899
169
8448 4992 799 9418 247 6031 2034 9331 5330 9583 2071 7530 342 5791 4361 978 6070 3825 8072 240 4283 3408 9363 3560 2769 1898 6728 2948 5619 2029 5020 2073 9899 6065
34
False
False
8448 4992 799 9418 247 6031 2034 9331 5330 9583 2071 7530 342 5791 4361 978 6070 3825 8072 240 4283 3408 9363 3560 2769 1898 6728 2948 5619 2029 5020 2073 9899 6065
8448 4992 799 9418 247 6031 2034 9331 5330 9583 2071 7530 342 5791 4361 978 6070 3825 8072 240 4283 3408 9363 3560 2769 1898 6728 2948 5619 2029 5020 2073 9899 6065
False
240
9899
8448 4992 799 9418 247 6031 2034 9331 5330 9583 2071 7530 342 5791 4361 978 6070 3825 8072 240 4283 3408 9363 3560 2769 1898 6728 2948 5619 2029 5020 2073 9899
35
5989
35
240
False
False
False
35
240
7724
2590
2590
34
240
2590
34
240
34
False
3242
8448 4992 799 9418 247 6031 2034 9331 5330 9583 2071 7530 342 5791 4361 978 6070 3825 8072 240 4283 3408 9363 3560 2769 1898 6728 2948 5619 2029 5020 2073 9899 2590
34
8448 4992 799 9418 247 6031 2034 9331 5330 9583 2071 7530 342 5791 4361 978 6070 3825 8072 240 4283 3408 9363 3560 2769 1898 6728 2948 5619 2029 5020 2073 9899
False
240
240
32
False
8448 4992 799 9418 247 6031 2034 9331 5330 9583 2071 7530 342 5791 4361 978 6070 3825 8072 240 4283 3408 9363 3560 2769 1898 6728 2948 5619 2029 5020 2073
8448 4992 799 9418 247 6031 2034 9331 5330 9583 2071 7530 342 5791 4361 978 6070 3825 8072 240 4283 3408 9363 3560 2769 1898 6728 2948 5619 2029 5020 2073 2233
33
False
False
240
6844
6844
False
240
False
False
8448 4992 799 9418 247 6031 2034 9331 5330 9583 2071 7530 342 5791 4361 978 6070 3825 8072 240 4283 3408 9363 3560 2769 1898 6728 2948 5619 2029
False
2029
31
8448 4992 799 9418 247 6031 2034 9331 5330 9583 2071 7530 342 5791 4361 978 6070 3825 8072 240 4283 3408 9363 3560 2769 1898 6728 2948 5619 2029
False
8448 4992 799 9418 247 6031 2034 9331 5330 9583 2071 7530 342 5791 4361 978 6070 3825 8072 240 4283 3408 9363 3560 2769 1898 6728 2948 5619 2029 6662
30
8448 4992 799 9418 247 6031 2034 9331 5330 9583 2071 7530 342 5791 4361 978 6070 3825 8072 240 4283 3408 9363 3560 2769 1898 6728 2948 5619 2029 22
32
33
8448 4992 799 9418 247 6031 2034 9331 5330 9583 2071 7530 342 5791 4361 978 6070 3825 8072 240 4283 3408 9363 3560 2769 1898 6728 2948 5619 2029 22
240
False
False
False
5619
2948
240
False
2948
False
29
29
False
False
240
False
30
27
8448 4992 799 9418 247 6031 2034 9331 5330 9583 2071 7530 342 5791 4361 978 6070 3825 8072 240 4283 3408 9363 3560 2769 1898 6728 2948 9616 27
32
False
False
27
8448 4992 799 9418 247 6031 2034 9331 5330 9583 2071 7530 342 5791 4361 978 6070 3825 8072 240 4283 3408 9363 3560 2769 1898 6728 2948 9616 27 204
8448 4992 799 9418 247 6031 2034 9331 5330 9583 2071 7530 342 5791 4361 978 6070 3825 8072 240 4283 3408 9363 3560 2769 1898 6728 2948 9616 27 204
8448 4992 799 9418 247 6031 2034 9331 5330 9583 2071 7530 342 5791 4361 978 6070 3825 8072 240 4283 3408 9363 3560 2769 1898 6728 2948 9616 27 204
27
False
27
False
240
29
False
9616
28
False
8448 4992 799 9418 247 6031 2034 9331 5330 9583 2071 7530 342 5791 4361 978 6070 3825 8072 240 4283 3408 9363 3560 2769
False
False
8448 4992 799 9418 247 6031 2034 9331 5330 9583 2071 7530 342 5791 4361 978 6070 3825 8072 240 4283 3408 9363 3560 2769 8109 3271
False
False
240
240
28
False
8448 4992 799 9418 247 6031 2034 9331 5330 9583 2071 7530 342 5791 4361 978 6070 3825 8072 240 4283 3408 9363 3560 2769 8109 9917
False
8448 4992 799 9418 247 6031 2034 9331 5330 9583 2071 7530 342 5791 4361 978 6070 3825 8072 240 4283 3408 9363 3560 2769
8448 4992 799 9418 247 6031 2034 9331 5330 9583 2071 7530 342 5791 4361 978 6070 3825 8072 240 4283 3408 9363 3560 2769
240
9363
False
4283
21
False
8448 4992 799 9418 247 6031 2034 9331 5330 9583 2071 7530 342 5791 4361 978 6070 3825 8072 240
8072
8448 4992 799 9418 247 6031 2034 9331 5330 9583 2071 7530 342 5791 4361 978 6070 3825 8072
8072
False
8448 4992 799 9418 247 6031 2034 9331 5330 9583 2071 7530 342 5791 4361 978 6070 3825 8072
19
False
False
8448 4992 799 9418 247 6031 2034 9331 5330 9583 2071 7530 342 5791 4361 978 6070 3825 8072 3170 435
False
False
3732
False
False
False
247
247
False
8448 4992 799 9418 247 6031 2034 9331 5330 9583 2071 7530 342 5791 4361 978 6070 3825 8072 3170 435 3732 353 764 2390 880
26
247
False
8448 4992 799 9418 247 6031 2034 9331 5330 9583 2071 7530 342 5791 4361 978 6070 3825 8072 3170 435 3732 353 764 2390 880 3458 3845
28
False
8448 4992 799 9418 247 6031 2034 9331 5330 9583 2071 7530 342 5791 4361 978 6070 3825 8072 3170 435 3732 353 764 2390 880
247
8448 4992 799 9418 247 6031 2034 9331 5330 9583 2071 7530 342 5791 4361 978 6070 3825 8072 3170 435 3732 353 764 2390
8448 4992 799 9418 247 6031 2034 9331 5330 9583 2071 7530 342 5791 4361 978 6070 3825 8072 3170 435 3732 353 764 2390
False
False
False
29
False
8448 4992 799 9418 247 6031 2034 9331 5330 9583 2071 7530 342 5791 4361 978 6070 3825 8072 3170 435 3732 353 764 2935 1084 1697 217 9714
217
False
False
31
8448 4992 799 9418 247 6031 2034 9331 5330 9583 2071 7530 342 5791 4361 978 6070 3825 8072 3170 435 3732 353 764 2935 1084 1697 217 9021 8189 2694 2218
217
False
8448 4992 799 9418 247 6031 2034 9331 5330 9583 2071 7530 342 5791 4361 978 6070 3825 8072 3170 435 3732 353 764 2935 1084 1697 217 9021 8189
False
8448 4992 799 9418 247 6031 2034 9331 5330 9583 2071 7530 342 5791 4361 978 6070 3825 8072 3170 435 3732 353 764 2935 1084 1697 217 9021
False
8448 4992 799 9418 247 6031 2034 9331 5330 9583 2071 7530 342 5791 4361 978 6070 3825 8072 3170 435 3732 353 764 2935 1084 1697 217 9021
217
False
False
30
False
30
217
False
False
9021
29
False
9021
8448 4992 799 9418 247 6031 2034 9331 5330 9583 2071 7530 342 5791 4361 978 6070 3825 8072 3170 435 3732 353 764 2935 1084 1697 217 9021
9021
8448 4992 799 9418 247 6031 2034 9331 5330 9583 2071 7530 342 5791 4361 978 6070 3825 8072 3170 435 3732 353 764 2935 1084 1697 217
217
False
217
217
217
8448 4992 799 9418 247 6031 2034 9331 5330 9583 2071 7530 342 5791 4361 978 6070 3825 8072 3170 435 3732 353 764 2935 1084 1697 217 6963
8448 4992 799 9418 247 6031 2034 9331 5330 9583 2071 7530 342 5791 4361 978 6070 3825 8072 3170 435 3732 353 764 2935 1084 1697 217 6963
8448 4992 799 9418 247 6031 2034 9331 5330 9583 2071 7530 342 5791 4361 978 6070 3825 8072 3170 435 3732 353 764 2935 1084 1697 217 6963
29
False
217
False
31
8448 4992 799 9418 247 6031 2034 9331 5330 9583 2071 7530 342 5791 4361 978 6070 3825 8072 3170 435 3732 353 764 2935 1084 1697 217 6963 5380 8828
False
31
8828
False
6963
False
8448 4992 799 9418 247 6031 2034 9331 5330 9583 2071 7530 342 5791 4361 978 6070 3825 8072 3170 435 3732 353 764 2935 1084 1697
26
False
247
8448 4992 799 9418 247 6031 2034 9331 5330 9583 2071 7530 342 5791 4361 978 6070 3825 8072 3170 435 3732 353 764 2935
24
False
8448 4992 799 9418 247 6031 2034 9331 5330 9583 2071 7530 342 5791 4361 978 6070 3825 8072 3170 435 3732 353 764
False
8448 4992 799 9418 247 6031 2034 9331 5330 9583 2071 7530 342 5791 4361 978 6070 3825 8072 3170 435 3732
22
8448 4992 799 9418 247 6031 2034 9331 5330 9583 2071 7530 342 5791 4361 978 6070 3825 8072 3170 435 3732
8448 4992 799 9418 247 6031 2034 9331 5330 9583 2071 7530 342 5791 4361 978 6070 3825 8072 3170 435 3732
False
247
247
False
23
False
False
8448 4992 799 9418 247 6031 2034 9331 5330 9583 2071 7530 342 5791 4361 978 6070 3825 8072 3170 435 3732 9850
False
8448 4992 799 9418 247 6031 2034 9331 5330 9583 2071 7530 342 5791 4361 978 6070 3825 8072 3170 435 3732 9850
24
False
False
False
False
False
8448 4992 799 9418 247 6031 2034 9331 5330 9583 2071 7530 342 5791 4361 978 6070 3825 8072 3170 435 3732 9850
1908
False
False
2265
False
28
8448 4992 799 9418 247 6031 2034 9331 5330 9583 2071 7530 342 5791 4361 978 6070 3825 8072 3170 435 3732 1908 2265 5561 2731 2972
247
27
8448 4992 799 9418 247 6031 2034 9331 5330 9583 2071 7530 342 5791 4361 978 6070 3825 8072 3170 435 3732 1908 2265 5561 2731 2972
247
False
False
False
False
False
8448 4992 799 9418 247 6031 2034 9331 5330 9583 2071 7530 342 5791 4361 978 6070 3825 8072 3170 435 3732 1908 2265 5561 2731 2972 8132
247
False
False
8448 4992 799 9418 247 6031 2034 9331 5330 9583 2071 7530 342 5791 4361 978 6070 3825 8072 3170 435 3732 1908 2265 5561
5561
False
25
False
8448 4992 799 9418 247 6031 2034 9331 5330 9583 2071 7530 342 5791 4361 978 6070 3825 8072 3170 435 3732 1908 2265 5561 2057 5011 4584
False
False
5011
2057
False
2057
False
False
26
8840
27
247
False
247
27
False
29
False
False
False
6828
8448 4992 799 9418 247 6031 2034 9331 5330 9583 2071 7530 342 5791 4361 978 6070 3825 8072 3170 435 3732 1908 2265 5561 2057 8840 3266 5373 157 6828
31
6828
30
8448 4992 799 9418 247 6031 2034 9331 5330 9583 2071 7530 342 5791 4361 978 6070 3825 8072 3170 435 3732 1908 2265 5561 2057 8840 3266 5373
False
29
29
29
False
2057
False
2057
False
8448 4992 799 9418 247 6031 2034 9331 5330 9583 2071 7530 342 5791 4361 978 6070 3825 8072 3170 435 3732 1908 2265 5561 2057 7503
7503
8448 4992 799 9418 247 6031 2034 9331 5330 9583 2071 7530 342 5791 4361 978 6070 3825 8072 3170 435 3732 1908 2265 5561 2057 7503
247
False
24
8448 4992 799 9418 247 6031 2034 9331 5330 9583 2071 7530 342 5791 4361 978 6070 3825 8072 3170 435 3732 1908
247
False
1908
False
23
8448 4992 799 9418 247 6031 2034 9331 5330 9583 2071 7530 342 5791 4361 978 6070 3825 8072 3170 435 3732 1908
247
8448 4992 799 9418 247 6031 2034 9331 5330 9583 2071 7530 342 5791 4361 978 6070 3825 8072 3170 435 3732 1908
3732
21
False
21
247
23
8448 4992 799 9418 247 6031 2034 9331 5330 9583 2071 7530 342 5791 4361 978 6070 3825 8072 3170 7703 4176 417
False
23
4176
7703
8448 4992 799 9418 247 6031 2034 9331 5330 9583 2071 7530 342 5791 4361 978 6070 3825 8072 3170 7703
7703
8448 4992 799 9418 247 6031 2034 9331 5330 9583 2071 7530 342 5791 4361 978 6070 3825 8072 3170 7703
False
8448 4992 799 9418 247 6031 2034 9331 5330 9583 2071 7530 342 5791 4361 978 6070 3825 8072 3170 6135
20
False
8448 4992 799 9418 247 6031 2034 9331 5330 9583 2071 7530 342 5791 4361 978 6070 3825 8072 3170
8448 4992 799 9418 247 6031 2034 9331 5330 9583 2071 7530 342 5791 4361 978 6070 3825 8072 3170 8323
False
4774
False
8448 4992 799 9418 247 6031 2034 9331 5330 9583 2071 7530 342 5791 4361 978 6070 3825 8072 3170 8323 4774
False
23
24
8448 4992 799 9418 247 6031 2034 9331 5330 9583 2071 7530 342 5791 4361 978 6070 3825 8072 3170 8323 4774 4488 6960
4488
False
8448 4992 799 9418 247 6031 2034 9331 5330 9583 2071 7530 342 5791 4361 978 6070 3825 8072 3170 8323 4774 4488
247
False
8448 4992 799 9418 247 6031 2034 9331 5330 9583 2071 7530 342 5791 4361 978 6070 3825 8072 3170 8323 4774 4488
False
False
False
8323
False
9122
False
247
20
21
247
False
False
False
21
247
8448 4992 799 9418 247 6031 2034 9331 5330 9583 2071 7530 342 5791 4361 978 6070 3825 8072 420
21
247
21
20
20
False
420
8448 4992 799 9418 247 6031 2034 9331 5330 9583 2071 7530 342 5791 4361 978 6070 3825 8072 420
False
False
8448 4992 799 9418 247 6031 2034 9331 5330 9583 2071 7530 342 5791 4361 978 6070 3825 5749
False
19
247
False
5749
8448 4992 799 9418 247 6031 2034 9331 5330 9583 2071 7530 342 5791 4361 978 6070 3825
False
247
8448 4992 799 9418 247 6031 2034 9331 5330 9583 2071 7530 342 5791 4361 978 6070 3825
False
False
18
3825
False
False
247
8448 4992 799 9418 247 6031 2034 9331 5330 9583 2071 7530 342 5791 4361 978 6070 3825
False
3485
3485
8448 4992 799 9418 247 6031 2034 9331 5330 9583 2071 7530 342 5791 4361 978 6070 3825 9982
19
False
False
False
False
19
9982
247
247
247
9982
False
False
20
20
20
False
False
8448 4992 799 9418 247 6031 2034 9331 5330 9583 2071 7530 342 5791 4361 978 6070 3825 9982 7665 6021
8448 4992 799 9418 247 6031 2034 9331 5330 9583 2071 7530 342 5791 4361 978 6070 3825 9982 7665 6021 9379 7283
False
8448 4992 799 9418 247 6031 2034 9331 5330 9583 2071 7530 342 5791 4361 978 6070 3825 9982 7665 6021 5342
False
6021
6021
21
6021
8448 4992 799 9418 247 6031 2034 9331 5330 9583 2071 7530 342 5791 4361 978 6070 3825 9982 7665 6021
247
False
21
21
21
False
False
1447
False
247
247
False
24
8448 4992 799 9418 247 6031 2034 9331 5330 9583 2071 7530 342 5791 4361 978 6070 3825 9982 7665 6021 1447 3306 5450
8448 4992 799 9418 247 6031 2034 9331 5330 9583 2071 7530 342 5791 4361 978 6070 3825 9982 7665 6021 1447 3306 5450
24
False
8448 4992 799 9418 247 6031 2034 9331 5330 9583 2071 7530 342 5791 4361 978 6070 3825 9982 7665 6021 1447 3306 5450
24
8448 4992 799 9418 247 6031 2034 9331 5330 9583 2071 7530 342 5791 4361 978 6070 3825 9982 7665 6021 1447 3306 5450
5450
247
234
8448 4992 799 9418 247 6031 2034 9331 5330 9583 2071 7530 342 5791 4361 978 6070 3825 9982 7665 6021 1447 3306 5450 234
False
8448 4992 799 9418 247 6031 2034 9331 5330 9583 2071 7530 342 5791 4361 978 6070 3825 9982 7665 6021 1447 3306
False
247
24
25
False
1515
247
1515
3306
22
False
22
247
False
247
False
3328
26
247
247
3328
247
247
24
False
False
False
False
False
8448 4992 799 9418 247 6031 2034 9331 5330 9583 2071 7530 342 5791 4361 978 6070 3825 9982 7665 6021 2762 8565 545 2502
8448 4992 799 9418 247 6031 2034 9331 5330 9583 2071 7530 342 5791 4361 978 6070 3825 9982 7665 6021 2762 8565 545
24
False
8093
8093
247
25
247
8448 4992 799 9418 247 6031 2034 9331 5330 9583 2071 7530 342 5791 4361 978 6070 3825 9982 7665 6021 2762 8565 3010 8093
247
False
25
8448 4992 799 9418 247 6031 2034 9331 5330 9583 2071 7530 342 5791 4361 978 6070 3825 9982 7665 6021 2762 8565 3010
False
9620
25
247
8448 4992 799 9418 247 6031 2034 9331 5330 9583 2071 7530 342 5791 4361 978 6070 3825 9982 7665 6021 2762 8565 3010 9620 5608
False
26
False
5608
26
False
False
8448 4992 799 9418 247 6031 2034 9331 5330 9583 2071 7530 342 5791 4361 978 6070 3825 9982 7665 6021 2762 8565 3010 9620 5608
247
27
27
False
8448 4992 799 9418 247 6031 2034 9331 5330 9583 2071 7530 342 5791 4361 978 6070 3825 9982 7665 6021 2762 8565 3010 9620 5608 2054 6398 329
False
31
8448 4992 799 9418 247 6031 2034 9331 5330 9583 2071 7530 342 5791 4361 978 6070 3825 9982 7665 6021 2762 8565 3010 9620 5608 2054 6398 329 9312 1373
False
False
False
False
1373
False
False
247
247
False
8448 4992 799 9418 247 6031 2034 9331 5330 9583 2071 7530 342 5791 4361 978 6070 3825 9982 7665 6021 2762 8565 3010 9620 5608 2054 6398 329 9312 1373 9420
247
8448 4992 799 9418 247 6031 2034 9331 5330 9583 2071 7530 342 5791 4361 978 6070 3825 9982 7665 6021 2762 8565 3010 9620 5608 2054 6398 329 9312 1373 9420
False
False
9312
False
False
8448 4992 799 9418 247 6031 2034 9331 5330 9583 2071 7530 342 5791 4361 978 6070 3825 9982 7665 6021 2762 8565 3010 9620 5608 2054 6398 329 9312
False
False
29
329
6599
False
False
False
247
False
29
247
30
8448 4992 799 9418 247 6031 2034 9331 5330 9583 2071 7530 342 5791 4361 978 6070 3825 9982 7665 6021 2762 8565 3010 9620 5608 2054 6398 6599 3898 9533
32
33
247
5764
33
8448 4992 799 9418 247 6031 2034 9331 5330 9583 2071 7530 342 5791 4361 978 6070 3825 9982 7665 6021 2762 8565 3010 9620 5608 2054 6398 6599 3898 9533
247
31
False
3898
8448 4992 799 9418 247 6031 2034 9331 5330 9583 2071 7530 342 5791 4361 978 6070 3825 9982 7665 6021 2762 8565 3010 9620 5608 2054 6398 6599 3137
3137
False
8448 4992 799 9418 247 6031 2034 9331 5330 9583 2071 7530 342 5791 4361 978 6070 3825 9982 7665 6021 2762 8565 3010 9620 5608 2054 6398 6599
30
False
False
29
6202
False
29
3062
False
247
False
False
False
8448 4992 799 9418 247 6031 2034 9331 5330 9583 2071 7530 342 5791 4361 978 6070 3825 9982 7665 6021 2762 8565 3010 9620 5608 2054 6398 6202 6864 3854 914 8027 9652
34
False
False
False
247
8448 4992 799 9418 247 6031 2034 9331 5330 9583 2071 7530 342 5791 4361 978 6070 3825 9982 7665 6021 2762 8565 3010 9620 5608 2054 6398 6202 6864 3854 914 8027 9652 6487 1295
247
False
8448 4992 799 9418 247 6031 2034 9331 5330 9583 2071 7530 342 5791 4361 978 6070 3825 9982 7665 6021 2762 8565 3010 9620 5608 2054 6398 6202 6864 3854 914 8027 9652 6487
8448 4992 799 9418 247 6031 2034 9331 5330 9583 2071 7530 342 5791 4361 978 6070 3825 9982 7665 6021 2762 8565 3010 9620 5608 2054 6398 6202 6864 3854 914 8027 9652 6487 8632
False
247
247
False
8448 4992 799 9418 247 6031 2034 9331 5330 9583 2071 7530 342 5791 4361 978 6070 3825 9982 7665 6021 2762 8565 3010 9620 5608 2054 6398 6202 6864 3854 914 8027
False
542
False
False
8448 4992 799 9418 247 6031 2034 9331 5330 9583 2071 7530 342 5791 4361 978 6070 3825 9982 7665 6021 2762 8565 3010 9620 5608 2054 6398 6202 6864 3854
3854
3854
31
False
False
31
3854
31
32
False
9148
247
8448 4992 799 9418 247 6031 2034 9331 5330 9583 2071 7530 342 5791 4361 978 6070 3825 9982 7665 6021 2762 8565 3010 9620 5608 2054 6398 6202 6864 9148
False
False
32
False
247
False
247
False
False
6864
False
247
8448 4992 799 9418 247 6031 2034 9331 5330 9583 2071 7530 342 5791 4361 978 6070 3825 9982 7665 6021 2762 8565 3010 9620 5608 2054 6398 6202 6864 4165 361
False
False
247
33
9071
33
8448 4992 799 9418 247 6031 2034 9331 5330 9583 2071 7530 342 5791 4361 978 6070 3825 9982 7665 6021 2762 8565 3010 9620 5608 2054 6398 6202 6864 4165 361 9071
9071
False
6265
False
False
361
361
361
False
False
361
8448 4992 799 9418 247 6031 2034 9331 5330 9583 2071 7530 342 5791 4361 978 6070 3825 9982 7665 6021 2762 8565 3010 9620 5608 2054 6398 6202 6864 4165 361
False
False
247
32
8448 4992 799 9418 247 6031 2034 9331 5330 9583 2071 7530 342 5791 4361 978 6070 3825 9982 7665 6021 2762 8565 3010 9620 5608 2054 6398 6202 6864 4165 7168
247
247
247
False
False
False
False
False
35
445
False
247
33
1109
False
247
False
False
37
8684
8448 4992 799 9418 247 6031 2034 9331 5330 9583 2071 7530 342 5791 4361 978 6070 3825 9982 7665 6021 2762 8565 3010 9620 5608 2054 6398 6202 6864 4165 1971 5818 1109 8595 9936 8684
247
247
9527
8448 4992 799 9418 247 6031 2034 9331 5330 9583 2071 7530 342 5791 4361 978 6070 3825 9982 7665 6021 2762 8565 3010 9620 5608 2054 6398 6202 6864 4165 1971 5818 1109 8595 9936 4600
247
34
False
False
34
247
247
False
False
247
247
247
False
8448 4992 799 9418 247 6031 2034 9331 5330 9583 2071 7530 342 5791 4361 978 6070 3825 9982 7665 6021 2762 8565 3010 9620 5608 2054 6398 6202 6864
False
False
6864
False
False
False
False
False
8448 4992 799 9418 247 6031 2034 9331 5330 9583 2071 7530 342 5791 4361 978 6070 3825 9982 7665 6021 2762 8565 3010 9620 5608 2054 6398 6202 6864 5623 2994
False
8448 4992 799 9418 247 6031 2034 9331 5330 9583 2071 7530 342 5791 4361 978 6070 3825 9982 7665 6021 2762 8565 3010 9620 5608 2054 6398 6202 6864 5623 2994
False
False
8448 4992 799 9418 247 6031 2034 9331 5330 9583 2071 7530 342 5791 4361 978 6070 3825 9982 7665 6021 2762 8565 3010 9620 5608 2054 6398 6202 6864
False
False
247
8448 4992 799 9418 247 6031 2034 9331 5330 9583 2071 7530 342 5791 4361 978 6070 3825 9982 7665 6021 2762 8565 3010 9620 5608 2054 6398 7029 6178
247
8448 4992 799 9418 247 6031 2034 9331 5330 9583 2071 7530 342 5791 4361 978 6070 3825 9982 7665 6021 2762 8565 3010 9620 5608 2054 6398 7029 6178
463
247
6605
6093
False
8448 4992 799 9418 247 6031 2034 9331 5330 9583 2071 7530 342 5791 4361 978 6070 3825 9982 7665 6021 2762 8565 3010 9620 5608 2054 6398 7029 6605 2666 6093 3267
34
False
False
247
8448 4992 799 9418 247 6031 2034 9331 5330 9583 2071 7530 342 5791 4361 978 6070 3825 9982 7665 6021 2762 8565 3010 9620 5608 2054 6398 7029 6605 2666 6093 3267 8195
False
8195
False
247
False
False
False
False
8448 4992 799 9418 247 6031 2034 9331 5330 9583 2071 7530 342 5791 4361 978 6070 3825 9982 7665 6021 2762 8565 3010 9620 5608 2054 6398 7029 6605 2666 6093 3267 8195
8448 4992 799 9418 247 6031 2034 9331 5330 9583 2071 7530 342 5791 4361 978 6070 3825 9982 7665 6021 2762 8565 3010 9620 5608 2054 6398 7029 6605 2666 6093 3267 8195
False
3267
33
393
247
33
False
False
False
False
2666
8448 4992 799 9418 247 6031 2034 9331 5330 9583 2071 7530 342 5791 4361 978 6070 3825 9982 7665 6021 2762 8565 3010 9620 5608 2054 6398 7029 6605 2666
247
8448 4992 799 9418 247 6031 2034 9331 5330 9583 2071 7530 342 5791 4361 978 6070 3825 9982 7665 6021 2762 8565 3010 9620 5608 2054 6398 7029 6605 2666
False
30
8448 4992 799 9418 247 6031 2034 9331 5330 9583 2071 7530 342 5791 4361 978 6070 3825 9982 7665 6021 2762 8565 3010 9620 5608 2054 6398 7029 6605
247
247
False
8448 4992 799 9418 247 6031 2034 9331 5330 9583 2071 7530 342 5791 4361 978 6070 3825 9982 7665 6021 2762 8565 3010 9620 5608 2054 6398 7029 6605
8448 4992 799 9418 247 6031 2034 9331 5330 9583 2071 7530 342 5791 4361 978 6070 3825 9982 7665 6021 2762 8565 3010 9620 5608 2054 6398 7029 6605 7489
6605
6605
6605
6605
False
False
8448 4992 799 9418 247 6031 2034 9331 5330 9583 2071 7530 342 5791 4361 978 6070 3825 9982 7665 6021 2762 8565 3010 9620 5608 2054 6398 7029 1492 4234
4234
4234
247
247
8448 4992 799 9418 247 6031 2034 9331 5330 9583 2071 7530 342 5791 4361 978 6070 3825 9982 7665 6021 2762 8565 3010 9620 5608 2054 6398
247
27
2054
2054
False
5608
False
8448 4992 799 9418 247 6031 2034 9331 5330 9583 2071 7530 342 5791 4361 978 6070 3825 9982 7665 6021 2762 8565 3010 9620 5608
26
27
False
False
247
29
486
247
False
9578
8448 4992 799 9418 247 6031 2034 9331 5330 9583 2071 7530 342 5791 4361 978 6070 3825 9982 7665 6021 2762 8565 3010 9620 5608 9578
False
29
28
False
28
8448 4992 799 9418 247 6031 2034 9331 5330 9583 2071 7530 342 5791 4361 978 6070 3825 9982 7665 6021 2762 8565 3010 9620 5608 9578 6106 2172
False
8448 4992 799 9418 247 6031 2034 9331 5330 9583 2071 7530 342 5791 4361 978 6070 3825 9982 7665 6021 2762 8565 3010 9620 5608 4780 2991
247
2455
8448 4992 799 9418 247 6031 2034 9331 5330 9583 2071 7530 342 5791 4361 978 6070 3825 9982 7665 6021 2762 8565 3010 9620 5608 2455
28
8448 4992 799 9418 247 6031 2034 9331 5330 9583 2071 7530 342 5791 4361 978 6070 3825 9982 7665 6021 2762 8565 3010 9620 5608 2455 3766
False
27
8448 4992 799 9418 247 6031 2034 9331 5330 9583 2071 7530 342 5791 4361 978 6070 3825 9982 7665 6021 2762 8565 3010 9620 5608 2455
247
False
False
False
27
8448 4992 799 9418 247 6031 2034 9331 5330 9583 2071 7530 342 5791 4361 978 6070 3825 9982 7665 6021 2762 8565 3010 9620 5608
247
False
247
8448 4992 799 9418 247 6031 2034 9331 5330 9583 2071 7530 342 5791 4361 978 6070 3825 9982 7665 6021 2762 8565 3010 9620 6627
6627
6627
6627
False
8448 4992 799 9418 247 6031 2034 9331 5330 9583 2071 7530 342 5791 4361 978 6070 3825 9982 7665 6021 2762 8565 3010 9620 6627
False
False
6627
False
False
False
False
1793
False
8448 4992 799 9418 247 6031 2034 9331 5330 9583 2071 7530 342 5791 4361 978 6070 3825 9982 7665 6021 2762 8565 3010 9620 6627
False
False
False
8448 4992 799 9418 247 6031 2034 9331 5330 9583 2071 7530 342 5791 4361 978 6070 3825 9982 7665 6021 2762 8565 3010 9620
3010
False
3010
8448 4992 799 9418 247 6031 2034 9331 5330 9583 2071 7530 342 5791 4361 978 6070 3825 9982 7665 6021 2762 8565 3010 6851
9963
False
False
8448 4992 799 9418 247 6031 2034 9331 5330 9583 2071 7530 342 5791 4361 978 6070 3825 9982 7665 6021 2762 8565 3010 6851 7015
598
False
26
8448 4992 799 9418 247 6031 2034 9331 5330 9583 2071 7530 342 5791 4361 978 6070 3825 9982 7665 6021 2762 8565 3010 6851 598
False
598
26
26
False
247
False
247
8448 4992 799 9418 247 6031 2034 9331 5330 9583 2071 7530 342 5791 4361 978 6070 3825 9982 7665 6021 2762 8565 3010 6851 598
25
25
8448 4992 799 9418 247 6031 2034 9331 5330 9583 2071 7530 342 5791 4361 978 6070 3825 9982 7665 6021 2762 8565 3010 6851
False
8448 4992 799 9418 247 6031 2034 9331 5330 9583 2071 7530 342 5791 4361 978 6070 3825 9982 7665 6021 2762 8565 3010 3286
3286
8448 4992 799 9418 247 6031 2034 9331 5330 9583 2071 7530 342 5791 4361 978 6070 3825 9982 7665 6021 2762 8565 3010 3286 8927
False
247
8448 4992 799 9418 247 6031 2034 9331 5330 9583 2071 7530 342 5791 4361 978 6070 3825 9982 7665 6021 2762 8565 3010 3286 8927
247
False
8927
8448 4992 799 9418 247 6031 2034 9331 5330 9583 2071 7530 342 5791 4361 978 6070 3825 9982 7665 6021 2762 8565 3010 3286 8927
False
247
26
False
25
8448 4992 799 9418 247 6031 2034 9331 5330 9583 2071 7530 342 5791 4361 978 6070 3825 9982 7665 6021 2762 8565 3010 3286 746
26
746
False
26
8448 4992 799 9418 247 6031 2034 9331 5330 9583 2071 7530 342 5791 4361 978 6070 3825 9982 7665 6021 2762 8565 3010 3286 746 7336
False
27
27
False
247
7336
8448 4992 799 9418 247 6031 2034 9331 5330 9583 2071 7530 342 5791 4361 978 6070 3825 9982 7665 6021 2762 8565 3010 3286 746 7336
8448 4992 799 9418 247 6031 2034 9331 5330 9583 2071 7530 342 5791 4361 978 6070 3825 9982 7665 6021 2762 8565 3010 3286 746 794
False
8448 4992 799 9418 247 6031 2034 9331 5330 9583 2071 7530 342 5791 4361 978 6070 3825 9982 7665 6021 2762 8565 3010 3286 746 794
247
False
8448 4992 799 9418 247 6031 2034 9331 5330 9583 2071 7530 342 5791 4361 978 6070 3825 9982 7665 6021 2762 8565 3010 3286 746 794 8496 9552
False
False
29
False
8448 4992 799 9418 247 6031 2034 9331 5330 9583 2071 7530 342 5791 4361 978 6070 3825 9982 7665 6021 2762 8565 3010 3286 746 794 8496 9552
8448 4992 799 9418 247 6031 2034 9331 5330 9583 2071 7530 342 5791 4361 978 6070 3825 9982 7665 6021 2762 8565 3010 3286 746 794 8496 9552
29
9552
30
8448 4992 799 9418 247 6031 2034 9331 5330 9583 2071 7530 342 5791 4361 978 6070 3825 9982 7665 6021 2762 8565 3010 3286 746 794 8496 9552 1554 2183
False
247
False
247
8448 4992 799 9418 247 6031 2034 9331 5330 9583 2071 7530 342 5791 4361 978 6070 3825 9982 7665 6021 2762 8565 3010 3286 746 794 8496 9552 1554
8448 4992 799 9418 247 6031 2034 9331 5330 9583 2071 7530 342 5791 4361 978 6070 3825 9982 7665 6021 2762 8565 3010 3286 746 794 8496 9552 4494
4494
False
8448 4992 799 9418 247 6031 2034 9331 5330 9583 2071 7530 342 5791 4361 978 6070 3825 9982 7665 6021 2762 8565 3010 3286 746 794 8496 9552
29
False
247
False
30
247
False
7394
False
247
247
31
32
8448 4992 799 9418 247 6031 2034 9331 5330 9583 2071 7530 342 5791 4361 978 6070 3825 9982 7665 6021 2762 8565 3010 3286 746 794 8496 3297 7394 9034
5181
3397
33
False
7658
33
34
False
False
False
8448 4992 799 9418 247 6031 2034 9331 5330 9583 2071 7530 342 5791 4361 978 6070 3825 9982 7665 6021 2762 8565 3010 3286 746 794 8496 3297 7394 9034 5181 7658 7852 5824 4623
36
36
8448 4992 799 9418 247 6031 2034 9331 5330 9583 2071 7530 342 5791 4361 978 6070 3825 9982 7665 6021 2762 8565 3010 3286 746 794 8496 3297 7394 9034 5181 7658 7852 5824
False
False
247
False
False
34
34
7852
8448 4992 799 9418 247 6031 2034 9331 5330 9583 2071 7530 342 5791 4361 978 6070 3825 9982 7665 6021 2762 8565 3010 3286 746 794 8496 3297 7394 9034 5181
32
False
247
False
8448 4992 799 9418 247 6031 2034 9331 5330 9583 2071 7530 342 5791 4361 978 6070 3825 9982 7665 6021 2762 8565 3010 3286 746 794 8496 3297 7394 9034 5181
33
473
473
False
8448 4992 799 9418 247 6031 2034 9331 5330 9583 2071 7530 342 5791 4361 978 6070 3825 9982 7665 6021 2762 8565 3010 3286 746 794 8496 3297 7394 9034 1405 473 7626
7626
False
False
8448 4992 799 9418 247 6031 2034 9331 5330 9583 2071 7530 342 5791 4361 978 6070 3825 9982 7665 6021 2762 8565 3010 3286 746 794 8496 3297 7394 9034 1405 473 7626 8572
False
247
False
7601
8448 4992 799 9418 247 6031 2034 9331 5330 9583 2071 7530 342 5791 4361 978 6070 3825 9982 7665 6021 2762 8565 3010 3286 746 794 8496 3297 7394 9034 1405 473 7626 7601
8448 4992 799 9418 247 6031 2034 9331 5330 9583 2071 7530 342 5791 4361 978 6070 3825 9982 7665 6021 2762 8565 3010 3286 746 794 8496 3297 7394 9034 1405 473 7626 7601
7601
False
False
36
8448 4992 799 9418 247 6031 2034 9331 5330 9583 2071 7530 342 5791 4361 978 6070 3825 9982 7665 6021 2762 8565 3010 3286 746 794 8496 3297 7394 9034 1405 473 7626 7601 5156
8448 4992 799 9418 247 6031 2034 9331 5330 9583 2071 7530 342 5791 4361 978 6070 3825 9982 7665 6021 2762 8565 3010 3286 746 794 8496 3297 7394 9034 1405 473 7626 7601
7601
35
35
8448 4992 799 9418 247 6031 2034 9331 5330 9583 2071 7530 342 5791 4361 978 6070 3825 9982 7665 6021 2762 8565 3010 3286 746 794 8496 3297 7394 9034 1405 473 7626 7601 2156 99 377 5617
False
8316
99
False
41
41
99
8448 4992 799 9418 247 6031 2034 9331 5330 9583 2071 7530 342 5791 4361 978 6070 3825 9982 7665 6021 2762 8565 3010 3286 746 794 8496 3297 7394 9034 1405 473 7626 7601 2156 99 377 8316 934
40
39
False
99
False
99
8448 4992 799 9418 247 6031 2034 9331 5330 9583 2071 7530 342 5791 4361 978 6070 3825 9982 7665 6021 2762 8565 3010 3286 746 794 8496 3297 7394 9034 1405 473 7626 7601 2156 99
False
False
247
247
False
247
False
39
5806
39
8448 4992 799 9418 247 6031 2034 9331 5330 9583 2071 7530 342 5791 4361 978 6070 3825 9982 7665 6021 2762 8565 3010 3286 746 794 8496 3297 7394 9034 1405 473 7626 7601 2156 7034 8445 5806
247
8448 4992 799 9418 247 6031 2034 9331 5330 9583 2071 7530 342 5791 4361 978 6070 3825 9982 7665 6021 2762 8565 3010 3286 746 794 8496 3297 7394 9034 1405 473 7626 7601 2156 7034 8445 5806
247
False
5806
False
7779
39
5806
40
40
40
40
751
751
247
False
42
42
False
176
176
9611
False
False
9062
False
42
8448 4992 799 9418 247 6031 2034 9331 5330 9583 2071 7530 342 5791 4361 978 6070 3825 9982 7665 6021 2762 8565 3010 3286 746 794 8496 3297 7394 9034 1405 473 7626 7601 2156 7034 8445 5806 9611 9062 7020
247
7020
42
42
False
43
40
False
False
38
247
247
38
38
8448 4992 799 9418 247 6031 2034 9331 5330 9583 2071 7530 342 5791 4361 978 6070 3825 9982 7665 6021 2762 8565 3010 3286 746 794 8496 3297 7394 9034 1405 473 7626 7601 2156 7034
247
421
False
False
False
37
8448 4992 799 9418 247 6031 2034 9331 5330 9583 2071 7530 342 5791 4361 978 6070 3825 9982 7665 6021 2762 8565 3010 3286 746 794 8496 3297 7394 9034 1405 473 7626 7601 2156 7034
False
8448 4992 799 9418 247 6031 2034 9331 5330 9583 2071 7530 342 5791 4361 978 6070 3825 9982 7665 6021 2762 8565 3010 3286 746 794 8496 3297 7394 9034 1405 473 7626 7601 2156 6921
36
36
False
7601
247
37
8448 4992 799 9418 247 6031 2034 9331 5330 9583 2071 7530 342 5791 4361 978 6070 3825 9982 7665 6021 2762 8565 3010 3286 746 794 8496 3297 7394 9034 1405 473 7626 7601 4105 3793
False
False
247
4105
247
39
1927
1927
40
False
False
8448 4992 799 9418 247 6031 2034 9331 5330 9583 2071 7530 342 5791 4361 978 6070 3825 9982 7665 6021 2762 8565 3010 3286 746 794 8496 3297 7394 9034 1405 473 7626 7601 4105 1650 7627 1927 6022
8448 4992 799 9418 247 6031 2034 9331 5330 9583 2071 7530 342 5791 4361 978 6070 3825 9982 7665 6021 2762 8565 3010 3286 746 794 8496 3297 7394 9034 1405 473 7626 7601 4105 1650 7627 1927 6022
40
247
False
8448 4992 799 9418 247 6031 2034 9331 5330 9583 2071 7530 342 5791 4361 978 6070 3825 9982 7665 6021 2762 8565 3010 3286 746 794 8496 3297 7394 9034 1405 473 7626 7601 4105 1650 7627 1927 6022
False
False
False
False
37
False
False
1129
False
247
38
247
39
False
8448 4992 799 9418 247 6031 2034 9331 5330 9583 2071 7530 342 5791 4361 978 6070 3825 9982 7665 6021 2762 8565 3010 3286 746 794 8496 3297 7394 9034 1405 473 7626 7601 4105 1650 8644 7430
False
8448 4992 799 9418 247 6031 2034 9331 5330 9583 2071 7530 342 5791 4361 978 6070 3825 9982 7665 6021 2762 8565 3010 3286 746 794 8496 3297 7394 9034 1405 473 7626 7601 4105 1650 8644
False
False
9208
247
247
False
37
False
8448 4992 799 9418 247 6031 2034 9331 5330 9583 2071 7530 342 5791 4361 978 6070 3825 9982 7665 6021 2762 8565 3010 3286 746 794 8496 3297 7394 9034 1405 473 7626 7601 4105 1650
False
False
False
4105
7626
8448 4992 799 9418 247 6031 2034 9331 5330 9583 2071 7530 342 5791 4361 978 6070 3825 9982 7665 6021 2762 8565 3010 3286 746 794 8496 3297 7394 9034 1405 473 7626
34
7626
8448 4992 799 9418 247 6031 2034 9331 5330 9583 2071 7530 342 5791 4361 978 6070 3825 9982 7665 6021 2762 8565 3010 3286 746 794 8496 3297 7394 9034 1405 473 4545
34
False
247
False
34
8448 4992 799 9418 247 6031 2034 9331 5330 9583 2071 7530 342 5791 4361 978 6070 3825 9982 7665 6021 2762 8565 3010 3286 746 794 8496 3297 7394 9034 1405 473 4545 3505
8448 4992 799 9418 247 6031 2034 9331 5330 9583 2071 7530 342 5791 4361 978 6070 3825 9982 7665 6021 2762 8565 3010 3286 746 794 8496 3297 7394 9034 1405 473 4545 3505
False
8448 4992 799 9418 247 6031 2034 9331 5330 9583 2071 7530 342 5791 4361 978 6070 3825 9982 7665 6021 2762 8565 3010 3286 746 794 8496 3297 7394 9034 1405 473 4545 3505
False
8448 4992 799 9418 247 6031 2034 9331 5330 9583 2071 7530 342 5791 4361 978 6070 3825 9982 7665 6021 2762 8565 3010 3286 746 794 8496 3297 7394 9034 1405 473 4545 3505
False
4545
33
False
False
8448 4992 799 9418 247 6031 2034 9331 5330 9583 2071 7530 342 5791 4361 978 6070 3825 9982 7665 6021 2762 8565 3010 3286 746 794 8496 3297 7394 9034 1405 8070 1874
False
247
8070
9055
False
247
39
38
5160
False
8448 4992 799 9418 247 6031 2034 9331 5330 9583 2071 7530 342 5791 4361 978 6070 3825 9982 7665 6021 2762 8565 3010 3286 746 794 8496 3297 7394 9034 1405 8204 6568 9055 7909 7042
8448 4992 799 9418 247 6031 2034 9331 5330 9583 2071 7530 342 5791 4361 978 6070 3825 9982 7665 6021 2762 8565 3010 3286 746 794 8496 3297 7394 9034 1405 8204 6568 9055 7909 7042 175
37
37
False
8448 4992 799 9418 247 6031 2034 9331 5330 9583 2071 7530 342 5791 4361 978 6070 3825 9982 7665 6021 2762 8565 3010 3286 746 794 8496 3297 7394 9034 1405 8204 6568 9055 7909 7042 299
8448 4992 799 9418 247 6031 2034 9331 5330 9583 2071 7530 342 5791 4361 978 6070 3825 9982 7665 6021 2762 8565 3010 3286 746 794 8496 3297 7394 9034 1405 8204 6568 9055 7909 7042 299 3832
42
False
41
False
42
41
40
247
False
40
40
8448 4992 799 9418 247 6031 2034 9331 5330 9583 2071 7530 342 5791 4361 978 6070 3825 9982 7665 6021 2762 8565 3010 3286 746 794 8496 3297 7394 9034 1405 8204 6568 9055 7909 7042 299 3832 7145
7042
False
False
38
8448 4992 799 9418 247 6031 2034 9331 5330 9583 2071 7530 342 5791 4361 978 6070 3825 9982 7665 6021 2762 8565 3010 3286 746 794 8496 3297 7394 9034 1405 8204 6568 9055 7909 7042 1973
247
False
9387
False
39
38
1973
False
False
False
False
8448 4992 799 9418 247 6031 2034 9331 5330 9583 2071 7530 342 5791 4361 978 6070 3825 9982 7665 6021 2762 8565 3010 3286 746 794 8496 3297 7394 9034 1405 8204 6568 9055 7909 1630
38
247
False
1630
False
7292
7292
False
False
247
8448 4992 799 9418 247 6031 2034 9331 5330 9583 2071 7530 342 5791 4361 978 6070 3825 9982 7665 6021 2762 8565 3010 3286 746 794 8496 3297 7394 9034 1405 8204 6568 9055 7909
36
8448 4992 799 9418 247 6031 2034 9331 5330 9583 2071 7530 342 5791 4361 978 6070 3825 9982 7665 6021 2762 8565 3010 3286 746 794 8496 3297 7394 9034 1405 8204 6568 9055 7909
False
8448 4992 799 9418 247 6031 2034 9331 5330 9583 2071 7530 342 5791 4361 978 6070 3825 9982 7665 6021 2762 8565 3010 3286 746 794 8496 3297 7394 9034 1405 8204 6568 9055
False
False
34
9145
36
1377
247
247
False
6272
False
False
False
36
37
1266
247
3363
8448 4992 799 9418 247 6031 2034 9331 5330 9583 2071 7530 342 5791 4361 978 6070 3825 9982 7665 6021 2762 8565 3010 3286 746 794 8496 3297 7394 9034 1405 8204 6568 3363 7557
7557
35
False
8448 4992 799 9418 247 6031 2034 9331 5330 9583 2071 7530 342 5791 4361 978 6070 3825 9982 7665 6021 2762 8565 3010 3286 746 794 8496 3297 7394 9034 1405 8204 6568
8448 4992 799 9418 247 6031 2034 9331 5330 9583 2071 7530 342 5791 4361 978 6070 3825 9982 7665 6021 2762 8565 3010 3286 746 794 8496 3297 7394 9034 1405 8204 6568
False
False
False
False
247
31
247
False
False
8448 4992 799 9418 247 6031 2034 9331 5330 9583 2071 7530 342 5791 4361 978 6070 3825 9982 7665 6021 2762 8565 3010 3286 746 794 8496 3297 7394 9034 8263
8263
31
9034
False
False
8448 4992 799 9418 247 6031 2034 9331 5330 9583 2071 7530 342 5791 4361 978 6070 3825 9982 7665 6021 2762 8565 3010 3286 746 794 8496 3297 7394 9034 8063
225
False
225
8448 4992 799 9418 247 6031 2034 9331 5330 9583 2071 7530 342 5791 4361 978 6070 3825 9982 7665 6021 2762 8565 3010 3286 746 794 8496 3297 7394 9034 8063 225 7926 2011
8448 4992 799 9418 247 6031 2034 9331 5330 9583 2071 7530 342 5791 4361 978 6070 3825 9982 7665 6021 2762 8565 3010 3286 746 794 8496 3297 7394 9034 8063 225 7926
False
7926
34
34
False
225
False
32
32
32
8448 4992 799 9418 247 6031 2034 9331 5330 9583 2071 7530 342 5791 4361 978 6070 3825 9982 7665 6021 2762 8565 3010 3286 746 794 8496 3297 7394 9034 8063
33
False
2861
False
3377
False
False
8448 4992 799 9418 247 6031 2034 9331 5330 9583 2071 7530 342 5791 4361 978 6070 3825 9982 7665 6021 2762 8565 3010 3286 746 794 8496 3297 7394 9034 8063 5024 2861 9791 3377
247
9791
False
35
36
False
5024
False
8644
8448 4992 799 9418 247 6031 2034 9331 5330 9583 2071 7530 342 5791 4361 978 6070 3825 9982 7665 6021 2762 8565 3010 3286 746 794 8496 3297 7394 880 2219 8987
1
8448 4992 799 9418 247 6031 2034 9331 5330 9583 2071 7530 342 5791 4361 978 6070 3825 9982 7665 6021 2762 8565 3010 3286 746 794 8496 3297 7394 880 2219 8987 1
False
33
8448 4992 799 9418 247 6031 2034 9331 5330 9583 2071 7530 342 5791 4361 978 6070 3825 9982 7665 6021 2762 8565 3010 3286 746 794 8496 3297 7394 880 2219
8448 4992 799 9418 247 6031 2034 9331 5330 9583 2071 7530 342 5791 4361 978 6070 3825 9982 7665 6021 2762 8565 3010 3286 746 794 8496 3297 7394 880 2219
31
3297
29
8496
8448 4992 799 9418 247 6031 2034 9331 5330 9583 2071 7530 342 5791 4361 978 6070 3825 9982 7665 6021 2762 8565 3010 3286 746 794 8496 4476 5397
29
8448 4992 799 9418 247 6031 2034 9331 5330 9583 2071 7530 342 5791 4361 978 6070 3825 9982 7665 6021 2762 8565 3010 3286 746 794 8496 4476
False
29
30
False
30
247
False
1236
8496
8448 4992 799 9418 247 6031 2034 9331 5330 9583 2071 7530 342 5791 4361 978 6070 3825 9982 7665 6021 2762 8565 3010 3286 746 794 8496
False
29
247
247
False
7443
False
False
7302
8448 4992 799 9418 247 6031 2034 9331 5330 9583 2071 7530 342 5791 4361 978 6070 3825 9982 7665 6021 2762 8565 3010 3286 746 794 8496 7443
8496
8496
8448 4992 799 9418 247 6031 2034 9331 5330 9583 2071 7530 342 5791 4361 978 6070 3825 9982 7665 6021 2762 8565 3010 3286 746 794 8496
8448 4992 799 9418 247 6031 2034 9331 5330 9583 2071 7530 342 5791 4361 978 6070 3825 9982 7665 6021 2762 8565 3010 3286 746 794 8496 4651
29
4651
8448 4992 799 9418 247 6031 2034 9331 5330 9583 2071 7530 342 5791 4361 978 6070 3825 9982 7665 6021 2762 8565 3010 3286 746 794 8496 4651
247
30
False
247
247
36
False
8448 4992 799 9418 247 6031 2034 9331 5330 9583 2071 7530 342 5791 4361 978 6070 3825 9982 7665 6021 2762 8565 3010 3286 746 794 8496 4651 8473 9528 926 9238 8973 4170 5895
36
False
False
False
8448 4992 799 9418 247 6031 2034 9331 5330 9583 2071 7530 342 5791 4361 978 6070 3825 9982 7665 6021 2762 8565 3010 3286 746 794 8496 4651 8473 9528 926 9238 8973 4170 5895 6393 7855
False
False
247
8448 4992 799 9418 247 6031 2034 9331 5330 9583 2071 7530 342 5791 4361 978 6070 3825 9982 7665 6021 2762 8565 3010 3286 746 794 8496 4651 8473 9528 926 9238 8973 4170 5895
8448 4992 799 9418 247 6031 2034 9331 5330 9583 2071 7530 342 5791 4361 978 6070 3825 9982 7665 6021 2762 8565 3010 3286 746 794 8496 4651 8473 9528 926 9238 8973 4170 5895
2368
False
38
False
1194
1194
8448 4992 799 9418 247 6031 2034 9331 5330 9583 2071 7530 342 5791 4361 978 6070 3825 9982 7665 6021 2762 8565 3010 3286 746 794 8496 4651 8473 9528 926 9238 8973 4170 5895 2368 1194
247
1194
False
247
False
39
247
247
2186
False
False
False
8448 4992 799 9418 247 6031 2034 9331 5330 9583 2071 7530 342 5791 4361 978 6070 3825 9982 7665 6021 2762 8565 3010 3286 746 794 8496 4651 8473 9528 926 9238 8973 4170 5895 2368 8648 1663
40
247
False
6572
247
41
8448 4992 799 9418 247 6031 2034 9331 5330 9583 2071 7530 342 5791 4361 978 6070 3825 9982 7665 6021 2762 8565 3010 3286 746 794 8496 4651 8473 9528 926 9238 8973 4170 5895 2368 8648 1663 6572 7420
7420
8448 4992 799 9418 247 6031 2034 9331 5330 9583 2071 7530 342 5791 4361 978 6070 3825 9982 7665 6021 2762 8565 3010 3286 746 794 8496 4651 8473 9528 926 9238 8973 4170 5895 2368 8648 1663 6572 7420
False
False
8448 4992 799 9418 247 6031 2034 9331 5330 9583 2071 7530 342 5791 4361 978 6070 3825 9982 7665 6021 2762 8565 3010 3286 746 794 8496 4651 8473 9528 926 9238 8973 4170 5895 2368 8648 1663 6572 7420 179
False
False
179
False
False
247
False
8448 4992 799 9418 247 6031 2034 9331 5330 9583 2071 7530 342 5791 4361 978 6070 3825 9982 7665 6021 2762 8565 3010 3286 746 794 8496 4651 8473 9528 926 9238 8973 4170 5895 2368 8648 1663 6572 7420
False
40
8448 4992 799 9418 247 6031 2034 9331 5330 9583 2071 7530 342 5791 4361 978 6070 3825 9982 7665 6021 2762 8565 3010 3286 746 794 8496 4651 8473 9528 926 9238 8973 4170 5895 2368 8648 1663 9287
40
177
247
247
False
False
40
8448 4992 799 9418 247 6031 2034 9331 5330 9583 2071 7530 342 5791 4361 978 6070 3825 9982 7665 6021 2762 8565 3010 3286 746 794 8496 4651 8473 9528 926 9238 8973 4170 5895 2368 8648 1663 9287 2536
41
40
False
False
247
False
False
False
8448 4992 799 9418 247 6031 2034 9331 5330 9583 2071 7530 342 5791 4361 978 6070 3825 9982 7665 6021 2762 8565 3010 3286 746 794 8496 4651 8473 9528 926 9238 8973 4170 5895 2368 8648 5198 1163 9908
False
247
8448 4992 799 9418 247 6031 2034 9331 5330 9583 2071 7530 342 5791 4361 978 6070 3825 9982 7665 6021 2762 8565 3010 3286 746 794 8496 4651 8473 9528 926 9238 8973 4170 5895 2368 8648 5198
5198
False
False
247
False
1639
False
8448 4992 799 9418 247 6031 2034 9331 5330 9583 2071 7530 342 5791 4361 978 6070 3825 9982 7665 6021 2762 8565 3010 3286 746 794 8496 4651 8473 9528 926 9238 8973 4170 5895 2368 8648 1639
False
False
8648
36
247
8448 4992 799 9418 247 6031 2034 9331 5330 9583 2071 7530 342 5791 4361 978 6070 3825 9982 7665 6021 2762 8565 3010 3286 746 794 8496 4651 8473 9528 926 9238 8973 4170 5895
False
247
4170
35
8448 4992 799 9418 247 6031 2034 9331 5330 9583 2071 7530 342 5791 4361 978 6070 3825 9982 7665 6021 2762 8565 3010 3286 746 794 8496 4651 8473 9528 926 9238 8973 4170
4170
247
False
False
5203
False
247
247
False
False
False
247
717
False
717
8448 4992 799 9418 247 6031 2034 9331 5330 9583 2071 7530 342 5791 4361 978 6070 3825 9982 7665 6021 2762 8565 3010 3286 746 794 8496 4651 8473 9528 926 9238 8973 4170 5299 5203
8448 4992 799 9418 247 6031 2034 9331 5330 9583 2071 7530 342 5791 4361 978 6070 3825 9982 7665 6021 2762 8565 3010 3286 746 794 8496 4651 8473 9528 926 9238 8973 4170 5299 5203
37
247
38
247
False
False
False
False
37
247
False
4170
False
4170
8448 4992 799 9418 247 6031 2034 9331 5330 9583 2071 7530 342 5791 4361 978 6070 3825 9982 7665 6021 2762 8565 3010 3286 746 794 8496 4651 8473 9528 926 9238 8973 4170
False
False
False
False
247
34
8448 4992 799 9418 247 6031 2034 9331 5330 9583 2071 7530 342 5791 4361 978 6070 3825 9982 7665 6021 2762 8565 3010 3286 746 794 8496 4651 8473 9528 926 9238 8973
34
8448 4992 799 9418 247 6031 2034 9331 5330 9583 2071 7530 342 5791 4361 978 6070 3825 9982 7665 6021 2762 8565 3010 3286 746 794 8496 4651 8473 9528 926 9238 8973 8249
False
8973
247
35
8448 4992 799 9418 247 6031 2034 9331 5330 9583 2071 7530 342 5791 4361 978 6070 3825 9982 7665 6021 2762 8565 3010 3286 746 794 8496 4651 8473 9528 926 9238 8973 8731
247
False
35
35
False
False
247
False
33
32
False
247
8448 4992 799 9418 247 6031 2034 9331 5330 9583 2071 7530 342 5791 4361 978 6070 3825 9982 7665 6021 2762 8565 3010 3286 746 794 8496 4651 8473 9528 6750
False
32
6702
33
247
False
8448 4992 799 9418 247 6031 2034 9331 5330 9583 2071 7530 342 5791 4361 978 6070 3825 9982 7665 6021 2762 8565 3010 3286 746 794 8496 4651
False
False
8448 4992 799 9418 247 6031 2034 9331 5330 9583 2071 7530 342 5791 4361 978 6070 3825 9982 7665 6021 2762 8565 3010 3286
247
9488
247
29
8448 4992 799 9418 247 6031 2034 9331 5330 9583 2071 7530 342 5791 4361 978 6070 3825 9982 7665 6021 2762 8565 3010 3286 1702 9488 2365 6458
247
6458
8448 4992 799 9418 247 6031 2034 9331 5330 9583 2071 7530 342 5791 4361 978 6070 3825 9982 7665 6021 2762 8565 3010 3286 1702 9488 2365 6458
28
2365
8448 4992 799 9418 247 6031 2034 9331 5330 9583 2071 7530 342 5791 4361 978 6070 3825 9982 7665 6021 2762 8565 3010 3286 1702 9488 2365 7586 713
30
False
247
False
8448 4992 799 9418 247 6031 2034 9331 5330 9583 2071 7530 342 5791 4361 978 6070 3825 9982 7665 6021 2762 8565 3010 3286 1702 9488 2365 7586 713 7493
33
False
False
32
8448 4992 799 9418 247 6031 2034 9331 5330 9583 2071 7530 342 5791 4361 978 6070 3825 9982 7665 6021 2762 8565 3010 3286 1702 9488 2365 7586 713 7493
8448 4992 799 9418 247 6031 2034 9331 5330 9583 2071 7530 342 5791 4361 978 6070 3825 9982 7665 6021 2762 8565 3010 3286 1702 9488 2365 7586 713 7493
False
2365
False
2365
False
9488
9488
9488
False
247
False
247
8448 4992 799 9418 247 6031 2034 9331 5330 9583 2071 7530 342 5791 4361 978 6070 3825 9982 7665 6021 2762 8565 3010 3286 1702 9488 6435 8959
27
247
27
8448 4992 799 9418 247 6031 2034 9331 5330 9583 2071 7530 342 5791 4361 978 6070 3825 9982 7665 6021 2762 8565 3010 3286 1702 2780
False
False
28
False
False
29
False
247
28
8448 4992 799 9418 247 6031 2034 9331 5330 9583 2071 7530 342 5791 4361 978 6070 3825 9982 7665 6021 2762 8565 3010 3286 1702 2780 1641
5048
247
247
False
False
False
2780
False
23
8448 4992 799 9418 247 6031 2034 9331 5330 9583 2071 7530 342 5791 4361 978 6070 3825 9982 7665 6021 2762 8565
8448 4992 799 9418 247 6031 2034 9331 5330 9583 2071 7530 342 5791 4361 978 6070 3825 9982 7665 6021 2762 8565
8565
247
23
247
False
8448 4992 799 9418 247 6031 2034 9331 5330 9583 2071 7530 342 5791 4361 978 6070 3825 9982 7665 6021 2762 8565
8565
23
2762
False
247
8448 4992 799 9418 247 6031 2034 9331 5330 9583 2071 7530 342 5791 4361 978 6070 3825 9982 7665 6021 2762 3725
247
False
247
False
25
4425
8448 4992 799 9418 247 6031 2034 9331 5330 9583 2071 7530 342 5791 4361 978 6070 3825 9982 7665 6021 2762 3725 3343 718 4425
8448 4992 799 9418 247 6031 2034 9331 5330 9583 2071 7530 342 5791 4361 978 6070 3825 9982 7665 6021 2762 3725 3343 718 4425
3343
False
False
247
2053
247
8448 4992 799 9418 247 6031 2034 9331 5330 9583 2071 7530 342 5791 4361 978 6070 3825 9982 7665 6021 2762 2053 1779
False
8448 4992 799 9418 247 6031 2034 9331 5330 9583 2071 7530 342 5791 4361 978 6070 3825 9982 7665 6021 2762 2053 1779
247
False
7074
False
247
False
24
False
False
23
False
25
False
247
False
23
8448 4992 799 9418 247 6031 2034 9331 5330 9583 2071 7530 342 5791 4361 978 6070 3825 9982 7665 6021 2762 2053
23
8448 4992 799 9418 247 6031 2034 9331 5330 9583 2071 7530 342 5791 4361 978 6070 3825 9982 7665 6021 2762 2053
23
8448 4992 799 9418 247 6031 2034 9331 5330 9583 2071 7530 342 5791 4361 978 6070 3825 9982 7665 9065 2891
8448 4992 799 9418 247 6031 2034 9331 5330 9583 2071 7530 342 5791 4361 978 6070 3825 9982 7665 9065 2891
22
8448 4992 799 9418 247 6031 2034 9331 5330 9583 2071 7530 342 5791 4361 978 6070 3825 9982 7665 9065 2891 5875 758
247
244
244
8448 4992 799 9418 247 6031 2034 9331 5330 9583 2071 7530 342 5791 4361 978 6070 3825 9982 7665 9065 2891 5875 758 244 3520
25
8448 4992 799 9418 247 6031 2034 9331 5330 9583 2071 7530 342 5791 4361 978 6070 3825 9982 7665 9065 2891 5875 758 244
False
False
758
False
False
8448 4992 799 9418 247 6031 2034 9331 5330 9583 2071 7530 342 5791 4361 978 6070 3825 9982 7665 9065 2891 5875 758
False
False
False
False
25
25
247
8448 4992 799 9418 247 6031 2034 9331 5330 9583 2071 7530 342 5791 4361 978 6070 3825 9982 7665 9065 2891 5875 758 5342 2190
8448 4992 799 9418 247 6031 2034 9331 5330 9583 2071 7530 342 5791 4361 978 6070 3825 9982 7665 9065 2891 5875 758 5342 2190
False
8448 4992 799 9418 247 6031 2034 9331 5330 9583 2071 7530 342 5791 4361 978 6070 3825 9982 7665 9065 2891 5875 758 5342
247
False
False
6413
False
False
False
8448 4992 799 9418 247 6031 2034 9331 5330 9583 2071 7530 342 5791 4361 978 6070 3825 9982 7665 9065 2891 5875 758 5342
25
25
247
758
False
247
8448 4992 799 9418 247 6031 2034 9331 5330 9583 2071 7530 342 5791 4361 978 6070 3825 9982 7665 9065 2891 5875 758
False
24
24
22
8448 4992 799 9418 247 6031 2034 9331 5330 9583 2071 7530 342 5791 4361 978 6070 3825 9982 7665 9065 2891
22
8448 4992 799 9418 247 6031 2034 9331 5330 9583 2071 7530 342 5791 4361 978 6070 3825 9982 7665 9065 2891
8448 4992 799 9418 247 6031 2034 9331 5330 9583 2071 7530 342 5791 4361 978 6070 3825 9982 7665
False
20
False
247
8448 4992 799 9418 247 6031 2034 9331 5330 9583 2071 7530 342 5791 4361 978 6070 3825 9982 7665
False
False
8448 4992 799 9418 247 6031 2034 9331 5330 9583 2071 7530 342 5791 4361 978 6070 3825 9982 7665
False
4410
False
False
False
20
False
False
8448 4992 799 9418 247 6031 2034 9331 5330 9583 2071 7530 342 5791 4361 978 6070 3825 9982 4410
247
False
6550
247
247
False
21
247
23
8448 4992 799 9418 247 6031 2034 9331 5330 9583 2071 7530 342 5791 4361 978 6070 3825 9982 4410 5082 5615
22
477
247
23
5916
5916
23
247
False
247
8448 4992 799 9418 247 6031 2034 9331 5330 9583 2071 7530 342 5791 4361 978 6070 3825 9982 4410 5082 5615 8762 745
False
False
False
25
672
672
8448 4992 799 9418 247 6031 2034 9331 5330 9583 2071 7530 342 5791 4361 978 6070 3825 9982 4410 5082 5615 8762 672
False
8448 4992 799 9418 247 6031 2034 9331 5330 9583 2071 7530 342 5791 4361 978 6070 3825 9982 4410 5082 5615 8762 672
672
False
8448 4992 799 9418 247 6031 2034 9331 5330 9583 2071 7530 342 5791 4361 978 6070 3825 9982 4410 5082 5615 1634 8452 3872
7994
8448 4992 799 9418 247 6031 2034 9331 5330 9583 2071 7530 342 5791 4361 978 6070 3825 9982 4410 5082 5615 1634 8452 3872
26
False
False
3872
False
False
False
False
False
247
1634
8448 4992 799 9418 247 6031 2034 9331 5330 9583 2071 7530 342 5791 4361 978 6070 3825 9982 4410 5082 3152
False
8448 4992 799 9418 247 6031 2034 9331 5330 9583 2071 7530 342 5791 4361 978 6070 3825 9982 4410 5082 3152 588 4874
False
247
247
25
247
8448 4992 799 9418 247 6031 2034 9331 5330 9583 2071 7530 342 5791 4361 978 6070 3825 9982 4410 5082 3152 588 4874 5533
5533
247
26
8448 4992 799 9418 247 6031 2034 9331 5330 9583 2071 7530 342 5791 4361 978 6070 3825 9982 4410 5082 3152 588 4874 5533 3381
26
247
27
28
247
8448 4992 799 9418 247 6031 2034 9331 5330 9583 2071 7530 342 5791 4361 978 6070 3825 9982 4410 5082 3152 588 4874 5533 3381 2824 8383 2901
8448 4992 799 9418 247 6031 2034 9331 5330 9583 2071 7530 342 5791 4361 978 6070 3825 9982 4410 5082 3152 588 4874 5533 3381 2824 8383 2901
2901
8448 4992 799 9418 247 6031 2034 9331 5330 9583 2071 7530 342 5791 4361 978 6070 3825 9982 4410 5082 3152 588 4874 5533 3381 2824 8383 2901
4536
247
31
8448 4992 799 9418 247 6031 2034 9331 5330 9583 2071 7530 342 5791 4361 978 6070 3825 9982 4410 5082 3152 588 4874 5533 3381 2824 8383 2901 2728 4536
2728
28
27
8448 4992 799 9418 247 6031 2034 9331 5330 9583 2071 7530 342 5791 4361 978 6070 3825 9982 4410 5082 3152 588 4874 5533 3381
False
8448 4992 799 9418 247 6031 2034 9331 5330 9583 2071 7530 342 5791 4361 978 6070 3825 9982 4410 5082 3152 588
247
False
247
False
23
False
24
24
24
1826
8448 4992 799 9418 247 6031 2034 9331 5330 9583 2071 7530 342 5791 4361 978 6070 3825 9982 4410 5082 3152 8659 7174 1826
247
False
False
247
8448 4992 799 9418 247 6031 2034 9331 5330 9583 2071 7530 342 5791 4361 978 6070 3825 9982 4410 5082 3152
21
5082
247
247
247
8448 4992 799 9418 247 6031 2034 9331 5330 9583 2071 7530 342 5791 4361 978 6070 3825 9982
False
3825
False
18
8448 4992 799 9418 247 6031 2034 9331 5330 9583 2071 7530 342 5791 4361 978 6070
247
6070
8448 4992 799 9418 247 6031 2034 9331 5330 9583 2071 7530 342 5791 4361 978 6070
8448 4992 799 9418 247 6031 2034 9331 5330 9583 2071 7530 342 5791 4361 978 6070 8289 318 6178
20
False
20
20
False
False
19
247
False
19
False
8448 4992 799 9418 247 6031 2034 9331 5330 9583 2071 7530 342 5791 4361 978 6070 8289 318 1260
8448 4992 799 9418 247 6031 2034 9331 5330 9583 2071 7530 342 5791 4361 978 6070 8289 318
247
18
18
False
7925
False
False
247
8448 4992 799 9418 247 6031 2034 9331 5330 9583 2071 7530 342 5791 4361 978 6070
6070
8448 4992 799 9418 247 6031 2034 9331 5330 9583 2071 7530 342 5791 4361 978 6070 46
6070
8448 4992 799 9418 247 6031 2034 9331 5330 9583 2071 7530 342 5791 4361 978 6070
17
338
False
19
247
247
False
631
21
False
False
5371
247
8448 4992 799 9418 247 6031 2034 9331 5330 9583 2071 7530 342 5791 4361 978 6070 5519 4725 3551 1573 5695 5371
False
5371
5371
5371
5371
False
False
5371
5371
8448 4992 799 9418 247 6031 2034 9331 5330 9583 2071 7530 342 5791 4361 978 6070 5519 4725 3551
3551
19
False
247
False
False
247
22
False
False
8448 4992 799 9418 247 6031 2034 9331 5330 9583 2071 7530 342 5791 4361 978 6070 5519 4725 5678 9771 4651 8087 642 1223
8087
8087
8448 4992 799 9418 247 6031 2034 9331 5330 9583 2071 7530 342 5791 4361 978 6070 5519 4725 5678 9771
4284
4725
False
247
False
False
False
8448 4992 799 9418 247 6031 2034 9331 5330 9583 2071 7530 342 5791 4361 978 6070 5519 6488 2414
False
247
False
7760
False
False
21
8448 4992 799 9418 247 6031 2034 9331 5330 9583 2071 7530 342 5791 4361 978 6070 5519 6488 2414 8795
False
8448 4992 799 9418 247 6031 2034 9331 5330 9583 2071 7530 342 5791 4361 978 6070 5519 6488 2414
20
18
5519
5519
False
9303
9303
9303
8448 4992 799 9418 247 6031 2034 9331 5330 9583 2071 7530 342 5791 4361 978 6070 5519 9303
9303
247
False
20
247
3478
247
19
247
5519
17
17
False
15
False
4361
False
False
4361
8448 4992 799 9418 247 6031 2034 9331 5330 9583 2071 7530 342 4108
False
15
False
False
8448 4992 799 9418 247 6031 2034 9331 5330 9583 2071 7530 342 4108 5613
False
15
247
False
247
False
False
False
False
8448 4992 799 9418 247 6031 2034 9331 5330 9583 2071 7530 342 4108 8723 351 8644 5720
247
1464
False
9816
18
8448 4992 799 9418 247 6031 2034 9331 5330 9583 2071 7530 342 4108 8723 351 1464 9816
18
8448 4992 799 9418 247 6031 2034 9331 5330 9583 2071 7530 342 4108 8723 351 1464 9816
247
8448 4992 799 9418 247 6031 2034 9331 5330 9583 2071 7530 342 4108 8723 351 1464 9816
18
False
19
8448 4992 799 9418 247 6031 2034 9331 5330 9583 2071 7530 342 4108 8723 351 1464 1683 1139
19
227
False
False
False
7868
227
227
21
247
247
247
False
8448 4992 799 9418 247 6031 2034 9331 5330 9583 2071 7530 342 4108 8723 351 1464 3620
False
20
247
False
247
247
19
247
247
247
247
247
False
247
247
247
16
6015
14
247
8448 4992 799 9418 247 6031 2034 9331 5330 9583 2071 7530 342
False
8448 4992 799 9418 247 6031 2034 9331 5330 9583 2071 7530 342 4845
8672
8448 4992 799 9418 247 6031 2034 9331 5330 9583 2071 7530 342 4845 8672 3654
1727
False
247
247
False
False
247
6296
5429
21
8448 4992 799 9418 247 6031 2034 9331 5330 9583 2071 7530 342 4845 8672 3654 1727 588 759 6296 5429 4422
4422
8448 4992 799 9418 247 6031 2034 9331 5330 9583 2071 7530 342 4845 8672 3654 1727 588 759 6296 5429 4422 9516 712 1229
26
247
8448 4992 799 9418 247 6031 2034 9331 5330 9583 2071 7530 342 4845 8672 3654 1727 588 759 6296 5429 4422 9516 712 1229 2877
8448 4992 799 9418 247 6031 2034 9331 5330 9583 2071 7530 342 4845 8672 3654 1727 588 759 6296 5429 4422 9516 712 1229 2877
26
False
247
247
27
6283
False
8448 4992 799 9418 247 6031 2034 9331 5330 9583 2071 7530 342 4845 8672 3654 1727 588 759 6296 5429 4422 9516 712 1229 2877 6283
2877
247
False
247
247
False
False
False
31
False
False
False
False
False
False
False
False
38
8448 4992 799 9418 247 6031 2034 9331 5330 9583 2071 7530 342 4845 8672 3654 1727 588 759 6296 5429 4422 9516 712 1229 2877 9652 392 6431 4079 135 7102 1135 8920 5367 8766 5091
False
False
False
38
2499
4081
False
False
135
135
False
False
40
135
False
False
2116
False
8448 4992 799 9418 247 6031 2034 9331 5330 9583 2071 7530 342 4845 8672 3654 1727 588 759 6296 5429 4422 9516 712 1229 2877 9652 392 6431 4079 135 7102 1135 8920 5367 8766 5091 4411 871 4773 5821 3223 4399 9749
135
False
9749
43
3223
False
False
42
False
False
7359
7359
False
False
44
False
135
1446
44
8612
False
8448 4992 799 9418 247 6031 2034 9331 5330 9583 2071 7530 342 4845 8672 3654 1727 588 759 6296 5429 4422 9516 712 1229 2877 9652 392 6431 4079 135 7102 1135 8920 5367 8766 5091 4411 871 4773 5821 3223 7359 2023 6643 769 8612 635
635
635
8448 4992 799 9418 247 6031 2034 9331 5330 9583 2071 7530 342 4845 8672 3654 1727 588 759 6296 5429 4422 9516 712 1229 2877 9652 392 6431 4079 135 7102 1135 8920 5367 8766 5091 4411 871 4773 5821 3223 7359 2023 6643 769 8612 635
False
48
135
False
False
8612
47
135
False
8448 4992 799 9418 247 6031 2034 9331 5330 9583 2071 7530 342 4845 8672 3654 1727 588 759 6296 5429 4422 9516 712 1229 2877 9652 392 6431 4079 135 7102 1135 8920 5367 8766 5091 4411 871 4773 5821 3223 7359 2023 6643 769 8612
8448 4992 799 9418 247 6031 2034 9331 5330 9583 2071 7530 342 4845 8672 3654 1727 588 759 6296 5429 4422 9516 712 1229 2877 9652 392 6431 4079 135 7102 1135 8920 5367 8766 5091 4411 871 4773 5821 3223 7359 2023 6643 769 8612
False
769
False
False
8448 4992 799 9418 247 6031 2034 9331 5330 9583 2071 7530 342 4845 8672 3654 1727 588 759 6296 5429 4422 9516 712 1229 2877 9652 392 6431 4079 135 7102 1135 8920 5367 8766 5091 4411 871 4773 5821 3223 7359 2023 6643 769 2466 3495
False
8448 4992 799 9418 247 6031 2034 9331 5330 9583 2071 7530 342 4845 8672 3654 1727 588 759 6296 5429 4422 9516 712 1229 2877 9652 392 6431 4079 135 7102 1135 8920 5367 8766 5091 4411 871 4773 5821 3223 7359 2023 6643 769 2466 3461
False
135
3090
53
8448 4992 799 9418 247 6031 2034 9331 5330 9583 2071 7530 342 4845 8672 3654 1727 588 759 6296 5429 4422 9516 712 1229 2877 9652 392 6431 4079 135 7102 1135 8920 5367 8766 5091 4411 871 4773 5821 3223 7359 2023 6643 769 2466 2234 3458 1530 8758 2964
False
2964
False
51
135
8758
False
False
False
8448 4992 799 9418 247 6031 2034 9331 5330 9583 2071 7530 342 4845 8672 3654 1727 588 759 6296 5429 4422 9516 712 1229 2877 9652 392 6431 4079 135 7102 1135 8920 5367 8766 5091 4411 871 4773 5821 3223 7359 2023 6643 769 2466 2234 3458 1530 1352 2299
135
1530
1530
False
False
1530
1530
False
False
135
8448 4992 799 9418 247 6031 2034 9331 5330 9583 2071 7530 342 4845 8672 3654 1727 588 759 6296 5429 4422 9516 712 1229 2877 9652 392 6431 4079 135 7102 1135 8920 5367 8766 5091 4411 871 4773 5821 3223 7359 2023 6643 769 2466 2234 3458
49
False
3458
50
135
False
False
135
False
5735
False
8448 4992 799 9418 247 6031 2034 9331 5330 9583 2071 7530 342 4845 8672 3654 1727 588 759 6296 5429 4422 9516 712 1229 2877 9652 392 6431 4079 135 7102 1135 8920 5367 8766 5091 4411 871 4773 5821 3223 7359 2023 6643 769 2466 5735 1376 2162
9696
8448 4992 799 9418 247 6031 2034 9331 5330 9583 2071 7530 342 4845 8672 3654 1727 588 759 6296 5429 4422 9516 712 1229 2877 9652 392 6431 4079 135 7102 1135 8920 5367 8766 5091 4411 871 4773 5821 3223 7359 2023 6643 769 2466 5735 1376 2162 9696
8448 4992 799 9418 247 6031 2034 9331 5330 9583 2071 7530 342 4845 8672 3654 1727 588 759 6296 5429 4422 9516 712 1229 2877 9652 392 6431 4079 135 7102 1135 8920 5367 8766 5091 4411 871 4773 5821 3223 7359 2023 6643 769 2466 5735 1376 2162
False
8448 4992 799 9418 247 6031 2034 9331 5330 9583 2071 7530 342 4845 8672 3654 1727 588 759 6296 5429 4422 9516 712 1229 2877 9652 392 6431 4079 135 7102 1135 8920 5367 8766 5091 4411 871 4773 5821 3223 7359 2023 6643 769 2466 5735 1376 2162
135
False
False
135
8448 4992 799 9418 247 6031 2034 9331 5330 9583 2071 7530 342 4845 8672 3654 1727 588 759 6296 5429 4422 9516 712 1229 2877 9652 392 6431 4079 135 7102 1135 8920 5367 8766 5091 4411 871 4773 5821 3223 7359 2023 6643 769 2466 5735 1376 8547
50
1376
5735
48
False
135
8448 4992 799 9418 247 6031 2034 9331 5330 9583 2071 7530 342 4845 8672 3654 1727 588 759 6296 5429 4422 9516 712 1229 2877 9652 392 6431 4079 135 7102 1135 8920 5367 8766 5091 4411 871 4773 5821 3223 7359 2023 6643 769 2466 2204 538 7064 971 1695 3054 3242
54
54
False
False
8448 4992 799 9418 247 6031 2034 9331 5330 9583 2071 7530 342 4845 8672 3654 1727 588 759 6296 5429 4422 9516 712 1229 2877 9652 392 6431 4079 135 7102 1135 8920 5367 8766 5091 4411 871 4773 5821 3223 7359 2023 6643 769 2466 2204 538 7064 971 1695 3054 3242
False
55
9984
False
135
False
9984
False
False
135
8448 4992 799 9418 247 6031 2034 9331 5330 9583 2071 7530 342 4845 8672 3654 1727 588 759 6296 5429 4422 9516 712 1229 2877 9652 392 6431 4079 135 7102 1135 8920 5367 8766 5091 4411 871 4773 5821 3223 7359 2023 6643 769 2466 2204 538 7064 971 1695 3054 3242 9221 3262
False
135
False
False
135
False
1559
56
7129
7129
8448 4992 799 9418 247 6031 2034 9331 5330 9583 2071 7530 342 4845 8672 3654 1727 588 759 6296 5429 4422 9516 712 1229 2877 9652 392 6431 4079 135 7102 1135 8920 5367 8766 5091 4411 871 4773 5821 3223 7359 2023 6643 769 2466 2204 538 7064 971 1695 3054 1162 1559 7129
8448 4992 799 9418 247 6031 2034 9331 5330 9583 2071 7530 342 4845 8672 3654 1727 588 759 6296 5429 4422 9516 712 1229 2877 9652 392 6431 4079 135 7102 1135 8920 5367 8766 5091 4411 871 4773 5821 3223 7359 2023 6643 769 2466 2204 538 7064 971 1695 3054 1162 1559 7129
7129
False
1162
52
False
False
False
8448 4992 799 9418 247 6031 2034 9331 5330 9583 2071 7530 342 4845 8672 3654 1727 588 759 6296 5429 4422 9516 712 1229 2877 9652 392 6431 4079 135 7102 1135 8920 5367 8766 5091 4411 871 4773 5821 3223 7359 2023 6643 769 3814
8448 4992 799 9418 247 6031 2034 9331 5330 9583 2071 7530 342 4845 8672 3654 1727 588 759 6296 5429 4422 9516 712 1229 2877 9652 392 6431 4079 135 7102 1135 8920 5367 8766 5091 4411 871 4773 5821 3223 7359 2023 6643 769 3814
8448 4992 799 9418 247 6031 2034 9331 5330 9583 2071 7530 342 4845 8672 3654 1727 588 759 6296 5429 4422 9516 712 1229 2877 9652 392 6431 4079 135 7102 1135 8920 5367 8766 5091 4411 871 4773 5821 3223 7359 2023 6643 769 3814
False
48
4881
False
8448 4992 799 9418 247 6031 2034 9331 5330 9583 2071 7530 342 4845 8672 3654 1727 588 759 6296 5429 4422 9516 712 1229 2877 9652 392 6431 4079 135 7102 1135 8920 5367 8766 5091 4411 871 4773 5821 3223 7359 2023 6643 769 3814 4881 8695 9361 8844
8448 4992 799 9418 247 6031 2034 9331 5330 9583 2071 7530 342 4845 8672 3654 1727 588 759 6296 5429 4422 9516 712 1229 2877 9652 392 6431 4079 135 7102 1135 8920 5367 8766 5091 4411 871 4773 5821 3223 7359 2023 6643 769 3814 4881 8695 9361
2615
8448 4992 799 9418 247 6031 2034 9331 5330 9583 2071 7530 342 4845 8672 3654 1727 588 759 6296 5429 4422 9516 712 1229 2877 9652 392 6431 4079 135 7102 1135 8920 5367 8766 5091 4411 871 4773 5821 3223 7359 2023 6643 769 3814 4881 8695 9361 6037 2615 3356
False
8448 4992 799 9418 247 6031 2034 9331 5330 9583 2071 7530 342 4845 8672 3654 1727 588 759 6296 5429 4422 9516 712 1229 2877 9652 392 6431 4079 135 7102 1135 8920 5367 8766 5091 4411 871 4773 5821 3223 7359 2023 6643 769 3814 4881 8695 9361 6037
False
8448 4992 799 9418 247 6031 2034 9331 5330 9583 2071 7530 342 4845 8672 3654 1727 588 759 6296 5429 4422 9516 712 1229 2877 9652 392 6431 4079 135 7102 1135 8920 5367 8766 5091 4411 871 4773 5821 3223 7359 2023 6643 769 3814 4881 8695 9361 6037
8448 4992 799 9418 247 6031 2034 9331 5330 9583 2071 7530 342 4845 8672 3654 1727 588 759 6296 5429 4422 9516 712 1229 2877 9652 392 6431 4079 135 7102 1135 8920 5367 8766 5091 4411 871 4773 5821 3223 7359 2023 6643 769 3814 4881 8695 9361 6037
False
False
8448 4992 799 9418 247 6031 2034 9331 5330 9583 2071 7530 342 4845 8672 3654 1727 588 759 6296 5429 4422 9516 712 1229 2877 9652 392 6431 4079 135 7102 1135 8920 5367 8766 5091 4411 871 4773 5821 3223 7359 2023 6643 769 3814 4881 8695 9361 6037 2984
135
False
8448 4992 799 9418 247 6031 2034 9331 5330 9583 2071 7530 342 4845 8672 3654 1727 588 759 6296 5429 4422 9516 712 1229 2877 9652 392 6431 4079 135 7102 1135 8920 5367 8766 5091 4411 871 4773 5821 3223 7359 2023 6643 769 3814 4881 8695 9361 6037 2984
52
52
52
53
False
52
135
8448 4992 799 9418 247 6031 2034 9331 5330 9583 2071 7530 342 4845 8672 3654 1727 588 759 6296 5429 4422 9516 712 1229 2877 9652 392 6431 4079 135 7102 1135 8920 5367 8766 5091 4411 871 4773 5821 3223 7359 2023 6643 769 3814 4881 8695 9361 6037 2984
False
False
False
6037
3890
135
False
51
8448 4992 799 9418 247 6031 2034 9331 5330 9583 2071 7530 342 4845 8672 3654 1727 588 759 6296 5429 4422 9516 712 1229 2877 9652 392 6431 4079 135 7102 1135 8920 5367 8766 5091 4411 871 4773 5821 3223 7359 2023 6643 769 3814 4881 8695 3890
135
50
False
135
49
False
135
5518
False
999
False
5518
64
8448 4992 799 9418 247 6031 2034 9331 5330 9583 2071 7530 342 4845 8672 3654 1727 588 759 6296 5429 4422 9516 712 1229 2877 9652 392 6431 4079 135 7102 1135 8920 5367 8766 5091 4411 871 4773 5821 3223 7359 2023 6643 769 3814 4881 5518
4881
135
8448 4992 799 9418 247 6031 2034 9331 5330 9583 2071 7530 342 4845 8672 3654 1727 588 759 6296 5429 4422 9516 712 1229 2877 9652 392 6431 4079 135 7102 1135 8920 5367 8766 5091 4411 871 4773 5821 3223 7359 2023 6643 769 3814
False
8448 4992 799 9418 247 6031 2034 9331 5330 9583 2071 7530 342 4845 8672 3654 1727 588 759 6296 5429 4422 9516 712 1229 2877 9652 392 6431 4079 135 7102 1135 8920 5367 8766 5091 4411 871 4773 5821 3223 7359 2023 6643 769 3814
8448 4992 799 9418 247 6031 2034 9331 5330 9583 2071 7530 342 4845 8672 3654 1727 588 759 6296 5429 4422 9516 712 1229 2877 9652 392 6431 4079 135 7102 1135 8920 5367 8766 5091 4411 871 4773 5821 3223 7359 2023 6643 769 3814
8448 4992 799 9418 247 6031 2034 9331 5330 9583 2071 7530 342 4845 8672 3654 1727 588 759 6296 5429 4422 9516 712 1229 2877 9652 392 6431 4079 135 7102 1135 8920 5367 8766 5091 4411 871 4773 5821 3223 7359 2023 6643 769
769
769
46
False
45
135
8448 4992 799 9418 247 6031 2034 9331 5330 9583 2071 7530 342 4845 8672 3654 1727 588 759 6296 5429 4422 9516 712 1229 2877 9652 392 6431 4079 135 7102 1135 8920 5367 8766 5091 4411 871 4773 5821 3223 7359 2023 6643
False
135
False
False
8448 4992 799 9418 247 6031 2034 9331 5330 9583 2071 7530 342 4845 8672 3654 1727 588 759 6296 5429 4422 9516 712 1229 2877 9652 392 6431 4079 135 7102 1135 8920 5367 8766 5091 4411 871 4773 5821 3223 7359 2023
2023
8448 4992 799 9418 247 6031 2034 9331 5330 9583 2071 7530 342 4845 8672 3654 1727 588 759 6296 5429 4422 9516 712 1229 2877 9652 392 6431 4079 135 7102 1135 8920 5367 8766 5091 4411 871 4773 5821 3223
8448 4992 799 9418 247 6031 2034 9331 5330 9583 2071 7530 342 4845 8672 3654 1727 588 759 6296 5429 4422 9516 712 1229 2877 9652 392 6431 4079 135 7102 1135 8920 5367 8766 5091 4411 871 4773 5821 3223 7546
8448 4992 799 9418 247 6031 2034 9331 5330 9583 2071 7530 342 4845 8672 3654 1727 588 759 6296 5429 4422 9516 712 1229 2877 9652 392 6431 4079 135 7102 1135 8920 5367 8766 5091 4411 871 4773 5821 3223 7546
3223
False
8448 4992 799 9418 247 6031 2034 9331 5330 9583 2071 7530 342 4845 8672 3654 1727 588 759 6296 5429 4422 9516 712 1229 2877 9652 392 6431 4079 135 7102 1135 8920 5367 8766 5091 4411 871 4773 5821
42
False
8448 4992 799 9418 247 6031 2034 9331 5330 9583 2071 7530 342 4845 8672 3654 1727 588 759 6296 5429 4422 9516 712 1229 2877 9652 392 6431 4079 135 7102 1135 8920 5367 8766 5091 4411 871 4773 5821
False
8448 4992 799 9418 247 6031 2034 9331 5330 9583 2071 7530 342 4845 8672 3654 1727 588 759 6296 5429 4422 9516 712 1229 2877 9652 392 6431 4079 135 7102 1135 8920 5367 8766 5091 4411 871 4773
5509
False
135
40
871
False
False
8448 4992 799 9418 247 6031 2034 9331 5330 9583 2071 7530 342 4845 8672 3654 1727 588 759 6296 5429 4422 9516 712 1229 2877 9652 392 6431 4079 135 7102 1135 8920 5367 8766 5091
5091
5091
5091
8448 4992 799 9418 247 6031 2034 9331 5330 9583 2071 7530 342 4845 8672 3654 1727 588 759 6296 5429 4422 9516 712 1229 2877 9652 392 6431 4079 135 7102 1135 8920 5367 8766 5091 9653
9653
False
False
38
135
False
135
38
38
False
9653
9653
False
False
3535
False
40
False
39
3535
135
False
8448 4992 799 9418 247 6031 2034 9331 5330 9583 2071 7530 342 4845 8672 3654 1727 588 759 6296 5429 4422 9516 712 1229 2877 9652 392 6431 4079 135 7102 1135 8920 5367 8766 5091 9653
