False
True
Empty
0
Empty
Empty



True
Empty
True
Empty
1846
1846
False
1846
Empty

Empty
Empty

Empty
Empty

Empty
Empty
0
True

True
0
Empty



Empty
False
False
5443
2
5443
False
False
2
8902
False
3
8902 5247 389
389
389
False
389
3
389
8902 5247 389 4842
8902 5247 389 4842
4842
389
6
389
False
9
8244
False
8902 5247 389 4842 1834 1556 505 7810
False
8902 5247 389 4842 1834 1556 505 7810
False
7810
False
False
8902 5247 389 4842 1834 1556 505 7810
8902 5247 389 4842 1834 1556 505
1318
False
389
8902 5247 389 4842 1834 1556 505
False
False
False
False
6503
8902 5247 389 4842 1834 1556 505 6503
False
389
10
2881
False
4463
7358
389
8902 5247 389 4842 1834 1556 505 6503 6182
False
False
389
5264
False
False
389
8902 5247 389 4842 1834 1556 505 6503 6182 5264
False
False
10
False
389
1862
False
389
False
False
False
8902 5247 389 4842 1834 1556 505 6503 6182 1862 200 8474 7261
False
8902 5247 389 4842 1834 1556 505 6503 6182 1862 200 8474 7261
200
12
8902 5247 389 4842 1834 1556 505 6503 6182 1862 200 8474
False
1862
12
4778
8902 5247 389 4842 1834 1556 505 6503 6182 1862 1239 4778
4778
12
False
10
389
8902 5247 389 4842 1834 1556 505 6503 6182
False
False
6503
8
389
False
8902 5247 389 4842 1834 1556 505 6503
6503
389
False
389
11
11
8902 5247 389 4842 1834 1556 505 6503 4459 5479 4056
389
8902 5247 389 4842 1834 1556 505 6503 4459 5479 4056
389
False
False
12
12
8902 5247 389 4842 1834 1556 505 6503 4459 5479 4056 7804
False
12
8902 5247 389 4842 1834 1556 505 6503 4459 5479 4056 7804
False
False
False
5085
8902 5247 389 4842 1834 1556 505 6503 4459 5479 4056 7804 5582 7250 5085
8723
16
8902 5247 389 4842 1834 1556 505 6503 4459 5479 4056 7804 5582 7250 5085 8723 5950
False
389
389
False
8723
False
8723
False
8723
8723
16
False
17
False
8902 5247 389 4842 1834 1556 505 6503 4459 5479 4056 7804 5582 7250 5085
False
False
False
8902 5247 389 4842 1834 1556 505 6503 4459 5479 4056 7804 5582 7250 5085 9398
False
389
9398
6047
False
False
False
18
18
False
389
8902 5247 389 4842 1834 1556 505 6503 4459 5479 4056 7804 5582 7250 5085 9398 6047 4161 6906
8902 5247 389 4842 1834 1556 505 6503 4459 5479 4056 7804 5582 7250 5085 9398 6047 4161 6906
6906
389
4161
False
False
4764
False
18
18
False
389
19
False
389
False
False
False
389
389
389
False
False
18
8902 5247 389 4842 1834 1556 505 6503 4459 5479 4056 7804 5582 7250 5085 9398 6047
17
389
389
17
False
False
False
3086
False
False
False
17
389
False
389
17
9939
8902 5247 389 4842 1834 1556 505 6503 4459 5479 4056 7804 5582 7250 5085 9398 9939
False
8902 5247 389 4842 1834 1556 505 6503 4459 5479 4056 7804 5582 7250 5085 9398 9939 7743
8902 5247 389 4842 1834 1556 505 6503 4459 5479 4056 7804 5582 7250 5085 9398 9939 7743 1995
8902 5247 389 4842 1834 1556 505 6503 4459 5479 4056 7804 5582 7250 5085 9398 9939 7743 1995
False
False
389
False
20
8902 5247 389 4842 1834 1556 505 6503 4459 5479 4056 7804 5582 7250 5085 9398 9939 7743 1995 5887
3249
False
False
389
False
389
8902 5247 389 4842 1834 1556 505 6503 4459 5479 4056 7804 5582 7250 5085 9398 9939 7743 1995
389
False
False
8902 5247 389 4842 1834 1556 505 6503 4459 5479 4056 7804 5582 7250 5085 9398 9939 7743
8902 5247 389 4842 1834 1556 505 6503 4459 5479 4056 7804 5582 7250 5085 9398 9939 7743 8588
19
389
19
19
19
19
False
7743
389
389
8902 5247 389 4842 1834 1556 505 6503 4459 5479 4056 7804 5582 7250 5085
15
False
389
1531
False
False
17
8902 5247 389 4842 1834 1556 505 6503 4459 5479 4056 7804 5582 7250 5085 5043 1531
389
False
8902 5247 389 4842 1834 1556 505 6503 4459 5479 4056 7804 5582 7250 5085 5043 1531 1116
1116
389
389
20
8545
False
False
389
7190
1116
389
5043
False
16
False
389
False
False
1701
18
1701
False
False
111
111
19
8902 5247 389 4842 1834 1556 505 6503 4459 5479 4056 7804 5582 7250 5085 5043 9206 1701 111
111
False
111
False
389
9206
8902 5247 389 4842 1834 1556 505 6503 4459 5479 4056 7804 5582 7250 5085 5043 9206
389
False
389
389
17
389
False
False
17
389
4012
16
False
False
389
False
8902 5247 389 4842 1834 1556 505 6503 4459 5479 4056 7804 5582 7250 5085 927 6293 314 4805
19
False
8902 5247 389 4842 1834 1556 505 6503 4459 5479 4056 7804 5582 7250 5085 927 6293 314 4805
8902 5247 389 4842 1834 1556 505 6503 4459 5479 4056 7804 5582 7250 5085 927 6293 314 4805
314
20
8902 5247 389 4842 1834 1556 505 6503 4459 5479 4056 7804 5582 7250 5085 927 6293 314 4805
19
18
314
False
8902 5247 389 4842 1834 1556 505 6503 4459 5479 4056 7804 5582 7250 5085 927 6293 314 9808 705
19
17
False
8902 5247 389 4842 1834 1556 505 6503 4459 5479 4056 7804 5582 7250 5085 927 6293
False
8902 5247 389 4842 1834 1556 505 6503 4459 5479 4056 7804 5582 7250 5085 927 6293
False
389
False
16
False
389
False
8902 5247 389 4842 1834 1556 505 6503 4459 5479 4056 9173
False
False
False
748
8902 5247 389 4842 1834 1556 505 6503 4459 5479 4056 9173 61 748
8902 5247 389 4842 1834 1556 505 6503 4459 5479 4056 9173 61 748
False
61
61
61
389
8902 5247 389 4842 1834 1556 505 6503 4459
389
False
4459
389
8902 5247 389 4842 1834 1556 505 6503 4459 5193 8475
8902 5247 389 4842 1834 1556 505 6503 4459 5193 8475 240 7008
7008
False
False
8902 5247 389 4842 1834 1556 505 6503 4459 5193 8475
False
False
5965
13
389
389
389
10
5193
389
10
False
8902 5247 389 4842 1834 1556 505 6503 4459 5193 3605
False
8902 5247 389 4842 1834 1556 505 6503 4459 5193 3605
6
6
6
8902 5247 389 4842 1834 1556 505 6503 4459 5193 3605 6
8902 5247 389 4842 1834 1556 505 6503 4459 5193 3605 6
389
389
1533
8902 5247 389 4842 1834 1556 505 6503 4459 5193 3605 1533
8902 5247 389 4842 1834 1556 505 6503 4459 5193 3605 1533
False
8567
12
8902 5247 389 4842 1834 1556 505 6503 4459 5193 3605 1865
8902 5247 389 4842 1834 1556 505 6503 4459 5193 3605 1865
10
8902 5247 389 4842 1834 1556 505 6503 4459 5193
5193
389
389
8
389
False
8902 5247 389 4842 1834 1556 505 8385 2524
False
389
False
2524
False
False
6661
False
False
13
False
13
False
8902 5247 389 4842 1834 1556 505 8385 9869 7394 6661 5013 681 4962
14
8902 5247 389 4842 1834 1556 505 8385 9869 7394 6661 5013 681 4962
False
8902 5247 389 4842 1834 1556 505 8385 9869 7394 6661 5013 681 4962
6402
False
False
False
16
False
389
16
389
389
False
8902 5247 389 4842 1834 1556 505 8385 9869 7394 6661 5013 681 7608 6402 6484
389
16
False
8902 5247 389 4842 1834 1556 505 8385 9869 7394 6661 5013 681 7608 6402 6484
8902 5247 389 4842 1834 1556 505 8385 9869 7394 6661 5013 681 7608 6402 6484
False
15
False
14
False
8902 5247 389 4842 1834 1556 505 8385 9869 7394 6661 5013 681 7608 1675
3453
False
17
8902 5247 389 4842 1834 1556 505 8385 9869 7394 6661 5013 681 7608 1675 4965 3453
8902 5247 389 4842 1834 1556 505 8385 9869 7394 6661 5013 681 7608 1675 4965 1845
8902 5247 389 4842 1834 1556 505 8385 9869 7394 6661 5013 681 7608 1675 4965 1845
8902 5247 389 4842 1834 1556 505 8385 9869 7394 6661 5013 681 7608 1675 4965 1845
False
1520
8902 5247 389 4842 1834 1556 505 8385 9869 7394 6661 5013 681 7608 1675 4965 2941 1520
8902 5247 389 4842 1834 1556 505 8385 9869 7394 6661 5013 681 7608 1675 4965 2941 1520
389
389
8902 5247 389 4842 1834 1556 505 8385 9869 7394 6661 5013 681 7608 1675 4965 2941 1520 5922 8136
8902 5247 389 4842 1834 1556 505 8385 9869 7394 6661 5013 681 7608 1675 4965 2941 1520 5922 8136
20
False
False
22
5576
21
8902 5247 389 4842 1834 1556 505 8385 9869 7394 6661 5013 681 7608 1675 4965 2941 1520 5922 8136
False
20
389
8902 5247 389 4842 1834 1556 505 8385 9869 7394 6661 5013 681 7608 1675 4965 2941 1520 5922 8136
False
1520
False
False
4527
389
4527
20
False
8902 5247 389 4842 1834 1556 505 8385 9869 7394 6661 5013 681 7608 1675 4965 2941 1520 4612 4527 3570 7207
False
3570
3570
389
False
389
556
False
19
556
556
19
8902 5247 389 4842 1834 1556 505 8385 9869 7394 6661 5013 681 7608 1675 4965 2941 9623 556
19
389
False
False
8902 5247 389 4842 1834 1556 505 8385 9869 7394 6661 5013 681 7608 1675 4965 2941 9623
False
2941
False
