False
True
Empty
Empty
True
Empty
Empty
False


3058
3058
False
Empty
1
5137
5137

Empty
0
Empty
Empty
True
Empty
Empty
747
Empty
5142
1
5142
False
False
5142
False
False
1030
1030
2431
7328 1030 6100 2431 1157 6826
6826
False
7328 1030 6100 2431 1157 6826
7328 1030 6100 2431
False
False
4
8437
6
8437
6
8437
6
8437
False
False
1030
1030
4
4
7328 1030 6100 2431
1030
1030
False
False
False
1030
False
677
False
False
677
False
False
False
False
False
7328
False
7328 462
5196
False
7328
7328
7328
True
False
True

Empty
False
0
