False
0
False
Empty
0
False
False
False
2
False
False
566
566
False
566 9705 393
False
False
False
False
1849
5
False
7
3760
3760
7371
566 9705 393 6849 2032 4698 3405 3760 7371
False
False
566 9705 393 6849 2032 4698 3405 3760 7371 9784 5795
393
9784
False
False
393
393
393
393
False
False
False
False
102
6010
14
566 9705 393 6849 2032 4698 3405 3760 7371 102 4772 9638 4173 9783
102
False
6643
False
False
False
False
False
102
9
9
False
9
602
10
False
False
False
False
16
False
False
566 9705 393 6849 2032 4698 3405 3760 514 602 6842 555 547 1338 9127 4434
16
393
False
14
14
False
False
5311
566 9705 393 6849 2032 4698 3405 3760 514 602 6842 555 547 1338 5311
False
566 9705 393 6849 2032 4698 3405 3760 514 602 6842 555 547 1338 5311
393
False
2539
8109
393
17
566 9705 393 6849 2032 4698 3405 3760 514 602 6842 555 547 1338 5311 1359 1825
17
8329
393
8520
False
17
8520
393
17
393
False
566 9705 393 6849 2032 4698 3405 3760 514 602 6842 555 547 1338 5311 1359 8520
8520
False
False
15
1338
False
False
393
393
7412
False
False
21
False
False
False
393
False
5805
False
21
False
False
566 9705 393 6849 2032 4698 3405 3760 514 602 6842 555 547 1338 9769 6392 3739 7412 7745 1090 5805
393
393
393
393
393
566 9705 393 6849 2032 4698 3405 3760 514 602 6842 555 547 1338 9769 6392 3739 7412 7745 1090 5805 973
False
22
False
23
False
24
False
False
24
False
False
5641
False
295
False
25
24
393
5641
False
False
False
973
20
566 9705 393 6849 2032 4698 3405 3760 514 602 6842 555 547 1338 9769 6392 3739 7412 7745 1090
566 9705 393 6849 2032 4698 3405 3760 514 602 6842 555 547 1338 9769 6392 3739 7412 7745 1090 8435 5552 8376
False
False
5552
566 9705 393 6849 2032 4698 3405 3760 514 602 6842 555 547 1338 9769 6392 3739 7412 7745 1090 8435 5552
False
393
21
393
393
393
18
False
False
3739
17
566 9705 393 6849 2032 4698 3405 3760 514 602 6842 555 547 1338 9769 6392
393
False
False
216
15
566 9705 393 6849 2032 4698 3405 3760 514 602 6842 555 547 1338 9769
9769
393
False
False
13
393
566 9705 393 6849 2032 4698 3405 3760 514 602 6842 555
False
555
393
False
12
566 9705 393 6849 2032 4698 3405 3760 514 602 6842 555 2518 6072
7412
566 9705 393 6849 2032 4698 3405 3760 514 602 6842 555 2518 6072 7412
393
566 9705 393 6849 2032 4698 3405 3760 514 602 6842 555 2518 6072 6194
False
393
False
False
14
6072
14
False
14
False
False
566 9705 393 6849 2032 4698 3405 3760 514 602 6842 555 2518 6072
6072
566 9705 393 6849 2032 4698 3405 3760 514 602 6842 555 2518 6072
14
95
False
95
95
13
False
566 9705 393 6849 2032 4698 3405 3760 514 602 6842 555 95
566 9705 393 6849 2032 4698 3405 3760 514 602 6842 555 95 9232
False
95
566 9705 393 6849 2032 4698 3405 3760 514 602 6842 555 95 9232 5163
566 9705 393 6849 2032 4698 3405 3760 514 602 6842 555 95 9232 5163 8683
8683
95
8683
False
False
6031
False
95
2671
2671
False
False
False
95
False
6177
566 9705 393 6849 2032 4698 3405 3760 514 602 6842 555 95 9232 5163 8683 6031 6177
95
6177
False
False
19
False
566 9705 393 6849 2032 4698 3405 3760 514 602 6842 555 95 9232 5163
95
False
5163
15
False
False
95
566 9705 393 6849 2032 4698 3405 3760 514 602 6842 555 95 9232
95
False
95
False
95
13
95
False
95
False
False
14
566 9705 393 6849 2032 4698 3405 3760 514 602 6842 555 95 8664
95
566 9705 393 6849 2032 4698 3405 3760 514 602 6842 555 95 6487
95
566 9705 393 6849 2032 4698 3405 3760 514 602 6842 555 95 6487
False
False
555
139
566 9705 393 6849 2032 4698 3405 3760 514 602 6842 555 139
False
139
False
16
139
566 9705 393 6849 2032 4698 3405 3760 514 602 6842 555 139 5146
139
False
566 9705 393 6849 2032 4698 3405 3760 514 602 6842
10
False
566 9705 393 6849 2032 4698 3405 3760 514 602
False
False
False
9
514
393
10
566 9705 393 6849 2032 4698 3405 3760 514 761
False
False
False
393
False
9
False
False
False
566 9705 393 6849 2032 4698 3405 3760 514 3177
False
393
393
11
393
False
3172
False
5848
False
False
12
False
9663
False
False
566 9705 393 6849 2032 4698 3405 3760 514 3177 9663 848
13
13
False
566 9705 393 6849 2032 4698 3405 3760 514 3177 9663 848 9932
566 9705 393 6849 2032 4698 3405 3760 514 3177 9663 848 9932
False
False
False
False
False
False
False
False
False
566 9705 393 6849 2032 4698 3405 3760 514 3177 9663 848 9932 1170 3109
566 9705 393 6849 2032 4698 3405 3760 514 3177 9663 848 9932 1170 3109 7251
False
566 9705 393 6849 2032 4698 3405 3760 514 3177 9663 848 9932 1170 3109 7251
False
16
False
566 9705 393 6849 2032 4698 3405 3760 514 3177 9663 848 9932 1170 3109
566 9705 393 6849 2032 4698 3405 3760 514 3177 9663 848 9932 1170 3109
566 9705 393 6849 2032 4698 3405 3760 514 3177 9663 848 9932 1170 3109
False
15
False
False
False
566 9705 393 6849 2032 4698 3405 3760 514 3177 9663 848 9932 1170 3109 3989
False
393
4607
4607
393
False
3109
False
False
566 9705 393 6849 2032 4698 3405 3760 514 3177 9663 848 9932 1170 3109
False
False
393
393
False
393
False
False
393
4135
False
393
False
2259
False
17
17
False
False
False
19
False
566 9705 393 6849 2032 4698 3405 3760 514 3177 9663 848 9932 1170 3109 2259 2465 134 9954 9807 295
False
17
False
15
False
False
17
False
False
393
1
False
6026
566 9705 393 6849 2032 4698 3405 3760 514 3177 9663 848 9932 1170 3109 4437 5789 1338 559 5205 0 1 3211 7526 6860 5351 6026
27
False
False
566 9705 393 6849 2032 4698 3405 3760 514 3177 9663 848 9932 1170 3109 4437 5789 1338 559 5205 0 1 3211 7526 6860 5351 6026
False
566 9705 393 6849 2032 4698 3405 3760 514 3177 9663 848 9932 1170 3109 4437 5789 1338 559 5205 0 1 3211 7526 6860 5351
False
29
False
566 9705 393 6849 2032 4698 3405 3760 514 3177 9663 848 9932 1170 3109 4437 5789 1338 559 5205 0 1 3211 7526 6860 5351 4468 8434
566 9705 393 6849 2032 4698 3405 3760 514 3177 9663 848 9932 1170 3109 4437 5789 1338 559 5205 0 1 3211 7526 6860 5351 4468 8434
8434
False
29
566 9705 393 6849 2032 4698 3405 3760 514 3177 9663 848 9932 1170 3109 4437 5789 1338 559 5205 0 1 3211 7526 6860 5351 4468 8434
0
False
566 9705 393 6849 2032 4698 3405 3760 514 3177 9663 848 9932 1170 3109 4437 5789 1338 559 5205 0 1 3211 7526 6860 5351
25
False
24
7526
0
False
24
0
566 9705 393 6849 2032 4698 3405 3760 514 3177 9663 848 9932 1170 3109 4437 5789 1338 559 5205 0 1
False
22
0
566 9705 393 6849 2032 4698 3405 3760 514 3177 9663 848 9932 1170 3109 4437 5789 1338 559 5205 0 1 9350
9350
9350
False
9350
False
False
24
0
23
False
566 9705 393 6849 2032 4698 3405 3760 514 3177 9663 848 9932 1170 3109 4437 5789 1338 559 5205 0 1 9350 6218
False
566 9705 393 6849 2032 4698 3405 3760 514 3177 9663 848 9932 1170 3109 4437 5789 1338 559 5205 0
False
False
False
21
0
0
566 9705 393 6849 2032 4698 3405 3760 514 3177 9663 848 9932 1170 3109 4437 5789 1338 559 5205
False
393
2990
21
21
2990
False
False
19
566 9705 393 6849 2032 4698 3405 3760 514 3177 9663 848 9932 1170 3109 4437 5789 1338 559 6585
False
False
393
21
566 9705 393 6849 2032 4698 3405 3760 514 3177 9663 848 9932 1170 3109 4437 5789 1338 559 5492 5113 2227
393
False
393
23
566 9705 393 6849 2032 4698 3405 3760 514 3177 9663 848 9932 1170 3109 4437 5789 1338 559 5492 5113 2227 6273
24
393
False
393
False
False
28
4166
4166
30
29
False
286
566 9705 393 6849 2032 4698 3405 3760 514 3177 9663 848 9932 1170 3109 4437 5789 1338 559 5492 5113 2227 6273 2169 8117 4950 220 3448 286 8974 2852 6271 6389
34
220
220
566 9705 393 6849 2032 4698 3405 3760 514 3177 9663 848 9932 1170 3109 4437 5789 1338 559 5492 5113 2227 6273 2169 8117 4950 220 3448 286 8974 2852 6271 6389 9584 1040
False
False
False
35
False
566 9705 393 6849 2032 4698 3405 3760 514 3177 9663 848 9932 1170 3109 4437 5789 1338 559 5492 5113 2227 6273 2169 8117 4950 220 3448 286 8974 2852 6271 6389 9584
6389
False
566 9705 393 6849 2032 4698 3405 3760 514 3177 9663 848 9932 1170 3109 4437 5789 1338 559 5492 5113 2227 6273 2169 8117 4950 220 3448 286 8974 2852 6271
2852
2852
8974
8974
8974
27
27
220
27
False
9245
False
False
29
False
28
False
393
False
30
30
False
False
False
30
False
False
False
566 9705 393 6849 2032 4698 3405 3760 514 3177 9663 848 9932 1170 3109 4437 5789 1338 559 5492 5113 2227 6273 2169 8117 4950 6928 9245 4368 7737
2242
False
566 9705 393 6849 2032 4698 3405 3760 514 3177 9663 848 9932 1170 3109 4437 5789 1338 559 5492 5113 2227 6273 2169 8117 4950 6928 9245 4368 7737 2242
7737
7737
False
7737
7737
393
False
False
False
7737
30
566 9705 393 6849 2032 4698 3405 3760 514 3177 9663 848 9932 1170 3109 4437 5789 1338 559 5492 5113 2227 6273 2169 8117 4950 6928 9245 4368
393
1172
1172
393
3279
3279
566 9705 393 6849 2032 4698 3405 3760 514 3177 9663 848 9932 1170 3109 4437 5789 1338 559 5492 5113 2227 6273 2169 8117 4950 6928 9245 4368 3279
31
31
393
False
False
False
4569
240
False
False
566 9705 393 6849 2032 4698 3405 3760 514 3177 9663 848 9932 1170 3109 4437 5789 1338 559 5492 5113 2227 6273 2169 8117 4950 6928 9245 4368 3279 8462
8462
False
566 9705 393 6849 2032 4698 3405 3760 514 3177 9663 848 9932 1170 3109 4437 5789 1338 559 5492 5113 2227 6273 2169 8117 4950 6928 9245 4368 3279
393
30
393
29
9245
6394
393
False
False
False
False
False
False
94
False
37
37
566 9705 393 6849 2032 4698 3405 3760 514 3177 9663 848 9932 1170 3109 4437 5789 1338 559 5492 5113 2227 6273 2169 8117 4950 6928 9245 3644 6394 8740 94 7560 2525 826 9086 2809
37
False
566 9705 393 6849 2032 4698 3405 3760 514 3177 9663 848 9932 1170 3109 4437 5789 1338 559 5492 5113 2227 6273 2169 8117 4950 6928 9245 3644 6394 8740 94 7560 2525 826 9086
False
36
94
False
False
False
False
36
94
8459
566 9705 393 6849 2032 4698 3405 3760 514 3177 9663 848 9932 1170 3109 4437 5789 1338 559 5492 5113 2227 6273 2169 8117 4950 6928 9245 3644 6394 8740 94 7560 2525 826 8459
94
8459
36
False
94
False
36
94
94
False
826
False
94
566 9705 393 6849 2032 4698 3405 3760 514 3177 9663 848 9932 1170 3109 4437 5789 1338 559 5492 5113 2227 6273 2169 8117 4950 6928 9245 3644 6394 8740 94 7560 2525 826 4685 2076 4242
41
566 9705 393 6849 2032 4698 3405 3760 514 3177 9663 848 9932 1170 3109 4437 5789 1338 559 5492 5113 2227 6273 2169 8117 4950 6928 9245 3644 6394 8740 94 7560 2525 826 4685 2076 4242 5386 981 9220
566 9705 393 6849 2032 4698 3405 3760 514 3177 9663 848 9932 1170 3109 4437 5789 1338 559 5492 5113 2227 6273 2169 8117 4950 6928 9245 3644 6394 8740 94 7560 2525 826 4685 2076 4242 5386 981 9220
39
566 9705 393 6849 2032 4698 3405 3760 514 3177 9663 848 9932 1170 3109 4437 5789 1338 559 5492 5113 2227 6273 2169 8117 4950 6928 9245 3644 6394 8740 94 7560 2525 826 4685 2076 4242 5386
39
566 9705 393 6849 2032 4698 3405 3760 514 3177 9663 848 9932 1170 3109 4437 5789 1338 559 5492 5113 2227 6273 2169 8117 4950 6928 9245 3644 6394 8740 94 7560 2525 826 4685 2076 4242 5386 8487 6875 8169
False
94
8169
False
8169
566 9705 393 6849 2032 4698 3405 3760 514 3177 9663 848 9932 1170 3109 4437 5789 1338 559 5492 5113 2227 6273 2169 8117 4950 6928 9245 3644 6394 8740 94 7560 2525 826 4685 2076 4242 5386 8487 6875
94
38
38
4242
False
False
False
38
False
566 9705 393 6849 2032 4698 3405 3760 514 3177 9663 848 9932 1170 3109 4437 5789 1338 559 5492 5113 2227 6273 2169 8117 4950 6928 9245 3644 6394 8740 94 7560 2525 826 4685 2076
False
94
False
566 9705 393 6849 2032 4698 3405 3760 514 3177 9663 848 9932 1170 3109 4437 5789 1338 559 5492 5113 2227 6273 2169 8117 4950 6928 9245 3644 6394 8740 94 7560 2525 826 4685 8444 6156
94
6156
94
False
False
38
38
94
566 9705 393 6849 2032 4698 3405 3760 514 3177 9663 848 9932 1170 3109 4437 5789 1338 559 5492 5113 2227 6273 2169 8117 4950 6928 9245 3644 6394 8740 94 7560 2525
False
False
94
False
94
35
94
False
566 9705 393 6849 2032 4698 3405 3760 514 3177 9663 848 9932 1170 3109 4437 5789 1338 559 5492 5113 2227 6273 2169 8117 4950 6928 9245 3644 6394 8740 94 7560 9738
94
34
566 9705 393 6849 2032 4698 3405 3760 514 3177 9663 848 9932 1170 3109 4437 5789 1338 559 5492 5113 2227 6273 2169 8117 4950 6928 9245 3644 6394 8740 94 7560
33
94
7560
33
566 9705 393 6849 2032 4698 3405 3760 514 3177 9663 848 9932 1170 3109 4437 5789 1338 559 5492 5113 2227 6273 2169 8117 4950 6928 9245 3644 6394 8740 94 7560 8220
34
566 9705 393 6849 2032 4698 3405 3760 514 3177 9663 848 9932 1170 3109 4437 5789 1338 559 5492 5113 2227 6273 2169 8117 4950 6928 9245 3644 6394 8740 94 7560 8220
8220
8220
566 9705 393 6849 2032 4698 3405 3760 514 3177 9663 848 9932 1170 3109 4437 5789 1338 559 5492 5113 2227 6273 2169 8117 4950 6928 9245 3644 6394 8740 94 7560 8220
94
94
False
3971
94
94
37
8933
94
False
94
4770
4770
False
566 9705 393 6849 2032 4698 3405 3760 514 3177 9663 848 9932 1170 3109 4437 5789 1338 559 5492 5113 2227 6273 2169 8117 4950 6928 9245 3644 6394 8740 94 7560 8220 4770
566 9705 393 6849 2032 4698 3405 3760 514 3177 9663 848 9932 1170 3109 4437 5789 1338 559 5492 5113 2227 6273 2169 8117 4950 6928 9245 3644 6394 8740 94 7560 8220 4770
94
94
7560
33
False
False
False
34
False
94
94
566 9705 393 6849 2032 4698 3405 3760 514 3177 9663 848 9932 1170 3109 4437 5789 1338 559 5492 5113 2227 6273 2169 8117 4950 6928 9245 3644 6394 8740 94
566 9705 393 6849 2032 4698 3405 3760 514 3177 9663 848 9932 1170 3109 4437 5789 1338 559 5492 5113 2227 6273 2169 8117 4950 6928 9245 3644 6394 8740 94
32
False
False
32
False
566 9705 393 6849 2032 4698 3405 3760 514 3177 9663 848 9932 1170 3109 4437 5789 1338 559 5492 5113 2227 6273 2169 8117 4950 6928 9245 3644 6394 8740 1332
False
393
35
35
8973
566 9705 393 6849 2032 4698 3405 3760 514 3177 9663 848 9932 1170 3109 4437 5789 1338 559 5492 5113 2227 6273 2169 8117 4950 6928 9245 3644 6394 8740 1332 1912 8993 8973 9659 6292 7289 162
False
393
37
393
False
566 9705 393 6849 2032 4698 3405 3760 514 3177 9663 848 9932 1170 3109 4437 5789 1338 559 5492 5113 2227 6273 2169 8117 4950 6928 9245 3644 6394 8740 1332 1912 8993 8973 9659 6292 1092 2848
False
1092
38
566 9705 393 6849 2032 4698 3405 3760 514 3177 9663 848 9932 1170 3109 4437 5789 1338 559 5492 5113 2227 6273 2169 8117 4950 6928 9245 3644 6394 8740 1332 1912 8993 8973 9659 6292 1092 6479
393
39
566 9705 393 6849 2032 4698 3405 3760 514 3177 9663 848 9932 1170 3109 4437 5789 1338 559 5492 5113 2227 6273 2169 8117 4950 6928 9245 3644 6394 8740 1332 1912 8993 8973 9659 6292 1092 6479
False
1394
40
393
40
393
41
7212
566 9705 393 6849 2032 4698 3405 3760 514 3177 9663 848 9932 1170 3109 4437 5789 1338 559 5492 5113 2227 6273 2169 8117 4950 6928 9245 3644 6394 8740 1332 1912 8993 8973 9659 6292 1092 6479 1394 7212 4526
393
False
False
566 9705 393 6849 2032 4698 3405 3760 514 3177 9663 848 9932 1170 3109 4437 5789 1338 559 5492 5113 2227 6273 2169 8117 4950 6928 9245 3644 6394 8740 1332 1912 8993 8973 9659 6292 1092 6479 1394 7212
1394
566 9705 393 6849 2032 4698 3405 3760 514 3177 9663 848 9932 1170 3109 4437 5789 1338 559 5492 5113 2227 6273 2169 8117 4950 6928 9245 3644 6394 8740 1332 1912 8993 8973 9659 6292 1092 6479 1394
False
False
393
False
41
393
9530
False
False
566 9705 393 6849 2032 4698 3405 3760 514 3177 9663 848 9932 1170 3109 4437 5789 1338 559 5492 5113 2227 6273 2169 8117 4950 6928 9245 3644 6394 8740 1332 1912 8993 8973 9659 6292 1092 6479 1394 6091 7002 2781
393
42
False
7002
False
False
False
393
42
566 9705 393 6849 2032 4698 3405 3760 514 3177 9663 848 9932 1170 3109 4437 5789 1338 559 5492 5113 2227 6273 2169 8117 4950 6928 9245 3644 6394 8740 1332 1912 8993 8973 9659 6292 1092 6479 1394 6091 3154 7401
False
43
45
False
45
45
3556
44
False
44
393
False
False
False
393
393
1644
1644
45
1223
393
False
393
False
393
False
43
7401
False
7401
393
False
46
3760
393
False
4206
False
46
46
False
False
45
566 9705 393 6849 2032 4698 3405 3760 514 3177 9663 848 9932 1170 3109 4437 5789 1338 559 5492 5113 2227 6273 2169 8117 4950 6928 9245 3644 6394 8740 1332 1912 8993 8973 9659 6292 1092 6479 1394 6091 3154 7401 4206 4545
393
False
393
False
False
566 9705 393 6849 2032 4698 3405 3760 514 3177 9663 848 9932 1170 3109 4437 5789 1338 559 5492 5113 2227 6273 2169 8117 4950 6928 9245 3644 6394 8740 1332 1912 8993 8973 9659 6292 1092 6479 1394 6091 3154 7401 4206 7000
False
393
False
False
45
46
566 9705 393 6849 2032 4698 3405 3760 514 3177 9663 848 9932 1170 3109 4437 5789 1338 559 5492 5113 2227 6273 2169 8117 4950 6928 9245 3644 6394 8740 1332 1912 8993 8973 9659 6292 1092 6479 1394 6091 3154 7401 4206 7000 8116
566 9705 393 6849 2032 4698 3405 3760 514 3177 9663 848 9932 1170 3109 4437 5789 1338 559 5492 5113 2227 6273 2169 8117 4950 6928 9245 3644 6394 8740 1332 1912 8993 8973 9659 6292 1092 6479 1394 6091 3154 7401 4206 7000 8116
46
566 9705 393 6849 2032 4698 3405 3760 514 3177 9663 848 9932 1170 3109 4437 5789 1338 559 5492 5113 2227 6273 2169 8117 4950 6928 9245 3644 6394 8740 1332 1912 8993 8973 9659 6292 1092 6479 1394 6091 3154 7401 4206 7000 8116 3456 9873
566 9705 393 6849 2032 4698 3405 3760 514 3177 9663 848 9932 1170 3109 4437 5789 1338 559 5492 5113 2227 6273 2169 8117 4950 6928 9245 3644 6394 8740 1332 1912 8993 8973 9659 6292 1092 6479 1394 6091 3154 7401 4206 7000 8116 3456 9873
False
False
393
393
False
44
44
False
44
6077
393
393
False
566 9705 393 6849 2032 4698 3405 3760 514 3177 9663 848 9932 1170 3109 4437 5789 1338 559 5492 5113 2227 6273 2169 8117 4950 6928 9245 3644 6394 8740 1332 1912 8993 8973 9659 6292 1092 6479 1394 6091 3154 7401 4206 407
False
False
48
False
393
393
393
49
49
566 9705 393 6849 2032 4698 3405 3760 514 3177 9663 848 9932 1170 3109 4437 5789 1338 559 5492 5113 2227 6273 2169 8117 4950 6928 9245 3644 6394 8740 1332 1912 8993 8973 9659 6292 1092 6479 1394 6091 3154 7401 4206 407 3662 9690 8249 3568
False
False
3568
False
False
49
3568
393
566 9705 393 6849 2032 4698 3405 3760 514 3177 9663 848 9932 1170 3109 4437 5789 1338 559 5492 5113 2227 6273 2169 8117 4950 6928 9245 3644 6394 8740 1332 1912 8993 8973 9659 6292 1092 6479 1394 6091 3154 7401 4206 407 3662 9690 8249 7856 3122
393
50
50
566 9705 393 6849 2032 4698 3405 3760 514 3177 9663 848 9932 1170 3109 4437 5789 1338 559 5492 5113 2227 6273 2169 8117 4950 6928 9245 3644 6394 8740 1332 1912 8993 8973 9659 6292 1092 6479 1394 6091 3154 7401 4206 407 3662 9690 8249 7856 3122
566 9705 393 6849 2032 4698 3405 3760 514 3177 9663 848 9932 1170 3109 4437 5789 1338 559 5492 5113 2227 6273 2169 8117 4950 6928 9245 3644 6394 8740 1332 1912 8993 8973 9659 6292 1092 6479 1394 6091 3154 7401 4206 407 3662 9690 8249 7856
49
49
False
7856
393
393
50
363
566 9705 393 6849 2032 4698 3405 3760 514 3177 9663 848 9932 1170 3109 4437 5789 1338 559 5492 5113 2227 6273 2169 8117 4950 6928 9245 3644 6394 8740 1332 1912 8993 8973 9659 6292 1092 6479 1394 6091 3154 7401 4206 407 3662 9690 8249 7856 363 547
51
363
363
False
False
363
False
7856
393
7856
False
566 9705 393 6849 2032 4698 3405 3760 514 3177 9663 848 9932 1170 3109 4437 5789 1338 559 5492 5113 2227 6273 2169 8117 4950 6928 9245 3644 6394 8740 1332 1912 8993 8973 9659 6292 1092 6479 1394 6091 3154 7401 4206 407 3662 9690 8249 7856
8249
48
393
4836
False
393
393
False
47
False
False
False
False
False
393
False
2781
2781
2781
50
False
49
4216
393
4836
566 9705 393 6849 2032 4698 3405 3760 514 3177 9663 848 9932 1170 3109 4437 5789 1338 559 5492 5113 2227 6273 2169 8117 4950 6928 9245 3644 6394 8740 1332 1912 8993 8973 9659 6292 1092 6479 1394 6091 3154 7401 4206 407 3662 4836
False
False
False
False
False
1292
48
False
393
393
False
48
9899
2840
False
393
9899
False
566 9705 393 6849 2032 4698 3405 3760 514 3177 9663 848 9932 1170 3109 4437 5789 1338 559 5492 5113 2227 6273 2169 8117 4950 6928 9245 3644 6394 8740 1332 1912 8993 8973 9659 6292 1092 6479 1394 6091 3154 7401 4206 407 3662 4836 9899 7504
False
7290
52
False
False
False
566 9705 393 6849 2032 4698 3405 3760 514 3177 9663 848 9932 1170 3109 4437 5789 1338 559 5492 5113 2227 6273 2169 8117 4950 6928 9245 3644 6394 8740 1332 1912 8993 8973 9659 6292 1092 6479 1394 6091 3154 7401 4206 407 3662 4836 9899 7504 5784 2946 7290
52
False
566 9705 393 6849 2032 4698 3405 3760 514 3177 9663 848 9932 1170 3109 4437 5789 1338 559 5492 5113 2227 6273 2169 8117 4950 6928 9245 3644 6394 8740 1332 1912 8993 8973 9659 6292 1092 6479 1394 6091 3154 7401 4206 407 3662 4836 9899 7504 5784 2946 7290
7290
7290
794
54
566 9705 393 6849 2032 4698 3405 3760 514 3177 9663 848 9932 1170 3109 4437 5789 1338 559 5492 5113 2227 6273 2169 8117 4950 6928 9245 3644 6394 8740 1332 1912 8993 8973 9659 6292 1092 6479 1394 6091 3154 7401 4206 407 3662 4836 9899 7504 5784 2946 7290
False
5889
393
False
53
8542
False
False
False
393
False
393
566 9705 393 6849 2032 4698 3405 3760 514 3177 9663 848 9932 1170 3109 4437 5789 1338 559 5492 5113 2227 6273 2169 8117 4950 6928 9245 3644 6394 8740 1332 1912 8993 8973 9659 6292 1092 6479 1394 6091 3154 7401 4206 407 3662 4836 9899 7504 5784 2946 7290 8542
566 9705 393 6849 2032 4698 3405 3760 514 3177 9663 848 9932 1170 3109 4437 5789 1338 559 5492 5113 2227 6273 2169 8117 4950 6928 9245 3644 6394 8740 1332 1912 8993 8973 9659 6292 1092 6479 1394 6091 3154 7401 4206 407 3662 4836 9899 7504 5784 2946 7290 8542
393
53
False
54
54
393
1974
566 9705 393 6849 2032 4698 3405 3760 514 3177 9663 848 9932 1170 3109 4437 5789 1338 559 5492 5113 2227 6273 2169 8117 4950 6928 9245 3644 6394 8740 1332 1912 8993 8973 9659 6292 1092 6479 1394 6091 3154 7401 4206 407 3662 4836 9899 7504 5784 2946 7290
False
52
52
566 9705 393 6849 2032 4698 3405 3760 514 3177 9663 848 9932 1170 3109 4437 5789 1338 559 5492 5113 2227 6273 2169 8117 4950 6928 9245 3644 6394 8740 1332 1912 8993 8973 9659 6292 1092 6479 1394 6091 3154 7401 4206 407 3662 4836 9899 7504 5784 2946 7290
53
False
566 9705 393 6849 2032 4698 3405 3760 514 3177 9663 848 9932 1170 3109 4437 5789 1338 559 5492 5113 2227 6273 2169 8117 4950 6928 9245 3644 6394 8740 1332 1912 8993 8973 9659 6292 1092 6479 1394 6091 3154 7401 4206 407 3662 4836 9899 7504 5784 2946 7290 7748
393
False
7290
False
False
566 9705 393 6849 2032 4698 3405 3760 514 3177 9663 848 9932 1170 3109 4437 5789 1338 559 5492 5113 2227 6273 2169 8117 4950 6928 9245 3644 6394 8740 1332 1912 8993 8973 9659 6292 1092 6479 1394 6091 3154 7401 4206 407 3662 4836 9899 7504 5784 2946 7290
566 9705 393 6849 2032 4698 3405 3760 514 3177 9663 848 9932 1170 3109 4437 5789 1338 559 5492 5113 2227 6273 2169 8117 4950 6928 9245 3644 6394 8740 1332 1912 8993 8973 9659 6292 1092 6479 1394 6091 3154 7401 4206 407 3662 4836 9899 7504 5784 2946
False
False
9899
48
False
48
566 9705 393 6849 2032 4698 3405 3760 514 3177 9663 848 9932 1170 3109 4437 5789 1338 559 5492 5113 2227 6273 2169 8117 4950 6928 9245 3644 6394 8740 1332 1912 8993 8973 9659 6292 1092 6479 1394 6091 3154 7401 4206 407 3662 4836 9899
False
False
9899
566 9705 393 6849 2032 4698 3405 3760 514 3177 9663 848 9932 1170 3109 4437 5789 1338 559 5492 5113 2227 6273 2169 8117 4950 6928 9245 3644 6394 8740 1332 1912 8993 8973 9659 6292 1092 6479 1394 6091 3154 7401 4206 407 3662 4836
4836
49
566 9705 393 6849 2032 4698 3405 3760 514 3177 9663 848 9932 1170 3109 4437 5789 1338 559 5492 5113 2227 6273 2169 8117 4950 6928 9245 3644 6394 8740 1332 1912 8993 8973 9659 6292 1092 6479 1394 6091 3154 7401 4206 407 3662 4836
566 9705 393 6849 2032 4698 3405 3760 514 3177 9663 848 9932 1170 3109 4437 5789 1338 559 5492 5113 2227 6273 2169 8117 4950 6928 9245 3644 6394 8740 1332 1912 8993 8973 9659 6292 1092 6479 1394 6091 3154 7401 4206 407 3662
45
False
566 9705 393 6849 2032 4698 3405 3760 514 3177 9663 848 9932 1170 3109 4437 5789 1338 559 5492 5113 2227 6273 2169 8117 4950 6928 9245 3644 6394 8740 1332 1912 8993 8973 9659 6292 1092 6479 1394 6091 3154 7401 4206 407 5318 6364 8976
48
393
6364
False
2614
566 9705 393 6849 2032 4698 3405 3760 514 3177 9663 848 9932 1170 3109 4437 5789 1338 559 5492 5113 2227 6273 2169 8117 4950 6928 9245 3644 6394 8740 1332 1912 8993 8973 9659 6292 1092 6479 1394 6091 3154 7401 4206 407 5318 6364 3257 3216 2614
False
566 9705 393 6849 2032 4698 3405 3760 514 3177 9663 848 9932 1170 3109 4437 5789 1338 559 5492 5113 2227 6273 2169 8117 4950 6928 9245 3644 6394 8740 1332 1912 8993 8973 9659 6292 1092 6479 1394 6091 3154 7401 4206 407 5318 6364 3257 8520 5846 9519
566 9705 393 6849 2032 4698 3405 3760 514 3177 9663 848 9932 1170 3109 4437 5789 1338 559 5492 5113 2227 6273 2169 8117 4950 6928 9245 3644 6394 8740 1332 1912 8993 8973 9659 6292 1092 6479 1394 6091 3154 7401 4206 407 5318 6364 3257 8520 5846 9519
False
False
393
52
3301
566 9705 393 6849 2032 4698 3405 3760 514 3177 9663 848 9932 1170 3109 4437 5789 1338 559 5492 5113 2227 6273 2169 8117 4950 6928 9245 3644 6394 8740 1332 1912 8993 8973 9659 6292 1092 6479 1394 6091 3154 7401 4206 407 5318 6364 3257 8520 5846 9519
50
566 9705 393 6849 2032 4698 3405 3760 514 3177 9663 848 9932 1170 3109 4437 5789 1338 559 5492 5113 2227 6273 2169 8117 4950 6928 9245 3644 6394 8740 1332 1912 8993 8973 9659 6292 1092 6479 1394 6091 3154 7401 4206 407 5318 6364 3257 8520 5846
False
False
False
False
False
393
393
566 9705 393 6849 2032 4698 3405 3760 514 3177 9663 848 9932 1170 3109 4437 5789 1338 559 5492 5113 2227 6273 2169 8117 4950 6928 9245 3644 6394 8740 1332 1912 8993 8973 9659 6292 1092 6479 1394 6091 3154 7401 4206 407 5318
46
393
407
False
False
566 9705 393 6849 2032 4698 3405 3760 514 3177 9663 848 9932 1170 3109 4437 5789 1338 559 5492 5113 2227 6273 2169 8117 4950 6928 9245 3644 6394 8740 1332 1912 8993 8973 9659 6292 1092 6479 1394 6091 3154 7401 4206 407 9606 6055
47
393
566 9705 393 6849 2032 4698 3405 3760 514 3177 9663 848 9932 1170 3109 4437 5789 1338 559 5492 5113 2227 6273 2169 8117 4950 6928 9245 3644 6394 8740 1332 1912 8993 8973 9659 6292 1092 6479 1394 6091 3154 7401 4206 407 9606 6055
47
47
566 9705 393 6849 2032 4698 3405 3760 514 3177 9663 848 9932 1170 3109 4437 5789 1338 559 5492 5113 2227 6273 2169 8117 4950 6928 9245 3644 6394 8740 1332 1912 8993 8973 9659 6292 1092 6479 1394 6091 3154 7401 4206 407 9606 6055
False
False
False
407
45
566 9705 393 6849 2032 4698 3405 3760 514 3177 9663 848 9932 1170 3109 4437 5789 1338 559 5492 5113 2227 6273 2169 8117 4950 6928 9245 3644 6394 8740 1332 1912 8993 8973 9659 6292 1092 6479 1394 6091 3154 7401 4206 407
False
False
46
393
4143
46
4206
6091
393
40
False
False
False
566 9705 393 6849 2032 4698 3405 3760 514 3177 9663 848 9932 1170 3109 4437 5789 1338 559 5492 5113 2227 6273 2169 8117 4950 6928 9245 3644 6394 8740 1332 1912 8993 8973 9659 6292 1092 6479 1394 4819 3028
False
3028
False
False
False
566 9705 393 6849 2032 4698 3405 3760 514 3177 9663 848 9932 1170 3109 4437 5789 1338 559 5492 5113 2227 6273 2169 8117 4950 6928 9245 3644 6394 8740 1332 1912 8993 8973 9659 6292 1092 6479 1394 4819 3640
42
3640
393
566 9705 393 6849 2032 4698 3405 3760 514 3177 9663 848 9932 1170 3109 4437 5789 1338 559 5492 5113 2227 6273 2169 8117 4950 6928 9245 3644 6394 8740 1332 1912 8993 8973 9659 6292 1092 6479 1394 4819 3640
566 9705 393 6849 2032 4698 3405 3760 514 3177 9663 848 9932 1170 3109 4437 5789 1338 559 5492 5113 2227 6273 2169 8117 4950 6928 9245 3644 6394 8740 1332 1912 8993 8973 9659 6292 1092 6479 1394 4819 3640
393
3640
False
566 9705 393 6849 2032 4698 3405 3760 514 3177 9663 848 9932 1170 3109 4437 5789 1338 559 5492 5113 2227 6273 2169 8117 4950 6928 9245 3644 6394 8740 1332 1912 8993 8973 9659 6292 1092 6479 1394 4819 3640 4086
4086
6839
566 9705 393 6849 2032 4698 3405 3760 514 3177 9663 848 9932 1170 3109 4437 5789 1338 559 5492 5113 2227 6273 2169 8117 4950 6928 9245 3644 6394 8740 1332 1912 8993 8973 9659 6292 1092 6479 1394 4819 3640
566 9705 393 6849 2032 4698 3405 3760 514 3177 9663 848 9932 1170 3109 4437 5789 1338 559 5492 5113 2227 6273 2169 8117 4950 6928 9245 3644 6394 8740 1332 1912 8993 8973 9659 6292 1092 6479 1394 4819 3640
False
41
393
393
41
393
40
40
566 9705 393 6849 2032 4698 3405 3760 514 3177 9663 848 9932 1170 3109 4437 5789 1338 559 5492 5113 2227 6273 2169 8117 4950 6928 9245 3644 6394 8740 1332 1912 8993 8973 9659 6292 1092 6479 1394
40
1394
393
566 9705 393 6849 2032 4698 3405 3760 514 3177 9663 848 9932 1170 3109 4437 5789 1338 559 5492 5113 2227 6273 2169 8117 4950 6928 9245 3644 6394 8740 1332 1912 8993 8973 9659 6292 1092 6479 1394
False
42
393
False
False
566 9705 393 6849 2032 4698 3405 3760 514 3177 9663 848 9932 1170 3109 4437 5789 1338 559 5492 5113 2227 6273 2169 8117 4950 6928 9245 3644 6394 8740 1332 1912 8993 8973 9659 6292 1092 6479 1394 7655
7655
566 9705 393 6849 2032 4698 3405 3760 514 3177 9663 848 9932 1170 3109 4437 5789 1338 559 5492 5113 2227 6273 2169 8117 4950 6928 9245 3644 6394 8740 1332 1912 8993 8973 9659 6292 1092 6479 1394 7655 2561
43
566 9705 393 6849 2032 4698 3405 3760 514 3177 9663 848 9932 1170 3109 4437 5789 1338 559 5492 5113 2227 6273 2169 8117 4950 6928 9245 3644 6394 8740 1332 1912 8993 8973 9659 6292 1092 6479 1394 7655 2561 198
198
44
False
False
2640
False
False
5453
False
198
False
198
False
4890
45
198
566 9705 393 6849 2032 4698 3405 3760 514 3177 9663 848 9932 1170 3109 4437 5789 1338 559 5492 5113 2227 6273 2169 8117 4950 6928 9245 3644 6394 8740 1332 1912 8993 8973 9659 6292 1092 6479 1394 7655 2561 198 4890
4890
44
False
44
44
198
566 9705 393 6849 2032 4698 3405 3760 514 3177 9663 848 9932 1170 3109 4437 5789 1338 559 5492 5113 2227 6273 2169 8117 4950 6928 9245 3644 6394 8740 1332 1912 8993 8973 9659 6292 1092 6479 1394 7655 2561
566 9705 393 6849 2032 4698 3405 3760 514 3177 9663 848 9932 1170 3109 4437 5789 1338 559 5492 5113 2227 6273 2169 8117 4950 6928 9245 3644 6394 8740 1332 1912 8993 8973 9659 6292 1092 6479 1394 7655 2561
9109
False
False
False
7270
False
7270
44
False
393
566 9705 393 6849 2032 4698 3405 3760 514 3177 9663 848 9932 1170 3109 4437 5789 1338 559 5492 5113 2227 6273 2169 8117 4950 6928 9245 3644 6394 8740 1332 1912 8993 8973 9659 6292 1092 6479 1394 7655 2561 7270 8917 4759 7611 208
False
566 9705 393 6849 2032 4698 3405 3760 514 3177 9663 848 9932 1170 3109 4437 5789 1338 559 5492 5113 2227 6273 2169 8117 4950 6928 9245 3644 6394 8740 1332 1912 8993 8973 9659 6292 1092 6479 1394 7655 2561 7270 8917 4759 7611 208 3102 2669 7791
566 9705 393 6849 2032 4698 3405 3760 514 3177 9663 848 9932 1170 3109 4437 5789 1338 559 5492 5113 2227 6273 2169 8117 4950 6928 9245 3644 6394 8740 1332 1912 8993 8973 9659 6292 1092 6479 1394 7655 2561 7270 8917 4759 7611 208 3102 2669 7791
7791
566 9705 393 6849 2032 4698 3405 3760 514 3177 9663 848 9932 1170 3109 4437 5789 1338 559 5492 5113 2227 6273 2169 8117 4950 6928 9245 3644 6394 8740 1332 1912 8993 8973 9659 6292 1092 6479 1394 7655 2561 7270 8917 4759 7611 208 3102 2669 7791
7791
7791
566 9705 393 6849 2032 4698 3405 3760 514 3177 9663 848 9932 1170 3109 4437 5789 1338 559 5492 5113 2227 6273 2169 8117 4950 6928 9245 3644 6394 8740 1332 1912 8993 8973 9659 6292 1092 6479 1394 7655 2561 7270 8917 4759 7611 208 3102 2669 7791
False
566 9705 393 6849 2032 4698 3405 3760 514 3177 9663 848 9932 1170 3109 4437 5789 1338 559 5492 5113 2227 6273 2169 8117 4950 6928 9245 3644 6394 8740 1332 1912 8993 8973 9659 6292 1092 6479 1394 7655 2561 7270 8917 4759 7611 208 3102 2669 7791 2406
False
208
566 9705 393 6849 2032 4698 3405 3760 514 3177 9663 848 9932 1170 3109 4437 5789 1338 559 5492 5113 2227 6273 2169 8117 4950 6928 9245 3644 6394 8740 1332 1912 8993 8973 9659 6292 1092 6479 1394 7655 2561 7270 8917 4759 7611 208 3102 2669 7791 8425
50
False
False
False
False
50
208
False
False
5502
7791
False
50
False
50
1874
51
208
566 9705 393 6849 2032 4698 3405 3760 514 3177 9663 848 9932 1170 3109 4437 5789 1338 559 5492 5113 2227 6273 2169 8117 4950 6928 9245 3644 6394 8740 1332 1912 8993 8973 9659 6292 1092 6479 1394 7655 2561 7270 8917 4759 7611 208 3102 2669 7791 1874
566 9705 393 6849 2032 4698 3405 3760 514 3177 9663 848 9932 1170 3109 4437 5789 1338 559 5492 5113 2227 6273 2169 8117 4950 6928 9245 3644 6394 8740 1332 1912 8993 8973 9659 6292 1092 6479 1394 7655 2561 7270 8917 4759 7611 208 3102 2669 7791 1874
51
208
False
51
5633
52
4804
208
False
False
208
566 9705 393 6849 2032 4698 3405 3760 514 3177 9663 848 9932 1170 3109 4437 5789 1338 559 5492 5113 2227 6273 2169 8117 4950 6928 9245 3644 6394 8740 1332 1912 8993 8973 9659 6292 1092 6479 1394 7655 2561 7270 8917 4759 7611 208 3102 2669 7791 5633 4804 5157 4427 9886
9886
208
7748
False
8571
58
False
False
False
8571
566 9705 393 6849 2032 4698 3405 3760 514 3177 9663 848 9932 1170 3109 4437 5789 1338 559 5492 5113 2227 6273 2169 8117 4950 6928 9245 3644 6394 8740 1332 1912 8993 8973 9659 6292 1092 6479 1394 7655 2561 7270 8917 4759 7611 208 3102 2669 7791 5633 4804 5157 4427 9886 3688 8571
208
208
208
545
False
545
208
59
566 9705 393 6849 2032 4698 3405 3760 514 3177 9663 848 9932 1170 3109 4437 5789 1338 559 5492 5113 2227 6273 2169 8117 4950 6928 9245 3644 6394 8740 1332 1912 8993 8973 9659 6292 1092 6479 1394 7655 2561 7270 8917 4759 7611 208 3102 2669 7791 5633 4804 5157 4427 9886 3688 8571 8081
False
208
False
208
55
566 9705 393 6849 2032 4698 3405 3760 514 3177 9663 848 9932 1170 3109 4437 5789 1338 559 5492 5113 2227 6273 2169 8117 4950 6928 9245 3644 6394 8740 1332 1912 8993 8973 9659 6292 1092 6479 1394 7655 2561 7270 8917 4759 7611 208 3102 2669 7791 5633 4804 5157 4427
False
5157
False
False
208
5633
208
208
False
False
566 9705 393 6849 2032 4698 3405 3760 514 3177 9663 848 9932 1170 3109 4437 5789 1338 559 5492 5113 2227 6273 2169 8117 4950 6928 9245 3644 6394 8740 1332 1912 8993 8973 9659 6292 1092 6479 1394 7655 2561 7270 8917 4759 7611 208 3102 2669 7791 5633 3152 8638
False
566 9705 393 6849 2032 4698 3405 3760 514 3177 9663 848 9932 1170 3109 4437 5789 1338 559 5492 5113 2227 6273 2169 8117 4950 6928 9245 3644 6394 8740 1332 1912 8993 8973 9659 6292 1092 6479 1394 7655 2561 7270 8917 4759 7611 208 3102 2669 7791 5633 3152 8638
False
49
566 9705 393 6849 2032 4698 3405 3760 514 3177 9663 848 9932 1170 3109 4437 5789 1338 559 5492 5113 2227 6273 2169 8117 4950 6928 9245 3644 6394 8740 1332 1912 8993 8973 9659 6292 1092 6479 1394 7655 2561 7270 8917 4759 7611 208 3102
3102
269
49
208
208
False
566 9705 393 6849 2032 4698 3405 3760 514 3177 9663 848 9932 1170 3109 4437 5789 1338 559 5492 5113 2227 6273 2169 8117 4950 6928 9245 3644 6394 8740 1332 1912 8993 8973 9659 6292 1092 6479 1394 7655 2561 7270 8917 4759 7611 208
208
208
9728
9728
False
566 9705 393 6849 2032 4698 3405 3760 514 3177 9663 848 9932 1170 3109 4437 5789 1338 559 5492 5113 2227 6273 2169 8117 4950 6928 9245 3644 6394 8740 1332 1912 8993 8973 9659 6292 1092 6479 1394 7655 2561 7270 8917 4759 7611 208 836
48
False
7911
False
4759
566 9705 393 6849 2032 4698 3405 3760 514 3177 9663 848 9932 1170 3109 4437 5789 1338 559 5492 5113 2227 6273 2169 8117 4950 6928 9245 3644 6394 8740 1332 1912 8993 8973 9659 6292 1092 6479 1394 7655 2561 7270 8917 4759
393
False
393
False
False
46
9552
393
3232
7257
566 9705 393 6849 2032 4698 3405 3760 514 3177 9663 848 9932 1170 3109 4437 5789 1338 559 5492 5113 2227 6273 2169 8117 4950 6928 9245 3644 6394 8740 1332 1912 8993 8973 9659 6292 1092 6479 1394 7655 2561 7257 9874
393
False
566 9705 393 6849 2032 4698 3405 3760 514 3177 9663 848 9932 1170 3109 4437 5789 1338 559 5492 5113 2227 6273 2169 8117 4950 6928 9245 3644 6394 8740 1332 1912 8993 8973 9659 6292 1092 6479 1394 7655 2561 7257 9874 171
117
566 9705 393 6849 2032 4698 3405 3760 514 3177 9663 848 9932 1170 3109 4437 5789 1338 559 5492 5113 2227 6273 2169 8117 4950 6928 9245 3644 6394 8740 1332 1912 8993 8973 9659 6292 1092 6479 1394 7655 2561 7257 9874 171 117
False
566 9705 393 6849 2032 4698 3405 3760 514 3177 9663 848 9932 1170 3109 4437 5789 1338 559 5492 5113 2227 6273 2169 8117 4950 6928 9245 3644 6394 8740 1332 1912 8993 8973 9659 6292 1092 6479 1394 7655 2561 7257 9874 171 117 1458 4916
566 9705 393 6849 2032 4698 3405 3760 514 3177 9663 848 9932 1170 3109 4437 5789 1338 559 5492 5113 2227 6273 2169 8117 4950 6928 9245 3644 6394 8740 1332 1912 8993 8973 9659 6292 1092 6479 1394 7655 2561 7257 9874 171 117 1458 4916
566 9705 393 6849 2032 4698 3405 3760 514 3177 9663 848 9932 1170 3109 4437 5789 1338 559 5492 5113 2227 6273 2169 8117 4950 6928 9245 3644 6394 8740 1332 1912 8993 8973 9659 6292 1092 6479 1394 7655 2561 7257 9874 171 117 1458 4916 404
566 9705 393 6849 2032 4698 3405 3760 514 3177 9663 848 9932 1170 3109 4437 5789 1338 559 5492 5113 2227 6273 2169 8117 4950 6928 9245 3644 6394 8740 1332 1912 8993 8973 9659 6292 1092 6479 1394 7655 2561 7257 9874 171 117 1458 4916 404
566 9705 393 6849 2032 4698 3405 3760 514 3177 9663 848 9932 1170 3109 4437 5789 1338 559 5492 5113 2227 6273 2169 8117 4950 6928 9245 3644 6394 8740 1332 1912 8993 8973 9659 6292 1092 6479 1394 7655 2561 7257 9874 171 117 1458 4916 404
False
566 9705 393 6849 2032 4698 3405 3760 514 3177 9663 848 9932 1170 3109 4437 5789 1338 559 5492 5113 2227 6273 2169 8117 4950 6928 9245 3644 6394 8740 1332 1912 8993 8973 9659 6292 1092 6479 1394 7655 2561 7257 9874 171 117 1458
1458
False
False
566 9705 393 6849 2032 4698 3405 3760 514 3177 9663 848 9932 1170 3109 4437 5789 1338 559 5492 5113 2227 6273 2169 8117 4950 6928 9245 3644 6394 8740 1332 1912 8993 8973 9659 6292 1092 6479 1394 7655 2561 7257 9874 171 117 3968
566 9705 393 6849 2032 4698 3405 3760 514 3177 9663 848 9932 1170 3109 4437 5789 1338 559 5492 5113 2227 6273 2169 8117 4950 6928 9245 3644 6394 8740 1332 1912 8993 8973 9659 6292 1092 6479 1394 7655 2561 7257 9874 171 117 3968
566 9705 393 6849 2032 4698 3405 3760 514 3177 9663 848 9932 1170 3109 4437 5789 1338 559 5492 5113 2227 6273 2169 8117 4950 6928 9245 3644 6394 8740 1332 1912 8993 8973 9659 6292 1092 6479 1394 7655 2561 7257 9874 171 117 3968
566 9705 393 6849 2032 4698 3405 3760 514 3177 9663 848 9932 1170 3109 4437 5789 1338 559 5492 5113 2227 6273 2169 8117 4950 6928 9245 3644 6394 8740 1332 1912 8993 8973 9659 6292 1092 6479 1394 7655 2561 7257 9874 171 117 3968
False
False
False
171
45
393
393
44
False
44
False
False
393
8792
8792
566 9705 393 6849 2032 4698 3405 3760 514 3177 9663 848 9932 1170 3109 4437 5789 1338 559 5492 5113 2227 6273 2169 8117 4950 6928 9245 3644 6394 8740 1332 1912 8993 8973 9659 6292 1092 6479 1394 7655 2561 7455
False
False
44
42
False
566 9705 393 6849 2032 4698 3405 3760 514 3177 9663 848 9932 1170 3109 4437 5789 1338 559 5492 5113 2227 6273 2169 8117 4950 6928 9245 3644 6394 8740 1332 1912 8993 8973 9659 6292 1092 6479 1394 7655
566 9705 393 6849 2032 4698 3405 3760 514 3177 9663 848 9932 1170 3109 4437 5789 1338 559 5492 5113 2227 6273 2169 8117 4950 6928 9245 3644 6394 8740 1332 1912 8993 8973 9659 6292 1092 6479 1394 7655
6802
566 9705 393 6849 2032 4698 3405 3760 514 3177 9663 848 9932 1170 3109 4437 5789 1338 559 5492 5113 2227 6273 2169 8117 4950 6928 9245 3644 6394 8740 1332 1912 8993 8973 9659 6292 1092 6479 1394 7655 6802
6802
