False
False
False
1
6815
4016
4
3827
False
False
8968
8968
False
3
5811
False
5811
6815 5811
5811
False
6815 5811
False
False
False
3355
3
False
5811
6815 5811
6815 5811
False
7107
False
4
3
False
4
6815 5811 7107 4463
False
6815 5811 7107 4697 7959
6815 5811 7107 4697 7959
2110
8
6815 5811 7107 4697 7959 7443 2223 2110
6815 5811 7107 4697 7959 7443 2223 2110
1468
1468
False
1468
False
2223
2223
6815 5811 7107 4697 7959 7443 2223
4697
7959
7959
9292
6815 5811 7107 4697 7959 9292
8
8
6815 5811 7107 4697 7959 9292 6524 3443
8
False
3443
6524
False
False
4131
6815 5811 7107 4697 7959 9292 6524
False
4697
9292
6815 5811 7107 4697 7959 423
False
6815 5811 7107 4697 7959 423 4028
7
863
423
11
11
423
False
6815 5811 7107 4697 7959 423 4028 8743 863
863
12
False
False
787
787
False
10
False
2599
6815 5811 7107 4697 7959 423 4028 8743 863 2599
423
2599
False
10
6815 5811 7107 4697 7959 423 4028 8743 863 2599
10
10
423
423
False
11
6815 5811 7107 4697 7959 423 4028 8743 863 2599 5041
5041
False
False
False
False
6815 5811 7107 4697 7959 423 4028 8743 863 2599 7391 3680
False
False
3680
False
423
6815 5811 7107 4697 7959 423 4028 8743 863 2599 7391 3680 1908
6815 5811 7107 4697 7959 423 4028 8743 863 2599 7391 3680 1908
590
False
3680
False
9608
6815 5811 7107 4697 7959 423 4028 8743 863 2599 9608 4063 1810
1810
13
2896
False
2896
423
423
False
17
6815 5811 7107 4697 7959 423 4028 8743 863 2599 9608 4063 1810 7070 2896 1258 4387
False
False
False
18
False
423
423
False
19
18
18
False
423
False
6815 5811 7107 4697 7959 423 4028 8743 863 2599 9608 4063 1810 7070 2896 1258 4387
4387
17
6815 5811 7107 4697 7959 423 4028 8743 863 2599 9608 4063 1810 7070
423
False
9726
False
6815 5811 7107 4697 7959 423 4028 8743 863 2599 9608 4063 1810 7070 9726 9356
False
3931
423
18
18
18
18
6815 5811 7107 4697 7959 423 4028 8743 863 2599 9608 4063 1810 7070 9726 9356 3931 7525
6815 5811 7107 4697 7959 423 4028 8743 863 2599 9608 4063 1810 7070 9726 9356 3931 7525
423
False
7525
False
6815 5811 7107 4697 7959 423 4028 8743 863 2599 9608 4063 1810 7070 9726 9356 3931 7525
6815 5811 7107 4697 7959 423 4028 8743 863 2599 9608 4063 1810 7070 9726 9356 3931
18
False
7933
7933
False
7933
423
False
19
19
20
False
False
20
False
4856
False
21
6815 5811 7107 4697 7959 423 4028 8743 863 2599 9608 4063 1810 7070 9726 9356 3931 7933 1754 9975 4856
6815 5811 7107 4697 7959 423 4028 8743 863 2599 9608 4063 1810 7070 9726 9356 3931 7933 1754 9975 4856
False
8191
6815 5811 7107 4697 7959 423 4028 8743 863 2599 9608 4063 1810 7070 9726 9356 3931 7933 1754 9975 4856 7297 3573
3573
6815 5811 7107 4697 7959 423 4028 8743 863 2599 9608 4063 1810 7070 9726 9356 3931 7933 1754 9975 4856 7297 3573
6815 5811 7107 4697 7959 423 4028 8743 863 2599 9608 4063 1810 7070 9726 9356 3931 7933 1754 9975 4856 7297 3573
23
423
4856
423
22
False
False
False
6815 5811 7107 4697 7959 423 4028 8743 863 2599 9608 4063 1810 7070 9726 9356 3931 7933 1754 9975 7941
5456
6815 5811 7107 4697 7959 423 4028 8743 863 2599 9608 4063 1810 7070 9726 9356 3931 7933 1754 9975 7941 5456 1225
6815 5811 7107 4697 7959 423 4028 8743 863 2599 9608 4063 1810 7070 9726 9356 3931 7933 1754 9975 7941 5456 1225
False
False
9495
27
False
False
6815 5811 7107 4697 7959 423 4028 8743 863 2599 9608 4063 1810 7070 9726 9356 3931 7933 1754 9975 7941 5456 1225 8156 6032 7206 9495
27
False
7206
False
6815 5811 7107 4697 7959 423 4028 8743 863 2599 9608 4063 1810 7070 9726 9356 3931 7933 1754 9975 7941 5456 1225 8156 6032 3135
26
False
6815 5811 7107 4697 7959 423 4028 8743 863 2599 9608 4063 1810 7070 9726 9356 3931 7933 1754 9975 7941 5456 1225 8156 6032 3135 1625
27
6815 5811 7107 4697 7959 423 4028 8743 863 2599 9608 4063 1810 7070 9726 9356 3931 7933 1754 9975 7941 5456 1225 8156 6032
False
False
2382
2382
False
28
6980
False
False
False
423
6980
27
423
6815 5811 7107 4697 7959 423 4028 8743 863 2599 9608 4063 1810 7070 9726 9356 3931 7933 1754 9975 7941 5456 1225 8156 6032
4165
25
6815 5811 7107 4697 7959 423 4028 8743 863 2599 9608 4063 1810 7070 9726 9356 3931 7933 1754 9975 7941 5456 1225 8156 6032
1225
False
False
423
24
False
423
423
22
False
423
423
21
423
False
False
423
20
False
False
False
1754
423
False
423
6815 5811 7107 4697 7959 423 4028 8743 863 2599 9608 4063 1810 7070 9726 9356 3931 7933 1754
False
False
False
21
8801
False
7901
False
6815 5811 7107 4697 7959 423 4028 8743 863 2599 9608 4063 1810 7070 9726 9356 3931 7933 1754 2722 8801 7901 1127
6815 5811 7107 4697 7959 423 4028 8743 863 2599 9608 4063 1810 7070 9726 9356 3931 7933 1754 2722 8801 7901 1127 5990
24
23
6815 5811 7107 4697 7959 423 4028 8743 863 2599 9608 4063 1810 7070 9726 9356 3931 7933 1754 2722 8801 7901 1127
23
6815 5811 7107 4697 7959 423 4028 8743 863 2599 9608 4063 1810 7070 9726 9356 3931 7933 1754 2722 8801 7901 1127
23
False
False
False
6815 5811 7107 4697 7959 423 4028 8743 863 2599 9608 4063 1810 7070 9726 9356 3931 7933 1754 2722 8801 7901 1127
423
3217
6815 5811 7107 4697 7959 423 4028 8743 863 2599 9608 4063 1810 7070 9726 9356 3931 7933 1754 2722 8801 7901 1127 3217
False
3217
False
423
False
False
4458
5975
423
5975
False
6815 5811 7107 4697 7959 423 4028 8743 863 2599 9608 4063 1810 7070 9726 9356 3931 7933 1754 2722 8801 7901 1127 3217
23
6815 5811 7107 4697 7959 423 4028 8743 863 2599 9608 4063 1810 7070 9726 9356 3931 7933 1754 2722 8801 7901 1127 399
False
6815 5811 7107 4697 7959 423 4028 8743 863 2599 9608 4063 1810 7070 9726 9356 3931 7933 1754 2722 8801 7901 1127 399
24
False
399
24
399
399
399
False
399
399
6815 5811 7107 4697 7959 423 4028 8743 863 2599 9608 4063 1810 7070 9726 9356 3931 7933 1754 2722 8801 7901 1127 399
False
399
6815 5811 7107 4697 7959 423 4028 8743 863 2599 9608 4063 1810 7070 9726 9356 3931 7933 1754 2722 8801 7901 1127 399 8914
False
22
6815 5811 7107 4697 7959 423 4028 8743 863 2599 9608 4063 1810 7070 9726 9356 3931 7933 1754 2722 8801 7901
False
23
False
False
24
6815 5811 7107 4697 7959 423 4028 8743 863 2599 9608 4063 1810 7070 9726 9356 3931 7933 1754 2722 8801 7901 6231 6465
24
3257
False
262
1121
False
423
423
423
False
False
False
False
6815 5811 7107 4697 7959 423 4028 8743 863 2599 9608 4063 1810 7070 9726 9356 3931 7933 1754 2722 8801 7901 6231 3257
25
25
25
423
6863
423
False
6231
False
False
6815 5811 7107 4697 7959 423 4028 8743 863 2599 9608 4063 1810 7070 9726 9356 3931 7933 1754 2722
False
False
20
6815 5811 7107 4697 7959 423 4028 8743 863 2599 9608 4063 1810 7070 9726 9356 3931 7933 1754
423
20
False
False
False
6815 5811 7107 4697 7959 423 4028 8743 863 2599 9608 4063 1810 7070 9726 9356 3931 7933 1754 6014
6014
False
False
423
False
21
5026
False
5026
423
False
423
423
6014
20
6815 5811 7107 4697 7959 423 4028 8743 863 2599 9608 4063 1810 7070 9726 9356 3931 7933 1754 6014
6815 5811 7107 4697 7959 423 4028 8743 863 2599 9608 4063 1810 7070 9726 9356 3931 7933 1754 6014
6815 5811 7107 4697 7959 423 4028 8743 863 2599 9608 4063 1810 7070 9726 9356 3931 7933 1754 6014
False
False
False
18
False
False
6815 5811 7107 4697 7959 423 4028 8743 863 2599 9608 4063 1810 7070 9726 9356
16
6815 5811 7107 4697 7959 423 4028 8743 863 2599 9608 4063 1810 7070 9726 9356
16
423
423
False
16
423
15
False
423
False
7070
7070
False
423
False
False
False
False
6815 5811 7107 4697 7959 423 4028 8743 863 2599 9608 4063 8062 671 2715
15
6815 5811 7107 4697 7959 423 4028 8743 863 2599 9608 4063 8062 671 2715 194
17
194
False
423
False
423
18
6815 5811 7107 4697 7959 423 4028 8743 863 2599 9608 4063 8062 671 1420 3002 1559 118
16
False
False
15
False
1420
1420
6815 5811 7107 4697 7959 423 4028 8743 863 2599 9608 4063 8062 671 1420
False
423
False
423
6815 5811 7107 4697 7959 423 4028 8743 863 2599 9608
11
11
423
423
6654
False
6815 5811 7107 4697 7959 423 4028 8743 863 2599 9608 6654 2072
423
6815 5811 7107 4697 7959 423 4028 8743 863 2599 9608 6654
423
423
423
False
6815 5811 7107 4697 7959 423 4028 8743 863 2599 9608 6654 7455
False
False
337
False
9695
9695
6815 5811 7107 4697 7959 423 4028 8743 863 2599 9608 6654 3746 3473 5056 337 9695
9695
9695
False
6815 5811 7107 4697 7959 423 4028 8743 863 2599 9608 2374 444 7158
False
1869
18
20
False
5312
423
423
False
6815 5811 7107 4697 7959 423 4028 8743 863 2599 9608 2374 444 7158 6686 2652 1869 6777
6815 5811 7107 4697 7959 423 4028 8743 863 2599 9608 2374 444 7158 6686 2652 1869
423
18
6815 5811 7107 4697 7959 423 4028 8743 863 2599 9608 2374 444 7158 6686 2652 1869 3596
6815 5811 7107 4697 7959 423 4028 8743 863 2599 9608 2374 444 7158 6686 2652 1869 3596
423
423
False
1869
2652
False
2652
6815 5811 7107 4697 7959 423 4028 8743 863 2599 9608 2374 444 7158 6686 2652
6815 5811 7107 4697 7959 423 4028 8743 863 2599 9608 2374 444 7158 6686 2652
17
17
False
6815 5811 7107 4697 7959 423 4028 8743 863 2599 9608 2374 444 7158 6686 2652 141 7613 2643
False
False
False
False
20
21
22
22
False
7843
False
141
21
False
20
False
21
False
False
6815 5811 7107 4697 7959 423 4028 8743 863 2599 9608 2374 444 7158 6686 2652 141 7613 2643 6202 6775
False
6815 5811 7107 4697 7959 423 4028 8743 863 2599 9608 2374 444 7158 6686 2652 141 7613 2643 6202 6775
6815 5811 7107 4697 7959 423 4028 8743 863 2599 9608 2374 444 7158 6686 2652 141 7613 2643 6202 6775
6815 5811 7107 4697 7959 423 4028 8743 863 2599 9608 2374 444 7158 6686 2652 141 7613 2643 6202 6775 5955
141
False
141
False
6815 5811 7107 4697 7959 423 4028 8743 863 2599 9608 2374 444 7158 6686 2652 141 7613 2643 6202 6775 3659 3780
141
6815 5811 7107 4697 7959 423 4028 8743 863 2599 9608 2374 444 7158 6686 2652 141 7613 2643 6202 6775 3659 3780
False
23
23
False
141
False
141
6815 5811 7107 4697 7959 423 4028 8743 863 2599 9608 2374 444 7158 6686 2652 141 7613 2643 6202 6775 3659
141
6775
20
6815 5811 7107 4697 7959 423 4028 8743 863 2599 9608 2374 444 7158 6686 2652 141 7613 2643 6202
6202
141
False
6815 5811 7107 4697 7959 423 4028 8743 863 2599 9608 2374 444 7158 6686 2652 141 7613
False
9953
False
9953
423
2755
423
6815 5811 7107 4697 7959 423 4028 8743 863 2599 9608 2374 444 7158 9953 2755
2755
False
6815 5811 7107 4697 7959 423 4028 8743 863 2599 9608 2374 444 7158 9953 2755
6815 5811 7107 4697 7959 423 4028 8743 863 2599 9608 2374 444
6815 5811 7107 4697 7959 423 4028 8743 863 2599 9608 2374
14
15
6815 5811 7107 4697 7959 423 4028 8743 863 2599 9608 2374 3751 4264 383 5593
383
5593
6815 5811 7107 4697 7959 423 4028 8743 863 2599 9608 2374 3751 4264 383 5593
False
383
False
False
15
15
6815 5811 7107 4697 7959 423 4028 8743 863 2599 9608 2374 3751 4264 383
False
6815 5811 7107 4697 7959 423 4028 8743 863 2599 9608 2374 3751 4264 383
False
383
6815 5811 7107 4697 7959 423 4028 8743 863 2599 9608 2374 3751 4264 383
383
423
423
423
False
False
False
9197
False
6815 5811 7107 4697 7959 423 4028 8743 863 2599 9608 2374 3751 4264 9197 8368 3899
False
423
423
17
6815 5811 7107 4697 7959 423 4028 8743 863 2599 9608 2374 3751 4264 9197 8368 3899
3899
False
False
19
False
6507
False
False
423
6815 5811 7107 4697 7959 423 4028 8743 863 2599 9608 2374 3751 4264 9197 8368 3899 6507 6059
6815 5811 7107 4697 7959 423 4028 8743 863 2599 9608 2374 3751 4264 9197 8368 3899 6507
423
2491
False
9269
False
8533
False
4477
6815 5811 7107 4697 7959 423 4028 8743 863 2599 9608 2374 3751 4264 9197 8368 3899 6507 7136 2491 9269 9178 8533 4477
6815 5811 7107 4697 7959 423 4028 8743 863 2599 9608 2374 3751 4264 9197 8368 3899 6507 7136 2491 9269 9178 8533 4477
False
4477
4477
8533
8533
False
8533
23
False
23
False
2361
6815 5811 7107 4697 7959 423 4028 8743 863 2599 9608 2374 3751 4264 9197 8368 3899 6507 7136 2491 9269 9178 8533 2361
False
False
8533
False
6815 5811 7107 4697 7959 423 4028 8743 863 2599 9608 2374 3751 4264 9197 8368 3899 6507 7136 2491 9269 1483
423
False
423
6815 5811 7107 4697 7959 423 4028 8743 863 2599 9608 2374 3751 4264 9197 8368 3899 6507 7136 2491 9269
6815 5811 7107 4697 7959 423 4028 8743 863 2599 9608 2374 3751 4264 9197 8368 3899 6507 7136 2491 9269
False
423
False
False
False
False
False
423
False
6815 5811 7107 4697 7959 423 4028 8743 863 2599 9608 2374 3751 4264 9197 8368 3899 6507 7136 2491 5275 931 8848
6815 5811 7107 4697 7959 423 4028 8743 863 2599 9608 2374 3751 4264 9197 8368 3899 6507 7136 2491 5275 931
False
False
423
423
6815 5811 7107 4697 7959 423 4028 8743 863 2599 9608 2374 3751 4264 9197 8368 3899 6507 7136 2491 5275 931 1786
False
6815 5811 7107 4697 7959 423 4028 8743 863 2599 9608 2374 3751 4264 9197 8368 3899 6507 7136 2491 5275 931 4208
931
931
22
22
False
False
5275
21
6815 5811 7107 4697 7959 423 4028 8743 863 2599 9608 2374 3751 4264 9197 8368 3899 6507 7136 2491 5275
20
False
6507
False
False
False
6815 5811 7107 4697 7959 423 4028 8743 863 2599 9608 2374 3751 4264 9197 8368 3899 2116
423
9078
198
20
20
20
False
False
423
423
False
19
6815 5811 7107 4697 7959 423 4028 8743 863 2599 9608 2374 3751 4264 9197 8368 3899 2116 9078
18
423
18
423
423
False
6815 5811 7107 4697 7959 423 4028 8743 863 2599 9608 2374 3751 4264 9197 8368 3899 2116 5292 1897
1897
423
False
False
423
False
423
7466
False
6815 5811 7107 4697 7959 423 4028 8743 863 2599 9608 2374 3751 4264 9197 8368 3899 2116 5292 1172 7466
False
1489
423
21
False
False
False
6810
423
2783
23
False
23
6815 5811 7107 4697 7959 423 4028 8743 863 2599 9608 2374 3751 4264 9197 8368 3899 2116 5292 1172 7466 1722 2783
24
False
24
24
7678
6815 5811 7107 4697 7959 423 4028 8743 863 2599 9608 2374 3751 4264 9197 8368 3899 2116 5292 1172 7466 1722 2783
2783
False
6815 5811 7107 4697 7959 423 4028 8743 863 2599 9608 2374 3751 4264 9197 8368 3899 2116 5292 1172 7466 1722 2783 7040 9767 1450 3909
9767
6815 5811 7107 4697 7959 423 4028 8743 863 2599 9608 2374 3751 4264 9197 8368 3899 2116 5292 1172 7466 1722 2783 7040 9767
9767
25
423
6815 5811 7107 4697 7959 423 4028 8743 863 2599 9608 2374 3751 4264 9197 8368 3899 2116 5292 1172 7466 1722 2783
6815 5811 7107 4697 7959 423 4028 8743 863 2599 9608 2374 3751 4264 9197 8368 3899 2116 5292 1172 7466 1722
7621
225
False
6815 5811 7107 4697 7959 423 4028 8743 863 2599 9608 2374 3751 4264 9197 8368 3899 2116 5292 1172 7466 1722 7621 225
False
False
False
9165
False
423
3825
423
False
9165
24
False
9165
9165
False
6815 5811 7107 4697 7959 423 4028 8743 863 2599 9608 2374 3751 4264 9197 8368 3899 2116 5292 1172 7466 1722 7621 9165
6815 5811 7107 4697 7959 423 4028 8743 863 2599 9608 2374 3751 4264 9197 8368 3899 2116 5292 1172 7466 1722 7621
423
6815 5811 7107 4697 7959 423 4028 8743 863 2599 9608 2374 3751 4264 9197 8368 3899 2116 5292 1172 7466 1722 7621
845
24
423
6815 5811 7107 4697 7959 423 4028 8743 863 2599 9608 2374 3751 4264 9197 8368 3899 2116 5292 1172 7466 1722 7621 845
845
1262
423
False
False
False
23
False
24
6815 5811 7107 4697 7959 423 4028 8743 863 2599 9608 2374 3751 4264 9197 8368 3899 2116 5292 1172 7466 1722 2900 7717
423
24
24
False
423
423
False
423
423
False
False
733
27
False
6815 5811 7107 4697 7959 423 4028 8743 863 2599 9608 2374 3751 4264 9197 8368 3899 2116 5292 1172 7466 1722 2900 5862 2338 2169 733
423
False
6815 5811 7107 4697 7959 423 4028 8743 863 2599 9608 2374 3751 4264 9197 8368 3899 2116 5292 1172 7466 1722 2900 5862 2338
False
423
24
False
22
6449
24
6815 5811 7107 4697 7959 423 4028 8743 863 2599 9608 2374 3751 4264 9197 8368 3899 2116 5292 1172 7466 1722 257
False
24
24
1722
3593
False
25
False
False
False
423
25
6815 5811 7107 4697 7959 423 4028 8743 863 2599 9608 2374 3751 4264 9197 8368 3899 2116 5292 1172 7466 1722 3593 9031
False
False
423
False
False
False
22
False
6815 5811 7107 4697 7959 423 4028 8743 863 2599 9608 2374 3751 4264 9197 8368 3899 2116 5292 1172 7466 1722
423
6815 5811 7107 4697 7959 423 4028 8743 863 2599 9608 2374 3751 4264 9197 8368 3899 2116 5292 1172 7466 1722 9185 6821
6821
6815 5811 7107 4697 7959 423 4028 8743 863 2599 9608 2374 3751 4264 9197 8368 3899 2116 5292 1172 7466 1722 9185 6821
False
False
False
23
423
5765
7466
6815 5811 7107 4697 7959 423 4028 8743 863 2599 9608 2374 3751 4264 9197 8368 3899 2116 5292 1172 7466
423
21
1172
6815 5811 7107 4697 7959 423 4028 8743 863 2599 9608 2374 3751 4264 9197 8368 3899 2116 5292 1172 5201
6815 5811 7107 4697 7959 423 4028 8743 863 2599 9608 2374 3751 4264 9197 8368 3899 2116 5292 1172 5201
6815 5811 7107 4697 7959 423 4028 8743 863 2599 9608 2374 3751 4264 9197 8368 3899 2116 5292 1172 5201
21
423
21
423
6815 5811 7107 4697 7959 423 4028 8743 863 2599 9608 2374 3751 4264 9197 8368 3899 2116 5292 1172
False
False
21
False
6815 5811 7107 4697 7959 423 4028 8743 863 2599 9608 2374 3751 4264 9197 8368 3899 2116 5292 1172 1913
False
6815 5811 7107 4697 7959 423 4028 8743 863 2599 9608 2374 3751 4264 9197 8368 3899 2116 5292 1172 1913 9569
False
423
423
423
False
6815 5811 7107 4697 7959 423 4028 8743 863 2599 9608 2374 3751 4264 9197 8368 3899 2116 5292 1172
5292
423
5292
6815 5811 7107 4697 7959 423 4028 8743 863 2599 9608 2374 3751 4264 9197 8368 3899 2116 5292
423
423
False
False
False
False
423
7727
7727
False
False
423
68
False
6815 5811 7107 4697 7959 423 4028 8743 863 2599 9608 2374 3751 4264 9197 8368 3899 2116 5292 7727 5940 1499 3297 68
False
423
False
25
8075
8075
8075
False
6815 5811 7107 4697 7959 423 4028 8743 863 2599 9608 2374 3751 4264 9197 8368 3899 2116 5292 7727 5940 1499 3297 8348 9973 7046 8075
27
423
5577
False
False
6815 5811 7107 4697 7959 423 4028 8743 863 2599 9608 2374 3751 4264 9197 8368 3899 2116 5292 7727 5940 1499 3297 8348 9973 7046 8075 5577
6815 5811 7107 4697 7959 423 4028 8743 863 2599 9608 2374 3751 4264 9197 8368 3899 2116 5292 7727 5940 1499 3297 8348 9973 7046 8075 5577
False
7046
6815 5811 7107 4697 7959 423 4028 8743 863 2599 9608 2374 3751 4264 9197 8368 3899 2116 5292 7727 5940 1499 3297 8348 9973 7046
6815 5811 7107 4697 7959 423 4028 8743 863 2599 9608 2374 3751 4264 9197 8368 3899 2116 5292 7727 5940 1499 3297 8348 9973 7046
False
False
False
6815 5811 7107 4697 7959 423 4028 8743 863 2599 9608 2374 3751 4264 9197 8368 3899 2116 5292 7727 5940 1499 3297 8348 9973
26
False
9973
9973
25
423
False
24
False
False
24
315
False
False
315
25
315
423
False
423
6815 5811 7107 4697 7959 423 4028 8743 863 2599 9608 2374 3751 4264 9197 8368 3899 2116 5292 7727 5940 1499 410
410
410
410
1499
False
24
423
7625
7625
6815 5811 7107 4697 7959 423 4028 8743 863 2599 9608 2374 3751 4264 9197 8368 3899 2116 5292 7727 5940 1499 2971
423
False
6815 5811 7107 4697 7959 423 4028 8743 863 2599 9608 2374 3751 4264 9197 8368 3899 2116 5292 7727 5940 4498
6815 5811 7107 4697 7959 423 4028 8743 863 2599 9608 2374 3751 4264 9197 8368 3899 2116 5292 7727
6815 5811 7107 4697 7959 423 4028 8743 863 2599 9608 2374 3751 4264 9197 8368 3899 2116 5292
20
423
423
False
21
423
4149
6815 5811 7107 4697 7959 423 4028 8743 863 2599 9608 2374 3751 4264 9197 8368 3899 2116 5292 6755 4149
False
20
6815 5811 7107 4697 7959 423 4028 8743 863 2599 9608 2374 3751 4264 9197 8368 3899 2116 5292 7325 5752
False
False
21
21
False
False
False
6815 5811 7107 4697 7959 423 4028 8743 863 2599 9608 2374 3751 4264 9197 8368 3899 2116 5292 7325 5752
False
False
7325
False
7325
False
19
19
False
423
False
423
18
423
17
False
3899
False
109
6815 5811 7107 4697 7959 423 4028 8743 863 2599 9608 2374 3751 4264 9197 8368 3899
423
False
423
False
6815 5811 7107 4697 7959 423 4028 8743 863 2599 9608 2374 3751 4264 9197 8368 3899
3899
423
18
False
False
False
8526
21
False
423
21
21
6815 5811 7107 4697 7959 423 4028 8743 863 2599 9608 2374 3751 4264 9197 8368 3899 8347 7294 6194 8526 9698
423
423
6815 5811 7107 4697 7959 423 4028 8743 863 2599 9608 2374 3751 4264 9197 8368 3899 8347 7294 6194 8526 9698
6815 5811 7107 4697 7959 423 4028 8743 863 2599 9608 2374 3751 4264 9197 8368 3899 8347 7294 6194 8526 9698
9698
423
423
5528
False
22
423
False
6815 5811 7107 4697 7959 423 4028 8743 863 2599 9608 2374 3751 4264 9197 8368 3899 8347 7294 6194 8526 9698 1485
9698
423
423
6815 5811 7107 4697 7959 423 4028 8743 863 2599 9608 2374 3751 4264 9197 8368 3899 8347 7294 6194 8526 9698 7665
6815 5811 7107 4697 7959 423 4028 8743 863 2599 9608 2374 3751 4264 9197 8368 3899 8347 7294 6194 8526 9698
False
False
False
6194
423
20
False
False
6194
6194
6815 5811 7107 4697 7959 423 4028 8743 863 2599 9608 2374 3751 4264 9197 8368 3899 8347 7294 6194
6815 5811 7107 4697 7959 423 4028 8743 863 2599 9608 2374 3751 4264 9197 8368 3899 8347 7294
False
False
False
423
False
False
423
6815 5811 7107 4697 7959 423 4028 8743 863 2599 9608 2374 3751 4264 9197 8368 3899 8347 7294 4275 4834 4429
423
False
6815 5811 7107 4697 7959 423 4028 8743 863 2599 9608 2374 3751 4264 9197 8368 3899 8347 7294 4275 4834 4429
423
423
423
22
22
423
6815 5811 7107 4697 7959 423 4028 8743 863 2599 9608 2374 3751 4264 9197 8368 3899 8347 7294 4275 4834 4429 5693 3397
423
423
392
False
5693
6815 5811 7107 4697 7959 423 4028 8743 863 2599 9608 2374 3751 4264 9197 8368 3899 8347 7294 4275 4834 4429 5693
5693
False
6815 5811 7107 4697 7959 423 4028 8743 863 2599 9608 2374 3751 4264 9197 8368 3899 8347 7294 4275 4834 4429 5693 2420
False
423
6815 5811 7107 4697 7959 423 4028 8743 863 2599 9608 2374 3751 4264 9197 8368 3899 8347 7294 4275 4834 4429 5693 1516
25
4444
4444
423
6815 5811 7107 4697 7959 423 4028 8743 863 2599 9608 2374 3751 4264 9197 8368 3899 8347 7294 4275 4834 4429 5693 1516 6285 4911
423
26
6815 5811 7107 4697 7959 423 4028 8743 863 2599 9608 2374 3751 4264 9197 8368 3899 8347 7294 4275 4834 4429 5693 1516 6285 4911
423
423
False
False
False
5693
False
False
423
423
423
6815 5811 7107 4697 7959 423 4028 8743 863 2599 9608 2374 3751 4264 9197 8368 3899 8347 7294 4275 4834 8958 3087
3087
6815 5811 7107 4697 7959 423 4028 8743 863 2599 9608 2374 3751 4264 9197 8368 3899 8347 7294 4275 4834 8958 3087
23
False
22
False
5183
6815 5811 7107 4697 7959 423 4028 8743 863 2599 9608 2374 3751 4264 9197 8368 3899 8347 7294 4275 4834 8958 5183
False
423
False
8958
6815 5811 7107 4697 7959 423 4028 8743 863 2599 9608 2374 3751 4264 9197 8368 3899 8347 7294 4275 4834 7644
22
4275
False
18
19
20
21
423
6815 5811 7107 4697 7959 423 4028 8743 863 2599 9608 2374 3751 4264 9197 8368 3899 8347 9151 3207
20
False
6815 5811 7107 4697 7959 423 4028 8743 863 2599 9608 2374 3751 4264 9197 8368 3899 8347 9151 2003
9151
18
False
False
6815 5811 7107 4697 7959 423 4028 8743 863 2599 9608 2374 3751 4264 9197 8368 3899 8347 8699
False
8347
423
False
False
False
6286
6286
17
423
6815 5811 7107 4697 7959 423 4028 8743 863 2599 9608 2374 3751 4264 9197 8368 2668
2668
False
16
3403
18
423
19
18
6815 5811 7107 4697 7959 423 4028 8743 863 2599 9608 2374 3751 4264 9197 1560
6815 5811 7107 4697 7959 423 4028 8743 863 2599 9608 2374 3751 4264 9197 1560
False
16
15
9197
False
15
419
419
419
419
6815 5811 7107 4697 7959 423 4028 8743 863 2599 9608 2374 3751 4264 419
13
False
423
False
423
6815 5811 7107 4697 7959 423 4028 8743 863 2599 9608
12
6815 5811 7107 4697 7959 423 4028 8743 863 2599 9608 4721 7964 125
6676
125
125
125
6815 5811 7107 4697 7959 423 4028 8743 863 2599 9608 4721 7964 125
False
423
False
False
6815 5811 7107 4697 7959 423 4028 8743 863 2599 9608 4721 7964
False
False
423
6815 5811 7107 4697 7959 423 4028 8743 863 2599 9608 4721
4721
3317
False
3317
3317
6815 5811 7107 4697 7959 423 4028 8743 863 2599 9608 3182
False
False
6815 5811 7107 4697 7959 423 4028 8743 863 2599 9608 3182
423
6815 5811 7107 4697 7959 423 4028 8743 863 2599 9608 3182 8261
13
12
9071
9071
False
9169
6815 5811 7107 4697 7959 423 4028 8743 863 2599 9608 9071 9169
423
423
423
6815 5811 7107 4697 7959 423 4028 8743 863 2599 9608 9071 9169 6088 7913 9702
6815 5811 7107 4697 7959 423 4028 8743 863 2599 9608 9071 9169 6088 7913
False
15
9169
False
15
5101
5101
5101
15
15
8184
15
6815 5811 7107 4697 7959 423 4028 8743 863 2599 9608 9071 9169 8813 5101
15
6815 5811 7107 4697 7959 423 4028 8743 863 2599 9608 9071 9169 8813
6815 5811 7107 4697 7959 423 4028 8743 863 2599 9608 9071 9169 8813
2343
423
423
15
8122
16
False
6815 5811 7107 4697 7959 423 4028 8743 863 2599 9608 9071 9169 2343 4177
False
6815 5811 7107 4697 7959 423 4028 8743 863 2599 9608 9071 9169 2343 4177 4993 2882
9255
19
6815 5811 7107 4697 7959 423 4028 8743 863 2599 9608 9071 9169 2343 4177 4993 2882 1802
False
423
423
4993
6815 5811 7107 4697 7959 423 4028 8743 863 2599 9608 9071 9169 2343 4177 4993 3023
6815 5811 7107 4697 7959 423 4028 8743 863 2599 9608 9071 9169 2343 4177 4993 3023 4102
423
False
False
18
4102
6815 5811 7107 4697 7959 423 4028 8743 863 2599 9608 9071 9169 2343 4177 4993 3023 4102 7118
7118
6815 5811 7107 4697 7959 423 4028 8743 863 2599 9608 9071 9169 2343 4177 4993 3023 4102 7118
False
3023
6815 5811 7107 4697 7959 423 4028 8743 863 2599 9608 9071 9169 2343 4177 4993
8326
18
423
423
False
8332
6815 5811 7107 4697 7959 423 4028 8743 863 2599 9608 9071 9169 2343 4177 4993 8326 8332
8332
423
423
7407
423
False
False
6815 5811 7107 4697 7959 423 4028 8743 863 2599 9608 9071 9169 2343 4177 7407 1526 6274
6274
False
19
6815 5811 7107 4697 7959 423 4028 8743 863 2599 9608 9071 9169 2343 4177 7407 1526 6274 1669 1996
False
19
False
21
False
423
22
False
9846
False
False
False
6815 5811 7107 4697 7959 423 4028 8743 863 2599 9608 9071 9169 2343 4177 7407 1526 6274 1669 9634 9037 9018 9846 3180 472 6874 984
6815 5811 7107 4697 7959 423 4028 8743 863 2599 9608 9071 9169 2343 4177 7407 1526 6274 1669 9634 9037 9018 9846 3180 472
False
False
False
472
423
False
6815 5811 7107 4697 7959 423 4028 8743 863 2599 9608 9071 9169 2343 4177 7407 1526 6274 1669 9634 9037 9018 9846 3180
False
False
False
False
False
6815 5811 7107 4697 7959 423 4028 8743 863 2599 9608 9071 9169 2343 4177 7407 1526 6274 1669 9634 9037 9018 9846 4788 842
842
27
6519
423
6519
False
False
27
6815 5811 7107 4697 7959 423 4028 8743 863 2599 9608 9071 9169 2343 4177 7407 1526 6274 1669 9634 9037 9018 9846 4788 842 7872 6519
False
27
6519
7872
7872
584
False
False
6815 5811 7107 4697 7959 423 4028 8743 863 2599 9608 9071 9169 2343 4177 7407 1526 6274 1669 9634 9037 9018 9846 4788 842 7872 584
False
584
False
27
423
8685
8685
False
29
8083
4997
False
31
False
423
30
6815 5811 7107 4697 7959 423 4028 8743 863 2599 9608 9071 9169 2343 4177 7407 1526 6274 1669 9634 9037 9018 9846 4788 842 7872 584 9579 3251 8083
False
423
8083
False
False
423
8083
423
False
423
423
False
False
3251
False
423
6815 5811 7107 4697 7959 423 4028 8743 863 2599 9608 9071 9169 2343 4177 7407 1526 6274 1669 9634 9037 9018 9846 4788 842 7872 584 9579 4538
False
31
206
False
31
6815 5811 7107 4697 7959 423 4028 8743 863 2599 9608 9071 9169 2343 4177 7407 1526 6274 1669 9634 9037 9018 9846 4788 842 7872 584 9579 4538 6788 206
28
False
28
False
6815 5811 7107 4697 7959 423 4028 8743 863 2599 9608 9071 9169 2343 4177 7407 1526 6274 1669 9634 9037 9018 9846 4788 842 7872 584 9579
6815 5811 7107 4697 7959 423 4028 8743 863 2599 9608 9071 9169 2343 4177 7407 1526 6274 1669 9634 9037 9018 9846 4788 842 7872 584 9579
9579
423
29
28
7872
25
842
423
6815 5811 7107 4697 7959 423 4028 8743 863 2599 9608 9071 9169 2343 4177 7407 1526 6274 1669 9634 9037 9018 9846 4788 7677
7677
False
9946
False
False
8264
8264
8264
423
6815 5811 7107 4697 7959 423 4028 8743 863 2599 9608 9071 9169 2343 4177 7407 1526 6274 1669 9634 9037 9018 9846 4788 7677 3732 9946
423
6815 5811 7107 4697 7959 423 4028 8743 863 2599 9608 9071 9169 2343 4177 7407 1526 6274 1669 9634 9037 9018 9846 4788 7677 3732 9946 164
False
6815 5811 7107 4697 7959 423 4028 8743 863 2599 9608 9071 9169 2343 4177 7407 1526 6274 1669 9634 9037 9018 9846 4788 7677 3732 9946 164
False
164
26
False
False
6813
423
28
423
3466
28
28
423
6815 5811 7107 4697 7959 423 4028 8743 863 2599 9608 9071 9169 2343 4177 7407 1526 6274 1669 9634 9037 9018 9846 4788 7677 3732 6813
26
6815 5811 7107 4697 7959 423 4028 8743 863 2599 9608 9071 9169 2343 4177 7407 1526 6274 1669 9634 9037 9018 9846 4788 7677 3732
False
423
26
3732
423
25
7677
423
4788
6815 5811 7107 4697 7959 423 4028 8743 863 2599 9608 9071 9169 2343 4177 7407 1526 6274 1669 9634 9037 9018 9846 4788 7285
25
25
423
423
423
False
7285
False
False
False
22
423
False
False
21
6815 5811 7107 4697 7959 423 4028 8743 863 2599 9608 9071 9169 2343 4177 7407 1526 6274 1669 9634 6945
False
21
21
21
False
False
23
False
False
False
False
False
423
6815 5811 7107 4697 7959 423 4028 8743 863 2599 9608 9071 9169 2343 4177 7407 1526 6274 1669 9634 1916 2331 6054 9191 2420
423
False
26
6748
False
26
6815 5811 7107 4697 7959 423 4028 8743 863 2599 9608 9071 9169 2343 4177 7407 1526 6274 1669 9634 1916 2331 6054 9191 1576 6748
26
6815 5811 7107 4697 7959 423 4028 8743 863 2599 9608 9071 9169 2343 4177 7407 1526 6274 1669 9634 1916 2331 6054 9191 1576 6748
26
4890
False
26
423
False
25
1576
False
9191
24
423
26
26
6815 5811 7107 4697 7959 423 4028 8743 863 2599 9608 9071 9169 2343 4177 7407 1526 6274 1669 9634 1916 2331 6054 9191 4239 7036
6815 5811 7107 4697 7959 423 4028 8743 863 2599 9608 9071 9169 2343 4177 7407 1526 6274 1669 9634 1916 2331 6054 9191 4239 7036
423
26
423
6815 5811 7107 4697 7959 423 4028 8743 863 2599 9608 9071 9169 2343 4177 7407 1526 6274 1669 9634 1916 2331 6054 9191 4239
False
6815 5811 7107 4697 7959 423 4028 8743 863 2599 9608 9071 9169 2343 4177 7407 1526 6274 1669 9634 1916 2331 6054 9191
3517
False
6815 5811 7107 4697 7959 423 4028 8743 863 2599 9608 9071 9169 2343 4177 7407 1526 6274 1669 9634 1916 2331 6054 9191 3517
423
6815 5811 7107 4697 7959 423 4028 8743 863 2599 9608 9071 9169 2343 4177 7407 1526 6274 1669 9634 1916 2331 6054 9191 8218 8284 4073
False
27
False
423
28
False
423
6815 5811 7107 4697 7959 423 4028 8743 863 2599 9608 9071 9169 2343 4177 7407 1526 6274 1669 9634 1916 2331 6054 9191 8218 8284 4073 3831
3831
3831
423
423
False
423
False
6815 5811 7107 4697 7959 423 4028 8743 863 2599 9608 9071 9169 2343 4177 7407 1526 6274 1669 9634 1916 2331 6054 9191 8218 8284 1456
27
1456
27
423
27
False
6815 5811 7107 4697 7959 423 4028 8743 863 2599 9608 9071 9169 2343 4177 7407 1526 6274 1669 9634 1916 2331 6054 9191 8218 8284
False
1521
6815 5811 7107 4697 7959 423 4028 8743 863 2599 9608 9071 9169 2343 4177 7407 1526 6274 1669 9634 1916 2331 6054 9191 8218 8284 4493 1521 4662
False
4662
29
False
False
6042
False
6042
False
423
6815 5811 7107 4697 7959 423 4028 8743 863 2599 9608 9071 9169 2343 4177 7407 1526 6274 1669 9634 1916 2331 6054 9191 8218 8284 4493 1521 4662
4662
30
False
False
7287
False
423
False
False
423
423
423
6815 5811 7107 4697 7959 423 4028 8743 863 2599 9608 9071 9169 2343 4177 7407 1526 6274 1669 9634 1916 2331 6054 9191 8218 8284 4493 1521 4662 7971
6815 5811 7107 4697 7959 423 4028 8743 863 2599 9608 9071 9169 2343 4177 7407 1526 6274 1669 9634 1916 2331 6054 9191 8218 8284 4493 1521 4662 7971
423
4714
423
4714
False
30
False
29
False
False
6641
6815 5811 7107 4697 7959 423 4028 8743 863 2599 9608 9071 9169 2343 4177 7407 1526 6274 1669 9634 1916 2331 6054 9191 8218 8284 4493 1521 4662 9791 6641
6815 5811 7107 4697 7959 423 4028 8743 863 2599 9608 9071 9169 2343 4177 7407 1526 6274 1669 9634 1916 2331 6054 9191 8218 8284 4493 1521 4662 9791 6641 2518
False
423
423
32
6815 5811 7107 4697 7959 423 4028 8743 863 2599 9608 9071 9169 2343 4177 7407 1526 6274 1669 9634 1916 2331 6054 9191 8218 8284 4493 1521 4662 9791
False
False
423
33
423
False
423
False
30
3857
False
False
30
False
False
False
False
1521
6815 5811 7107 4697 7959 423 4028 8743 863 2599 9608 9071 9169 2343 4177 7407 1526 6274 1669 9634 1916 2331 6054 9191 8218 8284 4493 1521
423
1521
27
1953
False
8052
6815 5811 7107 4697 7959 423 4028 8743 863 2599 9608 9071 9169 2343 4177 7407 1526 6274 1669 9634 1916 2331 6054 9191 8218 8284 4493 1953 8052
False
False
6815 5811 7107 4697 7959 423 4028 8743 863 2599 9608 9071 9169 2343 4177 7407 1526 6274 1669 9634 1916 2331 6054 9191 8218 8284 4493 1953 1057 9107 8821 6553
6553
32
33
6815 5811 7107 4697 7959 423 4028 8743 863 2599 9608 9071 9169 2343 4177 7407 1526 6274 1669 9634 1916 2331 6054 9191 8218 8284 4493 1953 1057 9107 8821 6553
False
False
6815 5811 7107 4697 7959 423 4028 8743 863 2599 9608 9071 9169 2343 4177 7407 1526 6274 1669 9634 1916 2331 6054 9191 8218 8284 4493 1953 1057 9107 8821 6553 6003 5623
6815 5811 7107 4697 7959 423 4028 8743 863 2599 9608 9071 9169 2343 4177 7407 1526 6274 1669 9634 1916 2331 6054 9191 8218 8284 4493 1953 1057 9107 8821 6553 6003 5623
34
34
False
False
False
35
6815 5811 7107 4697 7959 423 4028 8743 863 2599 9608 9071 9169 2343 4177 7407 1526 6274 1669 9634 1916 2331 6054 9191 8218 8284 4493 1953 1057 9107 8821 6553 6003 9921
False
35
False
423
423
39
39
False
423
6815 5811 7107 4697 7959 423 4028 8743 863 2599 9608 9071 9169 2343 4177 7407 1526 6274 1669 9634 1916 2331 6054 9191 8218 8284 4493 1953 1057 9107 8821 6553 6003 9921 8712 1734 7093 5608
False
6815 5811 7107 4697 7959 423 4028 8743 863 2599 9608 9071 9169 2343 4177 7407 1526 6274 1669 9634 1916 2331 6054 9191 8218 8284 4493 1953 1057 9107 8821 6553 6003 9921 8712 1734 7093 5608
39
False
False
6030
6815 5811 7107 4697 7959 423 4028 8743 863 2599 9608 9071 9169 2343 4177 7407 1526 6274 1669 9634 1916 2331 6054 9191 8218 8284 4493 1953 1057 9107 8821 6553 6003 9921 8712 1734 7093 5608 8538 9169 6030
6030
423
423
6815 5811 7107 4697 7959 423 4028 8743 863 2599 9608 9071 9169 2343 4177 7407 1526 6274 1669 9634 1916 2331 6054 9191 8218 8284 4493 1953 1057 9107 8821 6553 6003 9921 8712 1734 7093 5608 8538 9169 6030 7514 4983 9683
9683
9683
44
False
False
44
1357
6815 5811 7107 4697 7959 423 4028 8743 863 2599 9608 9071 9169 2343 4177 7407 1526 6274 1669 9634 1916 2331 6054 9191 8218 8284 4493 1953 1057 9107 8821 6553 6003 9921 8712 1734 7093 5608 8538 9169 6030 7514
8040
44
423
43
7514
False
6815 5811 7107 4697 7959 423 4028 8743 863 2599 9608 9071 9169 2343 4177 7407 1526 6274 1669 9634 1916 2331 6054 9191 8218 8284 4493 1953 1057 9107 8821 6553 6003 9921 8712 1734 7093 5608 8538 9169 6030 7514
423
423
6815 5811 7107 4697 7959 423 4028 8743 863 2599 9608 9071 9169 2343 4177 7407 1526 6274 1669 9634 1916 2331 6054 9191 8218 8284 4493 1953 1057 9107 8821 6553 6003 9921 8712 1734 7093 5608 8538 9169 6030 7514 6741
6741
False
423
6405
423
False
8604
False
8604
False
44
44
False
False
45
423
False
423
False
5432
False
43
423
False
1272
6815 5811 7107 4697 7959 423 4028 8743 863 2599 9608 9071 9169 2343 4177 7407 1526 6274 1669 9634 1916 2331 6054 9191 8218 8284 4493 1953 1057 9107 8821 6553 6003 9921 8712 1734 7093 5608 8538 9169 6030 7514 1272
6815 5811 7107 4697 7959 423 4028 8743 863 2599 9608 9071 9169 2343 4177 7407 1526 6274 1669 9634 1916 2331 6054 9191 8218 8284 4493 1953 1057 9107 8821 6553 6003 9921 8712 1734 7093 5608 8538 9169 6030 7514 1272
6815 5811 7107 4697 7959 423 4028 8743 863 2599 9608 9071 9169 2343 4177 7407 1526 6274 1669 9634 1916 2331 6054 9191 8218 8284 4493 1953 1057 9107 8821 6553 6003 9921 8712 1734 7093 5608 8538 9169 6030 7514 1272 2478
423
False
423
False
46
False
False
8527
False
False
6815 5811 7107 4697 7959 423 4028 8743 863 2599 9608 9071 9169 2343 4177 7407 1526 6274 1669 9634 1916 2331 6054 9191 8218 8284 4493 1953 1057 9107 8821 6553 6003 9921 8712 1734 7093 5608 8538 9169 6030 7514 1272 2478 8527 2164
46
423
False
6815 5811 7107 4697 7959 423 4028 8743 863 2599 9608 9071 9169 2343 4177 7407 1526 6274 1669 9634 1916 2331 6054 9191 8218 8284 4493 1953 1057 9107 8821 6553 6003 9921 8712 1734 7093 5608 8538 9169 6030 7514 1272 2478 8527 2164 825
False
423
423
False
False
48
6815 5811 7107 4697 7959 423 4028 8743 863 2599 9608 9071 9169 2343 4177 7407 1526 6274 1669 9634 1916 2331 6054 9191 8218 8284 4493 1953 1057 9107 8821 6553 6003 9921 8712 1734 7093 5608 8538 9169 6030 7514 1272 2478 8527 2164 825 5072 6405 8218
50
6815 5811 7107 4697 7959 423 4028 8743 863 2599 9608 9071 9169 2343 4177 7407 1526 6274 1669 9634 1916 2331 6054 9191 8218 8284 4493 1953 1057 9107 8821 6553 6003 9921 8712 1734 7093 5608 8538 9169 6030 7514 1272 2478 8527 2164 825 5072 6405 8218
50
False
False
False
False
423
7058
2834
False
6815 5811 7107 4697 7959 423 4028 8743 863 2599 9608 9071 9169 2343 4177 7407 1526 6274 1669 9634 1916 2331 6054 9191 8218 8284 4493 1953 1057 9107 8821 6553 6003 9921 8712 1734 7093 5608 8538 9169 6030 7514 1272 2478 8527 2164 825 5072 4583 7058 2834
6815 5811 7107 4697 7959 423 4028 8743 863 2599 9608 9071 9169 2343 4177 7407 1526 6274 1669 9634 1916 2331 6054 9191 8218 8284 4493 1953 1057 9107 8821 6553 6003 9921 8712 1734 7093 5608 8538 9169 6030 7514 1272 2478 8527 2164 825 5072 4583 7058 2834
False
6815 5811 7107 4697 7959 423 4028 8743 863 2599 9608 9071 9169 2343 4177 7407 1526 6274 1669 9634 1916 2331 6054 9191 8218 8284 4493 1953 1057 9107 8821 6553 6003 9921 8712 1734 7093 5608 8538 9169 6030 7514 1272 2478 8527 2164 825 5072 4583 7058 2834 9908 4525
False
5695
423
423
423
4525
6815 5811 7107 4697 7959 423 4028 8743 863 2599 9608 9071 9169 2343 4177 7407 1526 6274 1669 9634 1916 2331 6054 9191 8218 8284 4493 1953 1057 9107 8821 6553 6003 9921 8712 1734 7093 5608 8538 9169 6030 7514 1272 2478 8527 2164 825 5072 4583 7058 2834 9908 4525
False
423
423
6815 5811 7107 4697 7959 423 4028 8743 863 2599 9608 9071 9169 2343 4177 7407 1526 6274 1669 9634 1916 2331 6054 9191 8218 8284 4493 1953 1057 9107 8821 6553 6003 9921 8712 1734 7093 5608 8538 9169 6030 7514 1272 2478 8527 2164 825 5072 4583 7058 2834 9908 4525
423
False
51
6815 5811 7107 4697 7959 423 4028 8743 863 2599 9608 9071 9169 2343 4177 7407 1526 6274 1669 9634 1916 2331 6054 9191 8218 8284 4493 1953 1057 9107 8821 6553 6003 9921 8712 1734 7093 5608 8538 9169 6030 7514 1272 2478 8527 2164 825 5072 4583 7058 3826
6815 5811 7107 4697 7959 423 4028 8743 863 2599 9608 9071 9169 2343 4177 7407 1526 6274 1669 9634 1916 2331 6054 9191 8218 8284 4493 1953 1057 9107 8821 6553 6003 9921 8712 1734 7093 5608 8538 9169 6030 7514 1272 2478 8527 2164 825 5072 4583 7058 3826
6815 5811 7107 4697 7959 423 4028 8743 863 2599 9608 9071 9169 2343 4177 7407 1526 6274 1669 9634 1916 2331 6054 9191 8218 8284 4493 1953 1057 9107 8821 6553 6003 9921 8712 1734 7093 5608 8538 9169 6030 7514 1272 2478 8527 2164 825 5072 4583 7058 3826
6815 5811 7107 4697 7959 423 4028 8743 863 2599 9608 9071 9169 2343 4177 7407 1526 6274 1669 9634 1916 2331 6054 9191 8218 8284 4493 1953 1057 9107 8821 6553 6003 9921 8712 1734 7093 5608 8538 9169 6030 7514 1272 2478 8527 2164 825 5072 4583 7058
423
False
False
46
4412
46
False
423
423
1291
6815 5811 7107 4697 7959 423 4028 8743 863 2599 9608 9071 9169 2343 4177 7407 1526 6274 1669 9634 1916 2331 6054 9191 8218 8284 4493 1953 1057 9107 8821 6553 6003 9921 8712 1734 7093 5608 8538 9169 6030 7514 1272 2478 8527 1291 4770
False
6815 5811 7107 4697 7959 423 4028 8743 863 2599 9608 9071 9169 2343 4177 7407 1526 6274 1669 9634 1916 2331 6054 9191 8218 8284 4493 1953 1057 9107 8821 6553 6003 9921 8712 1734 7093 5608 8538 9169 6030 7514 1272 2478 8527 1291
6815 5811 7107 4697 7959 423 4028 8743 863 2599 9608 9071 9169 2343 4177 7407 1526 6274 1669 9634 1916 2331 6054 9191 8218 8284 4493 1953 1057 9107 8821 6553 6003 9921 8712 1734 7093 5608 8538 9169 6030 7514 1272 2478 8527 1291
1291
46
423
6815 5811 7107 4697 7959 423 4028 8743 863 2599 9608 9071 9169 2343 4177 7407 1526 6274 1669 9634 1916 2331 6054 9191 8218 8284 4493 1953 1057 9107 8821 6553 6003 9921 8712 1734 7093 5608 8538 9169 6030 7514 1272 2478
False
6815 5811 7107 4697 7959 423 4028 8743 863 2599 9608 9071 9169 2343 4177 7407 1526 6274 1669 9634 1916 2331 6054 9191 8218 8284 4493 1953 1057 9107 8821 6553 6003 9921 8712 1734 7093 5608 8538 9169 6030 7514 1272 2478
False
44
423
False
423
6815 5811 7107 4697 7959 423 4028 8743 863 2599 9608 9071 9169 2343 4177 7407 1526 6274 1669 9634 1916 2331 6054 9191 8218 8284 4493 1953 1057 9107 8821 6553 6003 9921 8712 1734 7093 5608 8538 9169 6030
4026
6815 5811 7107 4697 7959 423 4028 8743 863 2599 9608 9071 9169 2343 4177 7407 1526 6274 1669 9634 1916 2331 6054 9191 8218 8284 4493 1953 1057 9107 8821 6553 6003 9921 8712 1734 7093 5608 8538 9169 6030 6104 4026 1208
6815 5811 7107 4697 7959 423 4028 8743 863 2599 9608 9071 9169 2343 4177 7407 1526 6274 1669 9634 1916 2331 6054 9191 8218 8284 4493 1953 1057 9107 8821 6553 6003 9921 8712 1734 7093 5608 8538 9169 6030 6104 4026 1208
False
423
46
46
6880
46
46
6815 5811 7107 4697 7959 423 4028 8743 863 2599 9608 9071 9169 2343 4177 7407 1526 6274 1669 9634 1916 2331 6054 9191 8218 8284 4493 1953 1057 9107 8821 6553 6003 9921 8712 1734 7093 5608 8538 9169 6030 6104 4026 1208 9568
6815 5811 7107 4697 7959 423 4028 8743 863 2599 9608 9071 9169 2343 4177 7407 1526 6274 1669 9634 1916 2331 6054 9191 8218 8284 4493 1953 1057 9107 8821 6553 6003 9921 8712 1734 7093 5608 8538 9169 6030 6104 4026 1208 9568
False
423
45
423
9568
False
False
False
423
423
423
423
423
6815 5811 7107 4697 7959 423 4028 8743 863 2599 9608 9071 9169 2343 4177 7407 1526 6274 1669 9634 1916 2331 6054 9191 8218 8284 4493 1953 1057 9107 8821 6553 6003 9921 8712 1734 7093 5608 8538 9169 6030 6104 4026 1208 3352 6431 9956
False
False
6815 5811 7107 4697 7959 423 4028 8743 863 2599 9608 9071 9169 2343 4177 7407 1526 6274 1669 9634 1916 2331 6054 9191 8218 8284 4493 1953 1057 9107 8821 6553 6003 9921 8712 1734 7093 5608 8538 9169 6030 6104 4026 1208 3352 6431 9956
6815 5811 7107 4697 7959 423 4028 8743 863 2599 9608 9071 9169 2343 4177 7407 1526 6274 1669 9634 1916 2331 6054 9191 8218 8284 4493 1953 1057 9107 8821 6553 6003 9921 8712 1734 7093 5608 8538 9169 6030 6104 4026 1208 3352 6431
False
3773
44
False
4026
4026
6815 5811 7107 4697 7959 423 4028 8743 863 2599 9608 9071 9169 2343 4177 7407 1526 6274 1669 9634 1916 2331 6054 9191 8218 8284 4493 1953 1057 9107 8821 6553 6003 9921 8712 1734 7093 5608 8538 9169 6030 6104
42
423
False
423
6030
6815 5811 7107 4697 7959 423 4028 8743 863 2599 9608 9071 9169 2343 4177 7407 1526 6274 1669 9634 1916 2331 6054 9191 8218 8284 4493 1953 1057 9107 8821 6553 6003 9921 8712 1734 7093 5608 8538 9169
6815 5811 7107 4697 7959 423 4028 8743 863 2599 9608 9071 9169 2343 4177 7407 1526 6274 1669 9634 1916 2331 6054 9191 8218 8284 4493 1953 1057 9107 8821 6553 6003 9921 8712 1734 7093 5608 8538 9169
423
40
9169
6815 5811 7107 4697 7959 423 4028 8743 863 2599 9608 9071 9169 2343 4177 7407 1526 6274 1669 9634 1916 2331 6054 9191 8218 8284 4493 1953 1057 9107 8821 6553 6003 9921 8712 1734 7093 5608 8538 9169 9295
41
False
False
6815 5811 7107 4697 7959 423 4028 8743 863 2599 9608 9071 9169 2343 4177 7407 1526 6274 1669 9634 1916 2331 6054 9191 8218 8284 4493 1953 1057 9107 8821 6553 6003 9921 8712 1734 7093 5608 8538 9169 9295 5945
42
False
5945
5945
6815 5811 7107 4697 7959 423 4028 8743 863 2599 9608 9071 9169 2343 4177 7407 1526 6274 1669 9634 1916 2331 6054 9191 8218 8284 4493 1953 1057 9107 8821 6553 6003 9921 8712 1734 7093 5608 8538 9169 9295 5945
False
False
6815 5811 7107 4697 7959 423 4028 8743 863 2599 9608 9071 9169 2343 4177 7407 1526 6274 1669 9634 1916 2331 6054 9191 8218 8284 4493 1953 1057 9107 8821 6553 6003 9921 8712 1734 7093 5608 8538 9169 9295 5945 7640
False
5945
False
42
6815 5811 7107 4697 7959 423 4028 8743 863 2599 9608 9071 9169 2343 4177 7407 1526 6274 1669 9634 1916 2331 6054 9191 8218 8284 4493 1953 1057 9107 8821 6553 6003 9921 8712 1734 7093 5608 8538 9169 9295 5945
False
False
False
False
False
False
423
45
False
423
423
4678
423
4678
False
False
False
3388
False
False
False
False
False
6815 5811 7107 4697 7959 423 4028 8743 863 2599 9608 9071 9169 2343 4177 7407 1526 6274 1669 9634 1916 2331 6054 9191 8218 8284 4493 1953 1057 9107 8821 6553 6003 9921 8712 1734 7093 5608 8538 9169 2158 6626 9568
423
9568
False
False
False
3417
6815 5811 7107 4697 7959 423 4028 8743 863 2599 9608 9071 9169 2343 4177 7407 1526 6274 1669 9634 1916 2331 6054 9191 8218 8284 4493 1953 1057 9107 8821 6553 6003 9921 8712 1734 7093 5608 8538 9169 2158 6626 9568 3417 3740 2569 2357 4756
4756
423
69
47
47
47
6815 5811 7107 4697 7959 423 4028 8743 863 2599 9608 9071 9169 2343 4177 7407 1526 6274 1669 9634 1916 2331 6054 9191 8218 8284 4493 1953 1057 9107 8821 6553 6003 9921 8712 1734 7093 5608 8538 9169 2158 6626 9568 3417 3740 2569 69
69
6815 5811 7107 4697 7959 423 4028 8743 863 2599 9608 9071 9169 2343 4177 7407 1526 6274 1669 9634 1916 2331 6054 9191 8218 8284 4493 1953 1057 9107 8821 6553 6003 9921 8712 1734 7093 5608 8538 9169 2158 6626 9568 3417 3740 2569
46
46
46
46
False
False
46
423
423
423
6815 5811 7107 4697 7959 423 4028 8743 863 2599 9608 9071 9169 2343 4177 7407 1526 6274 1669 9634 1916 2331 6054 9191 8218 8284 4493 1953 1057 9107 8821 6553 6003 9921 8712 1734 7093 5608 8538 9169 2158 6626 9568 3417 3740 7537 5614
6815 5811 7107 4697 7959 423 4028 8743 863 2599 9608 9071 9169 2343 4177 7407 1526 6274 1669 9634 1916 2331 6054 9191 8218 8284 4493 1953 1057 9107 8821 6553 6003 9921 8712 1734 7093 5608 8538 9169 2158 6626 9568 3417 3740 7537 5614
False
False
False
6815 5811 7107 4697 7959 423 4028 8743 863 2599 9608 9071 9169 2343 4177 7407 1526 6274 1669 9634 1916 2331 6054 9191 8218 8284 4493 1953 1057 9107 8821 6553 6003 9921 8712 1734 7093 5608 8538 9169 2158 6626 9568 3417 3740
3740
6815 5811 7107 4697 7959 423 4028 8743 863 2599 9608 9071 9169 2343 4177 7407 1526 6274 1669 9634 1916 2331 6054 9191 8218 8284 4493 1953 1057 9107 8821 6553 6003 9921 8712 1734 7093 5608 8538 9169 2158 6626 9568 3417 3740 6039 8355
False
6815 5811 7107 4697 7959 423 4028 8743 863 2599 9608 9071 9169 2343 4177 7407 1526 6274 1669 9634 1916 2331 6054 9191 8218 8284 4493 1953 1057 9107 8821 6553 6003 9921 8712 1734 7093 5608 8538 9169 2158 6626 9568 3417 3740 6039
False
6815 5811 7107 4697 7959 423 4028 8743 863 2599 9608 9071 9169 2343 4177 7407 1526 6274 1669 9634 1916 2331 6054 9191 8218 8284 4493 1953 1057 9107 8821 6553 6003 9921 8712 1734 7093 5608 8538 9169 2158 6626 9568 3417 3740
6815 5811 7107 4697 7959 423 4028 8743 863 2599 9608 9071 9169 2343 4177 7407 1526 6274 1669 9634 1916 2331 6054 9191 8218 8284 4493 1953 1057 9107 8821 6553 6003 9921 8712 1734 7093 5608 8538 9169 2158 6626 9568 3417
False
44
False
False
45
False
45
45
9568
False
42
False
False
False
False
False
39
6815 5811 7107 4697 7959 423 4028 8743 863 2599 9608 9071 9169 2343 4177 7407 1526 6274 1669 9634 1916 2331 6054 9191 8218 8284 4493 1953 1057 9107 8821 6553 6003 9921 8712 1734 7093 5608 8538
False
6082
6082
6815 5811 7107 4697 7959 423 4028 8743 863 2599 9608 9071 9169 2343 4177 7407 1526 6274 1669 9634 1916 2331 6054 9191 8218 8284 4493 1953 1057 9107 8821 6553 6003 9921 8712 1734 7093 5608 8538 6082 6781
False
False
423
False
False
423
False
False
423
6203
423
8622
8622
8925
False
43
2367
423
False
43
8509
False
False
6815 5811 7107 4697 7959 423 4028 8743 863 2599 9608 9071 9169 2343 4177 7407 1526 6274 1669 9634 1916 2331 6054 9191 8218 8284 4493 1953 1057 9107 8821 6553 6003 9921 8712 1734 7093 5608 8538 6082 7850 2118 8509 4782
4782
False
False
False
42
False
42
423
False
6815 5811 7107 4697 7959 423 4028 8743 863 2599 9608 9071 9169 2343 4177 7407 1526 6274 1669 9634 1916 2331 6054 9191 8218 8284 4493 1953 1057 9107 8821 6553 6003 9921 8712 1734 7093 5608 8538 6082 7850 4476 206
43
44
44
False
44
False
9559
206
False
5531
5531
6815 5811 7107 4697 7959 423 4028 8743 863 2599 9608 9071 9169 2343 4177 7407 1526 6274 1669 9634 1916 2331 6054 9191 8218 8284 4493 1953 1057 9107 8821 6553 6003 9921 8712 1734 7093 5608 8538 6082 7850 4476 206 9559
False
False
False
False
423
2554
False
44
6815 5811 7107 4697 7959 423 4028 8743 863 2599 9608 9071 9169 2343 4177 7407 1526 6274 1669 9634 1916 2331 6054 9191 8218 8284 4493 1953 1057 9107 8821 6553 6003 9921 8712 1734 7093 5608 8538 6082 7850 4476 2186
423
41
6815 5811 7107 4697 7959 423 4028 8743 863 2599 9608 9071 9169 2343 4177 7407 1526 6274 1669 9634 1916 2331 6054 9191 8218 8284 4493 1953 1057 9107 8821 6553 6003 9921 8712 1734 7093 5608 8538 6082 7850 5210
7850
7850
41
6815 5811 7107 4697 7959 423 4028 8743 863 2599 9608 9071 9169 2343 4177 7407 1526 6274 1669 9634 1916 2331 6054 9191 8218 8284 4493 1953 1057 9107 8821 6553 6003 9921 8712 1734 7093 5608 8538 6082 7850
6815 5811 7107 4697 7959 423 4028 8743 863 2599 9608 9071 9169 2343 4177 7407 1526 6274 1669 9634 1916 2331 6054 9191 8218 8284 4493 1953 1057 9107 8821 6553 6003 9921 8712 1734 7093 5608 8538 6082 7850
False
False
False
False
False
False
6815 5811 7107 4697 7959 423 4028 8743 863 2599 9608 9071 9169 2343 4177 7407 1526 6274 1669 9634 1916 2331 6054 9191 8218 8284 4493 1953 1057 9107 8821 6553 6003 9921 8712 1734 7093 5608 8538 6082 7850
423
40
6815 5811 7107 4697 7959 423 4028 8743 863 2599 9608 9071 9169 2343 4177 7407 1526 6274 1669 9634 1916 2331 6054 9191 8218 8284 4493 1953 1057 9107 8821 6553 6003 9921 8712 1734 7093 5608 8538 6082
423
6815 5811 7107 4697 7959 423 4028 8743 863 2599 9608 9071 9169 2343 4177 7407 1526 6274 1669 9634 1916 2331 6054 9191 8218 8284 4493 1953 1057 9107 8821 6553 6003 9921 8712 1734 7093 5608 8538
False
423
False
423
6815 5811 7107 4697 7959 423 4028 8743 863 2599 9608 9071 9169 2343 4177 7407 1526 6274 1669 9634 1916 2331 6054 9191 8218 8284 4493 1953 1057 9107 8821 6553 6003 9921 8712 1734 7093 5608 8538
39
39
8538
6815 5811 7107 4697 7959 423 4028 8743 863 2599 9608 9071 9169 2343 4177 7407 1526 6274 1669 9634 1916 2331 6054 9191 8218 8284 4493 1953 1057 9107 8821 6553 6003 9921 8712 1734 7093 5608
5608
False
False
False
40
False
False
423
False
2582
False
41
6815 5811 7107 4697 7959 423 4028 8743 863 2599 9608 9071 9169 2343 4177 7407 1526 6274 1669 9634 1916 2331 6054 9191 8218 8284 4493 1953 1057 9107 8821 6553 6003 9921 8712 1734 7093 9889 5529 3046
False
6815 5811 7107 4697 7959 423 4028 8743 863 2599 9608 9071 9169 2343 4177 7407 1526 6274 1669 9634 1916 2331 6054 9191 8218 8284 4493 1953 1057 9107 8821 6553 6003 9921 8712 1734 7093 9889 5529 3046
6815 5811 7107 4697 7959 423 4028 8743 863 2599 9608 9071 9169 2343 4177 7407 1526 6274 1669 9634 1916 2331 6054 9191 8218 8284 4493 1953 1057 9107 8821 6553 6003 9921 8712 1734 7093 9889 5529 3046 6384 3082
42
3082
False
False
40
6815 5811 7107 4697 7959 423 4028 8743 863 2599 9608 9071 9169 2343 4177 7407 1526 6274 1669 9634 1916 2331 6054 9191 8218 8284 4493 1953 1057 9107 8821 6553 6003 9921 8712 1734 7093 9889 5529 3046
423
False
5529
9889
7093
False
37
7093
False
37
36
False
36
False
False
36
6815 5811 7107 4697 7959 423 4028 8743 863 2599 9608 9071 9169 2343 4177 7407 1526 6274 1669 9634 1916 2331 6054 9191 8218 8284 4493 1953 1057 9107 8821 6553 6003 9921 8712 1734
423
36
False
False
False
423
False
423
423
False
False
423
3187
423
423
6815 5811 7107 4697 7959 423 4028 8743 863 2599 9608 9071 9169 2343 4177 7407 1526 6274 1669 9634 1916 2331 6054 9191 8218 8284 4493 1953 1057 9107 8821 6553 6003 9921 8712 3187 5689
False
6815 5811 7107 4697 7959 423 4028 8743 863 2599 9608 9071 9169 2343 4177 7407 1526 6274 1669 9634 1916 2331 6054 9191 8218 8284 4493 1953 1057 9107 8821 6553 6003 9921 8712 3187 5689
37
False
False
9559
False
6815 5811 7107 4697 7959 423 4028 8743 863 2599 9608 9071 9169 2343 4177 7407 1526 6274 1669 9634 1916 2331 6054 9191 8218 8284 4493 1953 1057 3889
False
30
423
3889
3889
False
6815 5811 7107 4697 7959 423 4028 8743 863 2599 9608 9071 9169 2343 4177 7407 1526 6274 1669 9634 1916 2331 6054 9191 8218 8284 4493 1953
28
False
6815 5811 7107 4697 7959 423 4028 8743 863 2599 9608 9071 9169 2343 4177 7407 1526 6274 1669 9634 1916 2331 6054 9191 8218 8284 3582
423
6815 5811 7107 4697 7959 423 4028 8743 863 2599 9608 9071 9169 2343 4177 7407 1526 6274 1669 9634 1916 2331 6054 9191 8218 8284 3582
26
6815 5811 7107 4697 7959 423 4028 8743 863 2599 9608 9071 9169 2343 4177 7407 1526 6274 1669 9634 1916 2331 6054 9191 8218 8284
False
False
6815 5811 7107 4697 7959 423 4028 8743 863 2599 9608 9071 9169 2343 4177 7407 1526 6274 1669 9634 1916 2331 6054 9191 8218 8284 6757 3704
423
9532
9532
6815 5811 7107 4697 7959 423 4028 8743 863 2599 9608 9071 9169 2343 4177 7407 1526 6274 1669 9634 1916 2331 6054 9191 8218 8284 6757 3704 3548
3704
6815 5811 7107 4697 7959 423 4028 8743 863 2599 9608 9071 9169 2343 4177 7407 1526 6274 1669 9634 1916 2331 6054 9191 8218 8284 6757 3704
False
6815 5811 7107 4697 7959 423 4028 8743 863 2599 9608 9071 9169 2343 4177 7407 1526 6274 1669 9634 1916 2331 6054 9191 8218 8284 6757 5656
False
28
27
27
False
False
False
False
423
False
6815 5811 7107 4697 7959 423 4028 8743 863 2599 9608 9071 9169 2343 4177 7407 1526 6274 1669 9634 1916 2331
6815 5811 7107 4697 7959 423 4028 8743 863 2599 9608 9071 9169 2343 4177 7407 1526 6274 1669 9634 1916 2331
False
False
False
False
2331
2331
False
1916
20
False
423
423
False
423
423
False
21
False
False
423
20
9634
423
6815 5811 7107 4697 7959 423 4028 8743 863 2599 9608 9071 9169 2343 4177 7407 1526 6274 1669 9634 3537
6815 5811 7107 4697 7959 423 4028 8743 863 2599 9608 9071 9169 2343 4177 7407 1526 6274 1669 9634 3537
False
6815 5811 7107 4697 7959 423 4028 8743 863 2599 9608 9071 9169 2343 4177 7407 1526 6274 1669 9634 3537 2448 7378 3808
24
False
423
23
423
423
False
False
6815 5811 7107 4697 7959 423 4028 8743 863 2599 9608 9071 9169 2343 4177 7407 1526 6274 1669 9634 3537 2448
423
False
23
False
6815 5811 7107 4697 7959 423 4028 8743 863 2599 9608 9071 9169 2343 4177 7407 1526 6274 1669 9634 3537 3172
423
3172
22
6815 5811 7107 4697 7959 423 4028 8743 863 2599 9608 9071 9169 2343 4177 7407 1526 6274 1669 9634 3537 3172
3172
3172
False
6815 5811 7107 4697 7959 423 4028 8743 863 2599 9608 9071 9169 2343 4177 7407 1526 6274 1669 9634 3537 3172
False
6815 5811 7107 4697 7959 423 4028 8743 863 2599 9608 9071 9169 2343 4177 7407 1526 6274 1669 9634 3537 1405
False
False
6815 5811 7107 4697 7959 423 4028 8743 863 2599 9608 9071 9169 2343 4177 7407 1526 6274 1669 9634 3537 1405
22
False
1405
1405
1405
423
423
False
423
6815 5811 7107 4697 7959 423 4028 8743 863 2599 9608 9071 9169 2343 4177 7407 1526 6274 1669 9634 3537 1405 527 5575 1787
25
423
6815 5811 7107 4697 7959 423 4028 8743 863 2599 9608 9071 9169 2343 4177 7407 1526 6274 1669 9634 3537 1405 527 8956
8956
423
6390
False
False
423
423
False
423
423
24
7286
6815 5811 7107 4697 7959 423 4028 8743 863 2599 9608 9071 9169 2343 4177 7407 1526 6274 1669 9634 3537 1405 527 8956 7286
False
False
2368
False
29
False
False
31
423
6815 5811 7107 4697 7959 423 4028 8743 863 2599 9608 9071 9169 2343 4177 7407 1526 6274 1669 9634 3537 1405 527 8956 7286 7578 2368 1460 3864 6817 1622
6815 5811 7107 4697 7959 423 4028 8743 863 2599 9608 9071 9169 2343 4177 7407 1526 6274 1669 9634 3537 1405 527 8956 7286 7578 2368 1460 3864 6817 1622
False
31
False
31
7039
6815 5811 7107 4697 7959 423 4028 8743 863 2599 9608 9071 9169 2343 4177 7407 1526 6274 1669 9634 3537 1405 527 8956 7286 7578 2368 1460 3864 6817 1622 7039 4811
33
6815 5811 7107 4697 7959 423 4028 8743 863 2599 9608 9071 9169 2343 4177 7407 1526 6274 1669 9634 3537 1405 527 8956 7286 7578 2368 1460 3864 6817 1622 7039 4811
4811
6815 5811 7107 4697 7959 423 4028 8743 863 2599 9608 9071 9169 2343 4177 7407 1526 6274 1669 9634 3537 1405 527 8956 7286 7578 2368 1460 3864 6817 1622 7039 4811
9219
False
False
541
37
423
37
7066
False
7066
6815 5811 7107 4697 7959 423 4028 8743 863 2599 9608 9071 9169 2343 4177 7407 1526 6274 1669 9634 3537 1405 527 8956 7286 7578 2368 1460 3864 6817 1622 7039 4811 9219 5439 2780 541
6815 5811 7107 4697 7959 423 4028 8743 863 2599 9608 9071 9169 2343 4177 7407 1526 6274 1669 9634 3537 1405 527 8956 7286 7578 2368 1460 3864 6817 1622 7039 4811 9219 5439 2780 541
36
2780
36
False
False
423
34
35
False
423
False
False
423
6815 5811 7107 4697 7959 423 4028 8743 863 2599 9608 9071 9169 2343 4177 7407 1526 6274 1669 9634 3537 1405 527 8956 7286 7578 2368 1460 3864 6817 1622
False
6817
6817
8732
31
8732
30
False
6817
31
6817
423
34
5782
False
False
356
False
356
False
34
False
356
False
423
32
False
423
False
False
6815 5811 7107 4697 7959 423 4028 8743 863 2599 9608 9071 9169 2343 4177 7407 1526 6274 1669 9634 3537 1405 527 8956 7286 7578 2368 1460 3864 6817 1610 6881
False
423
6815 5811 7107 4697 7959 423 4028 8743 863 2599 9608 9071 9169 2343 4177 7407 1526 6274 1669 9634 3537 1405 527 8956 7286 7578 2368 1460 3864 6817 1610 6881
6815 5811 7107 4697 7959 423 4028 8743 863 2599 9608 9071 9169 2343 4177 7407 1526 6274 1669 9634 3537 1405 527 8956 7286 7578 2368 1460 3864 6817 1610 6881 4483
9292
False
False
False
False
423
5672
7790
6815 5811 7107 4697 7959 423 4028 8743 863 2599 9608 9071 9169 2343 4177 7407 1526 6274 1669 9634 3537 1405 527 8956 7286 7578 2368 1460 3864 6817 1610 6881 4177 9292 6795 8924
8924
False
3327
3327
36
8924
36
False
6815 5811 7107 4697 7959 423 4028 8743 863 2599 9608 9071 9169 2343 4177 7407 1526 6274 1669 9634 3537 1405 527 8956 7286 7578 2368 1460 3864 6817 1610 6881 4177 9292 6795 8924
False
8924
36
8924
6815 5811 7107 4697 7959 423 4028 8743 863 2599 9608 9071 9169 2343 4177 7407 1526 6274 1669 9634 3537 1405 527 8956 7286 7578 2368 1460 3864 6817 1610 6881 4177 9292 6795 9137
False
423
423
33
False
6881
31
423
False
6999
6815 5811 7107 4697 7959 423 4028 8743 863 2599 9608 9071 9169 2343 4177 7407 1526 6274 1669 9634 3537 1405 527 8956 7286 7578 2368 1460 3864 6817
6815 5811 7107 4697 7959 423 4028 8743 863 2599 9608 9071 9169 2343 4177 7407 1526 6274 1669 9634 3537 1405 527 8956 7286 7578 2368 1460 3864 1577
30
3864
False
423
29
423
3864
6815 5811 7107 4697 7959 423 4028 8743 863 2599 9608 9071 9169 2343 4177 7407 1526 6274 1669 9634 3537 1405 527 8956 7286 7578 2368 1460 3864
False
False
3864
False
6815 5811 7107 4697 7959 423 4028 8743 863 2599 9608 9071 9169 2343 4177 7407 1526 6274 1669 9634 3537 1405 527 8956 7286 7578 2368
6815 5811 7107 4697 7959 423 4028 8743 863 2599 9608 9071 9169 2343 4177 7407 1526 6274 1669 9634 3537 1405 527 8956 7286 7578 2368
False
6815 5811 7107 4697 7959 423 4028 8743 863 2599 9608 9071 9169 2343 4177 7407 1526 6274 1669 9634 3537 1405 527 8956 7286 7578 2368 2113
423
6815 5811 7107 4697 7959 423 4028 8743 863 2599 9608 9071 9169 2343 4177 7407 1526 6274 1669 9634 3537 1405 527 8956 7286 7578 2368 2113
2113
423
False
8662
False
6815 5811 7107 4697 7959 423 4028 8743 863 2599 9608 9071 9169 2343 4177 7407 1526 6274 1669 9634 3537 1405 527 8956 7286 7578 2368 8178 8662
423
False
False
27
False
6815 5811 7107 4697 7959 423 4028 8743 863 2599 9608 9071 9169 2343 4177 7407 1526 6274 1669 9634 3537 1405 527 8956 7286 7578 2368
2368
False
6815 5811 7107 4697 7959 423 4028 8743 863 2599 9608 9071 9169 2343 4177 7407 1526 6274 1669 9634 3537 1405 527 8956 7286 7578 2368
4482
30
423
False
1299
False
6815 5811 7107 4697 7959 423 4028 8743 863 2599 9608 9071 9169 2343 4177 7407 1526 6274 1669 9634 3537 1405 527 8956 7286 7578 2368 4482 8183 1307 5322
3991
False
False
False
31
6815 5811 7107 4697 7959 423 4028 8743 863 2599 9608 9071 9169 2343 4177 7407 1526 6274 1669 9634 3537 1405 527 8956 7286 7578 2368 4482 8183 1307 3916
False
False
423
8181
32
8181
False
6815 5811 7107 4697 7959 423 4028 8743 863 2599 9608 9071 9169 2343 4177 7407 1526 6274 1669 9634 3537 1405 527 8956 7286 7578 2368 4482 8183 1307
6815 5811 7107 4697 7959 423 4028 8743 863 2599 9608 9071 9169 2343 4177 7407 1526 6274 1669 9634 3537 1405 527 8956 7286 7578 2368 4482 8183 1307
False
False
6815 5811 7107 4697 7959 423 4028 8743 863 2599 9608 9071 9169 2343 4177 7407 1526 6274 1669 9634 3537 1405 527 8956 7286 7578 2368 4482 8183 1307
6815 5811 7107 4697 7959 423 4028 8743 863 2599 9608 9071 9169 2343 4177 7407 1526 6274 1669 9634 3537 1405 527 8956 7286 7578 2368 4482 8183 1307 2250
False
423
False
6815 5811 7107 4697 7959 423 4028 8743 863 2599 9608 9071 9169 2343 4177 7407 1526 6274 1669 9634 3537 1405 527 8956 7286 7578 2368 4482 8183
423
False
False
7181
False
2354
6815 5811 7107 4697 7959 423 4028 8743 863 2599 9608 9071 9169 2343 4177 7407 1526 6274 1669 9634 3537 1405 527 8956 7286 7578 2368 4482
False
False
False
30
32
423
33
423
423
32
7856
False
False
423
False
423
31
423
423
False
False
7358
False
7358
False
False
6815 5811 7107 4697 7959 423 4028 8743 863 2599 9608 9071 9169 2343 4177 7407 1526 6274 1669 9634 3537 1405 527 8956 7286 7578 2368 4482 7314 9336 7358
423
False
31
7358
6815 5811 7107 4697 7959 423 4028 8743 863 2599 9608 9071 9169 2343 4177 7407 1526 6274 1669 9634 3537 1405 527 8956 7286 7578 2368 4482 7314 9336 7358
32
False
False
False
False
False
364
364
False
False
False
423
423
False
7314
7314
423
423
False
423
False
False
False
False
7578
False
24
24
423
6815 5811 7107 4697 7959 423 4028 8743 863 2599 9608 9071 9169 2343 4177 7407 1526 6274 1669 9634 3537 1405 527
23
False
False
False
6815 5811 7107 4697 7959 423 4028 8743 863 2599 9608 9071 9169 2343 4177 7407 1526 6274 1669 9634 3537 1405
1405
423
1405
1405
6815 5811 7107 4697 7959 423 4028 8743 863 2599 9608 9071 9169 2343 4177 7407 1526 6274 1669 9634 3537 1405 4738
423
6815 5811 7107 4697 7959 423 4028 8743 863 2599 9608 9071 9169 2343 4177 7407 1526 6274 1669 9634 3537 1405 835
False
423
835
3537
False
18
6815 5811 7107 4697 7959 423 4028 8743 863 2599 9608 9071 9169 2343 4177 7407 1526 6274
18
False
1526
False
19
423
False
423
5640
8728
6815 5811 7107 4697 7959 423 4028 8743 863 2599 9608 9071 9169 2343 4177 7407 1526 5640 8728
423
False
6815 5811 7107 4697 7959 423 4028 8743 863 2599 9608 9071 9169 2343 4177 7407 1526 5640 8728
423
False
False
19
False
6815 5811 7107 4697 7959 423 4028 8743 863 2599 9608 9071 9169 2343 4177 7407 1526 4686 2472 7337 763
False
21
False
False
23
423
6815 5811 7107 4697 7959 423 4028 8743 863 2599 9608 9071 9169 2343 4177 7407 1526 4686 2472 7337 763 3548 4565
False
False
423
False
6363
False
6815 5811 7107 4697 7959 423 4028 8743 863 2599 9608 9071 9169 2343 4177 7407 1526 4686 2472 7337 763 3548 5617 6363
6815 5811 7107 4697 7959 423 4028 8743 863 2599 9608 9071 9169 2343 4177 7407 1526 4686 2472 7337 763 3548 5617 6363
423
423
False
6815 5811 7107 4697 7959 423 4028 8743 863 2599 9608 9071 9169 2343 4177 7407 1526 4686 2472 7337 763 3548 5617 6363
25
6815 5811 7107 4697 7959 423 4028 8743 863 2599 9608 9071 9169 2343 4177 7407 1526 4686 2472 7337 763 3548 5617 6363 9510
423
24
False
5617
23
False
23
752
False
23
23
False
6815 5811 7107 4697 7959 423 4028 8743 863 2599 9608 9071 9169 2343 4177 7407 1526 4686 2472 7337 763 3548 752
752
423
False
23
423
False
False
False
False
3
8292
3
False
3
7503
6815 5811 7107 4697 7959 423 4028 8743 863 2599 9608 9071 9169 2343 4177 7407 1526 4686 2472 7337 763 3548 752 3 8292 9514 7503
3
False
5310
5310
6815 5811 7107 4697 7959 423 4028 8743 863 2599 9608 9071 9169 2343 4177 7407 1526 4686 2472 7337 763 3548 752 3 8292 9514 7503 8238 5310
False
False
False
30
False
33
6815 5811 7107 4697 7959 423 4028 8743 863 2599 9608 9071 9169 2343 4177 7407 1526 4686 2472 7337 763 3548 752 3 8292 9514 7503 8238 5310 4920 7658 4628 1797
False
False
6815 5811 7107 4697 7959 423 4028 8743 863 2599 9608 9071 9169 2343 4177 7407 1526 4686 2472 7337 763 3548 752 3 8292 9514 7503 8238 5310 4920 7658 4628 1797 4905
False
4905
34
False
35
35
6815 5811 7107 4697 7959 423 4028 8743 863 2599 9608 9071 9169 2343 4177 7407 1526 4686 2472 7337 763 3548 752 3 8292 9514 7503 8238 5310 4920 7658 4628 1797 4905 257
False
False
257
3
False
False
3
3
False
False
7503
6815 5811 7107 4697 7959 423 4028 8743 863 2599 9608 9071 9169 2343 4177 7407 1526 4686 2472 7337 763 3548 752 3 8292 9514 7503
27
27
27
27
False
False
27
6815 5811 7107 4697 7959 423 4028 8743 863 2599 9608 9071 9169 2343 4177 7407 1526 4686 2472 7337 763 3548 752 3 8292 9514 2994
2994
False
28
False
3581
6815 5811 7107 4697 7959 423 4028 8743 863 2599 9608 9071 9169 2343 4177 7407 1526 4686 2472 7337 763 3548 752 3 8292 9514 2994 3581
3581
6815 5811 7107 4697 7959 423 4028 8743 863 2599 9608 9071 9169 2343 4177 7407 1526 4686 2472 7337 763 3548 752 3 8292 9514 2994
6815 5811 7107 4697 7959 423 4028 8743 863 2599 9608 9071 9169 2343 4177 7407 1526 4686 2472 7337 763 3548 752 3 8292 9514 2994
3
2994
6815 5811 7107 4697 7959 423 4028 8743 863 2599 9608 9071 9169 2343 4177 7407 1526 4686 2472 7337 763 3548 752 3 8292 9514 2994
2994
28
False
3
27
False
False
6815 5811 7107 4697 7959 423 4028 8743 863 2599 9608 9071 9169 2343 4177 7407 1526 4686 2472 7337 763 3548 752 3 8292 9514
3
3
3
9514
False
3
26
3
False
False
False
6815 5811 7107 4697 7959 423 4028 8743 863 2599 9608 9071 9169 2343 4177 7407 1526 4686 2472 7337 763 3548 752 3 2754
False
23
False
False
False
False
False
423
6815 5811 7107 4697 7959 423 4028 8743 863 2599 9608 9071 9169 2343 4177 7407 1526 4686 2472 7337 763 3548 752
23
6815 5811 7107 4697 7959 423 4028 8743 863 2599 9608 9071 9169 2343 4177 7407 1526 4686 2472 7337 763 3548 752
6815 5811 7107 4697 7959 423 4028 8743 863 2599 9608 9071 9169 2343 4177 7407 1526 4686 2472 7337 763 3548 752
False
423
423
423
423
False
423
25
6815 5811 7107 4697 7959 423 4028 8743 863 2599 9608 9071 9169 2343 4177 7407 1526 4686 2472 7337 763 3548 752 8155
False
423
6815 5811 7107 4697 7959 423 4028 8743 863 2599 9608 9071 9169 2343 4177 7407 1526 4686 2472 7337 763 3548 752
23
423
False
23
6815 5811 7107 4697 7959 423 4028 8743 863 2599 9608 9071 9169 2343 4177 7407 1526 4686 2472 7337 763 3548 8775
24
23
6815 5811 7107 4697 7959 423 4028 8743 863 2599 9608 9071 9169 2343 4177 7407 1526 4686 2472 7337 763 3548 8775
23
23
False
763
6815 5811 7107 4697 7959 423 4028 8743 863 2599 9608 9071 9169 2343 4177 7407 1526 4686 2472 7337 763
21
423
False
20
False
20
False
False
21
423
22
False
423
423
7830
20
False
23
23
False
False
423
6815 5811 7107 4697 7959 423 4028 8743 863 2599 9608 9071 9169 2343 4177 7407 1526 4686 2472 8974 9444 8981 4915 2591 6286
423
26
6815 5811 7107 4697 7959 423 4028 8743 863 2599 9608 9071 9169 2343 4177 7407 1526 4686 2472 8974 9444 8981 4915 2591 6286
6815 5811 7107 4697 7959 423 4028 8743 863 2599 9608 9071 9169 2343 4177 7407 1526 4686 2472 8974 9444 8981 4915 2591 6286
423
False
423
28
27
6815 5811 7107 4697 7959 423 4028 8743 863 2599 9608 9071 9169 2343 4177 7407 1526 4686 2472 8974 9444 8981 4915 2591 9747 6037 2671
27
False
False
27
423
6037
6037
26
False
423
False
False
423
False
False
False
6815 5811 7107 4697 7959 423 4028 8743 863 2599 9608 9071 9169 2343 4177 7407 1526 4686 2472 8974 9444 8981 4915 2591 9747
25
False
False
7739
26
26
423
7713
7713
6815 5811 7107 4697 7959 423 4028 8743 863 2599 9608 9071 9169 2343 4177 7407 1526 4686 2472 8974 9444 8981 4915 2591 7713
False
6815 5811 7107 4697 7959 423 4028 8743 863 2599 9608 9071 9169 2343 4177 7407 1526 4686 2472 8974 9444 8981 4915 2591 7713 7366 352 2285
2285
352
352
28
423
423
423
False
27
423
1051
423
423
28
False
6815 5811 7107 4697 7959 423 4028 8743 863 2599 9608 9071 9169 2343 4177 7407 1526 4686 2472 8974 9444 8981 4915 2591 7713
25
25
26
False
False
26
1885
25
9817
9817
False
False
423
423
6815 5811 7107 4697 7959 423 4028 8743 863 2599 9608 9071 9169 2343 4177 7407 1526 4686 2472 8974 9444 2353
6815 5811 7107 4697 7959 423 4028 8743 863 2599 9608 9071 9169 2343 4177 7407 1526 4686 2472 8974 9444 2353
22
False
6815 5811 7107 4697 7959 423 4028 8743 863 2599 9608 9071 9169 2343 4177 7407 1526 4686 2472 8974 9444 2353 4949
22
False
False
6815 5811 7107 4697 7959 423 4028 8743 863 2599 9608 9071 9169 2343 4177 7407 1526 4686 2472 8974 3084
False
423
6815 5811 7107 4697 7959 423 4028 8743 863 2599 9608 9071 9169 2343 4177 7407 1526 4686 2472 8974 3084
20
8974
6815 5811 7107 4697 7959 423 4028 8743 863 2599 9608 9071 9169 2343 4177 7407 1526 4686 2472 8974
8974
False
423
False
2472
423
6815 5811 7107 4697 7959 423 4028 8743 863 2599 9608 9071 9169 2343 4177 7407 1526 4686 2472 2811
6815 5811 7107 4697 7959 423 4028 8743 863 2599 9608 9071 9169 2343 4177 7407 1526 4686 2472
19
6815 5811 7107 4697 7959 423 4028 8743 863 2599 9608 9071 9169 2343 4177 7407 1526 4686 2472 543
20
19
False
2472
False
19
False
423
4862
20
6815 5811 7107 4697 7959 423 4028 8743 863 2599 9608 9071 9169 2343 4177 7407 1526 4686 2472 4862
20
False
423
False
22
6815 5811 7107 4697 7959 423 4028 8743 863 2599 9608 9071 9169 2343 4177 7407 1526 4686 2472 4862 2239 9951
6815 5811 7107 4697 7959 423 4028 8743 863 2599 9608 9071 9169 2343 4177 7407 1526 4686 2472 4862 2239 9951
9951
2239
False
6815 5811 7107 4697 7959 423 4028 8743 863 2599 9608 9071 9169 2343 4177 7407 1526 4686 2472 4862 2239 8866
False
22
False
423
23
4159
False
False
6815 5811 7107 4697 7959 423 4028 8743 863 2599 9608 9071 9169 2343 4177 7407 1526 4686 2472 4862 2239 8866 3767
False
3767
6815 5811 7107 4697 7959 423 4028 8743 863 2599 9608 9071 9169 2343 4177 7407 1526 4686 2472 4862 2239 8866 3767
23
23
False
False
423
False
3767
8866
6815 5811 7107 4697 7959 423 4028 8743 863 2599 9608 9071 9169 2343 4177 7407 1526 4686 2472 4862 2239 8866
22
423
False
3749
2239
423
423
24
423
24
False
False
False
False
23
6156
23
4964
24
False
False
423
423
6815 5811 7107 4697 7959 423 4028 8743 863 2599 9608 9071 9169 2343 4177 7407 1526 4686 2472 4862 2239 9341 6156 4964
False
False
26
False
6815 5811 7107 4697 7959 423 4028 8743 863 2599 9608 9071 9169 2343 4177 7407 1526 4686 2472 4862 2239 9341 6156 4964 4587 1857 9556
5030
5030
False
5030
28
False
5030
6815 5811 7107 4697 7959 423 4028 8743 863 2599 9608 9071 9169 2343 4177 7407 1526 4686 2472 4862 2239 9341 6156 4964 4587 1857 9556 5030
False
False
False
6815 5811 7107 4697 7959 423 4028 8743 863 2599 9608 9071 9169 2343 4177 7407 1526 4686 2472 4862 2239 9341 6156 4964 4587 1857 9556 5924
6815 5811 7107 4697 7959 423 4028 8743 863 2599 9608 9071 9169 2343 4177 7407 1526 4686 2472 4862 2239 9341 6156 4964 4587 1857 9556 5924 6524
6815 5811 7107 4697 7959 423 4028 8743 863 2599 9608 9071 9169 2343 4177 7407 1526 4686 2472 4862 2239 9341 6156 4964 4587 1857 9556 5924 6524
5924
False
6815 5811 7107 4697 7959 423 4028 8743 863 2599 9608 9071 9169 2343 4177 7407 1526 4686 2472 4862 2239 9341 6156 4964 4587 1857 9556 5924
False
False
6815 5811 7107 4697 7959 423 4028 8743 863 2599 9608 9071 9169 2343 4177 7407 1526 4686 2472 4862 2239 9341 6156 4964 4587 1857 9556 5924 4364
4364
6815 5811 7107 4697 7959 423 4028 8743 863 2599 9608 9071 9169 2343 4177 7407 1526 4686 2472 4862 2239 9341 6156 4964 4587 1857 9556 5924 4364
6815 5811 7107 4697 7959 423 4028 8743 863 2599 9608 9071 9169 2343 4177 7407 1526 4686 2472 4862 2239 9341 6156 4964 4587 1857 9556 5924 4364
False
30
False
False
423
False
False
31
6815 5811 7107 4697 7959 423 4028 8743 863 2599 9608 9071 9169 2343 4177 7407 1526 4686 2472 4862 2239 9341 6156 4964 4587 1857 9556 5924 4364 4851 6246
False
False
False
30
6815 5811 7107 4697 7959 423 4028 8743 863 2599 9608 9071 9169 2343 4177 7407 1526 4686 2472 4862 2239 9341 6156 4964 4587 1857 9556 5924 7421 3714
False
False
6815 5811 7107 4697 7959 423 4028 8743 863 2599 9608 9071 9169 2343 4177 7407 1526 4686 2472 4862 2239 9341 6156 4964 4587 1857 9556 5924 7421
False
423
7421
6815 5811 7107 4697 7959 423 4028 8743 863 2599 9608 9071 9169 2343 4177 7407 1526 4686 2472 4862 2239 9341 6156 4964 4587 1857 9556 5924 7421
423
False
30
False
False
False
False
7421
False
False
28
7294
30
30
False
423
False
False
False
30
False
6815 5811 7107 4697 7959 423 4028 8743 863 2599 9608 9071 9169 2343 4177 7407 1526 4686 2472 4862 2239 9341 6156 4964 4587 1857 9556 5924
False
9283
9283
6815 5811 7107 4697 7959 423 4028 8743 863 2599 9608 9071 9169 2343 4177 7407 1526 4686 2472 4862 2239 9341 6156 4964 4587 1857 9556 5924 9283
False
False
30
423
False
5924
26
26
27
6815 5811 7107 4697 7959 423 4028 8743 863 2599 9608 9071 9169 2343 4177 7407 1526 4686 2472 4862 2239 9341 6156 4964 4587 2271 7409
7409
False
False
6815 5811 7107 4697 7959 423 4028 8743 863 2599 9608 9071 9169 2343 4177 7407 1526 4686 2472 4862 2239 9341 6156 4964 4587 2271
False
False
25
False
6815 5811 7107 4697 7959 423 4028 8743 863 2599 9608 9071 9169 2343 4177 7407 1526 4686 2472 4862 2239 9341 6156 4964 4587 8616
26
24
423
False
24
6815 5811 7107 4697 7959 423 4028 8743 863 2599 9608 9071 9169 2343 4177 7407 1526 4686 2472 4862 2239 9341 6156 4964
25
423
423
7858
423
27
423
8543
False
6815 5811 7107 4697 7959 423 4028 8743 863 2599 9608 9071 9169 2343 4177 7407 1526 4686 2472 4862 2239 9341 6156 4964 7858 485 8543
False
423
7428
False
28
7428
423
False
31
False
29
29
423
423
6815 5811 7107 4697 7959 423 4028 8743 863 2599 9608 9071 9169 2343 4177 7407 1526 4686 2472 4862 2239 9341 6156 4964 7858 485 8543 7428 9083
6815 5811 7107 4697 7959 423 4028 8743 863 2599 9608 9071 9169 2343 4177 7407 1526 4686 2472 4862 2239 9341 6156 4964 7858 485 8543 7428 9083
9083
False
False
2603
31
False
False
6815 5811 7107 4697 7959 423 4028 8743 863 2599 9608 9071 9169 2343 4177 7407 1526 4686 2472 4862 2239 9341 6156 4964 7858 485 8543 7428 9083 8620 2603
False
False
2603
31
6815 5811 7107 4697 7959 423 4028 8743 863 2599 9608 9071 9169 2343 4177 7407 1526 4686 2472 4862 2239 9341 6156 4964 7858 485 8543 7428 9083 8620 2603
31
6815 5811 7107 4697 7959 423 4028 8743 863 2599 9608 9071 9169 2343 4177 7407 1526 4686 2472 4862 2239 9341 6156 4964 7858 485 8543 7428 9083 8620 2603
False
False
5550
5550
5550
32
5550
423
False
False
423
False
False
423
False
6815 5811 7107 4697 7959 423 4028 8743 863 2599 9608 9071 9169 2343 4177 7407 1526 4686 2472 4862 2239 9341 6156 4964 7858 485 8543 7428 9083 8620
9083
False
423
False
False
24
25
False
False
9341
21
False
6815 5811 7107 4697 7959 423 4028 8743 863 2599 9608 9071 9169 2343 4177 7407 1526 4686 2472 4862 2239
6815 5811 7107 4697 7959 423 4028 8743 863 2599 9608 9071 9169 2343 4177 7407 1526 4686 2472 4862 2239
423
False
False
False
423
7579
7579
False
423
False
False
6815 5811 7107 4697 7959 423 4028 8743 863 2599 9608 9071 9169 2343 4177 7407 1526 4686 2472 4862 2239 7579 4162 4233 6217
24
False
6815 5811 7107 4697 7959 423 4028 8743 863 2599 9608 9071 9169 2343 4177 7407 1526 4686 2472 4862 2239 7579 4162
23
23
423
6815 5811 7107 4697 7959 423 4028 8743 863 2599 9608 9071 9169 2343 4177 7407 1526 4686 2472 4862 2239
6815 5811 7107 4697 7959 423 4028 8743 863 2599 9608 9071 9169 2343 4177 7407 1526 4686 2472 4862 2239
2239
6815 5811 7107 4697 7959 423 4028 8743 863 2599 9608 9071 9169 2343 4177 7407 1526 4686 2472 4862 2239
21
6815 5811 7107 4697 7959 423 4028 8743 863 2599 9608 9071 9169 2343 4177 7407 1526 4686 2472 4862 2239
6815 5811 7107 4697 7959 423 4028 8743 863 2599 9608 9071 9169 2343 4177 7407 1526 4686 2472 4862
6815 5811 7107 4697 7959 423 4028 8743 863 2599 9608 9071 9169 2343 4177 7407 1526 4686 2472
423
False
False
19
7311
6815 5811 7107 4697 7959 423 4028 8743 863 2599 9608 9071 9169 2343 4177 7407 1526 4686 7311
4686
4686
False
False
False
423
False
18
6815 5811 7107 4697 7959 423 4028 8743 863 2599 9608 9071 9169 2343 4177 7407 1526 4686
6815 5811 7107 4697 7959 423 4028 8743 863 2599 9608 9071 9169 2343 4177 7407 1526 4686
6815 5811 7107 4697 7959 423 4028 8743 863 2599 9608 9071 9169 2343 4177 7407 1526 4686
18
False
False
False
False
423
False
423
False
9071
False
11
False
423
False
11
False
423
False
6815 5811 7107 4697 7959 423 4028 8743 863 2599 6564
863
False
6815 5811 7107 4697 7959 423 4028 8743
6815 5811 7107 4697 7959 423 4028 8743 2141
2141
8
False
False
8743
423
423
6
4697
6
4697
5833
False
7
False
False
4697
False
False
False
7107
1
False
1
9636
6815
6815 9636
2
False
9636
1
Empty
Empty
True
1
False
False
False
3973
3973
3973
Empty

False
Empty
Empty
Empty

False
5665
Empty
Empty
Empty
7714
2
7155
7155
7155 7714
7155 7714
7155 7714
False
7155 7714
False
False
False
2
False
7155
1
False
7155
False
7155
7155
7155
7155
7155
7155
False
False
3
3
False
6991
6991 6061 4876 5180
4876
False
False
False
False
6061
6991 6061
1
1
False
False
6991 1794 1933
1794
1794
6991 1794
1794
False
442
False
442
6991 2218 442
5072
5072
8179
6991 2218 442 5072 8179
2789
False
8462
6991 2218 442 5072 6295 8462
6991 2218 442 5072 6295 8462
8462
6
5
6295
False
False
5072
False
8138
False
False
6991 2218 442 5072 8138
False
442
False
442
False
False
442
False
5802
False
False
7
5557
6991 2218 442 5802 8705 1153 5557
False
False
False
False
5
442
False
False
False
6
6991 2218 442 5802 8705
False
8705
442
False
False
False
6991 2218 442 5802 8705 3665 540
False
False
10
6991 2218 442 5802 8705 3665 4828 2495 3493 5555
6991 2218 442 5802 8705 3665 4828 2495 3493
4828
4828
False
False
False
8
False
False
3665
False
False
8705
False
442
False
5802
5802
442
False
442
3
6120
False
4
7332
9977 7332
3
False
7332
7332
2
7332
9977 7332
9977 7332
7332
3
4
9977 7332 7742
False
False
5
4
4508
4508
4
4
4508
1610
False
False
False
False
6622
9977 7332 7742 3169 348 4177 6622 7897
8
False
8
False
6622
False
6622
9977 7332 7742 3169 348 4177 6622
7
6
348
False
False
False
348
5
False
7332
7332
7332
2
False
2
9977 7332
False
9977
False
3776
2739
2739
9977 2739 8637
8637
3
8637
False
2739
5
False
2739
False
2739
4
False
5821
4
4
9977 2739 8637 5821
4152
4152
2739
5
5
4
5
7
5
2739
9977 2739 8637 5821 4558
6
6
False
9977 2739 8637 5821 4558 2344 3697
6
False
9827
False
False
False
False
False
9977 2739 8637 5821 4558 2344 9827 7239
9977 2739 8637 5821 4558 2344 9827 7239
False
2344
7239
9977 2739 8637 5821 4558 2344 9827 7239
8
False
False
2344
2344
False
4380
2344
False
9977 2739 8637 5821 4558 2344 9827 7239 4978 5636 1816
9977 2739 8637 5821 4558 2344 9827 7239 4978 5636 1816 7058
12
12
False
False
1816
False
2344
False
4978
8
2344
2344
2344
False
False
8
1182
1182
7
False
3996
False
9977 2739 8637 5821 4558 2344
9977 2739 8637 5821 4558
False
False
False
6
2739
False
9470
2739
9977 2739 8637 5821 9470
False
9470
2739
9470
False
False
9
False
8
898
False
False
False
898
9977 2739 8637 9722 1961 898 2747 1940
898
8
False
898
898
False
9977 2739 8637 9722 1961
False
False
False
False
False
9977 2739 8637 9722 1961
1961
1961
1961
1961
1961
1961
1961
1961
False
9977 2739 8637 9722
False
9977 2739 8637
1
4
False
1020
4880 1020 8303 4637
False
4
4880 1020 8303 4637
4
False
7355
5
False
False
184
False
False
7355
7355
7355
4
False
4
1020
4880 1020 8303 4637
4880 1020 8303 4637
3588
3588
4880 1020 8303 4637 3588
False
6
False
1020
6
5591
5591
False
4880 1020 8303 4637 4705
False
False
False
False
8
2687
1020
9
9
False
4880 1020 8303 4637 4705 1060 7326 2687
False
False
2687
False
8
False
4880 1020 8303 4637 4705 1060 7326
6
7
1020
4880 1020 8303 4637 4705 1060 5443
7
False
4880 1020 8303 4637 4705 1060 5443
False
4880 1020 8303 4637 4705 1060 5443 3873
3873
3873
False
8
False
4880 1020 8303 4637
4637
4
4637
4880 1020 8303 4637 9963
1020
1020
9963
False
False
5
False
4880 1020 8303 4637 9963
False
5
False
False
3
8303
1020
8303
4880 1020 8303
8303
4880 1020 8303
4880 1020 8303
False
False
False
False
4880 1020 8303
4880
4880
False
Empty
Empty
0

Empty

2009
2009

0
Empty
0
True

Empty

Empty
Empty
False
False
6511
False
6511
5261
9653
9653
9653
False
False
False
4671
4671
15
15
1894
False
15
6511 5261 4671 9653 6382 6467 8342 15
False
False
False
False
False
5261
False
6511 5261 3987
3
3
False
6511 5261

0
Empty
False

Empty
Empty
False

Empty
4873
4873
False
4873
5767
False
4
4
4873 5240 5767 7473
4873 5240 5767 7473
False
5240
False
5
9227
False
4
False
3268
False
False
False
5590
5
False
1570
1570
False
1570
1570
3
False
2317
2317
2317
False
1
False
789
789
4873 789
4873 789 7274
789
False
2
2
1868
1868
False
2
4873
4873 9998 7739
4873 9998 7739
4873 9998 7739 7068
4873 9998 7739 7068 3320
3320
3320
3320
4
False
7068
False
4873 9998 7739
4873
9998
False
False
3582
False
False
False
3
False
2584
False
2584
2584
5165
4873
2
False
9669
2
9669
9669
9669
3
False
3
False
4873 9669
9669
4873 9669
False
False
5916
4873
4873
1
4873
4115
2
False
False
1362
1362
4873
2
4873
4
4
9497
4873 7496 9497
4873
4873
4873 7496 9497
False
4873
3
False
1450
1450
4873 7496 7030 3822 3134 1450
4873 7496 7030 3822 3134 1450
4873 7496 7030 3822 3134 1450
4873 7496 7030 3822 3134 1450 5335
1450
4873 7496 7030 3822 3134 1450 5335
False
4873 7496 7030 3822 3134 1450 5335 7005
1450
9
1450
1450
3926
10
4873 7496 7030 3822 3134 1450 5335 7005 8384 5209
10
4873 7496 7030 3822 3134 1450 5335 7005 8384 5209
1450
7248
4873 7496 7030 3822 3134 1450 5335 7005 8384 5209 7248
7248
1450
4873 7496 7030 3822 3134 1450 5335 7005 8384
8384
5335
1450
False
False
False
8320
False
False
7
3134
7
3134
False
6
False
False
False
False
3134
False
False
4873 7496
4032
7411
4032
5
5
False
False
8
8
False
8001
False
4873 7496 4734 8 5354 8001
False
5
False
4873 7496 4734 8 5354 5968
8
5354
4873 7496 4734 8 5354
5354
7
3524
False
False
8
7
8057
7
False
False
7
False
8
4567
False
4
8
8
False
False
False
4
False
3
4873 7496 4734 8359
False
8359
False
4
4734
4
4734
4
False
False
183
4873 7496 1151 3260
1151
2
7496
4873 7496 520
520
520
520
False
4873
False
False
False
2
2917
False
4
4873 2917 3324 7999 7903 4587
4587
False
False
1
False
False
4873 8713
4873 8713
False
2109
8713
4487
False
8713
4873
4873
False
Empty
Empty

False
False
2
8854 985
8854 985
False
985
False
8854
False
False
1
1
1445
8854
8854
False
False
True
0


True
True

Empty
True
5040
9548
2
False
2249
False
False
9548
False
True
Empty

True
1
False
4052
False
9272
False
False
Empty
True
638
2
638
638 3012
5491
False
9182
638
638
False
638 3012 2841 5491 9621
638
5491
False
False
638 3012 2841
3
2841
2841
False
2
638
5861
638 5861 6538
638 5861 6538 2272 6304
2272
False
2
2
638 5861
5861
False
False
False
1
Empty
0
Empty
Empty
True
Empty
Empty
False
1175
Empty

True
0
1
706
2
6571
False
False
1
6571
1
False
Empty
Empty
1
False
False
Empty
False

Empty

Empty
Empty
False
False
False
Empty
0
True
True

Empty
Empty
Empty
True
3430 2885
False
2885
3430
3430

Empty
Empty
Empty
False
True
6570
False
6570
2
2
6570
6570
False
1
3
2855
6570 2701 2855
2701
2701
False
5
False
False
1475
6570 2701 6542 3923 7438 3497 1475
7
False
False
False
6570 2701 6542 3923 7438 3497
6
3497
False
2701
2701
False
3497
3497
1261
1261
False
False
False
7438
False
False
4121
6701
3527
3527
6570 2701 6542 3923
False
False
5
False
False
False
6570 2701 6542 3923 8989
False
6570 2701 6542 3923 8989 2097
False
False
2097
6570 2701 6542 3923 8989 2097 2977
6570 2701 6542 3923 8989 2097 2977
6570 2701 6542 3923 8989 2097 2977
2097
2097
5
6542
False
3
False
False
6570 2701 6542
6542
6542
3
False
6570

Empty
False
1
3026
False
3026
3026
6101
2423
3026 2423 6101
False
2423
2423
9142
False
9142
4
False
False
3026 2423 4074 8689 5038 5649
False
6060
7
5649
5
5038
5038
False
5038
5038
8689
False
2423
7
4506
False
7
False
3026 2423 4074 8689 2702 4564 4506
5
False
False
2423
2423
False
False
False
45
4156
45
45
False
False
45
45
3026 2423 4074 8689 45
3026 2423 4074
3
3
False
3
False
2
3026 977
2872
False
False
False
977
False
3026 977 8297
False
False
False
False
False
False
977
977
3
False
977
False
977
False
False
977
False
False
977

0
Empty
Empty
0
Empty
9063
Empty
True
False
1
False
1
1395 2163
6839
6839
6839
2090
False
6839
3
1395
1395 2163 6839
1395
3
1395 2163 6839
1395
1395
7405
1395 2163 7405
3
False
498
1395 2163 7405 498 6800 3966 4790
False
False
False
False
718
1395 2163 7405 498 6800 3966
False
3966
498
498
False
1395 2163 7405 498 6800 3966 8912 2941
498
False
False
1395 2163 7405 498 6800 3966
False
4191
8
8
1395 2163 7405 498 6800 4083 4191 2644
1395 2163 7405 498 6800 4083 4191 2644
8
498
1395 2163 7405 498 6800
1890
5
3
False
1714
8294
False
2328
8294 6632 2328
3
False
2328
2328
6632
False
8294 6632 3256 5345
False
3256
False
3
False
8294
False
419
Empty


Empty
False
True
0
Empty
False
True
Empty
Empty
Empty
False
False
499
499
499
False
1
True
329
329
False
True
False
1
8968
1
False
1
8968
8974
0
0
0
Empty
6355
False
False
False
6260
False
False
False
9969
3
False
6355 9262 9969
False
False
3
9969
False
3
1203
5978
6355 9262 9969 1203
1203
6355 9262 9969 1203 2106 4815
1594
6355 9262 9969 1203 2106 4815 1594
6
1203
7
1203
6
6
1203
6355 9262 9969 1203 2106 2654
False
False
6
False
5
1203
6355 9262 9969 1203 2106 9440
False
1203
False
6355 9262 9969 1203 2106
6355 9262 9969 1203 2106
False
5
5
1203
6355 9262 9969 1203 2106
2106
1203
5
False
False
6355 9262 9969 1203 2106 9032 8415
6355 9262 9969 1203 2106 9032 8415
False
9
673
6355 9262 9969 1203 2106 9032 8415 673 4257
4257
False
673
False
False
False
False
8471
False
1203
False
False
False
6991
8529
6355 9262 9969 1203 2106 9032 8415 6991 4772
4772
6355 9262 9969 1203 2106 9032 8415 6991 4772
False
8
8
1203
False
False
6355 9262 9969 1203 2106 9032 8415 6991
9
6355 9262 9969 1203 2106 9032 8415 6991 691
9
691
False
False
False
6355 9262 9969 1203 2106 9032 8415 6991 691 2543
10
6355 9262 9969 1203 2106 9032 8415 6991 691 2543
6355 9262 9969 1203 2106 9032 8415 6991 691 2543
False
6355 9262 9969 1203 2106 9032 8415 6991 691 2543
6355 9262 9969 1203 2106 9032 8415 6991 691 2543
False
10
False
6355 9262 9969 1203 2106 9032 8415 6991 691 2543
9
691
691
False
6355 9262 9969 1203 2106 9032 8415 6991 691 5500 8597
6355 9262 9969 1203 2106 9032 8415 6991 691 5500 8597
False
691
False
6355 9262 9969 1203 2106 9032 8415 6991 6408
False
9
6355 9262 9969 1203 2106 9032 8415 6991 6408 4288
False
6355 9262 9969 1203 2106 9032 8415 6991 6408 4288
6355 9262 9969 1203 2106 9032 8415 6991 6408 4288
1203
6355 9262 9969 1203 2106 9032 8415 6991 6408 1858
False
1203
11
12
5190
1203
False
807
14
False
False
16
False
16
16
False
6355 9262 9969 1203 2106 9032 8415 6991 6408 1858 2561 5190 807 8559 4557 1069 2292
807
807
9824
6355 9262 9969 1203 2106 9032 8415 6991 6408 1858 2561 5190 807 8559 4557 9824
5190
5190
6355 9262 9969 1203 2106 9032 8415 6991 6408 1858 2561 5190
1203
1203
False
False
False
12
False
1203
False
False
1203
13
False
1203
6355 9262 9969 1203 2106 9032 8415 6991 6408 1858 2561 5190 9134
13
12
False
8102
1203
False
False
False
13
False
2659
6355 9262 9969 1203 2106 9032 8415 6991 6408 1858 2561 2659
2659
False
5437
6355 9262 9969 1203 2106 9032 8415 6991 6408 1858 6176 5437
6355 9262 9969 1203 2106 9032 8415 6991 6408 1858 6176 5437
1203
12
7201
7201
False
6355 9262 9969 1203 2106 9032 8415 6991 6408 1858 6176 5437 7201 3098 9327
9327
False
1203
False
6667
1203
1203
6355 9262 9969 1203 2106 9032 8415 6991 6408 1858 6176 5437 7201 3098
6355 9262 9969 1203 2106 9032 8415 6991 6408 1858 6176 5437 7201 3098
14
6355 9262 9969 1203 2106 9032 8415 6991 6408 1858 6176 5437 7201
13
False
False
False
1203
1203
3421
6355 9262 9969 1203 2106 9032 8415 6991 6408 1858 6176 5437 7201 7868 5327 3421
3421
False
6355 9262 9969 1203 2106 9032 8415 6991 6408 1858 6176 5437 7201 7868 5327
False
15
1203
6355 9262 9969 1203 2106 9032 8415 6991 6408 1858 6176 5437 7201 7868 9265 6548
6355 9262 9969 1203 2106 9032 8415 6991 6408 1858 6176 5437 7201 7868 9265 6548
6548
False
False
1203
False
6355 9262 9969 1203 2106 9032 8415 6991 6408 1858 6176 5437 7201 7868 2623
False
False
15
16
16
False
False
1906
1203
1906
15
1906
1203
1203
1203
17
9294
False
18
False
False
6355 9262 9969 1203 2106 9032 8415 6991 6408 1858 6176 5437 7201 7868 1906 1665 8942 9532
False
9532
1669
1203
20
False
False
1203
6355 9262 9969 1203 2106 9032 8415 6991 6408 1858 6176 5437 7201 7868 1906 1665 8942 9532 5033
19
False
1203
18
9532
1203
18
1203
18
1203
1203
17
8942
False
8942
8942
17
18
18
False
18
6355 9262 9969 1203 2106 9032 8415 6991 6408 1858 6176 5437 7201 7868 1906 1665 8942 2351
1203
False
1665
1203
15
1203
1203
1203
16
False
14
6355 9262 9969 1203 2106 9032 8415 6991 6408 1858 6176 5437 7201 7868 7582
False
False
6355 9262 9969 1203 2106 9032 8415 6991 6408 1858 6176 5437 7201 7868 7582 3995 3355
1203
1203
6355 9262 9969 1203 2106 9032 8415 6991 6408 1858 6176 5437 7201
1203
5437
5437
False
6355 9262 9969 1203 2106 9032 8415 6991 6408 1858 6176 5437
12
False
4006
False
5437
False
5437
13
13
False
6355 9262 9969 1203 2106 9032 8415 6991 6408 1858 6176 5437 3906
6355 9262 9969 1203 2106 9032 8415 6991 6408 1858 6176 5437 5741 4623
6355 9262 9969 1203 2106 9032 8415 6991 6408 1858 6176 5437 5741 4623 1770
1770
1203
6355 9262 9969 1203 2106 9032 8415 6991 6408 1858 6176 5437 5741 4623 1770
9764
False
1770
False
15
1203
False
15
1203
1770
15
1203
False
False
6355 9262 9969 1203 2106 9032 8415 6991 6408 1858 6176 5437 5741 2148
1203
1203
False
False
15
3961
6355 9262 9969 1203 2106 9032 8415 6991 6408 1858 6176 5437 5741 2148 3961 3697
6355 9262 9969 1203 2106 9032 8415 6991 6408 1858 6176 5437 5741 2148 3961 3697
False
1203
6355 9262 9969 1203 2106 9032 8415 6991 6408 1858 6176 5437 5741 2148 3961 3697
False
16
6355 9262 9969 1203 2106 9032 8415 6991 6408 1858 6176 5437 5741 2148 3961 3697 7840 4990
6355 9262 9969 1203 2106 9032 8415 6991 6408 1858 6176 5437 5741 2148 3961 3697 7840 4990
19
19
False
19
6355 9262 9969 1203 2106 9032 8415 6991 6408 1858 6176 5437 5741 2148 3961 3697 7840 4990 6561
19
1203
False
False
19
20
1203
False
3440
False
6355 9262 9969 1203 2106 9032 8415 6991 6408 1858 6176 5437 5741 2148 3961 3697 7840 4990
False
False
False
False
18
6355 9262 9969 1203 2106 9032 8415 6991 6408 1858 6176 5437 5741 2148 3961 3697 7840 2496
2496
18
1203
False
1203
False
2496
6355 9262 9969 1203 2106 9032 8415 6991 6408 1858 6176 5437 5741 2148 3961 3697 7840 2496
18
6355 9262 9969 1203 2106 9032 8415 6991 6408 1858 6176 5437 5741 2148 3961 3697 7840
False
1203
False
3697
1203
1203
False
6355 9262 9969 1203 2106 9032 8415 6991 6408 1858 6176 5437 5741 2148 9303
9303
False
False
1203
6355 9262 9969 1203 2106 9032 8415 6991 6408 1858 6176 5437 5741 2148 9303
False
6355 9262 9969 1203 2106 9032 8415 6991 6408 1858 6176 5437 5741 2148 9303
False
1203
1203
6355 9262 9969 1203 2106 9032 8415 6991 6408 1858 6176 5437 5741 2148 9303
15
9303
False
1203
False
False
1203
1203
1203
1203
8476
False
6355 9262 9969 1203 2106 9032 8415 6991 6408 1858 6176 5437 5741 2148
2148
False
1203
False
6355 9262 9969 1203 2106 9032 8415 6991 6408 1858 6176 5437 5741
1203
5437
5437
5437
1203
1203
12
12
12
5852
False
False
False
1203
False
False
6355 9262 9969 1203 2106 9032 8415 6991 6408 1858
False
1203
False
1858
False
False
6355 9262 9969 1203 2106 9032 8415 6991 6408 1858 2037
6355 9262 9969 1203 2106 9032 8415 6991 6408 1858
1858
False
11
6408
6408
7
7
9032
6355 9262 9969 1203 2106
False
False
6355
6355 9262 9969
False
2
4735 9477 8623 4448
4448
4735 9477 8623 4448
8623
False
False
False
9
False
9364
4735 9477 2937 7546 3484 7956 5132 4176
False
7
2937
6
False
False
6
2937
False
False
2937
7
False
6
False
2937
4735 9477 2937 7546 3484
False
5
2937
7546
2937
2937
False
2
4735
False
False
4735
4735
False
4735

1
0
True

Empty
False
False
1
571
17
17
17
2
2
2
571
False
Empty


Empty
1
False
7025
7025
482
7025 9167 482
482
7025 9167 482
False
482
7025 9167 482 906 1109
7025 9167 482 906 1109
1109
1109
2659
7025 9167 482 906 6181 2659
7025 9167 482 906 6181 2659
2659
2659
False
8
8
482
7025 9167 482 906 8173 4782 8245
382
False
382
8
8
False
7025 9167 482 906 8173 4782
482
False
9167
7025
False
False
False
2410
2410
3
2136
False
3
False
2136
7025 8714 2136 3660
False
5172
False
False
7025 5172 7117
False
3
7117
False
5172
False
7025 5172 7117 5397 8749
5172
5172
False
False
5172
False
False
8494
False
7025 5172 7117 5397 8494 6590
False
False
7
1729
7
3002
8
False
7025 5172 7117 5397 8494 6590
5172
False
6590
7025 5172 7117 5397 8494 6590
7025 5172 7117 5397 8494 6590
False
False
5172
5172
False
5
8494
False
False
2
False
5172
7025 5172 1883
7025 5172 1883
1883
5172
7025
False
Empty
0

0
Empty
Empty

Empty
0
0
5655
5655
False
1
False
3
False
False
False
False
39
False
False
5
5655 5335 39 4515 6934
39
39
39
False
False
5655 5335 39 9964 8918
False
8918
8918
9964
False
False
False
False
6372
1676
1676
False
5655 5335 39 9964 1676 5782
6
False
6337
39
False
5655 5335 39 9964 1676 6337 9982
39
39
False
False
3877
5655 5335 39 9964 1676 6337 9982 5962 4430 4704 8572 146 8734 3877 3417
False
14
13
5655 5335 39 9964 1676 6337 9982 5962 4430 4704 8572 146 8734
False
146
False
39
False
5655 5335 39 9964 1676 6337 9982 5962 4430 4704
False
2320
5655 5335 39 9964 1676 6337 9982 5962 4430 2320
10
5655 5335 39 9964 1676 6337 9982 5962 4430 2320 3367
False
False
False
False
13
39
13
39
39
False
3358
