Error
Error
Error
False
Error
1787
1787
3665 1787 5514
False
False
Error
Error
Error
2
Error
False
0
Empty
Error
Empty
Error
284
False
False
4
False
Error
Error
False
3320 6048
Error
1820 3320 6048
Error
Error
5
False
6663
4
False
5
False
4625
Error
5
Error
Error
Error
Error
4625
Error
Error
False
False
3875
Error
Error
2
6617
Error
Error
Error
Error
False
Error
5116 6617
False
Error
Empty
Empty
True
Empty
Error
Error
Empty
Error
Empty
Empty
1
Error
Empty
Empty
0
Empty
Empty

True
Error
Error

Error
Error
2
Error
Error
Error
7321 401 1712 3118 9460
Error
Error
Error
8
False
False
Error
Error
8
Error
9
Error
Error
11
Error
7278 3481 5525 9350 3021 7492 7324 4945 7321 401 1712
Error
False
False
Error
16
5525
Error
Error
17
Error
7324
20
Error
21
21
5525
Error
Error
21
21
Error
Error
7278
Error
False
Error
9491
24
False
Error
Error
7321 4945 7324 7492 3021 9350 5525 3481 7278 6571 5538 1487 9491 5942 8739 970 3938 1558 5332 5026 2757 2638 5010 4477 2925
9491
9491
Error
6881 7321 4945 7324 7492 3021 9350 5525 3481 7278 6571 5538 1487 9491 5942 8739 970 3938 1558 5332 5026 2757 2638 5010 4477
Error
Error
Error
Error
28
Error
5942
7109 2863 5074 4477 5010 2638 2757 5026 5332 1558 3938 970 8739 5942 9491 1487 5538 6571 7278 3481 5525 9350 3021 7492 7324 4945 7321 6881
Error
Error
9491
Error
Error
False
Error
Error
1487
Error
1487
Error
29
Error
Error
False
27
False
6571
Error
Error
Error
Error
2757 5026 5332 1558 3938 970 8739 5942 9491 1487 5538 6571 7278 3481 5525 9350 3021 7492 7324 4945 7321 6881 3515 2885 7507
2757 5026 5332 1558 3938 970 8739 5942 9491 1487 5538 6571 7278 3481 5525 9350 3021 7492 7324 4945 7321 6881 3515 2885 7507
False
7278
False
25
Error
Error
8748 7507 2885 3515 6881 7321 4945 7324 7492 3021 9350 5525 3481 7278 6571 5538 1487 9491 5942 8739 970 3938 1558 5332 5026 2757
Error
False
False
26
Error
Error
Error
Error
Error
False
30
False
Error
Error
25
Error
False
23
Error
22
Error
Error
False
False
False
Error
7492
False
Error
8739 5942 9491 1487 5538 6571 7278 3481 5525 9350 3021 7492 7324 4945 7321 6881 3515 2885 7507 8729 8985 9192
False
False
7492
5824 9192 8985 8729 7507 2885 3515 6881 7321 4945 7324 7492 3021 9350 5525 3481 7278 6571 5538 1487 9491 5942 8739
Error
Error
False
Error
23
Error
23
4564 9491 1487 5538 6571 7278 3481 5525 9350 3021 7492 7324 4945 7321 6881 3515 2885 7507 8729 8985 9192 5824 5809 707
Error
Error
Error
Error
24
Error
7492
Error
Error
False
Error
4279 2051 5983 4564 9491 1487 5538 6571 7278 3481 5525 9350 3021 7492 7324 4945 7321 6881 3515 2885 7507 8729 8985
False
Error
Error
8431 5483 4279 2051 5983 4564 9491 1487 5538 6571 7278 3481 5525 9350 3021 7492 7324 4945 7321 6881 3515 2885 7507 8729
False
6571
3515 6881 7321 4945 7324 7492 3021 9350 5525 3481 7278 6571 5538 1487 9491 4564 5983 2051 4279 5483 8431 6337 8639
Error
3515 6881 7321 4945 7324 7492 3021 9350 5525 3481 7278 6571 5538 1487 9491 4564 5983 2051 4279 5483 8431 6337
Error
False
Error
Error
Error
Error
Error
3145 6337 8431 5483 4279 2051 5983 4564 9491 1487 5538 6571 7278 3481 5525 9350 3021 7492 7324 4945
Error
Error
Error
False
Error
1038 9879 3021 9350 5525 3481 7278 6571 5538 1487 9491 4564 5983 2051 4279 5483 8431
Error
False
8431 5483 4279 2051 5983 4564 9491 1487 5538 6571 7278 3481 5525 9350 3021 9879 1038 4370
18
False
7278
3481
4279 2051 5983 4564 9491 1487 5538 6571 7278 3481 5525 9350 3021 9879 1038 4370 7605 6940 5245 3681 5216 704 9579
False
False
False
Error
Error
Error
Error
7138 3287 4279 2051 5983 4564 9491 1487 5538 6571 7278 3481 5525 9350 3021 9879 1038 4370 7605 6940 5245 3681 5216 704
7138 3287 4279 2051 5983 4564 9491 1487 5538 6571 7278 3481 5525 9350 3021 9879 1038 4370 7605 6940 5245 3681 5216 704
23
Error
25
Error
5538
Error
Error
24
5538
Error
Error
5525
28
False
Error
5002 5568 3883 8472 9674 6441 6940 7605 4370 1038 9879 3021 9350 5525 3481 7278 6571 5538 1487 9491 4564 5983 2051 4279 3287 7138 4598
Error
Error
9350
Error
False
Error
Error
Error
False
Error
28
Error
False
Error
9879
Error
False
Error
False
Error
9931 7547 4279 2051 5983 4564 9491 1487 5538 6571 7278 3481 5525 9350 3021 9879 1038 4370 7605 6940 6441 9674 8472 3883 5568 5002 9213
9350
9931 7547 4279 2051 5983 4564 9491 1487 5538 6571 7278 3481 5525 9350 3021 9879 1038 4370 7605 6940 6441 9674 8472 3883 5568 5002 9213
9931 7547 4279 2051 5983 4564 9491 1487 5538 6571 7278 3481 5525 9350 3021 9879 1038 4370 7605 6940 6441 9674 8472 3883 5568 5002 9213
Error
Error
False
8372 6765 9931 7547 4279 2051 5983 4564 9491 1487 5538 6571 7278 3481 5525 9350 3021 9879 1038 4370 7605 6940 6441 9674 8472 3883 5568 5002 9213
Error
Error
Error
3481
31
Error
Error
Error
False
Error
Error
6571
Error
Error
Error
Error
Error
Error
Error
False
False
Error
33
Error
False
Error
8788 7491 751 212 6908 7397 9129 9016 3547 6731 3787 4354 8372 6765 9931 7547 4279 2051 5983 4564 9491 1487 5538 6571 7278 3481 5525 9350 3021 9879 1038 4370
Error
Error
8194 1274 8788 7491 751 212 6908 7397 9129 9016 3547 6731 3787 4354 8372 6765 9931 7547 4279 2051 5983 4564 9491 1487 5538 6571 7278 3481 5525 9350 3021 9879 1038
Error
8372
False
Error
32
Error
Error
9683 6571 5538 1487 9491 4564 5983 2051 4279 7547 9931 6765 8372 4354 3787 6731 3547 9016 9129 7397 6908 212 751 7491 8788 1274 8194 9197 1703 6232 8716 8037
False
Error
Error
6229 9683 6571 5538 1487 9491 4564 5983 2051 4279 7547 9931 6765 8372 4354 3787 6731 3547 9016 9129 7397 6908 212 751 7491 8788 1274 8194 9197 1703 6232 8716 8037
6229 9683 6571 5538 1487 9491 4564 5983 2051 4279 7547 9931 6765 8372 4354 3787 6731 3547 9016 9129 7397 6908 212 751 7491 8788 1274 8194 9197 1703 6232 8716 8037
False
Error
Error
Error
False
Error
False
Error
Error
Error
Error
False
False
Error
False
7547
32
Error
False
False
Error
Error
Error
751 212 6908 7397 9129 9016 3547 6731 3787 4354 8372 6765 9931 7547 4279 2051 5983 4564 9491 1487 5538 6571 9683 6229 4054 3876 6740 8065 4575 4716 1073
Error
Error
Error
33
Error
Error
Error
Error
35
Error
1487
Error
Error
False
Error
Error
False
Error
4564
6180 230 9588 6908 7397 9129 9016 3547 6731 3787 4354 8372 6765 9931 7547 4279 2051 5983 4564 9491 1487 5538 6571 9683 6229 4054 3876 6740 8065 4575 4716 7744 9816 3541 7647 9746
Error
Error
Error
Error
Error
37
4564
Error
Error
Error
Error
Error
632 4321 7647 3541 9816 7744 4716 4575 8065 6740 3876 4054 6229 9683 6571 5538 1487 9491 4564 5983 2051 4279 7547 9931 6765 8372 4354 3787 6731 3547 9016 9129 7397 6908 9588
Error
632 4321 7647 3541 9816 7744 4716 4575 8065 6740 3876 4054 6229 9683 6571 5538 1487 9491 4564 5983 2051 4279 7547 9931 6765 8372 4354 3787 6731 3547 9016 9129 7397
632 4321 7647 3541 9816 7744 4716 4575 8065 6740 3876 4054 6229 9683 6571 5538 1487 9491 4564 5983 2051 4279 7547 9931 6765 8372 4354 3787 6731 3547 9016 9129
Error
Error
False
32
5538
Error
9016 3547 6731 3787 4354 8372 6765 9931 7547 4279 2051 5983 4564 9491 1487 5538 6571 9683 6229 4054 3876 6740 8065 4575 4716 7744 9816 3541 7647 4321 632
1487
Error
Error
False
Error
27
9369 4173 7234 9050 1996 9016 3547 6731 3787 4354 8372 6765 9931 7547 4279 2051 5983 4564 9491 1487 5538 6571 9683 6229 4054 3876 6740
Error
27
Error
4279
Error
7547
Error
25
4173 7234 9050 1996 9016 3547 6731 3787 4354 8372 6765 9931 7547 4279 2051 5983 4564 9491 1487 5538 6571 9683 6229 4054 3876
7547
Error
Error
False
24
9931
9931
24
Error
Error
Error
Error
False
Error
8372
5709 4173 7234 9050 1996 9016 3547 6731 3787 4354 8372 6765 9931 7547 4279 2051 5983 4564 9491 1487 5538
Error
False
Error
18
18
Error
18
Error
4173 7234 9050 1996 9016 3547 6731 3787 4354 8372 6765 9931 7547 4279 2051 5983
Error
Error
Error
Error
False
Error
False
Error
False
Error
Error
3787 6731 3547 9016 1996 9050 7234 4173 8865 5443 2311 6578
False
11
Error
Error
Error
Error
12
4821 2311 5443 8865 4173 7234 9050 1996 9016 3547 6731 3787 1307
4821 2311 5443 8865 4173 7234 9050 1996 9016 3547 6731 3787 1307
8632 3787 6731 3547 9016 1996 9050 7234 4173 8865 5443 2311
3122 6545 8632 3787 6731 3547 9016 1996 9050 7234 4173 8865 5443 2311
Error
Error
Error
False
689 5611 2311 5443 8865 4173 7234 9050 1996 9016 3547 6731 3787 8632 6545 3122
Error
Error
Error
Error
Error
11
Error
689 5611 2311 5443 8865 4173 7234 9050 1996 9016 3547
Error
554 689 5611 2311 5443 8865 4173 7234 9050 1996 9016
Error
Error
Error
Error
2311
Error
5611
Error
False
Error
Error
Error
7800
4904
Error
4904
Error
Error
6845 6863 2159 4858 6972 4904 7800 810 554 689 5611
6845 6863 2159 4858 6972 4904 7800 810 554 689 5611
4904
6845 6863 2159 4858 6972 4904 7800 810 554 689 5611
Error
11
Error
Error
6972
10
8574 758 6845 6863 2159 4858 6972 4904 7800 810 554
11
Error
Error
6863
False
Error
6845
8574
Error
8088 3556 9720 4136 8249 2869 8574 758 6845 6863 2159 4858 6972 4904
False
8249
False
Error
False
Error
False
False
6972 4858 2159 6863 6845 758 8574 2869 8249 4136 9720 3556 8088 3691 6544 5328 3657 217
8249
Error
Error
15
8249
8249
15
8477 3023 3380 6544 3691 8088 3556 9720 4136 8249 2869 8574 758 6845 6863 2159 4858
4136
17
Error
Error
Error
16
3865 900 7748 8477 3023 3380 6544 3691 8088 3556 9720 4136 8249 2869 8574 758 6845
Error
17
758 8574 2869 8249 4136 9720 3556 8088 3691 6544 3380 3023 8477 7748 900 3865 4188 4438
Error
False
4348 758 8574 2869 8249 4136 9720 3556 8088 3691 6544 3380 3023 8477 7748 900 3865
Error
Error
8088
6905 4348 758 8574 2869 8249 4136 9720 3556 8088 3691 6544 3380 3023 8477 7748
False
False
False
Error
Error
18
18
Error
18
Error
Error
Error
6589 7748 8477 3023 3380 6544 3691 8088 3556 9720 4136 8249 2869 8574 758 4348 6905 3317
False
Error
Error
Error
Error
Error
False
17
5396 9703 438 700 7795 8442 6184 3317 6905 4348 758 8574 2869 8249 4136 9720 3556 8088
Error
Error
4528 4342 8088 3556 9720 4136 8249 2869 8574 758 4348 6905 3317 6184 8442 7795 700
17
False
17
Error
False
19
7643 1194 5867 8540 4528 4342 8088 3556 9720 4136 8249 2869 8574 758 4348 6905 3317 6184 8442
19
7643 1194 5867 8540 4528 4342 8088 3556 9720 4136 8249 2869 8574 758 4348 6905 3317 6184
9720
False
9720
False
False
Error
80 3545 7643 1194 5867 8540 4528 4342 8088 3556 9720 4136 8249 2869 8574 758 4348 6905 3317 6184
Error
Error
Error
8088
24
4342
22
Error
8044 5367 2388 8439 80 3545 7643 1194 5867 8540 4528 4342 8088 3556 9720 4136 8249 2869 8574 758 4348 6905
False
Error
8088
6905 4348 758 8574 2869 8249 4136 9720 3556 8088 4342 4528 8540 5867 1194 7643 3545
Error
3556
Error
6905 4348 758 8574 2869 8249 4136 9720 3556 8088 4342 4528 8540 5867 1194 7643 3545
19
3556
False
Error
21
Error
Error
Error
5482 4897 1774 523 3545 7643 1194 5867 8540 4528 4342 8088 3556 9720 4136 8249 2869 8574 758 4348
False
False
Error
5482 4897 1774 523 3545 7643 1194 5867 8540 4528 4342 8088 3556 9720 4136 8249 2869 8574 758
Error
Error
2571 5482 4897 1774 523 3545 7643 1194 5867 8540 4528 4342 8088 3556 9720 4136 8249 2869 8574
Error
Error
Error
Error
Error
Error
Error
Error
Error
Error
Error
Error
14
Error
False
Error
False
False
2571
13
2571
Error
Error
Error
7791 9843 791 9769 158 4923 5290 2571 5482 4897 1774 523 3545 7643
5290
Error
False
15
Error
Error
3001 3191 7791 9843 791 9769 158 4923 5290 2571 5482 4897 1774 523
3001 3191 7791 9843 791 9769 158 4923 5290 2571 5482 4897 1774
Error
Error
11
Error
11
False
False
7791
Error
False
Error
False
False
9769
False
10
Error
False
Error
Error
Error
Error
5603 2828 9247 2683 3569 3001 3191 7791 9843 791
5603 2828 9247 2683 3569 3001 3191 7791 9843 791
9
8
False
7791
Error
Error
10
1536 7220 8033 9843 7791 3191 3001 3569 2683 9247
Error
Error
3191
3191
Error
3001
3001
Error
11
Error
Error
Error
Error
8565 9207 9247 2683 3569 3001 3191 7791 9843 8033
Error
9
3569
False
Error
11
3191
Error
7712 9247 2683 3569 3001 3191 7791 9843 7275 9690 9714
False
3001
Error
10
Error
Error
9690 7275 9843 7791 3191 3001 3569 2683 9247 7712
Error
9247 2683 3569 3001 3191 7791 9843 7275 9690
Error
9247 2683 3569 3001 3191 7791 9843 7275 9690
3001
3001
Error
Error
7275 9843 7791 3191 3001 3569 2683 9247 5894
False
Error
Error
Error
Error
False
False
7275 9843 7791 3191 3001 3569 2683 9247
3191
Error
Error
Error
False
3001
Error
9731 9247 2683 3569 3001 3191 7791 9843
False
Error
Error
Error
9380 8924 9731 9247 2683 3569 3001
9247
9380 8924 9731 9247 2683 3569 3001
9380 8924 9731 9247 2683 3569 3001
9247
Error
185 9380 8924 9731 9247 2683 3569 3001
Error
Error
9247
False
Error
Error
6973 9380 8924 9731 9247 2683 3569 3001 1084
False
7717 6973 9380 8924 9731 9247 2683 3569 3001
8924
False
Error
Error
9
Error
6973
901 9367 8565 7717 6973 9380 8924 9731
7717
Error
2424 9731 8924 9380 6973 7717 8565 9367 901
False
7
7
Error
6901 8924 9380 6973 7717 8565
Error
Error
9380
6
Error
6973
Error
Error
Error
Error
1876 4516 308 8282 8565 7717 6973 9380 8924 6901
False
Error
10
1698 2122 9380 6973 7717 8565 8282 308 4516 1876 256
Error
Error
8
7717
Error
Error
Error
Error
Error
7698 308 8282 8565 7717
False
5
Error
Error
Error
3
5032
5701
5701 5032
Error
Error
Error
5701
Error
3175 5701
Error
3175
5701 3175 7255
3175
Error
Error
Error
3175 5701
Error
3175
Error
Error
Error
Error
Error
Error
Error
Error
8163 6461 5239 5879
2
False
False
2
False
Error
3
Error
Empty
0

Error
Error
Empty
Error
Error
Error
False
Error
Error
0
Error
Empty
Error
Error
Empty

Error
Empty
Empty
0
True
Error
Error
Empty
Error
Empty
Empty
Error
2731
Error
Error
Error
Error
Empty
Error
Empty
1
Error
Error
Error
3407 1935 4390 8480 8827 3696 3616
False
Error
Error
5
Error
6
Error
Error
False
Error
Error
Error
Error
False
6235 72
Error
1844
1
1844
1844
3684 8685 1844
Error
3684
Error
3458 8685 3684
3
Error
Error
2350
Empty
Empty
Empty
373 2534
False
Error
Error
373 2534
373
False
2
Error
Error
Error
979 7947 7805 7836 373
Error
7947
5
979
Error
7587
Error
5026
Error
Error
False
4
Error
8982
Error
Error
Error
5992
6015
6015
Error
2920 5774 2250 6015 552 5992 5806 1539
False
8
8786 2920 5774 2250 6015 552 5992 5806 1539
False
False
8
Error
6
Error
Error
6
Error
Error
4481 8786 2920 5774 2250
2920
Error
Error
Error
2250
8786 2920 5774 2250 7822 5099
Error
Error
8786 2920 5774 2250 7822 5099
False
Error
6710 7822 2250 5774 2920 8786
Error
7
False
Error
3403 9773 5170 8786
3403
Error
Error
7514 5170 9773 3403 6229
Error
Error
7514 5170 9773 3403
5170
5170
3403
3403
2043 6787 677 964 3403 9773 5170 7514
7
Error
Error
Error
964
964
Error
2043 6787 677 964 3403 9773 5170
False
9
Error
False
False
Error
Error
Error
8
8
Error
11
Error
404 4179 964 677 6787 2043 4897 7217
168 7217 4897 2043 6787 677 964 4179 404
6787
Error
6
False
Error
1142 964 677 6787 2043 4897 7217
Error
677
677
677
4715 2043 6787 677 964 1142 2091
964 677 6787 2043 4715 3979 4130 3591
964 677 6787 2043 4715 3979 4130 3591
Error
3931 964 677 6787 2043 4715 3979 4130 3591
False
Error
Error
11
False
Error
Error
Error
8554 8261 2219 3591 4130 3979 4715 2043 6787 677 964 3931
8554 8261 2219 3591 4130 3979 4715 2043 6787 677 964 3931
Error
Error
False
Error
6787 2043 4715 3979 4130 3591 2219 8261 8554
False
Error
Error
Error
False
False
4283 9431 5177 6512 6806 8554 8261 2219
4283 9431 5177 6512 6806
6
Error
9431
6
6
9431
9431
7
Error
Error
Error
4283
4076 2389 6130 4283 9431 5177 6512 6806
Error
4283
5177
Error
Error
Error
Error
9431
9
2034 5356 6130 4283 9431 5177 6512 8916 6066
Error
Error
Error
9
9
Error
Error
Error
8721 2344 2034 5356 6130 4283 9431 5177 6512 8916
10
Error
Error
Error
8916 6512 5177 9431 4283 6130 5356 2034 2344 8721
4283
Error
Error
Error
Error
11
Error
4317 1025 1118 8916 6512 5177 9431 4283 6130 5356 2225
Error
Error
2042 8068 3157 2225 5356 6130 4283 9431 5177 6512 8916 1118 1025 4317
14
15
7204 4317 1025 1118 8916 6512 5177 9431 4283 6130 5356 2225 3157 8068 2042 7389
Error
Error
Error
4283
15
Error
15
Error
4317 1025 1118 8916 6512 5177 9431 4283 6130 5356 2225 3157
Error
8052 4317 1025 1118 8916 6512 5177 9431 4283 6130 5356 2225 3157
False
Error
14
Error
2225 5356 6130 4283 9431 5177 6512 8916 1118 1025 4317 8052 228
Error
Error
False
9431
Error
False
9761 9968 2225 5356 6130 4283 9431 5177 6512 8916 1118 1025 4317 8052
False
Error
8916
1218 7311 1432 8052 4317 1025 1118 8916 6512 5177 9431 4283 6130 5356 2225
1118
Error
4317
Error
Error
9081 9025 5697 6885 1218 7311 1432 8052 4317 1025 1118 8916 6512 5177 9431 4283
Error
Error
4283 9431 5177 6512 8916 1118 1025 4317 8052 1432 7311 1218 6885 5697 9025 9081
4283 9431 5177 6512 8916 1118 1025 4317 8052 1432 7311 1218 6885 5697 9025 9081
4283 9431 5177 6512 8916 1118 1025 4317 8052 1432 7311 1218 6885 5697 9025 9081
4283 9431 5177 6512 8916 1118 1025 4317 8052 1432 7311 1218 6885 5697 9025 9081
False
8052
Error
False
8310 4777 9081 9025 5697 6885 1218 7311 1432 8052 4317 1025 1118 8916 6512 5177 9431 4283
18
Error
7311
Error
Error
Error
21
Error
Error
8284 7313 1975 6089 9052 3314 8310 4777 9081 9025 5697 6885 1218 7311 1432 8052 4317 1025 1118 8916 6512
8284 7313 1975 6089 9052 3314 8310 4777 9081 9025 5697 6885 1218 7311 1432 8052 4317 1025 1118 8916 6512
Error
6292 3418 6077 8284 7313 1975 6089 9052 3314 8310 4777 9081 9025 5697 6885 1218 7311 1432 8052 4317 1025 1118 8916
Error
6292 3418 6077 8284 7313 1975 6089 9052 3314 8310 4777 9081 9025 5697 6885 1218 7311 1432 8052 4317 1025 1118
22
False
Error
False
Error
Error
20
Error
Error
Error
Error
9052
1975
18
7313
Error
Error
Error
5433 8204 9482 2153 2409 6292 3418 6077 8284 7313 1975 6089 9052 3314 8310 4777
15
15
15
False
14
Error
Error
14
Error
1975
Error
13
Error
6395 7016 8498 4122 8310 3314 9052 6089 1975 7313 8284 6077 3418 6292 2409
6395 7016 8498 4122 8310 3314 9052 6089 1975 7313 8284 6077 3418 6292
Error
15
6089
Error
False
7788 3425 9200 6292 3418 6077 8284 7313 1975 6089 9052 3314 8310 4122 8498 7016
Error
Error
6089
18
False
False
Error
Error
15
Error
1525 1978 1184 2512 4785 7016 8498 4122 8310 3314 9052 6089 1975 7313 8284 6077
1525 1978 1184 2512 4785 7016 8498 4122 8310 3314 9052 6089 1975 7313 8284 6077
False
4122
Error
Error
Error
Error
Error
9559 652 1525 1978 1184 2512 4785 7016 8498 4122 8310 3314 9052 6089
4785
False
4785
4785
Error
False
False
7016
Error
15
Error
Error
7758 9041 2015 996 9052 3314 8310 4122 8498 7016 4785 2512 1184 1978 1525
Error
False
Error
Error
Error
Error
16
996
Error
Error
Error
Error
7858 4290 605 7866 2971 4236 7758 9041 2015 996 9052 3314 8310 4122 8498
Error
Error
7858 4290 605 7866 2971 4236 7758 9041 2015 996 9052 3314 8310 4122
14
4236
9149 7858 4290 605 7866 2971 4236 7758 9041 2015 996
Error
Error
Error
13
Error
605
Error
8060 850 4770 6750 5223 9149 7858 4290 605 7866 2971 4236 7758 9041 2015
17
Error
Error
Error
Error
Error
Error
False
4290
2015 9041 7758 4236 2971 7866 605 4290 7858 9149 5223 6750 4770 850 8060 8556
Error
Error
Error
Error
Error
610 2015 9041 7758 4236 2971 7866 605 4290 7858 9149 5223
Error
Error
12
Error
Error
4236
7758
False
False
False
Error
Error
8820 2971 4236 7758 9041 2015 9011 8621
1486 8820 2971 4236 7758 9041 2015 9011
Error
7
Error
4
Error
8820
Error
Error
Error
Error
Error
Error
8820
7982 5362 2971 8820 1486 5469 1732
7982 5362 2971 8820 1486 5469
5469 1486 8820 2971 5362 7982
False
Error
Error
Error
Error
False
4
1486
1486
1486
4
3544 7195 8820 1486
Error
5
False
4039 6932 3414 3544 7195 8820 1486
False
935 5935 4039 6932 3414 3544 7195 8820
Error
Error
Error
6932
9
6562 6137 1580 935 5935 4039 6932 3414 3544 7195 8820
4039
Error
Error
Error
Error
12
Error
13
14
2846 8311 6294 4960 9359 6989 8552 6137 1580 935 5935 4039
Error
Error
Error
13
Error
Error
Error
6193 9017 8401 780 2846 8311 6294 4960 9359 6989
6193 9017 8401 780 2846 8311 6294 4960 9359 6989
10
6193 9017 8401 780 2846 8311 6294 4960 9359 6989
Error
9
Error
Error
8
Error
Error
False
False
8
4960
Error
Error
8705
False
Error
8
8705
Error
8502 9262 7190 2694 8705 4960 6294
7190
Error
False
Error
7355 4912 8356 6151 2212 1135 8502 9262 7190 2694
2212
2212
Error
Error
Error
False
6151
10
Error
Error
Error
Error
False
7
Error
Error
Error
Error
6
Error
Error
Error
6
Error
Error
Error
Error
8785 6972 2212 6151 8356 4912 7355
Error
Error
5598
3744 8339 8255 5598 7355 4912 8356 6151
False
Error
Error
Error
6
8339
Error
Error
2734 3744 8339 8255 5598 7355
Error
4
Error
Error
Error
Error
Error
8255 8339 3744 2734
4
8339
Error
Error
Error
Error
3744
Error
Error
7277 3744 8899
3744
Error
Error
False
Error
4
7277
Error
Error
Error
Error
False
6
6
False
6
Error
False
Error
Error
8624 4019 9046 8899 3744 7277 1894
Error
7
Error
Error
Error
8
Error
Error
3744
Error
Error
Error
Error
Error
False
Error
Error
Error
2292 1780 3447 8624 4019 9046 8899 3744 7277 1894 1013
9046
2292 1780 3447 8624 4019 9046 8899 3744 7277 1894 1013
Error
2292 1780 3447 8624 4019 9046 8899 3744 7277 1894 1013
Error
Error
False
False
Error
14
3447 8624 4019 9046 8899 3744 7277 1894 8490 8197 300 428 3921 4607
Error
4019 9046 8899 3744 7277 1894 8490 8197 300 428 3921
Error
Error
11
Error
Error
Error
4019 9046 8899 3744 7277 1894 8490 8197 300 428
Error
7277
Error
11
Error
9
Error
Error
7
Error
Error
False
Error
Error
1894
1894
False
False
5687 300 8197 8490 1894 7277 3744
Error
6065 5687 300 8197 8490 1894 7277
7
False
Error
False
7277 1894 8490 8197 300 5687 6065
Error
2478 7277 1894 8490 8197 300 5687 6065
Error
Error
Error
6
False
Error
Error
Error
False
Error
False
Error
Error
9
False
9
300
9756 7634 2903 7259 3274 300 8197 8490 1894 7277
7259
Error
False
9756 7634 2903 7259 3274 300 8197
Error
7
False
9756 7634 2903 7259 3274 300 8197
343 9756 7634 2903 7259 3274 300 8197
Error
Error
Error
Error
9841 8197 300 3274 7259 2903
6
Error
7109 9841 8197 300 3274 7259
Error
9841
Error
7846 3972 5898 2334 7109 9841 8197 300 3274
7846 3972 5898 2334 7109 9841 8197 300
Error
Error
Error
10
Error
Error
Error
5898
5898
False
Error
1140 9281 4308 8197 9841 7109 2334 5898 3972 7846 4434
11
False
1140 9281 4308 8197 9841 7109 2334 5898 3972 7846 4434
Error
9841
2334
Error
Error
12
Error
False
8885 8074 1140 9281 4308 8197 9841 7109 2334 5898 3972 7846 4434
Error
Error
Error
Error
Error
Error
4308
Error
Error
9798 7846 3972 5898 2334 7109 9841 8197 4308 9281 1140 8074 8885 4996 983 6904
8197
Error
Error
4392 9798 7846 3972 5898 2334 7109 9841 8197 4308 9281 1140 8074 8885 4996 983 6904
Error
8197
Error
Error
9841
Error
Error
9841
8197
Error
Error
9281
22
Error
4392 9798 7846 3972 5898 2334 7109 9841 8197 4308 9281 1140 8074 8885 4996 983 6904 9336 9475 9527 7590 7358
22
22
Error
21
Error
False
Error
False
19
20
8197
False
Error
Error
Error
4555 6904 983 4996 8885 8074 1140 9281 4308 8197 9841 7109 2334 5898 3972 7846 9798 4392 8243 9157
Error
Error
Error
9153 4555 6904 983 4996 8885 8074 1140 9281 4308 8197 9841 7109 2334 5898 3972 7846 9798 4392 8243
Error
Error
Error
Error
False
2267 9153 4555 6904 983 4996 8885 8074 1140 9281 4308 8197 9841 7109 2334 5898 3972 7846 9798
Error
Error
18
9798 7846 3972 5898 2334 7109 9841 8197 4308 9281 1140 8074 8885 4996 983 6904 4555 9153
Error
Error
17
Error
Error
Error
False
Error
Error
15
Error
3955 8197 4308 9281 1140 8074 8885 4996 983 6904 4555 9153 3051 8389 1449 2191
3955 8197 4308 9281 1140 8074 8885 4996 983 6904 4555 9153 3051 8389 1449 2191
Error
Error
14
4555 6904 983 4996 8885 8074 1140 9281 4308 8197 3955 515 593
Error
Error
Error
5896 2890 4555 6904 983 4996 8885 8074 1140 9281 4308
4996
Error
Error
Error
11
Error
Error
Error
Error
Error
Error
6620 9281 1140 8074 8885 4996 983 6904 4555 2890
11
Error
Error
False
4805 6620 9281 1140 8074 8885 4996 983 6904 4555
4805 6620 9281 1140 8074 8885 4996 983 6904
Error
4805 6620 9281 1140 8074 8885 4996
False
Error
Error
Error
Error
9281
Error
False
8
Error
Error
False
Error
False
9239 7894 344 9240 8244 1838 3734 8074 1140 9281
10
9239 7894 344 9240 8244 1838 3734 8074 1140
Error
Error
9240
8244
8074 3734 1838 8244 9240 344
False
1838
4424 8074 3734 1838 8244
Error
6
8074
False
Error
2850 2791 4424 8074 3734 1838 8244
Error
Error
4424
Error
Error
4424
Error
Error
8867 2146 1838 3734 8074 4424 2791 2850 6184 4438
8867 2146 1838 3734 8074 4424 2791 2850 6184 4438
3734
Error
False
Error
13
False
421 4484 8233 6531 8867 2146 1838 3734 8074 4424 2791 2850 6184
Error
Error
8074
False
Error
Error
8867 2146 1838 3734 8074 4424 2791 2850 6184 1183 8693
8074
8074
False
12
Error
Error
Error
Error
Error
Error
Error
Error
438
12
438
Error
438
Error
Error
False
Error
False
Error
Error
1183
12
13
14
14
748 759 6178 8333 2399 2850 6184 1183 8693 6209 438 3342 1858 5110
Error
Error
Error
1343 748 759 6178 8333 2399 2850 6184 1183 8693 6209 438 3342 1858 5110
Error
Error
Error
7108 5110 1858 3342 438 6209 8693 1183 6184 2850 2399 8333 6178 759 748
1183
1183
Error
Error
Error
False
5561 3727 7108 5110 1858 3342 438 6209 8693 1183 6184 2850 2399 8333 6178 759 748
False
Error
5561 3727 7108 5110 1858 3342 438 6209 8693 1183 6184 2850 2399 8333 6178 759 748
16
759 6178 8333 2399 2850 6184 1183 8693 6209 438 3342 1858 5110 7108 3727 5561
17
Error
2856 7479 759 6178 8333 2399 2850 6184 1183 8693 6209 438 3342 1858 5110 7108 3727
False
Error
6184
False
False
Error
Error
False
Error
17
Error
Error
16
Error
Error
False
Error
7287 2407 8436 8717 9989 2008 2856 7479 759 6178 8333 2399 2850 6184 1183
Error
Error
False
1921 7287 2407 8436 8717 9989 2008 2856 7479 759 6178 8333 2399 2850 6184 1183
2008
Error
2610 3549 1921 7287 2407 8436 8717 9989 2008 2856 7479 759 6178 8333 2399 2850 6184
16
2008
Error
Error
2008
2008
False
6761 5139 2850 2399 8333 6178 759 7479 2856 2008 9989 8717 8436 2407 7287 1921 3549
Error
Error
6761 5139 2850 2399 8333 6178 759 7479 2856 2008 9989 8717 8436 2407 7287 1921
False
Error
6761 5139 2850 2399 8333 6178 759 7479 2856 2008 9989 8717 8436 2407 7287 1921
Error
False
Error
759
False
759
Error
Error
Error
6178
Error
Error
759
759
759
2355 170 5495 5263 7287 2407 8436 8717 9989 2008 2856 7479 759 6178 8333 2399 2850 5139 6761 501 7742
2355 170 5495 5263 7287 2407 8436 8717 9989 2008 2856 7479 759 6178 8333 2399 2850 5139 6761 501 7742
Error
False
Error
Error
23
23
170 5495 5263 7287 2407 8436 8717 9989 2008 2856 7479 759 6178 8333 2399 2850 5139 6761 501 7742 4198 1800 3960
Error
23
Error
Error
2008
Error
Error
Error
23
2008
Error
22
Error
2850 2399 8333 6178 759 7479 2856 2008 9989 8717 8436 2407 7287 5263 5495 170 8467
Error
8660 8467 170 5495 5263 7287 2407 8436 8717 9989 2008 2856 7479 759 6178 8333 2399 2850
Error
18
Error
Error
Error
Error
Error
Error
17
Error
17
57 8660 8467 170 5495 5263 7287 2407 8436 8717 9989 2008 2856 7479 759 6178 8333
Error
8436
8436
235 4993 4594 8333 6178 759 7479 2856 2008 9989 8717 8436 2407 7287 5263 5495 170 8467 8660 57
False
Error
Error
7733 1550 57 8660 8467 170 5495 5263 7287 2407 8436 8717 9989 2008 2856 7479 759 6178 8333 4594 4993 235 8025
Error
Error
Error
Error
Error
8436
24
Error
Error
Error
2407
Error
False
False
False
Error
Error
5263
Error
False
Error
5263
19
Error
Error
Error
19
Error
Error
Error
Error
759 7479 2856 2008 9989 8717 8436 2407 7287 5263 5495 170 8467 8660 57 1550 7733 1085 6819 991
False
Error
Error
Error
Error
2407
2407
False
Error
Error
Error
Error
Error
Error
6908 9563 4119 759 7479 2856 2008 9989 8717 8436 2407 7287 5263 5495 170
False
Error
14
Error
Error
Error
2856
5190 425 6908 9563 4119 759 7479 2856 2008 9989 8717 8436 2407 7287 5263
Error
2856
Error
2856
5263 7287 2407 8436 8717 9989 2008 2856 7479 759 4119 9563 6908 425 5190 4998
2856
Error
Error
Error
5263 7287 2407 8436 8717 9989 2008 2856 7479 759 4119 9563 6908 425 5190 4998
False
False
Error
