
True

0
Empty
2
Error
Error
4747
243 784 4747 542
Error
Error
5
3
4
False
5
9
Error
Error
False
9
6006 2416 1340 9797 4943 2474 9804 7645 1316
Error
False
False
Error
6006
4
9443
6
Error
Error
6006
Error
Error
Error
6006
Error
Error
Error
9443
Error
Error
Error
Error
False
Error
Error
Error
Error
2164 3035
Error
Empty
Error

Error
Error
Error
4179
Error
Error
Error
225
Error
5269 225 2007 4179
Error
Error
Error
Error
False
False
1932
Error
Error
Error
Error
True
Empty
True
Error
Error
Error
Empty
Error
Error
Error

Empty
Error
Error
Error

Empty
Empty
Error
Empty
Error
Empty
Empty
Error

True
0
Error
Empty
Empty
Error

Empty
Error
Error
1
Error
Error
0
Error
6453
Error
Error
False
False
Error
False
Error
Error
Error
Error
8857 7089 1770
7089
Error
Error
Error
8930
Error
Error
Error
4
8914
Error
9
7662
7662
Error
8731 738 1088 8914 1452 7662 8221 3422 2805
1452
False
8731 738 1088 8914 1452 7662 8221 3422
8731 738 1088 8914 1452 7662 8221 3422
False
3913 8731 738 1088 8914 1452 7662
Error
Error
Error
Error
8731
7
7
Error
5
9251 5924 8914 1088 738
Error
False
Error
Error
Error
False
Error
Error
4773 9251 5924 8914 1088 738
False
8
Error
Error
Error
1328 5266 4276 5872 4773 9251 5924 8914
Error
4276
4276
Error
Error
Error
Error
9
4381 1757 3167 1328 5266 4276 5872 4773 9251
Error
8
False
3167
1757
Error
1757
False
Error
4381
4381
False
False
1013 4381 1757 3167
Error
4381
6217 3167 1757 4381 1013
Error
Error
False
Error
1086 8014 3088 3399 6217 3167 1757 4381
9
False
False
Error
3167 6217 3399 3088 8014 1086 9217 9042
8
3088
Error
False
10
Error
Error
Error
3135 9595 3359 3167 6217 3399 3088 8014 1086
6217
6217
9
7
3088
7
8770
False
8130
8
9314 5520 3088 8014 8130 8770 509 201
8014
Error
Error
Error
5637 6955 340 745 1651 9314 5520 3088 8014 8130 8770 509
Error
False
Error
False
Error
9
Error
9
9
Error
False
10
Error
8
3838 6955 5637 7636 5479 9906 4945
Error
Error
11
Error
7106 7915 1215 1600 4858 68 4926 3838 6955 5637
False
4858
False
7
6
Error
False
Error
Error
Error
Error
Error
Error
Error
Error
False
9
Error
False
Error
Error
530
Error
Error
False
Error
Error
2569
Error
Error
Error
314 6474 5338 7510 1079 2273 165 600 2569 530 8749 8855 3985 9021 4926
314 6474 5338 7510 1079 2273 165 600 2569 530 8749 8855 3985 9021
Error
3002 575 9021 4323 3985 8855 8749 530 2569 600 165 2273 1079 7510 5007 5338 6474 314
Error
Error
Error
Error
Error
165
Error
18
165
165
Error
9240 3800 1626 6474 5338 5007 7510 1079 2273 165 600 2569 530 8749 8855 3985 4323 9021 575
2273
Error
Error
Error
Error
4840 4659 9240 3800 1626 6474 5338 5007 7510 1079 2273 165 600 2569 530 8749 8855 3985 4323 9021 575
Error
22
False
Error
Error
22
Error
False
Error
Error
2622 9645 1769 7597 6052 8664 4840 4659 9240 3800 1626 6474 5338 5007 7510 1079 2273 165 600 2569 530 8749 8855
Error
Error
23
97 4752 2622 9645 1769 7597 6052 8664 4840 4659 9240 3800 1626 6474 5338 5007 7510 1079 2273 165 600 2569 530 8749 9449
97 4752 2622 9645 1769 7597 6052 8664 4840 4659 9240 3800 1626 6474 5338 5007 7510 1079 2273 165 600 2569 530 8749 9449
Error
Error
False
Error
97 4752 2622 9645 1769 7597 6052 8664 4840 4659 9240 3800 1626 6474 5338 5007 7510 1079 2273 165 600 2569 530 8749
Error
Error
556 6288 6367 530 2569 600 165 2273 1079 7510 5007 5338 6474 1626 3800 9240 4659 4840 8664 6052 7597 1769 9645 2622 4752
Error
4105 556 6288 6367 530 2569 600 165 2273 1079 7510 5007 5338 6474 1626 3800 9240 4659 4840 8664 6052 7597 1769 9645 2622
Error
Error
Error
Error
Error
Error
Error
Error
Error
5007
Error
Error
1626
1626
Error
4188 3261 4616 8474 5256 1769 7597 6052 8664 4840 4659 9240 3800 1626 6474 5338 5007 7510 1079 2273 165 600 2569 530 6367 6288 556 4105
Error
28
Error
Error
Error
5338
4896 6048 4105 556 6288 6367 530 2569 600 165 2273 1079 7510 5007 5338 6474 1626 3800 9240 4659 4840 8664 6052 7597 1769 5256 8474 4616 3261
Error
Error
False
Error
925 3454 7208 8863 4896 6048 4105 556 6288 6367 530 2569 600 165 2273 1079 7510 5007 5338 6474 1626 3800 9240 4659 4840 8664 6052 7597 1769 5256 8474 4616
Error
1079
False
4616 8474 5256 1769 7597 6052 8664 4840 4659 9240 3800 1626 6474 5338 5007 7510 1079 2273 165 600 2569 530 6367 6288 556 4105 6048 4896 8863 7208 3454 925 5656
Error
Error
Error
False
Error
1689 5340 479 4616 8474 5256 1769 7597 6052 8664 4840 4659 9240 3800 1626 6474 5338 5007 7510 1079 2273 165 600 2569 530 6367 6288 556 4105 6048 4896 8863 7208
False
Error
Error
4219 4270 9023 1689 5340 479 4616 8474 5256 1769 7597 6052 8664 4840 4659 9240 3800 1626 6474 5338 5007 7510 1079 2273 165 600 2569 530 6367 6288 556 4105 6048 4896 8863 7208
Error
8863 4896 6048 4105 556 6288 6367 530 2569 600 165 2273 1079 7510 5007 5338 6474 1626 3800 9240 4659 4840 8664 6052 7597 1769 5256 8474 4616 479 5340 1689 9023 4270 4219
Error
Error
False
Error
8863 4896 6048 4105 556 6288 6367 530 2569 600 165 2273 1079 7510 5007 5338 6474 1626 3800 9240 4659 4840 8664 6052 7597 1769 5256 8474 4616 479 5340 1689 9023
Error
False
False
Error
Error
794 2081 7410 6344 763 9023 1689 5340 479 4616 8474 5256 1769 7597 6052 8664 4840 4659 9240 3800 1626 6474 5338 5007 7510 1079 2273 165 600 2569 530 6367 6288 556 4105 6048 4896 8863 326 6581 328 1432 9928 4881
Error
43
43
Error
43
7510
2874 8288 1675 3784 4881 9928 1432 328 6581 326 8863 4896 6048 4105 556 6288 6367 530 2569 600 165 2273 1079 7510 5007 5338 6474 1626 3800 9240 4659 4840 8664 6052 7597 1769 5256 8474 4616 479 5340 1689 9023 763 6344 7410
Error
Error
Error
9911 2874 8288 1675 3784 4881 9928 1432 328 6581 326 8863 4896 6048 4105 556 6288 6367 530 2569 600 165 2273 1079 7510 5007 5338 6474 1626 3800 9240 4659 4840 8664 6052 7597 1769 5256 8474 4616 479 5340 1689 9023 763 6344 7410
Error
Error
9911 2874 8288 1675 3784 4881 9928 1432 328 6581 326 8863 4896 6048 4105 556 6288 6367 530 2569 600 165 2273 1079 7510 5007 5338 6474 1626 3800 9240 4659 4840 8664 6052 7597 1769 5256 8474 4616 479 5340 1689 9023 763 6344
9911 2874 8288 1675 3784 4881 9928 1432 328 6581 326 8863 4896 6048 4105 556 6288 6367 530 2569 600 165 2273 1079 7510 5007 5338 6474 1626 3800 9240 4659 4840 8664 6052 7597 1769 5256 8474 4616 479 5340 1689 9023 763 6344
Error
Error
Error
False
False
Error
49
False
False
Error
Error
49
False
Error
5157 9241 3803 6908 5272 2070 6344 763 9023 1689 5340 479 4616 8474 5256 1769 7597 6052 8664 4840 4659 9240 3800 1626 6474 5338 5007 7510 1079 2273 165 600 2569 530 6367 6288 556 4105 6048 4896 8863 326 6581 328 1432 9928 4881 3784 1675
False
3800
Error
False
4659
False
Error
Error
Error
53
False
Error
Error
3806 8223 5157 9241 3803 6908 5272 2070 6344 763 9023 1689 5340 479 4616 8474 5256 1769 7597 6052 8664 4840 4659 9240 3800 1626 6474 5338 5007 7510 1079 2273 165 600 2569 530 6367 6288 556 4105 6048 4896 8863 326 6581 328 1432 9928 1808 9659 2360
Error
Error
Error
3806 8223 5157 9241 3803 6908 5272 2070 6344 763 9023 1689 5340 479 4616 8474 5256 1769 7597 6052 8664 4840 4659 9240 3800 1626 6474 5338 5007 7510 1079 2273 165 600 2569 530 6367 6288 556 4105 6048 4896 8863 326 6581 328 1432 9928 1808 9659 2360
1626
Error
Error
Error
Error
Error
Error
6587 9424 3806 8223 5157 9241 3803 6908 5272 2070 6344 763 9023 1689 5340 479 4616 8474 5256 1769 7597 6052 8664 4840 4659 9240 3800 1626 6474 5338 5007 7510 1079 2273 165 600 2569 530 6367 6288 556 4105 6048 4896 8863 326 6581 328 1432 9928 1808 9659 9067 3310
Error
3800
Error
Error
Error
False
Error
False
Error
9240
50
Error
Error
Error
Error
9240
9240
False
Error
False
Error
48
47
Error
Error
False
Error
7597
Error
Error
Error
Error
7597
44
Error
7597
Error
Error
43
43
Error
Error
1769
Error
Error
Error
Error
44
5256
Error
46
Error
5256
False
Error
7743 6556 1451 3437 9866 3081 9424 3806 8223 5157 9241 3803 6908 5272 2070 6344 763 9023 1689 5340 479 4616 8474 5256 1769 7597 6052 8664 4840 4659 9240 3800 1626 6474 5338 5007 7510 1079 2273 165 600 2569 530 6367
Error
45
8474
Error
Error
False
Error
Error
Error
Error
Error
Error
Error
45
Error
45
45
Error
Error
3357 1547 6556 1451 3437 9866 3081 9424 3806 8223 5157 9241 3803 6908 5272 2070 6344 763 9023 1689 5340 479 4616 8474 5256 1769 7597 6052 8664 4840 4659 9240 3800 1626 6474 5338 5007 7510 1079 2273 165 600 2569 530 6367
Error
Error
Error
Error
530 2569 600 165 2273 1079 7510 5007 5338 6474 1626 3800 9240 4659 4840 8664 6052 7597 1769 5256 8474 4616 479 5340 1689 9023 763 6344 2070 5272 6908 3803 9241 5157 8223 3806 9424 3081 9866 3437 1451 6556 1547 3357 1930
479
Error
Error
Error
Error
4616
Error
Error
Error
47
6696 4328 9574 6213 1547 6556 1451 3437 9866 3081 9424 3806 8223 5157 9241 3803 6908 5272 2070 6344 763 9023 1689 5340 479 4616 8474 5256 1769 7597 6052 8664 4840 4659 9240 3800 1626 6474 5338 5007 7510 1079 2273 165 600 2569 530 7732 117
Error
5340
Error
Error
49
Error
Error
False
Error
Error
856 2253 2625 2783 3681 6696 4328 9574 6213 1547 6556 1451 3437 9866 3081 9424 3806 8223 5157 9241 3803 6908 5272 2070 6344 763 9023 1689 5340 479 4616 8474 5256 1769 7597 6052 8664 4840 4659 9240 3800 1626 6474 5338 5007 7510 1079 2273 165 600 2569 530
Error
Error
6344
Error
Error
56
Error
False
4789 3263 5131 6558 8998 9342 8586 856 2253 2625 2783 3681 6696 4328 9574 6213 1547 6556 1451 3437 9866 3081 9424 3806 8223 5157 9241 3803 6908 5272 2070 6344 763 9023 1689 5340 479 4616 8474 5256 1769 7597 6052 8664 4840 4659 9240 3800 1626 6474 5338 5007 7510 1079 2273
Error
False
Error
9241
Error
6908
Error
Error
Error
Error
9342 8586 856 2253 2625 2783 3681 6696 4328 9574 6213 1547 6556 1451 3437 9866 3081 9424 3806 8223 5157 9241 3803 6908 5272 2070 6344 763 9023 1689 5340 479 4616 8474 5256 1769 7597 6052 8664 4840 4659 9240 3800 1626 6474 5338 5007 7510 1079 6896 5490
Error
Error
Error
False
Error
Error
Error
6516 7362 7189 750 7004 2383 9209 9342 8586 856 2253 2625 2783 3681 6696 4328 9574 6213 1547 6556 1451 3437 9866 3081 9424 3806 8223 5157 9241 3803 6908 5272 2070 6344 763 9023 1689 5340 479 4616 8474 5256 1769 7597 6052 8664 4840 4659 9240 3800 1626 6474 5338 5007 7510 1079
False
False
9424
Error
Error
Error
False
Error
Error
8223
Error
Error
Error
Error
Error
Error
57
3437
Error
Error
Error
False
6213
Error
Error
9574
Error
Error
Error
3817 2744 5837 9462 6085 2302 459 1631 1882 9401 2954 9891 1820 9727 6516 7362 7189 750 7004 2383 9209 9342 8586 856 2253 2625 2783 3681 6696 4328 9574 6213 1547 6556 1451 3437 9866 3081 9424 3806 8223 5157 9241 3803 6908 5272 2070 6344 763 9023 1689 5340 479 4616 8474 5256 1769 7597 6052
Error
Error
Error
Error
Error
Error
3817 2744 5837 9462 6085 2302 459 1631 1882 9401 2954 9891 1820 9727 6516 7362 7189 750 7004 2383 9209 9342 8586 856 2253 2625 2783 3681 6696 4328 9574 6213 1547 6556 1451 3437 9866 3081 9424 3806 8223 5157 9241 3803 6908 5272 2070 6344 763 9023 1689 5340 479 4616 8474 5256 1769 7597
Error
Error
Error
57
4276 1629 8474 4616 479 5340 1689 9023 763 6344 2070 5272 6908 3803 9241 5157 8223 3806 9424 3081 9866 3437 1451 6556 1547 6213 9574 4328 6696 3681 2783 2625 2253 856 8586 9342 9209 2383 7004 750 7189 7362 6516 9727 1820 9891 2954 9401 1882 1631 459 2302 6085 9462 5837 2744 3817 3062
58
58
Error
Error
False
Error
Error
Error
9574
False
False
6892 2744 5837 9462 6085 2302 459 1631 1882 9401 2954 9891 1820 9727 6516 7362 7189 750 7004 2383 9209 9342 8586 856 2253 2625 2783 3681 6696 4328 9574 6213 1547 6556 1451 3437 9866 3081 9424 3806 8223 5157 9241 3803 6908 5272 2070 6344 763 9023 1689 5340 479 4616 8474 1629 4276 364
Error
7548 6892 2744 5837 9462 6085 2302 459 1631 1882 9401 2954 9891 1820 9727 6516 7362 7189 750 7004 2383 9209 9342 8586 856 2253 2625 2783 3681 6696 4328 9574 6213 1547 6556 1451 3437 9866 3081 9424 3806 8223 5157 9241 3803 6908 5272 2070 6344 763 9023 1689 5340 479 4616 8474 1629 4276
Error
Error
Error
7548 6892 2744 5837 9462 6085 2302 459 1631 1882 9401 2954 9891 1820 9727 6516 7362 7189 750 7004 2383 9209 9342 8586 856 2253 2625 2783 3681 6696 4328 9574 6213 1547 6556 1451 3437 9866 3081 9424 3806 8223 5157 9241 3803 6908 5272 2070 6344 763 9023 1689 5340 479 4616 8474 1629 4276
3681
Error
Error
Error
Error
Error
5567 4276 1629 8474 4616 479 5340 1689 9023 763 6344 2070 5272 6908 3803 9241 5157 8223 3806 9424 3081 9866 3437 1451 6556 1547 6213 9574 4328 6696 3681 2783 2625 2253 856 8586 9342 9209 2383 7004 750 7189 7362 6516 9727 1820 9891 2954 9401 1882 1631 459 2302 6085 9462 5837 2744 6892
8109 5567 4276 1629 8474 4616 479 5340 1689 9023 763 6344 2070 5272 6908 3803 9241 5157 8223 3806 9424 3081 9866 3437 1451 6556 1547 6213 9574 4328 6696 3681 2783 2625 2253 856 8586 9342 9209 2383 7004 750 7189 7362 6516 9727 1820 9891 2954 9401 1882 1631 459 2302 6085 9462 5837 2744
9574
58
56
Error
Error
Error
57
Error
5567 4276 1629 8474 4616 479 5340 1689 9023 763 6344 2070 5272 6908 3803 9241 5157 8223 3806 9424 3081 9866 3437 1451 6556 1547 6213 9574 4328 6696 3681 2783 2625 2253 856 8586 9342 9209 2383 7004 750 7189 7362 6516 9727 1820 9891 2954 9401 1882 1631 459 2302 6085 7501 3441 6736
5567 4276 1629 8474 4616 479 5340 1689 9023 763 6344 2070 5272 6908 3803 9241 5157 8223 3806 9424 3081 9866 3437 1451 6556 1547 6213 9574 4328 6696 3681 2783 2625 2253 856 8586 9342 9209 2383 7004 750 7189 7362 6516 9727 1820 9891 2954 9401 1882 1631 459 2302 6085 7501 3441 6736
Error
Error
9574
Error
Error
57
False
Error
56
Error
Error
2627 6195 4276 1629 8474 4616 479 5340 1689 9023 763 6344 2070 5272 6908 3803 9241 5157 8223 3806 9424 3081 9866 3437 1451 6556 1547 6213 9574 4328 6696 3681 2783 2625 2253 856 8586 9342 9209 2383 7004 750 7189 7362 6516 9727 1820 9891 2954 9401 1882 1631 459 2302 6085 7501
Error
Error
1451
2598 8169 6006 8599 2627 6195 4276 1629 8474 4616 479 5340 1689 9023 763 6344 2070 5272 6908 3803 9241 5157 8223 3806 9424 3081 9866 3437 1451 6556 1547 6213 9574 4328 6696 3681 2783 2625 2253 856 8586 9342 9209 2383 7004 750 7189 7362 6516 9727 1820 9891 2954 9401 1882 1631
3437
55
Error
Error
Error
1945 2598 8169 6006 8599 2627 6195 4276 1629 8474 4616 479 5340 1689 9023 763 6344 2070 5272 6908 3803 9241 5157 8223 3806 9424 3081 9866 3437 1451 6556 1547 6213 9574 4328 6696 3681 2783 2625 2253 856 8586 9342 9209 2383 7004 750 7189 7362 6516 9727 1820 9891 2954 9401
3081
Error
9401 2954 9891 1820 9727 6516 7362 7189 750 7004 2383 9209 9342 8586 856 2253 2625 2783 3681 6696 4328 9574 6213 1547 6556 1451 3437 9866 3081 9424 3806 8223 5157 9241 3803 6908 5272 2070 6344 763 9023 1689 5340 479 4616 8474 1629 4276 6195 2627 8599 6006 8169 2598 1945 7693
56
Error
57
False
6960 5395 9401 2954 9891 1820 9727 6516 7362 7189 750 7004 2383 9209 9342 8586 856 2253 2625 2783 3681 6696 4328 9574 6213 1547 6556 1451 3437 9866 3081 9424 3806 8223 5157 9241 3803 6908 5272 2070 6344 763 9023 1689 5340 479 4616 8474 1629 4276 6195 2627 8599 6006 8169 2598 1945
Error
Error
2598 8169 6006 8599 2627 6195 4276 1629 8474 4616 479 5340 1689 9023 763 6344 2070 5272 6908 3803 9241 5157 8223 3806 9424 3081 9866 3437 1451 6556 1547 6213 9574 4328 6696 3681 2783 2625 2253 856 8586 9342 9209 2383 7004 750 7189 7362 6516 9727 1820 9891 2954 9401 5395 6960
Error
Error
3437
56
Error
Error
Error
Error
2598 8169 6006 8599 2627 6195 4276 1629 8474 4616 479 5340 1689 9023 763 6344 2070 5272 6908 3803 9241 5157 8223 3806 9424 3081 9866 3437 1451 6556 1547 6213 9574 4328 6696 3681 2783 2625 2253 856 8586 9342 9209 2383 7004 750 7189 7362 6516 9727 1820 9891 2954 9401 5395
2598 8169 6006 8599 2627 6195 4276 1629 8474 4616 479 5340 1689 9023 763 6344 2070 5272 6908 3803 9241 5157 8223 3806 9424 3081 9866 3437 1451 6556 1547 6213 9574 4328 6696 3681 2783 2625 2253 856 8586 9342 9209 2383 7004 750 7189 7362 6516 9727 1820 9891 2954 9401
False
Error
9866
Error
Error
Error
Error
Error
Error
Error
False
Error
3806
56
Error
Error
Error
9866
Error
Error
Error
57
57
Error
Error
Error
Error
Error
9684 2940 2631 7248 2598 8169 6006 8599 2627 6195 4276 1629 8474 4616 479 5340 1689 9023 763 6344 2070 5272 6908 3803 9241 5157 8223 3806 9424 3081 9866 3437 1451 6556 1547 6213 9574 4328 6696 3681 2783 2625 2253 856 8586 9342 9209 2383 7004 750 7189 7362 6516 9727 1820 9891 3234 2984 2044
Error
3806
False
False
59
9819 9891 1820 9727 6516 7362 7189 750 7004 2383 9209 9342 8586 856 2253 2625 2783 3681 6696 4328 9574 6213 1547 6556 1451 3437 9866 3081 9424 3806 8223 5157 9241 3803 6908 5272 2070 6344 763 9023 1689 5340 479 4616 8474 1629 4276 6195 2627 8599 6006 8169 2598 7248 2631 2940 9684 7889 9045
False
False
2390 9819 9891 1820 9727 6516 7362 7189 750 7004 2383 9209 9342 8586 856 2253 2625 2783 3681 6696 4328 9574 6213 1547 6556 1451 3437 9866 3081 9424 3806 8223 5157 9241 3803 6908 5272 2070 6344 763 9023 1689 5340 479 4616 8474 1629 4276 6195 2627 8599 6006 8169 2598 7248 2631 2940 9684 7889
Error
Error
59
9645 2390 9819 9891 1820 9727 6516 7362 7189 750 7004 2383 9209 9342 8586 856 2253 2625 2783 3681 6696 4328 9574 6213 1547 6556 1451 3437 9866 3081 9424 3806 8223 5157 9241 3803 6908 5272 2070 6344 763 9023 1689 5340 479 4616 8474 1629 4276 6195 2627 8599 6006 8169 2598 7248 2631
1395 9645 2390 9819 9891 1820 9727 6516 7362 7189 750 7004 2383 9209 9342 8586 856 2253 2625 2783 3681 6696 4328 9574 6213 1547 6556 1451 3437 9866 3081 9424 3806 8223 5157 9241 3803 6908 5272 2070 6344 763 9023 1689 5340 479 4616 8474 1629 4276 6195 2627 8599 6006 8169 2598 7248 2631
False
Error
Error
7368 7954 1437 1395 9645 2390 9819 9891 1820 9727 6516 7362 7189 750 7004 2383 9209 9342 8586 856 2253 2625 2783 3681 6696 4328 9574 6213 1547 6556 1451 3437 9866 3081 9424 3806 8223 5157 9241 3803 6908 5272 2070 6344 763 9023 1689 5340 479 4616 8474 1629 4276 6195 2627 8599 6006 8169 2598 7248 2631
7368 7954 1437 1395 9645 2390 9819 9891 1820 9727 6516 7362 7189 750 7004 2383 9209 9342 8586 856 2253 2625 2783 3681 6696 4328 9574 6213 1547 6556 1451 3437 9866 3081 9424 3806 8223 5157 9241 3803 6908 5272 2070 6344 763 9023 1689 5340 479 4616 8474 1629 4276 6195 2627 8599 6006 8169 2598 7248 2631
61
False
Error
Error
False
Error
Error
False
3437
Error
Error
Error
63
Error
9866
Error
59
2066 2669 1613 7248 2598 8169 6006 8599 2627 6195 4276 1629 8474 4616 479 5340 1689 9023 763 6344 2070 5272 6908 3803 9241 5157 8223 3806 9424 3081 9866 3437 1451 6556 1547 6213 9574 4328 6696 3681 2783 2625 2253 856 8586 9342 9209 2383 7004 750 7189 7362 6516 9727 1820 9891 9819 2390 9645
Error
2066 2669 1613 7248 2598 8169 6006 8599 2627 6195 4276 1629 8474 4616 479 5340 1689 9023 763 6344 2070 5272 6908 3803 9241 5157 8223 3806 9424 3081 9866 3437 1451 6556 1547 6213 9574 4328 6696 3681 2783 2625 2253 856 8586 9342 9209 2383 7004 750 7189 7362 6516 9727 1820 9891 9819 2390 9645
False
58
3856 2066 2669 1613 7248 2598 8169 6006 8599 2627 6195 4276 1629 8474 4616 479 5340 1689 9023 763 6344 2070 5272 6908 3803 9241 5157 8223 3806 9424 3081 9866 3437 1451 6556 1547 6213 9574 4328 6696 3681 2783 2625 2253 856 8586 9342 9209 2383 7004 750 7189 7362 6516 9727 1820 9891 9819 2390
59
Error
Error
Error
Error
993 2066 2669 1613 7248 2598 8169 6006 8599 2627 6195 4276 1629 8474 4616 479 5340 1689 9023 763 6344 2070 5272 6908 3803 9241 5157 8223 3806 9424 3081 9866 3437 1451 6556 1547 6213 9574 4328 6696 3681 2783 2625 2253 856 8586 9342 9209 2383 7004 750 7189 7362 6516 9727 1820 9891 9819 2390 2142 7101 601 8774
False
Error
False
Error
993 2066 2669 1613 7248 2598 8169 6006 8599 2627 6195 4276 1629 8474 4616 479 5340 1689 9023 763 6344 2070 5272 6908 3803 9241 5157 8223 3806 9424 3081 9866 3437 1451 6556 1547 6213 9574 4328 6696 3681 2783 2625 2253 856 8586 9342 9209 2383 7004 750 7189 7362 6516 9727 1820 9891 9819 2390 2142 7101
Error
9424
59
993 2066 2669 1613 7248 2598 8169 6006 8599 2627 6195 4276 1629 8474 4616 479 5340 1689 9023 763 6344 2070 5272 6908 3803 9241 5157 8223 3806 9424 3081 9866 3437 1451 6556 1547 6213 9574 4328 6696 3681 2783 2625 2253 856 8586 9342 9209 2383 7004 750 7189 7362 6516 9727 1820 9891 9819 2390
Error
59
3806
8223
Error
59
57
Error
Error
60
8503 8462 4673 993 2066 2669 1613 7248 2598 8169 6006 8599 2627 6195 4276 1629 8474 4616 479 5340 1689 9023 763 6344 2070 5272 6908 3803 9241 5157 8223 3806 9424 3081 9866 3437 1451 6556 1547 6213 9574 4328 6696 3681 2783 2625 2253 856 8586 9342 9209 2383 7004 750 7189 7362 6516 9727 1820 9891
Error
Error
5157
False
Error
False
Error
8503 8462 4673 993 2066 2669 1613 7248 2598 8169 6006 8599 2627 6195 4276 1629 8474 4616 479 5340 1689 9023 763 6344 2070 5272 6908 3803 9241 5157 8223 3806 9424 3081 9866 3437 1451 6556 1547 6213 9574 4328 6696 3681 2783 2625 2253 856 8586 9342 9209 2383 7004 750 7189 7362 6516 9727 1820
False
Error
Error
Error
Error
58
3803
3803
3803
3803
60
7123 93 8465 8503 8462 4673 993 2066 2669 1613 7248 2598 8169 6006 8599 2627 6195 4276 1629 8474 4616 479 5340 1689 9023 763 6344 2070 5272 6908 3803 9241 5157 8223 3806 9424 3081 9866 3437 1451 6556 1547 6213 9574 4328 6696 3681 2783 2625 2253 856 8586 9342 9209 2383 7004 750 7189 7362
59
Error
Error
Error
2070
Error
6344
Error
False
9023
Error
9023
Error
Error
Error
Error
9173 8524 856 2253 2625 2783 3681 6696 4328 9574 6213 1547 6556 1451 3437 9866 3081 9424 3806 8223 5157 9241 3803 6908 5272 2070 6344 763 9023 1689 5340 479 4616 8474 1629 4276 6195 2627 8599 6006 8169 2598 7248 1613 2669 2066 993 4673 8462 8503 8465 93 7123
Error
Error
1314 6591 4988 9173 8524 856 2253 2625 2783 3681 6696 4328 9574 6213 1547 6556 1451 3437 9866 3081 9424 3806 8223 5157 9241 3803 6908 5272 2070 6344 763 9023 1689 5340 479 4616 8474 1629 4276 6195 2627 8599 6006 8169 2598 7248 1613 2669 2066 993 4673 8462 8503 8465 93 7123
Error
Error
7123 93 8465 8503 8462 4673 993 2066 2669 1613 7248 2598 8169 6006 8599 2627 6195 4276 1629 8474 4616 479 5340 1689 9023 763 6344 2070 5272 6908 3803 9241 5157 8223 3806 9424 3081 9866 3437 1451 6556 1547 6213 9574 4328 6696 3681 2783 2625 2253 856 8524 9173 4988 6591 1314
False
Error
False
False
6344
Error
Error
False
2070
8218 9787 9173 8524 856 2253 2625 2783 3681 6696 4328 9574 6213 1547 6556 1451 3437 9866 3081 9424 3806 8223 5157 9241 3803 6908 5272 2070 6344 763 9023 1689 5340 479 4616 8474 1629 4276 6195 2627 8599 6006 8169 2598 7248 1613 2669 2066 993 4673 8462 8503 8465 93 7123
Error
Error
Error
Error
Error
6908
6908
3803
Error
6908
Error
False
Error
5272
2070
2070
2963 3252 3309 908 8465 8503 8462 4673 993 2066 2669 1613 7248 2598 8169 6006 8599 2627 6195 4276 1629 8474 4616 479 5340 1689 9023 763 6344 2070 5272 6908 3803 9241 5157 8223 3806 9424 3081 9866 3437 1451 6556 1547 6213 9574 4328 6696 3681 2783 2625 2253 856 8524 9173 9787 8218 9693 3947
Error
Error
763
False
Error
Error
6344
763
1461 2963 3252 3309 908 8465 8503 8462 4673 993 2066 2669 1613 7248 2598 8169 6006 8599 2627 6195 4276 1629 8474 4616 479 5340 1689 9023 763 6344 2070 5272 6908 3803 9241 5157 8223 3806 9424 3081 9866 3437 1451 6556 1547 6213 9574 4328 6696 3681 2783 2625 2253 856 8524 9173 9787 7926
Error
Error
56
Error
False
4978 1461 2963 3252 3309 908 8465 8503 8462 4673 993 2066 2669 1613 7248 2598 8169 6006 8599 2627 6195 4276 1629 8474 4616 479 5340 1689 9023 763 6344 2070 5272 6908 3803 9241 5157 8223 3806 9424 3081 9866 3437 1451 6556 1547 6213 9574 4328 6696 3681 2783 2625 2253 856 8524 9173
Error
Error
Error
Error
False
Error
Error
False
Error
Error
5578 7791 8283 1576 5322 9084 1538 7262 5467 4978 1461 2963 3252 3309 908 8465 8503 8462 4673 993 2066 2669 1613 7248 2598 8169 6006 8599 2627 6195 4276 1629 8474 4616 479 5340 1689 9023 763 6344 2070 5272 6908 3803 9241 5157 8223 3806 9424 3081 9866 3437 1451 6556 1547
Error
False
Error
Error
6006
7791 8283 1576 5322 9084 1538 7262 5467 4978 1461 2963 3252 3309 908 8465 8503 8462 4673 993 2066 2669 1613 7248 2598 8169 6006 8599 2627 6195 4276 1629 8474 4616 479 5340 1689 9023 763 6344 2070 5272 6908 3803 9241 5157 8223 3806 9424 3081 9866 8960
Error
6006
7791 8283 1576 5322 9084 1538 7262 5467 4978 1461 2963 3252 3309 908 8465 8503 8462 4673 993 2066 2669 1613 7248 2598 8169 6006 8599 2627 6195 4276 1629 8474 4616 479 5340 1689 9023 763 6344 2070 5272 6908 3803 9241 5157 8223 3806 9424 3081 9866 8960
False
51
Error
Error
Error
Error
Error
6195
7763 2835 8721 9866 3081 9424 3806 8223 5157 9241 3803 6908 5272 2070 6344 763 9023 1689 5340 479 4616 8474 1629 4276 6195 2627 8599 6006 8169 2598 7248 1613 2669 2066 993 4673 8462 8503 8465 908 3309 3252 2963 1461 4978 5467 7262
Error
1629
False
Error
False
Error
9028 634 5467 4978 1461 2963 3252 3309 908 8465 8503 8462 4673 993 2066 2669 1613 7248 2598 8169 6006 8599 2627 6195 4276 1629 8474 4616 479 5340 1689 9023 763 6344 2070 5272 6908 3803 9241 5157 8223 3806 9424 3081 9866 8721 2835
False
Error
Error
47
Error
False
Error
6396 4479 3272 5579 5968 9028 634 5467 4978 1461 2963 3252 3309 908 8465 8503 8462 4673 993 2066 2669 1613 7248 2598 8169 6006 8599 2627 6195 4276 1629 8474 4616 479 5340 1689 9023 763 6344 2070 5272 6908 3803 9241 5157 8223 3806
47
47
Error
Error
47
Error
1613
7797 5447 6396 4479 3272 5579 5968 9028 634 5467 4978 1461 2963 3252 3309 908 8465 8503 8462 4673 993 2066 2669 1613 7248 2598 8169 6006 8599 2627 6195 4276 1629 8474 4616 479 5340 1689 9023 763 6344 2070 5272 6908 3803 9241 5157
Error
Error
Error
6174 7797 5447 6396 4479 3272 5579 5968 9028 634 5467 4978 1461 2963 3252 3309 908 8465 8503 8462 4673 993 2066 2669 1613 7248 2598 8169 6006 8599 2627 6195 4276 1629 8474 4616 479 5340 1689 9023 763 6344 3604 2070 5272 6908 3803 9241
False
2860 6174 7797 5447 6396 4479 3272 5579 5968 9028 634 5467 4978 1461 2963 3252 3309 908 8465 8503 8462 4673 993 2066 2669 1613 7248 2598 8169 6006 8599 2627 6195 4276 1629 8474 4616 479 5340 1689 9023 763 6344 3604 2070 5272 6908 3803 9241
Error
Error
Error
Error
False
Error
Error
48
Error
Error
Error
Error
50
False
Error
Error
49
Error
49
8462
Error
Error
7593 9565 7317 4961 8757 3337 2860 6174 7797 5447 6396 4479 3272 5579 5968 9028 634 5467 4978 1461 2963 3252 3309 908 8465 8503 8462 4673 993 2066 2669 1613 7248 2598 8169 6006 8599 2627 6195 4276 1629 8474 4616 479 5340 1689 9023 763 6344
Error
Error
Error
False
Error
Error
False
False
8465
Error
7039 1045 6042 8541 1856 1689 5340 479 4616 8474 1629 4276 6195 2627 8599 6006 8169 2598 7248 1613 2669 2066 993 4673 8462 8503 8465 908 3309 3252 2963 1461 4978 5467 634 9028 5968 5579 3272 4479 6396 5447 7797 6174 2860 3337 8757 4961 7317
Error
False
7039 1045 6042 8541 1856 1689 5340 479 4616 8474 1629 4276 6195 2627 8599 6006 8169 2598 7248 1613 2669 2066 993 4673 8462 8503 8465 908 3309 3252 2963 1461 4978 5467 634 9028 5968 5579 3272 4479 6396 5447 7797 6174 2860 3337 8757
Error
Error
False
993
4673
4673
42
2088 5692 6174 7797 5447 6396 4479 3272 5579 5968 9028 634 5467 4978 1461 2963 3252 3309 908 8465 8503 8462 4673 993 2066 2669 1613 7248 2598 8169 6006 8599 2627 6195 4276 1629 8474 4616 479 5340 1689
41
41
4890 2088 5692 6174 7797 5447 6396 4479 3272 5579 5968 9028 634 5467 4978 1461 2963 3252 3309 908 8465 8503 8462 4673 993 2066 2669 1613 7248 2598 8169 6006 8599 2627 6195 4276 1629 8474
Error
Error
False
3252
3252
False
38
39
2280 1734 1785 4890 2088 5692 6174 7797 5447 6396 4479 3272 5579 5968 9028 634 5467 4978 1461 2963 3252 3309 908 8465 8503 8462 4673 993 2066 2669 1613 7248 2598 8169 6006 8599 2627 6195 4276
Error
Error
False
False
Error
Error
False
Error
False
Error
Error
Error
44
5968
Error
Error
5968
Error
45
Error
Error
47
Error
Error
Error
48
Error
Error
Error
Error
Error
Error
5447
Error
5447
Error
Error
False
Error
Error
Error
Error
Error
Error
Error
Error
Error
