True
Error
0

Error
Empty
Error
Empty
Empty
Empty
True
True
0
Error
Empty

Error
Error
False
9474
Error
Error
491
491 9474
491 9474 9901
9474
2
False
491 9474 6935
3
Error
Error
9474
Error
Error
491 9474 6935 39
491 9474 6935 39
Error
9474
Error
9474
Error
Error
Error
Error
Error
Error
4
Error
False
730 1406 2205 1499 971
2205
2205
Error
Error
5
Error
Error
2205
971 1499 2205 1406 1467
2205
2205
971 1499 2205 1406 1467 8255
Error
Error
2205
Error
Error
971 1499 2205 1406 1467 4692
2205
7
Error
1406
Error
False
1406
9
Error
Error
Error
Error
2812
Error
Error
Error
False
2812
15
Error
Error
Error
False
Error
4146
4146
False
Error
13
Error
1499 2205 1406 1467 4692 2812 4146 8097 1461 3532 8804 7079 2136 8992
Error
Error
False
14
4146
Error
False
Error
1461
1461
Error
Error
Error
Error
False
False
15
Error
Error
False
8992 2136 7079 8804 3532 1461 8097 4146 2812 4692 1467 1406 1915 4031 1301 6531 7870
False
False
Error
Error
7870 6531 1301 4031 1915 1406 1467 4692 2812 4146 8097 1461 3532 8804 7079 2136 5803 7230
4146
Error
Error
3722 520 6531 1301 4031 1915 1406 1467 4692 2812 4146 8097 1461 3532 8804 7079 2136 5803 7230
Error
Error
Error
Error
Error
Error
Error
False
Error
4692
Error
4273 6935 520 6531 1301 4031 1915 1406 1467 4692 2812 4146 8097 1461 3532 8804 7079 2136 5803 5119
False
Error
Error
20
4692
4692
Error
4692
Error
2812
21
Error
False
Error
Error
Error
False
Error
Error
Error
Error
4273 6935 520 6531 1301 4031 1915 1406 1467 4692 2812 4146 8097 1461 3532 8804 7079
1406
False
Error
Error
Error
8804 3532 1461 8097 4146 2812 4692 1467 1406 1915 4031 1301 6531 520 6935 4273
8804 3532 1461 8097 4146 2812 4692 1467 1406 1915 4031 1301 6531 520 6935 4273 1595
Error
Error
19
8804 3532 1461 8097 4146 2812 4692 1467 1406 1915 4031 1301 6531 520 6935 4273 1595 4795 1474
Error
Error
1915
Error
Error
Error
1474 4795 1595 4273 6935 520 6531 1301 4031 1915 1406 1467 4692 2812 4146 8097 1461 3532 8804 9544
1915
Error
1406
21
Error
20
6506 9544 8804 3532 1461 8097 4146 2812 4692 1467 1406 1915 4031 1301 6531 520 6935 4273 1595 4795
False
6506 9544 8804 3532 1461 8097 4146 2812 4692 1467 1406 1915 4031 1301 6531 520 6935 4273 1595 4795
22
6506 9544 8804 3532 1461 8097 4146 2812 4692 1467 1406 1915 4031 1301 6531 520 6935 4273 1595 4795 4712 7332
Error
Error
4031
False
False
False
Error
Error
Error
Error
26
2593 2972 2975 7332 4712 4795 1595 4273 6935 520 6531 1301 4031 1915 1406 1467 4692 2812 4146 8097 1461 3532 8804 9544 6506 7912
1915
Error
Error
25
1915
Error
Error
Error
Error
1406
Error
25
7912 6506 9544 8804 3532 1461 8097 4146 2812 4692 1467 1406 1915 4031 1301 6531 520 6935 4273 1595 4795 4712 7332 2975 8552
24
Error
Error
1406
2975 7332 4712 4795 1595 4273 6935 520 6531 1301 4031 1915 1406 1467 4692 2812 4146 8097 1461 3532 8804 9544 6506 4260
Error
Error
1915
False
26
1467
Error
Error
Error
Error
8121 7667 6249 9164 9544 8804 3532 1461 8097 4146 2812 4692 1467 1406 1915 4031 1301 6531 520 6935 4273 1595 4795 4712 7332 3148 1647
27
Error
1467
False
Error
7263 7332 4712 4795 1595 4273 6935 520 6531 1301 4031 1915 1406 1467 4692 2812 4146 8097 1461 3532 8804 9544 9164 6249 7667 8121 3364
3364 8121 7667 6249 9164 9544 8804 3532 1461 8097 4146 2812 4692 1467 1406 1915 4031 1301 6531 520 6935 4273 1595 4795 4712
False
4692
Error
Error
Error
False
False
3364 8121 7667 6249 9164 9544 8804 3532 1461 8097 4146 2812 4692 1467 1406 1915 4031 1301 6531 520 6935 4273 3481 6796 1164
1406
1406
False
Error
904 1164 6796 3481 4273 6935 520 6531 1301 4031 1915 1406 1467 4692 2812 4146 8097 1461 3532 8804 9544 9164
22
904 1164 6796 3481 4273 6935 520 6531 1301 4031 1915 1406 1467 4692 2812 4146 8097 1461 3532 8804 8626
904 1164 6796 3481 4273 6935 520 6531 1301 4031 1915 1406 1467 4692 2812 4146 8097 1461 3532 8804 8626
Error
904 1164 6796 3481 4273 6935 520 6531 1301 4031 1915 1406 1467 4692 2812 4146 8097 1461 3532 8804
904 1164 6796 3481 4273 6935 520 6531 1301 4031 1915 1406 1467 4692 2812 4146 8097 1461 3532 8804
Error
Error
19
4031
Error
4031
Error
19
Error
Error
18
Error
16
Error
Error
False
Error
17
15
Error
15
14
Error
2812 4692 1467 1406 1915 4031 1301 6531 520 6935 4273 3481 6796 1164 7511
6531
2812 4692 1467 1406 1915 4031 1301 6531 520 6935 4273 3481 6796 1164 7511 26
2812 4692 1467 1406 1915 4031 1301 6531 520 6935 4273 3481 6796 1164 7511 26
2812 4692 1467 1406 1915 4031 1301 6531 520 6935 4273 3481 6796 1164 7511
Error
Error
Error
Error
1301
1301
18
Error
Error
Error
False
Error
Error
Error
False
Error
21
Error
Error
Error
1301
Error
18
18
1142 7511 1164 6796 3481 4273 6935 520 6531 1301 4031 1915 1406 1467 4692 7661 6317 8526
1142 7511 1164 6796 3481 4273 6935 520 6531 1301 4031 1915 1406 1467 4692 7661 6317 8526
Error
4037 7511 1164 6796 3481 4273 6935 520 6531 1301 4031 1915 1406 1467 4692 7661 6317 8526
Error
18
6531
6531
6531
Error
False
Error
False
7290 4037 7511 1164 6796 3481 4273 6935 520 6531 1301 4031 1915 1406 1467 5252
7290 4037 7511 1164 6796 3481 4273 6935 520 6531 1301 4031 1915 1406
Error
4273
Error
Error
1406 1915 4031 1301 6531 520 6935 4273 3481 6796 1164 7511 4037
6935
520
1406 1915 4031 1301 6531 520 6935 4273 3481 6796 1164 7511 4997
False
False
1406 1915 4031 1301 6531 520 6935 4273 3481 6796 1164 7511
Error
520
Error
False
6935
6935
Error
Error
False
15
Error
Error
Error
Error
18
Error
601 7511 1164 6796 3481 4273 6935 520 6531 1301 4031 1915 1406 3546 26 4919 10000 1457 6464
18
Error
16
Error
Error
16
False
Error
601 7511 1164 6796 3481 4273 6935 520 6531 1301 4031 1915 1406 3546 26 4919 4917
601 7511 1164 6796 3481 4273 6935 520 6531 1301 4031 1915 1406 3546 26 4919 4917
Error
Error
601 7511 1164 6796 3481 4273 6935 520 6531 1301 4031 1915 1406 3546 26 4919 4917 1090 8209
19
20
Error
Error
Error
Error
False
Error
7146 8209 1090 4917 4919 26 3546 1406 1915 4031 1301 6531 520 6935 4273 3481 6796 1164 7511 766
4031
8209 1090 4917 4919 26 3546 1406 1915 4031 1301 6531 520 6935 4273 3481 6796 1164 7511 766
Error
Error
Error
False
False
19
Error
Error
1301
Error
Error
6531
False
Error
766 7511 1164 6796 3481 4273 6935 520 6531 1301 4031 1915 1406 3546
3546 1406 1915 4031 1301 6531 520 6935 4273 3481 6796 1164 7511 766
13
520
3546 1406 1915 4031 1301 6531 520 6935 4273 3481 6796 1164 7511
Error
12
Error
Error
False
12
Error
Error
3546 1406 1915 4031 1301 6531 520 6935 4273 3481 6796 7996 1727
Error
False
Error
Error
3546 1406 1915 4031 1301 6531 520 6935 4273 3481 6796 7996 1727 5599 8667
6935
16
Error
Error
Error
Error
16
Error
15
Error
False
Error
False
False
Error
3546 1406 1915 4031 1301 6531 520 6935 4273 3481 6796 7996 1727 5599 8667 2488 3416 6976 498 6018
Error
Error
Error
3546 1406 1915 4031 1301 6531 520 6935 4273 3481 6796 7996 1727 5599 8667 2488 3416 6976 3812 147 6816
3546 1406 1915 4031 1301 6531 520 6935 4273 3481 6796 7996 1727 5599 8667 2488 3416 6976 3812 147 6816
Error
Error
Error
3546 1406 1915 4031 1301 6531 520 6935 4273 3481 6796 7996 1727 5599 8667 2488 3416 6976 3812 147 6816 4480
Error
Error
False
Error
Error
6796
7996
Error
False
24
False
Error
3390 4700 6816 147 3812 6976 3416 2488 8667 5599 1727 7996 6796 3481 4273 6935 520 6531 1301 4031 1915 1406 8066
7996
Error
Error
3390 4700 6816 147 3812 6976 3416 2488 8667 5599 1727 7996 6796 3481 4273 6935 520 6531 1301 4031 1915 1406 8066
Error
Error
False
6796
3390 4700 6816 147 3812 6976 3416 2488 8667 5599 1727 7996 6796 3481 4273 6935 520 6531 1301 4031 1915 1406 8066 2768 8387
Error
False
25
3481
22
22
Error
147 3812 6976 3416 2488 8667 5599 1727 7996 6796 3481 4273 6935 520 6531 1301 4031 1915 1406 8066 2768 8387 8736
147 3812 6976 3416 2488 8667 5599 1727 7996 6796 3481 4273 6935 520 6531 1301 4031 1915 1406 8066 2768 8387
Error
147 3812 6976 3416 2488 8667 5599 1727 7996 6796 3481 4273 6935 520 6531 1301 4031 1915 1406 8066 2768
Error
21
Error
False
Error
2474 3812 6976 3416 2488 8667 5599 1727 7996 6796 3481 4273 6935 520 6531 1301 4031 1915 1406 7091 147 6961
Error
Error
22
Error
4273
6935
Error
False
False
Error
520
Error
3416 2488 8667 5599 1727 7996 6796 3481 4273 6935 520 6531 1301 4031 1915 1406 7091 147 6961 1297 8223
3416 2488 8667 5599 1727 7996 6796 3481 4273 6935 520 6531 1301 4031 1915 1406 7091 147 6961 1297 8223 9838 5420
Error
Error
6531
Error
9838 8223 1297 6961 147 7091 1406 1915 4031 1301 6531 520 6935 4273 3481 6796 7996 1727 5599 8667 2488 932
Error
6531
Error
6531
9838 8223 1297 6961 147 7091 1406 1915 4031 1301 6531 520 6935 4273 3481 6796 7996 1727 5599 8667 2488
False
False
Error
False
Error
False
18
520
19
Error
Error
Error
16
14
Error
False
Error
6935
False
Error
Error
6935
Error
Error
Error
1406 1915 4031 1301 6531 520 6935 4273 3481 6796 7996 1727 5599 6172 1365 1069 1559
16
Error
False
Error
1365 6172 5599 1727 7996 6796 3481 4273 6935 520 6531 1301 4031 1915 1406
Error
Error
2550 1365 6172 5599 1727 7996 6796 3481 4273 6935 520 6531 1301 4031 1915 126
16
3481
Error
6796
False
6796
Error
14
2550 1365 6172 5599 1727 7996 6796 3481 4273 6935 520 6531 1301 2444
Error
14
Error
Error
2550 1365 6172 5599 1727 7996 6796 3481 4273 6935 520 6531 1301 2444 5264 822 2092
False
False
Error
Error
Error
Error
17
2550 1365 6172 5599 1727 7996 6796 3481 4273 6935 520 6531 1301 2444 5264 822 2092
2550 1365 6172 5599 1727 7996 6796 3481 4273 6935 520 6531 1301 2444 5264 822 2092 7047
False
Error
False
6935
2550 1365 6172 5599 1727 7996 6796 3481 4273 6935 520 6531 1301 2444 5264 822 2092 7047 6744
6744 7047 2092 822 5264 2444 1301 6531 520 6935 4273 3481 6796 7996 1727 5599 6172 1365 2550
Error
Error
6935
4273
Error
Error
Error
Error
False
False
Error
7996
7996
6531 520 6935 4273 3481 6796 7996 1727 5599 6172 1365 2550 1157
13
14
False
6531 520 6935 4273 3481 6796 7996 1727 5599 6172 1365 2550 1157 7888
7996
13
False
Error
Error
6531 520 6935 4273 3481 6796 7996 1727 5599 6172 1365 2550 1157 653 1012
Error
7996
6531 520 6935 4273 3481 6796 7996 1727 5599 6172 1365 2550 1157
6531 520 6935 4273 3481 6796 7996 1727 5599 6172 1365 2550 1157 890
14
Error
Error
False
7996
17
6531 520 6935 4273 3481 6796 7996 1727 5599 6172 1365 2550 1157 3513 2797 9055 9985
17
Error
17
1727
Error
Error
5599
5599
False
Error
Error
9055 2797 3513 1157 2550 1365 6172 5599 1727 7996 6796 3481 4273
Error
4273 3481 6796 7996 1727 5599 6172 1365 2550 1157 3513 2797 9055
Error
15
Error
Error
Error
12
Error
Error
Error
False
Error
Error
4273 3481 6796 7996 1727 5599 6172 1365 2550 1157 3513 2797
13
False
Error
False
Error
4273 3481 6796 7996 1727 5599 6172 1365 2550 1157 3513 2797 4165 308
Error
Error
Error
Error
False
11
Error
Error
False
Error
Error
6172
Error
Error
Error
False
3513 1157 2550 1365 6172 5599 1727 7996 6796 7060 361
Error
3513 1157 2550 1365 6172 5599 1727 7996 6796 7060 361
Error
3513 1157 2550 1365 6172 5599 1727 7996 6796 7060 361
11
Error
False
Error
Error
Error
Error
False
Error
Error
False
Error
False
Error
False
1727
Error
False
1727
1000 3648 5922 5298 7060 6796 7996 1727 5599 6172 1365 2550 1157 3513
14
Error
Error
6796
12
Error
Error
Error
11
Error
Error
1000 3648 5922 5298 7060 6796 7996 1727 5599 6172 1365
6796
Error
1000 3648 5922 5298 7060 6796 7996 1727 5599 6172 1365
7
Error
Error
Error
False
1000 3648 5922 5298
Error
3648
Error
Error
1000
1000
1000
Error
False
Error

Error
Empty
Error
False
Error
Error
Error
Error
Error
False
Error
Error
False
Empty
Empty
Empty
7486
Error
Error
0
Empty
0
Error
Error
Error
False
Error
4185 221 8201 2466 9929
Error
4
4
Error
Error
Error
2466 8201 221 4185 1730
2466 8201 221 4185 1730
2466 8201 221 4185 1730
Error
221
Error
221
4185
Error
221 4185
False
1214 4185 221
Error
Error
Error
1214 4185
2
Error
Error
False
Error
Error
False
Error
Empty
Error
3817
Error
Error
Empty
Error
True
Empty
0
Error
True
Error
Error
Error
Empty
Error
Error
5
283
Error
3846 1575 283 5217 5462
5
5
Error
Error
Error
283
4
Error
283
5
6
Error
False
6
5217 283 1575 3846 6703 8054
Error
7
False
False
5217 283 1575 3846 6703 8054 4380
False
Error
Error
1575
1575
5217 283 1575 3846
Error
Error
Error

False
Empty
Error
True
Error
9396
Error
Error
861 9396 1082
Error
Error
861 9396 9219
Error
9396
Error
Error
4
Error
861 9396 8149 1893
861 9396 8149
9396
Error
Error
Error
9396
Error
7
Error
Error
861 9396 8149 9678 8040 4 489
9678
Error
Error
Error
7
False
6
8040
False
Error
False
Error
Error
Error
False
Error
Error
7
Error
Error
10
Error
Error
4856 4799 3026 2276 9396 8149 9678 8040 4
Error
Error
Error
Error
Error
8149
4799 3026 2276 9396 8149 9678 8040 4
Error
9396
Error
False
Error
Error
False
Error
Error
Error
Error
Error
False
Error
3026 2276 9396 8149
Error
5
5952 7964 8149 9396 9990
Error
Error
5952 7964 8149 9396 9990 1752 1965 5949
Error
5952 7964 8149 9396 9990 1752 1965 5949
Error
False
Error
False
Error
Error
Error
Error
False
False
Error
5949 1965 1752 9990 9396 8149
Error
Error
1
Error
Error
False
Error
4
Error
4
Error
Error
Error
Error
Error
Empty
Error
Empty
1
5337
5337
0
Error
Empty
Error
Error
Error
Error
Error
4478
1
0
Empty
1
Error
Error
Error
5516
Error
5516
4
9509 5516 8072 9641
False
8072
8072
9509 5516 8072 9641 2624
Error
8072
2624 9641 8072 5516 9509 2038
8072
2624 9641 8072 5516 9509 2038
Error
Error
False
Error
Error
Error
Error
2624 9641 8072 5516 5443
Error
Error
Error
Error
7
Error
Error
5516
2449 7610 2624 9641 8072 5516 5443 238 4039
2624
2624 7610 2449
Error
Error
Error
Error
5167 2517 7610 2449
5167 2517 7610 2449 337
Error
Error
7610 2517 5167
7610
7610
Error
Error
7610 8446
Error
False
Error
3
Error
Error
False
False
Error
Error
Error
7610 8446 7890 1287 3089 5393
6
7610 8446 7890 1287 3089 5393
Error
7610 8446 7890 1287
1287
1287
False
Error
False
8
Error
Error
Error
Error
False
Error
Error
10
10
10
7610 8446 7890 1287 3724 2142 9617 776 4188 6996
Error
3724
Error
Error
Error
Error
Error
Error
Error
Error
Error
Error
7890
Error
False
Error
7890
False
Error
4562 7890 8446 7610
Error
False
Error
1
6685
7890 6685 7270 8876
6685
Error
Error
5
Error
Error
False
False
Error
Error
6685 7270 8011 6769 6038
Error
False
Error
5
Error
Error
Error
Error
2978 4525 8011 7270 7048
False
Error
False
False
False
False
7270
False
4525 8011 7270 7048
False
Error
Error
5
7270
Error
False
Error
Error
False
Error
Error
8
4458
7270 7048 2765 1347 4458 9705 7505 2773 5080
7270 7048 2765 1347 4458 9705 7505 2773 5080
Error
False
7
False
Error
Error
4458
Error
7
Error
2765
Error
11
False
7048
6502 8266 4364 6854 3176 7048 2765 1347 4458 9705 7505
6502 8266 4364 6854 3176 7048 2765 1347 4458 9705 7505
Error
False
Error
Error
False
12
Error
Error
Error
Error
11
7048
Error
2765
False
Error
2765
7505 9705 4458 1347 2765 7048 3176 6854 4364 1907
1907 4364 6854 3176 7048 2765 1347 4458 9705 7505
Error
1907 4364 6854 3176 7048 2765 1347 4458 9705 7505 3461 3223 3638 5560
Error
1347
Error
Error
1907 4364 6854 3176 7048 2765 1347 4458 9705 7505 3461 3223
1347
1347
Error
Error
2765
Error
Error
5858 3223 3461 7505 9705 4458 1347 2765 7048 3176 6854 4364 1907 835 6237 9326
2765
2765
9326 6237 835 1907 4364 6854 3176 7048 2765 1347 4458 9705 7505 3461 3223 5858 7374
False
Error
7374 5858 3223 3461 7505 9705 4458 1347 2765 7048 3176 6854 4364 1907 835 6237 2164
2765
False
Error
Error
Error
Error
False
7374 5858 3223 3461 7505 9705 4458 1347 2765 7048 3176 6854 4364 1907 835 6237
Error
Error
Error
Error
1347
16
6891 835 1907 4364 6854 3176 7048 2765 1347 4458 9705 7505 3461 3223 5858 7374
6891 835 1907 4364 6854 3176 7048 2765 1347 4458 9705 7505 3461 3223 5858 7374 2922
Error
Error
6891 835 1907 4364 6854 3176 7048 2765 1347 4458 9705 7505 3461 3223 5858 7374 2922 4450
Error
Error
Error
Error
8745 8805 8998 9552 4450 2922 7374 5858 3223 3461 7505 9705 4458 1347 2765 7048 3176 6854 4364 1907 835
False
False
False
Error
Error
Error
Error
False
3223
16
False
Error
False
Error
Error
Error
Error
3461
13
3461
4849 9552 4450 2922 7374 5858 3223 3461 7505 9705 4458 1347 2765
4849 9552 4450 2922 7374 5858 3223 3461 7505 9705 4458 1347
Error
False
Error
Error
False
12
Error
Error
Error
1161 3683 466 4450 2922 7374 5858 3223 3461 7505 9705 4458 2864
13
5858
Error
False
Error
Error
False
3683 466 4450 2922 7374 5858 3223 3461
Error
Error
Error
3683 466 4450 2922 7374 5858 3223 3461 5846 9353 4920 956
3223
3683 466 4450 2922 7374 5858 3223 3461 5846 9353 4920 824 5356 6631
Error
False
Error
Error
17
5858
Error
3659 1969 9233 3683 466 4450 2922 7374 5858 3223 3461 5846 9353 4920 824 5356 6631 2756
False
Error
Error
Error
18
Error
Error
3223
17
Error
3223
Error
3223
17
False
Error
19
Error
Error
Error
18
Error
17
Error
Error
3461
17
Error
Error
5846
Error
Error
5846
False
Error
1202 2756 6631 5356 824 4920 9353 5846 3461 3223 5858 7374 2922 4450 466 3683 5896
False
Error
Error
5846
False
False
16
3461
Error
False
Error
Error
False
Error
2756 6631 5356 824 4920 9353 5846 3461 3223 5858 7374 2922 4450 466 7480 5630
15
False
3461
Error
Error
Error
Error
13
Error
Error
Error
12
Error
Error
3223
Error
5356 824 4920 9353 5846 3461 3223 5858 7374 2922 6885 8971 3542
False
Error
13
Error
Error
3223
Error
12
Error
5306 3701 8971 6885 2922 7374 5858 3223 3461 5846 9353 4920 824 5356 6942 6885
Error
Error
Error
Error
5306 3701 8971 6885 2922 7374 5858 3223 3461 5846 9353 4920 824 5356 6942 6885 9537 7697 5816
Error
Error
Error
Error
Error
Error
20
20
Error
Error
False
5685 8018 122 990 5806 2947 4853 4656 256 6942 5356 824 4920 9353 5846 3461 3223 5858 7374 2922 6885 8971 3701 5306
Error
False
824
Error
Error
Error
5685 8018 122 990 5806 2947 4853 4656 256 6942 5356 824 4920 9353 5846 3461 3223 5858 7374 2922 6885 8971 3701 7812
824
Error
Error
Error
20
False
False
Error
Error
False
6885 2922 7374 5858 3223 3461 5846 9353 4920 824 5356 6942 256 4656 4853 2947 5806 990 2762
Error
False
False
Error
Error
824
Error
Error
824
9
False
2947 4853 4656 256 6942 5356 824 4920 9353 1355 8095
10
Error
10
Error
256
2947 4853 4656 256 6942 5356 824 4920
6942
1824 4920 824 5356 6942 256 4656 4853 2947
9
Error
2947 4853 4656 256 6942 5356 824 4920 1824
Error
Error
Error
Error
Error
False
Error
2947 4853 4656 256 6942 5356 824 4920 1824
9
9
Error
Error
Error
Error
Error
Error
Error
4663 824 5356 6942 256 4656 4853 3325
4663 824 5356 6942 256 4656 4853 3325
Error
False
False
4853 4656 256 6942 5356 824 4663
6942
6942
False
6
256
Error
Error
4853 4656 256 6942 5356 824
6
Error
Error
4853 4656 256 6942
Error
Error
Error
Error
256
6942 256 4656 4853
3
3
Error
Error
Error
Error
Error
4656
Error
Error
Error
Error
Error
Error
Error
Error
6
7
4853 4656 256 8380 8869 8288 8693
False
4853 4656 256 8380 8869
Error
False
Error
Error
Error
Error
5
8503 4853 4656 256 8380 8869
Error
Error
6
Error
6
6
Error
Error
Error
Error
Error
False
Error
False
8380
11
256
Error
Error
9185 4853 4656 256 8380 8869 529
Error
Error
9
8380
Error
9185 4853 4656 256 8380 8869 529 6538 2472 3158 5644 9322
529
Error
Error
Error
9322 5644 3158 2472 6538 529 8869 8380 256 4656
Error
Error
6538
Error
Error
False
9322 5644 3158 2472 6538 529 8869 8380 256 3643 8092
Error
9322 5644 3158 2472 6538 529 8869 8380 256 3643
False
9322 5644 3158 2472 6538 529 8869 8380 256
Error
Error
256 8380 8869 529 6538 2472 3158 5644 9322 8507
Error
8507 9322 5644 3158 2472 6538 529 8869 8380
10
10
Error
2472
Error
Error
8507 9322 5644 3158 2472 6538 529 8869 8380
Error
Error
8507 9322 5644 3158 2472 6538 529 8869 8380 2436 4807
6538
8507 9322 5644 3158 2472 6538 529 8869 8380 2436 4807 7479
Error
8507 9322 5644 3158 2472 6538 529 8869 8380 2436 4807 7479 7899
False
4807 2436 8380 8869 529 6538 2472 3158 5644 9322
Error
4807 2436 8380 8869 529 6538 2472 3158 5644 9322
Error
Error
Error
Error
Error
8869
2249 2472 6538 529 8869 8380 2436 4807
Error
8
529
Error
8
529
Error
Error
Error
False
Error
10
Error
False
2249 2472 6538 529 8869 8380 2436 2969 631
Error
7
7
6
2249 2472 6538 529 8869 8380
Error
False
False
529
Error
Error
Error
4
Error
8380
2
8587
Error
8587
Error
4
Error
4
Error
Error
3369
Error
7
Error
7989
7989
Error
7989
7989
Error
7989
12
False
Error
Error
Error
11
Error
False
Error
Error
False
Error
Error
8380 8587 4656 3369 7989 5187 8406 4235 6127 1736 3539 5471 9132 9734
8380 8587 4656 3369 7989 5187 8406 4235 6127 1736 3539 5471 9132 9734
8380 8587 4656 3369 7989 5187 8406 4235 6127 1736 3539 5471 9132 9734
Error
Error
False
Error
Error
3369 7989 5187 8406 4235 6127 1736 3539 5471 9132 2205
Error
Error
Error
Error
12
False
3369 7989 5187 8406 4235 6127 1736 3539 5471 9132 2205 681 8508
6127
Error
6127
False
Error
Error
Error
False
Error
Error
Error
6127
Error
Error
4235
4235
Error
False
Error
Error
1736
Error
Error
Error
Error
Error
Error
12
False
12
6127
Error
12
Error
8870 7672 7017 982 3539 1736 6127 4235 8406 5187 9224 2323
False
Error
Error
Error
Error
3539
Error
Error
Error
False
8870 7672 7017 982 3539 1736 6127 4235 8406 6492
3539
8870 7672 7017 982 3539 1736 6127 4235 8406 1436
False
8870 7672 7017 982 3539 1736 6127 4235 8406 1436
False
Error
False
Error
10
5932 1436 8406 4235 6127 1736 3539 982 7017 7672
Error
5932 1436 8406 4235 6127 1736 3539 982 7017 7672
Error
Error
11
Error
7672 7017 982 3539 1736 6127 4235 8406 1436 5932 2599
Error
Error
False
7672 7017 982 3539 1736 6127 4235 8406 1436 5932 6963 9714
7672 7017 982 3539 1736 6127 4235 8406 1436 5932 6963 9714
13
Error
Error
False
14
Error
Error
4235
Error
Error
Error
7672 7017 982 3539 1736 6127 4235 8406 1436 5932
1736
Error
Error
Error
10
Error
4235
False
4235
Error
Error
1736
Error
Error
Error
5869 1389 982 3539 1736 6127 4235 8406 1436
5869 1389 982 3539 1736 6127 4235 8406 1436
9
Error
Error
Error
5869 1389 982 3539 1736 6127 4235 8406 1436
1736
5869 1389 982 3539 1736 6127 4235 8406 1436
Error
Error
1736
False
3539
Error
Error
Error
Error
3539
Error
Error
Error
Error
Error
Error
Error
Error
3539
4235 6127 1736 3539 982 1389 3541
Error
7
Error
4235 6127 1736 3539 982
982 3539 1736 6127
982 3539 1736 6127 5480
Error
Error
Error
982 3539 1736 6127 5480 9847 8541
8541 9847 5480 6127 1736 3539 982
Error
Error
Error
Error
False
Empty
0
Error
Error
Error
Error
Error
Error
Error
Error
5453
Error
5453
Error
Error
Error
2
False
5453 702 5175
5453 702 5175
3
702
4
Error
Error
Error
5
5453 702 5175 9492
Error
Error
Error
9
5453
Error
Error
9731 7065 5453 702 5175 2562 7169
Error
Error
Error
Error
2915 2562 5175 702 5453 7065 9731 293
702
7
2915 2562 5175 702 5453 7065 9731
2915 2562 5175 702 5453 7065
Error
3
2562
Error
False
Error
False
Error
4232
Error
Error
Error
4232
Error
Error
False
Error
715
Error
Error
Error
Empty
0
Empty
True
Error
Error
False
Error
4819
3
Error
2
Error
Error
Error
4719
Error
Error
Error
Empty
8456
Error
Error
8456
Error
Empty
Empty
Error
Error
False
Error
Error
Error
False
Error
1410
370 6696 1410 3526 4915
Error
Error
Error
Error
False
7
Error
Error
Error
6
5
1410
4
5
6696 1410 3526 4915
3526
Error
False
Error
1410
Error
4837
Error
Error
10
Error
False
Error
4361 9187 1057 4837 1410 3526 4915 715 9892 4900
Error
Error
False
Error
Error
Error
Error
Error
10
Error
Error
Error
Error
Error
False
Error
Error
1610 3783 3526 4915 715 9892
False
6
Error
Error
4915
Error
715 4915 3526 3783
Error
2
715 745
False
715
3
715
715 8972
715 8972
715
False
715
2
Error
Error
Error
5
9817
4
9817
9817
Error
Error
Error
Error
Error
True
True
True
Error
Error
Error
Error
Error
2737
Error
Error
Error
Error
Error
False
Error
Error
Error
Error
5104
Error
Error
False
4
Error
6
9110
Error
Error
Error
Error
9110
Error
Error
False
7780 3879 5104 9110 1183 6421 7029 4883 8639
Error
Error
9
Error
4883 7029 6421 1183 9110 5104 3879 7094 4438
Error
Error
Error
Error
False
11
False
5104
11
5104
Error
Error
Error
Error
False
Error
9110
Error
Error
8
False
Error
6421
Error
5104 9110 1183 6421 7029 4883 6064
Error
Error
8
Error
5104 9110 1183 6421 7029 4883
6
5
Error
Error
Error
Error
Error
Error
False
Error
Error
Error
Error
2
2
Error
Error
9193 1679 6467
Error
False
False
9193 1679 6077 9592
Error
Error
1679
Error
Error
Error
Error
Error
Error
Error
Error
Error
Error
Error
True
3
6142
6142
665
Error
True
Error
8141
9537
Error
Empty
Empty
Empty
Empty
Empty
1
Error
Error
Error
2
Error
Error
1
237
Error
Error
237
Error

Error
Error
Empty
True
Error
False
Error
False
Error
2066 3330 7078 514 4176 7853 3931
7
Error
Error
8
514
Error
Error
514
514
Error
7
4
4
4176
Error
514 4176 7853 3931
False
Error
Error
Error
5
Error
Error
Error
7853
Error
65 778 7853 4176 514 7520 990 5738
Error
Error
7
4176
7
7
Error
Error
7
Error
False
8
Error
Error
Error
Error
6
Error
7520
4
Error
7520
Error
4451 7520 7972 9125
4
4451 7520 7972
False
False
4451 7520
Error
Error
Error
Error
Error
128
Error
5
Error
False
Error
False
Error
Error
Error
2
False
Error
Error
Error
6895 761 7030 2563 7617
Error
6895 761 7030 2563 7617
Error
5
4
Error
Error
5
Error
Error
Error
Error
False
Error
Error
False
Error
761
5554 8241 761 7030 2563
5
7
False
False
Error
Error
False
8
Error
False
Error
False
False
Error
2563
Error
Error
Error
Error
Error
5554 8241 761 7030
5554 8241 761 7030 8955
5554 8241 761 7030 8955
Error
Error
761
False
Error
Error
Error
Error
False
2
Error
False
4249
6
Error
False
Error
5
Error
Error
5
Error
Error
Error
Error
False
Error
Error
Error
Error
3216
Error
False
8696 8667 3216 7960 6472
Error
Error
5
3216
8696 8667 3216 7960
7960
Error
Error
Error
7
3216
False
3216
Error
7942 3804 7960 3216 8667 8696 2470
7960
Error
False
False
Error
8667
False
False
8667
False
False
Error
Error
Error
4798 1585 3662 1764 8696 8667 3216 7960
8
Error
Error
1764
4798 1585 3662 1764 8696 8667 3216 8497
False
4798 1585 3662 1764 8696 8667 3216 8497
9
9
Error
False
Error
False
3662
Error
Error
Error
False
1164 3216 8667 8696 1764 3662 1585 4798 634 7727 6069
False
Error
8696
1164 3216 8667 8696 1764 3662 1585 5864
1764
1164 3216 8667 8696 1764 3662 1585 5864 4192
False
1164 3216 8667 8696 1764 3662 1585 5864 4192
False
1164 3216 8667 8696 1764 3662 1585 5864 4192
Error
False
Error
False
Error
Error
Error
Error
Error
Error
False
Error
Error
Error
Error
836 709 3165 5864 1585 3662 1764 8696 8667 6747
836 709 3165 5864 1585 3662 1764 8696 8667 6747
836 709 3165 5864 1585 3662 1764 8696 8667 6747
836 709 3165 5864 1585 3662 1764 8696 8667 6747
Error
Error
False
Error
Error
Error
Error
Error
12
Error
Error
5864
Error
Error
False
Error
False
7268 2202 2292 836 709 3165 5864 1585 3662 1764 8696 8667
7268 2202 2292 836 709 3165 5864 1585 3662 1764 8696
Error
Error
False
12
12
False
Error
Error
12
Error
5864
False
False
Error
Error
12
False
3165
Error
11
Error
Error
Error
1585
Error
Error
Error
15
3662
2202 2292 836 709 3165 5864 1585 3662 1764 1803 2890 238 9718 3427 6948 8573
Error
Error
Error
Error
13
6948 3427 9718 238 2890 1803 1764 3662 1585 5864 3165 709 836
6948 3427 9718 238 2890 1803 1764 3662 1585 5864 3165 709
Error
6948 3427 9718 238 2890 1803 1764 3662 1585 5864 3165 709 8397 6215
14
Error
Error
Error
15
False
15
False
Error
Error
15
17
Error
Error
1585
1585
Error
6948 3427 9718 238 2890 1803 1764 3662 1585 5864 3165 709 8397 6215 3155 3441
16
Error
1585
Error
Error
17
1585
6948 3427 9718 238 2890 1803 1764 3662 1585 5864 3165 709 8397 6215 3155 3441 7166 3792
1585
Error
Error
6948 3427 9718 238 2890 1803 1764 3662 1585 5864 3165 709 8397 6215 3155 3441 7166 3792 6774
Error
Error
6948 3427 9718 238 2890 1803 1764 3662 1585 5864 3165 709 8397 6215 3155 3441 7166 3792
Error
Error
Error
False
18
7677 238 2890 1803 1764 3662 1585 5864 3165 709 8397 6215 3155 3441 7166 3792 7149 379
Error
3165
Error
False
False
20
379 7149 3792 7166 3441 3155 6215 8397 709 3165 5864 1585 3662 1764 1803 2890 238 7677 8444 9048
Error
Error
Error
False
Error
Error
False
22
Error
Error
Error
Error
Error
20
20
3165
Error
20
20
Error
Error
Error
9048 8444 7677 238 2890 1803 1764 3662 1585 5864 3165 709 8397 6215 3155 3441 7166 3792 7149 379 9997 9366
Error
22
Error
Error
Error
3463 9366 9997 379 7149 3792 7166 3441 3155 6215 8397 709 3165 5864 1585 3662 1764 1803 2890 238 7677 8444 9048
Error
Error
Error
Error
False
Error
False
9997 379 7149 3792 7166 3441 3155 6215 8397 709 3165 5864 1585 3662 1764 1803 2890 238 8448
709
21
Error
9997 379 7149 3792 7166 3441 3155 6215 8397 709 3165 5864 1585 3662 1764 1803 2890 238 8448 5684 5631
False
Error
22
Error
Error
Error
Error
False
3165
20
Error
Error
3662
Error
3662
Error
Error
Error
6215 5673 3155 6215 8397 709 3165 5864 1585 3662 1764 1803 2890 238 8448
Error
14
8448 238 2890 1803 1764 3662 1585 5864 3165 709 8397 6215
Error
3662
3662
8448 238 2890 1803 1764 3662 1585 5864 3165 709 8397 6215 6698
Error
13
8448 238 2890 1803 1764 3662 1585 5864 3165 709 8397 6215
False
Error
Error
14
Error
Error
5864
3165
5864
False
12
9862 8668 7784 6672 8119 8397 709 3165 5864 1585 3662 1764
Error
Error
False
Error
9862 8668 7784 6672 8119 8397 709 3165 5864 1585 3662
Error
Error
8119
8397
Error
709
Error
16
Error
Error
14
9111 9862 8668 7784 6672 8119 8397 709 3165 5864 1585 7454 9945 8435
Error
Error
Error
9111 9862 8668 7784 6672 8119 8397 709 3165 5864 1585 7454
False
Error
Error
False
False
Error
False
8397
8119
Error
Error
Error
Error
False
6182 4289 2052 7784 6672 8119 8397 709 3165 5864 1585
Error
11
12
Error
Error
Error
Error
Error
Error
6182 4289 2052 7784 6672 8119 8397 709 3165 5864 1585 8222 6625
Error
6182 4289 2052 7784 6672 8119 8397 709 3165 5864 1585 8222 6625
Error
Error
False
Error
6672
Error
8119
Error
Error
Error
Error
4289 2052 7784 6672 8119 8397 709 3165 5864 1585 1894
False
Error
Error
Error
Error
4289 2052 7784 6672 8119 8397 709 3165 5864 1585
Error
Error
Error
Error
Error
Error
4289 2052 7784 6672 8119 8397 709 3165 5864 1585 6840 1342 4803 979
3165
3165
3165
3165
3165
Error
False
Error
Error
False
Error
709
Error
Error
Error
Error
709
Error
Error
Error
Error
Error
False
3165
3487 3971 4289 2052 7784 6672 8119 8397 709 3165 5864 1585 6840 1342 4803 979 8525 9299 8355
Error
Error
Error
Error
Error
709
Error
9893 3459 3487 3971 4289 2052 7784 6672 8119 8397 709 3165 5864 1585 6840 1342 4803 979 8525 9299 8355
Error
Error
8397
Error
False
Error
9893 3459 3487 3971 4289 2052 7784 6672 8119 8397 709 3165 5864 1585 6840 1342 4803 979 8525 8034
8397
709
9893 3459 3487 3971 4289 2052 7784 6672 8119 8397 709 3165 5864 1585 6840 1342 4803 979 8525 515 6827
Error
26
8039 6998 6827 515 8525 979 4803 1342 6840 1585 5864 3165 709 8397 8119 6672 7784 2052 4289 3971 3487 3459 9893 5328 9851 7638
Error
Error
Error
26
Error
23
22
Error
Error
Error
Error
Error
3459 3487 3971 4289 2052 7784 6672 8119 8397 709 3165 5864 1585 6840 1342 4803 979 8525 515 6827 6998 8039 7067
24
Error
Error
8039 6998 6827 515 8525 979 4803 1342 6840 1585 5864 3165 709 8397 8119 6672 7784 2052 4289 3971 3487 3459
Error
23
Error
Error
Error
Error
8039 6998 6827 515 8525 979 4803 1342 6840 1585 5864 3165 709 8397 8119 6672 7784 2052 4289 3971
18
8039 6998 6827 515 8525 979 4803 1342 6840 1585 5864 3165 709 8397 8119 6672 7784
6840
6840
6840
Error
Error
6840
7784 6672 8119 8397 709 3165 5864 1585 6840 1342 4803 979 8525 515 6827 6998 8039
False
1585
Error
Error
5864
Error
Error
Error
False
Error
5864
Error
15
Error
Error
16
Error
Error
8928 4437 7784 6672 8119 8397 709 3165 5864 1585 6840 1342 4803 979 8525 4359
16
Error
Error
3165
8525 979 4803 1342 6840 1585 5864 3165 709 8397 8119 6672 7784 4437 6739
Error
False
3165
14
Error
Error
Error
Error
False
False
979 4803 1342 6840 1585 5864 3165 709 8397 8119 6672 7784 4437
13
Error
Error
Error
12
12
False
5864
Error
Error
Error
Error
3165
Error
Error
Error
3165
3165
Error
Error
7784 6672 8119 8397 709 3165 5864 455 1742 3975 9664 6681
3165
7784 6672 8119 8397 709 3165 5864 455 1742 3975 9664
11
Error
709
709
7784 6672 8119 8397 709 3165 5864 455 1742 3975
Error
11
Error
Error
1034 2557 7784 6672 8119 8397 709 3165 5864 455 1742 3975 4150
13
Error
13
Error
Error
Error
Error
Error
Error
Error
Error
Error
Error
Error
709
10
Error
11
Error
3341 7784 6672 8119 8397 709 3165 5864 455 1742 3434
Error
3341 7784 6672 8119 8397 709 3165 5864 455
Error
9
9
Error
3341 7784 6672 8119 8397 709 3165 5864 455
3341 7784 6672 8119 8397 709 3165 5864 455
Error
Error
Error
Error
6070 3492 7579 3165 709 8397 8119 6672 7784 6635
False
709
Error
6070 3492 7579 3165 709 8397 8119 6672
3165
7579
5
709 3165 7579 3492
Error
False
False
Error
False
Error
Error
Error
2
Error
709 3165 7646
3165
Error
Error
Error
Error
Error
Empty
Empty

True

Error
Error
7245
1
7245
Error
7245
1
Error
Error
Empty
0
Empty
Error
Empty
Error
True
0
Error
1
4826
Error
Error
1
1
Error
Empty
Empty
Error
Error
1
False
Error
1
True
0
Error
True
Empty
False
Error
Error
Error
False
Error
False
436
Error
Error
6669 436 2322 7472 1894
False
6669 436 2322 7472 1894
False
1894 7472 2322 436 6669
2322
False
2322
Error
5
2
Error
False
6669
1
1
Empty
Empty
Error
Error
Error
Error
Error
True
0
Error
False
Error
Empty
Error
1
Error
1
2346
2346
False
Error
2
False
2346
2346
Error
False
Error
9178
False
Error
False
9178
Error
Error
4945
Error
5
3320 1532 9178 4945 4021
Error
Error
Error
Error
4
Error
3
9839 4490
Error
Error
Error
9839 4490
Error
Error
False
9839
4490
False
3445 4490 7439
Error
Error
7439
False
False
3445 4490 7439 1235 1900
7439
6
False
Error
Error
6
Error
4490 7439 1235
False
Error
Error
Error
Error
Error
1
1
False
Error
4490
0
Error


Error
True
True
0
Error
4613 8325 5094 8171 8836
5
5094
False
False
8836 8171 5094
False
Error
Error
8836 8171 4002 1163
8836 8171 4002 1163 8735
Error
Error
Error
2
Error
8171 4002 4710 1795
False
6
4710
Error
8171 4002 4710 1795
Error
Error
4710
4002 4710 1795
Error
3
3
4710
Error
4710
Empty
Error

Empty
Empty
Error
568
568
False
568 8081 9925
Error
Error
Error
568
568 8081
568 4416 133
2
568
False
Error
False
Error
568 8275
Error
Error
568
6720 5146 8275 568 7321 7935 3195
Error
Error
8
8
Error
Error
Error
9183 6594 5826 5146 8275 568 7321 7935 3195
3195 7935 7321 568 8275 5146 5826 6594 9183
False
False
Error
11
8275
Error
False
Error
Error
Error
3195 7935 7321 568 8275 5146 5826 6594 557
3195 7935 7321 568 8275 5146 5826
7
Error
Error
Error
3195 7935 7321 568 8275 5146 5826 6434
Error
Error
Error
Error
7985 5826 5146 8275 568 7321 7935 8119 1815
568
8119 7935 7321 568 8275 5146 5826
False
Error
Error
8119 7935 7321 568 8275 5146
7321
Error
False
False
Error
False
568
568
Error
Error
11
8917
Error
False
Error
Error
5 8442 3177 8962 8754 8917 8275 568 7321 7935
False
Error
3
False
False
Error
568
Error
Error
Error
Error
Error
4555 7106
7106 4555
False
Error
Error
Empty

Error
Error
2059
Error
2059 2275 5785
3
Error
False
Error
Error
Empty
Error
0
Empty
Error
Error
Error
Error
6446
False
False
8027 6220 6446
False
Error
1
2
False
7839
3190
Error
Error
Error
Error
6
Error
9159 1742 9089 3190 7839
Error
Error
Error
False
Error
1742
False
False
Error
Empty
0
Error
False
5329 7136 3562
3
False
Error
Error
False
Error
Error
False
Empty
Empty
Error
True
Error
0
Empty
Empty
Error
Empty
True
Empty
Error
8502
Empty
Error
Error
Error
Error
Empty
0
Error
Error
Error
Error
79 5498
Error
Error
Error
Error
False
Error
9290
False
7237
Error
Error
Error
Error
6
False
Error
2767 9290 7237 6288 9204 2445
6
6288
Error
2445 9204 6288 7237 9290
Error
6288
Error
7
False
7
7237
2445 9204 6288 7237 9290 4077 4472 1781
Error
False
6288
Error
7237
Error
7237
2445 9204 6288 7237 9290 4077 1937
False
False
Error
Error
False
Error
9290 7237 6288 9204 2445 7663
5
Error
9204
2445
3
False
4814
4814 8365
2
Error
1
8365 119
Error
Error
119
Error
Error
Error
Empty
0
Error
Empty
Error
Error
Error
Error
Error
Error
Error
False
Error
2
2934 5097
False
1
Error
Error
4
2934 1474 7212 7594
Error
False
Error
False
Error
4
Error
Error
False
2934 1474 7212 3059 8541
Error
6
7212
8541 3059 7212 1474 2934
7212
Error
6
7212
Error
Error
8541 3059 7212 1474 284 9907 2156 795 856
8541 3059 7212 1474 284 9907 2156 795 856
Error
False
Error
False
Error
10
Error
9907
Error
9907
Error
Error
Error
6102 8537 2651 856 795 2156 9907 284 1474 7212 3059 8541 1228
9907
6102 8537 2651 856 795 2156 9907 284 1474 7212 3059 8541 1228
Error
Error
Error
14
Error
Error
False
6102 8537 2651 856 795 2156 9907 284 1474 7212 3059 8541 1228
Error
9907
Error
14
9907
Error
Error
Error
Error
284
False
Error
Error
Error
False
Error
Error
Error
Error
1490 4509 1228 8541 3059 7212 1474 284 9907 2156 795 856 2651 8537 8611 2032
False
Error
16
Error
15
15
Error
2032 8611 8537 2651 856 795 2156 9907 284 1474 7212 3059 8541 1228 4509 9517
Error
Error
Error
9907
False
5031 8604 2032 8611 8537 2651 856 795 2156 9907 284 1474 7212 3059 8541 1228 4509 8982
Error
Error
17
Error
18
8982 4509 1228 8541 3059 7212 1474 284 9907 2156 795 856 2651 8537 8611 2032 9636 513 6133
Error
Error
Error
Error
8982 4509 1228 8541 3059 7212 1474 284 9907 2156 795 856 2651 8537 8611 2032 9636 513
False
8982 4509 1228 8541 3059 7212 1474 284 9907 2156 795 856 2651 8537 8611 2032 9636 513
Error
Error
Error
False
Error
17
Error
Error
Error
Error
13
15
Error
Error
False
Error
False
Error
Error
Error
Error
Error
18
4852 7980 178 3229 7079 8982 4509 1228 8541 3059 7212 1474 284 2156 795 856 2651 9835 76 7685
False
4852 7980 178 3229 7079 8982 4509 1228 8541 3059 7212 1474 284 2156 795 856 2651 9835 76 7685 4114 5633
Error
Error
Error
Error
19
8541
4852 7980 178 3229 7079 8982 4509 1228 8541 3059 7212 1474 284 2156 795 856 2651 9835
Error
False
9835 2651 856 795 2156 284 1474 7212 3059 8541 1228 4509 8982 7079 3229
Error
Error
False
False
8102 3229 7079 8982 4509 1228 8541 3059 7212 1474 284 2156 795 856 2651 9835 7141
False
8102 3229 7079 8982 4509 1228 8541 3059 7212 1474 284 2156 795 856 2651 9835 7141
Error
17
7212
17
Error
Error
14
Error
False
Error
8541
14
Error
Error
Error
8541
8541
8102 3229 7079 8982 4509 1228 8541 3059 7212 1474 284 2156 795
Error
Error
Error
Error
False
618 795 2156 284 1474 7212 3059 8541 1228 4509 8982 7079 3229 8102 7864
False
False
Error
Error
Error
16
16
Error
Error
618 795 2156 284 1474 7212 3059 8541 1228 4509 8982 7079 3229 8102 1262
False
Error
618 795 2156 284 1474 7212 3059 8541 1228 4509 8982 7079 3229 8102 1262 191 5527 5745
Error
Error
Error
Error
Error
Error
Error
18
8982
284 1474 7212 3059 8541 1228 4509 8982 7079 3229 8102 1262 191 5527 5745 1258 2783
Error
18
3229
Error
19
Error
False
Error
17
1551 1695 8595 2783 1258 5745 5527 191 1262 8102 3229 7079 8982 4509 1228 8541 3059
Error
191
15
Error
Error
Error
1551 1695 8595 2783 1258 5745 5527 191 1262 8102 3229 7079 8982 4509 1228
Error
15
5527
False
Error
Error
191
Error
8102
Error
3656 7710 3707 4509 8982 7079 3229 8102 1262 191 5527 5745 1258 2783 8595
Error
Error
15
Error
Error
Error
Error
Error
Error
3229
Error
Error
Error
Error
3229
8977 3656 7710 3707 4509 8982 7079 3229 8102 1262 191 5527 5745 3082 6449
Error
Error
1262
1262
Error
Error
Error
Error
Error
Error
Error
Error
1262
Error
6449 3082 5745 5527 191 1262 8102 2496 3229 7079 8982 2415
8102
14
Error
Error
Error
Error
False
Error
Error
Error
8102
Error
6449 3082 5745 5527 191 1262 8102 2496 3229 7079 8982 2415 5855 5216
Error
14
Error
Error
Error
13
Error
Error
5793 5855 2415 8982 7079 3229 2496 8102 1262 191 5527 5745 2596 2118 184 9720 4427
5793 5855 2415 8982 7079 3229 2496 8102 1262 191 5527 5745 2596 2118 184 9720 4427 2543
False
1262
Error
17
Error
Error
Error
2496
Error
5745 5527 191 1262 8102 2496 3229 7079 8982 2415 5855
12
2496
Error
5745 5527 191 1262 8102 2496 3229 7079 8982 2415 5855 4416 6790
False
13
False
Error
Error
Error
False
False
7079
Error
17
3229
3229
Error
Error
Error
Error
Error
Error
1447 1276 913 6790 4416 5855 2415 8982 7079 3229 2496 8102 2802 1262 191 5527 9039 6461 9634
Error
False
False
False
Error
Error
Error
3229
3229
Error
19
False
Error
4736 554 4874 913 6790 4416 5855 2415 8982 7079 3229 2496 8102 2802 1262 191 5527 9039 627 8862 7223
Error
Error
4736 554 4874 913 6790 4416 5855 2415 8982 7079 3229 2496 8102 2802 1262 191 5527 9039 627
False
3229
3229
False
Error
Error
2496
Error
554 4874 913 6790 4416 5855 2415 8982 7079 3229 2496 8102 2802 1262 191 5527 9039 627 196 8980 8010 8355 8004
554 4874 913 6790 4416 5855 2415 8982 7079 3229 2496 8102 2802 1262 191 5527 9039 627 196 8980 8010 8355 8004
Error
Error
Error
Error
Error
Error
Error
1262
Error
1262
Error
Error
24
1002 8923 4518 8004 8355 8010 8980 196 627 9039 5527 191 1262 2802 8102 2496 3229 7079 8982 2415 5855 4416 6790 913
Error
191
Error
1002 8923 4518 8004 8355 8010 8980 196 627 9039 5527 191 1262 2802 8102 2496 3229 7079 8982 2415 5855 4416 6790 913
23
Error
Error
Error
Error
False
Error
23
Error
6790 4416 5855 2415 8982 7079 3229 2496 8102 2802 1262 191 5527 9039 627 196 8980 8010 8355 8004 4518 8923 1002
Error
6790 4416 5855 2415 8982 7079 3229 2496 8102 2802 1262 191 5527 9039 627 196 8980 8010 8355 8004 4518 8923
1262
6790 4416 5855 2415 8982 7079 3229 2496 8102 2802 1262 191 5527 9039 627 196 8980 8010 8355 8004 4518
21
Error
1262
False
1262
1262
Error
Error
6790 4416 5855 2415 8982 7079 3229 2496 8102 2802 1262 191 5527 9039 627 196 8980 8010 8355
19
Error
191
22
22
1262
Error
21
Error
Error
Error
Error
2802
Error
Error
Error
Error
6790 4416 5855 2415 8982 7079 3229 2496 8102 2802 1262 191 5527 9039 627 196 8980 8010 8355 5819 1329
1262
6790 4416 5855 2415 8982 7079 3229 2496 8102 2802 1262 191 5527 9039 627 196 8980 8010 8355 5819 1329
Error
6790 4416 5855 2415 8982 7079 3229 2496 8102 2802 1262 191 5527 9039 627 196 8980 8010 8355 5819 1329 4456
Error
Error
Error
False
Error
21
191
191
Error
20
False
Error
Error
Error
Error
7106 1329 5819 8355 8010 8980 196 627 9039 5527 191 1262 2802 8102 2496 3229 7079 8982 2415 5855 4416
Error
Error
21
Error
Error
Error
Error
Error
9039
7079 3229 2496 8102 2802 1262 191 5527 9039 627 196 8980 8010 8355 5819 1329 7106 460 2103
19
Error
Error
Error
Error
Error
18
Error
7079 3229 2496 8102 2802 1262 191 5527 9039 627 196 8980 8010 8355 5819 1329 7106 460 4914
Error
7079 3229 2496 8102 2802 1262 191 5527 9039 627 196 8980 8010 8355 5819 1329 7106 460 4914 7921 9370
False
Error
False
Error
False
Error
Error
Error
Error
22
9797 7921 4914 460 7106 1329 5819 8355 8010 8980 196 627 9039 5527 191 1262 2802 8102 2496 3229
Error
8980
Error
Error
8980
Error
8980
Error
Error
8034 7921 4914 460 7106 1329 5819 8355 8010 8980 196 627 9039 5527 191 1262 2802
8010
8034 7921 4914 460 7106 1329 5819 8355 8010 8980 196 627 9039 5527 191 1262 2802 931
8034 7921 4914 460 7106 1329 5819 8355 8010 8980 196 627 9039 5527 191 1262 2802
False
Error
Error
False
8010
8355
191 5527 9039 627 196 8980 8010 8355 5819 1329 7106 460 4914 7921 8034
191 5527 9039 627 196 8980 8010 8355 5819 1329 7106 460 4914 7921 8034
False
8355
Error
14
Error
Error
8355
Error
Error
8355
8355
Error
Error
Error
False
Error
Error
8010
2216 5527 9039 627 196 8980 8010 8355 5819 1329 7106 460 4912
Error
Error
13
Error
13
8010
Error
4912 460 7106 1329 5819 8355 8010 8980 196 627 9039 5527 2216
4912 460 7106 1329 5819 8355 8010 8980 196 627 9039 5527 2216 8736
Error
False
8010
Error
Error
Error
Error
Error
13
False
Error
False
12
12
Error
Error
False
8010
Error
12
False
8010
Error
Error
Error
Error
False
Error
Error
8980
8980
2112 179 5527 9039 627 196 8980 8010 8355 5819 1329 7106 9652
8980
Error
Error
Error
12
Error
False
Error
Error
False
196
Error
2112 179 5527 9039 627 196 8980 8010 8355 5819 1329
False
Error
2112 179 5527 9039 627 196 8980 8010 8355 5819 1329
Error
12
Error
196
Error
2112 179 5527 9039 627 196 8980 8010 8355 5819 1329 7727
False
Error
Error
Error
11
Error
Error
Error
False
Error
Error
Error
Error
Error
12
12
14
14
Error
Error
False
Error
1241 2619 1329 5819 8355 8010 8980 196 627 9039 5527 179 5059 9673
Error
Error
Error
8980
15
Error
Error
196
196
14
14
14
Error
8980
Error
Error
Error
Error
Error
Error
Error
Error
627
18
18
Error
Error
Error
18
False
False
Error
False
Error
Error
Error
17
Error
Error
1478 1916 3170 3736 4169 5059 179 5527 9039 627 196 8980 8010 8355 5819
Error
Error
Error
Error
14
Error
Error
1478 1916 3170 3736 4169 5059 179 5527 9039 627 196 8980 8010 2787
Error
False
Error
1478 1916 3170 3736 4169 5059 179 5527 9039 627 196 8980 8010 2967
Error
False
Error
14
Error
False
False
Error
Error
Error
5059
Error
Error
Error
13
5059
Error
5059
Error
8980 196 627 9039 5527 179 5059 4169 3736 3170 1916 1478 5896 9982 1359
8980 196 627 9039 5527 179 5059 4169 3736 3170 1916 1478 5896 9982 1359
Error
Error
Error
Error
False
Error
8980 196 627 9039 5527 179 5059 4169 3736 3170 1916 1478 5896
Error
8980 196 627 9039 5527 179 5059 4169 3736 3170 1916 1478
Error
11
5527
Error
False
Error
10
10
179
Error
179
Error
627 9039 5527 179 5059 4169
Error
6
Error
5527
6
4169 5059 179 5527 9039
Error
5059
False
Error
Error
4169 5059
Error
Error
Error
Error
Error
Error
Empty
Error
Empty
Empty
True
Empty
Error
Error
Error
False
Error
Error
4984 1228
Error
Error
False
Error
1228
1228
4984 1228 3308 9567
Error
Error
1
Error
4984
1
Error
False
Error
Error
Error
Error
Empty
1908
False
Error
Error
Empty
Error
Empty
Error
False
Error
2
Error
Error
7208 7556
7208 7556
False
Error
8690
Error

Error
Empty
False
Error
Error
9245
Error
Error
Error
2186 9245 5193 4157
False
Error
2186
False
2186 7919
Error
Error
False
Error
Error
Error
Error
3
False
Error
Error
6873 2186 7121
False
Error
Error
4
Error
Error
Error
Error
6873
Error
Empty
Empty
0
0
Error
Error
True
Error
0
6375
Error
Error
Error
6375
Error
Empty
Empty
Error
Error
Empty
Empty
Error
Empty
Empty
Empty
Empty
Empty
Error
Error
Empty
Error
False
6744
6744
2
6744
Error
Empty
Empty
Empty
Error
Error
903
Error
Error
2
327
Error
327
2
Error
4708
5
Error
Error
4472 7055 7724 4708 327
7724
Error
Error
5
Error
Error
Error
False
False
Error
4
False
4472 7055 5057 8274 6683
Error
Error
Error
8274 5057 7055 5588 907
Error
Error
Error
7055
8274 5057 7055 5588 9998 9959
7
Error
False
Error
3
Error
2
Error
5057
Error
5057
2
5057
Error
5057 4856 6176 5963
5
6176
6176
False
Error
Error
Error
Error
3
Error
Error
Error
Error
4
Error
6176 4856 5057 4120
Error
Error
5
5057
False
Error
Error
Error
Error
Error
5830 4120 5057 4856 6176 2565 4526 1237 9374
Error
Error
Error
5830 4120 5057 4856 6176 2565 4526 1237 4310 2647
False
Error
Error
Error
12
Error
4120 5057 4856 6176 2565 4526 1237 4310 2647 236 6274 4145 4716 1856 9455
False
Error
Error
Error
4120 5057 4856 6176 2565 4526 1237 4310 2647 236 6274 4145 4716 1856
1237
4120 5057 4856 6176 2565 4526 1237 4310 2647 236 6274 4145 4716 1856
14
Error
Error
Error
Error
Error
Error
Error
Error
Error
Error
4856 6176 2565 4526 1237 4310 2647 236 6274 4145 4716 1856 3807 33
Error
Error
12
2647
Error
4310
Error
13
4310
8044 4856 6176 2565 4526 1237 4310 2647 236 6274 4145 4716 1856
4310
Error
4310
4310
Error
8044 4856 6176 2565 4526 1237 4310 2647 236 6274 4145 4716 1856
8044 4856 6176 2565 4526 1237 4310 2647 236 6274 4145 4716 1856
13
Error
Error
Error
Error
Error
Error
Error
Error
6176
25
6176
5780 7544 1856 4716 4145 6274 236 2647 4310 1237 4526 2565 6176 4856 8044 5448 5680 8044 8301 1789 6464 2902 7788 293 1773
6176
Error
7234 1773 293 7788 2902 6464 1789 8301 8044 5680 5448 8044 4856 6176 2565 4526 1237 4310 2647 236 6274 4145 4716 1856 7544 5780
Error
7234 1773 293 7788 2902 6464 1789 8301 8044 5680 5448 8044 4856 6176 2565 4526 1237 4310 2647 236 6274 4145 4716 1856 7544 5780
False
Error
2565
Error
False
Error
27
2565
Error
False
Error
Error
2902 6464 1789 8301 8044 5680 5448 8044 4856 6176 2565 4526 1237 4310 2647 236 6274 4145 4716 1856 7544 5780 3215
23
4526
Error
Error
Error
False
False
Error
Error
4310
False
False
1237
25
1237
Error
Error
Error
23
4526
Error
23
Error
24
25
Error
Error
2902 6464 1789 8301 8044 5680 5448 8044 4856 6176 2565 4526 1237 4310 2647 236 6274 4145 4716 1856 7544 5780 3215 7952 5930 2123 3982
4310
1237
False
Error
Error
Error
Error
Error
2902 6464 1789 8301 8044 5680 5448 8044 4856 6176 2565 4526 1237 4310 2647 236 6274 4145 4716 1856 7544 5780 3215 7952 5930 8383
Error
2902 6464 1789 8301 8044 5680 5448 8044 4856 6176 2565 4526 1237 4310 2647 236 6274 4145 4716 1856 7544 5780 3215 7952 5930 8383
1237
26
False
Error
Error
Error
Error
25
Error
Error
Error
22
4526
False
20
2565
Error
False
False
Error
False
16
Error
Error
Error
Error
False
Error
Error
Error
Error
14
14
Error
14
Error
4145 6274 236 2647 4310 1237 4526 2565 6176 4856 8044 5448 5680 2516 3521
4145 6274 236 2647 4310 1237 4526 2565 6176 4856 8044 5448 5680 2516 3521
2565
Error
Error
Error
Error
Error
2565
3521 2516 5680 5448 8044 4856 6176 2565 4526 1237 4310 2647 236 6274
Error
False
Error
14
Error
Error
Error
11
1154 236 2647 4310 1237 4526 2565 6176 4856 8044 5448
1154 236 2647 4310 1237 4526 2565 6176 4856 8044 5448
Error
4526
False
Error
False
Error
False
Error
1237
Error
False
Error
4881 2565 4526 1237 4310 2647 236 4438 5150 5965 7848
4310
4881 2565 4526 1237 4310 2647 236 4438 5150 5965
Error
False
Error
8
Error
Error
False
Error
4881 2565 4526 1237 4310 2647 236 4438 7103 1209
10
Error
11
4881 2565 4526 1237 4310 2647 236 4438 7103 1209 1632
Error
False
Error
Error
False
4310
False
9
Error
False
8
4310
False
Error
False
4310
Error
Error
Error
False
Error
Error
Error
11
Error
9
Error
Error
Error
Error
4228 2865 2982 369 236 2647 4310 1237 4543
4228 2865 2982 369 236 2647 4310 1237
Error
Error
Error
False
236
False
Error
236
Error
Error
236
236
Error
Error
Error
6
Error
2416 4310 2647 236 369 4094
Error
5
Error
Error
Error
2416 4310 2647 236
Error
5
Error
Error
2647 4310 2416
Error
4310
Error
Error
False
2647 4310 3565
3565
Error
3
False
Error
Error
Error
Error
Error
2647
Error
Error
True
Empty
Empty
Error
2
Error
Error
Error
0
0
Error
0
Empty
Empty
Empty
Empty

Error
Error
434 5868
Error
2
2
Error
0
True
Empty
Error
Error
2
1
Error
Error
Error
Error
Empty
0
True
Error
Error
Empty
Error
Error
Error
3
3773
Error
False
False
Error
False
Error
Error
8658 3773 4816
4816
Error
3598 5430 3756 4816 3773 8658
Error
Error
Error
Error
False
False
Error
Error
8
4816
Error
Error
8
Error
3773
Error
Error
False
3598 5430 3756 4816 3773 8658 3722 577 3816
Error
Error
13
Error
12
Error
Error
Error
3598 5430 3756 4816 3773 8658 3722 577 3816 7873 7788 5739
Error
3598 5430 3756 4816 3773 8658 3722 577 3816 7873 7788 5739
False
Error
Error
3598 5430 3756 4816 3773 8658 3722 577 3816 7873 7788 5739 3576 1062 8159 163
Error
Error
Error
Error
3598 5430 3756 4816 3773 8658 3722 577 3816 7873 7788 5739 3576 1062 8159 163 2841
False
17
17
3598 5430 3756 4816 3773 8658 3722 577 3816 7873 7788 5739 3576 1062 8159 163 2841
Error
3816
False
False
False
3816
17
Error
17
False
3816
17
163 8159 1062 3576 5739 7788 7873 3816 577 3722 8658 3773 4816 3756 5430 3598
Error
Error
17
Error
Error
3722
Error
Error
Error
Error
18
Error
19
Error
3722
Error
Error
False
False
Error
Error
163 8159 1062 3576 5739 7788 7873 3816 577 3722 8658 3773 4816 3756 5430 3598 2446 9333 8607 2280 9853
Error
Error
8658
21
8658
Error
False
Error
Error
Error
163 8159 1062 3576 5739 7788 7873 3816 577 3722 8658 3773 4816 3756 5430 3598 2446 9333 8607 2280 9853 3210 2347
False
Error
Error
Error
Error
8658
Error
Error
Error
Error
Error
8159 1062 3576 5739 7788 7873 3816 577 3722 8658 3773 4816 3756 5430 3598 2446 9333 8607 2280 9853 3210 6447
Error
Error
314 8159 1062 3576 5739 7788 7873 3816 577 3722 8658 3773 4816 3756 5430 3598 2446 9333 8607 2280 9853 3210 6447 6491
