Empty
Error
Empty
Empty


False
7601
False
1404
7601 1404 4931
Error
1404
859
False
False
False
859
1
Error
Error
Error
Error
1
Error
Empty
Empty
4537
Empty
True
True
True
Error
Empty
False
8369
Error
False
Error
6151
Error

Error
Error

Empty
3266
Empty
Empty
1
Error
False
1
3777
1
2
3694 3777 8229
Error
Error
Error
6
9964 4669 7455 3694 3293 8300
5
False
Error
Error
Error
7455
False
Error
5
Error
7455
4
9964
9964
Error
Error
5
False
6054 5520 9964 4669 7455
Error
Error
4
6054 5520 9964 4669
False
False
False
Error
5520
Error
9763 9183 6054 5520
Error
9758 3495 9763 9183 6054 5520
9763
Error
Error
8
Error
Error
3209 6600 9758 3495 9763 9183 6054 5520
Error
Error
5520 6054 9183 9763 3495 9758 6600 3209
9763
9
Error
Error
Error
Error
10
5164 9247 885 3082 5520 6054 9183 9763 3495 9758
12
9183
2063 5164 9247 885 3082 5520 6054 9183 9763 3495 9758 5826 1322 6448
14
False
False
17
Error
Error
1546 5719 8104 7674 2063 5164 9247 885 3082 5520 6054 9183 9763 3495 9758
Error
Error
Error
Error
Error
False
Error
Error
False
16
Error
17
Error
Error
Error
Error
Error
Error
4812 1514 2379 6872 9763 9183 6054 5520 3082 885 9247 5164 2063 7674 8104 5719 1546 2907 7501
20
Error
3082
Error
1302 4812 1514 2379 6872 9763 9183 6054 5520 3082 885 9247 5164 2063 7674 8104 5719 1546 2907
Error
Error
3991 114 1054 6064 1302 4812 1514 2379 6872 9763 9183 6054 5520 3082 885 9247 5164 2063 7674
3991 114 1054 6064 1302 4812 1514 2379 6872 9763 9183 6054 5520 3082 885 9247 5164 2063 7674
Error
Error
False
Error
Error
20
False
20
860 2161 6141 1894 3991 114 1054 6064 1302 4812 1514 2379 6872 9763 9183 6054 5520 3082 885
Error
Error
Error
Error
15
Error
Error
1054
Error
15
Error
6064
False
Error
15
15
Error
False
False
16
Error
Error
860 2161 6141 1894 3991 114 1054 6064 1302 4812 1514 2379 6872 1867 4026 8181
Error
860 2161 6141 1894 3991 114 1054 6064 1302 4812 1514 2379 6872 1867 4026 8181
16
860 2161 6141 1894 3991 114 1054 6064 1302 4812 1514 2379 6872 1867 4026 8181
Error
6064
Error
16
Error
Error
2161 6141 1894 3991 114 1054 6064 1302 4812 1514 2379 6872 1867 4026 11 4685
Error
Error
114
Error
2367 5442 2161 6141 1894 3991 114 1054 6064 1302 4812 1514 2379 6872
14
2367 5442 2161 6141 1894 3991 114 1054 6064 1302 4812 1514 2379 6872
False
Error
114
Error
13
Error
Error
7275 2367 5442 2161 6141 1894 3991 114 1054 6064 1302 4812 1514
Error
Error
Error
12
False
Error
1054
Error
3519 1075 164 3516 9980 4812 1302 6064 1054 114 3991 1894
Error
Error
Error
11
Error
Error
Error
7
Error
Error
Error
Error
False
False
Error
Error
False
Error
Error
Error
114
3139 3991 114 1054 6064
Error
6
8
3139
Error
Error
7
1260 6064 1054 114 3991 3139 3559
1260 6064 1054 114 3991 3139 3559
114
Error
8
Error
False
Error
Error
1260
9570 60 2649 784 2276 1260 6064 1054 114 3991 3139
9744 5816 9570 60 2649 784 2276 1260 6064 1054 114 3991 3139
Error
Error
14
2649
Error
Error
Error
Error
9570
9570
False
Error
17
False
18
False
5253 2405 8378 1394 3274 338 3525 9744 5816 9570 60 2649 784 2276 1260 6064 1054 114
18
9744
Error
False
7874 8924 6064 1260 2276 784 2649 60 9570 5816 9744 3525 338 3274 1394 8378 2405 5253
18
18
3940 7874 8924 6064 1260 2276 784 2649 60 9570 5816 9744 3525 338 3274 1394 8378 2405
60
6211 3889 8378 1394 3274 338 3525 9744 5816 9570 60 2649 784 2276 1260 6064 8924 7874 3940 3591
Error
Error
False
Error
False
23
Error
5679 2304 186 4016 3591 3940 7874 8924 6064 1260 2276 784 2649 60 9570 5816 9744 3525 338 3274 1394 8378 3889
3756 3373 5679 2304 186 4016 3591 3940 7874 8924 6064 1260 2276 784 2649 60 9570 5816 9744 3525 338 3274 1394 8378 3889
25
Error
1260
Error
24
24
False
Error
Error
24
Error
3940
Error
False
3591
Error
3940
Error
4673 1988 5816 9570 60 2649 784 2276 1260 6064 8924 7874 3940 3591 4016 186 2304 5679 3373 3756 7710 6125
Error
Error
False
Error
Error
19
3892 4673 1988 5816 9570 60 2649 784 2276 1260 6064 8924 7874 3940 3591 4016 186 2304 5679 3373
Error
2276
False
Error
24
7408 8994 2042 893 5644 3892 4673 1988 5816 9570 60 2649 784 2276 1260 6064 8924 7874 3940 3591 4016 186 2304
Error
516 7408 8994 2042 893 5644 3892 4673 1988 5816 9570 60 2649 784 2276 1260 6064 8924 7874 3940 3591 4016 186 2304
Error
Error
516 7408 8994 2042 893 5644 3892 4673 1988 5816 9570 60 2649 784 2276 1260 6064 8924 7874 3940 3591 4016
Error
Error
516 7408 8994 2042 893 5644 3892 4673 1988 5816 9570 60 2649 784 2276 1260 6064 8924 7874 3940 3591 4016
22
Error
23
Error
4626 2552 2720 5238 516 7408 8994 2042 893 5644 3892 4673 1988 5816 9570 60 2649 784 2276 1260 6064 8924 7874 3940
False
24
24
24
4673
Error
Error
Error
Error
Error
Error
False
Error
Error
22
893
2042
1148 9612 4626 2552 2720 5238 516 7408 8994 2042 893 5644 3892 4673 1988 5816 9570 60 2649 784
8751 1148 9612 4626 2552 2720 5238 516 7408 8994 2042 893 5644 3892 4673 1988 5816 9570 60 2649 784
Error
8751 1148 9612 4626 2552 2720 5238 516 7408 8994 2042 893 5644 3892 4673 1988 5816 9570 60 2649 784
Error
Error
Error
Error
False
Error
9412 6900 8751 1148 9612 4626 2552 2720 5238 516 7408 8994 2042 893 5644 3892 4673 1988 5816 9570 60 2649 784
21
60 9570 5816 1988 4673 3892 5644 893 2042 8994 7408 516 5238 2720 2552 4626 9612 1148 8751 6900
Error
Error
Error
Error
8994
17
False
False
Error
Error
3448 2103 4054 8751 1148 9612 4626 2552 2720 5238 516 7408 8994 2042 893
2552
False
Error
9612
Error
Error
False
18
Error
Error
False
18
19
2359 9258 4923 1959 1401 8449 3448 2103 4054 8751 1148 9612 4626 2552 2720 5238 516 7408 8994
Error
19
Error
Error
Error
Error
Error
False
3199 8769 9682 2359 9258 4923 1959 1401 8449 3448 2103 4054 8751 1148 9612 4626 2552 2720 5238 516 7408
3199 8769 9682 2359 9258 4923 1959 1401 8449 3448 2103 4054 8751 1148 9612 4626 2552 2720 5238 516 7408
22
Error
False
8449
Error
Error
Error
Error
Error
23
23
2112 4002 9955 8837 5429 3199 8769 9682 2359 9258 4923 1959 1401 8449 3448 2103 4054 8751 1148 9612 4626 2552 2720
False
False
False
23
Error
False
Error
Error
Error
Error
False
Error
9682
26
26
False
Error
Error
25
False
Error
Error
False
False
Error
Error
Error
1796 2351 9612 1148 8751 4054 2103 3448 8449 1401 1959 4923 9258 2359 9682 8769 3199 5429 8837 9955 4002 2112 6583 3723 145 3141 1800
9258
27
False
Error
Error
False
Error
False
1423 1796 2351 9612 1148 8751 4054 2103 3448 8449 1401 1959 4923 9258 2359 9682 8769 3199 5429 8837 9955 4002 2112 6583 3723 145 3141
Error
27
990 1497 1423 1796 2351 9612 1148 8751 4054 2103 3448 8449 1401 1959 4923 9258 2359 9682 8769 3199 5429 8837 9955 4002 2112 6583 3723
Error
Error
Error
Error
False
Error
4054
Error
Error
22
Error
Error
21
False
22
Error
2351
2351
2351
7278 4923 1959 1401 8449 3448 2103 4054 8751 1148 9612 2351 1796 1423 1497 990 3119 2791 5942 7858 7737 9538 6779
Error
Error
Error
Error
Error
9612
21
Error
Error
8751
3762 7278 4923 1959 1401 8449 3448 2103 4054 8751 1148 9612 2351 1796 1423 1497 990 3119
False
Error
18
Error
3762 7278 4923 1959 1401 8449 3448 2103 4054 8751 1148 9612 2351 1796 1423 1497 990
4054
False
Error
2103
Error
False
368 3762 7278 4923 1959 1401 8449 3448 2103 4054 8751 1148 9612 2351 1796 1423 1497
17
False
Error
3448
18
18
16
16
3448
Error
Error
Error
4334 368 3762 7278 4923 1959 1401 8449 3448 2103 4054 8751 1148 9612 2351 1796 634 5096
18
19
Error
False
Error
Error
Error
Error
5653 411 336 4334 368 3762 7278 4923 1959 1401 8449 3448 2103 4054 8751 1148 9612 2351
1959
18
Error
14
5653 411 336 4334 368 3762 7278 4923 1959 1401 8449 3448 2103 4054
5653 411 336 4334 368 3762 7278 4923 1959 1401 8449 3448 2103 4054
14
2381 5653 411 336 4334 368 3762 7278 4923 1959 1401 8449 3448 2103 4054
15
Error
Error
Error
18
Error
1756 6603 7445 2103 3448 8449 1401 1959 4923 7278 3762 368 4334 336 411 5653 2381 7729
False
1929 5345 8118 1756 6603 7445 2103 3448 8449 1401 1959 4923 7278 3762 368 4334 336 411 5653 2381 7729
Error
4445 4282 2038 1929 5345 8118 1756 6603 7445 2103 3448 8449 1401 1959 4923 7278 3762 368 4334 336 411 5653
Error
24
5653 411 336 4334 368 3762 7278 4923 1959 1401 8449 3448 2103 7445 6603 1756 8118 5345 1929 2038 4282 4445 8327
Error
Error
5653 411 336 4334 368 3762 7278 4923 1959 1401 8449 3448 2103 7445 6603 1756 8118 5345 1929 2038 4282
False
Error
Error
1959
Error
1959
Error
21
3803 755 5653 411 336 4334 368 3762 7278 4923 1959 1401 8449 3448 2103 7445 6603 1756 8118 5345
Error
Error
False
Error
Error
9319 1188 4296 3803 755 5653 411 336 4334 368 3762 7278 4923 1959 1401 8449 3448 2103 7445 6603 1756
False
Error
23
Error
Error
Error
Error
Error
Error
Error
Error
6642 3813 613 2123 7859 4643 5563 108 5707 1901 9319 1188 4296 3803 755 5653 411 336 4334 368 3762 7278 4923 1959 1401 8449 3448 2103 7445
29
False
False
Error
Error
5653
27
Error
Error
False
False
Error
4296
25
4296
Error
4296
Error
9319
Error
Error
Error
9319
6131 8630 7539 613 2123 7859 4643 5563 108 5707 1901 9319 1188 4296 3803 755 5653 411 336 4334 368 3762 7278
Error
5707
6290 1629 6131 8630 7539 613 2123 7859 4643 5563 108 5707 1901 9319 1188 4296 3803 755 5653 411 336 4334 368
6290 1629 6131 8630 7539 613 2123 7859 4643 5563 108 5707 1901 9319 1188 4296 3803 755 5653 411 336 4334 368
Error
Error
336 411 5653 755 3803 4296 1188 9319 1901 5707 108 5563 4643 7859 2123 613 7539 8630 6131 1629 6290 8451
False
Error
Error
1933 411 5653 755 3803 4296 1188 9319 1901 5707 108 5563 4643 7859 2123 613 7539 8630 6131 1629 6290 8451
False
4143 6290 1629 6131 8630 7539 613 2123 7859 4643 5563 108 5707 1901 9319 1188 4296 3803 755
4643
Error
Error
Error
4345 4143 6290 1629 6131 8630 7539 613 2123 7859 4643 5563 108 5707 1901 9319 1188 4296
False
Error
False
False
7539
8802 9268 4345 4143 6290 1629 6131 8630 7539 613 2123 7859 4643 5563 108 5707 1901
False
Error
1901 5707 108 5563 4643 7859 2123 613 7539 8630 6131 1629 6290 4143 4345 9268 8802
Error
Error
17
Error
7022 9310 1901 5707 108 5563 4643 7859 2123 613 7539 8630 6131 1629 6290 4143 4345
7859
False
18
Error
7198 7022 9310 1901 5707 108 5563 4643 7859 2123 613 7539 8630 6131 1629 6290 4143 4345
Error
19
19
19
Error
7273 2236 7243 6835 4143 6290 1629 6131 8630 7539 613 2123 7859 4643 5563 108 5707 1901 9310 7022
Error
Error
Error
6290
849 7057 2938 381 2884 7273 2236 7243 6835 4143 6290 1629 6131 8630 7539 613 2123 7859 4643 5563 108
Error
Error
Error
Error
False
Error
6835
6835
Error
4872 2882 8583 613 7539 8630 6131 1629 6290 4143 6835 7243 2236 7273 2884 381 2938 7057 849
Error
4143
Error
Error
False
Error
21
21
2567 2156 6420 1265 2410 4872 2882 8583 613 7539 8630 6131 1629 6290 4143 6835 7243 2236 7273
Error
Error
Error
17
Error
Error
Error
False
False
Error
8622 1210 5780 6835 4143 6290 1629 6131 8630 7539 613 8583 2882 4872
False
8622 1210 5780 6835 4143 6290 1629 6131 8630 7539 613 8583 2882 4872
Error
8622 1210 5780 6835 4143 6290 1629 6131 8630 7539 613 8583 2882 4872
14
Error
1629
8622 1210 5780 6835 4143 6290 1629 6131 8630 7539 613 8583 2882 4872
Error
Error
Error
14
Error
False
12
False
Error
Error
11
7520 469 9973 2882 8583 613 7539 8630 6131 1629
8583
Error
Error
Error
Error
8060 6539 3382 9538 7520 469 9973 2882 8583 613 7539 8630
False
8060 6539 3382 9538 7520 469 9973 2882 8583 613 7539 8630
469
469
9973
9973
Error
Error
469
3238 6539 3382 9538 7520 469 9973 2882 8583 613 7539 8630
3238 6539 3382 9538 7520 469 9973 2882 8583 613 7539 8630
Error
False
3382
9538
14
Error
Error
Error
Error
Error
13
7520
5349 613 8583 2882 9973 469 7520 9538 3382 6539 3238 7381 2115
Error
5349 613 8583 2882 9973 469 7520 9538 3382 6539 3238 7381 2115
Error
13
Error
1814 5866 7381 3238 6539 3382 9538 7520 469 9973 2882 8583 613
13
9538
1814 5866 7381 3238 6539 3382 9538 7520 469 9973 2882 8583 613
Error
Error
Error
Error
Error
Error
8583
8583
1037 9706 9923 3640 6495 5737 9460 613 8583 2882 9973 469 7520 9538 3382 6539 3238
Error
Error
False
Error
False
False
Error
21
Error
Error
9134 4079 4487 1037 9706 9923 3640 6495 5737 9460 613 8583 2882 9973 469 7520 9538 3382 6539 1286 5128 4769 3502
Error
23
21
Error
Error
23
Error
False
23
False
Error
Error
Error
False
Error
22
Error
Error
22
22
Error
613
Error
9460
6082 7433 9203 4487 1037 9706 9923 3640 6495 5737 9460 613 8583 2882 9973 469 7520 9538 3382 8281 7485 4286
Error
Error
Error
3382 9538 7520 469 9973 2882 8583 613 9460 5737 6495 3640 9923 9706 1037 4487 9203 7433 6082 3188 7084 7162
Error
Error
Error
Error
3382 9538 7520 469 9973 2882 8583 613 9460 5737 6495 3640 9923 9706 1037 4487 9203 7433 6082
5737
Error
Error
Error
Error
17
Error
False
Error
17
Error
Error
6495
14
5737
14
Error
Error
Error
4182 7726 4487 1037 9706 9923 3640 6495 5737 9460 613 8583 2882 9973 469
4182 7726 4487 1037 9706 9923 3640 6495 5737 9460 613 8583 2882 9973 469
4182 7726 4487 1037 9706 9923 3640 6495 5737 9460 613 8583 2882 9973 469
15
Error
9018 6614 4120 184 4182 7726 4487 1037 9706 9923 3640 6495 5737 9460 613 8583 2882
17
Error
15
Error
Error
Error
4487 1037 9706 9923 3640 6495 5737 9460 613 8583 2882 6313 5453
Error
4487 1037 9706 9923 3640 6495 5737 9460 613 8583 2882 6313 5453
13
4080 4406 5568 3191 3669 4487 1037 9706 9923 3640 6495 5737 9460 613 8583 2882
16
Error
Error
Error
17
Error
Error
9706
Error
Error
Error
False
False
Error
20
False
20
False
4080 4406 5568 3191 3669 4487 1037 9706 9923 3640 6495 5737 9460 613 8583 1792 2184 7277 8652
4080 4406 5568 3191 3669 4487 1037 9706 9923 3640 6495 5737 9460 613 8583 1792 2184 7277 8652
False
Error
Error
Error
False
Error
False
Error
Error
17
3640
Error
False
Error
Error
Error
Error
Error
Error
13
Error
14
Error
369 7068 1037 9706 9923 3640 6495 5737 9460 613 8583 1792 8769 4522
Error
Error
3640
5826 8082 4743 4074 369 7068 1037 9706 9923 3640 6495 5737 9460 613 8583 1792 8769 4522
Error
18
Error
9706
Error
Error
Error
Error
Error
20
Error
Error
False
Error
False
8192 3822 358 5826 8082 4743 4074 369 7068 1037 9706 9923 3640 6495 5737 9460 613 8583 1792 8769
Error
Error
Error
9923
False
9923
Error
Error
358 5826 8082 4743 4074 369 7068 1037 9706 9923 3640 6495 5737 9460 613 8583 1792
Error
Error
9706
False
Error
False
Error
17
Error
Error
Error
9460
9460
False
Error
Error
2592
18
Error
Error
Error
Error
3187 2338 2142 469 8048 9464 5536 3439 3670 1769 2592 4483 9460 5737 6495 3640 9923 9706
Error
4869 3187 2338 2142 469 8048 9464 5536 3439 3670 1769 2592 4483 9460 5737 6495 3640 9923 9706
Error
19
19
Error
Error
Error
Error
Error
Error
17
Error
18
Error
Error
False
5419 1864 5590 8431 6376 4869 3187 2338 2142 469 8048 9464 5536 3439 3670 1769 2592 4483 9460 5737 6495 3640
Error
False
Error
9464
22
False
False
5536
18
3439
Error
False
2290 2994 1459 8795 1266 2036 3640 6495 5737 9460 4483 2592 1769 3670 3439 5536 9464 8048 469 2142 2338 3187
Error
Error
Error
21
False
Error
4483
False
Error
2592
2592
Error
Error
23
Error
Error
Error
Error
8373 242 7264 469 8048 9464 5536 3439 3670 1769 2592 4483 9460 5737 6495 3640 2036 1266 8795 1459 2994 2290 9864 4329 8873
Error
3640
Error
False
Error
Error
Error
Error
Error
False
Error
Error
Error
False
False
Error
4329 9864 2290 2994 1459 8795 1266 2036 3640 6495 5737 9460 4483 2592 1769 3670 3439 5536 9464 1998
Error
Error
Error
Error
20
4329 9864 2290 2994 1459 8795 1266 2036 3640 6495 5737 9460 4483 2592 1769 3670 3439 5536 9464 1998
Error
Error
Error
21
2036
Error
False
False
Error
Error
2036
Error
Error
5294 5536 3439 3670 1769 2592 4483 9460 5737 6495 3640 2036 1266 8795 1459 2994 2290 9864 4329 987 6628
Error
5294 5536 3439 3670 1769 2592 4483 9460 5737 6495 3640 2036 1266 8795 1459 2994 2290 9864 4329 987
Error
False
Error
Error
20
2036
False
False
Error
1266
1459
1459
1459
Error
19
Error
False
8795
19
Error
9368 2592 4483 9460 5737 6495 3640 2036 1266 8795 1459 2994 2290 9864 4329 987 4337 2856 1318
1266
9368 2592 4483 9460 5737 6495 3640 2036 1266 8795 1459 2994 2290 9864 4329 987 4337 2856
False
Error
3325 9368 2592 4483 9460 5737 6495 3640 2036 1266 8795 1459 2994 2290 9864 4329 987 4337
Error
Error
Error
Error
2036
Error
Error
Error
8825 987 4329 9864 2290 2994 1459 8795 1266 2036 3640 6495 5737 9460 4483 2592 9368 3325 3749
Error
Error
20
20
Error
21
21
Error
Error
865 840 8825 987 4329 9864 2290 2994 1459 8795 1266 2036 3640 6495 5737 9460 4483 2592 9368 3325 3749
865 840 8825 987 4329 9864 2290 2994 1459 8795 1266 2036 3640 6495 5737 9460 4483 2592 9368 3325 3749
8795
22
1459
Error
Error
Error
Error
593 4483 9460 5737 6495 3640 2036 1266 8795 1459 2994 2290 9864 4329 987 8825 840 865 5804 8063 7044 12 8791
Error
1459
Error
Error
False
19
Error
Error
4483 9460 5737 6495 3640 2036 1266 8795 1459 2994 2290 9864 4329 987 8825 840 865 5804 8063
Error
False
Error
False
Error
8795
Error
Error
9750 4509 4483 9460 5737 6495 3640 2036 1266 8795 1459 2994 2290 9864 4329 987 8825 840 865
Error
9750 4509 4483 9460 5737 6495 3640 2036 1266 8795 1459 2994 2290 9864 4329 987 8825 840 865
9750 4509 4483 9460 5737 6495 3640 2036 1266 8795 1459 2994 2290 9864 4329 987 8825 840
Error
Error
9350 1898 9750 4509 4483 9460 5737 6495 3640 2036 1266 8795 1459 2994 2290 9864 4329 987 8825 840
Error
Error
Error
20
Error
3640
Error
Error
1534 3679 9350 1898 9750 4509 4483 9460 5737 6495 3640 2036 1266 8795 1459 2994 2290 9864 4329 987 8825
False
Error
Error
585 1992 4302 8542 1534 3679 9350 1898 9750 4509 4483 9460 5737 6495 3640 2036 1266 8795 1459 2994 2290 9864 4329
9460
Error
False
Error
Error
Error
21
21
5481 3388 9321 585 1992 4302 8542 1534 3679 9350 1898 9750 4509 4483 9460 5737 6495 3640 2036 1266 8795 1459 2994
23
False
5481 3388 9321 585 1992 4302 8542 1534 3679 9350 1898 9750 4509 4483 9460 5737 6495 3640 2036 1266 8795 1459 2994
1898
9350
24
Error
False
1534
1534
False
Error
Error
Error
24
Error
Error
4302
Error
Error
Error
Error
Error
Error
4302
Error
24
Error
Error
Error
Error
1534
Error
26
Error
Error
Error
22
Error
3679
Error
False
5159 8198 471 9346 1460 9460 4483 4509 9750 1898 9350 3679 1534 8542 4302 1992 585 9321 3388 5481 2185 2477 649
Error
Error
False
Error
False
Error
9720 1655 5159 8198 471 9346 1460 9460 4483 4509 9750 1898 9350 3679 1534 8542 4302 1992 585 9321 8739 3388 5481
22
Error
Error
Error
False
21
3679
Error
False
Error
Error
6906 5604 1445 1963 8184 3388 8739 9321 585 1992 4302 8542 1534 3679 9350 1898 9750 4509 4483 9460 1460
4302
Error
4302
False
2575 1963 8184 3388 8739 9321 585 1992 4302 8542 1534 3679 9350 1898 9750 4509 4483 9460
19
2347 2575 1963 8184 3388 8739 9321 585 1992 4302 8542 1534 3679 9350 1898 9750 4509 4483 9460
19
4302
Error
22
8417 6735 5767 237 2347 2575 1963 8184 3388 8739 9321 585 1992 4302 8542 1534 3679 9350 1898 9750 4509 4483
8417 6735 5767 237 2347 2575 1963 8184 3388 8739 9321 585 1992 4302 8542 1534 3679 9350 1898 9750 4509 4483
Error
Error
Error
False
Error
Error
Error
Error
False
Error
8184
24
Error
Error
Error
7174 1898 9350 3679 1534 8542 4302 1992 585 9321 8739 3388 8184 1963 2575 2347 237 5767 6735 8417 7096 6264 1618 3129 9564
False
Error
Error
Error
3388
Error
Error
Error
6037 2639 8683 4291 7250 7174 1898 9350 3679 1534 8542 4302 1992 585 9321 8739 3388 8184 1963 2575 2347 237 5767 6735 8417 7096
Error
Error
Error
26
Error
Error
Error
Error
Error
Error
3380 4130 6662 6037 2639 8683 4291 7250 7174 1898 9350 3679 1534 8542 4302 1992 585 9321 8739 3388 8184 1963 2575 2347 237 5767 450
Error
Error
237 2347 2575 1963 8184 3388 8739 9321 585 1992 4302 8542 1534 3679 9350 1898 7174 7250 4291 8683 2639 6037 6662 4130 3380 826 9407 7135
237 2347 2575 1963 8184 3388 8739 9321 585 1992 4302 8542 1534 3679 9350 1898 7174 7250 4291 8683 2639 6037 6662 4130 3380 826 9407 7135
3679
29
7135 9407 826 3380 4130 6662 6037 2639 8683 4291 7250 7174 1898 9350 3679 1534 8542 4302 1992 585 9321 8739 3388 8184 1963 2575 2347 237 7051
30
False
9350
Error
30
Error
Error
Error
Error
Error
32
32
Error
Error
Error
False
Error
Error
Error
Error
False
Error
Error
Error
Error
6926 9817 645 9862 3250 6362 8279 7051 237 2347 2575 1963 8184 3388 8739 9321 585 1992 4302 8542 1534 3679 9350 1898 7174 7250 4291 8683 2639 6037 6662 4130 3380 826 9407 7135 9853
False
Error
4302
9853 7135 9407 826 3380 4130 6662 6037 2639 8683 4291 7250 7174 1898 9350 3679 1534 8542 4302 1992 585 9321 8739 3388 8184 1963 2575 2347 237 7051 8279 6362 3250 9862 645 9817 6926 1068
False
Error
Error
Error
Error
False
4302
Error
Error
Error
Error
Error
41
False
41
False
Error
3388
Error
False
Error
Error
Error
40
Error
Error
Error
Error
Error
Error
Error
Error
9321
40
37
Error
False
585
Error
Error
Error
Error
Error
4451 5167 1811 7031 826 3380 4130 6662 6037 2639 8683 4291 7250 7174 1898 9350 3679 1534 8542 4302 1992 585 9321 8739 3388 8184 1963 2575 2347 237 7051 8279 6362 3250 9862 645 9817 6926 6904 6246
False
40
4302
Error
Error
Error
Error
8542
1992
35
1992
35
False
Error
5149 7031 826 3380 4130 6662 6037 2639 8683 4291 7250 7174 1898 9350 3679 1534 8542 4302 1992 585 9321 8739 3388 8184 1963 2575 2347 237 7051 8279 6362 3250 9862 645 9817 6926 110
Error
777 7137 110 6926 9817 645 9862 3250 6362 8279 7051 237 2347 2575 1963 8184 3388 8739 9321 585 1992 4302 8542 1534 3679 9350 1898 7174 7250 4291 8683 2639 6037 6662 4130 3380 826 7031 5149
False
False
777 7137 110 6926 9817 645 9862 3250 6362 8279 7051 237 2347 2575 1963 8184 3388 8739 9321 585 1992 4302 8542 1534 3679 9350 1898 7174 7250 4291 8683 2639 6037 6662 4130 3380 826 7031 5149
1992
False
38
Error
Error
39
Error
2191 5104 5149 7031 826 3380 4130 6662 6037 2639 8683 4291 7250 7174 1898 9350 3679 1534 8542 4302 1992 585 9321 8739 3388 8184 1963 2575 2347 237 7051 8279 6362 3250 9862 645 9817 6926
2191 5104 5149 7031 826 3380 4130 6662 6037 2639 8683 4291 7250 7174 1898 9350 3679 1534 8542 4302 1992 585 9321 8739 3388 8184 1963 2575 2347 237 7051 8279 6362 3250 9862 645 9817 6926
8542
8542
1534
Error
6291 3503 2191 5104 5149 7031 826 3380 4130 6662 6037 2639 8683 4291 7250 7174 1898 9350 3679 1534 8542 4302 1992 585 9321 8739 3388 8184 1963 2575 2347 237 7051 8279 6362 3250 9862 645
Error
39
False
Error
False
41
Error
1898
False
Error
Error
3667 7692 301 6589 6083 1677 6291 3503 2191 5104 5149 7031 826 3380 4130 6662 6037 2639 8683 4291 7250 7174 1898 9350 3679 1534 8542 4302 1992 585 9321 8739 3388 8184 1963 2575 2347 237 7051 8279 6362 3250
Error
Error
8683
1020 3294 4273 3667 7692 301 6589 6083 1677 6291 3503 2191 5104 5149 7031 826 3380 4130 6662 6037 2639 8683 4291 7250 7174 1898 9350 3679 1534 8542 4302 1992 585 9321 8739 3388 8184 1963 2575 2347 237 7051 8279 6362
Error
Error
Error
8683
44
Error
4045 1825 1020 3294 4273 3667 7692 301 6589 6083 1677 6291 3503 2191 5104 5149 7031 826 3380 4130 6662 6037 2639 8683 4291 7250 7174 1898 9350 3679 1534 8542 4302 1992 585 9321 8739 3388 8184 1963 2575 2347 237 7051 8279 6362
Error
2639
Error
2639
False
Error
Error
4130
Error
Error
Error
6662
6662
Error
6662
Error
Error
Error
False
797 9103 2575 1963 8184 3388 8739 9321 585 1992 4302 8542 1534 3679 9350 1898 7174 7250 4291 8683 2639 6037 6662 4130 3380 826 7031 5149 5104 2191 3503 6291 1677 6083 6589 301 7692 3667 4273 3294
False
Error
Error
Error
Error
Error
Error
7174
False
7250
4140 6589 6083 1677 6291 3503 2191 5104 5149 7031 826 3380 4130 6662 6037 2639 8683 4291 7250 7174 1898 9350 3679 1534 8542 4302 1992 585 9321 8739 3388 8184 1963 2575
35
Error
False
37
Error
204 4658 2836 8141 4140 6589 6083 1677 6291 3503 2191 5104 5149 7031 826 3380 4130 6662 6037 2639 8683 4291 7250 7174 1898 9350 3679 1534 8542 4302 1992 585 9321 8739 3388 8184 1963
Error
Error
Error
7010 3795 5366 204 4658 2836 8141 4140 6589 6083 1677 6291 3503 2191 5104 5149 7031 826 3380 4130 6662 6037 2639 8683 4291 7250 7174 1898 9350 3679 1534 8542 4302 1992 585 9321 8739
Error
False
Error
Error
Error
Error
Error
826
Error
Error
False
Error
4629 7010 3795 5366 204 4658 2836 8141 4140 6589 6083 1677 6291 3503 2191 5104 5149 7031 826 3380 4130 6662 6037 2639 8683 4291 7250 7174 1898 9350 3679 1534 8542 4302 1992 585
Error
False
5104
Error
5476 3655 6823 4629 7010 3795 5366 204 4658 2836 8141 4140 6589 6083 1677 6291 3503 2191 5104 5149 7031 826 3380 4130 6662 6037 2639 8683 4291 7250 7174 1898 9350 3679
Error
Error
Error
34
34
Error
4507 4561 5799 5476 3655 6823 4629 7010 3795 5366 204 4658 2836 8141 4140 6589 6083 1677 6291 3503 2191 5104 5149 7031 826 3380 4130 6662 6037 2639 8683 4291 7250 7174 1898 9350 3679
Error
6083
Error
False
Error
Error
9919 4507 4561 5799 5476 3655 6823 4629 7010 3795 5366 204 4658 2836 8141 4140 6589 6083 1677 6291 3503 2191 5104 5149 7031 826 3380 4130 6662 6037 2639 8683 4291
False
Error
31
Error
Error
Error
1183 7283 6662 4130 3380 826 7031 5149 5104 2191 3503 6291 1677 6083 6589 4140 8141 2836 4658 204 5366 3795 7010 4629 6823 3655 5476 5799 4561 4507
6589
29
6083
Error
Error
Error
Error
Error
Error
31
Error
1514 3969 5607 1384 8259 4414 5963 1183 7283 6662 4130 3380 826 7031 5149 5104 2191 3503 6291 1677 6083 6589 4140 8141 2836 4658 204 5366 3795 7010
1514 3969 5607 1384 8259 4414 5963 1183 7283 6662 4130 3380 826 7031 5149 5104 2191 3503 6291 1677 6083 6589 4140 8141 2836 4658 204 5366 3795 7010
Error
Error
4032 1514 3969 5607 1384 8259 4414 5963 1183 7283 6662 4130 3380 826 7031 5149 5104 2191 3503 6291 1677 6083 6589 4140 8141 2836 4658 204 5366
6513 5366 204 4658 2836 8141 4140 6589 6083 1677 6291 3503 2191 5104 5149 7031 826 3380 4130 6662 7283 1183 5963 4414 8259 1384 5607 3969 1514
5104
5104
5104
Error
Error
Error
Error
28
7277 6513 5366 204 4658 2836 8141 4140 6589 6083 1677 6291 3503 2191 5104 5149 7031 826 3380 4130 6662 7283 1183 5963 4414 8259 1384 5607
Error
Error
Error
False
False
Error
Error
Error
Error
Error
Error
28
4510 5366 204 4658 2836 8141 4140 6589 6083 1677 6291 3503 2191 5104 5149 7031 826 3380 4130 6662 7283 1183 5963 4414 8259 1384 5607 2716 5045
Error
4510 5366 204 4658 2836 8141 4140 6589 6083 1677 6291 3503 2191 5104 5149 7031 826 3380 4130 6662 7283 1183 5963 4414 8259 1384 5607 2716
28
False
Error
False
False
Error
False
8259 4414 5963 1183 7283 6662 4130 3380 826 7031 5149 5104 2191 3503 6291 1677 6083 6589 4140 8141 2836 4658 204 5366 4510 4254
Error
25
Error
25
4535 4510 5366 204 4658 2836 8141 4140 6589 6083 1677 6291 3503 2191 5104 5149 7031 826 3380 4130 6662 7283 1183 5963 4414 8259
3503
Error
Error
Error
Error
Error
6291
Error
6291
False
Error
Error
Error
25
25
3503
24
3503
Error
3503
Error
3503
8941 1183 7283 6662 4130 3380 826 7031 5149 5104 2191 3503 6291 1677 6083 6589 4140 8141 2836 4658 204 5366 4510
3503
Error
Error
Error
Error
Error
7805 4510 5366 204 4658 2836 8141 4140 6589 6083 1677 6291 3503 2191 5104 5149 7031 826 3380 4130 6662 7283
21
Error
Error
Error
Error
1677
20
Error
False
Error
18
3503
Error
Error
Error
Error
Error
Error
383 4130 3380 826 7031 5149 5104 2191 3503 6291 1677 6083 6589 4140 8141 2836 4658 204
Error
False
False
3503
Error
Error
Error
Error
6291
Error
Error
2191
Error
2191
Error
5693 8141 4140 6589 6083 1677 6291 3503 2191 5104 5149 7031 826 3380 4130 7756
3402 5693 8141 4140 6589 6083 1677 6291 3503 2191 5104 5149 7031 826 3380 4130
Error
5365 3402 5693 8141 4140 6589 6083 1677 6291 3503 2191 5104 5149 7031 826
Error
Error
Error
Error
Error
15
Error
Error
Error
Error
Error
False
Error
Error
Error
Error
Error
Error
Error
Error
Error
4140
Error
Error
2878 3636 4660 8012 9424 5752 5370 5365 3402 5693 8141 4140 6589 6083 1677 6291 3503 2191 5104
Error
Error
5104 2191 3503 6291 1677 6083 6589 4140 8141 5693 3402 5365 5370 5752 9424 8012 4660 3636 2878
5104 2191 3503 6291 1677 6083 6589 4140 8141 5693 3402 5365 5370 5752 9424 8012 4660 3636 2878
5104 2191 3503 6291 1677 6083 6589 4140 8141 5693 3402 5365 5370 5752 9424 8012 4660 3636 2878
Error
6589
Error
6589
18
6589
False
False
Error
19
Error
False
Error
Error
1677
Error
5752 5370 5365 3402 5693 8141 4140 6589 6083 1677 6291 3503 2191 5104 4188 8212 4852 6147 4075 7771
Error
Error
6083
6083
Error
17
False
17
Error
1677
False
8993 1767 4852 8212 4188 5104 2191 3503 6291 1677 6083 6589 4140 8141 5693 3402 5365
False
Error
6698 8993 1767 4852 8212 4188 5104 2191 3503 6291 1677 6083 6589 4140 8141 5693 3402
Error
Error
Error
4852 8212 4188 5104 2191 3503 6291 1677 6083 6589 4140 8141 5693 3402 4845
Error
17
4145 5693 8141 4140 6589 6083 1677 6291 3503 2191 5104 4188 8212 4852 8645 951 2078
17
2191
19
Error
8985 8561 2078 951 8645 4852 8212 4188 5104 2191 3503 6291 1677 6083 6589 4140 8141 5693
18
5693 8141 4140 6589 6083 1677 6291 3503 2191 5104 4188 8212 4852 8645 951 2078 8561
2191
False
Error
Error
239 2254 2078 951 8645 4852 8212 4188 5104 2191 3503 6291 1677 6083 6589 4140 8141
239 2254 2078 951 8645 4852 8212 4188 5104 2191 3503 6291 1677 6083 6589 4140 8141
Error
17
Error
17
2191
19
Error
False
Error
Error
Error
Error
False
6589
False
4140
8865 3480 5273 1307 394 9051 5798 4445 8141 4140 6589 6083 1677 6291 3503 2191 5104 4188 8212 4852
Error
Error
16
6083
6083
Error
Error
Error
Error
3372 3329 5879 8791 4188 5104 2191 3503 6291 1677 6083 6589 4140 8141 4445 5798 9051
Error
6083
16
6589
False
16
Error
False
False
16
Error
9122 531 3433 9564 9051 5798 4445 8141 4140 6589 6083 1677 6291 3503 2191 5104 4188
4140
Error
Error
Error
Error
Error
9734 3770 3383 8052 9122 531 3433 9564 9051 5798 4445 8141 4140 6589 6083 1677 6291 3503
False
5798
18
Error
6245 3503 6291 1677 6083 6589 4140 8141 4445 5798 9051 9564 3433 531 9122 8052 3383
False
Error
18
9186 6245 3503 6291 1677 6083 6589 4140 8141 4445 5798 9051 9564 3433 531 9122 8052
17
18
False
Error
False
Error
17
Error
Error
False
16
False
2195 9186 6245 3503 6291 1677 6083 6589 4140 8141 4445 5798 9051 9564 3433
False
False
Error
Error
1249 8058 9473 2195 9186 6245 3503 6291 1677 6083 6589 4140 8141
Error
12
Error
13
7485 4140 6589 6083 1677 6291 3503 6245 9186 2195 9473 8058 1249
3503
Error
Error
Error
False
13
Error
Error
6083 1677 6291 3503 6245 9186 2195 9473 8058 1249 113
Error
9186
8
6245
8
False
Error
6245
Error
Error
Error
Error
Error
Error
False
Error
Error
Error
Error
Error
4
392 6291 3503 6245
Error
Error
4
Error
Error
Error
3
Error
Error
False
4
2232
False
Error
Error
392
False
Error
Error
Error
6
2535 933 3095 2232 6291
Error
5
False
Error
5
6
566
False
9502 5364 566 5501 2232 3095
False
Error
Error
3447 9502 5364 566 5501 2232
Error
Error
3447 9502 5364 566 5501 2232
6663 3447 9502 5364 566 5501 2232
5364
2232 5501 566 5364 9502 3447 6663
5230 2232 5501 566 5364 9502 3447 6663
5230 2232 5501 566 5364
5230 2232 5501 566 5364
Error
6294 5230 2232 5501 566 5364
6294 5230 2232 5501 566 5364
Error
5
6
Error
Error
False
Error
Error
Error
5067
Error
3450 1526 4830 2820 5067 848
5
False
Error
Error
912
4830 1526 3450 912 2726 8791
False
Error
False
False
Error
Error
Error
Error
Error
Error
Error
Error
False
Error
Error
3450
5315 9156 2407 912 3450 1526 4830 8001 8396
Error
Error
Error
1526
Error
False
False
10
4830
Error
Error
Error
Error
Error
False
Error
Error
Error
Error
Error
2290
7
3936 3898 489 2290 9132 7098
Error
Error
9132
9132
Error
9
7098
Error
13
1028
15
Error
1028
1028
Error
4085 9571 5903 8177 1085 2122 9096 1028 5459 7098 9132 2290 489 3898
4728 4085 9571 5903 8177 1085 2122 9096 1028 5459 7098 9132 2290 489
Error
False
Error
123 9840 4728 4085 9571 5903 8177 1085 2122 9096 1028 5459 7098 9132 2290
False
Error
Error
Error
Error
17
4338 6357 123 9840 4728 4085 9571 5903 8177 1085 2122 9096 1028 5459 7098 9132 2290 5280
False
Error
False
4453 2941 75 4338 6357 123 9840 4728 4085 9571 5903 8177 1085 2122 9096 1028 5459 7098 9132 2290 5280
4453 2941 75 4338 6357 123 9840 4728 4085 9571 5903 8177 1085 2122 9096 1028 5459 7098 9132 2290
4085
2069 4453 2941 75 4338 6357 123 9840 4728 4085 9571 5903 8177 1085 2122 9096 1028 5459 7098
2069 4453 2941 75 4338 6357 123 9840 4728 4085 9571 5903 8177 1085 2122 9096 1028 5459 7098
Error
Error
19
Error
Error
7018 5459 1028 9096 2122 1085 8177 5903 9571 4085 4728 9840 123 6357 4338 75 2941 4453
Error
17
5903
Error
Error
Error
14
9571
False
Error
Error
Error
Error
Error
1085
Error
Error
7883 8574 4728 4085 9571 5903 8177 1085 2122 9096 1028 5459 7921
False
8177
13
Error
12
Error
False
9
Error
Error
False
Error
11
Error
11
1085
Error
Error
Error
5903
Error
Error
Error
Error
Error
False
8177 5903 8002 2536 1467 322 2061 8623 8514 6128 9494
Error
2536
7647 431 8177 5903 8002 2536 1467 322 2061 8623 8514 6128
Error
Error
Error
Error
Error
Error
15
Error
False
15
9649 9936 3900 3760 2136 5501 4216 2648 224 431 8177 5903 8002 2536 1467
Error
5501
5501
16
Error
16
5328 804 2911 8002 5903 8177 431 224 2648 4216 5501 2136 3760 3900 9936 9649 9064 5796
18
Error
224
Error
4216
14
Error
Error
7061 1414 2911 8002 5903 8177 431 224 2648 4216 5501 2136 3760 3900
False
Error
Error
Error
5903
12
Error
5903
Error
Error
Error
Error
False
False
Error
4216 2648 224 431 8177 5903 8002
False
Error
Error
6
8002 5903 8177 431 224 2648
Error
Error
4
8177
Error
Error
Error
8177
3
Error
3
Error
3559 2040 431 8177
Error
Error
Error
0

Empty
Error
Empty
0
Empty
0
Error
Empty
Error
Empty
Empty
Error
Error
2606 3598 3254
Error
Error
Error
Error
2606
8802 5952 2606 3598 3254
6
Error
8802
6093 7452 8504 8802 5952 2606 3598 3254
8
Error
Error
Error
3008 4262 721 3254 3598 2606 5952 8802 8504 7452 6093
Error
False
Error
False
10
Error
False
Error
3598
8504 8802 5952 2606 3598 3254 721 4262 3008 772
Error
1591 8504 8802 5952 2606 3598 3254 721 4262 3008 772 9050
3598
False
Error
False
3875 1591 8504 8802 5952 2606 3598 3254 721 4262 3008 772 9050
Error
False
3875 1591 8504 8802 5952 2606 3598 3254 721 4262 3008 772 9050
3875 1591 8504 8802 5952 2606 3598 3254 721 4262 3008 772 9050
Error
False
Error
3875 1591 8504 8802 5952 2606 3598 3254 721 4262 3008 772 9050
False
12
Error
5869 9050 772 3008 4262 721 3254 3598 2606 5952 8802 8504
Error
721
721
Error
Error
Error
2007 8802 5952 2606 3598 3254 721 4262 3008 772 9050 5869
7340 2007 8802 5952 2606 3598 3254 721 4262 3008 772 9050 5869
2606
2606
Error
3598
False
9
False
5142 1956 3008 4262 721 3254 3598 2606 5952 8802 2007
False
False
False
6858 5593 5142 1956 3008 4262 721 3254 3598 2606 5952 8802 2007
12
11
Error
False
10
Error
False
1956
Error
11
883 9382 6858 5593 5142 1956 3008 4262 721 3254 3598
Error
4416 2231 5119 883 9382 6858 5593 5142 1956 3008 4262 721
Error
4416 2231 5119 883 9382 6858 5593 5142 1956 3008 4262
6356 3674 4416 2231 5119 883 9382 6858 5593 5142 1956 3008 4262
Error
False
3152 8997 6356 3674 4416 2231 5119 883 9382 6858 5593 5142
9
Error
Error
Error
9
Error
Error
8
False
Error
Error
2495 978 255 7591 3152 8997 6356
8036 7750 9267 2495 978 255 7591 3152 8997
978
Error
978
8036 7750 9267 2495 978 255 7591 3152 8997
False
False
Error
6
9017 7750 9267 2495 978 255 7591
Error
Error
978
8
Error
Error
False
9
False
9267
Error
2495
Error
False
978
255
Error
Error
Error
Error
Error
Error
Error
3
False
Error
Error
5825 4264
6100 5825 4264
6100
Error
Error
Error
Error
9395
9395
4177
False
Error
False
4
3
Error
False
3 1730 6447 2032
False
Error
3 1730 6447 2032
3 1730 6447 2032
1730
Error
Error
1730
Error
Error
Error
Error
1641 3534 3294 6447 1730
Error
Error
Error
1641
Error
Error
Error
3
Error
3
Error
4955
Error
Error
319
Error
Error
319
2355 319 6103
Error
Error
False
6103 319
6103 319
6103
2
6103
6103
Error
Error
4
False
770 5502 6103 319
5502
770
Error
1
2967
Error
Empty
Empty

Error
0
Error

Error
Empty
Empty

5799
5799
Error
4097 5799
2
0
True
Empty
Empty
0
Empty
Error
Error

Error
Error
Empty
False
Error
Error
2
2
8070
Error
98 9901
98
2
False
Error
Error
Error
Error
6508
Error
Error

Error
Error
Error
False
Empty
Error
Empty
0
Error
Empty
0
True
Empty
Error
Empty
Empty

Empty

Error
False
Error
2236
Error
Error
Error
5566
False
2236 5566 9342
Error
5566
Error
Error
Error
Error
9234 9981 5566 2236 2200
6
False
Error
7431 2200 2236 5566 9981 9234 4467
Error
2236
2236
Error
False
5449 5566 2236 2200
False
3
Error
Error
Error
Error
2383 5449 5566
374 6411 6278 2383 5449 5566
Error
Error
8045
Error
11
Error
False
False
10
2584 3939 7156 7370 6637 9405 8045 374 6411 6278
Error
2584 3939 7156 7370 6637 9405 8045 374 6411
9
6637
Error
Error
2584 3939 7156 7370 6637 9405 8045 374
7
8614 2181 5438 2584 3939 7156 7370
5314 3788 8614 2181 5438 2584 3939 7156 7370
Error
6807 5314 3788 8614 2181 5438 2584 3939 7156 7370
2181
Error
7829 1906 7370 7156 3939 2584 5438 2181 8614 3788 5314 6807 9148 6298
Error
9148 6807 5314 3788 8614 2181 5438 2584 3939 7156 7370 1906 7829
5438
2181
False
Error
False
Error
3125 7477 9148 6807 5314 3788 8614 2181 5438 2584 3939 7156 7370 1906
Error
14
1906 7370 7156 3939 2584 5438 2181 8614 3788 5314 6807 9148 7477 3125
Error
1906 7370 7156 3939 2584 5438 2181 8614 3788 5314 6807 9148 7477 3125
2181
Error
1906 7370 7156 3939 2584 5438 2181 8614 3788 5314 6807 9148 7477
14
5438
Error
Error
7477 9148 6807 5314 3788 8614 2181 5438 2584 3939 7156 7370 1906 172 5709
7477 9148 6807 5314 3788 8614 2181 5438 2584 3939 7156 7370 1906 172 5709
False
Error
False
Error
Error
5709 172 1906 7370 7156 3939 2584 5438 2181 8614 3788 5314 6807 9148
Error
Error
8305 5709 172 1906 7370 7156 3939 2584 5438 2181 8614 3788 5314
Error
Error
Error
1605 1592 5314 3788 8614 2181 5438 2584 3939 7156 7370 1906
Error
Error
Error
Error
8614
Error
12
False
12
3788
8499 7680 1869 1605 1592 5314 3788 8614 2181 5438 2584 3939
Error
1592
13
1605
8305 5438 2181 8614 3788 5314 1592 1605 1869 7680 8499 8281 3964 557
13
False
8305 5438 2181 8614 3788 5314 1592 1605 1869 7680 8499 8281
Error
False
722 3660 8305 5438 2181 8614 3788 5314 1592 1605 1869 7680 8499
Error
Error
6592 3697 3351 722 3660 8305 5438 2181 8614 3788 5314 1592 1605 1869 7680
False
Error
2181
Error
2179 6592 3697 3351 722 3660 8305 5438 2181 8614 3788 5314 1592 1605 1869 7680
Error
Error
Error
16
7680 1869 1605 1592 5314 3788 8614 2181 5438 8305 3660 722 3351 3697 6592 2179
Error
17
Error
Error
False
