Empty
False
Error
2892
Error
Error
Error
2892
Error
False
Error
9275 2769
9275
Error
Error
Error
True
Error
0

Error
Error
Empty
Empty
Empty
Error
Error
6712
6712 1026
6712
False
Error
Error
True
True
Empty
Empty
Empty
2
Error
5210 9240
5210 9240
Error
8 6013 4334 5210 9240
Error
Error
4
False
Error
Error
Error
False
Error
Error
10
Error
Error
Error
False
Error
1298 4258 3084 9043 605 1890 4334 6013 8 387
Error
605
11
Error
2412 1298 4258 3084 9043 605 1890 4334 6013 8 387
3855 2412 1298 4258 3084 9043 605 1890 4334 6013
Error
Error
Error
Error
11
12
Error
Error
4408 1778 3855 2412 1298 4258 3084 9043 605 1890 5478
Error
Error
Error
Error
9043
6453 6315 5478 1890 605 9043 3084 4258 1298 2412 3855
9043
9
False
False
4258 3084 9043 605 1890 5478 6315 6453
Error
9
Error
Error
Error
Error
Error
Error
9
9043
False
4258
Error
8
Error
7
Error
7204
Error
False
4074
8
3069
Error
Error
False
False
Error
False
Error
False
3069
Error
Error
Error
10
3084
Error
False
Error
Error
Error
Error
3514 6355 6501 6959 5823 382 3084 4258
Error
Error
Error
False
Error
Error
Error
Error
False
Error
8
8
Error
False
False
Error
251
3514
4896 6501 6355 3514 251 30 4027
4896 6501 6355 3514 251 30 4027
False
Error
False
Error
False
6727 576 4027 30 251
Error
4
Error
False
Error
6309 251 30 4027
251
3
Error
4
Error
Error
False
Error
2
9407
3783

Error
0
Error
Error
Empty
Error
Error
Empty
True
Error
Empty
1
1
3246 4037
Error
Empty
Empty

0
7106

Empty
Error
0
True
1
True
Empty

Error
Error
1
Error
Error
Error
7941 3364 9085
False
Error
Error

Error
False
Error
Error
8758 6488 9873 6856 5864
Error
4
Error
Error
Error
False
5573 6856 9873
5573 6856 9873
Error
4463
Error
5
5
Error
Error
Error
Error
Error
Error

Empty

1
7538
7538 5565
7538
False
Error
False
Error
6818
1290 6818 7538
False
Error
Error
5
Error
Error
Error
Error
Error
1164 5393 528 6472 7745 6051 5566 6818 1290 7262
9
Error
Error
7071 5594 1164 5393 528 6472 7745 6051 5566 6818
Error
12
12
Error
5393
Error
11
5594
False
Error
6
Error
103
103
Error
Error
False
1032
Error
9
Error
Error
Error
Error
9
Error
2506 5324 7950 103 1032 6344 9026 1213 9001
Error
10
False
Error
False
Error
Error
False
False
Error
7263 7950 103 1032 6344 9026 1213 9001 3330 9063 3286
Error
Error
Error
False
7950
14
Error
Error
Error
682
Error
Error
Error
False
False
False
Error
Error
Error
1032
925 8492 4111 9194 6396 7623 845 7247 6028 634 9026 6344 1032 103 7950 7263 682 204 110 7054 5961 3321
634
Error
Error
21
Error
Error
False
1538 7054 110 204 682 7263 7950 103 1032 6344 9026 634 6028 7247 845 7623 6396 9194 4111 8492 925 4095 2238
Error
Error
False
Error
Error
False
False
2776 1538 7054 110 204 682 7263 7950 103 1032 6344 9026 634 6028 7247 845 7623 6396 9194 4111 8492 925 4095
Error
Error
Error
Error
8854 6117 2776 1538 7054 110 204 682 7263 7950 103 1032 6344 9026 634 6028 7247 845 7623 6396 9194 4111 8492 925
8854 6117 2776 1538 7054 110 204 682 7263 7950 103 1032 6344 9026 634 6028 7247 845 7623 6396 9194 4111 8492
3388 8854 6117 2776 1538 7054 110 204 682 7263 7950 103 1032 6344 9026 634 6028 7247 845 7623 6396 9194 4111 8492
Error
Error
Error
22
22
Error
Error
Error
Error
Error
Error
Error
False
False
Error
Error
Error
False
Error
7054 110 204 682 7263 7950 103 1032 6344 9026 634 6028 7247 845 7623 6396 9194 4111 5919 2544 3821 1234
22
Error
Error
False
6264 7054 110 204 682 7263 7950 103 1032 6344 9026 634 6028 7247 845 7623 6396 9194 4111 5919 2544 3821 1234
6264 7054 110 204 682 7263 7950 103 1032 6344 9026 634 6028 7247 845 7623 6396 9194 4111 5919 2544 3821 1234
Error
Error
22
False
False
21
4092 2544 5919 4111 9194 6396 7623 845 7247 6028 634 9026 6344 1032 103 7950 7263 682 204 110 7054 6264
634
634
23
4556 4092 2544 5919 4111 9194 6396 7623 845 7247 6028 634 9026 6344 1032 103 7950 7263 682 204 110 7054
Error
23
Error
5265 468 4556 4092 2544 5919 4111 9194 6396 7623 845 7247 6028 634 9026 6344 1032 103 7950 7263 682 204
845
Error
Error
26
Error
1113 6844 4996 204 682 7263 7950 103 1032 6344 9026 634 6028 7247 845 7623 6396 9194 4111 5919 2544 4092 4556 468 5265 3697 5531 2788
29
2076 9284 1113 6844 4996 204 682 7263 7950 103 1032 6344 9026 634 6028 7247 845 7623 6396 9194 4111 5919 2544 4092 4556 468 5265 3697
28
28
Error
28
Error
5271 8940 3697 5265 468 4556 4092 2544 5919 4111 9194 6396 7623 845 7247 6028 634 9026 6344 1032 103 7950 7263 682 204 4996 6844 1113
Error
False
Error
845
845
Error
7623
Error
Error
845
845
False
Error
Error
Error
8733 6937 4996 204 682 7263 7950 103 1032 6344 9026 634 6028 7247 845 7623 6396 9194 4111 5919 2544 4092 4556 468 5265 3697 8940 5271 3881 7433
8733 6937 4996 204 682 7263 7950 103 1032 6344 9026 634 6028 7247 845 7623 6396 9194 4111 5919 2544 4092 4556 468 5265 3697 8940 5271 3881 7433
Error
845
Error
Error
Error
8733 6937 4996 204 682 7263 7950 103 1032 6344 9026 634 6028 7247 845 7623 6396 9194 4111 5919 2544 4092 4556 468 5265 3697 8940 5271 3881 7433 3841
Error
Error
7211 4879 8733 6937 4996 204 682 7263 7950 103 1032 6344 9026 634 6028 7247 845 7623 6396 9194 4111 5919 2544 4092 4556 468 5265 3697 8940 5271 3881 7433
Error
Error
7211 4879 8733 6937 4996 204 682 7263 7950 103 1032 6344 9026 634 6028 7247 845 7623 6396 9194 4111 5919 2544 4092 4556 468 5265 3697 8940 5271
Error
Error
Error
30
Error
False
29
Error
Error
4051 452 7211 4879 8733 6937 4996 204 682 7263 7950 103 1032 6344 9026 634 6028 7247 845 7623 6396 9194 4111 5919 2544 4092 4556
Error
False
6344
Error
Error
28
Error
Error
8602 4051 452 7211 4879 8733 6937 4996 204 682 7263 7950 103 1032 6344 9026 634 6028 7247 845 7623 6396 9194 4111 5919 2544 4092 4556 9154 4798
30
False
Error
6344
Error
Error
6344
Error
Error
Error
27
Error
3821 4556 4092 2544 5919 4111 9194 6396 7623 845 7247 6028 634 9026 6344 1032 103 7950 7263 682 204 4996 6937 8733 4879 7211 452
False
634
26
634
1545 3821 4556 4092 2544 5919 4111 9194 6396 7623 845 7247 6028 634 9026 6344 1032 103 7950 7263 682 204 4996 6937 8733 4879
Error
1545 3821 4556 4092 2544 5919 4111 9194 6396 7623 845 7247 6028 634 9026 6344 1032 103 7950 7263 682 204 4996 6937 8733 4879
Error
Error
Error
Error
Error
Error
False
Error
Error
False
505 665 6495 6440 6019 4996 204 682 2758 7263 7950 103 1032 6344 9026 634 6028 7247 845 7623 6396 9194 4111 5919 2544 4092 4556 3821
Error
Error
Error
False
False
28
Error
Error
Error
Error
Error
Error
4111 9194 6396 7623 845 7247 6028 634 9026 6344 1032 103 7950 7263 2758 682 204 4996 6019 6440 6495 665
Error
4827 665 6495 6440 6019 4996 204 682 2758 7263 7950 103 1032 6344 9026 634 6028 7247 845 7623 6396 9194 4111
Error
7950
7950
Error
2758
Error
False
24
False
Error
Error
Error
2559 3257 6028 634 9026 6344 1032 103 7950 7263 2758 682 204 4996 6019 6440 6495 665 4827 8909 6655 1369 8955
682
23
Error
7263
4691 6498 7654 2559 3257 6028 634 9026 6344 1032 103 7950 7263 2758 682 204 4996 6019 6440 6495 665 4827 8909
Error
Error
7950
Error
Error
7263
24
24
24
False
False
Error
103
103
2758
False
29
682
Error
2385 8697 5442 6259 1820 4799 8884 4827 665 6495 6440 6019 4996 204 682 2758 7263 7950 103 1032 6344 9026 634 6028 3257 2559 7654 6498
Error
28
False
Error
Error
Error
26
Error
26
26
Error
Error
4827 665 6495 6440 6019 4996 204 682 2758 7263 7950 103 1032 6344 9026 634 6028 3257 2559 7654 6498 2539 6147
4827 665 6495 6440 6019 4996 204 682 2758 7263 7950 103 1032 6344 9026 634 6028 3257 2559 7654 6498 2539 6147
False
Error
2539 6498 7654 2559 3257 6028 634 9026 6344 1032 103 7950 7263 2758 682 204 4996 6019 6440 6495 665 4827
22
23
Error
Error
7950
25
7950
9302 9821 4827 665 6495 6440 6019 4996 204 682 2758 7263 7950 103 1032 6344 9026 634 6028 3257 2559 7654
False
Error
Error
682
413 2465 9302 9821 4827 665 6495 6440 6019 4996 204 682 2758 7263 7950 103 1032 6344 9026 634 6028 3257
False
Error
21
Error
25
25
22
Error
Error
False
22
22
6440
22
21
Error
21
5879 2499 413 2465 9302 9821 4827 665 6495 6440 6019 4996 204 682 2758 7263 7950 103
False
18
False
6495
17
Error
3710 5879 2499 413 2465 9302 9821 4827 665 6495 6440 6019 4996 204 682 2758 7263 7950
1005 3710 5879 2499 413 2465 9302 9821 4827 665 6495 6440 6019 4996 204 682
1005 3710 5879 2499 413 2465 9302 9821 4827 665 6495 6440 6019 4996 204 682
Error
Error
Error
Error
Error
9302
Error
16
6198 6957 1005 3710 5879 2499 413 2465 9302 9821 4827 665 6495 6440 6019 4996 204
6198 6957 1005 3710 5879 2499 413 2465 9302 9821 4827 665 6495 6440 6019 4996 204
Error
False
False
Error
Error
Error
Error
False
18
413
Error
20
2465
Error
2465
2465
19
Error
Error
False
Error
Error
Error
18
17
Error
Error
False
Error
False
Error
9301 4643 4271 2828 3560 4597 9114 6019 6440 6495 665 4827 9821 9302 2465 413 2499 5879 3710
9301 4643 4271 2828 3560 4597 9114 6019 6440 6495 665 4827 9821 9302 2465 413 2499 5879 3710
Error
False
Error
Error
Error
5972 9301 4643 4271 2828 3560 4597 9114 6019 6440 6495 665 4827 9821 9302 2465 413 2499
Error
False
6019
2595 1519 2499 413 2465 9302 9821 4827 665 6495 6440 6019 9114 4597 3560 2828 4271 4643 9301
Error
Error
Error
9301 4643 4271 2828 3560 4597 9114 6019 6440 6495 665 4827 9821 9302 2465 413 2499 1519 2595 266
False
Error
False
Error
18
Error
6019
5045 2628 9301 4643 4271 2828 3560 4597 9114 6019 6440 6495 665 4827 9821 9302 2465 413 2499 1519
6019
Error
Error
Error
3383 1242 1081 733 5045 2628 9301 4643 4271 2828 3560 4597 9114 6019 6440 6495 665 4827 9821
3383 1242 1081 733 5045 2628 9301 4643 4271 2828 3560 4597 9114 6019 6440 6495 665 4827 9821
2828
False
19
18
False
False
Error
Error
2628
Error
Error
5045
Error
5045
Error
Error
Error
7557 7750 598 8074 9218 6541 3531 3383 1242 1081 733 5045 2628 9301 4643 4271 2828 3560 4597 9114
1242
Error
Error
False
4643 9301 2628 5045 733 1081 1242 3383 3531 6541 9218 8074 598 7750 7557 2684
Error
3511 4643 9301 2628 5045 733 1081 1242 3383 3531 6541 9218 8074 598 7750 7557 2684
Error
18
False
Error
Error
Error
1081
21
Error
Error
733
20
9218 6541 3531 3383 1242 1081 733 5045 2628 9301 4643 3511 4206 4992 5617 8527 267 2719 6598 1043
21
21
Error
2532 9218 6541 3531 3383 1242 1081 733 5045 2628 9301 4643 3511 4206 4992 5617 8527 267 2719 6598
Error
False
3137 7655 2532 9218 6541 3531 3383 1242 1081 733 5045 2628 9301 4643 3511 4206 4992 5617 8527 267 2719
Error
5016 267 8527 5617 4992 4206 3511 4643 9301 2628 5045 733 1081 1242 3383 3531 6541 9218 2532 7655
Error
528 5016 267 8527 5617 4992 4206 3511 4643 9301 2628 5045 733 1081 1242 3383 3531 6541 9218 2532
9301
Error
False
9301
19
Error
20
Error
9301
Error
7458 9218 6541 3531 3383 1242 1081 733 5045 2628 9301 4643 3511 4206 4992 5617 8527 267 5016 528
Error
19
Error
Error
Error
22
733
Error
Error
Error
Error
False
22
Error
Error
8958 4970 4604 435 7458 9218 6541 3531 3383 1242 1081 733 5045 2628 9301 4643 3511 4206 4992 5617 8527 267
Error
Error
Error
Error
267 8527 5617 4992 4206 3511 4643 9301 2628 5045 733 1081 1242 3383 3531 6541 9218 7458 435 4604 4970 8958 708 6254 2309 4976
26
Error
Error
Error
False
1081
6490 267 8527 5617 4992 4206 3511 4643 9301 2628 5045 733 1081 1242 3383 3531 6541 9218 7458 435 4604 4970 8958 708 6254
3777 6254 708 8958 4970 4604 435 7458 9218 6541 3531 3383 1242 1081 733 5045 2628 9301 4643 3511 4206 4992 5617 8527 267 6490
3777 6254 708 8958 4970 4604 435 7458 9218 6541 3531 3383 1242 1081 733 5045 2628 9301 4643 3511 4206 4992 5617 8527 267 6490
3777 6254 708 8958 4970 4604 435 7458 9218 6541 3531 3383 1242 1081 733 5045 2628 9301 4643 3511 4206 4992 5617 8527 267 6490
7059 2861 3777 6254 708 8958 4970 4604 435 7458 9218 6541 3531 3383 1242 1081 733 5045 2628 9301 4643 3511 4206 4992 5617 8527
Error
24
Error
23
Error
Error
Error
Error
435
Error
Error
Error
6372 9301 2628 5045 733 1081 1242 3383 3531 6541 9218 7458 435 4604 4970 8958 708 6254 3777 2861 7059
False
7458
Error
Error
Error
Error
19
Error
False
Error
Error
Error
Error
17
7059 2861 3777 6254 708 8958 4970 4604 435 7458 9218 6541 3531 3383 1242 1081 733
17
Error
17
2642 1976 7059 2861 3777 6254 708 8958 4970 4604 435 7458 9218 6541 3531 3383 1242
16
8958
Error
8958
16
Error
False
4970
Error
4970
Error
7965 3383 3531 6541 9218 7458 435 4604 4970 8958 708 6254 3777 2861 7059 1976 2642
16
Error
Error
15
Error
Error
9113 7059 2861 3777 6254 708 8958 4970 4604 435 7458 9218 6541 3531 3383
Error
16
Error
1385 5087 6140 9113 7059 2861 3777 6254 708 8958 4970 4604 435 7458 9218 6541
False
Error
False
16
Error
Error
6541 9218 7458 435 4604 4970 8958 708 6254 3777 2861 7059 9113 6140 5087
Error
6541 9218 7458 435 4604 4970 8958 708 6254 3777 2861 7059 9113 6140
Error
4604
Error
4604
Error
Error
14
Error
Error
6492 1687 7059 2861 3777 6254 708 8958 4970 4604 435 7458 9218 6541 2152
Error
Error
Error
6492 1687 7059 2861 3777 6254 708 8958 4970 4604 435 7458 9218 6541
41 6492 1687 7059 2861 3777 6254 708 8958 4970 4604 435 7458 9218 6541
Error
Error
3777
Error
False
41 6492 1687 7059 2861 3777 6254 708 8958 4970
10
False
False
Error
Error
6492
6492
False
Error
6109 2150 7042 41 6492 1687 7059 2861
6109 2150 7042 41 6492 1687 7059 2861
41
Error
6109 2150 7042 41 6492 1687 7059 2861
Error
Error
Error
Error
Error
Error
Error
Error
5933 6109 2150 7042 41 6492 1687 7059 2861 1676
10
41
Error
Error
Error
6568 2861 7059 1687 6492 41 7042 2150 6109 5933 3166 6566
1687
Error
4737 6568 2861 7059 1687 6492 41 7042 2150 6109 5933 8294 964
Error
41
Error
Error
Error
12
Error
2150
Error
Error
False
Error
Error
Error
Error
10
False
Error
12
Error
Error
Error
Error
6914 2967 702 964 8294 5933 6109 2150 7042 41 6492 1687
6914 2967 702 964 8294 5933 6109 2150 7042 41 6492
Error
False
False
4807 6914 2967 702 964 8294 5933 6109 2150 7042 41
14
Error
702
14
False
Error
6109
Error
Error
Error
False
2150
13
14
Error
Error
False
Error
Error
1410 9404 4844 9884 8594 7568 7691 3317 41 7042 2150 6109
False
False
Error
1604 1410 9404 4844 9884 8594 7568 7691 3317 41 7042 2150 6109
6747 3615 1604 1410 9404 4844 9884 8594 7568 7691 3317 41 7042 2150
False
Error
Error
Error
9876 6747 3615 1604 1410 9404 4844 9884 8594 7568 7691 3317 41 7042 2150
Error
Error
Error
9210 9876 6747 3615 1604 1410 9404 4844 9884 8594 7568 7691 3317 41 7042
4844
4844
1319 9210 9876 6747 3615 1604 1410 9404 4844 9884 8594 7568 7691 3317 41 7042
Error
Error
15
False
Error
Error
Error
False
14
394 41 3317 7691 7568 8594 9884 4844 9404 1410 1604 3615 6747 9876
394 41 3317 7691 7568 8594 9884 4844 9404 1410 1604 3615 6747 9876
Error
16
Error
Error
18
4410 1340 7598 7410 8618 5107 5619 394 41 3317 7691 7568 8594 9884 4844 9404 1410 1604 3615
False
4410 1340 7598 7410 8618 5107 5619 394 41 3317 7691 7568 8594 9884 4844 9404 1410 1604
18
3317
Error
9553 3304 9924 1604 1410 9404 4844 9884 8594 7568 7691 3317 41 394 5619 5107 8618 7410 7598 1340 4410
Error
Error
Error
20
Error
Error
3304 9924 1604 1410 9404 4844 9884 8594 7568 7691 3317 41 394 5619 5107 8618 7410 7598 1340
Error
8601 3304 9924 1604 1410 9404 4844 9884 8594 7568 7691 3317 41 394 5619 5107 8618 7410 7598
Error
Error
Error
8594
3980 8601 3304 9924 1604 1410 9404 4844 9884 8594 7568 7691 3317 41 394 5619 5107 8618 7410 7598
Error
Error
Error
Error
4402 3834 3980 8601 3304 9924 1604 1410 9404 4844 9884 8594 7568 7691 3317 41 394 5619 5107
Error
4844
4402 3834 3980 8601 3304 9924 1604 1410 9404 4844 9884 8594 7568 7691 3317 41 394 5619 5107
4844
4844
4844
False
Error
21
Error
3980
False
15
Error
Error
Error
False
3834
9404 1410 1604 9924 3304 8601 3980 3834 4402 1983 5105 2081 6118 7201 2266
Error
17
3980
17
False
Error
20
3304
Error
3409 5684 1984 9875 1041 5179 3907 9404 1410 1604 9924 3304 8601 3980 3834 4402 1983 5105 2081 6118 7201
Error
Error
9404
18
Error
Error
18
9404
3907
15
Error
1041
Error
False
13
Error
9924 1604 1410 9404 3907 5179 1041 9875 1984 5684 3409 9121 1093
9924 1604 1410 9404 3907 5179 1041 9875 1984 5684 3409 9121 1093
9924 1604 1410 9404 3907 5179 1041 9875 1984 5684 3409 9121
9924 1604 1410 9404 3907 5179 1041 9875 1984 5684
Error
Error
Error
Error
3907
False
657 9924 1604 1410 9404 3907 5179 1041 9875 1984
9404
Error
Error
Error
Error
1410
False
Error
Error
Error
10
657
2219 6832 3703 5184 8284 657 9924 1604 1410 9404 3907
Error
5673 1966 2219 6832 3703 5184 8284 657 9924 1604 1410 9404
Error
Error
5184
12
3703
Error
Error
Error
1604 9924 657 8284 5184 3703 6832 2219 1966
Error
Error
Error
Error
Error
Error
Error
5899
Error
False
4
Error
Error
Error
4409 8485 8073 8390
False
False
Error
8485
Error
Error
Error
Error
Error
2994 4409 8485
1
Error
2994
Error
0
Error
Error
Error
Error
Error
2
2
Error
Error
2
Error
3
3
Error
7601 1539
Error
2
1539
Error
0

Empty
Empty
Empty
Empty
Error
0
Empty
Error
2631
Empty
True
Empty
Error
Error
Error
Error
5006
9465
9465
3
3
5945 9465 5006
Error
3
False
7431 8356 5945 9465
8356
6
Error
Error
254
Error
Error
Error
9
10
5965 3903 3764 2770 7786 7284 8098 5383 7345 1865
Error
3764
2770
2770
Error
Error
False
Error
8576 2359 3518 6255 531 5965 3903 3764 2770 7786 7284 8098 5383 2096
Error
3903
False
Error
Error
Error
Error
Error
Error
Error
Error
Error
Error
2359
False
Error
False
Error
3903 5965 531 6255 3518 2359 8576 8520 6798 1265 1458 6587
Error
8306 847 5564 3903 5965 531 6255 3518 2359 8576 8520 6798 1265 1458 6587
False
Error
8306 847 5564 3903 5965 531 6255 3518 2359 8576 8520 6798
11
11
531
5965
Error
False
Error
Error
False
5965
False
Error
Error
Error
Error
Error
5684 8992 9639 8306 847 5564 3903 5965 531 6255 3518 2359 8576 8520
Error
3903
False
Error
False
Error
Error
False
Error
Error
3903
9648 1039 5684 8992 9639 8306 847 5564 3903 5965 531 6255 3518 2359 8576 1810
Error
False
9639 8306 847 5564 3903 5965 531 6255 3518 2359 8576
5965
5965
4573 9639 8306 847 5564 3903 5965 531 6255 3518 2359 8576
Error
8576 2359 3518 6255 531 5965 3903 5564 847 8306 9639 4573
203 3910 8576 2359 3518 6255 531 5965 3903 5564 847 8306 9639
11
Error
2359
Error
Error
Error
Error
Error
5243 2129 8435 203 3910 8576 2359 3518 6255 531 5965
8576
11
Error
Error
False
Error
Error
Error
Error
Error
203
6
Error
False
Error
Error
Error
Error
6
Error
Error
False
8435
2129
False
False
7
Error
7
8
Error
9469
False
Error
Error
2330 2447 4733 9469 2129
5
False
Error
6
Error
False
False
False
1358 6677 4160 9432 849 9254 2667
Error
Error
6677
1358 6677 4160 9432
1358 6677 4160
6677
Error
Error
Error
Error
Error

Error
Empty
Error


True
Empty
Empty
Empty
False
Error
5514
Error
4671
Error
Error
Empty

3405
Error
Error
0
3147
3147
Error
Error
Error
False
Error
5606 8173 5850 1714
5606 8173 5850
3
Error
False
Error
Error
5606
5606
False
Error
4
Error
Error
Error
Error
Error
Error
Error
Error
Error
False
Error
Error
Error
Error
5
5
Error
Error
8312
5850
Error
False
Error
Error
8555 93 5850
Error
False
Error
6
8408
Error
Error
6
176
Error
False
Error
Error
8
False
3309
Error
9
False
Error
Error
9
Error
1541 176 247 4039 4122 3309 5828 6060 9465 2946
2946 9465 6060 5828 3309 4122 4039 247 176 1541
Error
3309
2946 9465 6060 5828 3309 4122 4039 247 176 1541
3309
False
False
Error
Error
9
5828
4197 8510 2946 9465 6060 5828 3309 4122 4039 247
9
4197 8510 2946 9465 6060 5828 3309 4122
8
8
Error
Error
4197 8510 2946 9465 6060 5828 3309
Error
3309 5828 6060 9465 2946 8510
6060
False
False
7
Error
7
Error
Error
9282
Error
False
Error
Error
Error
2
5761
Error
5761
False
Error
2611 2104 5761
2104
False
5440 2611 2104 5761
Empty
Error
Error
8020
Error
Error
8249
True
Error
Error
False
False
Error
Error
6
6565 553 7008 380 167 8191
6565 553 7008 380 167
Error
Error
Error
Error
Error
Error
False
8457
Error
Error
Error
Error
5
Error
7
Error
Error
Error
Error
7912
2772 6982 1840 7912 1187 5938 8457 4667
Error
Error
Error
Error
Error
4667 8457 5938 1187 7912 1840 6982 2772
False
8
Error
Error
Error
6982 1840 7912 1187 5938
Error
1840
6982 1840 7912
3
Error
Error
Error
867 1591 6203
3
Error
6075 6203 1591 867
Error
1633 6075 6203 1591 867
Error
6203 1591 867 7128 7404 2311
Error
Error
7128
Error
2255 7404 7128
Error
3
3
4
False
Error
4588 8892 2255
Error
False
Error
Error
8892
Error
Error
Error
2322
Error
Error
6492 6536 2322 778 1224
6492 6536 2322 778 1224
778
6
Error
12
7328
Error
Error
7104 3923 6536 2322 778 1224 6541 4796 7328 8267 6805 9733 7303
False
4796
Error
Error
4016 2322 778 1224 6541 4796 7328 8267 6805 9733 7303
7303 9733 6805 8267 7328 4796 6541 1224 778 2322 4016
11
Error
13
Error
4878 4530 7303 9733 6805 8267 7328 4796 6541 1224 778 2322 4016
Error
Error
Error
Error
Error
Error
Error
False
Error
Error
Error
14
False
Error
Error
Error
13
Error
7328
9577 2078 4878 4530 7303 9733 6805 8267 7328 4796 6541 1224
Error
7303
7303
Error
Error
False
5467 5865 9577 2078 572 4878 4530 7303 9733 6805 8267 7328 4796 6541
False
15
5587 5467 5865 9577 2078 572 4878 4530 7303 9733 6805 8267 7328 4796
Error
False
5587 5467 5865 9577 2078 572 4878 4530 7303 9733 6805 8267 7328 4796
Error
Error
12
12
Error
13
Error
9660
Error
Error
Error
Error
3465 7263 7917 6741 9660 4796 7328 8267 6805 9733
Error
Error
10
Error
Error
6741
9660
Error
Error
586 7328 4796 9660 6741 7917 7263
9660
Error
6
Error
Error
Error
False
False
4554 4972 586 7328 4796 9660 6741
8133 8972 4537 4554 4972 586 7328 4796 9660
Error
Error
4972
Error
Error
Error
4972
4796 7328 586 4972 4554 4537 8972
False
Error
586
Error
5008 8960 7797 4796 7328 586 4972 4554 4537 8972
Error
Error
Error
Error
Error
Error
Error
4554 4972 586 7328 4796 7797 8960 5008
Error
8
Error
False
Error
Error
8
Error
Error
False
Error
False
Error
False
Error
4796
2391 9523 8960 7797 4796 7328 586 4972 4554
Error
Error
7797
Error
4972 586 7328 4796 7797 8960 9523 2391 5216
Error
Error
Error
False
9
False
False
Error
Error
6488 5860 3165 4972 586 7328 4796 7797
Error
False
Error
Error
3165
Error
Error
Error
Error
Error
Error
Error
6460 2235 4796 7328 586 4972 3165 5860 6488 6028 5876
Error
11
4972
4972
Error
Error
False
Error
Error
6642 6460 2235 4796 7328 586 4972 3165 5860 6488
False
False
10
2745 8982 6642 6460 2235 4796 7328 586 4972
2745 8982 6642 6460 2235 4796 7328 586 4972
Error
Error
Error
Error
10
6460
Error
10
Error
9
Error
Error
Error
Error
10
Error
3026 554 3015 3411 2745 8982 6642 6460 2235 4796
False
Error
8982
2235 6460 6642 8982 2745 3411 3015
Error
3015 3411 2745 8982 6642 6460 2235
False
5086 3015 3411
63
63
Error
5
False
5
611
Error
5086 63 611 6085 4718
Error
611
False
Error
Error
Error
Error
Error
False
Error
Error
False
9438 4150 9108
9438
False
Error
1584
8797 773 1584 9218 9438
False
False
Error
6359 1293 9438 9218 1584 773
7
1293
Error
Error
8
8
6359
False
9495
Error
Error
9301 6834 179 1584 9218 9438 1293 6359 9495 1280 7721 9253 4925
Error
Error
3329 4842 9301 6834 179 1584 9218 9438 1293 6359 9495 1280 7721 9253 4925
3329 4842 9301 6834 179 1584 9218 9438 1293 6359 9495 1280 7721 9253 4925
Error
11
Error
Error
9
1584
9
9
Error
False
Error
False
677 1293 9438 9218 1584 179 6834 9301 6258
False
Error
Error
Error
9218
False
Error
10
10
10
6976 9301 6834 179 1584 9218 9438 1293 677 5480
Error
6976 9301 6834 179 1584 9218 9438 1293 677
9218
9218
Error
Error
Error
Error
13
Error
12
Error
Error
9301
Error
Error
Error
1493
Error
Error
16
Error
Error
5856 6204 2729 5257 726 5060 3690 5301 6076 433 1493 1910 8470 6976 9301 6834
Error
16
17
Error
3690
False
Error
Error
Error
19
Error
Error
Error
17
Error
Error
Error
Error
False
Error
Error
20
6437 9873 457 9921 6834 9301 6976 8470 1910 1493 433 6076 5301 3690 5060 726 5257 2729 9717 2215
Error
Error
Error
Error
Error
Error
False
Error
Error
Error
Error
Error
5301
24
False
Error
Error
25
26
False
9119 4933 5567 6437 9873 457 9921 6834 9301 6976 8470 1910 1493 433 6076 5301 3690 5060 726 4137 1379 9639 7727 9692 7103 6854
Error
Error
1910
False
False
25
False
Error
25
8470
Error
24
2471 7971 1854 9119 4933 5567 6437 9873 457 9921 6834 9301 6976 8470 1910 1493 433 6076 5301 3690 5060 726 4137 1379 9639
False
Error
Error
25
2471 7971 1854 9119 4933 5567 6437 9873 457 9921 6834 9301 6976 8470 1910 1493 433 6076 5301 3690 5060 726 4137 1379 9639
Error
25
25
Error
Error
Error
6834
Error
6524 2471 7971 1854 9119 4933 5567 6437 9873 457 9921 6834 9301 6976 8470 1910 1493 433 6076 5301 3690 5060
Error
Error
Error
425 8721 2925 6524 2471 7971 1854 9119 4933 5567 6437 9873 457 9921 6834 9301 6976 8470 1910 1493 433 6076 5301 3690
425 8721 2925 6524 2471 7971 1854 9119 4933 5567 6437 9873 457 9921 6834 9301 6976 8470 1910 1493 433 6076 5301 3690
Error
False
3690 5301 6076 433 1493 1910 8470 6976 9301 6834 9921 457 9873 6437 5567 4933 9119 1854 7971 2471 6524 2925 8721 425 6911
Error
Error
4406 3690 5301 6076 433 1493 1910 8470 6976 9301 6834 9921 457 9873 6437 5567 4933 9119 1854 7971 2471 6524 2925 8721 425
25
457
False
6834
Error
Error
9082 2925 6524 2471 7971 1854 9119 4933 5567 6437 9873 457 9921 6834 9301 6976 8470 1910 1493
False
Error
5567
17
False
9082 2925 6524 2471 7971 1854 9119 4933 5567 6437 9873 457 9921 6834 9301 6976 8470
Error
Error
Error
Error
Error
5567
Error
Error
17
False
False
Error
Error
Error
Error
18
Error
Error
6976
Error
Error
5300 8732 9310 8585 8521 6341 6854 1869 9250 8375 6976 9301 6834 9921 457 9873 6437 5567 4933
Error
Error
Error
6976
17
9301
Error
17
2173 9744 4933 5567 6437 9873 457 9921 6834 9301 6976 8375 9250 1869 6854 6341 8521 8585
Error
8965 2173 9744 4933 5567 6437 9873 457 9921 6834 9301 6976 8375 9250 1869 6854 6341 8521
18
8521 6341 6854 1869 9250 8375 6976 9301 6834 9921 457 9873 6437 5567 4933 9744 2173 8965
6834
6834
18
Error
Error
Error
Error
Error
1971 129 8521 6341 6854 1869 9250 8375 6976 9301 6834 9921 457 9873 6437 5567 4933
Error
False
Error
20
Error
Error
False
Error
False
8375
Error
Error
Error
16
Error
Error
16
Error
Error
Error
16
Error
Error
9439 8613 1080 8521 6341 6854 1869 9250 8375 6976 9301 6834 9921 457 9873 6437 4932
Error
8375
8375
Error
17
16
Error
4532 9439 8613 1080 8521 6341 6854 1869 9250 8375 6976 9301 6834 9921 457 9873 6437 7512
Error
Error
6854
Error
Error
Error
Error
Error
9778 9907 325 2573 4532 9439 8613 1080 8521 6341 6854 1869 9250 8375 6976 9301 6834 9921
Error
6341
9921 6834 9301 6976 8375 9250 1869 6854 6341 8521 1080 8613 9439 4532 2573 325 9907 9778
Error
Error
17
6854
Error
1869
Error
8024 7912 9921 6834 9301 6976 8375 9250 1869 6854 6341 8521 1080 8613 9439 4532 2573
Error
Error
9250
Error
9250
Error
9250
Error
22
False
4288 6401 6384 8754 3458 6822 8275 6024 8024 7912 9921 6834 9301 6976 8375 9250 1869 6854 6341 8521 1080 8613 9439
Error
False
False
Error
4120 4288 6401 6384 8754 3458 6822 8275 6024 8024 7912 9921 6834 9301 6976 8375 9250 1869 6854 6341 8521 1080
23
24
Error
Error
Error
Error
Error
False
8275
6400 2592 6251 4120 4288 6401 6384 8754 3458 6822 8275 6024 8024 7912 9921 6834 9301 6976 8375 9250 1869 6854
Error
6400 2592 6251 4120 4288 6401 6384 8754 3458 6822 8275 6024 8024 7912 9921 6834 9301 6976 8375 9250 1869 6854
Error
3101 579 5527 8379 3769 6400 2592 6251 4120 4288 6401 6384 8754 3458 6822 8275 6024 8024 7912 9921 6834 9301 6976 8375 9250 1869 6854
3101 579 5527 8379 3769 6400 2592 6251 4120 4288 6401 6384 8754 3458 6822 8275 6024 8024 7912 9921 6834 9301 6976 8375 9250 1869 6854
Error
26
False
Error
Error
Error
Error
3458
False
8379 3769 6400 2592 6251 4120 4288 6401 6384 8754 3458 6822 8275 6024 8024 7912 9921 6834 9301 6976 8375 9250
Error
Error
5219 6976 9301 6834 9921 7912 8024 6024 8275 6822 3458 8754 6384 6401 4288 4120 6251 2592 6400 3769 8379 7615 3831 5351 3306 8938 6476
6476 8938 3306 5351 3831 7615 8379 3769 6400 2592 6251 4120 4288 6401 6384 8754 3458 6822 8275 6024 8024 7912 9921 6834 9301 6976 5219
Error
Error
Error
Error
28
28
Error
Error
Error
2592
9759 4031 7414 5274 6678 6476 8938 3306 5351 3831 7615 8379 3769 6400 2592 6251 4120 4288 6401 6384 8754 3458 6822 8275 6024 8024 7912 9921 6834
False
Error
Error
False
6400
Error
9759 4031 7414 5274 6678 6476 8938 3306 5351 3831 7615 8379 3769 6400 2592 6251 4120 4288 6401 6384 8754 3458 6822 8275 6024 8024
Error
26
26
Error
26
26
26
False
345 8553 3651 703 9759 4031 7414 5274 6678 6476 8938 3306 5351 3831 7615 8379 3769 6400 2592 6251 4120 4288 6401 6384 8754 3458 6822
Error
6822 3458 8754 6384 6401 4288 4120 6251 2592 6400 3769 8379 7615 3831 5351 3306 8938 6476 6678 5274 7414 4031 9759 703 3651
Error
Error
Error
Error
Error
Error
False
Error
20
20
False
5274 6678 6476 8938 3306 5351 3831 7615 8379 3769 6400 2592 6251 4120 4288 6401 6384 8754 3458 6822
Error
Error
Error
Error
Error
Error
Error
False
Error
Error
4120
Error
Error
False
Error
5948 939 2754 320 3458 8754 6384 6401 4288 4120 6251 2592 6400 3769 8379 7615 3831 5351 3306
Error
5010 3306 5351 3831 7615 8379 3769 6400 2592 6251 4120 4288 6401 6384 8754 3458 320 2754 939 5948
Error
20
Error
19
False
2592
Error
2993 5010 3306 5351 3831 7615 8379 3769 6400 2592 6251 4120 4288 6401 6384 8754 3458 320 2754
Error
False
19
19
Error
4545 2993 5010 3306 5351 3831 7615 8379 3769 6400 2592 6251 4120 4288 6401 6384 8754 3458 320
Error
Error
17
Error
Error
Error
Error
Error
4533 3375 9048 2479 9598 4545 2993 5010 3306 5351 3831 7615 8379 3769 6400 2592 6251 4120 4288 6401
Error
Error
20
Error
Error
False
20
Error
Error
Error
20
20
3375 9048 2479 9598 4545 2993 5010 3306 5351 3831 7615 8379 3769 6400 2592 6251 4120 4288 6401 7717
3769
19
Error
Error
9483 9325 5463 7717 6401 4288 4120 6251 2592 6400 3769 8379 7615 3831 5351 3306 5010
2592
Error
2592
2592
3343 9483 9325 5463 7717 6401 4288 4120 6251 2592 6400 3769 8379 7615 3831 5351 3306 5010
False
6251
4120
False
Error
9416 5351 3831 7615 8379 3769 6400 2592 6251 4120 4288 6401 7717 5463
Error
6400
Error
14
6400
13
6400
Error
3368 1771 9416 5351 3831 7615 8379 3769 6400 2592 6251 4120 4288 6401
8379
Error
Error
Error
3769
Error
Error
Error
7023
4632 2705 8397 6537 6392 7336 7402 7023 4120 6251 2592 6400 3769 8379 7615
4632 2705 8397 6537 6392 7336 7402 7023 4120 6251 2592 6400 3769 8379
5459 4632 2705 8397 6537 6392 7336 7402 7023 4120 6251 2592 6400 3769 8379
Error
False
Error
7023
Error
Error
Error
6251
6199 8212 8379 3769 6400 2592 6251 4120 7023 7402 7336 6392 6537 8397
14
6199 8212 8379 3769 6400 2592 6251 4120 7023 7402 7336 6392 6537 8397
Error
Error
Error
Error
Error
13
13
6251
Error
Error
12
False
Error
2592
Error
False
Error
Error
Error
13
Error
False
Error
False
Error
Error
False
Error
Error
Error
7023
8379 3769 6400 2592 6251 4120 7023 7402 7336 5415 8299 892
Error
Error
12
Error
False
Error
Error
Error
False
Error
False
6251
Error
3102 3769 6400 2592 6251 4120 7023 7402 7336
6251
3102 3769 6400 2592 6251 4120 7023 7402 7336
Error
Error
Error
8077 4735 3102 3769 6400 2592 6251 4120 7023
3769
11
Error
Error
Error
12
9610 8654 7023 4120 6251 2592 6400 3769 3102 4735 8077 5729 1243
6400
Error
9610 8654 7023 4120 6251 2592 6400 3769 3102 4735 8077 5729 1243
9610 8654 7023 4120 6251 2592 6400 3769 3102 4735 8077 5729 1243
Error
11
Error
8322 1994 845 9610 8654 7023 4120 6251
False
8
Error
9
Error
8
8529 5507 8322 1994 845 9610 8654 7023 4120
845
9
8
Error
4722 8603 4017 4120 7023 8654 9610 845 1994
Error
Error
Error
Error
8603
Error
Error
Error
7757 3763 8873 4722 8603
3763
Error
Error
Error
False
3763
3763
3
Empty

Error
Empty

Error
Error
Error
Empty
Error
2998
Error
Error
Error
True
Empty
Error
0
1
Error
2550
0
Empty
5635
5635
5635
Error
Error
Error
5635
Error
0
Empty
Error
Empty
Error
Error
Error
Error
Error
Error
False
7
Error
7
Error
Error
Error
Error
False
6
Error
Error
Error
Error
7
False
Error
Error
Error
8942 9561 804 8113 1727 251 408 7050
Error
8
8942 9561 804 8113 1727 251 408 7050
8
8
6137 9561 804 8113 1727 251 408 7050 5984
False
9
False
Error
6137 9561 804 8113 1727 251
Error
6
Error
4
False
Error
Error
9561
Error
Error
Error
9561
4
Error
7714
False
9935 7714 8973
3
Error
Error
1798 9935
Error
Error
3
3
3
Error
Error
False
1
1
True
Error
6388
Error
2
Error
9772
Error
3
False
8966
False
Error
Error
False
1375 4799 2987 6426 8966
4
1375 4799 2987
1375 4799 2987
Error
Error
3307
Empty

3374
Error
3374
3374
False
Error
Error
6808
Error
Error

True
Empty
True
True
Error
Error
Error
Empty
True
Error
Error
5659
Error
2127
Error
Error
2127 3769 1065
Error
Error
429 2512 3769 2127
Error
False
False
False
Error
Error
4488 429 2512 3769
Error
429
Error
Error
False
Error
5290
Error
False
Error
1
Error
Error
Error
0
Error
Error
True
Empty
4707 2820
Error
False
Error
Error
False
False
5728 8194 4177 3216 4707
4177
Error
Error
False
Error
False
False
5728
Error
Error
Error
Error
Error
8
Error
8
Error
Error
Error
Error
Error
Error
Error
Error
False
Error
Error
12
Error
False
Error
6380 8283 9345 8127 7986 2198 2733 1484 1267 365 8166
Error
Error
Error
Error
Error
2191 1222 1639 2457 6380 8283 9345 8127 7986 2198 2733 1484 1267 365
2191 1222 1639 2457 6380 8283 9345 8127 7986 2198 2733 1484 1267 365
2191 1222 1639 2457 6380 8283 9345 8127 7986 2198 2733 1484 1267 365
5892 1484 2733 2198 7986 8127 9345 8283 6380 2457 1639 1222 2191
Error
Error
Error
3593 5892 1484 2733 2198 7986 8127 9345 8283 6380 2457 1639 1222
Error
13
Error
13
7986
6476 3593 5892 1484 2733 2198 7986 8127 9345 8283 6380 2457 1639 1222
Error
Error
Error
2198
2198
Error
False
Error
False
Error
Error
15
Error
1115
7194
Error
Error
Error
Error
4285
Error
5781
Error
5984 1967 4592 475 7353 1599 6558 5781 4285 7194 1115 5892 6476 3593 5892 1484
Error
14
False
False
1599
Error
Error
Error
2879 7473 6859 3053 5984 1967 4592 475 7353 1599 6558 5781 4285
Error
False
15
Error
Error
Error
Error
2621 5726 2879 7473 6859 3053 5984 1967 4592 475 7353 1599 6558 5781
Error
False
5984
5984
Error
Error
6859
Error
Error
7473
Error
1178 7268 3504 1916 3341 7519 9672 5191 478 2621 5726 2879 7473 6859 3053 5984 1967 4592
False
False
Error
2621
19
Error
Error
Error
19
Error
19
Error
Error
Error
17
2879
Error
Error
Error
False
Error
9668 9048 7368 1916 3341 7519 9672 5191 478 2621 5726 2879 7473 6859 3053
False
False
7519
Error
14
3960 9668 9048 7368 1916 3341 7519 9672 5191 478 2621 5726 2879 7473
3960 9668 9048 7368 1916 3341 7519 9672 5191 478 2621 5726 2879 7473
False
Error
Error
Error
Error
Error
Error
Error
13
Error
False
Error
18
Error
3341
466 2879 5726 2621 478 5191 9672 7519 3341 1916 7368 9048 9668 3960 9367 2849 9670 3846
Error
Error
Error
18
18
Error
3341
False
466 2879 5726 2621 478 5191 9672 7519 3341 1916 7368 9048 9668 3960 9367 2849 9670
3341
Error
Error
Error
5673 8578 466 2879 5726 2621 478 5191 9672 7519 3341 1916 7368 9048 9668 3960 9367
Error
Error
5191
Error
False
5673 8578 466 2879 5726 2621 478 5191 9672 7519 3341 1916 7368 9048
Error
Error
14
5726
False
9090 3959 1564 5673 8578 466 2879 5726 2621 478 5191 9672 7519 3341 1916
Error
Error
Error
9090 3959 1564 5673 8578 466 2879 5726 2621 478 5191 9672
466
8578
Error
Error
1149 2266 9090 3959 1564 5673 8578 466 2879 5726 2621 478 5191
14
Error
False
2879
False
9090 3959 1564 5673 8578 466 2879 5726 2621 478 5191
Error
False
10
10
Error
False
Error
8578
Error
Error
Error
Error
Error
Error
False
False
Error
Error
Error
478
False
Error
Error
Error
9960
Error
Error
478
Error
Error
13
13
Error
6877 3334 466 2879 5726 2621 478 9960 8120 1260 956 2139
6877 3334 466 2879 5726 2621 478 9960 8120 1260 956 2139
Error
Error
2621
12
Error
Error
13
9418 6877 3334 466 2879 5726 2621 478 9960 8120 1260
11
Error
Error
False
Error
4413 5785 2032 1375 149 3578 9418 6877 3334 466 2879 5726 2621 478 9960 8120
Error
4413 5785 2032 1375 149 3578 9418 6877 3334 466 2879 5726 2621 478 9960 8120
Error
Error
6877
Error
9418
16
8560 2686 4413 5785 2032 1375 149 3578 9418 6877 3334 466 2879 5726 2621 478
Error
Error
Error
Error
Error
Error
17
Error
Error
False
False
1632 1432 131 2298 1928 478 2621 5726 2879 466 3334 6877 9418 3578 149 1375 2032
Error
5114 1632 1432 131 2298 1928 478 2621 5726 2879 466 3334 6877 9418 3578 149 1375
Error
Error
Error
Error
18
1928
2298
Error
False
131
Error
1432
Error
Error
8216 3110 9319 1919 5753 5817 1993 2040 776 5114 1632 1432 131 2298 1928 478 2621 5726 2879 466 3334
False
Error
False
Error
Error
Error
Error
Error
Error
False
22
False
Error
Error
Error
Error
Error
19
Error
False
1919 5753 5817 1993 2040 776 5114 1632 1432 131 2298 1928 478 2621 5726 2879 466 3334 4117
131
False
False
Error
18
Error
466 2879 5726 2621 478 1928 2298 131 1432 1632 5114 776 2040 1993 5817 5753 1919 3409
False
1432
False
860 1919 5753 5817 1993 2040 776 5114 1632 1432 131 2298 1928 478 2621 5726 2879 466
20
Error
Error
False
6836 9019 860 1919 5753 5817 1993 2040 776 5114 1632 1432 131 2298 1928 478 2621 5726
Error
False
False
Error
2040
Error
Error
1993
False
Error
5817
Error
20
Error
False
Error
Error
False
False
False
9310 3887 6899 1447 6152 7218 991 6672 6836 9019 860 1919 5753 5817 1993 2040 776
False
Error
6836
Error
9310 3887 6899 1447 6152 7218 991 6672 6836 9019 860 1919 5753 5817 1993 2040 776
Error
Error
Error
False
Error
False
False
False
17
Error
Error
Error
Error
Error
9230 832 776 2040 1993 5817 5753 1919 860 9019 6836 6672 991 7218 6152 1447
Error
15
Error
Error
5817
Error
False
Error
5753
Error
Error
False
9019
860
Error
Error
False
1919
False
Error
Error
9671 3371 6455 2040 1993 5817 5753 1919 860 9019 6836 6672
Error
9481 225 9671 3371 6455 2040 1993 5817 5753 1919 860 9019
10
Error
9481 225 9671 3371 6455 2040 1993
3371
Error
Error
8
Error
False
3428
3546
Error
2747 225 9481 3428 2607 3546 7463 1097 9525
2747 225 9481 3428 2607 3546 7463 1097 9525
Error
3428
11
11
11
7422 6440 2747 225 9481 3428 2607 3546 7463 1097 9525
11
False
Error
Error
7422 6440 2747 225 9481 3428 2607 3546 7463
9481
Error
Error
Error
Error
3546 2607 3428 9481 225 2747 6440 7422 1215 4512 7558 3590
3546 2607 3428 9481 225 2747 6440 7422 1215 4512 7558 3590
Error
12
False
Error
7209 3105 8250 3590 7558 4512 1215 7422 6440 2747 225
225 2747 6440 7422 1215 4512 7558 3590 8250 3105 7209
Error
Error
Error
False
False
Error
Error
10
Error
Error
Error
False
5
Error
5
Error
Error
111
7
Error
Error
2579 167 3851 111 4512 1215 7422
7
Error
3
Error
2579 167
2579
7840
Error
Error
2172 2579
2172
Error
Error
Error
3
4
Error
4
3
Error
9167 8881
Error
Error
Error
Error
Error
2
Error
Empty
Error
Error
Empty
Empty
Empty
Empty
Empty
Error
True
True
Empty
Error
9372
Error
Empty
Empty
Error
Error
Error
9682
Error
Empty
0
Error

Error
Error
True
Error
1
Error
1
Empty
Error
3635
False
Error
Error
0


True
Error
Error
Error
Error
False
False
Error


True
Error
Empty
Error
Error
True
True
Error
Error
Error
4441
1
Error
Error
Error
Empty
Empty
Empty
Empty
Error
Error
3336
1
7833 3336 2484
7833
False
4
Error
484 145 4155
Error
Error
145 484 9657
3
False
1575 5954
1575 5954
1575 5954
5954
False
1
5954
False
Error
9688
Error
False
Error
Error
7300
3
Error
Error
9688
False
Error
Error
9688
9688
Error
Error
Error
Error
Error
651
5290 2266 651
2266
Error
Error
False
Error
2266 5290 3586
2266 5290
2266
Error
Error
Error
2
Error
False
Error
8775 4415
False
Error
Error
7
Error
Error
3639 4415 8775 6624 1312
5
6
Error
Error
Error
Error
Error
Error
False
Error
Error
Error
False
8
Error
Error
Error
9
False
Error
False
161
Error
Error
3445
False
Error
Error
Error
Error
Error
3632 1787 161 7148 3445 1312 6624
7148
Error
Error
Error
Error
4
Error
4063
Error
Error
Error
Error
False
False
Error
3684 5663 5271 3823
3684 5663 5271 3823
Error
Error
3684
Error
3
3
Error
3
Error
5663 3684
Error
Error
Error
Error
2
2577
Error
Error
Error

Empty
Error
Empty
False
2098
Error
False
Error
Error
8131
8131
Error
3876
5110 7461 2950 8131 3876 6174 6368 3983 505
9
3876
5110 7461 2950 8131 3876 6174 6368 3983 505
Error
3876
Error
Error
False
False
Error
Error
Error
Error
1003 5087 8647 9108 505 3983 6368 6174 3876 8131
11
5 226 3170 1003 5087 8647 9108 505 3983 6368 6174 3876
Error
8647
6174 6368 3983 505 9108 8647 5087 1003 3170 226 5 1707
6174 6368 3983 505 9108 8647 5087 1003 3170 226 5 1707
12
12
Error
13
Error
Error
1707 5 226 3170 1003 5087 8647 9108 505 3983 6368 6174 3964
False
Error
False
Error
Error
Error
False
Error
9108
Error
Error
Error
False
False
False
False
6174
6368
2015 505 3983 6368 6174 8426 9856
2015 505 3983 6368 6174 8426 9856
Error
False
3983
8
Error
6385 1453 2015 505 3983 6368 6174 8426
10
Error
False
2015
False
7115 1001 9712 5230 6385 1453 2015 505 3983 6368 6174 8426
Error
11
False
505
1254 8426 6174 6368 3983 505 2015 1453 6385 5230 9712
Error
False
10
10
3863 3455 1254 8426 6174 6368 3983 505
3863 3455 1254 8426 6174 6368 3983 505
8426
Error
Error
False
Error
Error
9
Error
9
False
Error
False
7640 3455 1254 8426 6174 6368 3983
Error
Error
Error
3471 7221 2000 6093 7812 7640 3455 1254 8426 6174 6368
Error
Error
11
4515 3471 7221 2000 6093 7812 7640 3455 1254 8426
Error
Error
False
Error
Error
Error
Error
Error
Error
9156
Error
Error
Error
2976 525 2000 7221 3471 4515 4430 9156 4448 4597 1855
False
11
Error
7221
11
Error
Error
False
Error
2000
2000
Error
Error
False
Error
Error
Error
False
4430
14
1743
1743
1743
Error
Error
Error
Error
387 4301 5881 7650 1100 9839 4012 1743 9156 4430 4515 3471 7221 2000 525
1743
Error
Error
Error
525 2000 7221 3471 4515 4430 9156 1743 4012 9839 1100 7650 5881 4301 387
Error
9156
False
Error
Error
Error
20
20
Error
Error
Error
4347 7803 6301 8777 514 6990 525 2000 7221 3471 4515 4430 9156 1743 4012 9839 1100 7650 5881 4301
Error
20
Error
Error
Error
Error
18
7221
Error
6211 4347 7803 6301 8777 514 6990 525 2000 7221 3471 4515 4430 9156 1743 4012 9839 1100
6211 4347 7803 6301 8777 514 6990 525 2000 7221 3471 4515 4430 9156 1743 4012
525
Error
Error
Error
Error
9641 4430 4515 3471 7221 2000 525 6990 514 8777 6301 7803 4347
525
2000
Error
Error
Error
4347 7803 6301 8777 514 6990 525 2000 7221 3471 4515 4430 9641 5016 1344
525
Error
525
Error
Error
17
17
8627 3515 709 4347 7803 6301 8777 514 6990 525 2000 7221 3471 4515 4430 9641
Error
16
Error
Error
3237 4430 4515 3471 7221 2000 525 6990 514 8777 6301 7803 4347 709 3515 8627 8070
Error
Error
Error
18
Error
2000
19
Error
4515
Error
Error
4515
Error
Error
Error
Error
4430
Error
Error
5059 1015 7109 4068 2946 8198 1152 3606 3237 4430 4515 3471 7221 2000 525 6990 514 8777 6301
Error
19
Error
19
19
3606
False
Error
8198
2946
2946
Error
Error
Error
9523 7849 6990 525 2000 7221 3471 4515 4430 3237 3606 1152 8198 2946 4068 7109 1015 5059 2652 3005 40 7466 2993
23
Error
23
Error
Error
3462 9523 7849 6990 525 2000 7221 3471 4515 4430 3237 3606 1152 8198 2946 4068 7109 1015 5059 2652 3005 40
22
23
False
Error
Error
Error
4430
25
4515
Error
False
Error
Error
25
Error
Error
Error
9620 2816 2179 932 2710 69 1598 3900 3462 9523 7849 6990 525 2000 7221 3471 4515 4430 3237 3606 1152 8198 2946 4068 7109 1015
Error
Error
Error
6990
Error
Error
Error
Error
Error
Error
Error
4488 6183 9620 2816 2179 932 2710 69 1598 3900 3462 9523 7849 6990 525 2000 7221 3471 4515 4430 3237 3606 1152 8198
Error
Error
False
25
Error
8198 1152 3606 3237 4430 4515 3471 7221 2000 525 6990 7849 9523 3462 3900 1598 69 2710 932 2179 2816 9620 6183 4488 5642
25
False
Error
Error
Error
False
Error
27
Error
7849
False
Error
Error
Error
False
28
Error
7849
7849
29
Error
6041 8198 1152 3606 3237 4430 4515 3471 7221 2000 525 6990 7849 9523 3462 3900 1598 69 2710 932 2179 2816 9620 6183 755 8582 9339 1842 1307
Error
Error
Error
Error
Error
2701 641 2904 6041 8198 1152 3606 3237 4430 4515 3471 7221 2000 525 6990 7849 9523 3462 3900 1598 69 2710 932 2179 2816 9620 6183 755 8582 9339 1842 1307
Error
Error
5214 1307 1842 9339 8582 755 6183 9620 2816 2179 932 2710 69 1598 3900 3462 9523 7849 6990 525 2000 7221 3471 4515 4430 3237 3606 1152 8198 6041 2904 641 2701
Error
False
8198 1152 3606 3237 4430 4515 3471 7221 2000 525 6990 7849 9523 3462 3900 1598 69 2710 932 2179 2816 9620 6183 755 8582 9339 1842 1307 5214
False
Error
30
Error
Error
Error
Error
Error
Error
Error
Error
Error
755 6183 9620 2816 2179 932 2710 69 1598 3900 3462 9523 7849 6990 525 2000 7221 3471 4515 4430 3237 3606 1152 8198 8453 1273 9465 9219 4277 3806
755 6183 9620 2816 2179 932 2710 69 1598 3900 3462 9523 7849 6990 525 2000 7221 3471 4515 4430 3237 3606 1152 8198 8453 1273 9465 9219 4277 3806
525
398 755 6183 9620 2816 2179 932 2710 69 1598 3900 3462 9523 7849 6990 525 2000 7221 3471 4515 4430 3237 3606 1152 8198 8453 1273 9465 9219 4277
False
31
31
6988 9238 398 755 6183 9620 2816 2179 932 2710 69 1598 3900 3462 9523 7849 6990 525 2000 7221 3471 4515 4430 3237 3606 1152 8198 8453 1273 9465 9219
Error
29
9523
Error
Error
Error
False
Error
Error
3900
Error
Error
27
False
Error
False
1425 5716 3457 1152 3606 3237 4430 4515 3471 7221 2000 525 6990 7849 9523 3462 3900 1598 69 2710 932 2179 2816 9620 6183 755 398
False
Error
525
Error
28
2000
False
8535 1855 5221 7935 1425 5716 3457 1152 3606 3237 4430 4515 3471 7221 2000 525 6990 7849 9523 3462 3900 1598 69 2710 932 2179 2816 9620 6183 755
8535 1855 5221 7935 1425 5716 3457 1152 3606 3237 4430 4515 3471 7221 2000 525 6990 7849 9523 3462 3900 1598 69 2710 932 2179 2816 9620 6183 755
2000
2000
2000
Error
Error
9245 8535 1855 5221 7935 1425 5716 3457 1152 3606 3237 4430 4515 3471 7221 2000 525 6990 7849 9523 3462 3900 1598 69 2710 932 2179 2816 9620 6183
Error
False
Error
29
Error
False
525
4713 6183 9620 2816 2179 932 2710 69 1598 3900 3462 9523 7849 6990 525 2000 7221 3471 4515 4430 3237 3606 1152 3457 5716 1425 7935 5221 1855
6990
False
False
False
Error
7849
7849
Error
Error
Error
Error
Error
False
31
False
7849
False
32
Error
Error
6990
Error
Error
525
Error
6195 1456 3319 5353 7935 1425 5716 3457 1152 3606 3237 4430 4515 3471 7221 2000 525 6990 7849 9523 3462 3900 1598 69 2710 932 2179 2816 9620 6183 4713 9342
Error
30
6990
31
5113 5887 8602 2685 6203 9342 4713 6183 9620 2816 2179 932 2710 69 1598 3900 3462 9523 7849 6990 525 2000 7221 3471 4515 4430 3237 3606 1152 3457 5716 1425 7935
False
3900
False
Error
Error
False
Error
Error
Error
False
False
Error
330 1409 5237 2886 1425 5716 3457 1152 3606 3237 4430 4515 3471 7221 2000 525 6990 7849 9523 3462 3900 1598 69 2710 932 2179 2816 9620 6183 4713 9342 6203 2685 8602 5887 5113
False
Error
3216 330 1409 5237 2886 1425 5716 3457 1152 3606 3237 4430 4515 3471 7221 2000 525 6990 7849 9523 3462 3900 1598 69 2710 932 2179 2816 9620 6183 4713 9342 6203 2685 8602 5887
Error
Error
Error
Error
Error
6203 9342 4713 6183 9620 2816 3747 2179 932 2710 69 1598 3900 3462 9523 7849 6990 525 2000 7221 3471 4515 4430 3237 3606 1152 3457 5716 1425 2886 5237 1409 330 3216 7304 594 2972 4295
Error
False
Error
9523
False
Error
7304 3216 330 1409 5237 2886 1425 5716 3457 1152 3606 3237 4430 4515 3471 7221 2000 525 6990 7849 9523 3462 3900 1598 69 2710 932 2179 3747 2816 9620 6183 4713 9342 6203 8278 1779 1794 3710 634
40
False
False
7304 3216 330 1409 5237 2886 1425 5716 3457 1152 3606 3237 4430 4515 3471 7221 2000 525 6990 7849 9523 3462 3900 1598 69 2710 932 2179 3747 2816 9620 6183 4713 9342 6203 8278 1779 1794 3710 634 2379 2280
Error
Error
1711 4274 2379 634 3710 1794 1779 8278 6203 9342 4713 6183 9620 2816 3747 2179 932 2710 69 1598 3900 3462 9523 7849 6990 525 2000 7221 3471 4515 4430 3237 3606 1152 3457 5716 1425 2886 5237 1409 330 3216 7304
Error
1711 4274 2379 634 3710 1794 1779 8278 6203 9342 4713 6183 9620 2816 3747 2179 932 2710 69 1598 3900 3462 9523 7849 6990 525 2000 7221 3471 4515 4430 3237 3606 1152 3457 5716 1425 2886 5237 1409 330 3216 7304
3462
Error
44
False
1152 1711 4274 2379 634 3710 1794 1779 8278 6203 9342 4713 6183 9620 2816 3747 2179 932 2710 69 1598 3900 3462 9523 7849 6990 525 2000 7221 3471 4515 4430 3237 3606 1152 3457 5716 1425 2886 5237 1409 330 3216
Error
Error
Error
3900
False
Error
7893 1164 1152 1711 4274 2379 634 3710 1794 1779 8278 6203 9342 4713 6183 9620 2816 3747 2179 932 2710 69 1598 3900 3462 9523 7849 6990 525 2000 7221 3471 4515 4430 3237 3606 1152 3457 5716 1425 2886 5237 1409 330
Error
7893 1164 1152 1711 4274 2379 634 3710 1794 1779 8278 6203 9342 4713 6183 9620 2816 3747 2179 932 2710 69 1598 3900 3462 9523 7849 6990 525 2000 7221 3471 4515 4430 3237 3606 1152 3457 5716 1425 2886 5237 1409
Error
69
Error
Error
Error
3048 3906 7893 1164 1152 1711 4274 2379 634 3710 1794 1779 8278 6203 9342 4713 6183 9620 2816 3747 2179 932 2710 69 1598 3900 3462 9523 7849 6990 525 2000 7221 3471 4515 4430 3237 3606 1152 3457 5716 1425 2886 5237 1409
9542 5237 2886 1425 5716 3457 1152 3606 3237 4430 4515 3471 7221 2000 525 6990 7849 9523 3462 3900 1598 69 2710 932 2179 3747 2816 9620 6183 4713 9342 6203 8278 1779 1794 3710 634 2379 4274 1711 1152 1164 7893 3906 3048 5068
46
Error
Error
2710
Error
46
Error
48
2600 5835 3048 3906 7893 1164 1152 1711 4274 2379 634 3710 1794 1779 8278 6203 9342 4713 6183 9620 2816 3747 2179 932 2710 69 1598 3900 3462 9523 7849 6990 525 2000 7221 3471 4515 4430 3237 3606 1152 3457 5716 1425 2886 5237 9542 8389 805
Error
Error
2710
False
932
False
48
2600 5835 3048 3906 7893 1164 1152 1711 4274 2379 634 3710 1794 1779 8278 6203 9342 4713 6183 9620 2816 3747 2179 932 2710 69 1598 3900 3462 9523 7849 6990 525 2000 7221 3471 4515 4430 3237 3606 1152 3457 5716 1425 2886 5237 9542 8389
932
False
Error
49
1099 1691 4468 9690 2600 5835 3048 3906 7893 1164 1152 1711 4274 2379 634 3710 1794 1779 8278 6203 9342 4713 6183 9620 2816 3747 2179 932 2710 69 1598 3900 3462 9523 7849 6990 525 2000 7221 3471 4515 4430 3237 3606 1152 3457 5716 1425 2886 5237 9542
False
Error
False
Error
Error
52
Error
Error
Error
2179
2179
False
Error
Error
Error
1099 1691 4468 9690 2600 5835 3048 3906 7893 1164 1152 1711 4274 2379 634 3710 1794 1779 8278 6203 9342 4713 6183 9620 2816 3747 2179 932 2710 69 1598 3900 3462 9523 7849 6990 525 2000 7221 3471 4515 4430 3237 3606 1152 3457 5716 1425 2886 5237 3743 7286 2367
2179
Error
3747
Error
Error
Error
2816
9301 4339 2353 1219 7581 1099 1691 4468 9690 2600 5835 3048 3906 7893 1164 1152 1711 4274 2379 634 3710 1794 1779 8278 6203 9342 4713 6183 9620 2816 3747 2179 932 2710 69 1598 3900 3462 9523 7849 6990 525 2000 7221 3471 4515 4430 3237 3606 1152 3457 5716 1425 2886 5237 3743 7286 2367
1558 2478 9301 4339 2353 1219 7581 1099 1691 4468 9690 2600 5835 3048 3906 7893 1164 1152 1711 4274 2379 634 3710 1794 1779 8278 6203 9342 4713 6183 9620 2816 3747 2179 932 2710 69 1598 3900 3462 9523 7849 6990 525 2000 7221 3471 4515 4430 3237 3606 1152 3457 5716 1425 2886 5237 3743 7286 2367
Error
Error
False
Error
60
False
Error
False
Error
False
Error
62
62
62
8278
Error
Error
6927 6550 4173 3360 3526 7880 1558 2478 9301 4339 2353 1219 7581 1099 1691 4468 9690 2600 5835 3048 3906 7893 1164 1152 1711 4274 2379 634 3710 1794 1779 8278 6203 9342 4713 6183 9620 2816 3747 2179 932 2710 69 1598 3900 3462 9523 7849 6990 525 2000 7221 3471 4515 4430 3237 3606 1152 3457 5716 1425
Error
False
6506 737 6927 6550 4173 3360 3526 7880 1558 2478 9301 4339 2353 1219 7581 1099 1691 4468 9690 2600 5835 3048 3906 7893 1164 1152 1711 4274 2379 634 3710 1794 1779 8278 6203 9342 4713 6183 9620 2816 3747 2179 932 2710 69 1598 3900 3462 9523 7849 6990 525 2000 7221 3471 4515 4430 3237 3606 1152 3457
Error
634
Error
634
63
Error
62
62
False
62
Error
Error
Error
Error
False
5903 6107 5446 5361 229 7336 6506 737 6927 6550 4173 3360 3526 7880 1558 2478 9301 4339 2353 1219 7581 1099 1691 4468 9690 2600 5835 3048 3906 7893 1164 1152 1711 4274 2379 634 3710 1794 1779 8278 6203 9342 4713 6183 9620 2816 3747 2179 932 2710 69 1598 3900 3462 9523 7849 6990 525 2000 7221 3471 4515 4430
63
False
False
7077 7878 6181 9252 7918 5903 6107 5446 5361 229 7336 6506 737 6927 6550 4173 3360 3526 7880 1558 2478 9301 4339 2353 1219 7581 1099 1691 4468 9690 2600 5835 3048 3906 7893 1164 1152 1711 4274 2379 634 3710 1794 1779 8278 6203 9342 4713 6183 9620 2816 3747 2179 932 2710 69 1598 3900 3462 9523 7849 6990 525 2000 7221 3471 4515
Error
3048
Error
Error
5835
65
False
525 6990 7849 9523 3462 3900 1598 69 2710 932 2179 3747 2816 9620 6183 4713 9342 6203 8278 1779 1794 3710 634 2379 4274 1711 1152 1164 7893 3906 3048 5835 2600 9690 4468 1691 1099 7581 1219 2353 4339 9301 2478 1558 7880 3526 3360 4173 6550 6927 737 6506 7336 229 5361 5446 6107 5903 7918 9252 6181 7878 7077 6851
Error
Error
63
Error
Error
Error
2600
Error
Error
61
62
Error
Error
Error
Error
False
Error
False
False
4468
Error
Error
1552 3900 1598 69 2710 932 2179 3747 2816 9620 6183 4713 9342 6203 8278 1779 1794 3710 634 2379 4274 1711 1152 1164 7893 3906 3048 5835 2600 9690 4468 1691 1099 7581 1219 2353 4339 9301 2478 1558 7880 3526 3360 4173 6550 6927 737 6506 7336 229 5361 5446 6107 5903 7918 9252 6181 7878
False
Error
Error
59
2600
8807 7878 6181 9252 7918 5903 6107 5446 5361 229 7336 6506 737 6927 6550 4173 3360 3526 7880 1558 2478 9301 4339 2353 1219 7581 1099 1691 4468 9690 2600 5835 3048 3906 7893 1164 1152 1711 4274 2379 634 3710 1794 1779 8278 6203 9342 4713 6183 9620 2816 3747 2179 932 2710 69 1598 3900 1552 8430
Error
8807 7878 6181 9252 7918 5903 6107 5446 5361 229 7336 6506 737 6927 6550 4173 3360 3526 7880 1558 2478 9301 4339 2353 1219 7581 1099 1691 4468 9690 2600 5835 3048 3906 7893 1164 1152 1711 4274 2379 634 3710 1794 1779 8278 6203 9342 4713 6183 9620 2816 3747 2179 932 2710 69 1598 3900 1552
4468
Error
Error
8036 1598 69 2710 932 2179 3747 2816 9620 6183 4713 9342 6203 8278 1779 1794 3710 634 2379 4274 1711 1152 1164 7893 3906 3048 5835 2600 9690 4468 1691 1099 7581 1219 2353 4339 9301 2478 1558 7880 3526 3360 4173 6550 6927 737 6506 7336 229 5361 5446 6107 5903 7918 9252 6181 7878 8807
58
9690
Error
Error
2600
Error
Error
Error
2600
Error
9690
6018 4313 5901 5707 4586 2048 263 6181 9252 7918 5903 6107 5446 5361 229 7336 6506 737 6927 6550 4173 3360 3526 7880 1558 2478 9301 4339 2353 1219 7581 1099 1691 4468 9690 2600 5835 3048 3906 7893 1164 1152 1711 4274 2379 634 3710 1794 1779 8278 6203 9342 4713 6183 9620 2816 3747 2179 932 2710 69 1598
Error
Error
Error
Error
1219
Error
Error
Error
7748 1702 9397 8574 6018 4313 5901 5707 4586 2048 263 6181 9252 7918 5903 6107 5446 5361 229 7336 6506 737 6927 6550 4173 3360 3526 7880 1558 2478 9301 4339 2353 1219 7581 1099 1691 4468 9690 2600 5835 3048 3906 7893 1164 1152 1711 4274 2379 634 3710 1794 1779 8278 6203 9342 4713 6183 9620 2816 3747 2179 932 2710 69
Error
4339
Error
Error
9359 3227 932 2179 3747 2816 9620 6183 4713 9342 6203 8278 1779 1794 3710 634 2379 4274 1711 1152 1164 7893 3906 3048 5835 2600 9690 4468 1691 1099 7581 1219 2353 4339 9301 2478 1558 7880 3526 3360 4173 6550 6927 737 6506 7336 229 5361 5446 6107 5903 7918 9252 6181 263 2048 4586 5707 5901 4313 6018 8574 9397 1702 7748 1179 6118 4512
68
2353
Error
1179 7748 1702 9397 8574 6018 4313 5901 5707 4586 2048 263 6181 9252 7918 5903 6107 5446 5361 229 7336 6506 737 6927 6550 4173 3360 3526 7880 1558 2478 9301 4339 2353 1219 7581 1099 1691 4468 9690 2600 5835 3048 3906 7893 1164 1152 1711 4274 2379 634 3710 1794 1779 8278 6203 9342 4713 6183 9620 2816 3747 2179 932 3227 9359
Error
9301
Error
False
Error
Error
False
64
False
64
Error
Error
Error
Error
5766 1179 7748 1702 9397 8574 6018 4313 5901 5707 4586 2048 263 6181 9252 7918 5903 6107 5446 5361 229 7336 6506 737 6927 6550 4173 3360 3526 7880 1558 2478 9301 4339 2353 1219 7581 1099 1691 4468 9690 2600 5835 3048 3906 7893 1164 1152 1711 4274 2379 634 3710 1794 1779 8278 6203 9342 4713 6183 9620
Error
7880
Error
4012 1042 5766 1179 7748 1702 9397 8574 6018 4313 5901 5707 4586 2048 263 6181 9252 7918 5903 6107 5446 5361 229 7336 6506 737 6927 6550 4173 3360 3526 7880 1558 2478 9301 4339 2353 1219 7581 1099 1691 4468 9690 2600 5835 3048 3906 7893 1164 1152 1711 4274 2379 634 3710 1794 1779 8278 6203 9342 4713 6183 9620
Error
Error
3526
Error
Error
False
64
Error
65
Error
284 5463 4851 4713 9342 6203 8278 1779 1794 3710 634 2379 4274 1711 1152 1164 7893 3906 3048 5835 2600 9690 4468 1691 1099 7581 1219 2353 4339 9301 2478 1558 7880 3526 3360 4173 6550 6927 737 6506 7336 229 5361 5446 6107 5903 7918 9252 6181 263 2048 4586 5707 5901 4313 6018 8574 9397 1702 7748 1179 5766 1042 4012 7022 3040 1939 9870
Error
68
Error
False
886 4071 5463 4851 4713 9342 6203 8278 1779 1794 3710 634 2379 4274 1711 1152 1164 7893 3906 3048 5835 2600 9690 4468 1691 1099 7581 1219 2353 4339 9301 2478 1558 7880 3526 3360 4173 6550 6927 737 6506 7336 229 5361 5446 6107 5903 7918 9252 6181 263 2048 4586 5707 5901 4313 6018 8574 9397 1702 7748 1179 5766 1042 4012 7022 3040 1939 9870
Error
Error
7880
Error
False
False
False
Error
Error
1558
False
False
70
Error
Error
69
Error
False
635 1042 5766 1179 7748 1702 9397 8574 6018 4313 5901 5707 4586 2048 263 6181 9252 7918 5903 6107 5446 5361 229 7336 6506 737 6927 6550 4173 3360 3526 7880 1558 2478 9301 4339 2353 1219 7581 1099 1691 4468 9690 2600 5835 3048 3906 7893 1164 1152 1711 4274 2379 634 3710 1794 1779 8278 6203 9342 4713 4851 5463 4071 886 4559 4777 8658 2751
Error
Error
2478
False
7880
72
Error
Error
3360
66
66
3411 736 8202 9926 635 1042 5766 1179 7748 1702 9397 8574 6018 4313 5901 5707 4586 2048 263 6181 9252 7918 5903 6107 5446 5361 229 7336 6506 737 6927 6550 4173 3360 3526 7880 1558 2478 9301 4339 2353 1219 7581 1099 1691 4468 9690 2600 5835 3048 3906 7893 1164 1152 1711 4274 2379 634 3710 1794 1779 8278 6203 9342 4713 4851
False
65
Error
1805 8202 9926 635 1042 5766 1179 7748 1702 9397 8574 6018 4313 5901 5707 4586 2048 263 6181 9252 7918 5903 6107 5446 5361 229 7336 6506 737 6927 6550 4173 3360 3526 7880 1558 2478 9301 4339 2353 1219 7581 1099 1691 4468 9690 2600 5835 3048 3906 7893 1164 1152 1711 4274 2379 634 3710 1794 1779 8278 6203 9342 4713 4851 9369
66
Error
Error
Error
Error
False
1805 8202 9926 635 1042 5766 1179 7748 1702 9397 8574 6018 4313 5901 5707 4586 2048 263 6181 9252 7918 5903 6107 5446 5361 229 7336 6506 737 6927 6550 4173 3360 3526 7880 1558 2478 9301 4339 2353 1219 7581 1099 1691 4468 9690 2600 5835 3048 3906 7893 1164 1152 1711 4274 2379 634 3710 1794 1779 8278 6203 9342 4713 4851 9369
Error
Error
Error
False
Error
5483 9910 5875 3729 1805 8202 9926 635 1042 5766 1179 7748 1702 9397 8574 6018 4313 5901 5707 4586 2048 263 6181 9252 7918 5903 6107 5446 5361 229 7336 6506 737 6927 6550 4173 3360 3526 7880 1558 2478 9301 4339 2353 1219 7581 1099 1691 4468 9690 2600 5835 3048 3906 7893 1164 1152 1711 4274 2379 634 3710 1794 1779 8278 6203
Error
737
737
Error
Error
65
737
Error
Error
Error
6506
Error
6506
False
6506
9704 5483 9910 5875 3729 1805 8202 9926 635 1042 5766 1179 7748 1702 9397 8574 6018 4313 5901 5707 4586 2048 263 6181 9252 7918 5903 6107 5446 5361 229 7336 6506 737 6927 6550 4173 3360 3526 7880 1558 2478 9301 4339 2353 1219 7581 1099 1691 4468 9690 2600 5835 3048 3906 7893 1164 1152 1711 4274 2379 634 3710 1794
False
Error
Error
Error
1164 7893 3906 3048 5835 2600 9690 4468 1691 1099 7581 1219 2353 4339 9301 2478 1558 7880 3526 3360 4173 6550 6927 737 6506 7336 229 5361 5446 6107 5903 7918 9252 6181 263 2048 4586 5707 5901 4313 6018 8574 9397 1702 7748 1179 5766 1042 635 9926 8202 1805 3729 5875 9910 5483 9704 1116
Error
False
60
318 9252 238 1164 7893 3906 3048 5835 2600 9690 4468 1691 1099 7581 1219 2353 4339 9301 2478 1558 7880 3526 3360 4173 6550 6927 737 6506 7336 229 5361 5446 6107 5903 7918 9252 6181 263 2048 4586 5707 5901 4313 6018 8574 9397 1702 7748 1179 5766 1042 635 9926 8202 1805 3729 5875 9910 5483
Error
7336
Error
Error
Error
6506
9968 6741 318 9252 238 1164 7893 3906 3048 5835 2600 9690 4468 1691 1099 7581 1219 2353 4339 9301 2478 1558 7880 3526 3360 4173 6550 6927 737 6506 7336 229 5361 5446 6107 5903 7918 9252 6181 263 2048 4586 5707 5901 4313 6018 8574 9397 1702 7748 1179 5766 1042 635 9926 8202 1805 3729 5875
9968 6741 318 9252 238 1164 7893 3906 3048 5835 2600 9690 4468 1691 1099 7581 1219 2353 4339 9301 2478 1558 7880 3526 3360 4173 6550 6927 737 6506 7336 229 5361 5446 6107 5903 7918 9252 6181 263 2048 4586 5707 5901 4313 6018 8574 9397 1702 7748 1179 5766 1042 635 9926 8202 1805 3729 5875
Error
Error
Error
Error
False
Error
Error
Error
Error
737
Error
Error
Error
Error
6927
Error
59
3067 9968 6741 318 9252 238 1164 7893 3906 3048 5835 2600 9690 4468 1691 1099 7581 1219 2353 4339 9301 2478 1558 7880 3526 3360 4173 6550 6927 737 6506 7336 229 5361 5446 6107 5903 7918 9252 6181 263 2048 4586 5707 5901 4313 6018 8574 9397 1702 7748 1179 5766 1042 635 9926 8202 9232 8133
Error
3067 9968 6741 318 9252 238 1164 7893 3906 3048 5835 2600 9690 4468 1691 1099 7581 1219 2353 4339 9301 2478 1558 7880 3526 3360 4173 6550 6927 737 6506 7336 229 5361 5446 6107 5903 7918 9252 6181 263 2048 4586 5707 5901 4313 6018 8574 9397 1702 7748 1179 5766 1042 635 9926 8202 9232 8133
Error
Error
Error
False
9540 3067 9968 6741 318 9252 238 1164 7893 3906 3048 5835 2600 9690 4468 1691 1099 7581 1219 2353 4339 9301 2478 1558 7880 3526 3360 4173 6550 6927 737 6506 7336 229 5361 5446 6107 5903 7918 9252 6181 263 2048 4586 5707 5901 4313 6018 8574 9397 1702 7748 1179 5766 1042 635 9926
9540 3067 9968 6741 318 9252 238 1164 7893 3906 3048 5835 2600 9690 4468 1691 1099 7581 1219 2353 4339 9301 2478 1558 7880 3526 3360 4173 6550 6927 737 6506 7336 229 5361 5446 6107 5903 7918 9252 6181 263 2048 4586 5707 5901 4313 6018 8574 9397 1702 7748 1179 5766 1042 635 9926
Error
Error
9817 9540 3067 9968 6741 318 9252 238 1164 7893 3906 3048 5835 2600 9690 4468 1691 1099 7581 1219 2353 4339 9301 2478 1558 7880 3526 3360 4173 6550 6927 737 6506 7336 229 5361 5446 6107 5903 7918 9252 6181 263 2048 4586 5707 5901 4313 6018 8574 9397 1702 7748 1179 5766 1042 635 9926
Error
58
Error
4173
3360
False
False
Error
Error
60
Error
False
Error
3526
Error
Error
Error
737
Error
Error
Error
False
6506
False
False
229
False
62
61
Error
60
Error
Error
Error
85 36 8736 1584 8911 6477 9631 2156 2749 7319 5864 8582 3297 592 2315 8110 2002 9465 1042 5766 1179 7748 1702 9397 8574 6018 4313 5901 5707 4586 2048 263 6181 9252 7918 5903 6107 5446 5361 229 7336 6506 737 6927 6550 4173 3360 3526 7880 1558 2478 9301 4339 2353 1219 7581 1099 1691 4468 9690 2600 5835 3048
2048
844 85 36 8736 1584 8911 6477 9631 2156 2749 7319 5864 8582 3297 592 2315 8110 2002 9465 1042 5766 1179 7748 1702 9397 8574 6018 4313 5901 5707 4586 2048 263 6181 9252 7918 5903 6107 5446 5361 229 7336 6506 737 6927 6550 4173 3360 3526 7880 1558 2478 9301 4339 2353 1219 7581 1099 1691 4468 9690 2600 5835
Error
Error
63
63
3348 4067 844 85 36 8736 1584 8911 6477 9631 2156 2749 7319 5864 8582 3297 592 2315 8110 2002 9465 1042 5766 1179 7748 1702 9397 8574 6018 4313 5901 5707 4586 2048 263 6181 9252 7918 5903 6107 5446 5361 229 7336 6506 737 6927 6550 4173 3360 3526 7880 1558 2478 9301 4339 2353 1219 7581 1099 1691 4468
False
False
Error
62
False
3022 5970 3348 4067 844 85 36 8736 1584 8911 6477 9631 2156 2749 7319 5864 8582 3297 592 2315 8110 2002 9465 1042 5766 1179 7748 1702 9397 8574 6018 4313 5901 5707 4586 2048 263 6181 9252 7918 5903 6107 5446 5361 229 7336 6506 737 6927 6550 4173 3360 3526 7880 1558 2478 9301 4339 2353 1219 7581 1099 3980
Error
7156 3022 5970 3348 4067 844 85 36 8736 1584 8911 6477 9631 2156 2749 7319 5864 8582 3297 592 2315 8110 2002 9465 1042 5766 1179 7748 1702 9397 8574 6018 4313 5901 5707 4586 2048 263 6181 9252 7918 5903 6107 5446 5361 229 7336 6506 737 6927 6550 4173 3360 3526 7880 1558 2478 9301 4339 2353 1219 7581 1099 3980
Error
Error
Error
Error
Error
Error
False
Error
Error
Error
Error
63
Error
Error
Error
Error
Error
8574
Error
9397
Error
Error
Error
1702
Error
Error
Error
Error
Error
Error
Error
72
Error
9465
70
Error
5766
Error
False
Error
5503 4776 7828 6673 2246 2209 8641 4463 4523 7156 3022 5970 3348 4067 844 85 36 8736 1584 8911 6477 9631 2156 2749 7319 5864 8582 3297 592 2315 8110 2002 9465 1042 5766 1179 7748 1702 9397 8574 6018 4313 5901 5707 4586 2048 263 6181 9252 7918 5903 6107 5446 5361 229 7336 6506 737 6927 6550 4173 3360 3526 7880 1558 2478 9301 4339
5503 4776 7828 6673 2246 2209 8641 4463 4523 7156 3022 5970 3348 4067 844 85 36 8736 1584 8911 6477 9631 2156 2749 7319 5864 8582 3297 592 2315 8110 2002 9465 1042 5766 1179 7748 1702 9397 8574 6018 4313 5901 5707 4586 2048 263 6181 9252 7918 5903 6107 5446 5361 229 7336 6506 737 6927 6550 4173 3360 3526 7880 1558 2478 9301 4339
1042
Error
False
Error
Error
66
Error
65
9465
9465
Error
False
Error
Error
592
Error
4381 6550 6927 737 6506 7336 229 5361 5446 6107 5903 7918 9252 6181 263 2048 4586 5707 5901 4313 6018 8574 9397 1702 7748 1179 5766 1042 9465 2002 8110 2315 592 3297 8582 5864 7319 2749 2156 9631 6477 8911 1584 8736 36 85 844 4067 3348 5970 3022 7156 4523 4463 8641 2209 2246 6673 7828 4776 5503 2953 1412 2576 6513
Error
Error
Error
65
Error
Error
4381 6550 6927 737 6506 7336 229 5361 5446 6107 5903 7918 9252 6181 263 2048 4586 5707 5901 4313 6018 8574 9397 1702 7748 1179 5766 1042 9465 2002 8110 2315 592 3297 8582 5864 7319 2749 2156 9631 6477 8911 1584 8736 36 85 844 4067 3348 5970 3022 7156 4523 4463 8641 2209 2246 6673 7828 4776 5503 2953 1412 2576 6513
4381 6550 6927 737 6506 7336 229 5361 5446 6107 5903 7918 9252 6181 263 2048 4586 5707 5901 4313 6018 8574 9397 1702 7748 1179 5766 1042 9465 2002 8110 2315 592 3297 8582 5864 7319 2749 2156 9631 6477 8911 1584 8736 36 85 844 4067 3348 5970 3022 7156 4523 4463 8641 2209 2246 6673 7828 4776 5503 2953 1412 2576 6513
Error
65
65
Error
2002
Error
9465
Error
1545 2180 4381 6550 6927 737 6506 7336 229 5361 5446 6107 5903 7918 9252 6181 263 2048 4586 5707 5901 4313 6018 8574 9397 1702 7748 1179 5766 1042 9465 2002 8110 2315 592 3297 8582 5864 7319 2749 2156 9631 6477 8911 1584 8736 36 85 844 4067 3348 5970 3022 7156 4523 4463 8641 2209 2246 6673
60
62
False
Error
61
Error
Error
7748
Error
62
False
False
Error
False
Error
Error
False
8574
Error
8574
Error
Error
Error
9704 308 7371 3456 5970 3348 4067 844 85 36 8736 1584 8911 6477 9631 2156 2749 7319 5864 8582 3297 592 2315 8110 2002 9465 1042 5766 1179 7748 1702 9397 8574 6018 4313 5901 5707 4586 2048 263 6181 9252 7918 5903 6107 5446 5361 229 7336 6506 737 6927 6550 4381 2180 1545 1498 5391 9713 7532 909 5784
False
False
Error
False
1702
False
Error
Error
Error
2784 9704 308 7371 3456 5970 3348 4067 844 85 36 8736 1584 8911 6477 9631 2156 2749 7319 5864 8582 3297 592 2315 8110 2002 9465 1042 5766 1179 7748 1702 9397 8574 6018 4313 5901 5707 4586 2048 263 6181 9252 7918 5903 6107 5446 5361 229 7336 6506 737 6927 6550 4381 2180 1545 1498 5391 9713 7532 909 5784
Error
False
Error
Error
Error
False
Error
Error
Error
Error
3816 8908 9119 386 2784 9704 308 7371 3456 5970 3348 4067 844 85 36 8736 1584 8911 6477 9631 2156 2749 7319 5864 8582 3297 592 2315 8110 2002 9465 1042 5766 1179 7748 1702 9397 8574 6018 4313 5901 5707 4586 2048 263 6181 9252 7918 5903 6107 5446 5361 229 7336 6506 737 6927 6550
False
Error
1078 3816 8908 9119 386 2784 9704 308 7371 3456 5970 3348 4067 844 85 36 8736 1584 8911 6477 9631 2156 2749 7319 5864 8582 3297 592 2315 8110 2002 9465 1042 5766 1179 7748 1702 9397 8574 6018 4313 5901 5707 4586 2048 263 6181 9252 7918 5903 6107 5446 5361 229 7336 6506 737 6927 6550
Error
8110
8110
Error
8110
Error
False
Error
Error
Error
4210 8908 9119 386 2784 9704 308 7371 3456 5970 3348 4067 844 85 36 8736 1584 8911 6477 9631 2156 2749 7319 5864 8582 3297 592 2315 8110 2002 9465 1042 5766 1179 7748 1702 9397 8574 6018 4313 5901 5707 4586 2048 263 6181 9252 7918 5903 6107 5446 5361 229 7336 6506 737 6927 3518
False
Error
Error
60
Error
60
False
2314 5956 7776 5432 4210 8908 9119 386 2784 9704 308 7371 3456 5970 3348 4067 844 85 36 8736 1584 8911 6477 9631 2156 2749 7319 5864 8582 3297 592 2315 8110 2002 9465 1042 5766 1179 7748 1702 9397 8574 6018 4313 5901 5707 4586 2048 263 6181 9252 7918 5903 6107 5446 5361 229 7336 6506 737 3689
Error
Error
8582
Error
61
Error
5864
61
2749
4766 541 8572 9702 2314 5956 7776 5432 4210 8908 9119 386 2784 9704 308 7371 3456 5970 3348 4067 844 85 36 8736 1584 8911 6477 9631 2156 2749 7319 5864 8582 3297 592 2315 8110 2002 9465 1042 5766 1179 7748 1702 9397 8574 6018 4313 5901 5707 4586 2048 263 6181 9252 7918 5903 6107 5446 5361
4766 541 8572 9702 2314 5956 7776 5432 4210 8908 9119 386 2784 9704 308 7371 3456 5970 3348 4067 844 85 36 8736 1584 8911 6477 9631 2156 2749 7319 5864 8582 3297 592 2315 8110 2002 9465 1042 5766 1179 7748 1702 9397 8574 6018 4313 5901 5707 4586 2048 263 6181 9252 7918 5903 6107 5446 5361
1580 4766 541 8572 9702 2314 5956 7776 5432 4210 8908 9119 386 2784 9704 308 7371 3456 5970 3348 4067 844 85 36 8736 1584 8911 6477 9631 2156 2749 7319 5864 8582 3297 592 2315 8110 2002 9465 1042 5766 1179 7748 1702 9397 8574 6018 4313 5901 5707 4586 2048 263 6181 9252 7918 5903 6107 5446
Error
Error
Error
Error
Error
False
1580 4766 541 8572 9702 2314 5956 7776 5432 4210 8908 9119 386 2784 9704 308 7371 3456 5970 3348 4067 844 85 36 8736 1584 8911 6477 9631 2156 2749 7319 5864 8582 3297 592 2315 8110 2002 9465 1042 5766 1179 7748 1702 9397 8574 6018 4313 5901 5707 4586 2048 263 6181 9252 7918 5903 6107 5446
Error
Error
Error
6477
378 1580 4766 541 8572 9702 2314 5956 7776 5432 4210 8908 9119 386 2784 9704 308 7371 3456 5970 3348 4067 844 85 36 8736 1584 8911 6477 9631 2156 2749 7319 5864 8582 3297 592 2315 8110 2002 9465 1042 5766 1179 7748 1702 9397 8574 6018 4313 5901 5707 4586 2048 263 6181 9252
Error
Error
58
6242 378 1580 4766 541 8572 9702 2314 5956 7776 5432 4210 8908 9119 386 2784 9704 308 7371 3456 5970 3348 4067 844 85 36 8736 1584 8911 6477 9631 2156 2749 7319 5864 8582 3297 592 2315 8110 2002 9465 1042 5766 1179 7748 1702 9397 8574 6018 4313 5901 5707 4586 2048 263
1584
Error
Error
Error
False
False
Error
Error
36
Error
60
Error
5766 263 2048 4586 5707 5901 4313 6018 8574 9397 1702 7748 1179 5766 1042 9465 2002 8110 2315 592 3297 8582 5864 7319 2749 2156 9631 6477 8911 1584 8736 36 85 844 4067 3348 5970 3456 7371 308 9704 2784 386 9119 8908 4210 5432 7776 5956 2314 9702 8572 541 4766 1580 378 6242 3920 2427 8164
Error
1584
5766 263 2048 4586 5707 5901 4313 6018 8574 9397 1702 7748 1179 5766 1042 9465 2002 8110 2315 592 3297 8582 5864 7319 2749 2156 9631 6477 8911 1584 8736 36 85 844 4067 3348 5970 3456 7371 308 9704 2784 386 9119 8908 4210 5432 7776 5956 2314 9702 8572 541 4766 1580 378 6242 3920 2427 8164
Error
Error
9631
Error
2156
7829 488 5766 263 2048 4586 5707 5901 4313 6018 8574 9397 1702 7748 1179 5766 1042 9465 2002 8110 2315 592 3297 8582 5864 7319 2749 2156 9631 6477 8911 1584 8736 36 85 844 4067 3348 5970 3456 7371 308 9704 2784 386 9119 8908 4210 5432 7776 5956 2314 9702 8572 541 4766
Error
Error
Error
Error
9631
Error
Error
False
Error
6477
False
54
Error
Error
8911
Error
Error
False
Error
Error
False
Error
Error
Error
Error
Error
Error
Error
False
57
Error
57
57
False
56
56
3071 4102 4766 541 8572 9702 2314 5956 7776 5432 4210 8908 9119 386 2784 9704 308 7371 3456 5970 3348 4067 844 85 36 8736 1584 8911 6477 9631 2156 2749 7319 5864 8582 3297 592 2315 8110 2002 9465 1042 5766 1179 7748 1702 9397 8574 6018 4313 5901 5707 9064 7109 1070 5256
3071 4102 4766 541 8572 9702 2314 5956 7776 5432 4210 8908 9119 386 2784 9704 308 7371 3456 5970 3348 4067 844 85 36 8736 1584 8911 6477 9631 2156 2749 7319 5864 8582 3297 592 2315 8110 2002 9465 1042 5766 1179 7748 1702 9397 8574 6018 4313 5901 5707 9064 7109
Error
Error
Error
54
8911
54
9631
58
Error
False
Error
7315 8557 4102 4766 541 8572 9702 2314 5956 7776 5432 4210 8908 9119 386 2784 9704 308 7371 3456 5970 3348 4067 844 85 36 8736 1584 8911 6477 9631 2156 2749 7319 5864 8582 3297 592 2315 8110 2002 9465 1042 5766 1179 7748 1702 9397 8574 6018 4313 5901 5707 9064 6737 343 8168
Error
False
Error
8736
8736
8736
Error
57
False
False
36
36
Error
Error
55
55
Error
5091 3805 3714 7315 8557 4102 4766 541 8572 9702 2314 5956 7776 5432 4210 8908 9119 386 2784 9704 308 7371 3456 5970 3348 4067 844 85 36 8736 1584 8911 6477 9631 2156 2749 7319 5864 8582 3297 592 2315 8110 2002 9465 1042 5766 1179 7748 1702 9397 8574 6018 4313 5901
85
Error
Error
False
False
6053 8296 5091 3805 3714 7315 8557 4102 4766 541 8572 9702 2314 5956 7776 5432 4210 8908 9119 386 2784 9704 308 7371 3456 5970 3348 4067 844 85 36 8736 1584 8911 6477 9631 2156 2749 7319 5864 8582 3297 592 2315 8110 2002 9465 1042 5766 1179 7748 1702 9397 8574 6018
7618 6053 8296 5091 3805 3714 7315 8557 4102 4766 541 8572 9702 2314 5956 7776 5432 4210 8908 9119 386 2784 9704 308 7371 3456 5970 3348 4067 844 85 36 8736 1584 8911 6477 9631 2156 2749 7319 5864 8582 3297 592 2315 8110 2002 9465 1042 5766 1179 7748 1702 9397 8574
55
Error
3348
Error
5322 7618 6053 8296 5091 3805 3714 7315 8557 4102 4766 541 8572 9702 2314 5956 7776 5432 4210 8908 9119 386 2784 9704 308 7371 3456 5970 3348 4067 844 85 36 8736 1584 8911 6477 9631 2156 2749 7319 5864 8582 3297 592 2315 8110 2002 9465 1042 5766 1179 7748 1702
Error
Error
55
Error
3456
Error
Error
Error
7618 6053 8296 5091 3805 3714 7315 8557 4102 4766 541 8572 9702 2314 5956 7776 5432 4210 8908 9119 386 2784 9704 308 7371 3456 5970 3348 4067 844 85 36 8736 1584 8911 6477 9631 2156 2749 7319 5864 8582 3297 592 2315 8110 2002 9465 1042 5766 1179 7748
3456
Error
308
54
5970
3348
2863 7703 1179 5766 1042 9465 2002 8110 2315 592 3297 8582 5864 7319 2749 2156 9631 6477 8911 1584 8736 36 85 844 4067 3348 5970 3456 7371 308 9704 2784 386 9119 8908 4210 5432 7776 5956 2314 9702 8572 541 4766 4102 8557 7315 3714 3805 5091 8296 6053
Error
False
Error
844
Error
Error
8747 2026 3583 2863 7703 1179 5766 1042 9465 2002 8110 2315 592 3297 8582 5864 7319 2749 2156 9631 6477 8911 1584 8736 36 85 844 4067 3348 5970 3456 7371 308 9704 2784 386 9119 8908 4210 5432 7776 5956 2314 9702 8572 541 4766 4102 8557 7315 3714 3805 5091
Error
8747 2026 3583 2863 7703 1179 5766 1042 9465 2002 8110 2315 592 3297 8582 5864 7319 2749 2156 9631 6477 8911 1584 8736 36 85 844 4067 3348 5970 3456 7371 308 9704 2784 386 9119 8908 4210 5432 7776 5956 2314 9702 8572 541 4766 4102 8557 7315 3714 3805 5091
8747 2026 3583 2863 7703 1179 5766 1042 9465 2002 8110 2315 592 3297 8582 5864 7319 2749 2156 9631 6477 8911 1584 8736 36 85 844 4067 3348 5970 3456 7371 308 9704 2784 386 9119 8908 4210 5432 7776 5956 2314 9702 8572 541 4766 4102 8557 7315 3714 3805 5091
Error
8747 2026 3583 2863 7703 1179 5766 1042 9465 2002 8110 2315 592 3297 8582 5864 7319 2749 2156 9631 6477 8911 1584 8736 36 85 844 4067 3348 5970 3456 7371 308 9704 2784 386 9119 8908 4210 5432 7776 5956 2314 9702 8572 541 4766 4102 8557 7315 3714 3805
False
Error
Error
Error
Error
54
Error
False
False
Error
5003 4096 1989 3607 7439 9096 586 7834 4988 3805 3714 7315 8557 4102 4766 541 8572 9702 2314 5956 7776 5432 4210 8908 9119 386 2784 9704 308 7371 3456 5970 3348 4067 844 85 36 8736 1584 8911 6477 9631 2156 2749 7319 5864 8582 3297 592 2315 8110 2002 9465 1042 5766
Error
56
False
2784
Error
