Empty
Error
Empty
Error
Empty
1
Error
9050
9050
Error
1
1
0
Error
3130
Error
Error
Error
Empty
Empty
Error
1
0
0
Empty
Empty
0
Empty
Empty
Empty
8984
Error
Error
Error
False
Error
Error
Error
3808 5322 9019 6062
False
Error
9019
6062 9019 5322
3
Error
Error
Empty
Empty
0
Error
True
6931
False
Error
906
2
Error
695 906 6931
Error
Empty
Error
Error
Empty

Error
False
2786
2786
1443
Error
Error
False
1
1443
Empty
Error
0

3421
0
0
Empty
Error

0
Error
Error
Error
Empty
Empty
Error
Empty
Error
5999
Error
Error
Error
2047 5999
Error
Error
Error
Error
Error
Error
6418 2047
False
Error
Error
False
2
2
Error
6418
Error
0
Error

Error
Empty

False
Error
5236
5236
Error
Error
Error
Error
False
Error
Error
4
Error
3
Error
8865 2581 6908
Error
1456 6908 2581 8865
False
8603 1456 6908
8603 1456 6908
3
3
Error
2
Error
Error
1
Error
1
418 1481 7517 6908
1481
Error
Error
Error
False
2
2529 2521
Error
Error
Error
2177 2529 2521
3
Error
Error
2177 2529
2177
Error
5999
Error
Error
Error
Error
5999
5999
Error
Error
Error
9872 8047 688 2281
Error
8047
Error
False
6
Error
9217
8542 8233 9217 688 8047 9872
Error
688
False
Error
Error
False
6
Error
5
Error
8542
9217 8233 8542 1146 9167
8542
8542
Error
Error
Empty
Empty
Error
Empty
Error
Error
5
Error
Error
Error
6814
False
Error
6814
Error
Error
2488
False
Error
Error
Error
False
Error
2488
7191 6814 2488
Error
7191
5356 7191 6814 2488
Error
False
Error
4229
Error
Error
2947 8806 4229 71 5356
Error
False
2
2947 8806
False
3
Error
False
6
False
8806 2947 5698 1013 5462 8082
False
False
6
False
Error
Error
Error
8082 5462 1013 5698 2947
Error
False
Error
Error
Error
Error
Error
Error
Error
3
Error
Error
Error
False
3
False
143 6380 4723 6986 5462
Error
Error
Error
Error
Error
8152 4632 7231 143 6380 4723 6986 5462
8152 4632 7231 143 6380 4723 6986 5462
8152 4632 7231 143 6380 4723 6986 5462
8152 4632 7231 143 6380 4723 6986 5462
Error
143
False
Error
9
Error
Error
False
Error
4723
Error
9
9094 5462 6986 4723 6380 143 7231 2101 2063
False
Error
Error
Error
Error
Error
Error
Error
5034 8544 1667 8863 6120 9094 5462 6986 4723 6380 143 7231 2101 2063
15
15
Error
Error
False
Error
Error
15
4723
Error
Error
Error
False
6380
995 8554 1761 8896 2063 2101 7231 143 6380 4723 6986 5462 9094 6120 8863 1667 8544 5034
Error
Error
Error
8554
Error
Error
995
Error
Error
Error
False
Error
20
20
Error
Error
Error
Error
Error
False
Error
False
17
7231
Error
Error
Error
5043 3531 4637 1169 6986 4723 6380 143 7231 2101 2063 8896 1761 8554 995
Error
6380
Error
Error
Error
5043 3531 4637 1169 6986 4723 6380 143 7231 2101 2063
Error
Error
Error
Error
Error
5775 8961 2063 2101 7231 143 6380 4723 6986 1169 4637 3531
Error
False
False
Error
Error
Error
False
Error
143
False
Error
False
Error
Error
Error
Error
Error
Error
Error
2063 2101 7231 143 6380 4723 6986 1169 4637 3781 4424 536
Error
Error
11
Error
6380
Error
456 2063 2101 7231 143 6380 4723 6986 1169 4637
Error
Error
Error
456 2063 2101 7231 143 6380 4723 6986 1169
Error
Error
143
Error
1169 6986 4723 6380 143 7231 2101 2063 456 90
False
Error
11
10
7231
7231
Error
Error
Error
14
Error
Error
Error
Error
Error
Error
9341 620 1363 5556 4929 2894 3209 90 456 2063 2101 7231 143 6380 4723 6986
Error
Error
Error
Error
13
13
Error
Error
Error
Error
143
13
Error
Error
7231
Error
Error
6352 3209 90 456 2063 2101 7231 143 6380 4723 5231 5210 8910
Error
False
9164 1754 6352 3209 90 456 2063 2101 7231 143 6380 4723 5231
2063
Error
False
Error
False
15
Error
Error
13
Error
Error
Error
12
Error
Error
Error
12
Error
Error
Error
456
456
Error
Error
1336 5568 9092 1194 7540 7049 2101 2063 456 90 3209 6352 1754 9164 3904 6711
16
Error
Error
Error
17
Error
Error
2069 4231 3929 1336 5568 9092 1194 7540 7049 2101 2063 456 90 3209 6352 1754 9164
Error
False
Error
Error
Error
2101
Error
Error
843 5594 7450 3929 1336 5568 9092 1194 7540 7049 2101 2063 456 90 3209 6352 1754 9164 1892 4443
Error
Error
False
Error
Error
Error
Error
Error
5263 2820 1881 843 5594 7450 3929 1336 5568 9092 1194 7540 7049 2101 2063 456 90 3209
Error
Error
5568
False
8517 2742 5263 2820 1881 843 5594 7450 3929 1336 5568 9092 1194 7540 7049 2101 2063 456 90
1336
8517 2742 5263 2820 1881 843 5594 7450 3929 1336 5568 9092 1194 7540 7049 2101 2063 456 90
Error
1336
Error
Error
16
Error
8517 2742 5263 2820 1881 843 5594 7450 3929 1336 5568 9092 1194 7540 7049 2101
Error
Error
8517 2742 5263 2820 1881 843 5594 7450 3929 1336 5568 9092 1194 7540 7049 2101
Error
Error
Error
5594
Error
Error
Error
18
843
Error
Error
12
3929
Error
14
1336
False
Error
False
Error
9
Error
False
Error
9
Error
Error
Error
Error
4364 7890 1432 8324 2008 2318 7333 2188 1101 248 8536
6607 9401 4364 7890 1432 8324 2008 2318 7333 2188
Error
Error
Error
Error
Error
False
Error
Error
Error
Error
7333 2318 2008 8324 1432 7890 4364 9401 2350 9517
False
Error
Error
9186 8525 78 7333 2318 2008 8324 1432 7890 4364 9401
9186 8525 78 7333 2318 2008 8324 1432 7890 4364 9401
False
2318
12
False
Error
Error
Error
Error
11
False
Error
7333
Error
False
8
2008
Error
78 7333 2318 2008 8324 1432 7946 2636
Error
Error
2008
2008
Error
Error
Error
11
Error
2008
Error
Error
11
Error
11
4710 3200 78 7333 2318 2008 8324 1432 7946 2636
4799 4710 3200 78 7333 2318 2008 8324 1432 7946
Error
4799 4710 3200 78 7333 2318 2008 8324 1432 7946
Error
Error
False
7333
Error
Error
False
4799 4710 3200 78 7333 2318 2008 8324 1432
False
8
False
3200
Error
Error
False
Error
3200
Error
Error
Error
Error
Error
Error
Error
2200 4799 4710 3200 78
Error
Error
Error
Error
7
7
Error
Error
Error
6
False
6
Error
Error
6788 3668 4634 9891 8440
4634
False
8440 9891 4634 3668
Error
8440 9891 4634 3668
8440 9891 4634 3668
9891
Error
False
Error
Error
3
Error
6241 8440 9891
8440
Error
Error
Error
Error
6241 8440 9891 8442 2796 7394
Error
False
Error
8
Error
9
9
Error
Error
Error
Error
Error
Error
Error
Error
Error
1374 3496 8440 6241 6775 476 5385
7
Error
5
False
Error
9350 1374 3496
Error
Error
Error
1
1
1
Error
Error
