True
Error
Error
Error
Error
False
Error
1532
Error
Error
Error
False
Error
Error
7406 7828 1532
Error
3
7828
Error
Error
Error
7406 7828
3
8184
8184 9695
Error
False
Error
2205 9695 1375
Error
4
Error
Error
False
1375
False
Error
Error
Error
Error
Error
6
6
Error
Error
Error
5622 4092 8367 1375 9695
Error
Error
Error
1375
Error
7
Error
5622 4092 8367 1375 7905 5972 6304 1308
Error
Error
Error
False
False
False
Error
5622 4092 8367 1375 7905 5972 6304
Error
Error
Error
Error
Error
Error
5972
6
1543 6304 5972 7905 1375 8367
5972
1543 6304 5972 7905 1375
5972
Error
Error
7
1375 7905 5972 6304 1543 9864 1662 4276
Error
6304
False
Error
Error
1375 7905 5972 6304 1543 9864 1662
Error
Error
6304
Error
9063 3995 2633 9864 1543 6304 5972 7905 1375
1543
1543
1543
1543
8
Error
9864
Error
9063 3995 2633 9864 1543 6304
Error
Error
Error
Error
9063 3995 2633
Error
False
Error
Error
Empty
Error

Error
Error
Empty
Empty
Error
Empty
Empty
Empty
Empty
1062
Error
1062
Error
Error
1062
Error
Error
1062 6270
Error
1062
Error
False
Error
1062
Error
3
3
1062 5896 3619
1062 5896 3619
False
1062 5896
1062
1062 5896
2
Error
1062
Error
Error
Error
Error
False
Error
Error
Error
True

True
Empty
Error
Empty
Error
Empty
4648
Error
Empty

False
False
2
Error
9655 4877
Error
Error
4278
0
Error
Error
Empty
Error
Error

Empty
0
0
Error
Empty
2869 2564
False
Error
Error

Empty
Error
Error
Error
2
Error
Error
Error
Error
Error
Error
Error
False
Error
Error
False
2
Error
False
3
False
Error
Error
Error
Error
Error
6145
6145
6145 5777
Error
Error
6145
Error
2
Error
Error
6145 5777 4833
6145
Error
4
6145
Error
False
Error
Error
Error
Error
6
False
Error
5
6145
Error
False
Error
Error
False
Error
Error
False
False
Error
3
5777 6145 9889
Error
False
6
9889
9889
2788 9889 6145 5777
Error
False
9889
Error
False
Error
Error
9889
9889
Error
False
9937 9889 8766
9937 9889 8766
9937 9889 8766
Error
9937 9889 8766 7880
9889
Error
Error
5
Error
Error
Error
Error
Error
Error
7
Error
Error
Error
Error
False
7512 9831 5924 8766 9889 9937 6047
8766
6
7512 9831 5924 8766 9889 9937
False
6
6
7512 9831 5924 8766 9889 9937 2045
Error
8766
False
5
9937 9889 8766 5924
Error
9889
Error
Error
9937 9889 8766 5924
Error
Error
False
False
Error
Error
Error
Empty
Empty
False
Error
Empty


Error
Error
True
Error
Error
Empty
8556
Error

9926
9926
1
Error
1

0
Error
Empty
0
True
Empty
0
False
Error
Error
Error
8727 732
Empty
Error
Error
Error
Error
False
True
Empty
Error
Empty
Error
Error
Error
Error
4217
Error
Error
Error
Error
False
Empty
4909
4909 9804
False
False
4909 9804
False
4909 9804
Error
False
9804
1
False
False
Error
Empty
0
0
Empty
True
Empty
Empty

Error
Empty
1
Error
7095 9493
Error
Error
Error
Empty
2
False
False
Error
Error
Empty
2457
2457
Error
Error
2457
2457
2457 7427
Error
Error
Error
Error
7427 2457 567 4045 6058 6251 4451
Error
567
6058
6058
Error
7427 2457 567 4045 6058 8563 9117 4599 8286
False
Error
Error
Error
Error
Error
4045
9224 7444 4599 9117 8563 6058 4045 567 2457 7427
Error
Error
Error
Error
8563
False
9224 7444 4599 9117 8563 6058
4599
Error
7444
Error
4599
9117 4599 7444 9224
Error
Error
Error
False
Error
4599
Error
9117
Error
Error
Error
Error
3
False
3
3
Error
3
Error
False
4
Error
Error
4286
5
Error
5
7986 4286 8531 9407 5160 5560
5160 9407 8531 4286
False
4286 8531 9407 5160 8797 5697
Error
Error
Error
Error
2
Error
Error
Error
Error
False
4
Error
3
9353
9353
3
9353
Error
Error
Error
Error
6
Error
Error
Error
Error
Error
Error
Error
5
4
Error
Error
Error
Error
Error
False
Error
Error
Error
6
Error
9
6302 7959 6065 9353 8531 2095 525 465 14
6302 7959 6065 9353 8531 2095 525 465 14
Error
Error
9
Error
Error
Error
Error
1671 6302 7959 6065 9353 8531 2095 525 465
Error
8
Error
Error
Error
Error
Error
1671 6302 7959 6065 9353 8531 2095 525 6749
Error
Error
8
False
1671 6302 7959 6065 9353 8531 2095
6065
Error
9
Error
8
Error
Error
Error
Error
False
Error
3091 614 7959 6065 9353 8531 1884 4777
Error
Error
False
False
Error
Error
False
9353
Error
Error
3091 614 7959 6065 9353 8531 1884 4777
6065
7
7
Error
Error
6065
Error
8531 9353 6065 7959
8531 9353 6065 7959
9353
4
Error
9353
8531 9353 6065 7959
Error
Error
Error
Error
5
Error
Error
Error
False
9353
False
9353
Error
6065
9353
8183 6065 9353 8531 5973
Error
Error
Error
Error
False
Error
6065 9353 8531 5973 8618 423 9938 3592
6065 9353 8531 5973 8618 423 9938 3592
Error
Error
Error
Error
Error
8
6065 9353 8531 5973 8618 423 9938 2885
Error
Error
5973
Error
423
Error
Error
Error
False
2885 9938 423 8618
5
Error
Error
9938
Error
False
False
Error
6
7462
Error
3
False
7251 7462 2493
False
Error
Error
7462
Error
Error
False
Error
Error
Empty
Error
Empty
Error
Empty
0
Empty
Empty
1
Error
7146
7146
Empty
Error
3865
Error
False
Error
Error
Error
Error
4616
Error
Error
False
Error
Error
Error
Error
Error
Error
Error
Error
Error
Error
7566 2799 3909 4616 8375 3865 3238 5290
False
Error
Error
False
Error
Error
Error
Error
3909
Error
10
Error
3238 3865 8375 4616 3909 2799 7566 730 9391 3667
False
Error
3909
Error
10
10
3909
Error
Error
Error
Error
Error
Error
False
Error
3909
Error
Error
Error
False
Error
Error
4616
4616
Error
False
7
Error
Error
Error
False
Error
Error
False
3238 3865 8375 4616 3909 2799 7566 6402 5474
Error
5474 6402 7566 2799 3909 4616 8375 3865 3238
9
Error
9
False
False
2799
Error
3909
Error
6402 7566 2799 3909 4616 8375 3365
Error
Error
Error
Error
Error
Error
6402 7566 2799 3909 4616 8375 8457
Error
7566
5
Error
2799
2799
2799
7992 2356 2799 7566 6402 7076 5549
7
Error
Error
7566
False
Error
Error
Error
Error
Error
2799
Error
Error
Error
False
Error
8966 7076 6402 7566 2799 2356 7992 997
Error
8
Error
8966 7076 6402 7566 2799 2356 7992 997 7092 8688
False
Error
Error
Error
Error
11
Error
6402
False
Error
12
6402
False
11
11
11
False
Error
Error
False
Error
False
False
Error
Error
Error
12
Error
13
6402
Error
False
12
Error
False
Error
Error
False
Error
Error
Error
Error
15
Error
Error
Error
2356 2799 7566 6402 7076 8966 1172 2364 3297 6984 6053 2752 6881
Error
8966
2356 2799 7566 6402 7076 8966 1172 2364 3297 6984 6053 2752 8222
1172
Error
Error
Error
1172
False
Error
8966
8966
Error
Error
10
6053 6984 3297 2364 1172 8966 7076 6402 7566 2799
Error
False
Error
False
6053 6984 3297 2364 1172 8966 7076 6402 7566 2799 9965 3455
3455 9965 2799 7566 6402 7076 8966 1172 2364 3297 6984 6053
Error
3455 9965 2799 7566 6402 7076 8966 1172 2364 3297 6984 6053 3775
Error
Error
2364
Error
3455 9965 2799 7566 6402 7076 8966 1172 2364 3297 6984 6053 3775 3134 6459 5658 9528 7114
Error
9965 2799 7566 6402 7076 8966 1172 2364 3297 6984 6053 3775 3134 6459 5658 9528 7114
Error
Error
Error
19
5032 6225 7114 9528 5658 6459 3134 3775 6053 6984 3297 2364 1172 8966 7076 6402 7566 2799
Error
Error
Error
Error
Error
False
3775
Error
Error
Error
Error
Error
False
Error
Error
False
Error
Error
3775
4313 5032 6225 7114 9528 5658 6459 3134 3775 6053 6984 3297 2364 1172 8966 7076
Error
Error
False
4313 5032 6225 7114 9528 5658 6459 3134 3775 6053 6984 3297 2364 1172
Error
Error
Error
Error
Error
6459
Error
False
1172 2364 3297 6984 6053 3775 3134 6459 5658 9528 7114 6225 5032
3134
Error
3134
Error
Error
Error
14
Error
False
Error
Error
Error
Error
False
Error
False
Error
Error
6459
9528
Error
9528
Error
False
False
22
Error
5770 2187 6944 8323 1458 7909 8614 5032 6225 7114 9528 5658 6459 3134 3775 6053 6984 3297 2364 1172 2562 9535
Error
24
Error
False
False
Error
Error
5658
Error
Error
Error
Error
3775
Error
Error
27
Error
26
Error
False
24
Error
Error
Error
Error
Error
Error
Error
False
Error
Error
Error
3297
Error
3297
Error
False
Error
False
3297
Error
Error
Error
Error
29
Error
Error
29
Error
6984
6984
6984
6053
False
Error
Error
Error
28
Error
944 9705 8475 8283 9600 7924 134 3659 9363 9535 2562 1172 2364 6984 6053 3775 3134 6459 5658 9528 7114 6225 5032 8614 7909 1458 183 9807
False
Error
28
Error
27
Error
Error
Error
Error
Error
Error
Error
2364
6984
False
Error
Error
Error
8283 9600 7924 134 3659 9363 9535 2562 1172 2364 6984 6053 3775 3134 6459 5658 9528 7114 6225 5032 8614 7909
Error
Error
Error
False
False
22
Error
6332 301 5032 6225 7114 9528 5658 6459 3134 3775 6053 6984 2364 1172 2562 9535 9363 3659 134 7924 9600 8810
22
False
23
Error
Error
Error
Error
Error
Error
22
False
6053
6053
301 5032 6225 7114 9528 5658 6459 3134 3775 6053 6984 2364 1172 2562 9535 9363 3659 134 7924 9600
Error
False
6984
21
Error
Error
False
22
6984
False
Error
2364
2364
Error
1123 4734 9600 7924 134 3659 9363 9535 2562 1172 2364 6984 6053 3775 3134 6459 5658 9528 7114 6225 5032 3905 2363
1123 4734 9600 7924 134 3659 9363 9535 2562 1172 2364 6984 6053 3775 3134 6459 5658 9528 7114 6225 5032 3905 2363
5032 6225 7114 9528 5658 6459 3134 3775 6053 6984 2364 1172 2562 9535 9363 3659 134 7924 9600 4734 1123
1123 4734 9600 7924 134 3659 9363 9535 2562 1172 2364 6984 6053 3775 3134 6459 5658 9528 7114
Error
Error
False
1172
Error
19
Error
8827 1123 4734 9600 7924 134 3659 9363 9535 2562 1172 2364 6984 6053 3775 3134 6459 5658 9528
Error
Error
2562
Error
Error
9528 5658 6459 3134 3775 6053 6984 2364 1172 2562 9535 9363 3659 134 7924 9600 4734 1123 8827 2013
False
Error
9528 5658 6459 3134 3775 6053 6984 2364 1172 2562 9535 9363 3659 134 7924 9600 4734 1123 1801
Error
Error
Error
False
Error
Error
Error
6834 1801 1123 4734 9600 7924 134 3659 9363 9535 2562 1172 2364 6984 6053 3775 3134 6459 5658 9528
Error
Error
6834 1801 1123 4734 9600 7924 134 3659 9363 9535 2562 1172 2364 6984 6053 3775 3134 6459 5658 9528 6171
Error
Error
False
Error
21
9363
False
5658 6459 3134 3775 6053 6984 2364 1172 2562 9535 9363 3659 134 7924 9600 4734 1123 1801 6834 537 2632
False
5658 6459 3134 3775 6053 6984 2364 1172 2562 9535 9363 3659 134 7924 9600 4734 1123 1801 6834 537 2632
5658 6459 3134 3775 6053 6984 2364 1172 2562 9535 9363 3659 134 7924 9600 4734 1123 1801 6834 537 2632
Error
Error
5658 6459 3134 3775 6053 6984 2364 1172 2562 9535 9363 3659 134 7924 9600 4734 1123 1801 6834 537 1337
21
False
9363
Error
Error
Error
5658 6459 3134 3775 6053 6984 2364 1172 2562 9535 9363 3659 134 7924 9600 4734 1123 1801 6834 537
Error
9535
Error
Error
Error
Error
16
2562
Error
Error
2562
Error
False
Error
False
17
Error
9535
Error
Error
Error
Error
Error
Error
Error
9363
Error
False
Error
Error
Error
5298 1123 4734 9600 7924 134 3659 9363 9535 2562 1172 2364 6984 3241
14
3659
5298 1123 4734 9600 7924 134 3659 9363 9535 2562 1172 2364 6984 3241
5298 1123 4734 9600 7924 134 3659 9363 9535 2562 1172 2364 6984 3241
Error
Error
Error
1034 8313 8094 485 5298 1123 4734 9600 7924 134 3659 9363 9535 2562 1172 2364 6984 3241 4760
19
Error
1034 8313 8094 485 5298 1123 4734 9600 7924 134 3659 9363 9535 2562 1172 2364 6984 3241 4760
7924
1034 8313 8094 485 5298 1123 4734 9600 7924 134 3659 9363 9535 2562 1172 2364 6984 3241 7639
1034 8313 8094 485 5298 1123 4734 9600 7924 134 3659 9363 9535 2562 1172 2364 6984 3241 7639
Error
Error
134
Error
Error
Error
Error
Error
Error
134
3241 6984 2364 1172 2562 9535 9363 3659 134 7924 9600 4734 1123 5298 485 8094 8313 6780
18
Error
False
Error
3241 6984 2364 1172 2562 9535 9363 3659 134 7924 9600 4734 1123 5298 485 8094
Error
Error
Error
8094 485 5298 1123 4734 9600 7924 134 3659 9363 9535 2562 1172 2364 6984 3241
Error
Error
Error
Error
Error
9363
Error
9363
Error
Error
9363
Error
7878 3687 8504 3673 836 3241 6984 2364 1172 2562 9535 9363 3659 134 7924 9600 4734 1123 5298 485 8094
Error
Error
Error
Error
21
Error
Error
9535
21
Error
7878 3687 8504 3673 836 3241 6984 2364 1172 2562 9535 9363 3659 134 7924 9600 4734 1123
False
False
Error
Error
False
7878 3687 8504 3673 836 3241 6984 2364 1172 2562 9535 9363 3659 134 7924 9600 4734 1123 2523 5871 4396
Error
7878 3687 8504 3673 836 3241 6984 2364 1172 2562 9535 9363 3659 134 7924 9600 4734 1123 2523 5871 4396
19
Error
19
2562
False
Error
Error
