
True
Error
9139 453
9139
9139
2
False
Error
Error
8008 1452
False
Error
3452
8008
8008
Error
Error
Error
Error
Error
Error
8008
Empty

Error
True
Error
Empty
Empty


Empty
Error
Empty
Empty
Empty
Empty
Empty
Empty
Empty
True
True
Error
Empty
Empty
Error
Error
Empty
True
Empty
7989
Empty
5599
1
5599
Error
False
2
False
Error
2
Error
3
4
False
False
False
Error
False
False
Error
45
Error
Error
Error
Error
Error
2
Error
45
45 4820
Error
Error
Error
Error
Error
9858
Error
False
False
1
1
Error
Error
6939
2
Error
Error
Error
Error
2333
Error
Error
577 1570 2333 9842 9608
False
Error
Error
577 1570 2333 9842 9608
Error
Error
Error
False
6
5
Error
Error
Error
1570
5
Error
577
Error
False
Error
9679 7467 2293 577
False
1445 9679 7467 2293 577
Error
Error
Error
2
Error
Error
8246
Error
Error
Error
632
Error
False
Error
Error
2208 6359 632
Error
Error
6359
Error
Error
Error
Error
Empty
Error
0
Empty
Error
Error
8827
Error
Error
Error
Error
9187
8015 9246 9187 8197 3285 8827
Error
Error
6
9967 3382 8015 9246 9187 8197 3285 8827
False
8
9246
Error
Error
Error
False
Error
Error
Error
5212 2970 3594 5585 9967 3382
False
Error
5212 2970 3594 5585 9967
Error
Error
Empty
Empty
4485
Error
Error
Error
Error
Error
Error
Error
Error
Error
835
Error
3
Error
7607
False
Error
7607
Error
Error
Error
Error
Error
1317 5485 1072 4449 8239 7383 7607
Error
1072
2258 4449 1072 5485 1317 354
False
Error
8210 2258 4449 1072 5485 1317
Error
4449
4453 8210 2258 4449 1072 5485 1317
4453 8210 2258 4449 1072 5485 1317
Error
False
2258
Error
4453
Error
4453
Error
Error
False
False
Error
Error
Error
Error
1
Error
8636
True
Error
Empty

Empty
Empty
True
Error
Error
Error
Error
False
5897 39 8387 4219 2666
39
Error
Error
Error
Error
6
Error
Error
Error
Error
6141 8387 39 5897 9552 916 4256
7
6141 8387 39 5897 9552 916 4256
False
8275 7775 6141 8387 39 5897
Error
Error
Error
Error
Error
Error
6429 6542 8275 7775 6141 8387
6542
5370 6429 6542 8275 7775 6141
False
Error
False
False
Error
Error
Error
Error
Error
7
6141 7775 8275 6542 6429 5370 4287
False
Error
False
Error
9
False
5441 3840 6141 7775 8275 6542 6429 5370 4287
False
Error
Error
Error
Error
Error
False
5441
3840
3840
Error
Error
Error
False
6661 6542 8275 7775 6141 3840 5441 9518 5158
False
False
4513 6661 6542 8275 7775 6141 3840 5441 9518
9
4513 6661 6542 8275 7775 6141 3840 5441 9518
Error
Error
9
9
Error
Error
7775
Error
4513 6661 6542 8275 7775 6141
Error
6542
5263 1640 4513 6661 6542 8275 7775
Error
Error
Error
8
Error
970 5263 1640 4513 6661 6542 8275 7775
4513
Error
Error
Error
8275 6542 6661 4513 1640 5263 970 5794 5460
Error
Error
Error
Error
Error
6542
8275
Error
False
Error
7
Error
4513
6750 4787 4705 5730 2822 9402 3068 4513 6661 6542 8275 3748
12
Error
Error
Error
False
2822
Error
False
6542 6661 4513 3068 9402 2822 5730 4705 4787 6750
6542 6661 4513 3068 9402 2822 5730 4705 4787 6750
9402
7837 6542 6661 4513 3068 9402 2822 5730 4705 4787 6750
False
3068
False
Error
Error
Error
Error
Error
6837 7306 7837 6542 6661 4513 3068 9402 2822
Error
False
8
False
Error
False
Error
False
Error
Error
Error
Error
5
Error
Error
6650
6650
Error
Error
False
1571 6837 6650 1343
1571 6837 6650 1343
False
False
Error
4
1571 6837 6650 1343
3
2
Error
5030 1571
Error
Error
Empty
Empty
2764 3321
3
Error
Error
Error
Error
False
False
8952
Error
7384 3577 9700 8952
7384 3577 9700 8952
7384 3577 9700 8952
Error
False
Error
4
8952 9700 3577 7384
Error
Error
9779 5286
Error
False
Error
Error
5360 309 8630
2
Error
Error
5360
1
Empty
0
Empty
True
Error
Error
2
Error
Error
Error
Error
Error
5804
Error
Error
Error
Error
Empty
6030
Empty
Empty
Empty
Empty
Error
Error
1
Empty
Error
3177
Error
5260
Error
False
5260
0
Empty
Error
Error
Error
0
Error
Error
Error
1365
1
Error
0
Error
Empty

Error
Empty
Error
Error
2
Error
Error
False
Error
False
Error
False
5056
Error
Error
False
4682 3854 8710 5056
Error
Error
5383 4682 3854 8710 5056
3854
Error
3854
6
6
Error
Error
Error
Error
9163
4
2
Error
Error
Error
4
5
Error
Error
3011
Error
Error
3011 792
Error
False
Error
Error
Error
False
7899
7
Error
7899
6
8351 170 4448 7899 792 3011
False
Error
Error
False
6
False
Error
False
6
6
Error
Error
Error
Error
8561 462 8351 170
8561
Error
Error
Error
211 8561 462
Error
2
Error
Error
Error
2650
Error
Error
Error
False
Error
5439 5116 1272 2650 3386
Error
Error
Error
Error
Error
6319 7077 6549 3744 3577 5439 5116 1272
False
8
3570 6319 7077 6549 3744 3577 5439 5116 1272
9
Error
6549
Error
1828 5116 5439 3577 3744 6549 7077 6319 3570 6611 275
False
11
1828 5116 5439 3577 3744 6549 7077 6319 3570 6611 275
False
11
12
False
Error
Error
Error
6023 8472 3733 3570 6319 7077 6549 3744 3577 5439 5116 1828 716
13
Error
False
Error
False
False
Error
Error
Error
12
Error
Error
6398 1828 5116 5439 3577 3744 6549 7077 6319 3570 3733 8472 6023
Error
3744
3744
8557 4451 9860 4170 4660 7721 6398 1828 5116 5439 3577 3744 6549 7077
8557 4451 9860 4170 4660 7721 6398 1828 5116 5439 3577 3744 6549 7077
6398
14
8557 4451 9860 4170 4660 7721 6398 1828 5116 5439 3577 3744 6549 7077
Error
7721
2818 8557 4451 9860 4170 4660 7721 6398 1828 5116 5439 3577 3744 6549
Error
Error
10
4451
Error
False
Error
4451
14
Error
False
Error
13
6398 7721 4660 4170 9860 4451 8557 2818 2059 4062 1037 1993 5362 6020
Error
Error
Error
14
False
Error
Error
Error
12
12
Error
Error
Error
Error
3171 3602 6020 5362 1993 1037 4062 2059 2818 8557
Error
Error
Error
Error
Error
Error
3602 6020 5362 1993 1037 4062
Error
3602
Error
Error
Error
Error
Error
1
True
3398
1

Error
Empty
True
Empty
Empty
Empty
Error

Empty
Error
Error
Error
Error
False
Error
0
Empty
Empty
0
Error
Empty
True
Error
Empty
Empty

Error
0
Empty
Empty
Empty
Error
Error
Empty
Error
Error

Error
Error
Empty
Error


Error
Error
Empty
Error
Empty
Error
Empty
True
Empty
Error
Empty
Error
0
608 5546 5398 741
741 5398 5546 608
Error
Error
Error
Error
Error
6
2705
Error
Error
2109
7
Error
9
9135
Error
10
5435
11
Error
False
7349 74 3433 6346 9135 3538 9572 5435 9902 1453 6966
Error
7349 74 3433 6346 9135 3538 9572 5435 9902 1453 6966
Error
Error
9135
Error
Error
4178 7349 74 3433 6346 9135 3538 9572
Error
Error
False
Error
8
4178 7349 74 3433 6346 9135 3538
Error
False
11
Error
False
Error
Error
False
6346
False
False
20
6182 4585 7296 6259 2786 2894 3538 9135 6346 3433 74 7349 4178 8755 1645 2204 5846 5992 2600 6593
Error
18
False
False
Error
Error
7050 5846 2204 1645 8755 4178 7349 74 3433 6346 9135 3538 2894 2786 6259 7296 4585
Error
False
74
Error
17
Error
3433
False
Error
Error
Error
3433
Error
Error
False
1147 6679 3270 459 3433 6346 9135 3538
False
Error
10
10
6679
Error
6
6
9191
False
Error
Error
6
9191
Error
6
Error
9837
Error
7757
Error
1
False
9043
Error
7209 9043
1443 7209
1443
1
425
False
Error
425
Error
Error
Error
Error
Error
425
False
Error
425
Error
2
Error
Error
Error
Error
Error
Error
3937
Error
Error
3912
Error
2
Error
Error
False
False
3350
Error
5
False
Error
3350
Error
3350
Error
3
False
Error
5938 7604 3350
False
5
Error
Error
7764 2949 3350
Error
False
Error
4
3350 2949 7764 4946
Error
Error
Error
Error
Error
False
Error
7764 2949 3350 869
False
9076 9350 3600 7764
False
3171 5508 3600 9350
Error
Error
Error
Error
Error
False
Error
2991
Error
Error
Error
6850 9627
Error
Error
Error
Empty
Error
577 6661
6661
5252 6661 577 9391
False
Error
3
5252 6661 577
True
Error
Empty
1
Error
2547
Error
2547
1
1
Error
7897
7897
Error
Error
Error
Error
Error
2
2115 6809
2115
Error
2115
2332
5495 2332 2115
2332
Error
Error
Error
False
648
False
False
False
Error
5625 1409 7700 1047
Error
Error
False
False
5
Error
Error
Error
False
False
Error
7700
Error
4581 7700 4668
4581
2
Error
7700 4581
Error
2
806 7700
Error
Error
Empty
Error
5117
Error
1083
1083
False
Error
Error
Error
Error
8150 3820 5117
Error
3
3
False
False
Error
Error
1717 49 7172 5117 3820 8150
7172
Error
False
False
1717
8601 6624 1692 1717 49 7172 5117
Error
Error
49
2906 2089 4361 5117 7172 49 1717 1692
Error
Error
Error
2756 1692 1717 49 7172 5117 4361 2089
2089 4361 5117 7172 49 1717 1692 2756
7172
Error
Error
5117
5117
Error
Error
5117
Error
Error
7
Error
Error
Error
Error
8754
49 1717 8754 9539 610
Error
Error
Error
Error
Error
5755 9955 8387 49 1717 8754 9539 610 5794 9624
Error
Error
1717
5569 5755 9955 8387 49 1717 8754 9539 610 5794 9624
Error
1981 4642 5569 5755 9955 8387 49 1717 8754 9539 610 5794
Error
Error
9955
Error
9636 7827 8708 4063 2778 4020 7892 4248 1981 4642 5569 5755 9955 8387 49
Error
4248
False
Error
15
5513 8387 9955 5755 5569 4642 1981 4248 7892 4020 2778 4063 8708 7827 9636
Error
False
False
Error
4020
3370 9636 7827 8708 4063 2778 4020 7892 4248 1981 4642 5569 5755
Error
4020
Error
Error
False
Error
2778
9243 3370 9636 7827 8708 4063 2778 4020 7892 4248 1981 4642 5569 5755
9243 3370 9636 7827 8708 4063 2778 4020 7892 4248 1981 4642 5569
2778
False
12
9243 3370 9636 7827 8708 4063 2778 4020 7892 4248 1981 4642
12
False
False
Error
Error
12
Error
Error
2778
Error
Error
3370 9636 7827 8708 4063 2778 4020 7892 4248 1981 4642 4576
False
6948 3370 9636 7827 8708 4063 2778 4020 7892 4248 1981 4642 4576
Error
Error
Error
14
Error
3801 1981 4248 7892 4020 2778 4063 8708 7827 9636 3370 6948 720 4889
Error
3801 1981 4248 7892 4020 2778 4063 8708 7827 9636 3370
3801 1981 4248 7892 4020 2778 4063 8708 7827 9636 3370
2778
9
False
Error
False
8348 4248 7892 4020 2778 4063 8708 7827 9636 1820
Error
2778
2778
4020
Error
False
Error
Error
False
False
6953 1741 5935 8348 4248 7892 4020 2778 4063
Error
1741
Error
5935 1741 6953 9748
5935 1741 6953
1741
Error
5935
4167 5935 1741 6953
4167
Error
Error
Error
Error
Error
Error
3
2
Error
1
1
Error
5958 3362
2
Error
5958
3
False
3
1627 5958 3362
1627
Error
False
Error
Error
2055 2870 8074 6350 1627 5958
Error
8027 2055 2870 8074 6350 1627
Error
Error
3795 3600 9533 8027 2055 2870
False
6
9533
Error
Error
6
2115 3795 3600 9533 8027 2055
False
7359 2115 3795 3600 9533
Error
Error
Error
Error
3550 7359
Error
Error
660
2
3
False
5
Error
4
False
Error
Error
3
3
False
Error
4
Error
2027 1487 990 1912
2027 1487 990 1912
Error
Error
False
Error
4268 3597 7740 2027 1487 990 1912
Error
False
Error
Error
4268
3426 4268
3
Error
2
4268 3426
Error
Error
Error
True

Error
Error
Error
5179
Error
Empty
Error
1
Error
Error
Error
1
7566
7566
Error
5599
5599
1
1
Error
1
3
Error
2
Error
7180 4998
Error
1
5222
9563 5222
Error
9563
Error
Error
Error
Error
7529 9455 917
False
9455
Error
4760 7529 9455 917
Error
Error
8811 4760 7529 9455 917
Error
Error
7529
9455
917 9455 7529 4760
False
Error
Error
False
6
Error
Error
4961
Error
False
Error
8331 8526 8344 4961 5367 4760
False
False
8331 8526 8344 4961 5367 4760
False
8344
False
False
Error
6
Error
2939
6
6
Error
Error
Error
False
Error
Error
Error
2939
6
False
8344 4961 2939 1029 8760 1639
Error
Error
Error
Error
8344
Error
11
8760 1029 2939 4961 8344 2401 7342 9444 1236 8882 1956
Error
2401
8760 1029 2939 4961 8344 2401 7342 9444 1236 8882 1956
Error
Error
2310 1956 8882 1236 9444 7342 2401
Error
Error
Error
Error
8882
Error
2310 1956 8882 1236 9444
Error
2310
2
Error
Error
Empty

Empty
Error

Empty
Empty
Empty
608
Error
False
Empty
Empty
Empty
0
1
Empty
Error
Empty
Empty
Empty
Empty
Error
Error
1
Error
Error
0
Error
1
Error
Empty
Empty
Error
Error
0
Error
Empty
Empty
Error

Error
Empty
Empty
Error
5544
False
Error
Error

Empty
Empty
0
Error
Error
Error
2
Error
Error
4251
4
Error
Error
5
Error
5351
Error
4
4
2011 5708 5351 4251
2011 5708 5351 4251
2011 5708 5351
False
Error
Error
7126 2604 7775 243
Error
7775
5
Error
Error
Error
Error
False
Error
5
5
Error
2604
Error
Error
Error
False
Error
Error
8
False
Error
Error
9
False
Error
5395 5184 9230 7984 2168 2516 9427 8175 6028 3623
2168
6283 5395 5184 9230 7984 2168 2516 9427 8175 6028 3623
False
7984
Error
Error
Error
Error
7984
Error
16
Error
False
3411 8224 5611 8530 8175 9427 2516 2168 7984 9230 5184 5395 6283 6621 196
False
Error
False
Error
7675 2656 3411 8224 5611 8530 8175 9427 2516 2168 7984 9230 5184 5395 6283
16
16
Error
4973 9883 7675 2656 3411 8224 5611 8530 8175 9427 2516 2168 7984 9230 5184 5395
False
False
Error
8530
False
Error
Error
Error
Error
Error
Error
Error
Error
12
12
Error
Error
Error
Error
False
Error
False
14
False
Error
4562 4528 6044 9230 7984 2168 2516 9427 8175
7984
9
False
Error
10
8255 2861 4562 4528 6044 9230 7984 2168 2516 9427
Error
10
Error
Error
Error
14
Error
Error
5523
Error
Error
5523
False
7141 9444 6124 2529 5203 5523 9427 2516 2168 7984 9230
11
Error
187 3080 7141 9444 6124 2529 5203 5523 9427 2516 2168 7984
Error
2529
2529
2529
Error
Error
False
4808 2168 2516 9427 5523 5203 2529 6124 9444 7141 3080
Error
5203
False
Error
False
309 3080 7141 9444 6124 2529 5203 5523 9427 2516 2168 4808
Error
Error
Error
False
Error
11
Error
Error
Error
Error
False
12
12
8666 7994 2307 3161 309 3080 7141 9444 6124 2529 5203 5523
12
Error
Error
84 8666 7994 2307 3161 309 3080 7141 9444 6124 2529 5203 5523
False
Error
False
False
Error
Error
Error
Error
False
Error
3161
Error
1732 2529 6124 9444 7141 3080 309 3161 2307 7994 8666 84 7953 8954 4529
False
Error
False
Error
3080
Error
Error
False
5607 8532 7615 7953 84 8666 7994 2307 3161 309 3080 7141 9444 6124 2529 1732 2740 794
Error
16
Error
False
Error
Error
Error
Error
7994
22
84
Error
23
Error
24
Error
8666
22
1486 7446 6901 6124 9444 7141 3080 309 3161 2307 7994 8666 84 7953 7615 8532 5607 2341 8348 492 7923 3450
7994
Error
False
False
Error
23
7994
Error
False
4386 9830 1486 7446 6901 6124 9444 7141 3080 309 3161 2307 7994 8666 84 7953 7615 8532 5607 2341 8348 492 7923 3450 7870
4386 9830 1486 7446 6901 6124 9444 7141 3080 309 3161 2307 7994 8666 84 7953 7615 8532 5607 2341 8348 492 7923 3450 7870
False
Error
Error
Error
Error
6202 3063 4386 9830 1486 7446 6901 6124 9444 7141 3080 309 3161 2307 7994 8666 84 7953 7615 8532 5607 2341 8348 492 7923 3450 7870
Error
False
Error
Error
Error
4386 9830 1486 7446 6901 6124 9444 7141 3080 309 3161 2307 7994 8666 84 7953 7615 8532 5607 2341 8348 492 7923 3450 7870 7232 3088
27
4386 9830 1486 7446 6901 6124 9444 7141 3080 309 3161 2307 7994 8666 84 7953 7615 8532 5607 2341 8348 492 7923 3450 7870 7232 3088
Error
Error
8666
False
9830 1486 7446 6901 6124 9444 7141 3080 309 3161 2307 7994 8666 84 7953 7615 8532 5607 2341 8348 492 7923 3450 7870 7232 375 172
Error
Error
3632 9830 1486 7446 6901 6124 9444 7141 3080 309 3161 2307 7994 8666 84 7953 7615 8532 5607 2341 8348 492 7923 3450 7870 7232 375 172
False
3632 9830 1486 7446 6901 6124 9444 7141 3080 309 3161 2307 7994 8666 84 7953 7615 8532 5607 2341 8348 492 7923 3450 7870 7232 375 172
Error
27
Error
False
Error
Error
7994
Error
False
Error
7953
Error
Error
Error
Error
Error
Error
Error
False
Error
Error
Error
9830 1486 7446 6901 6124 9444 7141 3080 309 3161 2307 7994 8666 84 7953 7615 8532 5607 2341 8348 492 7923 3450 7870 7232 7545 1080 6367
False
6367 1080 7545 7232 7870 3450 7923 492 8348 2341 5607 8532 7615 7953 84 8666 7994 2307 3161 309 3080 7141 9444 6124 6901 7446 1486 9830
6367 1080 7545 7232 7870 3450 7923 492 8348 2341 5607 8532 7615 7953 84 8666 7994 2307 3161 309 3080 7141 9444 6124 6901 7446 1486 9830
Error
Error
Error
29
7953
Error
5607
Error
Error
Error
27
Error
Error
6870 9941 6367 1080 7545 7232 7870 3450 7923 492 8348 2341 5607 8532 7615 7953 84 8666 7994 2307 3161 309 7539 3080 7141 9855 2236
Error
29
Error
Error
Error
Error
7923
False
Error
7923
26
False
Error
7870
Error
1080 4985 2762 8231 1855 2180 1691 6870 9941 6367 1080 7545 7232 7870 3450 7923 492 8348 2341 5607 8532 7615 7953 84 8666 7994 2307 3161
1080 4985 2762 8231 1855 2180 1691 6870 9941 6367 1080 7545 7232 7870 3450 7923 492 8348 2341 5607 8532 7615 7953 84 8666 7994 2307 3161
29
Error
29
Error
Error
Error
3161 2307 7994 8666 84 7953 7615 8532 5607 2341 8348 492 7923 3450 7870 7232 7545 1080 6367 9941 6870 1691 1855 8231 2762 4985 1080 2989
Error
28
Error
3450
Error
3450
False
7870
Error
Error
24
Error
7870
24
Error
Error
False
Error
False
Error
22
3054 6416 3902 2762 8231 1855 1691 6870 9941 6367 1080 7545 7232 7870 3450 7923 492 8348 2341 5607 8532 7615 7953
False
7232
7870
24
False
False
Error
Error
Error
Error
2762 8231 1855 1691 6870 9941 6367 1080 7545 7232 7870 3450 7923 492 8348 2341 5607 8532 7615 7953 6592
Error
22
Error
Error
Error
Error
7545
Error
False
19
Error
Error
20
Error
21
False
Error
Error
19
Error
9941
Error
Error
Error
6870
Error
19
2229 2260 4096 6948 9431 2762 8231 1855 1691 6870 9941 6367 1080 7545 7232 7870 3450 7923 492
Error
Error
Error
8866 8400 7923 3450 7870 7232 7545 1080 6367 9941 6870 1691 1855 8231 2762 9431 6948 4096 2260 2229
Error
5649 8866 8400 7923 3450 7870 7232 7545 1080 6367 9941 6870 1691 1855 8231 2762 9431
Error
False
Error
Error
Error
14
7545
7545
1855 1691 6870 9941 6367 1080 7545 7232 7870 3450 7923 8400 8866
Error
7545
Error
Error
False
Error
Error
Error
7232
13
Error
Error
Error
6229 5170 8866 8400 7923 3450 7870 7232 7545 1080 6367 9941
14 6229 5170 8866 8400 7923 3450 7870 7232 7545 1080 6367 9941
12
False
Error
5170 8866 8400 7923 3450 7870 7232 7545 1080 6367 641 2084
Error
7232
13
Error
Error
6065 2084 641 6367 1080 7545 7232 7870 3450 7923 8400 8866
6065 2084 641 6367 1080 7545 7232 7870 3450 7923 8400
7545
Error
Error
Error
1080
Error
Error
Error
Error
Error
Error
Error
1968 6065 2084 641 6367 1080 7545 7232 7870
Error
8
9
9
False
7
7
7545
Error
7232
7232
5417 472 8340 4393 7232 7545 1080 6367 2927
False
9
Error
False
7232
5417 472 8340 4393 7232 7545 1080 6367 2927
Error
Error
Error
Error
Error
1080
8340 4393 7232 7545 1080 6367 2927 7461 4289
Error
Error
8
False
Error
Error
Error
Error
Error
Error
Error
Error
4174 2065 2085 944 6852 9596 7545 7232 4393
4174 2065 2085 944 6852 9596 7545 7232 4393
False
Error
False
Error
11
Error
False
Error
9596 6852 944 2085 2065 4174 6259 4173 9329 9423
Error
False
2085
Error
Error
6288 6749 4383 9787 9596 6852 944 2085 2065 4174 6259 4173
Error
Error
11
9
Error
Error
Error
Error
6749 4383 9787 9596 6852 944 2085 2065 4174
9
8
Error
Error
Error
False
944
Error
9
False
Error
Error
944
Error
Error
False
9
Error
2085
11
False
Error
2097 4635 4653 8563 9787 9596 6852 944 2085 9962 4491 9327 8569
9596
Error
False
14
15
7963 9541 2135 8106 4491 9962 2085 944 6852 9596 9787 8563 4653 4635 2097 7069 89 724
Error
False
7963 9541 2135 8106 4491 9962 2085 944 6852 9596 9787 8563 4653 4635 2097 7069 89 724
6852
Error
Error
Error
Error
Error
Error
Error
Error
Error
Error
1976 7371 2691 5957 724 89 7069 2097 4635 4653 8563 9787 9596 6852 944 2085 9962 4491 8106 2135 9541 1835
Error
8563
Error
False
9541 2135 8106 4491 9962 2085 944 6852 9596 9787 8563 4653 4635 2097 7069 89 724 5957 2691 7371 1976 7781 3611
Error
Error
Error
Error
False
False
Error
Error
7506 7781 1976 7371 2691 5957 724 89 7069 2097 4635 4653 8563 9787 9596 6852 944 2085 9962 4491 8106 2135
False
Error
Error
False
Error
Error
Error
7506 7781 1976 7371 2691 5957 724 89 7069 2097 4635 4653 8563 9787 9596 6852 944 2085 9962
19
2097
2097
19
Error
False
Error
Error
7506 7781 1976 7371 2691 5957 724 89 7069 2097 4635 4653 8563 9787 9596 6852 944 2085 9962
Error
Error
False
22
22
Error
Error
False
724
Error
Error
Error
5957
578 7808 4617 500 4970 7121 7506 7781 1976 7371 2691 5957 724 89 7069 2097 4635 4653 8563 9787 9596 6852 944
5957
Error
578 7808 4617 500 4970 7121 7506 7781 1976 7371 2691 5957 724 89 7069 2097 4635 4653 8563 9787 9596 6852 944
23
2691
2691
2691
Error
Error
Error
24
Error
2660 6033 7111 8894 578 7808 4617 500 4970 7121 7506 7781 1976 7371 2691 5957 724 89 7069 2097 4635 4653 8563 9787
24
24
Error
2660 6033 7111 8894 578 7808 4617 500 4970 7121 7506 7781 1976 7371 2691 5957 724 89 7069 2097 4635 4653 8563 9787
Error
2660 6033 7111 8894 578 7808 4617 500 4970 7121 7506 7781 1976 7371 2691 5957 724 89 7069 2097 4635 4653 8563
Error
Error
Error
Error
Error
1976
False
7371
Error
Error
Error
7808 4617 500 4970 7121 7506 7781 1976 7371 2691 5957 724 89 7069 2097 4635 4653 8563 4470 6183
6183 4470 8563 4653 4635 2097 7069 89 724 5957 2691 7371 1976 7781 7506 7121 4970 500 4617 7808
6183 4470 8563 4653 4635 2097 7069 89 724 5957 2691 7371 1976 7781 7506 7121 4970 500 4617 7808
5957
Error
6183 4470 8563 4653 4635 2097 7069 89 724 5957 2691 7371 1976 7781 7506 7121 4970 500 4617
Error
6183 4470 8563 4653 4635 2097 7069 89 724 5957 2691 7371 1976 7781 7506 7121 4970 500 4617
4617 500 4970 7121 7506 7781 1976 7371 2691 5957 724 89 7069 2097 4635 4653 8563 4470 6183
Error
19
False
19
19
19
Error
7781
False
7781
False
Error
8973 9380 7904 4617 500 4970 7121 7506 7781 1976 7371 2691 5957 724 89 7069
Error
Error
False
False
Error
False
False
False
Error
4970
Error
Error
7038 1812 5093 696 2457 8973 9380 7904 4617 500 4970 7121 7506 7781 1976 7371 2691 6073 9743
18
Error
False
8876 9368 8334 6073 2691 7371 1976 7781 7506 7121 4970 500 4617 7904 9380 8973 2457 696 5093 1812 7038
8876 9368 8334 6073 2691 7371 1976 7781 7506 7121 4970 500 4617 7904 9380 8973 2457 696 5093 1812 7038
8876 9368 8334 6073 2691 7371 1976 7781 7506 7121 4970 500 4617 7904 9380 8973 2457 696 5093 1812 7038
False
4424 696 2457 8973 9380 7904 4617 500 4970 7121 7506 7781 1976 7371 2691 6073 8334 9368 8876 5212
8079 4424 696 2457 8973 9380 7904 4617 500 4970 7121 7506 7781 1976 7371 2691 6073 8334 9368 8876 5212
Error
Error
False
5212 8876 9368 8334 6073 2691 7371 1976 7781 7506 7121 4970 500 4617 7904 9380 8973 2457 696 4424 8079
Error
Error
7781
7781
22
False
1976
23
7722 310 4129 6118 5212 8876 9368 8334 6073 2691 7371 1976 7781 7506 7121 4970 500 4617 7904 9380 8973 2457 696
Error
Error
2898 8947 7722 310 4129 6118 5212 8876 9368 8334 6073 2691 7371 1976 7781 7506 7121 4970 500 4617 7904 9380 8973 2457 696
7371
Error
2691
6073
False
26
False
23
Error
7627 6853 8848 4617 500 4970 7121 7506 7781 1976 7371 2691 6073 8334 9368 8876 5212 6118 4129 310 7722 8947 2898 7121
6073
False
False
26
False
8989 8503 7121 2898 8947 7722 310 4129 6118 5212 8876 9368 8334 6073 2691 7371 1976 7781 7506 7121 4970 500 4617 8848 6853
Error
Error
False
570 6853 8848 4617 500 4970 7121 7506 7781 1976 7371 2691 6073 8334 9368 8876 5212 6118 4129 310 7722 8947 2898 7121 8503 8989
2691
Error
2691
Error
Error
Error
7371
29
318 2699 5024 3093 438 570 6853 8848 4617 500 4970 7121 7506 7781 1976 7371 2691 6073 8334 9368 8876 5212 6118 4129 310 7722 8947 2898 7121
6830 318 2699 5024 3093 438 570 6853 8848 4617 500 4970 7121 7506 7781 1976 7371 2691 6073 8334 9368 8876 5212 6118 4129 310 7722 8947 2898 7121
6830 318 2699 5024 3093 438 570 6853 8848 4617 500 4970 7121 7506 7781 1976 7371 2691 6073 8334 9368 8876 5212 6118 4129 310 7722 8947 2898 7121
6830 318 2699 5024 3093 438 570 6853 8848 4617 500 4970 7121 7506 7781 1976 7371 2691 6073 8334 9368 8876 5212 6118 4129 310 7722 8947 2898 7121
30
6830 318 2699 5024 3093 438 570 6853 8848 4617 500 4970 7121 7506 7781 1976 7371 2691 6073 8334 9368 8876 5212 6118 4129 310 7722 8947 2898 7121
7121 2898 8947 7722 310 4129 6118 5212 8876 9368 8334 6073 2691 7371 1976 7781 7506 7121 4970 500 4617 8848 6853 570 438 3093 5024 2699 318 6830
Error
Error
28
False
False
Error
Error
Error
Error
28
2691
Error
Error
6073
False
Error
Error
Error
Error
438 570 6853 8848 4617 500 4970 7121 7506 7781 1976 7371 2691 6073 8334 9368 8876 5212 6118 4129 310 7722 8947 2898 7121 2406 8035 4880 7495 7588 6475
Error
Error
2691
Error
Error
Error
Error
8876
30
Error
Error
30
False
False
False
Error
Error
8334
8334
30
33
Error
False
6073
Error
44 1903 4448 4866 2101 1128 570 6853 8848 4617 500 4970 7121 7506 7781 1976 7371 2691 6073 8334 9368 8876 5212 6118 4129 310 7722 8947 2898 7121 2406 8035 4880 7495 4959 7569
2691
2691
33
6073
Error
False
Error
Error
False
Error
Error
7121 2898 8947 7722 310 4129 6118 5212 8876 9368 8334 6073 2691 7371 1976 7781 7506 7121 4970 500 4617 8848 6853 570 1128 2101 4866 4448 9869 2570
Error
7371
Error
7371
Error
31
444 9752 2486 7121 2898 8947 7722 310 4129 6118 5212 8876 9368 8334 6073 2691 7371 1976 7781 7506 7121 4970 500 4617 8848 6853 570 1128 2101 4866 4448 9869
33
33
6236 444 9752 2486 7121 2898 8947 7722 310 4129 6118 5212 8876 9368 8334 6073 2691 7371 1976 7781 7506 7121 4970 500 4617 8848 6853 570 1128 2101 4866 4448 9869
Error
Error
Error
Error
Error
False
7371
Error
False
False
Error
False
4846 3857 4866 2101 1128 570 6853 8848 4617 500 4970 7121 7506 7781 1976 7371 2691 6073 8334 9368 8876 5212 6118 4129 310 7722 8947 2898 7121 2486 9752
Error
Error
30
False
Error
Error
Error
Error
Error
820 6272 2130 8315 7121 2898 8947 7722 310 4129 6118 5212 8876 9368 8334 6073 2691 7371 1976 7781 7506 7121 4970 500 4617 8848 6853 570 1128 2101 4866
Error
Error
Error
Error
2490 9082 820 6272 2130 8315 7121 2898 8947 7722 310 4129 6118 5212 8876 9368 8334 6073 2691 7371 1976 7781 7506 7121 4970 500 4617 8848 6853 570 1128
31
Error
Error
False
32
36
Error
37
37
Error
9368
Error
False
9368
Error
1070 7833 1497 5772 570 6853 8848 4617 500 4970 7121 7506 7781 1976 7371 2691 6073 8334 9368 8876 5212 6118 4129 310 7722 8947 2898 7121 8315 2130 6272 820 9082 2490 5221 6442
Error
False
8334
36
False
Error
Error
False
Error
6121 463 2560 1070 7833 1497 5772 570 6853 8848 4617 500 4970 7121 7506 7781 1976 7371 2691 6073 8334 9368 8876 5212 6118 4129 310 7722 8947 2898 7121 8315 2130 6272 820 9082 2490 5221 6442
Error
False
6592 9065 6121 463 2560 1070 7833 1497 5772 570 6853 8848 4617 500 4970 7121 7506 7781 1976 7371 2691 6073 8334 9368 8876 5212 6118 4129 310 7722 8947 2898 7121 8315 2130 6272 820 9082 2490
Error
6592 9065 6121 463 2560 1070 7833 1497 5772 570 6853 8848 4617 500 4970 7121 7506 7781 1976 7371 2691 6073 8334 9368 8876 5212 6118 4129 310 7722 8947 2898 7121 8315 2130 6272 820 9082
False
36
Error
34
Error
3013 9356 2898 8947 7722 310 4129 6118 5212 8876 9368 8334 6073 2691 7371 1976 7781 7506 7121 4970 500 4617 8848 6853 570 5772 1497 7833 1070 2560 463 6121
Error
Error
Error
Error
Error
Error
Error
Error
34
35
Error
7613 9620 7772 6121 463 2560 1070 7833 1497 5772 570 6853 8848 4617 500 4970 7121 7506 7781 1976 7371 2691 6073 8334 9368 8876 5212 6118 4129 310 7722 8947 2898 9356 3013 1413
Error
500
Error
Error
Error
Error
39
False
40
7506
7506
7781
Error
False
4460 33 7615 1351 9356 2898 8947 7722 310 4129 6118 5212 8876 9368 8334 6073 2691 7371 1976 7781 7506 7121 4970 500 4617 8848 6853 570 5772 1497 7833 1070 2560 463 6121 7772 9620 7613 9400
Error
Error
Error
44
43
8639 1698 2585 5322 8119 4460 33 7615 1351 9356 2898 8947 7722 310 4129 6118 5212 8876 9368 8334 6073 2691 7371 1976 7781 7506 7121 4970 500 4617 8848 6853 570 5772 1497 7833 1070 2560 463 6121 7772 9620 7613
Error
7613 9620 7772 6121 463 2560 1070 7833 1497 5772 570 6853 8848 4617 500 4970 7121 7506 7781 1976 7371 2691 6073 8334 9368 8876 5212 6118 4129 310 7722 8947 2898 9356 1351 7615 33 4460 8119 5322 2585 1698 8639
Error
7613 9620 7772 6121 463 2560 1070 7833 1497 5772 570 6853 8848 4617 500 4970 7121 7506 7781 1976 7371 2691 6073 8334 9368 8876 5212 6118 4129 310 7722 8947 2898 9356 1351 7615 33 4460 8119 5322 2585 1698 8639
False
False
45
46
46
Error
7506
46
Error
7506
Error
45
44
4970
44
44
44
7121
Error
Error
43
Error
Error
Error
Error
False
44
3646 1224 3295 6227 3491 7613 9620 7772 6121 463 2560 1070 7833 1497 5772 570 6853 8848 4617 500 4970 7121 7506 7781 1976 7371 2691 6073 8334 9368 8876 5212 6118 4129 310 7722 8947 2898 9356 1351 7615 33 6504 4959
False
Error
44
7506
7506
Error
Error
False
False
7974 1224 3295 6227 3491 7613 9620 7772 6121 463 2560 1070 7833 1497 5772 570 6853 8848 4617 500 4970 7121 7506 7781 1976 3775 7371 2691 6073 8334 9368 8876 5212 6118 4129 310 7722 8947 2898 9356 1351 7615 33 6504 4959 7886
Error
Error
Error
Error
45
False
46
Error
45
Error
Error
False
Error
7974 1224 3295 6227 3491 7613 9620 7772 6121 463 2560 1070 7833 1497 5772 570 6853 8848 4617 500 4970 7121 7506 7781 1976 3775 7371 2691 6073 8334 9368 8876 5212 6118 4129 310 7722 8947 2898 9356 1351 7615 33
Error
Error
Error
Error
40
500
Error
3534 7974 1224 3295 6227 3491 7613 9620 7772 6121 463 2560 1070 7833 1497 5772 570 6853 8848 4617 500 4970 7121 7506 7781 1976 3775 7371 2691 6073 8334 9368 8876 5212 6118 4129 310 7722 8947 2898
3534 7974 1224 3295 6227 3491 7613 9620 7772 6121 463 2560 1070 7833 1497 5772 570 6853 8848 4617 500 4970 7121 7506 7781 1976 3775 7371 2691 6073 8334 9368 8876 5212 6118 4129 310 7722 8947 2898
40
Error
500
Error
Error
Error
39
Error
Error
Error
Error
6529 3295 6227 3491 7613 9620 7772 6121 463 2560 1070 7833 1497 5772 570 6853 8848 4617 500 4970 7121 7506 7781 1976 3775 7371 2691 6073 8334 9368 8876 5212 6118 4129 310 7722 8947
500
Error
Error
Error
Error
Error
4617
2055 7829 3411 6529 3295 6227 3491 7613 9620 7772 6121 463 2560 1070 7833 1497 5772 570 6853 8848 4617 500 4970 7121 7506 7781 1976 3775 7371 2691 6073 8334 9368 8876 5212 6118 4129 310 7722 8947
Error
Error
Error
False
6972 5635 8947 7722 310 4129 6118 5212 8876 9368 8334 6073 2691 7371 3775 1976 7781 7506 7121 4970 500 4617 8848 6853 570 5772 1497 7833 1070 2560 463 6121 7772 9620 7613 3491 6227 3295 6529 3411 7829 2055
Error
Error
Error
Error
Error
2466 6972 5635 8947 7722 310 4129 6118 5212 8876 9368 8334 6073 2691 7371 3775 1976 7781 7506 7121 4970 500 4617 8848 6853 570 5772 1497 7833 1070 2560 463 6121 7772 9620 7613 3491 6227 3295
Error
Error
39
Error
False
False
39
Error
2466 6972 5635 8947 7722 310 4129 6118 5212 8876 9368 8334 6073 2691 7371 3775 1976 7781 7506 7121 4970 500 4617 8848 6853 570 5772 1497 7833 1070 2560 463 6121 7772 9620 7613 3491 6227 3295
Error
Error
Error
False
Error
41
40
3775
Error
Error
7121
Error
Error
42
Error
4970
Error
Error
7121
40
40
Error
Error
Error
Error
Error
7506
Error
7425 2466 6972 5635 8947 7722 310 4129 6118 5212 8876 9368 8334 6073 5902 2691 7371 3775 1976 7781 7506 7121 4970 500 4617 8848 6853 570 5772 1497 7833 1070 2560 463 6121 7772 9620 7613 8666 6358
Error
Error
Error
Error
Error
False
40
False
41
False
Error
Error
3775
1976
Error
False
Error
1677 7308 5425 7902 9620 7772 6121 463 2560 1070 7833 1497 5772 570 6853 8848 4617 500 4970 7121 7506 7781 1976 3775 7371 2691 5902 6073 8334 9368 8876 5212 6118 4129 310 7722 8947 5635 6972 2466 7425 5661
Error
False
1976
3775
False
Error
False
1976
1976
False
Error
Error
Error
False
1976
1777 6280 7854 7308 5425 7902 9620 7772 6121 463 2560 1070 7833 1497 5772 570 6853 8848 4617 500 4970 7121 7506 7781 1976 3775 7371 2691 5902 6073 8334 9368 8876 5212 6118 4129 310 7722 8947 5635 6972 2466 7425 5661 2929 84 9056
46
45
84 2929 5661 7425 2466 6972 5635 8947 7722 310 4129 6118 5212 8876 9368 8334 6073 5902 2691 7371 3775 1976 7781 7506 7121 4970 500 4617 8848 6853 570 5772 1497 7833 1070 2560 463 6121 7772 9620 7902 5425 7308 7854 6280
84 2929 5661 7425 2466 6972 5635 8947 7722 310 4129 6118 5212 8876 9368 8334 6073 5902 2691 7371 3775 1976 7781 7506 7121 4970 500 4617 8848 6853 570 5772 1497 7833 1070 2560 463 6121 7772 9620 7902 5425 7308 7854 6280
Error
4197 84 2929 5661 7425 2466 6972 5635 8947 7722 310 4129 6118 5212 8876 9368 8334 6073 5902 2691 7371 3775 1976 7781 7506 7121 4970 500 4617 8848 6853 570 5772 1497 7833 1070 2560 463 6121 7772 9620 7902 5425 7308 7854 6280
47
Error
Error
False
Error
False
48
Error
Error
3650 3204 7861 4197 84 2929 5661 7425 2466 6972 5635 8947 7722 310 4129 6118 5212 8876 9368 8334 6073 5902 2691 7371 3775 1976 7781 7506 7121 4970 500 4617 8848 6853 570 5772 1497 7833 1070 2560 463 6121 7772 9620 7902 5425 7308 7854
7371
47
Error
Error
Error
Error
Error
1976
False
45
False
Error
Error
9530 454 4829 1318 6344 4197 84 2929 5661 7425 2466 6972 5635 8947 7722 310 4129 6118 5212 8876 9368 8334 6073 5902 2691 7371 3775 1976 7781 7506 7121 4970 500 4617 8848 6853 570 5772 1497 7833 1070 2560 463 6121 7772 9620 7902
Error
Error
7902 9620 7772 6121 463 2560 1070 7833 1497 5772 570 6853 8848 4617 500 4970 7121 7506 7781 1976 3775 7371 2691 5902 6073 8334 9368 8876 5212 6118 4129 310 7722 8947 5635 6972 2466 7425 5661 2929 84 4197 6344 1318 4829 454 9530 7811 389
Error
Error
False
2691
Error
5284 7902 9620 7772 6121 463 2560 1070 7833 1497 5772 570 6853 8848 4617 500 4970 7121 7506 7781 1976 3775 7371 2691 5902 6073 8334 9368 8876 5212 6118 4129 310 7722 8947 5635 6972 2466 7425 5661 2929 84 4197 6344 1318 4829 454 9530
Error
5284 7902 9620 7772 6121 463 2560 1070 7833 1497 5772 570 6853 8848 4617 500 4970 7121 7506 7781 1976 3775 7371 2691 5902 6073 8334 9368 8876 5212 6118 4129 310 7722 8947 5635 6972 2466 7425 5661 2929 84 4197 6344 1318 4829 454 9530
Error
False
False
2691
Error
Error
Error
6073
47
False
Error
47
Error
Error
45
Error
4069 6121 463 2560 1070 7833 1497 5772 570 6853 8848 4617 500 4970 7121 7506 7781 1976 3775 7371 2691 5902 6073 8334 9368 8876 5212 6118 4129 310 7722 8947 5635 6972 2466 7425 5661 2929 84 4197 6344 1318 4829 454 7561
Error
Error
Error
Error
Error
6073
6073
6073
False
44
6073
False
6073
463 2560 1070 7833 1497 5772 570 6853 8848 4617 500 4970 7121 7506 7781 1976 3775 7371 2691 5902 6073 8334 9368 8876 5212 6118 4129 310 7722 8947 5635 6972 2466 7425 5661 2929 84 4197 6344 1318 4829 454
6073
6073
False
Error
Error
6073
44
Error
45
46
False
Error
6307 4829 1318 6344 4197 84 2929 5661 7425 2466 6972 5635 8947 7722 310 4129 6118 5212 8876 9368 8334 6073 5902 2691 7371 3775 1976 7781 7506 7121 4970 500 4617 8848 6853 570 5772 1497 7833 1070 2560 463 1251 7857 8002
Error
False
45
45
6307 4829 1318 6344 4197 84 2929 5661 7425 2466 6972 5635 8947 7722 310 4129 6118 5212 8876 9368 8334 6073 5902 2691 7371 3775 1976 7781 7506 7121 4970 500 4617 8848 6853 570 5772 1497 7833 1070 2560 463 1251 7857 8002
9165 8997 4191 2973 6307 4829 1318 6344 4197 84 2929 5661 7425 2466 6972 5635 8947 7722 310 4129 6118 5212 8876 9368 8334 6073 5902 2691 7371 3775 1976 7781 7506 7121 4970 500 4617 8848 6853 570 5772 1497 7833 1070 2560 463 1251 7857 8002
Error
8334
Error
Error
Error
Error
8002 7857 1251 463 2560 1070 7833 1497 5772 570 6853 8848 4617 500 4970 7121 7506 7781 1976 3775 7371 2691 5902 6073 8334 9368 8876 5212 6118 4129 310 7722 8947 5635 6972 2466 7425 5661 2929 84 4197 6344 1318 4829 6307 2973 4191 8997
8002 7857 1251 463 2560 1070 7833 1497 5772 570 6853 8848 4617 500 4970 7121 7506 7781 1976 3775 7371 2691 5902 6073 8334 9368 8876 5212 6118 4129 310 7722 8947 5635 6972 2466 7425 5661 2929 84 4197 6344 1318 4829 6307 2973 4191 8997
Error
Error
51
5212
5212
Error
False
Error
6118
Error
False
Error
6118
False
777 6049 8628 6458 4204 187 1253 9588 5086 4191 2973 6307 4829 1318 6344 4197 84 2929 5661 7425 2466 6972 5635 8947 7722 310 4129 6118 5212 8876 9368 8334 6073 5902 2691 7371 3775 1976 7781 7506 7121 4970 500 4617 8848 6853 570 5772 1497 7833 1070 2560 463
1401 777 6049 8628 6458 4204 187 1253 9588 5086 4191 2973 6307 4829 1318 6344 4197 84 2929 5661 7425 2466 6972 5635 8947 7722 310 4129 6118 5212 8876 9368 8334 6073 5902 2691 7371 3775 1976 7781 7506 7121 4970 500 4617 8848 6853 570 5772 1497 7833 1070 2560 463
4873 1401 777 6049 8628 6458 4204 187 1253 9588 5086 4191 2973 6307 4829 1318 6344 4197 84 2929 5661 7425 2466 6972 5635 8947 7722 310 4129 6118 5212 8876 9368 8334 6073 5902 2691 7371 3775 1976 7781 7506 7121 4970 500 4617 8848 6853 570 5772 1497 7833 1070 2560 463
Error
False
53
Error
7722
4873 1401 777 6049 8628 6458 4204 187 1253 9588 5086 4191 2973 6307 4829 1318 6344 4197 84 2929 5661 7425 2466 6972 5635 8947 7722 310 4129 6118 5212 8876 9368 8334 6073 5902 2691 7371 3775 1976 7781 7506 7121 4970 500 4617 8848 6853 570 5772 1497 7833 1070
False
False
54
8947
False
Error
54
False
7425
Error
Error
54
Error
Error
5661
Error
Error
6853 8848 4617 500 4970 7121 7506 7781 1976 3775 7371 2691 5902 6073 8334 9368 8876 5212 6118 4129 310 7722 8947 5635 6972 2466 7425 5661 2929 84 4197 6344 1318 4829 6307 2973 4191 5086 9588 1253 187 4204 6458 8628 6049 777 1401 4873 9405 6394 2572 6301 4922 2311
Error
Error
Error
Error
Error
Error
Error
53
Error
Error
84
Error
55
Error
9774 5809 9127 4485 8095 6301 2572 6394 9405 4873 1401 777 6049 8628 6458 4204 187 1253 9588 5086 4191 2973 6307 4829 1318 6344 4197 84 2929 5661 7425 2466 6972 5635 8947 7722 310 4129 6118 5212 8876 9368 8334 6073 5902 2691 7371 3775 1976 7781 7506 7121 4970 500
54
False
54
6370 9774 5809 9127 4485 8095 6301 2572 6394 9405 4873 1401 777 6049 8628 6458 4204 187 1253 9588 5086 4191 2973 6307 4829 1318 6344 4197 84 2929 5661 7425 2466 6972 5635 8947 7722 310 4129 6118 5212 8876 9368 8334 6073 5902 2691 7371 3775 1976 7781 7506 7121 4970
54
5512 4970 7121 7506 7781 1976 3775 7371 2691 5902 6073 8334 9368 8876 5212 6118 4129 310 7722 8947 5635 6972 2466 7425 5661 2929 84 4197 6344 1318 4829 6307 2973 4191 5086 9588 1253 187 4204 6458 8628 6049 777 1401 4873 9405 6394 2572 6301 8095 4485 9127 5809 9774
Error
54
False
Error
Error
False
Error
9433 1803 2538 9774 5809 9127 4485 8095 6301 2572 6394 9405 4873 1401 777 6049 8628 6458 4204 187 1253 9588 5086 4191 2973 6307 4829 1318 6344 4197 84 2929 5661 7425 2466 6972 5635 8947 7722 310 4129 6118 5212 8876 9368 8334 6073 5902 2691 7371 3775 1976 7781 7506
Error
Error
4829
Error
Error
Error
Error
Error
Error
4829
82 8393 9433 1803 2538 9774 5809 9127 4485 8095 6301 2572 6394 9405 4873 1401 777 6049 8628 6458 4204 187 1253 9588 5086 4191 2973 6307 4829 1318 6344 4197 84 2929 5661 7425 2466 6972 5635 8947 7722 310 4129 6118 5212 8876 9368 8334 6073 5902 2691 7371 3775
Error
4191
Error
Error
Error
56
Error
Error
Error
False
Error
187
5140 7949 1860 8392 82 8393 9433 1803 2538 9774 5809 9127 4485 8095 6301 2572 6394 9405 4873 1401 777 6049 8628 6458 4204 187 1253 9588 5086 4191 2973 6307 1318 6344 4197 84 2929 5661 7425 2466 6972 5635 8947 7722 310 4129 6118 5212 8876 9368 8334
Error
51
51
False
5140 7949 1860 8392 82 8393 9433 1803 2538 9774 5809 9127 4485 8095 6301 2572 6394 9405 4873 1401 777 6049 8628 6458 4204 187 1253 9588 5086 4191 2973 6307 1318 6344 4197 84 2929 5661 7425 2466 6972 5635 8947 7722 310 4129 6118 5212 8876 9368
Error
Error
50
Error
Error
8628
Error
Error
4129 310 7722 8947 5635 6972 2466 7425 5661 2929 84 4197 6344 1318 6307 2973 4191 5086 9588 1253 187 4204 6458 8628 6049 777 1401 4873 9405 6394 2572 6301 8095 4485 9127 5809 9774 2538 1803 9433 8393 82 8392 1860 7949 5140 2257 2861 2188 7556 2831
Error
Error
51
False
Error
False
False
51
Error
Error
Error
49
Error
Error
51
Error
Error
Error
Error
4873
4873
Error
144 1681 1705 6729 8750 3093 2257 5140 7949 1860 8392 82 8393 9433 1803 2538 9774 5809 9127 4485 8095 6301 2572 6394 9405 4873 1401 777 6049 8628 6458 4204 187 1253 9588 5086 4191 2973 6307 1318 6344 4197 84 2929 5661 7425 2466 6972 5635 8947 7722 310
Error
Error
Error
Error
False
6301
4485
50
50
Error
5809
Error
Error
Error
False
9774
Error
False
Error
Error
Error
2538
51
Error
Error
6344 1318 6307 2973 4191 5086 9588 1253 187 4204 6458 8628 6049 777 1401 4873 9405 6394 2572 6301 8095 4485 9127 5809 9774 2538 1803 9433 8393 82 8392 1860 7949 5140 2257 3093 8750 6729 1705 1681 144 179 4201 408 3189 4056 2804 6221 7832 3157 334
9774
Error
5809
48
Error
Error
7159 3759 5155 6344 1318 6307 2973 4191 5086 9588 1253 187 4204 6458 8628 6049 777 1401 4873 9405 6394 2572 6301 8095 4485 9127 5809 9774 2538 1803 9433 8393 82 8392 1860 7949 5140 2257 3093 8750 6729 1705 1681 144 179 4201 408 3189 4056 2804
Error
Error
Error
Error
50
Error
Error
5809
Error
Error
51
Error
51
5809
Error
617 4310 4455 8678 2804 4056 3189 408 4201 179 144 1681 1705 6729 8750 3093 2257 5140 7949 1860 8392 82 8393 9433 1803 2538 9774 5809 9127 4485 8095 6301 2572 6394 9405 4873 1401 777 6049 8628 6458 4204 187 1253 9588 5086 4191 2973 6307 1318 6344 5155
2538
Error
4037 617 4310 4455 8678 2804 4056 3189 408 4201 179 144 1681 1705 6729 8750 3093 2257 5140 7949 1860 8392 82 8393 9433 1803 2538 9774 5809 9127 4485 8095 6301 2572 6394 9405 4873 1401 777 6049 8628 6458 4204 187 1253 9588 5086 4191 2973 6307 1318 6344 5155
9433
54
False
Error
Error
Error
8393
False
Error
Error
57
Error
56
Error
1860
8610 9462 7603 7305 3715 1137 1021 2246 4037 617 4310 4455 8678 2804 4056 3189 408 4201 179 144 1681 1705 6729 8750 3093 2257 5140 7949 1860 8392 82 8393 9433 1803 2538 9774 5809 9127 4485 8095 6301 2572 6394 9405 4873 1401 777 6049 8628 6458 4204 187 1253 9588 5086 4191 2973
False
False
Error
8610 9462 7603 7305 3715 1137 1021 2246 4037 617 4310 4455 8678 2804 4056 3189 408 4201 179 144 1681 1705 6729 8750 3093 2257 5140 7949 1860 8392 82 8393 9433 1803 2538 9774 5809 9127 4485 8095 6301 2572 6394 9405 4873 1401 777 6049 8628 6458 4204 187 1253 9588
False
Error
9588 1253 187 4204 6458 8628 6049 777 1401 4873 9405 6394 2572 6301 8095 4485 9127 5809 9774 2538 1803 9433 8393 82 8392 1860 7949 5140 2257 3093 8750 6729 1705 1681 144 179 4201 408 3189 4056 2804 8678 4455 4310 617 4037 2246 1021 1137 3715 7305
9588 1253 187 4204 6458 8628 6049 777 1401 4873 9405 6394 2572 6301 8095 4485 9127 5809 9774 2538 1803 9433 8393 82 8392 1860 7949 5140 2257 3093 8750 6729 1705 1681 144 179 4201 408 3189 4056 2804 8678 4455 4310 617 4037 2246 1021 1137 3715 7305
Error
Error
7316 9588 1253 187 4204 6458 8628 6049 777 1401 4873 9405 6394 2572 6301 8095 4485 9127 5809 9774 2538 1803 9433 8393 82 8392 1860 7949 5140 2257 3093 8750 6729 1705 1681 144 179 4201 408 3189 4056 2804 8678 4455 4310 617 4037 2246 1021 1137 3715 7305
7316 9588 1253 187 4204 6458 8628 6049 777 1401 4873 9405 6394 2572 6301 8095 4485 9127 5809 9774 2538 1803 9433 8393 82 8392 1860 7949 5140 2257 3093 8750 6729 1705 1681 144 179 4201 408 3189 4056 2804 8678 4455 4310 617 4037 2246 1021 1137 3715 7305
53
53
53
8392
53
Error
Error
Error
Error
Error
Error
Error
7846 7316 9588 1253 187 4204 6458 8628 6049 777 1401 4873 9405 6394 2572 6301 8095 4485 9127 5809 9774 2538 1803 9433 8393 82 8392 1860 7949 5140 2257 3093 8750 6729 1705 1681 144 179 4201 408 3189 4056 2804 8678 4455 4310 617 4037 2246 1021 1137
8393
Error
False
8393
Error
8393
Error
8393
Error
Error
55
Error
Error
Error
False
Error
Error
56
56
Error
9433
2122 2072 5975 7846 7316 9588 1253 187 4204 6458 8628 6049 777 1401 4873 9405 6394 2572 6301 8095 4485 9127 5809 9774 2538 1803 9433 8393 82 8392 1860 7949 5140 2257 3093 8750 6729 1705 1681 144 179 4201 408 3189 4056 2804 8678 4455 4310 617 4037 2246 1021 4052
9433
1021 2246 4037 617 4310 4455 8678 2804 4056 3189 408 4201 179 144 1681 1705 6729 8750 3093 2257 5140 7949 1860 8392 82 8393 9433 1803 2538 9774 5809 9127 4485 8095 6301 2572 6394 9405 4873 1401 777 6049 8628 6458 4204 187 1253 9588 7316 7846 5975 2072 2122 5441
Error
Error
Error
False
3659 9765 7124 8888 1021 2246 4037 617 4310 4455 8678 2804 4056 3189 408 4201 179 144 1681 1705 6729 8750 3093 2257 5140 7949 1860 8392 82 8393 9433 1803 2538 9774 5809 9127 4485 8095 6301 2572 6394 9405 4873 1401 777 6049 8628 6458 4204 187 1253 9588 7316 7846 5975
54
False
Error
1860
55
Error
8392
Error
Error
Error
57
Error
Error
False
Error
Error
59
9599 2844 8950 3659 9765 7124 8888 1021 2246 4037 617 4310 4455 8678 2804 4056 3189 408 4201 179 144 1681 1705 6729 8750 3093 2257 5140 7949 1860 8392 82 8393 9433 1803 2538 9774 5809 9127 4485 8095 6301 2572 6394 9405 4873 1401 777 6049 8628 6458 4204 187 1253 9588 7316 5419 2755 8565
Error
58
Error
Error
58
82
82
56
8393
Error
Error
Error
8393
Error
False
Error
Error
False
53
Error
7316 9588 1253 187 4204 6458 8628 6049 777 1401 4873 9405 6394 2572 6301 8095 4485 9127 5809 9774 2538 1803 9433 8393 82 8392 1860 7949 5140 2257 3093 8750 6729 1705 1681 144 179 4201 408 3189 4056 2804 8678 4455 4310 617 4037 2246 1021 8888 7124 1497 358
False
53
False
7949
Error
7949
3153 9186 358 1497 7124 8888 1021 2246 4037 617 4310 4455 8678 2804 4056 3189 408 4201 179 144 1681 1705 6729 8750 3093 2257 5140 7949 1860 8392 82 8393 9433 1803 2538 9774 5809 9127 4485 8095 6301 2572 6394 9405 4873 1401 777 6049 8628 6458 4204 187 1253 9588
5140
5140
False
False
5934 3153 9186 358 1497 7124 8888 1021 2246 4037 617 4310 4455 8678 2804 4056 3189 408 4201 179 144 1681 1705 6729 8750 3093 2257 5140 7949 1860 8392 82 8393 9433 1803 2538 9774 5809 9127 4485 8095 6301 2572 6394 9405 4873 1401 777 6049 8628 6458 4204 187 1253
Error
52
Error
Error
False
5934 3153 9186 358 1497 7124 8888 1021 2246 4037 617 4310 4455 8678 2804 4056 3189 408 4201 179 144 1681 1705 6729 8750 3093 2257 5140 7949 1860 8392 82 8393 9433 1803 2538 9774 5809 9127 4485 8095 6301 2572 6394 9405 4873 1401 777 6049 8628 6458
Error
Error
Error
Error
53
Error
Error
Error
False
Error
False
358 1497 7124 8888 1021 2246 4037 617 4310 4455 8678 2804 4056 3189 408 4201 179 144 1681 1705 6729 8750 3093 2257 5140 7949 1860 8392 82 8393 9433 1803 2538 9774 5809 9127 4485 8095 6301 2572 6394 9405 4873 1401 777 6049 8628 6458 7148 5357 6134 4776
358 1497 7124 8888 1021 2246 4037 617 4310 4455 8678 2804 4056 3189 408 4201 179 144 1681 1705 6729 8750 3093 2257 5140 7949 1860 8392 82 8393 9433 1803 2538 9774 5809 9127 4485 8095 6301 2572 6394 9405 4873 1401 777 6049 8628 6458 7148 5357 6134 4776
7949
False
51
Error
Error
Error
49
Error
False
Error
Error
Error
8392
8392
Error
False
Error
Error
False
Error
Error
False
False
Error
1803
Error
3736 545 4776 6134 5357 7148 6458 8628 6049 777 1401 4873 9405 6394 2572 6301 8095 4485 9127 5809 9774 2538 1803 9433 8393 82 8392 1860 7949 5140 2257 3093 8750 6729 1705 1681 144 179 4201 408 3189 4056 2804 8678 4455
42
3736 545 4776 6134 5357 7148 6458 8628 6049 777 1401 4873 9405 6394 2572 6301 8095 4485 9127 5809 9774 2538 1803 9433 8393 82 8392 1860 7949 5140 2257 3093 8750 6729 1705 1681 144 179 4201 408 3189 4056
Error
3736 545 4776 6134 5357 7148 6458 8628 6049 777 1401 4873 9405 6394 2572 6301 8095 4485 9127 5809 9774 2538 1803 9433 8393 82 8392 1860 7949 5140 2257 3093 8750 6729 1705 1681 144 179 4201 408 3189 4056
Error
Error
Error
Error
False
4201 179 144 1681 1705 6729 8750 3093 2257 5140 7949 1860 8392 82 8393 9433 1803 2538 9774 5809 9127 4485 8095 6301 2572 6394 9405 4873 1401 777 6049 8628 6458 7148 5357 6134 4776 545 3736 8647 2498
Error
42
Error
Error
Error
Error
False
Error
Error
4485
44
False
Error
7123 5995 4237 8647 3736 545 4776 6134 5357 7148 6458 8628 6049 777 1401 4873 9405 6394 2572 6301 8095 4485 9127 5809 9774 2538 1803 9433 8393 82 8392 1860 7949 5140 2257 3093 8750 6729 1705 1681 144 179 4201 1831
Error
6301
False
False
False
Error
Error
1947 8487 8493 8582 7123 5995 4237 8647 3736 545 4776 6134 5357 7148 6458 8628 6049 777 1401 4873 9405 6394 2572 6301 8095 4485 9127 5809 9774 2538 1803 9433 8393 82 8392 1860 7949 5140 2257 3093 8750 6729 1705 1681 144
Error
Error
Error
Error
9405
9405
9896 9378 1008 1947 8487 8493 8582 7123 5995 4237 8647 3736 545 4776 6134 5357 7148 6458 8628 6049 777 1401 4873 9405 6394 2572 6301 8095 4485 9127 5809 9774 2538 1803 9433 8393 82 8392 1860 7949 5140 2257 3093 8750 6729 1705 1681
Error
46
Error
Error
Error
4873
False
Error
Error
Error
Error
48
Error
46
Error
False
46
777
777
5754 1019 5092 9896 9378 1008 1947 8487 8493 8582 7123 5995 4237 8647 3736 545 4776 6134 5357 7148 6458 8628 6049 777 1401 4873 9405 6394 2572 6301 8095 4485 9127 5809 9774 2538 1803 9433 8393 82 8392 1860 7949 5140 2257 3093 8750
Error
Error
Error
Error
7353 7308 8796 8750 3093 2257 5140 7949 1860 8392 82 8393 9433 1803 2538 9774 5809 9127 4485 8095 6301 2572 6394 9405 4873 1401 777 6049 8628 6458 7148 5357 6134 4776 545 3736 8647 4237 5995 7123 8582 8493 8487 1947 1008 9378 9896
False
Error
Error
Error
Error
Error
False
Error
Error
Error
False
Error
43
Error
Error
4485
4485
Error
False
4261 3905 7353 7308 8796 8750 3093 2257 5140 7949 1860 8392 82 8393 9433 1803 2538 9774 5809 9127 4485 8095 6301 2572 6394 9405 4873 1401 777 6049 8628 6458 7148 5357 6134 4776 545 3736 8647
Error
Error
5809
Error
1258 8647 3736 545 4776 6134 5357 7148 6458 8628 6049 777 1401 4873 9405 6394 2572 6301 8095 4485 9127 5809 9774 2538 1803 9433 8393 82 8392 1860 7949 5140 2257 3093 8750 8796 7308 7353 3905 4261 3179 1002
42
Error
Error
Error
False
Error
Error
Error
43
Error
8095
Error
Error
9262 7145 7484 8266 6890 1258 8647 3736 545 4776 6134 5357 7148 6458 8628 6049 777 1401 4873 9405 6394 2572 6301 8095 4485 9127 5809 9774 2538 1803 9433 8393 82 8392 1860 7949 5140 2257 3093 8750 8796 7308 7353 3905
44
Error
Error
Error
Error
6394
44
Error
44
Error
Error
4873
Error
3860 4193 5613 7400 9262 7145 7484 8266 6890 1258 8647 3736 545 4776 6134 5357 7148 6458 8628 6049 777 1401 4873 9405 6394 2572 6301 8095 4485 9127 5809 9774 2538 1803 9433 8393 82 8392 1860 7949 5140 2257 3093 8750
Error
1401
Error
Error
Error
43
Error
Error
861 4118 3860 4193 5613 7400 9262 7145 7484 8266 6890 1258 8647 3736 545 4776 6134 5357 7148 6458 8628 6049 777 1401 4873 9405 6394 2572 6301 8095 4485 9127 5809 9774 2538 1803 9433 8393 82 8392 1860 7949
False
Error
Error
43
Error
Error
43
Error
861 4118 3860 4193 5613 7400 9262 7145 7484 8266 6890 1258 8647 3736 545 4776 6134 5357 7148 6458 8628 6049 777 1401 4873 9405 6394 2572 6301 8095 4485 9127 5809 9774 2538 1803 9433 8393 82 8392 1860 7949 6630 898
45
Error
46
43
Error
Error
Error
False
Error
Error
Error
Error
Error
Error
Error
43
Error
Error
6458
Error
Error
Error
Error
43
7148
Error
43
Error
3794 7221 2986 5036 1668 7798 8223 4118 3860 4193 5613 7400 9262 7145 7484 8266 6890 1258 8647 3736 545 4776 6134 5357 7148 6458 8628 6049 777 1401 4873 9405 6394 2572 6301 8095 4485 9127 5809 9774 2538 1803 9433
False
Error
5911 3794 7221 2986 5036 1668 7798 8223 4118 3860 4193 5613 7400 9262 7145 7484 8266 6890 1258 8647 3736 545 4776 6134 5357 7148 6458 8628 6049 777 1401 4873 9405 6394 2572 6301 8095 4485 9127 5809 9774 2538 1803
Error
43
Error
Error
Error
545
1803 2538 9774 5809 9127 4485 8095 6301 2572 6394 9405 4873 1401 777 6049 8628 6458 7148 5357 6134 4776 545 3736 8647 1258 6890 8266 7484 7145 9262 7400 5613 4193 3860 4118 8223 7798 1668 5036 2986 7221 3794 5911
Error
Error
Error
Error
Error
Error
Error
Error
Error
616 9985 9774 5809 9127 4485 8095 6301 2572 6394 9405 4873 1401 777 6049 8628 6458 7148 5357 6134 4776 545 3736 8647 1258 6890 8266 7484 7145 9262 7400 5613 4193 3860 4118 8223 7798 1668 5036 2986 7221 6429
41
Error
Error
Error
7221 2986 5036 1668 7798 8223 4118 3860 4193 5613 7400 9262 7145 7484 8266 6890 1258 8647 3736 545 4776 6134 5357 7148 6458 8628 6049 777 1401 4873 9405 6394 2572 6301 8095 4485 9127 5809 9774
Error
3736
Error
3736
Error
Error
7439 1953 7221 2986 5036 1668 7798 8223 4118 3860 4193 5613 7400 9262 7145 7484 8266 6890 1258 8647 3736 545 4776 6134 5357 7148 6458 8628 6049 777 1401 4873 9405 6394 2572 6301 8095 4485 9127 5809 9774
7439 1953 7221 2986 5036 1668 7798 8223 4118 3860 4193 5613 7400 9262 7145 7484 8266 6890 1258 8647 3736 545 4776 6134 5357 7148 6458 8628 6049 777 1401 4873 9405 6394 2572 6301 8095 4485 9127 5809 9774
4937 7439 1953 7221 2986 5036 1668 7798 8223 4118 3860 4193 5613 7400 9262 7145 7484 8266 6890 1258 8647 3736 545 4776 6134 5357 7148 6458 8628 6049 777 1401 4873 9405 6394 2572 6301 8095 4485
4642 4937 7439 1953 7221 2986 5036 1668 7798 8223 4118 3860 4193 5613 7400 9262 7145 7484 8266 6890 1258 8647 3736 545 4776 6134 5357 7148 6458 8628 6049 777 1401 4873 9405 6394 2572 6301 8095 4485
6890
Error
2388 4642 4937 7439 1953 7221 2986 5036 1668 7798 8223 4118 3860 4193 5613 7400 9262 7145 7484 8266 6890 1258 8647 3736 545 4776 6134 5357 7148 6458 8628 6049 777 1401 4873 9405 6394 2572 6301
2388 4642 4937 7439 1953 7221 2986 5036 1668 7798 8223 4118 3860 4193 5613 7400 9262 7145 7484 8266 6890 1258 8647 3736 545 4776 6134 5357 7148 6458 8628 6049 777 1401 4873 9405 6394 2572
Error
1274 6394 9405 4873 1401 777 6049 8628 6458 7148 5357 6134 4776 545 3736 8647 1258 6890 8266 7484 7145 9262 7400 5613 4193 3860 4118 8223 7798 1668 5036 2986 7221 1953 7439 4937 4642 2388
Error
8266
8266
Error
Error
6890
45
Error
43
1258
Error
Error
8266
8266
6890
2946 7468 1606 1274 6394 9405 4873 1401 777 6049 8628 6458 7148 5357 6134 4776 545 3736 8647 1258 6890 8266 7484 7145 9262 7400 5613 4193 3860 4118 8223 7798 1668 5036 2986 7221 1953 7439 4937 7163 4127
Error
1422 2946 7468 1606 1274 6394 9405 4873 1401 777 6049 8628 6458 7148 5357 6134 4776 545 3736 8647 1258 6890 8266 7484 7145 9262 7400 5613 4193 3860 4118 8223 7798 1668 5036 2986 7221 1953 7439 4937
Error
Error
Error
False
Error
Error
1422 2946 7468 1606 1274 6394 9405 4873 1401 777 6049 8628 6458 7148 5357 6134 4776 545 3736 8647 1258 6890 8266 7484 7145 9262 7400 5613 4193 3860 4118 8223 7798 1668 5036 2986 7221 1953
Error
3736
Error
38
Error
Error
38
4776
Error
6134
6134
False
Error
Error
Error
9176 767 1422 2946 7468 1606 1274 6394 9405 4873 1401 777 6049 8628 6458 7148 5357 6134 4776 545 3736 8647 1258 6890 8266 7484 7145 9262 7400 5613 4193 3860 4118 8223 7798
Error
34
Error
False
25 7694 1682 3189 384 9176 767 1422 2946 7468 1606 1274 6394 9405 4873 1401 777 6049 8628 6458 7148 5357 6134 4776 545 3736 8647 1258 6890 8266 7484 7145 9262 7400 5613
Error
Error
False
Error
6049
39
Error
1437 491 25 7694 1682 3189 384 9176 767 1422 2946 7468 1606 1274 6394 9405 4873 1401 777 6049 8628 6458 7148 5357 6134 4776 545 3736 8647 1258 6890 8266 7484 7145 9262 7400 5613 4906 8067
39
Error
39
Error
2435 8323 1437 491 25 7694 1682 3189 384 9176 767 1422 2946 7468 1606 1274 6394 9405 4873 1401 777 6049 8628 6458 7148 5357 6134 4776 545 3736 8647 1258 6890 8266 7484 7145 9262 7400
38
Error
False
4873
37
Error
9405
False
Error
35
Error
Error
Error
Error
Error
Error
35
Error
Error
Error
1492 2923 6001 3929 4466 6890 1258 8647 3736 545 4776 6134 5357 7148 6458 8628 6049 777 1401 4873 9405 6394 1274 1606 7468 2946 1422 767 9176 384 3189 1682 7694 25 491 1437
Error
False
False
1465 6066 6234 4189 1492 2923 6001 3929 4466 6890 1258 8647 3736 545 4776 6134 5357 7148 6458 8628 6049 777 1401 4873 9405 6394 1274 1606 7468 2946 1422 767 9176 384 3189 1682 7694 25 491 1437
Error
Error
Error
Error
False
1965 6066 6234 4189 1492 2923 6001 3929 4466 6890 1258 8647 3736 545 4776 6134 5357 7148 6458 8628 6049 777 1401 4873 9405 6394 1274 1606 7468 2946 1422 767 9176 384 3189 1682 7694 25 491 2408 6097
Error
41
False
Error
Error
Error
Error
False
42
6458
Error
False
Error
43
Error
545
3736
3736
44
Error
Error
44
1258
Error
Error
Error
Error
7462 9631 9691 1821 6212 7822 5322 7520 8019 9013 2338 6634 2691 2526 8832 1965 6066 6234 4189 1492 2923 6001 3929 4466 6890 1258 8647 3736 545 4776 6134 5357 7148 6458 8628 6049 777 1401 4873 9405 6394 1274 1606 7468 2946 1422
Error
Error
Error
46
3929
False
False
False
Error
Error
False
6001
False
Error
False
Error
Error
Error
Error
Error
False
2923
Error
Error
Error
6394 9405 4873 1401 777 6049 8628 6458 7148 5357 6134 4776 545 3736 8647 1258 6890 4466 3929 6001 2923 1492 4189 6234 6066 1965 8832 2526 2691 6634 2338 9013 8019 7520 5322 7822 6212 1821 9691 9631 7462
42
False
Error
Error
Error
False
Error
3929
41
3929
3929
Error
Error
9405 4873 1401 777 6049 8628 6458 7148 5357 6134 4776 545 3736 8647 1258 6890 4466 3929 6001 2923 1492 4189 6234 6066 1965 8832 2526 2691 6634 2338 9013 8019 7520 5322 7822 6212 1821 4521
False
5990 4521 1821 6212 7822 5322 7520 8019 9013 2338 6634 2691 2526 8832 1965 6066 6234 4189 1492 2923 6001 3929 4466 6890 1258 8647 3736 545 4776 6134 5357 7148 6458 8628 6049
4189
4189
Error
5990 4521 1821 6212 7822 5322 7520 8019 9013 2338 6634 2691 2526 8832 1965 6066 6234 4189 1492 2923 6001 3929 4466 6890 1258 8647 3736 545 4776 6134 5357 7148 6458 8628 6049
Error
Error
2643 6458 7148 5357 6134 4776 545 3736 8647 1258 6890 4466 3929 6001 2923 1492 4189 6234 6066 1965 8832 2526 2691 6634 2338 9013 8019 7520 5322 7822 6212 1821 4521 5990 3531
6234
Error
6234
False
Error
Error
Error
34
Error
False
8048 6458 7148 5357 6134 4776 545 3736 8647 1258 6890 4466 3929 6001 2923 1492 4189 6234 6066 1965 8832 2526 2691 6634 2338 9013 8019 7520 5322 7822 6212 1821 4521
Error
Error
Error
Error
False
Error
Error
Error
3806 1908 8048 6458 7148 5357 6134 4776 545 3736 8647 1258 6890 4466 3929 6001 2923 1492 4189 6234 6066 1965 8832 2526 2691 6634 2338 9013 8019 7520 5322 7822 6212 1821
35
3929
False
7958 3913 3427 3806 1908 8048 6458 7148 5357 6134 4776 545 3736 8647 1258 6890 4466 3929 6001 2923 1492 4189 6234 6066 1965 8832 2526 2691 6634 2338 9013 8019 7520
False
False
False
6318 6049 2977 7958 3913 3427 3806 1908 8048 6458 7148 5357 6134 4776 545 3736 8647 1258 6890 4466 3929 6001 2923 1492 4189 6234 6066 1965 8832 2526 2691 6634 2338 9013
Error
Error
3039 6318 6049 2977 7958 3913 3427 3806 1908 8048 6458 7148 5357 6134 4776 545 3736 8647 1258 6890 4466 3929 6001 2923 1492 4189 6234 6066 1965 8832 2526 2691 6634 2338 9013
False
Error
1034 6976 5317 3039 6318 6049 2977 7958 3913 3427 3806 1908 8048 6458 7148 5357 6134 4776 545 3736 8647 1258 6890 4466 3929 6001 2923 1492 4189 6234 6066 1965 8832 2526 2691 6634 2338
Error
36
1034 6976 5317 3039 6318 6049 2977 7958 3913 3427 3806 1908 8048 6458 7148 5357 6134 4776 545 3736 8647 1258 6890 4466 3929 6001 2923 1492 4189 6234 6066 1965 8832 2526 2691 6634
1034 6976 5317 3039 6318 6049 2977 7958 3913 3427 3806 1908 8048 6458 7148 5357 6134 4776 545 3736 8647 1258 6890 4466 3929 6001 2923 1492 4189 6234 6066 1965 8832 2526 2691 6634
False
Error
False
34
Error
7819 2526 8832 1965 6066 6234 4189 1492 2923 6001 3929 4466 6890 1258 8647 3736 545 4776 6134 5357 7148 6458 8048 1908 3806 3427 3913 7958 2977 6049 6318 3039 5317 6976
6976 5317 3039 6318 6049 2977 7958 3913 3427 3806 1908 8048 6458 7148 5357 6134 4776 545 3736 8647 1258 6890 4466 3929 6001 2923 1492 4189 6234 6066 1965 8832 2526 7819 896
545
545
Error
Error
Error
4776
6134
False
Error
Error
2118 1442 6976 5317 3039 6318 6049 2977 7958 3913 3427 3806 1908 8048 6458 7148 5357 6134 4776 545 3736 8647 1258 6890 4466 3929 6001 2923 1492 4189 6234 6066 1965
2118 1442 6976 5317 3039 6318 6049 2977 7958 3913 3427 3806 1908 8048 6458 7148 5357 6134 4776 545 3736 8647 1258 6890 4466 3929 6001 2923 1492 4189 6234 6066 1965
Error
31
7148
False
Error
8891 2118 1442 6976 5317 3039 6318 6049 2977 7958 3913 3427 3806 1908 8048 6458 7148 5357 6134 4776 545 3736 8647 1258 6890 4466 3929 6001 2923 1492 4189
False
8891 2118 1442 6976 5317 3039 6318 6049 2977 7958 3913 3427 3806 1908 8048 6458 7148 5357 6134 4776 545 3736 8647 1258 6890 4466 3929 6001 2923 1492
Error
30
Error
Error
Error
Error
Error
Error
Error
28
Error
1202 9528 7856 8891 2118 1442 6976 5317 3039 6318 6049 2977 7958 3913 3427 3806 1908 8048 6458 7148 5357 6134 4776 545 3736 8647 1258 6890 4466 3929
False
Error
Error
3427
Error
Error
False
Error
Error
28
4466 6890 1258 8647 3736 545 4776 6134 5357 7148 6458 8048 1908 3806 3427 3913 7958 2977 6049 6318 3039 5317 6976 1442 2118 8891 7856 9528
5883 4466 6890 1258 8647 3736 545 4776 6134 5357 7148 6458 8048 1908 3806 3427 3913 7958 2977 6049 6318 3039 5317 6976 1442 2118 8891 7856
Error
Error
6679 8434 5883 4466 6890 1258 8647 3736 545 4776 6134 5357 7148 6458 8048 1908 3806 3427 3913 7958 2977 6049 6318 3039 5317 6976 1442 2118 8891
6679 8434 5883 4466 6890 1258 8647 3736 545 4776 6134 5357 7148 6458 8048 1908 3806 3427 3913 7958 2977 6049 6318 3039 5317 6976 1442 2118 8891
Error
6679 8434 5883 4466 6890 1258 8647 3736 545 4776 6134 5357 7148 6458 8048 1908 3806 3427 3913 7958 2977 6049 6318 3039 5317 6976 1442 2118 8891
False
27
False
Error
Error
Error
6458
6458
6458
8048
Error
False
False
Error
Error
1908
31
Error
Error
3806
6596 9632 7573 3553 8764 8040 9503 1212 3039 6318 6049 2977 7958 3913 3427 3806 1908 8048 6458 7148 5357 6134 4776 545 3736 8647 1258 6890 4466 5883 8434
6596 9632 7573 3553 8764 8040 9503 1212 3039 6318 6049 2977 7958 3913 3427 3806 1908 8048 6458 7148 5357 6134 4776 545 3736 8647 1258 6890 4466 5883 8434
Error
3427
31
3913
False
3913
Error
7958
4466 6890 1258 8647 3736 545 4776 6134 5357 7148 6458 8048 1908 3806 3427 3913 7958 2977 6049 6318 3039 1212 9503 8040 8764 3553 7573 9632 6596 5576 2312 9350 6506 4367
Error
34
False
Error
False
False
Error
7083 9848 515 7716 4466 6890 1258 8647 3736 545 4776 6134 5357 7148 6458 8048 1908 3806 3427 3913 7958 2977 6049 6318 3039 1212 9503 8040 8764 3553 7573 9632 6596 5576 2312 9350 6506
Error
8457 7083 9848 515 7716 4466 6890 1258 8647 3736 545 4776 6134 5357 7148 6458 8048 1908 3806 3427 3913 7958 2977 6049 6318 3039 1212 9503 8040 8764 3553 7573 9632 6596 5576 2312
False
Error
Error
False
Error
Error
False
Error
8048
39
Error
False
Error
Error
Error
5726 286 1573 7722 3920 8457 7083 9848 515 7716 4466 6890 1258 8647 3736 545 4776 6134 5357 7148 6458 8048 1908 3806 3427 3913 7958 2977 6049 6318 3039 1212 9503 8040 8764 3553 7573 9632 6596
Error
Error
Error
36
False
Error
Error
Error
Error
7722 3920 8457 7083 9848 515 7716 4466 6890 1258 8647 3736 545 4776 6134 5357 7148 6458 8048 1908 3806 3427 3913 7958 2977 6049 6318 3039 1212 9503 8040 8764 3553 7573 9632 6596 5537 5238
41
Error
Error
Error
3806
Error
Error
41
9897 3920 8457 7083 9848 515 7716 4466 6890 1258 8647 3736 545 4776 6134 5357 7148 6458 8048 1908 3806 3427 3913 7958 2977 6049 6318 3039 1212 9503 8040 8764 3553 7573 9632 6596 5537 5238 7407 2780 593 8116
Error
3427
Error
Error
Error
Error
Error
3427
3913
Error
Error
42
3920 8457 7083 9848 515 7716 4466 6890 1258 8647 3736 545 4776 6134 5357 7148 6458 8048 1908 3806 3427 3913 7958 2977 6049 6318 3039 1212 9503 8040 8764 3553 7573 9632 6596 5537 5238 7407 2780 593 8116 4407
Error
False
Error
3427
3427
41
41
Error
Error
39
5903 3920 8457 7083 9848 515 7716 4466 6890 1258 8647 3736 545 4776 6134 5357 7148 6458 8048 1908 3806 3427 3913 7958 2977 6049 6318 3039 1212 9503 8040 8764 3553 7573 9632 6596 5537 5238 7407
Error
Error
Error
Error
Error
False
207 5903 3920 8457 7083 9848 515 7716 4466 6890 1258 8647 3736 545 4776 6134 5357 7148 6458 8048 1908 3806 3427 3913 7958 2977 6049 6318 3039 1212 9503 8040 8764 3553 7573 9632 6596
38
38
Error
39
Error
Error
Error
Error
6134
Error
False
9796 8118 7538 8729 207 5903 3920 8457 7083 9848 515 7716 4466 6890 1258 8647 3736 545 4776 6134 5357 7148 6458 8048 1908 3806 3427 3913 7958 2977 6049 6318 3039 1212 9503 8040 8764 3553
Error
Error
Error
False
38
Error
Error
3736
False
False
Error
39
Error
Error
8647
8647
Error
1450 885 2581 5276 9796 8118 7538 8729 207 5903 3920 8457 7083 9848 515 7716 4466 6890 1258 8647 3736 545 4776 6134 5357 7148 6458 8048 1908 3806 3427 3913 7958 2977 6049 6318 3039 1212 9503
Error
38
Error
Error
Error
4466
2977 7958 3913 3427 3806 1908 8048 6458 7148 5357 6134 4776 545 3736 8647 1258 6890 4466 7716 515 9848 7083 8457 3920 5903 207 8729 7538 8118 9796 5276 2581 885 1450 9766 5971
Error
Error
Error
6890
Error
6890
1742 2977 7958 3913 3427 3806 1908 8048 6458 7148 5357 6134 4776 545 3736 8647 1258 6890 4466 7716 515 9848 7083 8457 3920 5903 207 8729 7538 8118 9796 5276 2581 885 1450
Error
Error
2633 2965 9249 8561 7968 1742 2977 7958 3913 3427 3806 1908 8048 6458 7148 5357 6134 4776 545 3736 8647 1258 6890 4466 7716 515 9848 7083 8457 3920 5903 207 8729 7538 8118 9796 5276 2581
Error
Error
Error
Error
Error
Error
39
545
4776
Error
Error
Error
Error
545
Error
3736
Error
3736
Error
3736
3736
False
37
Error
Error
6826 2965 9249 8561 7968 1742 2977 7958 3913 3427 3806 1908 8048 6458 7148 5357 6134 4776 545 3736 8647 1258 6890 4466 7716 515 9848 7083 8457 3920 5903 207 8729 7538 8118 9796 5276 9357
False
Error
7976 5707 6826 2965 9249 8561 7968 1742 2977 7958 3913 3427 3806 1908 8048 6458 7148 5357 6134 4776 545 3736 8647 1258 6890 4466 7716 515 9848 7083 8457 3920 5903 207 8729 7538 8118
Error
Error
Error
Error
4776
4776
False
Error
Error
Error
Error
8647
Error
False
6890
Error
6890
Error
6036 5939 9174 6539 6835 3169 5116 8118 7538 8729 207 5903 3920 8457 7083 9848 515 7716 4466 6890 1258 8647 3736 545 4776 6134 5357 7148 6458 8048 1908 3806 3427 3913 7958 2977 1742
6036 5939 9174 6539 6835 3169 5116 8118 7538 8729 207 5903 3920 8457 7083 9848 515 7716 4466 6890 1258 8647 3736 545 4776 6134 5357 7148 6458 8048 1908 3806 3427 3913 7958 2977
36
Error
35
Error
35
Error
Error
Error
6036 5939 9174 6539 6835 3169 5116 8118 7538 8729 207 5903 3920 8457 7083 9848 515 7716 4466 6890 1258 8647 3736 545 4776 6134 5357 7148 6458 8048 1908
31
Error
Error
Error
Error
3920
5903
207
Error
Error
Error
Error
Error
Error
False
28
Error
Error
Error
3920
3920
Error
Error
7057 545 3736 8647 1258 6890 4466 7716 515 9848 7083 8457 3920 5903 207 8729 7538 8118 5116 3169 6835 6539 9174 5939 6036 1835
8457
7057 545 3736 8647 1258 6890 4466 7716 515 9848 7083 8457 3920 5903 207 8729 7538 8118 5116 3169 6835 6539 9174 5939
24
8457
Error
Error
25
Error
Error
27
30
False
Error
7458 6445 8915 6620 1848 421 5939 9174 6539 6835 3169 5116 8118 7538 8729 207 5903 3920 8457 7083 9848 515 7716 4466 6890 1258 8647 3736 545 7057
29
Error
False
Error
False
Error
False
Error
Error
207
Error
5903
False
False
207
Error
Error
False
Error
Error
Error
Error
31
Error
31
False
False
False
False
Error
6630 7458 6445 8915 6620 1848 421 5939 9174 6539 6835 3169 5116 8118 7538 8729 207 5903 3920 8457 7083 9848 515 7716 4466 6890 1258 8647 3736 545
False
Error
6630 7458 6445 8915 6620 1848 421 5939 9174 6539 6835 3169 5116 8118 7538 8729 207 5903 3920 8457 7083 9848 515 7716 4466 6890 1258 8647 3736 545
Error
Error
27
8118
False
Error
Error
Error
Error
Error
Error
Error
6539
Error
False
False
33
421
34
9631 4837 2008 5458 158 275 5408 29 2786 7369 7360 6630 7458 6445 8915 6620 1848 421 5939 9174 6539 6835 3169 5116 8118 7538 8729 207 5903 3920 8457 7083 9848 515 7716
Error
Error
3443 2710 9631 4837 2008 5458 158 275 5408 29 2786 7369 7360 6630 7458 6445 8915 6620 1848 421 5939 9174 6539 6835 3169 5116 8118 7538 8729 207 5903 3920 8457 7083 9848 515
Error
3443 2710 9631 4837 2008 5458 158 275 5408 29 2786 7369 7360 6630 7458 6445 8915 6620 1848 421 5939 9174 6539 6835 3169 5116 8118 7538 8729 207 5903 3920 8457 7083 9848 515
35
Error
Error
Error
Error
5939
3109 8100 5840 1443 9848 7083 8457 3920 5903 207 8729 7538 8118 5116 3169 6835 6539 9174 5939 421 1848 6620 8915 6445 7458 6630 7360 7369 2786 29 5408 275 158 5458 2008 4837 9631
9384 3109 8100 5840 1443 9848 7083 8457 3920 5903 207 8729 7538 8118 5116 3169 6835 6539 9174 5939 421 1848 6620 8915 6445 7458 6630 7360 7369 2786 29 5408 275 158 5458 2008
False
2837 9384 3109 8100 5840 1443 9848 7083 8457 3920 5903 207 8729 7538 8118 5116 3169 6835 6539 9174 5939 421 1848 6620 8915 6445 7458 6630 7360 7369 2786 29 5408 275 158 5458 2008
38
4110 2210 2837 9384 3109 8100 5840 1443 9848 7083 8457 3920 5903 207 8729 7538 8118 5116 3169 6835 6539 9174 5939 421 1848 6620 8915 6445 7458 6630 7360 7369 2786 29 5408 275 158 5458
Error
False
Error
False
Error
Error
Error
Error
False
Error
Error
Error
Error
Error
207
207
3990 2976 58 7185 9494 9772 2352 4110 2210 2837 9384 3109 8100 5840 1443 9848 7083 8457 3920 5903 207 8729 7538 8118 5116 3169 6835 6539 9174 5939 421 1848 6620 8915 6445 7458 6630 7360 7369 2786 29
Error
Error
Error
39
Error
Error
7748 7185 9494 9772 2352 4110 2210 2837 9384 3109 8100 5840 1443 9848 7083 8457 3920 5903 207 8729 7538 8118 5116 3169 6835 6539 9174 5939 421 1848 6620 8915 6445 7458 6630 7360 7369 2786 29
29 2786 7369 7360 6630 7458 6445 8915 6620 1848 421 5939 9174 6539 6835 3169 5116 8118 7538 8729 207 5903 3920 8457 7083 9848 1443 5840 8100 3109 9384 2837 2210 4110 2352 9772 9494 7185 7748
Error
False
Error
2002 1111 8241 6376 29 2786 7369 7360 6630 7458 6445 8915 6620 1848 421 5939 9174 6539 6835 3169 5116 8118 7538 8729 207 5903 3920 8457 7083 9848 1443 5840 8100 3109 9384 2837 2210 4110 2352 9772 9494 7185 7748
False
5116
5116
43
43
5 1716 2002 1111 8241 6376 29 2786 7369 7360 6630 7458 6445 8915 6620 1848 421 5939 9174 6539 6835 3169 5116 8118 7538 8729 207 5903 3920 8457 7083 9848 1443 5840 8100 3109 9384 2837 2210 4110 2352 9772 9494 7185
Error
44
False
Error
Error
Error
40
8729
Error
Error
Error
38
2352 4110 2210 2837 9384 3109 8100 5840 1443 9848 7083 8457 3920 5903 207 8729 7538 8118 5116 3169 6835 6539 9174 5939 421 1848 6620 8915 6445 7458 6630 7360 7369 2786 29 1861 8266
1861 29 2786 7369 7360 6630 7458 6445 8915 6620 1848 421 5939 9174 6539 6835 3169 5116 8118 7538 8729 207 5903 3920 8457 7083 9848 1443 5840 8100 3109 9384 2837 2210 4110 2352
Error
Error
Error
Error
8948 2210 2837 9384 3109 8100 5840 1443 9848 7083 8457 3920 5903 207 8729 7538 8118 5116 3169 6835 6539 9174 5939 421 1848 6620 8915 6445 7458 6630 7360 7369 2786 29 1861 3566
36
Error
35
Error
Error
False
3169
34
False
5116
2837 9384 3109 8100 5840 1443 9848 7083 8457 3920 5903 207 8729 7538 8118 5116 3169 6835 6539 9174 5939 421 1848 6620 8915 6445 7458 6630 7360 7369 2786 29 1861
3169
Error
Error
2837 9384 3109 8100 5840 1443 9848 7083 8457 3920 5903 207 8729 7538 8118 5116 3169 6835 6539 9174 5939 421 1848 6620 8915 6445 7458 6630 7360 7369 2786
5116
False
31
Error
Error
31
Error
False
Error
Error
981 2837 9384 3109 8100 5840 1443 9848 7083 8457 3920 5903 207 8729 7538 8118 5116 3169 6835 6539 9174 5939 421 1848 6620 8915 6445 7458 6630 7360 7369 2786
Error
8118
Error
Error
7253 9995 981 2837 9384 3109 8100 5840 1443 9848 7083 8457 3920 5903 207 8729 7538 8118 5116 3169 6835 6539 9174 5939 421 1848 6620 8915 6445 7458 6630 7360 7369
Error
30
Error
7253 9995 981 2837 9384 3109 8100 5840 1443 9848 7083 8457 3920 5903 207 8729 7538 8118 5116 3169 6835 6539 9174 5939 421 1848 6620 8915 6445 7458
207
Error
29
29
Error
8729
6522 6445 8915 6620 1848 421 5939 9174 6539 6835 3169 5116 8118 7538 8729 207 5903 3920 8457 7083 9848 1443 5840 8100 3109 9384 2837 981 9995 7253
False
Error
False
Error
33
32
Error
2525 8023 2086 981 2837 9384 3109 8100 5840 1443 9848 7083 8457 3920 5903 207 8729 7538 8118 5116 3169 6835 6539 9174 5939 421 1848 6620 8915 6445 6522
Error
32
4467 2525 8023 2086 981 2837 9384 3109 8100 5840 1443 9848 7083 8457 3920 5903 207 8729 7538 8118 5116 3169 6835 6539 9174 5939 421 1848 6620 8915 6445 6522
4467 2525 8023 2086 981 2837 9384 3109 8100 5840 1443 9848 7083 8457 3920 5903 207 8729 7538 8118 5116 3169 6835 6539 9174 5939 421 1848 6620 8915 6445
Error
33
Error
Error
Error
Error
Error
8729
Error
34
34
Error
34
Error
6001 5389 7347 120 6685 8915 6620 1848 421 5939 9174 6539 6835 3169 5116 8118 7538 8729 207 5903 3920 8457 7083 9848 1443 5840 8100 3109 9384 2837 981 2086 8023 2525 4467
7538
Error
8118
Error
Error
False
Error
Error
9384 3109 8100 5840 1443 9848 7083 8457 3920 5903 207 8729 7538 8118 5116 3169 6835 6539 9174 5939 421 1848 6620 8915 6685 120 7347 5389 6001 1658
30
Error
Error
3522 6405 9122 9384 3109 8100 5840 1443 9848 7083 8457 3920 5903 207 8729 7538 8118 5116 3169 6835 6539 9174 5939 421 1848 6620 8915 6685 120 7347 5389
3259 6685 8915 6620 1848 421 5939 9174 6539 6835 3169 5116 8118 7538 8729 207 5903 3920 8457 7083 9848 1443 5840 8100 3109 9384 9122 6405 3522
Error
Error
Error
3771 5240 3259 6685 8915 6620 1848 421 5939 9174 6539 6835 3169 5116 8118 7538 8729 207 5903 3920 8457 7083 9848 1443 5840 8100 3109 9384 9122
Error
Error
False
3169
6835
Error
Error
Error
6539
Error
Error
5939
5277 6989 4647 8640 186 9054 3771 5240 3259 6685 8915 6620 1848 421 5939 9174 6539 6835 3169 5116 8118 7538 8729 207 5903 3920 8457 7083 9848
3053 5277 6989 4647 8640 186 9054 3771 5240 3259 6685 8915 6620 1848 421 5939 9174 6539 6835 3169 5116 8118 7538 8729 207 5903 3920 8457 7083
Error
Error
Error
421
Error
Error
Error
False
Error
False
5939
9174
Error
Error
Error
31
4615 4122 3341 9241 7083 8457 3920 5903 207 8729 7538 8118 5116 3169 6835 6539 9174 5939 421 1848 6620 8915 6685 3259 5240 3771 9054 186 8640 4647 6989
Error
Error
6835
7539 4615 4122 3341 9241 7083 8457 3920 5903 207 8729 7538 8118 5116 3169 6835 6539 9174 5939 421 1848 6620 8915 6685 3259 5240 3771 9054 186 8640 4647
Error
Error
False
8118
30
30
6586 730 7539 4615 4122 3341 9241 7083 8457 3920 5903 207 8729 7538 8118 5116 3169 6835 6539 9174 5939 421 1848 6620 8915 6685 3259 5240 3771 9054
31
Error
Error
Error
Error
Error
Error
Error
34
7538
34
Error
32
Error
False
False
Error
Error
Error
Error
35
6539
6539
Error
Error
Error
34
Error
8093 730 7539 4615 4122 3341 9241 7083 8457 3920 5903 207 8729 7538 8118 5116 3169 6835 6539 9174 5939 421 1848 6620 8915 6685 3259 5240 3771 9054 3467 9444 4340
Error
Error
Error
False
Error
Error
33
38
Error
False
Error
8729
Error
Error
36
False
Error
37
Error
Error
Error
Error
5397 4613 5544 6628 6685 8915 6620 1848 421 5939 9174 6539 6835 3169 5116 8118 7538 8729 207 5903 3920 8457 7083 9241 3341 4122 4615 7539 730 8093 6429 2312 5848 1069 8008 1746 2936 3164 3834 6880 9263
Error
207
41
41
40
41
Error
Error
1158 585 2696 2982 2131 5397 4613 5544 6628 6685 8915 6620 1848 421 5939 9174 6539 6835 3169 5116 8118 7538 8729 207 5903 3920 8457 7083 9241 3341 4122 4615 7539 730 8093 6429 2312 5848 1069 8008
7154 1158 585 2696 2982 2131 5397 4613 5544 6628 6685 8915 6620 1848 421 5939 9174 6539 6835 3169 5116 8118 7538 8729 207 5903 3920 8457 7083 9241 3341 4122 4615 7539 730 8093 6429 2312 5848 1069 8008
Error
42
42
43
Error
3169
Error
Error
Error
False
Error
41
42
3963 4283 585 2696 2982 2131 5397 4613 5544 6628 6685 8915 6620 1848 421 5939 9174 6539 6835 3169 5116 8118 7538 8729 207 5903 3920 8457 7083 9241 3341 4122 4615 7539 730 8093 6429 2312 5848 1069 8008 2357
2338 2357 8008 1069 5848 2312 6429 8093 730 7539 4615 4122 3341 9241 7083 8457 3920 5903 207 8729 7538 8118 5116 3169 6835 6539 9174 5939 421 1848 6620 8915 6685 6628 5544 4613 5397 2131 2982 2696 585 4283 3963
2338 2357 8008 1069 5848 2312 6429 8093 730 7539 4615 4122 3341 9241 7083 8457 3920 5903 207 8729 7538 8118 5116 3169 6835 6539 9174 5939 421 1848 6620 8915 6685 6628 5544 4613 5397 2131 2982 2696 585 4283 3963
Error
False
False
Error
False
Error
8118
Error
270 730 585 2696 2982 2131 5397 4613 5544 6628 6685 8915 6620 1848 421 5939 9174 6539 6835 3169 5116 8118 7538 8729 207 5903 3920 8457 7083 9241 3341 4122 4615 7539 730 8093 6429 2312 5848 1069 8008 2357 2338
False
Error
Error
False
Error
Error
Error
Error
2939 9918 270 730 585 2696 2982 2131 5397 4613 5544 6628 6685 8915 6620 1848 421 5939 9174 6539 6835 3169 5116 8118 7538 8729 207 5903 3920 8457 7083 9241 3341 4122 4615 7539 730 8093 6429 2312 5848 1069 8008 2357 2338
44
2357 8008 1069 5848 2312 6429 8093 730 7539 4615 4122 3341 9241 7083 8457 3920 5903 207 8729 7538 8118 5116 3169 6835 6539 9174 5939 421 1848 6620 8915 6685 6628 5544 4613 5397 2131 2982 2696 585 730 270 9918
Error
Error
41
2357 8008 1069 5848 2312 6429 8093 730 7539 4615 4122 3341 9241 7083 8457 3920 5903 207 8729 7538 8118 5116 3169 6835 6539 9174 5939 421 1848 6620 8915 6685 6628 5544 4613 5397 2131 2982 2696 585 730 504
Error
Error
Error
5116
Error
Error
False
3479 5840 5600 5162 8470 730 585 2696 2982 2131 5397 4613 5544 6628 6685 8915 6620 1848 421 5939 9174 6539 6835 3169 5116 8118 7538 8729 207 5903 3920 8457 7083 9241 3341 4122 4615 7539 730 8093 6429 2312 5848
False
9829 3479 5840 5600 5162 8470 730 585 2696 2982 2131 5397 4613 5544 6628 6685 8915 6620 1848 421 5939 9174 6539 6835 3169 5116 8118 7538 8729 207 5903 3920 8457 7083 9241 3341 4122 4615 7539 730 8093 6429 2312 5848
421
False
Error
6620
Error
Error
Error
Error
Error
Error
Error
Error
Error
False
6193 3677 5879 2288 8461 509 9829 3479 5840 5600 5162 8470 730 585 2696 2982 2131 5397 4613 5544 6628 6685 8915 6620 1848 421 5939 9174 6539 6835 3169 5116 8118 7538 8729 207 5903 3920 8457 7083 9241 3341 4122 4615
Error
Error
Error
False
Error
2131
False
41
False
Error
5397
Error
Error
2500 1933 2900 3974 6193 3677 5879 2288 8461 509 9829 3479 5840 5600 5162 8470 730 585 2696 2982 2131 5397 4613 5544 6628 6685 8915 6620 1848 421 5939 9174 6539 6835 3169 5116 8118 7538 8729 207 4357 9984
42
Error
Error
Error
Error
41
False
43
Error
Error
Error
9551 8508 5594 2500 1933 2900 3974 6193 3677 5879 2288 8461 509 9829 3479 5840 5600 5162 8470 730 585 2696 2982 2131 5397 4613 5544 6628 6685 8915 6620 1848 421 5939 9174 6539 6835 3169 5116 8118 7538
41
730
Error
Error
False
False
4958 4696 9551 8508 5594 2500 1933 2900 3974 6193 3677 5879 2288 8461 509 9829 3479 5840 5600 5162 8470 730 585 2696 2982 2131 5397 4613 5544 6628 6685 8915 6620 1848 421 5939 9174 6539 6835 3169 5116 8118
8470
4958 4696 9551 8508 5594 2500 1933 2900 3974 6193 3677 5879 2288 8461 509 9829 3479 5840 5600 5162 8470 730 585 2696 2982 2131 5397 4613 5544 6628 6685 8915 6620 1848 421 5939 9174 6539 6835 3169 5116
8470
Error
Error
41
4958 4696 9551 8508 5594 2500 1933 2900 3974 6193 3677 5879 2288 8461 509 9829 3479 5840 5600 5162 8470 730 585 2696 2982 2131 5397 4613 5544 6628 6685 8915 6620 1848 421 5939 9174 6539 6835 3169 5116
False
Error
Error
Error
Error
False
Error
585
False
9114 608 5116 3169 6835 6539 9174 5939 421 1848 6620 8915 6685 6628 5544 4613 5397 2131 2982 2696 585 730 8470 5162 5600 5840 3479 9829 509 8461 2288 5879 3677 6193 3974 2900 1933 2500 5594 8508 9551
Error
38
Error
Error
Error
Error
Error
Error
6628
Error
Error
6685
40
Error
40
39
False
Error
Error
Error
37
Error
False
Error
Error
False
Error
Error
6514 808 5879 2288 8461 509 9829 3479 5840 5600 5162 8470 730 585 2696 2982 2131 5397 4613 5544 6628 6685 8915 6620 1848 421 5939 9174 6539 6835 3169 5116
1991 6514 808 5879 2288 8461 509 9829 3479 5840 5600 5162 8470 730 585 2696 2982 2131 5397 4613 5544 6628 6685 8915 6620 1848 421 5939 9174 6539 6835 3169 5116
Error
33
2675 4147 7253 1991 6514 808 5879 2288 8461 509 9829 3479 5840 5600 5162 8470 730 585 2696 2982 2131 5397 4613 5544 6628 6685 8915 6620 1848 421 5939 9174 6539
Error
2675 4147 7253 1991 6514 808 5879 2288 8461 509 9829 3479 5840 5600 5162 8470 730 585 2696 2982 2131 5397 4613 5544 6628 6685 8915 6620 1848 421 5939
False
Error
Error
34
False
Error
34
Error
5162
5162
Error
False
False
False
33
Error
Error
False
Error
32
Error
Error
Error
Error
False
Error
Error
Error
3479
Error
Error
6961 1839 9749 8979 2233 5788 2675 4147 7253 1991 6514 808 5879 2288 8461 509 9829 3479 5840 5600 5162 8470 730 585 2696 2982 2131 5397 4613 5544 6628 6685 8915 6620 1848
6961 1839 9749 8979 2233 5788 2675 4147 7253 1991 6514 808 5879 2288 8461 509 9829 3479 5840 5600 5162 8470 730 585 2696 2982 2131 5397 4613 5544 6628 6685 8915 6620 1848
6961 1839 9749 8979 2233 5788 2675 4147 7253 1991 6514 808 5879 2288 8461 509 9829 3479 5840 5600 5162 8470 730 585 2696 2982 2131 5397 4613 5544 6628 6685 8915 6620 1848
3479
35
Error
Error
Error
36
Error
Error
5600
False
36
False
5162
False
Error
False
Error
False
730
2675 4147 7253 1991 6514 808 5879 2288 8461 509 9829 3479 5840 5600 5162 8470 730 585 2696 2982 2131 5397 4613 5544 6628 6685 8915 6620 5202 2810 6004 6575 289 3762
Error
Error
8366 880 856 3774 2675 4147 7253 1991 6514 808 5879 2288 8461 509 9829 3479 5840 5600 5162 8470 730 585 2696 2982 2131 5397 4613 5544 6628 6685 8915 6620 5202 2810 6004 6575 289 3762
Error
Error
9363 4315 4260 3134 3762 289 6575 6004 2810 5202 6620 8915 6685 6628 5544 4613 5397 2131 2982 2696 585 730 8470 5162 5600 5840 3479 9829 509 8461 2288 5879 808 6514 1991 7253 4147 2675
2131
Error
7878 7253 1991 6514 808 5879 2288 8461 509 9829 3479 5840 5600 5162 8470 730 585 2696 2982 2131 5397 4613 5544 6628 6685 8915 6620 5202 2810 6004 6575 289 3762 3134 4260 4315 9363 6454
Error
Error
Error
7878 7253 1991 6514 808 5879 2288 8461 509 9829 3479 5840 5600 5162 8470 730 585 2696 2982 2131 5397 4613 5544 6628 6685 8915 6620 5202 2810 6004 6575 289 3762 3134 4260 4315 9363
37
False
Error
Error
Error
False
6366 867 6147 7878 7253 1991 6514 808 5879 2288 8461 509 9829 3479 5840 5600 5162 8470 730 585 2696 2982 2131 5397 4613 5544 6628 6685 8915 6620 5202 2810 6004 6575 289 3762 3134
39
Error
5162
4529 5214 6366 867 6147 7878 7253 1991 6514 808 5879 2288 8461 509 9829 3479 5840 5600 5162 8470 730 585 2696 2982 2131 5397 4613 5544 6628 6685 8915 6620 5202 2810 6004 6575 289
Error
5600
4529 5214 6366 867 6147 7878 7253 1991 6514 808 5879 2288 8461 509 9829 3479 5840 5600 5162 8470 730 585 2696 2982 2131 5397 4613 5544 6628 6685 8915 6620 5202 2810 6004 6575
Error
Error
Error
Error
Error
5840
5840
Error
Error
5162
33
Error
9784 2162 2810 5202 6620 8915 6685 6628 5544 4613 5397 2131 2982 2696 585 730 8470 5162 5600 5840 3479 9829 509 8461 2288 5879 808 6514 7900 1991 7253 7878
Error
Error
9784 2162 2810 5202 6620 8915 6685 6628 5544 4613 5397 2131 2982 2696 585 730 8470 5162 5600 5840 3479 9829 509 8461 2288 5879 808 6514 7900 1991 7253
Error
9784 2162 2810 5202 6620 8915 6685 6628 5544 4613 5397 2131 2982 2696 585 730 8470 5162 5600 5840 3479 9829 509 8461 2288 5879 808 6514 7900 1991
9784 2162 2810 5202 6620 8915 6685 6628 5544 4613 5397 2131 2982 2696 585 730 8470 5162 5600 5840 3479 9829 509 8461 2288 5879 808 6514 7900 1991
585
Error
9784 2162 2810 5202 6620 8915 6685 6628 5544 4613 5397 2131 2982 2696 585 730 8470 5162 5600 5840 3479 9829 509 8461 2288 5879 808 6514 7900 1991
Error
Error
1224 4609 9784 2162 2810 5202 6620 8915 6685 6628 5544 4613 5397 2131 2982 2696 585 730 8470 5162 5600 5840 3479 9829 509 8461 2288 5879 808 6514 7900
31
False
False
Error
1224 4609 9784 2162 2810 5202 6620 8915 6685 6628 5544 4613 5397 2131 2982 2696 585 730 8470 5162 5600 5840 3479 9829 509 8461 2288 5879 808 6514
Error
Error
Error
6578 1224 4609 9784 2162 2810 5202 6620 8915 6685 6628 5544 4613 5397 2131 2982 2696 585 730 8470 5162 5600 5840 3479 9829 509 8461 2288 5879 808 6514
Error
Error
31
Error
Error
False
30
6628
873 735 427 8392 6578 1224 4609 9784 2162 2810 5202 6620 8915 6685 6628 5544 4613 5397 2131 2982 2696 585 730 8470 5162 5600 5840 3479 9829 509
6628
6685
False
Error
Error
Error
6620
1753 8470 730 585 2696 2982 2131 5397 4613 5544 6628 6685 8915 6620 5202 2810 2162 9784 4609 1224 6578 8392 427 735 873
False
Error
Error
False
Error
Error
Error
Error
5491 398 735 427 8392 6578 1224 4609 9784 2162 2810 5202 6620 8915 6685 6628 5544 4613 5397 2131 2982 2696 585 730 8470
Error
9784
Error
23
Error
23
23
False
2334 9097 4241 5491 398 735 427 8392 6578 1224 4609 9784 2162 2810 5202 6620 8915 6685 6628 5544 4613 5397
1550 2334 9097 4241 5491 398 735 427 8392 6578 1224 4609 9784 2162 2810 5202 6620 8915 6685 6628 5544 4613 5397
Error
Error
25
False
24
5583 6898 9813 3678 1550 2334 9097 4241 5491 398 735 427 8392 6578 1224 4609 9784 2162 2810 5202 6620 8915 6685 6628
25
3448 5583 6898 9813 3678 1550 2334 9097 4241 5491 398 735 427 8392 6578 1224 4609 9784 2162 2810 5202 6620 8915 6685 6628
Error
Error
26
Error
26
735
279 6685 8915 6620 5202 2810 2162 9784 4609 1224 6578 8392 427 735 398 5491 4241 9097 2334 1550 3678 9813 6898 5583 3448 8533 2006
735
427
Error
Error
735
Error
Error
26
398
False
Error
25
8392
Error
Error
7458 1412 6685 8915 6620 5202 2810 2162 9784 4609 1224 6578 8392 427 735 398 5491 4241 9097 2334 1550 3678 9813 6898
False
6578
24
Error
Error
False
Error
Error
Error
Error
Error
1550 2334 9097 4241 5491 398 735 427 8392 6578 1224 4609 9784 2162 2810 5202 6620 8915 6685 1412 7458 6835 3873 4139
Error
False
4609
24
6283 1609 1550 2334 9097 4241 5491 398 735 427 8392 6578 1224 4609 9784 2162 2810 5202 6620 8915 6685 1412 7458 6835 3873
Error
Error
4609
Error
Error
25
9784
Error
Error
Error
9784
Error
False
False
Error
23
2113 2334 9097 4241 5491 398 735 427 8392 6578 1224 4609 9784 2162 2810 5202 6620 8915 6685 1412 7458 6835 3873
False
1224
1224
Error
Error
3567 3873 6835 7458 1412 6685 8915 6620 5202 2810 2162 9784 4609 1224 6578 8392 427 735 398 5491 4241 9097 2334 2113 5526 7222 3000 5805 7799
Error
Error
Error
False
Error
Error
8392
False
32
Error
Error
Error
427
33
427
3567 3873 6835 7458 1412 6685 8915 6620 5202 2810 2162 9784 4609 1224 5195 6578 8392 427 735 398 5491 4241 9097 2334 2113 5526 7222 3000 5805 5216 9801 3488 3398
Error
Error
34
Error
Error
Error
Error
Error
Error
35
Error
8761 6525 9482 9801 5216 5805 3000 7222 5526 2113 2334 9097 4241 5491 398 735 427 8392 6578 5195 1224 4609 9784 2162 2810 5202 6620 8915 6685 1412 7458 6835 3873 3567 9617
Error
735
Error
Error
Error
Error
398
Error
8136 9087 9983 8761 6525 9482 9801 5216 5805 3000 7222 5526 2113 2334 9097 4241 5491 398 735 427 8392 6578 5195 1224 4609 9784 2162 2810 5202 6620 8915 6685 1412 7458 6835
Error
35
Error
False
9097
Error
2023 6685 8915 6620 5202 2810 2162 9784 4609 1224 5195 6578 8392 427 735 398 5491 4241 9097 2334 2113 5526 7222 3000 5805 5216 9801 9482 6525 8761 9983 9087 8136 6667 8763
Error
Error
36
Error
5491
False
3205 7428 3547 8753 2023 6685 8915 6620 5202 2810 2162 9784 4609 1224 5195 6578 8392 427 735 398 5491 4241 9097 2334 2113 5526 7222 3000 5805 5216 9801 9482 6525 8761 9983 9087 8136 6667
Error
735
37
Error
37
Error
39
Error
Error
5394 256 1723 8761 6525 9482 9801 5216 5805 3000 7222 5526 2113 2334 9097 4241 5491 398 735 427 8392 6578 5195 1224 4609 9784 2162 2810 5202 6620 8915 6685 2023 8753 3547 7428 3205 9976 691
Error
False
40
Error
Error
Error
Error
Error
39
Error
False
591 741 5394 256 1723 8761 6525 9482 9801 5216 5805 3000 7222 5526 2113 2334 9097 4241 5491 398 735 427 8392 6578 5195 1224 4609 9784 2162 2810 5202 6620 8915 6685 2023 8753
Error
Error
Error
368 8753 2023 6685 8915 6620 5202 2810 2162 9784 4609 1224 5195 6578 8392 427 735 398 5491 4241 9097 2334 2113 5526 7222 3000 5805 5216 9801 9482 6525 8761 1723 256 5394
Error
Error
Error
Error
735
False
Error
Error
256 1723 8761 6525 9482 9801 5216 5805 3000 7222 5526 2113 2334 9097 4241 5491 398 735 427 8392 6578 5195 1224 4609 9784 2162 2810 5202 6620 8915 6685 2023 8753 368
Error
False
False
False
34
34
Error
Error
Error
Error
35
Error
Error
False
5526
36
Error
Error
36
Error
Error
Error
3000
False
3000
Error
False
False
False
35
False
9801
Error
9801
False
False
False
7954 7279 7145 9120 4530 5075 1918 8218 8593 6958 7650 256 1723 8761 6525 9482 9801 5216 5805 3000 7222 5526 2113 2334 9097 4241 5491 398 735 427 8392 6578
Error
Error
Error
False
Error
Error
35
8676 7282 3988 7954 7279 7145 9120 4530 5075 1918 8218 8593 6958 7650 256 1723 8761 6525 9482 9801 5216 5805 3000 7222 5526 2113 2334 9097 4241 5491 398 735 427 8392 6578
Error
Error
Error
Error
Error
Error
False
8761
4565 735 398 5491 4241 9097 2334 2113 5526 7222 3000 5805 5216 9801 9482 6525 8761 1723 256 7650 6958 8593 8218 1918 5075 4530 9120 7145 7279 7954 3988 7282 8676
False
8761
Error
Error
1874 4565 735 398 5491 4241 9097 2334 2113 5526 7222 3000 5805 5216 9801 9482 6525 8761 1723 256 7650 6958 8593 8218 1918 5075 4530 9120 7145 7279 7954 3988 7282 8676 6054
False
8761
2984 1874 4565 735 398 5491 4241 9097 2334 2113 5526 7222 3000 5805 5216 9801 9482 6525 8761 1723 256 7650 6958 8593 8218 1918 5075 4530 9120 7145 7279 7954 3988 7282 8676
Error
8761
4067 1041 7268 8676 7282 3988 7954 7279 7145 9120 4530 5075 1918 8218 8593 6958 7650 256 1723 8761 6525 9482 9801 5216 5805 3000 7222 5526 2113 2334 9097 4241 5491 398 735
35
False
Error
Error
6224 8073 398 5491 4241 9097 2334 2113 5526 7222 3000 5805 5216 9801 9482 6525 8761 1723 256 7650 6958 8593 8218 1918 5075 4530 9120 7145 7279 7954 3988 7282 8676 7268 1041 4067
1723
Error
Error
Error
Error
False
8073 398 5491 4241 9097 2334 2113 5526 7222 3000 5805 5216 9801 9482 6525 8761 1723 256 7650 6958 8593 8218 1918 5075 4530 9120 7145 7279 7954 3988 7282 8676 7268 1041
False
Error
256
36
Error
Error
36
Error
Error
Error
Error
Error
38
8593
1944 4688 398 5491 4241 9097 2334 2113 5526 7222 3000 5805 5216 9801 9482 6525 8761 1723 256 7650 6958 8593 8218 1918 5075 4530 9120 7145 7279 7954 3988 7282 8676 7268 1041 2794 3223 4823 4529 7977 4877 5885
42
6958
Error
Error
7384 3725 6853 1944 4688 398 5491 4241 9097 2334 2113 5526 7222 3000 5805 5216 9801 9482 6525 8761 1723 256 7650 6958 8593 8218 1918 5075 4530 9120 7145 7279 7954 3988 7282 8676 7268 1041 2794 3223 4823 4529
Error
1723
Error
3942 2087 1699 7384 3725 6853 1944 4688 398 5491 4241 9097 2334 2113 5526 7222 3000 5805 5216 9801 9482 6525 8761 1723 256 7650 6958 8593 8218 1918 5075 4530 9120 7145 7279 7954 3988 7282 8676
Error
Error
5216
Error
False
Error
Error
Error
Error
Error
38
8442 7282 3988 7954 7279 7145 9120 4530 5075 1918 8218 8593 6958 7650 256 1723 8761 6525 9482 9801 5216 5805 3000 7222 5526 2113 2334 9097 4241 5491 398 4688 1944 6853 3725 7384 1699 2087
Error
9482
39
9482
9482
False
Error
Error
Error
39
Error
5655 6967 1578 7384 3725 6853 1944 4688 398 5491 4241 9097 2334 2113 5526 7222 3000 5805 5216 9801 9482 6525 8761 1723 256 7650 6958 8593 8218 1918 5075 4530 9120 7145 7279 7954 3988 7282 8442
39
Error
41
1144 3960 8094 5655 6967 1578 7384 3725 6853 1944 4688 398 5491 4241 9097 2334 2113 5526 7222 3000 5805 5216 9801 9482 6525 8761 1723 256 7650 6958 8593 8218 1918 5075 4530 9120 7145 7279 7954 3988
Error
7222
7222
False
Error
Error
False
Error
Error
42
Error
Error
9202 2757 8484 7042 6438 72 7145 9120 4530 5075 1918 8218 8593 6958 7650 256 1723 8761 6525 9482 9801 5216 5805 3000 7222 5526 2113 2334 9097 4241 5491 398 4688 1944 6853 3725 7384 1578 6967 5655 8094 3960 1144 2826 1208
Error
9202 2757 8484 7042 6438 72 7145 9120 4530 5075 1918 8218 8593 6958 7650 256 1723 8761 6525 9482 9801 5216 5805 3000 7222 5526 2113 2334 9097 4241 5491 398 4688 1944 6853 3725 7384 1578 6967 5655 8094 3960 1144 2826 1208
Error
Error
5216
Error
45
46
45
Error
Error
Error
2334
Error
1484 9648 5096 1731 1144 3960 8094 5655 6967 1578 7384 3725 6853 1944 4688 398 5491 4241 9097 2334 2113 5526 7222 3000 5805 5216 9801 9482 6525 8761 1723 256 7650 6958 8593 8218 1918 5075 4530 9120
Error
False
False
2334
Error
Error
Error
3485 7131 3718 2239 4530 5075 1918 8218 8593 6958 7650 256 1723 8761 6525 9482 9801 5216 5805 3000 7222 5526 2113 2334 9097 4241 5491 398 4688 1944 6853 3725 7384 1578 6967 5655 8094 3960 1144 1731
40
6730 3485 7131 3718 2239 4530 5075 1918 8218 8593 6958 7650 256 1723 8761 6525 9482 9801 5216 5805 3000 7222 5526 2113 2334 9097 4241 5491 398 4688 1944 6853 3725 7384 1578 6967 5655 8094 3960 1144
Error
Error
Error
Error
8657 6730 3485 7131 3718 2239 4530 5075 1918 8218 8593 6958 7650 256 1723 8761 6525 9482 9801 5216 5805 3000 7222 5526 2113 2334 9097 4241 5491 398 4688 1944 6853 3725 7384 1578 6967 5655 8094 3960
Error
41
