Error
6031
Error
Error
0
Error
9697 5673
Error
Error
0
Error
1
Error
True
True
Error
False
Error
Error
7516
Error
Error
Empty
Error

Error
Empty
Error
False
Error
Error
Empty
Error
Error
Error
True
True
Empty
Empty
0
Empty
True
1
Error
Error
8157
Error
Error

0
Error
0
Error
Error
Error
8587
Error
False
Error
Error
False
3081
Error
Error
Error
Error
False
3
Error
3081 4693 6407
3081 4693 6407
Error
Error
Error
3081 4693 6407 7034 2421
6
3081 4693 6407 7034 2421 1776
Error
Error
Error
5
Error
False
8
Error
Error
Error
False
6407
6407
7
Error
Error
Error
7
Error
Error
Error
Error
3081 4693 6407 7034 2421 9602 9967 7803 4372
Error
3081 4693 6407 7034 2421 9602 9967 7803
3081 4693 6407 7034 2421 9602 9967 7803 2489
Error
Error
8
8
3081 4693 6407 7034 2421 9602 9967 7803
Error
False
Error
7234 7803 9967 9602 2421 7034 6407 4693
4693 6407 7034 2421 9602 9967 7803 7234 8761
Error
9602
False
Error
Error
8
Error
Error
2421
False
Error
7034
Error
6466 4693 6407 7034 2421 9602 9967 7803
6466 4693 6407 7034 2421 9602 9967
6466 4693 6407 7034 2421 9602 9967
Error
Error
6466 4693 6407 7034 2421 9602 9967 9261
False
False
7034
Error
Error
False
Error
2421
6466 4693 6407 7034 2421 9602 9967 9399 7154 6234
10
Error
Error
9602
Error
False
Error
6466 4693 6407 7034 2421 9602 9967 9399 7154 531 7766
Error
9602
Error
6466 4693 6407 7034 2421 9602 9967 9399 7154 531 7766 9189
10
Error
False
Error
False
Error
Error
False
9
Error
6378 6466 4693 6407 7034 2421 9602 9967 9399
2421
Error
Error
Error
Error
Error
False
False
False
7034
Error
Error
9399 9967 9602 2421 7034 6407 4693 6466 6378 5181
Error
10
Error
Error
Error
7034
9399 9967 9602 2421 7034 6407 4693 6466 6378 6627 8420
False
False
9399 9967 9602 2421 7034 6407 4693 6466 6378 4055
4055 6378 6466 4693 6407 7034 2421 9602 9967 9399
7034
7034
Error
47 9399 9967 9602 2421 7034 6407 4693
Error
Error
Error
Error
2421
Error
9
47 9399 9967 9602 2421 7034 6407 7294 120
2421
2421
False
Error
Error
9967
Error
Error
9399
Error
False
9572 2358 3995 2421 9602 9967 9399 47 4510 7402 8148 2889
False
9967
Error
2889 8148 7402 4510 47 9399 9967 9602 2421 3995 2358 9572 4511
Error
Error
Error
Error
Error
Error
4286 1523 4511 9572 2358 3995 2421 9602 9967 9399 47 4510 7402 8148 2889 9987 2165
4286 1523 4511 9572 2358 3995 2421 9602 9967 9399 47 4510 7402 8148 2889 9987 2165
Error
4286 1523 4511 9572 2358 3995 2421 9602 9967 9399 47 4510 7402 8148 2889 9987 2165 3980 7088 2018
Error
Error
Error
4286 1523 4511 9572 2358 3995 2421 9602 9967 9399 47 4510 7402 8148 2889 9987 2165 3980 7088 4414
Error
19
Error
4286 1523 4511 9572 2358 3995 2421 9602 9967 9399 47 4510 7402 8148 2889 9987 2165 3980 7088 8230 5298
False
False
Error
Error
Error
Error
Error
Error
4510
23
4286 1523 4511 9572 2358 3995 2421 9602 9967 9399 47 4510 7402 8148 2889 9987 2165 3980 7088 8230 5298 8030 1714
Error
False
Error
20
Error
3136 4511 9572 2358 3995 2421 9602 9967 9399 47 4510 7402 8148 2889 9987 2165 3980 7088 8230 5298
False
19
19
7402
3785 5298 8230 7088 3980 2165 9987 2889 8148 7402 4510 47 9399 9967 9602 2421 3995 2358 9572
19
Error
Error
Error
19
9572 2358 3995 2421 9602 9967 9399 47 4510 7402 8148 2889 9987 2165 3980 7088 8230 5298 8995 9849
Error
Error
9572 2358 3995 2421 9602 9967 9399 47 4510 7402 8148 2889 9987 2165 3980 7088 8230 5298 8995 9849
47
Error
Error
Error
Error
14
Error
9399
9572 2358 3995 2421 9602 9967 9399 47 4510 7402 8148 2889 9987 2165
2165 9987 2889 8148 7402 4510 47 9399 9967 9602 2421 3995 2358 9572 4229 2511
False
15
Error
9399
Error
Error
Error
Error
Error
17
Error
Error
Error
4229 9572 2358 3995 2421 9602 9967 9399 47 4510 7402 8148 2889 8434 1509 699
Error
4229 9572 2358 3995 2421 9602 9967 9399 47 4510 7402 8148 2889 8434 1509 5623 8381
47
47
Error
False
9399
False
967 4229 9572 2358 3995 2421 9602 9967 9399 47 4510 7402 8148 2889 8434 1509 5623
Error
17
False
Error
Error
Error
False
Error
15
Error
47
False
17
Error
16
False
Error
Error
Error
False
False
15
False
Error
False
Error
False
Error
Error
9967
Error
17
False
False
Error
Error
16
Error
Error
9399
False
False
7900 2889 8148 7402 4510 47 9399 9967 9602 2421 3995 2358
Error
7900 2889 8148 7402 4510 47 9399 9967 9602 2421 3995
11
Error
47
False
Error
Error
False
Error
False
47
Error
Error
13
Error
False
7402
Error
Error
False
Error
Error
2421 9602 9967 9399 47 4510 7402 8148 2889 7195 7633
4510
Error
Error
False
False
14
15
2421 9602 9967 9399 47 4510 7402 8148 2889 7195 7633 9721 4570 116 6384
8148
Error
Error
Error
Error
2421 9602 9967 9399 47 4510 7402 8148 2889 7195 7633 9721 4570 116 6384 1116
False
Error
False
Error
16
Error
Error
Error
False
Error
6472 9727 9602 9967 9399 47 4510 7402 8148 2889 7195 7633 9721 4570 116 6384 1373
Error
Error
Error
18
Error
Error
21
21
Error
Error
False
6983 918 7827 2130 6813 6384 116 4570 9721 7633 7195 2889 8148 7402 4510 47 9399 9967 9602
Error
3054 9262 9967 9399 47 4510 7402 8148 2889 7195 7633 9721 4570 116 6384 6813 2130 7827 918 6983
20
Error
Error
Error
Error
7195
False
Error
Error
1912 3054 9262 9967 9399 47 4510 7402 8148 2889 7195 7633 9721 4570 116 6384 6813 2130 7827 9587 942
7195
7195
7195
Error
Error
1912 3054 9262 9967 9399 47 4510 7402 8148 2889 7195 7633 9721 4570 116 6384 6813 2130 7827 9587 942 574
22
22
1912 3054 9262 9967 9399 47 4510 7402 8148 2889 7195 7633 9721 4570 116 6384 6813 2130 7827 9587 942 574
7195
Error
Error
21
Error
Error
False
Error
1912 3054 9262 9967 9399 47 4510 7402 8148 2889 7195 7633 9721 4570 116 6384 6813 2130 7827 9587
False
2889
False
2889
Error
False
1912 3054 9262 9967 9399 47 4510 7402 8148 2889 7195 7633 9721 4570 116 6384 6813 2130 7827 7692
1912 3054 9262 9967 9399 47 4510 7402 8148 2889 7195 7633 9721 4570 116 6384 6813 2130 7827 7692
7195
Error
1912 3054 9262 9967 9399 47 4510 7402 8148 2889 7195 7633 9721 4570 116 6384 6813 2130 7827 2894
Error
Error
False
Error
7633
False
Error
2091 2894 7827 2130 6813 6384 116 4570 9721 7633 7195 2889 8148 7402 4510 47 9399 9967 9262 546 9366
Error
Error
7633
Error
Error
546 9262 9967 9399 47 4510 7402 8148 2889 7195 7633 9721 4570 116 6384 6813 2130 7827 2894 1684 8570 4069
Error
False
116
Error
25
Error
546 9262 9967 9399 47 4510 7402 8148 2889 7195 7633 9721 4570 116 6384 6813 2130 7827 2894 1684 8570 4069 6961 1672 1710
1672 6961 4069 8570 1684 2894 7827 2130 6813 6384 116 4570 9721 7633 7195 2889 8148 7402 4510 47 9399 9967 9262 546 3797 8074
Error
False
False
9721
1672 6961 4069 8570 1684 2894 7827 2130 6813 6384 116 4570 9721 7633 7195 2889 8148 7402 4510 47 9399 9967 9262
1672 6961 4069 8570 1684 2894 7827 2130 6813 6384 116 4570 9721 7633 7195 2889 8148 7402 4510 47 9399 9967 9262 6407 3188 9036
False
Error
False
Error
Error
Error
7633
26
Error
Error
25
Error
Error
6123 3188 6407 9262 9967 9399 47 4510 7402 8148 2889 7195 7633 9721 4570 116 6384 6813 2130 7827 2894 1684 8570 4069 6961 3003
Error
Error
Error
False
6123 3188 6407 9262 9967 9399 47 4510 7402 8148 2889 7195 7633 9721 4570 116 6384 6813 2130 7827 2894 1684 8570 4069 6961 1090
False
Error
Error
25
Error
Error
Error
Error
False
6123 3188 6407 9262 9967 9399 47 4510 7402 8148 2889 7195 7633 9721 4570 116 6384 6813 2130 7827 2894 1684
8516 2330 6123 3188 6407 9262 9967 9399 47 4510 7402 8148 2889 7195 7633 9721 4570 116 6384 6813 2130 7827 2894
Error
Error
Error
Error
22
Error
Error
8516 2330 6123 3188 6407 9262 9967 9399 47 4510 7402 8148 2889 7195 7633 9721 4570 116 6384 6813 2130
7402
Error
Error
2130 6813 6384 116 4570 9721 7633 7195 2889 8148 7402 4510 47 9399 9967 9262 6407 3188 6123 8397 3163 769
Error
Error
2130 6813 6384 116 4570 9721 7633 7195 2889 8148 7402 4510 47 9399 9967 9262 6407 3188 6123 8397 3163 769 2575
23
Error
Error
4510
Error
Error
7402
Error
769 3163 8397 6123 3188 6407 9262 9967 9399 47 4510 7402 8148 2889 7195 7633 9721 4570 116 6384 6813 2130 3827
23
23
Error
22
Error
769 3163 8397 6123 3188 6407 9262 9967 9399 47 4510 7402 8148 2889 7195 7633 9721 4570 116 6384 6813 2130
Error
Error
23
Error
8148
Error
Error
7402
23
Error
Error
8397 6123 3188 6407 9262 9967 9399 47 4510 7402 8148 2889 7195 7633 9721 4570 116 6384 6813 2130 1696 5426
22
False
Error
8397 6123 3188 6407 9262 9967 9399 47 4510 7402 8148 2889 7195 7633 9721 4570 116 6384 6813 9530 9059
Error
False
Error
22
False
Error
False
2184 9059 9530 6813 6384 116 4570 9721 7633 7195 2889 8148 7402 4510 47 9399 9967 9262 6407 3188 6123 8397 204
Error
Error
Error
Error
Error
25
7402
2184 9059 9530 6813 6384 116 4570 9721 7633 7195 2889 8148 7402 4510 47 9399 9967 9262 6407 3188 6123 8397 204 6534 538
Error
2184 9059 9530 6813 6384 116 4570 9721 7633 7195 2889 8148 7402 4510 47 9399 9967 9262 6407 3188 6123 8397 204 6534 538
7402
Error
Error
2184 9059 9530 6813 6384 116 4570 9721 7633 7195 2889 8148 7402 4510 47 9399 9967 9262 6407 3188 6123 8397 204 6534 538 1798 3338
Error
Error
28
4510
3338 1798 538 6534 204 8397 6123 3188 6407 9262 9967 9399 47 4510 7402 8148 2889 7195 7633 9721 4570 116 6384 6813 9530 9059
False
False
4510
3338 1798 538 6534 204 8397 6123 3188 6407 9262 9967 9399 47 4510 7402 8148 2889 7195 7633 9721 4570 116 6384 6813 9530 9059
False
Error
Error
47
47
4510
4510
False
Error
47
28
Error
27
27
8803 9530 6813 6384 116 4570 9721 7633 7195 2889 8148 7402 4510 47 9399 9967 9262 6407 3188 6123 8397 204 6534 538 1798 8928 6027
8803 9530 6813 6384 116 4570 9721 7633 7195 2889 8148 7402 4510 47 9399 9967 9262 6407 3188 6123 8397 204 6534 538 1798 8928 6027
Error
Error
Error
Error
25
Error
False
3650 8928 1798 538 6534 204 8397 6123 3188 6407 9262 9967 9399 47 4510 7402 8148 2889 7195 7633 9721 4570 116 6384 6813 4494 518 115
27
Error
Error
26
26
Error
Error
Error
Error
Error
Error
Error
4510
518 4494 6813 6384 116 4570 9721 7633 7195 2889 8148 7402 4510 47 9399 9967 9262 6407 3188 6123 8397 204 6534 538 1798 2091
Error
26
Error
26
Error
26
518 4494 6813 6384 116 4570 9721 7633 7195 2889 8148 7402 4510 47 9399 9967 9262 6407 3188 6123 8397 204 6534 538 1798 804
Error
26
Error
False
Error
Error
518 4494 6813 6384 116 4570 9721 7633 7195 2889 8148 7402 4510 47 9399 9967 9262 6407 3188 6123 8397 204 6534 538 3368 6238
False
518 4494 6813 6384 116 4570 9721 7633 7195 2889 8148 7402 4510 47 9399 9967 9262 6407 3188 6123 8397 204 6534 538 3368 6238 9493
Error
Error
False
47
Error
Error
26
Error
False
26
26
Error
Error
6813 6384 116 4570 9721 7633 7195 2889 8148 7402 4510 47 9399 9967 9262 6407 3188 6123 8397 204 6534 538 3368
6813 6384 116 4570 9721 7633 7195 2889 8148 7402 4510 47 9399 9967 9262 6407 3188 6123 8397 204 6534 538 3368 1524
24
Error
False
Error
Error
Error
Error
Error
Error
False
23
9399
False
Error
Error
Error
Error
6384 116 4570 9721 7633 7195 2889 8148 7402 4510 47 9399 9967 9262 6407 3188 6123 8397 204 6534 538 8705
Error
Error
9399
9399
Error
Error
6384 116 4570 9721 7633 7195 2889 8148 7402 4510 47 9399 9967 9262 6407 3188 6123 8397 204 6534 538 8705 8261 8921 6529
Error
9967
24
False
9399
Error
Error
24
26
Error
9967
6384 116 4570 9721 7633 7195 2889 8148 7402 4510 47 9399 9967 9262 6407 3188 6123 8397 204 6534 538 8705 8261 8921 1350 2954
Error
3231 2954 1350 8921 8261 8705 538 6534 204 8397 6123 3188 6407 9262 9967 9399 47 4510 7402 8148 2889 7195 7633 9721 4570 116 6384
3231 2954 1350 8921 8261 8705 538 6534 204 8397 6123 3188 6407 9262 9967 9399 47 4510 7402 8148 2889 7195 7633 9721 4570 116 6384
27
Error
Error
Error
Error
False
Error
29
Error
Error
Error
6560 4799 3282 6384 116 4570 9721 7633 7195 2889 8148 7402 4510 47 9399 9967 9262 6407 3188 6123 8397 204 6534 538 8705 8261 8921 1350
False
Error
False
47
8921 8261 8705 538 6534 204 8397 6123 3188 6407 9262 9967 9399 47 4510 7402 8148 2889 7195 7633 9721 4570 116 6384 3282 4799 6560
False
Error
47
4510
4510
Error
8921 8261 8705 538 6534 204 8397 6123 3188 6407 9262 9967 9399 47 4510 7402 8148 2889 7195 7633 9721 4570 116 6384 3282 4799 9795 2148
False
Error
9399
Error
Error
24
Error
Error
Error
21
8921 8261 8705 538 6534 204 8397 6123 3188 6407 9262 9967 9399 47 4510 7402 8148 2889 7195 7633
6673 8921 8261 8705 538 6534 204 8397 6123 3188 6407 9262 9967 9399 47 4510 7402 8148 2889 7195 7633 1716
Error
Error
22
9262
Error
Error
Error
Error
Error
Error
Error
9989 5946 1716 7633 7195 2889 8148 7402 4510 47 9399 9967 9262 6407 3188 6123 8397 204 6534 538 8705 8261 9654 2311
Error
Error
23
9967
Error
5946 1716 7633 7195 2889 8148 7402 4510 47 9399 9967 9262 6407 3188 6123 8397 204 6534 538 8705 8261 4490 5944
Error
Error
5946 1716 7633 7195 2889 8148 7402 4510 47 9399 9967 9262 6407 3188 6123 8397 204 6534 538 8705 8261 4490 5944 6959 3064
5946 1716 7633 7195 2889 8148 7402 4510 47 9399 9967 9262 6407 3188 6123 8397 204 6534 538 8705 8261 4490 5944 6959 3064
Error
9262
False
Error
False
8554 5946 1716 7633 7195 2889 8148 7402 4510 47 9399 9967 9262 6407 3188 6123 8397 204 6534 538 8705 8261 4490 5944 6959
8554 5946 1716 7633 7195 2889 8148 7402 4510 47 9399 9967 9262 6407 3188 6123 8397 204 6534 538 8705 8261 4490 5944 6959
9262
26
6407
9262
Error
Error
26
Error
False
Error
Error
False
6407
26
2426 6959 5944 4490 8261 8705 538 6534 204 8397 6123 3188 6407 9262 9967 9399 47 4510 7402 8148 2889 7195 7633 1716 5946 6428 3120
27
False
26
Error
Error
6407
2426 6959 5944 4490 8261 8705 538 6534 204 8397 6123 3188 6407 9262 9967 9399 47 4510 7402 8148 2889 7195 7633 1716 5946 6428
6407
False
Error
2426 6959 5944 4490 8261 8705 538 6534 204 8397 6123 3188 6407 9262 9967 9399 47 4510 7402 8148 2889 7195 7633 1716 5946 6428 448
Error
Error
False
Error
Error
Error
26
False
6407
26
25
Error
Error
Error
6407
False
Error
False
Error
False
5933 5946 1716 7633 7195 2889 8148 7402 4510 47 9399 9967 9262 6407 3188 6123 8397 204 6534 538 8705 8261 4490 5944 6959
False
5933 5946 1716 7633 7195 2889 8148 7402 4510 47 9399 9967 9262 6407 3188 6123 8397 204 6534 538 8705 8261 4490 5944 6959 9673 1315
Error
Error
False
Error
Error
5933 5946 1716 7633 7195 2889 8148 7402 4510 47 9399 9967 9262 6407 3188 6123 8397 204 6534 538 8705 8261 4490 5944 6959 9673 1315 9619
Error
Error
6407
Error
Error
8608 4658 4385 9673 6959 5944 4490 8261 8705 538 6534 204 8397 6123 3188 6407 9262 9967 9399 47 4510 7402 8148 2889 7195 7633 1716 5946
3819 5946 1716 7633 7195 2889 8148 7402 4510 47 9399 9967 9262 6407 3188 6123 8397 204 6534 538 8705 8261 4490 5944 6959 9673 4385 4658
Error
False
3188
Error
False
26
False
Error
Error
4658 4385 9673 6959 5944 4490 8261 8705 538 6534 204 8397 6123 3188 6407 9262 9967 9399 47 4510 7402 8148 2889 7195 7633 1716
4658 4385 9673 6959 5944 4490 8261 8705 538 6534 204 8397 6123 3188 6407 9262 9967 9399 47 4510 7402 8148 2889 7195 7633 1716
Error
Error
28
Error
False
Error
3188
Error
Error
False
Error
6407
28
Error
Error
29
Error
Error
6407
False
Error
Error
9262
9262
9262
Error
9262
Error
4423 672 7639 1716 7633 7195 2889 8148 7402 4510 47 9399 9967 9262 6407 3188 6123 8397 204 6534 538 8705 8261 4490 5944 6959 9673 4385 9172
Error
26
26
Error
9967
6959 5944 4490 8261 8705 538 6534 204 8397 6123 3188 6407 9262 9967 9399 47 4510 7402 8148 2889 7195 7633 1716 7639 672 4423 4972 4342
Error
29
Error
Error
False
9967
Error
Error
Error
Error
Error
Error
Error
767 672 7639 1716 7633 7195 2889 8148 7402 4510 47 9399 9967 9262 6407 3188 6123 8397 204 6534 538 8705 8261 4490 5944 6959 3247 4948
Error
25
25
False
6959 5944 4490 8261 8705 538 6534 204 8397 6123 3188 6407 9262 9967 9399 47 4510 7402 8148 2889 7195 7633 1716 7639 672
False
Error
Error
Error
27
25
6959 5944 4490 8261 8705 538 6534 204 8397 6123 3188 6407 9262 9967 9399 47 4510 7402 8148 2889 7195 7633 1716 7639 8914
25
Error
False
6959 5944 4490 8261 8705 538 6534 204 8397 6123 3188 6407 9262 9967 9399 47 4510 7402 8148 2889 7195 7633
Error
False
Error
6959 5944 4490 8261 8705 538 6534 204 8397 6123 3188 6407 9262 9967 9399 47 4510 7402 8148 2889 1905 9666
22
6959 5944 4490 8261 8705 538 6534 204 8397 6123 3188 6407 9262 9967 9399 47 4510 7402 8148 2889 1905
1905 2889 8148 7402 4510 47 9399 9967 9262 6407 3188 6123 8397 204 6534 538 8705 8261 4490 5944 6959
6407
Error
Error
Error
Error
203 2934 4490 8261 8705 538 6534 204 8397 6123 3188 6407 9262 9967 9399 47 4510 7402 8148 2889 1905 9670
Error
Error
Error
False
Error
Error
203 2934 4490 8261 8705 538 6534 204 8397 6123 3188 6407 9262 9967 9399 47 4510 7402 8148 2889 3765 6082 5433
203 2934 4490 8261 8705 538 6534 204 8397 6123 3188 6407 9262 9967 9399 47 4510 7402 8148 2889 3765 6082 5433
Error
False
203 2934 4490 8261 8705 538 6534 204 8397 6123 3188 6407 9262 9967 9399 47 4510 7402 8148 2889 3765 6082 5433
6407
5433 6082 3765 2889 8148 7402 4510 47 9399 9967 9262 6407 3188 6123 8397 204 6534 538 8705 8261 4490 2934 203 9753
False
Error
Error
Error
Error
Error
Error
26
Error
6123
8397
False
26
6123
False
Error
3188
6082 3765 2889 8148 7402 4510 47 9399 9967 9262 6407 3188 6123 8397 204 6534 538 8705 8261 4490 2934 203
Error
21
False
22
False
6407
Error
Error
9262
Error
False
Error
Error
22
Error
False
24
6407
6407
False
22
4400 6082 3765 2889 8148 7402 4510 47 9399 9967 9262 6407 3188 6123 8397 204 6534 538 8705 8261 4490 7030
False
23
Error
9262
4400 6082 3765 2889 8148 7402 4510 47 9399 9967 9262 6407 3188 6123 8397 204 6534 538 8705 8261 4490 7030 415
6407
4400 6082 3765 2889 8148 7402 4510 47 9399 9967 9262 6407 3188 6123 8397 204 6534 538 8705 8261 4490 7030 415
6407
Error
Error
Error
8261 8705 538 6534 204 8397 6123 3188 6407 9262 9967 9399 47 4510 7402 8148 2889 3765 6082 9349
Error
21
21
9967
Error
Error
False
8261 8705 538 6534 204 8397 6123 3188 6407 9262 9967 9399 47 4510 7402 8148 2889 3765
9262
8261 8705 538 6534 204 8397 6123 3188 6407 9262 9967 9399 47 4510 7402 8148 2889 3765 7722
Error
7722 3765 2889 8148 7402 4510 47 9399 9967 9262 6407 3188 6123 8397 204 6534 538 8705 8261
19
Error
Error
Error
7722 3765 2889 8148 7402 4510 47 9399 9967 9262 6407 3188 6123 8397 204 6534 538 8705 8261 8291 3457
6407
9262
False
Error
7722 3765 2889 8148 7402 4510 47 9399 9967 9262 6407 3188 6123 8397 204 6534 538 8705 8261 8291
Error
20
7722 3765 2889 8148 7402 4510 47 9399 9967 9262 6407 3188 6123 8397 204 6534 538 8705 8261 8291
Error
Error
19
Error
6407
False
Error
8261 8705 538 6534 204 8397 6123 3188 6407 9262 9967 9399 47 4510 7402 8148 2889 8771
18
8261 8705 538 6534 204 8397 6123 3188 6407 9262 9967 9399 47 4510 7402 8148 2889
False
False
Error
2889 8148 7402 4510 47 9399 9967 9262 6407 3188 6123 8397 204 6534 538 8705 8261
Error
Error
3188
21
2889 8148 7402 4510 47 9399 9967 9262 6407 3188 6123 8397 204 6534 538 8705 8261 7794 8716 8560 9818
2889 8148 7402 4510 47 9399 9967 9262 6407 3188 6123 8397 204 6534 538 8705 8261 7794 8716 8560 9818
2889 8148 7402 4510 47 9399 9967 9262 6407 3188 6123 8397 204 6534 538 8705 8261 7794 8716 8560 9818
Error
Error
Error
6407
6407
Error
Error
19
19
False
Error
6407
7794 8261 8705 538 6534 204 8397 6123 3188 6407 9262 9967 9399 47 4510 7402 8148 2889 4076 3399 962
False
7794 8261 8705 538 6534 204 8397 6123 3188 6407 9262 9967 9399 47 4510 7402 8148 2889 4076 3399
Error
Error
6407
Error
Error
Error
Error
False
Error
6515 538 6534 204 8397 6123 3188 6407 9262 9967 9399 47 4510 7402 8148
False
False
6407
Error
Error
Error
Error
Error
Error
Error
Error
Error
18
Error
Error
False
15
Error
17
Error
3414 2168 9523 8148 7402 4510 47 9399 9967 9262 6407 3188 6123 8397 204 6534
16
False
False
Error
Error
16
9967
16
Error
Error
Error
9637 204 8397 6123 3188 6407 9262 9967 9399 47 4510 7402 8148
12
Error
Error
Error
Error
Error
6407
Error
False
Error
Error
3878 204 8397 6123 3188 6407 9262 9967 9399 47 4510 7402 2507 6086
Error
13
9262
Error
3878 204 8397 6123 3188 6407 9262 9967 9399 47 4510 7402 2507 7256 7849
False
Error
False
False
Error
Error
Error
Error
False
9967
Error
8
7
9967
Error
False
Error
Error
Error
Error
Error
Error
9399 9967 9262 6407 3188 9619 5012
Error
False
Error
False
9262
Error
273 8746 9399 9967 9262 6407 3188 9619
Error
Error
8
Error
9967
9262
8
9967
Error
False
Error
Error
Error
False
Error
False
Error
Error
8
8
False
Error
False
6407
Error
Error
Error
6407
False
9
9
6407
7
Error
Error
7
Error
9399 9967 9262 6407 3188 9619 607
7
False
6
False
False
False
6
6407
Error
False
Error
Error
False
4493
Error
Error
Error
3188
Error
False
Error
9262 6407 3188 4493 4990 1453 8551
9262 6407 3188 4493 4990 1453 8551
Error
10
Error
Error
Error
Error
Error
Error
Error
Error
Error
13
Error
13
Error
Error
Error
6443 4254 6407 3188 4493 4990 1453 8551 5467 9559 36 786 6468
1453
Error
Error
Error
13
6468 786 36 9559 5467 8551 1453 4990 4493 3188 6407 4254 6443
14
Error
Error
Error
1453
Error
7372 2481 677 730 6443 4254 6407 3188 4493 4990 1453 8551 5467 9559 36 3306 9146
False
7372 2481 677 730 6443 4254 6407 3188 4493 4990 1453 8551 5467 9559 36 3306 9146 1985
False
7372 2481 677 730 6443 4254 6407 3188 4493 4990 1453 8551 5467 9559 36 3306 9146 1985 3133 1902 1998
False
Error
1453
False
Error
23
Error
1348 2401 657 1998 1902 3133 1985 9146 3306 36 9559 5467 8551 1453 4990 4493 3188 6407 4254 6443 730 677 2481 7372 4836
Error
Error
Error
Error
24
Error
24
8551
False
Error
Error
Error
Error
27
Error
2481 677 730 6443 4254 6407 3188 4493 4990 1453 8551 5467 9559 36 3306 9146 1985 3133 1902 1998 657 2401 1348 196 5410 959 9707
Error
Error
9559
9559
Error
959 5410 196 1348 2401 657 1998 1902 3133 1985 9146 3306 36 9559 5467 8551 1453 4990 4493 3188 6407 4254 6443 730 677 2481 8729 9217 2582 3305
5467
Error
Error
Error
5467
Error
Error
959 5410 196 1348 2401 657 1998 1902 3133 1985 9146 3306 36 9559 5467 8551 1453 4990 4493 3188 6407 4254 6443 730 677 2481 8729 9217 2582 3305
Error
Error
31
30
27
27
28
Error
False
Error
Error
Error
3188
False
Error
Error
False
31
False
Error
Error
Error
False
False
Error
Error
False
7392 4703 4306 2074 3305 2582 9217 8729 2481 677 730 6443 4254 6407 3188 4493 4990 1453 8551 5467 9559 36 3306 9146 1985 3133 1902 1998 657 2401 7069
Error
Error
Error
7392 4703 4306 2074 3305 2582 9217 8729 2481 677 730 6443 4254 6407 3188 4493 4990 1453 8551 5467 9559 36 3306 9146 1985 3133 1902 1998 657 2401 7069
Error
4493
Error
4990
33
False
Error
False
Error
7392 4703 4306 2074 3305 2582 9217 8729 2481 677 730 6443 4254 6407 3188 4493 4990 1453 8551 5467 9559 36 3306 9146 1985 3133 1902 1998 657 2401 7069 519 2930 7440 7245
Error
Error
Error
35
7440 2930 519 7069 2401 657 1998 1902 3133 1985 9146 3306 36 9559 5467 8551 1453 4990 4493 3188 6407 4254 6443 730 677 2481 8729 9217 2582 3305 2074 4306 4703 7392 6567
35
4990
Error
Error
7440 2930 519 7069 2401 657 1998 1902 3133 1985 9146 3306 36 9559 5467 8551 1453 4990 4493 3188 6407 4254 6443 730 677 2481 8729 9217 2582 3305 2074 4306 4703 7392 8466 9342
Error
Error
4703 4306 2074 3305 2582 9217 8729 2481 677 730 6443 4254 6407 3188 4493 4990 1453 8551 5467 9559 36 3306 9146 1985 3133 1902 1998 657 2401 7069 519 2930 8739
29
Error
Error
29
Error
Error
28
Error
Error
8551
Error
Error
Error
Error
Error
2582 9217 8729 2481 677 730 6443 4254 6407 3188 4493 4990 1453 8551 5467 9559 36 3306 9146 1985 3133 1902 1998 657 2401 7727 2022
8551
28
Error
8551
Error
5467
Error
2582 9217 8729 2481 677 730 6443 4254 6407 3188 4493 4990 1453 8551 5467 2840 9559 36 3306 9146 1985 3133 1902 1998 657 2401 7727 2022 9806 926
False
Error
31
False
False
Error
27
3306
Error
Error
Error
9146
Error
Error
Error
4270 3059 926 9806 2022 7727 2401 657 1998 1902 3133 1985 9146 3306 36 9559 2840 5467 8551 1453 4990 4493 3188 6407 4254 6443
Error
9146
Error
3306
Error
Error
25
4270 3059 926 9806 2022 7727 2401 657 1998 1902 3133 1985 9146 3306 36 9559 2840 5467 8551 1453 4990 4493 3188 6407 4254
Error
3306
Error
Error
False
27
Error
False
Error
3261 3059 926 9806 2022 7727 2401 657 1998 1902 3133 1985 9146 3306 36 9559 2840 5467 8551 1453 4990 4493 3188 6407 4254 4038 2060
3306
False
1485 4761 2060 4038 4254 6407 3188 4493 4990 1453 8551 5467 2840 9559 36 3306 9146 1985 3133 1902 1998 657 2401 7727 2022 9806 926 3059 3261
Error
Error
32
Error
34
Error
35
35
Error
Error
Error
1485 4761 2060 4038 4254 6407 3188 4493 4990 1453 8551 5467 2840 9559 36 3306 9146 1985 3133 1902 1998 657 2401 7727 2022 9806 926 3059 3261 1595 8546 6769 9949 58 3368
33
1485 4761 2060 4038 4254 6407 3188 4493 4990 1453 8551 5467 2840 9559 36 3306 9146 1985 3133 1902 1998 657 2401 7727 2022 9806 926 3059 3261 1595 8546 6769 9949 9280
Error
33
Error
31
Error
Error
Error
32
Error
9949 6769 8546 1595 3261 3059 926 9806 2022 7727 2401 657 1998 1902 3133 1985 9146 3306 36 9559 2840 5467 8551 1453 4990 4493 3188 6407 4254 4038 3323
9949 6769 8546 1595 3261 3059 926 9806 2022 7727 2401 657 1998 1902 3133 1985 9146 3306 36 9559 2840 5467 8551 1453 4990 4493 3188 6407 4254 4038 3323
Error
Error
Error
False
3133
3133
Error
False
Error
Error
34
Error
28
3323 4038 4254 6407 3188 4493 4990 1453 8551 5467 2840 9559 36 3306 9146 1985 3133 1902 1998 657 2401 7727 2022 9806 926 3059 3261 1595
Error
Error
Error
Error
Error
Error
Error
Error
3323 4038 4254 6407 3188 4493 4990 1453 8551 5467 2840 9559 36 3306 9146 1985 3133 1902 1998 657 2401 7727 2022 9806 926 3059 3261 1595 6546 6876 8038 9096 7066
Error
3323 4038 4254 6407 3188 4493 4990 1453 8551 5467 2840 9559 36 3306 9146 1985 3133 1902 1998 657 2401 7727 2022 9806 926 3059 3261 1595 6546 6876 8038 9096
Error
False
Error
Error
3133
Error
38
Error
Error
9866 3675 7727 2379 8314 9096 8038 6876 6546 1595 3261 3059 926 9806 2022 7727 2401 657 1998 1902 3133 1985 9146 3306 36 9559 2840 5467 8551 1453 4990 4493 3188 6407 4254 4038 3323
Error
37
Error
Error
Error
3323 4038 4254 6407 3188 4493 4990 1453 8551 5467 2840 9559 36 3306 9146 1985 3133 1902 1998 657 2401 7727 2022 9806 926 3059 3261 1595 6546 6876 8038 9096 8314 2379 7727
Error
Error
3323 4038 4254 6407 3188 4493 4990 1453 8551 5467 2840 9559 36 3306 9146 1985 3133 1902 1998 657 2401 7727 2022 9806 926 3059 3261 1595 6546 6876 8038 9096 8314 2379 7727 4424
1998
1998
Error
Error
False
Error
Error
Error
1902
Error
Error
Error
38
Error
Error
Error
2946 4038 4254 6407 3188 4493 4990 1453 8551 5467 2840 9559 36 3306 9146 1985 3133 1902 1998 657 2401 7727 2022 9806 926 3059 3261 1595 6546 6876 8038 9096 8314 2379 7727 4424 3662 8658 4454
39
657
Error
7057 4038 4254 6407 3188 4493 4990 1453 8551 5467 2840 9559 36 3306 9146 1985 3133 1902 1998 657 2401 7727 2022 9806 926 3059 3261 1595 6546 6876 8038 9096 8314 2379 7727 4424 3662 222 8306 786
Error
Error
Error
False
2401
Error
7057 4038 4254 6407 3188 4493 4990 1453 8551 5467 2840 9559 36 3306 9146 1985 3133 1902 1998 657 2401 7727 2022 9806 926 3059 3261 1595 6546 6876 8038 9096 8314 2379 7727 4424 3662 222 8306 786 6399 141
Error
Error
2401
Error
Error
7727
41
2401
False
42
Error
Error
42
Error
2401
Error
2401
Error
2401
False
Error
43
Error
7077 4582 74 4038 4254 6407 3188 4493 4990 1453 8551 5467 2840 9559 36 3306 9146 1985 3133 1902 1998 657 2401 7727 2022 9806 926 3059 3261 1595 6546 6876 8038 9096 8314 2379 7727 4424 3662 222 8306 1454
False
Error
Error
Error
42
False
1998
42
False
Error
Error
Error
Error
1998
41
Error
1998
41
Error
1902
Error
1998
40
Error
4795 222 3662 4424 7727 2379 8314 9096 8038 6876 6546 1595 3261 3059 926 9806 9978 2022 7727 2401 657 1998 1902 3133 1985 9146 3306 36 9559 2840 5467 8551 1453 4990 4493 3188 6407 4254 4038 74 4582
Error
Error
Error
657
Error
False
False
Error
40
Error
Error
Error
False
Error
Error
False
7727
37
Error
36
False
2022
Error
35
Error
Error
9978
Error
Error
Error
Error
Error
False
840 8268 4795 222 3662 4424 7727 2379 8314 9096 8038 6876 6546 1595 3261 3059 926 9806 9978 2022 7727 2401 657 1998 1902 3133 1985 9146 3306 36 9559 2840 5467 8551 1453 9525 8996
9806
Error
Error
840 8268 4795 222 3662 4424 7727 2379 8314 9096 8038 6876 6546 1595 3261 3059 926 9806 9978 2022 7727 2401 657 1998 1902 3133 1985 9146 3306 36 9559 2840 5467 8551
34
Error
Error
Error
Error
Error
840 8268 4795 222 3662 4424 7727 2379 8314 9096 8038 6876 6546 1595 3261 3059 926 9806 9978 2022 7727 2401 657 1998 1902 3133 1985 9146 3306 36 9559 2840 5467 9444
32
3059
Error
Error
Error
33
Error
False
2840 9559 36 3306 9146 1985 3133 1902 1998 657 2401 7727 2022 9978 9806 926 3059 3261 1595 6546 6876 8038 9096 8314 2379 7727 4424 3662 222 4795 8268 840 8371
Error
Error
False
Error
Error
Error
33
Error
Error
False
2840 9559 36 3306 9146 1985 3133 1902 1998 657 2401 7727 2022 9978 9806 926 3059 3261 1595 6546 6876 8038 9096 8314 2379 7727 4424 3662 222 4795 8268 840 8371
Error
Error
Error
3059
3059
Error
Error
False
3261
False
2840 9559 36 3306 9146 1985 3133 1902 1998 657 2401 7727 2022 9978 9806 926 3059 3261 1595 6546 6876 8038 9096 8314 2379 7727 4424 3662 222 4795 8268 840 8371 5356 3430 7947 1292
1595
Error
1595
Error
6546
Error
40
Error
2611 7006 1292 7947 3430 5356 8371 840 8268 4795 222 3662 4424 7727 2379 8314 9096 8038 6876 6546 1595 3261 3059 926 9806 9978 2022 7727 2401 657 1998 1902 3133 1985 9146 3306 36 9559 7043
False
39
Error
40
39
Error
Error
Error
3118 6968 9559 36 3306 9146 1985 3133 1902 1998 657 2401 7727 2022 9978 9806 926 3059 3261 1595 6546 6876 8038 9096 8314 2379 7727 4424 3662 222 4795 8268 840 8371 5356 3430 7947 1292 7006 2611 8878
6546
3118 6968 9559 36 3306 9146 1985 3133 1902 1998 657 2401 7727 2022 9978 9806 926 3059 3261 1595 6546 6876 8038 9096 8314 2379 7727 4424 3662 222 4795 8268 840 8371 5356 3430 7947 1292 7006 2611 8878
Error
7404 8878 2611 7006 1292 7947 3430 5356 8371 840 8268 4795 222 3662 4424 7727 2379 8314 9096 8038 6876 6546 1595 3261 3059 926 9806 9978 2022 7727 2401 657 1998 1902 3133 1985 9146 3306 36 9559 6968 3118 3342
Error
False
Error
Error
45
6876
45
6876
Error
False
43
44
3342 3118 6968 9559 36 3306 9146 1985 3133 1902 1998 657 2401 7727 2022 9978 9806 926 3059 3261 1595 6546 6876 8038 9096 8314 2379 7727 4424 3662 222 4795 8268 840 8371 5356 3430 7947 1292 7006 2611 8878 7404 1478
Error
Error
Error
Error
False
False
Error
Error
Error
Error
Error
9319 3342 3118 6968 9559 36 3306 9146 1985 3133 1902 1998 657 2401 7727 2022 9978 9806 926 3059 3261 1595 6546 6876 8038 9096 8314 2379 7727 4424 3662 222 4795 8268 840 8371 5356 3430 7947 1292 7006 2611 8878 7404 4132 4419 3640
46
Error
False
False
Error
False
6546
Error
Error
False
Error
False
False
Error
False
43
Error
4225 2382 7006 1292 7947 3430 5356 8371 840 8268 4795 222 3662 4424 7727 2379 8314 9096 8038 6876 6546 1595 3261 3059 926 9806 9978 2022 7727 2401 657 1998 1902 3133 1985 9146 3306 36 9559 6968 3118 3342
Error
Error
Error
Error
6546
4225 2382 7006 1292 7947 3430 5356 8371 840 8268 4795 222 3662 4424 7727 2379 8314 9096 8038 6876 6546 1595 3261 3059 926 9806 9978 2022 7727 2401 657 1998 1902 3133 1985 9146 3306 36 9559 6968 3118
6546
6546
Error
Error
4225 2382 7006 1292 7947 3430 5356 8371 840 8268 4795 222 3662 4424 7727 2379 8314 9096 8038 6876 6546 1595 3261 3059 926 9806 9978 2022 7727 2401 657 1998 1902 3133 1985 9146 3306 36 9559 1606 7991 1103 3749
1595
1595
43
Error
1595
44
1595
43
Error
47
Error
Error
Error
Error
926
Error
Error
Error
Error
False
Error
Error
47
False
46
Error
False
Error
3261
Error
6002 8956 7452 9118 7006 1292 7947 3430 5356 8371 840 8268 4795 222 3662 4424 7727 2379 8314 9096 8038 6876 6546 1595 3261 3059 926 9806 9978 2022 7727 2401 657 1998 1902 3133 1985 9146 3306 36 9559 1606 7991 1103 3749 1544 8914 4372 4079
Error
Error
Error
3059
3059
5013 4079 4372 8914 1544 3749 1103 7991 1606 9559 36 3306 9146 1985 3133 1902 1998 657 2401 7727 2022 9978 9806 926 3059 3261 1595 6546 6876 8038 9096 8314 2379 7727 4424 3662 222 4795 8268 840 8371 5356 3430 7947 1292 7006 9118 7452 8694
Error
Error
Error
Error
8694 7452 9118 7006 1292 7947 3430 5356 8371 840 8268 4795 222 3662 4424 7727 2379 8314 9096 8038 6876 6546 1595 3261 3059 926 9806 9978 2022 7727 2401 657 1998 1902 3133 1985 9146 3306 36 9559 1606 7991 1103 3749 1544 8914 4372 5152
Error
8694 7452 9118 7006 1292 7947 3430 5356 8371 840 8268 4795 222 3662 4424 7727 2379 8314 9096 8038 6876 6546 1595 3261 3059 926 9806 9978 2022 7727 2401 657 1998 1902 3133 1985 9146 3306 36 9559 1606 7991 1103 3749 1544 8914 4372 5413
Error
Error
Error
3261
Error
8694 7452 9118 7006 1292 7947 3430 5356 8371 840 8268 4795 222 3662 4424 7727 2379 8314 9096 8038 6876 6546 1595 3261 3059 926 9806 9978 2022 7727 2401 657 1998 1902 3133 1985 9146 3306 36 9559 1606 7991 1103 3749 1544 8914
Error
Error
Error
Error
Error
Error
False
8694 7452 9118 7006 1292 7947 3430 5356 8371 840 8268 4795 222 3662 4424 7727 2379 8314 9096 8038 6876 6546 1595 3261 3059 926 9806 9978 2022 7727 2401 657 1998 1902 3133 1985 9146 3306 36 9559 1606 7991 1103 3749
8694 7452 9118 7006 1292 7947 3430 5356 8371 840 8268 4795 222 3662 4424 7727 2379 8314 9096 8038 6876 6546 1595 3261 3059 926 9806 9978 2022 7727 2401 657 1998 1902 3133 1985 9146 3306 36 9559 1606 7991 1103
8694 7452 9118 7006 1292 7947 3430 5356 8371 840 8268 4795 222 3662 4424 7727 2379 8314 9096 8038 6876 6546 1595 3261 3059 926 9806 9978 2022 7727 2401 657 1998 1902 3133 1985 9146 3306 36 9559 1606 7991
False
1595
Error
Error
False
Error
42
False
Error
6876
Error
Error
Error
Error
40
39
Error
39
1606 9559 36 3306 9146 1985 3133 1902 1998 657 2401 7727 2022 9978 9806 926 3059 3261 1595 6546 6876 8038 9096 8314 2379 7727 4424 3662 222 4795 8268 840 8371 5356 3430 7947 1292 7006 9118
40
Error
1595
Error
Error
1606 9559 36 3306 9146 1985 3133 1902 1998 657 2401 7727 2022 9978 9806 926 3059 3261 1595 6546 6876 8038 9096 8314 2379 7727 4424 3662 222 4795 8268 840 8371 5356 3430
Error
Error
Error
3059
35
3059
33
Error
Error
Error
Error
Error
Error
Error
32
False
Error
Error
32
3306 9146 1985 3133 1902 1998 657 2401 7727 2022 9978 9806 926 3059 3261 1595 6546 6876 8038 9096 8314 2379 7727 4424 3662 222 4795 8268 840 8371 1476
3306 9146 1985 3133 1902 1998 657 2401 7727 2022 9978 9806 926 3059 3261 1595 6546 6876 8038 9096 8314 2379 7727 4424 3662 222 4795 8268 840 8371 1476
False
3306 9146 1985 3133 1902 1998 657 2401 7727 2022 9978 9806 926 3059 3261 1595 6546 6876 8038 9096 8314 2379 7727 4424 3662 222 4795 8268 840 8371
Error
29
Error
Error
False
3306 9146 1985 3133 1902 1998 657 2401 7727 2022 9978 9806 926 3059 3261 1595 6546 6876 8038 9096 8314 2379 7727 4424 3662 222 4795 8268 840
29
Error
False
False
Error
False
3261
Error
Error
Error
False
Error
926
27
Error
Error
Error
Error
Error
27
Error
Error
926
27
Error
Error
False
Error
8498 3306 9146 1985 3133 1902 1998 657 2401 7727 2022 9978 9806 926 3059 3261 1595 6546 6876 8038 9096 8314 2379 7727 4424 3662 222
28
28
Error
Error
926
29
29
Error
Error
3059
30
False
Error
Error
Error
False
Error
Error
Error
Error
32
Error
Error
3261
32
3261
False
Error
Error
Error
35
1595
Error
6546
Error
Error
Error
5345 6955 3883 6687 7682 3762 6970 2116 9253 5055 222 3662 4424 7727 2379 8314 9096 8038 6876 6546 1595 3261 3059 926 9806 9978 2022 7727 2401 657 1998 1902 3133 1985 9146 3306
Error
5345 6955 3883 6687 7682 3762 6970 2116 9253 5055 222 3662 4424 7727 2379 8314 9096 8038 6876 6546 1595 3261 3059 926 9806 9978 2022 7727 2401 657 1998 1902 3133 1985 9146 3306
Error
Error
False
Error
False
5345 6955 3883 6687 7682 3762 6970 2116 9253 5055 222 3662 4424 7727 2379 8314 9096 8038 6876 6546 1595 3261 3059 926 9806 9978 2022 7727 2401 657 1998 1902 3133 1985 9146 5001 8118 3541 7664 6489
False
39
5345 6955 3883 6687 7682 3762 6970 2116 9253 5055 222 3662 4424 7727 2379 8314 9096 8038 6876 6546 1595 3261 3059 926 9806 9978 2022 7727 2401 657 1998 1902 3133 1985 9146 5001 8118 3541 7664
Error
Error
False
8038
Error
Error
Error
Error
Error
9146 1985 3133 1902 1998 657 2401 7727 2022 9978 9806 926 3059 3261 1595 6546 6876 8038 9096 8314 2379 7727 4424 3662 222 5055 9253 2116 6970 3762 7682 6687 3883 6955 5345
False
35
9146 1985 3133 1902 1998 657 2401 7727 2022 9978 9806 926 3059 3261 1595 6546 6876 8038 9096 8314 2379 7727 4424 3662 222 5055 9253 2116 6970 3762 7682 6687 3883 6955 5345
Error
8038
Error
False
3487 9146 1985 3133 1902 1998 657 2401 7727 2022 9978 9806 926 3059 3261 1595 6546 6876 8038 9096 8314 2379 7727 4424 3662 222 5055 9253 2116 6970 3762 7682 6687 3883 6955 5345
False
Error
6546
False
32
Error
Error
32
False
Error
31
Error
4872 1386 6970 2116 9253 5055 222 3662 4424 7727 2379 8314 9096 8038 6876 6546 1595 3261 3059 926 9806 9978 2022 7727 2401 657 1998 1902 3133 1985 9146
6546
Error
4872 1386 6970 2116 9253 5055 222 3662 4424 7727 2379 8314 9096 8038 6876 6546 1595 3261 3059 926 9806 9978 2022 7727 2401 657 1998 1902 3133 1985 9146
Error
Error
False
Error
30
Error
Error
Error
30
Error
Error
Error
3133 1902 1998 657 2401 7727 2022 9978 9806 926 3059 3261 1595 6546 6876 8038 9096 8314 2379 7727 4424 3662 222 5055 9253 2116 6970 1386 9495
False
Error
30
Error
Error
3133 1902 1998 657 2401 7727 2022 9978 9806 926 3059 3261 1595 6546 6876 8038 9096 8314 2379 7727 4424 3662 222 5055 9253 2116 6970 1386 9495 5375 3167
3133 1902 1998 657 2401 7727 2022 9978 9806 926 3059 3261 1595 6546 6876 8038 9096 8314 2379 7727 4424 3662 222 5055 9253 2116 6970 1386 9495 5375 3167
Error
False
6876
Error
6876
9495 1386 6970 2116 9253 5055 222 3662 4424 7727 2379 8314 9096 8038 6876 6546 1595 3261 3059 926 9806 9978 2022 7727 2401 657 1998 1902 4892
Error
False
Error
False
Error
Error
25
1228 2022 9978 9806 926 3059 3261 1595 6546 6876 8038 9096 8314 2379 7727 4424 3662 222 5055 9253 2116 6970 1386 9495 5868
Error
Error
1228 2022 9978 9806 926 3059 3261 1595 6546 6876 8038 9096 8314 2379 7727 4424 3662 222 5055 9253 2116 6970 1386 9495
9096
Error
Error
25
Error
Error
Error
23
1386 6970 2116 9253 5055 222 3662 4424 7727 2379 8314 9096 8038 6876 6546 1595 3261 3059 926 9806 9978 2022 3399
21
Error
Error
Error
Error
1587 3496 9978 9806 926 3059 3261 1595 6546 6876 8038 9096 8314 2379 7727 4424 3662 222 5055 9253 2116 6970 1386
Error
False
21
Error
8038
False
False
8038
20
Error
9978 9806 926 3059 3261 1595 6546 6876 8038 9096 8314 2379 7727 4424 3662 222 5055
Error
9978 9806 926 3059 3261 1595 6546 6876 8038 9096 8314 2379 7727 4424 3662 222 7543
Error
6876
16
False
Error
Error
Error
6876
Error
False
17
Error
Error
8038
Error
Error
Error
8038
Error
False
5368 9978 9806 926 3059 3261 1595 6546 6876 8038 9096 8314 2379 7727 4424 9335 6915 946 7877
19
Error
Error
20
8038
Error
Error
9096
9096
False
Error
False
Error
Error
22
Error
Error
Error
Error
Error
23
Error
Error
Error
Error
9964 8074 2516 6582 220 9978 9806 926 3059 3261 1595 6546 6876 8038 9096 8314 2379 7727 4424 9335 6915 946 7877 5066 4032
Error
Error
Error
8038
6876
False
9964 8074 2516 6582 220 9978 9806 926 3059 3261 1595 6546 6876 8038 9096 8314 2379 7727 4424 9335 6915 946 7877 5066 277 7400 9285
27
Error
Error
9964 8074 2516 6582 220 9978 9806 926 3059 3261 1595 6546 6876 8038 9096 8314 2379 7727 4424 9335 6915 946 7877 5066 277 7400 9285
Error
29
Error
29
False
9096
9096
9096
False
Error
Error
Error
Error
Error
Error
Error
False
Error
6876
Error
Error
Error
6546
3852 7877 946 6915 9335 4424 7727 2379 8314 9096 8038 6876 6546 1595 3261 3059 926 9806 9978 220 6582 2516 8074
8074 2516 6582 220 9978 9806 926 3059 3261 1595 6546 6876 8038 9096 8314 2379 7727 4424 9335 6915 946 7877 3852
Error
Error
Error
False
Error
Error
Error
Error
Error
8074 2516 6582 220 9978 9806 926 3059 3261 1595 6546 6876 8038 9096 8314 2379 7727 4424 9335 6915 946 7877 3852 345 7694 6906 6842 2317
9096
28
Error
Error
Error
9096
False
6842 6906 7694 345 3852 7877 946 6915 9335 4424 7727 2379 8314 9096 8038 6876 6546 1595 3261 3059 926 9806 9978 220 6582 2516 8074
27
9096
False
False
3746 2516 6582 220 9978 9806 926 3059 3261 1595 6546 6876 8038 9096 8314 2379 7727 4424 9335 6915 946 7877 3852 345 7694 6906 6842
Error
Error
False
Error
Error
Error
8038
8038
26
Error
Error
Error
Error
False
Error
Error
Error
Error
27
27
Error
4948 6424 3746 2516 6582 220 9978 9806 926 3059 3261 1595 6546 6876 8038 9096 8314 2379 7727 4424 9335 6915 946 7877 3852 345
False
27
4948 6424 3746 2516 6582 220 9978 9806 926 3059 3261 1595 6546 6876 8038 9096 8314 2379 7727 4424 9335 6915 946 7877 3852 4659 7845
27
Error
Error
False
7845 4659 3852 7877 946 6915 9335 4424 7727 2379 8314 9096 8038 6876 6546 1595 3261 3059 926 9806 9978 220 6582 2516 3746 6424 1275 9554
6546
9554 1275 6424 3746 2516 6582 220 9978 9806 926 3059 3261 1595 6546 6876 8038 9096 8314 2379 7727 4424 9335 6915 946 7877 3852 4659 7845
False
9554 1275 6424 3746 2516 6582 220 9978 9806 926 3059 3261 1595 6546 6876 8038 9096 8314 2379 7727 4424 9335 6915 946 7877 3852 4659 6776
28
Error
Error
False
3261
24
Error
24
Error
24
Error
Error
Error
Error
False
Error
1977 9335 4424 7727 2379 8314 9096 8038 6876 6546 1595 3261 3059 926 9806 9978 220 6582 2516 3746 6424 1275 9118
False
1595
1977 9335 4424 7727 2379 8314 9096 8038 6876 6546 1595 3261 3059 926 9806 9978 220 6582 2516 3746 6424 1275
Error
Error
Error
False
False
1595
Error
1297 6878 763 9335 4424 7727 2379 8314 9096 8038 6876 6546 1595 3261 3059 926 9806 9978 220 6582 2516 3746 6424 1275
1595
6878 763 9335 4424 7727 2379 8314 9096 8038 6876 6546 1595 3261 3059 926 9806 9978 220 6582 2516 3746 6424 1275 67 7077 3864 8638 4464
False
30
Error
Error
Error
Error
926
Error
Error
3059
6878 763 9335 4424 7727 2379 8314 9096 8038 6876 3044 6546 1595 3261 3059 926 9806 9978 220 6582 2516 3746 6424 1275 67 7077 3864 8638 4464 3906
6878 763 9335 4424 7727 2379 8314 9096 8038 6876 3044 6546 1595 3261 3059 926 9806 9978 220 6582 2516 3746 6424 1275 67 7077 3864 8638 4464 8116
Error
False
Error
Error
Error
Error
False
Error
Error
Error
Error
Error
False
6878 763 9335 4424 7727 2379 8314 9096 8038 6876 3044 6546 1595 3261 3059 926 9806 9978 220 6582 2516 3746 6424 1275 67 7077 3864 8638 1997
Error
Error
Error
Error
32
Error
Error
Error
False
Error
Error
Error
35
77 578 1390 8638 3864 7077 67 1275 6424 3746 2516 6582 220 9978 9806 926 3059 3261 1595 6546 3044 6876 8038 9096 8314 2379 7727 4424 9335 763 6878 5776 3487 4102 7894 6371
Error
77 578 1390 8638 3864 7077 67 1275 6424 3746 2516 6582 220 9978 9806 926 3059 3261 1595 6546 3044 6876 8038 9096 8314 2379 7727 4424 9335 763 6878 5776 3487 4102 7894 6371
Error
Error
Error
Error
Error
Error
Error
30
False
Error
1390 8638 3864 7077 67 1275 6424 3746 2516 6582 220 9978 9806 926 3059 3261 1595 6546 3044 6876 8038 9096 8314 2379 7727 4424 9335
Error
1390 8638 3864 7077 67 1275 6424 3746 2516 6582 220 9978 9806 926 3059 3261 1595 6546 3044 6876 8038 9096 8314 2379 7727 4424 9335
1390 8638 3864 7077 67 1275 6424 3746 2516 6582 220 9978 9806 926 3059 3261 1595 6546 3044 6876 8038 9096 8314 2379 7727 4424 9335 4394
False
Error
Error
25
9806
926
1390 8638 3864 7077 67 1275 6424 3746 2516 6582 220 9978 9806 926 3059 3261 1595 6546 3044 6876 8038 9096 8314 2379 5554 641
926
Error
False
1390 8638 3864 7077 67 1275 6424 3746 2516 6582 220 9978 9806 926 3059 3261 1595 6546 3044 6876 8038 9096 8314 2379 5554 641 8630 7550
Error
28
926
1390 8638 3864 7077 67 1275 6424 3746 2516 6582 220 9978 9806 926 3059 3261 1595 6546 3044 6876 8038 9096 8314 2379 5554 641 8630 7550
Error
False
Error
Error
Error
1390 8638 3864 7077 67 1275 6424 3746 2516 6582 220 9978 9806 926 3059 3261 1595 6546 3044 6876 8038 9096 8314 2379 5554 641 8630 7550
Error
False
Error
3059
Error
Error
4399 6097 8630 641 5554 2379 8314 9096 8038 6876 3044 6546 1595 3261 3059 926 9806 9978 220 6582 2516 3746 6424 1275 67 7077 3864 8638 1390
Error
Error
Error
31
1390 8638 3864 7077 67 1275 6424 3746 2516 6582 220 9978 9806 926 3059 3261 1595 6546 3044 6876 8038 9096 8314 2379 5554 641 8630 6097 4399 3983 5068
5068 3983 4399 6097 8630 641 5554 2379 8314 9096 8038 6876 3044 6546 1595 3261 3059 926 9806 9978 220 6582 2516 3746 6424 1275 67 7077 3864 8638 1390
3261
Error
30
Error
8638 3864 7077 67 1275 6424 3746 2516 6582 220 9978 9806 926 3059 3261 1595 6546 3044 6876 8038 9096 8314 2379 5554 641 8630 6097 4399 3983 4023
Error
Error
Error
Error
False
30
1922 3983 4399 6097 8630 641 5554 2379 8314 9096 8038 6876 3044 6546 1595 3261 3059 926 9806 9978 220 6582 2516 3746 6424 1275 67 7077 3864 8638
30
1922 3983 4399 6097 8630 641 5554 2379 8314 9096 8038 6876 3044 6546 1595 3261 3059 926 9806 9978 220 6582 2516 3746 6424 1275 67 7077 3864
Error
Error
Error
1595
Error
1595
Error
Error
6178 3864 7077 67 1275 6424 3746 2516 6582 220 9978 9806 926 3059 3261 1595 6546 3044 6876 8038 9096 8314 2379 5554 641 8630 6097 4399 3983 9592
3261
Error
1595
3261
Error
Error
3261
Error
Error
Error
False
3261
4180 6178 3864 7077 67 1275 6424 3746 2516 6582 220 9978 9806 926 3059 3261 1595 6546 3044 6876 8038 9096 8314 2379 5554 641 8630 6097 4399 3983 7883
Error
3261
7883 3983 4399 6097 8630 641 5554 2379 8314 9096 8038 6876 3044 6546 1595 3261 3059 926 9806 9978 220 6582 2516 3746 6424 1275 67 7077 3864 6178 7107
31
31
Error
Error
7883 3983 4399 6097 8630 641 5554 2379 8314 9096 8038 6876 3044 6546 1595 3261 3059 926 9806 9978 220 6582 2516 3746 6424 1275 67 7077 3864 6178
Error
False
32
Error
Error
Error
Error
Error
7883 3983 4399 6097 8630 641 5554 2379 8314 9096 8038 6876 3044 6546 1595 3261 3059 926 9806 9978 220 6582 2516 3746 6424 1275 67 7077 3864 6178 8040
3261
Error
Error
926
Error
Error
Error
28
False
Error
False
27
926
Error
Error
False
Error
Error
27
27
Error
Error
Error
8040 6178 3864 7077 67 1275 6424 3746 2516 6582 220 9978 9806 926 3059 3261 1595 6546 3044 6876 8038 9096 8314 2379 5554 641 8630
Error
False
Error
28
Error
Error
False
Error
Error
False
Error
Error
10000 8630 641 5554 2379 8314 9096 8038 6876 3044 6546 1595 3261 3059 926 9806 9978 220 6582 2516 3746 6424 1275 67 3864 6178 1272
3059
3059
Error
926
False
Error
False
926
Error
Error
Error
False
Error
Error
False
Error
33
Error
Error
False
36
False
10 3050 1272 6178 3864 67 1275 6424 3746 2516 6582 220 9978 9806 926 3059 3261 1595 6546 3044 6876 8038 9096 8314 2379 5554 641 8630 4835 4310 2798 2707 532 2716 4800 266
Error
10 3050 1272 6178 3864 67 1275 6424 3746 2516 6582 220 9978 9806 926 3059 3261 1595 6546 3044 6876 8038 9096 8314 2379 5554 641 8630 4835 4310 2798 2707 532 2716 4800 266
10 3050 1272 6178 3864 67 1275 6424 3746 2516 6582 220 9978 9806 926 3059 3261 1595 6546 3044 6876 8038 9096 8314 2379 5554 641 8630 4835 4310 2798 2707 532 2716 4800 266 4105 6799
39
Error
Error
Error
Error
3261
Error
Error
Error
39
3059
6815 1215 2716 532 2707 2798 4310 4835 8630 641 5554 2379 8314 9096 8038 6876 3044 6546 1595 3261 3059 926 9806 9978 220 6582 2516 3746 6424 1275 6735 67 3864 6178 1272 3050 10 4093 8749
False
Error
1595
36
Error
Error
Error
Error
Error
6546
Error
Error
6546
Error
1595
Error
False
532 2707 2798 4310 4835 8630 641 5554 2379 8314 9096 8038 6876 3044 6546 1595 3261 3059 926 9806 9978 220 6582 2516 3746 6424 1275 8724 6735 67 3864 6178 4036 4830
Error
Error
False
3059
Error
False
532 2707 2798 4310 4835 8630 641 5554 2379 8314 9096 8038 6876 3044 6546 1595 3261 3059 926 9806 9978 220 6582 2516 3746 6424 1275 8724 6735 67 3864 6178 4036 4830 9243 9147
Error
532 2707 2798 4310 4835 8630 641 5554 2379 8314 9096 8038 6876 3044 6546 1595 3261 3059 926 9806 9978 220 6582 2516 3746 6424 1275 8724 6735 67 3864 6178 4036 4830 9243 9147 1679
False
False
Error
36
Error
532 2707 2798 4310 4835 8630 641 5554 2379 8314 9096 8038 6876 3044 6546 1595 3261 3059 926 9806 9978 220 6582 2516 3746 6424 1275 8724 6735 67 3864 6178 4036 4830 9243 9147 504
Error
False
37
Error
Error
Error
38
Error
Error
5760 9147 9243 4830 4036 6178 3864 67 6735 8724 1275 6424 3746 2516 6582 220 9978 9806 926 3059 3261 1595 6546 3044 6876 8038 9096 8314 2379 5554 641 8630 4835 4310 2798 2707 532 9962
False
37
3059
False
Error
Error
Error
Error
42
Error
Error
Error
Error
False
Error
43
Error
5468 1971 9446 9147 9243 4830 4036 6178 3864 67 6735 8724 1275 6424 3746 2516 6582 220 9978 9806 926 3059 3261 1595 6546 3044 6876 8038 9096 8314 2379 5554 641 8630 4835 4310 2798 2707 532 2659 4451
Error
False
Error
9806
Error
False
Error
Error
39
38
Error
9978
5468 1971 9446 9147 9243 4830 4036 6178 3864 67 6735 8724 1275 6424 3746 2516 6582 220 9978 9806 926 3059 3261 1595 6546 3044 6876 8038 9096 8314 2379 5554 641 8630 4835 4310 2798 2707
Error
Error
False
5468 1971 9446 9147 9243 4830 4036 6178 3864 67 6735 8724 1275 6424 3746 2516 6582 220 9978 9806 926 3059 3261 1595 6546 3044 6876 8038 9096 8314 2379 5554 641 8630 4835 4310 2798 7072
Error
39
9806
Error
40
Error
5468 1971 9446 9147 9243 4830 4036 6178 3864 67 6735 8724 1275 6424 3746 2516 6582 220 9978 9806 926 3059 3261 1595 6546 3044 6876 8038 9096 8314 2379 5554 641 8630 4835 4310 2798 7072 4149
Error
5468 1971 9446 9147 9243 4830 4036 6178 3864 67 6735 8724 1275 6424 3746 2516 6582 220 9978 9806 926 3059 3261 1595 6546 3044 6876 8038 9096 8314 2379 5554 641 8630 4835 4310 2798 7072
9806
37
Error
Error
37
37
Error
False
37
Error
Error
7072 2798 4310 4835 8630 641 5554 2379 8314 9096 8038 6876 3044 6546 1595 3261 3059 926 9806 9978 220 6582 2516 3746 6424 1275 8724 6735 67 3864 6178 4036 4830 9243 9147 9446 5276
False
Error
Error
7072 2798 4310 4835 8630 641 5554 2379 8314 9096 8038 6876 3044 6546 1595 3261 3059 926 9806 9978 220 6582 2516 3746 6424 1275 8724 6735 67 3864 6178 4036 4830 9243 9147 9446 5276 2046
Error
Error
Error
9978
Error
Error
Error
Error
Error
7072 2798 4310 4835 8630 641 5554 2379 8314 9096 8038 6876 3044 6546 1595 3261 3059 926 9806 9978 220 6582 2516 3746 6424 1275 8724 6735 67 3864 6178 4036 4830 9243 9147 9446 5276 1378
False
40
Error
Error
7072 2798 4310 4835 8630 641 5554 2379 8314 9096 8038 6876 3044 6546 1595 3261 3059 926 9806 9978 220 6582 2516 3746 6424 1275 8724 6735 67 3864 6178 4036 4830 9243 9147 9446 5276 1378 5237
Error
False
9438 1378 5276 9446 9147 9243 4830 4036 6178 3864 67 6735 8724 1275 6424 3746 2516 6582 220 9978 9806 926 3059 3261 1595 6546 3044 6876 8038 9096 8314 2379 5554 641 8630 4835 4310 2798 7072
39
False
Error
Error
Error
Error
Error
Error
False
42
False
Error
Error
Error
926
False
9806
9438 1378 5276 9446 9147 9243 4830 4036 6178 3864 67 6735 8724 1275 6424 3746 2516 6582 220 9978 9806 926 3059 3261 1595 6546 3044 6876 8038 9096 8314 2379 5554 641 8630 4835 4310 2798 7072 615 6343 2009
Error
9806
9806
9438 1378 5276 9446 9147 9243 4830 4036 6178 3864 67 6735 8724 1275 6424 3746 2516 6582 220 9978 9806 926 3059 3261 1595 6546 3044 6876 8038 9096 8314 2379 5554 641 8630 4835 4310 2798 7072 615 6343 2076 983
Error
Error
42
Error
Error
42
False
42
9806
42
Error
9806
42
926
926
False
45
9438 1378 5276 9446 9147 9243 4830 4036 6178 3864 67 6735 8724 1275 6424 3746 2516 6582 220 9978 9806 926 3059 3261 1595 6546 3044 6876 8038 9096 8314 2379 5554 641 8630 4835 4310 2798 7072 615 6343 4053 7087 1449 741
9438 1378 5276 9446 9147 9243 4830 4036 6178 3864 67 6735 8724 1275 6424 3746 2516 6582 220 9978 9806 926 3059 3261 1595 6546 3044 6876 8038 9096 8314 2379 5554 641 8630 4835 4310 2798 7072 615 6343 4053 7087 1449 741 3078
Error
3059
Error
Error
Error
4773 9438 1378 5276 9446 9147 9243 4830 4036 6178 3864 67 6735 8724 1275 6424 3746 2516 6582 220 9978 9806 926 3059 3261 1595 6546 3044 6876 8038 9096 8314 2379 5554 641 8630 4835 4310 2798 7072 615 6343 4053 7087 1449 741 3078 3814 9771 7276
Error
50
Error
False
Error
Error
Error
3261
Error
3261
Error
Error
Error
47
6546
Error
Error
False
False
Error
Error
6546
5276 9446 9147 9243 4830 4036 6178 3864 67 6735 8724 1275 6424 3746 2516 6582 220 9978 9806 926 3059 3261 1595 6546 3044 6876 8038 9096 8314 2379 5554 641 8630 4835 4310 2798 7072 615 6343 4053 7087 1449 741 3078 3814 9771 5098
47
5276 9446 9147 9243 4830 4036 6178 3864 67 6735 8724 1275 6424 3746 2516 6582 220 9978 9806 926 3059 3261 1595 6546 3044 6876 8038 9096 8314 2379 5554 641 8630 4835 4310 2798 7072 615 6343 4053 7087 1449 741 3078 3814 9771 5098
47
Error
False
1595
Error
46
1595
6149 9446 9147 9243 4830 4036 6178 3864 67 6735 8724 1275 6424 3746 2516 6582 220 9978 9806 926 3059 3261 1595 6546 3044 6876 8038 9096 8314 2379 5554 641 8630 4835 4310 2798 7072 615 6343 4053 7087 1449 741 3078 3814 1798
Error
48
6149 9446 9147 9243 4830 4036 6178 3864 67 6735 8724 1275 6424 3746 2516 6582 220 9978 9806 926 3059 3261 1595 6546 3044 6876 8038 9096 8314 2379 5554 641 8630 4835 4310 2798 7072 615 6343 4053 7087 1449 741 3078 3814 1798 6367 1986
Error
Error
47
Error
Error
6149 9446 9147 9243 4830 4036 6178 3864 67 6735 8724 1275 6424 3746 2516 6582 220 9978 9806 926 3059 3261 1595 6546 3044 6876 8038 9096 8314 2379 5554 641 8630 4835 4310 2798 7072 615 6343 4053 7087 1449 741 3078 3814 1798
Error
Error
Error
6546
Error
Error
3261
45
Error
6149 9446 9147 9243 4830 4036 6178 3864 67 6735 8724 1275 6424 3746 2516 6582 220 9978 9806 926 3059 3261 1595 6546 3044 6876 8038 9096 8314 2379 5554 641 8630 4835 4310 2798 7072 615 6343 4053 7087 1449 741 3078 4249 2374
False
False
Error
6149 9446 9147 9243 4830 4036 6178 3864 67 6735 8724 1275 6424 3746 2516 6582 220 9978 9806 926 3059 3261 1595 6546 3044 6876 8038 9096 8314 2379 5554 641 8630 4835 4310 2798 7072 615 6343 4053 7087 1449 741 3078 4249 2374 4438
Error
6149 9446 9147 9243 4830 4036 6178 3864 67 6735 8724 1275 6424 3746 2516 6582 220 9978 9806 926 3059 3261 1595 6546 3044 6876 8038 9096 8314 2379 5554 641 8630 4835 4310 2798 7072 615 6343 4053 7087 1449 741 3078 4249
False
False
Error
Error
Error
Error
Error
48
False
Error
Error
Error
Error
Error
3261
Error
Error
False
7292 3078 741 1449 7087 4053 6343 615 7072 2798 4310 4835 8630 641 5554 2379 8314 9096 8038 6876 3044 6546 1595 3261 3059 926 9806 9978 220 6582 2516 3746 6424 1275 8724 6735 67 3864 6178 4036 4830 9243 9147 9446 6149 7773 9613
Error
False
3059
False
Error
Error
Error
Error
3059
3059
50
False
Error
Error
8541 9613 7773 6149 9446 9147 9243 4830 4036 6178 3864 67 6735 8724 1275 6424 3746 2516 6582 220 9978 9806 926 3059 3261 1595 6546 3044 6876 8038 9096 8314 2379 5554 641 8630 4835 4310 2798 7072 615 6343 4053 7087 1449 741 3078 7292 5436
Error
Error
3261
False
Error
49
False
48
Error
47
3059
False
3059
48
48
623 3078 741 1449 7087 4053 6343 615 7072 2798 4310 4835 8630 641 5554 2379 8314 9096 8038 6876 3044 6546 1595 3261 3059 926 9806 9978 220 6582 2516 3746 6424 1275 8724 6735 67 3864 6178 4036 4830 9243 9147 9446 6149 7773 9613 2832
Error
49
Error
False
3059
False
926
Error
False
Error
Error
50
Error
Error
Error
Error
3894 9142 2832 9613 7773 6149 9446 9147 9243 4830 4036 6178 3864 67 6735 8724 1275 6424 3746 2516 6582 220 9978 9806 926 3059 3261 1595 6546 3044 6876 8038 9096 8314 2379 5554 641 8630 4835 4310 2798 7072 615 6343 4053 7087 1449 741 3078 4521 2485 607
Error
False
1595
1595
Error
Error
4768 607 2485 4521 3078 741 1449 7087 4053 6343 615 7072 2798 4310 4835 8630 641 5554 2379 8314 9096 8038 6876 3044 6546 1595 3261 3059 926 9806 9978 220 6582 2516 3746 6424 1275 8724 6735 67 3864 6178 4036 4830 9243 9147 9446 6149 7773 9613
4768 607 2485 4521 3078 741 1449 7087 4053 6343 615 7072 2798 4310 4835 8630 641 5554 2379 8314 9096 8038 6876 3044 6546 1595 3261 3059 926 9806 9978 220 6582 2516 3746 6424 1275 8724 6735 67 3864 6178 4036 4830 9243 9147 9446 6149 7773 9613 1876
4768 607 2485 4521 3078 741 1449 7087 4053 6343 615 7072 2798 4310 4835 8630 641 5554 2379 8314 9096 8038 6876 3044 6546 1595 3261 3059 926 9806 9978 220 6582 2516 3746 6424 1275 8724 6735 67 3864 6178 4036 4830 9243 9147 9446 6149 7773 9613 594
4768 607 2485 4521 3078 741 1449 7087 4053 6343 615 7072 2798 4310 4835 8630 641 5554 2379 8314 9096 8038 6876 3044 6546 1595 3261 3059 926 9806 9978 220 6582 2516 3746 6424 1275 8724 6735 67 3864 6178 4036 4830 9243 9147 9446 6149 7773 9613 594
1595
Error
Error
594 9613 7773 6149 9446 9147 9243 4830 4036 6178 3864 67 6735 8724 1275 6424 3746 2516 6582 220 9978 9806 926 3059 3261 1595 6546 3044 6876 8038 9096 8314 2379 5554 641 8630 4835 4310 2798 7072 615 6343 4053 7087 1449 741 3078 4521 2485 607
Error
50
52
52
52
Error
1595
Error
Error
False
Error
51
Error
False
Error
9613 7773 6149 9446 9147 9243 4830 4036 6178 3864 67 6735 8724 1275 6424 3746 2516 6582 220 9978 9806 926 3059 3261 1595 6546 3044 6876 8038 9096 8314 2379 5554 641 8630 4835 4310 2798 7072 615 6343 4053 7087 1449 741 3078 4521 2485 6743 6550 4556 6905
52
52
Error
Error
54
54
False
Error
3044
Error
Error
53
3044
False
Error
3044
Error
Error
Error
55
Error
54
Error
6546
9436 7773 6149 9446 9147 4072 9243 4830 4036 6178 3864 67 6735 8724 1275 6424 3746 2516 6582 220 9978 9806 926 3059 3261 1595 6546 3044 6876 8038 9096 8314 2379 5554 641 8630 4835 4310 2798 7072 615 6343 4053 7087 1449 741 3078 4521 2485 6743 6550 4556 6905 3969 7227
Error
Error
Error
9436 7773 6149 9446 9147 4072 9243 4830 4036 6178 3864 67 6735 8724 1275 6424 3746 2516 6582 220 9978 9806 926 3059 3261 1595 6546 3044 6876 8038 9096 8314 2379 5554 641 8630 4835 4310 2798 7072 615 6343 4053 7087 1449 741 3078 4521 2485 6743 6550 4556 6905 3969 7227 9091 6774
Error
False
Error
6876
Error
False
Error
Error
58
6876
Error
Error
8038
8038
False
Error
6876
False
Error
3805 7498 9091 7227 3969 6905 4556 6550 6743 2485 4521 3078 741 1449 7087 4053 6343 615 7072 2798 4310 4835 8630 641 5554 2379 8314 9096 8038 6876 3044 6546 1595 3261 3059 926 9806 9978 220 6582 2516 3746 6424 1275 8724 6735 67 3864 6178 4036 4830 9243 4072 9147 9446 6149 7773 9436
57
Error
56
3805 7498 9091 7227 3969 6905 4556 6550 6743 2485 4521 3078 741 1449 7087 4053 6343 615 7072 2798 4310 4835 8630 641 5554 2379 8314 9096 8038 6876 3044 6546 1595 3261 3059 926 9806 9978 220 6582 2516 3746 6424 1275 8724 6735 67 3864 6178 4036 4830 9243 4072 9147 9446 6149 9708
Error
54
False
3805 7498 9091 7227 3969 6905 4556 6550 6743 2485 4521 3078 741 1449 7087 4053 6343 615 7072 2798 4310 4835 8630 641 5554 2379 8314 9096 8038 6876 3044 6546 1595 3261 3059 926 9806 9978 220 6582 2516 3746 6424 1275 8724 6735 67 3864 6178 4036 4830 9243 4072 9147
2379
False
2379
Error
Error
False
54
Error
Error
56
56
56
False
Error
8314
False
Error
False
Error
9096
Error
False
2379
Error
Error
Error
9096
False
Error
64
Error
9096
Error
7218 2906 9516 1209 7448 7300 1295 9243 4830 4036 6178 3864 67 6735 8724 1275 6424 3746 2516 6582 220 9978 9806 926 3059 3261 1595 6546 3044 6876 8038 9096 8314 2379 5554 641 8630 4835 4310 2798 7072 615 6343 4053 7087 1449 741 3078 4521 2485 6743 6550 4556 6905 3969 7227 9091 7498 5045 111 141 2721 3066
63
False
6489 3066 2721 141 111 5045 7498 9091 7227 3969 6905 4556 6550 6743 2485 4521 3078 741 1449 7087 4053 6343 615 7072 2798 4310 4835 8630 641 5554 2379 8314 9096 8038 6876 3044 6546 1595 3261 3059 926 9806 9978 220 6582 2516 3746 6424 1275 8724 6735 67 3864 6178 4036 4830 9243 1295 7300 7448 1209 9516 2906 7218
Error
Error
False
Error
7253 6970 5769 4430 6489 3066 2721 141 111 5045 7498 9091 7227 3969 6905 4556 6550 6743 2485 4521 3078 741 1449 7087 4053 6343 615 7072 2798 4310 4835 8630 641 5554 2379 8314 9096 8038 6876 3044 6546 1595 3261 3059 926 9806 9978 220 6582 2516 3746 6424 1275 8724 6735 67 3864 6178 4036 4830 9243 1295 7300 7448 1209 9516 2906 7218 6672 7902
2379
Error
Error
False
Error
4159 1670 7902 6672 7218 2906 9516 1209 7448 7300 1295 9243 4830 4036 6178 3864 67 6735 8724 1275 6424 3746 2516 6582 220 9978 9806 926 3059 3261 1595 6546 3044 6876 8038 9096 8314 2379 5554 641 8630 4835 4310 2798 7072 615 6343 4053 7087 1449 741 3078 4521 2485 6743 6550 4556 6905 3969 7227 9091 7498 5045 111 141 2721 3066 6489 4430 5769 6970 7253
Error
Error
Error
9096
4159 1670 7902 6672 7218 2906 9516 1209 7448 7300 1295 9243 4830 4036 6178 3864 67 6735 8724 1275 6424 3746 2516 6582 220 9978 9806 926 3059 3261 1595 6546 3044 6876 8038 9096 8314 2379 5554 641 8630 4835 4310 2798 7072 615 6343 4053 7087 1449 741 3078 4521 2485 6743 6550 4556 6905 3969 7227 9091 7498 5045 111 141 2721 3066 6489 4430 5769 6970 4453
73
Error
False
9096
8314
Error
Error
Error
4159 1670 7902 6672 7218 2906 9516 1209 7448 7300 1295 9243 4830 4036 6178 3864 67 6735 8724 1275 6424 3746 2516 6582 220 9978 9806 926 3059 3261 1595 6546 3044 6876 8038 9096 8314 2379 5554 641 8630 4835 4310 2798 7072 615 6343 4053 7087 1449 741 3078 4521 2485 6743 6550 4556 6905 3969 7227 9091 7498 5045 111 141 2721 3066 6489 4430 5769 6970
Error
4159 1670 7902 6672 7218 2906 9516 1209 7448 7300 1295 9243 4830 4036 6178 3864 67 6735 8724 1275 6424 3746 2516 6582 220 9978 9806 926 3059 3261 1595 6546 3044 6876 8038 9096 8314 2379 5554 641 8630 4835 4310 2798 7072 615 6343 4053 7087 1449 741 3078 4521 2485 6743 6550 4556 6905 3969 7227 9091 7498 5045 111 141 2721 3066 6489 4430 5769 6970 6131
9096
False
Error
Error
4159 1670 7902 6672 7218 2906 9516 1209 7448 7300 1295 9243 4830 4036 6178 3864 67 6735 8724 1275 6424 3746 2516 6582 220 9978 9806 926 3059 3261 1595 6546 3044 6876 8038 9096 8314 2379 5554 641 8630 4835 4310 2798 7072 615 6343 4053 7087 1449 741 3078 4521 2485 6743 6550 4556 6905 3969 7227 9091 7498 5045 111 141 2721 3066 6489 4430 5769
Error
False
Error
71
False
Error
Error
2379
Error
Error
75
4159 1670 7902 6672 7218 2906 9516 1209 7448 7300 1295 9243 4830 4036 6178 3864 67 6735 8724 1275 6424 3746 2516 6582 220 9978 9806 926 3059 3261 1595 6546 3044 6876 8038 9096 8314 2379 5554 641 8630 4835 4310 2798 7072 615 6343 4053 7087 1449 741 3078 4521 2485 6743 6550 4556 6905 3969 7227 9091 7498 5045 111 141 2721 3066 6489 4430 8118 1345 3776 3082 1143 5125
Error
Error
Error
8314
8314
75
False
1335 1143 3082 3776 1345 8118 4430 6489 3066 2721 141 111 5045 7498 9091 7227 3969 6905 4556 6550 6743 2485 4521 3078 741 1449 7087 4053 6343 615 7072 2798 4310 4835 8630 641 5554 2379 8314 9096 8038 6876 3044 6546 1595 3261 3059 926 9806 9978 220 6582 2516 3746 6424 1275 8724 6735 67 3864 6178 4036 4830 9243 1295 7300 7448 1209 9516 2906 7218 6672 7902 1670 4159 1321
Error
Error
1335 1143 3082 3776 1345 8118 4430 6489 3066 2721 141 111 5045 7498 9091 7227 3969 6905 4556 6550 6743 2485 4521 3078 741 1449 7087 4053 6343 615 7072 2798 4310 4835 8630 641 5554 2379 8314 9096 8038 6876 3044 6546 1595 3261 3059 926 9806 9978 220 6582 2516 3746 6424 1275 8724 6735 67 3864 6178 4036 4830 9243 1295 7300 7448 1209 9516 2906 7218 6672 7902 1670 4159 1321
Error
Error
8314
Error
Error
Error
Error
7194 5508 4159 1670 7902 6672 7218 2906 9516 1209 7448 7300 1295 9243 4830 4036 6178 3864 67 6735 8724 1275 6424 3746 2516 6582 220 9978 9806 926 3059 3261 1595 6546 3044 6876 8038 9096 8314 2379 5554 641 8630 4835 4310 2798 7072 615 6343 4053 7087 1449 741 3078 4521 2485 6743 6550 4556 6905 3969 7227 9091 7498 5045 111 141 2721 3066 6489 4430 8118 1345 3776 3082 1143 1335
8314
Error
Error
8314
77
7194 5508 4159 1670 7902 6672 7218 2906 9516 1209 7448 7300 1295 9243 4830 4036 6178 3864 67 6735 8724 1275 6424 3746 2516 6582 220 9978 9806 926 3059 3261 1595 6546 3044 6876 8038 9096 8314 2379 5554 641 8630 4835 4310 2798 7072 615 6343 4053 7087 1449 741 3078 4521 2485 6743 6550 4556 6905 3969 7227 9091 7498 5045 111 141 2721 3066 6489 4430 8118 1345 3776 3082 1143 2790
Error
False
Error
Error
1143 3082 3776 1345 8118 4430 6489 3066 2721 141 111 5045 7498 9091 7227 3969 6905 4556 6550 6743 2485 4521 3078 741 1449 7087 4053 6343 615 7072 2798 4310 4835 8630 641 5554 2379 8314 9096 8038 6876 3044 6546 1595 3261 3059 926 9806 9978 220 6582 2516 3746 6424 1275 8724 6735 67 3864 6178 4036 4830 9243 1295 7300 7448 1209 9516 2906 7218 6672 7902 1670 4159 5508 7194
76
Error
1143 3082 3776 1345 8118 4430 6489 3066 2721 141 111 5045 7498 9091 7227 3969 6905 4556 6550 6743 2485 4521 3078 741 1449 7087 4053 6343 615 7072 2798 4310 4835 8630 641 5554 2379 8314 9096 8038 6876 3044 6546 1595 3261 3059 926 9806 9978 220 6582 2516 3746 6424 1275 8724 6735 67 3864 6178 4036 4830 9243 1295 7300 7448 1209 9516 2906 7218 6672 7902 1670 4159 5508 7194
76
Error
Error
Error
75
False
Error
Error
74
8314
8314
8314
8314
Error
Error
Error
Error
Error
Error
Error
Error
Error
8314
Error
Error
False
Error
Error
Error
2379
Error
Error
77
Error
False
False
Error
Error
2379
7902 6672 7218 2906 9516 1209 7448 7300 1295 9243 4830 4036 6178 3864 67 6735 8724 1275 6424 3746 2516 6582 220 9978 9806 926 3059 3261 1595 6546 3044 6876 8038 9096 8314 2379 5554 641 8630 4835 4310 2798 7072 615 6343 4053 7221 7087 1449 741 3078 4521 2485 6743 6550 4556 6905 3969 7227 9091 7498 5045 111 141 2721 3066 6489 4430 8118 1345 3776
Error
72
Error
71
Error
Error
Error
False
Error
1783 3776 1345 8118 4430 6489 3066 2721 141 111 5045 7498 9091 7227 3969 6905 4556 6550 6743 2485 4521 3078 741 1449 7087 7221 4053 6343 615 7072 2798 4310 4835 8630 641 5554 2379 8314 9096 8038 6876 3044 6546 1595 3261 3059 926 9806 9978 220 6582 2516 3746 6424 1275 8724 6735 67 3864 6178 4036 4830 9243 1295 7300 7448 1209
4835
Error
67
Error
Error
Error
Error
Error
Error
64
Error
Error
Error
Error
Error
Error
Error
Error
Error
False
Error
Error
Error
False
Error
641
Error
False
Error
1295 9243 4830 4036 6178 3864 67 6735 8724 1275 6424 3746 2516 6582 220 9978 9806 926 3059 3261 1595 6546 3044 6876 8038 9096 8314 2379 5554 641 8630 4835 4310 2798 7072 615 6343 4053 7221 7087 1449 741 3078 4521 2485 6743 6550 4556 6905 3969 7227 9091 7498 5045 111 141 2721 3066
Error
False
False
Error
Error
5554
Error
False
Error
Error
9243 4830 4036 6178 3864 67 6735 8724 1275 6424 3746 2516 6582 220 9978 9806 926 3059 3261 1595 6546 3044 6876 8038 9096 8314 2379 5554 641 8630 4835 4310 2798 7072 615 6343 4053 7221 7087 1449 741 3078 4521 2485 6743 6550 4556 6905 3969 7227 9091 7498 5045 111 141 2721
Error
Error
Error
False
Error
2379
Error
Error
Error
Error
Error
9243 4830 4036 6178 3864 67 6735 8724 1275 6424 3746 2516 6582 220 9978 9806 926 3059 3261 1595 6546 3044 6876 8038 9096 8314 2379 5554 641 8630 4835 4310 2798 7072 615 6343 4053 7221 7087 1449 741 3078 4521 2485 6743 6550 4556 6905 3969 7227 9091 7498 5045
9243 4830 4036 6178 3864 67 6735 8724 1275 6424 3746 2516 6582 220 9978 9806 926 3059 3261 1595 6546 3044 6876 8038 9096 8314 2379 5554 641 8630 4835 4310 2798 7072 615 6343 4053 7221 7087 1449 741 3078 4521 2485 6743 6550 4556 6905 3969 7227 9091 7498 5045
False
52
7498 9091 7227 3969 6905 4556 6550 6743 2485 4521 3078 741 1449 7087 7221 4053 6343 615 7072 2798 4310 4835 8630 641 5554 2379 8314 9096 8038 6876 3044 6546 1595 3261 3059 926 9806 9978 220 6582 2516 3746 6424 1275 8724 6735 67 3864 6178 4036 4830 9243
False
False
Error
False
Error
Error
Error
Error
Error
Error
7525 7227 3969 6905 4556 6550 6743 2485 4521 3078 741 1449 7087 7221 4053 6343 615 7072 2798 4310 4835 8630 641 5554 2379 8314 9096 8038 6876 3044 6546 1595 3261 3059 926 9806 9978 220 6582 2516 3746 6424 1275 8724 6735 67 3864 6178 4036 4830 9243 2784
8314
Error
51
Error
Error
52
3941 7525 7227 3969 6905 4556 6550 6743 2485 4521 3078 741 1449 7087 7221 4053 6343 615 7072 2798 4310 4835 8630 641 5554 2379 8314 9096 8038 6876 3044 6546 1595 3261 3059 926 9806 9978 220 6582 2516 3746 6424 1275 8724 6735 67 3864 6178 4036 4830 9243 2571
9096
Error
51
Error
Error
9096
Error
9096
False
52
53
1658 969 7227 3969 6905 4556 6550 6743 2485 4521 3078 741 1449 7087 7221 4053 6343 615 7072 2798 4310 4835 8630 641 5554 2379 8314 9096 8038 6876 3044 6546 1595 3261 3059 926 9806 9978 220 6582 2516 3746 6424 1275 8724 6735 67 3864 6178 4036 4830 9243 5315 7143 3099
Error
False
Error
Error
Error
60
60
1658 969 7227 3969 6905 4556 6550 6743 2485 4521 3078 741 1449 7087 7221 4053 6343 615 7072 2798 4310 4835 8630 641 5554 2379 8314 9096 8038 6876 3044 6546 1595 3261 3059 926 9806 9978 220 6582 2516 3746 6424 1275 8724 6735 67 3864 6178 4036 4830 9243 5315 7143 3099 593 7313 5639 1330 1882
Error
Error
586 9572 1882 1330 5639 7313 593 3099 7143 5315 9243 4830 4036 6178 3864 67 6735 8724 1275 6424 3746 2516 6582 220 9978 9806 926 3059 3261 1595 6546 3044 6876 8038 9096 8314 2379 5554 641 8630 4835 4310 2798 7072 615 6343 4053 7221 7087 1449 741 3078 4521 2485 6743 6550 4556 6905 3969 7227 969 1658
6546
63
Error
Error
62
False
8438 969 7227 3969 6905 4556 6550 6743 2485 4521 3078 741 1449 7087 7221 4053 6343 615 7072 2798 4310 4835 8630 641 5554 2379 8314 9096 8038 6876 3044 6546 1595 3261 3059 926 9806 9978 220 6582 2516 3746 6424 1275 8724 6735 67 3864 6178 4036 4830 9243 5315 7143 3099 593 7313 5639 1330 1882 9572 266 7398
6546
Error
Error
Error
False
Error
False
Error
False
Error
False
Error
Error
Error
Error
Error
63
Error
3650 4333 6905 4556 6550 6743 2485 4521 3078 741 1449 7087 7221 4053 6343 615 7072 2798 4310 4835 8630 641 5554 2379 8314 9096 8038 6876 3044 6546 1595 3261 3059 926 9806 9978 220 6582 2516 3746 6424 1275 8724 6735 67 3864 6178 4036 4830 9243 5315 7143 3099 593 7313 5639 1330 1882 9572 266 7398 7904 7923
Error
3650 4333 6905 4556 6550 6743 2485 4521 3078 741 1449 7087 7221 4053 6343 615 7072 2798 4310 4835 8630 641 5554 2379 8314 9096 8038 6876 3044 6546 1595 3261 3059 926 9806 9978 220 6582 2516 3746 6424 1275 8724 6735 67 3864 6178 4036 4830 9243 5315 7143 3099 593 7313 5639 1330 1882 9572 266 7398 7904
Error
Error
Error
3650 4333 6905 4556 6550 6743 2485 4521 3078 741 1449 7087 7221 4053 6343 615 7072 2798 4310 4835 8630 641 5554 2379 8314 9096 8038 6876 3044 6546 1595 3261 3059 926 9806 9978 220 6582 2516 3746 6424 1275 8724 6735 67 3864 6178 4036 4830 9243 5315 7143 3099 593 7313 5639 1330 1882 9572 266 7398
1595
1595
Error
62
False
Error
Error
False
1595
Error
Error
59
False
Error
Error
Error
3044
False
56
56
6876
False
Error
Error
6876
Error
Error
57
Error
Error
Error
False
False
Error
7313 593 3099 7143 5315 9243 4830 4036 6178 3864 67 6735 8724 1275 6424 3746 2516 6582 220 9978 9806 926 3059 3261 1595 6546 3044 6876 8038 9096 8314 2379 5554 641 8630 4835 4310 2798 7072 615 6343 4053 7221 7087 1449 741 3078 4521 2485 6743 6550 4556 6905 4333 5990 6801 4672 3668 550 4471 7822
7313 593 3099 7143 5315 9243 4830 4036 6178 3864 67 6735 8724 1275 6424 3746 2516 6582 220 9978 9806 926 3059 3261 1595 6546 3044 6876 8038 9096 8314 2379 5554 641 8630 4835 4310 2798 7072 615 6343 4053 7221 7087 1449 741 3078 4521 2485 6743 6550 4556 6905 4333 5990 6801 4672 3668 550 4471 7822 3645 7160
7313 593 3099 7143 5315 9243 4830 4036 6178 3864 67 6735 8724 1275 6424 3746 2516 6582 220 9978 9806 926 3059 3261 1595 6546 3044 6876 8038 9096 8314 2379 5554 641 8630 4835 4310 2798 7072 615 6343 4053 7221 7087 1449 741 3078 4521 2485 6743 6550 4556 6905 4333 5990 6801 4672 3668 550 4471 7822 3645 7160 2134 3328
False
Error
Error
Error
Error
2379
64
Error
Error
Error
64
5720 7313 593 3099 7143 5315 9243 4830 4036 6178 3864 67 6735 8724 1275 6424 3746 2516 6582 220 9978 9806 926 3059 3261 1595 6546 3044 6876 8038 9096 8314 2379 5554 641 8630 4835 4310 2798 7072 615 6343 4053 7221 7087 1449 741 3078 4521 2485 6743 6550 4556 6905 4333 5990 6801 4672 3668 550 4471 7822 3645
63
Error
8314
3645 7822 4471 550 3668 4672 6801 5990 4333 6905 4556 6550 6743 2485 4521 3078 741 1449 7087 7221 4053 6343 615 7072 2798 4310 4835 8630 641 5554 2379 8314 9096 8038 6876 3044 6546 1595 3261 3059 926 9806 9978 220 6582 2516 3746 6424 1275 8724 6735 67 3864 6178 4036 4830 9243 5315 7143 3099 593 7313 5720
Error
63
8314
False
2379
Error
Error
9203 5720 7313 593 3099 7143 5315 9243 4830 4036 6178 3864 67 6735 8724 1275 6424 3746 2516 6582 220 9978 9806 926 3059 3261 1595 6546 3044 6876 8038 9096 8314 2379 5554 641 8630 4835 4310 2798 7072 615 6343 4053 7221 7087 1449 741 3078 4521 2485 6743 6550 4556 6905 4333 5990 6801 4672 3668 550 4471 7822 3645 5294 7413 6747
Error
Error
9203 5720 7313 593 3099 7143 5315 9243 4830 4036 6178 3864 67 6735 8724 1275 6424 3746 2516 6582 220 9978 9806 926 3059 3261 1595 6546 3044 6876 8038 9096 8314 2379 5554 641 8630 4835 4310 2798 7072 615 6343 4053 7221 7087 1449 741 3078 4521 2485 6743 6550 4556 6905 4333 5990 6801 4672 3668 550 4471 7822 3645 5294 7413 6747
Error
Error
9203 5720 7313 593 3099 7143 5315 9243 4830 4036 6178 3864 67 6735 8724 1275 6424 3746 2516 6582 220 9978 9806 926 3059 3261 1595 6546 3044 6876 8038 9096 8314 2379 5554 641 8630 4835 4310 2798 7072 615 6343 4053 7221 7087 1449 741 3078 4521 2485 6743 6550 4556 6905 4333 5990 6801 4672 3668 550 4471 7822 3645 5294 7413 6747
Error
9203 5720 7313 593 3099 7143 5315 9243 4830 4036 6178 3864 67 6735 8724 1275 6424 3746 2516 6582 220 9978 9806 926 3059 3261 1595 6546 3044 6876 8038 9096 8314 2379 5554 641 8630 4835 4310 2798 7072 615 6343 4053 7221 7087 1449 741 3078 4521 2485 6743 6550 4556 6905 4333 5990 6801 4672 3668 550 4471 7822 3645 5294 7413 6747
3101 6747 7413 5294 3645 7822 4471 550 3668 4672 6801 5990 4333 6905 4556 6550 6743 2485 4521 3078 741 1449 7087 7221 4053 6343 615 7072 2798 4310 4835 8630 641 5554 2379 8314 9096 8038 6876 3044 6546 1595 3261 3059 926 9806 9978 220 6582 2516 3746 6424 1275 8724 6735 67 3864 6178 4036 4830 9243 5315 7143 3099 593 7313 5720
65
Error
Error
False
641
Error
641
Error
False
641
641
Error
False
8630
Error
65
65
66
Error
Error
Error
66
Error
5554
3101 6747 7413 5294 3645 7822 4471 550 3668 4672 6801 5990 4333 6905 4556 6550 6743 2485 4521 3078 741 1449 7087 7221 4053 6343 615 7072 2798 4310 4835 8630 641 5554 2379 8314 9096 8038 6876 3044 6546 1595 3261 3059 926 9806 9978 220 6582 2516 3746 6424 1275 8724 6735 67 3864 6178 4036 4830 9243 5315 7143 3099 3412 6152 4826
Error
False
Error
Error
9442 8396 3412 3099 7143 5315 9243 4830 4036 6178 3864 67 6735 8724 1275 6424 3746 2516 6582 220 9978 9806 926 3059 3261 1595 6546 3044 6876 8038 9096 8314 2379 5554 641 8630 4835 4310 2798 7072 615 6343 4053 7221 7087 1449 741 3078 4521 2485 6743 6550 4556 6905 4333 5990 6801 4672 3668 550 4471 7822 3645 5294 7413 6747 3101
Error
False
Error
5554
Error
Error
68
2379
Error
Error
67
Error
Error
False
False
False
6747 7413 5294 3645 7822 4471 550 3668 4672 6801 5990 4333 6905 4556 6550 6743 2485 4521 3078 741 1449 7087 7221 4053 6343 615 7072 2798 4310 4835 8630 641 5554 2379 8314 9096 8038 6876 3044 6546 1595 3261 3059 926 9806 9978 220 6582 2516 3746 6424 1275 8724 6735 67 3864 6178 4036 4830 9243 5315 7143 3099 3412 8396 9442 6771 3852
Error
71
2379
Error
6747 7413 5294 3645 7822 4471 550 3668 4672 6801 5990 4333 6905 4556 6550 6743 2485 4521 3078 741 1449 7087 7221 4053 6343 615 7072 2798 4310 4835 8630 641 5554 2379 8314 9096 8038 6876 3044 6546 1595 3261 3059 926 9806 9978 220 6582 2516 3746 6424 1275 8724 6735 67 3864 6178 4036 4830 9243 5315 7143 3099 3412 8396 9442 6771
6747 7413 5294 3645 7822 4471 550 3668 4672 6801 5990 4333 6905 4556 6550 6743 2485 4521 3078 741 1449 7087 7221 4053 6343 615 7072 2798 4310 4835 8630 641 5554 2379 8314 9096 8038 6876 3044 6546 1595 3261 3059 926 9806 9978 220 6582 2516 3746 6424 1275 8724 6735 67 3864 6178 4036 4830 9243 5315 7143 3099 3412 8396 9442 6771
Error
2379
5554
Error
67
2379
67
2379
Error
Error
Error
False
69
69
False
2379
Error
Error
Error
Error
Error
Error
Error
6747 7413 5294 3645 7822 4471 550 3668 4672 6801 5990 4333 6905 4556 6550 6743 2485 4521 3078 741 1449 7087 7221 4053 6343 615 7072 2798 4310 4835 8630 641 5554 6264 2379 8314 9096 8038 6876 3044 6546 1595 3261 3059 926 9806 9978 220 6582 2516 3746 6424 1275 8724 6735 67 3864 6178 4036 4830 9243 5315 7143 3099 3412 8396 9442 7297 2606
70
6747 7413 5294 3645 7822 4471 550 3668 4672 6801 5990 4333 6905 4556 6550 6743 2485 4521 3078 741 1449 7087 7221 4053 6343 615 7072 2798 4310 4835 8630 641 5554 6264 2379 8314 9096 8038 6876 3044 6546 1595 3261 3059 926 9806 9978 220 6582 2516 3746 6424 1275 8724 6735 67 3864 6178 4036 4830 9243 5315 7143 3099 3412 8396 9442 7297 2606 4492 2398
6747 7413 5294 3645 7822 4471 550 3668 4672 6801 5990 4333 6905 4556 6550 6743 2485 4521 3078 741 1449 7087 7221 4053 6343 615 7072 2798 4310 4835 8630 641 5554 6264 2379 8314 9096 8038 6876 3044 6546 1595 3261 3059 926 9806 9978 220 6582 2516 3746 6424 1275 8724 6735 67 3864 6178 4036 4830 9243 5315 7143 3099 3412 8396 9442 7297 2606 4492 2398
6747 7413 5294 3645 7822 4471 550 3668 4672 6801 5990 4333 6905 4556 6550 6743 2485 4521 3078 741 1449 7087 7221 4053 6343 615 7072 2798 4310 4835 8630 641 5554 6264 2379 8314 9096 8038 6876 3044 6546 1595 3261 3059 926 9806 9978 220 6582 2516 3746 6424 1275 8724 6735 67 3864 6178 4036 4830 9243 5315 7143 3099 3412 8396 9442 7297 2606 4492 2398
Error
70
False
Error
4492 2606 7297 9442 8396 3412 3099 7143 5315 9243 4830 4036 6178 3864 67 6735 8724 1275 6424 3746 2516 6582 220 9978 9806 926 3059 3261 1595 6546 3044 6876 8038 9096 8314 2379 6264 5554 641 8630 4835 4310 2798 7072 615 6343 4053 7221 7087 1449 741 3078 4521 2485 6743 6550 4556 6905 4333 5990 6801 4672 3668 550 4471 7822 3645 5294 7413 6747
8314
Error
8314
Error
Error
Error
6747 7413 5294 3645 7822 4471 550 3668 4672 6801 5990 4333 6905 4556 6550 6743 2485 4521 3078 741 1449 7087 7221 4053 6343 615 7072 2798 4310 4835 8630 641 5554 6264 2379 8314 9096 8038 6876 3044 6546 1595 3261 3059 926 9806 9978 220 6582 2516 3746 6424 1275 8724 6735 67 3864 6178 4036 4830 9243 5315 7143 3099 3412 8396 9442 7297 2606 4492 5177
Error
71
8314
Error
8314
Error
Error
Error
8314
71
Error
9096
70
Error
Error
711 4492 2606 7297 9442 8396 3412 3099 7143 5315 9243 4830 4036 6178 3864 67 6735 8724 1275 6424 3746 2516 6582 220 9978 9806 926 3059 3261 1595 6546 3044 6876 8038 9096 8314 2379 6264 5554 641 8630 4835 4310 2798 7072 615 6343 4053 7221 7087 1449 741 3078 4521 2485 6743 6550 4556 6905 4333 5990 6801 4672 3668 550 4471 7822 3645 5294 7413 9596
8314
Error
Error
8314
8314
8314
711 4492 2606 7297 9442 8396 3412 3099 7143 5315 9243 4830 4036 6178 3864 67 6735 8724 1275 6424 3746 2516 6582 220 9978 9806 926 3059 3261 1595 6546 3044 6876 8038 9096 8314 2379 6264 5554 641 8630 4835 4310 2798 7072 615 6343 4053 7221 7087 1449 741 3078 4521 2485 6743 6550 4556 6905 4333 5990 6801 4672 3668 550 4471 7822 3645 5294 7413 9596 3732 2021
Error
False
Error
3689 8268 4218 3732 9596 7413 5294 3645 7822 4471 550 3668 4672 6801 5990 4333 6905 4556 6550 6743 2485 4521 3078 741 1449 7087 7221 4053 6343 615 7072 2798 4310 4835 8630 641 5554 6264 2379 8314 9096 8038 6876 3044 6546 1595 3261 3059 926 9806 9978 220 6582 2516 3746 6424 1275 8724 6735 67 3864 6178 4036 4830 9243 5315 7143 3099 3412 8396 9442 7297 2606 4492
Error
Error
Error
Error
3689 8268 4218 3732 9596 7413 5294 3645 7822 4471 550 3668 4672 6801 5990 4333 6905 4556 6550 6743 2485 4521 3078 741 1449 7087 7221 4053 6343 615 7072 2798 4310 4835 8630 641 5554 6264 2379 8314 9096 8038 6876 3044 6546 1595 3261 3059 926 9806 9978 220 6582 2516 3746 6424 1275 8724 6735 67 3864 6178 4036 4830 9243 5315 7143 3099 3412 8396 9442 7297 2606 2574 5458 1462
Error
Error
Error
Error
Error
Error
False
75
3689 8268 4218 3732 9596 7413 5294 3645 7822 4471 550 3668 4672 6801 5990 4333 6905 4556 6550 6743 2485 4521 3078 741 1449 7087 7221 4053 6343 615 7072 2798 4310 4835 8630 641 5554 6264 2379 8314 9096 8038 6876 3044 6546 1595 3261 3059 926 9806 9978 220 6582 2516 3746 6424 1275 8724 6735 67 3864 6178 4036 4830 9243 5315 7143 3099 3412 8396 9442 7297 2606 2574 5458
Error
Error
3689 8268 4218 3732 9596 7413 5294 3645 7822 4471 550 3668 4672 6801 5990 4333 6905 4556 6550 6743 2485 4521 3078 741 1449 7087 7221 4053 6343 615 7072 2798 4310 4835 8630 641 5554 6264 2379 8314 9096 8038 6876 3044 6546 1595 3261 3059 926 9806 9978 220 6582 2516 3746 6424 1275 8724 6735 67 3864 6178 4036 4830 9243 5315 7143 3099 3412 8396 9442 7297 2606 2574 5458
False
Error
6264
Error
Error
False
Error
Error
Error
3689 8268 4218 3732 9596 7413 5294 3645 7822 4471 550 3668 4672 6801 5990 4333 6905 4556 6550 6743 2485 4521 3078 741 1449 7087 7221 4053 6343 615 7072 2798 4310 4835 8630 641 5554 6264 2379 8314 9096 8038 6876 3044 6546 1595 3261 3059 926 9806 9978 220 6582 2516 3746 6424 1275 8724 6735 67 3864 6178 4036 4830 9243 5315 7143 3099 3412 8396 9442 7297 2606 2574
3689 8268 4218 3732 9596 7413 5294 3645 7822 4471 550 3668 4672 6801 5990 4333 6905 4556 6550 6743 2485 4521 3078 741 1449 7087 7221 4053 6343 615 7072 2798 4310 4835 8630 641 5554 6264 2379 8314 9096 8038 6876 3044 6546 1595 3261 3059 926 9806 9978 220 6582 2516 3746 6424 1275 8724 6735 67 3864 6178 4036 4830 9243 5315 7143 3099 3412 8396 9442 7297 2606 2574
False
641
Error
Error
Error
Error
Error
Error
Error
Error
Error
7297 9442 8396 3412 3099 7143 5315 9243 4830 4036 6178 3864 67 6735 8724 1275 6424 3746 2516 6582 220 9978 9806 926 3059 3261 1595 6546 3044 6876 8038 9096 8314 2379 6264 5554 641 8630 4835 4310 2798 7072 615 6343 4053 7221 7087 1449 741 3078 4521 2485 6743 6550 4556 6905 4333 5990 6801 4672 3668 550 4471 7822 3645 5294 7413 9596 3732 4218 8268 6076
Error
Error
Error
71
Error
5554
Error
5554
Error
69
641
69
Error
False
Error
Error
67
8396 3412 3099 7143 5315 9243 4830 4036 6178 3864 67 6735 8724 1275 6424 3746 2516 6582 220 9978 9806 926 3059 3261 1595 6546 3044 6876 8038 9096 8314 2379 6264 5554 641 8630 4835 4310 2798 7072 615 6343 4053 7221 7087 1449 741 3078 4521 2485 6743 6550 4556 6905 4333 5990 6801 4672 3668 550 4471 7822 3645 5294 7413 9596 3732 4025
Error
False
641
Error
641
641
641
Error
Error
False
False
Error
Error
Error
Error
Error
Error
False
Error
Error
8906 6640 4025 3732 9596 7413 5294 3645 7822 4471 550 3668 4672 6801 5990 4333 6905 4556 6550 6743 2485 4521 3078 741 1449 7087 7221 4053 6343 615 7072 2798 4310 4835 8630 641 5554 6264 2379 8314 9096 8038 6876 3044 6546 1595 3261 3059 926 9806 9978 220 6582 2516 3746 6424 1275 8724 6735 67 3864 6178 4036 4830 9243 5315 7143 3099 3412
8906 6640 4025 3732 9596 7413 5294 3645 7822 4471 550 3668 4672 6801 5990 4333 6905 4556 6550 6743 2485 4521 3078 741 1449 7087 7221 4053 6343 615 7072 2798 4310 4835 8630 641 5554 6264 2379 8314 9096 8038 6876 3044 6546 1595 3261 3059 926 9806 9978 220 6582 2516 3746 6424 1275 8724 6735 67 3864 6178 4036 4830 9243 5315 7143 3099 3412
8906 6640 4025 3732 9596 7413 5294 3645 7822 4471 550 3668 4672 6801 5990 4333 6905 4556 6550 6743 2485 4521 3078 741 1449 7087 7221 4053 6343 615 7072 2798 4310 4835 8630 641 5554 6264 2379 8314 9096 8038 6876 3044 6546 1595 3261 3059 926 9806 9978 220 6582 2516 3746 6424 1275 8724 6735 67 3864 6178 4036 4830 9243 5315 7143 3099 3412
False
Error
68
Error
Error
5554
Error
3732 9596 7413 5294 3645 7822 4471 550 3668 4672 6801 5990 4333 6905 4556 6550 6743 2485 4521 3078 741 1449 7087 7221 4053 6343 615 7072 2798 4310 4835 8630 641 5554 6264 2379 8314 9096 8038 6876 3044 6546 1595 3261 3059 926 9806 9978 220 6582 2516 3746 6424 1275 8724 6735 67 3864 6178 4036 4830 9243 5315 7143 3099 4043 8955 210
Error
69
6264
False
Error
69
68
Error
False
70
3732 9596 7413 5294 3645 7822 4471 550 3668 4672 6801 5990 4333 6905 4556 6550 6743 2485 4521 3078 741 1449 7087 7221 4053 6343 615 7072 2798 4310 4835 8630 641 5554 6264 2379 8314 9096 8038 6876 3044 6546 1595 3261 3059 926 9806 9978 220 6582 2516 3746 6424 1275 8724 6735 67 3864 6178 4036 4830 9243 5315 7143 3099 4043 8955 496 1476 4031
False
4031 1476 496 8955 4043 3099 7143 5315 9243 4830 4036 6178 3864 67 6735 8724 1275 6424 3746 2516 6582 220 9978 9806 926 3059 3261 1595 6546 3044 6876 8038 9096 8314 2379 6264 5554 641 8630 4835 4310 2798 7072 615 6343 4053 7221 7087 1449 741 3078 4521 2485 6743 6550 4556 6905 4333 5990 6801 4672 3668 550 4471 7822 3645 5294 7413 9596 3732
70
Error
Error
6264
Error
Error
73
72
Error
Error
Error
False
1476 496 8955 4043 3099 7143 5315 9243 4830 4036 6178 3864 67 6735 8724 1275 6424 3746 2516 6582 220 9978 9806 926 3059 3261 1595 6546 3044 6876 8038 9096 8314 2379 6264 5554 641 8630 4835 4310 2798 7072 615 6343 4053 7221 7087 1449 741 3078 4521 2485 6743 6550 4556 6905 4333 5990 6801 4672 3668 550 4471 7822 3645 5294 7413 9596 3732 3619
Error
Error
False
Error
71
5554
70
Error
Error
69
False
False
6264
Error
Error
3732 9596 7413 5294 3645 7822 4471 550 3668 4672 6801 5990 4333 6905 4556 6550 6743 2485 4521 3078 741 1449 7087 7221 4053 6343 615 7072 2798 4310 4835 8630 641 5554 6264 2379 8314 9096 8038 6876 3044 6546 1595 3261 3059 926 9806 9978 220 6582 2516 3746 6424 1275 8724 6735 67 3864 6178 4036 4830 9243 5315 7143 3099 4043 8955 496
Error
Error
Error
6264
496 8955 4043 3099 7143 5315 9243 4830 4036 6178 3864 67 6735 8724 1275 6424 3746 2516 6582 220 9978 9806 926 3059 3261 1595 6546 3044 6876 8038 9096 8314 2379 6264 5554 641 8630 4835 4310 2798 7072 615 6343 4053 7221 7087 1449 741 3078 4521 2485 6743 6550 4556 6905 4333 5990 6801 4672 3668 550 4471 7822 3645 5294 7413 9596 3732
Error
67
496 8955 4043 3099 7143 5315 9243 4830 4036 6178 3864 67 6735 8724 1275 6424 3746 2516 6582 220 9978 9806 926 3059 3261 1595 6546 3044 6876 8038 9096 8314 2379 6264 5554 641 8630 4835 4310 2798 7072 615 6343 4053 7221 7087 1449 741 3078 4521 2485 6743 6550 4556 6905 4333 5990 6801 4672 3668 550 4471 7822 3645 5294 7413 9596 4855
Error
Error
Error
Error
Error
Error
686 4855 9596 7413 5294 3645 7822 4471 550 3668 4672 6801 5990 4333 6905 4556 6550 6743 2485 4521 3078 741 1449 7087 7221 4053 6343 615 7072 2798 4310 4835 8630 641 5554 6264 2379 8314 9096 8038 6876 3044 6546 1595 3261 3059 926 9806 9978 220 6582 2516 3746 6424 1275 8724 6735 67 3864 6178 4036 4830 9243 5315 7143 3099 4043 8955 496
70
71
Error
1861 496 8955 4043 3099 7143 5315 9243 4830 4036 6178 3864 67 6735 8724 1275 6424 3746 2516 6582 220 9978 9806 926 3059 3261 1595 6546 3044 6876 8038 9096 8314 2379 6264 5554 641 8630 4835 4310 2798 7072 615 6343 4053 7221 7087 1449 741 3078 4521 2485 6743 6550 4556 6905 4333 5990 6801 4672 3668 550 4471 7822 3645 5294 7413 9596 4855 686 8123 8950
Error
Error
False
70
6264
Error
69
68
False
Error
Error
Error
9596 7413 5294 3645 7822 4471 550 3668 4672 6801 5990 4333 6905 4556 6550 6743 2485 4521 3078 741 1449 7087 7221 4053 6343 615 7072 2798 4310 4835 8630 641 5554 6264 2379 8314 9096 8038 6876 3044 6546 1595 3261 3059 926 9806 9978 220 6582 2516 3746 6424 1275 8724 6735 67 3864 6178 4036 4830 9243 5315 7143 3099 4043 8955 496
9596 7413 5294 3645 7822 4471 550 3668 4672 6801 5990 4333 6905 4556 6550 6743 2485 4521 3078 741 1449 7087 7221 4053 6343 615 7072 2798 4310 4835 8630 641 5554 6264 2379 8314 9096 8038 6876 3044 6546 1595 3261 3059 926 9806 9978 220 6582 2516 3746 6424 1275 8724 6735 67 3864 6178 4036 4830 9243 5315 7143 3099 4043 8955 496 2184
Error
Error
68
6264
6264
False
8314
70
Error
Error
Error
Error
8314
3842 1207 2184 496 8955 4043 3099 7143 5315 9243 4830 4036 6178 3864 67 6735 8724 1275 6424 3746 2516 6582 220 9978 9806 926 3059 3261 1595 6546 3044 6876 8038 9096 8314 2379 6264 5554 641 8630 4835 4310 2798 7072 615 6343 4053 7221 7087 1449 741 3078 4521 2485 6743 6550 4556 6905 4333 5990 6801 4672 3668 550 4471 7822 3645 5294 7413 9596
3842 1207 2184 496 8955 4043 3099 7143 5315 9243 4830 4036 6178 3864 67 6735 8724 1275 6424 3746 2516 6582 220 9978 9806 926 3059 3261 1595 6546 3044 6876 8038 9096 8314 2379 6264 5554 641 8630 4835 4310 2798 7072 615 6343 4053 7221 7087 1449 741 3078 4521 2485 6743 6550 4556 6905 4333 5990 6801 4672 3668 550 4471 7822 3645 5294 7413 9596
Error
Error
Error
False
6264
Error
Error
False
Error
Error
Error
Error
3842 1207 2184 496 8955 4043 3099 7143 5315 9243 4830 4036 6178 3864 67 6735 8724 1275 6424 3746 2516 6582 220 9978 9806 926 3059 3261 1595 6546 3044 6876 8038 9096 8314 2379 6264 5554 641 8630 4835 4310 2798 7072 615 6343 4053 7221 7087 1449 741 3078 4521 2485 6743 6550 4556 6905 4333 5990 6801 4672 3668 550 4471 7822 3645 5294 2630 2690 799 3139 1515 5387
8314
8314
Error
Error
3842 1207 2184 496 8955 4043 3099 7143 5315 9243 4830 4036 6178 3864 67 6735 8724 1275 6424 3746 2516 6582 220 9978 9806 926 3059 3261 1595 6546 3044 6876 8038 9096 8314 2379 6264 5554 641 8630 4835 4310 2798 7072 615 6343 4053 7221 7087 1449 741 3078 4521 2485 6743 6550 4556 6905 4333 5990 6801 4672 3668 550 4471 7822 3645 5294 2630
69
Error
Error
69
Error
2630 5294 3645 7822 4471 550 3668 4672 6801 5990 4333 6905 4556 6550 6743 2485 4521 3078 741 1449 7087 7221 4053 6343 615 7072 2798 4310 4835 8630 641 5554 6264 2379 8314 9096 8038 6876 3044 6546 1595 3261 3059 926 9806 9978 220 6582 2516 3746 6424 1275 8724 6735 67 3864 6178 4036 4830 9243 5315 7143 3099 4043 8955 496 2184 1207 3842
Error
Error
False
2630 5294 3645 7822 4471 550 3668 4672 6801 5990 4333 6905 4556 6550 6743 2485 4521 3078 741 1449 7087 7221 4053 6343 615 7072 2798 4310 4835 8630 641 5554 6264 2379 8314 9096 8038 6876 3044 6546 1595 3261 3059 926 9806 9978 220 6582 2516 3746 6424 1275 8724 6735 67 3864 6178 4036 4830 9243 5315 7143 3099 4043 8955 496 2184 1207
2379
Error
Error
Error
Error
Error
496 8955 4043 3099 7143 5315 9243 4830 4036 6178 3864 67 6735 8724 1275 6424 3746 2516 6582 220 9978 9806 926 3059 3261 1595 6546 3044 6876 8038 9096 8314 2379 6264 5554 641 8630 4835 4310 2798 7072 615 6343 4053 7221 7087 1449 741 3078 4521 2485 6743 6550 4556 6905 4333 5990 6801 4672 3668 550 4471 7822 3645 5294 4062
Error
2379
66
5294 3645 7822 4471 550 3668 4672 6801 5990 4333 6905 4556 6550 6743 2485 4521 3078 741 1449 7087 7221 4053 6343 615 7072 2798 4310 4835 8630 641 5554 6264 2379 8314 9096 8038 6876 3044 6546 1595 3261 3059 926 9806 9978 220 6582 2516 3746 6424 1275 8724 6735 67 3864 6178 4036 4830 9243 5315 7143 3099 4043 8955 496 5689
Error
2379
Error
Error
Error
Error
Error
Error
68
Error
Error
Error
Error
68
68
Error
3645 7822 4471 550 3668 4672 6801 5990 4333 6905 4556 6550 6743 2485 4521 3078 741 1449 7087 7221 4053 6343 615 7072 2798 4310 4835 8630 641 5554 6264 2379 8314 9096 8038 6876 3044 6546 1595 3261 3059 926 9806 9978 220 6582 2516 3746 6424 1275 8724 6735 67 3864 6178 4036 4830 9243 5315 7143 3099 4043 8955 496 5689 2954 7848
Error
False
Error
Error
Error
Error
Error
8038
68
Error
Error
Error
3645 7822 4471 550 3668 4672 6801 5990 4333 6905 4556 6550 6743 2485 4521 3078 741 1449 7087 7221 4053 6343 615 7072 2798 4310 4835 8630 641 5554 6264 2379 8314 9096 8038 6876 3044 6546 1595 3261 3059 926 9806 9978 220 6582 2516 3746 6424 1275 8724 6735 67 3864 6178 4036 4830 9243 5315 7143 3099 4043 8955 496 5689 2954 7848 6392
Error
8038
9096
False
Error
False
Error
Error
Error
Error
Error
False
Error
9040 8634 4643 8741 3645 7822 4471 550 3668 4672 6801 5990 4333 6905 4556 6550 6743 2485 4521 3078 741 1449 7087 7221 4053 6343 615 7072 2798 4310 4835 8630 641 5554 6264 2379 8314 9096 8038 6876 3044 6546 1595 3261 3059 926 9806 9978 220 6582 2516 3746 6424 1275 8724 6735 67 3864 6178 4036 4830 9243 5315 7143 3099 4043 8955 496 5689 2954 7848 1667 1567 8127
Error
8314
Error
2458 1667 7848 2954 5689 496 8955 4043 3099 7143 5315 9243 4830 4036 6178 3864 67 6735 8724 1275 6424 3746 2516 6582 220 9978 9806 926 3059 3261 1595 6546 3044 6876 8038 9096 8314 2379 6264 5554 641 8630 4835 4310 2798 7072 615 6343 4053 7221 7087 1449 741 3078 4521 2485 6743 6550 4556 6905 4333 5990 6801 4672 3668 550 4471 7822 3645 8741 4643 8634 5362
2458 1667 7848 2954 5689 496 8955 4043 3099 7143 5315 9243 4830 4036 6178 3864 67 6735 8724 1275 6424 3746 2516 6582 220 9978 9806 926 3059 3261 1595 6546 3044 6876 8038 9096 8314 2379 6264 5554 641 8630 4835 4310 2798 7072 615 6343 4053 7221 7087 1449 741 3078 4521 2485 6743 6550 4556 6905 4333 5990 6801 4672 3668 550 4471 7822 3645 8741 4643 8634 5362
False
