False
Error
Error
Empty
Error
Empty
Error
Error
2750
Error
2750
2
2750 8745 5152
2
False
False
Error
False
0
Error
Error
Error
Error
Error
9911
9030 3949 9911 7643 9359
Error
Error
9911
False
6
Error
7
7643
Error
9030 3949 9911 7643 9359 7175
False
9030 3949 9911
Error
Error
Error
Error
9030 3949 9911 6387
False
9030
3
Error
Error
4
Error
8218
False
False
Error
Error
2691 8218 3949 6820
2691 8218 3949 6820
False
False
Error
Error
Error
Error
6
Error
False
False
3949
Error
5
Error
5211 6765 3949 8218 2691
5
Error
2691 8218 3949 6765
False
Error
Error
8218
False
4
8218
4
Error
Error
Error
6765 3949 8218 2691 5552
Error
Error
Error
2691
Error
2691
5552 5313
False
Error
False
Empty
0
Error
Error
Empty
Error
Error
False
Error
False
Error
7267 8824
False
8824
Error
8445 7140 8824 7267
False
Error
6602 564 6432 7267 8824 7140 8445
False
7267
Error
6602 564 6432 7267 8824 7140 8445 3580
Error
8
7267
Error
8
Error
9
9
Error
Error
Error
Error
Error
5742 7562 6602 564 6432 7267 8824 7140 5303
Error
False
Error
Error
7267
11
11
5742 7562 6602 564 6432 7267 8824 7140 5303 3960 8500 8955
5742 7562 6602 564 6432 7267 8824 7140 5303 3960 8500
Error
11
Error
10
Error
Error
Error
Error
Error
Error
564
564
Error
Error
Error
7711 4935 5742 7562 6602 564 6432 7267
Error
Error
8
7711 4935 5742 7562 6602 564 6432 1712
Error
Error
Error
Error
Error
False
Error
11
Error
Error
Error
False
False
Error
Error
False
Error
1712
False
6432
Error
6432
Error
Error
False
Error
Error
6432
18
1712
1712
False
Error
Error
Error
3223
False
4935 5742 7562 6602 564 6432 1712 3223 4344 4404 304 8270 3713 4091
Error
15
3223
False
3223
False
15
9241 4091 3713 8270 304 4404 4344 3223 1712 6432 564 6602 7562 5742 6180
14
Error
9241 4091 3713 8270 304 4404 4344 3223 1712 6432 564 6602 7562 5742
Error
False
False
Error
Error
707 3713 8270 304 4404 4344 3223 1712 6432 564 6602 7562 187
Error
707 3713 8270 304 4404 4344 3223 1712 6432 564 6602
Error
707 3713 8270 304 4404 4344 3223 1712 6432 564 6602
Error
10
10
4404
Error
Error
Error
Error
False
4344
Error
Error
Error
Error
8
8
8270 304 4404 4344 3223 1712 6432 9413 8096 3858 14
Error
False
1712
8270 304 4404 4344 3223 1712 6432 9413 8096 3858 14
11
False
False
13
14
15
1175 5698 14 3858 8096 9413 6432 1712 3223 4344 4404 304 8270 5388 7158 5221
1712
Error
Error
False
Error
Error
False
Error
Error
20
3525 8955 6589 5221 7158 5388 8270 304 4404 4344 3223 1712 6432 9413 8096 3858 14 5698 1175 1477 6614 6971
3525 8955 6589 5221 7158 5388 8270 304 4404 4344 3223 1712 6432 9413 8096 3858 14 5698 1175 1477 6614 6971
False
23
Error
Error
Error
Error
False
23
3525 8955 6589 5221 7158 5388 8270 304 4404 4344 3223 1712 6432 9413 8096 3858 14 5698 1175 1477 6614 6971
1712
Error
Error
Error
20
6432
6971 6614 1477 1175 5698 14 3858 8096 9413 6432 1712 3223 4344 4404 304 8270 5388 7158 5221 6589
Error
6971 6614 1477 1175 5698 14 3858 8096 9413 6432 1712 3223 4344 4404 304 8270 5388 7158 5221 6589 9525
6971 6614 1477 1175 5698 14 3858 8096 9413 6432 1712 3223 4344 4404 304 8270 5388 7158 5221 6589 9525 360
Error
Error
1712
Error
19
False
19
Error
Error
Error
Error
9413
False
False
Error
Error
Error
6971 6614 1477 1175 5698 14 3858 8096 9413 6432 1712 3223 4344 4404 304 8270 5388
Error
17
Error
Error
Error
Error
14
False
15
Error
Error
13
8096
1029 4344 3223 1712 6432 9413 8096 3858 14 5698 1175 1477 6614 8390
False
Error
15
Error
Error
Error
Error
Error
3858
Error
Error
Error
False
Error
Error
Error
7263 6378 6507 5236 3394 8387 4344 3223 1712 6432 9413 8096 3858 14 5698 1175 1477 6588 4148
6432
Error
1712
7263 6378 6507 5236 3394 8387 4344 3223 1712 6432 9413 8096 3858 14 5698 1175 1477 6588
1712
Error
17
Error
False
19
Error
1712
False
Error
Error
False
6378 6507 5236 3394 8387 4344 3223 1712 6432 9413 8096 3858 14 5698 1175 1477 989
Error
Error
6432
Error
Error
False
19
Error
Error
1712
16
Error
6378 6507 5236 3394 8387 4344 3223 1712 6432 9413 8096 3858 14
Error
Error
False
Error
6378 6507 5236 3394 8387 4344 3223 1712 6432 9413 8096 3858 5974 6924 5984
Error
False
Error
1712
Error
Error
3223
False
3223
False
Error
9413
Error
Error
6799 1697 5787 6924 5974 3858 8096 9413 6432 1712 3223 4344 8387 3394 5236 5252
15
False
2554 5236 3394 8387 4344 3223 1712 6432 9413 8096 3858 5974 6924 5787 1697 6799
False
2554 5236 3394 8387 4344 3223 1712 6432 9413 8096 3858 5974 6924 5787 1697 6799
2554 5236 3394 8387 4344 3223 1712 6432 9413 8096 3858 5974 6924 5787 1697 6799
Error
Error
Error
Error
Error
Error
2554 5236 3394 8387 4344 3223 1712 6432 9413 8096 3858 5974 6924 5538
Error
13
Error
Error
Error
Error
9525 6924 5974 3858 8096 9413 6432 1712 3223 4344 8387 3394 5236 2554
9525 6924 5974 3858 8096 9413 6432 1712 3223 4344 8387 3394 5236 2554
Error
Error
Error
15
2554 5236 3394 8387 4344 3223 1712 6432 9413 8096 3858 5974 6924 9525
6432
Error
Error
Error
12
Error
6432
6432
9525 6924 5974 3858 8096 9413 6432 1712 3223 4344 8387 6559 49
13
Error
False
49 6559 8387 4344 3223 1712 6432 9413 8096 3858 5974 6924 9525
Error
49 6559 8387 4344 3223 1712 6432 9413 8096 3858 5974
Error
49 6559 8387 4344 3223 1712 6432 9413 8096 3858 5974
13
Error
6432
Error
Error
9413
9413
Error
4104 5974 3858 8096 9413 6432 1712 3223 4344 9087
4104 5974 3858 8096 9413 6432 1712 3223 4344 9087
False
Error
Error
Error
Error
Error
9413
Error
Error
10
9413
9413
Error
Error
False
12
Error
4527 6570 3223 1712 6432 9413 8096 3858 5974 379 430 8986 8295
Error
4527 6570 3223 1712 6432 9413 8096 3858 5974 379 430 8986
9413
9413
Error
9413
12
12
4527 6570 3223 1712 6432 9413 8096 3858 5974 379 430 6719
Error
Error
430 379 5974 3858 8096 9413 6432 1712 3223 6570 4527 6782 9117
13
13
Error
Error
Error
16
Error
430 379 5974 3858 8096 9413 6432 1712 3223 6570 4527 6782 9117 9546 599 3960
Error
Error
Error
1712
Error
Error
9546 9117 6782 4527 6570 3223 1712 6432 9413 8096 3858 5974 379
Error
Error
12
Error
Error
Error
Error
1712
Error
6432
Error
3858 8096 9413 6432 1712 3223 6570 4527
Error
False
Error
False
Error
Error
Error
4527 6570 3223 1712 6432 9413 8096 3858
7
Error
False
4527 6570 3223
False
2
Error
2
Error
5035
5035
3951 5035
3951
3951
5302 8425 3951
5302 8425 3951
5302 8425 3951 2882
4
4
Error
5302 8425 3951
Error
False
Error
Error
False
Error
Error
5
Error
False
Error
Error
1615 6782 3951 8425 5302
3951
4
Error
False
8425
Error
Empty

Error
Error
4634 1474
Error
False
4634 1474
Error
Empty
Empty
Error
Error
Empty
Error
Empty
7955
Error
7955
Error
944
Error
Error
2580
Error
2580
2580 2690
Error
2580
Error
Error
True
Empty
Empty
Empty
False
Error
Empty
Error
Error
True
Empty
Empty
True

Error

1636
Error
8096
4
1636 8096 7472 8793
False
False
Error
False
1636 8096 7472
False
4
Error
5
Error
Error
6
Error
Error
Error
Error
Error
Error
Error
Error
2777
Error
9572 8096 7472 2777 5931 7773 9880
7
5931
Error
False
Error
9572 8096 7472 2777 5931 7773 9880 5203 9167 959
Error
9572 8096 7472 2777 5931 7773 9880 5203
9572 8096 7472 2777 5931 7773 9880 5203 6217
9
9
7
7773
False
6217 5203 9880 7773 5931 2777 7342
False
Error
Error
Error
7342 2777 5931 7773 9880 5033 1034
7773
False
Error
Error
Error
6
False
Error
7342 2777 5931 7773 9880 5033
Error
9880 7773 5931 2777 7342
Error
Error
Error
False
Error
Error
Error
9880 6055
False
Error
Error
Error
Error
60 2712 9905
Error
3
Error
Error
Error
9905 2712 60
Error
Error
2
Error
Error
Error
Empty
True
Error
Error
0
Error
Error
3673
Error
3673
Error
Empty
Empty

Error
Error
Empty
Empty
Error
Empty
Error
Error
5978
False
2
Error
Error
Empty
Error
Error
Error
False
Error
7915
Error
Error
False
Error
Error
7915 4231
Error
3
4231
8644 4231 7915
4231
Error
Error
4231
Error
Error
Error
Error
7915 4231
7915
7915
3
Error
Error
7915
2
Error
7915 808
Error
7915 808 7573 1338
Error
2
False
7915 808
2
3
Error
808
False
7915
2
7915
7915 808
Error
Error
808
Error
Error
7915 808 4515
808
Error
Error
Error
Error
2
Error
Error
False
False
7649
Error
7649
Error
Error
7649
Error
Error
Error
Error
Error
0
Error
0

Empty
Empty
True
Empty
0
Error
Error
Error
Error
Error
True
Empty
Error
1841
1841
Error
1841 6352 6821
1841 6352 6821
Error
3
Error
1841
Error
1841
Error
Error
Error
2
Error
Error
Error
False
118
1841 118 6743 1166 3206
1841 118 6743 1166
Error
Error
Error
Error
Error
Error
Error
1841
Error
Error
Error
Error
Error
False
Error
Error
8173
Error
Error
2
Error
8173
Error
False
Error
Error
Error
2
Error
Error
Error
Empty
Error
Empty
0
Error
4137
Error
4137
1
False
Error
Error
4137
4137 7271

Error
Error
True
Error
Error
Error
Empty
Error
True
Error
Empty
Empty
Empty
Error

Error
5621
0
True
Error
Error
False
6279 2236
6279
False
Empty
False
Error
Error
Error
4
Error
Error
Error
Error
Error
False
False
Error
Error
6
Error
3763
Error
False
Error
1
Error
Empty
Empty
1
Error
Error
Error
Empty

True
Empty
Empty
0
Error
Error
Error
4714
4714
Error
1
Error
Error
Error
Error
Error
Error
Error
Error
3
Error
6200
Error
False
Error
8
Error
False
9
False
68 3216 3984 7085 621 6200 1940 4884
Error
False
False
Error
7085
Error
68 3216 3984 7085 621 6200 1940
68 3216 3984 7085 621 6200 1940 4355
621
68 3216 3984 7085 621 6200 1940 4355
Error
Error
False
Error
Error
68 3216 3984 7085 621 6200 1940 4355
Error
8
Error
False
Error
7
False
Error
False
Error
Error
Error
7085
11
11
Error
False
Error
1940 6200 621 7085 3984 3216 4590 4534 4884 349 1946
False
Error
Error
Error
Error
Error
10
Error
349 4884 4534 4590 3216 3984 7085 621
False
8
Error
False
Error
349 4884 4534 4590 3216 3984
False
Error
4534
4534
Error
Error
6
6
False
Error
Error
6110
1244 5671 6110
Error
Error
5671
Error
Error
1244 5671 6110
1244 5671 6110
False
Error
Error
False
4
Error
Error
Error
Error
Error
Error
5671
Error
Error
Error
Error
Error
6110 5671 1244 8855 9071 5358
Error
Error
Error
5358 9071 8855 1244 5671 6110 5814
Error
7
Error
False
7
Error
Error
Error
False
5671
Error
Error
Error
Error
1244
Error
2789 5814 6110 5671 1244 8855 9071
5671
Error
False
8855 1244 5671 6110 5814 2789
5671
Error
Error
Error
Error
6105 2789 5814 6110 5671 1244
Error
6105 2789 5814 6110 5671 1244
6105 2789 5814 6110 5671 1244 7890
Error
False
False
Error
Error
Error
Error
2789
Error
Empty
Error
Error
1
False
1
6191
Error
Error
Error
False
False
Error
Error
False
Error
5784 2608 6191
Error
5784 2608
True
Empty
False
Error
False
Error
Error
False
Error
2871
Error
3732
Error
171
False
Error
Error
5570 2114 4237
Empty
Error
Empty
Error
False
Error
2
712
5346
Error
Error
2
False
2
Error
Error
Error
Error
Error
2
5346 4797
Error
4797
2
Error
Error
4797 4904
Error
Error
False
False
Error
4797 4904 2660 358 7979
Error
False
Error
Error
False
Error
Error
Error
9
7979
Error
Error
7979
Error
4523 451 6888 3168 7979 358
Error
Error
False
False
Error
Error
Error
7979
9
Error
Error
7979
11
Error
False
10
Error
4523 451 6888 3168 7979 358 5897 8212
Error
3168
Error
Error
7979
9
Error
Error
3168
Error
Error
Error
Error
Error
Error
False
Error
7979
Error
8212 5897 358 7979 3168 6888 451 4523
4523 451 6888 3168 7979 358
Error
4523 451 6888 3168
False
6888
3168 6888 451 4149
False
Error
3168 6888 451 4149 2489
Error
Error
3168 6888 451 4149 2489 3183
3168 6888 451 4149 2489 3183
Error
Error
Error
False
Error
False
5
Error
False
6888
Error
4
Error
Error
Error
4287 6888
6888
False
4
Error
False
Error
Error
False
2475
3
1864 2475 6888 1908
False
Error
1864 2475 6888 1908 9776
6888
5
6888
6888
6
1864 2475 6888 1908 9776 2383 5462
Error
Error
1864 2475 6888 1908 9776 2383 5462
7
Error
Error
Error
4
7047
9776 7047
7047 9776
Error
9776 7047
9776
Error
4
Error
False
False
9776 7047
3
Error
9776 2904
False
Error
Empty
True
Empty
Empty
Error
False
False
1
Error
Error
Error
Error
Error
False
Error
Error
8168
6220 6432 8168 3901 6291 9467
Error
8168
Error
Error
Error
3901 8168 6432 6220
Error
Error
Error
6432
3901 8168 6432
3901 8168 6432
8168
Error
Error
Error
False
3
3
Error
3901 8168
Error
8168

Error
5636
Error
Error
Error
7187 5636
Error
7187
False
5644
1
1
Error

Error
Empty
Error
0
Error
Error
7710 1105 7589 2665 1453
Error
Error
5
Error
Error
1453 2665 7589 1105 6775
Error
5
1453 2665 7589 1105 6775
7589
6
Error
False
Error
1453 2665 7589 1105 6775 5640 9546
Error
Error
False
1453 2665 7589 1105 6775 5640 9546
7589
Error
Error
1453 2665 7589 1105 6775 5640 4411
Error
False
Error
9
False
9
False
Error
Error
1453 2665 7589 1105 6775 5640 4411 3468 5478 3048 1193
5640
1453 2665 7589 1105 6775 5640 4411 3468 5478 3048 1193 6381
False
Error
1453 2665 7589 1105 6775 5640 4411 3468 5478 3048 1193 6381
Error
False
Error
Error
1453 2665 7589 1105
4
False
1453 2665 7589 1105
False
Error
False
Error
False
Error
7589
Error
Error
Error
3
Error
Error
7589 4046
True
Empty
Error
4216
Error
Empty
True

Empty
Empty
Empty

Error
True
Empty
Error
Empty
Empty
Error
Empty
Error
Error
Error
False
9911 2102 7919 268 9504
9911 2102 7919 268 9504 8950
8
Error
8
Error
Error
Error
Error
Error
11
11
12
8677 2087 8402 3670 9911 2102 7919 268 9504 8950 792 2302
2102
False
Error
Error
2102
8677 2087 8402 3670 9911 2102 7919 268 9504 8950 9254 6001
False
13
False
Error
6001 9254 8950 9504 268 7919 2102 9911 3670 8402 2087 8677 6674
Error
9
Error
Error
9
9
7919
Error
Error
7919
False
8
Error
2102
Error
False
7
Error
Error
7919
Error
9
Error
340 4355 9911 2102 7919 268 9504 8950
False
Error
340 4355 9911 2102 7919 268 9504
Error
Error
2102
False
Error
False
Error
5
Error
5
Error
3
Error
Error
5
1994 4661 9183 4355 340
Error
False
Error
False
Error
Error
False
1994
Error
Error
Error
5
Error
5
8245 367 4661 1994 9285
Error
Error
367
Error
False
Error
Error
Error
1994
Error
Error
False
10
1732
7126
Error
6
Error
Error
1732
8847 2273 8421 7126 1732 1994 4661
Error
8847 2273 8421 7126 1732 1994 4575
7126
Error
8847 2273 8421 7126 1732 1994 4575
Error
Error
8847 2273 8421 7126 1732 1994 4575
Error
Error
Error
Error
Error
Error
7126
4575 1994 1732 7126 8421 2273 8847
7
Error
Error
False
False
Error
Error
Error
Error
Error
8
Error
Error
Error
7126
Error
Error
Error
Error
9520 8847 2273 8421 7126 1732 1994
Error
Error
8
8
Error
Error
Error
Error
Error
Error
Error
Error
Error
8
Error
11
Error
12
9441 3110 9867 8847 2273 8421 7126 9879 7882 1949 9122 9803
False
Error
Error
9879
Error
9441 3110 9867 8847 2273 8421 7126 9879 7882 1949 9122 9803 2324 7349 5841
Error
Error
False
Error
7882
Error
18
Error
5129 2992 5841 7349 2324 9803 9122 1949 7882 9879 7126 8421 2273 8847 9867 3110 9441 7053 8077 1844 6350
5129 2992 5841 7349 2324 9803 9122 1949 7882 9879 7126 8421 2273 8847 9867 3110 9441 7053 8077 1844 6350
21
Error
21
Error
Error
False
5129 2992 5841 7349 2324 9803 9122 1949 7882 9879 7126 8421 2273 8847 9867 3110 9441 7053 8077 1844 6350
Error
20
Error
Error
15
5129 2992 5841 7349 2324 9803 9122 1949 7882 9879 7126 8421 2273 8847 9867
Error
16
Error
Error
False
Error
Error
Error
6321 5129 2992 5841 7349 2324 9803 9122 1949 7882 9879 7126 8421 2273 8847 9867 517 4667 2641 8673 8842 4462 2994
False
Error
False
Error
Error
Error
Error
False
23
Error
7126
23
Error
8421
Error
Error
Error
24
Error
Error
Error
Error
False
Error
Error
5129 2992 5841 7349 2324 9803 9122 1949 7882 9879 7126 8421 2273 8847 9867 517 4667 2641 8673 8842 4462 7777 6593
Error
Error
Error
5129 2992 5841 7349 2324 9803 9122 1949 7882 9879 7126 8421 2273 8847 9867 517 4667 2641 8673 8842 4462 7777 6593
7126
Error
Error
Error
Error
False
20
Error
Error
Error
False
Error
Error
5129 2992 5841 7349 2324 9803 9122 1949 7882 9879 7126 8421 2273 8847 9867 517 4667
7882
Error
Error
False
False
16
Error
Error
1949
Error
9867 8847 2273 8421 7126 9879 7882 1949 9122 9803 2324 7349 5841 2992 5129 3660 7811 1307
Error
Error
17
Error
1949
Error
False
Error
Error
1949
1949
Error
Error
Error
1949
1949
Error
Error
Error
Error
Error
Error
Error
15
Error
16
Error
Error
Error
Error
7882
17
8424 9867 8847 2273 8421 7126 9879 7882 1949 9122 9803 2324 7349 5841 2654 2405
Error
7882
False
Error
15
Error
Error
15
Error
Error
8424 9867 8847 2273 8421 7126 9879 7882 1949 9122 9803 2324 7349 5841
False
Error
Error
8424 9867 8847 2273 8421 7126 9879 7882 1949 9122 9803 2324 7349 5841
False
Error
Error
Error
False
7882
Error
Error
False
Error
Error
Error
15
7882
Error
Error
14
False
False
Error
15
15
Error
Error
2297 7585 8621 5508 9803 9122 1949 7882 9879 7126 8421 2273 8847 9867 1515
Error
Error
Error
1949
Error
7882
False
Error
Error
Error
7882
Error
9879
18
Error
Error
Error
Error
Error
Error
Error
Error
9879
False
Error
Error
8847 2273 8421 7126 9879 7882 1949 9122 9803
Error
9
8847 2273 8421 7126 9879 7882 1949
Error
Error
Error
Error
Error
Error
False
Error
False
8885 9879 7126 8421 2273 8847 4410
Error
8885 9879 7126 8421 2273
Error
Error
Error
Error
Error
7126
7126
Error
False
Error
Error
False
Error
8885 9879 7126 6314 7637 9812 3585
8885 9879 7126 6314 7637 9812 3585 9996
Error
Error
Error
Error
False
