True
Empty
Error
Empty
Empty
0
Empty
Error
True
0
Error
Error
7151
Error
0
Empty
Error
0

Error
0
Empty
Empty
Empty
Empty
2
2
4430 4440 4432 6320
False
4
Error
8624 4430 4440 4432
4430
8624
8263 4333 8624 4430 4440
Error
5938 6230 8263 4333 8624 4430 4440
Error
5938 6230 8263 4333 8624 4430 4440
7
Error
Error
6230
9
Error
11
11
Error
6230
11
Error
False
False
False
8263
532 7482 6938 5938 6230 8263 4333 8624 3218 2308 4454
Error
Error
6938
1431 4503 532 7482 6938 5938 6230 8263 4333 8624
Error
Error
10
Error
Error
Error
1431 4503 532 7482 6938 5938 6230 8263 4333 8624
Error
Error
Error
Error
Error
Error
10
8263 6230 5938 6938 7482 532 4503 1431 5827
8263 6230 5938 6938 7482 532 4503 1431 5827
7482
False
Error
8
8
False
3375 6723 8945 5827 1431 4503 532 7482 6938 5938
False
Error
False
5938 6938 7482 532 4503 1431 5827 8945 6723 3375
Error
5938 6938 7482 532 4503 1431 5827 8945 6723 3375
4503
Error
Error
Error
3375 6723 8945 5827 1431 4503 532 7482 6938 5938 9927
False
1572 3375 6723 8945 5827 1431 4503 532 7482 6938 5938
5827
Error
11
Error
6938 7482 532 4503 1431 5827 8945 6723 3375 1572 1300
Error
3045 6938 7482 532 4503 1431 5827 8945 6723 3375 1572 1300
Error
Error
Error
Error
9
Error
Error
Error
Error
5827 1431 4503 532 7482 6938 3045 5108 6094
Error
Error
532
4503
Error
7482
7482
False
8
1477 3045 6938 7482 532 4503 1431 5827
6938
6938
3519 5500 1477 3045 6938 7482 532 4503
3519 5500 1477 3045 6938 7482 532 4503
Error
Error
Error
False
Error
3045
Error
9047 2463 1843 3236 3519 5500 1477 3045
False
9894 9047 2463 1843 3236 3519 5500 1477 3045
6
Error
Error
Error
7
8203 3945 9894 9047 2463 1843 3236
8203 3945 9894 9047 2463 1843 3236
Error
Error
False
False
Error
9894
8
9047
Error
9047
False
Error
Error
8906
8
8906
9
1910 3951 4604 8784 2006 8906 1843 2463 9047 9894
2006
Error
10
2006
9
Error
8784
False
Error
Error
Error
13
Error
Error
3951
False
Error
Error
6002
False
9
2006 8784 4604 3951 1910 6002 1751 2919
74 2507 2006 8784 4604 3951 1910 6002 1751 2919
11
13
False
14
Error
Error
Error
Error
Error
Error
Error
3322 6899 6604 8065 2919 1751 6002 1910 3951 4604 8784 2006 2507 74 7930 2956
False
Error
Error
False
Error
False
False
False
1910
5849 3322 6899 6604 8065 2919 1751 6002 1910 3951 4604 8784 2006 2507 74 7930
Error
Error
6002
6002
6002
False
False
Error
15
1751
15
Error
15
8176 9777 7780 5849 3322 6899 6604 8065 2919 1751 6002 1910 3951 4604 8784 2006 2507
Error
19
Error
Error
False
649 7895 736 7617 6533 2507 2006 8784 4604 3951 1910 6002 1751 2919 8065 6604 6899 3322 5849 7780 9777 8176 638
Error
1910
Error
3951
False
3047 2967 7038 649 7895 736 7617 6533 2507 2006 8784 4604 3951 1910 6002 1751 2919 8065 6604 6899 3322 5849 7780 9777
Error
25
Error
24
Error
4604
Error
Error
6496 4318 7780 5849 6899 6604 8065 2919 1751 6002 1910 3951 4604 8784 2006 2507 6533 7617 736 7895 649 7038 2967
Error
Error
Error
Error
Error
Error
Error
649 7895 736 7617 6533 2507 2006 8784 4604 3951 1910 6002 1751 2919 8065 6604 6899 5849 7780 4318 6496 4850 2798 1472 7964 5734 1526
Error
Error
Error
Error
Error
Error
Error
3323 7964 1472 2798 4850 6496 4318 7780 5849 6899 6604 8065 2919 1751 6002 1910 3951 4604 8784 2006 2507 6533 7617 736 7895 649
Error
False
False
Error
Error
Error
Error
Error
Error
Error
Error
Error
Error
Error
7780
23
23
Error
Error
23
Error
Error
False
1860 4322 8784 4604 3951 1910 6002 1751 2919 8065 6604 6899 5849 7780 4318 6496 4850 2798 1472 7964 3323
1860 4322 8784 4604 3951 1910 6002 1751 2919 8065 6604 6899 5849 7780 4318 6496 4850 2798 1472 7964 3323
Error
21
Error
6604
Error
364 3186 8973 1860 4322 8784 4604 3951 1910 6002 1751 2919 8065 6604 6899 5849 7780 4318 6496 4850
Error
Error
364 3186 8973 1860 4322 8784 4604 3951 1910 6002 1751 2919 8065 6604 6899 5849 7780 4318 6496 4850
18
Error
8453 364 3186 8973 1860 4322 8784 4604 3951 1910 6002 1751 2919 8065 6604 6899 5849 7780
False
Error
3951
False
Error
6459 5849 6899 6604 8065 2919 1751 6002 1910 3951 4604 8784 4322 1860 8973 3186 364 8453
18
Error
Error
1751
False
20
Error
21
4141 3186 8973 1860 4322 8784 4604 3951 1910 6002 1751 2919 8065 6604 6899 5849 6459 9981 9387 9144 7964 5558
1751
Error
False
Error
5598 6937 592 9890 5637 6917 4141 3186 8973 1860 4322 8784 4604 3951 1910 6002 1751 2919 8065 6604 6899 5849 6459 9981
Error
Error
Error
Error
Error
6604 8065 2919 1751 6002 1910 3951 4604 8784 4322 1860 8973 3186 4141 6917 5637 9890 592 6937 5598 5457 6333 7528
Error
False
4322
Error
Error
25
1860
5260 6333 5457 5598 6937 592 9890 5637 6917 4141 3186 8973 1860 4322 8784 4604 3951 1910 6002 1751 2919 8065 6604 426 8428
Error
False
Error
False
Error
Error
5260 6333 5457 5598 6937 592 9890 5637 6917 4141 3186 8973 1860 4322 8784 4604 3951 1910 6002 1751 2919 8065 6604 426 8428
5260 6333 5457 5598 6937 592 9890 5637 6917 4141 3186 8973 1860 4322 8784 4604 3951 1910 6002 1751 2919 8065 6604 426
24
Error
Error
3186
1860
Error
Error
Error
False
Error
7883 5447 9711 6860 5595 8173 4951 426 6604 8065 2919 1751 6002 1910 3951 4604 8784 4322 1860 8973 3186 4141 6917 5637 9890 592 6937 5598 5457 6333
Error
Error
6002
False
Error
32
False
2919
2919
Error
30
Error
2919
2919
Error
Error
Error
Error
8065
Error
29
False
6002
Error
Error
1910
Error
Error
3951
Error
9411 7101 728 9574 6628 9890 5637 6917 4141 3186 8973 1860 4322 8784 4604 3951 1910 6002 1751 2919 8065 6604 426 4951 8173 5595 6860 9711 5447 7883 9322
False
Error
Error
1145 7542 7883 5447 9711 6860 5595 8173 4951 426 6604 8065 2919 1751 6002 1910 3951 4604 8784 4322 1860 8973 3186 4141 6917 5637 9890 6628 9574
1145 7542 7883 5447 9711 6860 5595 8173 4951 426 6604 8065 2919 1751 6002 1910 3951 4604 8784 4322 1860 8973 3186 4141 6917 5637 9890 6628 9574
False
27
Error
Error
8065
Error
Error
Error
Error
Error
Error
1751
Error
1751
Error
Error
2919
Error
26
Error
6604
Error
27
6604
False
False
Error
False
Error
1751
False
31
Error
False
Error
Error
Error
8784
Error
Error
4604
Error
Error
Error
Error
Error
1751
Error
32
Error
False
Error
2919
Error
5142 1243 5216 9925 8665 7883 5447 9711 6860 5595 8173 4951 426 6604 8065 2919 1751 6002 1910 3951 4604 8784 4322 1860 8973 3186 4141 3429 4575 4688 7737 2883
Error
False
5142 1243 5216 9925 8665 7883 5447 9711 6860 5595 8173 4951 426 6604 8065 2919 1751 6002 1910 3951 4604 8784 4322 1860 8973 3186 4141 3429 4575 4688 7737 2883
5142 1243 5216 9925 8665 7883 5447 9711 6860 5595 8173 4951 426 6604 8065 2919 1751 6002 1910 3951 4604 8784 4322 1860 8973 3186 4141 3429 4575 4688 7737 2883
Error
False
83 122 473 1810 5142 1243 5216 9925 8665 7883 5447 9711 6860 5595 8173 4951 426 6604 8065 2919 1751 6002 1910 3951 4604 8784 4322 1860 8973 3186 4141 3429 4575 4688
426
6530 9632 83 122 473 1810 5142 1243 5216 9925 8665 7883 5447 9711 6860 5595 8173 4951 426 6604 8065 2919 1751 6002 1910 3951 4604 8784 4322 1860 8973 3186 4141 3429 4575 4688
Error
False
6530 9632 83 122 473 1810 5142 1243 5216 9925 8665 7883 5447 9711 6860 5595 8173 4951 426 6604 8065 2919 1751 6002 1910 3951 4604 8784 4322 1860 8973 3186 4141 3429
6530 9632 83 122 473 1810 5142 1243 5216 9925 8665 7883 5447 9711 6860 5595 8173 4951 426 6604 8065 2919 1751 6002 1910 3951 4604 8784 4322 1860 8973 3186 4141 3429
Error
False
34
Error
8173
6530 9632 83 122 473 1810 5142 1243 5216 9925 8665 7883 5447 9711 6860 5595 8173 4951 426 6604 8065 2919 1751 6002 1910 3951 4604 8784 4322 1860 8973 3186 4141 3429
Error
Error
Error
False
5595
False
False
Error
Error
8173
Error
6502 3186 8973 1860 4322 8784 4604 3951 1910 6002 1751 2919 8065 6604 426 4951 8173 5595 6860 9711 5447 7883 8665 9925 5216 1243 5142 1810 473 122 83 9632 6530
8173
Error
False
Error
False
Error
False
268 6502 3186 8973 1860 4322 8784 4604 3951 1910 6002 1751 2919 8065 6604 426 4951 8173 5595 6860 9711 5447 7883 8665 9925 5216 1243 5142 1810 473 122
268 6502 3186 8973 1860 4322 8784 4604 3951 1910 6002 1751 2919 8065 6604 426 4951 8173 5595 6860 9711 5447 7883 8665 9925 5216 1243 5142 1810 473 122
31
Error
Error
Error
268 6502 3186 8973 1860 4322 8784 4604 3951 1910 6002 1751 2919 8065 6604 426 4951 8173 5595 6860 9711 5447 7883 8665 9925 5216 1243 5142 1810
False
4496 268 6502 3186 8973 1860 4322 8784 4604 3951 1910 6002 1751 2919 8065 6604 426 4951 8173 5595 6860 9711 5447 7883 8665 9925 5216 1243 5142
4496 268 6502 3186 8973 1860 4322 8784 4604 3951 1910 6002 1751 2919 8065 6604 426 4951 8173 5595 6860 9711 5447 7883 8665 9925 5216 1243 5142
6604
Error
Error
4951
False
Error
Error
Error
Error
326 1859 268 6502 3186 8973 1860 4322 8784 4604 3951 1910 6002 1751 2919 8065 6604 426 4951 8173 5595 6860 9711 5447 7883 8665 9925 5216 1243 5142 2268 7561 2390 6526 6645
426
326 1859 268 6502 3186 8973 1860 4322 8784 4604 3951 1910 6002 1751 2919 8065 6604 426 4951 8173 5595 6860 9711 5447 7883 8665 9925 5216 1243 5142 2268 7561 2390 6526 6645
False
Error
37
Error
8065
185 3305 8709 326 1859 268 6502 3186 8973 1860 4322 8784 4604 3951 1910 6002 1751 2919 8065 6604 426 4951 8173 5595 6860 9711 5447 7883 8665 9925 5216 1243 5142 2268 7561 2390 6526 6645
False
Error
Error
6766 185 3305 8709 326 1859 268 6502 3186 8973 1860 4322 8784 4604 3951 1910 6002 1751 2919 8065 6604 426 4951 8173 5595 6860 9711 5447 7883 8665 9925 5216 1243 5142 2268 7561 2390 6526
Error
False
37
1751
2495 6766 185 3305 8709 326 1859 268 6502 3186 8973 1860 4322 8784 4604 3951 1910 6002 1751 2919 8065 6604 426 4951 8173 5595 6860 9711 5447 7883 8665 9925 5216 1243 5142 2268 7561
Error
False
1751
Error
Error
39
Error
Error
False
38
38
36
2268 5142 1243 5216 9925 8665 7883 5447 9711 6860 5595 8173 4951 426 6604 8065 2919 1751 6002 1910 3951 4604 8784 4322 1860 8973 3186 6502 268 1859 326 8709 3305 185 6766 2495
Error
Error
Error
Error
9375 8514 4509 2268 5142 1243 5216 9925 8665 7883 5447 9711 6860 5595 8173 4951 426 6604 8065 2919 1751 6002 1910 3951 4604 8784 4322 1860 8973 3186 6502 268 1859 326 8709 3305 185 6766
Error
37
Error
Error
5458 8033 9375 8514 4509 2268 5142 1243 5216 9925 8665 7883 5447 9711 6860 5595 8173 4951 426 6604 8065 2919 1751 6002 1910 3951 4604 8784 4322 1860 8973 3186 6502 268 1859 326 8709 3305 185
39
False
426
38
Error
Error
7471 5458 8033 9375 8514 4509 2268 5142 1243 5216 9925 8665 7883 5447 9711 6860 5595 8173 4951 426 6604 8065 2919 1751 6002 1910 3951 4604 8784 4322 1860 8973 3186 6502 268 1859 326 8709 3286
Error
426
426
Error
Error
5595
Error
Error
Error
Error
Error
6860
Error
8150 6502 3186 8973 1860 4322 8784 4604 3951 1910 6002 1751 2919 8065 6604 426 4951 8173 5595 6860 9711 5447 7883 8665 9925 5216 1243 5142 2268 4509 8514 9375 8033 5458 7471 6917 4209
Error
Error
5095 8150 6502 3186 8973 1860 4322 8784 4604 3951 1910 6002 1751 2919 8065 6604 426 4951 8173 5595 6860 9711 5447 7883 8665 9925 5216 1243 5142 2268 4509 8514 9375 8033 5458 7471 6917 4209
Error
Error
38
Error
Error
8173
8173
Error
8173
Error
False
Error
Error
Error
Error
39
Error
5095 8150 6502 3186 8973 1860 4322 8784 4604 3951 1910 6002 1751 2919 8065 6604 426 4951 8173 5595 6860 9711 5447 7883 8665 9925 5216 1243 5142 2268 4509 8514 9375 8033 5458 7471 6917 4209 9250
39
Error
Error
8173
4819 5095 8150 6502 3186 8973 1860 4322 8784 4604 3951 1910 6002 1751 2919 8065 6604 426 4951 8173 5595 6860 9711 5447 7883 8665 9925 5216 1243 5142 2268 4509 8514 9375 8033 5458 7471 6917 4209 9250
Error
Error
False
Error
38
4951
Error
False
Error
False
Error
Error
4819 5095 8150 6502 3186 8973 1860 4322 8784 4604 3951 1910 6002 1751 2919 8065 6604 426 4951 8173 5595 6860 9711 5447 7883 8665 9925 5216 1243 5142 2268 4509 8514 9375 8033 5458
Error
False
Error
Error
2236 4819 5095 8150 6502 3186 8973 1860 4322 8784 4604 3951 1910 6002 1751 2919 8065 6604 426 4951 8173 5595 6860 9711 5447 7883 8665 9925 5216 1243 5142 2268 4509 8514 9375 8033 5458
Error
Error
1381 5700 1770 2236 4819 5095 8150 6502 3186 8973 1860 4322 8784 4604 3951 1910 6002 1751 2919 8065 6604 426 4951 8173 5595 6860 9711 5447 7883 8665 9925 5216 1243 5142 2268
35
1381 5700 1770 2236 4819 5095 8150 6502 3186 8973 1860 4322 8784 4604 3951 1910 6002 1751 2919 8065 6604 426 4951 8173 5595 6860 9711 5447 7883 8665 9925 5216 1243 5142
False
Error
33
Error
Error
1381 5700 1770 2236 4819 5095 8150 6502 3186 8973 1860 4322 8784 4604 3951 1910 6002 1751 2919 8065 6604 426 4951 8173 5595 6860 9711 5447 7883
Error
Error
Error
3951
Error
Error
False
30
Error
Error
8784
5124 6609 934 5700 1770 2236 4819 5095 8150 6502 3186 8973 1860 4322 8784 4604 3951 1910 6002 1751 2919 8065 6604 426 4951 8173 5595 6860 9711 5447
30
8784
Error
Error
29
Error
Error
3843 6459 5124 6609 934 5700 1770 2236 4819 5095 8150 6502 3186 8973 1860 4322 8784 4604 3951 1910 6002 1751 2919 8065 6604 426 4951 8173 5595 6860 9711
Error
Error
3843 6459 5124 6609 934 5700 1770 2236 4819 5095 8150 6502 3186 8973 1860 4322 8784 4604 3951 1910 6002 1751 2919 8065 6604 426 4951 8173 5595 6860
3843 6459 5124 6609 934 5700 1770 2236 4819 5095 8150 6502 3186 8973 1860 4322 8784 4604 3951 1910 6002 1751 2919 8065 6604 426 4951 8173 5595 6860
30
1860
Error
False
31
31
34
34
False
Error
6860 5595 8173 4951 426 6604 8065 2919 1751 6002 1910 3951 4604 8784 4322 1860 8973 3186 6502 8150 5095 4819 2236 1770 5700 934 6609 5124 6459 3843 9121 8947 9285 2938
Error
35
35
34
7022 2938 9285 8947 9121 3843 6459 5124 6609 934 5700 1770 2236 4819 5095 8150 6502 3186 8973 1860 4322 8784 4604 3951 1910 6002 1751 2919 8065 6604 426 4951 8173 5595
34
Error
6502
