True
Empty
Error
Empty
Error
Error
Empty
Empty
True
Error
Error
Error
Error
4052
Error
5336
Error
5152 9818 5336
5152
5152
Error
Error
Error
Empty
Empty
Empty
Empty
Error
Error
Empty
Error
Empty
Error
0
Empty
Error
Empty
3360
Error
4
1143
False
Error
1717 2801 6680 5307 1143 3360
Error
Error
Error
False
False
1143
1143
Error
False
3360
3
1962 6584 3360 1143
6584
False
7694 3063 5533 6371 1962 6584 3360
Error
1244 7694 3063 5533 6371
3063
1244 7694 3063 5533 6371
Error
Error
Error
7694
False
6042 3063 7694 1244
4
Error
Error
1244 7694 3063
Error
Error
2
Error
1244 7694
Error
Error
889 8050 1244
Error
False
Error
Error
Error
Error
Empty

Error
Empty
Empty
Error

Empty

Error
2
Error
Error
Error
Error
Error
Error
4
Error
4326
False
Error
Error
4
False
False
Error
Error
5
Error
Error
Error
False
1277
1277
8096 1277
8096
True
Error
Error
True
Error
226 4967
False
Error
Error
Error
Error
Error
Empty
Empty
Error
Empty
Error
Empty

Error
Error
Error
Error
Error
Error
5
3490
Error
5
Error
Error
7
5713 3490 6205 9118 1254 8573
8
8541 6151 5713 3490 6205 9118 1254 8573
5713
False
Error
3490
Error
3490
Error
5713
5713
12
Error
Error
8773 355 5858 8541 6151 5713 3490 6205 9118 1254 3383
6151
Error
1254 9118 6205 3490 5713 6151 8541 5858 355 8773
1254 9118 6205 3490 5713 6151 8541 5858 355 8773
Error
Error
Error
3490
Error
Error
6205
5084 6271 4675 1254 9118 6205 3490 5713 6151 8541 5858
10
4982 5084 6271 4675 1254 9118 6205 3490 5713 6151 8541
Error
Error
Error
False
Error
Error
Error
858 8541 6151 5713 3490 6205 9118 1254 4675
Error
Error
Error
Error
9894 9603 1254 9118 6205 3490 5713 6151 8541 858
9894 9603 1254 9118 6205 3490 5713 6151 8541 858
False
9894 9603 1254 9118 6205 3490 5713
7
Error
6
4926 9894 9603 1254 9118 6205 3490
Error
Error
Error
9
Error
Error
9
Error
Error
9118 1254 9603 9894 4926 8463
Error
Error
Error
False
9118 1254 9603 9894 4926
5
False
Error
Error
Error
Error
9982 6664 8992 9603 1254
138 5050 963 9982 6664 8992
6
6
False
5
Error
False
Error
4
Error
138 5050 963
Error
138 5050 963
Error
Error
Error
963
6305 963
False
2
Error
Error
Error
9441
False
9441
2
7425 9441
1
False
7425
7425
Error
False
Empty
3137 5401
2
False
Error
Error
2
Error
Error
9804
2
False
Error
9069 9185 9706 9804
Error
Error
Error
Error
Error
9804
Error
8
False
7
6478 9069 9185 9706 9804 3956 1209
False
False
Error
6478 9069 9185 9706 9804
Error
9069
Error
7326 6478 9069 9185 9706
Error
False
5
Error
Error
Error
Error
Error
Error
Error
Error
False
Error
Error
290 1484
7147
Error
Error
Empty
Empty
Error
5880
Error
Empty
0
Empty
True

Error
Error
0
Empty
Error
1
2877
Error
True
Error
Error
0
1630 2777
Error
Error
Error
False
4
Error
8375
8375
False
7
Error
False
7
False
Error
Error
Error
Error
8252
9
8
9391 9960 60 4080 8775 8252 4139 4639
6457 9391 9960 60 4080 8775 8252 4139
8
8
False
Error
False
4972 8837 9615 6457 9391 9960 60 4080 8775 8252
10
9391
6457
6457
Error
Error
5800 2494 9507 4972 8837 9615 6457 9391 9960 60
Error
Error
Error
1030 9960 9391 6457 9615 8837 4972 9507 2494 5800 2355 5067
8626 1030 9960 9391 6457 9615 8837 4972 9507 2494 5800 2355 5067
14
5067 2355 5800 2494 9507 4972 8837 9615 6457 9391 9960 1030 8626 5215
Error
Error
Error
False
Error
Error
Error
9507
Error
Error
Error
Error
Error
Error
Error
Error
2389 9960 9391 6457 9615 8837 4972 9507 2494 5800 2355 5067 7222 8943
8943 7222 5067 2355 5800 2494 9507 4972 8837 9615 6457 9391 9960 2389
14
False
Error
2389 9960 9391 6457 9615 8837 4972 9507 2494 5800 2355 5067 7222
Error
4972
Error
False
Error
2351 5973 2389 9960 9391 6457 9615 8837 4972 9507 2494 5800 2355
False
14
14
Error
Error
3280 2779 2351 5973 2389 9960 9391 6457 9615 8837 4972 9507 2494 5800
Error
Error
Error
Error
Error
Error
13
Error
11
Error
Error
False
9615
2118 9507 4972 8837 9615 6457 9391 9960
False
Error
False
12
Error
Error
Error
11
Error
Error
3286 5191 9327 2118 9507 4972 8837 9615 6457 9391 9960
Error
Error
Error
9507
Error
Error
Error
Error
Error
Error
Error
False
Error
Error
Error
Error
Error
8321 4972 9507 2118 9327 5191 3286 6487 2878 5601 1380
10
9327
Error
9327
13
Error
13
Error
Error
13
Error
False
False
Error
2209 5306 4452 8907 2706 3286 5191 9327 2118 9507 4972 8321 9773 9349 48 9182
16
9327
16
Error
Error
Error
Error
16
Error
Error
15
Error
Error
Error
13
False
5191
False
Error
1488 6440 8370 9507 2118 9327 5191 3286 2706 8907 4452 5306 2209
Error
Error
Error
5972 9507 2118 9327 5191 3286 2706 8907 4452 5306 2209 1390 7616 3462
False
Error
Error
Error
False
False
Error
False
8473 502 7616 1390 2209 5306 4452 8907 2706 3286
Error
Error
Error
Error
False
Error
Error
Error
Error
14
Error
Error
1643 8785 3874 8473 502 7616 1390 2209 5306 4452 8907 2706 3286 6427
14
Error
Error
502
10
5306 2209 1390 7616 502 8473 3874 8785 1643 8514
11
Error
8161 1325 1327 5306 2209 1390 7616 502 8473 3874 8785 1643 8514
2209
10
2209
False
10
Error
2209
Error
1084 8473 502 7616 1390 2209 5306 1327 1325
False
6847 1084 8473 502 7616 1390 2209 5306 1327
False
Error
9
Error
False
4756 1853 1327 5306 2209 1390 7616 502 8473 1084 6847
Error
False
12
Error
1165 4756 1853 1327 5306 2209 1390 7616 502 8473 1084 6847
2209
Error
False
False
Error
Error
2209
1327
1327
Error
1853
9
Error
9
Error
2500 2209 5306 1327 1853 4756 1165 7688 3471
Error
Error
9
Error
False
Error
3289 357 2500 2209 5306 1327 1853 4756 1165
Error
3289 357 2500 2209 5306 1327 1853 4756
2209
Error
False
Error
2209
Error
Error
Error
Error
2500
357
Error
7442 1689 3289 357 2500 2209
False
False
Error
Error
Error
Error
Error
5
4
Error
6
Error
Error
3569 3289 1689 7442 3857 5148
1689
Error
Error
7
Error
Error
Error
7
Error
Error
5017 3569 3289 1689 7442 3857 2134
Error
3289
6338 7324 5017 3569 3289 1689 7442 3857 2134
Error
6338 7324 5017 3569 3289 1689 7442 3857 2134
3569
False
Error
Error
False
Error
Error
6338 7324 5017 3569 3289 1689 7442 2932
6338 7324 5017 3569 3289 1689 7442 2932
3569
Error
Error
6
Error
Error
Error
Error
7324 5017 3569 3289 1689
Error
Error
False
5017
5017
Error
4
Error
False
7324
4
1507 7324 5017 3569
False
3
Error
Error
False
Error
1507
False
Error
Error
9567 6025 7737 2904 1507 7324 5797
Error
Error
7
Error
Error
Error
6025
Error
Error
7
9567
Error
556
Error
False
5645 2361 4992 9900 1028 8565 8769 556 3725 9567
1028
1028
9454 85 381 5645 2361 4992 9900 1028 8565 8769 556 3725 9567
Error
9900
13
Error
9454 85 381 5645 2361 4992 9900 1028 8565 8769 556 3725 9567
9900
9454 85 381 5645 2361 4992 9900 1028 8565 8769 556 3725 9567
Error
False
4142 556 8769 8565 1028 9900 4992 2361 5645 381 85 9454 1936 609
4142 556 8769 8565 1028 9900 4992 2361 5645 381 85 9454 1936 609
Error
7364 609 1936 9454 85 381 5645 2361 4992 9900 1028 8565 8769 556 4142
12
12
Error
10
False
Error
5645
Error
False
1314 9812 9900 4992 2361 5645 381 85 9454 1936 609 7364
Error
1314 9812 9900 4992 2361 5645 381 85 9454
False
4992
9
Error
False
6957 1314 9812 9900 4992 2361 5645 381 85
8
False
8
Error
False
Error
False
Error
1905 6957 1314 9812 9900 4992 2361
Error
Error
Error
Error
Error
False
False
False
Error
1299 1368 1905 6957
1368
Error
Error
1368
Error
Error
2961 6957 1905 1368 1299
False
Error
Error
Error
Error
Error
10
1368
10
3220 5901 9484 1905 1368 1299 2718 4761 4569
228 3220 5901 9484 1905 1368 1299 2718 4761 4569
Error
Error
Error
Error
Error
Error
False
Error
Error
Error
5901
13
Error
False
Error
15
False
15
False
3220
2718 1299 1368 1905 9484 5901 3220 228 3355 9321 7443 1076 5038 7015
14
14
7015 5038 1076 7443 9321 3355 228 3220 5901 9484 1905 1368 1299 2718
228
Error
228
228
Error
2905 7906 7015 5038 1076 7443 9321 3355 228 3220 5901 9484 1905 1368 1299 2718
3355
Error
False
Error
Error
3355
3355
Error
3355
Error
Error
Error
8384 1368 1905 9484 5901 3220 228 3355 9321 7443 1076 5038 7015
Error
Error
Error
3220
Error
Error
3220
Error
Error
Error
False
Error
Error
False
Error
228
Error
Error
False
14
Error
Error
15
7443
1076
1076
1905 9484 5901 3220 228 3355 9321 7443 1076 5019 5922 1 3370 866 6116 1658 2034 4760
1076
1076
1076
Error
1076
2033 4760 2034 1658 6116 866 3370 1 5922 5019 1076 7443 9321 3355 228 3220 5901 9484 1905
Error
Error
Error
Error
Error
False
Error
Error
26
Error
False
Error
28
Error
Error
27
Error
Error
Error
False
Error
Error
1076
Error
Error
9321
9321
Error
Error
Error
Error
3240 6834 8630 8506 6110 8301 954 3844 9271 1905 9484 5901 3220 228 3355 9321 7443 1076 5019 5922 1 3370 866 6116 1658 2034 4760
228
3220
3220
3220
Error
False
3240 6834 8630 8506 6110 8301 954 3844 9271 1905 9484 5901 3220 228 3355 9321 7443 1076 5019 5922 1 3370 866 6116
Error
Error
Error
Error
Error
23
False
Error
Error
Error
3355
Error
Error
8630 8506 6110 8301 954 3844 9271 1905 9484 5901 3220 228 3355 9321 7443 1076 5019 5922 1 3370 9803 7911 1466 6371 5414 1844 9321
Error
27
3355
3355
Error
Error
9321
9321
Error
28
False
Error
Error
8630 8506 6110 8301 954 3844 9271 1905 9484 5901 3220 228 3355 9321 7443 1076 5019 5922 1 3370 9803 7911 1466 6371 5414 1844
Error
228
228
False
22
Error
21
Error
False
False
Error
Error
Error
Error
Error
Error
Error
Error
7443
Error
7443
440 3844 9271 1905 9484 5901 3220 228 3355 9321 7443 1076 5019 5922 76 8559 413 1862 7484 2881 1727 9414
False
Error
9321
5674 8191 440 3844 9271 1905 9484 5901 3220 228 3355 9321 7443 1076 5019 5922 76 8559 413 1862 7484
7484 1862 413 8559 76 5922 5019 1076 7443 9321 3355 228 3220 5901 9484 1905 9271 3844 440 8191 5674
22
Error
Error
Error
Error
21
Error
20
Error
False
Error
Error
21
2002 1277 3373 7764 6609 9308 8559 76 5922 5019 1076 7443 9321 3355 228 3220 5901 9484 1905 9271 3844 440 3284 1010
False
Error
Error
23
23
Error
False
21
20
Error
Error
Error
Error
16
16
Error
16
Error
17
Error
Error
996 1148 8447 9774 9271 1905 9484 5901 3220 228 3355 9321 7443 1076 5019 5922 76
False
Error
19
18
Error
9484
Error
False
Error
Error
Error
Error
False
False
Error
2221 7316 8760 6610 6237 6232 5019 1076 7443 9321 3355 228 3220 5901 9484 1905 9271 9774 8447 1148 996
21
False
Error
Error
Error
Error
Error
Error
Error
Error
Error
Error
5019
634 6147 6706 3703 4153 2057 2221 7316 8760 6610 6237 6232 5019 1076 7443 9321 3355 228 3220 5901 9484 1905 9271
Error
Error
Error
Error
7177 9097 3821 634 6147 6706 3703 4153 2057 2221 7316 8760 6610 6237 6232 5019 1076 7443 9321 3355 228 3220 5901 9484
25
Error
9922 7177 9097 3821 634 6147 6706 3703 4153 2057 2221 7316 8760 6610 6237 6232 5019 1076 7443 9321 3355 228 3220 5901 9484
Error
Error
9922 7177 9097 3821 634 6147 6706 3703 4153 2057 2221 7316 8760 6610 6237 6232 5019 1076 7443 9321 3355 228 3220 5901
25
False
False
Error
26
4153
2221
Error
Error
8773 2667 8553 3173 9922 7177 9097 3821 634 6147 6706 3703 4153 2057 2221 7316 8760 6610 6237 6232 5019 1076 7443 9321 3355 228 5868 1902 2550
2057
Error
28
8773 2667 8553 3173 9922 7177 9097 3821 634 6147 6706 3703 4153 2057 2221 7316 8760 6610 6237 6232 5019 1076 7443 9321 3355 228 5868 1902
1930 8773 2667 8553 3173 9922 7177 9097 3821 634 6147 6706 3703 4153 2057 2221 7316 8760 6610 6237 6232 5019 1076 7443 9321 3355 228 5868
Error
Error
4153
Error
False
25
9321 7443 1076 5019 6232 6237 6610 8760 7316 2221 2057 4153 3703 6706 6147 634 3821 9097 7177 9922 3173 8553 2667 8773 1930
Error
False
2057
Error
24
Error
Error
False
21
Error
False
False
Error
Error
Error
21
Error
8760
21
Error
6783 5469 5328 5321 9321 7443 1076 5019 6232 6237 6610 8760 7316 2221 2057 4153 3703 6706 6147 634 3821
21
Error
False
Error
Error
21
Error
8710 634 6147 6706 3703 4153 2057 2221 7316 8760 6610 6237 6232 5019 1076 7443 9321 5321 5328 5469 6783
Error
Error
8760
2798 2829 7443 1076 5019 6232 6237 6610 8760 7316 2221 2057 4153 3703 6706 6147 634 8710 143 7942 2414 1069 8884 9303 9564
5777 2798 2829 7443 1076 5019 6232 6237 6610 8760 7316 2221 2057 4153 3703 6706 6147 634 8710 143 7942 2414 1069 8884 9303 9564
Error
Error
Error
25
Error
Error
25
Error
Error
25
4978 5777 2798 2829 7443 1076 5019 6232 6237 6610 8760 7316 2221 2057 4153 3703 6706 6147 634 8710 143 7942 2414 1069 8884
2221
2221
False
8237 8884 1069 2414 7942 143 8710 634 6147 6706 3703 4153 2057 2221 7316 8760 6610 6237 6232 5019 1076 7443 2829 2798 5777
25
False
False
27
27
False
5533 1043 1101 8360 4589 8237 8884 1069 2414 7942 143 8710 634 6147 6706 3703 4153 2057 2221 7316 8760 6610 6237 6232 5019 1076 7443
Error
Error
Error
5533 1043 1101 8360 4589 8237 8884 1069 2414 7942 143 8710 634 6147 6706 3703 4153 2057 2221 7316 8760 6610 6237 6232 5019 1076 7443
Error
Error
False
Error
Error
Error
False
Error
32
Error
8760
3355 7074 9811 5130 5410 8659 6327 3607 2632 7443 1076 5019 6232 6237 6610 8760 7316 2221 2057 4153 3703 6706 6147 634 8710 143 7942 2414 1069
27
Error
3355 7074 9811 5130 5410 8659 6327 3607 2632 7443 1076 5019 6232 6237 6610 8760 7316 2221 2057 4153 3703 6706 6147 634 8710 143
Error
Error
Error
143 8710 634 6147 6706 3703 4153 2057 2221 7316 8760 6610 6237 6232 5019 1076 7443 2632 3607 6327 8659 5410 5130 9811 7074 3355 5726
26
Error
Error
False
Error
27
28
False
Error
2221
Error
Error
Error
Error
Error
Error
False
8496 5400 8310 9172 7772 6791 1692 6583 143 8710 634 6147 6706 3703 4153 2057 2221 7316 8760 6610 6237 6232 5019 1076 7443 2632 3607 6327
Error
False
Error
Error
Error
26
Error
Error
Error
False
Error
Error
Error
25
Error
1805 2632 7443 1076 5019 6232 6237 6610 8760 7316 2221 2057 4153 3703 6706 6147 634 8710 143 6583 1692 6791 7772 9172 8310
Error
4153
24
4153
Error
4153
Error
9172 7772 6791 1692 6583 143 8710 634 6147 6706 3703 4153 2057 2221 7316 8760 6610 6237 6232 5019 1076 7443 2632
9172 7772 6791 1692 6583 143 8710 634 6147 6706 3703 4153 2057 2221 7316 8760 6610 6237 6232 5019 1076 7443
False
3703
Error
Error
Error
3703
Error
3535 9172 7772 6791 1692 6583 143 8710 634 6147 6706 3703 4153 2057 2221 7316 8760 6610 6237 6232 5019 1076
Error
3703
1076 5019 6232 6237 6610 8760 7316 2221 2057 4153 3703 6706 6147 634 8710 143 6583 1692 6791 7772 9172
Error
22
22
Error
Error
22
718 2462 1076 5019 6232 6237 6610 8760 7316 2221 2057 4153 3703 6706 6147 634 8710 143 6583 1692 6791 7772
Error
Error
Error
Error
1443 718 2462 1076 5019 6232 6237 6610 8760 7316 2221 2057 4153 3703 6706 6147 634 8710 143 6583 1692 6791
Error
2221
2221
7316
Error
7316
22
False
Error
9506 1443 718 2462 1076 5019 6232 6237 6610 8760 7316 2221 2057 4153 3703 6706 6147 634 8710 143 6583 1692
9506 1443 718 2462 1076 5019 6232 6237 6610 8760 7316 2221 2057 4153 3703 6706 6147 634 8710 143 6583 1692
Error
Error
Error
Error
Error
Error
Error
21
Error
False
False
Error
Error
22
2221
Error
2057
117 1692 6583 143 8710 634 6147 6706 3703 4153 2057 2221 7316 8760 6610 6237 6232 5019 1076 2462 718 1076
Error
22
Error
Error
False
Error
False
Error
3703
6232 6237 6610 8760 7316 2221 2057 4153 3703 6706 6147 634 8710 143 6583 1692 117 7208
4153
18
Error
Error
Error
Error
Error
4153
4153
20
Error
18
False
18
Error
Error
6706
Error
Error
Error
Error
Error
6546 7947 7981 2823 3394 6583 143 8710 634 6147 6706 3703 4153 2057 2221 7316 8760 6610 6237
Error
Error
Error
19
Error
Error
Error
8760 7316 2221 2057 4153 3703 6706 6147 634 8710 143 6583 3394 2823 7981 7947 6546
Error
8760 7316 2221 2057 4153 3703 6706 6147 634 8710 143 6583 3394 2823 7981 7947 6546
634
Error
3703
Error
Error
Error
False
False
Error
False
Error
False
False
Error
Error
6614 7890 7892 8938 1999 3653 8969 9938 8760 7316 2221 2057 4153 3703 6706 6147 634
Error
6614 7890 7892 8938 1999 3653 8969 9938 8760 7316 2221 2057 4153 3703 6706 6147
Error
Error
Error
False
Error
False
False
8760
7316
Error
Error
6614 7890 7892 8938 1999 3653 8969 9938 8760 7316 2221 4243 5277 1231 3604
6614 7890 7892 8938 1999 3653 8969 9938 8760 7316 2221 4243 5277 1231 3604
Error
False
False
Error
Error
18
18
Error
18
False
Error
5191 5277 4243 2221 7316 8760 9938 8969 3653 1999 8938 7892 7890 6614 8972
Error
Error
Error
Error
15
Error
Error
Error
False
Error
Error
4683 4480 9977 9448 4415 5191 5277 4243 2221 7316 8760 9938 8969
Error
4415
Error
9977
False
Error
False
8
Error
Error
Error
4683 4480 9977 9448 4415 5191 5277 4243
Error
Error
Error
9977
Error
False
10
False
Error
Error
Error
Error
3165 2704 8179 4683 4480 9977 9448 4415 5191 5277 8940
11
Error
Error
False
8179
Error
Error
False
False
1
Error
4683
Error
Empty
1
Error
Error
Error
2
Error
Error
8911
4
Error
7478 8911 8232
7478 8911 8232
7478
8911 7478
Error
Error
8911
Error
8911
Empty
Empty
True
850
Error
Error
False
3530 2919 1831 3056 850
Error
Error
Error
Error
Error
2919 1831 5543
2919 1831
Empty
Error
Error
Error
4607
1957
1957
Error
5200 1957
Error
Error
2
5200
Error
Error
False
Error
Error
Error
6
Error
Error
Error
4
1386
3
5379 5688 1386
Error
5
5379
5379
5
Error
Error
5379
False
277 8130 5379 5688 2727 2480
Error
6
False
False
Error
Error
Error
Error
Error
Error
8259
8259
Error
False
8130 277 8259 6143 7234 6861 7348
Error
Error
Error
Error
6861 7234 6143 8259 277 8130
Error
Error
Error
6861
Error
5766 8199 3077 5153 439 6861 7234 6143 8259 277 8130
Error
8130 277 8259 6143 7234 6861 439 5153 3077 8199 5766
Error
Error
9
Error
Error
9577
11
Error
12
Error
1998
Error
15
6856 7025 7489 83 15 1998 9577 7353 8130 277
Error
Error
Error
6856 7025 7489 83 15 1998 9577 7353 8130 277
Error
Error
Error
6
Error
Error
Error
Error
False
Error
Error
8069 7906 9894 5695 1998 15 83 7489
False
8797 8069 7906 9894 5695 1998 15 83 7489
False
5695
Error
11
12
6676 2488 1264 7489 83 15 1998 5695 9894 7906 8069 8797 9964
False
False
Error
Error
Error
Error
Error
Error
False
17
False
False
Error
Error
Error
Error
Error
8163 6041 2488 1264 7489 83 15 1998 5695 9894 7906 8069 8797 9964
False
Error
Error
Error
False
14
14
8069
False
Error
4827 7906 8069 8797 9964 6814 4789 6382 9890 2319 6731
4827 7906 8069 8797 9964 6814 4789 6382 9890 2319 6731
Error
Error
588 4827 7906 8069 8797 9964 6814 4789 6382 9890 2319 6731
False
Error
588 4827 7906 8069 8797 9964 6814 4789 6382 9890 2319 6731
1506 3236 4310 1113 1220 588 4827 7906 8069 8797 9964 6814 4789 6382 9890 2319
16
Error
7334 8862 9912 7531 6382 4789 6814 9964 8797 8069 7906 4827 588 1220 1113
Error
False
8069
Error
Error
16
Error
15
False
588
Error
Error
13
12
12
Error
14
4167 2275 8212 6814 9964 8797 8069 7906 4827 588 1220 1113 3680 4856
4220 4167 2275 8212 6814 9964 8797 8069 7906 4827 588 1220 1113 3680 4856
Error
15
False
15
False
Error
Error
Error
Error
13
Error
13
False
Error
Error
2773 8272 2310 3343 4220 4167 2275 8212 6814 9964 8797 8069 7906
14
1151 2773 8272 2310 3343 4220 4167 2275 8212 6814 9964 8797 8069 7906
14
Error
Error
Error
7906 8069 8797 9964 6814 8212 2275 4167 4220 3343 2310 8272 2773 1151 2386
Error
False
5369 3407 1069 7906 8069 8797 9964 6814 8212 2275 4167 4220 3343 2310 8272 2773
False
Error
Error
8212
16
8088 7175 1069 7906 8069 8797 9964 6814 8212 2275 4167 4220 3343 2310 8272 2773
6814
False
2773 8272 2310 3343 4220 4167 2275 8212 6814 9964 8797 8069 7906 1069 7175 8088
2275
16
Error
Error
Error
Error
14
14
False
Error
Error
Error
15
Error
False
8763 8069 8797 9964 6814 8212 2275 4167 4220 3343 2310 8272 2773 3783 7064
False
Error
881 66 3323 7356 6058 8763 8069 8797 9964 6814 8212 2275 4167 4220 3343 2310 8272 2773 3783 7064 4970 8352
Error
Error
Error
Error
Error
Error
Error
25
25
26
Error
Error
Error
9871 186 8761 8903 3897 8545 881 66 3323 7356 6058 8763 8069 8797 9964 6814 8212 2275 4167 4220 3343 2310 8272 2773 3783 7064
Error
False
Error
Error
9964
25
Error
Error
9964
Error
Error
8069
Error
4182 8509 9812 8761 8903 3897 8545 881 66 3323 7356 6058 8763 8069 8797 9964 6814 8212 2275 4167 4220 3343 2310 8272 2773 3783
8763
Error
Error
Error
8763
Error
1978 9649 7984 4182 8509 9812 8761 8903 3897 8545 881 66 3323 7356 6058 8763 8069 8797 9964 6814 8212 2275 4167 4220 3343 2310 8272 2773 3783
1978 9649 7984 4182 8509 9812 8761 8903 3897 8545 881 66 3323 7356 6058 8763 8069 8797 9964 6814 8212 2275 4167 4220 3343 2310 8272 2773 3783
Error
1978 9649 7984 4182 8509 9812 8761 8903 3897 8545 881 66 3323 7356 6058 8763 8069 8797 9964 6814 8212 2275 4167 4220 3343 2310 8272 2773 3783
Error
Error
Error
Error
Error
Error
27
Error
Error
7252 7133 5576 1978 9649 7984 4182 8509 9812 8761 8903 3897 8545 881 66 3323 7356 6058 8763 8069 8797 9964 6814 8212 2275 4167
Error
Error
8545
Error
Error
24
23
Error
Error
Error
Error
3897
Error
7133 5576 1978 9649 7984 4182 8509 9812 8761 8903 3897 8545 881 66 3323 7356 6058 8763 8069 8797 9964 6814
3897
Error
False
6814 9964 8797 8069 8763 6058 7356 3323 66 881 8545 3897 8903 8761 9812 8509 4182 7984 9649 1978 5576 7133 4678
Error
8545
False
Error
Error
Error
Error
Error
7356
Error
Error
Error
False
6058
Error
False
Error
Error
4112 4182 8509 9812 8761 8903 3897 8545 881 66 3323 7356 6058 8763 8069 8797 9964 6814 4751 8392 8531 8560
Error
20
False
508 4112 4182 8509 9812 8761 8903 3897 8545 881 66 3323 7356 6058 8763 8069 8797 9964 6814 4751 8392
Error
881
False
8545
19
19
5157 508 4112 4182 8509 9812 8761 8903 3897 8545 881 66 3323 7356 6058 8763 8069 8797
Error
Error
Error
Error
Error
Error
Error
4123 6865 7703 4751 5157 508 4112 4182 8509 9812 8761 8903 3897 8545 881 66 3323 7356 6058 8763
False
21
Error
19
3337 6006 4123 6865 7703 4751 5157 508 4112 4182 8509 9812 8761 8903 3897 8545 881 66 3323 7356
Error
5172 5281 3337 6006 4123 6865 7703 4751 5157 508 4112 4182 8509 9812 8761 8903 3897 8545 881 66 3323
508
5157
5157
5157
Error
Error
Error
Error
8632 6855 1551 5172 5281 3337 6006 4123 6865 7703 4751 5157 508 4112 4182 8509 9812 8761 8903 3897 8545
False
20
Error
Error
3337
Error
Error
Error
758 2174 8245 8632 6855 1551 5172 5281 3337 6006 4123 6865 7703 4751 5157
Error
Error
16
Error
Error
Error
Error
15
Error
False
Error
Error
5172
Error
Error
5172
5172
Error
False
Error
False
11
4583 7703 6865 4123 6006 3337 5281 5172 1551 6855 8632 8245
False
Error
11
False
False
Error
Error
435 8582 1820 4583 7703 6865 4123 6006 3337 5281 5172 1551
14
Error
False
7703
Error
Error
1362 4296 5172 5281 3337 6006 4123 6865 7703 4583 1820 8582 435 4392 594
15
Error
Error
False
Error
False
15
16
Error
4296
16
492 8786 8434 7463 1537 7359 4968 1362 4296 5172 5281 3337 6006 4123 6865 7703 4583
Error
Error
Error
Error
4968
Error
Error
7359
Error
Error
Error
Error
Error
Error
Error
Error
4296
3350 4123 6006 3337 5281 5172 4296 1362 4968 7359 1537 7463 8434
Error
False
7146 935 7499 4644 3350 4123 6006 3337 5281 5172 4296 1362 4968 7359 1537 7463
Error
Error
Error
Error
7146 935 7499 4644 3350 4123 6006 3337 5281 5172 4296 1362 4968 7359
Error
7146 935 7499 4644 3350 4123 6006 3337 5281 5172 4296 1362 4968 7359
Error
Error
Error
Error
Error
Error
Error
3337
False
Error
Error
False
3852 3196 1747 7618 7268 3563 4968 1362 4296 5172 5281 3337 6006 4123 3350 4644 7499
Error
Error
Error
Error
Error
18
Error
5510 3589 3337 5281 5172 4296 1362 4968 3563 7268 7618 1747 3196 3852 5945 3151 6763
Error
Error
17
4968
Error
1551 5510 3589 3337 5281 5172 4296 1362 4968 3563 7268 7618 1747 3196 3852 5945
Error
854 1551 5510 3589 3337 5281 5172 4296 1362 4968 3563 7268 7618 1747 3196 3852 5945
False
Error
False
3337
15
15
Error
Error
Error
Error
Error
12
Error
Error
False
3589
3589
13
8400 1362 4296 5172 5281 3337 3589 5510 1551 854 6350 7611
Error
8400 1362 4296 5172 5281 3337 3589 5510 1551 854 6350 7611
12
13
Error
Error
468 8400 1362 4296 5172 5281 3337 3589 5510 1551 854 6350 7611
Error
3337
Error
12
Error
6350 854 1551 5510 3589 3337 5281 5172 4296 1362 6558
Error
11
Error
Error
10
Error
10
922 6350 854 1551 5510 3589 3337 5281 5172 4296
Error
False
Error
6600 4296 5172 5281 3337 3589 5510 1551 854 6350 922
3589
11
10
Error
1551 5510 3589 3337 5281 5172 4296 6600 5670
Error
False
1551 5510 3589 3337 5281 5172 4296
Error
Error
Error
Error
5608 3589 3337 5281 5172
False
Error
3589
Error
Error
Error
Error
Error
Error
Error
677 5608 6855
Empty

Error
Empty
False
Error
False
Error
1756
Error
Empty
Error
Error
Error
5
Error
1933 7153

Error
Error
Error
8284
2
False
Error
False
Error
2139
Error
False
3370 6168 2139 8284 2985 1649
6168
Error
Error
Error
6168
Error
3370 6168
Error
Empty
Empty
Empty
Error
Error
Error
Error
Error
Empty
Error
Error
Empty
Error
Error
Error
Empty
0
Empty
0
Empty

Error
Error
Error
False
7857
5240 7857
1
Error
Error
2
False
Error
2
Error
Error
Error
Error
9887
9887
Error
1
Error
False
2093
2093
Error
3907 2093
Error
3907
False
Error
2093 3907
Error
6171 2093 3907
6171
False
Error
Error
Error
Error
Error
Error
Error
Error
6679
Empty
Error
Error
Error
7173
7173
7173
Error
False
7173
7173
Error
Error
Empty
2524
2524
Error
1
7511
2
Error
Error
Empty
Empty
Empty
Empty
Error
Empty
Empty

1
Error
5441
Empty
Error
Error
4992
Error
Error
Error
Error
4992
Error
Error
3
False
False
4992 872 7764
Error
Error
Error
False
4
Error
Error
Error
Error
6
Error
6
7039
Error
7
3955
9055
Error
7394
Error
Error
Error
7394
False
Error
Error
Error
Error
Error
Error
Error
Error
Error
False
Error
Error
3900 9698 147 3568 1795 661 7206 373 1495
False
Error
3900 9698 147 3568 1795 661 7206
Error
False
Error
Error
9698
False
Error
5298 147 9698 3900
Error
Error
Error
Error
True
Error
Error
Error
False
False
Error
9603 6650 8498
9603 6650 8498
Error
7683 9603 6650 8498
Error
Error
Error
Error
4737
False
Error
Error
Error
False
Error
6999 4737 776 1168 4446 7038 4969
Error
5
3
1273 5209 6999 4737
Error
Error
Error
1
Empty
Empty
Empty
0
Empty
4194
Error
0
Empty
Error
8990
1
2
Error
Error
Error
False
2
Error
Error
0
Error
Empty
Empty
Error
0
Empty


Empty
True
Error
Error
Empty
Empty
Error
0
Empty
Empty
4
Error
Error
Error
Error
300 3839 3826
3839
False
Error
Error
300
Error
5
Error
Error
Error
Error
Error
Error
4
4
5
4772 9811 195 442 7223
Error
442
False
442
Error
10
4910 6650 9189 3837 3781 6343 8349 7223 442
False
Error
7223 8349 6343 3781 3837 9189 6650 4910 6951 6859 7045
Error
11
Error
Error
False
Error
6343
9286 4747 7223 8349 6343 3781 3837 9189 6650
False
False
Error
False
Error
8
Error
3106 9286 4747 7223 8349 6343 3781 3837
Error
8349
Error
Error
Error
False
Error
8349
Error
Error
Error
Error
Error
8349
False
Error
False
1098
2
2
1
Error
Error
Error
Error
True
Empty
Error
True


Empty
Empty
0

0
0
Empty
Empty
Error
Empty

Empty
Empty
0
Empty
0
Error
Error
Error
False
Error
2433 5838 2331
Error
Error
5838
4
Error
3
False
Error
2331
5
Error
Error
False
False
7175 4395 5398 5838 2331
Error
Error
5
Error
False
7175
Error
False
7
False
Error
4395 7175 2846 256 5922 8676 1078
Error
Error
9801 4602 4395 7175 2846 256 5922 8676
9801 4602 4395 7175 2846 256 5922 8676
False
Error
2846
Error
Error
Error
Error
Error
4411 9801 4602 4395 7175 2846 256 5922 8676 7506 3639 5430
4411 9801 4602 4395 7175 2846 256 5922 8676 7506 3639 5430
Error
12
3910 3326 4411 9801 4602 4395 7175 2846 256 5922 8676 7506
Error
False
4395
Error
Error
10
10
10
7175
False
Error
7175
Error
4780 8676 5922 256 2846 7175 4395 4602 9801
256
4780 8676 5922 256 2846 7175 4395 4602
2846
Error
Error
Error
False
Error
8676 5922 256 2846 7175 4395 4602 6977 2412
Error
8859 8676 5922 256 2846 7175 4395 4602 6977 2412
False
8859 8676 5922 256 2846 7175 4395 4602 6977
7
False
Error
Error
Error
5922
Error
Error
False
5
3607 7175 2846 256 5922
Error
Error
7126
2282 602 7126 3607 7175 2846
False
Error
Error
False
Error
8039 7813 2282 602 7126 3607 7175
Error
Error
Error
Error
False
False
Error
7
2282
False
False
6
8039
5738
Error
Error
Error
8039
Error
6
9615
Error
False
Error
5538 2574 2499 7197 9615
3
Error
3391
False
Error
Error
4169
4169
6548 4169 6340
Error
Error
Error
Error
Error
Error
Empty
Empty
0

Error
Error
Empty
Empty
True
False
3414
Error
Error
Error
605 3538 34
False
Error
3
Error
Error
Error
False
Error
Error
Error
Empty
9392
6145 2379 9313
False
Error
Error
Error
Error
9171 9323 7244 6145 2379
7244
2769 9171 9323 7244 6145
6032 2769 9171 9323 7244 6145
Error
6
False
Error
Error
Error
Error
Error
False
Error
Error
2769
Error
2769
1
Error
Error
9205 5791
False
Error
Error
Error
1
1
4760
Error
Error
Error
Error
Error
Error
Error
Error
2439
Empty
0
Error
4
3185
6937 3185 2184 9518
6937 3185 2184 9518
6937 3185 2184 9518
3185
False
Error
4
Error
Error
Error
Error
Error
False
False
4863 7359 307 7961
5
7961 307 7359 4863 3699
False
6
False
6
Error
Error
False
9459 8952 1622 8580 7093 7961 307 7359
9459 8952 1622 8580 7093 7961 307
Error
307 7961 7093 8580 1622 8952 9459
Error
Error
Error
307
Error
False
Error
1622 8580 7093 7961 307 9684 4922 2722
False
3661 2295 7002 1622 8580 7093 7961 307 9684
3661 2295 7002 1622 8580 7093 7961 307
Error
Error
7002
Error
9
Error
False
Error
Error
3661
11
3087 7093 8580 1622 7002 2295 3661 6264 609 170 4809
3087 7093 8580 1622 7002 2295 3661 6264 609 170 4809
2295
3087 7093 8580 1622 7002 2295 3661 6264 609 170 4809
Error
Error
10
Error
Error
False
8
8580 1622 7002 2295 3661 6264 609 7172
8
False
Error
False
4236 5418 2855 6589 8580 1622 7002 2295 3661
Error
False
False
8580
8580
4236 5418 2855 6589 8580 1622 7002 2295 3661
Error
Error
Error
Error
Error
Error
3661 2295 7002 1622 8580 6589 2855 5418
Error
7
False
7002
7002
Error
2295
False
Error
Error
2295
Error
7
Error
Error
7
3661
Error
Error
Error
Error
Error
Error
Error
Error
Error
Error
False
False
False
8
Error
7002
Error
Error
Error
Error
1025 3998 3661 2295 7002 5445 9724 3865 8019
Error
Error
Error
Error
Error
Error
Error
5
Error
Error
Error
Error
6393 5445 7002 2295
Error
5
5
Error
Error
5445
Error
Error
Error
6393
7639
3
Error
Error
Error
Error
Error
Error
Error
4839
False
4079 945 3194 4839 5073 3187
False
2285 4079 945 3194 4839 5073 3187
False
2285 4079 945 3194 4839 5073
Error
Error
False
Error
False
282
False
Error
1817
875
Error
Empty
True
Empty
0
True
Error
0
Error
Error
Empty
Error
1
2
Empty
True
Error
4043
Error
False
Error
False
Error
False
Error
False
1432
1432
Error
269 4776 1432 4831
Error
Error
Error
4
False
Error
4776
False
5750 155 1432 4776 269
Error
5750 155 1432 4776 269
Error
Error
4776
Error
Error
4
False
Error
Error
4776
3834 7877 4776 1432
Error
Error
Error
Error
1
Error
Error
0

8602
Empty
0
True
Empty
1
3017
0
Empty
Error
2
Error
Error
False
0
1
Error
Error
Error
Error
Error
Error
Error
Empty
Empty

0
Empty
Error
7221
Error
Empty
0
Empty
0
Error
Error
Error
7602
2
False
Error
7602
Error
Empty
Error
Error
Error
True
False
False
Error
Error
Error
Error
False
3180
False
Error
Error
Error
Error
False
False
Error
8105 7446 9650 6668 3180
Error
5
False
7446
Error
Error
Error
4
3229
Error
9650
Error
7446
2
Error
Error
Error
Error
False
Empty
Error
3496 1522
3496 1522
False
3496
3496 1522
2630 3496 1522
Error
False
Error
Error
Error
Error
4
3496
5
5
Error
Error
5
Error
False
8468 1522 3496 2630
Error
5
Error
False
3673
Error
Error
4430 7715 3673 4367 8468
5
False
6
Error
False
7715
3673
3673
Error
5
4367
Error
Error
3
Error
Error
6386
Error
4
Error
Error
Error
7067
1242 9502 7067 2829 6386
1242 9502 7067 2829 6386
False
1242 9502 7067
Error
Error
Error
Error
Error
True
Error
7604
Error
Error
Error
Error
Empty
True
Error
3366
Error
Empty
Error

Empty
Empty
Empty
Empty
True
Empty
Error
Empty
Empty
Error
Empty
Empty
Empty
Empty
Empty
Error
False
False
Error
Error
Error
5978
Error
Error
False
Error
Error
Error
5978
1399
True
Error
Empty
Error
False
Error
Empty
Empty
Empty
Error
Empty
Empty
True
Error
Error
1
Error
6650 7938
Error
6650
Error
Error
Empty
Empty
Error
Error
Error
Empty
0
7571
Error
Error
Error
1246 7704 9187
Error
Error
Error
Error
False
1921
Error
7011
Error
Error
9151
3
9151
Error
Error
Error
Empty
Empty
Empty
Empty
Error
0
Empty
Error
Empty
Empty
Error
Error
Empty
Empty
True
Empty
4462
4462
Error
False
Error
Error
Error
Empty
True
Error
0
Error

Empty
1
1
Error
2887
2887
Error
0
Empty
Empty
0
Error
Error

Empty
Empty
Error
Empty
Error

3828
7546
Error
Error
Empty
0
Empty
0
True
0
Error
Empty
Empty
Error
Error
Error
Error
Error
3
6426
6426
Error
Error
Error
Error
Error
Error
Error
False
Error
Error
False
Error
Error
False
2845 7024
Error
3956
Error

Empty
Error
Error
False
2043 9442
Empty
Empty
Error
9709
Error
Error
Error
Empty
Empty
Error
9663
9663
2511 8938
Error
False
False
2511
Error
1
False
2511
False
4
Error
Error
7336
4864 2880 7336 8558
Error
Error
Error
Error
False
Error
5
9462 9766 4864 2880 7336
4864
4
9462 9766 4864
Error
3
3
9766
9462 9766 4864
Error
3
9462 9766
Error
2
9462
Error
9462
1
9462
Error
Error
2
1
3621
Error
Empty

Empty
Error
Error
Error
Error
0
True
Error
Error
Error
2509
9842 2509
2
False
2
2509
2509 9842
2
3
Error
5790
Error
Error
5790
8878 3190 5790
Error
1508 5790 3190 8878
Error
Error
4136
Error
Error
4293 6092 1508 4136 4554 703 1501
Error
4570 4293 6092 1508 4136 4554 703
Error
Error
Error
4570 4293 6092 1508 4136 4554
Error
False
Error
6
Error
5
5
4136 1508 6092 4293
4136
5
Error
6092 1508 4136 3203 4817
4
8408 9996 7759 6092 1508 4136
6
Error
Error
False
7759
False
6092
Error
Error
Error
Error
Error
Error
False
4136
3
False
Error
Error
4
Error
8201 6442 8604 4642
6442
False
Error
Error
5
Error
False
Error
Error
Error
Error
4642 1951 5178 7679 2084 4305 9900 8836 4658 9510
2084
Error
Error
9
9900 4305 2084 7679 5178 1951 4642 9572
Error
Error
Error
Error
10
8
Error
1188 633 9611 365 8476 4642 1951 5178 7679 2084
365
7679 5178 1951 4642 8476 365 9611 633 1188 7930 8428
Error
Error
1188 633 9611 365 8476 4642 1951 5178 7679 4716 1372
False
1188 633 9611 365 8476 4642 1951 5178 7679 4716 1372
Error
Error
4642
Error
Error
False
Error
Error
1372 4716 7679 5178 1951 4642 8476 365 9611 633 1188
1372 4716 7679 5178 1951 4642 8476 365 9611 633 1188
1372 4716 7679 5178 1951 4642 8476 365 9611 633 1188
Error
1951
273 3085 1372 4716 7679 5178 1951 4642 8476 365
Error
Error
Error
Error
Error
273
5809 3800 5580 5759 1552 9063 273 3085 1372 4716 7679 5178
1552
Error
1552
Error
8
5809 3800 5580 5759 1552 9063 273 3085
5809 3800 5580 5759 1552 9063 273 3085
Error
5759
13
False
Error
13
5580
Error
False
5945 5922 4917 5749 5809 3800 5580 5759 1552 9063 273 6155 2845 373
Error
Error
Error
Error
3800
68 5945 5922 4917 5749 5809 3800 5580 5759 1552 9063 273 6155 2845
Error
False
Error
Error
Error
Error
5809
Error
14
5749
Error
5749
8639 4840 68 5945 5922 4917 5749 5809 3800 5580 5759 1552 9063 273
Error
False
5749
Error
14
8639 4840 68 5945 5922 4917 5749 5809 3800 5580 5759 1552 9063 273
Error
14
Error
14
Error
Error
8639 4840 68 5945 5922 4917 5749 5809 3800 5580 5759 1552 9063
False
Error
Error
13
Error
Error
10
1552 5759 5580 3800 5809 5749 4917 5922 5945
Error
11
4917 5749 5809 3800 5580 5759 1552 4827 1118
Error
Error
11
5580
Error
9
9
5759
7878 4341 9850 2696 1118 4827 1552 5759 5580 3800 5809
11
Error
False
Error
5190 3089 7878 4341 9850 2696 1118 4827 1552 5759 5580 3800
Error
5190 3089 7878 4341 9850 2696 1118 4827 1552 5759 5580 3800
2696
9850
10
Error
Error
Error
Error
671 4962 5190 3089 7878 4341 9850 2696 1118 4827
3735 671 4962 5190 3089 7878 4341 9850 2696
3735 671 4962 5190 3089 7878 4341 9850 2696
5190
False
3089
Error
4341
Error
False
Error
Error
7599
Error
Error
5539 4341 8537 7599
3871 5539 4341 8537
Error
4341 5539 3871 482 4078
False
Error
Error
9562 7439 4341 5539 3871 482
False
8024 9562 7439 4341 5539 3871
Error
Error
Error
5
Error
Error
Error
942 5950 7439 9562 8024
5
Error
Error
Error
3
3
9694
Error
Error
Error
4
4
Error
5
Error
Error
Error
Error
Error
2152
Error
Error
Error
5632
Error
6
2996
6
Error
Error
7054 2238 1581 2996 5632
5
9018 7054 2238 1581 2996 5632
4185 9018 7054 2238 1581 2996 5632
Error
7
7
7
1029 4185 9018 7054 2238 1581 2996
1029 4185 9018 7054 2238 1581
False
False
False
5983 1029 4185 9018
Error
3
Error
Error
8932 8509 2439 18 996 5983
2439
8932 8509 2439 18 996 5983
False
False
2
False
Error
Empty
Error
Error
Error
Empty
Empty
False
3810
Error
1
3810
2
Error
1
2
False
2254 8810
Error
Error
2254
Error
8141 6169 7173 4418 2450 2254
Error
7173
Error
8141 6169 7173 4418 2450 2254
False
Error
6
Error
Error
6
Error
Error
False
Error
Error
Error
7156 8141 6169 7173 4418 2450 2254
Error
7
8141
8141
7156
Error
7
False
Error
False
Error
Error
Error
Error
4762 6169 8141 7156 9138 777
Error
False
False
False
Error
Error
Error
2993 4762 6169 8141
Error
2993 4762 6169
2
Error
False
Error
Error
Error
Error
7739
Error
False
Error
4681
Error
Error
Error
4
Error
4
Error
Error
Error
False
Error
Error
Error
44 9106 7739 2374 4681
9442 44 9106 7739 2374
False
Error
Error
9442
Error
Error

False
3856
False
Error
Error
Error
Error
Error
False
1587
1587
7546
5094 7546 1587
Error
5094
False
8859 5094 7546
Error
False
False
1
1
2
Error
False
7546
6264 2656 7546 5649
Error
Error
Error
Empty
Empty
Empty
Empty
Empty
Empty
Empty
Error
Error
Error
Error
Error
3
3
Error
Error
False
Error
2
Error
5927
5927
5409
5409 5927
5409 5927
Error
False
9863
4
2
Error
Empty
Error
Empty
Empty
False
Error
Error
Error
9800 1100
Error
False
2
False
Error
2
9800
Error
Error
False
Error
False
False
Error
3751 8964 1400 1032 4945
Error
Error
Error
4435 3109 5368 4945 1032 1400 8964
False
Error
3109
3109
Error
1400 1032 4945 5368 3109 4435 4048 9015 7363
Error
Error
False
Error
8359 735 8218 9660 1400 1032 4945 5368 3109 4435 4048 9015
Error
12
False
Error
1032
Error
Error
12
735
Error
False
Error
False
Error
13
Error
Error
Error
5368 4945 1032 1400 9660 8218 735 8359 6992 1776
5368 4945 1032 1400 9660 8218 735 8359 6992
False
Error
8218
False
Error
7271 2405 5077 6600 6992 8359 735 8218 9660 1400 1032 4945 5368
6992
4908 331 7271 2405 5077 6600 6992 8359 735 8218 9660
Error
7271
Error
8218 735 8359 6992 6600 5077 2405 7271 331 4908 8558 8487 155
5077
Error
5077
Error
Error
False
Error
False
4908
Error
Error
6203 8357 5698 3727 8067 5511 7615 7290 8487 8558 4908 331 7271 2405 5077 6600 6992 8359 735
False
Error
8487
False
Error
Error
8487
Error
21
7290
8487
Error
8487
Error
Error
Error
Error
Error
20
Error
17
Error
7271
Error
1558 9037 9431 735 8359 6992 6600 5077 2405 7271 331 4908 8558 8487 7290 7615 5511 8067
17
18
Error
Error
270 6821 1353 1713 2539 1890 1831 1161 8067 5511 7615 7290 8487 8558 4908 331 7271 2405
270 6821 1353 1713 2539 1890 1831 1161 8067 5511 7615 7290 8487 8558 4908 331 7271 2405
270 6821 1353 1713 2539 1890 1831 1161 8067 5511 7615 7290 8487 8558 4908 331 7271 2405
Error
Error
Error
1161
19
False
Error
Error
Error
False
18
7290
Error
Error
Error
Error
Error
Error
15
Error
12
Error
Error
7176 9780 7271 331 4908 8558 8487 7290 7615 5511
False
331
False
Error
Error
13
6716 7649 5475 1908 2583 240 7176 9780 7271 331 4908 8558 8487 7290
14
Error
13
7176
7176
False
Error
Error
Error
331
240 7176 9780 7271 331 4908 8558 8487
Error
9177 8487 8558 4908 331 7271 9780 7176 240
4908
9177 8487 8558 4908 331 7271 9780 7176
8
9177 8487 8558 4908 331 7271 9780
9177 8487 8558 4908 331 7271 9780
Error
Error
Error
3236 9177 8487 8558 4908 331 7271 9780
8558
8558
Error
Error
3236 9177 8487 8558 4908 331 7271 9780
Error
5
9099 3236 9177 8487 8558
Error
Error
8487 9177 3236 9099 5624 2976
8487 9177 3236 9099 5624
Error
4
4
8487
3
Error
Error
Error
Error
9829 8487 1873 3613
Error
False
8487
Error
9829
Error
3613 1873 8487 9829 3979 2786
Error
1067 3613 1873 8487 9829 3979 2786
Error
Error
Error
Error
False
Error
Error
False
False
8465 1067 3613 1873 8487 9829 3979
Error
1873
Error
Error
False
Error
Error
Error
Error
False
Error
False
False
Error
Error
6829 4547 7313 8378 1824 9934 4649 9829 8487 1873 3613 1067
Error
1636 4935 6829 4547 7313 8378 1824 9934 4649 9829 8487 1873 3613
Error
Error
Error
Error
5761 1636 4935 6829 4547 7313 8378 1824 9934 4649 9829 8487 1873
Error
Error
False
Error
False
Error
Error
Error
Error
14
370 6740 2454 3826 7822 5761 1636 4935 6829 4547 7313 8378 1824 9934
1636
8104 370 6740 2454 3826 7822 5761 1636 4935 6829 4547 7313 8378 1824 9934
False
False
15
Error
Error
16
Error
1636
1636
Error
1636
False
Error
13
Error
6829
Error
4935
Error
9934 1824 8378 7313 4547 6829 4935 1636 5761 7822 3826 7275
9934 1824 8378 7313 4547 6829 4935 1636 5761 7822 3826 7275
6829
Error
12
Error
Error
Error
Error
13
Error
Error
False
13
13
3525 9503 8881 723 1824 8378 7313 4547 6829 4935 1636 5761
3525 9503 8881 723 1824 8378 7313 4547 6829 4935 1636 5761
1824
False
13
5315 4529 9155 3525 9503 8881 723 1824 8378 7313 4547 6829 4935 1636
Error
13
False
Error
1098 5315 4529 9155 3525 9503 8881 723 1824 8378 7313 4547
12
Error
12
Error
12
12
False
Error
False
Error
9155
Error
8484 2711 1098 5315 4529 9155 3525 9503 8881 723 1824
11
Error
Error
9
Error
Error
Error
8484 2711 1098 5315 4529 9155 3525 9503 8881
10
Error
Error
Error
1098
7
1098
Error
Error
8
2786 7450 8484 2711 1098 5315 4529 9155
8484
Error
False
2786
Error
Error
Error
Error
Error
8484
Error
Error
Error
4
False
6018
Error
False
6018
1
Error
Error
False
Error
Error
Error
Error
Error
2736
Error
4
False
Error
Error
4338 8552 9443 7358 9495
Error
Error
4
False
Error
4338
Error
True
Error
Empty

Empty
Empty
Error
Error
8874
8874
Error
8066
Error
Error
4437 8874 8066
Error
8874 4437
Error
5917 8874 8957 2653
Error
Error
Error
Error
Error
Error
8874
Error
Empty
Empty
True
Error
1
Error
Error
False
Error
3
3
Error
5685 9854
Error
False
Error
3
2
167 5685
2746 167 5685
2
Error
167 2746
167
2
Error
Error
4
Error
2714
False
Error
2714
1082 5011 1168 2714 2746 167
1168
False
1168
1168
2746 2714 1168 5011 1082 590
Error
Error
Error
2746 2714 1168 5011 1082 590
6
False
1168
1168
Error
Error
False
8829 1082 5011 1168 2714 2746 2183 4689
1168
9
Error
Error
1082 5011 1168 2714 2746 2183 4689
Error
False
Error
6
Error
Error
Error
2889 1666 1082 5011 1168 2714 2746
Error
Error
Error
Error
Error
Error
Error
Error
Error
5
4828
4828
Error
1666 2889 4828 5893
Error
1
Empty
Empty
Empty
9560
Error
Error
1
0
True
0
Empty
False
1
1
Error
Empty
Empty
Empty
Empty
Error
Error
False
1
Error
9348
1
9348
9348
9348
False
Empty
Error
Error
Error
Empty
Error
Error
Empty
Error

Empty
Empty
Empty
Error
0
1
Error
False
2871

Error
False
True
Error
Error
Empty
True
Error
7280
False
Error
Error
False
Error
1
Empty
Empty
Empty
0
Error

Error
Error
Error
Error
Error
4
4803
False
4803
5
Error
Error
8946
Error
4098 360 8946 4803 7336 5224
8946
8946
8
Error
8682 2248 4098 360 8946 4803 7336 5224
360
Error
Error
Error
2248
Error
False
Error
Error
Error
Error
Error
Error
Error
Error
False
8946
Error
False
False
Error
Error
9
4803
Error
Error
4098 360 8946 4803 2819 8818 2399 6525
Error
False
False
Error
7461 4098 360 8946 4803 2819 8818 2399 6525
Error
9
4803
Error
5
False
4803
2819
Error
False
Error
False
Error
6
Error
Error
6448 2967 8941 6364 242 4329
4726 6448 2967 8941 6364 242 4329
Error
Error
Error
False
Error
2967
2967
Error
7
4726
2175 8258 880 4726 6448 2967 8941
False
Error
Error
880
880
2175 8258 880 4726 6448
Error
False
880
Error
Error
Error
Error
4
Error
4
4
Error
Error
4049 4277 6049 1149
4049 4277 6049 1149
Error
Error
Error
False
Error
False
Error
8900
2881
Error
Error
2
9013
Error
7897 9013
Error
False
1
1
Error
Error
Empty
True
Empty
Empty
Error
Error
Error
Error
Error
Empty
Error

1
Error
Error
False
Error
9835
Error
1025
Error
1025
False
False
False
Error
1025
7885
Error
6
Error
Error
Error
9128
Error
5263 8843 9737 9128 2665 7694
False
Error
Error
9128
False
2665
Error
8843 9737 9128 2665 7694 2820 4887 7238 52
7694
False
8843 9737 9128 2665 7694 2820 4887 7238 52
8843 9737 9128 2665 7694 2820 4887 7238
Error
False
Error
Error
Error
Error
7694
Error
Error
9301 3758 6180 3343 4332 4887 2820 7694 2665 9128 9737 8843 7029
7694
Error
False
7694
Error
False
False
4590 9286 7029 8843 9737 9128 2665 7694 2820 4887 4332 3343
Error
4590 9286 7029 8843 9737 9128 2665
Error
4232 4590 9286 7029 8843 9737 9128 2665
9286
Error
4232
Error
9952
5961 3612 5203 9952 4232 4590 9286
8
Error
Error
Error
6
Error
Error
5556 4232 9952 5203 3612 5961 3978 6875
Error
5556 4232 9952 5203 3612 5961 3978 6875
9
Error
5203
Error
4232
Error
7
Error
Error
Error
Error
9236 4790 5556
3
Error
False
8301 9236
Error
Error
8301
8301
3
Error
5719
Error
Error
Error
Error
Error
Error
2099 647 5719
647
647
Error
True
Error
0
Empty

Error
False
1416
3
Error
False
4
Error
Error
Empty
Error
Empty
Empty
Empty
True
Empty
Empty
Empty
4701
Error
Error
Error
7381
Error
False
Error
Error
7381
True
Error
True
Empty
True
Empty
Error

Error
Error
Error
0
Empty
Empty
Error
Empty
0
Empty
Error
0
5555
Error
5555
1
Error
Error
Error
Error
2
Error
False
Error
Empty
Empty
5606
2
2
5919
Error
2
1237 5802
6641
6
Error
False
2163 5802 1237 4100 6641 1374
Error
6
False
False
8
Error
Error
6001
Error
Error
Error
Error
1237
False
Error
False
Error
Error
Error
8
Error
386 6641 4100 1237 7713 5925 1902 8041
Error
4100
Error
Error
Error
4100 1237
False
Error
Error
0
Error
Empty
Empty
Error
Error
Error
Error
Error
Error
Error
Error
Error
7628 2121 8044
1
False
False
Error
Error
False
Error
Error
Error
False
Error
Error
Error
Error
Error
3
Error
Error
False
False
Error
3
6824
Error
Error
8766 710 6824 1162
710
Error
False
8766 710
2
Error
Error
2774 8202 8766 710
Error
Error
Error
Error
8202
Error
Error
Error
False
4
Error
5
4311
False
Error
2274 3625 3039 4311 8766 8202
Error
Error
Error
Error
3039
Error
Error
Error
Error
Error
3
Error
Error
Error
4
Error
Error
8297 382 8766
Error
Error
Error
Error
5850 634 5780
Error
5
Error
Error
5946 7380 5780 634
Error
4
2086 5946 7380 5780
3
Error
7380 5946 2086 6370
Error
Error
Error
Error
9676
9676
Error
Error
Error
Error
9676
Error
Error
6370
6
5946
Error
False
9
9705
False
Error
8848
Error
Error
3321
Error
2047 5444 1216 4173 7323 3321 8848 9705 7380 5946 2086
Error
4207 4128 2086 5946 7380 9705 8848 3321 7323 4173 1216 5444
Error
False
Error
Error
Error
Error
Error
12
False
Error
7380
5946
False
Error
Error
False
Error
523 192 3321 8848 9705 7380 5946 2086
Error
7213 523 192 3321 8848 9705 7380 5946
Error
8
7
Error
False
Error
Error
Error
Error
6
9705
Error
3321 8848 9705 7380 5946
Error
Error
5
5
Error
1
8848
Error
Error
8823
Error
8823
4070
2
False
1
Error

Error
Error
Error
Error
Empty
Empty
Error
3501
Error
7842 4335
7842
Error
False
Error
False
Error
7842
8935
2
Error
True
0
Error
False
7354
Error
2
Error
Error
3
3
Error
3
Error
Error
8021
8021
5500
Error
False
Error
4934 8773 5500 8021
False
Error
4934
Error
Error
4934
Error
3262
False
False
Error
Error
3
Error
Error
3574
Error
3
3
2197
Error
2197
Error
Error
Error
False
Error
2995
Error
9717 7415 2995 4752 2197 3574
Error
False
8460 1580 6858 9717 7415 2995 4752 2197
Error
False
575 3973 8755 579 8460 1580 6858 9717 7415 2995 4752
Error
6858
Error
Error
10
Error
False
Error
353 3973 8755 579 8460 1580 6858 9717 7415 2995
10
Error
Error
11
False
Error
Error
Error
Error
Error
False
1257 353 3973 8755 579 8460 1580 6858 9717
Error
1257 353 3973 8755 579 8460 1580 6858 9717
Error
Error
Error
Error
8460
10
10
Error
10
9
9
1580
8738 6515 5310 9717 6858 1580 8460 579 8755
Error
Error
5310
False
Error
Error
10
10
7433 8479 3237 2924 2796 5762 8738 6515 5310
Error
6515 8738 5762 2796 2924 3237 8479 7433 934
10
6515 8738 5762 2796 2924 3237 8479 7433 2212 4700
Error
False
False
Error
12
False
False
Error
5202 4198 3129 4700 2212 7433 8479 3237 2924 2796 5762 8738 6515
Error
Error
Error
False
6054 5202 4198 3129 4700 2212 7433 8479 3237 2924 2796
Error
8
Error
Error
Error
3129
1713 2212 4700 3129 4198 5202 6054
7
8
Error
8
False
Error
Error
False
Error
1713
Error
Error
Error
Error
Error
Error
Error
1
0
1
Error
7809
False
False
Error
Error
Error
Error
1768
False
Error
1
1768
Error
Error
8145
2
Error
Error
Error
Error
8145 7551
7551 8145
7551
Error
Error
Error
Error
False
False
1773
False
False
Error
Error
1773
Error

Error
Error
0
Empty
Error
Error
6289
Error
Error
6840
Error
Error
Empty


Empty
Empty
Empty
709
709
1
