Empty
1886
1886
Error
Error
1886
Error
False
Error
Error
Empty
7334 6293
9555 6293 7334
Error
Error
4
6293
6293
Error
9555 6293 7334
False
6293
Error
Error
6293
Error
7999 9555 6293 7334 3004
Error
Error
Error
6293
5
Error
Error
Error
Error
Error
Error
3004 7334 6293
Error
False
Error
3
5
7766 4611 3004 7334 6293
Error
1922 6293 7334 3004 4611 7766
Error
Error
1922 6293 7334 3004 4611 7766 5361
1922 6293 7334 3004 4611 7766 5361
False
3004
Error
Error
Error
Error
8
Error
Error
3004
Error
Error
Error
3004
Error
Error
False
False
False
4611
3
3
3004
4611
4611 3004
Error
4611 3004
2
Error
Error
Error
4611 3004 6069
2
Error
Error
3004
Error
Error
3004
3004 3053
3
Error
3004
Error
3004 3614 6935
3004 3614 6935 2814
False
Error
3
False
False
Error
3004
Error
Error
2
3614
Error
False
False
Error
Error
4
4
False
788
3614 3004 788 7615 7227 7504
Error
788
Error
7
Error
7615
Error
False
Error
7504 7227 7615 788 3632
3632 788 7615 7227 7504
7615
False
Error
Error
Error
4
6
Error
Error
False
3632 788 7615 8760 6134 2460
Error
6
Error
Error
Error
False
3632 788 7615 8760 3452 9235
3632 788 7615 8760 3452
7615
False
3632 788 7615 8760 6716
Error
6
3632 788 7615 8760 6716 5567 118
8760
3632 788 7615 8760 6716 5567 118
Error
8
Error
Error
5389 118 5567 6716 8760 7615 788 3632 1810 5193
Error
5389 118 5567 6716 8760 7615 788 3632 1810
8
Error
Error
788
Error
1810 3632 788 7615 8760
False
788
Error
Error
1810 3632 788 7615
Error
Error
Error
2
3471
False
Error
3471
1
3471
False
Error
3471
Error
3
Error
Error
2455
Error
Error
False
Error
2455
Error
Error
Error
Error
2455
6
Error
5
5872 4733 2455 3471
Error
4733
5872 4733 2455 3471
Error
Error
5872 4733 2455 3471
5872 4733 2455 3471
3471 2455 4733 5872
Error
Error
Error
4
4
Error
3471 2455 4733 5872
Error
4
4
Error
False
2455
2455
Error
Error
Error
Error
Error
4733
Error
3471 2455 4733 5872 7566 815
False
5872
Error
Error
6
Error
7
Error
6457
Error
Error
9279 6478 6457 815 7566 5872 9813
False
Error
False
Error
False
9279 6478 6457 815 7566 5872 9813 5002
7566
Error
7566
Error
7
7566
5002 9813 5872 7566 815 6457 6478
7566
False
5002 9813 5872 7566 815 6457 6478
7566
5872
8
False
Error
False
Error
False
Error
Error
Error
8895 6457 815 7566 5872 9813 5002 14 4794 9773
8895 6457 815 7566 5872 9813 5002 14 4794 9773 1989
11
Error
Error
Error
Error
Error
1989 9773 4794 14 5002 9813 5872 7566 815 6457 8895
Error
False
5002
False
Error
11
False
Error
Error
11
Error
815 7566 5872 9813 5002 14 4794 9773 1989 2327 7484
Error
11
14
Error
12
Error
Error
2327 1989 9773 4794 14 5002 9813 5872 7566 815 6055 4603 8507 5132
Error
Error
Error
14
2327 1989 9773 4794 14 5002 9813 5872 7566 815 6055 4603 8507
Error
Error
2327 1989 9773 4794 14 5002 9813 5872 7566 815 6055 4603 8507
Error
5002
Error
False
15
Error
Error
5002
Error
Error
8507 4603 6055 815 7566 5872 9813 5002 14 4794 9773 1989 2327 4857
Error
9813
6008 4857 2327 1989 9773 4794 14 5002 9813 5872 7566 815 6055 4603 8507 4139
Error
6008 4857 2327 1989 9773 4794 14 5002 9813 5872 7566 815 6055 4603 8507 4139 4233 5322
9813
18
Error
Error
Error
Error
Error
Error
False
9813
18
9813
18
False
9813
Error
6008 4857 2327 1989 9773 4794 14 5002 9813 5872 7566 815 6055 4603 8507 4139 9747 66 4339
Error
False
Error
False
4863 5082 1018 4339 66 9747 4139 8507 4603 6055 815 7566 5872 9813 5002 14 4794 9773 1989 2327 4857
Error
False
815
4857 2327 1989 9773 4794 14 5002 9813 5872 7566 815 6055 4603 8507 4139 9747 66 4339 1018 5082
7566
7566
Error
Error
Error
815
Error
815
815
Error
Error
23
False
Error
Error
Error
False
Error
Error
4857 2327 1989 9773 4794 14 5002 9813 5872 7566 815 6055 4603 8507 4139 9747 66 4339 1018 1146 9212
False
Error
False
False
Error
Error
Error
Error
21
7566
7413 393 2327 1989 9773 4794 14 5002 9813 5872 7566 815 6055 4603 8507 4139 9747 66 4339 1018 1146
7413 393 2327 1989 9773 4794 14 5002 9813 5872 7566 815 6055 4603 8507 4139 9747 66 4339 1018 1146
Error
Error
Error
4670 8713 7413 393 2327 1989 9773 4794 14 5002 9813 5872 7566 815 6055 4603 8507 4139 9747 66 4339 1018 1146
False
4670 8713 7413 393 2327 1989 9773 4794 14 5002 9813 5872 7566 815 6055 4603 8507 4139 9747 66 4339 1018 1146 1598
Error
Error
Error
Error
4815 8024 6372 1146 1018 4339 66 9747 4139 8507 4603 6055 815 7566 5872 9813 5002 14 4794 9773 1989 2327 393 7413 8713 4670
Error
7566
Error
26
815
Error
6055
False
6055
Error
Error
Error
Error
6055
29
6055
Error
4603
6036 3374 4642 3757 4815 8024 6372 1146 1018 4339 66 9747 4139 8507 4603 6055 815 7566 5872 9813 5002 14 4794 9773 1989 2327 393 7413
8507
28
8507
Error
31
Error
Error
Error
Error
Error
Error
False
6055
Error
Error
6055
29
Error
False
Error
Error
Error
Error
Error
6055
Error
Error
2327 1989 9773 4794 14 5002 9813 5872 7566 815 6055 4603 8507 4139 9747 66 4339 1018 1146 6372
2327 1989 9773 4794 14 5002 9813 5872 7566 815 6055 4603 8507 4139 9747 66 4339 1018 1146 6372
Error
False
20
Error
21
6055
6055
Error
Error
Error
Error
Error
Error
6055
Error
1989 9773 4794 14 5002 9813 5872 7566 815 6055 4603 8507 4139 9747 66 4339 1018 1146 6372
1989 9773 4794 14 5002 9813 5872 7566 815 6055 4603 8507 4139 9747 66 4339 1018 1146 6372
20
False
Error
Error
Error
Error
Error
23
False
False
6055
False
Error
Error
Error
25
Error
Error
7566
False
27
7566
7566
Error
4461 8634 6372 1146 1018 4339 66 9747 4139 8507 4603 6055 815 7566 5872 9813 5002 14 4794 9773 1989 3880 6043 4134 700 4616 1763
7566
27
False
Error
Error
Error
Error
Error
Error
7566
Error
Error
False
27
False
Error
7566
Error
Error
Error
Error
815
Error
Error
27
4461 8634 6372 1146 1018 4339 66 9747 4139 8507 4603 6055 815 7566 5872 9813 5002 14 4794 9773 1989 3880 6043 4134 700 4616 2318
7566
False
7566
Error
4461 8634 6372 1146 1018 4339 66 9747 4139 8507 4603 6055 815 7566 5872 9813 5002 14 4794 9773 1989 3880 6043 4134 700 4616 2318
Error
Error
27
Error
False
Error
Error
6055
Error
815
7566
7566
5872
Error
Error
Error
6043 3880 1989 9773 4794 14 5002 9813 5872 7566 815 6055 4603 8507 4139 9747 66 4339 1018 6776
Error
Error
Error
Error
False
7566
20
7566
False
Error
Error
False
Error
6043 3880 1989 9773 4794 14 5002 9813 5872 7566 815 6055 4603 8507 4139 9747 479 7164
Error
6043 3880 1989 9773 4794 14 5002 9813 5872 7566 815 6055 4603 8507 4139 9747
Error
Error
16
False
16
False
Error
6043 3880 1989 9773 4794 14 5002 9813 5872 7566 815 6055 4603 8507 4139 9747 9991 2072 559
Error
Error
7566
6043 3880 1989 9773 4794 14 5002 9813 5872 7566 815 6055 4603 8507 4139 9747 9991 1264 7898 8836
Error
Error
815
Error
Error
Error
False
8836 7898 1264 9991 9747 4139 8507 4603 6055 815 7566 5872 9813 5002 14 4794 9773 1989
Error
False
Error
Error
8836 7898 1264 9991 9747 4139 8507 4603 6055 815 7566 5872 9813 5002 14 4794 9773 1989
Error
Error
Error
8836 7898 1264 9991 9747 4139 8507 4603 6055 815 7566 5872 9813 5002 14 4794 9773 1989 5175 6769 2100 8503
7566
Error
2100 6769 5175 1989 9773 4794 14 5002 9813 5872 7566 815 6055 4603 8507 4139 9747 9991 1264 7898 8836 8469
19
19
Error
Error
Error
Error
Error
Error
2100 6769 5175 1989 9773 4794 14 5002 9813 5872 7566 815 6055 4603 8507
Error
False
Error
16
False
Error
Error
5002
Error
14
Error
14
14
5002
5002
False
2100 6769 5175 1989 9773 4794 14 5002 9813 5872 7566 815 6055 4411
6055 815 7566 5872 9813 5002 14 4794 9773 1989 5175 6769 2100
Error
Error
Error
False
9773
1280 3022 1326 3218 2100 6769 5175 1989 9773 4794 14 5002 9813 5872 7566 815 6055
Error
Error
15
