True
Error
Empty
False
False
False
30
Error
Error
Error
Error
2822
Error
Empty
Error
0
Error
5624
False

Error
0
True
Empty
Error
Empty
Error
Empty
Empty
Empty
0

Error
Error
Empty
Error
Empty
True

Empty
0
Empty
True
Error
Error
Error
Error
Error
5520
5520
Error
Error
Error
8610 1491 6979 5520 2416
Error
Error
6979
7
Error
8610
7
4268 9079 8198 6889 3710 8610 1491 6979
6889
6889
4268 9079 8198 6889 3710 8610 1491
6889
4268 9079 8198 6889 3710 8610 1491
Error
Error
Error
6889
Error
Error
Error
8610 3710 6889
Error
Error
2
Error
Error
1
Error
Error
Error
Error
Error
False
Error
9555
9555
1
False
Error
8231 9555
Error
False
False
Error
0


Empty
Empty
Error
Error
False
Error
Error
1
1
Error
False
2
Error
4868 1391 5122
4868 1391 5122
Error
Error
Error
4868
Error
Error
4868 5585
False
5585 4868
4
Error
Error
6607 6392 5585
Error
False
6607
1441
Error
3
False
Error
9492 2053
Error
9492
Error
Error
2053
9492
Error
Error
Error
9977 3536 1699
3
Error
Error
Error
Error
Error
4
3559 4139 9823
False
Error
Error
Error
6
Error
Error
Error
False
830
False
312 3606 830 7025
False
6
2334 5984 312 3606 830 7025
5
Error
False
Error
Error
Error
False
6713
Error
Error
6
6
312
False
Error
Error
8302
False
False
Error
8302
Error
Error
Error
Error
7794
9
Error
False
8008
9542 790 7178 8008 7994 7794 4279 8302
False
Error
Error
Error
Error
Error
Error
False
9
Error
Error
4492
Error
False
Error
Error
False
11
Error
Error
13
7035 7178 790 9542 4492 6996 3586 3198 6659 8646 7579 7593 7212 8044
Error
15
Error
15
16
Error
Error
Error
7752 7212 7593 7579 8646 6659 3198 3586 6996 4492 9542 790 7178 7035 4111 5383
16
Error
Error
Error
Error
15
False
16
Error
Error
Error
Error
Error
Error
Error
3198
14
Error
Error
Error
16
Error
8263 5185 9551 5310 8378 8785 9542 4492 6996 3586 3198 6659 8646 7579 7593 7212 7752
17
8263 5185 9551 5310 8378 8785 9542 4492 6996 3586 3198 6659 8646 7579 7593 7212 7752
4492
280 8263 5185 9551 5310 8378 8785 9542 4492 6996 3586 3198 6659 8646 7579 7593
8378
Error
False
Error
False
False
Error
Error
13
13
Error
Error
Error
False
8785
False
Error
15
Error
8785
Error
Error
16
5541 280 8263 5185 9551 5310 8378 8785 9542 4492 6996 3586 3198 351 5120 592
16
8785
Error
False
5541 280 8263 5185 9551 5310 8378 8785 9542 4492 6996 3586 3198 351 5120 592
Error
Error
Error
Error
8785
False
5120 351 3198 3586 6996 4492 9542 8785 8378 5310 9551 5185 8263 280 5541
Error
15
5997 1290 5120 351 3198 3586 6996 4492 9542 8785 8378 5310 9551 5185 8263
False
3198
1290
False
Error
8146 6350 1405 4151 178 5754 9952 1957 3582 8855 6492 5997 1290 5120 351 3198 3586 6996 4492 9542 8785 8378 5310 9551
6492
6492
27
Error
Error
Error
Error
9551 5310 8378 8785 9542 4492 6996 3586 3198 351 5120 1290 5997 6492 8855 3582 1957 9952 5754 178 4151 1405 6350 8146
Error
24
False
9551 5310 8378 8785 9542 4492 6996 3586 3198 351 5120 1290 5997 6492 8855 3582 1957 9952 5754 178 4151 1405 6350
5120
5120
Error
Error
Error
Error
24
25
False
26
1290
Error
Error
6492
26
Error
False
1957
1957
Error
Error
False
3364 4608 574 5279 9273 9676 7400 9331 4151 178 5754 9952 1957 3582 8855 6492 5997 1290 5120 351 3198 3586 6996
Error
22
Error
3364 4608 574 5279 9273 9676 7400 9331 4151 178 5754 9952 1957 3582 8855 6492 5997 1290 5120 351 3198 3586
False
3364 4608 574 5279 9273 9676 7400 9331 4151 178 5754 9952 1957 3582 8855 6492 5997 1290 5120 351 3198 3586
Error
False
Error
Error
False
4350 4059 3364 4608 574 5279 9273 9676 7400 9331 4151 178 5754 9952 1957 3582 8855 6492 5997
Error
17
17
Error
4350 4059 3364 4608 574 5279 9273 9676 7400 9331 4151 178 5754 9952 1957 3582
Error
Error
4350 4059 3364 4608 574 5279 9273 9676 7400 9331 4151 178 5754 9952 1957 3582
15
Error
Error
15
Error
Error
8916 4350 4059 3364 4608 574 5279 9273 9676 7400 9331 4151 178
11
Error
4059
False
False
Error
8413 728 9336 8751 4518 7239 4610 9273 5279 574 4608 3364 4059 4350 8916
Error
9273
16
False
17
4610
17
4689 7796 8413 728 9336 8751 4518 7239 4610 9273 5279 574 4608 3364 4059 4350 2390
False
Error
Error
Error
18
7239
17
1046 4689 7796 8413 728 9336 8751 4518 7239 4610 9273 5279 574 4608 3364 4059
16
Error
False
Error
False
9336
Error
15
8751
Error
3836 5279 9273 4610 7239 4518 8751 9336 728 8413 7796 4689 1046 7459
Error
False
Error
Error
False
Error
9336
Error
10
Error
Error
4518
Error
False
9
7239
False
7
4610
Error
Error
3779
11
False
Error
False
Error
2621 6603 9676 9701 1366 3779 9273 4610 7239 4518 8751
False
3779
Error
11
Error
Error
Error
Error
Error
8
Error
6
6
False
Error
8
Error
9
False
Error
False
False
False
False
0 8039 7721 6838 2534 9384 1064 9701 9676 6603
Error
False
Error
Error
Error
Error
6201 3757 6316 8790 7650 4897 2338 0 8039 7721 6838 2534
2338
12
False
Error
2338
Error
Error
2338
False
Error
0
14
False
Error
Error
6838
Error
Error
8655 9739 1397 4209 3202 4392 2534 6838 7721 8039 0 2338 4897 7650
Error
Error
False
Error
Error
7721
Error
6838
7308 1961 789 979 7650 4897 2338 0 8039 7721 6838 2534 4392 3202 4209 1397 1758 4339 5251
7721
2338
False
Error
Error
Error
7537 4351 7308 1961 789 979 7650 4897 2338 0 8039 7721 6838 2534 4392 3202 4209
7537 4351 7308 1961 789 979 7650 4897 2338 0 8039 7721 6838 2534 4392 3202 4209
2338
Error
2338
False
2100 40 7537 4351 7308 1961 789 979 7650 4897 2338 0 8039 7721 6838 2534 4392 3202 4209
4897
Error
17
Error
Error
Error
1352 7573 4209 3202 4392 2534 6838 7721 8039 0 2338 4897 7650 979 789 1961 7308 5328
Error
16
Error
1352 7573 4209 3202 4392 2534 6838 7721 8039 0 2338 4897 7650 979 789
Error
False
Error
False
1471 789 979 7650 4897 2338 0 8039 7721 6838 2534 4392 3202 4209
Error
Error
2338
Error
4048 4209 3202 4392 2534 6838 7721 8039 0 2338 4897 7650 979 789 1471 7364 1514 2918
18
Error
Error
8039
Error
Error
Error
7721
False
7680 4415 8632 1156 4048 4209 3202 4392 2534 6838 7721 8039 0 2338 4897 7650 979 789 1471 7364 1514
Error
False
Error
6544 1003 7680 4415 8632 1156 4048 4209 3202 4392 2534 6838 7721 8039 0 2338 4897 7650 979 789 1471 7364
2534
Error
Error
19
Error
Error
2534
6298 7650 4897 2338 0 8039 7721 6838 2534 4392 3202 4209 4048 1156 8632 4415 7680
2534
Error
Error
Error
Error
Error
Error
6838
Error
7721
Error
Error
9944 9605 5643 6298 7650 4897 2338 0 8039 7721 6838 2534 4392 3202 4209 4048 1156 8632 4415
8039
Error
Error
Error
Error
2940 1280 9944 9605 5643 6298 7650 4897 2338 0 8039 7721 6838 2534 4392 3202
Error
Error
Error
17
Error
Error
Error
9944 9605 5643 6298 7650 4897 2338 0 8039 7721 6838 2534 4392 86
14
Error
Error
False
Error
Error
7650
7709 2534 6838 7721 8039 0 2338 4897 7650 6298 5643 9605 9944 8940 3370 1769
7650
Error
Error
Error
Error
8922 9300 1769 3370 8940 9944 9605 5643 6298 7650 4897 2338 0 8039 7721
8922 9300 1769 3370 8940 9944 9605 5643 6298 7650 4897 2338 0 8039 7721
Error
15
15
False
Error
5643
15
False
Error
Error
Error
Error
Error
Error
Error
1769 3370 8940 9944 9605 5643 6298 7650 4897 2338 0 8039 7721 4896
Error
Error
12
4896 7721 8039 0 2338 4897 7650 6298 5643 9605 9944 8940
9
Error
Error
Error
4896 7721 8039 0 2338 4897 7650 6298 5643
660 4896 7721 8039 0 2338 4897 7650 6298 5643
False
False
9
Error
Error
Error
Error
6412 660 4896 7721 8039 0 2338 4897 7650
Error
Error
Error
False
Error
Error
2276 2085 2338 0 8039 7721 4896 660 6412
Error
False
Error
Error
6534 2276 2085 2338 0 8039 7721 4896 660
Error
Error
Error
False
Error
Error
Error
2338
False
10
12
Error
Error
Error
Error
2338
4333 6534 2276 2085 2338 0 8039 5893 2214 6814
Error
Error
Error
2338
Error
8
Error
Error
Error
6136 4333 6534 2276 2085 2338 0 8039 5893
6136 4333 6534 2276 2085 2338 0 8039 5893
Error
Error
9
Error
Error
10
Error
2085
6136 4333 6534 2276 2085 2338 5045 4981 5482 5987 8027
Error
12
Error
4925 5095 8018 4810 1218 287 6136 4333 6534 2276 2085 2338 5045 4981 5482
Error
False
Error
6136
Error
Error
False
Error
9661 1642 9638 4925 5095 8018 4810 1218 287 6136 4333 6534 2276 2085
14
4810
Error
4161 9091 6713 9661 1642 9638 4925 5095 8018 4810 1218 287 6136 4333
Error
False
14
Error
15
False
9321 9295 4161 9091 6713 9661 1642 9638 4925 5095 8018 4810 1218 287 6136
15
16
Error
5463 9321 9295 4161 9091 6713 9661 1642 9638 4925 5095 8018 4810 1218 287 6136
Error
9638
9638
9638
9638
8589 2291 1570 6136 287 1218 4810 8018 5095 4925 9638 1642 9661 6713 9091 4161
False
8589 2291 1570 6136 287 1218 4810 8018 5095 4925 9638 1642 9661 6713 9091 4161
8863 6113 8589 2291 1570 6136 287 1218 4810 8018 5095 4925 9638 1642 9661 6713 9091
8863 6113 8589 2291 1570 6136 287 1218 4810 8018 5095 4925 9638 1642 9661 6713
Error
287
Error
1218
Error
1218
Error
Error
Error
Error
1218
Error
Error
15
False
False
False
False
Error
3793 8988 9601 6474 6113 8589 2291 1570 6136 287 1218 4810 8018 5095 4925 5563 8321
Error
6136
Error
Error
2291
Error
14
Error
Error
Error
Error
Error
Error
8589
579 3594 3793 8988 9601 6474 6113 8589 2291 1570 6136 287 1218
Error
Error
6113
Error
Error
13
Error
579 3594 3793 8988 9601 6474 6113 8589 2291 1570 6136 287 1218
579 3594 3793 8988 9601 6474 6113 8589 2291 1570 6136 287 1218
13
False
Error
Error
Error
Error
False
Error
6891 287 6136 1570 2291 8589 6113 6474 9601 8988 3793 3594 579 5508 5442
Error
Error
8589
8589
Error
7061 6805 6891 287 6136 1570 2291 8589 6113 6474 9601 8988 3793 3594
7061 6805 6891 287 6136 1570 2291 8589 6113 6474 9601 8988 3793 3594
2291
False
Error
Error
Error
Error
Error
287
Error
6891
6020 6631 7735 7222 7061 6805 6891 287 6136 1570 2291 8589 6113
Error
Error
Error
Error
False
6891
False
Error
Error
12
Error
False
Error
Error
Error
14
2291
Error
Error
Error
2291
7061 6805 6891 287 6136 1570 2291 8589 6113 2142 1161 4212
11
False
Error
9
Error
Error
10
7083 572 2291 1570 6136 287 6891 6805
False
6512 6607 7083 572 2291 1570 6136 287
572
Error
False
Error
False
7232 6512 6607 7083 572 2291 1570 6136 287
9
Error
5322 4414 7232 6512 6607 7083 572 2291 1570 6136
False
False
Error
3908 1632 5322 4414 7232 6512 6607 7083 572 2291 1570
False
Error
5322
Error
Error
Error
1576 2936 3885 1891 3908 1632 5322 4414 7232 6512 6607 7083 572
Error
13
Error
6876 7083 6607 6512 7232 4414 5322 1632 3908 1891 3885 2936 1576
6876 7083 6607 6512 7232 4414 5322 1632 3908 1891 3885 2936 1576
Error
14
Error
1576 2936 3885 1891 3908 1632 5322 4414 7232 6512 6607 7083 6876 4760 9686 9939
Error
Error
16
Error
False
9674 1576 2936 3885 1891 3908 1632 5322 4414 7232 6512 6607 7083 6876 4760 9686
Error
5322
9243 9674 1576 2936 3885 1891 3908 1632 5322 4414 7232 6512 6607 7083 6876 4760
False
False
Error
Error
Error
Error
Error
False
Error
Error
Error
1576
1576
12
9674
False
Error
11
2936
False
Error
False
Error
Error
Error
Error
15
Error
Error
Error
143 7810 3706 4153 3482 5254 391 6537 1506 26 9243 9674 1576 2936 3885 1891 3908
Error
18
3383 3908 1891 3885 2936 1576 9674 9243 26 1506 6537 391 5254 3482 4153 3706 7810
Error
9243
False
Error
Error
Error
14
14
14
Error
1506
14
Error
Error
Error
14
False
Error
Error
Error
Error
Error
False
2597 4647 246 7293 3885 2936 1576 9674 9243 26 1506 6537 391 5254 6860 9652 7273
Error
9674
Error
15
16
Error
8740 9652 6860 5254 391 6537 1506 26 9243 9674 1576 2936 3885 7293 246 4647
8740 9652 6860 5254 391 6537 1506 26 9243 9674 1576 2936 3885 7293 246
15
Error
Error
Error
False
False
18
Error
9674
Error
Error
False
Error
Error
Error
Error
False
Error
18
False
False
639
Error
False
Error
18
Error
18
Error
17
7293
Error
False
False
Error
Error
8020 8799 6192 650 639 246 7293 3885 2936 1576 9674 9243 26 1506 7385 9340
3569 8020 8799 6192 650 639 246 7293 3885 2936 1576 9674 9243 26 1506 7385
Error
246
False
7293
Error
Error
Error
Error
Error
False
Error
Error
Error
Error
Error
Error
Error
Error
7293
Error
19
19
Error
Error
Error
Error
False
3885
18
Error
1576
Error
Error
Error
16
Error
Error
6192 650 639 246 7293 3885 2936 1576 9674 9243 26 1506 4896 3357 8832
15
15
False
Error
Error
1576
Error
Error
6991 9676 4896 1506 26 9243 9674 1576 2936 3885 7293 246 639 650 6192
Error
Error
Error
Error
False
Error
6991 9676 4896 1506 26 9243 9674 1576 2936 3885 7293 246 639 650
False
False
752 425 6991 9676 4896 1506 26 9243 9674 1576 2936 3885 7293 246 639 650
Error
752 425 6991 9676 4896 1506 26 9243 9674 1576 2936 3885 7293 246 639 650
False
False
Error
26
26
4896
Error
4896
12
Error
Error
Error
Error
Error
Error
752
False
Error
7
False
Error
Error
Error
5
Error
Error
Error
Error
Error
752
6991 425 752 9468 7398 7593
Error
Error
6
Error
Error
Error
Error
False
Error
8716 7398
2
Error
778
Error
6446
Error
False
Error
Error
False
False
False
Error
Error
5959 1406
Error
Error
False
1
1616
1616
Error
3
Error
Error
Error
6325
Empty
Error
Empty
Error
Error
Error
Empty
Empty
4971
Error
416
Error
4971
3329
3329
Error
Error
Error
3
False
7049 2073 2749 3329
2073
Error
4
Error
False
3596 7049 2073 2749 3329
3
Error
Error
4196
Error
Error
7611
Error
Error
3
False
Error
Error
3939
Error
8386 3939 9722 7611
8386 3939 9722 7611
False
Error
Error
3939
3
4
5024 3466 8386 3939 9722
False
False
3858 7706 5024 3466
Error
Error
Error
Error
Error
5
8609 3879 7537 3466 5024
Error
6
Error
Error
Error
Error
Error
Error
Error
3
Error
Error
Error
Error
8752 8130
2
Error
0
Empty
Empty
0
Error
Error
Error
1
Error
3834
False
False
2
Error
Error
2
Error
Empty
Error
Error
Error
Empty
0
Empty
Error
Empty
True
Empty
0
Empty
Error
Error
Error
Error
1
Error
Error
Error
7522
Error
Error
Error
Error
3
Error
Error
False
Error
Error
9205 6259 1509 342
Error
Error
Error
7794 631 1982 7914 1509 6259
7794 631 1982 7914 1509 6259
False
False
631
False
False
5
Error
Error
Error
7267
Error
Error
Error
1852 3611 9762 4804 7492 7267 5458
8
Error
Error
Error
Error
4293 7712 4027 5140 1852 3611 9762 4804 7492
881 4293 7712 4027 5140 1852 3611 9762 4804 7492
5140
Error
Error
Error
Error
4027
Error
False
3473 177 5380 1418 7634 6830 881 4293 7712 4027 5140 1852 3611 9762 4804
Error
False
881
15
2871 5330 3473 177 5380 1418 7634 6830 881 4293 7712 4027 5140 1852 3611 9762
False
7634
16
Error
Error
Error
Error
False
6830
15
6830
Error
Error
Error
7634
16
7634
Error
7634
False
7634
881
Error
881
Error
Error
18
False
Error
2908 5127 3339 3611 1852 5140 4027 7712 4293 881 6830 7634 1418 5380 177 3473 5330
Error
Error
Error
17
Error
Error
9259 5284 7190 2908 5127 3339 3611 1852 5140 4027 7712 4293 881 6830 7634 1418 5380
5140
False
17
Error
False
1852
Error
17
Error
17
7295 9300 635 9259 5284 7190 2908 5127 3339 3611 1852 5140 4027 7712 4293 881 6830 7634
Error
Error
Error
5127
3339
Error
4057 6830 881 4293 7712 4027 5140 1852 3611 3339 5127 2908 7190 5284 9259 635 9300 7295
Error
Error
False
3611
Error
Error
Error
Error
False
7190
7190
Error
Error
Error
8892 5076 7109 9300 635 9259 5284 7190 2908 5127 3339 3611 1852 5140 4027 7712
Error
Error
Error
8892 5076 7109 9300 635 9259 5284 7190 2908 5127 3339 3611 1852 5140 4027
7190
Error
Error
Error
Error
Error
Error
Error
16
Error
Error
Error
5726 2806 5332 4027 5140 1852 3611 3339 5127 2908 7190 5284 9259 635 9300 7109 2819 5536
Error
5127
Error
14
Error
Error
Error
12
Error
Error
Error
Error
Error
10
Error
Error
Error
Error
False
Error
6172 1465 4075 8184 2819 7109 9300 635 9259
Error
11
Error
Error
Error
13
1465
False
Error
9
8184 4075 1465 6172 2004 5158 1011 2058 4176
Error
Error
12
Error
Error
11
10
Error
2792
Error
False
2792
Error
False
False
False
2607
False
Error
Error
Error
False
False
1931 5170 1268 9160 2607 6689 8611 2792 8184 4075
1931 5170 1268 9160 2607 6689 8611 2792 8184 4075
Error
2607
Error
10
Error
False
Error
Error
Error
6185 8709 1931 5170 1268 9160 2607 6689 8611 2792 8184 4075
Error
12
9160
Error
False
Error
False
False
4856 6185 8709 1931 5170 1268 9160 2607 6689 8611 2792 8184 4075
Error
Error
4856 6185 8709 1931 5170 1268 9160 2607 6689 8611 2792 8184 4075
Error
Error
4856 6185 8709 1931 5170 1268 9160 2607 6689 8611 2792 8184
Error
False
10
Error
Error
False
Error
8709
False
False
Error
Error
Error
13
Error
False
Error
False
Error
9160 1268 5170 1931 8709 6185 4856 47 91 7401 4822 8726 5740
6185
12
False
11
Error
Error
Error
Error
False
12
14
Error
16
7821 2811 451 3562 4321 1555 4924 4822 7401 91 47 4856 6185 8709
Error
Error
Error
14
Error
16
3196 451 3562 4321 1555 4924 4822 7401 91 47 4856 6185 8709 4189 6314 7426 2568
Error
False
91
Error
Error
False
Error
Error
Error
Error
Error
Error
15
949 166 8864 2666 6314 4189 8709 6185 4856 47 91 7401 4822 4924 1555
Error
Error
16
16
Error
Error
Error
False
19
Error
Error
Error
Error
91
18
Error
1265 1628 2422 4904 5797 1555 4924 4822 7401 91 47 4856 6185 8709 4189 6314 2666 8864 166
19
8864 2666 6314 4189 8709 6185 4856 47 91 7401 4822 4924 1555 5797 4904 2422 1628 1265 7863
Error
Error
9496 8864 2666 6314 4189 8709 6185 4856 47 91 7401 4822 4924 1555 5797 4904
17
Error
Error
18
4189
Error
6314
Error
Error
Error
False
Error
Error
4822 7401 91 47 4856 6185 8709 4189 6314 2666 8864 9496 6571 3623 4642 9594 2525 9980 9530 3511
Error
18
Error
Error
Error
Error
Error
Error
False
Error
6314
8864
Error
Error
Error
8864
Error
13
8864
4856 6185 8709 4189 6314 2666 8864 9496 6571 3623 4642 9594 4452
14
Error
Error
7691 9720 9399 5376 8595 4856 6185 8709 4189 6314 2666
7691 9720 9399 5376 8595 4856 6185 8709 4189 6314 2666
7691 9720 9399 5376 8595 4856 6185 8709 4189 6314
Error
False
False
5376
13
Error
Error
12
Error
Error
Error
9720
Error
12
False
9399
False
15
15
Error
Error
Error
Error
Error
Error
Error
Error
False
1141
Error
Error
Error
8948 2541 7691 9720 9399 5376 8595 4856 6185 1141 7367 3712 3397 8714 3723 984
Error
Error
8595
Error
Error
3723 8714 3397 3712 7367 1141 6185 4856 8595 5376 9399 9720 7691 2541 8948 9147 7394
Error
4856
7394 9147 8948 2541 7691 9720 9399 5376 8595 4856 6185 1141 7367 3712 3397 8714 3723 3571 1876
7394 9147 8948 2541 7691 9720 9399 5376 8595 4856 6185 1141 7367 3712 3397 8714 3723 3571 1876
19
False
2890 5749 7394 9147 8948 2541 7691 9720 9399 5376 8595 4856 6185 1141 7367 3712 3397 8714
Error
Error
Error
False
Error
Error
Error
9147 8948 2541 7691 9720 9399 5376 8595 4856 6185 1141 7367 3712 3397 8714 6960 3664 9993
False
4856
Error
1700 9147 8948 2541 7691 9720 9399 5376 8595 4856 6185 1141 7367 3712 3397 8714 6960 3664 9993
4856
17
1700 9147 8948 2541 7691 9720 9399 5376 8595 4856 6185 1141 7367 3712 3397 8714 6960
18
18
Error
Error
Error
8273 8714 3397 3712 7367 1141 6185 4856 8595 5376 9399 9720 7691 2541 8948 9147 1700 5678
False
Error
Error
16
8273 8714 3397 3712 7367 1141 6185 4856 8595 5376 9399 9720 7691 2541 8948
3999 8273 8714 3397 3712 7367 1141 6185 4856 8595 5376 9399 9720 7691 2541 8948
Error
False
Error
Error
Error
Error
Error
3712
3712
3712
Error
Error
Error
4205 8441 5510 8689 3999 8273 8714 3397 3712 7367 1141 6185 4856 8595 5376
8714
Error
Error
16
Error
17
4856 6185 1141 7367 3712 3397 8714 8273 3999 8689 5510 8441 4205 701 2535 5019 5695
Error
18
4189 4856 6185 1141 7367 3712 3397 8714 8273 3999 8689 5510 8441 4205 701 2535 5019 5695
8714
7404 4189 4856 6185 1141 7367 3712 3397 8714 8273 3999 8689 5510 8441 4205 701 2535 5019
Error
Error
7842 350 7404 4189 4856 6185 1141 7367 3712 3397 8714 8273 3999 8689 5510 8441 4205 701 2535
Error
Error
Error
Error
3397
16
16
3712
14
6185
Error
Error
Error
Error
Error
1715 3156 6542 4525 350 7404 4189 4856 6185 1141 7367 3712 3397 8714
Error
Error
1715 3156 6542 4525 350 7404 4189 4856 6185 1141 7367 3712 3397
Error
13
1715 3156 6542 4525 350 7404 4189 4856 6185 1141 7367 3712 3397
4189
Error
4189
13
7404
False
1715 3156 6542 4525 350 7404 4189 4856 6185 1141 7367 3712
1715 3156 6542 4525 350 7404 4189 4856 6185 1141 7367 3712
False
Error
False
8586 3789 2007 9750 7367 1141 6185 4856 4189 7404 350 4525 6542 3156
3156 6542 4525 350 7404 4189 4856 6185 1141 7367 9750 2007 3789 8586
False
Error
Error
4301 1717 9723 6122 3156 6542 4525 350 7404 4189 4856 6185 1141 7367 9750
13
Error
Error
False
False
13
12
6122
Error
1092 8474 2843 4301 1717 9723 6122 3156 6542 4525 350 7404
Error
False
Error
6230 3958 1092 8474 2843 4301 1717 9723 6122 3156 6542 4525 350 7404
Error
14
5641 2763 6230 3958 1092 8474 2843 4301 1717 9723 6122 3156 6542 4525 350
Error
2843
Error
Error
Error
Error
Error
Error
5132 5511 4525 6542 3156 6122 9723 1717 4301 2843 8474 1092 3958 6230 2763 5641 1047
Error
False
False
6365 3514 2763 6230 3958 1092 8474 2843 4301 1717 9723 6122 3156 6542 4525 5511
16
Error
Error
2843
Error
Error
Error
Error
1092
Error
9448 6365 3514 2763 6230 3958 1092 8474 2843 4301 1717
Error
Error
Error
Error
11
Error
Error
6230
Error
Error
6230
Error
Error
Error
Error
5768 4764 4301 2843 8474 1092 3958 6230 2763 3514 6365 9448 7274 4013
Error
Error
13
1092
Error
Error
Error
12
Error
False
13
1092
Error
Error
10
10
1075 8381 5768 4764 4301 2843 8474 1092 3958 6230
8381
11
Error
1075
2035 2761 5576 8914 4572 1075 8381 5768 4764 4301 2843
Error
Error
Error
False
5576
10
10
False
False
4572
Error
4572
Error
3245 1768 8381 1075 4572 8914 5576 2761
Error
False
6
Error
Error
Error
5
Error
Error
6
Error
6
6538
Error
5
Error
Error
False
Error
Error
Error
Error
5414 3923 7194
Error
Error
Error
8896
5906 8001 8896 5414 3923 7194
5414
Error
6
3486 6063 1556 5906 8001 8896 5414 3923
4927 3486 6063 1556 5906 8001 8896 5414 3923 5075
False
Error
4927 3486 6063 1556 5906 8001 8896 5414 3923 5075
10
4087 4927 3486 6063 1556 5906 8001 8896 5414 3923
Error
10
10
False
Error
4087 4927 3486 6063 1556 5906 8001 8896 5414 3923
Error
10
3923 5414 8896 8001 5906 1556 6063 3486 4927 4087
5906
1016 4087 4927 3486 6063 1556 5906 8001 8896 5414 3923
Error
Error
Error
9857 1016 4087 4927 3486 6063 1556 5906 8001 8896 5414
11
False
2190 5229 9857 1016 4087 4927 3486 6063 1556 5906 8001
11
Error
11
Error
Error
Error
9074 9436 2190 5229 9857 1016 4087 4927 3486 6063 1556 5906 8001
Error
4442 8001 5906 1556 6063 3486 4927 4087 1016 9857 5229 2190 9436 9074 6282
Error
Error
Error
Error
16
3219 4159 4442 8001 5906 1556 6063 3486 4927 4087 1016 9857 5229 2190 9436 9074
Error
Error
Error
Error
Error
Error
Error
False
5229
18
9074
1483 7159 4277 5484 6383 986 417 6693 9074 9436 2190 5229 9857 1016 4087 4927 3486
17
417
Error
5047 9760 1564 9801 7464 1483 7159 4277 5484 6383 986 417 6693 9074 9436 2190 5229 9857 1016 4087 4927 3486
False
False
Error
23
False
Error
Error
22
Error
False
22
Error
Error
Error
9837 8398 7531 833 3486 4927 4087 1016 9857 5229 2190 9436 9074 6693 417 986 6383 5484 4277 7159 1483 7464
9837 8398 7531 833 3486 4927 4087 1016 9857 5229 2190 9436 9074 6693 417 986 6383 5484 4277 7159 1483 7464
22
9837 8398 7531 833 3486 4927 4087 1016 9857 5229 2190 9436 9074 6693 417 986 6383 5484 4277 7159 1483 7464
Error
9436
2190
Error
Error
False
22
Error
1483 7159 4277 5484 6383 986 417 6693 9074 9436 2190 5229 9857 1016 4087 4927 3486 833 7531 8398 9837 7189
Error
Error
Error
Error
Error
Error
3098 9837 8398 7531 833 3486 4927 4087 1016 9857 5229 2190 9436 9074 6693 417 986 6383 5484 4277 7159 1483
Error
5229
False
Error
20
Error
5229
Error
4277 5484 6383 986 417 6693 9074 9436 2190 5229 9857 1016 4087 4927 3486 833 7531 8398 9837 3098
Error
Error
5229
4277 5484 6383 986 417 6693 9074 9436 2190 5229 9857 1016 4087 4927 3486 833 7531 8398 9837 3098
5229
20
False
Error
1984 1774 9256 4277 5484 6383 986 417 6693 9074 9436 2190 5229 9857 1016 4087 4927 3486 833 7531 8398
8398 7531 833 3486 4927 4087 1016 9857 5229 2190 9436 9074 6693 417 986 6383 5484 4277 9256 1774 1984
Error
False
19
Error
Error
Error
Error
Error
Error
Error
22
417 6693 9074 9436 2190 5229 9857 1016 4087 4927 3486 833 7531 8398 8788 9714 6403 6607 421 4043 767 5166
Error
Error
Error
Error
Error
Error
Error
Error
Error
Error
21
19
Error
False
Error
False
False
1016
Error
6736 8637 417 6693 9074 9436 2190 5229 9857 1016 4087 4927 3486 833 7531 8398 8788 9714 6403 6607
False
20
9857
Error
5229
5229
Error
Error
Error
Error
20
Error
False
2190
2190
Error
Error
False
Error
Error
Error
1781 4038 2860 7905 2451 2406 8788 8398 7531 833 3486 4927 4087 1016 9857 5229 2190 9436 9074 6693 417 8637 6736 1783 8857
Error
27
Error
Error
Error
Error
1016
Error
Error
False
False
9067 4194 1781 4038 2860 7905 2451 2406 8788 8398 7531 833 3486 4927 4087 1016 9857 5229 2190 9436 9074 6693 417 8637 6736 1783
9067 4194 1781 4038 2860 7905 2451 2406 8788 8398 7531 833 3486 4927 4087 1016 9857 5229 2190 9436 9074 6693 417 8637 6736
3486
Error
9067 4194 1781 4038 2860 7905 2451 2406 8788 8398 7531 833 3486 4927 4087 1016 9857 5229 2190 9436 9074 6693 417
False
Error
21
7531
Error
20
Error
Error
Error
False
Error
8788
Error
8788
Error
Error
False
18
8788
8398
Error
Error
4194 1781 4038 2860 7905 2451 2406 8788 8398 7531 833 3486 4927 4087 1016 9857 5229
8398
Error
18
Error
False
False
21
3387 3055 5718 5935 6363 4194 1781 4038 2860 7905 2451 2406 8788 8398 7531 833 3486 4927 4087 1016 9857 5229
Error
2451
Error
3387 3055 5718 5935 6363 4194 1781 4038 2860 7905 2451 2406 8788 8398 7531 833 3486 4927 4087 1016 9857 5229
3387 3055 5718 5935 6363 4194 1781 4038 2860 7905 2451 2406 8788 8398 7531 833 3486 4927 4087 1016 9857 5229
Error
23
9715 3387 3055 5718 5935 6363 4194 1781 4038 2860 7905 2451 2406 8788 8398 7531 833 3486 4927 4087 1016 9857 5229
2451
Error
Error
21
2451
23
8660 9070 1017 9857 1016 4087 4927 3486 833 7531 8398 8788 2406 2451 7905 2860 4038 1781 4194 6363 5935 5718 3055
Error
False
Error
8398
False
Error
8008 9643 8060 2775 8660 9070 1017 9857 1016 4087 4927 3486 833 7531 8398 8788 2406 2451 7905 2860 4038 1781 4194 6363 5935 5718
Error
833
Error
Error
False
Error
26
8398
3543 6444 5935 6363 4194 1781 4038 2860 7905 2451 2406 8788 8398 7531 833 3486 4927 4087 1016 9857 1017 9070 8660 2775 8060 9643
Error
False
Error
7531
7531
Error
Error
Error
False
5207 9643 8060 2775 8660 9070 1017 9857 1016 4087 4927 3486 833 7531 8398 8788 2406 2451 7905 2860 4038 1781 4194 6363 5935
Error
4194 1781 4038 2860 7905 2451 2406 8788 8398 7531 833 3486 4927 4087 1016 9857 1017 9070 8660 2775 8060 9643 5207
Error
833
Error
Error
Error
False
25
False
Error
Error
7002 5417 2464 8204 9643 8060 2775 8660 9070 1017 9857 1016 4087 4927 3486 833 7531 8398 8788 2406 2451 7905 2860 4038 1781 4194 6453
Error
29
Error
29
Error
Error
Error
Error
Error
4525 6453 4194 1781 4038 2860 7905 2451 2406 8788 8398 7531 833 3486 4927 4087 1016 9857 1017 9070 8660 2775 8060 9643 8204 2464 5417 7002 950
Error
4525 6453 4194 1781 4038 2860 7905 2451 2406 8788 8398 7531 833 3486 4927 4087 1016 9857 1017 9070 8660 2775 8060 9643 8204 2464 5417 7002 950
False
29
Error
833
8398
Error
26
Error
7869 8209 1155 4525 6453 4194 1781 4038 2860 7905 2451 2406 8788 8398 7531 833 3486 4927 4087 1016 9857 1017 9070 8660 2775 8060
7869 8209 1155 4525 6453 4194 1781 4038 2860 7905 2451 2406 8788 8398 7531 833 3486 4927 4087 1016 9857 1017 9070 8660 2775 8060
Error
Error
False
False
833
Error
22
23
Error
6095 7502 8060 2775 8660 9070 1017 9857 1016 4087 4927 3486 833 7531 8398 8788 2406 2451 7905 2860 4038 1781 4194 6453
3486
Error
False
24
Error
Error
4927
Error
3486
False
Error
Error
Error
23
23
1726 742 1781 4038 2860 7905 2451 2406 8788 8398 7531 833 3486 4927 4087 1016 9857 1017 9070 8660 2775 8060 7502
1726 742 1781 4038 2860 7905 2451 2406 8788 8398 7531 833 3486 4927 4087 1016 9857 1017 9070 8660 2775 8060 7502
23
23
Error
7607 1726 742 1781 4038 2860 7905 2451 2406 8788 8398 7531 833 3486 4927 4087 1016 9857 1017 9070 8660 2775
Error
8398
False
Error
Error
415 1037 4728 7607 1726 742 1781 4038 2860 7905 2451 2406 8788 8398 7531 833 3486 4927 4087 1016 9857 1017 9070 8660 2775
Error
Error
Error
Error
415 1037 4728 7607 1726 742 1781 4038 2860 7905 2451 2406 8788 8398 7531 833 3486 4927 4087 1016 9857 1017
False
Error
False
False
2418 1037 4728 7607 1726 742 1781 4038 2860 7905 2451 2406 8788 8398 7531 833 3486 4927 4087
7905
Error
Error
Error
False
Error
4038
18
17
Error
7607 1726 742 1781 4038 2860 7905 2451 2406 8788 8398 7531 833 3486 4927 8466 7708
2451
False
Error
False
False
False
2860
Error
4214 1020 3379 7607 1726 742 1781 4038 2860 7905 2451 2406 8788 8398 7531 833
Error
Error
Error
False
6620 2111 4214 1020 3379 7607 1726 742 1781 4038 2860 7905 2451 2406 8788 8398 7531 833
6620 2111 4214 1020 3379 7607 1726 742 1781 4038 2860 7905 2451 2406 8788 8398 7531 833
Error
Error
9579 8286 3653 6620 2111 4214 1020 3379 7607 1726 742 1781 4038 2860 7905 2451 2406 8788 8398 7531 833 8486
4742 8977 9579 8286 3653 6620 2111 4214 1020 3379 7607 1726 742 1781 4038 2860 7905 2451 2406 8788 8398 7531 833 8486
Error
Error
Error
Error
742
Error
Error
Error
Error
8362 8147 5773 8977 9579 8286 3653 6620 2111 4214 1020 3379 7607 1726 742 1781 4038 2860 7905 2451 2406 8788 8398 7531 833 8486 1255 133 8541
Error
8362 8147 5773 8977 9579 8286 3653 6620 2111 4214 1020 3379 7607 1726 742 1781 4038 2860 7905 2451 2406 8788 8398 7531 833 8486 1255
False
False
Error
Error
29
Error
3653
24
Error
Error
Error
Error
False
8778 3580 3543 6789 8096 1273 328 2136 7922 8362 8147 5773 8977 9579 8286 3653 6620 2111 4214 1020 3379 7607 1726 742 1781 4038
Error
26
26
Error
Error
Error
8286
8286
Error
False
Error
27
Error
28
28
722 9078 6789 8096 1273 328 2136 7922 8362 8147 5773 8977 9579 8286 3653 6620 2111 4214 1020 3379 7607 1726 742 1781 4038 9223 1109 6914
False
Error
29
Error
Error
False
Error
27
27
Error
False
2111
24
Error
23
23
False
Error
Error
Error
26
1726
Error
Error
Error
28
Error
Error
Error
False
Error
1870 1721 9619 2931 9946 4531 8521 6495 1746 6914 1109 9223 4038 1781 742 1726 7607 3379 1020 4214 2111 6620 3653 8286 9579 8977 5773 8147
False
Error
Error
Error
Error
Error
29
Error
Error
Error
1109
Error
Error
27
Error
9019 2773 9017 1870 1721 9619 2931 9946 4531 8521 6495 1746 6914 1109 9223 4038 1781 742 1726 7607 3379 1020 4214 2111 6620 3653 8286
8286 3653 6620 2111 4214 1020 3379 7607 1726 742 1781 4038 9223 1109 6914 1746 6495 8521 4531 9946 2931 9619 1721 1870 9017 2773 9019
Error
Error
Error
Error
Error
6495
6495
Error
2111 4214 1020 3379 7607 1726 742 1781 4038 9223 1109 6914 1746 6495 8521 4531 9946 2931 9619 1721 1870 9017 2773 9019 4045 5279 5122
Error
False
3816 9685 2111 4214 1020 3379 7607 1726 742 1781 4038 9223 1109 6914 1746 6495 8521 4531 9946 2931 9619 1721 1870 9017 2773 9019
Error
1109
4070 3816 9685 2111 4214 1020 3379 7607 1726 742 1781 4038 9223 1109 6914 1746 6495 8521 4531 9946 2931 9619 1721 1870 9017 2773
Error
Error
Error
Error
1109
Error
False
6914
Error
Error
Error
Error
Error
1746
Error
24
Error
Error
4531
Error
2931
21
Error
Error
21
Error
Error
Error
Error
False
Error
Error
Error
9017
Error
Error
False
False
Error
False
Error
Error
Error
