1231 342
1231 342
Empty
Empty
Error


Error
True
False
3661
Error
Error
False
2
Error
Error
Error
8787
Error
1
Empty
False
Error
False
Error
Error
Error
4183
False
Error
Error
Error
7625
Error
Error
Error
5202 4183 3390 7625 1899 5376 5624
False
Error
Error
7625
False
Error
7625
5
Error
5376 1899 7625 3390 4183 451
7
Error
8
Error
3390
Error
4183
Error
Error
False
Error
Error
False
3390
False
Error
Error
Error
Error
Error
3390
False
Error
Error
Error
False
7625
6
Error
Error
7625
Error
Error
7625
Error
Error
3859 4802 1639 5480 5376 1899 7625 3390 4183 6155 7958
Error
13
False
Error
3859 4802 1639 5480 5376 1899 7625 3390 4183 6155 7958 4296 1261
13
13
Error
Error
Error
Error
3859 4802 1639 5480 5376 1899 7625 3390 4183 6155 7958 4296 1261 8925
Error
Error
1899
3859 4802 1639 5480 5376 1899 7625 3390 4183 6155 7958 4296
Error
Error
Error
False
Error
Error
7625
Error
11
1899
6591 3807 1639 5480 5376 1899 7625 3390 4183 6155
10
Error
False
Error
Error
Error
False
Error
Error
Error
5895 6155 4183 3390 7625 1899 5376 5480 1639 3807
Error
11
Error
5895 6155 4183 3390 7625 1899 5376 5480 1639 3807
Error
Error
False
Error
False
7625
Error
Error
5480 5376 1899 7625 3390 4183 6155 5895 6204
Error
9
3390
10
10
Error
Error
False
Error
False
Error
False
Error
Error
Error
Error
False
Error
2
7625
Error
1
Empty
Empty
Empty

True
Empty
0
0

Error
Error
True
True
Empty
Empty
0
Error

Error
Error
Empty
2812 9227
2812 9227
2812 9227
2812
False
9227 2812
False
Error
Error
Error
3
4001 6432 7917
Error
3
4001 6432 2073
6432
Error
Error
8657 2073 6432 4001
4
8657 2073 6432 4001
8657 2073 6432 4001
False
Error
6432
Error
Error
Error
6
Error
5
5
Error
Error
2544 7206 6432 4001 6858
2544 7206 6432 4001 6858
6858 4001 6432 7206 2544 2968 6237
Error
7
False
Error
Error
Error
2968 2544 7206
2968 2544 7206
2
Empty
Error
Empty
1
Error

0
Error
Error
Error
Empty
False
1
6330
3
6619
Error
Error
Error
9889 2673 94
Error
False
False
False
Error
Error
Error
9889
Error
Error
Error
Error
2
Error
Error
Error
9889
False
Error
2
7977
Error
Error
Error
9889 7977
Error
Error
Error
Empty
Error
Empty
Error
Empty
False
False
342 3895
342 3895
False
Error
Error
5553 3895 342
5553 3895 342
Error
3
3895
Error
342
Error
False
Error
342
5
342
5553 3895 342 2291 5994
5
Error
Error
Error
False
Error
3
Error
Error
Error
Error
False
8
Error
Error
Error
Error
Error
Error
6
Error
False
Error
5553 3895 5982 8128 593 4310 2355 8403
Error
9
Error
Error
8128
5553 3895 5982 8128 593 4310 4477
Error
Error
False
4477 4310 593 8128 5982 3895 5553 410
10
5982
Error
11
Error
Error
Error
3895
13
4477 4310 593 8128 5982 3895 5553 410 2781 8445 8896
Error
5982
10
Error
False
Error
5553
6089 7400 2781 410 5553 3895 5982 8128 6766
Error
Error
False
5553
Error
1775 410 5553 3895 5982 8128 4316 4136
1775 410 5553 3895 5982 8128 4316 4136
1775 410 5553 3895 5982 8128 4316 4136
1775 410 5553 3895 5982 8128 4316 4136
5982
Error
Error
Error
Error
Error
Error
False
6
Error
False
False
5553
Error
3
1775 410 5553
1775 410 5553
Error
Error
Error
Error
1
False
Error
Empty
Error
Error
585 1103
False
9235
Error
False
Error
False
Error
Error
9235
Error
Error
3
Error
3
2078 9235 8525 9280
Error
8525
6
Error
False
False
Error
Error
6
False
Error
2078
2237 2078 9235 8525
Error
Error
Error
Error
9235
Error
Error
9235
9235
Error
Error
6
2237 2078 9235 8525 2845 8219 1791 2214 8915
Error
False
Error
2237 2078 9235 8525 2845 8219 1791 2214
2237 2078 9235 8525 2845 8219 1791 2214
Error
2214 1791 8219 2845 8525 9235 2078 1721
2214 1791 8219 2845 8525 9235 2078 1721
Error
Error
Error
Error
2845
Error
2845
Error
8525
8525
Error
Error
Error
False
1101
Error
Error
Error
Error
Error
4
Error
Error
False
False
Error
Error
False
Error
1101
False
Error
Error
4706
False
Error
Error
2
2
Error
Error
3197 7530 2341
Error
Empty
Error
Empty
Error
Error
6123 9953
6123
6123
Error
1
1
1
Error
Error
Error
Empty

Error
Error
True
Empty
Empty

Error
Error
Error
4004
440
440
2
Error
Error
False
8756
8756 7733 4668
8756 7733 4668 7407
4
2
False
5
4
8756 7733 662 5935
7733
False
False
Error
Error
Error
3337 4370 5935 662 7733 8756 5725 1725
Error
Error
Error
Error
Error
Error
662
Error
False
Error
662
Error
5725 8756 7733 662 5935 4370 3337
Error
Error
Error
5725 8756 7733 662
5
Error
Error
5725 8756 7733 662 5350
5350 662 7733 8756 5725 201 4613
Error
False
Error
False
8756
4613 201 5725 8756 7733 662 5350
8756
Error
7733
Error
7733
4613 201 5725 8756 7733 662 5350 2036 3105
4613 201 5725 8756 7733 662 5350 2036 3105
Error
False
Error
12
662
Error
Error
False
Error
12
Error
4991 6369 4613 201 5725 8756 7733 662 5350 2036 3105 8492 3411
13
Error
4991 6369 4613 201 5725 8756 7733 662 5350 2036 3105 8492 3411
Error
8756
Error
False
4991 6369 4613 201 5725 8756 7733 662 5350 2036 3105 8492
4991 6369 4613 201 5725 8756 7733 662 5350 2036 3105
3105 2036 5350 662 7733 8756 5725 201 4613 6369 4991
Error
Error
Error
False
Error
Error
Error
Error
Error
Error
False
Error
Error
6838 3105 2036 5350 662 7733 8756 5725 201 4613 6369 4991 5008 3075
Error
False
False
Error
Error
8756
6838 3105 2036 5350 662 7733 8756 5725 201 4613 6369 4991 5008 3075
Error
8756
8756
False
Error
12
5725
5008 4991 6369 4613 201 5725 8756 7733 662 5350 2036 3105 6702
13
13
False
False
5008 4991 6369 4613 201 5725 8756 7733 662 5350 2036 3105
False
4991 6369 4613 201 5725 8756 7733 662 5350 2036 3105 4063 2193 3811
False
7733
7733
Error
4991 6369 4613 201 5725 8756 7733 662 5350 2036 3105 4063 2193
Error
4991 6369 4613 201 5725 8756 7733 662 5350 2036 3105 4063 2193 7269 9063
Error
Error
Error
4991 6369 4613 201 5725 8756 7733 662 5350 2036 3105 4063 2193 7269
13
False
False
Error
14
Error
12
Error
False
False
Error
Error
Error
False
Error
False
Error
Error
False
8756
Error
Error
Error
Error
201
Error
201
5350 662 7733 8756 5725 201 4613 6369 433 3986 3078
Error
Error
9
Error
Error
6
Error
7
False
Error
Error
Error
7
Error
Error
7
Error
Error
201
Error
Error
201
Error
False
Error
Error
8370 8756 5725 201 4613 6369 433
Error
Error
201
Error
Error
201
6
Error
Error
Error
Error
Error
8370 8756 5725 201 4613 6369 3614
Error
Error
False
Error
Error
4628 3614 6369 4613 201 5725 8756
Error
False
4628 3614 6369 4613 201 5725 8756 3350
Error
Error
Error
4613
4628 3614 6369 4613 201 5725 8756 3304
Error
4613
Error
Error
Error
4628 3614 6369 4613 201 5725 8756 3304 2803 3183 600 9662 4671
Error
3304
Error
Error
Error
Error
False
8756
False
False
Error
14
Error
14
8756
13
8756
12
Error
Error
5725
Error
Error
436 2101 4628 3614 6369 4613 201 5725 8756 3304 2803 3183 600 2221 8136
Error
Error
Error
Error
Error
Error
8756
False
Error
Error
436 2101 4628 3614 6369 4613 201 5725 8756 3304 2803 3183 600 2221 8136 4563 1819 6060
Error
Error
436 2101 4628 3614 6369 4613 201 5725 8756 3304 2803 3183 600 2221 8136 4563 1819
17
436 2101 4628 3614 6369 4613 201 5725 8756 3304 2803 3183 600 2221 8136 4563 1819 3110
436 2101 4628 3614 6369 4613 201 5725 8756 3304 2803 3183 600 2221 8136 4563 1819 3110
436 2101 4628 3614 6369 4613 201 5725 8756 3304 2803 3183 600 2221 8136 4563 1819 3110
Error
8756
False
Error
Error
15
Error
False
Error
False
15
2101 4628 3614 6369 4613 201 5725 8756 3304 2803 3183 600 2221 8136
Error
Error
Error
11
10
Error
Error
Error
201
4628 3614 6369 4613 201 5725 8756 3304 2803 3183
13
Error
8756
Error
8756
False
Error
11
False
3614 6369 4613 201 5725 8756 3304 2803 3183 6512 7448
Error
Error
Error
Error
Error
Error
Error
Error
8756
Error
8756
Error
Error
Error
Error
Error
Error
Error
3614 6369 4613 201 5725 8756 3304 2803 3183 6512 62 8806
13
8756
Error
Error
False
Error
10
5725
Error
Error
Error
3614 6369 4613 201 5725 8756 3304 2803 3183
False
3614 6369 4613 201 5725 8756
Error
6
Error
Error
Error
7
False
9317 1733 6369 4613 201 5725 8756 2761
8
Error
Error
9317 1733 6369 4613 201 5725 8756 2761 1309 2652
Error
201
2652 1309 2761 8756 5725 201 4613 6369 1733 9317
5725
Error
Error
Error
Error
Error
Error
False
False
5725
Error
Error
Error
Error
5725 201 4613
201
Error
False
4
4417
Error
Error
8263
Error
8263
False
5139 8263 439 7673
Error
False
8263
Error
8263
8263
4
False
3
Error
Error
5139 8263 439
5139 8263 439
5139 8263 439
3
3
Error
439
2
2
Error
Empty
Empty

Error
7178
Empty
2127
1
Error
False
Error
False
False
Error
Error
False
9818
6689
False
2
Error
3
Error
Error
Error
8744
8744
8744
3
False
Error
3
False
False
Error
False
Error
False
False
False
Error
Error
4
4
Error
Error
Error
Error
Error
9
9
Error
Error
Error
3350 9239 5784 7323 5117 2997 7945
3350 9239 5784 7323 5117 2997 7945 9684
Error
7
Error
Error
Error
Error
Error
Error
False
3350 9239 5784 7323 5117 2997
Error
False
Error
8
8
Error
3350 9239 5784 7323 5117 2997 2297 4983
Error
6
Error
7323
3196 3863 2997 5117 7323 5784 9239 4446 2285 6589 1866
Error
7323
False
False
Error
False
Error
Error
Error
7323
Error
Error
Error
827 779 9913 3863 2997 5117 7323 5784 9239 4446 2285 6589
Error
12
827 779 9913 3863 2997 5117 7323 5784 9239 4446 2285 6589 3565
Error
13
13
Error
Error
Error
Error
Error
2997
Error
16
False
Error
False
False
False
Error
False
Error
Error
3863
Error
5934 7134 4446 9239 5784 7323 5117 2997 3863 9913 779 827 5697 7397 9745
Error
Error
Error
9745 7397 5697 827 779 9913 3863 2997 5117 7323 5784 9239 4446 7134 5934 1973 5322 1482
9745 7397 5697 827 779 9913 3863 2997 5117 7323 5784 9239 4446 7134 5934 1973 5322 1482 4012
Error
5117
Error
Error
5322 1973 5934 7134 4446 9239 5784 7323 5117 2997 3863 9913 779 827 5697 7397
Error
17
Error
False
Error
Error
Error
Error
Error
7397 5697 827 779 9913 3863 2997 5117 7323 5784 9239 4446 7134 5934 993
Error
7945 993 5934 7134 4446 9239 5784 7323 5117 2997 3863 9913 779 827 5697
Error
7323
Error
Error
13
13
Error
Error
Error
False
Error
Error
Error
Error
Error
Error
7323 5784 9239 4446 7134 5934 993 7945 4054 2109
9
Error
9
Error
Error
Error
Error
False
12
Error
Error
5784 9239 4446 7134 5934 993 7945 4054 3162 9182 3491
Error
Error
993
False
False
Error
Error
Error
Error
993
993
Error
662 3491 9182 3162 4054 7945 993 5934 7134 4446 9239 5784
Error
Error
Error
Error
7945
Error
7945
Error
Error
Error
11
Error
Error
Error
False
Error
False
1597 9239 4446 7134 5934 993 7945 4054 3162 9182 3449 5830
Error
1597 9239 4446 7134 5934 993 7945 4054 3162 9182 3449 5830
993
Error
Error
11
993
14
4054
False
Error
Error
Error
Error
3162
Error
Error
Error
Error
False
Error
Error
4339 6688 8584 7186 1195 3449 9182 3162 4054 7945 993 5934 1919
Error
Error
14
14
4339 6688 8584 7186 1195 3449 9182 3162 4054 7945 993 5934 1919 440
14
Error
9182
False
13
Error
Error
7186 1195 3449 9182 3162 4054 7945 993 5934 1919
Error
Error
9
9
False
Error
9
Error
False
Error
10
Error
False
9346 7361 3449 9182 3162 4054 7945 993 5934 1919 776
9346 7361 3449 9182 3162 4054 7945 993 5934 1919 776
4054
776 1919 5934 993 7945 4054 3162 9182 3449 7361 9346 5608
13
13
3162
False
Error
False
Error
Error
776 1919 5934 993 7945 4054 3162 9182 3449 7361 9346 5608 3858 3682
3162
776 1919 5934 993 7945 4054 3162 9182 3449 7361 9346 5608 3858 3682
776 1919 5934 993 7945 4054 3162 9182 3449 7361 9346 5608 3858 3682
False
3162
False
Error
Error
Error
17
Error
Error
18
776 1919 5934 993 7945 4054 3162 9182 3449 7361 9346 5608 3858 3682 8335 7701 4663
776 1919 5934 993 7945 4054 3162 9182 3449 7361 9346 5608 3858 3682 8335 7701 4663
18
Error
776 1919 5934 993 7945 4054 3162 9182 3449 7361 9346 5608 3858 3682 8335 7701 4663 6232
Error
776 1919 5934 993 7945 4054 3162 9182 3449 7361 9346 5608 3858 3682 8335 7701 4663 6232 7579
Error
Error
7361
Error
Error
7361
Error
False
Error
Error
Error
20
Error
Error
Error
6232 4663 7701 8335 3682 3858 5608 9346 7361 3449 9182 3162 4054 7945 993 5934 1919 776 3362
Error
Error
Error
Error
18
Error
6232 4663 7701 8335 3682 3858 5608 9346 7361 3449 9182 3162 4054 7945 993 5934 1919 776
Error
6232 4663 7701 8335 3682 3858 5608 9346 7361 3449 9182 3162 4054 7945 993 5934
9346
Error
7361
Error
Error
16
Error
7361
7361
16
False
16
7361
5934 993 7945 4054 3162 9182 3449 7361 9346 5608 3858 3682 8335 7701 4663 6232
16
9346
Error
False
Error
Error
13
3449
3449
3449
12
3979 1520 1573 5608 9346 7361 3449 9182 3162 4054 7945 1695
Error
Error
Error
False
3979 1520 1573 5608 9346 7361 3449 9182 3162 4054 7945 1695 878 545
False
Error
Error
False
False
5558 545 878 1695 7945 4054 3162 9182 3449 7361 9346 5608 1573 1520
Error
5558 545 878 1695 7945 4054 3162 9182 3449 7361 9346 5608 1573
Error
Error
13
Error
Error
5558 545 878 1695 7945 4054 3162 9182 3449 7361 9346 5608 1573 6980
14
3162
9182
Error
Error
15
Error
Error
False
Error
Error
Error
False
Error
12
Error
Error
False
False
Error
3162
False
Error
Error
4054
4054
13
Error
4054
13
4054
False
Error
Error
8
Error
Error
7361
6
Error
9917 9346 7361 3449 9182 8562
Error
Error
8
Error
9917 9346 7361 3449 9182 8562 4615 2337
False
8562
8562
Error
Error
Error
2782 8600 2337 4615 8562 9182 3449 7361 9346 8793 8437
2782 8600 2337 4615 8562 9182 3449 7361 9346 8793 8437
2782 8600 2337 4615 8562 9182 3449 7361 9346 8793 8437
9182
Error
Error
Error
8437 8793 9346 7361 3449 9182 8562 4615 2337 8600 2782 1875 5450
False
Error
8437 8793 9346 7361 3449 9182 8562 4615 2337 8600 2782
Error
Error
9182
Error
Error
Error
Error
8
Error
8
Error
9346 7361 3449 9182 8562 4615 2337 8600
Error
False
Error
Error
False
Error
9346 7361 3449 9182 8562 4615 2337 8600 7166 6535
11
Error
Error
Error
Error
Error
False
6535 7166 8600 2337 4615 8562 9182 3449 7361 9346
4615
4615
6535 7166 8600 2337 4615 8562 9182 3449 7361 9346 213
6535 7166 8600 2337 4615 8562 9182 3449 7361 9346 213
False
Error
Error
Error
False
Error
Error
Error
Error
16
Error
False
2137 312 7703 6546 9974 213 9346 7361 3449 9182 8562 4615 2337 8600
Error
13
14
14
2337 4615 8562 9182 3449 7361 9346 213 9974 6546 7703 312 2137 7283
213
Error
Error
Error
False
312 7703 6546 9974 213 9346 7361 3449
312 7703 6546 9974 213 9346 7361 3449
9974
Error
False
9
Error
9
Error
Error
Error
Error
Error
Error
Error
Error
Error
Error
16
1558
Error
Error
False
1558
False
Error
Error
14
Error
14
Error
14
Error
False
7770 3795 6546 9974 213 9346 7361 6468 1558 7860 6166 4190 5983 1324 6680
Error
7770 3795 6546 9974 213 9346 7361 6468 1558 7860 6166 4190 5983 1324 4077
Error
15
6468
Error
Error
6468
12
Error
13
7361
Error
13
2823 4190 6166 7860 1558 6468 7361 9346 213 9974 6546 3795 4723
Error
Error
Error
14
False
Error
Error
False
6166 7860 1558 6468 7361 9346 213 9974 6546 3795 9645 8904 6103 8749 7885
Error
Error
False
Error
Error
14
Error
Error
False
Error
Error
1782 6468 7361 9346 213 9974 6546 3795 9645 8904 6103
Error
False
False
Error
9137 6103 8904 9645 3795 6546 9974 213 9346 7361 6468
Error
6468 7361 9346 213 9974 6546 3795 9645 8904 6103 9137 586
False
6468 7361 9346 213 9974 6546 3795 9645 8904 6103 9137 586 3742 4445
False
False
3795
False
Error
6468 7361 9346 213 9974 6546 3795 9645 8904 6103
Error
False
9974
Error
False
48 9645 3795 6546 9974 213 9346 7361
Error
Error
9
Error
48 9645 3795 6546 9974 213 9346 7361 1987
Error
Error
48 9645 3795 6546 9974 213 9346 7361 1987 9457
Error
9
Error
Error
Error
Error
1987 7361 9346 213 9974 6546 5129
1987 7361 9346 213 9974 6546 5129
False
Error
Error
5
Error
5
Error
4
213
Error
2
2
Error
Error
Error
Error
2
Error
Error
7683
Error
6830
7683 6830 6411
6830
6830
6830
Error
Error
3
Error
False
3486
Error
Empty
Error
True
Empty
Empty
Error
True
1
Error
Error
Empty
Error
Error
9032
Error
Error
Empty
Error
3155
Error
Error
Error
Error
3155
3155
1
Error
Error
3155
True
True

Error
Empty
Empty
Error
Empty
True
Error
Error
Error
Error
Empty

Error
5423
5423
False
5431 5423
Error
Error
Error
Error
Error
4
Error
Error
Error
8
Error
False
Error
Error
Error
155
155
Error
Error
Error
2605 9567 155 7466
Error
False
7466 155 9567 2605
7466 155 9567 2605 573 1100 8795
Error
False
Error
9567
False
9567
Error
7466 155 9567 2605 573 4757
False
Error
False
Error
False
Error
Error
Error
Error
4
False
Error
Error
1
Error
7466
True

Empty
0

Empty
Error
False
5875
Error
Error
False
Error
False
False
Error
Empty
Empty
Empty
True
Error
Empty
Error
Error
Error
Error
Error
736 3861 7306 2826 3920
736 3861 7306 2826 3920
Error
2826 7306 3861 736
Error
2826 7306 3861 736 5816
Error
Error
Error
6
Error
Error
Error
6
Error
False
2826 7306 3861 736 5816 2442 5431
Error
736
Error
2442
False
Error
Error
Error
False
2442
2442
8
Error
5816
7306 3861 736 5816 2442 5431
7
False
Error
5816
False
Error
Error
False
5431
Error
Error
5816
5816
Error
Error
Error
6979 2525 5509 5551 736 5816 2442 5431 7760
Error
Error
Error
False
6979 2525 5509 5551 736 5816 2442 5431 1891
Error
736
Error
6979 2525 5509 5551 736 5816 2442 5431 510
6979 2525 5509 5551 736 5816 2442 5431 510 4412
6979 2525 5509 5551 736 5816 2442 5431 510 4412
Error
Error
False
736
Error
5816
10
Error
False
Error
Error
Error
False
Error
Error
6979 2525 5509 5551 736 5816 2442 5431 7551 4205
False
Error
Error
Error
Error
Error
Error
Error
736
14
Error
False
3211 2626 6979 2525 5509 5551 736 5816 2442 5431 7551 4205 5369
3211 2626 6979 2525 5509 5551 736 5816 2442 5431 7551 4205 5369 5947 2038
Error
Error
6663 2038 5947 5369 4205 7551 5431 2442 5816 736 5551 5509 2525 6979 2626 3211
6663 2038 5947 5369 4205 7551 5431 2442 5816 736 5551 5509 2525 6979 2626 3211
Error
Error
Error
Error
15
Error
Error
16
False
Error
Error
2442
5306 2626 6979 2525 5509 5551 736 5816 2442 5431 7551 4205 5369 5947 2038 6663 8090
Error
Error
Error
15
Error
Error
8090 6663 2038 5947 5369 4205 7551 5431 2442 5816 736
False
Error
Error
Error
False
8
Error
Error
Error
Error
Error
5947 2038
Error
Error
Error
Error
3
Error
False
5
Error
5947 2038 4219 9785 2702
5
4219
Error
6
4219
Error
Error
Error
Error
5947 2038 4219
Error
5947 2038 4219 4681
2038
Error
False
False
False
Error
Error
Error
Error
Error
False
4262 4681 4219 2038 5947
False
Error
Error
Error
Error
4219
4219
Error
Error
False
3
Error
Error
Error
Error
False
Error
Error
Error
2038 4219 4681
3
Error
4219
Error
Error
Error
False
Error
Error
7160 9322 2388
Error
False
Error
False
Error
2388 9322
Error
Error
Error
2388
Error
Error
Error
1
Error
Error
6022
6022
1
False
False
False
Error
Error
Empty
True
Empty
Error
0
Error
Error
Error
Empty
Error
Empty
0
Empty
Empty
Empty
Error
False
False
7601 5949
False
Error
Error
Error
7601
1
0
Empty
Empty
Error

Error
Error
False
Error
Error
3786

Error
Empty
True
Error
0
Empty
Error
Error
Error
Error
3278
False
Error
Error
3840
3840
False
Error
False
Error
4098 3278 3840 8421
Error
False
Error
Error
Error
Error
3278
Error
4098 3278 3840
Error
Error
4098 3278 3840
3278
Error
False
4098 3278
4098 3278 633 3816
4098
False
Error
2
Error
Error
Error
4098
Error
1
Error
6068
4098 6068 9018
Error
Error
Error
Error
Error
4098 6068
Error
8521
False
Error
Error
Error
Error
4
8521
False
False
Error
Error
False
2568 2321 7822 8521 4098
Error
2321
5
2321
Error
Error
Error
Error
Error
7
7
2568
False
False
Error
Error
Error
Error
Error
Error
6507
Error
6507
7465 6507 9106
False
1
Error
3
8709
Error
7465 8709
False
Error
False
Error
Error
False
Empty
Error
Error
Error
66
Error
Error
1
3844
Error
Error
Error
True
True
Error
Error
Empty

Error
Error
1
2512
False
Error
True
Error
Error
Error
Empty
Error
1
3344
Error
Error
3344
3344
Empty
Empty
Empty
True
True
False
35
Error
2
2
35 993
Error
Empty
True
0
Empty
Error

Error
Error
Error
Error
800
Error
Error
Error
Error
1
False
0
Error
9718 4500 787
9718
Error
2
851
Error
True
Empty
Empty


Error
False
Error
True
Error
Empty
Error
False
Error
2
Error
2
2
Error
8380
Error
8380
8380 7639
3
Error
Error
Error
8380 7639
0
Empty
Empty
True
1
1
2
Error
2430
1
Error
False
Error
Error
2430
Error
Error
Error
Error
Empty

Error
Error
False
5
6
4418 7727 393 4111 1358 97
Error
Error
4111
4418 7727 393 4111 1358 97 3937
False
7
Error
False
Error
Error
8
4111
4111
4111
Error
4418 7727 393 4111 1358 97 4849 892 6823 9631
9
Error
Error
Error
1358
Error
6823 892 4849 97 1358 4111 393 7727 3775
Error
Error
Error
Error
False
4849
6823 892 4849 97 1358 4111 4717 8419
6823 892 4849 97 1358 4111 4717 8419 1772
Error
Error
1358
6823 892 4849 97 1358 4111 4717 8419 1772
False
False
Error
Error
Error
7
Error
False
4717 4111 1358 97 4849 892 4126 5260
False
Error
7
Error
8
8
Error
97
Error
Error
5260 4126 892 4849 97 1358 4111 7558 7351 7822 1111
1358
False
Error
False
9
9
Error
Error
5260 4126 892 4849 97 1358 4111 1066 249 9656
Error
5260 4126 892 4849 97 1358 4111 1066 249 9656 746 6019
1358
Error
13
14
14
False
12
Error
Error
Error
Error
False
False
1066
Error
Error
14
5758 6711 4885 6019 746 9656 249 1066 4111 1358 97 4849 892 4126
5758 6711 4885 6019 746 9656 249 1066 4111 1358 97 4849 892 4126 3365 617
False
1066
Error
1066
14
249
Error
249
14
5758 6711 4885 6019 746 9656 249 1066 4111 1358 97 4849 892
Error
5758 6711 4885 6019 746 9656 249 1066 4111 1358 97 4849 892 8908 5470 1667
Error
Error
Error
Error
Error
8908 892 4849 97 1358 4111 1066 249 9656 746 6019 4885 6711 5186
Error
Error
8908 892 4849 97 1358 4111 1066 249 9656 746 6019 4885 6711 5186
Error
Error
Error
Error
8908 892 4849 97 1358 4111 1066 249 9656 746 6019 4885 6711 5186 7647 1242
Error
False
False
False
Error
8908 892 4849 97 1358 4111 1066 249 9656 746 6019 4885 6711 5186
Error
249
Error
Error
Error
Error
Error
11
False
Error
1066
6735 6019 746 9656 249 1066 4111 1358 97 4849 626
Error
6735 6019 746 9656 249 1066 4111 1358 97 4849 626 8601
Error
4111
Error
Error
Error
1358
Error
6735 6019 746 9656 249 1066 4111 1358 97 4849 626 8601 8629 8343 8684
False
False
Error
Error
4111
Error
Error
Error
Error
Error
Error
False
18
97
Error
4849
Error
False
Error
18
4849
6735 6019 746 9656 249 1066 4111 1358 97 4849 626 8601 8629 7338 7741 7287 4644 7105
97
Error
18
Error
Error
4849
4849
Error
False
Error
Error
Error
Error
626
5287 7105 4644 7287 7741 7338 8629 8601 626 4849 97 1358 4111 1066 249 9656 746 6019 6126
5287 7105 4644 7287 7741 7338 8629 8601 626 4849 97 1358 4111 1066 249 9656 746 6019 6126 727
Error
Error
20
Error
Error
5287 7105 4644 7287 7741 7338 8629 8601 626 4849 97 1358 4111 1066 249 9656 746 6019 6126 8809 4523
5287 7105 4644 7287 7741 7338 8629 8601 626 4849 97 1358 4111 1066 249 9656 746 6019 6126 8809 4523
Error
Error
22
Error
Error
4849
97
Error
97
Error
False
22
False
Error
Error
8809 6126 6019 746 9656 249 1066 4111 1358 97 4849 626 8601 8629 7338 7741 7287 4644 7105
8809 6126 6019 746 9656 249 1066 4111 1358 97 4849 626 8601 8629 7338 7741 7287 4644 7105
18
Error
8809 6126 6019 746 9656 249 1066 4111 1358 97 4849 626 8601 8629 7338
Error
Error
Error
Error
8629 8601 626 4849 97 1358 4111 1066 249 9656 746 6019 6126 1037
4111
Error
Error
4111
Error
Error
Error
Error
14
8629 8601 626 4849 97 1358 4111 1066 249 9656 746 6019 6126 6398
Error
15
Error
Error
8629 8601 626 4849 97 1358 4111 1066 249 9656 746 6019 6126
False
Error
8629 8601 626 4849 97 1358 4111 1066 249 9656 746 6019 6126 8486
8629 8601 626 4849 97 1358 4111 1066 249 9656 746 6019 6126 8486
Error
13
11
Error
Error
11
8629 8601 626 4849 97 1358 4111 1066 249
97
Error
97
4849
Error
5
626
Error
Error
626
Error
False
Error
Error
False
Error
Error
Error
Error
Error
False
Error
False
False
8637 9770
False
Error
Error
Error
Error
Error
Empty
Error
Error
Error
Empty

Error
2746
False
Error
Error
2
Error
Error
2
Empty
Empty
Error
Error
Error

Error
Error
Error
Empty
1
3
Error
False
441
1
False
1
Error
Error
441
Error
Error
Error
Empty
True
Empty
Empty
Empty
Empty
Empty
Empty
Error
Error
False
1

True
True
Error
True
Empty

Error
0
Empty
Error
1
1904
1904
1904
Error
1
False
1
False
False
Error
False
Error
Error
Error
1455
9880 1455 2168
Error
False
False
1455
Error
Error
1455 9593
2
Error
False
Error
1455 9593 640
9593
9593
Error
False
9593
Error
1455 9593 640 6892
Error
Error
Error
Error
Error
1455
Error
1455
Error
1455 1904 70
False
Error
4
1904
Error
1455 1904 70 4016
Error
Error
Error
Error
Error
1455 1904 70
False
False
2
1
Error
1455
3
3
1455 9771 5337 8993
False
9771
Error
Error
Error
1455
Error
2
False
Error
1455 1548 7778 2837
3
Error
1455 1548 7778
3
1548
1548
1548
False
5
Error
Error
2212 277 1455 1548 7778
Error
Error
277
Error
7
2212 277 1455 1548 746 2195 5373
Error
1548
Error
Error
False
Error
6
Error
Error
False
1455
Error
False
746 1548 1455 277 2212
746 1548 1455 277 2212
5
1455
5
5
5
1455
Error
False
1455
Error
1455
False
False
4
Error
8676 1455 1548 746
Error
8676 1455 1548 746 8946 7546 8985
Error
8676 1455 1548 746 8946 7546 7492
Error
8676 1455 1548 746 8946 7546
8676 1455 1548 746 8946 7546
False
False
Error
7
Error
False
Error
805 8946 746 1548 1455 8676
Error
Error
805 8946 746 3859
4
5
False
3859
3859
805 8946 746 3859 8437 1572 4306
8
Error
5
746
8437 3859 746 8946 805
Error
Error
Error
False
4
9899 746 3859 8437
Error
Error
False
9899 746 3859 8437
746
Error
False
3859
False
3859
False
False
6
False
Error
Error
9899 746 3859 8437 8673
Error
8437
8673 8437 3859 746
2
Error
1
Error
1
8673
Error
1
Error
False
Error
Error
Error
Error
Error
False
Error
8189
Error
8673 8189 7444 4382
8189
False
Error
7444
Error
8189
6
False
False
Error
8189
Error
Error
Error
Error
8189 7444 4382
8189 7444 4382
Error
Error
Error
Error
7436 1631
Error
Error
False
Error
Error
2
Error
Error
2
Error
Error
False
1
Empty
Error
1
421
True
Error
Error
1
Error
Error
True
4883

Empty
Empty
Error
3548
False
1
False
Error
Error
3548
3548
Error
Empty
Error
4619 2258
Error
4619 2258 1112
Error
2258
Error
1112 2258 4619
Error
Error
Error
False
Error
Error
3
1112 2258
5
False
False
2258
Error

True
Error
0
Error
0
292 2980
292 2980 958
Error
292 2980 958
Error
Error
Error
Error
292
292
Error
Error
Error
Error
292 9170
292
Error
292 5557
Error
Error
Error
Error
Error
Error
False
Error
Error
5182 292 3819 8259
Error
False
Error
Error
7237 1495 6965 10000 7005 3819 292 5182
Error
7237 1495 6965 10000 7005 3819 292 5182 9466
Error
Error
Error
False
5182 292 3819 7005 10000 6965 1495 7237 5639 5620 7327 6738
False
6965
Error
6965
Error
Error
Error
Error
1495
Error
Error
14
Error
Error
Error
1612 7893 7114 7327 5620 5639 7237 1495 6965 10000 7005 3819 292 5182 2169 1994
1612 7893 7114 7327 5620 5639 7237 1495 6965 10000 7005 3819 292 5182 2169
Error
Error
Error
6965
1612 7893 7114 7327 5620 5639 7237 1495 6965 10000 7005 3819 292 5182 2169 777 1793 9555
1612 7893 7114 7327 5620 5639 7237 1495 6965 10000 7005 3819 292 5182 2169 777 1793 9555 6923 8952
False
Error
Error
1612 7893 7114 7327 5620 5639 7237 1495 6965 10000 7005 3819 292 5182 2169 777 1793 9555 6923 8952
Error
21
21
8952 6923 9555 1793 777 2169 5182 292 3819 7005 10000 6965 1495 7237 5639 5620 7327 7114 7893 1612
Error
19
Error
Error
False
Error
False
3819
False
Error
7005
Error
18
18
Error
Error
Error
3819
Error
Error
3819
Error
Error
Error
Error
22
Error
22
292
292
False
23
False
Error
368 8293 8242 7904 3564 8822 957 4038 6923 9555 1793 777 2169 5182 292 3819 7005 10000 6965 1495 7237 5639 5620 7327 6481 8977
368 8293 8242 7904 3564 8822 957 4038 6923 9555 1793 777 2169 5182 292 3819 7005 10000 6965 1495 7237 5639 5620 7327 6481 8977
5182
Error
Error
Error
Error
Error
Error
775 8977 6481 7327 5620 5639 7237 1495 6965 10000 7005 3819 292 5182 2169 777 1793 9555 6923 4038 957 8822 3564 7904 8242
Error
5182
Error
Error
False
775 8977 6481 7327 5620 5639 7237 1495 6965 10000 7005 3819 292 5182 2169 777 1793 9555 6923 4038 957 8822 3564 7904
Error
Error
Error
False
23
False
Error
7005
7005
3819
Error
Error
False
775 8977 6481 7327 5620 5639 7237 1495 6965 10000 7005 3819 292 5182 2169 777 1793 9555 6923 4038 957 6597
Error
Error
Error
775 8977 6481 7327 5620 5639 7237 1495 6965 10000 7005 3819 292 5182 2169 777 1793 9555
Error
Error
20
9555 1793 777 2169 5182 292 3819 7005 10000 6965 1495 7237 5639 5620 7327 6481 8977 7510 2562 1355
False
Error
False
False
Error
Error
Error
20
20
9555 1793 777 2169 5182 292 3819 7005 10000 6965 1495 7237 5639 5620 7327 6481 8977 7510 2562
19
Error
False
18
10000
Error
18
False
Error
7510 8977 6481 7327 5620 5639 7237 1495 6965 10000 7005 3819 292 5182 2169 777 1793 9555
Error
False
Error
Error
1495
Error
1495
1495
7510 8977 6481 7327 5620 5639 7237 1495 6965 10000 7005 3819 292 5182 2169
Error
1495
Error
15
Error
Error
Error
7237
Error
Error
False
Error
Error
Error
9
10
False
Error
Error
9
3990 1691 5882 6965 1495 7237 5639 5620 7327
Error
Error
Error
11
6965
Error
6965
12
False
6965
Error
Error
18
False
1936 6569 9900 1628 3990 1691 5882 6965 1495 7237 5639 5620 7327 5551 8414 5984 4370 5203
Error
False
False
Error
Error
Error
False
19
Error
16
Error
16
Error
15
15
False
4370 5984 8414 5551 7327 5620 5639 7237 1495 6965 5882 1691 3990 1628
4370 5984 8414 5551 7327 5620 5639 7237 1495 6965 5882 1691 3990 1628
Error
13
5620
5639
5639
4370 5984 8414 5551 7327 5620 5639 7237 1495 6965 5882 1691 6105 9753
Error
Error
False
Error
5620
Error
Error
Error
21
False
Error
Error
Error
False
Error
Error
Error
5355 8944 3255 4370 5984 8414 5551 7327 5620 5639 7237 1495 6965 5882 1691 940 3230 8835 6450
Error
Error
5355 8944 3255 4370 5984 8414 5551 7327 5620 5639 7237 1495 6965 5882 1691 940 3230 8835 6450
5355 8944 3255 4370 5984 8414 5551 7327 5620 5639 7237 1495 6965 5882 1691 940 3230 8835
Error
Error
Error
Error
Error
Error
5355 8944 3255 4370 5984 8414 5551 7327 5620 5639 7237 1495 6965 5882 1691 940 3230 398
Error
Error
Error
Error
5620
False
Error
False
False
Error
Error
Error
Error
False
Error
20
Error
Error
Error
7327
7327
20
Error
19
Error
Error
Error
18
8414
15
3303 7959 5355 8944 3255 4370 5984 8414 5551 7327 5620 5639 7237 1495
3303 7959 5355 8944 3255 4370 5984 8414 5551 7327 5620 5639 7237 1495
Error
Error
Error
3303 7959 5355 8944 3255 4370 5984 8414 5551 7327 5620 5639 7237
False
Error
Error
3303 7959 5355 8944 3255 4370 5984 8414 5551 7327 5620 5639
3303 7959 5355 8944 3255 4370 5984 8414 5551 7327 5620 5639
3303 7959 5355 8944 3255 4370 5984 8414 5551 7327 5620 5639
4960 5639 5620 7327 5551 8414 5984 4370 3255 8944 5355 7959 3303
Error
Error
Error
4960 5639 5620 7327 5551 8414 5984 4370 3255 8944 5355 7959 3303
Error
False
Error
4960 5639 5620 7327 5551 8414 5984 4370 3255 8944 5355
8414
8414
Error
Error
Error
Error
8414
False
8414
Error
14
5685 4960 5639 5620 7327 5551 8414 5984 4370 3255 8944 5355 4605
False
Error
13
5685 4960 5639 5620 7327 5551 8414 5984 4370 3255 8944 5355 4605
13
13
Error
Error
False
Error
Error
5685 4960 5639 5620 7327 5551 8414 5984 4370 3255 8944 5355 4605 9667
Error
Error
14
Error
8414
8414
8414
Error
Error
Error
Error
Error
6382 3255 4370 5984 8414 5551 7327 5620 5639 4960 5685
11
False
Error
14
Error
7327
False
Error
12
12
Error
False
Error
Error
Error
Error
Error
4960 5639 5620 7327 5551 8414 5984 4370 3255 588
False
8414
6635 588 3255 4370 5984 8414 5551 7327 5620 5639 4960
Error
10
Error
Error
Error
Error
False
Error
9
Error
False
Error
Error
Error
588 3255 4370 5984 8414 5551 7327 768
Error
588 3255 4370 5984 8414 5551 7327
Error
False
588 3255 4370 5984 8414 5551 7327
Error
Error
Error
588 3255 4370 5984 8414 5551
Error
False
4370
False
Error
False
Error
Error
Error
9
9
False
10
False
Error
6531 4787 2038 9807 8414 5984 4370 3255 588 3329
8414
Error
Error
Error
Error
8414
Error
Error
588 3255 4370 5984 8414 9807 2038 4787 6531 9965
Error
Error
10
9807
9807
Error
11
Error
10
9
9
8414
False
Error
8414
5
Error
Error
3255 4370 5984 1129
Error
4
3
3255 4370 5984 8046
Error
3255 4370 5984 8046
3255 4370 5984 8046
Error
Error
8046 5984 4370 3255
Error
4
Error
Error
Error
Error
4370
4370
Error
Error
2
4370 4603 3274
Error
5610 2974 4370 4603 4608 8560 6560
Error
4603
4603
6560 8560 4608 4603 4370
6560 8560 4608
Error
3
False
Error
8560
False
8560
6560 8560 4608 4143
6560
Error
6560
2
6560
Error
Error
Error
Error
3
Error
False
6560 8560
Error
False
6560
Error
1
Error
Empty
Empty
0
Error
False
Error
False
Error
Error
Error
Error
Empty
Error
Error
Error

True
Error
True
Empty

True
False
Error
False
Error
676
Error
Error
Error
676
Empty
Error
Error
Error
Error
Error
Error
Error
Error
Error
True
Empty

Error
Error
Error
0
Error
5164 10
Error
5164
Empty
Error
Error
Empty
Error
Empty
Empty
Error

Error
Empty
Empty
Empty
0
Error


Error
Error
Empty
Empty
Error
0
Empty
Error
8338
8338
Error

Error
Empty
Error
Error
Error
Error
Error
True
Error
Empty
Error
Error
False
Error
4396
Error
3
False
3
2996 4396 5461
Error
2996 4396 5461
3
Error
4396
False
Error
Error
Empty
Empty
Empty
Error
0
Empty
Error
True
True
Empty
Error
Empty
Empty

Error
Error
Error
Error
Error
Error
True
Empty
True
Empty
Empty
Empty
6552
Empty
Error
Empty
Error
Empty
Empty
False
False
Error
2909
2724 2909 58 9141
2909
False
2909
2724 2909 58 2162 8614 8136
Error
Error
2162
Error
2909
Error
False
7
7
Error
7
7
8453 3745 2724 2909 58 2162 8614
Error
Error
2909
False
Error
False
8453 3745 2724 2909 58 2162 8614 265 2784 6204 4381
Error
Error
Error
Error
Error
14
Error
Error
Error
Error
3745 2724 2909 58 2162 8614 265 2784 6204 4381 747 8434 2664
Error
11
Error
Error
3745 2724 2909 58 2162 8614 265 2784 6204 4381 747 8098
8098 747 4381 6204 2784 265 8614 2162 58 2909 2724 3745 993
8098 747 4381 6204 2784 265 8614 2162 58 2909 2724 3745
Error
8614
14
False
14
Error
Error
False
8098 747 4381 6204 2784 265 8614 2162 58 2909 2724 3745 1365 9416
Error
9416 1365 3745 2724 2909 58 2162 8614 265 2784 6204 4381 747
Error
Error
Error
Error
2162
Error
Error
Error
Error
Error
Error
8614
Error
16
False
False
1365 3745 2724 2909 58 2162 8614 265 2784 6204 4381 6548 9207 2909 8647 387
17
False
Error
Error
2784
Error
False
265
Error
Error
2909 9207 6548 4381 6204 2784 265 8614 2162 58 2909 2724 3745 1365
Error
2909 9207 6548 4381 6204 2784 265 8614 2162 58 2909 2724 3745
3745 2724 2909 58 2162 8614 265 2784 6204 4381 6548 9207 2909
Error
265
9584 2909 9207 6548 4381 6204 2784 265 8614 2162 58 2909 2724 3745
2784
13
Error
Error
False
2784
Error
Error
Error
2724 2909 58 2162 8614 265 2784 6204 4381 6548 9207 2909 9584 2889
False
Error
Error
False
6204
Error
6439 2724 2909 58 2162 8614 265 2784 6204 4381 6548 9207 2909 9584
False
False
2784
Error
False
Error
False
Error
Error
False
Error
Error
Error
Error
Error
False
17
Error
17
6204
Error
Error
Error
Error
Error
False
17
Error
False
Error
6548
Error
False
Error
Error
Error
Error
Error
Error
11
2162 8614 265 2784 6204 4381 6548 9207 2909 3834 1031
Error
11
Error
False
Error
9
Error
Error
False
Error
Error
False
Error
Error
Error
Error
Error
Error
Error
Error
Error
False
False
Error
Error
Error
False
Error
False
Error
5350 2909 9207 6548 4381 6204 2784 265 6422 5748 3126 8910 4198 7599
Error
Error
5350 2909 9207 6548 4381 6204 2784 265 6422 5748 3126 8910 4198
Error
8098 8910 3126 5748 6422 265 2784 6204 4381 6548 9207 2909
False
Error
Error
Error
Error
Error
8098 8910 3126 5748 6422 265 2784 6204 4381 6548 9207 2909
Error
265
13
Error
8098 8910 3126 5748 6422 265 2784 6204 4381 6548 9207 2909 2837
Error
Error
False
Error
Error
False
2784
Error
Error
11
Error
Error
Error
10
4381
8
Error
Error
Error
Error
7
False
Error
930 9207 6548 4381 6204 2784 265 7997
Error
Error
Error
Error
3956 3654 3302 930 9207 6548 4381 6204 2784 265 7997 5964 853
Error
Error
13
Error
False
Error
Error
Error
4381
5964 7997 265 2784 6204 4381 6548 9207 930 3302 3654 3956
6548
Error
Error
15
Error
False
Error
Error
265
Error
Error
Error
5509 3735 6408 6548 4381 6204 2784 265 7997 5964 7927
11
Error
Error
Error
Error
Error
5509 3735 6408 6548 4381 6204 2784 265 7997 5964
10
Error
Error
Error
Error
9
Error
6548
6548
5509 3735 6408 6548 4381 6204 2784 5027 7694
Error
6548
Error
Error
Error
11
Error
Error
5406 5509 3735 6408 6548 4381 6204 2784 5027 8064 4757 2682
Error
Error
False
Error
Error
11
Error
Error
5406 5509 3735 6408 6548 4381 6204 2784 5027 8064 5288
Error
11
8
Error
Error
Error
Error
Error
5406 5509 3735 6408 6548 4381 6204 2784 3220
Error
False
Error
6408
6408
False
6408
Error
False
False
3735
False
6548 6408 3735 5509
6408
4
False
Error
1
Error
Error
6548
Error
Error
1
Error
False
Error
Empty
Error
1
False
Error
Empty
True
0
Error
Error
Empty
Empty
Error
0
Empty
Empty

Empty
Empty
True
Empty
Error
False
Error
8875
False
8875
Error
Empty
False
Error
Error
Error
Error
False
Error
1
0
Empty
Empty
Empty
True
True
2466 8513
Error
Error
Empty
Empty
Error
Error
Error
Error
Error
2
True
0
Error
True
Error
Error
True
Empty
False
4233
Empty
Error
True
0
True
Error
Error
Error
Error
Error
Error
True
0
Empty
Error

Error
Empty
Empty
False
Error
7718
Error
4
7718 4617 9129 3749
Error
Error
False
4
Error
9129 4617 7718 3540
4
Error
False
3
Error
9129 4617 7718 5324 3666
Error
3666 5324 7718 4617 9129
7718
5
Error
3666 5324 7718 4617 9129
5
7718
Error
Error
4617
False
False
Error
Error
9129 4617 7718 9549
Error
Error
Error
6
7718
Error
Error
Error
Error
Error
Error
Error
Error
Error
5
Error
Error
4617
False
Error
False
Error
1
Error
3
Error
False
Error
False
2
Error
Error
Error
Error
Error
Error
797 6810 5437 9101
Error
797 6810 5437 9101
Error
Error
Error
Error
Error
797
False
Error
Error
Error
Error
Error
Error
3
Error
797
Error
Error
False
Error
False
False
False
False
6810 797 994
Error
6
Error
Error
Error
Error
Error
6810 797 994
6810
Error
6810
Error
Empty
Empty
0
369
369 5103 5561
Error
False
4
369 5103 4482 8911
369 5103 4482
Error
Error
5103
369 5103 4482
3
Error
False
False
369
False
Error
Error
Error
7777 369 9686 9149
Error
False
Error
False
Error
4594
842
Error
842
7777 369 4594 842 5776 216 8628 772
Error
8
Error
Error
Error
Error
Error
216
Error
4595 882 772 8628 216 5776 842 4594 369
Error
216
Error
9
Error
7
8628
216
4595 882 772 8628 216 5776 842 7132 36 702
10
216
Error
Error
False
Error
Error
216
702 36 7132 842 5776 216 8628 772 882 4595 3910
702 36 7132 842 5776 216 8628 772 882 4595 3910
Error
3910 4595 882 772 8628 216 5776 842 7132 36 702 5251
Error
3910 4595 882 772 8628 216 5776 842 7132 36 702 5251
Error
216
216
False
False
False
395 5251 702 36 7132 842 5776 216 8628 772 882 4595
395 5251 702 36 7132 842 5776 216 8628 772 882
6883 772 8628 216 5776 842 7132 36 702 5251 395
10
Error
Error
Error
Error
False
Error
Error
Error
Error
False
Error
Error
Error
Error
8
7546 702 36 7132 842 5776 216 8628
7546 702 36 7132 842 5776 216 8628
8
Error
Error
Error
Error
216 5776 842 7132 36 702 7546 7321
False
Error
Error
Error
842
Error
False
False
Error
9
Error
Error
Error
Error
842
842
Error
False
Error
702 36 7132 842 5776 216
Error
Error
Error
7
Error
7
702 36 7132 842 5776 216
Error
Error
702 36 7132 842 5776 216
7132
5
False
6
6
False
7
Error
Error
Error
7132
842 7132 36
3
False
2
1
False
Error
Empty
True
Error
Error
1637
Error
Error
Error
Error
1
1637
9685
False
Error
Error
False
Error
Error
5
1637 9685 4124 6691 3679
3679 6691 4124 9685
Error
3
False
Error
6691
Error
False
Error
Error
Error
Error
6691 32 7775 6349
6349 7775 32 6691 6497
6349 7775 32 6691 6497
Error
32
5
Error
Error
Error
Error
False
Error
False
Error
5
False
4
32
4
Error
Error
Error
False
Error
Error
Error
8501 7775 32 6691
Error
8501 7775 32 6691
False
Error
False
7775
6810 184 8501 7775 32 6691
6810 184 8501 7775 32 6691 9335 8191
Error
8191 9335 6691 32 7775 8501 184
Error
32
Error
Error
9335 6691 32 7775 8501
Error
32
Error
9335 6691 32 7775 8501 6313
Error
Error
9335 6691 32 7775 8501 6313 1745
Error
6
False
Error
7
Error
Error
9485 6313 8501 7775
Error
False
Error
Error
Error
Error
Error
3
9485 6313 8501 6811
Error
5
Error
Error
8501
Error
Error
6811 8501 6313
8501
6811 8501 6313
Error
8501
Error
Error
Error
Error
4
Error
6811
Error
Error
False
Error
6811 4719
Error
6811 5185
False
Error
Error
3
False
3
Error
6811 5185 5367 2296 1273
Error
False
Error
Error
Error
Error
6811 5185 5367 2296 1273 1735 352 134 987 1065 9375 6347
False
Error
False
8701 8391 9375 1065 987 134 352 1735 1273 2296 5367 5185 6811 5807
14
352
False
15
False
15
15
Error
Error
1735
Error
Error
8701 8391 9375 1065 987 134 352 1735 1273 2296 5367 5185 6811 5807 4885
Error
352
352
352
False
Error
False
11
Error
Error
Error
Error
Error
352
Error
8701 8391 9375 1065 987 134 352 1735 1273 7418 4953 6887 7866
13
Error
Error
False
Error
Error
False
Error
Error
Error
Error
1273
Error
Error
16
Error
Error
Error
1735
Error
352
Error
8701 8391 9375 1065 987 134 352 1735 1273 7418 4953 6887 7866
Error
Error
