Empty
0
Error
Error
0
Empty
Error
Error
Error
Empty
Empty
Error
Error
Empty
0
Error
Error
Error
2
Error
Error
Error
6566
Error
6566 4412 4210
Error
Error
Error
False
Error
False
Error
Error
3391
False
False
Error
1165
Error
1165
9093
Error
False
1165 9093 3039
Error
3
Error
Error
Error
Empty
Empty
1
Error
Error
3470
Error
False
704
Empty
Error
Empty

Empty
8128
Error
Error
8128
Error
1
8128 7133
3
Error
Error
Error
False
False
3
7133
Error
Error
Error
False
Error
Error
Error
Error
Empty
Error
Empty
0
Empty
True
Error
Empty
0
405
405
1
405
Error
405 3689 7946 1199 4919
Error
4
4
405 3689 7946 1199
Error
405 3689 7946 1199 3254
7946
False
Error
Error
Error
Error
7946
Error
Error
Error
Error
Error
False
2
Error
7946
False
Error
2
Error
Error
Error
Error
Error
3042
Error
False
False
Error
Error
8358 8031 3042 7946 1883 5750
6
3042
Error
8358 8031 3042 7946 1883 9053
8358 8031 3042 7946 1883 9053
Error
Error
1883
8358 8031 3042 7946 1883 9053 4472 7986 4743
Error
Error
Error
9
False
Error
Error
1883 9053 4472 7986 4743 7966 7308
1883 9053 4472 7986 4743 7966 8319
7986
False
Error
False
Error
Error
Error
False
False
Error
7986
7986
Error
6
Error
Error
5
7986
Error
Error
Error
6
Error
7986
Error
1601 4743 7986 4472 9053
1601 4743 7986 4472 9053 6182
Error
1601 4743 7986 4472 9053 6182 6040
False
Error
1601 4743 7986 4472 9053 6182 6040
Error
8
Error
Error
Error
Error
Error
4472
4472
8
Error
Error
4822 6182 9053 4472 7986 4743 1601 9926
9926 1601 4743 7986 4472 9053 6182 4822
Error
False
Error
Error
9926 1601 4743 7986 4472 9053 5571
7986
False
Error
10
Error
4472
4472
Error
Error
False
474 3122 9219 3631 5571 9053 4472 7986 4743 1601
Error
2974 1601 4743 7986 4472 9053 5571 3631 9219 3122 474
Error
Error
False
False
4472
3122 9219 3631 5571 9053 4472 7986 4743 1601 2974 2210
2210 2974 1601 4743 7986 4472 9053 5571 3631 9219 3122
False
4472
2210 2974 1601 4743 7986 4472 9053 5571 3631 9219
10
Error
Error
False
Error
False
Error
Error
Error
9
2210 2974 1601 4743 7986 4472 9053 5571
Error
2210 2974 1601 4743 7986 4472 9053 7077
2210 2974 1601 4743 7986 4472 9053 7077 5310
Error
Error
Error
Error
7
Error
False
4743
Error
9
9
2974
Error
4472 7986 4743 1601 2974 2210 5647 5366
Error
Error
Error
False
2210
False
Error
Error
False
Error
Error
Error
5527 7664 5366 5647 2210 2974 1601 4743 5743 2078
Error
Error
Error
2210
False
8
False
Error
10
2974
2974
Error
Error
Error
Error
12
2210
9823 570 6601 4743 1601 2974 2210 5647 5366 7664 5527 1226
9823 570 6601 4743 1601 2974 2210 5647 5366 7664 5527 1226 1104
2210
14
Error
Error
9823 570 6601 4743 1601 2974 2210 5647 5366 7664 5527 1226 1104 3897 132
Error
False
Error
16
Error
132 3897 1104 1226 5527 7664 5366 5647 2210 2974 1601 4743 6601 908 8438 7065
False
17
Error
5647
Error
5647
Error
Error
Error
Error
Error
7065 8438 908 6601 4743 1601 2974 2210 5647 5366 7664 5527 1226 1104 3897
Error
Error
2974
Error
13
Error
Error
1104 1226 5527 7664 5366 5647 2210 2974 1601 4743 6601 908 8438 7472
Error
Error
Error
Error
Error
Error
Error
Error
15
7697 8438 908 6601 4743 1601 2974 2210 5647 5366 7664 5527 1226 1104 5558 6092
7697 8438 908 6601 4743 1601 2974 2210 5647 5366 7664 5527 1226 1104 5558 6092 6346
False
Error
Error
7697 8438 908 6601 4743 1601 2974 2210 5647 5366 7664 5527 1226 1104 5558 6092 6346 6570
False
Error
7697 8438 908 6601 4743 1601 2974 2210 5647 5366 7664 5527 1226 1104 5558 6092 6346
18
7697 8438 908 6601 4743 1601 2974 2210 5647 5366 7664 5527 1226 1104 5558 6092 6346 2650
Error
Error
Error
Error
Error
2650 6346 6092 5558 1104 1226 5527 7664 5366 5647 2210 2974 1601 4743 6601 908 8438
False
2650 6346 6092 5558 1104 1226 5527 7664 5366 5647 2210 2974 1601 4743 6601 908
5366
Error
2650 6346 6092 5558 1104 1226 5527 7664 5366 5647 2210 2974 1601 4743
Error
Error
14
Error
Error
Error
5527
16
4743 1601 2974 2210 5647 5366 7664 5527 1226 1104 5558 6092 6346 2650 264
15
Error
13
14
14
Error
Error
Error
Error
Error
12
Error
Error
2974 2210 5647 5366 7664 5527 1226 1104 5558 6092
False
11
Error
False
5527
Error
Error
Error
4000 2210 5647 5366 7664 5527 1226 1104 5558
Error
Error
Error
5527
5558 1104 1226 5527 7664 5366 5647 442 7232
Error
9
7664
Error
7232 442 5647 5366 7664 5527 1226 1104 5558 6386
Error
7664
5558 1104 1226 5527 7664 5366 5647 442 7232 5081
Error
Error
10
10
Error
False
Error
Error
7589 7232 442 5647 5366 7664 5527 1226 1104 4281
Error
9
Error
9
5366
Error
5366
9
7589 7232 442 5647 5366 7664 5527 1226 1392
7589 7232 442 5647 5366 7664 5527 1226 8485 8944 5586
7664
11
Error
Error
Error
Error
Error
Error
False
Error
Error
7664
Error
7664
False
18
7664
Error
7664
Error
Error
Error
442
Error
6128 5016 645 5586 8944 8485 1226 5527 7664 5366 5647 442 7232 814 6289 3538 495 3297 1019 2017 6323 1009 5309 339
Error
5366
Error
Error
False
Error
22
864 5235 3853 111 3297 495 3538 6289 814 7232 442 5647 5366 7664 5527 1226 8485 8944 5586 645 5016 6128
442
22
Error
False
2632 6128 5016 645 5586 8944 8485 1226 5527 7664 5366 5647 442 7232 814 6289 3538 495 3297 111 3853 5235 864 3698
Error
Error
Error
Error
Error
Error
7232
7232
Error
Error
Error
2632 6128 5016 645 5586 8944 8485 1226 5527 7664 5366 5647 442 7232 814 6289 3538 495 3297 111 3853 5235 2564 4066 3456 206 5407 9661 7461
False
False
2632 6128 5016 645 5586 8944 8485 1226 5527 7664 5366 5647 442 7232 814 6289 3538 495 3297 111 3853 5235 2564 4066 3456 206 5407
False
2632 6128 5016 645 5586 8944 8485 1226 5527 7664 5366 5647 442 7232 814 6289 3538 495 3297 111 3853 5235 2564 4066 3456 206 5407
Error
7232
Error
2632 6128 5016 645 5586 8944 8485 1226 5527 7664 5366 5647 442 7232 814 6289 3538 495 3297 111 3853 5235 2564 4066 3456 206 5407 8744
7232
2632 6128 5016 645 5586 8944 8485 1226 5527 7664 5366 5647 442 7232 814 6289 3538 495 3297 111 3853 5235 2564 4066 3456 206 5407 8744
2632 6128 5016 645 5586 8944 8485 1226 5527 7664 5366 5647 442 7232 814 6289 3538 495 3297 111 3853 5235 2564 4066 3456 206 5407 8744 1872
Error
Error
False
Error
26
False
Error
Error
7232
1883 2610 3456 4066 2564 5235 3853 111 3297 495 3538 6289 814 7232 442 5647 5366 7664 5527 1226 8485 8944 5586 645 5016 6128 2632
Error
False
29
Error
Error
2865 4927 2632 6128 5016 645 5586 8944 8485 1226 5527 7664 5366 5647 442 7232 814 6289 3538 495 3297 111 3853 5235 2564 4066 3456 2610 1883 6726
Error
442
False
5647
Error
False
Error
8138 3456 4066 2564 5235 3853 111 3297 495 3538 6289 814 7232 442 5647 5366 7664 5527 1226 8485 8944 5586 645 5016 6128 2632 4927 2865 5477 9033
5647
5647
Error
8138 3456 4066 2564 5235 3853 111 3297 495 3538 6289 814 7232 442 5647 5366 7664 5527 1226 8485 8944 5586 645 5016 6128 2632 4927 2865 5477 9033
9033 5477 2865 4927 2632 6128 5016 645 5586 8944 8485 1226 5527 7664 5366 5647 442 7232 814 6289 3538 495 3297 111 3853 5235 2564 4066 3456
False
Error
False
Error
False
9033 5477 2865 4927 2632 6128 5016 645 5586 8944 8485 1226 5527 7664 5366 5647 442 7232 814 6289 3538 495 3297 111 3853 5235 2564 4066 3456
False
Error
Error
Error
False
5366
False
29
Error
Error
False
Error
8504 4319 4066 2564 5235 3853 111 3297 495 3538 6289 814 7232 442 5647 5366 7664 5527 1226 8485 8944 5586 645 5016 6128 2632 4927 2865 5477 9033
Error
30
Error
Error
Error
567 8699 9033 5477 2865 4927 2632 6128 5016 645 5586 8944 8485 1226 5527 7664 5366 5647 442 7232 814 6289 3538 495 3297 111 3853 5235 2564 4066 4319 8504
Error
Error
Error
Error
Error
1197 567 8699 9033 5477 2865 4927 2632 6128 5016 645 5586 8944 8485 1226 5527 7664 5366 5647 442 7232 814 6289 3538 495 3297 111 3853 5235 2564 4066 4319 8504
33
Error
Error
1197 567 8699 9033 5477 2865 4927 2632 6128 5016 645 5586 8944 8485 1226 5527 7664 5366 5647 442 7232 814 6289 3538 495 3297 111 3853 5235 2564 4066 4319 8504 3512
Error
Error
33
5527
Error
1197 567 8699 9033 5477 2865 4927 2632 6128 5016 645 5586 8944 8485 1226 5527 7664 5366 5647 442 7232 814 6289 3538 495 3297 111 3853 5235 2564 4066
Error
Error
31
31
False
Error
Error
Error
Error
False
1197 567 8699 9033 5477 2865 4927 2632 6128 5016 645 5586 8944 8485 1226 5527 7664 5366 5647 442 7232 814 6289 3538 495 3297 111 3853 5235 2564 6080
5527
False
Error
7664
Error
7664
Error
732 8699 9033 5477 2865 4927 2632 6128 5016 645 5586 8944 8485 1226 5527 7664 5366 5647 442 7232 814 6289 3538 495 3297 111 3853 5235 2564 6080
732 8699 9033 5477 2865 4927 2632 6128 5016 645 5586 8944 8485 1226 5527 7664 5366 5647 442 7232 814 6289 3538 495 3297 111 3853 5235 2564 6080
Error
Error
False
Error
31
31
5366
30
Error
Error
Error
6080 2564 5235 3853 111 3297 495 3538 6289 814 7232 442 5647 5366 7664 5527 1226 8485 8944 5586 645 5016 6128 2632 4927 2865 5477 9033 8699
False
7664
Error
False
28
Error
False
Error
30
31
7664
Error
False
32
32
Error
Error
False
9881 2564 5235 3853 111 3297 495 3538 6289 814 7232 442 5647 5366 7664 5527 1226 8485 8944 5586 645 5016 6128 2632 4927 2865 5477 9033 5429 9215 7495
31
False
5527
1226
30
7495 9215 5429 9033 5477 2865 4927 2632 6128 5016 645 5586 8944 8485 1226 5527 7664 5366 5647 442 7232 814 6289 3538 495 3297 111 3853 5235 2564
Error
1226
Error
False
False
Error
Error
Error
Error
Error
False
Error
1226
Error
33
Error
Error
Error
1226
Error
Error
Error
Error
Error
False
Error
Error
Error
Error
Error
Error
Error
Error
Error
7495 9215 5429 9033 5477 2865 4927 2632 6128 5016 645 5586 8944 8485 1226 5527 7664 5366 5647 442 7232 814 6289 3538 495 3297 111 3853
7495 9215 5429 9033 5477 2865 4927 2632 6128 5016 645 5586 8944 8485 1226 5527 7664 5366 5647 442 7232 814 6289 3538 495 3297 111 3853
7495 9215 5429 9033 5477 2865 4927 2632 6128 5016 645 5586 8944 8485 1226 5527 7664 5366 5647 442 7232 814 6289 3538 495 3297 111 3853
7495 9215 5429 9033 5477 2865 4927 2632 6128 5016 645 5586 8944 8485 1226 5527 7664 5366 5647 442 7232 814 6289 3538 495 3297 111 3853
8485
Error
False
28
Error
Error
Error
Error
Error
Error
7495 9215 5429 9033 5477 2865 4927 2632 6128 5016 645 5586 8944 8485 1226 5527 7664 5366 5647 442 7232 814 6289 3538 495 3297 111 3853 7516 1425
Error
Error
Error
False
Error
Error
Error
False
False
7495 9215 5429 9033 5477 2865 4927 2632 6128 5016 645 5586 8944 8485 1226 5527 7664 5366 5647 442 7232 814 6289 3538 495 3297 111 3853 7516
1226
Error
Error
29
Error
Error
5527
Error
False
Error
28
5527
5527
Error
Error
False
False
27
Error
Error
29
Error
7516 3853 111 3297 495 3538 6289 814 7232 442 5647 5366 7664 5527 1226 8485 8944 5586 645 5016 6128 2632 4927 2865 5477 9033 5429 1210
29
Error
False
Error
False
27
Error
28
30
30
False
Error
False
Error
31
Error
Error
Error
29
29
Error
False
False
Error
Error
111 3297 495 3538 6289 814 7232 442 5647 5366 7664 5527 1226 8485 8944 5586 645 5016 6128 2632 4927 2865 5477 9033 5429 4962 5868 2740
Error
Error
8944
Error
False
Error
8944
Error
111 3297 495 3538 6289 814 7232 442 5647 5366 7664 5527 1226 8485 8944 5586 645 5016 6128 2632 4927 2865 5477 9033 5429 4962 5868 2740
28
Error
Error
False
8944
Error
8944
2740 5868 4962 5429 9033 5477 2865 4927 2632 6128 5016 645 5586 8944 8485 1226 5527 7664 5366 5647 442 7232 814 6289 3538 495 3297
28
28
8944
2740 5868 4962 5429 9033 5477 2865 4927 2632 6128 5016 645 5586 8944 8485 1226 5527 7664 5366 5647 442 7232 814 6289 3538 495 3297 3354
Error
8944
8485
Error
Error
8592 3354 3297 495 3538 6289 814 7232 442 5647 5366 7664 5527 1226 8485 8944 5586 645 5016 6128 2632 4927 2865 5477 9033 5429 4962 5868 2740 2983
8485
30
8592 3354 3297 495 3538 6289 814 7232 442 5647 5366 7664 5527 1226 8485 8944 5586 645 5016 6128 2632 4927 2865 5477 9033 5429 4962 5868 2740 5300
8592 3354 3297 495 3538 6289 814 7232 442 5647 5366 7664 5527 1226 8485 8944 5586 645 5016 6128 2632 4927 2865 5477 9033 5429 4962 5868 2740 5300 8224
Error
31
8592 3354 3297 495 3538 6289 814 7232 442 5647 5366 7664 5527 1226 8485 8944 5586 645 5016 6128 2632 4927 2865 5477 9033 5429 4962 5868 2740 5300 8224
False
34
Error
Error
34
34
Error
Error
Error
Error
Error
8592 3354 3297 495 3538 6289 814 7232 442 5647 5366 7664 5527 1226 8485 8944 5586 645 5016 6128 2632 4927 2865 5477 9033 5429 4962 5868 2740 5300 8224 8523 8626 1282 6726
Error
35
False
Error
Error
4926 2332 1282 8626 8523 8224 5300 2740 5868 4962 5429 9033 5477 2865 4927 2632 6128 5016 645 5586 8944 8485 1226 5527 7664 5366 5647 442 7232 814 6289 3538 495 3297 3354
Error
Error
Error
Error
Error
4926 2332 1282 8626 8523 8224 5300 2740 5868 4962 5429 9033 5477 2865 4927 2632 6128 5016 645 5586 8944 8485 1226 5527 7664 5366 5647 442 7232 814 6289 3538 495 3297 8351
35
Error
Error
38
False
9671 9339 4263 8351 3297 495 3538 6289 814 7232 442 5647 5366 7664 5527 1226 8485 8944 5586 645 5016 6128 2632 4927 2865 5477 9033 5429 4962 5868 2740 5300 8224 8523 8626 1282 2332 4926 8135
False
596 8135 4926 2332 1282 8626 8523 8224 5300 2740 5868 4962 5429 9033 5477 2865 4927 2632 6128 5016 645 5586 8944 8485 1226 5527 7664 5366 5647 442 7232 814 6289 3538 495 3297 8351 4263 9339 9671 5292
Error
Error
False
43
Error
43
5586
Error
5586
5586
False
5586
Error
False
Error
Error
596 8135 4926 2332 1282 8626 8523 8224 5300 2740 5868 4962 5429 9033 5477 2865 4927 2632 6128 5016 645 5586 8944 8485 1226 5527 7664 5366 5647 442 7232 814 6289 3538 495 3297 8351 4263 9339 9671 5292 741 4716 312
False
5586
False
Error
Error
Error
Error
5586
Error
42
Error
41
40
Error
False
741 5292 9671 9339 4263 8351 3297 495 3538 6289 814 7232 442 5647 5366 7664 5527 1226 8485 8944 5586 645 5016 6128 2632 4927 2865 5477 9033 5429 4962 5868 2740 5300 8224 8523 8626 1385
741 5292 9671 9339 4263 8351 3297 495 3538 6289 814 7232 442 5647 5366 7664 5527 1226 8485 8944 5586 645 5016 6128 2632 4927 2865 5477 9033 5429 4962 5868 2740 5300 8224 8523 8626 1385 5280
8944
39
8944
741 5292 9671 9339 4263 8351 3297 495 3538 6289 814 7232 442 5647 5366 7664 5527 1226 8485 8944 5586 645 5016 6128 2632 4927 2865 5477 9033 5429 4962 5868 2740 5300 8224 8523 8626 1385 5280 1115 3957
41
741 5292 9671 9339 4263 8351 3297 495 3538 6289 814 7232 442 5647 5366 7664 5527 1226 8485 8944 5586 645 5016 6128 2632 4927 2865 5477 9033 5429 4962 5868 2740 5300 8224 8523 8626 1385 5280 1115
Error
Error
741 5292 9671 9339 4263 8351 3297 495 3538 6289 814 7232 442 5647 5366 7664 5527 1226 8485 8944 5586 645 5016 6128 2632 4927 2865 5477 9033 5429 4962 5868 2740 5300 8224 8523 8626 1385 5280 1115 190 4612 1822
43
False
Error
Error
43
Error
42
False
41
Error
5016
9671 9339 4263 8351 3297 495 3538 6289 814 7232 442 5647 5366 7664 5527 1226 8485 8944 5586 645 5016 6128 2632 4927 2865 5477 9033 5429 4962 5868 2740 5300 8224 8523 8626 1385 5280 1115 190 4612 66
Error
42
9671 9339 4263 8351 3297 495 3538 6289 814 7232 442 5647 5366 7664 5527 1226 8485 8944 5586 645 5016 6128 2632 4927 2865 5477 9033 5429 4962 5868 2740 5300 8224 8523 8626 1385 5280 1115 190 4612 66 4987
Error
41
Error
False
5016
Error
Error
41
41
Error
Error
8443 4612 190 1115 5280 1385 8626 8523 8224 5300 2740 5868 4962 5429 9033 5477 2865 4927 2632 6128 5016 645 5586 8944 8485 1226 5527 7664 5366 5647 442 7232 814 6289 3538 495 3297 8351 4263 9339 9671
Error
Error
Error
8443 4612 190 1115 5280 1385 8626 8523 8224 5300 2740 5868 4962 5429 9033 5477 2865 4927 2632 6128 5016 645 5586 8944 8485 1226 5527 7664 5366 5647 442 7232 814 6289 3538 495 3297 8351 4263 9339 9671
Error
Error
False
Error
5016
Error
5016
Error
8443 4612 190 1115 5280 1385 8626 8523 8224 5300 2740 5868 4962 5429 9033 5477 2865 4927 2632 6128 5016 645 5586 8944 8485 1226 5527 7664 5366 5647 442 7232 814 6289 3538 495 3297 8351 4263
Error
Error
Error
False
2632
Error
Error
Error
2064 3297 495 3538 6289 814 7232 442 5647 5366 7664 5527 1226 8485 8944 5586 645 5016 6128 2632 4927 2865 5477 9033 5429 4962 5868 2740 5300 8224 8523 8626 1385 5280 1115 190 4612 8443
Error
Error
4612 190 1115 5280 1385 8626 8523 8224 5300 2740 5868 4962 5429 9033 5477 2865 4927 2632 6128 5016 645 5586 8944 8485 1226 5527 7664 5366 5647 442 7232 814 6289 3538 495 3297 2064
Error
4612 190 1115 5280 1385 8626 8523 8224 5300 2740 5868 4962 5429 9033 5477 2865 4927 2632 6128 5016 645 5586 8944 8485 1226 5527 7664 5366 5647 442 7232 814 6289 3538 495 3297 2064 2687 2858
4612 190 1115 5280 1385 8626 8523 8224 5300 2740 5868 4962 5429 9033 5477 2865 4927 2632 6128 5016 645 5586 8944 8485 1226 5527 7664 5366 5647 442 7232 814 6289 3538 495 3297 2064 2687 2858 7523 5646
4612 190 1115 5280 1385 8626 8523 8224 5300 2740 5868 4962 5429 9033 5477 2865 4927 2632 6128 5016 645 5586 8944 8485 1226 5527 7664 5366 5647 442 7232 814 6289 3538 495 3297 2064 2687 2858 7523 5646
Error
41
4612 190 1115 5280 1385 8626 8523 8224 5300 2740 5868 4962 5429 9033 5477 2865 4927 2632 6128 5016 645 5586 8944 8485 1226 5527 7664 5366 5647 442 7232 814 6289 3538 495 3297 2064 2687 2858 7523 5646
4612 190 1115 5280 1385 8626 8523 8224 5300 2740 5868 4962 5429 9033 5477 2865 4927 2632 6128 5016 645 5586 8944 8485 1226 5527 7664 5366 5647 442 7232 814 6289 3538 495 3297 2064 2687 2858
False
39
Error
Error
Error
Error
Error
2858 2687 2064 3297 495 3538 6289 814 7232 442 5647 5366 7664 5527 1226 8485 8944 5586 645 5016 6128 2632 4927 2865 5477 9033 5429 4962 5868 2740 5300 8224 8523 8626 1385 5280 1115 190 4612 2777 2299 9538
Error
2632
2632
43
43
Error
Error
44
Error
Error
Error
44
Error
46
2858 2687 2064 3297 495 3538 6289 814 7232 442 5647 5366 7664 5527 1226 8485 8944 5586 645 5016 6128 2632 4927 2865 5477 9033 5429 4962 5868 2740 5300 8224 8523 8626 1385 5280 1115 190 4612 2777 2299 4858 7573 4978 1532 1946 4567
Error
False
44
44
Error
Error
Error
Error
6128
40
Error
40
False
40
Error
2858 2687 2064 3297 495 3538 6289 814 7232 442 5647 5366 7664 5527 1226 8485 8944 5586 645 5016 6128 2632 4927 2865 5477 9033 5429 4962 5868 2740 5300 8224 8523 8626 1385 5280 1115 190 4612 2777
Error
2858 2687 2064 3297 495 3538 6289 814 7232 442 5647 5366 7664 5527 1226 8485 8944 5586 645 5016 6128 2632 4927 2865 5477 9033 5429 4962 5868 2740 5300 8224 8523 8626 1385 5280 1115 190 4612
39
Error
Error
42
5586
616 2891 5777 8156 2858 2687 2064 3297 495 3538 6289 814 7232 442 5647 5366 7664 5527 1226 8485 8944 5586 645 5016 6128 2632 4927 2865 5477 9033 5429 4962 5868 2740 5300 8224 8523 8626 1385 5280 1115 190 8346
False
Error
42
Error
616 2891 5777 8156 2858 2687 2064 3297 495 3538 6289 814 7232 442 5647 5366 7664 5527 1226 8485 8944 5586 645 5016 6128 2632 4927 2865 5477 9033 5429 4962 5868 2740 5300 8224 8523 8626 1385 5280 1115
Error
Error
Error
Error
False
41
Error
Error
40
Error
Error
40
1115 5280 1385 8626 8523 8224 5300 2740 5868 4962 5429 9033 5477 2865 4927 2632 6128 5016 645 5586 8944 8485 1226 5527 7664 5366 5647 442 7232 814 6289 3538 495 3297 2064 2687 2858 8156 5777 2891 5510
8944
41
5510 2891 5777 8156 2858 2687 2064 3297 495 3538 6289 814 7232 442 5647 5366 7664 5527 1226 8485 8944 5586 645 5016 6128 2632 4927 2865 5477 9033 5429 4962 5868 2740 5300 8224 8523 8626 1385 5280 1115
40
Error
False
1385 8626 8523 8224 5300 2740 5868 4962 5429 9033 5477 2865 4927 2632 6128 5016 645 5586 8944 8485 1226 5527 7664 5366 5647 442 7232 814 6289 3538 495 3297 2064 2687 2858 8156 5777 2891 5510 3170
Error
False
Error
Error
Error
39
Error
Error
False
Error
Error
5510 2891 5777 8156 2858 2687 2064 3297 495 3538 6289 814 7232 442 5647 5366 7664 5527 1226 8485 8944 5586 645 5016 6128 2632 4927 2865 5477 9033 5429 4962 5868 2740 5300 8224 8523 8626 7182 2661
Error
Error
Error
5510 2891 5777 8156 2858 2687 2064 3297 495 3538 6289 814 7232 442 5647 5366 7664 5527 1226 8485 8944 5586 645 5016 6128 2632 4927 2865 5477 9033 5429 4962 5868 2740 5300 8224 8523 8626 7182
Error
7182 8626 8523 8224 5300 2740 5868 4962 5429 9033 5477 2865 4927 2632 6128 5016 645 5586 8944 8485 1226 5527 7664 5366 5647 442 7232 814 6289 3538 495 3297 2064 2687 2858 8156 5777 6392
Error
Error
Error
Error
False
38
7182 8626 8523 8224 5300 2740 5868 4962 5429 9033 5477 2865 4927 2632 6128 5016 645 5586 8944 8485 1226 5527 7664 5366 5647 442 7232 814 6289 3538 495 3297 2064 2687 2858 8156 5777 6392
8944
7182 8626 8523 8224 5300 2740 5868 4962 5429 9033 5477 2865 4927 2632 6128 5016 645 5586 8944 8485 1226 5527 7664 5366 5647 442 7232 814 6289 3538 495 3297 2064 2687 2858
Error
False
False
7182 8626 8523 8224 5300 2740 5868 4962 5429 9033 5477 2865 4927 2632 6128 5016 645 5586 8944 8485 1226 5527 7664 5366 5647 442 7232 814 6289 3538 495 3297 2064 2687 2780 6665
Error
Error
False
7182 8626 8523 8224 5300 2740 5868 4962 5429 9033 5477 2865 4927 2632 6128 5016 645 5586 8944 8485 1226 5527 7664 5366 5647 442 7232 814 6289 3538 495 3297 2064 2687 2780
35
7182 8626 8523 8224 5300 2740 5868 4962 5429 9033 5477 2865 4927 2632 6128 5016 645 5586 8944 8485 1226 5527 7664 5366 5647 442 7232 814 6289 3538 495 3297 2064 2687 2780 5163
5586
Error
Error
Error
Error
40
645
5163 2780 2687 2064 3297 495 3538 6289 814 7232 442 5647 5366 7664 5527 1226 8485 8944 5586 645 5016 6128 2632 4927 2865 5477 9033 5429 4962 5868 2740 5300 8224 8523 8626 7182 8974 7624 3396
5163 2780 2687 2064 3297 495 3538 6289 814 7232 442 5647 5366 7664 5527 1226 8485 8944 5586 645 5016 6128 2632 4927 2865 5477 9033 5429 4962 5868 2740 5300 8224 8523 8626 7182 8974 7624 3396
Error
Error
Error
645
39
39
Error
False
Error
Error
39
Error
Error
Error
False
Error
Error
Error
38
38
39
Error
9842 8657 2780 2687 2064 3297 495 3538 6289 814 7232 442 5647 5366 7664 5527 1226 8485 8944 5586 645 5016 6128 2632 4927 2865 5477 9033 5429 4962 5868 2740 5300 8224 8523 8626 7182 3245 7003
Error
9842 8657 2780 2687 2064 3297 495 3538 6289 814 7232 442 5647 5366 7664 5527 1226 8485 8944 5586 645 5016 6128 2632 4927 2865 5477 9033 5429 4962 5868 2740 5300 8224 8523 8626 7182 3245 7003
Error
5586
Error
645
Error
Error
Error
Error
41
Error
Error
Error
Error
5016
Error
43
False
Error
9842 8657 2780 2687 2064 3297 495 3538 6289 814 7232 442 5647 5366 7664 5527 1226 8485 8944 5586 645 5016 6128 2632 4927 2865 5477 9033 5429 4962 5868 2740 5300 8224 8523 8626 7182 3245 7003 2116 8
Error
Error
Error
41
9842 8657 2780 2687 2064 3297 495 3538 6289 814 7232 442 5647 5366 7664 5527 1226 8485 8944 5586 645 5016 6128 2632 4927 2865 5477 9033 5429 4962 5868 2740 5300 8224 8523 8626 7182 3245 7003
False
Error
Error
3245 7182 8626 8523 8224 5300 2740 5868 4962 5429 9033 5477 2865 4927 2632 6128 5016 645 5586 8944 8485 1226 5527 7664 5366 5647 442 7232 814 6289 3538 495 3297 2064 2687
Error
36
Error
Error
False
False
Error
Error
Error
3245 7182 8626 8523 8224 5300 2740 5868 4962 5429 9033 5477 2865 4927 2632 6128 5016 645 5586 8944 8485 1226 5527 7664 5366 5647 442 7232 814 6289 3538 495 3297 2064 2687 2797
3245 7182 8626 8523 8224 5300 2740 5868 4962 5429 9033 5477 2865 4927 2632 6128 5016 645 5586 8944 8485 1226 5527 7664 5366 5647 442 7232 814 6289 3538 495 3297 2064 2687 2797 6384
Error
3245 7182 8626 8523 8224 5300 2740 5868 4962 5429 9033 5477 2865 4927 2632 6128 5016 645 5586 8944 8485 1226 5527 7664 5366 5647 442 7232 814 6289 3538 495 3297 2064 2687 1583
Error
3245 7182 8626 8523 8224 5300 2740 5868 4962 5429 9033 5477 2865 4927 2632 6128 5016 645 5586 8944 8485 1226 5527 7664 5366 5647 442 7232 814 6289 3538 495 3297 2064 2687 1583 8551
3245 7182 8626 8523 8224 5300 2740 5868 4962 5429 9033 5477 2865 4927 2632 6128 5016 645 5586 8944 8485 1226 5527 7664 5366 5647 442 7232 814 6289 3538 495 3297 2064 2687 1583
Error
3245 7182 8626 8523 8224 5300 2740 5868 4962 5429 9033 5477 2865 4927 2632 6128 5016 645 5586 8944 8485 1226 5527 7664 5366 5647 442 7232 814 6289 3538 495 3297 2064 2687 1583
5586
Error
5586
Error
Error
36
Error
645
Error
Error
Error
6581 2687 2064 3297 495 3538 6289 814 7232 442 5647 5366 7664 5527 1226 8485 8944 5586 645 5016 6128 2632 4927 2865 5477 9033 5429 4962 5868 2740 5300 8224 8523 8626 7182 3245 7056
6581 2687 2064 3297 495 3538 6289 814 7232 442 5647 5366 7664 5527 1226 8485 8944 5586 645 5016 6128 2632 4927 2865 5477 9033 5429 4962 5868 2740 5300 8224 8523 8626 7182 3245 7056 2748
Error
6128
6128
41
6128
42
6128
Error
Error
42
6128
6128
False
Error
Error
43
Error
Error
42
44
Error
False
Error
Error
Error
Error
47
Error
46
Error
Error
5016
5016
46
Error
Error
Error
False
8514 4312 5932 3708 8041 2748 7056 3245 7182 8626 8523 8224 5300 2740 5868 4962 5429 9033 5477 2865 4927 2632 6128 5016 645 5586 8944 8485 1226 5527 7664 5366 5647 442 7232 814 6289 3538 495 3297 2064 2687 6581 4482 6387 1829
6128
8514 4312 5932 3708 8041 2748 7056 3245 7182 8626 8523 8224 5300 2740 5868 4962 5429 9033 5477 2865 4927 2632 6128 5016 645 5586 8944 8485 1226 5527 7664 5366 5647 442 7232 814 6289 3538 495 3297 2064 2687 6581 4482
Error
False
43
False
43
Error
Error
Error
2632
2632
Error
Error
Error
False
Error
50
Error
False
645
Error
Error
Error
4697 2270 4508 3672 6235 6883 6581 2687 2064 3297 495 3538 6289 814 7232 442 5647 5366 7664 5527 1226 8485 8944 5586 645 5016 6128 2632 4927 2865 5477 9033 5429 4962 5868 2740 5300 8224 8523 8626 7182 3245 7056 2748 8041 3708 5932 4312 8514 3338 174 9041 6557 3829 3059
Error
Error
Error
2632
Error
2632
False
Error
4697 2270 4508 3672 6235 6883 6581 2687 2064 3297 495 3538 6289 814 7232 442 5647 5366 7664 5527 1226 8485 8944 5586 645 5016 6128 2632 4927 2865 5477 9033 5429 4962 5868 2740 5300 8224 8523 8626 7182 3245 7056 2748 8041 3708 5932 4312 8514 3338 174 9041 6557 3829 3059 7705 4124
4927
False
False
4697 2270 4508 3672 6235 6883 6581 2687 2064 3297 495 3538 6289 814 7232 442 5647 5366 7664 5527 1226 8485 8944 5586 645 5016 6128 2632 4927 2865 5477 9033 5429 4962 5868 2740 5300 8224 8523 8626 7182 3245 7056 2748 8041 3708 5932 4312 8514 3338 174 9041 6557 3829 3059 7705
4927
Error
Error
4927
Error
2632
Error
Error
Error
Error
4697 2270 4508 3672 6235 6883 6581 2687 2064 3297 495 3538 6289 814 7232 442 5647 5366 7664 5527 1226 8485 8944 5586 645 5016 6128 2632 4927 2865 5477 9033 5429 4962 5868 2740 5300 8224 8523 8626 7182 3245 7056 2748 8041 3708 5932 4312 8514 3338 174 9041 6557 7042 9213
2632
False
56
Error
Error
54
Error
Error
Error
Error
54
Error
4697 2270 4508 3672 6235 6883 6581 2687 2064 3297 495 3538 6289 814 7232 442 5647 5366 7664 5527 1226 8485 8944 5586 645 5016 6128 2632 4927 2865 5477 9033 5429 4962 5868 2740 5300 8224 8523 8626 7182 3245 7056 2748 8041 3708 5932 4312 8514 3338 174 9041 6557
4697 2270 4508 3672 6235 6883 6581 2687 2064 3297 495 3538 6289 814 7232 442 5647 5366 7664 5527 1226 8485 8944 5586 645 5016 6128 2632 4927 2865 5477 9033 5429 4962 5868 2740 5300 8224 8523 8626 7182 3245 7056 2748 8041 3708 5932 4312 8514 3338 174 9041
Error
Error
Error
51
Error
Error
Error
Error
Error
Error
645
Error
False
Error
5016
Error
Error
Error
False
Error
6128
6128
Error
Error
False
Error
Error
Error
Error
Error
False
47
4588 4312 5932 3708 8041 2748 7056 3245 7182 8626 8523 8726 8224 5300 2740 5868 4962 5429 9033 5477 2865 4927 2632 6128 5016 645 5586 8944 8485 1226 5527 7664 5366 5647 442 7232 814 6289 3538 495 3297 2064 2687 6581 6883 7155 9881
4588 4312 5932 3708 8041 2748 7056 3245 7182 8626 8523 8726 8224 5300 2740 5868 4962 5429 9033 5477 2865 4927 2632 6128 5016 645 5586 8944 8485 1226 5527 7664 5366 5647 442 7232 814 6289 3538 495 3297 2064 2687 6581 6883 7155 9881
Error
Error
Error
6128
4004 9881 7155 6883 6581 2687 2064 3297 495 3538 6289 814 7232 442 5647 5366 7664 5527 1226 8485 8944 5586 645 5016 6128 2632 4927 2865 5477 9033 5429 4962 5868 2740 5300 8224 8726 8523 8626 7182 3245 7056 2748 8041 3708 5932 4312 4588 2070
Error
Error
False
48
Error
False
47
47
Error
False
4004 9881 7155 6883 6581 2687 2064 3297 495 3538 6289 814 7232 442 5647 5366 7664 5527 1226 8485 8944 5586 645 5016 6128 2632 4927 2865 5477 9033 5429 4962 5868 2740 5300 8224 8726 8523 8626 7182 3245 7056 2748 8041 3708 5932 4312
Error
49
Error
Error
50
Error
2632
4004 9881 7155 6883 6581 2687 2064 3297 495 3538 6289 814 7232 442 5647 5366 7664 5527 1226 8485 8944 5586 645 5016 6128 2632 4927 2865 5477 9033 5429 4962 5868 2740 5300 8224 8726 8523 8626 7182 3245 7056 2748 8041 3708 5932 4312 5194 4356 6812 3609
4004 9881 7155 6883 6581 2687 2064 3297 495 3538 6289 814 7232 442 5647 5366 7664 5527 1226 8485 8944 5586 645 5016 6128 2632 4927 2865 5477 9033 5429 4962 5868 2740 5300 8224 8726 8523 8626 7182 3245 7056 2748 8041 3708 5932 4312 5194 4356 6812 3609 2034
Error
Error
52
53
False
Error
Error
Error
Error
Error
Error
Error
4004 9881 7155 6883 6581 2687 2064 3297 495 3538 6289 814 7232 442 5647 5366 7664 5527 1226 8485 8944 5586 645 5016 6128 2632 4927 2865 5477 9033 5429 4962 5868 2740 5300 8224 8726 8523 8626 7182 3245 7056 2748 8041 3708 5932 4312 5194 4356 6812 3609 3533
Error
Error
Error
False
Error
Error
3609 6812 4356 5194 4312 5932 3708 8041 2748 7056 3245 7182 8626 8523 8726 8224 5300 2740 5868 4962 5429 9033 5477 2865 4927 2632 6128 5016 645 5586 8944 8485 1226 5527 7664 5366 5647 442 7232 814 6289 3538 495 3297 2064 2687 6581 6883 7155 9881 2787
False
50
Error
Error
4927
4927
50
False
Error
9881 7155 6883 6581 2687 2064 3297 495 3538 6289 814 7232 442 5647 5366 7664 5527 1226 8485 8944 5586 645 5016 6128 2632 4927 2865 5477 9033 5429 4962 5868 2740 5300 8224 8726 8523 8626 7182 3245 7056 2748 8041 3708 5932 4312 5194 4356 6812 4057
Error
Error
False
4927
4927
Error
Error
Error
Error
8708 7155 6883 6581 2687 2064 3297 495 3538 6289 814 7232 442 5647 5366 7664 5527 1226 8485 8944 5586 645 5016 6128 2632 4927 2865 5477 9033 5429 4962 5868 2740 5300 8224 8726 8523 8626 7182 3245 7056 2748 8041 3708 5932 4312 5194 4356 6812 4057
Error
8708 7155 6883 6581 2687 2064 3297 495 3538 6289 814 7232 442 5647 5366 7664 5527 1226 8485 8944 5586 645 5016 6128 2632 4927 2865 5477 9033 5429 4962 5868 2740 5300 8224 8726 8523 8626 7182 3245 7056 2748 8041 3708 5932 4312 5194 4356 6812
2632
Error
False
Error
Error
8708 7155 6883 6581 2687 2064 3297 495 3538 6289 814 7232 442 5647 5366 7664 5527 1226 8485 8944 5586 645 5016 6128 2632 4927 2865 5477 9033 5429 4962 5868 2740 5300 8224 8726 8523 8626 7182 3245 7056 2748 8041 3708 5932 4312 5194
Error
Error
Error
Error
7155 6883 6581 2687 2064 3297 495 3538 6289 814 7232 442 5647 5366 7664 5527 1226 8485 8944 5586 645 5016 6128 2632 4927 2865 5477 9033 5429 4962 5868 2740 5300 8224 8726 8523 8626 7182 3245 7056 2748 8041 3708 5932 4312 5194
Error
False
7155 6883 6581 2687 2064 3297 495 3538 6289 814 7232 442 5647 5366 7664 5527 1226 8485 8944 5586 645 5016 6128 2632 4927 2865 5477 9033 5429 4962 5868 2740 5300 8224 8726 8523 8626 7182 3245 7056 2748 8041 3708 5932 4312 5194 4700
Error
Error
4927
Error
46
46
Error
7155 6883 6581 2687 2064 3297 495 3538 6289 814 7232 442 5647 5366 7664 5527 1226 8485 8944 5586 645 5016 6128 2632 4927 2865 5477 9033 5429 4962 5868 2740 5300 8224 8726 8523 8626 7182 3245 7056 2748 8041 3708 5932 4312 5194 4721
False
Error
Error
4927
Error
False
6130 8385 2697 1085 4721 5194 4312 5932 3708 8041 2748 7056 3245 7182 8626 8523 8726 8224 5300 2740 5868 4962 5429 9033 5477 2865 4927 2632 6128 5016 645 5586 8944 8485 1226 5527 7664 5366 5647 442 7232 814 6289 3538 495 3297 2064 2687 6581 6883 4688
Error
Error
Error
Error
Error
Error
Error
Error
2649 4822 6581 2687 2064 3297 495 3538 6289 814 7232 442 5647 5366 7664 5527 1226 8485 8944 5586 645 5016 6128 2632 4927 2865 5477 9033 5429 4962 5868 2740 5300 8224 8726 8523 8626 7182 3245 7056 2748 8041 3708 5932 4312 5194 4721 1085 2697 8385 6130
False
Error
Error
4927
False
Error
4927
False
51
51
4927
Error
Error
Error
Error
3640 2697 1085 4721 5194 4312 5932 3708 8041 2748 7056 3245 7182 8626 8523 8726 8224 5300 2740 5868 4962 5429 9033 5477 2865 4927 2632 6128 5016 645 5586 8944 8485 1226 5527 7664 5366 5647 442 7232 814 6289 3538 495 3297 2064 2687 6581 4822 1525
Error
1083 1686 1525 4822 6581 2687 2064 3297 495 3538 6289 814 7232 442 5647 5366 7664 5527 1226 8485 8944 5586 645 5016 6128 2632 4927 2865 5477 9033 5429 4962 5868 2740 5300 8224 8726 8523 8626 7182 3245 7056 2748 8041 3708 5932 4312 5194 4721 1085 2697 3640
52
False
Error
Error
51
Error
Error
Error
Error
Error
Error
2632
Error
52
Error
Error
Error
3567 8841 9307 2560 9114 1083 1686 1525 4822 6581 2687 2064 3297 495 3538 6289 814 7232 442 5647 5366 7664 5527 1226 8485 8944 5586 645 5016 6128 2632 4927 2865 5477 9033 5429 4962 5868 2740 5300 8224 8726 8523 8626 7182 3245 7056 2748 8041 3708 5932 4312 5194 4721 1085 2697 1247 9639 5578
False
60
Error
Error
62
Error
Error
3218 1763 5605 5492 8841 9307 2560 9114 1083 1686 1525 4822 6581 2687 2064 3297 495 3538 6289 814 7232 442 5647 5366 7664 5527 1226 8485 8944 5586 645 5016 6128 2632 4927 2865 5477 9033 5429 4962 5868 2740 5300 8224 8726 8523 8626 7182 3245 7056 2748 8041 3708 5932 4312 5194 4721 1085 2697 1247 9639 5578
Error
Error
Error
Error
Error
Error
62
Error
9639 1247 2697 1085 4721 5194 4312 5932 3708 8041 2748 7056 3245 7182 8626 8523 8726 8224 5300 2740 5868 4962 5429 9033 5477 2865 4927 2632 6128 5016 645 5586 8944 8485 1226 5527 7664 5366 5647 442 7232 814 6289 3538 495 3297 2064 2687 6581 4822 1525 1686 1083 9114 2560 9307 8841 5492 5605 1763 516
645
Error
8944
66
Error
Error
Error
8944
Error
8944
8944
Error
64
8944
900 4771 7448 516 1763 5605 5492 8841 9307 2560 9114 1083 1686 1525 4822 6581 2687 2064 3297 495 3538 6289 814 7232 442 5647 5366 7664 5527 1226 8485 8944 5586 645 5016 6128 2632 4927 2865 5477 9033 5429 4962 5868 2740 5300 8224 8726 8523 8626 7182 3245 7056 2748 8041 3708 5932 4312 5194 4721 1085 2697 1247 3206 5245
Error
Error
1115 5301 5245 3206 1247 2697 1085 4721 5194 4312 5932 3708 8041 2748 7056 3245 7182 8626 8523 8726 8224 5300 2740 5868 4962 5429 9033 5477 2865 4927 2632 6128 5016 645 5586 8944 8485 1226 5527 7664 5366 5647 442 7232 814 6289 3538 495 3297 2064 2687 6581 4822 1525 1686 1083 9114 2560 9307 8841 5492 5605 1763 516 7448 4771
Error
66
68
645
67
Error
69
Error
70
Error
Error
Error
Error
False
Error
False
66
8485
Error
67
Error
453 3206 1247 2697 1085 4721 5194 4312 5932 3708 8041 2748 7056 3245 7182 8626 8523 8726 8224 5300 2740 5868 4962 5429 9033 5477 2865 4927 2632 6128 5016 645 5586 8944 8485 1226 5527 7664 5366 5647 442 7232 814 6289 3538 495 3297 2064 2687 6581 4822 1525 1686 1083 9114 2560 9307 8841 5492 5605 1763 516 7448 8555 9855 8644 4271
Error
Error
False
453 3206 1247 2697 1085 4721 5194 4312 5932 3708 8041 2748 7056 3245 7182 8626 8523 8726 8224 5300 2740 5868 4962 5429 9033 5477 2865 4927 2632 6128 5016 645 5586 8944 8485 1226 5527 7664 5366 5647 442 7232 814 6289 3538 495 3297 2064 2687 6581 4822 1525 1686 1083 9114 2560 9307 8841 5492 5605 1763 516 7448 8555 9855 8644 3056
68
False
68
8485
Error
Error
Error
Error
False
1247 2697 1085 4721 5194 4312 5932 3708 8041 2748 7056 3245 7182 8626 8523 8726 8224 5300 2740 5868 4962 5429 9033 5477 2865 4927 2632 6128 5016 645 5586 8944 8485 1226 5527 7664 5366 5647 442 7232 814 6289 3538 495 3297 2064 2687 6581 4822 1525 1686 1083 9114 2560 9307 8841 5492 5605 1763 516 7448 8555 9855 8644 3056 5031
1247 2697 1085 4721 5194 4312 5932 3708 8041 2748 7056 3245 7182 8626 8523 8726 8224 5300 2740 5868 4962 5429 9033 5477 2865 4927 2632 6128 5016 645 5586 8944 8485 1226 5527 7664 5366 5647 442 7232 814 6289 3538 495 3297 2064 2687 6581 4822 1525 1686 1083 9114 2560 9307 8841 5492 5605 1763 516 7448 8555 9855 8644 3056 5031
8485
Error
Error
False
Error
Error
1226
Error
Error
False
Error
False
False
1603 3056 8644 9855 8555 7448 516 1763 5605 5492 8841 9307 2560 9114 1083 1686 1525 4822 6581 2687 2064 3297 495 3538 6289 814 7232 442 5647 5366 7664 5527 1226 8485 8944 5586 645 5016 6128 2632 4927 2865 5477 9033 5429 4962 5868 2740 5300 8224 8726 8523 8626 7182 3245 7056 2748 8041 3708 5932 4312 5194 4721 1085 2697 1247 2480
8485
68
8485
False
8485
8485
Error
Error
Error
Error
Error
Error
Error
Error
1434 2420 9396 1247 2697 1085 4721 5194 4312 5932 3708 8041 2748 7056 3245 7182 8626 8523 8726 8224 5300 2740 5868 4962 5429 9033 5477 2865 4927 2632 6128 5016 645 5586 8944 8485 1226 5527 7664 5366 5647 442 7232 814 6289 3538 495 3297 2064 2687 6581 4822 1525 1686 1083 9114 2560 9307 8841 5492 5605 1763 516 7448 8555 9855 8644 3056 1603 8200 2075
Error
1434 2420 9396 1247 2697 1085 4721 5194 4312 5932 3708 8041 2748 7056 3245 7182 8626 8523 8726 8224 5300 2740 5868 4962 5429 9033 5477 2865 4927 2632 6128 5016 645 5586 8944 8485 1226 5527 7664 5366 5647 442 7232 814 6289 3538 495 3297 2064 2687 6581 4822 1525 1686 1083 9114 2560 9307 8841 5492 5605 1763 516 7448 8555 9855 8644 3056 1603 8200 2075
Error
1434 2420 9396 1247 2697 1085 4721 5194 4312 5932 3708 8041 2748 7056 3245 7182 8626 8523 8726 8224 5300 2740 5868 4962 5429 9033 5477 2865 4927 2632 6128 5016 645 5586 8944 8485 1226 5527 7664 5366 5647 442 7232 814 6289 3538 495 3297 2064 2687 6581 4822 1525 1686 1083 9114 2560 9307 8841 5492 5605 1763 516 7448 8555 9855 8644 3056 1603 8200 2075 9151 8961
1434 2420 9396 1247 2697 1085 4721 5194 4312 5932 3708 8041 2748 7056 3245 7182 8626 8523 8726 8224 5300 2740 5868 4962 5429 9033 5477 2865 4927 2632 6128 5016 645 5586 8944 8485 1226 5527 7664 5366 5647 442 7232 814 6289 3538 495 3297 2064 2687 6581 4822 1525 1686 1083 9114 2560 9307 8841 5492 5605 1763 516 7448 8555 9855 8644 3056 1603 8200 2075 9151 8961
73
Error
72
70
Error
False
Error
71
Error
Error
Error
Error
Error
1226
Error
8485
Error
8485
Error
Error
Error
8485
8214 8200 1603 3056 8644 9855 8555 7448 516 1763 5605 5492 8841 9307 2560 9114 1083 1686 1525 4822 6581 2687 2064 3297 495 3538 6289 814 7232 442 5647 5366 7664 5527 1226 8485 8944 5586 645 5016 6128 2632 4927 2865 5477 9033 5429 4962 5868 2740 5300 8224 8726 8523 8626 7182 3245 7056 2748 8041 3708 5932 4312 5194 4721 1085 2697 1247 9396 2420 2179 1787 4500 2054
8944
Error
Error
8214 8200 1603 3056 8644 9855 8555 7448 516 1763 5605 5492 8841 9307 2560 9114 1083 1686 1525 4822 6581 2687 2064 3297 495 3538 6289 814 7232 442 5647 5366 7664 5527 1226 8485 8944 5586 645 5016 6128 2632 4927 2865 5477 9033 5429 4962 5868 2740 5300 8224 8726 8523 8626 7182 3245 7056 2748 8041 3708 5932 4312 5194 4721 1085 2697 1247 9396 2420 2179 1787 4500 2054 100 1019 9910 2513 5308
5016
79
Error
Error
False
Error
Error
Error
Error
False
Error
Error
Error
Error
False
5016
79
Error
False
5016
Error
Error
8214 8200 1603 3056 8644 9855 8555 7448 516 1763 5605 5492 8841 9307 2560 9114 1083 1686 1525 4822 6581 2687 2064 3297 495 3538 6289 814 7232 442 5647 5366 7664 5527 1226 8485 8944 5586 645 5016 6128 2632 4927 2865 5477 9033 5429 4962 5868 2740 5300 8224 8726 8523 8626 7182 3245 7056 2748 8041 3708 5932 4312 5194 4721 1085 2697 1247 9396 2420 2179 1787 4500 2054 100 1019 6828 1676 2076 2127 8049
Error
Error
80
Error
Error
Error
Error
82
8214 8200 1603 3056 8644 9855 8555 7448 516 1763 5605 5492 8841 9307 2560 9114 1083 1686 1525 4822 6581 2687 2064 3297 495 3538 6289 814 7232 442 5647 5366 7664 5527 1226 8485 8944 5586 645 5016 6128 2632 4927 2865 5477 9033 5429 4962 5868 2740 5300 8224 8726 8523 8626 7182 3245 7056 2748 8041 3708 5932 4312 5194 4721 1085 2697 1247 9396 2420 2179 1787 4500 2054 100 1019 6828 1676 2076 7249 2290 5841
8214 8200 1603 3056 8644 9855 8555 7448 516 1763 5605 5492 8841 9307 2560 9114 1083 1686 1525 4822 6581 2687 2064 3297 495 3538 6289 814 7232 442 5647 5366 7664 5527 1226 8485 8944 5586 645 5016 6128 2632 4927 2865 5477 9033 5429 4962 5868 2740 5300 8224 8726 8523 8626 7182 3245 7056 2748 8041 3708 5932 4312 5194 4721 1085 2697 1247 9396 2420 2179 1787 4500 2054 100 1019 6828 1676 2076 7249 2290 5841 8467
False
2632
Error
2632
2632
Error
Error
Error
False
False
Error
Error
Error
85
Error
Error
Error
Error
False
645
84
1192 781 8214 8200 1603 3056 8644 9855 8555 7448 516 1763 5605 5492 8841 9307 2560 9114 1083 1686 1525 4822 6581 2687 2064 3297 495 3538 6289 814 7232 442 5647 5366 7664 5527 1226 8485 8944 5586 645 5016 6128 2632 4927 2865 5477 9033 5429 4962 5868 2740 5300 8224 8726 8523 8626 7182 3245 7056 2748 8041 3708 5932 4312 5194 4721 1085 2697 1247 9396 2420 2179 1787 4500 2054 100 1019 6828 1676 2076 7249 1130
Error
False
Error
1192 781 8214 8200 1603 3056 8644 9855 8555 7448 516 1763 5605 5492 8841 9307 2560 9114 1083 1686 1525 4822 6581 2687 2064 3297 495 3538 6289 814 7232 442 5647 5366 7664 5527 1226 8485 8944 5586 645 5016 6128 2632 4927 2865 5477 9033 5429 4962 5868 2740 5300 8224 8726 8523 8626 7182 3245 7056 2748 8041 3708 5932 4312 5194 4721 1085 2697 1247 9396 2420 2179 1787 4500 2054 100 1019 6828 1676 2076 7249 1130
Error
Error
False
Error
Error
86
Error
Error
Error
Error
2632
Error
85
6674 781 8214 8200 1603 3056 8644 9855 8555 7448 516 1763 5605 5492 8841 9307 2560 9114 1083 1686 1525 4822 6581 2687 2064 3297 495 3538 6289 814 7232 442 5647 5366 7664 5527 1226 8485 8944 5586 645 5016 6128 2632 4927 2865 5477 9033 5429 4962 5868 2740 5300 8224 8726 8523 8626 7182 3245 7056 2748 8041 3708 5932 4312 5194 4721 1085 2697 1247 9396 2420 2179 1787 4500 2054 100 1019 6828 1676 2076 7249 1130 5099 5522
6128
False
5522 5099 1130 7249 2076 1676 6828 1019 100 2054 4500 1787 2179 2420 9396 1247 2697 1085 4721 5194 4312 5932 3708 8041 2748 7056 3245 7182 8626 8523 8726 8224 5300 2740 5868 4962 5429 9033 5477 2865 4927 2632 6128 5016 645 5586 8944 8485 1226 5527 7664 5366 5647 442 7232 814 6289 3538 495 3297 2064 2687 6581 4822 1525 1686 1083 9114 2560 9307 8841 5492 5605 1763 516 7448 8555 9855 8644 3056 1603 8200 8214 781
2632
Error
2865
False
Error
Error
Error
5477
5522 5099 1130 7249 2076 1676 6828 1019 100 2054 4500 1787 2179 2420 9396 1247 2697 1085 4721 5194 4312 5932 3708 8041 2748 7056 3245 7182 8626 8523 8726 8224 5300 2740 5868 4962 5429 9033 5477 2865 4927 2632 6128 5016 645 5586 8944 8485 1226 5527 7664 5366 5647 442 7232 814 6289 3538 495 3297 2064 2687 6581 4822 1525 1686 1083 9114 2560 9307 8841 5492 5605 1763 516 7448 8555
Error
5522 5099 1130 7249 2076 1676 6828 1019 100 2054 4500 1787 2179 2420 9396 1247 2697 1085 4721 5194 4312 5932 3708 8041 2748 7056 3245 7182 8626 8523 8726 8224 5300 2740 5868 4962 5429 9033 5477 2865 4927 2632 6128 5016 645 5586 8944 8485 1226 5527 7664 5366 5647 442 7232 814 6289 3538 495 3297 2064 2687 6581 4822 1525 1686 1083 9114 2560 9307 8841 5492 5605 1763 516 7448 8555
77
Error
Error
Error
Error
Error
False
Error
9033
5522 5099 1130 7249 2076 1676 6828 1019 100 2054 4500 1787 2179 2420 9396 1247 2697 1085 4721 5194 4312 5932 3708 8041 2748 7056 3245 7182 8626 8523 8726 8224 5300 2740 5868 4962 5429 9033 5477 2865 4927 2632 6128 5016 645 5586 8944 8485 1226 5527 7664 5366 5647 442 7232 814 6289 3538 495 3297 2064 2687 6581 4822 1525 1686 1083 9114 2560 9307 8841 5492 5605 1763 516
False
False
9033
2865
Error
81
79
6334 991 516 1763 5605 5492 8841 9307 2560 9114 1083 1686 1525 4822 6581 2687 2064 3297 495 3538 6289 814 7232 442 5647 5366 7664 5527 1226 8485 8944 5586 645 5016 6128 2632 4927 2865 5477 9033 5429 4962 5868 2740 5300 8224 8726 8523 8626 7182 3245 7056 2748 8041 3708 5932 4312 5194 4721 1085 2697 1247 9396 2420 2179 1787 4500 2054 100 1019 6828 1676 2076 7249 1130 5099 5522 7043 5226
Error
6334 991 516 1763 5605 5492 8841 9307 2560 9114 1083 1686 1525 4822 6581 2687 2064 3297 495 3538 6289 814 7232 442 5647 5366 7664 5527 1226 8485 8944 5586 645 5016 6128 2632 4927 2865 5477 9033 5429 4962 5868 2740 5300 8224 8726 8523 8626 7182 3245 7056 2748 8041 3708 5932 4312 5194 4721 1085 2697 1247 9396 2420 2179 1787 4500 2054 100 1019 6828 1676 2076 7249 1130 5099 5522 7043
Error
Error
False
Error
4927
1543 6334 991 516 1763 5605 5492 8841 9307 2560 9114 1083 1686 1525 4822 6581 2687 2064 3297 495 3538 6289 814 7232 442 5647 5366 7664 5527 1226 8485 8944 5586 645 5016 6128 2632 4927 2865 5477 9033 5429 4962 5868 2740 5300 8224 8726 8523 8626 7182 3245 7056 2748 8041 3708 5932 4312 5194 4721 1085 2697 1247 9396 2420 2179 1787 4500 2054 100 1019 6828 1676 2076 7249 1130
False
Error
1543 6334 991 516 1763 5605 5492 8841 9307 2560 9114 1083 1686 1525 4822 6581 2687 2064 3297 495 3538 6289 814 7232 442 5647 5366 7664 5527 1226 8485 8944 5586 645 5016 6128 2632 4927 2865 5477 9033 5429 4962 5868 2740 5300 8224 8726 8523 8626 7182 3245 7056 2748 8041 3708 5932 4312 5194 4721 1085 2697 1247 9396 2420 2179 1787 4500 2054 100 1019 6828 1676 2076 7249 1130
Error
Error
Error
Error
Error
Error
Error
Error
74
Error
Error
Error
Error
Error
2632
False
2632
Error
Error
Error
Error
Error
4927
2865
False
Error
False
Error
False
Error
5387 7057 6303 6334 991 516 1763 5605 5492 8841 9307 2560 9114 1083 1686 1525 4822 6581 2687 2064 3297 495 3538 6289 814 7232 442 5647 5366 7664 5527 1226 8485 8944 5586 645 5016 6128 2632 4927 2865 5477 9033 5429 4962 5868 2740 5300 8224 8726 8523 8626 7182 3245 7056 2748 8041 3708 5932 4312 5194 4721 1085 2697 1247 9396 2420 2179 1787 4500 2054 100 1019 6828 1676 2076 7249 9757 2592 5002 4355 8325 275
Error
Error
81
Error
4355 5002 2592 9757 7249 2076 1676 6828 1019 100 2054 4500 1787 2179 2420 9396 1247 2697 1085 4721 5194 4312 5932 3708 8041 2748 7056 3245 7182 8626 8523 8726 8224 5300 2740 5868 4962 5429 9033 5477 2865 4927 2632 6128 5016 645 5586 8944 8485 1226 5527 7664 5366 5647 442 7232 814 6289 3538 495 3297 2064 2687 6581 4822 1525 1686 1083 9114 2560 9307 8841 5492 5605 1763 516 991 6334 6303 7057 5387
2865
2865
82
2865
Error
Error
Error
Error
5477
Error
Error
82
2865
8866 4355 5002 2592 9757 7249 2076 1676 6828 1019 100 2054 4500 1787 2179 2420 9396 1247 2697 1085 4721 5194 4312 5932 3708 8041 2748 7056 3245 7182 8626 8523 8726 8224 5300 2740 5868 4962 5429 9033 5477 2865 4927 2632 6128 5016 645 5586 8944 8485 1226 5527 7664 5366 5647 442 7232 814 6289 3538 495 3297 2064 2687 6581 4822 1525 1686 1083 9114 2560 9307 8841 5492 5605 1763 516 991 6334 6303 8997 1794 9801
83
Error
Error
False
88
Error
88
Error
Error
Error
1067 646 9801 1794 8997 6303 6334 991 516 1763 5605 5492 8841 9307 2560 9114 1083 1686 1525 4822 6581 2687 2064 3297 495 3538 6289 814 7232 442 5647 5366 7664 5527 1226 8485 8944 5586 645 5016 6128 2632 4927 2865 5477 9033 5429 4962 5868 2740 5300 8224 8726 8523 8626 7182 3245 7056 2748 8041 3708 5932 4312 5194 4721 1085 2697 1247 9396 2420 2179 1787 4500 2054 100 1019 6828 1676 2076 7249 9757 2592 5002 4355 8866
Error
4927
Error
1067 646 9801 1794 8997 6303 6334 991 516 1763 5605 5492 8841 9307 2560 9114 1083 1686 1525 4822 6581 2687 2064 3297 495 3538 6289 814 7232 442 5647 5366 7664 5527 1226 8485 8944 5586 645 5016 6128 2632 4927 2865 5477 9033 5429 4962 5868 2740 5300 8224 8726 8523 8626 7182 3245 7056 2748 8041 3708 5932 4312 5194 4721 1085 2697 1247 9396 2420 2179 1787 4500 2054 100 1019 6828 1676 2076 7249 9757 2592 5002 4355 1461
Error
Error
1067 646 9801 1794 8997 6303 6334 991 516 1763 5605 5492 8841 9307 2560 9114 1083 1686 1525 4822 6581 2687 2064 3297 495 3538 6289 814 7232 442 5647 5366 7664 5527 1226 8485 8944 5586 645 5016 6128 2632 4927 2865 5477 9033 5429 4962 5868 2740 5300 8224 8726 8523 8626 7182 3245 7056 2748 8041 3708 5932 4312 5194 4721 1085 2697 1247 9396 2420 2179 1787 4500 2054 100 1019 6828 1676 2076 7249 9757 2592 2440
Error
83
False
82
Error
1067 646 9801 1794 8997 6303 6334 991 516 1763 5605 5492 8841 9307 2560 9114 1083 1686 1525 4822 6581 2687 2064 3297 495 3538 6289 814 7232 442 5647 5366 7664 5527 1226 8485 8944 5586 645 5016 6128 2632 4927 2865 5477 9033 5429 4962 5868 2740 5300 8224 8726 8523 8626 7182 3245 7056 2748 8041 3708 5932 4312 5194 4721 1085 2697 1247 9396 2420 2179 1787 4500 2054 100 1019 6828 1676 2076 7249 9757 2592 9314 2493
1067 646 9801 1794 8997 6303 6334 991 516 1763 5605 5492 8841 9307 2560 9114 1083 1686 1525 4822 6581 2687 2064 3297 495 3538 6289 814 7232 442 5647 5366 7664 5527 1226 8485 8944 5586 645 5016 6128 2632 4927 2865 5477 9033 5429 4962 5868 2740 5300 8224 8726 8523 8626 7182 3245 7056 2748 8041 3708 5932 4312 5194 4721 1085 2697 1247 9396 2420 2179 1787 4500 2054 100 1019 6828 1676 2076 7249 9757 2592 9314 2493
False
2632
81
Error
Error
2865
False
Error
Error
2865
83
2865
2493 9314 2592 9757 7249 2076 1676 6828 1019 100 2054 4500 1787 2179 2420 9396 1247 2697 1085 4721 5194 4312 5932 3708 8041 2748 7056 3245 7182 8626 8523 8726 8224 5300 2740 5868 4962 5429 9033 5477 2865 4927 2632 6128 5016 645 5586 8944 8485 1226 5527 7664 5366 5647 442 7232 814 6289 3538 495 3297 2064 2687 6581 4822 1525 1686 1083 9114 2560 9307 8841 5492 5605 1763 516 991 6334 6303 8997 4605 9407
81
80
Error
Error
Error
Error
78
False
Error
5477
6334 991 516 1763 5605 5492 8841 9307 2560 9114 1083 1686 1525 4822 6581 2687 2064 3297 495 3538 6289 814 7232 442 5647 5366 7664 5527 1226 8485 8944 5586 645 5016 6128 2632 4927 2865 5477 9033 5429 4962 5868 2740 5300 8224 8726 8523 8626 7182 3245 7056 2748 8041 3708 5932 4312 5194 4721 1085 2697 1247 9396 2420 2179 1787 4500 2054 100 1019 6828 1676 2076 7249 9757 2592 9314
77
Error
Error
Error
Error
9033
991 516 1763 5605 5492 8841 9307 2560 9114 1083 1686 1525 4822 6581 2687 2064 3297 495 3538 6289 814 7232 442 5647 5366 7664 5527 1226 8485 8944 5586 645 5016 6128 2632 4927 2865 5477 9033 5429 4962 5868 2740 5300 8224 8726 8523 8626 7182 3245 7056 2748 8041 3708 5932 4312 5194 4721 1085 2697 1247 9396 2420 2179 1787 4500 2054 100 1019 6828 1676 2076 7249 9757 2592 9314 6921 9600 3501 677
Error
5284 9568 677 3501 9600 6921 9314 2592 9757 7249 2076 1676 6828 1019 100 2054 4500 1787 2179 2420 9396 1247 2697 1085 4721 5194 4312 5932 3708 8041 2748 7056 3245 7182 8626 8523 8726 8224 5300 2740 5868 4962 5429 9033 5477 2865 4927 2632 6128 5016 645 5586 8944 8485 1226 5527 7664 5366 5647 442 7232 814 6289 3538 495 3297 2064 2687 6581 4822 1525 1686 1083 9114 2560 9307 8841 5492 5605 1763 516 991
5868
Error
Error
5284 9568 677 3501 9600 6921 9314 2592 9757 7249 2076 1676 6828 1019 100 2054 4500 1787 2179 2420 9396 1247 2697 1085 4721 5194 4312 5932 3708 8041 2748 7056 3245 7182 8626 8523 8726 8224 5300 2740 5868 4962 5429 9033 5477 2865 4927 2632 6128 5016 645 5586 8944 8485 1226 5527 7664 5366 5647 442 7232 814 6289 3538 495 3297 2064 2687 6581 4822 1525 1686 1083 9114 2560 9307 8841 5492 5605 1763 516 991 3428
Error
85
Error
1010 1667 3428 991 516 1763 5605 5492 8841 9307 2560 9114 1083 1686 1525 4822 6581 2687 2064 3297 495 3538 6289 814 7232 442 5647 5366 7664 5527 1226 8485 8944 5586 645 5016 6128 2632 4927 2865 5477 9033 5429 4962 5868 2740 5300 8224 8726 8523 8626 7182 3245 7056 2748 8041 3708 5932 4312 5194 4721 1085 2697 1247 9396 2420 2179 1787 4500 2054 100 1019 6828 1676 2076 7249 9757 2592 9314 6921 9600 3501 677 9568 5284
Error
Error
3501 9600 6921 9314 2592 9757 7249 2076 1676 6828 1019 100 2054 4500 1787 2179 2420 9396 1247 2697 1085 4721 5194 4312 5932 3708 8041 2748 7056 3245 7182 8626 8523 8726 8224 5300 2740 5868 4962 5429 9033 5477 2865 4927 2632 6128 5016 645 5586 8944 8485 1226 5527 7664 5366 5647 442 7232 814 6289 3538 495 3297 2064 2687 6581 4822 1525 1686 1083 9114 2560 9307 8841 5492 5605 1763 516 991 3428 1667 1010
Error
3501 9600 6921 9314 2592 9757 7249 2076 1676 6828 1019 100 2054 4500 1787 2179 2420 9396 1247 2697 1085 4721 5194 4312 5932 3708 8041 2748 7056 3245 7182 8626 8523 8726 8224 5300 2740 5868 4962 5429 9033 5477 2865 4927 2632 6128 5016 645 5586 8944 8485 1226 5527 7664 5366 5647 442 7232 814 6289 3538 495 3297 2064 2687 6581 4822 1525 1686 1083 9114 2560 9307 8841 5492 5605 1763 516 991 3428
Error
9033
Error
Error
Error
Error
Error
Error
4780 1109 1866 3428 991 516 1763 5605 5492 8841 9307 2560 9114 1083 1686 1525 4822 6581 2687 2064 3297 495 3538 6289 814 7232 442 5647 5366 7664 5527 1226 8485 8944 5586 645 5016 6128 2632 4927 2865 5477 9033 5429 4962 5868 2740 5300 8224 8726 8523 8626 7182 3245 7056 2748 8041 3708 5932 4312 5194 4721 1085 2697 1247 9396 2420 2179 1787 4500 2054 100 1019 6828 1676 2076 7249 9757 2592 9314 6921 9600 3501 5496
4780 1109 1866 3428 991 516 1763 5605 5492 8841 9307 2560 9114 1083 1686 1525 4822 6581 2687 2064 3297 495 3538 6289 814 7232 442 5647 5366 7664 5527 1226 8485 8944 5586 645 5016 6128 2632 4927 2865 5477 9033 5429 4962 5868 2740 5300 8224 8726 8523 8626 7182 3245 7056 2748 8041 3708 5932 4312 5194 4721 1085 2697 1247 9396 2420 2179 1787 4500 2054 100 1019 6828 1676 2076 7249 9757 2592 9314 6921 9600 3501 5496 7467
Error
Error
Error
Error
False
Error
5477
5477
Error
4780 1109 1866 3428 991 516 1763 5605 5492 8841 9307 2560 9114 1083 1686 1525 4822 6581 2687 2064 3297 495 3538 6289 814 7232 442 5647 5366 7664 5527 1226 8485 8944 5586 645 5016 6128 2632 4927 2865 5477 9033 5429 4962 5868 2740 5300 8224 8726 8523 8626 7182 3245 7056 2748 8041 3708 5932 4312 5194 4721 1085 2697 1247 9396 2420 2179 1787 4500 2054 100 1019 6828 1676 2076 7249 9757 2592 9314 6921 9600 4171 6259
83
4780 1109 1866 3428 991 516 1763 5605 5492 8841 9307 2560 9114 1083 1686 1525 4822 6581 2687 2064 3297 495 3538 6289 814 7232 442 5647 5366 7664 5527 1226 8485 8944 5586 645 5016 6128 2632 4927 2865 5477 9033 5429 4962 5868 2740 5300 8224 8726 8523 8626 7182 3245 7056 2748 8041 3708 5932 4312 5194 4721 1085 2697 1247 9396 2420 2179 1787 4500 2054 100 1019 6828 1676 2076 7249 9757 2592 9314 6921 9600
5477
Error
5477
Error
Error
Error
Error
9600 6921 9314 2592 9757 7249 2076 1676 6828 1019 100 2054 4500 1787 2179 2420 9396 1247 2697 1085 4721 5194 4312 5932 3708 8041 2748 7056 3245 7182 8626 8523 8726 8224 5300 2740 5868 4962 5429 9033 5477 2865 4927 2632 6128 5016 645 5586 8944 8485 1226 5527 7664 5366 5647 442 7232 814 6289 3538 495 3297 2064 2687 6581 4822 1525 1686 1083 9114 2560 9307 8841 5492 5605 1763 516 991 3428 1866
Error
False
Error
9600 6921 9314 2592 9757 7249 2076 1676 6828 1019 100 2054 4500 1787 2179 2420 9396 1247 2697 1085 4721 5194 4312 5932 3708 8041 2748 7056 3245 7182 8626 8523 8726 8224 5300 2740 5868 4962 5429 9033 5477 2865 4927 2632 6128 5016 645 5586 8944 8485 1226 5527 7664 5366 5647 442 7232 814 6289 3538 495 3297 2064 2687 6581 4822 1525 1686 1083 9114 2560 9307 8841 5492 5605 1763 516 991 3428 5545 9454
Error
Error
9033
Error
Error
Error
Error
5477
Error
81
Error
5545 3428 991 516 1763 5605 5492 8841 9307 2560 9114 1083 1686 1525 4822 6581 2687 2064 3297 495 3538 6289 814 7232 442 5647 5366 7664 5527 1226 8485 8944 5586 645 5016 6128 2632 4927 2865 5477 9033 5429 4962 5868 2740 5300 8224 8726 8523 8626 7182 3245 7056 2748 8041 3708 5932 4312 5194 4721 1085 2697 1247 9396 2420 2179 1787 4500 2054 100 1019 6828 1676 2076 7249 9757 2592 9314 6921 9600
5545 3428 991 516 1763 5605 5492 8841 9307 2560 9114 1083 1686 1525 4822 6581 2687 2064 3297 495 3538 6289 814 7232 442 5647 5366 7664 5527 1226 8485 8944 5586 645 5016 6128 2632 4927 2865 5477 9033 5429 4962 5868 2740 5300 8224 8726 8523 8626 7182 3245 7056 2748 8041 3708 5932 4312 5194 4721 1085 2697 1247 9396 2420 2179 1787 4500 2054 100 1019 6828 1676 2076 7249 9757 2592 9314 2147
Error
Error
False
Error
False
Error
Error
Error
3428 991 516 1763 5605 5492 8841 9307 2560 9114 1083 1686 1525 4822 6581 2687 2064 3297 495 3538 6289 814 7232 442 5647 5366 7664 5527 1226 8485 8944 5586 645 5016 6128 2632 4927 2865 5477 9033 5429 4962 5868 2740 5300 8224 8726 8523 8626 7182 3245 7056 2748 8041 3708 5932 4312 5194 4721 1085 2697 1247 9396 2420 2179 1787 4500 2054 100 1019 6828 1676 2076 7249 9757 2592 5664
False
Error
Error
Error
False
9033
Error
Error
Error
Error
False
991 516 1763 5605 5492 8841 9307 2560 9114 1083 1686 1525 4822 6581 2687 2064 3297 495 3538 6289 814 7232 442 5647 5366 7664 5527 1226 8485 8944 5586 645 5016 6128 2632 4927 2865 5477 9033 5429 4962 5868 2740 5300 8224 8726 8523 8626 7182 3245 7056 2748 8041 3708 5932 4312 5194 4721 1085 2697 1247 9396 2420 2179 1787 4500 2054 100 1019 6828 1676 2076 7249 9757 2592 4953 2355 5883 4346 914
80
Error
991 516 1763 5605 5492 8841 9307 2560 9114 1083 1686 1525 4822 6581 2687 2064 3297 495 3538 6289 814 7232 442 5647 5366 7664 5527 1226 8485 8944 5586 645 5016 6128 2632 4927 2865 5477 9033 5429 4962 5868 2740 5300 8224 8726 8523 8626 7182 3245 7056 2748 8041 3708 5932 4312 5194 4721 1085 2697 1247 9396 2420 2179 1787 4500 2054 100 1019 6828 1676 2076 7249 9757 2592 4953 2355 5883 4346
5429
80
5429
Error
Error
Error
Error
77
9033
False
Error
Error
Error
Error
Error
Error
False
Error
9033
Error
78
9033
Error
Error
77
9033
77
77
Error
Error
9033
Error
False
Error
Error
Error
Error
Error
78
5429
2636 8435 4060 2592 9757 7249 2076 1676 6828 1019 100 2054 4500 1787 2179 2420 9396 1247 2697 1085 4721 5194 4312 5932 3708 8041 2748 7056 3245 7182 8626 8523 8726 8224 5300 2740 5868 4962 5429 9033 5477 2865 4927 2632 6128 5016 645 5586 8944 8485 1226 5527 7664 5366 5647 442 7232 814 6289 3538 495 3297 2064 2687 6581 4822 1525 1686 1083 9114 2560 9307 8841 5492 5605 1763
Error
Error
76
76
Error
5429
1763 5605 5492 8841 9307 2560 9114 1083 1686 1525 4822 6581 2687 2064 3297 495 3538 6289 814 7232 442 5647 5366 7664 5527 1226 8485 8944 5586 645 5016 6128 2632 4927 2865 5477 9033 5429 4962 5868 2740 5300 8224 8726 8523 8626 7182 3245 7056 2748 8041 3708 5932 4312 5194 4721 1085 2697 1247 9396 2420 2179 1787 4500 2054 100 1019 6828 1676 2076 7249 9757 2592 4060 8435 6398
77
Error
Error
Error
5477
77
Error
9600 1844 4166 1763 5605 5492 8841 9307 2560 9114 1083 1686 1525 4822 6581 2687 2064 3297 495 3538 6289 814 7232 442 5647 5366 7664 5527 1226 8485 8944 5586 645 5016 6128 2632 4927 2865 5477 9033 5429 4962 5868 2740 5300 8224 8726 8523 8626 7182 3245 7056 2748 8041 3708 5932 4312 5194 4721 1085 2697 1247 9396 2420 2179 1787 4500 2054 100 1019 6828 1676 2076 7249
74
Error
1676 6828 1019 100 2054 4500 1787 2179 2420 9396 1247 2697 1085 4721 5194 4312 5932 3708 8041 2748 7056 3245 7182 8626 8523 8726 8224 5300 2740 5868 4962 5429 9033 5477 2865 4927 2632 6128 5016 645 5586 8944 8485 1226 5527 7664 5366 5647 442 7232 814 6289 3538 495 3297 2064 2687 6581 4822 1525 1686 1083 9114 2560 9307 8841 5492 5605 1763 4166 1844 9600
72
1676 6828 1019 100 2054 4500 1787 2179 2420 9396 1247 2697 1085 4721 5194 4312 5932 3708 8041 2748 7056 3245 7182 8626 8523 8726 8224 5300 2740 5868 4962 5429 9033 5477 2865 4927 2632 6128 5016 645 5586 8944 8485 1226 5527 7664 5366 5647 442 7232 814 6289 3538 495 3297 2064 2687 6581 4822 1525 1686 1083 9114 2560 9307 8841 5492 5605 1763 4166 1844 9600
Error
4927
Error
71
4927
Error
Error
4166 1763 5605 5492 8841 9307 2560 9114 1083 1686 1525 4822 6581 2687 2064 3297 495 3538 6289 814 7232 442 5647 5366 7664 5527 1226 8485 8944 5586 645 5016 6128 2632 4927 2865 5477 9033 5429 4962 5868 2740 5300 8224 8726 8523 8626 7182 3245 7056 2748 8041 3708 5932 4312 5194 4721 1085 2697 1247 9396 2420 2179 1787 4500 2054 100 1019 6828 1676
70
70
Error
6630 1676 6828 1019 100 2054 4500 1787 2179 2420 9396 1247 2697 1085 4721 5194 4312 5932 3708 8041 2748 7056 3245 7182 8626 8523 8726 8224 5300 2740 5868 4962 5429 9033 5477 2865 4927 2632 6128 5016 645 5586 8944 8485 1226 5527 7664 5366 5647 442 7232 814 6289 3538 495 3297 2064 2687 6581 4822 1525 1686 1083 9114 2560 9307 8841 5492 5605 1763 4166 2961
Error
4927
Error
False
Error
False
Error
Error
72
Error
Error
Error
Error
2632
Error
Error
Error
Error
74
74
Error
2632
Error
Error
3941 3067 6828 1019 100 2054 4500 1787 2179 2420 9396 1247 2697 1085 4721 5194 4312 5932 3708 8041 2748 7056 3245 7182 8626 8523 8726 8224 5300 2740 5868 4962 5429 9033 5477 2865 4927 2632 6128 5016 645 5586 8944 8485 1226 5527 7664 5366 5647 442 7232 814 6289 3538 495 3297 2064 2687 6581 4822 1525 1686 1083 9114 2560 9307 8841 5492 5605 1763 4166 532 554 5393 7664
Error
Error
Error
False
Error
Error
Error
79
Error
77
Error
Error
False
Error
False
Error
Error
9033
Error
81
Error
False
Error
82
False
5969 920 1133 7293 287 8311 3252 9579 2712 3941 3067 6828 1019 100 2054 4500 1787 2179 2420 9396 1247 2697 1085 4721 5194 4312 5932 3708 8041 2748 7056 3245 7182 8626 8523 8726 8224 5300 2740 5868 4962 5429 9033 5477 2865 4927 2632 6128 5016 645 5586 8944 8485 1226 5527 7664 5366 5647 442 7232 814 6289 3538 495 3297 2064 2687 6581 4822 1525 1686 1083 9114 2560 9307 8841 5492 5605 1763 4166 532 554
Error
532 4166 1763 5605 5492 8841 9307 2560 9114 1083 1686 1525 4822 6581 2687 2064 3297 495 3538 6289 814 7232 442 5647 5366 7664 5527 1226 8485 8944 5586 645 5016 6128 2632 4927 2865 5477 9033 5429 4962 5868 2740 5300 8224 8726 8523 8626 7182 3245 7056 2748 8041 3708 5932 4312 5194 4721 1085 2697 1247 9396 2420 2179 1787 4500 2054 100 1019 6828 3067 3941 2712 9579 3252 8311 287 7293 1133 920
Error
5429
1133 7293 287 8311 3252 9579 2712 3941 3067 6828 1019 100 2054 4500 1787 2179 2420 9396 1247 2697 1085 4721 5194 4312 5932 3708 8041 2748 7056 3245 7182 8626 8523 8726 8224 5300 2740 5868 4962 5429 9033 5477 2865 4927 2632 6128 5016 645 5586 8944 8485 1226 5527 7664 5366 5647 442 7232 814 6289 3538 495 3297 2064 2687 6581 4822 1525 1686 1083 9114 2560 9307 8841 5492 5605 1763 4166 532
Error
Error
532 4166 1763 5605 5492 8841 9307 2560 9114 1083 1686 1525 4822 6581 2687 2064 3297 495 3538 6289 814 7232 442 5647 5366 7664 5527 1226 8485 8944 5586 645 5016 6128 2632 4927 2865 5477 9033 5429 4962 5868 2740 5300 8224 8726 8523 8626 7182 3245 7056 2748 8041 3708 5932 4312 5194 4721 1085 2697 1247 9396 2420 2179 1787 4500 2054 100 1019 6828 3067 3941 2712 9579 3252 8311
Error
Error
Error
False
3067 6828 1019 100 2054 4500 1787 2179 2420 9396 1247 2697 1085 4721 5194 4312 5932 3708 8041 2748 7056 3245 7182 8626 8523 8726 8224 5300 2740 5868 4962 5429 9033 5477 2865 4927 2632 6128 5016 645 5586 8944 8485 1226 5527 7664 5366 5647 442 7232 814 6289 3538 495 3297 2064 2687 6581 4822 1525 1686 1083 9114 2560 9307 8841 5492 5605 1763 4166 532
4927
False
Error
4927
Error
1763 5605 5492 8841 9307 2560 9114 1083 1686 1525 4822 6581 2687 2064 3297 495 3538 6289 814 7232 442 5647 5366 7664 5527 1226 8485 8944 5586 645 5016 6128 2632 4927 2865 5477 9033 5429 4962 5868 2740 5300 8224 8726 8523 8626 7182 3245 7056 2748 8041 3708 5932 4312 5194 4721 1085 2697 1247 9396 2420 2179 1787 4500 2054 100 1019 6828 3606
2865
False
Error
False
Error
Error
Error
1763 5605 5492 8841 9307 2560 9114 1083 1686 1525 4822 6581 2687 2064 3297 495 3538 6289 814 7232 442 5647 5366 7664 5527 1226 8485 8944 5586 645 5016 6128 2632 4927 2865 5477 9033 5429 4962 5868 2740 5300 8224 8726 8523 8626 7182 3245 7056 2748 8041 3708 5932 4312 5194 4721 1085 2697 1247 9396 2420 2179 1787 4500 2054 100 1019 6828 3606 7653
7653 3606 6828 1019 100 2054 4500 1787 2179 2420 9396 1247 2697 1085 4721 5194 4312 5932 3708 8041 2748 7056 3245 7182 8626 8523 8726 8224 5300 2740 5868 4962 5429 9033 5477 2865 4927 2632 6128 5016 645 5586 8944 8485 1226 5527 7664 5366 5647 442 7232 814 6289 3538 495 3297 2064 2687 6581 4822 1525 1686 1083 9114 2560 9307 8841 5492 5605 1763 5854
Error
Error
Error
Error
Error
Error
Error
Error
Error
7653 3606 6828 1019 100 2054 4500 1787 2179 2420 9396 1247 2697 1085 4721 5194 4312 5932 3708 8041 2748 7056 3245 7182 8626 8523 8726 8224 5300 2740 5868 4962 5429 9033 5477 2865 4927 2632 6128 5016 645 5586 8944 8485 1226 5527 7664 5366 5647 442 7232 814 6289 3538 495 3297 2064 2687 6581 4822 1525 1686 1083 9114 2560 9307 8841 5492
False
Error
9033
68
Error
69
70
Error
5477
Error
Error
Error
Error
Error
Error
3817 6887 1235 3606 6828 1019 100 2054 4500 1787 2179 2420 9396 1247 2697 1085 4721 5194 4312 5932 3708 8041 2748 7056 3245 7182 8626 8523 8726 8224 5300 2740 5868 4962 5429 9033 5477 2865 4927 2632 6128 5016 645 5586 8944 8485 1226 5527 7664 5366 5647 442 7232 814 6289 3538 495 3297 2064 2687 6581 4822 1525 1686 1083 9114 2560 9307 8841 5492 3598 6274
Error
73
Error
Error
71
Error
5429
72
72
Error
8841 9307 2560 9114 1083 1686 1525 4822 6581 2687 2064 3297 495 3538 6289 814 7232 442 5647 5366 7664 5527 1226 8485 8944 5586 645 5016 6128 2632 4927 2865 5477 9033 5429 4962 5868 2740 5300 8224 8726 8523 8626 7182 3245 7056 2748 8041 3708 5932 4312 5194 4721 1085 2697 1247 9396 2420 2179 1787 4500 2054 100 1019 6828 3606 1235 6887 3817 7834 7590
Error
8841 9307 2560 9114 1083 1686 1525 4822 6581 2687 2064 3297 495 3538 6289 814 7232 442 5647 5366 7664 5527 1226 8485 8944 5586 645 5016 6128 2632 4927 2865 5477 9033 5429 4962 5868 2740 5300 8224 8726 8523 8626 7182 3245 7056 2748 8041 3708 5932 4312 5194 4721 1085 2697 1247 9396 2420 2179 1787 4500 2054 100 1019 6828 3606 1235 6887 3817 7834 7590 5987
Error
70
Error
Error
Error
71
Error
69
5868
4965 9114 1083 1686 1525 4822 6581 2687 2064 3297 495 3538 6289 814 7232 442 5647 5366 7664 5527 1226 8485 8944 5586 645 5016 6128 2632 4927 2865 5477 9033 5429 4962 5868 2740 5300 8224 8726 8523 8626 7182 3245 7056 2748 8041 3708 5932 4312 5194 4721 1085 2697 1247 9396 2420 2179 1787 4500 2054 100 1019 6828 3606 1235 6887 3817 7834 7590
69
Error
Error
68
Error
False
False
2740
Error
66
Error
False
Error
68
69
7834 3817 6887 1235 3606 6828 1019 100 2054 4500 1787 2179 2420 9396 1247 2697 1085 4721 5194 4312 5932 3708 8041 2748 7056 3245 7182 8626 8523 8726 8224 5300 2740 5868 4962 5429 9033 5477 2865 4927 2632 6128 5016 645 5586 8944 8485 1226 5527 7664 5366 5647 442 7232 814 6289 3538 495 3297 2064 2687 6581 4822 1525 1686 1083 1553 7237 1023
Error
Error
7834 3817 6887 1235 3606 6828 1019 100 2054 4500 1787 2179 2420 9396 1247 2697 1085 4721 5194 4312 5932 3708 8041 2748 7056 3245 7182 8626 8523 8726 8224 5300 2740 5868 4962 5429 9033 5477 2865 4927 2632 6128 5016 645 5586 8944 8485 1226 5527 7664 5366 5647 442 7232 814 6289 3538 495 3297 2064 2687 6581 4822 1525 1686 1083 1553
Error
2740
7834 3817 6887 1235 3606 6828 1019 100 2054 4500 1787 2179 2420 9396 1247 2697 1085 4721 5194 4312 5932 3708 8041 2748 7056 3245 7182 8626 8523 8726 8224 5300 2740 5868 4962 5429 9033 5477 2865 4927 2632 6128 5016 645 5586 8944 8485 1226 5527 7664 5366 5647 442 7232 814 6289 3538 495 3297 2064 2687 6581 4822 1525 1686
65
Error
7834 3817 6887 1235 3606 6828 1019 100 2054 4500 1787 2179 2420 9396 1247 2697 1085 4721 5194 4312 5932 3708 8041 2748 7056 3245 7182 8626 8523 8726 8224 5300 2740 5868 4962 5429 9033 5477 2865 4927 2632 6128 5016 645 5586 8944 8485 1226 5527 7664 5366 5647 442 7232 814 6289 3538 495 3297 2064 2687 6581 4822 1525 1686 4574
2740
5868
False
Error
False
Error
False
Error
5375 7834 3817 6887 1235 3606 6828 1019 100 2054 4500 1787 2179 2420 9396 1247 2697 1085 4721 5194 4312 5932 3708 8041 2748 7056 3245 7182 8626 8523 8726 8224 5300 2740 5868 4962 5429 9033 5477 2865 4927 2632 6128 5016 645 5586 8944 8485 1226 5527 7664 5366 5647 442 7232 814 6289 3538 495 3297 2064 2687 6581 4822 1525 1686 4574 9086 8434 2024
5868
Error
False
Error
Error
Error
6649 7993 8160 9377 8885 4550 4574 1686 1525 4822 6581 2687 2064 3297 495 3538 6289 814 7232 442 5647 5366 7664 5527 1226 8485 8944 5586 645 5016 6128 2632 4927 2865 5477 9033 5429 6227 4962 5868 2740 5300 8224 8726 8523 8626 7182 3245 7056 2748 8041 3708 5932 4312 5194 4721 1085 2697 1247 9396 2420 2179 1787 4500 2054 100 1019 6828 3606 1235 6887 3817 7834 9334
75
Error
Error
75
6227
6649 7993 8160 9377 8885 4550 4574 1686 1525 4822 6581 2687 2064 3297 495 3538 6289 814 7232 442 5647 5366 7664 5527 1226 8485 8944 5586 645 5016 6128 2632 4927 2865 5477 9033 5429 6227 4962 5868 2740 5300 8224 8726 8523 8626 7182 3245 7056 2748 8041 3708 5932 4312 5194 4721 1085 2697 1247 9396 2420 2179 1787 4500 2054 100 1019 6828 3606 1235 6887 3817 7834 9334 3160 6532
73
False
Error
Error
Error
Error
5429
Error
4936 3817 6887 1235 3606 6828 1019 100 2054 4500 1787 2179 2420 9396 1247 2697 1085 4721 5194 4312 5932 3708 8041 2748 7056 3245 7182 8626 8523 8726 8224 5300 2740 5868 4962 6227 5429 9033 5477 2865 4927 2632 6128 5016 645 5586 8944 8485 1226 5527 7664 5366 5647 442 7232 814 6289 3538 495 3297 2064 2687 6581 4822 1525 1686 4574 4550 8885 9377 8160 7993 6649 7243
Error
False
False
7243 6649 7993 8160 9377 8885 4550 4574 1686 1525 4822 6581 2687 2064 3297 495 3538 6289 814 7232 442 5647 5366 7664 5527 1226 8485 8944 5586 645 5016 6128 2632 4927 2865 5477 9033 5429 6227 4962 5868 2740 5300 8224 8726 8523 8626 7182 3245 7056 2748 8041 3708 5932 4312 5194 4721 1085 2697 1247 9396 2420 2179 1787 4500 2054 100 1019 6828 3606 1235 6887 3817
Error
Error
False
False
Error
Error
Error
Error
Error
Error
False
71
Error
Error
Error
Error
Error
Error
Error
False
False
Error
Error
6227
9896 9377 8885 4550 4574 1686 1525 4822 6581 2687 2064 3297 495 3538 6289 814 7232 442 5647 5366 7664 5527 1226 8485 8944 5586 645 5016 6128 2632 4927 2865 5477 9033 5429 6227 4962 5868 2740 5300 8224 8726 8523 8626 7182 3245 7056 2748 8041 3708 5932 4312 5194 4721 1085 2697 1247 9396 2420 2179 1787 4500 2054 100 1019 6828 3606 1235 6887 783
False
Error
6227
9896 9377 8885 4550 4574 1686 1525 4822 6581 2687 2064 3297 495 3538 6289 814 7232 442 5647 5366 7664 5527 1226 8485 8944 5586 645 5016 6128 2632 4927 2865 5477 9033 5429 6227 4962 5868 2740 5300 8224 8726 8523 8626 7182 3245 7056 2748 8041 3708 5932 4312 5194 4721 1085 2697 1247 9396 2420 2179 1787 4500 2054 100 1019 6828 3606 1235 6887 783 8508
Error
75
Error
Error
Error
Error
Error
False
Error
8781 9896 9377 8885 4550 4574 1686 1525 4822 6581 2687 2064 3297 495 3538 6289 814 7232 442 5647 5366 7664 5527 1226 8485 8944 5586 645 5016 6128 2632 4927 2865 5477 9033 5429 6227 4962 5868 2740 5300 8224 8726 8523 8626 7182 3245 7056 2748 8041 3708 5932 4312 5194 4721 1085 2697 1247 9396 2420 2179 1787 4500 2054 100 1019 6828 3606 1235 6887 783 8508 8984 3417 6255 634 2268 8857 1670
Error
Error
8781 9896 9377 8885 4550 4574 1686 1525 4822 6581 2687 2064 3297 495 3538 6289 814 7232 442 5647 5366 7664 5527 1226 8485 8944 5586 645 5016 6128 2632 4927 2865 5477 9033 5429 6227 4962 5868 2740 5300 8224 8726 8523 8626 7182 3245 7056 2748 8041 3708 5932 4312 5194 4721 1085 2697 1247 9396 2420 2179 1787 4500 2054 100 1019 6828 3606 1235 6887 783 8508 8984 3417 6255 634 2268 8857
8857 2268 634 6255 3417 8984 8508 783 6887 1235 3606 6828 1019 100 2054 4500 1787 2179 2420 9396 1247 2697 1085 4721 5194 4312 5932 3708 8041 2748 7056 3245 7182 8626 8523 8726 8224 5300 2740 5868 4962 6227 5429 9033 5477 2865 4927 2632 6128 5016 645 5586 8944 8485 1226 5527 7664 5366 5647 442 7232 814 6289 3538 495 3297 2064 2687 6581 4822 1525 1686 4574 4550 8885 9377 9896
Error
78
Error
Error
False
False
Error
Error
74
4962
False
False
Error
False
False
Error
False
False
Error
Error
Error
74
2740
2740
74
Error
Error
Error
Error
Error
703 267 3417 8984 8508 783 6887 1235 3606 6828 1019 100 2054 4500 1787 2179 2420 9396 1247 2697 1085 4721 5194 4312 5932 3708 8041 2748 7056 3245 7182 8626 8523 8726 8224 5300 2740 5868 4962 6227 5429 9033 5477 2865 4927 2632 6128 5016 645 5586 8944 8485 1226 5527 7664 5366 5647 442 7232 814 6289 3538 495 3297 2064 2687 6581 4822 1525 1686 4574 4550 8885 914 1459
False
75
Error
703 267 3417 8984 8508 783 6887 1235 3606 6828 1019 100 2054 4500 1787 2179 2420 9396 1247 2697 1085 4721 5194 4312 5932 3708 8041 2748 7056 3245 7182 8626 8523 8726 8224 5300 2740 5868 4962 6227 5429 9033 5477 2865 4927 2632 6128 5016 645 5586 8944 8485 1226 5527 7664 5366 5647 442 7232 814 6289 3538 495 3297 2064 2687 6581 4822 1525 1686 4574 4550 8885 914 1459 176
Error
Error
78
False
703 267 3417 8984 8508 783 6887 1235 3606 6828 1019 100 2054 4500 1787 2179 2420 9396 1247 2697 1085 4721 5194 4312 5932 3708 8041 2748 7056 3245 7182 8626 8523 8726 8224 5300 2740 5868 4962 6227 5429 9033 5477 2865 4927 2632 6128 5016 645 5586 8944 8485 1226 5527 7664 5366 5647 442 7232 814 6289 3538 495 3297 2064 2687 6581 4822 1525 1686 4574 4550 8885 914 1459 176 1737 3728
Error
Error
Error
Error
9906 1737 176 1459 914 8885 4550 4574 1686 1525 4822 6581 2687 2064 3297 495 3538 6289 814 7232 442 5647 5366 7664 5527 1226 8485 8944 5586 645 5016 6128 2632 4927 2865 5477 9033 5429 6227 4962 5868 2740 5300 8224 8726 8523 8626 7182 3245 7056 2748 8041 3708 5932 4312 5194 4721 1085 2697 1247 9396 2420 2179 1787 4500 2054 100 1019 6828 3606 1235 6887 783 8508 8984 3417 267 703
79
Error
78
6227
6227
78
Error
Error
Error
77
Error
False
Error
Error
Error
Error
5429
6169 9906 1737 176 1459 914 8885 4550 4574 1686 1525 4822 6581 2687 2064 3297 495 3538 6289 814 7232 442 5647 5366 7664 5527 1226 8485 8944 5586 645 5016 6128 2632 4927 2865 5477 9033 5429 6227 4962 5868 2740 5300 8224 8726 8523 8626 7182 3245 7056 2748 8041 3708 5932 4312 5194 4721 1085 2697 1247 9396 2420 2179 1787 4500 2054 100 1019 6828 3606 1235 6887 783 8508 8984 3417
Error
78
6169 9906 1737 176 1459 914 8885 4550 4574 1686 1525 4822 6581 2687 2064 3297 495 3538 6289 814 7232 442 5647 5366 7664 5527 1226 8485 8944 5586 645 5016 6128 2632 4927 2865 5477 9033 5429 6227 4962 5868 2740 5300 8224 8726 8523 8626 7182 3245 7056 2748 8041 3708 5932 4312 5194 4721 1085 2697 1247 9396 2420 2179 1787 4500 2054 100 1019 6828 3606 1235 6887 783 8508 8984 3417 4781
Error
False
Error
Error
False
78
6169 9906 1737 176 1459 914 8885 4550 4574 1686 1525 4822 6581 2687 2064 3297 495 3538 6289 814 7232 442 5647 5366 7664 5527 1226 8485 8944 5586 645 5016 6128 2632 4927 2865 5477 9033 5429 6227 4962 5868 2740 5300 8224 8726 8523 8626 7182 3245 7056 2748 8041 3708 5932 4312 5194 4721 1085 2697 1247 9396 2420 2179 1787 4500 2054 100 1019 6828 3606 1235 6887 783 8508 8984 3417 3622
78
False
Error
6169 9906 1737 176 1459 914 8885 4550 4574 1686 1525 4822 6581 2687 2064 3297 495 3538 6289 814 7232 442 5647 5366 7664 5527 1226 8485 8944 5586 645 5016 6128 2632 4927 2865 5477 9033 5429 6227 4962 5868 2740 5300 8224 8726 8523 8626 7182 3245 7056 2748 8041 3708 5932 4312 5194 4721 1085 2697 1247 9396 2420 2179 1787 4500 2054 100 1019 6828 3606 1235 6887 783 8508 8984 8100
Error
Error
5429
5429
Error
216 783 6887 1235 3606 6828 1019 100 2054 4500 1787 2179 2420 9396 1247 2697 1085 4721 5194 4312 5932 3708 8041 2748 7056 3245 7182 8626 8523 8726 8224 5300 2740 5868 4962 6227 5429 9033 5477 2865 4927 2632 6128 5016 645 5586 8944 8485 1226 5527 7664 5366 5647 442 7232 814 6289 3538 495 3297 2064 2687 6581 4822 1525 1686 4574 4550 8885 914 1459 176 1737 9906 6169
9033
Error
Error
5429
Error
Error
Error
Error
Error
Error
Error
Error
75
8210 1737 176 1459 914 8885 4550 4574 1686 1525 4822 6581 2687 2064 3297 495 3538 6289 814 7232 442 5647 5366 7664 5527 1226 8485 8944 5586 645 5016 6128 2632 4927 2865 5477 9033 5429 6227 4962 5868 2740 5300 8224 8726 8523 8626 7182 3245 7056 2748 8041 3708 5932 4312 5194 4721 1085 2697 1247 9396 2420 2179 1787 4500 2054 100 1019 6828 3606 1235 6887 783 216 751
8210 1737 176 1459 914 8885 4550 4574 1686 1525 4822 6581 2687 2064 3297 495 3538 6289 814 7232 442 5647 5366 7664 5527 1226 8485 8944 5586 645 5016 6128 2632 4927 2865 5477 9033 5429 6227 4962 5868 2740 5300 8224 8726 8523 8626 7182 3245 7056 2748 8041 3708 5932 4312 5194 4721 1085 2697 1247 9396 2420 2179 1787 4500 2054 100 1019 6828 3606 1235 6887 783 216 751 5571
False
Error
Error
Error
Error
Error
False
6227
Error
6227
78
4962
Error
Error
False
4962
Error
Error
False
Error
Error
Error
Error
Error
Error
Error
Error
1459 914 8885 4550 4574 1686 1525 4822 6581 2687 2064 3297 495 3538 6289 814 7232 442 5647 5366 7664 5527 1226 8485 8944 5586 645 5016 6128 2632 4927 2865 5477 9033 5429 6227 4962 5868 2740 5300 8224 8726 8523 8626 7182 3245 7056 2748 8041 3708 5932 4312 5194 4721 1085 2697 1247 9396 2420 2179 1787 4500 2054 100 1019 6828 3606 1235 6887 783 216 751 5571 4942 8652 3191 2270
Error
2740
Error
79
Error
Error
81
8224
Error
Error
7858 5554 2929 2270 3191 8652 4942 5571 751 216 783 6887 1235 3606 6828 1019 100 2054 4500 1787 2179 2420 9396 1247 2697 1085 4721 5194 4312 5932 3708 8041 2748 7056 3245 7182 8626 8523 8726 8224 5300 2740 5868 4962 6227 5429 9033 5477 2865 4927 2632 6128 5016 645 5586 8944 8485 1226 5527 7664 5366 5647 442 7232 814 6289 3538 495 3297 2064 2687 6581 4822 1525 1686 4574 4550 8885 914 1459
Error
Error
Error
8224
Error
Error
80
Error
5300
5300
Error
False
False
Error
Error
Error
Error
80
Error
Error
Error
Error
False
4846 5554 2929 2270 3191 8652 4942 5571 751 216 783 6887 1235 3606 6828 1019 100 2054 4500 1787 2179 2420 9396 1247 2697 1085 4721 5194 4312 5932 3708 8041 2748 7056 3245 7182 8626 8523 8726 8224 5300 2740 5868 4962 6227 5429 9033 5477 2865 4927 2632 6128 5016 645 5586 8944 8485 1226 5527 7664 5366 5647 442 7232 814 6289 3538 495 3297 2064 2687 6581 4822 1525 1686 4574 4550 8885 914 1459
80
False
Error
81
81
False
Error
Error
Error
5300
5300
3798 1459 914 8885 4550 4574 1686 1525 4822 6581 2687 2064 3297 495 3538 6289 814 7232 442 5647 5366 7664 5527 1226 8485 8944 5586 645 5016 6128 2632 4927 2865 5477 9033 5429 6227 4962 5868 2740 5300 8224 8726 8523 8626 7182 3245 7056 2748 8041 3708 5932 4312 5194 4721 1085 2697 1247 9396 2420 2179 1787 4500 2054 100 1019 6828 3606 1235 6887 783 216 751 5571 4942 8652 3191 2270 2929 5554 4846
Error
Error
Error
Error
3798 1459 914 8885 4550 4574 1686 1525 4822 6581 2687 2064 3297 495 3538 6289 814 7232 442 5647 5366 7664 5527 1226 8485 8944 5586 645 5016 853 6128 2632 4927 2865 5477 9033 5429 6227 4962 5868 2740 5300 8224 8726 8523 8626 7182 3245 7056 2748 8041 3708 5932 4312 5194 4721 1085 2697 1247 9396 2420 2179 1787 4500 2054 100 1019 6828 3606 1235 6887 783 216 751 5571 4942 8652 3191 2270 2929
False
Error
Error
81
Error
Error
Error
Error
False
81
81
Error
Error
Error
81
False
Error
Error
Error
8726
Error
Error
8523
Error
220 882 6178 9117 2929 2270 3095 3191 8652 4942 5571 751 216 783 6887 1235 3606 6828 1019 100 2054 4500 1787 2179 2420 9396 1247 2697 1085 4721 5194 4312 5932 3708 8041 2748 7056 3245 7182 8626 8523 8726 8224 5300 2740 5868 4962 6227 5429 9033 5477 2865 4927 2632 6128 853 5016 645 5586 8944 8485 1226 5527 7664 5366 5647 442 7232 814 6289 3538 495 3297 2064 2687 6581 4822 1525 1686 4574 4550 8885 8377
Error
Error
Error
False
Error
87
6437 2643 8377 8885 4550 4574 1686 1525 4822 6581 2687 2064 3297 495 3538 6289 814 7232 442 5647 5366 7664 5527 1226 8485 8944 5586 645 5016 853 6128 2632 4927 2865 5477 9033 5429 6227 4962 5868 2740 5300 8224 8726 8523 8626 7182 3245 7056 2748 8041 3708 5932 4312 5194 4721 1085 2697 1247 9396 2420 2179 1787 4500 2054 100 1019 6828 3606 1235 6887 783 216 751 5571 4942 8652 3191 3095 2270 2929 9117 6178 882 220 2657
86
Error
Error
Error
Error
Error
Error
False
6437 2643 8377 8885 4550 4574 1686 1525 4822 6581 2687 2064 3297 495 3538 6289 814 7232 442 5647 5366 7664 5527 1226 8485 8944 5586 645 5016 853 6128 2632 4927 2865 5477 9033 5429 6227 4962 5868 2740 5300 8224 8726 8523 8626 7182 3245 7056 2748 8041 3708 5932 4312 5194 4721 1085 2697 1247 9396 2420 2179 1787 4500 2054 100 1019 6828 3606 1235 6887 783 216 751 5571 4942 8652 3191 3095 2270 2929 9117 6178 882 220
Error
6437 2643 8377 8885 4550 4574 1686 1525 4822 6581 2687 2064 3297 495 3538 6289 814 7232 442 5647 5366 7664 5527 1226 8485 8944 5586 645 5016 853 6128 2632 4927 2865 5477 9033 5429 6227 4962 5868 2740 5300 8224 8726 8523 8626 7182 3245 7056 2748 8041 3708 5932 4312 5194 4721 1085 2697 1247 9396 2420 2179 1787 4500 2054 100 1019 6828 3606 1235 6887 783 216 751 5571 4942 8652 3191 3095 2270 2929 9117 6178 882 4055 8484
8224
False
Error
Error
87
False
87
Error
88
Error
Error
Error
89
False
Error
89
8726
6200 3119 3007 4055 882 6178 9117 2929 2270 3095 3191 8652 4942 5571 751 216 783 6887 1235 3606 6828 1019 100 2054 4500 1787 2179 2420 9396 1247 2697 1085 4721 5194 4312 5932 3708 8041 2748 7056 3245 7182 8626 8523 8726 8224 5300 2740 5868 4962 6227 5429 9033 5477 2865 4927 2632 6128 853 5016 645 5586 8944 8485 1226 5527 7664 5366 5647 442 7232 814 6289 3538 495 3297 2064 2687 6581 4822 1525 1686 4574 4550 8885 8377 2643 6437 2734 2760 36
Error
Error
False
6200 3119 3007 4055 882 6178 9117 2929 2270 3095 3191 8652 4942 5571 751 216 783 6887 1235 3606 6828 1019 100 2054 4500 1787 2179 2420 9396 1247 2697 1085 4721 5194 4312 5932 3708 8041 2748 7056 3245 7182 8626 8523 8726 8224 5300 2740 5868 4962 6227 5429 9033 5477 2865 4927 2632 6128 853 5016 645 5586 8944 8485 1226 5527 7664 5366 5647 442 7232 814 6289 3538 495 3297 2064 2687 6581 4822 1525 1686 4574 4550 8885 8377 2643 6437 2734 1455
8224
Error
Error
Error
Error
Error
Error
Error
Error
94
Error
5300
Error
2740
False
Error
Error
Error
False
96
Error
5300
Error
False
8677 440 8225 480 9781 1455 2734 6437 2643 8377 8885 4550 4574 1686 1525 4822 6581 2687 2064 3297 495 3538 6289 814 7232 442 5647 5366 7664 5527 1226 8485 8944 5586 645 5016 853 6128 2632 4927 2865 5477 9033 5429 6227 4962 5868 2740 5300 8224 8726 8523 8626 7182 3245 7056 2748 8041 3708 5932 4312 5194 4721 1085 2697 1247 9396 2420 2179 1787 4500 2054 100 1019 6828 3606 1235 6887 783 216 751 5571 4942 8652 3191 3095 2270 2929 9117 6178 882 4055 3007
Error
8677 440 8225 480 9781 1455 2734 6437 2643 8377 8885 4550 4574 1686 1525 4822 6581 2687 2064 3297 495 3538 6289 814 7232 442 5647 5366 7664 5527 1226 8485 8944 5586 645 5016 853 6128 2632 4927 2865 5477 9033 5429 6227 4962 5868 2740 5300 8224 8726 8523 8626 7182 3245 7056 2748 8041 3708 5932 4312 5194 4721 1085 2697 1247 9396 2420 2179 1787 4500 2054 100 1019 6828 3606 1235 6887 783 216 751 5571 4942 8652 3191 3095 2270 2929 9117 6178 882 4055 3007
False
Error
Error
Error
2527 7701 4055 882 6178 9117 2929 2270 3095 3191 8652 4942 5571 751 216 783 6887 1235 3606 6828 1019 100 2054 4500 1787 2179 2420 9396 1247 2697 1085 4721 5194 4312 5932 3708 8041 2748 7056 3245 7182 8626 8523 8726 8224 5300 2740 5868 4962 6227 5429 9033 5477 2865 4927 2632 6128 853 5016 645 5586 8944 8485 1226 5527 7664 5366 5647 442 7232 814 6289 3538 495 3297 2064 2687 6581 4822 1525 1686 4574 4550 8885 8377 2643 6437 2734 1455 9781 480 8225 5229
Error
Error
Error
Error
Error
91
4405 5229 8225 480 9781 1455 2734 6437 2643 8377 8885 4550 4574 1686 1525 4822 6581 2687 2064 3297 495 3538 6289 814 7232 442 5647 5366 7664 5527 1226 8485 8944 5586 645 5016 853 6128 2632 4927 2865 5477 9033 5429 6227 4962 5868 2740 5300 8224 8726 8523 8626 7182 3245 7056 2748 8041 3708 5932 4312 5194 4721 1085 2697 1247 9396 2420 2179 1787 4500 2054 100 1019 6828 3606 1235 6887 783 216 751 5571 4942 8652 3191 3095 2270 2929 9117 6178 882 4055 422 8342 2414
Error
Error
Error
Error
False
5300
Error
94
Error
Error
5229 8225 480 9781 1455 2734 6437 2643 8377 8885 4550 4574 1686 1525 4822 6581 2687 2064 3297 495 3538 6289 814 7232 442 5647 5366 7664 5527 1226 8485 8944 5586 645 5016 853 6128 2632 4927 2865 5477 9033 5429 6227 4962 5868 2740 5300 8224 8726 8523 8626 7182 3245 7056 2748 8041 3708 5932 4312 5194 4721 1085 2697 1247 9396 2420 2179 1787 4500 2054 100 1019 6828 3606 1235 6887 783 216 751 5571 4942 8652 3191 3095 2270 2929 9117 6178 882 4055 422 8342 2414
Error
5300
95
Error
Error
Error
Error
Error
Error
Error
Error
Error
8224
Error
Error
False
Error
Error
97
Error
8726
Error
Error
False
Error
Error
Error
94
Error
8626
Error
93
91
Error
Error
8523
8523
1455 2734 6437 2643 8377 8885 4550 4574 1686 1525 4822 6581 2687 2064 3297 495 3538 6289 814 7232 442 5647 5366 7664 5527 1226 8485 8944 5586 645 5016 853 6128 2632 4927 2865 5477 9033 5429 6227 4962 5868 2740 5300 8224 8726 8523 8626 7182 3245 7056 2748 8041 3708 5932 4312 5194 4721 1085 2697 1247 9396 2420 2179 1787 4500 2054 100 1019 6828 3606 1235 6887 783 216 751 5571 4942 8652 3191 3095 2270 2929 9117 6178 882 4055 422 8342 2414 4749 2505 5510
False
Error
8523
1455 2734 6437 2643 8377 8885 4550 4574 1686 1525 4822 6581 2687 2064 3297 495 3538 6289 814 7232 442 5647 5366 7664 5527 1226 8485 8944 5586 645 5016 853 6128 2632 4927 2865 5477 9033 5429 6227 4962 5868 2740 5300 8224 8726 8523 8626 7182 3245 7056 2748 8041 3708 5932 4312 5194 4721 1085 2697 1247 9396 2420 2179 1787 4500 2054 100 1019 6828 3606 1235 6887 783 216 751 5571 4942 8652 3191 3095 2270 2929 9117 6178 882 4055 422 8342 2414 4749 2505 5510
Error
Error
1455 2734 6437 2643 8377 8885 4550 4574 1686 1525 4822 6581 2687 2064 3297 495 3538 6289 814 7232 442 5647 5366 7664 5527 1226 8485 8944 5586 645 5016 853 6128 2632 4927 2865 5477 9033 5429 6227 4962 5868 2740 5300 8224 8726 8523 8626 7182 3245 7056 2748 8041 3708 5932 4312 5194 4721 1085 2697 1247 9396 2420 2179 1787 4500 2054 100 1019 6828 3606 1235 6887 783 216 751 5571 4942 8652 3191 3095 2270 2929 9117 6178 882 4055 422 8342 2414 4749
Error
False
False
Error
Error
90
Error
92
8726
False
93
Error
False
92
Error
False
Error
Error
Error
Error
8726
Error
Error
Error
90
Error
6980 6437 2643 8377 8885 4550 4574 1686 1525 4822 6581 2687 2064 3297 495 3538 6289 814 7232 442 5647 5366 7664 5527 1226 8485 8944 5586 645 5016 853 6128 2632 4927 2865 5477 9033 5429 6227 4962 5868 2740 5300 8224 8726 8523 8626 7182 3245 7056 2748 8041 3708 5932 4312 5194 4721 1085 2697 1247 9396 2420 2179 1787 4500 2054 100 1019 6828 3606 1235 6887 783 216 751 5571 4942 8652 3191 3095 2270 2929 9117 6178 882 4055 422 8342 2414 4749
Error
Error
89
4749 2414 8342 422 4055 882 6178 9117 2929 2270 3095 3191 8652 4942 5571 751 216 783 6887 1235 3606 6828 1019 100 2054 4500 1787 2179 2420 9396 1247 2697 1085 4721 5194 4312 5932 3708 8041 2748 7056 3245 7182 8626 8523 8726 8224 5300 2740 5868 4962 6227 5429 9033 5477 2865 4927 2632 6128 853 5016 645 5586 8944 8485 1226 5527 7664 5366 5647 442 7232 814 6289 3538 495 3297 2064 2687 6581 4822 1525 1686 4574 4550 8885 8377 2643
4749 2414 8342 422 4055 882 6178 9117 2929 2270 3095 3191 8652 4942 5571 751 216 783 6887 1235 3606 6828 1019 100 2054 4500 1787 2179 2420 9396 1247 2697 1085 4721 5194 4312 5932 3708 8041 2748 7056 3245 7182 8626 8523 8726 8224 5300 2740 5868 4962 6227 5429 9033 5477 2865 4927 2632 6128 853 5016 645 5586 8944 8485 1226 5527 7664 5366 5647 442 7232 814 6289 3538 495 3297 2064 2687 6581 4822 1525 1686 4574 4550 8885 8377 2643
88
88
Error
Error
Error
Error
Error
Error
Error
2700 3542 4789 2643 8377 8885 4550 4574 1686 1525 4822 6581 2687 2064 3297 495 3538 6289 814 7232 442 5647 5366 7664 5527 1226 8485 8944 5586 645 5016 853 6128 2632 4927 2865 5477 9033 5429 6227 4962 5868 2740 5300 8224 8726 8523 8626 7182 3245 7056 2748 8041 3708 5932 4312 5194 4721 1085 2697 1247 9396 2420 2179 1787 4500 2054 100 1019 6828 3606 1235 6887 783 216 751 5571 4942 8652 3191 3095 2270 2929 9117 6178 882 4055 422 8342 2414 4749 6233 6760
92
Error
Error
Error
94
5468 3074 6233 4749 2414 8342 422 4055 882 6178 9117 2929 2270 3095 3191 8652 4942 5571 751 216 783 6887 1235 3606 6828 1019 100 2054 4500 1787 2179 2420 9396 1247 2697 1085 4721 5194 4312 5932 3708 8041 2748 7056 3245 7182 8626 8523 8726 8224 5300 2740 5868 4962 6227 5429 9033 5477 2865 4927 2632 6128 853 5016 645 5586 8944 8485 1226 5527 7664 5366 5647 442 814 6289 3538 495 3297 2064 2687 6581 4822 1525 1686 4574 4550 8885 8377 2643 4789 3542 2875
93
Error
Error
Error
Error
Error
8523
False
Error
Error
Error
Error
Error
8523
False
Error
96
Error
93
Error
8726
8726
False
94
Error
94
94
Error
Error
Error
8523
Error
Error
9840 4527 5869 3542 4789 2643 8377 8885 4550 4574 1686 1525 4822 6581 2687 2064 3297 495 3538 6289 814 442 5647 5366 7664 5527 1226 8485 8944 5586 645 5016 853 6128 2632 4927 2865 5477 9033 5429 6227 4962 5868 2740 5300 8224 8726 8523 8626 7182 3245 7056 2748 8041 3708 5932 4312 5194 4721 1085 2697 1247 9396 2420 2179 1787 4500 2054 100 1019 6828 3606 1235 6887 783 216 751 5571 4942 8652 3191 3095 2270 2929 9117 6178 882 4055 422 8342 2414 4749 66 9671 5121 3785 2390
Error
Error
8626
False
False
9840 4527 5869 3542 4789 2643 8377 8885 4550 4574 1686 1525 4822 6581 2687 2064 3297 495 3538 6289 814 442 5647 5366 7664 5527 1226 8485 8944 5586 645 5016 853 6128 2632 4927 2865 5477 9033 5429 6227 4962 5868 2740 5300 8224 8726 8523 8626 7182 3245 7056 2748 8041 3708 5932 4312 5194 4721 1085 2697 1247 9396 2420 2179 1787 4500 2054 100 1019 6828 3606 1235 6887 783 216 751 5571 4942 8652 3191 3095 2270 2929 9117 6178 882 4055 422 8342 2414 4749 66 9671 5121 3785 2390 6502 7812 4626
Error
Error
4626 7812 6502 2390 3785 5121 9671 66 4749 2414 8342 422 4055 882 6178 9117 2929 2270 3095 3191 8652 4942 5571 751 216 783 6887 1235 3606 6828 1019 100 2054 4500 1787 2179 2420 9396 1247 2697 1085 4721 5194 4312 5932 3708 8041 2748 7056 3245 7182 8626 8523 8726 8224 5300 2740 5868 4962 6227 5429 9033 5477 2865 4927 2632 6128 853 5016 645 5586 8944 8485 1226 5527 7664 5366 5647 442 814 6289 3538 495 3297 2064 2687 6581 4822 1525 1686 4574 4550 8885 8377 2643 4789 3542 5869 4527
False
4626 7812 6502 2390 3785 5121 9671 66 4749 2414 8342 422 4055 882 6178 9117 2929 2270 3095 3191 8652 4942 5571 751 216 783 6887 1235 3606 6828 1019 100 2054 4500 1787 2179 2420 9396 1247 2697 1085 4721 5194 4312 5932 3708 8041 2748 7056 3245 7182 8626 8523 8726 8224 5300 2740 5868 4962 6227 5429 9033 5477 2865 4927 2632 6128 853 5016 645 5586 8944 8485 1226 5527 7664 5366 5647 442 814 6289 3538 495 3297 2064 2687 6581 4822 1525 1686 4574 4550 8885 8377 2643 4789 3542 5869 1891 8089 9683
101
Error
101
9683 8089 1891 5869 3542 4789 2643 8377 8885 4550 4574 1686 1525 4822 6581 2687 2064 3297 495 3538 6289 814 442 5647 5366 7664 5527 1226 8485 8944 5586 645 5016 853 6128 2632 4927 2865 5477 9033 5429 6227 4962 5868 2740 5300 8224 8726 8523 8626 7182 3245 7056 2748 8041 3708 5932 4312 5194 4721 1085 2697 1247 9396 2420 2179 1787 4500 2054 100 1019 6828 3606 1235 6887 783 216 751 5571 4942 8652 3191 3095 2270 2929 9117 6178 882 4055 422 8342 2414 4749 66 9671 5121 3785 2390 6502 7812 4626
Error
9683 8089 1891 5869 3542 4789 2643 8377 8885 4550 4574 1686 1525 4822 6581 2687 2064 3297 495 3538 6289 814 442 5647 5366 7664 5527 1226 8485 8944 5586 645 5016 853 6128 2632 4927 2865 5477 9033 5429 6227 4962 5868 2740 5300 8224 8726 8523 8626 7182 3245 7056 2748 8041 3708 5932 4312 5194 4721 1085 2697 1247 9396 2420 2179 1787 4500 2054 100 1019 6828 3606 1235 6887 783 216 751 5571 4942 8652 3191 3095 2270 2929 9117 6178 882 4055 422 8342 2414 4749 66 9671 5121 3785 2390 6502 7812 4626
Error
False
Error
Error
Error
101
7812 6502 2390 3785 5121 9671 66 4749 2414 8342 422 4055 882 6178 9117 2929 2270 3095 3191 8652 4942 5571 751 216 783 6887 1235 3606 6828 1019 100 2054 4500 1787 2179 2420 9396 1247 2697 1085 4721 5194 4312 5932 3708 8041 2748 7056 3245 7182 8626 8523 8726 8224 5300 2740 5868 4962 6227 5429 9033 5477 2865 4927 2632 6128 853 5016 645 5586 8944 8485 1226 5527 7664 5366 5647 442 814 6289 3538 495 3297 2064 2687 6581 4822 1525 1686 4574 4550 8885 8377 2643 4789 3542 5869 1891 8089 9683 6413
Error
101
False
100
8523
8523
100
Error
Error
Error
6413 9683 8089 1891 5869 3542 4789 2643 8377 8885 4550 4574 1686 1525 4822 6581 2687 2064 3297 495 3538 6289 814 442 5647 5366 7664 5527 1226 8485 8944 5586 645 5016 853 6128 2632 4927 2865 5477 9033 5429 6227 4962 5868 2740 5300 8224 8726 8523 8626 7182 3245 7056 2748 8041 3708 5932 4312 5194 4721 1085 2697 1247 9396 2420 2179 1787 4500 2054 100 1019 6828 3606 1235 6887 783 216 751 5571 4942 8652 3191 3095 2270 2929 9117 6178 882 4055 422 8342 2414 4749 66 9671 5121 3785 2390 5823 658
Error
Error
Error
Error
6413 9683 8089 1891 5869 3542 4789 2643 8377 8885 4550 4574 1686 1525 4822 6581 2687 2064 3297 495 3538 6289 814 442 5647 5366 7664 5527 1226 8485 8944 5586 645 5016 853 6128 2632 4927 2865 5477 9033 5429 6227 4962 5868 2740 5300 8224 8726 8523 8626 7182 3245 7056 2748 8041 3708 5932 4312 5194 4721 1085 2697 1247 9396 2420 2179 1787 4500 2054 100 1019 6828 3606 1235 6887 783 216 751 5571 4942 8652 3191 3095 2270 2929 9117 6178 882 4055 422 8342 2414 4749 66 9671 5121 3785 2390 5823 658 8329 5689
Error
Error
105
Error
Error
Error
Error
8395 5689 8329 658 5823 2390 3785 5121 9671 66 4749 2414 8342 422 4055 882 6178 9117 2929 2270 3095 3191 8652 4942 5571 751 216 783 6887 1235 3606 6828 1019 100 2054 4500 1787 2179 2420 9396 1247 2697 1085 4721 5194 4312 5932 3708 8041 2748 7056 3245 7182 8626 8523 8726 8224 5300 2740 5868 4962 6227 5429 9033 5477 2865 4927 2632 6128 853 5016 645 5586 8944 8485 1226 5527 7664 5366 5647 442 814 6289 3538 495 3297 2064 2687 6581 4822 1525 1686 4574 4550 8885 8377 2643 4789 3542 5869 1891 8089 9683 6413
8395 5689 8329 658 5823 2390 3785 5121 9671 66 4749 2414 8342 422 4055 882 6178 9117 2929 2270 3095 3191 8652 4942 5571 751 216 783 6887 1235 3606 6828 1019 100 2054 4500 1787 2179 2420 9396 1247 2697 1085 4721 5194 4312 5932 3708 8041 2748 7056 3245 7182 8626 8523 8726 8224 5300 2740 5868 4962 6227 5429 9033 5477 2865 4927 2632 6128 853 5016 645 5586 8944 8485 1226 5527 7664 5366 5647 442 814 6289 3538 495 3297 2064 2687 6581 4822 1525 1686 4574 4550 8885 8377 2643 4789 3542 5869 1891 8089 9683 6413
False
8395 5689 8329 658 5823 2390 3785 5121 9671 66 4749 2414 8342 422 4055 882 6178 9117 2929 2270 3095 3191 8652 4942 5571 751 216 783 6887 1235 3606 6828 1019 100 2054 4500 1787 2179 2420 9396 1247 2697 1085 4721 5194 4312 5932 3708 8041 2748 7056 3245 7182 8626 8523 8726 8224 5300 2740 5868 4962 6227 5429 9033 5477 2865 4927 2632 6128 853 5016 645 5586 8944 8485 1226 5527 7664 5366 5647 442 814 6289 3538 495 3297 2064 2687 6581 4822 1525 1686 4574 4550 8885 8377 2643 4789 3542 5869 1891 8089 9683 6413
False
103
Error
Error
Error
False
Error
Error
9124 8395 5689 8329 658 5823 2390 3785 5121 9671 66 4749 2414 8342 422 4055 882 6178 9117 2929 2270 3095 3191 8652 4942 5571 751 216 783 6887 1235 3606 6828 1019 100 2054 4500 1787 2179 2420 9396 1247 2697 1085 4721 5194 4312 5932 3708 8041 2748 7056 3245 7182 8626 8523 8726 8224 5300 2740 5868 4962 6227 5429 9033 5477 2865 4927 2632 6128 853 5016 645 5586 8944 8485 1226 5527 7664 5366 5647 442 814 6289 3538 495 3297 2064 2687 6581 4822 1525 1686 4574 4550 8885 8377 2643 4789 3542 5869 1891 8089 6046
