
Error
Error
Error
Empty
Error
Error

True
Error
False
Error
Error
Error
Error
Error
4
Error
5
1078 5716 7799 4123 691 
Error
7799
Error
1078 5716 7799 4123 691 5010 4852 
4123
False
Error
9
Error
5876 1078 5716 7799 4123 691 5010 4852 4767 3211 
10
691
False
691
5876 1078 5716 7799 4123 691 5010 4852 4767 3211 
Error
False
Error
False
13
Error
Error
5876 1078 5716 7799 4123 691 5010 4852 4767 3211 7329 2700 2495 
False
13
5010
5010
5010
Error
Error
2495 2700 7329 3211 4767 4852 5010 691 4123 7799 5716 1078 5876 3468 
Error
5010
Error
3468 5876 1078 5716 7799 4123 691 5010 4852 4767 3211 7329 2700 2495 2762 6836 4247 
19
Error
Error
5010
4247 6836 2762 2495 2700 7329 3211 4767 4852 5010 691 4123 7799 5716 1078 5876 3468 2259 2921 
False
2921 2259 3468 5876 1078 5716 7799 4123 691 5010 4852 4767 3211 7329 2700 2495 2762 6836 4247 
Error
False
Error
5010
False
Error
5010
Error
False
Error
False
19
Error
Error
Error
Error
2921 2259 3468 5876 1078 5716 7799 4123 691 5010 4852 4767 3211 7329 2700 2495 2762 6836 4247 
2921 2259 3468 5876 1078 5716 7799 4123 691 5010 4852 4767 3211 7329 2700 2495 2762 6836 4247 
20
5010
Error
Error
Error
20
Error
Error
Error
Error
3644 4247 6836 2762 2495 2700 7329 3211 4767 4852 5010 691 4123 7799 5716 1078 5876 3468 2259 2921 
False
False
Error
Error
Error
Error
3644 4247 6836 2762 2495 2700 7329 3211 4767 4852 5010 691 4123 7799 5716 1078 5876 3468 2259 2921 6593 2071 
Error
5010
Error
3644 4247 6836 2762 2495 2700 7329 3211 4767 4852 5010 691 4123 7799 5716 1078 5876 3468 2259 2921 6593 2071 
Error
Error
Error
False
Error
3644 4247 6836 2762 2495 2700 7329 3211 4767 4852 5010 691 4123 7799 5716 1078 5876 3468 2259 2921 6593 2071 945 9529 
False
4123
Error
Error
Error
Error
Error
Error
Error
False
False
Error
False
1133 3644 4247 6836 2762 2495 2700 7329 3211 4767 4852 5010 691 4123 7799 5716 1078 5876 3468 2259 2921 6593 2071 945 9529 6498 8486 1615 
Error
Error
Error
4123
Error
False
Error
1615 8486 6498 9529 945 2071 6593 2921 2259 3468 5876 1078 5716 7799 4123 691 5010 4852 4767 3211 7329 2700 2495 2762 6836 4247 3644 1133 2417 
Error
29
1615 8486 6498 9529 945 2071 6593 2921 2259 3468 5876 1078 5716 7799 4123 691 5010 4852 4767 3211 7329 2700 2495 2762 6836 4247 3644 1133 2417 
691
Error
1615 8486 6498 9529 945 2071 6593 2921 2259 3468 5876 1078 5716 7799 4123 691 5010 4852 4767 3211 7329 2700 2495 2762 6836 4247 3644 1133 2417 1862 5341 9328 
691
Error
False
Error
Error
7450 8132 9328 5341 1862 2417 1133 3644 4247 6836 2762 2495 2700 7329 3211 4767 4852 5010 691 4123 7799 5716 1078 5876 3468 2259 2921 6593 2071 945 9529 6498 8486 1615 6148 
Error
36
False
Error
5010
Error
36
8343 6148 1615 8486 6498 9529 945 2071 6593 2921 2259 3468 5876 1078 5716 7799 4123 691 5010 4852 4767 3211 7329 2700 2495 2762 6836 4247 3644 1133 2417 1862 5341 9328 8132 7450 
Error
40
8343 6148 1615 8486 6498 9529 945 2071 6593 2921 2259 3468 5876 1078 5716 7799 4123 691 5010 4852 4767 3211 7329 2700 2495 2762 6836 4247 3644 1133 2417 1862 5341 9328 8132 7450 6428 354 4697 2631 
4767
Error
Error
Error
3211
Error
Error
Error
False
8343 6148 1615 8486 6498 9529 945 2071 6593 2921 2259 3468 5876 1078 5716 7799 4123 691 5010 4852 4767 3211 7329 2700 2495 2762 6836 4247 3644 1133 2417 1862 5341 9328 8132 7450 6428 354 4697 2631 1618 50 2085 7633 5582 6511 
Error
6511 5582 7633 2085 50 1618 2631 4697 354 6428 7450 8132 9328 5341 1862 2417 1133 3644 4247 6836 2762 2495 2700 7329 3211 4767 4852 5010 691 4123 7799 5716 1078 5876 3468 2259 2921 6593 2071 945 9529 6498 8486 1615 6148 8343 
Error
6511 5582 7633 2085 50 1618 2631 4697 354 6428 7450 8132 9328 5341 1862 2417 1133 3644 4247 6836 2762 2495 2700 7329 3211 4767 4852 5010 691 4123 7799 5716 1078 5876 3468 2259 2921 6593 2071 945 9529 6498 8486 1615 6148 8343 
2700
46
Error
Error
914 8343 6148 1615 8486 6498 9529 945 2071 6593 2921 2259 3468 5876 1078 5716 7799 4123 691 5010 4852 4767 3211 7329 2700 2495 2762 6836 4247 3644 1133 2417 1862 5341 9328 8132 7450 6428 354 4697 2631 1618 50 2085 7633 5582 6511 
Error
47
6511 5582 7633 2085 50 1618 2631 4697 354 6428 7450 8132 9328 5341 1862 2417 1133 3644 4247 6836 2762 2495 2700 7329 3211 4767 4852 5010 691 4123 7799 5716 1078 5876 3468 2259 2921 6593 2071 945 9529 6498 8486 1615 6148 8343 914 
Error
Error
Error
Error
47
Error
Error
47
914 8343 6148 1615 8486 6498 9529 945 2071 6593 2921 2259 3468 5876 1078 5716 7799 4123 691 5010 4852 4767 3211 7329 2700 2495 2762 6836 4247 3644 1133 2417 1862 5341 9328 8132 7450 6428 354 4697 2631 1618 50 2085 7633 5582 6511 
Error
Error
Error
49
Error
False
2700
50
914 8343 6148 1615 8486 6498 9529 945 2071 6593 2921 2259 3468 5876 1078 5716 7799 4123 691 5010 4852 4767 3211 7329 2700 2495 2762 6836 4247 3644 1133 2417 1862 5341 9328 8132 7450 6428 354 4697 2631 1618 50 2085 7633 5582 6511 2230 9302 9209 
Error
False
Error
2700
Error
Error
2495
Error
Error
False
Error
Error
2700
Error
Error
9194 914 8343 6148 1615 8486 6498 9529 945 2071 6593 2921 2259 3468 5876 1078 5716 7799 4123 691 5010 4852 4767 3211 7329 2700 2495 2762 6836 4247 3644 1133 2417 1862 5341 9328 8132 7450 6428 354 4697 2631 1618 50 2085 7633 5582 6511 2230 9302 9209 
51
Error
False
52
52
False
False
False
52
Error
9290 9194 914 8343 6148 1615 8486 6498 9529 945 2071 6593 2921 2259 3468 5876 1078 5716 7799 4123 691 5010 4852 4767 3211 7329 2700 2495 2762 6836 4247 3644 1133 2417 1862 5341 9328 8132 7450 6428 354 4697 2631 1618 50 2085 7633 5582 6511 2230 9302 9209 
False
Error
2700
Error
53
53
2700
2664 9209 9302 2230 6511 5582 7633 2085 50 1618 2631 4697 354 6428 7450 8132 9328 5341 1862 2417 1133 3644 4247 6836 2762 2495 2700 7329 3211 4767 4852 5010 691 4123 7799 5716 1078 5876 3468 2259 2921 6593 2071 945 9529 6498 8486 1615 6148 8343 914 9194 9290 
False
False
False
False
False
Error
False
55
