Error
Error
Error
Error
9728
9728
Error
5
Error
9728
False
Error
9728
Error
Error
8
4741 8223 7645 1184 9302 9728 7277 3291 
4741 8223 7645 1184 9302 9728 7277 3291 
Error
Error
9302
8
4741 8223 7645 1184 9302 9728 7277 3291 8357 2381 
Error
Error
9728
False
Error
Error
1770 6900 2381 8357 3291 7277 9728 9302 1184 7645 8223 4741 
4741 8223 7645 1184 9302 9728 7277 3291 8357 2381 6900 1770 
Error
12
Error
Error
7277
Error
9728
Error
Error
7277
7277
Error
7277
Error
16
17
5456 4741 8223 7645 1184 9302 9728 7277 3291 8357 2381 6900 1770 3704 9069 2360 1614 
False
Error
Error
Error
Error
False
Error
20
Error
Error
21
6568 1614 2360 9069 3704 1770 6900 2381 8357 3291 7277 9728 9302 1184 7645 8223 4741 5456 7362 1781 6480 
Error
6568 1614 2360 9069 3704 1770 6900 2381 8357 3291 7277 9728 9302 1184 7645 8223 4741 5456 7362 1781 6480 
Error
Error
False
7277
7277
Error
7277
Error
Error
7277
Error
Error
Error
7277
7277
False
24
24
False
False
7277
False
9422 6480 1781 7362 5456 4741 8223 7645 1184 9302 9728 7277 3291 8357 2381 6900 1770 3704 9069 2360 1614 6568 7622 3947 
Error
Error
9422 6480 1781 7362 5456 4741 8223 7645 1184 9302 9728 7277 3291 8357 2381 6900 1770 3704 9069 2360 1614 6568 7622 3947 
24
Error
9422 6480 1781 7362 5456 4741 8223 7645 1184 9302 9728 7277 3291 8357 2381 6900 1770 3704 9069 2360 1614 6568 7622 3947 
24
7277
9422 6480 1781 7362 5456 4741 8223 7645 1184 9302 9728 7277 3291 8357 2381 6900 1770 3704 9069 2360 1614 6568 7622 3947 
24
Error
9422 6480 1781 7362 5456 4741 8223 7645 1184 9302 9728 7277 3291 8357 2381 6900 1770 3704 9069 2360 1614 6568 7622 3947 2391 
9422 6480 1781 7362 5456 4741 8223 7645 1184 9302 9728 7277 3291 8357 2381 6900 1770 3704 9069 2360 1614 6568 7622 3947 2391 8497 
26
Error
False
Error
False
28
28
Error
Error
9422 6480 1781 7362 5456 4741 8223 7645 1184 9302 9728 7277 3291 8357 2381 6900 1770 3704 9069 2360 1614 6568 7622 3947 2391 8497 3405 910 8659 
Error
Error
2381
Error
Error
2381
False
Error
Error
False
3291
3291
32
False
Error
Error
Error
8357
Error
8357
Error
Error
False
Error
3114 6249 1466 3158 9422 6480 1781 7362 5456 4741 8223 7645 1184 9302 9728 7277 3291 8357 2381 6900 1770 3704 9069 2360 1614 6568 7622 3947 2391 8497 3405 910 8659 
3291
Error
Error
Error
34
Error
Error
Error
37
Error
3114 6249 1466 3158 9422 6480 1781 7362 5456 4741 8223 7645 1184 9302 9728 7277 3291 8357 2381 6900 1770 3704 9069 2360 1614 6568 7622 3947 2391 8497 3405 910 8659 4746 9561 4163 4783 
2381
38
Error
38
38
Error
Error
Error
38
Error
Error
Error
38
Error
Error
False
2381
8357
Error
8672 7498 3114 6249 1466 3158 9422 6480 1781 7362 5456 4741 8223 7645 1184 9302 9728 7277 3291 8357 2381 6900 1770 3704 9069 2360 1614 6568 7622 3947 2391 8497 3405 910 8659 4746 9561 4163 4783 3833 
8357
Error
False
Error
Error
False
Error
41
False
Error
False
Error
Error
2381
8672 7498 3114 6249 1466 3158 9422 6480 1781 7362 5456 4741 8223 7645 1184 9302 9728 7277 3291 8357 2381 6900 1770 3704 9069 2360 1614 6568 7622 3947 2391 8497 3405 910 8659 4746 9561 4163 4783 3833 8536 
41
2381
42
42
42
42
Error
Error
Error
Error
Error
Error
Error
2733 2896 8536 3833 4783 4163 9561 4746 8659 910 3405 8497 2391 3947 7622 6568 1614 2360 9069 3704 1770 6900 2381 8357 3291 7277 9728 9302 1184 7645 8223 4741 5456 7362 1781 6480 9422 3158 1466 6249 3114 7498 8672 9039 
6900
44
Error
1770
47
Error
Error
6651 339 4734 2733 2896 8536 3833 4783 4163 9561 4746 8659 910 3405 8497 2391 3947 7622 6568 1614 2360 9069 3704 1770 6900 2381 8357 3291 7277 9728 9302 1184 7645 8223 4741 5456 7362 1781 6480 9422 3158 1466 6249 3114 7498 8672 9039 
Error
48
1770
48
6651 339 4734 2733 2896 8536 3833 4783 4163 9561 4746 8659 910 3405 8497 2391 3947 7622 6568 1614 2360 9069 3704 1770 6900 2381 8357 3291 7277 9728 9302 1184 7645 8223 4741 5456 7362 1781 6480 9422 3158 1466 6249 3114 7498 8672 9039 4618 
1770
6651 339 4734 2733 2896 8536 3833 4783 4163 9561 4746 8659 910 3405 8497 2391 3947 7622 6568 1614 2360 9069 3704 1770 6900 2381 8357 3291 7277 9728 9302 1184 7645 8223 4741 5456 7362 1781 6480 9422 3158 1466 6249 3114 7498 8672 9039 4618 
False
6651 339 4734 2733 2896 8536 3833 4783 4163 9561 4746 8659 910 3405 8497 2391 3947 7622 6568 1614 2360 9069 3704 1770 6900 2381 8357 3291 7277 9728 9302 1184 7645 8223 4741 5456 7362 1781 6480 9422 3158 1466 6249 3114 7498 8672 9039 4618 
Error
6651 339 4734 2733 2896 8536 3833 4783 4163 9561 4746 8659 910 3405 8497 2391 3947 7622 6568 1614 2360 9069 3704 1770 6900 2381 8357 3291 7277 9728 9302 1184 7645 8223 4741 5456 7362 1781 6480 9422 3158 1466 6249 3114 7498 8672 9039 4618 
48
Error
Error
Error
1770
False
Error
Error
1770
6900
6900
Error
6900
Error
Error
Error
6651 339 4734 2733 2896 8536 3833 4783 4163 9561 4746 8659 910 3405 8497 2391 3947 7622 6568 1614 2360 9069 3704 1770 6900 2381 8357 3291 7277 9728 9302 1184 7645 8223 4741 5456 7362 1781 6480 9422 3158 1466 6249 3114 7498 8672 9039 4618 7418 2440 
Error
False
2381
Error
2381
Error
6651 339 4734 2733 2896 8536 3833 4783 4163 9561 4746 8659 910 3405 8497 2391 3947 7622 6568 1614 2360 9069 3704 1770 6900 2381 8357 3291 7277 9728 9302 1184 7645 8223 4741 5456 7362 1781 6480 9422 3158 1466 6249 3114 7498 8672 9039 4618 7418 2440 4453 
Error
Error
4659 6667 4453 2440 7418 4618 9039 8672 7498 3114 6249 1466 3158 9422 6480 1781 7362 5456 4741 8601 8223 7645 1184 9302 9728 7277 3291 8357 2381 6900 1770 3704 9069 2360 1614 6568 7622 3947 2391 8497 3405 910 8659 4746 9561 4163 4783 3833 8536 2896 2733 4734 339 6651 
54
False
54
Error
Error
Error
False
55
8357
Error
Error
False
4659 6667 4453 2440 7418 4618 9039 8672 7498 3114 6249 1466 3158 9422 6480 1781 7362 5456 4741 8601 8223 7645 1184 9302 9728 7277 3291 8357 2381 6900 1770 3704 9069 2360 1614 6568 7622 3947 2391 8497 3405 910 8659 4746 9561 4163 4783 3833 8536 2896 2733 4734 339 6651 6410 
Error
Error
Error
False
3953 7136 4632 6410 6651 339 4734 2733 2896 8536 3833 4783 4163 9561 4746 8659 910 3405 8497 2391 3947 7622 6568 1614 2360 9069 3704 1770 6900 2381 8357 3291 7277 9728 9302 1184 7645 8223 8601 4741 5456 7362 1781 6480 9422 3158 1466 6249 3114 7498 8672 9039 4618 7418 2440 4453 6667 4659 
Error
Error
6900
6900
59
60
Error
Error
False
False
3953 7136 4632 6410 6651 339 4734 2733 2896 8536 3833 4783 4163 9561 4746 8659 910 3405 8497 2391 3947 7622 6568 1614 2360 9069 3704 1770 6900 2381 8357 3291 7277 9728 9302 1184 7645 8223 8601 4741 5456 7362 1781 6480 9422 3158 1466 6249 3114 7498 8672 9039 7683 4618 7418 2440 4453 6667 4659 7430 3954 
False
Error
False
Error
61
False
Error
Error
Error
Error
Error
Error
Error
False
65
6900
6900
Error
False
8720 9848 3316 483 3953 7136 4632 6410 6651 339 4734 2733 2896 8536 3833 4783 4163 9561 4746 8659 910 3405 8497 2391 3947 7622 6568 1614 2360 9069 3704 1770 6900 2381 8357 3291 7277 9728 9302 1184 7645 8223 8601 4741 5456 7362 1781 6480 9422 3158 1466 6249 3114 7498 8672 9039 7683 4618 7418 2440 4453 6667 4659 7430 3954 
Error
66
False
False
Error
Error
8720 9848 3316 483 3953 7136 4632 6410 6651 339 4734 2733 2896 8536 3833 4783 4163 9561 4746 8659 910 3405 8497 2391 3947 7622 6568 1614 2360 9069 3704 1770 6900 2381 8357 3291 7277 9728 9302 1184 7645 8223 8601 4741 5456 7362 1781 6480 9422 3158 1466 6249 3114 7498 8672 9039 7683 4618 7418 2440 4453 6667 4659 7430 3954 6695 3672 
68
3672 6695 3954 7430 4659 6667 4453 2440 7418 4618 7683 9039 8672 7498 3114 6249 1466 3158 9422 6480 1781 7362 5456 4741 8601 8223 7645 1184 9302 9728 7277 3291 8357 2381 6900 1770 3704 9069 2360 1614 6568 7622 3947 2391 8497 3405 910 8659 4746 9561 4163 4783 3833 8536 2896 2733 4734 339 6651 6410 4632 7136 3953 483 3316 9848 8720 9114 
3672 6695 3954 7430 4659 6667 4453 2440 7418 4618 7683 9039 8672 7498 3114 6249 1466 3158 9422 6480 1781 7362 5456 4741 8601 8223 7645 1184 9302 9728 7277 3291 8357 2381 6900 1770 3704 9069 2360 1614 6568 7622 3947 2391 8497 3405 910 8659 4746 9561 4163 4783 3833 8536 2896 2733 4734 339 6651 6410 4632 7136 3953 483 3316 9848 8720 9114 
Error
3672 6695 3954 7430 4659 6667 4453 2440 7418 4618 7683 9039 8672 7498 3114 6249 1466 3158 9422 6480 1781 7362 5456 4741 8601 8223 7645 1184 9302 9728 7277 3291 8357 2381 6900 1770 3704 9069 2360 1614 6568 7622 3947 2391 8497 3405 910 8659 4746 9561 4163 4783 3833 8536 2896 2733 4734 339 6651 6410 4632 7136 3953 483 3316 9848 8720 9114 
False
68
Error
Error
6900
69
False
6900
Error
1770
False
Error
72
Error
False
Error
319 8061 6376 3126 9114 8720 9848 3316 483 3953 7136 4632 6410 6651 339 4734 2733 2896 8536 3833 4783 4163 9561 4746 8659 910 3405 8497 2391 3947 7622 6568 1614 2360 9069 3704 1770 6900 2381 8357 3291 7277 9728 9302 1184 7645 8223 8601 4741 5456 7362 1781 6480 9422 3158 1466 6249 3114 7498 8672 9039 7683 4618 7418 2440 4453 6667 4659 7430 3954 6695 3672 
Error
Error
Error
False
3672 6695 3954 7430 4659 6667 4453 2440 7418 4618 7683 9039 8672 7498 3114 6249 1466 3158 9422 6480 1781 7362 5456 4741 8601 8223 7645 1184 9302 9728 7277 3291 8357 2381 6900 1770 3704 9069 2360 1614 6568 7622 3947 2391 8497 3405 910 8659 4746 9561 4163 4783 3833 8536 2896 2733 4734 339 6651 6410 4632 7136 3953 483 3316 9848 8720 9114 3126 6376 8061 319 
3672 6695 3954 7430 4659 6667 4453 2440 7418 4618 7683 9039 8672 7498 3114 6249 1466 3158 9422 6480 1781 7362 5456 4741 8601 8223 7645 1184 9302 9728 7277 3291 8357 2381 6900 1770 3704 9069 2360 1614 6568 7622 3947 2391 8497 3405 910 8659 4746 9561 4163 4783 3833 8536 2896 2733 4734 339 6651 6410 4632 7136 3953 483 3316 9848 8720 9114 3126 6376 8061 319 
72
72
319 8061 6376 3126 9114 8720 9848 3316 483 3953 7136 4632 6410 6651 339 4734 2733 2896 8536 3833 4783 4163 9561 4746 8659 910 3405 8497 2391 3947 7622 6568 1614 2360 9069 3704 1770 6900 2381 8357 3291 7277 9728 9302 1184 7645 8223 8601 4741 5456 7362 1781 6480 9422 3158 1466 6249 3114 7498 8672 9039 7683 4618 7418 2440 4453 6667 4659 7430 3954 6695 3672 2585 
Error
319 8061 6376 3126 9114 8720 9848 3316 483 3953 7136 4632 6410 6651 339 4734 2733 2896 8536 3833 4783 4163 9561 4746 8659 910 3405 8497 2391 3947 7622 6568 1614 2360 9069 3704 1770 6900 2381 8357 3291 7277 9728 9302 1184 7645 8223 8601 4741 5456 7362 1781 6480 9422 3158 1466 6249 3114 7498 8672 9039 7683 4618 7418 2440 4453 6667 4659 7430 3954 6695 3672 2585 
Error
1770
Error
Error
Error
False
Error
False
8006 8805 8628 2585 3672 6695 3954 7430 4659 6667 4453 2440 7418 4618 7683 9039 8672 7498 3114 6249 1466 3158 9422 6480 1781 7362 5456 4741 8601 8223 7645 1184 9302 9728 7277 3291 8357 2381 6900 1770 3704 9069 2360 1614 6568 7622 3947 2391 8497 3405 910 8659 4746 9561 4163 4783 3833 8536 2896 2733 4734 339 6651 6410 4632 7136 3953 483 3316 9848 8720 9114 3126 6376 8061 319 
False
77
77
6900
3463 319 8061 6376 3126 9114 8720 9848 3316 483 3953 7136 4632 6410 6651 339 4734 2733 2896 8536 3833 4783 4163 9561 4746 8659 910 3405 8497 2391 3947 7622 6568 1614 2360 9069 3704 1770 6900 2381 8357 3291 7277 9728 9302 1184 7645 8223 8601 4741 5456 7362 1781 6480 9422 3158 1466 6249 3114 7498 8672 9039 7683 4618 7418 2440 4453 6667 4659 7430 3954 6695 3672 2585 8628 8805 8006 
Error
3463 319 8061 6376 3126 9114 8720 9848 3316 483 3953 7136 4632 6410 6651 339 4734 2733 2896 8536 3833 4783 4163 9561 4746 8659 910 3405 8497 2391 3947 7622 6568 1614 2360 9069 3704 1770 6900 2381 8357 3291 7277 9728 9302 1184 7645 8223 8601 4741 5456 7362 1781 6480 9422 3158 1466 6249 3114 7498 8672 9039 7683 4618 7418 2440 4453 6667 4659 7430 3954 6695 3672 2585 8628 8805 8006 
Error
Error
Error
3463 319 8061 6376 3126 9114 8720 9848 3316 483 3953 7136 4632 6410 6651 339 4734 2733 2896 8536 3833 4783 4163 9561 4746 8659 910 3405 8497 2391 3947 7622 6568 1614 2360 9069 3704 1770 6900 2381 8357 3291 7277 9728 9302 1184 7645 8223 8601 4741 5456 7362 1781 6480 9422 3158 1466 6249 3114 7498 8672 9039 7683 4618 7418 2440 4453 6667 4659 7430 3954 6695 3672 2585 8628 8805 8006 
Error
6900
6900
6900
8006 8805 8628 2585 3672 6695 3954 7430 4659 6667 4453 2440 7418 4618 7683 9039 8672 7498 3114 6249 1466 3158 9422 6480 1781 7362 5456 4741 8601 8223 7645 1184 9302 9728 7277 3291 8357 2381 6900 1770 3704 9069 2360 1614 6568 7622 3947 2391 8497 3405 910 8659 4746 9561 4163 4783 3833 8536 2896 2733 4734 339 6651 6410 4632 7136 3953 483 3316 9848 8720 9114 3126 6376 8061 319 3463 8762 
6900
8006 8805 8628 2585 3672 6695 3954 7430 4659 6667 4453 2440 7418 4618 7683 9039 8672 7498 3114 6249 1466 3158 9422 6480 1781 7362 5456 4741 8601 8223 7645 1184 9302 9728 7277 3291 8357 2381 6900 1770 3704 9069 2360 1614 6568 7622 3947 2391 8497 3405 910 8659 4746 9561 4163 4783 3833 8536 2896 2733 4734 339 6651 6410 4632 7136 3953 483 3316 9848 8720 9114 3126 6376 8061 319 3463 8762 
Error
Error
Error
Error
False
False
Error
Error
False
1770
Error
Error
False
Error
Error
8762 3463 319 8061 6376 3126 9114 8720 9848 3316 483 3953 7136 4632 6410 6651 339 4734 2733 2896 8536 3833 4783 4163 9561 4746 8659 910 3405 8497 2391 3947 7622 6568 1614 2360 9069 3704 1770 6900 2381 8357 3291 7277 9728 9302 1184 7645 8223 8601 4741 5456 7362 1781 6480 9422 3158 1466 6249 3114 7498 8672 9039 7683 4618 7418 2440 4453 6667 4659 7430 3954 6695 3672 2585 8628 8805 8006 
78
6900
6900
Error
Error
Error
False
Error
False
False
1770
Error
Error
Error
1770
Error
Error
1770
3704
Error
Error
Error
Error
81
3704
Error
Error
Error
Error
Error
Error
False
Error
Error
3162 1822 2555 8762 3463 319 8061 6376 3126 9114 8720 9848 3316 483 3953 7136 4632 6410 6651 339 4734 2733 2896 8536 3833 4783 4163 9561 4746 8659 910 3405 8497 2391 3947 7622 6568 1614 2360 9069 3704 1770 6900 2381 8357 3291 7277 9728 9302 1184 7645 8223 8601 4741 5456 7362 1781 6480 9422 3158 1466 6249 3114 7498 8672 9039 7683 4618 7418 2440 4453 6667 4659 7430 3954 6695 3672 2585 8628 8805 8006 9068 4792 4579 1636 
Error
Error
Error
Error
85
1636 4579 4792 9068 8006 8805 8628 2585 3672 6695 3954 7430 4659 6667 4453 2440 7418 4618 7683 9039 8672 7498 3114 6249 1466 3158 9422 6480 1781 7362 5456 4741 8601 8223 7645 1184 9302 9728 7277 3291 8357 2381 6900 1770 3704 9069 2360 1614 6568 7622 3947 2391 8497 3405 910 8659 4746 9561 4163 4783 3833 8536 2896 2733 4734 339 6651 6410 4632 7136 3953 483 3316 9848 8720 9114 3126 6376 8061 319 3463 8762 2555 1822 3162 
Error
1636 4579 4792 9068 8006 8805 8628 2585 3672 6695 3954 7430 4659 6667 4453 2440 7418 4618 7683 9039 8672 7498 3114 6249 1466 3158 9422 6480 1781 7362 5456 4741 8601 8223 7645 1184 9302 9728 7277 3291 8357 2381 6900 1770 3704 9069 2360 1614 6568 7622 3947 2391 8497 3405 910 8659 4746 9561 4163 4783 3833 8536 2896 2733 4734 339 6651 6410 4632 7136 3953 483 3316 9848 8720 9114 3126 6376 8061 319 3463 8762 2555 1822 3162 8080 
86
1636 4579 4792 9068 8006 8805 8628 2585 3672 6695 3954 7430 4659 6667 4453 2440 7418 4618 7683 9039 8672 7498 3114 6249 1466 3158 9422 6480 1781 7362 5456 4741 8601 8223 7645 1184 9302 9728 7277 3291 8357 2381 6900 1770 3704 9069 2360 1614 6568 7622 3947 2391 8497 3405 910 8659 4746 9561 4163 4783 3833 8536 2896 2733 4734 339 6651 6410 4632 7136 3953 483 3316 9848 8720 9114 3126 6376 8061 319 3463 8762 2555 1822 3162 8080 
6900
1636 4579 4792 9068 8006 8805 8628 2585 3672 6695 3954 7430 4659 6667 4453 2440 7418 4618 7683 9039 8672 7498 3114 6249 1466 3158 9422 6480 1781 7362 5456 4741 8601 8223 7645 1184 9302 9728 7277 3291 8357 2381 6900 1770 3704 9069 2360 1614 6568 7622 3947 2391 8497 3405 910 8659 4746 9561 4163 4783 3833 8536 2896 2733 4734 339 6651 6410 4632 7136 3953 483 3316 9848 8720 9114 3126 6376 8061 319 3463 8762 2555 1822 3162 8080 
Error
1636 4579 4792 9068 8006 8805 8628 2585 3672 6695 3954 7430 4659 6667 4453 2440 7418 4618 7683 9039 8672 7498 3114 6249 1466 3158 9422 6480 1781 7362 5456 4741 8601 8223 7645 1184 9302 9728 7277 3291 8357 2381 6900 1770 3704 9069 2360 1614 6568 7622 3947 2391 8497 3405 910 8659 4746 9561 4163 4783 3833 8536 2896 2733 4734 339 6651 6410 4632 7136 3953 483 3316 9848 8720 9114 3126 6376 8061 319 3463 8762 2555 1822 3162 8080 
Error
6900
1636 4579 4792 9068 8006 8805 8628 2585 3672 6695 3954 7430 4659 6667 4453 2440 7418 4618 7683 9039 8672 7498 3114 6249 1466 3158 9422 6480 1781 7362 5456 4741 8601 8223 7645 1184 9302 9728 7277 3291 8357 2381 6900 1770 3704 9069 2360 1614 6568 7622 3947 2391 8497 3405 910 8659 4746 9561 4163 4783 3833 8536 2896 2733 4734 339 6651 6410 4632 7136 3953 483 3316 9848 8720 9114 3126 6376 8061 319 3463 8762 2555 1822 3162 8080 
1636 4579 4792 9068 8006 8805 8628 2585 3672 6695 3954 7430 4659 6667 4453 2440 7418 4618 7683 9039 8672 7498 3114 6249 1466 3158 9422 6480 1781 7362 5456 4741 8601 8223 7645 1184 9302 9728 7277 3291 8357 2381 6900 1770 3704 9069 2360 1614 6568 7622 3947 2391 8497 3405 910 8659 4746 9561 4163 4783 3833 8536 2896 2733 4734 339 6651 6410 4632 7136 3953 483 3316 9848 8720 9114 3126 6376 8061 319 3463 8762 2555 1822 3162 8080 
Error
Error
Error
Error
Error
False
Error
Error
Error
False
7681 2475 2318 1636 4579 4792 9068 8006 8805 8628 2585 3672 6695 3954 7430 4659 6667 4453 2440 7418 4618 7683 9039 8672 7498 3114 6249 1466 3158 9422 6480 1781 7362 5456 4741 8601 8223 7645 1184 9302 9728 7277 3291 8357 2381 6900 1770 3704 9069 2360 1614 6568 7622 3947 2391 8497 3405 910 8659 4746 9561 4163 4783 3833 8536 2896 2733 4734 339 6651 6410 4632 7136 3953 483 3316 9848 8720 9114 3126 6376 8061 319 3463 8762 2555 1822 3162 8080 
Error
2381
Error
Error
Error
False
91
Error
False
91
Error
3139 7681 2475 2318 1636 4579 4792 9068 8006 8805 8628 2585 3672 6695 3954 7430 4659 6667 4453 2440 7418 4618 7683 9039 8672 7498 3114 6249 1466 3158 9422 6480 1781 7362 5456 4741 8601 8223 7645 1184 9302 9728 7277 3291 8357 2381 6900 1770 3704 9069 2360 1614 6568 7622 3947 2391 8497 3405 910 8659 4746 9561 4163 4783 3833 8536 2896 2733 4734 339 6651 6410 4632 7136 3953 483 3316 9848 8720 9114 3126 6376 8061 319 3463 8762 2555 1822 3162 8080 7414 
Error
Error
93
Error
6900
3139 7681 2475 2318 1636 4579 4792 9068 8006 8805 8628 2585 3672 6695 3954 7430 4659 6667 4453 2440 7418 4618 7683 9039 8672 7498 3114 6249 1466 3158 9422 6480 1781 7362 5456 4741 8601 8223 7645 1184 9302 9728 7277 3291 8357 2381 6900 1770 3704 9069 2360 1614 6568 7622 3947 2391 8497 3405 910 8659 4746 9561 4163 4783 3833 8536 2896 2733 4734 339 6651 6410 4632 7136 3953 483 3316 9848 8720 9114 3126 6376 8061 319 3463 8762 2555 1822 3162 8080 7414 8623 6878 
93
Error
Error
Error
96
97
Error
False
3704
Error
False
3704
Error
Error
Error
3704
Error
3704
Error
784 6635 9839 8618 6878 8623 7414 8080 3162 1822 2555 8762 3463 319 8061 6376 3126 9114 8720 9848 3316 483 3953 7136 4632 6410 6651 339 4734 2733 2896 8536 3833 4783 4163 9561 4746 8659 910 3405 8497 2391 3947 7622 6568 1614 2360 9069 3704 1770 6900 2381 8357 3291 7277 9728 9302 1184 7645 8223 8601 4741 5456 7362 1781 6480 9422 3158 1466 6249 3114 7498 8672 9039 7683 4618 7418 2440 4453 6667 4659 7430 3954 6695 3672 2585 8628 8805 8006 9068 4792 4579 1636 2318 2475 7681 3139 7973 5404 
Error
False
Error
Error
102
Error
Error
6900
105
105
6900
2966 4074 354 2960 5404 7973 3139 7681 2475 2318 1636 4579 4792 9068 8006 8805 8628 2585 3672 6695 3954 7430 4659 6667 4453 2440 7418 4618 7683 9039 8672 7498 3114 6249 1466 3158 9422 6480 1781 7362 5456 4741 8601 8223 7645 1184 9302 9728 7277 3291 8357 2381 6900 1770 3704 9069 2360 1614 6568 7622 3947 2391 8497 3405 910 8659 4746 9561 4163 4783 3833 8536 2896 2733 4734 339 6651 6410 4632 7136 3953 483 3316 9848 8720 9114 3126 6376 8061 319 3463 8762 2555 1822 3162 8080 7414 8623 6878 8618 9839 6635 784 7449 9524 
6900
Error
False
106
2966 4074 354 2960 5404 7973 3139 7681 2475 2318 1636 4579 4792 9068 8006 8805 8628 2585 3672 6695 3954 7430 4659 6667 4453 2440 7418 4618 7683 9039 8672 7498 3114 6249 1466 3158 9422 6480 1781 7362 5456 4741 8601 8223 7645 1184 9302 9728 7277 3291 8357 2381 6900 1770 3704 9069 2360 1614 6568 7622 3947 2391 8497 3405 910 8659 4746 9561 4163 4783 3833 8536 2896 2733 4734 339 6651 6410 4632 7136 3953 483 3316 9848 8720 9114 3126 6376 8061 319 3463 8762 2555 1822 3162 8080 7414 8623 6878 8618 9839 6635 784 7449 9524 1781 
6900
106
Error
6900
106
107
107
False
Error
Error
110
Error
Error
Error
Error
Error
False
Error
False
Error
Error
9069
Error
Error
False
111
Error
9069
False
Error
111
6354 4408 5236 5097 4307 1781 9524 7449 784 6635 9839 8618 6878 8623 7414 8080 3162 1822 2555 8762 3463 319 8061 6376 3126 9114 8720 9848 3316 483 3953 7136 4632 6410 6651 339 4734 2733 2896 8536 3833 4783 4163 9561 4746 8659 910 3405 8497 2391 3947 7622 6568 1614 2360 9069 3704 1770 6900 2381 8357 3291 7277 9728 9302 1184 7645 8223 8601 4741 5456 7362 1781 6480 9422 3158 1466 6249 3114 7498 8672 9039 7683 4618 7418 2440 4453 6667 4659 7430 3954 6695 3672 2585 8628 8805 8006 9068 4792 4579 1636 2318 2475 7681 3139 7973 5404 2960 354 4074 2966 1938 3185 
3704
Error
Error
698 3185 1938 2966 4074 354 2960 5404 7973 3139 7681 2475 2318 1636 4579 4792 9068 8006 8805 8628 2585 3672 6695 3954 7430 4659 6667 4453 2440 7418 4618 7683 9039 8672 7498 3114 6249 1466 3158 9422 6480 1781 7362 5456 4741 8601 8223 7645 1184 9302 9728 7277 3291 8357 2381 6900 1770 3704 9069 2360 1614 6568 7622 3947 2391 8497 3405 910 8659 4746 9561 4163 4783 3833 8536 2896 2733 4734 339 6651 6410 4632 7136 3953 483 3316 9848 8720 9114 3126 6376 8061 319 3463 8762 2555 1822 3162 8080 7414 8623 6878 8618 9839 6635 784 7449 9524 1781 4307 5097 5236 4408 6354 
Error
Error
Error
Error
Error
115
Error
3704
116
3704
3704
False
698 3185 1938 2966 4074 354 2960 5404 7973 3139 7681 2475 2318 1636 4579 4792 9068 8006 8805 8628 2585 3672 6695 3954 7430 4659 6667 4453 2440 7418 4618 7683 9039 8672 7498 3114 6249 1466 3158 9422 6480 1781 7362 5456 4741 8601 8223 7645 1184 9302 9728 7277 3291 8357 2381 6900 1770 3704 9069 2360 1614 6568 7622 3947 2391 8497 3405 910 8659 4746 9561 4163 4783 3833 8536 2896 2733 4734 339 6651 6410 4632 7136 3953 483 3316 9848 8720 9114 3126 6376 8061 319 3463 8762 2555 1822 3162 8080 7414 8623 6878 8618 9839 6635 784 7449 9524 1781 4307 5097 5236 4408 6354 424 6269 
698 3185 1938 2966 4074 354 2960 5404 7973 3139 7681 2475 2318 1636 4579 4792 9068 8006 8805 8628 2585 3672 6695 3954 7430 4659 6667 4453 2440 7418 4618 7683 9039 8672 7498 3114 6249 1466 3158 9422 6480 1781 7362 5456 4741 8601 8223 7645 1184 9302 9728 7277 3291 8357 2381 6900 1770 3704 9069 2360 1614 6568 7622 3947 2391 8497 3405 910 8659 4746 9561 4163 4783 3833 8536 2896 2733 4734 339 6651 6410 4632 7136 3953 483 3316 9848 8720 9114 3126 6376 8061 319 3463 8762 2555 1822 3162 8080 7414 8623 6878 8618 9839 6635 784 7449 9524 1781 4307 5097 5236 4408 6354 424 6269 
698 3185 1938 2966 4074 354 2960 5404 7973 3139 7681 2475 2318 1636 4579 4792 9068 8006 8805 8628 2585 3672 6695 3954 7430 4659 6667 4453 2440 7418 4618 7683 9039 8672 7498 3114 6249 1466 3158 9422 6480 1781 7362 5456 4741 8601 8223 7645 1184 9302 9728 7277 3291 8357 2381 6900 1770 3704 9069 2360 1614 6568 7622 3947 2391 8497 3405 910 8659 4746 9561 4163 4783 3833 8536 2896 2733 4734 339 6651 6410 4632 7136 3953 483 3316 9848 8720 9114 3126 6376 8061 319 3463 8762 2555 1822 3162 8080 7414 8623 6878 8618 9839 6635 784 7449 9524 1781 4307 5097 5236 4408 6354 424 6269 
Error
698 3185 1938 2966 4074 354 2960 5404 7973 3139 7681 2475 2318 1636 4579 4792 9068 8006 8805 8628 2585 3672 6695 3954 7430 4659 6667 4453 2440 7418 4618 7683 9039 8672 7498 3114 6249 1466 3158 9422 6480 1781 7362 5456 4741 8601 8223 7645 1184 9302 9728 7277 3291 8357 2381 6900 1770 3704 9069 2360 1614 6568 7622 3947 2391 8497 3405 910 8659 4746 9561 4163 4783 3833 8536 2896 2733 4734 339 6651 6410 4632 7136 3953 483 3316 9848 8720 9114 3126 6376 8061 319 3463 8762 2555 1822 3162 8080 7414 8623 6878 8618 9839 6635 784 7449 9524 1781 4307 5097 5236 4408 6354 424 6269 
False
Error
9069
7650 6269 424 6354 4408 5236 5097 4307 1781 9524 7449 784 6635 9839 8618 6878 8623 7414 8080 3162 1822 2555 8762 3463 319 8061 6376 3126 9114 8720 9848 3316 483 3953 7136 4632 6410 6651 339 4734 2733 2896 8536 3833 4783 4163 9561 4746 8659 910 3405 8497 2391 3947 7622 6568 1614 2360 9069 3704 1770 6900 2381 8357 3291 7277 9728 9302 1184 7645 8223 8601 4741 5456 7362 1781 6480 9422 3158 1466 6249 3114 7498 8672 9039 7683 4618 7418 2440 4453 6667 4659 7430 3954 6695 3672 2585 8628 8805 8006 9068 4792 4579 1636 2318 2475 7681 3139 7973 5404 2960 354 4074 2966 1938 3185 698 
9069
Error
7650 6269 424 6354 4408 5236 5097 4307 1781 9524 7449 784 6635 9839 8618 6878 8623 7414 8080 3162 1822 2555 8762 3463 319 8061 6376 3126 9114 8720 9848 3316 483 3953 7136 4632 6410 6651 339 4734 2733 2896 8536 3833 4783 4163 9561 4746 8659 910 3405 8497 2391 3947 7622 6568 1614 2360 9069 3704 1770 6900 2381 8357 3291 7277 9728 9302 1184 7645 8223 8601 4741 5456 7362 1781 6480 9422 3158 1466 6249 3114 7498 8672 9039 7683 4618 7418 2440 4453 6667 4659 7430 3954 6695 3672 2585 8628 8805 8006 9068 4792 4579 1636 2318 2475 7681 3139 7973 5404 2960 354 4074 2966 1938 3185 698 
119
3704
7650 6269 424 6354 4408 5236 5097 4307 1781 9524 7449 784 6635 9839 8618 6878 8623 7414 8080 3162 1822 2555 8762 3463 319 8061 6376 3126 9114 8720 9848 3316 483 3953 7136 4632 6410 6651 339 4734 2733 2896 8536 3833 4783 4163 9561 4746 8659 910 3405 8497 2391 3947 7622 6568 1614 2360 9069 3704 1770 6900 2381 8357 3291 7277 9728 9302 1184 7645 8223 8601 4741 5456 7362 1781 6480 9422 3158 1466 6249 3114 7498 8672 9039 7683 4618 7418 2440 4453 6667 4659 7430 3954 6695 3672 2585 8628 8805 8006 9068 4792 4579 1636 2318 2475 7681 3139 7973 5404 2960 354 4074 2966 1938 3185 698 9930 8761 7449 
Error
Error
120
3704
Error
7650 6269 424 6354 4408 5236 5097 4307 1781 9524 7449 784 6635 9839 8618 6878 8623 7414 8080 3162 1822 2555 8762 3463 319 8061 6376 3126 9114 8720 9848 3316 483 3953 7136 4632 6410 6651 339 4734 2733 2896 8536 3833 4783 4163 9561 4746 8659 910 3405 8497 2391 3947 7622 6568 1614 2360 9069 3704 1770 6900 2381 8357 3291 7277 9728 9302 1184 7645 8223 8601 4741 5456 7362 1781 6480 9422 3158 1466 6249 3114 7498 8672 9039 7683 4618 7418 2440 4453 6667 4659 7430 3954 6695 3672 2585 8628 8805 8006 9068 4792 4579 1636 2318 2475 7681 3139 7973 5404 2960 354 4074 2966 1938 3185 698 9930 8761 7449 
Error
121
121
121
False
Error
Error
False
124
Error
125
Error
4982 4095 6105 3308 7449 8761 9930 698 3185 1938 2966 4074 354 2960 5404 7973 3139 7681 2475 2318 1636 4579 4792 9068 8006 8805 8628 2585 3672 6695 3954 7430 4659 6667 4453 2440 7418 4618 7683 9039 8672 7498 3114 6249 1466 3158 9422 6480 1781 7362 5456 4741 8601 8223 7645 1184 9302 9728 7277 3291 8357 2381 6900 1770 3704 9069 2360 1614 6568 7622 3947 2391 8497 3405 910 8659 4746 9561 4163 4783 3833 8536 2896 2733 4734 339 6651 6410 4632 7136 3953 483 3316 9848 8720 9114 3126 6376 8061 319 3463 8762 2555 1822 3162 8080 7414 8623 6878 8618 9839 6635 784 7449 9524 1781 4307 5097 5236 4408 6354 424 6269 7650 7189 625 
6900
1479 625 7189 7650 6269 424 6354 4408 5236 5097 4307 1781 9524 7449 784 6635 9839 8618 6878 8623 7414 8080 3162 1822 2555 8762 3463 319 8061 6376 3126 9114 8720 9848 3316 483 3953 7136 4632 6410 6651 339 4734 2733 2896 8536 3833 4783 4163 9561 4746 8659 910 3405 8497 2391 3947 7622 6568 1614 2360 9069 3704 1770 6900 2381 8357 3291 7277 9728 9302 1184 7645 8223 8601 4741 5456 7362 1781 6480 9422 3158 1466 6249 3114 7498 8672 9039 7683 4618 7418 2440 4453 6667 4659 7430 3954 6695 3672 2585 8628 8805 8006 9068 4792 4579 1636 2318 2475 7681 3139 7973 5404 2960 354 4074 2966 1938 3185 698 9930 8761 7449 3308 6105 4095 4982 
127
Error
Error
Error
1770
1770
False
Error
128
False
3704
Error
1770
False
False
False
Error
Error
Error
1770
Error
6900
6900
Error
Error
133
7024 1479 625 7189 7650 6269 424 6354 4408 5236 5097 4307 1781 9524 7449 784 6635 9839 8618 6878 8623 7414 8080 3162 1822 2555 8762 3463 319 8061 6376 3126 9114 8720 9848 3316 483 3953 7136 4632 6410 6651 339 4734 2733 2896 8536 3833 4783 4163 9561 4746 8659 910 3405 8497 2391 3947 7622 6568 1614 2360 9069 3704 1770 6900 2381 8357 3291 7277 9728 9302 1184 7645 8223 8601 4741 5456 7362 1781 6480 9422 3158 1466 6249 3114 7498 8672 9039 7683 4618 7418 2440 4453 6667 4659 7430 3954 6695 3672 2585 8628 8805 8006 9068 4792 4579 1636 2318 2475 7681 3139 7973 5404 2960 354 4074 2966 1938 3185 698 9930 8761 7449 3308 6105 4095 4982 1820 9270 8614 2016 2536 3902 
2381
False
False
Error
6900
Error
Error
1858 4777 7486 7024 1479 625 7189 7650 6269 424 6354 4408 5236 5097 4307 1781 9524 7449 784 6635 9839 8618 6878 8623 7414 8080 3162 1822 2555 8762 3463 319 8061 6376 3126 9114 8720 9848 3316 483 3953 7136 4632 6410 6651 339 4734 2733 2896 8536 3833 4783 4163 9561 4746 8659 910 3405 8497 2391 3947 7622 6568 1614 2360 9069 3704 1770 6900 2381 8357 3291 7277 9728 9302 1184 7645 8223 8601 4741 5456 7362 1781 6480 9422 3158 1466 6249 3114 7498 8672 9039 7683 4618 7418 2440 4453 6667 4659 7430 3954 6695 3672 2585 8628 8805 8006 9068 4792 4579 1636 2318 2475 7681 3139 7973 5404 2960 354 4074 2966 1938 3185 698 9930 8761 7449 3308 6105 4095 4982 1820 9270 8614 2016 2536 3902 
Error
1858 4777 7486 7024 1479 625 7189 7650 6269 424 6354 4408 5236 5097 4307 1781 9524 7449 784 6635 9839 8618 6878 8623 7414 8080 3162 1822 2555 8762 3463 319 8061 6376 3126 9114 8720 9848 3316 483 3953 7136 4632 6410 6651 339 4734 2733 2896 8536 3833 4783 4163 9561 4746 8659 910 3405 8497 2391 3947 7622 6568 1614 2360 9069 3704 1770 6900 2381 8357 3291 7277 9728 9302 1184 7645 8223 8601 4741 5456 7362 1781 6480 9422 3158 1466 6249 3114 7498 8672 9039 7683 4618 7418 2440 4453 6667 4659 7430 3954 6695 3672 2585 8628 8805 8006 9068 4792 4579 1636 2318 2475 7681 3139 7973 5404 2960 354 4074 2966 1938 3185 698 9930 8761 7449 3308 6105 4095 4982 1820 9270 8614 2016 2536 3902 6638 
Error
Error
6900
6900
139
Error
139
139
Error
Error
Error
2381
Error
5992 6638 3902 2536 2016 8614 9270 1820 4982 4095 6105 3308 7449 8761 9930 698 3185 1938 2966 4074 354 2960 5404 7973 3139 7681 2475 2318 1636 4579 4792 9068 8006 8805 8628 2585 3672 6695 3954 7430 4659 6667 4453 2440 7418 4618 7683 9039 8672 7498 3114 6249 1466 3158 9422 6480 1781 7362 5456 4741 8601 8223 7645 1184 9302 9728 7277 3291 8357 2381 6900 1770 3704 9069 2360 1614 6568 7622 3947 2391 8497 3405 910 8659 4746 9561 4163 4783 3833 8536 2896 2733 4734 339 6651 6410 4632 7136 3953 483 3316 9848 8720 9114 3126 6376 8061 319 3463 8762 2555 1822 3162 8080 7414 8623 6878 8618 9839 6635 784 7449 9524 1781 4307 5097 5236 4408 6354 424 6269 7650 7189 625 1479 7024 7486 4777 1858 
False
Error
1858 4777 7486 7024 1479 625 7189 7650 6269 424 6354 4408 5236 5097 4307 1781 9524 7449 784 6635 9839 8618 6878 8623 7414 8080 3162 1822 2555 8762 3463 319 8061 6376 3126 9114 8720 9848 3316 483 3953 7136 4632 6410 6651 339 4734 2733 2896 8536 3833 4783 4163 9561 4746 8659 910 3405 8497 2391 3947 7622 6568 1614 2360 9069 3704 1770 6900 2381 8357 3291 7277 9728 9302 1184 7645 8223 8601 4741 5456 7362 1781 6480 9422 3158 1466 6249 3114 7498 8672 9039 7683 4618 7418 2440 4453 6667 4659 7430 3954 6695 3672 2585 8628 8805 8006 9068 4792 4579 1636 2318 2475 7681 3139 7973 5404 2960 354 4074 2966 1938 3185 698 9930 8761 7449 3308 6105 4095 4982 1820 9270 8614 2016 2536 3902 6638 5992 9730 5704 4443 7849 7320 
Error
Error
Error
1858 4777 7486 7024 625 7189 7650 6269 424 6354 4408 5236 5097 4307 1781 9524 7449 784 6635 9839 8618 6878 8623 7414 8080 3162 1822 2555 8762 3463 319 8061 6376 3126 9114 8720 9848 3316 483 3953 7136 4632 6410 6651 339 4734 2733 2896 8536 3833 4783 4163 9561 4746 8659 910 3405 8497 2391 3947 7622 6568 1614 2360 9069 3704 1770 6900 2381 8357 3291 7277 9728 9302 1184 7645 8223 8601 4741 5456 7362 1781 6480 9422 3158 1466 6249 3114 7498 8672 9039 7683 4618 7418 2440 4453 6667 4659 7430 3954 6695 3672 2585 8628 8805 8006 9068 4792 4579 1636 2318 2475 7681 3139 7973 5404 2960 354 4074 2966 1938 3185 698 9930 8761 7449 3308 6105 4095 4982 1820 9270 8614 2016 2536 3902 6638 5992 9730 5704 4443 7849 7320 
143
Error
145
False
Error
145
