Empty
0
Error


0
Error
4789 3633 
4789
Error
Error
4789
Error
Error
3633
Error
Error
False
Error
Error
False
5307
5
5
Error
5
5307
4789 3633 5307 494 1786 
False
4789 3633 5307 494 1786 
1786 494 5307 3633 4789 
Error
Error
4789 3633 5307 494 1786 3328 2323 
Error
494
494
Error
Error
Error
Error
Error
Error
Error
False
900 4789 3633 5307 494 1786 3328 2323 1290 539 
11
8186 900 4789 3633 5307 494 1786 3328 2323 1290 539 
11
8186 900 4789 3633 5307 494 1786 3328 2323 1290 539 
494
Error
11
11
Error
11
Error
11
8186 900 4789 3633 5307 494 1786 3328 2323 1290 539 
8186 900 4789 3633 5307 494 1786 3328 2323 1290 539 
Error
11
11
11
8186 900 4789 3633 5307 494 1786 3328 2323 1290 539 
Error
False
Error
494
Error
Error
Error
12
494
Error
539 1290 2323 3328 1786 494 5307 3633 4789 900 8186 6511 
Error
13
Error
Error
15
15
False
False
Error
False
17
Error
3633
Error
False
2179 7201 3696 7305 6511 8186 900 4789 3633 5307 494 1786 3328 2323 1290 539 5497 5199 
18
Error
2179 7201 3696 7305 6511 8186 900 4789 3633 5307 494 1786 3328 2323 1290 539 5497 5199 
18
18
Error
18
Error
2179 7201 3696 7305 6511 8186 900 4789 3633 5307 494 1786 3328 2323 1290 539 5497 5199 
3633
2179 7201 3696 7305 6511 8186 900 4789 3633 5307 494 1786 3328 2323 1290 539 5497 5199 
2179 7201 3696 7305 6511 8186 900 4789 3633 5307 494 1786 3328 2323 1290 539 5497 5199 
Error
Error
Error
False
Error
Error
Error
Error
False
Error
Error
Error
Error
5199 5497 539 1290 2323 3328 1786 494 5307 3633 4789 900 8186 6511 7305 3696 7201 2179 3492 
Error
Error
19
19
19
20
21
Error
5307
3492 2179 7201 3696 7305 6511 8186 900 4789 3633 5307 494 1786 3328 2323 1290 539 5497 5199 1043 8389 
21
Error
False
3492 2179 7201 3696 7305 6511 8186 900 4789 3633 5307 494 1786 3328 2323 1290 539 5497 5199 1043 8389 
